1 0 17968389 5686379 642124693 5686379 660093082
2 0 16676747 5686379 643527111 5686379 660203858
3 0 16336160 5686379 643980899 5686379 660317059
4 0 16039518 5686379 644373040 5686379 660412558
5 0 15766578 5686379 644767977 5686379 660534555
6 0 15508434 5686379 645152137 5686379 660660571
7 0 15220811 5686379 645535518 5686379 660756329
8 0 14954315 5686379 645913123 5686379 660867438
1 0 17063703 5686386 431604814 5686386 448668517
2 0 15841188 5686386 432933197 5686386 448774385
3 0 15506120 5686386 433381689 5686386 448887809
4 0 15212181 5686386 433770552 5686386 448982733
5 0 14941704 5686386 434165286 5686386 449106990
6 0 14670191 5686386 434550241 5686386 449220432
7 0 14382529 5686386 434932068 5686386 449314597
8 0 14110090 5686386 435312246 5686386 449422336
1 0 18222422 5686393 230232020 5686393 248454442
2 0 16950963 5686393 231610754 5686393 248561717
3 0 16602822 5686393 232073967 5686393 248676789
4 0 16300217 5686393 232472293 5686393 248772510
5 0 16027814 5686393 232867508 5686393 248895322
6 0 15752300 5686393 233252409 5686393 249004709
7 0 15467362 5686393 233633179 5686393 249100541
8 0 15197793 5686393 234011672 5686393 249209465
1 0 13811559 5686400 56698000 5686400 70509559
2 0 12838521 5686400 57753184 5686400 70591705
3 0 12576452 5686400 58102363 5686400 70678815
4 0 12349308 5686400 58402709 5686400 70752017
5 0 12142571 5686400 58702315 5686400 70844886
6 0 11937483 5686400 58990698 5686400 70928181
7 0 11724486 5686400 59276267 5686400 71000753
8 0 11522249 5686400 59562058 5686400 71084307
1 0 17216589 5686406 857598948 5686406 874815537
2 0 15977259 5686406 858942257 5686406 874919516
3 0 15630895 5686406 859405193 5686406 875036088
4 0 15325142 5686406 859806019 5686406 875131161
5 0 14901168 5686406 860352083 5686406 875253251
6 0 14613507 5686406 860749427 5686406 875362934
7 0 14315253 5686406 861142383 5686406 875457636
8 0 14043517 5686406 861525228 5686406 875568745
1 0 17027999 5686413 691529631 5686413 708557630
2 0 15760930 5686413 692901161 5686413 708662091
3 0 15430437 5686413 693344430 5686413 708774867
4 0 15132090 5686413 693737849 5686413 708869939
5 0 14857854 5686413 694137027 5686413 708994881
6 0 14586711 5686413 694518631 5686413 709105342
7 0 14304661 5686413 694896087 5686413 709200748
8 0 14037239 5686413 695271432 5686413 709308671
1 0 13025240 5686420 496900429 5686420 509925669
2 0 12147089 5686420 497927503 5686420 510074592
3 0 11887762 5686420 498279292 5686420 510167054
4 0 11656117 5686420 498584750 5686420 510240867
5 0 11446343 5686420 498888189 5686420 510334532
6 0 11238532 5686420 499179517 5686420 510418049
7 0 11026685 5686420 499467733 5686420 510494418
8 0 10826318 5686420 499752043 5686420 510578361
1 0 12999019 5686427 306692714 5686427 319691733
2 0 12028925 5686427 307745065 5686427 319773990
3 0 11762486 5686427 308098577 5686427 319861063
4 0 11536509 5686427 308399349 5686427 319935858
5 0 11411899 5686427 308698344 5686427 320110243
6 0 11212366 5686427 308989116 5686427 320201482
7 0 10997703 5686427 309276426 5686427 320274129
8 0 10795022 5686427 309562661 5686427 320357683
1 0 15668599 5686434 97008299 5686434 112676898
2 0 14727301 5686434 98054058 5686434 112781359
3 0 14494491 5686434 98401792 5686434 112896283
4 0 14290550 5686434 98703509 5686434 112994059
5 0 14111442 5686434 99003411 5686434 113114853
6 0 13931427 5686434 99293720 5686434 113225147
7 0 13739116 5686434 99581400 5686434 113320516
8 0 13561193 5686434 99867209 5686434 113428402
1 0 15758744 5686440 917049699 5686440 932808443
2 0 14819836 5686440 918094698 5686440 932914534
3 0 14575434 5686440 918452098 5686440 933027532
4 0 14374307 5686440 918750834 5686440 933125141
5 0 14197700 5686440 919050939 5686440 933248639
6 0 14020889 5686440 919341600 5686440 933362489
7 0 13828373 5686440 919628836 5686440 933457209
8 0 13651877 5686440 919915349 5686440 933567226
1 0 13096553 5686447 767167331 5686447 780263884
2 0 12144571 5686447 768201682 5686447 780346253
3 0 11881891 5686447 768551916 5686447 780433807
4 0 11649173 5686447 768856374 5686447 780505547
5 0 11440418 5686447 769159164 5686447 780599582
6 0 11236143 5686447 769448937 5686447 780685080
7 0 11014833 5686447 769741635 5686447 780756468
8 0 10888816 5686447 770102925 5686447 780991741
1 0 13079480 5686454 566779802 5686454 579859282
2 0 12081073 5686454 567859411 5686454 579940484
3 0 11851872 5686454 568209961 5686454 580061833
4 0 11633729 5686454 568508196 5686454 580141925
5 0 11427862 5686454 568810357 5686454 580238219
6 0 11223570 5686454 569098870 5686454 580322440
7 0 11010778 5686454 569382920 5686454 580393698
8 0 10811262 5686454 569668082 5686454 580479344
1 0 13081387 5686461 356907221 5686461 369988608
2 0 12193144 5686461 357945943 5686461 370139087
3 0 11932464 5686461 358293992 5686461 370226456
4 0 11705098 5686461 358595412 5686461 370300510
5 0 11505824 5686461 358892536 5686461 370398360
6 0 11303512 5686461 359180309 5686461 370483821
7 0 11093054 5686461 359462859 5686461 370555913
8 0 10891391 5686461 359748687 5686461 370640078
1 0 17300197 5686468 158239910 5686468 175540107
2 0 16050888 5686468 159595495 5686468 175646383
3 0 15644172 5686468 160136060 5686468 175780232
4 0 15321216 5686468 160558218 5686468 175879434
5 0 15040369 5686468 160963433 5686468 176003802
6 0 14769875 5686468 161348407 5686468 176118282
7 0 14485750 5686468 161729363 5686468 176215113
8 0 14217718 5686468 162112801 5686468 176330519
1 0 15680931 5686474 971752015 5686474 987432946
2 0 14420177 5686474 973096175 5686474 987516352
3 0 14051850 5686474 973555278 5686474 987607128
4 0 13724264 5686474 973957215 5686474 987681479
5 0 13420621 5686474 974356300 5686474 987776921
6 0 13122886 5686474 974740108 5686474 987862994
7 0 12819633 5686474 975118082 5686474 987937715
8 0 12523361 5686474 975501019 5686474 988024380
1 0 17110350 5686481 751585073 5686481 768695423
2 0 15889131 5686481 752910697 5686481 768799828
3 0 15549730 5686481 753362392 5686481 768912122
4 0 15249347 5686481 753757033 5686481 769006380
5 0 14977296 5686481 754149563 5686481 769126859
6 0 14703320 5686481 754532556 5686481 769235876
7 0 14419492 5686481 754910660 5686481 769330152
8 0 14151757 5686481 755289430 5686481 769441187
1 0 17239921 5686488 551441811 5686488 568681732
2 0 15999499 5686488 552791323 5686488 568790822
3 0 15661765 5686488 553244351 5686488 568906116
4 0 15365030 5686488 553636566 5686488 569001596
5 0 15093850 5686488 554030966 5686488 569124816
6 0 14818929 5686488 554416274 5686488 569235203
7 0 14534600 5686488 554795934 5686488 569330534
8 0 14270476 5686488 555172501 5686488 569442977
1 0 15614155 5686495 381526668 5686495 397140823
2 0 14382715 5686495 382838829 5686495 397221544
3 0 14012684 5686495 383296043 5686495 397308727
4 0 13695321 5686495 383687109 5686495 397382430
5 0 13389492 5686495 384086917 5686495 397476409
6 0 13089332 5686495 384471113 5686495 397560445
7 0 12780244 5686495 384851699 5686495 397631943
8 0 12486824 5686495 385232359 5686495 397719183
1 0 15785207 5686502 166769519 5686502 182554726
2 0 14860187 5686502 167800574 5686502 182660761
3 0 14613210 5686502 168159864 5686502 182773074
4 0 14401585 5686502 168466376 5686502 182867961
5 0 14225718 5686502 168760889 5686502 182986607
6 0 14045869 5686502 169050921 5686502 183096790
7 0 13851187 5686502 169339490 5686502 183190677
8 0 13673117 5686502 169626614 5686502 183299731
1 0 13779060 5686508 986372654 5686509 151714
2 0 12821281 5686508 987416746 5686509 238027
3 0 12561564 5686508 987764128 5686509 325692
4 0 12336679 5686508 988061919 5686509 398598
5 0 12131368 5686508 988361543 5686509 492911
6 0 11930371 5686508 988649112 5686509 579483
7 0 11714746 5686508 988937366 5686509 652112
8 0 11515583 5686508 989222157 5686509 737740
1 0 17261421 5686515 777989691 5686515 795251112
2 0 16012518 5686515 779343722 5686515 795356240
3 0 15672080 5686515 779796880 5686515 795468960
4 0 15269976 5686515 780296056 5686515 795566032
5 0 14978296 5686515 780710937 5686515 795689233
6 0 14706079 5686515 781094486 5686515 795800565
7 0 14423177 5686515 781472608 5686515 795895785
8 0 14156404 5686515 781849509 5686515 796005913
1 0 17448362 5686522 604314341 5686522 621762703
2 0 16190348 5686522 605678501 5686522 621868849
3 0 15745096 5686522 606239417 5686522 621984513
4 0 15443214 5686522 606635946 5686522 622079160
5 0 15089498 5686522 607111289 5686522 622200787
6 0 14764170 5686522 607546300 5686522 622310470
7 0 14446343 5686522 607958014 5686522 622404357
8 0 14154997 5686522 608363988 5686522 622518985
1 0 12985593 5686529 406948073 5686529 419933666
2 0 12120553 5686529 407976110 5686529 420096663
3 0 11863261 5686529 408326437 5686529 420189698
4 0 11634599 5686529 408628042 5686529 420262641
5 0 11427159 5686529 408929573 5686529 420356732
6 0 11219718 5686529 409220272 5686529 420439990
7 0 11002630 5686529 409507618 5686529 420510248
8 0 10798022 5686529 409794613 5686529 420592635
1 0 12987074 5686536 246878368 5686536 259865442
2 0 12016240 5686536 247930275 5686536 259946515
3 0 12095720 5686536 248290157 5686536 260385877
4 0 11874150 5686536 248589540 5686536 260463690
5 0 11667191 5686536 248892924 5686536 260560115
6 0 11463010 5686536 249180492 5686536 260643502
7 0 11248440 5686536 249467209 5686536 260715649
8 0 11047591 5686536 249751556 5686536 260799147
1 0 17201922 5686543 51241893 5686543 68443815
2 0 15922093 5686543 52634923 5686543 68557016
3 0 15576785 5686543 53096655 5686543 68673440
4 0 15281346 5686543 53488352 5686543 68769698
5 0 15001278 5686543 53892177 5686543 68893455
6 0 14729320 5686543 54276281 5686543 69005601
7 0 14444936 5686543 54655774 5686543 69100710
8 0 14178034 5686543 55034378 5686543 69212412
1 0 13136848 5686549 857859853 5686549 870996701
2 0 12162774 5686549 858917648 5686549 871080422
3 0 11901760 5686549 859264975 5686549 871166735
4 0 11671728 5686549 859568728 5686549 871240456
5 0 11463325 5686549 859871537 5686549 871334862
6 0 11140016 5686549 860278826 5686549 871418842
7 0 10917316 5686549 860573469 5686549 871490785
8 0 10709728 5686549 860864315 5686549 871574043
1 0 13742412 5686556 686757450 5686556 700499862
2 0 12770189 5686556 687812801 5686556 700582990
3 0 12502639 5686556 688168961 5686556 700671600
4 0 12278865 5686556 688466511 5686556 700745376
5 0 12072943 5686556 688766543 5686556 700839486
6 0 11866631 5686556 689057112 5686556 700923743
7 0 11650876 5686556 689344977 5686556 700995853
8 0 11450046 5686556 689629805 5686556 701079851
1 0 17931334 5686563 491745784 5686563 509677118
2 0 16717819 5686563 493064667 5686563 509782486
3 0 16383233 5686563 493516547 5686563 509899780
4 0 16082868 5686563 493912281 5686563 509995149
5 0 15857316 5686563 494309959 5686563 510167275
6 0 15584674 5686563 494694859 5686563 510279533
7 0 15301235 5686563 495078129 5686563 510379364
8 0 15038109 5686563 495456734 5686563 510494843
1 0 17266698 5686570 311662688 5686570 328929386
2 0 16038739 5686570 312998904 5686570 329037643
3 0 15699431 5686570 313458247 5686570 329157678
4 0 15404288 5686570 313852462 5686570 329256750
5 0 15126053 5686570 314252510 5686570 329378563
6 0 14853132 5686570 314638281 5686570 329491413
7 0 14567396 5686570 315018459 5686570 329585855
8 0 14302772 5686570 315397304 5686570 329700076
1 0 13174608 5686577 126936896 5686577 140111504
2 0 12240940 5686577 127966951 5686577 140207891
3 0 11982519 5686577 128319611 5686577 140302130
4 0 11759079 5686577 128617161 5686577 140376240
5 0 11555156 5686577 128916823 5686577 140471979
6 0 11348197 5686577 129209169 5686577 140557366
7 0 11131145 5686577 129500497 5686577 140631642
8 0 10931372 5686577 129786769 5686577 140718141
