1 0 17639228 5686583 937228489 5686583 954867717
2 0 16712727 5686583 938258229 5686583 954970956
3 0 16432843 5686583 938613704 5686583 955046547
4 0 16222403 5686583 938911328 5686583 955133731
5 0 15994073 5686583 939221434 5686583 955215507
6 0 15804541 5686583 939506576 5686583 955311117
7 0 15592359 5686583 939804867 5686583 955397226
8 0 15302013 5686583 940178471 5686583 955480484
9 0 15074331 5686583 940489392 5686583 955563723
10 0 14849873 5686583 940785034 5686583 955634907
11 0 14639562 5686583 941087306 5686583 955726868
12 0 14414159 5686583 941384023 5686583 955798182
13 0 14212718 5686583 941670129 5686583 955882847
14 0 14004222 5686583 941961327 5686583 955965549
15 0 13742337 5686583 942300673 5686583 956043010
16 0 13546082 5686583 942587408 5686583 956133490
1 0 17426306 5686590 756803517 5686590 774229823
2 0 16517898 5686590 757804313 5686590 774322211
3 0 16252217 5686590 758144603 5686590 774396820
4 0 16041314 5686590 758438153 5686590 774479467
5 0 15812540 5686590 758747777 5686590 774560317
6 0 15619636 5686590 759036883 5686590 774656519
7 0 15408974 5686590 759328970 5686590 774737944
8 0 15198959 5686590 759618798 5686590 774817757
9 0 14995889 5686590 759903200 5686590 774899089
10 0 14683228 5686590 760287582 5686590 774970810
11 0 14469861 5686590 760589021 5686590 775058882
12 0 14246181 5686590 760883441 5686590 775129622
13 0 14044572 5686590 761164918 5686590 775209490
14 0 13850003 5686590 761445653 5686590 775295656
15 0 13582618 5686590 761788110 5686590 775370728
16 0 13387159 5686590 762070938 5686590 775458097
1 0 22941574 5686597 560601852 5686597 583543426
2 0 21777115 5686597 561883643 5686597 583660758
3 0 21424584 5686597 562332357 5686597 583756941
4 0 21144867 5686597 562721646 5686597 583866513
5 0 20836446 5686597 563133898 5686597 583970344
6 0 20587007 5686597 563514761 5686597 584101768
7 0 20308475 5686597 563900865 5686597 584209340
8 0 20026202 5686597 564287543 5686597 584313745
9 0 19754560 5686597 564669554 5686597 584424114
10 0 19463213 5686597 565054047 5686597 584517260
11 0 19192255 5686597 565442225 5686597 584634480
12 0 18897965 5686597 565829477 5686597 584727442
13 0 18631099 5686597 566205581 5686597 584836680
14 0 18369566 5686597 566573927 5686597 584943493
15 0 18019369 5686597 567023381 5686597 585042750
16 0 17756819 5686597 567400874 5686597 585157693
1 0 17660876 5686604 366760658 5686604 384421534
2 0 16748967 5686604 367767306 5686604 384516273
3 0 16473657 5686604 368116392 5686604 384590049
4 0 16260179 5686604 368414424 5686604 384674603
5 0 16026351 5686604 368728177 5686604 384754528
6 0 15833391 5686604 369017857 5686604 384851248
7 0 15623969 5686604 369309185 5686604 384933154
8 0 15412066 5686604 369603735 5686604 385015801
9 0 15212829 5686604 369887285 5686604 385100114
10 0 14873354 5686604 370297018 5686604 385170372
11 0 14658099 5686604 370602105 5686604 385260204
12 0 14431362 5686604 370898766 5686604 385330128
13 0 14229588 5686604 371182687 5686604 385412275
14 0 14027480 5686604 371472219 5686604 385499699
15 0 13751597 5686604 371820490 5686604 385572087
16 0 13552045 5686604 372108559 5686604 385660604
1 0 23247754 5686611 169756741 5686611 193004495
2 0 21931797 5686611 171197936 5686611 193129733
3 0 21579914 5686611 171649632 5686611 193229546
4 0 21299530 5686611 172043884 5686611 193343414
5 0 20987777 5686611 172461691 5686611 193449468
6 0 20723837 5686611 172847147 5686611 193570984
7 0 20449862 5686611 173234917 5686611 193684779
8 0 20169848 5686611 173621447 5686611 193791295
9 0 19899408 5686611 174000644 5686611 193900052
10 0 19609543 5686611 174383859 5686611 193993402
11 0 19334567 5686611 174774889 5686611 194109456
12 0 19038647 5686611 175164400 5686611 194203047
13 0 18777059 5686611 175541763 5686611 194318822
14 0 18515694 5686611 175914997 5686611 194430691
15 0 18157108 5686611 176367507 5686611 194524615
16 0 17893760 5686611 176748019 5686611 194641779
1 0 17497786 5686617 996784708 5686618 14282494
2 0 16599266 5686617 997779541 5686618 14378807
3 0 16341364 5686617 998120812 5686618 14462176
4 0 16144848 5686617 998418233 5686618 14563081
5 0 15914557 5686617 998731912 5686618 14646469
6 0 15723986 5686617 999021444 5686618 14745430
7 0 15511879 5686617 999317068 5686618 14828947
8 0 15295661 5686617 999615655 5686618 14911316
9 0 15090516 5686617 999904761 5686618 14995277
10 0 14714746 5686618 353530 5686618 15068276
11 0 14502972 5686618 658839 5686618 15161811
12 0 14280735 5686618 955315 5686618 15236050
13 0 14080535 5686618 1240403 5686618 15320938
14 0 13884094 5686618 1524583 5686618 15408677
15 0 13622136 5686618 1867428 5686618 15489564
16 0 13427622 5686618 2155126 5686618 15582748
1 0 22328011 5686624 837259921 5686624 859587932
2 0 21455899 5686624 838265235 5686624 859721134
3 0 21200569 5686624 838618859 5686624 859819428
4 0 21014814 5686624 838916038 5686624 859930852
5 0 20919094 5686624 839230032 5686624 860149126
6 0 20755429 5686624 839521120 5686624 860276549
7 0 20573637 5686624 839812836 5686624 860386473
8 0 20253883 5686624 840239958 5686624 860493841
9 0 20060332 5686624 840543582 5686624 860603914
10 0 19865669 5686624 840835817 5686624 860701486
11 0 19691894 5686624 841132256 5686624 860824150
12 0 19494879 5686624 841424547 5686624 860919426
13 0 19317179 5686624 841711264 5686624 861028443
14 0 19121163 5686624 842019555 5686624 861140718
15 0 18753189 5686624 842480546 5686624 861233735
16 0 18482620 5686624 842868335 5686624 861350955
1 0 17499193 5686631 627214846 5686631 644714039
2 0 16589451 5686631 628228364 5686631 644817815
3 0 16331512 5686631 628573765 5686631 644905277
4 0 16128737 5686631 628870056 5686631 644998793
5 0 15897261 5686631 629186216 5686631 645083477
6 0 15706616 5686631 629474267 5686631 645180883
7 0 15498805 5686631 629769687 5686631 645268492
8 0 15175144 5686631 630177254 5686631 645352398
9 0 14954037 5686631 630481841 5686631 645435878
10 0 15228365 5686631 630775502 5686631 646003867
11 0 15026906 5686631 631076737 5686631 646103643
12 0 14802541 5686631 631373805 5686631 646176346
13 0 14598636 5686631 631660115 5686631 646258751
14 0 14401066 5686631 631945017 5686631 646346083
15 0 14133052 5686631 632291307 5686631 646424359
16 0 13938334 5686631 632579209 5686631 646517543
1 0 21695005 5686638 406971363 5686638 428666368
2 0 20816336 5686638 407971697 5686638 428788033
3 0 20562730 5686638 408323801 5686638 428886531
4 0 20371307 5686638 408625018 5686638 428996325
5 0 20155719 5686638 408944512 5686638 429100231
6 0 19993981 5686638 409234229 5686638 429228210
7 0 19810965 5686638 409526520 5686638 429337485
8 0 19620302 5686638 409820496 5686638 429440798
9 0 19347863 5686638 410202322 5686638 429550185
10 0 19135737 5686638 410507298 5686638 429643035
11 0 18953333 5686638 410805015 5686638 429758348
12 0 18749338 5686638 411100805 5686638 429850143
13 0 18572378 5686638 411387522 5686638 429959900
14 0 18449954 5686638 411674535 5686638 430124489
15 0 18159904 5686638 412056954 5686638 430216858
16 0 17885909 5686638 412448243 5686638 430334152
1 0 22903223 5686645 201665915 5686645 224569138
2 0 21723115 5686645 202966780 5686645 224689895
3 0 21372733 5686645 203416827 5686645 224789560
4 0 21090664 5686645 203814542 5686645 224905206
5 0 20795169 5686645 204226609 5686645 225021778
6 0 20554415 5686645 204613453 5686645 225167868
7 0 20282550 5686645 204998594 5686645 225281144
8 0 20004148 5686645 205385346 5686645 225389494
9 0 19743819 5686645 205764413 5686645 225508232
10 0 19454176 5686645 206150832 5686645 225605008
11 0 19182181 5686645 206543714 5686645 225725895
12 0 18892168 5686645 206931429 5686645 225823597
13 0 18628135 5686645 207308811 5686645 225936946
14 0 18372937 5686645 207681489 5686645 226054426
15 0 18027795 5686645 208136036 5686645 226163831
16 0 17770522 5686645 208516066 5686645 226286588
1 0 18083609 5686652 16973470 5686652 35057079
2 0 17147200 5686652 18005747 5686652 35152947
3 0 16870631 5686652 18355463 5686652 35226094
4 0 16660858 5686652 18652105 5686652 35312963
5 0 16432676 5686652 18961785 5686652 35394461
6 0 16238995 5686652 19252965 5686652 35491960
7 0 16031128 5686652 19544219 5686652 35575347
8 0 15822965 5686652 19838158 5686652 35661123
9 0 15491935 5686652 20252761 5686652 35744696
10 0 15260383 5686652 20554163 5686652 35814546
11 0 15046258 5686652 20857046 5686652 35903304
12 0 14823003 5686652 21150781 5686652 35973784
13 0 14621488 5686652 21436146 5686652 36057634
14 0 14418899 5686652 21723493 5686652 36142392
15 0 14146941 5686652 22071320 5686652 36218261
16 0 13949538 5686652 22359240 5686652 36308778
1 0 23055554 5686658 831159301 5686658 854214855
2 0 21886631 5686658 832453814 5686658 854340445
3 0 21536378 5686658 832902862 5686658 854439240
4 0 21257698 5686658 833294762 5686658 854552460
5 0 20950574 5686658 833707439 5686658 854658013
6 0 20690060 5686658 834093858 5686658 854783918
7 0 20416251 5686658 834479258 5686658 854895509
8 0 20135404 5686658 834870010 5686658 855005414
9 0 19865742 5686658 835252133 5686658 855117875
10 0 19578359 5686658 835637237 5686658 855215596
11 0 19304030 5686658 836030563 5686658 855334593
12 0 19004795 5686658 836422889 5686658 855427684
13 0 18738708 5686658 836798493 5686658 855537201
14 0 18478213 5686658 837171949 5686658 855650162
15 0 18125238 5686658 837625737 5686658 855750975
16 0 17863446 5686658 838007230 5686658 855870676
1 0 17494213 5686665 667049059 5686665 684543272
2 0 16583637 5686665 668058670 5686665 684642307
3 0 16313124 5686665 668406367 5686665 684719491
4 0 16108590 5686665 668702010 5686665 684810600
5 0 15885575 5686665 669011264 5686665 684896839
6 0 15694042 5686665 669300888 5686665 684994930
7 0 15484435 5686665 669593771 5686665 685078206
8 0 15271661 5686665 669888432 5686665 685160093
9 0 14949482 5686665 670295610 5686665 685245092
10 0 14715894 5686665 670601308 5686665 685317202
11 0 14507083 5686665 670901654 5686665 685408737
12 0 14282828 5686665 671197760 5686665 685480588
13 0 14074590 5686665 671488903 5686665 685563493
14 0 13875391 5686665 671770879 5686665 685646270
15 0 13604266 5686665 672117780 5686665 685722046
16 0 13406752 5686665 672404941 5686665 685811693
1 0 18594600 5686672 502281937 5686672 520876537
2 0 17635728 5686672 503337640 5686672 520973368
3 0 17359474 5686672 503688578 5686672 521048052
4 0 17154089 5686672 503980573 5686672 521134662
5 0 16932260 5686672 504285863 5686672 521218123
6 0 16740504 5686672 504573562 5686672 521314066
7 0 16534526 5686672 504862945 5686672 521397471
8 0 16316975 5686672 505159606 5686672 521476581
9 0 16116312 5686672 505445712 5686672 521562024
10 0 15897187 5686672 505735725 5686672 521632912
11 0 15694931 5686672 506030775 5686672 521725706
12 0 15470620 5686672 506326751 5686672 521797371
13 0 15271513 5686672 506608987 5686672 521880500
14 0 15072684 5686672 506892907 5686672 521965591
15 0 14799206 5686672 507237105 5686672 522036311
16 0 14609840 5686672 507521544 5686672 522131384
1 0 17588044 5686679 276838160 5686679 294426204
2 0 16663191 5686679 277861234 5686679 294524425
3 0 16387585 5686679 278214542 5686679 294602127
4 0 16175144 5686679 278516685 5686679 294691829
5 0 15941278 5686679 278832901 5686679 294774179
6 0 15752615 5686679 279122322 5686679 294874937
7 0 15549508 5686679 279412131 5686679 294961639
8 0 15340567 5686679 279706904 5686679 295047471
9 0 15134145 5686679 279997343 5686679 295131488
10 0 14793966 5686679 280408613 5686679 295202579
11 0 14583433 5686679 280710200 5686679 295293633
12 0 14355289 5686679 281009416 5686679 295364705
13 0 14150219 5686679 281298244 5686679 295448463
14 0 13949093 5686679 281584239 5686679 295533332
15 0 13676839 5686679 281932510 5686679 295609349
16 0 13482453 5686679 282218783 5686679 295701236
1 0 21802484 5686686 87147698 5686686 108950182
2 0 20911186 5686686 88162568 5686686 109073754
3 0 20662024 5686686 88512080 5686686 109174104
4 0 20477657 5686686 88813186 5686686 109290843
5 0 20266068 5686686 89131421 5686686 109397489
6 0 20101738 5686686 89424212 5686686 109525950
7 0 19920112 5686686 89717854 5686686 109637966
8 0 19666154 5686686 90080051 5686686 109746205
9 0 19446083 5686686 90414508 5686686 109860591
10 0 19244014 5686686 90712039 5686686 109956053
11 0 19149570 5686686 91014201 5686686 110163771
12 0 18948370 5686686 91311825 5686686 110260195
13 0 18773503 5686686 91599097 5686686 110372600
14 0 18600266 5686686 91882536 5686686 110482802
15 0 18241865 5686686 92343361 5686686 110585226
16 0 17979963 5686686 92727113 5686686 110707076
1 0 17505046 5686692 897406863 5686692 914911909
2 0 16556174 5686692 898450325 5686692 915006499
3 0 16284568 5686692 898800708 5686692 915085276
4 0 16089146 5686692 899097072 5686692 915186218
5 0 15866706 5686692 899409733 5686692 915276439
6 0 15673617 5686692 899699487 5686692 915373104
7 0 15466250 5686692 899992500 5686692 915458750
8 0 15166682 5686692 900374141 5686692 915540823
9 0 14959778 5686692 900666914 5686692 915626692
10 0 14738597 5686692 900959964 5686692 915698561
11 0 14537359 5686692 901258403 5686692 915795762
12 0 14806799 5686692 901556434 5686692 916363233
13 0 14614970 5686692 901838299 5686692 916453269
14 0 14418807 5686692 902121942 5686692 916540749
15 0 14147479 5686692 902472676 5686692 916620155
16 0 13950278 5686692 902762764 5686692 916713042
1 0 17530211 5686699 706819800 5686699 724350011
2 0 16608674 5686699 707834836 5686699 724443510
3 0 16335067 5686699 708183960 5686699 724519027
4 0 16124589 5686699 708479195 5686699 724603784
5 0 15894502 5686699 708789022 5686699 724683524
6 0 15706265 5686699 709079924 5686699 724786189
7 0 15498842 5686699 709370141 5686699 724868983
8 0 15286161 5686699 709662562 5686699 724948723
9 0 15081590 5686699 709948964 5686699 725030554
10 0 14719615 5686699 710380882 5686699 725100497
11 0 14504101 5686699 710683339 5686699 725187440
12 0 14278717 5686699 710979426 5686699 725258143
13 0 14074998 5686699 711263569 5686699 725338567
14 0 13876131 5686699 711544305 5686699 725420436
15 0 13592859 5686699 711900761 5686699 725493620
16 0 13390067 5686699 712190033 5686699 725580100
1 0 17456787 5686706 536544264 5686706 554001051
2 0 16551545 5686706 537545078 5686706 554096623
3 0 16283383 5686706 537888220 5686706 554171603
4 0 16075238 5686706 538182178 5686706 554257416
5 0 15849891 5686706 538490820 5686706 554340711
6 0 15663265 5686706 538776037 5686706 554439302
7 0 15458713 5686706 539063013 5686706 554521726
8 0 15250217 5686706 539352100 5686706 554602317
9 0 15050313 5686706 539634540 5686706 554684853
10 0 14833724 5686706 539921368 5686706 554755092
11 0 14448102 5686706 540396303 5686706 554844405
12 0 14223088 5686706 540692872 5686706 554915960
13 0 14019443 5686706 540977274 5686706 554996717
14 0 13822836 5686706 541260750 5686706 555083586
15 0 13550860 5686706 541603984 5686706 555154844
16 0 13354696 5686706 541887850 5686706 555242546
1 0 23496342 5686713 366489701 5686713 389986043
2 0 22681190 5686713 367509997 5686713 390191187
3 0 22435361 5686713 367853361 5686713 390288722
4 0 22253012 5686713 368147967 5686713 390400979
5 0 22045832 5686713 368460405 5686713 390506237
6 0 21880150 5686713 368749733 5686713 390629883
7 0 21704504 5686713 369036395 5686713 390740899
8 0 21521860 5686713 369325482 5686713 390847342
9 0 21347289 5686713 369609810 5686713 390957099
10 0 21152440 5686713 369897601 5686713 391050041
11 0 20833651 5686713 370333185 5686713 391166836
12 0 20623913 5686713 370636291 5686713 391260204
13 0 20449176 5686713 370919137 5686713 391368313
14 0 20282846 5686713 371201447 5686713 391484293
15 0 20027073 5686713 371549792 5686713 391576865
16 0 19855687 5686713 371836676 5686713 391692363
1 0 19923890 5686720 161652004 5686720 181575894
2 0 18737615 5686720 162928888 5686720 181666503
3 0 18357807 5686720 163382380 5686720 181740187
4 0 18053517 5686720 163772798 5686720 181826315
5 0 17720634 5686720 164186235 5686720 181906869
6 0 17437843 5686720 164569765 5686720 182007608
7 0 17155386 5686720 164955276 5686720 182110662
8 0 16853020 5686720 165343862 5686720 182196882
9 0 16560748 5686720 165720225 5686720 182280973
10 0 16246902 5686720 166106237 5686720 182353139
11 0 15946834 5686720 166497655 5686720 182444489
12 0 15630321 5686720 166887426 5686720 182517747
13 0 15332567 5686720 167268345 5686720 182600912
14 0 15040998 5686720 167641949 5686720 182682947
15 0 14670357 5686720 168092848 5686720 182763205
16 0 14389121 5686720 168469230 5686720 182858351
1 0 17615895 5686726 966205408 5686726 983821303
2 0 16698264 5686726 967227278 5686726 983925542
3 0 16422918 5686726 967578919 5686726 984001837
4 0 16211606 5686726 967877673 5686726 984089279
5 0 15983592 5686726 968188482 5686726 984172074
6 0 15786614 5686726 968479421 5686726 984266035
7 0 15575303 5686726 968773897 5686726 984349200
8 0 15361308 5686726 969068243 5686726 984429551
9 0 15159274 5686726 969352590 5686726 984511864
10 0 14940593 5686726 969642918 5686726 984583511
11 0 14738578 5686726 969934042 5686726 984672620
12 0 14427621 5686726 970315776 5686726 984743397
13 0 14219440 5686726 970608585 5686726 984828025
14 0 14028388 5686726 970890080 5686726 984918468
15 0 13755097 5686726 971234629 5686726 984989726
16 0 13560045 5686726 971520809 5686726 985080854
1 0 17690098 5686733 756565164 5686733 774255262
2 0 16763207 5686733 757590608 5686733 774353815
3 0 16487749 5686733 757943046 5686733 774430795
4 0 16278772 5686733 758241077 5686733 774519849
5 0 16048146 5686733 758553516 5686733 774601662
6 0 15857613 5686733 758842270 5686733 774699883
7 0 15655469 5686733 759132690 5686733 774788159
8 0 15440343 5686733 759428259 5686733 774868602
9 0 15238125 5686733 759714457 5686733 774952582
10 0 14852909 5686733 760172023 5686733 775024932
11 0 14604784 5686733 760509943 5686733 775114727
12 0 14379603 5686733 760807326 5686733 775186929
13 0 14172181 5686733 761098358 5686733 775270539
14 0 13975314 5686733 761383575 5686733 775358889
15 0 13696245 5686733 761733661 5686733 775429906
16 0 13497842 5686733 762021822 5686733 775519664
1 0 17592007 5686740 556853992 5686740 574445999
2 0 16643358 5686740 557898917 5686740 574542275
3 0 16368362 5686740 558249448 5686740 574617810
4 0 16157089 5686740 558546757 5686740 574703846
5 0 15928038 5686740 558860214 5686740 574788252
6 0 15753874 5686740 559149098 5686740 574902972
7 0 15557359 5686740 559439574 5686740 574996933
8 0 15348530 5686740 559731272 5686740 575079802
9 0 14985537 5686740 560177560 5686740 575163097
10 0 14724875 5686740 560510498 5686740 575235373
11 0 14514934 5686740 560812641 5686740 575327575
12 0 14299771 5686740 561101747 5686740 575401518
13 0 14101312 5686740 561385445 5686740 575486757
14 0 13917056 5686740 561664644 5686740 575581700
15 0 13647635 5686740 562010193 5686740 575657828
16 0 13455399 5686740 562297335 5686740 575752734
1 0 12089757 5686747 352288463 5686747 364378220
2 0 11396159 5686747 353050375 5686747 364446534
3 0 11215810 5686747 353282241 5686747 364498051
4 0 11066665 5686747 353492015 5686747 364558680
5 0 10876594 5686747 353739677 5686747 364616271
6 0 10729597 5686747 353955617 5686747 364685214
7 0 10576267 5686747 354165169 5686747 364741436
8 0 10429306 5686747 354368517 5686747 364797823
9 0 10289902 5686747 354565902 5686747 364855804
10 0 10135590 5686747 354769287 5686747 364904877
11 0 9990166 5686747 354977839 5686747 364968005
12 0 9838762 5686747 355177724 5686747 365016486
13 0 9703635 5686747 355371017 5686747 365074652
14 0 9749189 5686747 355569217 5686747 365318406
15 0 9579729 5686747 355799898 5686747 365379627
16 0 9435103 5686747 355994209 5686747 365429312
1 0 24422843 5686754 191751373 5686754 216174216
2 0 23279438 5686754 193016701 5686754 216296139
3 0 22925148 5686754 193468693 5686754 216393841
4 0 22644561 5686754 193860778 5686754 216505339
5 0 22337159 5686754 194272845 5686754 216610004
6 0 22079072 5686754 194655782 5686754 216734854
7 0 21803743 5686754 195039534 5686754 216843277
8 0 21522212 5686754 195426434 5686754 216948646
9 0 21248458 5686754 195808686 5686754 217057144
10 0 20955110 5686754 196196402 5686754 217151512
11 0 20684190 5686754 196588876 5686754 217273066
12 0 20387121 5686754 196979776 5686754 217366897
13 0 20126627 5686754 197355324 5686754 217481951
14 0 19863076 5686754 197728873 5686754 217591949
15 0 19509268 5686754 198181309 5686754 217690577
16 0 19249958 5686754 198557802 5686754 217807760
1 0 23094201 5686760 981135691 5686761 4229892
2 0 21914741 5686760 982442204 5686761 4356945
3 0 21563841 5686760 982893584 5686761 4457425
4 0 21286753 5686760 983284188 5686761 4570941
5 0 20975555 5686760 983701199 5686761 4676754
6 0 20719838 5686760 984083340 5686761 4803178
7 0 20448473 5686760 984465814 5686761 4914287
8 0 20167848 5686760 984855455 5686761 5023303
9 0 19899279 5686760 985236559 5686761 5135838
10 0 19606302 5686760 985623645 5686761 5229947
11 0 19330974 5686760 986018119 5686761 5349093
12 0 19029128 5686760 986414538 5686761 5443666
13 0 18763300 5686760 986792771 5686761 5556071
14 0 18501952 5686760 987170672 5686761 5672624
15 0 18139738 5686760 987625959 5686761 5765697
16 0 17880224 5686760 988005119 5686761 5885343
1 0 17604692 5686767 796973404 5686767 814578096
2 0 16681431 5686767 797992756 5686767 814674187
3 0 16410176 5686767 798340620 5686767 814750796
4 0 16199903 5686767 798638114 5686767 814838017
5 0 15969759 5686767 798950312 5686767 814920071
6 0 15772059 5686767 799243658 5686767 815015717
7 0 15564877 5686767 799536431 5686767 815101308
8 0 15347049 5686767 799833962 5686767 815181011
9 0 15059147 5686767 800204844 5686767 815263991
10 0 14814429 5686767 800520542 5686767 815334971
11 0 14599507 5686767 800823018 5686767 815422525
12 0 14376418 5686767 801119253 5686767 815495671
13 0 14171755 5686767 801404137 5686767 815575892
14 0 13971574 5686767 801688187 5686767 815659761
15 0 13701523 5686767 802033440 5686767 815734963
16 0 13503009 5686767 802323564 5686767 815826573
1 0 17443676 5686774 627137626 5686774 644581302
2 0 16516693 5686774 628160626 5686774 644677319
3 0 16246884 5686774 628504786 5686774 644751670
4 0 16037554 5686774 628799318 5686774 644836872
5 0 15809410 5686774 629109738 5686774 644919148
6 0 15620080 5686774 629400751 5686774 645020831
7 0 15427084 5686774 629688394 5686774 645115478
8 0 15231014 5686774 629980888 5686774 645211902
9 0 14933315 5686774 630367122 5686774 645300437
10 0 14712708 5686774 630660524 5686774 645373232
11 0 14512527 5686774 630954426 5686774 645466953
12 0 14292030 5686774 631248532 5686774 645540562
13 0 14095313 5686774 631531452 5686774 645626765
14 0 13897187 5686774 631819965 5686774 645717152
15 0 14104905 5686774 632165218 5686774 646270123
16 0 13932519 5686774 632451139 5686774 646383658
1 0 17572266 5686781 447041240 5686781 464613506
2 0 16666302 5686781 448044295 5686781 464710597
3 0 16389029 5686781 448399289 5686781 464788318
4 0 16179607 5686781 448697746 5686781 464877353
5 0 15949666 5686781 449009389 5686781 464959055
6 0 15764615 5686781 449296309 5686781 465060924
7 0 15563248 5686781 449581878 5686781 465145126
8 0 15350326 5686781 449876187 5686781 465226513
9 0 15057535 5686781 450253088 5686781 465310623
10 0 14823910 5686781 450560619 5686781 465384529
11 0 14616599 5686781 450859039 5686781 465475638
12 0 14397177 5686781 451154293 5686781 465551470
13 0 14198014 5686781 451436214 5686781 465634228
14 0 14009703 5686781 451715209 5686781 465724912
15 0 13731894 5686781 452063387 5686781 465795281
16 0 13531397 5686781 452353882 5686781 465885279
