1 0 26560174 5686788 227559452 5686788 254119626
2 0 25644801 5686788 228555212 5686788 254200013
3 0 25387029 5686788 228897261 5686788 254284290
4 0 25152644 5686788 229217792 5686788 254370436
5 0 24929204 5686788 229515101 5686788 254444305
6 0 24737856 5686788 229806151 5686788 254544007
7 0 24434361 5686788 230182459 5686788 254616820
8 0 24206087 5686788 230494491 5686788 254700578
9 0 23984296 5686788 230789355 5686788 254773651
10 0 23799484 5686788 231075165 5686788 254874649
11 0 23584433 5686788 231387085 5686788 254971518
12 0 23334178 5686788 231718097 5686788 255052275
13 0 23133089 5686788 232003870 5686788 255136959
14 0 22915297 5686788 232295420 5686788 255210717
15 0 22707319 5686788 232588433 5686788 255295752
16 0 22491101 5686788 232876854 5686788 255367955
17 0 22296030 5686788 233155997 5686788 255452027
18 0 22096126 5686788 233458121 5686788 255554247
19 0 21859428 5686788 233765337 5686788 255624765
20 0 21665394 5686788 234045202 5686788 255710596
21 0 21432491 5686788 234350623 5686788 255783114
22 0 21163995 5686788 234706135 5686788 255870130
23 0 20948611 5686788 234995018 5686788 255943629
24 0 20757134 5686788 235281753 5686788 256038887
25 0 20538081 5686788 235583711 5686788 256121792
26 0 20278364 5686788 235914131 5686788 256192495
27 0 20076386 5686788 236199848 5686788 256276234
28 0 19853946 5686788 236504027 5686788 256357973
29 0 19662765 5686788 236785281 5686788 256448046
30 0 19449787 5686788 237070128 5686788 256519915
31 0 19244050 5686788 237362993 5686788 256607043
32 0 19037739 5686788 237652284 5686788 256690023
1 0 26510063 5686795 37363508 5686795 63873571
2 0 25566396 5686795 38386414 5686795 63952810
3 0 25308364 5686795 38731093 5686795 64039457
4 0 25069257 5686795 39054513 5686795 64123770
5 0 24857705 5686795 39343637 5686795 64201342
6 0 24659005 5686795 39634854 5686795 64293859
7 0 24438231 5686795 39927127 5686795 64365358
8 0 24151959 5686795 40298083 5686795 64450042
9 0 23919964 5686795 40602410 5686795 64522374
10 0 23719633 5686795 40894072 5686795 64613705
11 0 23490083 5686795 41220732 5686795 64710815
12 0 23240476 5686795 41546967 5686795 64787443
13 0 23036054 5686795 41833795 5686795 64869849
14 0 22815206 5686795 42124475 5686795 64939681
15 0 22602044 5686795 42420117 5686795 65022161
16 0 22384677 5686795 42708908 5686795 65093585
17 0 22177940 5686795 42996699 5686795 65174639
18 0 21960444 5686795 43303916 5686795 65264360
19 0 21730523 5686795 43605280 5686795 65335803
20 0 21533063 5686795 43885312 5686795 65418375
21 0 21306159 5686795 44185122 5686795 65491281
22 0 21030461 5686795 44550485 5686795 65580946
23 0 20811854 5686795 44839554 5686795 65651408
24 0 20631061 5686795 45120845 5686795 65751906
25 0 20408455 5686795 45426339 5686795 65834794
26 0 20162218 5686795 45751111 5686795 65913329
27 0 19958241 5686795 46037587 5686795 65995828
28 0 19737430 5686795 46338452 5686795 66075882
29 0 19548322 5686795 46618280 5686795 66166602
30 0 19332512 5686795 46905645 5686795 66238157
31 0 19118941 5686795 47203862 5686795 66322803
32 0 18913519 5686795 47491005 5686795 66404524
1 0 26722856 5686801 857294390 5686801 884017246
2 0 25810743 5686801 858286742 5686801 884097485
3 0 25556859 5686801 858628439 5686801 884185298
4 0 25319197 5686801 858953322 5686801 884272519
5 0 25095072 5686801 859250205 5686801 884345277
6 0 24904056 5686801 859541404 5686801 884445460
7 0 24684135 5686801 859835009 5686801 884519144
8 0 24350492 5686801 860252798 5686801 884603290
9 0 24103774 5686801 860572774 5686801 884676548
10 0 23914315 5686801 860866472 5686801 884780787
11 0 23698171 5686801 861180410 5686801 884878581
12 0 23448657 5686801 861511904 5686801 884960561
13 0 23245716 5686801 861800362 5686801 885046078
14 0 23030868 5686801 862090968 5686801 885121836
15 0 22819651 5686801 862387295 5686801 885206946
16 0 22600636 5686801 862678308 5686801 885278944
17 0 22400306 5686801 862960359 5686801 885360665
18 0 22184977 5686801 863265149 5686801 885450126
19 0 21949074 5686801 863572347 5686801 885521421
20 0 21755318 5686801 863852268 5686801 885607586
21 0 21522619 5686801 864158522 5686801 885681141
22 0 21248939 5686801 864517404 5686801 885766343
23 0 21029962 5686801 864806713 5686801 885836675
24 0 20848021 5686801 865085708 5686801 885933729
25 0 20626710 5686801 865390184 5686801 886016894
26 0 20370992 5686801 865718771 5686801 886089763
27 0 20168700 5686801 866002580 5686801 886171280
28 0 19950148 5686801 866302260 5686801 886252408
29 0 19757559 5686801 866585866 5686801 886343425
30 0 19542638 5686801 866873082 5686801 886415720
31 0 19331308 5686801 867168410 5686801 886499718
32 0 19122626 5686801 867459442 5686801 886582068
1 0 34908815 5686808 660817334 5686808 695726149
2 0 33752984 5686808 662078440 5686808 695831424
3 0 33423972 5686808 662523284 5686808 695947256
4 0 33102015 5686808 662956590 5686808 696058605
5 0 32797873 5686808 663354583 5686808 696152456
6 0 32537044 5686808 663738576 5686808 696275620
7 0 32250179 5686808 664126513 5686808 696376692
8 0 31979369 5686808 664507284 5686808 696486653
9 0 31683874 5686808 664896351 5686808 696580225
10 0 31433176 5686808 665281195 5686808 696714371
11 0 31146255 5686808 665691706 5686808 696837961
12 0 30818150 5686808 666123902 5686808 696942052
13 0 30541581 5686808 666508173 5686808 697049754
14 0 30257586 5686808 666892647 5686808 697150233
15 0 30089256 5686808 667286492 5686808 697375748
16 0 29800095 5686808 667672873 5686808 697472968
17 0 29532211 5686808 668049051 5686808 697581262
18 0 29243383 5686808 668455062 5686808 697698445
19 0 28936759 5686808 668858740 5686808 697795499
20 0 28673875 5686808 669232974 5686808 697906849
21 0 28370917 5686808 669630300 5686808 698001217
22 0 27947537 5686808 670160364 5686808 698107901
23 0 27648838 5686808 670553357 5686808 698202195
24 0 27399472 5686808 670927739 5686808 698327211
25 0 27107793 5686808 671330046 5686808 698437839
26 0 26764892 5686808 671765649 5686808 698530541
27 0 26497804 5686808 672144068 5686808 698641872
28 0 26204624 5686808 672543135 5686808 698747759
29 0 25946685 5686808 672919165 5686808 698865850
30 0 25659616 5686808 673300121 5686808 698959737
31 0 25376936 5686808 673691280 5686808 699068216
32 0 25097960 5686808 674078347 5686808 699176307
1 0 28365307 5686815 486498567 5686815 514863874
2 0 27449861 5686815 487491863 5686815 514941724
3 0 27197217 5686815 487830024 5686815 515027241
4 0 26959462 5686815 488150481 5686815 515109943
5 0 26734282 5686815 488447549 5686815 515181831
6 0 26538581 5686815 488734322 5686815 515272903
7 0 26340918 5686815 489020372 5686815 515361290
8 0 26142978 5686815 489299774 5686815 515442752
9 0 25925092 5686815 489587899 5686815 515512991
10 0 25733411 5686815 489870875 5686815 515604286
11 0 25376826 5686815 490323514 5686815 515700340
12 0 25120441 5686815 490663212 5686815 515783653
13 0 24915574 5686815 490950355 5686815 515865929
14 0 24696986 5686815 491238590 5686815 515935576
15 0 24485026 5686815 491531974 5686815 516017000
16 0 24269882 5686815 491817450 5686815 516087332
17 0 24068979 5686815 492099963 5686815 516168942
18 0 23855668 5686815 492402124 5686815 516257792
19 0 23622043 5686815 492706044 5686815 516328087
20 0 23422380 5686815 492986669 5686815 516409049
21 0 23197329 5686815 493282941 5686815 516480270
22 0 22911501 5686815 493649656 5686815 516561157
23 0 22695282 5686815 493936744 5686815 516632026
24 0 22509767 5686815 494215276 5686815 516725043
25 0 22290586 5686815 494516363 5686815 516806949
26 0 22033294 5686815 494844227 5686815 516877521
27 0 21832280 5686815 495126129 5686815 516958409
28 0 21612043 5686815 495426364 5686815 517038407
29 0 21422454 5686815 495705322 5686815 517127776
30 0 21210420 5686815 495989132 5686815 517199552
31 0 21000777 5686815 496280959 5686815 517281736
32 0 20810558 5686815 496567510 5686815 517378068
1 0 26614024 5686822 266975749 5686822 293589773
2 0 25686560 5686822 267984323 5686822 293670883
3 0 25426509 5686822 268330428 5686822 293756937
4 0 25188569 5686822 268651255 5686822 293839824
5 0 24978147 5686822 268940639 5686822 293918786
6 0 24786558 5686822 269225893 5686822 294012451
7 0 24565877 5686822 269517554 5686822 294083431
8 0 24351455 5686822 269815456 5686822 294166911
9 0 24052035 5686822 270185449 5686822 294237484
10 0 23842780 5686822 270484702 5686822 294327482
11 0 23626858 5686822 270796104 5686822 294422962
12 0 23382640 5686822 271117394 5686822 294500034
13 0 23176995 5686822 271403556 5686822 294580551
14 0 22960407 5686822 271690384 5686822 294650791
15 0 22748782 5686822 271984767 5686822 294733549
16 0 22530526 5686822 272273225 5686822 294803751
17 0 22326197 5686822 272559775 5686822 294885972
18 0 22108385 5686822 272866603 5686822 294974988
19 0 21890687 5686822 273165393 5686822 295056080
20 0 21694227 5686822 273446277 5686822 295140504
21 0 21468546 5686822 273743586 5686822 295212132
22 0 21188903 5686822 274104746 5686822 295293649
23 0 20971740 5686822 274394019 5686822 295365759
24 0 20781466 5686822 274678884 5686822 295460350
25 0 20563137 5686822 274980526 5686822 295543663
26 0 20312975 5686822 275305261 5686822 295618236
27 0 20117664 5686822 275588552 5686822 295706216
28 0 19900649 5686822 275884806 5686822 295785455
29 0 19710689 5686822 276163875 5686822 295874564
30 0 19500323 5686822 276445610 5686822 295945933
31 0 19291957 5686822 276738975 5686822 296030932
32 0 19087701 5686822 277025433 5686822 296113134
1 0 18181552 5686829 42285024 5686829 60466576
2 0 17488045 5686829 43035492 5686829 60523537
3 0 17323752 5686829 43257747 5686829 60581499
4 0 17170644 5686829 43480558 5686829 60651202
5 0 16981666 5686829 43719850 5686829 60701516
6 0 16830910 5686829 43940734 5686829 60771644
7 0 16676320 5686829 44144305 5686829 60820625
8 0 16530471 5686829 44346412 5686829 60876883
9 0 16373511 5686829 44551871 5686829 60925382
10 0 16236846 5686829 44753090 5686829 60989936
11 0 16085035 5686829 44974048 5686829 61059083
12 0 15913389 5686829 45198063 5686829 61111452
13 0 15779244 5686829 45390596 5686829 61169840
14 0 15633395 5686829 45584426 5686829 61217821
15 0 15493564 5686829 45780126 5686829 61273690
16 0 15348215 5686829 45973974 5686829 61322189
17 0 15215421 5686829 46162286 5686829 61377707
18 0 15070887 5686829 46367504 5686829 61438391
19 0 14913223 5686829 46574037 5686829 61487260
20 0 14781225 5686829 46764034 5686829 61545259
21 0 14626654 5686829 46969641 5686829 61596295
22 0 14424102 5686829 47227729 5686829 61651831
23 0 14278660 5686829 47421744 5686829 61700404
24 0 14156460 5686829 47609166 5686829 61765626
25 0 14012629 5686829 47812144 5686829 61824773
26 0 13838947 5686829 48037084 5686829 61876031
27 0 14052164 5686829 48229507 5686829 62281671
28 0 13901983 5686829 48429595 5686829 62331578
29 0 13781337 5686829 48620610 5686829 62401947
30 0 13639784 5686829 48810681 5686829 62450465
31 0 13499972 5686829 49007825 5686829 62507797
32 0 13354048 5686829 49202933 5686829 62556981
1 0 33490563 5686835 886955268 5686835 920445831
2 0 32597302 5686835 887953879 5686835 920551181
3 0 32373973 5686835 888293206 5686835 920667179
4 0 32163699 5686835 888614293 5686835 920777992
5 0 31967851 5686835 888905047 5686835 920872898
6 0 31804262 5686835 889191541 5686835 920995803
7 0 31616579 5686835 889481888 5686835 921098467
8 0 31441342 5686835 889768438 5686835 921209780
9 0 31153366 5686835 890150561 5686835 921303927
10 0 30970740 5686835 890459814 5686835 921430554
11 0 30791225 5686835 890768438 5686835 921559663
12 0 30568729 5686835 891099006 5686835 921667735
13 0 30391547 5686835 891386667 5686835 921778214
14 0 30199050 5686835 891675273 5686835 921874323
15 0 29989906 5686835 891992138 5686835 921982044
16 0 29698467 5686835 892378871 5686835 922077338
17 0 29444879 5686835 892755457 5686835 922200336
18 0 29165217 5686835 893152894 5686835 922318111
19 0 28863316 5686835 893551775 5686835 922415091
20 0 28595395 5686835 893927287 5686835 922522682
21 0 28297289 5686835 894321187 5686835 922618476
22 0 27929315 5686835 894797252 5686835 922726567
23 0 27639394 5686835 895181838 5686835 922821232
24 0 27393361 5686835 895552072 5686835 922945433
25 0 27105423 5686835 895947564 5686835 923052987
26 0 26771966 5686835 896373649 5686835 923145615
27 0 26510619 5686835 896745642 5686835 923256261
28 0 26222994 5686835 897137320 5686835 923360314
29 0 25973703 5686835 897504054 5686835 923477757
30 0 25690171 5686835 897879454 5686835 923569625
31 0 25414973 5686835 898263558 5686835 923678531
32 0 25140348 5686835 898645884 5686835 923786232
1 0 27017350 5686842 716974893 5686842 743992243
2 0 26086905 5686842 717984448 5686842 744071353
3 0 25833002 5686842 718325349 5686842 744158351
4 0 25598118 5686842 718646954 5686842 744245072
5 0 25378473 5686842 718941949 5686842 744320422
6 0 25184013 5686842 719231481 5686842 744415494
7 0 24970536 5686842 719521494 5686842 744492030
8 0 24765873 5686842 719809229 5686842 744575102
9 0 24457953 5686842 720188259 5686842 744646212
10 0 24241124 5686842 720497401 5686842 744738525
11 0 24019646 5686842 720814655 5686842 744834301
12 0 23766004 5686842 721147463 5686842 744913467
13 0 23567118 5686842 721434254 5686842 745001372
14 0 23346234 5686842 721725730 5686842 745071964
15 0 23135719 5686842 722020373 5686842 745156092
16 0 22919038 5686842 722309460 5686842 745228498
17 0 22718541 5686842 722592677 5686842 745311218
18 0 22505453 5686842 722894875 5686842 745400328
19 0 22271920 5686842 723198814 5686842 745470734
20 0 22069072 5686842 723483883 5686842 745552955
21 0 21844817 5686842 723780581 5686842 745625398
22 0 21560748 5686842 724146519 5686842 745707267
23 0 21340066 5686842 724439921 5686842 745779987
24 0 21168126 5686842 724720971 5686842 745889097
25 0 20946093 5686842 725025854 5686842 745971947
26 0 20687338 5686842 725355496 5686842 746042834
27 0 20484027 5686842 725641010 5686842 746125037
28 0 20259679 5686842 725945504 5686842 746205183
29 0 20070331 5686842 726225425 5686842 746295756
30 0 19854113 5686842 726514123 5686842 746368236
31 0 19645617 5686842 726805932 5686842 746451549
32 0 19439083 5686842 727094631 5686842 746533714
1 0 29284438 5686849 521902814 5686849 551187252
2 0 28082978 5686849 523187198 5686849 551270176
3 0 27721929 5686849 523633801 5686849 551355730
4 0 27386121 5686849 524055645 5686849 551441766
5 0 27069331 5686849 524444841 5686849 551514172
6 0 26782132 5686849 524825723 5686849 551607855
7 0 26479342 5686849 525207734 5686849 551687076
8 0 26179273 5686849 525592635 5686849 551771908
9 0 25863501 5686849 525978498 5686849 551841999
10 0 25574488 5686849 526358065 5686849 551932553
11 0 25272827 5686849 526768502 5686849 552041329
12 0 24917445 5686849 527202845 5686849 552120290
13 0 24622487 5686849 527587135 5686849 552209622
14 0 24312104 5686849 527969387 5686849 552281491
15 0 24005166 5686849 528361120 5686849 552366286
16 0 23693337 5686849 528745095 5686849 552438432
17 0 23401602 5686849 529117699 5686849 552519301
18 0 23091127 5686849 529517691 5686849 552608818
19 0 22761337 5686849 529918332 5686849 552679669
20 0 22265087 5686849 530496636 5686849 552761723
21 0 21926445 5686849 530909036 5686849 552835481
22 0 21524212 5686849 531391971 5686849 552916183
23 0 21209125 5686849 531778131 5686849 552987256
24 0 20928852 5686849 532153883 5686849 553082735
25 0 20663690 5686849 532502284 5686849 553165974
26 0 20309327 5686849 532927461 5686849 553236788
27 0 20103422 5686849 533217475 5686849 553320897
28 0 19882019 5686849 533519321 5686849 553401340
29 0 19689375 5686849 533801093 5686849 553490468
30 0 19474453 5686849 534086347 5686849 553560800
31 0 19261883 5686849 534381416 5686849 553643299
32 0 19060109 5686849 534670225 5686849 553730334
1 0 26855742 5686856 297131914 5686856 323987656
2 0 25920241 5686856 298150025 5686856 324070266
3 0 25667097 5686856 298492093 5686856 324159190
4 0 25433547 5686856 298808994 5686856 324242541
5 0 25203365 5686856 299110841 5686856 324314206
6 0 25008351 5686856 299397687 5686856 324406038
7 0 24794929 5686856 299687922 5686856 324482851
8 0 24592543 5686856 299973510 5686856 324566053
9 0 24288716 5686856 300348132 5686856 324636848
10 0 24087089 5686856 300643183 5686856 324730272
11 0 23879038 5686856 300952084 5686856 324831122
12 0 23623061 5686856 301286078 5686856 324909139
13 0 23434213 5686856 301570202 5686856 325004415
14 0 23217550 5686856 301857438 5686856 325074988
15 0 23001517 5686856 302154821 5686856 325156338
16 0 22785039 5686856 302442205 5686856 325227244
17 0 22578377 5686856 302731292 5686856 325309669
18 0 22365473 5686856 303032731 5686856 325398204
19 0 22129719 5686856 303339151 5686856 325468870
20 0 21932203 5686856 303622572 5686856 325554775
21 0 21705745 5686856 303920066 5686856 325625811
22 0 21408658 5686856 304297911 5686856 325706569
23 0 21194477 5686856 304585035 5686856 325779512
24 0 21007072 5686856 304866049 5686856 325873121
25 0 20788650 5686856 305166599 5686856 325955249
26 0 20536674 5686856 305491296 5686856 326027970
27 0 20336345 5686856 305774161 5686856 326110506
28 0 20113293 5686856 306076767 5686856 326190060
29 0 19918944 5686856 306358262 5686856 326277206
30 0 19702412 5686856 306645608 5686856 326348020
31 0 19485268 5686856 306944862 5686856 326430130
32 0 19284104 5686856 307232542 5686856 326516646
1 0 27100774 5686863 97373011 5686863 124473785
2 0 26161940 5686863 98393788 5686863 124555728
3 0 25907852 5686863 98733689 5686863 124641541
4 0 25671282 5686863 99054887 5686863 124726169
5 0 25447287 5686863 99350492 5686863 124797779
6 0 25254697 5686863 99636654 5686863 124891351
7 0 25043702 5686863 99924889 5686863 124968591
8 0 24733448 5686863 100317771 5686863 125051219
9 0 24500137 5686863 100622210 5686863 125122347
10 0 24305067 5686863 100910019 5686863 125215086
11 0 24091127 5686863 101220513 5686863 125311640
12 0 23839576 5686863 101549618 5686863 125389194
13 0 23638172 5686863 101837187 5686863 125475359
14 0 23425195 5686863 102127515 5686863 125552710
15 0 23213458 5686863 102422343 5686863 125635801
16 0 23009221 5686863 102710337 5686863 125719558
17 0 22808576 5686863 102992666 5686863 125801242
18 0 22598599 5686863 103294919 5686863 125893518
19 0 22370492 5686863 103595265 5686863 125965757
20 0 22170014 5686863 103878816 5686863 126048830
21 0 21944944 5686863 104177477 5686863 126122421
22 0 21658931 5686863 104548970 5686863 126207901
23 0 21441676 5686863 104839520 5686863 126281196
24 0 21255605 5686863 105121404 5686863 126377009
25 0 21037202 5686863 105425583 5686863 126462785
26 0 20781892 5686863 105753281 5686863 126535173
27 0 20579007 5686863 106039831 5686863 126618838
28 0 20365826 5686863 106334270 5686863 126700096
29 0 20174792 5686863 106613969 5686863 126788761
30 0 19959444 5686863 106901482 5686863 126860926
31 0 19748689 5686863 107195328 5686863 126944017
32 0 19541692 5686863 107483712 5686863 127025404
1 0 30991128 5686869 921871969 5686869 952863097
2 0 29811354 5686869 923131909 5686869 952943263
3 0 29452156 5686869 923576864 5686869 953029020
4 0 29112163 5686869 924002393 5686869 953114556
5 0 28793077 5686869 924394200 5686869 953187277
6 0 28509452 5686869 924776600 5686869 953286052
7 0 28191550 5686869 925166964 5686869 953358514
8 0 27907649 5686869 925547771 5686869 953455420
9 0 27592043 5686869 925933857 5686869 953525900
10 0 27307659 5686869 926310739 5686869 953618398
11 0 26997869 5686869 926718101 5686869 953715970
12 0 26651431 5686869 927148927 5686869 953800358
13 0 26350918 5686869 927532420 5686869 953883338
14 0 26038276 5686869 927916320 5686869 953954596
15 0 25731504 5686869 928305442 5686869 954036946
16 0 25424991 5686869 928686250 5686869 954111241
17 0 25132404 5686869 929061243 5686869 954193647
18 0 24818076 5686869 929464328 5686869 954282404
19 0 24485194 5686869 929868413 5686869 954353607
20 0 23892334 5686869 930545160 5686869 954437494
21 0 23550859 5686869 930959819 5686869 954510678
22 0 23171236 5686869 931422903 5686869 954594139
23 0 22840705 5686869 931825118 5686869 954665823
24 0 22565915 5686869 932196203 5686869 954762118
25 0 22220217 5686869 932623955 5686869 954844172
26 0 21953055 5686869 932963152 5686869 954916207
27 0 21750078 5686869 933249091 5686869 954999169
28 0 21529396 5686869 933547882 5686869 955077278
29 0 21337623 5686869 933828895 5686869 955166518
30 0 21124201 5686869 934114260 5686869 955238461
31 0 20912371 5686869 934408496 5686869 955320867
32 0 20717467 5686869 934698972 5686869 955416439
1 0 26937537 5686876 717099783 5686876 744037320
2 0 26020850 5686876 718098802 5686876 744119652
3 0 25764966 5686876 718440962 5686876 744205928
4 0 25527785 5686876 718765456 5686876 744293241
5 0 25301474 5686876 719063636 5686876 744365110
6 0 25121756 5686876 719350945 5686876 744472701
7 0 24910352 5686876 719640218 5686876 744550570
8 0 24708578 5686876 719925990 5686876 744634568
9 0 24400065 5686876 720306113 5686876 744706178
10 0 24196903 5686876 720601366 5686876 744798269
11 0 23981536 5686876 720912953 5686876 744894489
12 0 23733652 5686876 721242503 5686876 744976155
13 0 23527044 5686876 721533720 5686876 745060764
14 0 23309233 5686876 721823585 5686876 745132818
15 0 23094312 5686876 722121190 5686876 745215502
16 0 22876149 5686876 722409759 5686876 745285908
17 0 22680801 5686876 722689624 5686876 745370425
18 0 22469767 5686876 722990304 5686876 745460071
19 0 22235142 5686876 723295576 5686876 745530718
20 0 22034554 5686876 723579107 5686876 745613661
21 0 21807002 5686876 723878306 5686876 745685308
22 0 21520564 5686876 724247854 5686876 745768418
23 0 21302123 5686876 724538960 5686876 745841083
24 0 21115330 5686876 724824344 5686876 745939674
25 0 20898612 5686876 725127949 5686876 746026561
26 0 20645432 5686876 725454165 5686876 746099597
27 0 20443102 5686876 725739623 5686876 746182725
28 0 20230865 5686876 726035821 5686876 746266686
29 0 20039906 5686876 726316371 5686876 746356277
30 0 19830502 5686876 726598607 5686876 746429109
31 0 19632432 5686876 726891268 5686876 746523700
32 0 19425657 5686876 727181189 5686876 746606846
1 0 28321807 5686883 507089452 5686883 535411259
2 0 27396343 5686883 508096600 5686883 535492943
3 0 27143848 5686883 508437390 5686883 535581238
4 0 26910963 5686883 508756440 5686883 535667403
5 0 26688263 5686883 509052953 5686883 535741216
6 0 26496174 5686883 509343244 5686883 535839418
7 0 26274864 5686883 509635664 5686883 535910528
8 0 26069646 5686883 509923714 5686883 535993360
9 0 25690320 5686883 510374761 5686883 536065081
10 0 25483786 5686883 510674052 5686883 536157838
11 0 25265012 5686883 510987176 5686883 536252188
12 0 25014647 5686883 511316355 5686883 536331002
13 0 24814705 5686883 511605702 5686883 536420407
14 0 24595395 5686883 511895455 5686883 536490850
15 0 24380695 5686883 512192598 5686883 536573293
16 0 24160237 5686883 512482907 5686883 536643144
17 0 23955833 5686883 512769421 5686883 536725254
18 0 23751781 5686883 513077915 5686883 536829696
19 0 23512397 5686883 513388594 5686883 536900991
20 0 23317733 5686883 513669256 5686883 536986989
21 0 23084627 5686883 513975028 5686883 537059655
22 0 22813354 5686883 514333355 5686883 537146709
23 0 22590895 5686883 514628442 5686883 537219337
24 0 22403547 5686883 514912214 5686883 537315761
25 0 22182477 5686883 515215986 5686883 537398463
26 0 21923501 5686883 515546202 5686883 537469703
27 0 21722319 5686883 515830864 5686883 537553183
28 0 21502823 5686883 516132284 5686883 537635107
29 0 21309864 5686883 516414760 5686883 537724624
30 0 21095756 5686883 516701607 5686883 537797363
31 0 20881242 5686883 516999249 5686883 537880491
32 0 20672672 5686883 517289855 5686883 537962527
1 0 26716671 5686890 307360742 5686890 334077413
2 0 25799502 5686890 308356576 5686890 334156078
3 0 25534841 5686890 308707384 5686890 334242225
4 0 25303400 5686890 309027656 5686890 334331056
5 0 25085368 5686890 309320854 5686890 334406222
6 0 24886872 5686890 309610478 5686890 334497350
7 0 24675782 5686890 309898640 5686890 334574422
8 0 24341270 5686890 310316688 5686890 334657958
9 0 24115219 5686890 310613293 5686890 334728512
10 0 23926556 5686890 310906028 5686890 334832584
11 0 23712781 5686890 311218986 5686890 334931767
12 0 23467953 5686890 311541165 5686890 335009118
13 0 23267901 5686890 311825623 5686890 335093524
14 0 23051276 5686890 312114228 5686890 335165504
15 0 22842242 5686890 312407001 5686890 335249243
16 0 22628042 5686890 312694329 5686890 335322371
17 0 22426121 5686890 312982101 5686890 335408222
18 0 22207440 5686890 313291484 5686890 335498924
19 0 21973314 5686890 313596516 5686890 335569830
20 0 21773226 5686890 313877621 5686890 335650847
21 0 21546507 5686890 314177653 5686890 335724160
22 0 21265012 5686890 314542554 5686890 335807566
23 0 21047072 5686890 314832826 5686890 335879898
24 0 20858872 5686890 315119339 5686890 335978211
25 0 20625691 5686890 315436167 5686890 336061858
26 0 20373622 5686890 315761216 5686890 336134838
27 0 20171144 5686890 316046877 5686890 336218021
28 0 19958018 5686890 316345187 5686890 336303205
29 0 19766392 5686890 316626478 5686890 336392870
30 0 19553785 5686890 316911324 5686890 336465109
31 0 19349030 5686890 317205430 5686890 336554460
32 0 19147866 5686890 317491573 5686890 336639439
1 0 34096496 5686897 156993392 5686897 191089888
2 0 33185236 5686897 158008132 5686897 191193368
3 0 32959184 5686897 158349996 5686897 191309180
4 0 32750170 5686897 158673786 5686897 191423956
5 0 32548376 5686897 158969985 5686897 191518361
6 0 32379066 5686897 159260238 5686897 191639304
7 0 32184902 5686897 159556622 5686897 191741524
8 0 32007462 5686897 159843616 5686897 191851078
9 0 31717559 5686897 160226554 5686897 191944113
10 0 31540674 5686897 160526585 5686897 192067259
11 0 31349400 5686897 160840542 5686897 192189942
12 0 31121311 5686897 161170036 5686897 192291347
13 0 30942685 5686897 161459253 5686897 192401938
14 0 30748466 5686897 161747100 5686897 192495566
15 0 30507285 5686897 162097741 5686897 192605026
16 0 30210420 5686897 162487345 5686897 192697765
17 0 29941814 5686897 162865301 5686897 192807115
18 0 29659190 5686897 163267127 5686897 192926317
19 0 29348103 5686897 163672971 5686897 193021074
20 0 29080200 5686897 164050224 5686897 193130424
21 0 28779651 5686897 164448790 5686897 193228441
22 0 28408954 5686897 164933874 5686897 193342828
23 0 28133459 5686897 165319163 5686897 193452622
24 0 27883205 5686897 165694211 5686897 193577416
25 0 27592524 5686897 166094908 5686897 193687432
26 0 27253549 5686897 166526270 5686897 193779819
27 0 26984165 5686897 166905152 5686897 193889317
28 0 26684949 5686897 167310274 5686897 193995223
29 0 26426361 5686897 167685378 5686897 194111739
30 0 26138885 5686897 168066075 5686897 194204960
31 0 25859131 5686897 168455327 5686897 194314458
32 0 25585858 5686897 168835542 5686897 194421400
1 0 35610301 5686903 952053460 5686903 987663761
2 0 34407324 5686903 953361824 5686903 987769148
3 0 34067626 5686903 953815168 5686903 987882794
4 0 33752095 5686903 954244919 5686903 987997014
5 0 33453398 5686903 954639226 5686903 988092624
6 0 33191920 5686903 955026701 5686903 988218621
7 0 32904833 5686903 955414286 5686903 988319119
8 0 32633301 5686903 955798094 5686903 988431395
9 0 32345436 5686903 956180679 5686903 988526115
10 0 32090756 5686903 956555783 5686903 988646539
11 0 31820427 5686903 956967461 5686903 988787888
12 0 31493841 5686903 957398694 5686903 988892535
13 0 31203883 5686903 957798464 5686903 989002347
14 0 30918703 5686903 958182346 5686903 989101049
15 0 30638671 5686903 958571598 5686903 989210269
16 0 30353825 5686903 958951424 5686903 989305249
17 0 30079682 5686903 959333380 5686903 989413062
18 0 29798761 5686903 959732502 5686903 989531263
19 0 29335159 5686903 960290492 5686903 989625651
20 0 29062534 5686903 960672244 5686903 989734778
21 0 28759170 5686903 961070755 5686903 989829925
22 0 28396584 5686903 961544172 5686903 989940756
23 0 28160606 5686903 961927758 5686903 990088364
24 0 27917370 5686903 962304288 5686903 990221658
25 0 27628635 5686903 962705151 5686903 990333786
26 0 27288419 5686903 963140143 5686903 990428562
27 0 27020720 5686903 963517191 5686903 990537911
28 0 26727615 5686903 963916424 5686903 990644039
29 0 26474601 5686903 964290843 5686903 990765444
30 0 26190903 5686903 964670984 5686903 990861887
31 0 25915000 5686903 965057885 5686903 990972885
32 0 25639246 5686903 965442192 5686903 991081438
1 0 37154958 5686910 752143043 5686910 789298001
2 0 35968757 5686910 753438223 5686910 789406980
3 0 35637097 5686910 753884585 5686910 789521682
4 0 35326510 5686910 754310225 5686910 789636735
5 0 35030479 5686910 754703477 5686910 789733956
6 0 34775539 5686910 755085729 5686910 789861268
7 0 34479119 5686910 755476370 5686910 789955489
8 0 34323769 5686910 755854030 5686910 790177799
9 0 34037867 5686910 756237134 5686910 790275001
10 0 33791114 5686910 756614441 5686910 790405555
11 0 33529007 5686910 757020378 5686910 790549385
12 0 33202550 5686910 757452944 5686910 790655494
13 0 32935481 5686910 757833067 5686910 790768548
14 0 32644801 5686910 758216949 5686910 790861750
15 0 32363270 5686910 758606904 5686910 790970174
16 0 32079645 5686910 758985342 5686910 791064987
17 0 31818113 5686910 759356890 5686910 791175003
18 0 31540377 5686910 759753642 5686910 791294019
19 0 31168143 5686910 760221282 5686910 791389425
20 0 30896519 5686910 760601349 5686910 791497868
21 0 30595154 5686910 761003915 5686910 791599069
22 0 30235753 5686910 761470666 5686910 791706419
23 0 29948666 5686910 761852085 5686910 791800751
24 0 29702467 5686910 762225615 5686910 791928082
25 0 29411583 5686910 762626941 5686910 792038524
26 0 29072664 5686910 763060766 5686910 792133430
27 0 28812039 5686910 763436852 5686910 792248891
28 0 28515637 5686910 763838196 5686910 792353833
29 0 28262864 5686910 764207874 5686910 792470738
30 0 27975481 5686910 764588793 5686910 792564274
31 0 27695263 5686910 764977527 5686910 792672790
32 0 27423083 5686910 765358816 5686910 792781899
1 0 26348548 5686917 607114086 5686917 633462634
2 0 25456119 5686917 608088291 5686917 633544410
3 0 25203069 5686917 608426321 5686917 633629390
4 0 24969184 5686917 608744223 5686917 633713407
5 0 24756244 5686917 609041680 5686917 633797924
6 0 24558358 5686917 609329064 5686917 633887422
7 0 24343326 5686917 609620299 5686917 633963625
8 0 24138459 5686917 609905146 5686917 634043605
9 0 23833391 5686917 610279268 5686917 634112659
10 0 23641802 5686917 610567226 5686917 634209028
11 0 23430176 5686917 610873831 5686917 634304007
12 0 23182643 5686917 611198844 5686917 634381487
13 0 22975184 5686917 611487709 5686917 634462893
14 0 22760410 5686917 611770593 5686917 634531003
15 0 22548341 5686917 612063420 5686917 634611761
16 0 22330048 5686917 612350582 5686917 634680630
17 0 22130459 5686917 612631095 5686917 634761554
18 0 21917945 5686917 612931867 5686917 634849812
19 0 21687079 5686917 613235306 5686917 634922385
20 0 21483897 5686917 613520338 5686917 635004235
21 0 21258401 5686917 613816555 5686917 635074956
22 0 20966962 5686917 614189307 5686917 635156269
23 0 20752985 5686917 614475394 5686917 635228379
24 0 20563192 5686917 614757000 5686917 635320192
25 0 20343067 5686917 615058420 5686917 635401487
26 0 20080812 5686917 615389470 5686917 635470282
27 0 19881705 5686917 615669631 5686917 635551336
28 0 19666172 5686917 615964107 5686917 635630279
29 0 19486990 5686917 616243769 5686917 635730759
30 0 19271457 5686917 616530467 5686917 635801924
31 0 19066516 5686917 616820443 5686917 635886959
32 0 18856260 5686917 617111642 5686917 635967902
1 0 37073478 5686924 471660746 5686924 508734224
2 0 35910962 5686924 472925686 5686924 508836648
3 0 35574839 5686924 473372992 5686924 508947831
4 0 35256716 5686924 473800632 5686924 509057348
5 0 34964998 5686924 474186144 5686924 509151142
6 0 34711540 5686924 474565433 5686924 509276973
7 0 34418083 5686924 474951667 5686924 509369750
8 0 34147310 5686924 475329308 5686924 509476618
9 0 33859408 5686924 475710486 5686924 509569894
10 0 33602469 5686924 476084497 5686924 509686966
11 0 33338992 5686924 476487879 5686924 509826871
12 0 33012220 5686924 476919223 5686924 509931443
13 0 33053960 5686924 477300290 5686924 510354250
14 0 32775706 5686924 477677097 5686924 510452803
15 0 32499970 5686924 478061535 5686924 510561505
16 0 32217957 5686924 478437583 5686924 510655540
17 0 31954944 5686924 478807891 5686924 510762835
18 0 31679319 5686924 479199773 5686924 510879092
19 0 31372714 5686924 479598691 5686924 510971405
20 0 31108089 5686924 479970684 5686924 511078773
21 0 30688449 5686924 480483897 5686924 511172346
22 0 30329826 5686924 480948444 5686924 511278270
23 0 30039090 5686924 481331085 5686924 511370175
24 0 29788521 5686924 481705800 5686924 511494321
25 0 29497304 5686924 482105015 5686924 511602319
26 0 29163051 5686924 482530952 5686924 511694003
27 0 28893833 5686924 482906371 5686924 511800204
28 0 28607153 5686924 483297049 5686924 511904202
29 0 28351640 5686924 483668782 5686924 512020422
30 0 28065961 5686924 484047312 5686924 512113273
31 0 27785132 5686924 484437009 5686924 512222141
32 0 27511489 5686924 484818576 5686924 512330065
1 0 28133959 5686931 286743489 5686931 314877448
2 0 27218939 5686931 287736915 5686931 314955854
3 0 26967240 5686931 288077650 5686931 315044890
4 0 26734596 5686931 288394718 5686931 315129314
5 0 26513970 5686931 288686509 5686931 315200479
6 0 26317326 5686931 288972392 5686931 315289718
7 0 26106775 5686931 289258572 5686931 315365347
8 0 25906038 5686931 289541715 5686931 315447753
9 0 25691985 5686931 289829099 5686931 315521084
10 0 25394029 5686931 290218332 5686931 315612361
11 0 25183143 5686931 290537771 5686931 315720914
12 0 24933240 5686931 290865450 5686931 315798690
13 0 24734911 5686931 291150185 5686931 315885096
14 0 24520581 5686931 291435532 5686931 315956113
15 0 24312141 5686931 291725378 5686931 316037519
16 0 24097700 5686931 292010040 5686931 316107740
17 0 23897667 5686931 292290312 5686931 316187979
18 0 23688726 5686931 292586622 5686931 316275348
19 0 23460287 5686931 292886023 5686931 316346310
20 0 23263382 5686931 293163963 5686931 316427345
21 0 23037647 5686931 293461179 5686931 316498826
22 0 22756392 5686931 293822765 5686931 316579157
23 0 22542025 5686931 294108464 5686931 316650489
24 0 22358566 5686931 294386662 5686931 316745228
25 0 22143163 5686931 294684286 5686931 316827449
26 0 21887223 5686931 295011317 5686931 316898540
27 0 21688005 5686931 295292682 5686931 316980687
28 0 21471490 5686931 295588436 5686931 317059926
29 0 21280475 5686931 295867764 5686931 317148239
30 0 21066275 5686931 296152704 5686931 317218979
31 0 20859020 5686931 296441828 5686931 317300848
32 0 20654283 5686931 296728174 5686931 317382457
1 0 26388991 5686938 107155224 5686938 133544215
2 0 25469879 5686938 108155557 5686938 133625436
3 0 25210254 5686938 108500755 5686938 133711009
4 0 24972981 5686938 108823267 5686938 133796248
5 0 24752466 5686938 109116114 5686938 133868580
6 0 24555821 5686938 109403553 5686938 133959374
7 0 24345196 5686938 109692807 5686938 134038003
8 0 24154125 5686938 109979672 5686938 134133797
9 0 23847242 5686938 110357757 5686938 134204999
10 0 23652616 5686938 110643789 5686938 134296405
11 0 23438083 5686938 110954931 5686938 134393014
12 0 23195884 5686938 111279277 5686938 134475161
13 0 22995628 5686938 111564920 5686938 134560548
14 0 22776447 5686938 111854989 5686938 134631436
15 0 22567970 5686938 112148094 5686938 134716064
16 0 22355418 5686938 112433182 5686938 134788600
17 0 22159292 5686938 112712102 5686938 134871394
18 0 21951926 5686938 113009319 5686938 134961245
19 0 21719226 5686938 113311369 5686938 135030595
20 0 21516952 5686938 113595660 5686938 135112612
21 0 21292568 5686938 113891395 5686938 135183963
22 0 21002962 5686938 114262851 5686938 135265813
23 0 20773725 5686938 114562883 5686938 135336608
24 0 20585321 5686938 114845989 5686938 135431310
25 0 20364381 5686938 115150909 5686938 135515290
26 0 20109016 5686938 115477162 5686938 135586178
27 0 19905185 5686938 115762824 5686938 135668009
28 0 19686023 5686938 116061596 5686938 135747619
29 0 19491842 5686938 116344868 5686938 135836710
30 0 19278568 5686938 116631196 5686938 135909764
31 0 19062423 5686938 116929728 5686938 135992151
32 0 18858687 5686938 117218537 5686938 136077224
1 0 29526637 5686944 921674566 5686944 951201203
2 0 28331325 5686944 922948969 5686944 951280294
3 0 27967628 5686944 923397794 5686944 951365422
4 0 27627765 5686944 923821008 5686944 951448773
5 0 27308492 5686944 924211964 5686944 951520456
6 0 27016239 5686944 924596049 5686944 951612288
7 0 26711282 5686944 924978079 5686944 951689361
8 0 26416398 5686944 925355128 5686944 951771526
9 0 26102367 5686944 925740954 5686944 951843321
10 0 25816854 5686944 926118502 5686944 951935356
11 0 25504711 5686944 926526921 5686944 952031632
12 0 25156181 5686944 926955098 5686944 952111279
13 0 24867352 5686944 927331221 5686944 952198573
14 0 24556284 5686944 927712584 5686944 952268868
15 0 24247865 5686944 928102391 5686944 952350256
16 0 23937815 5686944 928482458 5686944 952420273
17 0 23647727 5686944 928854489 5686944 952502216
18 0 23340770 5686944 929251500 5686944 952592270
19 0 23014314 5686944 929651677 5686944 952665991
20 0 22564859 5686944 930183056 5686944 952747915
21 0 22216125 5686944 930604178 5686944 952820303
22 0 21825020 5686944 931077781 5686944 952902801
23 0 21528600 5686944 931457829 5686944 952986429
24 0 21243328 5686944 931836433 5686944 953079761
25 0 20923926 5686944 932239444 5686944 953163370
26 0 20558636 5686944 932675103 5686944 953233739
27 0 20344733 5686944 932970560 5686944 953315293
28 0 20121571 5686944 933274073 5686944 953395644
29 0 19927000 5686944 933556938 5686944 953483938
30 0 19709782 5686944 933844340 5686944 953554122
31 0 19499101 5686944 934136779 5686944 953635880
32 0 19292679 5686944 934424774 5686944 953717453
1 0 34711651 5686951 681568662 5686951 716280313
2 0 33536118 5686951 682847268 5686951 716383386
3 0 33202976 5686951 683294185 5686951 716497161
4 0 32891926 5686951 683717937 5686951 716609863
5 0 32593783 5686951 684112967 5686951 716706750
6 0 32328418 5686951 684499830 5686951 716828248
7 0 32045589 5686951 684884323 5686951 716929912
8 0 31776335 5686951 685263316 5686951 717039651
9 0 31489396 5686951 685644883 5686951 717134279
10 0 31232772 5686951 686022394 5686951 717255166
11 0 30950999 5686951 686429979 5686951 717380978
12 0 30627098 5686951 686863452 5686951 717490550
13 0 30353010 5686951 687246001 5686951 717599011
14 0 30065460 5686951 687628068 5686951 717693528
15 0 29783169 5686951 688017505 5686951 717800674
16 0 29497248 5686951 688400091 5686951 717897339
17 0 29231457 5686951 688776084 5686951 718007541
18 0 28952555 5686951 689173780 5686951 718126335
19 0 28642783 5686951 689578328 5686951 718221111
20 0 28374862 5686951 689954395 5686951 718329257
21 0 28022090 5686951 690403424 5686951 718425514
22 0 27670634 5686951 690877526 5686951 718548160
23 0 27383529 5686951 691258926 5686951 718642455
24 0 27132756 5686951 691634271 5686951 718767027
25 0 26839242 5686951 692036153 5686951 718875395
26 0 26498952 5686951 692469034 5686951 718967986
27 0 26233031 5686951 692843045 5686951 719076076
28 0 25945185 5686951 693238149 5686951 719183334
29 0 25686616 5686951 693614586 5686951 719301202
30 0 25397287 5686951 693996987 5686951 719394274
31 0 25120570 5686951 694383072 5686951 719503642
32 0 24847612 5686951 694765991 5686951 719613603
1 0 28270327 5686958 497233386 5686958 525503713
2 0 27358714 5686958 498226257 5686958 525584971
3 0 27102701 5686958 498569676 5686958 525672377
4 0 26861982 5686958 498895226 5686958 525757208
5 0 26639172 5686958 499190313 5686958 525829485
6 0 26442157 5686958 499478067 5686958 525920224
7 0 26225347 5686958 499771172 5686958 525996519
8 0 25927018 5686958 500154036 5686958 526081054
9 0 25689393 5686958 500463308 5686958 526152701
10 0 25490156 5686958 500752969 5686958 526243125
11 0 25278660 5686958 501064723 5686958 526343383
12 0 25026184 5686958 501394568 5686958 526420752
13 0 24826020 5686958 501680915 5686958 526506935
14 0 24594228 5686958 501984039 5686958 526578267
15 0 24381325 5686958 502280404 5686958 526661729
16 0 24164533 5686958 502567750 5686958 526732283
17 0 23966221 5686958 502847708 5686958 526813929
18 0 23754855 5686958 503149554 5686958 526904409
19 0 23521415 5686958 503453993 5686958 526975408
20 0 23321271 5686958 503737617 5686958 527058888
21 0 23096330 5686958 504033575 5686958 527129905
22 0 22813873 5686958 504398568 5686958 527212441
23 0 22594747 5686958 504688118 5686958 527282865
24 0 22421565 5686958 504968224 5686958 527389789
25 0 22200069 5686958 505273848 5686958 527473917
26 0 21944685 5686958 505600823 5686958 527545508
27 0 21740559 5686958 505886948 5686958 527627507
28 0 21521878 5686958 506185090 5686958 527706968
29 0 21333233 5686958 506465215 5686958 527798448
30 0 21120311 5686958 506749432 5686958 527869743
31 0 20909019 5686958 507042667 5686958 527951686
32 0 20707615 5686958 507331199 5686958 528038814
1 0 34914129 5686965 281657078 5686965 316571207
2 0 33733355 5686965 282942276 5686965 316675631
3 0 33396565 5686965 283393231 5686965 316789796
4 0 33084219 5686965 283815964 5686965 316900183
5 0 32782465 5686965 284212568 5686965 316995033
6 0 32521433 5686965 284594746 5686965 317116179
7 0 32235771 5686965 284980350 5686965 317216121
8 0 31966795 5686965 285358546 5686965 317325341
9 0 31676449 5686965 285742798 5686965 317419247
10 0 31418323 5686965 286120514 5686965 317538837
11 0 31135421 5686965 286527673 5686965 317663094
12 0 30813409 5686965 286957831 5686965 317771240
13 0 30538951 5686965 287338213 5686965 317877164
14 0 30264808 5686965 287721558 5686965 317986366
15 0 29982332 5686965 288111791 5686965 318094123
16 0 29688375 5686965 288498247 5686965 318186622
17 0 29422695 5686965 288872388 5686965 318295083
18 0 29143681 5686965 289270825 5686965 318414506
19 0 28838945 5686965 289668948 5686965 318507893
20 0 28411602 5686965 290203845 5686965 318615447
21 0 28094793 5686965 290615245 5686965 318710038
22 0 27724615 5686965 291094347 5686965 318818962
23 0 27431379 5686965 291482044 5686965 318913423
24 0 27180532 5686965 291857444 5686965 319037976
25 0 26889741 5686965 292258770 5686965 319148511
26 0 26555692 5686965 292686151 5686965 319241843
27 0 26291438 5686965 293063625 5686965 319355063
28 0 25997295 5686965 293461951 5686965 319459246
29 0 25740837 5686965 293836759 5686965 319577596
30 0 25456564 5686965 294215400 5686965 319671964
31 0 25180718 5686965 294599078 5686965 319779796
32 0 24907241 5686965 294981386 5686965 319888627
1 0 28275104 5686972 87196561 5686972 115471665
2 0 27363751 5686972 88187542 5686972 115551293
3 0 27113496 5686972 88525110 5686972 115638606
4 0 26878278 5686972 88843234 5686972 115721512
5 0 26653431 5686972 89140654 5686972 115794085
6 0 26462230 5686972 89428538 5686972 115890768
7 0 26240198 5686972 89722384 5686972 115962582
8 0 25950499 5686972 90093748 5686972 116044247
9 0 25705560 5686972 90409149 5686972 116114709
10 0 25506341 5686972 90698755 5686972 116205096
11 0 25298049 5686972 91008397 5686972 116306446
12 0 25043331 5686972 91341243 5686972 116384574
13 0 24836076 5686972 91631145 5686972 116467221
14 0 24615524 5686972 91920269 5686972 116535793
15 0 24405695 5686972 92211856 5686972 116617551
16 0 24188514 5686972 92498462 5686972 116686976
17 0 23988351 5686972 92778846 5686972 116767197
18 0 23787744 5686972 93080377 5686972 116868121
19 0 23557877 5686972 93385242 5686972 116943119
20 0 23359196 5686972 93667366 5686972 117026562
21 0 23127219 5686972 93971342 5686972 117098561
22 0 22849539 5686972 94331576 5686972 117181115
23 0 22634932 5686972 94618515 5686972 117253447
24 0 22450639 5686972 94899084 5686972 117349723
25 0 22231254 5686972 95201986 5686972 117433240
26 0 21976611 5686972 95527461 5686972 117504072
27 0 21774725 5686972 95811734 5686972 117586459
28 0 21556544 5686972 96109580 5686972 117666124
29 0 21363807 5686972 96391279 5686972 117755086
30 0 21146496 5686972 96678940 5686972 117825436
31 0 20939556 5686972 96971379 5686972 117910935
32 0 20737652 5686972 97259170 5686972 117996822
1 0 18302141 5686978 862414790 5686978 880716931
2 0 17688042 5686978 863085277 5686978 880773319
3 0 17540304 5686978 863294366 5686978 880834670
4 0 17387714 5686978 863506844 5686978 880894558
5 0 17243642 5686978 863701470 5686978 880945112
6 0 17117386 5686978 863892059 5686978 881009445
7 0 16978721 5686978 864085111 5686978 881063832
8 0 16845836 5686978 864274866 5686978 881120702
9 0 16701949 5686978 864467715 5686978 881169664
10 0 16583914 5686978 864654971 5686978 881238885
11 0 16451268 5686978 864857930 5686978 881309198
12 0 16290494 5686978 865073185 5686978 881363679
13 0 16159089 5686978 865263626 5686978 881422715
14 0 16017295 5686978 865454808 5686978 881472103
15 0 15894242 5686978 865648452 5686978 881542694
16 0 15751522 5686978 865840356 5686978 881591878
17 0 15619302 5686978 866029149 5686978 881648451
18 0 15477639 5686978 866232052 5686978 881709691
19 0 15325308 5686978 866433530 5686978 881758838
20 0 15195977 5686978 866620934 5686978 881816911
21 0 15048350 5686978 866818060 5686978 881866410
22 0 14861094 5686978 867064278 5686978 881925372
23 0 14721671 5686978 867255126 5686978 881976797
24 0 14606117 5686978 867439845 5686978 882045962
25 0 14463713 5686978 867641119 5686978 882104832
26 0 14294549 5686978 867861152 5686978 882155701
27 0 14164478 5686978 868048389 5686978 882212867
28 0 14387918 5686978 868246682 5686978 882634600
29 0 14266846 5686978 868435863 5686978 882702709
30 0 14125219 5686978 868626230 5686978 882751449
31 0 13995573 5686978 868820282 5686978 882815855
32 0 13854001 5686978 869012353 5686978 882866354
1 0 26343232 5686985 697134468 5686985 723477700
2 0 25413676 5686985 698142301 5686985 723555977
3 0 25157958 5686985 698486387 5686985 723644345
4 0 24916037 5686985 698812622 5686985 723728659
5 0 24693153 5686985 699109375 5686985 723802528
6 0 24500248 5686985 699396574 5686985 723896822
7 0 24287605 5686985 699685031 5686985 723972636
8 0 24086627 5686985 699969822 5686985 724056449
9 0 23782169 5686985 700346167 5686985 724128336
10 0 23585117 5686985 700639514 5686985 724224631
11 0 23368343 5686985 700951434 5686985 724319777
12 0 23117738 5686985 701278705 5686985 724396443
13 0 22916815 5686985 701567219 5686985 724484034
14 0 22709764 5686985 701857250 5686985 724567014
15 0 22497119 5686985 702152634 5686985 724649753
16 0 22278827 5686985 702442887 5686985 724721714
17 0 22078849 5686985 702724956 5686985 724803805
18 0 21867705 5686985 703024358 5686985 724892063
19 0 21632487 5686985 703332149 5686985 724964636
20 0 21430917 5686985 703616273 5686985 725047190
21 0 21201977 5686985 703917156 5686985 725119133
22 0 20920093 5686985 704285557 5686985 725205650
23 0 20699301 5686985 704576218 5686985 725275519
24 0 20512322 5686985 704857917 5686985 725370239
25 0 20296586 5686985 705156411 5686985 725452997
26 0 20036720 5686985 705486479 5686985 725523199
27 0 19832354 5686985 705771937 5686985 725604291
28 0 19610728 5686985 706073561 5686985 725684289
29 0 19418862 5686985 706354611 5686985 725773473
30 0 19202402 5686985 706642143 5686985 725844545
31 0 18990777 5686985 706936785 5686985 725927562
32 0 18779151 5686985 707230169 5686985 726009320
