1 0 44150587 5686992 507824275 5686992 551974862
2 0 43235845 5686992 508820701 5686992 552056546
3 0 42966535 5686992 509176454 5686992 552142989
4 0 42745372 5686992 509480226 5686992 552225598
5 0 42521525 5686992 509789294 5686992 552310819
6 0 42226845 5686992 510156121 5686992 552382966
7 0 42010368 5686992 510459596 5686992 552469964
8 0 41807205 5686992 510747387 5686992 552554592
9 0 41591876 5686992 511033604 5686992 552625480
10 0 41383176 5686992 511338765 5686992 552721941
11 0 41163679 5686992 511631575 5686992 552795254
12 0 40952813 5686992 511926125 5686992 552878938
13 0 40743836 5686992 512209045 5686992 552952881
14 0 40558357 5686992 512496744 5686992 553055101
15 0 40346343 5686992 512792664 5686992 553139007
16 0 40143309 5686992 513074900 5686992 553218209
17 0 39940258 5686992 513361079 5686992 553301337
18 0 39709781 5686992 513662666 5686992 553372447
19 0 39490915 5686992 513966753 5686992 553457668
20 0 39270863 5686992 514258544 5686992 553529407
21 0 39055997 5686992 514559946 5686992 553615943
22 0 38778909 5686992 514927736 5686992 553706645
23 0 38565413 5686992 515212619 5686992 553778032
24 0 38341177 5686992 515521076 5686992 553862253
25 0 38136403 5686992 515804867 5686992 553941270
26 0 37927962 5686992 516096381 5686992 554024343
27 0 37704762 5686992 516392542 5686992 554097304
28 0 37514470 5686992 516673981 5686992 554188451
29 0 37310325 5686992 516960124 5686992 554270449
30 0 37087589 5686992 517254266 5686992 554341855
31 0 36882574 5686992 517548187 5686992 554430761
32 0 36682152 5686992 517828182 5686992 554510334
33 0 36483785 5686992 518111121 5686992 554594906
34 0 36260438 5686992 518417800 5686992 554678238
35 0 36061997 5686992 518702480 5686992 554764477
36 0 35860093 5686992 518988716 5686992 554848809
37 0 35622042 5686992 519301765 5686992 554923807
38 0 35435379 5686992 519590167 5686992 555025546
39 0 35228234 5686992 519870292 5686992 555098526
40 0 34975610 5686992 520212563 5686992 555188173
41 0 34757465 5686992 520502725 5686992 555260190
42 0 34558358 5686992 520789053 5686992 555347411
43 0 34341325 5686992 521093232 5686992 555434557
44 0 34120662 5686992 521385597 5686992 555506259
45 0 33929517 5686992 521667296 5686992 555596813
46 0 33702189 5686992 521966642 5686992 555668831
47 0 33496952 5686992 522255266 5686992 555752218
48 0 33272660 5686992 522550594 5686992 555823254
49 0 33049849 5686992 522859125 5686992 555908974
50 0 32848094 5686992 523154138 5686992 556002232
51 0 32646320 5686992 523440892 5686992 556087212
52 0 32445490 5686992 523732016 5686992 556177506
53 0 32235160 5686992 524017493 5686992 556252653
54 0 32020701 5686992 524317765 5686992 556338466
55 0 31769446 5686992 524653222 5686992 556422668
56 0 31557747 5686992 524935457 5686992 556493204
57 0 31339159 5686992 525244988 5686992 556584147
58 0 31115200 5686992 525544205 5686992 556659405
59 0 30921703 5686992 525823052 5686992 556744755
60 0 30712522 5686992 526104472 5686992 556816994
61 0 30500137 5686992 526399615 5686992 556899752
62 0 30301289 5686992 526682165 5686992 556983454
63 0 30080034 5686992 526999863 5686992 557079897
64 0 29875797 5686992 527299024 5686992 557174821
1 0 63396803 5686999 302292771 5686999 365689574
2 0 62168900 5686999 303625135 5686999 365794035
3 0 61821926 5686999 304083700 5686999 365905626
4 0 61520339 5686999 304488989 5686999 366009328
5 0 61214548 5686999 304911778 5686999 366126326
6 0 60926146 5686999 305301770 5686999 366227916
7 0 60650151 5686999 305686411 5686999 366336562
8 0 60385748 5686999 306066349 5686999 366452097
9 0 60101902 5686999 306443360 5686999 366545262
10 0 59819481 5686999 306843594 5686999 366663075
11 0 59533857 5686999 307224235 5686999 366758092
12 0 59238177 5686999 307626746 5686999 366864923
13 0 58954979 5686999 308006498 5686999 366961477
14 0 58694984 5686999 308387639 5686999 367082623
15 0 58414804 5686999 308777502 5686999 367192306
16 0 58142587 5686999 309152680 5686999 367295267
17 0 57864758 5686999 309536951 5686999 367401709
18 0 57553598 5686999 309941980 5686999 367495578
19 0 57190715 5686999 310414490 5686999 367605205
20 0 56893091 5686999 310806113 5686999 367699204
21 0 56613893 5686999 311195716 5686999 367809609
22 0 56269658 5686999 311673263 5686999 367942921
23 0 55989015 5686999 312048719 5686999 368037734
24 0 55696002 5686999 312449786 5686999 368145788
25 0 55411822 5686999 312835890 5686999 368247712
26 0 55137124 5686999 313224660 5686999 368361784
27 0 54840167 5686999 313615986 5686999 368456153
28 0 54581116 5686999 313991109 5686999 368572225
29 0 54313565 5686999 314367602 5686999 368681167
30 0 54021885 5686999 314752021 5686999 368773906
31 0 53742798 5686999 315140069 5686999 368882867
32 0 53474451 5686999 315513136 5686999 368987587
33 0 53205900 5686999 315892222 5686999 369098122
34 0 52901443 5686999 316298770 5686999 369200213
35 0 52637911 5686999 316672707 5686999 369310618
36 0 52377879 5686999 317048274 5686999 369426153
37 0 52070089 5686999 317449822 5686999 369519911
38 0 51795519 5686999 317838852 5686999 369634371
39 0 51516654 5686999 318211012 5686999 369727666
40 0 51244696 5686999 318602505 5686999 369847201
41 0 50959535 5686999 318980775 5686999 369940310
42 0 51546283 5686999 319352065 5686999 370898348
43 0 51256955 5686999 319757150 5686999 371014105
44 0 50919498 5686999 320189846 5686999 371109344
45 0 50658985 5686999 320570246 5686999 371229231
46 0 50375064 5686999 320965331 5686999 371340395
47 0 50104069 5686999 321346028 5686999 371450097
48 0 49830278 5686999 321728910 5686999 371559188
49 0 49519673 5686999 322135791 5686999 371655464
50 0 49264622 5686999 322514099 5686999 371778721
51 0 48995256 5686999 322897036 5686999 371892292
52 0 48703761 5686999 323298455 5686999 372002216
53 0 48415285 5686999 323679744 5686999 372095029
54 0 48148439 5686999 324057200 5686999 372205639
55 0 47812371 5686999 324507488 5686999 372319859
56 0 47518562 5686999 324895573 5686999 372414135
57 0 46656337 5686999 325876740 5686999 372533077
58 0 46310602 5686999 326315732 5686999 372626334
59 0 46045534 5686999 326691743 5686999 372737277
60 0 45758891 5686999 327072736 5686999 372831627
61 0 45467841 5686999 327472451 5686999 372940292
62 0 45202327 5686999 327849407 5686999 373051734
63 0 44892055 5686999 328265844 5686999 373157899
64 0 44608172 5686999 328664836 5686999 373273008
1 0 44567617 5687006 127402288 5687006 171969905
2 0 43662633 5687006 128401733 5687006 172064366
3 0 43396879 5687006 128752819 5687006 172149698
4 0 43178754 5687006 129051998 5687006 172230752
5 0 42947795 5687006 129368844 5687006 172316639
6 0 42727521 5687006 129662042 5687006 172389563
7 0 42527247 5687006 129954259 5687006 172481506
8 0 42224808 5687006 130343530 5687006 172568338
9 0 42004830 5687006 130636284 5687006 172641114
10 0 41792779 5687006 130940908 5687006 172733687
11 0 41582153 5687006 131224643 5687006 172806796
12 0 41358065 5687006 131530730 5687006 172888795
13 0 41143883 5687006 131818336 5687006 172962219
14 0 40947591 5687006 132106886 5687006 173054477
15 0 40736262 5687006 132403510 5687006 173139772
16 0 40529265 5687006 132688153 5687006 173217418
17 0 40324269 5687006 132976629 5687006 173300898
18 0 40092496 5687006 133279438 5687006 173371934
19 0 39871130 5687006 133586784 5687006 173457914
20 0 39645115 5687006 133884242 5687006 173529357
21 0 39435712 5687006 134181088 5687006 173616800
22 0 39154810 5687006 134552859 5687006 173707669
23 0 38936906 5687006 134841428 5687006 173778334
24 0 38726169 5687006 135139404 5687006 173865573
25 0 38509248 5687006 135433398 5687006 173942646
26 0 38300232 5687006 135726745 5687006 174026977
27 0 38092811 5687006 136019850 5687006 174112661
28 0 37906592 5687006 136301419 5687006 174208011
29 0 37702337 5687006 136589154 5687006 174291491
30 0 37476193 5687006 136886649 5687006 174362842
31 0 37269048 5687006 137180292 5687006 174449340
32 0 37070978 5687006 137460823 5687006 174531801
33 0 36869056 5687006 137748281 5687006 174617337
34 0 36640449 5687006 138057720 5687006 174698169
35 0 36446490 5687006 138341177 5687006 174787667
36 0 36245234 5687006 138629154 5687006 174874388
37 0 36011035 5687006 138937203 5687006 174948238
38 0 35805724 5687006 139232920 5687006 175038644
39 0 35597320 5687006 139515248 5687006 175112568
40 0 35384898 5687006 139818002 5687006 175202900
41 0 35132607 5687006 140144866 5687006 175277473
42 0 34929962 5687006 140435213 5687006 175365175
43 0 34712466 5687006 140737726 5687006 175450192
44 0 34491952 5687006 141030146 5687006 175522098
45 0 34306474 5687006 141313011 5687006 175619485
46 0 34079533 5687006 141612469 5687006 175692002
47 0 33878667 5687006 141901778 5687006 175780445
48 0 33665412 5687006 142189217 5687006 175854629
49 0 33445583 5687006 142498785 5687006 175944368
50 0 33253049 5687006 142786595 5687006 176039644
51 0 33061034 5687006 143078145 5687006 176139179
52 0 32846760 5687006 143378288 5687006 176225048
53 0 32632246 5687006 143664282 5687006 176296528
54 0 32422601 5687006 143959518 5687006 176382119
55 0 32177514 5687006 144290363 5687006 176467877
56 0 31967092 5687006 144573765 5687006 176540857
57 0 31258068 5687006 145374676 5687006 176632744
58 0 31034276 5687006 145673152 5687006 176707428
59 0 30836483 5687006 145955795 5687006 176792278
60 0 30628894 5687006 146237383 5687006 176866277
61 0 30411509 5687006 146539081 5687006 176950590
62 0 30211976 5687006 146823372 5687006 177035348
63 0 29976480 5687006 147139699 5687006 177116179
64 0 29765836 5687006 147440101 5687006 177205937
1 0 58312750 5687012 939110238 5687012 997422988
2 0 57044811 5687012 940484416 5687012 997529227
3 0 56680539 5687012 940963241 5687012 997643780
4 0 56389433 5687012 941360956 5687012 997750389
5 0 56076496 5687012 941789614 5687012 997866110
6 0 55782260 5687012 942181663 5687012 997963923
7 0 55505099 5687012 942571581 5687012 998076680
8 0 55235566 5687012 942952593 5687012 998188159
9 0 54954257 5687012 943330604 5687012 998284861
10 0 54675762 5687012 943736319 5687012 998412081
11 0 54393211 5687012 944116164 5687012 998509375
12 0 54099810 5687012 944516286 5687012 998616096
13 0 53818500 5687012 944893260 5687012 998711760
14 0 53559450 5687012 945273679 5687012 998833129
15 0 53280288 5687012 945665950 5687012 998946238
16 0 53008627 5687012 946044720 5687012 999053347
17 0 52736613 5687012 946427584 5687012 999164197
18 0 52432989 5687012 946828076 5687012 999261065
19 0 52140624 5687012 947232791 5687012 999373415
20 0 51863796 5687012 947621469 5687012 999485265
21 0 51580431 5687012 948016165 5687012 999596596
22 0 51212475 5687012 948504119 5687012 999716594
23 0 50925183 5687012 948884853 5687012 999810036
24 0 50636430 5687012 949284438 5687012 999920868
25 0 51350009 5687012 949675857 5687013 1025866
26 0 50984719 5687012 950166644 5687013 1151363
27 0 50673096 5687012 950575747 5687013 1248843
28 0 50416526 5687012 950952555 5687013 1369081
29 0 50143642 5687012 951336289 5687013 1479931
30 0 49846574 5687012 951730448 5687013 1577022
31 0 49566116 5687012 952124811 5687013 1690927
32 0 49301435 5687012 952500138 5687013 1801573
33 0 49031182 5687012 952882575 5687013 1913757
34 0 48728928 5687012 953291845 5687013 2020773
35 0 48458248 5687012 953674875 5687013 2133123
36 0 48192660 5687012 954059738 5687013 2252398
37 0 47884277 5687012 954463009 5687013 2347286
38 0 47612060 5687012 954858668 5687013 2470728
39 0 47334398 5687012 955234902 5687013 2569300
40 0 47056311 5687012 955632968 5687013 2689279
41 0 46761686 5687012 956021943 5687013 2783629
42 0 46500859 5687012 956397398 5687013 2898257
43 0 46204252 5687012 956805706 5687013 3009958
44 0 45915907 5687012 957190550 5687013 3106457
45 0 45678540 5687012 957563673 5687013 3242213
46 0 45372990 5687012 957962981 5687013 3335971
47 0 45101514 5687012 958344862 5687013 3446376
48 0 44813075 5687012 958728818 5687013 3541893
49 0 44522932 5687012 959133200 5687013 3656132
50 0 44258659 5687012 959518396 5687013 3777055
51 0 43983498 5687012 959904722 5687013 3888220
52 0 43650615 5687012 960349381 5687013 3999996
53 0 43326009 5687012 960769077 5687013 4095086
54 0 43042200 5687012 961163236 5687013 4205436
55 0 42737280 5687012 961580321 5687013 4317601
56 0 42440952 5687012 961973591 5687013 4414543
57 0 42164569 5687012 962368306 5687013 4532875
58 0 41872037 5687012 962754947 5687013 4626984
59 0 41617375 5687012 963122255 5687013 4739630
60 0 41337602 5687012 963496785 5687013 4834387
61 0 41058922 5687012 963888593 5687013 4947515
62 0 40794186 5687012 964265345 5687013 5059531
63 0 40485711 5687012 964680615 5687013 5166326
64 0 40210012 5687012 965074089 5687013 5284101
1 0 47465748 5687019 777496764 5687019 824962512
2 0 46552284 5687019 778491412 5687019 825043696
3 0 46289140 5687019 778841980 5687019 825131120
4 0 46074348 5687019 779139715 5687019 825214063
5 0 45847056 5687019 779455209 5687019 825302265
6 0 45628004 5687019 779747000 5687019 825375004
7 0 45304899 5687019 780159270 5687019 825464169
8 0 45082755 5687019 780467783 5687019 825550538
9 0 44866555 5687019 780756463 5687019 825623018
10 0 44658189 5687019 781060161 5687019 825718350
11 0 44446989 5687019 781343415 5687019 825790404
12 0 44229586 5687019 781643187 5687019 825872773
13 0 44011016 5687019 781932589 5687019 825943605
14 0 43817667 5687019 782220288 5687019 826037955
15 0 43608856 5687019 782513690 5687019 826122546
16 0 43407972 5687019 782795147 5687019 826203119
17 0 43207142 5687019 783080512 5687019 826287654
18 0 42974887 5687019 783384192 5687019 826359079
19 0 42757242 5687019 783686983 5687019 826444225
20 0 42534450 5687019 783981607 5687019 826516057
21 0 42323417 5687019 784277009 5687019 826600426
22 0 42031183 5687019 784659890 5687019 826691073
23 0 41819167 5687019 784944719 5687019 826763886
24 0 41617801 5687019 785242120 5687019 826859921
25 0 41404212 5687019 785533893 5687019 826938105
26 0 41195735 5687019 785829628 5687019 827025363
27 0 40975128 5687019 786123030 5687019 827098158
28 0 40785131 5687019 786404525 5687019 827189656
29 0 40584839 5687019 786690371 5687019 827275210
30 0 40365899 5687019 786981958 5687019 827347857
31 0 40163347 5687019 787276786 5687019 827440133
32 0 39960572 5687019 787559800 5687019 827520372
33 0 39764483 5687019 787843035 5687019 827607518
34 0 39536006 5687019 788151955 5687019 827687961
35 0 39341991 5687019 788434191 5687019 827776182
36 0 39141847 5687019 788717278 5687019 827859125
37 0 38913851 5687019 789017532 5687019 827931383
38 0 38707596 5687019 789312619 5687019 828020215
39 0 38500248 5687019 789592817 5687019 828093065
40 0 38293862 5687019 789890553 5687019 828184415
41 0 38029460 5687019 790227991 5687019 828257451
42 0 37830463 5687019 790512671 5687019 828343134
43 0 37610376 5687019 790818424 5687019 828428800
44 0 37394509 5687019 791112326 5687019 828506835
45 0 37203549 5687019 791393358 5687019 828596907
46 0 36980109 5687019 791689945 5687019 828670054
47 0 36776984 5687019 791975569 5687019 828752553
48 0 36561654 5687019 792263620 5687019 828825274
49 0 36348788 5687019 792575595 5687019 828924383
50 0 36159198 5687019 792860942 5687019 829020140
51 0 35939462 5687019 793164029 5687019 829103491
52 0 35729669 5687019 793463042 5687019 829192711
53 0 35519637 5687019 793745851 5687019 829265488
54 0 35278844 5687019 794071401 5687019 829350245
55 0 35048089 5687019 794386025 5687019 829434114
56 0 34834519 5687019 794671538 5687019 829506057
57 0 34619450 5687019 794978328 5687019 829597778
58 0 34396194 5687019 795272916 5687019 829669110
59 0 34206217 5687019 795549225 5687019 829755442
60 0 33996201 5687019 795831535 5687019 829827736
61 0 33788038 5687019 796125252 5687019 829913290
62 0 33590524 5687019 796407709 5687019 829998233
63 0 33405787 5687019 796724018 5687019 830129805
64 0 33208106 5687019 797019216 5687019 830227322
1 0 57210214 5687026 562248897 5687026 619459111
2 0 55986349 5687026 563527706 5687026 619514055
3 0 55584505 5687026 563988401 5687026 619572906
4 0 55245678 5687026 564384153 5687026 619629831
5 0 54880592 5687026 564808108 5687026 619688700
6 0 54547227 5687026 565193416 5687026 619740643
7 0 54221234 5687026 565582649 5687026 619803883
8 0 53891518 5687026 565971290 5687026 619862808
9 0 53558709 5687026 566352950 5687026 619911659
10 0 53220326 5687026 566755868 5687026 619976194
11 0 52923461 5687026 567136510 5687026 620059971
12 0 52582209 5687026 567536261 5687026 620118470
13 0 52254066 5687026 567914032 5687026 620168098
14 0 51943758 5687026 568294358 5687026 620238116
15 0 51610486 5687026 568686277 5687026 620296763
16 0 51290047 5687026 569060418 5687026 620350465
17 0 50963109 5687026 569444652 5687026 620407761
18 0 50605245 5687026 569850774 5687026 620456019
19 0 50179549 5687026 570333765 5687026 620513314
20 0 49835851 5687026 570727184 5687026 620563035
21 0 49490414 5687026 571129324 5687026 620619738
22 0 49077273 5687026 571603149 5687026 620680422
23 0 48758353 5687026 571981068 5687026 620739421
24 0 48412174 5687026 572383894 5687026 620796068
25 0 48074218 5687026 572775090 5687026 620849308
26 0 47745483 5687026 573161768 5687026 620907251
27 0 47405212 5687026 573551427 5687026 620956639
28 0 47093459 5687026 573925772 5687026 621019231
29 0 46771112 5687026 574304821 5687026 621075933
30 0 46429767 5687026 574695591 5687026 621125358
31 0 46095236 5687026 575087973 5687026 621183209
32 0 45778168 5687026 575462892 5687026 621241060
33 0 45461266 5687026 575838126 5687026 621299392
34 0 45107421 5687026 576246859 5687026 621354280
35 0 44797094 5687026 576621907 5687026 621419001
36 0 44474118 5687026 577002400 5687026 621476518
37 0 44115699 5687026 577411022 5687026 621526721
38 0 43785520 5687026 577801145 5687026 621586665
39 0 43462414 5687026 578174564 5687026 621636978
40 0 43132365 5687026 578566538 5687026 621698903
41 0 42802593 5687026 578945920 5687026 621748513
42 0 42489878 5687026 579316820 5687026 621806698
43 0 42144884 5687026 579720942 5687026 621865826
44 0 41747039 5687026 580167045 5687026 621914084
45 0 41431785 5687026 580544372 5687026 621976157
46 0 41083533 5687026 580942086 5687026 622025619
47 0 40776187 5687026 581318783 5687026 622094970
48 0 40445564 5687026 581700109 5687026 622145673
49 0 40093514 5687026 582111491 5687026 622205005
50 0 39779243 5687026 582490335 5687026 622269578
51 0 39439286 5687026 582890772 5687026 622330058
52 0 39110977 5687026 583277487 5687026 622388464
53 0 38785742 5687026 583653740 5687026 622439482
54 0 38428452 5687026 584070584 5687026 622499036
55 0 38055070 5687026 584504428 5687026 622559498
56 0 37729503 5687026 584883050 5687026 622612553
57 0 37390195 5687026 585287209 5687026 622677404
58 0 37043534 5687026 585683072 5687026 622726606
59 0 36734429 5687026 586050510 5687026 622784939
60 0 36408768 5687026 586426799 5687026 622835567
61 0 36077867 5687026 586816570 5687026 622894437
62 0 35762206 5687026 587191322 5687026 622953528
63 0 36217308 5687026 587607500 5687026 623824808
64 0 35859500 5687026 588001437 5687026 623860937
1 0 49665503 5687033 381655791 5687033 431321294
2 0 48444211 5687033 382943915 5687033 431388126
3 0 48048404 5687033 383398110 5687033 431446514
4 0 47713688 5687033 383788140 5687033 431501828
5 0 47347972 5687033 384211484 5687033 431559456
6 0 47008479 5687033 384599384 5687033 431607863
7 0 46677263 5687033 384986988 5687033 431664251
8 0 46354120 5687033 385366685 5687033 431720805
9 0 46022923 5687033 385745122 5687033 431768045
10 0 45688207 5687033 386145059 5687033 431833266
11 0 45357750 5687033 386525163 5687033 431882913
12 0 45015405 5687033 386925174 5687033 431940579
13 0 44686281 5687033 387303723 5687033 431990004
14 0 44369638 5687033 387684253 5687033 432053891
15 0 44036589 5687033 388074727 5687033 432111316
16 0 43713021 5687033 388450942 5687033 432163963
17 0 43389083 5687033 388832398 5687033 432221481
18 0 43038811 5687033 389231428 5687033 432270239
19 0 42695169 5687033 389631069 5687033 432326238
20 0 42254215 5687033 390120430 5687033 432374645
21 0 41905647 5687033 390526367 5687033 432432014
22 0 41480248 5687033 391013265 5687033 432493513
23 0 41145921 5687033 391395702 5687033 432541623
24 0 40807427 5687033 391790251 5687033 432597678
25 0 40473766 5687033 392177262 5687033 432651028
26 0 40144625 5687033 392563477 5687033 432708102
27 0 39797501 5687033 392970636 5687033 432768137
28 0 39482341 5687033 393346518 5687033 432828859
29 0 39161328 5687033 393724122 5687033 432885450
30 0 38818316 5687033 394114670 5687033 432932986
31 0 38490377 5687033 394502756 5687033 432993133
32 0 38171439 5687033 394878212 5687033 433049651
33 0 37848445 5687033 395257705 5687033 433106150
34 0 37491804 5687033 395668030 5687033 433159834
35 0 37181161 5687033 396043764 5687033 433224925
36 0 36850371 5687033 396430627 5687033 433280998
37 0 36495766 5687033 396833583 5687033 433329349
38 0 36161328 5687033 397227613 5687033 433388941
39 0 35836705 5687033 397601383 5687033 433438088
40 0 35500340 5687033 398000006 5687033 433500346
41 0 35168402 5687033 398380906 5687033 433549308
42 0 34851204 5687033 398754751 5687033 433605955
43 0 34504155 5687033 399157447 5687033 433661602
44 0 34167828 5687033 399541810 5687033 433709638
45 0 33858112 5687033 399913303 5687033 433771415
46 0 33451915 5687033 400367147 5687033 433819062
47 0 33119625 5687033 400755862 5687033 433875487
48 0 32785002 5687033 401139299 5687033 433924301
49 0 32439194 5687033 401542125 5687033 433981319
50 0 32126885 5687033 401920229 5687033 434047114
51 0 31807501 5687033 402307111 5687033 434114612
52 0 31472230 5687033 402703326 5687033 434175556
53 0 31131310 5687033 403094004 5687033 434225314
54 0 30761632 5687033 403520385 5687033 434282017
55 0 30403231 5687033 403936099 5687033 434339330
56 0 30065979 5687033 404326610 5687033 434392589
57 0 30484822 5687033 404720918 5687033 435205740
58 0 30136125 5687033 405104781 5687033 435240906
59 0 29799669 5687033 405472015 5687033 435271684
60 0 29476100 5687033 405844860 5687033 435320960
61 0 29144829 5687033 406232927 5687033 435377756
62 0 28819057 5687033 406607327 5687033 435426384
63 0 28459582 5687033 407023431 5687033 435483013
64 0 28116070 5687033 407415312 5687033 435531382
1 0 62146104 5687040 171950817 5687040 234096921
2 0 60932146 5687040 173221219 5687040 234153365
3 0 60538042 5687040 173673692 5687040 234211734
4 0 60204400 5687040 174063574 5687040 234267974
5 0 59842481 5687040 174481844 5687040 234324325
6 0 59517839 5687040 174865744 5687040 234383583
7 0 59188141 5687040 175251385 5687040 234439526
8 0 58874795 5687040 175631915 5687040 234506710
9 0 58546542 5687040 176009204 5687040 234555746
10 0 58209363 5687040 176408752 5687040 234618115
11 0 57879443 5687040 176788375 5687040 234667818
12 0 57533023 5687040 177192164 5687040 234725187
13 0 57200771 5687040 177573953 5687040 234774724
14 0 56880628 5687040 177958020 5687040 234838648
15 0 56546950 5687040 178348142 5687040 234895092
16 0 56228159 5687040 178719284 5687040 234947443
17 0 55901166 5687040 179101739 5687040 235002905
18 0 55552023 5687040 179501084 5687040 235053107
19 0 55203455 5687040 179906262 5687040 235109717
20 0 54686595 5687040 180471621 5687040 235158216
21 0 54347898 5687040 180867836 5687040 235215734
22 0 53924294 5687040 181353346 5687040 235277640
23 0 53595041 5687040 181732228 5687040 235327269
24 0 53255177 5687040 182128609 5687040 235383786
25 0 52922850 5687040 182512991 5687040 235435841
26 0 52603356 5687040 182889299 5687040 235492655
27 0 52265547 5687040 183277051 5687040 235542598
28 0 51955720 5687040 183649451 5687040 235605171
29 0 51635226 5687040 184027111 5687040 235662337
30 0 51299121 5687040 184412770 5687040 235711891
31 0 50967201 5687040 184801208 5687040 235768409
32 0 50650800 5687040 185174015 5687040 235824815
33 0 50339139 5687040 185554045 5687040 235893184
34 0 49987294 5687040 185960260 5687040 235947554
35 0 49670614 5687040 186334735 5687040 236005349
36 0 49353843 5687040 186712357 5687040 236066200
37 0 49001867 5687040 187113165 5687040 236115032
38 0 48671780 5687040 187503306 5687040 236175086
39 0 48346417 5687040 187878854 5687040 236225271
40 0 48013145 5687040 188273810 5687040 236286955
41 0 47681114 5687040 188653914 5687040 236335028
42 0 47371398 5687040 189023629 5687040 236395027
43 0 47028774 5687040 189424955 5687040 236453729
44 0 46692151 5687040 189809003 5687040 236501154
45 0 46331935 5687040 190230996 5687040 236562931
46 0 45980682 5687040 190632396 5687040 236613078
47 0 45656189 5687040 191013444 5687040 236669633
48 0 45325825 5687040 191392622 5687040 236718447
49 0 44982238 5687040 191793189 5687040 236775427
50 0 44667671 5687040 192171885 5687040 236839556
51 0 44342232 5687040 192554841 5687040 236897073
52 0 44006719 5687040 192947760 5687040 236954479
53 0 43644041 5687040 193360882 5687040 237004923
54 0 43310511 5687040 193752689 5687040 237063200
55 0 42956720 5687040 194165460 5687040 237122180
56 0 42619468 5687040 194551304 5687040 237170772
57 0 42302251 5687040 194944723 5687040 237246974
58 0 41972572 5687040 195326197 5687040 237298769
59 0 41666003 5687040 195690839 5687040 237356842
60 0 41341787 5687040 196065517 5687040 237407304
61 0 41004998 5687040 196458750 5687040 237463748
62 0 40684244 5687040 196836521 5687040 237520765
63 0 40323177 5687040 197252124 5687040 237575301
64 0 39990276 5687040 197645469 5687040 237635745
1 0 58253917 5687046 991037899 5687047 49291816
2 0 57078421 5687046 992316690 5687047 49395111
3 0 56725650 5687046 992781848 5687047 49507498
4 0 56439803 5687046 993173470 5687047 49613273
5 0 56129957 5687046 993595425 5687047 49725382
6 0 55840573 5687046 993985159 5687047 49825732
7 0 55565320 5687046 994369355 5687047 49934675
8 0 55335879 5687046 994746904 5687047 50082783
9 0 55060959 5687046 995121915 5687047 50182874
10 0 54784427 5687046 995520519 5687047 50304946
11 0 54522969 5687046 995898086 5687047 50421055
12 0 54230399 5687046 996296357 5687047 50526756
13 0 53949683 5687046 996673201 5687047 50622884
14 0 53689150 5687046 997052917 5687047 50742067
15 0 53412397 5687046 997440261 5687047 50852658
16 0 53144217 5687046 997810717 5687047 50954934
17 0 52868369 5687046 998193803 5687047 51062172
18 0 52566931 5687046 998591721 5687047 51158652
19 0 52280713 5687046 998988807 5687047 51269520
20 0 51990071 5687046 999373985 5687047 51364056
21 0 51713761 5687046 999761237 5687047 51474998
22 0 51284140 5687047 306967 5687047 51591107
23 0 50997960 5687047 687053 5687047 51685013
24 0 50711595 5687047 1080379 5687047 51791974
25 0 50424526 5687047 1466335 5687047 51890861
26 0 50152512 5687047 1846365 5687047 51998877
27 0 49853333 5687047 2239265 5687047 52092598
28 0 49605930 5687047 2608369 5687047 52214299
29 0 49337046 5687047 2985603 5687047 52322649
30 0 49047700 5687047 3370762 5687047 52418462
31 0 48770223 5687047 3757218 5687047 52527441
32 0 48508636 5687047 4129100 5687047 52637736
33 0 48237752 5687047 4510408 5687047 52748160
34 0 47937183 5687047 4915882 5687047 52853065
35 0 47674447 5687047 5286912 5687047 52961359
36 0 47429063 5687047 5664683 5687047 53093746
37 0 47121939 5687047 6064657 5687047 53186596
38 0 46844741 5687047 6457686 5687047 53302427
39 0 46560932 5687047 6835753 5687047 53396685
40 0 46284566 5687047 7228802 5687047 53513368
41 0 45997257 5687047 7609757 5687047 53607014
42 0 45736132 5687047 7979991 5687047 53716123
43 0 45441878 5687047 8381558 5687047 53823436
44 0 45153402 5687047 8763236 5687047 53916638
45 0 44900702 5687047 9134174 5687047 54034876
46 0 44601671 5687047 9526148 5687047 54127819
47 0 44330566 5687047 9904344 5687047 54234910
48 0 43918073 5687047 10412020 5687047 54330093
49 0 43615949 5687047 10823716 5687047 54439665
50 0 43353824 5687047 11207302 5687047 54561126
51 0 43080570 5687047 11590869 5687047 54671439
52 0 42792798 5687047 11987602 5687047 54780400
53 0 42512173 5687047 12368132 5687047 54880305
54 0 42204827 5687047 12783735 5687047 54988562
55 0 41899462 5687047 13198543 5687047 55098005
56 0 41617763 5687047 13576073 5687047 55193836
57 0 41337121 5687047 13975306 5687047 55312427
58 0 41046312 5687047 14362706 5687047 55409018
59 0 40789612 5687047 14729070 5687047 55518682
60 0 40509637 5687047 15101118 5687047 55610755
61 0 40247030 5687047 15482630 5687047 55729660
62 0 39977794 5687047 15860975 5687047 55838769
63 0 39669374 5687047 16272837 5687047 55942211
64 0 39377287 5687047 16681126 5687047 56058413
1 0 44380879 5687053 787146980 5687053 831527859
2 0 43437990 5687053 788170868 5687053 831608858
3 0 43172957 5687053 788521362 5687053 831694319
4 0 42955498 5687053 788818986 5687053 831774484
5 0 42724262 5687053 789133073 5687053 831857335
6 0 42505303 5687053 789423512 5687053 831928815
7 0 42297325 5687053 789715877 5687053 832013202
8 0 42013664 5687053 790096925 5687053 832110589
9 0 41772706 5687053 790414382 5687053 832187088
10 0 41557747 5687053 790721006 5687053 832278753
11 0 41344750 5687053 791005501 5687053 832350251
12 0 41123070 5687053 791308069 5687053 832431139
13 0 40913239 5687053 791591009 5687053 832504248
14 0 40715188 5687053 791880818 5687053 832596006
15 0 40504081 5687053 792176090 5687053 832680171
16 0 40302492 5687053 792455104 5687053 832757596
17 0 40097644 5687053 792741469 5687053 832839113
18 0 39869611 5687053 793040611 5687053 832910222
19 0 39645838 5687053 793346309 5687053 832992147
20 0 39420230 5687053 793642730 5687053 833062960
21 0 39202679 5687053 793943446 5687053 833146125
22 0 38920036 5687053 794316254 5687053 833236290
23 0 38705003 5687053 794601619 5687053 833306622
24 0 38487544 5687053 794900725 5687053 833388269
25 0 38273289 5687053 795191812 5687053 833465101
26 0 38062978 5687053 795483770 5687053 833546748
27 0 37841982 5687053 795775931 5687053 833617913
28 0 37650968 5687053 796056703 5687053 833707671
29 0 37449138 5687053 796343235 5687053 833792373
30 0 37228030 5687053 796639415 5687053 833867445
31 0 37019572 5687053 796934446 5687053 833954018
32 0 36818631 5687053 797216737 5687053 834035368
33 0 36630301 5687053 797501695 5687053 834131996
34 0 36400120 5687053 797809819 5687053 834209939
35 0 36203198 5687053 798094017 5687053 834297215
36 0 35997386 5687053 798383216 5687053 834380602
37 0 35762335 5687053 798689766 5687053 834452101
38 0 35556265 5687053 798982723 5687053 834538988
39 0 35349899 5687053 799261181 5687053 834611080
40 0 35144014 5687053 799556305 5687053 834700319
41 0 34928147 5687053 799843689 5687053 834771836
42 0 34690374 5687053 800166220 5687053 834856594
43 0 34466452 5687053 800473214 5687053 834939666
44 0 34244234 5687053 800766542 5687053 835010776
45 0 34051608 5687053 801047203 5687053 835098811
46 0 33825075 5687053 801345031 5687053 835170106
47 0 33625468 5687053 801627915 5687053 835253383
48 0 33410749 5687053 801913891 5687053 835324640
49 0 33184791 5687053 802222996 5687053 835407787
50 0 32991091 5687053 802509954 5687053 835501045
51 0 32793576 5687053 802798097 5687053 835591673
52 0 32579599 5687053 803096165 5687053 835675764
53 0 32363954 5687053 803384160 5687053 835748114
54 0 32155680 5687053 803676136 5687053 835831816
55 0 31900796 5687053 804017833 5687053 835918629
56 0 31688060 5687053 804300939 5687053 835988999
57 0 30973146 5687053 805104758 5687053 836077904
58 0 30756725 5687053 805406048 5687053 836162773
59 0 30556562 5687053 805688987 5687053 836245549
60 0 30347603 5687053 805970538 5687053 836318141
61 0 30137292 5687053 806263847 5687053 836401139
62 0 29939036 5687053 806545046 5687053 836484082
63 0 29705337 5687053 806859021 5687053 836564358
64 0 29495360 5687053 807157645 5687053 836653005
1 0 56940664 5687060 577135433 5687060 634076097
2 0 56029755 5687060 578150451 5687060 634180206
3 0 55787815 5687060 578505278 5687060 634293093
4 0 55600190 5687060 578797309 5687060 634397499
5 0 55396711 5687060 579109878 5687060 634506589
6 0 55216437 5687060 579397854 5687060 634614291
7 0 55038144 5687060 579685052 5687060 634723196
8 0 54864314 5687060 579967991 5687060 634832305
9 0 54434451 5687060 580492908 5687060 634927359
10 0 54246177 5687060 580799365 5687060 635045542
11 0 54056588 5687060 581083619 5687060 635140207
12 0 53855481 5687060 581390076 5687060 635245557
13 0 53663096 5687060 581676830 5687060 635339926
14 0 53483840 5687060 581976139 5687060 635459979
15 0 53085755 5687060 582484074 5687060 635569829
16 0 52807463 5687060 582864086 5687060 635671549
17 0 52532450 5687060 583247097 5687060 635779547
18 0 52226882 5687060 583645608 5687060 635872490
19 0 51935961 5687060 584043193 5687060 635979154
20 0 51645837 5687060 584426760 5687060 636072597
21 0 51366916 5687060 584817364 5687060 636184280
22 0 51018422 5687060 585298189 5687060 636316611
23 0 50738131 5687060 585671867 5687060 636409998
24 0 50448637 5687060 586069137 5687060 636517774
25 0 50161364 5687060 586456982 5687060 636618346
26 0 49880888 5687060 586846290 5687060 636727178
27 0 49591246 5687060 587236319 5687060 636827565
28 0 49341786 5687060 587605887 5687060 636947673
29 0 49071681 5687060 587984250 5687060 637055931
30 0 48782094 5687060 588374150 5687060 637156244
31 0 48505506 5687060 588760143 5687060 637265649
32 0 48239067 5687060 589132747 5687060 637371814
33 0 47971867 5687060 589508759 5687060 637480626
34 0 47669873 5687060 589913307 5687060 637583180
35 0 47355584 5687060 590336039 5687060 637691623
36 0 47090439 5687060 590716181 5687060 637806620
37 0 46780039 5687060 591121006 5687060 637901045
38 0 46506525 5687060 591511351 5687060 638017876
39 0 46231455 5687060 591882326 5687060 638113781
40 0 45952220 5687060 592278596 5687060 638230816
41 0 45672466 5687060 592657330 5687060 638329796
42 0 45411916 5687060 593029267 5687060 638441183
43 0 45114273 5687060 593436130 5687060 638550403
44 0 44823037 5687060 593822290 5687060 638645327
45 0 44568320 5687060 594193672 5687060 638761992
46 0 44272900 5687060 594583590 5687060 638856490
47 0 44019590 5687060 594961731 5687060 638981321
48 0 43742521 5687060 595340928 5687060 639083449
49 0 43446415 5687060 595746606 5687060 639193021
50 0 43185883 5687060 596126543 5687060 639312426
51 0 42914406 5687060 596507814 5687060 639422220
52 0 42627912 5687060 596904417 5687060 639532329
53 0 42346454 5687060 597281133 5687060 639627587
54 0 42042108 5687060 597694143 5687060 639736251
55 0 41740113 5687060 598107321 5687060 639847434
56 0 41460138 5687060 598482758 5687060 639942896
57 0 41215438 5687060 598888862 5687060 640104300
58 0 40917017 5687060 599282577 5687060 640199594
59 0 40657578 5687060 599651070 5687060 640308648
60 0 40257956 5687060 600143950 5687060 640401906
61 0 39969313 5687060 600540054 5687060 640509367
62 0 39704336 5687060 600915843 5687060 640620179
63 0 39393601 5687060 601332243 5687060 640725844
64 0 39114236 5687060 601728254 5687060 640842490
1 0 57672244 5687067 372073051 5687067 429745295
2 0 56446248 5687067 373405397 5687067 429851645
3 0 56092051 5687067 373869314 5687067 429961365
4 0 55850369 5687067 374258974 5687067 430109343
5 0 55541709 5687067 374676929 5687067 430218638
6 0 55248177 5687067 375064366 5687067 430312543
7 0 54967349 5687067 375453452 5687067 430420801
8 0 54696947 5687067 375833537 5687067 430530484
9 0 54418174 5687067 376209160 5687067 430627334
10 0 54142383 5687067 376609578 5687067 430751961
11 0 53860592 5687067 376985756 5687067 430846348
12 0 53565746 5687067 377386119 5687067 430951865
13 0 53282955 5687067 377761686 5687067 431044641
14 0 53023237 5687067 378141568 5687067 431164805
15 0 52746742 5687067 378528728 5687067 431275470
16 0 52481950 5687067 378901425 5687067 431383375
17 0 52209308 5687067 379281047 5687067 431490355
18 0 51902777 5687067 379681169 5687067 431583946
19 0 51548727 5687067 380141976 5687067 431690703
20 0 51247789 5687067 380536394 5687067 431784183
21 0 50968479 5687067 380926720 5687067 431895199
22 0 50606708 5687067 381405748 5687067 432012456
23 0 50340305 5687067 381779927 5687067 432120232
24 0 50054644 5687067 382172771 5687067 432227415
25 0 49772557 5687067 382556949 5687067 432329506
26 0 49490895 5687067 382946368 5687067 432437263
27 0 49198289 5687067 383333472 5687067 432531761
28 0 48945331 5687067 383703743 5687067 432649074
29 0 48676577 5687067 384082902 5687067 432759479
30 0 48382879 5687067 384469988 5687067 432852867
31 0 48110828 5687067 384859425 5687067 432970253
32 0 47843704 5687067 385234418 5687067 433078122
33 0 47579764 5687067 385609985 5687067 433189749
34 0 47278678 5687067 386015329 5687067 433294007
35 0 47024552 5687067 386385045 5687067 433409597
36 0 46758132 5687067 386762278 5687067 433520410
37 0 46450545 5687067 387162178 5687067 433612723
38 0 46173772 5687067 387553486 5687067 433727258
39 0 45897666 5687067 387923868 5687067 433821534
40 0 45615485 5687067 388323361 5687067 433938846
41 0 45333194 5687067 388698354 5687067 434031548
42 0 45069904 5687067 389069939 5687067 434139843
43 0 44778335 5687067 389470487 5687067 434248822
44 0 44492488 5687067 389852203 5687067 434344691
45 0 44191123 5687067 390271417 5687067 434462540
46 0 43880074 5687067 390675539 5687067 434555613
47 0 43619838 5687067 391058902 5687067 434678740
48 0 43335177 5687067 391436284 5687067 434771461
49 0 43037386 5687067 391842647 5687067 434880033
50 0 42779464 5687067 392220177 5687067 434999641
51 0 42507340 5687067 392603985 5687067 435111325
52 0 42228975 5687067 392995922 5687067 435224897
53 0 41944702 5687067 393375267 5687067 435319969
54 0 41677281 5687067 393750630 5687067 435427911
55 0 41346306 5687067 394192418 5687067 435538724
56 0 41053830 5687067 394578744 5687067 435632574
57 0 40776058 5687067 394973107 5687067 435749165
58 0 40466637 5687067 395376081 5687067 435842718
59 0 40200846 5687067 395751463 5687067 435952309
60 0 39915869 5687067 396129401 5687067 436045270
61 0 39632134 5687067 396521468 5687067 436153602
62 0 39368436 5687067 396895701 5687067 436264137
63 0 39057903 5687067 397310620 5687067 436368523
64 0 38779687 5687067 397703668 5687067 436483355
1 0 29943999 5687074 192504121 5687074 222448120
2 0 29249382 5687074 193255255 5687074 222504637
3 0 29071071 5687074 193494084 5687074 222565155
4 0 28886149 5687074 193734042 5687074 222620191
5 0 28706800 5687074 193971390 5687074 222678190
6 0 28553951 5687074 194173645 5687074 222727596
7 0 28411583 5687074 194372975 5687074 222784558
8 0 28279660 5687074 194573823 5687074 222853483
9 0 28135884 5687074 194770912 5687074 222906796
10 0 27988202 5687074 194979834 5687074 222968036
11 0 27837465 5687074 195179904 5687074 223017369
12 0 27696856 5687074 195379771 5687074 223076627
13 0 27558191 5687074 195571212 5687074 223129403
14 0 27428657 5687074 195764375 5687074 223193032
15 0 27288752 5687074 195962927 5687074 223251679
16 0 27151032 5687074 196153127 5687074 223304159
17 0 27013776 5687074 196347271 5687074 223361047
18 0 26857705 5687074 196551786 5687074 223409491
19 0 26709596 5687074 196757523 5687074 223467119
20 0 26556710 5687074 196958297 5687074 223515007
21 0 26409306 5687074 197163608 5687074 223572914
22 0 26208032 5687074 197427529 5687074 223635561
23 0 26063552 5687074 197620600 5687074 223684152
24 0 25910389 5687074 197829448 5687074 223739837
25 0 25774336 5687074 198018629 5687074 223792965
26 0 25635931 5687074 198214700 5687074 223850631
27 0 25486693 5687074 198412418 5687074 223899111
28 0 25357399 5687074 198603822 5687074 223961221
29 0 25222069 5687074 198796374 5687074 224018443
30 0 25071682 5687074 199000167 5687074 224071849
31 0 24937277 5687074 199193126 5687074 224130403
32 0 24803058 5687074 199383122 5687074 224186180
33 0 24681097 5687074 199575119 5687074 224256216
34 0 24528470 5687074 199785393 5687074 224313863
35 0 24394714 5687074 199977315 5687074 224372029
36 0 24156514 5687074 200271754 5687074 224428268
37 0 23987554 5687074 200491491 5687074 224479045
38 0 23856297 5687074 200685191 5687074 224541488
39 0 23715800 5687074 200875484 5687074 224591284
40 0 23576488 5687074 201077887 5687074 224654375
41 0 23433528 5687074 201269291 5687074 224702819
42 0 23303364 5687074 201457380 5687074 224760744
43 0 23149440 5687074 201668321 5687074 224817761
44 0 23010536 5687074 201857854 5687074 224868390
45 0 22880853 5687074 202049221 5687074 224930074
46 0 22727559 5687074 202251958 5687074 224979517
47 0 22591858 5687074 202445621 5687074 225037479
48 0 22450305 5687074 202636932 5687074 225087237
49 0 22297697 5687074 202848484 5687074 225146181
50 0 22161070 5687074 203049795 5687074 225210865
51 0 22029684 5687074 203244643 5687074 225274327
52 0 21891760 5687074 203440214 5687074 225331974
53 0 21751096 5687074 203632136 5687074 225383232
54 0 21617006 5687074 203825077 5687074 225442083
55 0 21466731 5687074 204033221 5687074 225499952
56 0 21315789 5687074 204233699 5687074 225549488
57 0 21929241 5687074 204431010 5687074 226360251
58 0 21768318 5687074 204627562 5687074 226395880
59 0 21611988 5687074 204814688 5687074 226426676
60 0 21481693 5687074 205005796 5687074 226487489
61 0 21340640 5687074 205204570 5687074 226545210
62 0 21185606 5687074 205407344 5687074 226592950
63 0 21007202 5687074 205642951 5687074 226650153
64 0 20850909 5687074 205849743 5687074 226700652
1 0 43868222 5687080 997246998 5687081 41115220
2 0 42960424 5687080 998238258 5687081 41198682
3 0 42694429 5687080 998588825 5687081 41283254
4 0 42481526 5687080 998882116 5687081 41363642
5 0 42248474 5687080 999198629 5687081 41447103
6 0 42030719 5687080 999487420 5687081 41518139
7 0 41820778 5687080 999780748 5687081 41601526
8 0 41430378 5687081 254961 5687081 41685339
9 0 41204883 5687081 558529 5687081 41763412
10 0 40999590 5687081 859320 5687081 41858910
11 0 40786076 5687081 1144370 5687081 41930446
12 0 40564709 5687081 1447346 5687081 42012055
13 0 40352158 5687081 1730526 5687081 42082684
14 0 40160272 5687081 2017132 5687081 42177404
15 0 39949906 5687081 2310867 5687081 42260773
16 0 39748391 5687081 2590751 5687081 42339142
17 0 39543580 5687081 2879079 5687081 42422659
18 0 39318454 5687081 3180407 5687081 42498861
19 0 39098255 5687081 3483419 5687081 42581674
20 0 38874815 5687081 3778284 5687081 42653099
21 0 38662819 5687081 4074353 5687081 42737172
22 0 38376380 5687081 4449994 5687081 42826374
23 0 38165662 5687081 4732507 5687081 42898169
24 0 37960684 5687081 5033483 5687081 42994167
25 0 37748058 5687081 5324367 5687081 43072425
26 0 37541099 5687081 5615028 5687081 43156127
27 0 37316862 5687081 5910578 5687081 43227440
28 0 37124199 5687081 6192314 5687081 43316513
29 0 36920980 5687081 6479179 5687081 43400159
30 0 36701059 5687081 6770951 5687081 43472010
31 0 36497840 5687081 7063779 5687081 43561619
32 0 36300436 5687081 7348200 5687081 43648636
33 0 36099181 5687081 7631102 5687081 43730283
34 0 35869445 5687081 7940096 5687081 43809541
35 0 35675615 5687081 8220850 5687081 43896465
36 0 35476748 5687081 8504400 5687081 43981148
37 0 35247438 5687081 8805265 5687081 44052703
38 0 35036812 5687081 9102741 5687081 44139553
39 0 34827686 5687081 9383180 5687081 44210866
40 0 34622412 5687081 9678564 5687081 44300976
41 0 34408546 5687081 9963836 5687081 44372382
42 0 34166217 5687081 10290719 5687081 44456936
43 0 33941221 5687081 10597602 5687081 44538823
44 0 33721670 5687081 10889541 5687081 44611211
45 0 33530488 5687081 11169184 5687081 44699672
46 0 33303474 5687081 11466882 5687081 44770356
47 0 33101385 5687081 11752692 5687081 44854077
48 0 32900352 5687081 12037094 5687081 44937446
49 0 32671726 5687081 12346755 5687081 45018481
50 0 32476489 5687081 12636120 5687081 45112609
51 0 32273734 5687081 12925281 5687081 45199015
52 0 32063257 5687081 13223738 5687081 45286995
53 0 31848982 5687081 13508974 5687081 45357956
54 0 31634486 5687081 13805413 5687081 45439899
55 0 31386324 5687081 14138999 5687081 45525323
56 0 31177513 5687081 14420642 5687081 45598155
57 0 30962388 5687081 14727118 5687081 45689506
58 0 30733596 5687081 15028390 5687081 45761986
59 0 30539766 5687081 15305385 5687081 45845151
60 0 30329955 5687081 15586472 5687081 45916427
61 0 30117793 5687081 15880874 5687081 45998667
62 0 29919130 5687081 16163091 5687081 46082221
63 0 29681874 5687081 16479067 5687081 46160941
64 0 29472378 5687081 16776284 5687081 46248662
1 0 56598133 5687087 832283608 5687087 888881741
2 0 55354916 5687087 833582232 5687087 888937148
3 0 54951034 5687087 834045594 5687087 888996628
4 0 54611282 5687087 834441234 5687087 889052516
5 0 54251658 5687087 834863227 5687087 889114885
6 0 53922276 5687087 835247182 5687087 889169458
7 0 53592800 5687087 835632805 5687087 889225605
8 0 53271380 5687087 836010928 5687087 889282308
9 0 52956572 5687087 836386161 5687087 889342733
10 0 52620189 5687087 836783839 5687087 889404028
11 0 52294417 5687087 837157814 5687087 889452231
12 0 51950775 5687087 837558751 5687087 889509526
13 0 51617263 5687087 837941614 5687087 889558877
14 0 51302695 5687087 838321959 5687087 889624654
15 0 50974646 5687087 838711025 5687087 889685671
16 0 50659485 5687087 839080833 5687087 889740318
17 0 50334657 5687087 839462160 5687087 889796817
18 0 49983479 5687087 839862282 5687087 889845761
19 0 49566265 5687087 840336569 5687087 889902834
20 0 49221549 5687087 840731210 5687087 889952759
21 0 48920906 5687087 841125332 5687087 890046238
22 0 48513487 5687087 841598435 5687087 890111922
23 0 48186642 5687087 841975372 5687087 890162014
24 0 47844982 5687087 842373920 5687087 890218902
25 0 47515747 5687087 842757543 5687087 890273290
26 0 47189883 5687087 843145813 5687087 890335696
27 0 46848111 5687087 843537306 5687087 890385417
28 0 46539061 5687087 843910207 5687087 890449268
29 0 46216827 5687087 844289403 5687087 890506230
30 0 45878314 5687087 844678304 5687087 890556618
31 0 45548821 5687087 845064833 5687087 890613654
32 0 45231974 5687087 845438160 5687087 890670134
33 0 44914647 5687087 845813745 5687087 890728392
34 0 44576394 5687087 846216923 5687087 890793317
35 0 44257029 5687087 846594342 5687087 890851371
36 0 43938591 5687087 846974224 5687087 890912815
37 0 43590819 5687087 847371587 5687087 890962406
38 0 43264733 5687087 847760746 5687087 891025479
39 0 42942813 5687087 848133073 5687087 891075886
40 0 42607486 5687087 848529880 5687087 891137366
41 0 42275807 5687087 848911169 5687087 891186976
42 0 41961535 5687087 849284014 5687087 891245549
43 0 41618986 5687087 849684118 5687087 891303104
44 0 41237864 5687087 850113943 5687087 891351807
45 0 40917147 5687087 850496881 5687087 891414028
46 0 40569468 5687087 850893929 5687087 891463397
47 0 40252604 5687087 851271329 5687087 891523933
48 0 39921203 5687087 851652248 5687087 891573451
49 0 39576172 5687087 852054259 5687087 891630431
50 0 39261734 5687087 852434437 5687087 891696171
51 0 38933795 5687087 852819393 5687087 891753188
52 0 38594912 5687087 853215608 5687087 891810520
53 0 38267549 5687087 853593230 5687087 891860779
54 0 37946017 5687087 853974483 5687087 891920500
55 0 37567950 5687087 854410826 5687087 891978776
56 0 37234827 5687087 854793912 5687087 892028739
57 0 36901388 5687087 855190849 5687087 892092237
58 0 36542284 5687087 855599841 5687087 892142125
59 0 36238660 5687087 855972983 5687087 892211643
60 0 35913555 5687087 856347568 5687087 892261123
61 0 35585709 5687087 856734320 5687087 892320029
62 0 35266789 5687087 857110832 5687087 892377621
63 0 34908518 5687087 857523972 5687087 892432490
64 0 35412824 5687087 857918872 5687087 893331696
1 0 54181586 5687094 622154185 5687094 676335771
2 0 52958442 5687094 623433957 5687094 676392399
3 0 52564504 5687094 623887505 5687094 676452009
4 0 52226807 5687094 624281016 5687094 676507823
5 0 51867870 5687094 624700082 5687094 676567952
6 0 51534802 5687094 625083408 5687094 676618210
7 0 51206845 5687094 625468105 5687094 676674950
8 0 50887832 5687094 625844024 5687094 676731856
9 0 50563394 5687094 626217554 5687094 676780948
10 0 50226455 5687094 626618917 5687094 676845372
11 0 49887388 5687094 627007317 5687094 676894705
12 0 49540264 5687094 627412532 5687094 676952796
13 0 49222382 5687094 627791617 5687094 677013999
14 0 48900758 5687094 628177943 5687094 677078701
15 0 48570042 5687094 628566843 5687094 677136885
16 0 48247177 5687094 628942374 5687094 677189551
17 0 47927017 5687094 629322218 5687094 677249235
18 0 47576486 5687094 629722952 5687094 677299438
19 0 47066199 5687094 630290793 5687094 677356992
20 0 46720947 5687094 630684841 5687094 677405788
21 0 46387397 5687094 631076482 5687094 677463879
22 0 45968868 5687094 631558899 5687094 677527767
23 0 45643486 5687094 631932688 5687094 677576174
24 0 45304325 5687094 632328162 5687094 677632487
25 0 44975460 5687094 632712174 5687094 677687634
26 0 44645097 5687094 633098981 5687094 677744078
27 0 44303862 5687094 633488882 5687094 677792744
28 0 43996831 5687094 633858819 5687094 677855650
29 0 43673707 5687094 634239905 5687094 677913612
30 0 43333917 5687094 634629657 5687094 677963574
31 0 43007608 5687094 635016094 5687094 678023702
32 0 42691411 5687094 635390698 5687094 678082109
33 0 42376028 5687094 635764450 5687094 678140478
34 0 42024997 5687094 636169758 5687094 678194755
35 0 41710650 5687094 636543955 5687094 678254605
36 0 41388527 5687094 636922688 5687094 678311215
37 0 41050015 5687094 637320736 5687094 678370751
38 0 40720744 5687094 637712451 5687094 678433195
39 0 40385268 5687094 638097500 5687094 678482768
40 0 40050441 5687094 638495881 5687094 678546322
41 0 39719299 5687094 638876689 5687094 678595988
42 0 39408397 5687094 639247145 5687094 678655542
43 0 39064737 5687094 639650471 5687094 678715208
44 0 38685133 5687094 640079963 5687094 678765096
45 0 38362325 5687094 640464122 5687094 678826447
46 0 38017053 5687094 640859745 5687094 678876798
47 0 37695244 5687094 641240164 5687094 678935408
48 0 37363250 5687094 641621897 5687094 678985147
49 0 37015812 5687094 642026242 5687094 679042054
50 0 36703762 5687094 642405179 5687094 679108941
51 0 36375602 5687094 642790783 5687094 679166385
52 0 36043552 5687094 643184609 5687094 679228161
53 0 35717133 5687094 643561324 5687094 679278457
54 0 35352732 5687094 643982983 5687094 679335715
55 0 35001776 5687094 644392938 5687094 679394714
56 0 34665781 5687094 644777876 5687094 679443657
57 0 34328584 5687094 645178998 5687094 679507582
58 0 34802853 5687094 645566046 5687094 680368899
59 0 34474693 5687094 645930317 5687094 680405010
60 0 34134884 5687094 646302199 5687094 680437083
61 0 33806409 5687094 646690655 5687094 680497064
62 0 33482360 5687094 647064981 5687094 680547341
63 0 33126440 5687094 647478862 5687094 680605302
64 0 32765466 5687094 647898558 5687094 680664024
1 0 56534487 5687101 442359937 5687101 498894424
2 0 55317380 5687101 443633043 5687101 498950423
3 0 54909184 5687101 444100127 5687101 499009311
4 0 54573116 5687101 444491731 5687101 499064847
5 0 54212974 5687101 444914760 5687101 499127734
6 0 53881888 5687101 445299494 5687101 499181382
7 0 53553579 5687101 445685950 5687101 499239529
8 0 53229771 5687101 446066294 5687101 499296065
9 0 52896721 5687101 446448287 5687101 499345008
10 0 52560894 5687101 446845391 5687101 499406285
11 0 52231104 5687101 447223291 5687101 499454395
12 0 51890554 5687101 447621840 5687101 499512394
13 0 51559301 5687101 448002203 5687101 499561504
14 0 51238844 5687101 448384511 5687101 499623355
15 0 50907961 5687101 448772874 5687101 499680835
16 0 50590560 5687101 449146126 5687101 499736686
17 0 50264474 5687101 449529878 5687101 499794352
18 0 49911369 5687101 449930778 5687101 499842147
19 0 49496414 5687101 450401621 5687101 499898035
20 0 49167660 5687101 450790059 5687101 499957719
21 0 48873944 5687101 451181940 5687101 500055884
22 0 48448618 5687101 451672931 5687101 500121549
23 0 48120310 5687101 452050535 5687101 500170845
24 0 47785464 5687101 452442287 5687101 500227751
25 0 47453452 5687101 452829465 5687101 500282917
26 0 47126106 5687101 453218402 5687101 500344508
27 0 46788612 5687101 453605173 5687101 500393785
28 0 46479637 5687101 453975925 5687101 500455562
29 0 46160216 5687101 454352585 5687101 500512801
30 0 45822390 5687101 454739133 5687101 500561523
31 0 45495766 5687101 455127367 5687101 500623133
32 0 45181365 5687101 455498341 5687101 500679706
33 0 44862870 5687101 455875890 5687101 500738760
34 0 44513729 5687101 456278882 5687101 500792611
35 0 44200845 5687101 456649357 5687101 500850202
36 0 43886129 5687101 457025072 5687101 500911201
37 0 43536172 5687101 457424454 5687101 500960626
38 0 43206327 5687101 457815261 5687101 501021588
39 0 42880962 5687101 458191384 5687101 501072346
40 0 42551098 5687101 458582284 5687101 501133382
41 0 42223660 5687101 458959277 5687101 501182937
42 0 41911036 5687101 459328752 5687101 501239788
43 0 41565450 5687101 459731522 5687101 501296972
44 0 41191346 5687101 460164477 5687101 501355823
45 0 40880907 5687101 460539766 5687101 501420673
46 0 40536562 5687101 460934444 5687101 501471006
47 0 40214327 5687101 461316900 5687101 501531227
48 0 39885778 5687101 461697300 5687101 501583078
49 0 39540821 5687101 462098848 5687101 501639669
50 0 39222030 5687101 462481897 5687101 501703927
51 0 38897166 5687101 462864779 5687101 501761945
52 0 38562506 5687101 463257771 5687101 501820277
53 0 38232845 5687101 463635505 5687101 501868350
54 0 37911851 5687101 464012868 5687101 501924719
55 0 37520747 5687101 464462101 5687101 501982848
56 0 37193439 5687101 464839538 5687101 502032977
57 0 36850519 5687101 465244031 5687101 502094550
58 0 36501100 5687101 465642764 5687101 502143864
59 0 36192846 5687101 466009591 5687101 502202437
60 0 35874167 5687101 466379176 5687101 502253343
61 0 35543229 5687101 466767613 5687101 502310842
62 0 35224512 5687101 467144014 5687101 502368526
63 0 34866890 5687101 467557654 5687101 502424544
64 0 34532414 5687101 467952184 5687101 502484598
1 0 58081050 5687108 202581748 5687108 260662798
2 0 56875906 5687108 203892260 5687108 260768166
3 0 56531782 5687108 204349567 5687108 260881349
4 0 56249677 5687108 204736911 5687108 260986588
5 0 55943664 5687108 205154052 5687108 261097716
6 0 55652503 5687108 205540618 5687108 261193121
7 0 55380193 5687108 205924167 5687108 261304360
8 0 55116791 5687108 206297845 5687108 261414636
9 0 54837056 5687108 206673634 5687108 261510690
10 0 54554209 5687108 207075997 5687108 261630206
11 0 54274696 5687108 207450490 5687108 261725186
12 0 53979904 5687108 207852372 5687108 261832276
13 0 53697613 5687108 208228865 5687108 261926478
14 0 53437822 5687108 208609395 5687108 262047217
15 0 53155827 5687108 209003443 5687108 262159270
16 0 52884499 5687108 209378214 5687108 262262713
17 0 52610763 5687108 209760299 5687108 262371062
18 0 52243233 5687108 210223828 5687108 262467061
19 0 51933961 5687108 210645727 5687108 262579688
20 0 51642115 5687108 211033220 5687108 262675335
21 0 51343231 5687108 211441972 5687108 262785203
22 0 50992571 5687108 211910185 5687108 262902756
23 0 50725650 5687108 212285678 5687108 263011328
24 0 50431248 5687108 212689004 5687108 263120252
25 0 50148809 5687108 213072423 5687108 263221232
26 0 49866944 5687108 213463212 5687108 263330156
27 0 49573357 5687108 213850464 5687108 263423821
28 0 49323250 5687108 214219957 5687108 263543207
29 0 49053977 5687108 214596839 5687108 263650816
30 0 48759928 5687108 214984961 5687108 263744889
31 0 48484265 5687108 215371862 5687108 263856127
32 0 48216271 5687108 215746577 5687108 263962848
33 0 47954868 5687108 216122959 5687108 264077827
34 0 47652559 5687108 216528414 5687108 264180973
35 0 47398212 5687108 216900889 5687108 264299101
36 0 47130199 5687108 217277974 5687108 264408173
37 0 46824130 5687108 217678189 5687108 264502319
38 0 46547783 5687108 218069497 5687108 264617280
39 0 46271548 5687108 218441008 5687108 264712556
40 0 45994349 5687108 218838834 5687108 264833183
41 0 45703836 5687108 219223401 5687108 264927237
42 0 45442563 5687108 219597450 5687108 265040013
43 0 45114847 5687108 220035405 5687108 265150252
44 0 44813482 5687108 220432768 5687108 265246250
45 0 44564228 5687108 220804964 5687108 265369192
46 0 44264548 5687108 221201624 5687108 265466172
47 0 44000460 5687108 221576080 5687108 265576540
48 0 43728984 5687108 221960461 5687108 265689445
49 0 43432230 5687108 222366269 5687108 265798499
50 0 43175771 5687108 222744040 5687108 265919811
51 0 42896036 5687108 223132829 5687108 266028865
52 0 42624949 5687108 223516525 5687108 266141474
53 0 42343787 5687108 223895092 5687108 266238879
54 0 42072181 5687108 224276085 5687108 266348266
55 0 41727002 5687108 224729929 5687108 266456931
56 0 41438971 5687108 225110588 5687108 266549559
57 0 41158828 5687108 225507914 5687108 266666742
58 0 40852833 5687108 225906907 5687108 266759740
59 0 40591709 5687108 226277733 5687108 266869442
60 0 40307177 5687108 226655800 5687108 266962977
61 0 40023404 5687108 227048719 5687108 267072123
62 0 39758705 5687108 227425638 5687108 267184343
63 0 39449249 5687108 227838500 5687108 267287749
64 0 39148087 5687108 228256604 5687108 267404691
1 0 62456358 5687115 37187952 5687115 99644310
2 0 61497468 5687115 38256969 5687115 99754437
3 0 61269602 5687115 38613296 5687115 99882898
4 0 61078402 5687115 38911198 5687115 99989600
5 0 60872888 5687115 39273561 5687115 100146449
6 0 60446358 5687115 39802533 5687115 100248891
7 0 59934497 5687115 40425355 5687115 100359852
8 0 59649781 5687115 40821273 5687115 100471054
9 0 59363804 5687115 41204840 5687115 100568644
10 0 59076106 5687115 41611684 5687115 100687790
11 0 58791167 5687115 41990492 5687115 100781659
12 0 58493931 5687115 42394448 5687115 100888379
13 0 58208233 5687115 42773885 5687115 100982118
14 0 57945312 5687115 43157767 5687115 101103079
15 0 57664539 5687115 43550723 5687115 101215262
16 0 57392637 5687115 43923549 5687115 101316186
17 0 57119253 5687115 44308820 5687115 101428073
18 0 56806963 5687115 44716108 5687115 101523071
19 0 56514654 5687115 45120193 5687115 101634847
20 0 56215937 5687115 45513056 5687115 101728993
21 0 55938850 5687115 45905660 5687115 101844510
22 0 55571282 5687115 46392503 5687115 101963785
23 0 55295528 5687115 46769496 5687115 102065024
24 0 55006848 5687115 47169007 5687115 102175855
25 0 54721650 5687115 47556963 5687115 102278613
26 0 54446377 5687115 47942548 5687115 102388925
27 0 54147808 5687115 48335782 5687115 102483590
28 0 53901461 5687115 48714886 5687115 102616347
29 0 53631799 5687115 49095194 5687115 102726993
30 0 53338231 5687115 49484316 5687115 102822547
31 0 53054958 5687115 49876531 5687115 102931489
32 0 52730187 5687115 50308078 5687115 103038265
33 0 52458896 5687115 50688997 5687115 103147893
34 0 52150383 5687115 51100045 5687115 103250428
35 0 51876944 5687115 51482149 5687115 103359093
36 0 51611171 5687115 51865475 5687115 103476646
37 0 51300769 5687115 52269005 5687115 103569774
38 0 51023700 5687115 52662646 5687115 103686346
39 0 50741650 5687115 53038046 5687115 103779696
40 0 50464451 5687115 53432650 5687115 103897101
41 0 50173919 5687115 53817569 5687115 103991488
42 0 49910276 5687115 54193284 5687115 104103560
43 0 49622652 5687115 54594332 5687115 104216984
44 0 49341750 5687115 54978825 5687115 104320575
45 0 49090495 5687115 55349040 5687115 104439535
46 0 48791223 5687115 55742607 5687115 104533830
47 0 48520876 5687115 56121933 5687115 104642809
48 0 48234733 5687115 56502667 5687115 104737400
49 0 47934869 5687115 56911326 5687115 104846195
50 0 47667262 5687115 57297782 5687115 104965044
51 0 47394027 5687115 57682219 5687115 105076246
52 0 47121032 5687115 58078360 5687115 105199392
53 0 46831871 5687115 58460038 5687115 105291909
54 0 46512710 5687115 58888919 5687115 105401629
55 0 46196123 5687115 59319096 5687115 105515219
56 0 45905628 5687115 59704404 5687115 105610032
57 0 45566542 5687115 60161562 5687115 105728104
58 0 45263066 5687115 60559425 5687115 105822491
59 0 45004349 5687115 60927677 5687115 105932026
60 0 44725928 5687115 61303430 5687115 106029358
61 0 44441859 5687115 61698737 5687115 106140596
62 0 44172290 5687115 62075638 5687115 106247928
63 0 43860537 5687115 62491963 5687115 106352500
64 0 43577968 5687115 62887974 5687115 106465942
1 0 56846406 5687121 807431240 5687121 864277646
2 0 55944831 5687121 808437110 5687121 864381941
3 0 55705502 5687121 808789511 5687121 864495013
4 0 55513283 5687121 809086246 5687121 864599529
5 0 55306658 5687121 809405388 5687121 864712046
6 0 55108458 5687121 809698716 5687121 864807174
7 0 54928998 5687121 809991711 5687121 864920709
8 0 54656540 5687121 810373000 5687121 865029540
9 0 54456821 5687121 810665143 5687121 865121964
10 0 54279954 5687121 810969804 5687121 865249758
11 0 54103513 5687121 811256169 5687121 865359682
12 0 53905017 5687121 811560441 5687121 865465458
13 0 53716076 5687121 811842824 5687121 865558900
14 0 53460858 5687121 812219003 5687121 865679861
15 0 53171697 5687121 812617903 5687121 865789600
16 0 52898387 5687121 812994155 5687121 865892542
17 0 52627819 5687121 813373907 5687121 866001726
18 0 52320213 5687121 813774863 5687121 866095076
19 0 52026571 5687121 814180003 5687121 866206574
20 0 51727298 5687121 814571422 5687121 866298720
21 0 51441359 5687121 814966933 5687121 866408292
22 0 51065570 5687121 815460405 5687121 866525975
23 0 50777446 5687121 815841324 5687121 866618770
24 0 50483784 5687121 816242224 5687121 866726008
25 0 50190567 5687121 816635069 5687121 866825636
26 0 49913072 5687121 817021784 5687121 866934856
27 0 49617115 5687121 817411295 5687121 867028410
28 0 49359842 5687121 817785992 5687121 867145834
29 0 49089366 5687121 818165540 5687121 867254906
30 0 48792631 5687121 818555829 5687121 867348460
31 0 48519321 5687121 818946155 5687121 867465476
32 0 48246733 5687121 819324167 5687121 867570900
33 0 47978461 5687121 819702493 5687121 867680954
34 0 47618559 5687121 820163985 5687121 867782544
35 0 47331120 5687121 820567811 5687121 867898931
36 0 47075496 5687121 820947470 5687121 868022966
37 0 46764186 5687121 821352574 5687121 868116760
38 0 46486062 5687121 821745511 5687121 868231573
39 0 46202179 5687121 822124226 5687121 868326405
40 0 45925461 5687121 822519478 5687121 868444939
41 0 45640855 5687121 822897360 5687121 868538215
42 0 45381675 5687121 823267649 5687121 868649324
43 0 45088681 5687121 823671253 5687121 868759934
44 0 44795760 5687121 824056709 5687121 868852469
45 0 44540283 5687121 824428887 5687121 868969170
46 0 44239066 5687121 824823917 5687121 869062983
47 0 43962850 5687121 825208428 5687121 869171278
48 0 43677744 5687121 825588625 5687121 869266369
49 0 43380824 5687121 825995802 5687121 869376626
50 0 43115551 5687121 826381221 5687121 869496772
51 0 42842278 5687121 826766732 5687121 869609010
52 0 42563469 5687121 827163595 5687121 869727064
53 0 42271122 5687121 827550588 5687121 869821710
54 0 41961480 5687121 827974043 5687121 869935523
55 0 41699373 5687121 828390832 5687121 870090205
56 0 41414453 5687121 828773695 5687121 870188148
57 0 41129291 5687121 829178688 5687121 870307979
58 0 40832353 5687121 829570865 5687121 870403218
59 0 40573023 5687121 829939933 5687121 870512956
60 0 40186624 5687121 830436553 5687121 870623177
61 0 39906333 5687121 830826416 5687121 870732749
62 0 39645189 5687121 831205280 5687121 870850469
63 0 39327029 5687121 831627290 5687121 870954319
64 0 39046644 5687121 832025172 5687121 871071816
1 0 39981942 5687128 652425118 5687128 692407060
2 0 38753299 5687128 653712464 5687128 692465763
3 0 38355232 5687128 654172011 5687128 692527243
4 0 38023183 5687128 654560689 5687128 692583872
5 0 37664226 5687128 654978867 5687128 692643093
6 0 37323659 5687128 655369063 5687128 692692722
7 0 36991072 5687128 655759815 5687128 692750887
8 0 36668634 5687128 656140419 5687128 692809053
9 0 36342399 5687128 656520764 5687128 692863163
10 0 35999942 5687128 656927757 5687128 692927699
11 0 35667708 5687128 657309731 5687128 692977439
12 0 35321270 5687128 657713816 5687128 693035086
13 0 34988406 5687128 658095790 5687128 693084196
14 0 34678911 5687128 658481098 5687128 693160009
15 0 34346714 5687128 658872350 5687128 693219064
16 0 34028423 5687128 659246695 5687128 693275118
17 0 33700299 5687128 659632188 5687128 693332487
18 0 33293715 5687128 660089790 5687128 693383505
19 0 32932425 5687128 660508042 5687128 693440467
20 0 32586098 5687128 660903053 5687128 693489151
21 0 32251771 5687128 661296527 5687128 693548298
22 0 31825872 5687128 661783666 5687128 693609538
23 0 31495119 5687128 662163048 5687128 693658167
24 0 31156180 5687128 662560393 5687128 693716573
25 0 30821335 5687128 662948126 5687128 693769461
26 0 30486952 5687128 663339378 5687128 693826330
27 0 30150069 5687128 663726575 5687128 693876644
28 0 29837260 5687128 664100420 5687128 693937680
29 0 29515211 5687128 664480857 5687128 693996068
30 0 29177254 5687128 664871702 5687128 694048956
31 0 28845297 5687128 665263065 5687128 694108362
32 0 28521099 5687128 665644595 5687128 694165694
33 0 28199421 5687128 666024439 5687128 694223860
34 0 27843501 5687128 666435284 5687128 694278785
35 0 27534729 5687128 666807999 5687128 694342728
36 0 27214124 5687128 667187121 5687128 694401245
37 0 26864334 5687128 667588503 5687128 694452837
38 0 26543581 5687128 667982699 5687128 694526280
39 0 26222901 5687128 668353489 5687128 694576390
40 0 25884112 5687128 668755407 5687128 694639519
41 0 25551377 5687128 669138900 5687128 694690277
42 0 25233771 5687128 669515412 5687128 694749183
43 0 24881075 5687128 669925552 5687128 694806627
44 0 24487212 5687128 670369488 5687128 694856700
45 0 24172662 5687128 670746389 5687128 694919051
46 0 23824761 5687128 671143863 5687128 694968624
47 0 23502859 5687128 671524078 5687128 695026937
48 0 23171717 5687128 671904071 5687128 695075788
49 0 22823557 5687128 672309730 5687128 695133287
50 0 22682356 5687128 672517226 5687128 695199582
51 0 22545044 5687128 672716611 5687128 695261655
52 0 22401177 5687128 672920070 5687128 695321247
53 0 22256160 5687128 673116030 5687128 695372190
54 0 22121996 5687128 673310045 5687128 695432041
55 0 21943593 5687128 673548151 5687128 695491744
56 0 21800669 5687128 673742426 5687128 695543095
57 0 22050424 5687128 674307822 5687128 696358246
58 0 21863519 5687128 674530615 5687128 696394134
59 0 21706097 5687128 674719407 5687128 696425504
60 0 21564692 5687128 674912330 5687128 696477022
61 0 21416658 5687128 675117474 5687128 696534132
62 0 21274327 5687128 675309137 5687128 696583464
63 0 21115311 5687128 675525800 5687128 696641111
64 0 20963370 5687128 675727518 5687128 696690888
1 0 44223882 5687135 457469738 5687135 501693620
2 0 43296048 5687135 458477367 5687135 501773415
3 0 43031607 5687135 458829250 5687135 501860857
4 0 42832186 5687135 459127781 5687135 501959967
5 0 42600041 5687135 459445646 5687135 502045687
6 0 42387342 5687135 459734288 5687135 502121630
7 0 42035849 5687135 460171428 5687135 502207277
8 0 41796908 5687135 460495404 5687135 502292312
9 0 41581246 5687135 460785028 5687135 502366274
10 0 41374249 5687135 461090208 5687135 502464457
11 0 41163495 5687135 461375165 5687135 502538660
12 0 40947610 5687135 461674641 5687135 502622251
13 0 40737076 5687135 461957840 5687135 502694916
14 0 40544080 5687135 462244890 5687135 502788970
15 0 40340824 5687135 462536181 5687135 502877005
16 0 40141365 5687135 462816324 5687135 502957689
17 0 39938739 5687135 463104430 5687135 503043169
18 0 39709706 5687135 463408276 5687135 503117982
19 0 39489692 5687135 463713381 5687135 503203073
20 0 39268344 5687135 464007709 5687135 503276053
21 0 39061997 5687135 464302370 5687135 503364367
22 0 38785613 5687135 464669789 5687135 503455402
23 0 38570691 5687135 464957432 5687135 503528123
24 0 38354769 5687135 465258315 5687135 503613084
25 0 38142088 5687135 465547921 5687135 503690009
26 0 37933110 5687135 465840416 5687135 503773526
27 0 37713836 5687135 466132929 5687135 503846765
28 0 37525488 5687135 466412109 5687135 503937597
29 0 37336972 5687135 466696715 5687135 504033687
30 0 37104996 5687135 467001394 5687135 504106390
31 0 36900314 5687135 467297426 5687135 504197740
32 0 36701041 5687135 467579957 5687135 504280998
33 0 36499507 5687135 467867397 5687135 504366904
34 0 36270826 5687135 468176502 5687135 504447328
35 0 36077163 5687135 468459163 5687135 504536326
36 0 35875500 5687135 468746102 5687135 504621602
37 0 35647726 5687135 469047838 5687135 504695564
38 0 35448434 5687135 469342869 5687135 504791303
39 0 35237104 5687135 469626716 5687135 504863820
40 0 35028738 5687135 469925210 5687135 504953948
41 0 34732707 5687135 470299777 5687135 505032484
42 0 34531859 5687135 470587216 5687135 505119075
43 0 34309973 5687135 470895137 5687135 505205110
44 0 34092422 5687135 471187279 5687135 505279701
45 0 33902333 5687135 471468719 5687135 505371052
46 0 33677930 5687135 471766398 5687135 505444328
47 0 33474692 5687135 472052597 5687135 505527289
48 0 33264160 5687135 472337054 5687135 505601214
49 0 33044386 5687135 472643604 5687135 505687990
50 0 32852037 5687135 472930951 5687135 505782988
51 0 32644708 5687135 473225556 5687135 505870264
52 0 32436472 5687135 473523791 5687135 505960263
53 0 32222790 5687135 473810768 5687135 506033558
54 0 32033405 5687135 474098892 5687135 506132297
55 0 31779002 5687135 474442015 5687135 506221017
56 0 31564692 5687135 474729028 5687135 506293720
57 0 31333232 5687135 475054393 5687135 506387625
58 0 31093441 5687135 475366961 5687135 506460402
59 0 30896426 5687135 475648863 5687135 506545289
60 0 30689652 5687135 475929487 5687135 506619139
61 0 30480656 5687135 476222149 5687135 506702805
62 0 30282049 5687135 476505643 5687135 506787692
63 0 30046015 5687135 476822675 5687135 506868690
64 0 29839909 5687135 477119502 5687135 506959411
1 0 43682522 5687142 256760222 5687142 300442744
2 0 42746039 5687142 257777425 5687142 300523464
3 0 42493969 5687142 258126160 5687142 300620129
4 0 42280418 5687142 258418580 5687142 300698998
5 0 42047385 5687142 258735797 5687142 300783182
6 0 41830223 5687142 259024828 5687142 300855051
7 0 41623745 5687142 259313323 5687142 300937068
8 0 41423341 5687142 259595892 5687142 301019233
9 0 41211271 5687142 259879257 5687142 301090528
10 0 40921036 5687142 260263268 5687142 301184304
11 0 40702985 5687142 260553170 5687142 301256155
12 0 40486025 5687142 260855998 5687142 301342023
13 0 40274288 5687142 261141104 5687142 301415392
14 0 40078755 5687142 261427450 5687142 301506205
15 0 39869593 5687142 261720037 5687142 301589630
16 0 39665504 5687142 262003532 5687142 301669036
17 0 39460452 5687142 262290675 5687142 301751127
18 0 39229308 5687142 262592373 5687142 301821681
19 0 39010756 5687142 262895016 5687142 301905772
20 0 38790112 5687142 263186603 5687142 301976715
21 0 38572801 5687142 263486505 5687142 302059306
22 0 38293085 5687142 263856627 5687142 302149712
23 0 38082885 5687142 264137863 5687142 302220748
24 0 37868611 5687142 264433098 5687142 302301709
25 0 37656096 5687142 264721704 5687142 302377800
26 0 37451341 5687142 265009310 5687142 302460651
27 0 37232252 5687142 265300508 5687142 302532760
28 0 37055052 5687142 265578966 5687142 302634018
29 0 36851593 5687142 265866701 5687142 302718294
30 0 36630208 5687142 266159603 5687142 302789811
31 0 36424545 5687142 266452061 5687142 302876606
32 0 36224975 5687142 266732629 5687142 302957604
33 0 36023090 5687142 267016920 5687142 303040010
34 0 35800446 5687142 267322896 5687142 303123342
35 0 35600505 5687142 267605484 5687142 303205989
36 0 35399750 5687142 267886941 5687142 303286691
37 0 35169365 5687142 268188547 5687142 303357912
38 0 34965554 5687142 268482986 5687142 303448540
39 0 34759021 5687142 268761666 5687142 303520687
40 0 34554117 5687142 269056994 5687142 303611111
41 0 34339399 5687142 269342618 5687142 303682017
42 0 34141829 5687142 269623057 5687142 303764886
43 0 33920740 5687142 269926996 5687142 303847736
44 0 33654449 5687142 270264175 5687142 303918624
45 0 33460952 5687142 270545818 5687142 304006770
46 0 33234104 5687142 270843683 5687142 304077787
47 0 33034016 5687142 271125492 5687142 304159508
48 0 32823056 5687142 271408117 5687142 304231173
49 0 32600691 5687142 271712518 5687142 304313209
50 0 32402491 5687142 272001772 5687142 304404263
51 0 32194957 5687142 272295545 5687142 304490502
52 0 31991461 5687142 272586373 5687142 304577834
53 0 31791872 5687142 272870423 5687142 304662295
54 0 31589561 5687142 273154862 5687142 304744423
55 0 31348473 5687142 273479560 5687142 304828033
56 0 31127681 5687142 273771184 5687142 304898865
57 0 30925370 5687142 274063197 5687142 304988567
58 0 30691948 5687142 274367117 5687142 305059065
59 0 30484822 5687142 274656797 5687142 305141619
60 0 30274048 5687142 274939144 5687142 305213192
61 0 30065274 5687142 275229620 5687142 305294894
62 0 29871408 5687142 275508966 5687142 305380374
63 0 29639893 5687142 275821109 5687142 305461002
64 0 29436453 5687142 276115844 5687142 305552297
1 0 62541616 5687149 90830411 5687149 153372027
2 0 61363582 5687149 92114924 5687149 153478506
3 0 61016774 5687149 92574656 5687149 153591430
4 0 60730316 5687149 92966408 5687149 153696724
5 0 60422526 5687149 93386641 5687149 153809167
6 0 60132735 5687149 93771356 5687149 153904091
7 0 59857980 5687149 94155720 5687149 154013700
8 0 59589744 5687149 94533361 5687149 154123105
9 0 59306102 5687149 94910483 5687149 154216585
10 0 59023496 5687149 95310698 5687149 154334194
11 0 58748000 5687149 95688636 5687149 154436636
12 0 58450358 5687149 96091554 5687149 154541912
13 0 58165586 5687149 96470899 5687149 154636485
14 0 57908016 5687149 96850818 5687149 154758834
15 0 57629948 5687149 97239829 5687149 154869777
16 0 57360916 5687149 97611692 5687149 154972608
17 0 57092699 5687149 97992111 5687149 155084810
18 0 56787575 5687149 98392233 5687149 155179808
19 0 56492932 5687149 98795152 5687149 155288084
20 0 56199993 5687149 99181441 5687149 155381434
21 0 55921146 5687149 99569230 5687149 155490376
22 0 55462599 5687149 100148960 5687149 155611559
23 0 55162512 5687149 100541786 5687149 155704298
24 0 54887980 5687149 100940168 5687149 155828148
25 0 54603522 5687149 101326346 5687149 155929868
26 0 54331972 5687149 101707635 5687149 156039607
27 0 54039088 5687149 102094387 5687149 156133475
28 0 53782074 5687149 102469473 5687149 156251547
29 0 53506951 5687149 102854465 5687149 156361416
30 0 53215400 5687149 103240329 5687149 156455729
31 0 52936813 5687149 103630488 5687149 156567301
32 0 52673058 5687149 104004518 5687149 156677576
33 0 52408452 5687149 104381344 5687149 156789796
34 0 52108125 5687149 104785744 5687149 156893869
35 0 51849425 5687149 105159941 5687149 157009366
36 0 51581412 5687149 105537749 5687149 157119161
37 0 51271603 5687149 105941315 5687149 157212918
38 0 50990108 5687149 106336419 5687149 157326527
39 0 50714669 5687149 106707986 5687149 157422655
40 0 50443526 5687149 107098849 5687149 157542375
41 0 50159068 5687149 107477528 5687149 157636596
42 0 49893702 5687149 107853317 5687149 157747019
43 0 49600356 5687149 108255772 5687149 157856128
44 0 49308954 5687149 108641006 5687149 157949960
45 0 49054126 5687149 109013499 5687149 158067625
46 0 48756224 5687149 109404973 5687149 158161197
47 0 48486303 5687149 109784818 5687149 158271121
48 0 48112643 5687149 110252846 5687149 158365489
49 0 47824796 5687149 110666135 5687149 158490931
50 0 47563283 5687149 111048646 5687149 158611929
51 0 47288732 5687149 111432047 5687149 158720779
52 0 47006108 5687149 111826039 5687149 158832147
53 0 46725151 5687149 112207106 5687149 158932257
54 0 46413748 5687149 112629136 5687149 159042884
55 0 46110403 5687149 113044109 5687149 159154512
56 0 45822333 5687149 113427399 5687149 159249732
57 0 45536246 5687149 113831910 5687149 159368156
58 0 45242363 5687149 114223069 5687149 159465432
59 0 44988330 5687149 114588192 5687149 159576522
60 0 44709447 5687149 114961444 5687149 159670891
61 0 44430564 5687149 115349529 5687149 159780093
62 0 44165901 5687149 115723856 5687149 159889757
63 0 43853723 5687149 116140644 5687149 159994367
64 0 44563246 5687149 116537230 5687149 161100476
1 0 54102198 5687155 922150798 5687155 976252996
2 0 52878629 5687155 923428996 5687155 976307625
3 0 52480413 5687155 923885988 5687155 976366401
4 0 52147253 5687155 924274610 5687155 976421863
5 0 51795908 5687155 924693843 5687155 976489751
6 0 51459895 5687155 925077966 5687155 976537861
7 0 51131198 5687155 925462014 5687155 976593212
8 0 50813648 5687155 925836322 5687155 976649970
9 0 50486377 5687155 926212611 5687155 976698988
10 0 50157661 5687155 926606548 5687155 976764209
11 0 49833074 5687155 926980430 5687155 976813504
12 0 49490765 5687155 927380349 5687155 976871114
13 0 49163327 5687155 927757286 5687155 976920613
14 0 48848463 5687155 928136390 5687155 976984853
15 0 48514339 5687155 928527179 5687155 977041518
16 0 48194901 5687155 928899950 5687155 977094851
17 0 47871740 5687155 929278795 5687155 977150535
18 0 47523154 5687155 929675806 5687155 977198960
19 0 47032515 5687155 930222351 5687155 977254866
20 0 46682892 5687155 930621659 5687155 977304551
21 0 46349768 5687155 931014263 5687155 977364031
22 0 45926832 5687155 931499161 5687155 977425993
23 0 45598301 5687155 931875876 5687155 977474177
24 0 45260511 5687155 932270221 5687155 977530732
25 0 44928017 5687155 932655454 5687155 977583471
26 0 44595912 5687155 933043392 5687155 977639304
27 0 44258455 5687155 933430329 5687155 977688784
28 0 43947832 5687155 933800970 5687155 977748802
29 0 43630671 5687155 934175222 5687155 977805893
30 0 43304862 5687155 934559863 5687155 977864725
31 0 42980108 5687155 934944764 5687155 977924872
32 0 42667707 5687155 935315942 5687155 977983649
33 0 42351324 5687155 935688639 5687155 978039963
34 0 42002720 5687155 936089742 5687155 978092462
35 0 41692262 5687155 936460606 5687155 978152868
36 0 41374731 5687155 936834821 5687155 978209552
37 0 41026608 5687155 937231980 5687155 978258588
38 0 40696651 5687155 937620973 5687155 978317624
39 0 40375028 5687155 937992318 5687155 978367346
40 0 40042904 5687155 938385496 5687155 978428400
41 0 39714651 5687155 938762248 5687155 978476899
42 0 39404527 5687155 939130741 5687155 978535268
43 0 39064089 5687155 939529104 5687155 978593193
44 0 38736447 5687155 939906134 5687155 978642581
45 0 38328325 5687155 940374255 5687155 978702580
46 0 37983905 5687155 940767674 5687155 978751579
47 0 37665189 5687155 941142889 5687155 978808078
48 0 37332973 5687155 941523141 5687155 978856114
49 0 36983850 5687155 941928726 5687155 978912576
50 0 36670837 5687155 942306368 5687155 978977205
51 0 36346787 5687155 942687583 5687155 979034370
52 0 36015868 5687155 943078612 5687155 979094480
53 0 35692299 5687155 943451680 5687155 979143979
54 0 35356861 5687155 943844043 5687155 979200904
55 0 34993313 5687155 944276905 5687155 979270218
56 0 34668597 5687155 944649157 5687155 979317754
57 0 34321880 5687155 945056428 5687155 979378308
58 0 35303400 5687155 945460216 5687155 980763616
59 0 34979702 5687155 945824080 5687155 980803782
60 0 34638523 5687155 946196980 5687155 980835503
61 0 34311918 5687155 946584251 5687155 980896169
62 0 33988442 5687155 946956300 5687155 980944742
63 0 33634931 5687155 947365977 5687155 981000908
64 0 33285289 5687155 947763877 5687155 981049166
1 0 46431656 5687162 751848287 5687162 798279943
2 0 45194846 5687162 753164392 5687162 798359238
3 0 44823797 5687162 753619680 5687162 798443477
4 0 44515709 5687162 754007877 5687162 798523586
5 0 44180827 5687162 754427054 5687162 798607881
6 0 43865184 5687162 754815251 5687162 798680435
7 0 43563672 5687162 755198521 5687162 798762193
8 0 43274158 5687162 755574422 5687162 798848580
9 0 42975572 5687162 755948544 5687162 798924116
10 0 42687262 5687162 756344259 5687162 799031521
11 0 42386435 5687162 756717530 5687162 799103965
12 0 42064292 5687162 757121078 5687162 799185370
13 0 41753280 5687162 757503719 5687162 799256999
14 0 41465563 5687162 757881749 5687162 799347312
15 0 41160976 5687162 758269705 5687162 799430681
16 0 40865055 5687162 758643809 5687162 799508864
17 0 40568228 5687162 759024987 5687162 799593215
18 0 40242734 5687162 759421628 5687162 799664362
19 0 39923573 5687162 759823250 5687162 799746823
20 0 39435230 5687162 760384351 5687162 799819581
21 0 39119439 5687162 760784566 5687162 799904005
22 0 38725947 5687162 761268057 5687162 799994004
23 0 38692522 5687162 761645846 5687162 800338368
24 0 38383305 5687162 762039487 5687162 800422792
25 0 38102828 5687162 762401573 5687162 800504401
26 0 37806779 5687162 762782547 5687162 800589326
27 0 37586190 5687162 763075560 5687162 800661750
28 0 37396787 5687162 763355721 5687162 800752508
29 0 37198901 5687162 763639309 5687162 800838210
30 0 36980757 5687162 763931026 5687162 800911783
31 0 36774131 5687162 764221354 5687162 800995485
32 0 36577450 5687162 764502737 5687162 801080187
33 0 36379064 5687162 764784436 5687162 801163500
34 0 36153143 5687162 765091467 5687162 801244610
35 0 35965776 5687162 765375054 5687162 801340830
36 0 35767872 5687162 765660586 5687162 801428458
37 0 35522469 5687162 765977599 5687162 801500068
38 0 35314881 5687162 766273760 5687162 801588641
39 0 35105126 5687162 766556180 5687162 801661306
40 0 34897166 5687162 766855842 5687162 801753008
41 0 34683689 5687162 767140744 5687162 801824433
42 0 34488488 5687162 767420998 5687162 801909486
43 0 34267289 5687162 767724770 5687162 801992059
44 0 34049145 5687162 768014098 5687162 802063243
45 0 33859889 5687162 768292500 5687162 802152389
46 0 33633338 5687162 768590328 5687162 802223666
47 0 33434009 5687162 768875489 5687162 802309498
48 0 33220179 5687162 769161058 5687162 802381237
49 0 32996572 5687162 769468182 5687162 802464754
50 0 32802742 5687162 769755288 5687162 802558030
51 0 32485100 5687162 770159465 5687162 802644565
52 0 32264475 5687162 770464941 5687162 802729416
53 0 32046775 5687162 770754010 5687162 802800785
54 0 31816946 5687162 771067430 5687162 802884376
55 0 31587876 5687162 771379832 5687162 802967708
56 0 31366324 5687162 771673493 5687162 803039817
57 0 31154403 5687162 771976746 5687162 803131149
58 0 30933573 5687162 772271556 5687162 803205129
59 0 30741651 5687162 772547551 5687162 803289202
60 0 30547432 5687162 772825990 5687162 803373422
61 0 30333937 5687162 773122058 5687162 803455995
62 0 30133958 5687162 773406294 5687162 803540252
63 0 29900445 5687162 773719436 5687162 803619881
64 0 29679319 5687162 774030116 5687162 803709435
1 0 44276825 5687169 567652052 5687169 611928877
2 0 43353139 5687169 568656015 5687169 612009154
3 0 43091977 5687169 569004916 5687169 612096893
4 0 42890277 5687169 569299984 5687169 612190261
5 0 42652856 5687169 569621571 5687169 612274427
6 0 42432971 5687169 569914936 5687169 612347907
7 0 42138013 5687169 570292003 5687169 612430016
8 0 41922795 5687169 570589868 5687169 612512663
9 0 41703392 5687169 570880603 5687169 612583995
10 0 41491118 5687169 571187301 5687169 612678419
11 0 41275530 5687169 571474425 5687169 612749955
12 0 41052460 5687169 571778864 5687169 612831324
13 0 40838519 5687169 572066137 5687169 612904656
14 0 40642078 5687169 572354705 5687169 612996783
15 0 40435619 5687169 572645237 5687169 613080856
16 0 40232141 5687169 572925936 5687169 613158077
17 0 40027978 5687169 573213875 5687169 613241853
18 0 39794465 5687169 573518776 5687169 613313241
19 0 39571079 5687169 573823993 5687169 613395072
20 0 39350065 5687169 574117599 5687169 613467664
21 0 39137217 5687169 574412575 5687169 613549792
22 0 38852093 5687169 574788401 5687169 613640494
23 0 38632838 5687169 575078136 5687169 613710974
24 0 38416637 5687169 575375409 5687169 613792046
25 0 38202420 5687169 575665903 5687169 613868323
26 0 37993035 5687169 575958120 5687169 613951155
27 0 37772817 5687169 576249781 5687169 614022598
28 0 37580709 5687169 576531517 5687169 614112226
29 0 37390157 5687169 576819382 5687169 614209539
30 0 37163587 5687169 577116043 5687169 614279630
31 0 36957183 5687169 577410723 5687169 614367906
32 0 36756668 5687169 577692940 5687169 614449608
33 0 36555728 5687169 577977008 5687169 614532736
34 0 36327936 5687169 578283595 5687169 614611531
35 0 36134069 5687169 578567053 5687169 614701122
36 0 35925943 5687169 578857455 5687169 614783398
37 0 35695614 5687169 579158690 5687169 614854304
38 0 35483248 5687169 579458370 5687169 614941618
39 0 35274270 5687169 579741476 5687169 615015746
40 0 34987016 5687169 580119506 5687169 615106522
41 0 34761761 5687169 580417037 5687169 615178798
42 0 34564580 5687169 580697421 5687169 615262001
43 0 34341066 5687169 581003100 5687169 615344166
44 0 34121662 5687169 581293521 5687169 615415183
45 0 33932258 5687169 581572608 5687169 615504866
46 0 33708170 5687169 581868380 5687169 615576550
47 0 33511748 5687169 582148542 5687169 615660290
48 0 33295900 5687169 582436166 5687169 615732066
49 0 33071608 5687169 582742679 5687169 615814287
50 0 32876407 5687169 583029248 5687169 615905655
51 0 32672319 5687169 583316705 5687169 615989024
52 0 32462415 5687169 583615607 5687169 616078022
53 0 32247178 5687169 583902139 5687169 616149317
54 0 32058053 5687169 584187689 5687169 616245742
55 0 31810687 5687169 584524757 5687169 616335444
56 0 31593653 5687169 584812715 5687169 616406368
57 0 30916037 5687169 585580293 5687169 616496330
58 0 30657153 5687169 585910416 5687169 616567569
59 0 30457934 5687169 586193596 5687169 616651530
60 0 30247012 5687169 586475350 5687169 616722362
61 0 30034701 5687169 586771289 5687169 616805990
62 0 29834057 5687169 587054543 5687169 616888600
63 0 29598117 5687169 587370815 5687169 616968932
64 0 29390584 5687169 587666865 5687169 617057449
1 0 43974812 5687176 387225246 5687176 431200058
2 0 43040830 5687176 388239153 5687176 431279983
3 0 42767483 5687176 388596942 5687176 431364425
4 0 42565857 5687176 388892733 5687176 431458590
5 0 42334288 5687176 389207690 5687176 431541978
6 0 42116384 5687176 389497833 5687176 431614217
7 0 41906314 5687176 389790179 5687176 431696493
8 0 41537932 5687176 390240949 5687176 431778881
9 0 41308733 5687176 390542406 5687176 431851139
10 0 41101588 5687176 390844086 5687176 431945674
11 0 40885278 5687176 391132080 5687176 432017358
12 0 40662392 5687176 391434927 5687176 432097319
13 0 40449545 5687176 391717810 5687176 432167355
14 0 40251419 5687176 392006527 5687176 432257946
15 0 40040219 5687176 392300503 5687176 432340722
16 0 39833538 5687176 392583794 5687176 432417332
17 0 39624560 5687176 392875418 5687176 432499978
18 0 39392639 5687176 393177931 5687176 432570570
19 0 39169327 5687176 393482926 5687176 432652253
20 0 38948776 5687176 393774254 5687176 432723030
21 0 38739243 5687176 394068767 5687176 432808010
22 0 38451952 5687176 394445204 5687176 432897156
23 0 38240474 5687176 394728199 5687176 432968673
24 0 38027441 5687176 395023953 5687176 433051394
25 0 37812261 5687176 395314243 5687176 433126504
26 0 37597282 5687176 395610905 5687176 433208187
27 0 37375269 5687176 395903584 5687176 433278853
28 0 37187772 5687176 396184357 5687176 433372129
29 0 36999071 5687176 396468741 5687176 433467812
30 0 36780946 5687176 396760494 5687176 433541440
31 0 36574672 5687176 397054841 5687176 433629513
32 0 36377361 5687176 397333928 5687176 433711289
33 0 36174105 5687176 397618886 5687176 433792991
34 0 35944610 5687176 397926843 5687176 433871453
35 0 35749743 5687176 398209708 5687176 433959451
36 0 35551006 5687176 398491425 5687176 434042431
37 0 35320251 5687176 398792531 5687176 434112782
38 0 35114163 5687176 399084599 5687176 434198762
39 0 34908259 5687176 399363279 5687176 434271538
40 0 34697189 5687176 399662866 5687176 434360055
41 0 34484174 5687176 399947009 5687176 434431183
42 0 34188864 5687176 400326521 5687176 434515385
43 0 33962795 5687176 400636163 5687176 434598958
44 0 33741373 5687176 400929639 5687176 434671012
45 0 33549136 5687176 401211226 5687176 434760362
46 0 33322880 5687176 401507851 5687176 434830731
47 0 33122273 5687176 401791216 5687176 434913489
48 0 32907222 5687176 402077284 5687176 434984506
49 0 32679800 5687176 402386927 5687176 435066727
50 0 32487137 5687176 402672644 5687176 435159781
51 0 32278363 5687176 402965194 5687176 435243557
52 0 32068330 5687176 403263096 5687176 435331426
53 0 31856334 5687176 403547257 5687176 435403591
54 0 31658079 5687176 403842492 5687176 435500571
55 0 31412397 5687176 404172783 5687176 435585180
56 0 31203920 5687176 404453333 5687176 435657253
57 0 30989424 5687176 404757827 5687176 435747251
58 0 30761503 5687176 405058414 5687176 435819917
59 0 30565191 5687176 405341094 5687176 435906285
60 0 30357862 5687176 405621422 5687176 435979284
61 0 30149532 5687176 405913121 5687176 436062653
62 0 29952795 5687176 406194856 5687176 436147651
63 0 29715633 5687176 406510869 5687176 436226502
64 0 29508451 5687176 406805234 5687176 436313685
1 0 43974275 5687183 197095730 5687183 241070005
2 0 43059219 5687183 198090007 5687183 241149226
3 0 42785649 5687183 198445927 5687183 241231576
4 0 42568691 5687183 198742495 5687183 241311186
5 0 42336880 5687183 199058934 5687183 241395814
6 0 42118292 5687183 199349465 5687183 241467757
7 0 41909851 5687183 199641830 5687183 241551681
8 0 41707447 5687183 199927640 5687183 241635087
9 0 41398212 5687183 200311262 5687183 241709474
10 0 41177346 5687183 200627516 5687183 241804862
11 0 40959202 5687183 200916362 5687183 241875564
12 0 40735336 5687183 201221245 5687183 241956581
13 0 40523525 5687183 201505166 5687183 242028691
14 0 40328510 5687183 201793790 5687183 242122300
15 0 40128902 5687183 202087452 5687183 242216354
16 0 39925721 5687183 202368224 5687183 242293945
17 0 39720262 5687183 202657404 5687183 242377666
18 0 39486877 5687183 202962658 5687183 242449535
19 0 39265363 5687183 203265541 5687183 242530904
20 0 39044848 5687183 203559054 5687183 242603902
21 0 38836945 5687183 203852271 5687183 242689216
22 0 38556616 5687183 204220042 5687183 242776658
23 0 38344176 5687183 204503555 5687183 242847731
24 0 38129236 5687183 204800234 5687183 242929470
25 0 37913795 5687183 205092859 5687183 243006654
26 0 37707910 5687183 205381372 5687183 243089282
27 0 37485266 5687183 205674663 5687183 243159929
28 0 37293362 5687183 205954991 5687183 243248353
29 0 37091310 5687183 206238523 5687183 243329833
30 0 36869648 5687183 206531332 5687183 243400980
31 0 36663634 5687183 206825030 5687183 243488664
32 0 36463193 5687183 207108006 5687183 243571199
33 0 36263234 5687183 207391297 5687183 243654531
34 0 36033997 5687183 207699088 5687183 243733085
35 0 35840482 5687183 207979842 5687183 243820324
36 0 35639115 5687183 208264652 5687183 243903767
37 0 35405139 5687183 208569016 5687183 243974155
38 0 35198864 5687183 208862770 5687183 244061634
39 0 34988998 5687183 209143320 5687183 244132318
40 0 34794964 5687183 209439519 5687183 244234483
41 0 34582949 5687183 209722736 5687183 244305685
42 0 34343362 5687183 210045581 5687183 244388943
43 0 34075700 5687183 210395186 5687183 244470886
44 0 33856426 5687183 210687977 5687183 244544403
45 0 33663634 5687183 210970731 5687183 244634365
46 0 33436323 5687183 211269114 5687183 244705437
47 0 33235567 5687183 211554850 5687183 244790417
48 0 33033941 5687183 211840715 5687183 244874656
49 0 32800076 5687183 212146672 5687183 244946748
50 0 32601728 5687183 212436796 5687183 245038524
51 0 32396380 5687183 212727161 5687183 245123541
52 0 32186476 5687183 213024137 5687183 245210613
53 0 31973850 5687183 213308928 5687183 245282778
54 0 31772576 5687183 213594034 5687183 245366610
55 0 31524007 5687183 213928750 5687183 245452757
56 0 31305733 5687183 214219189 5687183 245524922
57 0 31101348 5687183 214514424 5687183 245615772
58 0 30870260 5687183 214817474 5687183 245687734
59 0 30665671 5687183 215104543 5687183 245770214
60 0 30453786 5687183 215387204 5687183 245840990
61 0 30242641 5687183 215680255 5687183 245922896
62 0 30044127 5687183 215962249 5687183 246006376
63 0 29809132 5687183 216276243 5687183 246085375
64 0 29614634 5687183 216571868 5687183 246186502
1 0 44551376 5687189 997606793 5687190 42158169
2 0 43621856 5687189 998615145 5687190 42237001
3 0 43343917 5687189 998978490 5687190 42322407
4 0 43123940 5687189 999278299 5687190 42402239
5 0 42886722 5687189 999600608 5687190 42487330
6 0 42670430 5687189 999890843 5687190 42561273
7 0 42328083 5687190 315984 5687190 42644067
8 0 42115792 5687190 612552 5687190 42728344
9 0 41900129 5687190 898695 5687190 42798824
10 0 41692318 5687190 1200856 5687190 42893174
11 0 41478711 5687190 1486388 5687190 42965099
12 0 41260863 5687190 1784938 5687190 43045801
13 0 41044775 5687190 2072636 5687190 43117411
14 0 40849704 5687190 2359464 5687190 43209168
15 0 40640800 5687190 2651681 5687190 43292481
16 0 40437952 5687190 2932491 5687190 43370443
17 0 40247548 5687190 3219208 5687190 43466756
18 0 40017664 5687190 3521665 5687190 43539329
19 0 39797631 5687190 3825307 5687190 43622938
20 0 39576561 5687190 4116987 5687190 43693548
21 0 39367083 5687190 4409778 5687190 43776861
22 0 39080329 5687190 4785901 5687190 43866230
23 0 38862852 5687190 5075377 5687190 43938229
24 0 38642597 5687190 5377667 5687190 44020264
25 0 38428119 5687190 5669199 5687190 44097318
26 0 38218753 5687190 5961286 5687190 44180039
27 0 37997071 5687190 6254207 5687190 44251278
28 0 37805519 5687190 6535350 5687190 44340869
29 0 37603375 5687190 6822900 5687190 44426275
30 0 37378898 5687190 7117283 5687190 44496181
31 0 37171309 5687190 7414093 5687190 44585402
32 0 36964313 5687190 7701569 5687190 44665882
33 0 36763632 5687190 7985619 5687190 44749251
34 0 36534136 5687190 8294872 5687190 44829008
35 0 36341880 5687190 8576071 5687190 44917951
36 0 36137773 5687190 8862417 5687190 45000190
37 0 35908037 5687190 9164782 5687190 45072819
38 0 35698763 5687190 9460795 5687190 45159558
39 0 35490841 5687190 9740734 5687190 45231575
40 0 35241345 5687190 10080932 5687190 45322277
41 0 35028497 5687190 10378556 5687190 45407053
42 0 34832909 5687190 10659217 5687190 45492126
43 0 34613468 5687190 10960508 5687190 45573976
44 0 34395361 5687190 11250410 5687190 45645771
45 0 34206494 5687190 11528775 5687190 45735269
46 0 33982517 5687190 11824492 5687190 45807009
47 0 33780002 5687190 12111005 5687190 45891007
48 0 33567710 5687190 12394981 5687190 45962691
49 0 33344622 5687190 12701679 5687190 46046301
50 0 33149736 5687190 12988285 5687190 46138021
51 0 32945647 5687190 13277354 5687190 46223001
52 0 32738485 5687190 13578348 5687190 46316833
53 0 32522118 5687190 13866047 5687190 46388165
54 0 32316436 5687190 14154634 5687190 46471070
55 0 32056145 5687190 14499053 5687190 46555198
56 0 31841130 5687190 14784882 5687190 46626012
57 0 31138848 5687190 15575848 5687190 46714696
58 0 30897925 5687190 15889417 5687190 46787342
59 0 30697818 5687190 16173930 5687190 46871748
60 0 30484785 5687190 16458573 5687190 46943358
61 0 30274012 5687190 16753530 5687190 47027542
62 0 30076515 5687190 17034877 5687190 47111392
63 0 29841482 5687190 17348945 5687190 47190427
64 0 29636949 5687190 17647180 5687190 47284129
