1 0 518115901 5746105 436004458 5746105 954120359
2 0 352667675 5746105 638365850 5746105 991033525
1 0 518482245 5746113 154969446 5746113 673451691
2 0 374700841 5746113 348282820 5746113 722983661
1 0 504949571 5746120 942385086 5746121 447334657
2 0 363615009 5746121 124184971 5746121 487799980
1 0 494664743 5746128 692161238 5746129 186825981
2 0 373348144 5746128 863620073 5746129 236968217
1 0 524700444 5746136 421239827 5746136 945940271
2 0 369878892 5746136 622796900 5746136 992675792
1 0 531134121 5746144 224972139 5746144 756106260
2 0 374039982 5746144 431910241 5746144 805950223
1 0 499078512 5746151 696242528 5746152 195321040
2 0 381413530 5746151 863807435 5746152 245220965
1 0 544153823 5746159 254950273 5746159 799104096
2 0 377982723 5746159 469217610 5746159 847200333
1 0 489907701 5746166 933065336 5746167 422973037
2 0 361526992 5746167 110701760 5746167 472228752
1 0 509201324 5746174 474807781 5746174 984009105
2 0 365719506 5746174 666880104 5746175 32599610
1 0 520932235 5746182 205631620 5746182 726563855
2 0 376509288 5746182 396412281 5746182 772921569
1 0 509377506 5746189 922106223 5746190 431483729
2 0 360980946 5746190 113367376 5746190 474348322
1 0 517671703 5746197 466286450 5746197 983958153
2 0 357262145 5746197 670876855 5746198 28139000
1 0 511657204 5746204 924915670 5746205 436572874
2 0 376069370 5746205 108417559 5746205 484486929
1 0 518856533 5746212 377219154 5746212 896075687
2 0 351937614 5746212 591173274 5746212 943110888
1 0 511892736 5746219 842421008 5746220 354313744
2 0 367580249 5746220 42226946 5746220 409807195
1 0 518651277 5746227 625073447 5746228 143724724
2 0 371465732 5746227 816761388 5746228 188227120
1 0 512228471 5746235 311127992 5746235 823356463
2 0 358949613 5746235 512570252 5746235 871519865
1 0 496239711 5746242 802684981 5746243 298924692
2 0 365176701 5746242 986243554 5746243 351420255
1 0 528619036 5746250 535130828 5746251 63749864
2 0 373923223 5746250 737079708 5746251 111002931
1 0 497462744 5746258 22428836 5746258 519891580
2 0 364854577 5746258 206418457 5746258 571273034
1 0 516743590 5746265 546264071 5746266 63007661
2 0 360937724 5746265 749928623 5746266 110866347
1 0 506289395 5746273 19776129 5746273 526065524
2 0 350885929 5746273 214648621 5746273 565534550
1 0 518326320 5746280 544907429 5746281 63233749
2 0 361537490 5746280 746922882 5746281 108460372
1 0 494207600 5746288 42626608 5746288 536834208
2 0 360474787 5746288 223103590 5746288 583578377
1 0 512916827 5746295 555603983 5746296 68520810
2 0 364448807 5746295 749259312 5746296 113708119
1 0 518265376 5746303 31590228 5746303 549855604
2 0 369781781 5746303 223887824 5746303 593669605
1 0 521585925 5746310 555445472 5746311 77031397
2 0 358575544 5746310 767205410 5746311 125780954
1 0 529910178 5746318 282739084 5746318 812649262
2 0 383161607 5746318 475628650 5746318 858790257
1 0 519572926 5746325 774839062 5746326 294411988
2 0 378161477 5746325 971947421 5746326 350108898
