1 9 38850874 5747170 905431362 5747179 944282236
2 8 901942881 5747171 95869916 5747179 997812797
3 8 784525488 5747171 256546560 5747180 41072048
4 8 669175891 5747171 417654955 5747180 86830846
5 8 552913015 5747171 579097251 5747180 132010266
6 8 438629213 5747171 738208998 5747180 176838211
7 8 335533591 5747171 896070732 5747180 231604323
8 8 211237863 5747172 71571619 5747180 282809482
9 8 84932489 5747172 239471813 5747180 324404302
10 7 984820127 5747172 393025256 5747180 377845383
11 7 868104499 5747172 552658827 5747180 420763326
12 7 750616460 5747172 721936571 5747180 472553031
13 7 639907518 5747172 879693787 5747180 519601305
14 7 528724639 5747173 37301266 5747180 566025905
15 7 409341431 5747173 202563269 5747180 611904700
16 7 282524010 5747173 370902660 5747180 653426670
17 7 174525962 5747173 528961574 5747180 703487536
18 7 57442674 5747173 690788623 5747180 748231297
19 6 938065485 5747173 856089977 5747180 794155462
20 6 806698685 5747174 26450349 5747180 833149034
21 6 705619878 5747174 181747463 5747180 887367341
22 6 600336335 5747174 343508957 5747180 943845292
23 6 482388489 5747174 505909514 5747180 988298003
24 6 362030374 5747174 681255718 5747181 43286092
25 6 239371819 5747174 849843734 5747181 89215553
26 6 142623507 5747175 12653856 5747181 155277363
27 6 37079949 5747175 175426887 5747181 212506836
28 5 929692186 5747175 341875294 5747181 271567480
29 5 809995983 5747175 509916487 5747181 319912470
30 5 702453149 5747175 668297784 5747181 370750933
31 5 580858186 5747175 841104277 5747181 421962463
32 5 486749805 5747176 2205469 5747181 488955274
1 9 140857755 5747192 365618090 5747201 506475845
2 8 992178092 5747192 561332416 5747201 553510508
3 8 877612740 5747192 720188834 5747201 597801574
4 8 760000554 5747192 884490837 5747201 644491391
5 8 642773399 5747193 52573621 5747201 695347020
6 8 541487671 5747193 203259006 5747201 744746677
7 8 414339496 5747193 376382419 5747201 790721915
8 8 295534796 5747193 541460407 5747201 836995203
9 8 169979889 5747193 712754520 5747201 882734409
10 8 53680642 5747193 878154521 5747201 931835163
11 7 937792722 5747194 44108807 5747201 981901529
12 7 818895246 5747194 205609658 5747202 24504904
13 7 702235174 5747194 369497927 5747202 71733101
14 7 585552767 5747194 529427363 5747202 114980130
15 7 475920101 5747194 686864215 5747202 162784316
16 7 362678223 5747194 848736189 5747202 211414412
17 7 247439550 5747195 8376167 5747202 255815717
18 7 132968529 5747195 174450618 5747202 307419147
19 7 6502527 5747195 343712102 5747202 350214629
20 6 906634605 5747195 499076512 5747202 405711117
21 6 803238804 5747195 659076557 5747202 462315361
22 6 671995965 5747195 833129304 5747202 505125269
23 6 574546813 5747195 985763264 5747202 560310077
24 6 467742780 5747196 156014304 5747202 623757084
25 6 362879876 5747196 320113051 5747202 682992927
26 6 265532166 5747196 486115948 5747202 751648114
27 6 146604154 5747196 656657983 5747202 803262137
28 6 30600180 5747196 820802933 5747202 851403113
29 5 909366377 5747196 992396429 5747202 901762806
30 5 811135073 5747197 146607953 5747202 957743026
31 5 689181394 5747197 322796290 5747203 11977684
32 5 603326046 5747197 489214586 5747203 92540632
1 9 42306252 5747214 89206476 5747223 131512728
2 8 920711179 5747214 251903175 5747223 172614354
3 8 777504710 5747214 433229380 5747223 210734090
4 8 664093003 5747214 599448291 5747223 263541294
5 8 555770886 5747214 753351098 5747223 309121984
6 8 431884651 5747214 921684636 5747223 353569287
7 8 325448740 5747215 77302319 5747223 402751059
8 8 208830777 5747215 243538008 5747223 452368785
9 8 87930839 5747215 419371573 5747223 507302412
10 7 969219489 5747215 588598207 5747223 557817696
11 7 845181682 5747215 757188741 5747223 602370423
12 7 722238912 5747215 922664110 5747223 644903022
13 7 609517969 5747216 83233367 5747223 692751336
14 7 488416552 5747216 252757699 5747223 741174251
15 7 371448522 5747216 412120182 5747223 783568704
16 7 267952983 5747216 573255706 5747223 841208689
17 7 128494426 5747216 753750482 5747223 882244908
18 7 7096071 5747216 922682009 5747223 929778080
19 6 892120429 5747217 84342598 5747223 976463027
20 6 771500486 5747217 248708803 5747224 20209289
21 6 666561917 5747217 402104230 5747224 68666147
22 6 554440093 5747217 563248162 5747224 117688255
23 6 447796872 5747217 732593107 5747224 180389979
24 6 326713121 5747217 895737835 5747224 222450956
25 6 224581667 5747218 57531958 5747224 282113625
26 6 127782225 5747218 213388062 5747224 341170287
27 6 11177392 5747218 378505698 5747224 389683090
28 5 904723759 5747218 542728202 5747224 447451961
29 5 807619711 5747218 703532158 5747224 511151869
30 5 692549961 5747218 865328596 5747224 557878557
31 5 581743260 5747219 20663969 5747224 602407229
32 5 477753193 5747219 183618200 5747224 661371393
1 9 86217954 5747235 806170724 5747244 892388678
2 8 942675566 5747235 998640851 5747244 941316417
3 8 828644592 5747236 156811227 5747244 985455819
4 8 709305403 5747236 319679422 5747245 28984825
5 8 601034747 5747236 477155478 5747245 78190225
6 8 492805185 5747236 635583256 5747245 128388441
7 8 376784767 5747236 797028904 5747245 173813671
8 8 267474613 5747236 954716566 5747245 222191179
9 8 134623471 5747237 136860700 5747245 271484171
10 8 26466739 5747237 301588991 5747245 328055730
11 7 916213936 5747237 462380670 5747245 378594606
12 7 792983819 5747237 630777652 5747245 423761471
13 7 672348338 5747237 793212374 5747245 465560712
14 7 558796392 5747237 952759132 5747245 511555524
15 7 433484555 5747238 123237649 5747245 556722204
16 7 331836851 5747238 279974144 5747245 611810995
17 7 205453607 5747238 458319663 5747245 663773270
18 7 92376911 5747238 622102583 5747245 714479494
19 6 978390011 5747238 786060277 5747245 764450288
20 6 869774993 5747238 943949824 5747245 813724817
21 6 755099642 5747239 116066848 5747245 871166490
22 6 653963077 5747239 266865435 5747245 920828512
23 6 531664201 5747239 438215825 5747245 969880026
24 6 419352066 5747239 603501383 5747246 22853449
25 6 315594680 5747239 763045344 5747246 78640024
26 6 201101714 5747239 931436864 5747246 132538578
27 6 96504287 5747240 94341485 5747246 190845772
28 5 995040636 5747240 255965981 5747246 251006617
29 5 876885164 5747240 419307576 5747246 296192740
30 5 787182257 5747240 578491451 5747246 365673708
31 5 670444852 5747240 740912211 5747246 411357063
32 5 568696503 5747240 905074882 5747246 473771385
1 9 30632968 5747257 472878959 5747266 503511927
2 8 876114376 5747257 672681172 5747266 548795548
3 8 769922424 5747257 826084803 5747266 596007227
4 8 660708138 5747257 982615746 5747266 643323884
5 8 545618258 5747258 143981896 5747266 689600154
6 8 436842853 5747258 299923091 5747266 736765944
7 8 318432517 5747258 467216334 5747266 785648851
8 8 196977162 5747258 636179750 5747266 833156912
9 8 78145889 5747258 801188573 5747266 879334462
10 7 968423816 5747258 959687924 5747266 928111740
11 7 842020036 5747259 128721264 5747266 970741300
12 7 712413741 5747259 302665124 5747267 15078865
13 7 604576245 5747259 461316787 5747267 65893032
14 7 488312017 5747259 622225797 5747267 110537814
15 7 366324598 5747259 787287174 5747267 153611772
16 7 257830114 5747259 949332497 5747267 207162611
17 7 147939693 5747260 105522983 5747267 253462676
18 7 27490339 5747260 270077166 5747267 297567505
19 6 913646658 5747260 429397909 5747267 343044567
20 6 809226320 5747260 587817984 5747267 397044304
21 6 692615932 5747260 753910138 5747267 446526070
22 6 572208114 5747260 926402396 5747267 498610510
23 6 473305340 5747261 92652529 5747267 565957869
24 6 359888708 5747261 252091825 5747267 611980533
25 6 258258003 5747261 408888671 5747267 667146674
26 6 152527894 5747261 572183340 5747267 724711234
27 6 52829932 5747261 731852614 5747267 784682546
28 5 949288207 5747261 892175876 5747267 841464083
29 5 851821389 5747262 51399898 5747267 903221287
30 5 733933931 5747262 210705401 5747267 944639332
31 5 614606779 5747262 378707538 5747267 993314317
32 5 514282661 5747262 543580882 5747268 57863543
1 9 90565094 5747279 273053194 5747288 363618288
2 8 959289941 5747279 452845149 5747288 412135090
3 8 853723439 5747279 612633865 5747288 466357304
4 8 728976831 5747279 775924146 5747288 504900977
5 8 615308406 5747279 939136428 5747288 554444834
6 8 505937458 5747280 98076381 5747288 604013839
7 8 391046630 5747280 261662675 5747288 652709305
8 8 267516332 5747280 432271838 5747288 699788170
9 8 152538821 5747280 596441898 5747288 748980719
10 8 29317888 5747280 766458295 5747288 795776183
11 7 909305989 5747280 935922275 5747288 845228264
12 7 797432679 5747281 94528698 5747288 891961377
13 7 677783643 5747281 256350173 5747288 934133816
14 7 569828557 5747281 416204887 5747288 986033444
15 7 454745657 5747281 575818533 5747289 30564190
16 7 344507114 5747281 739827670 5747289 84334784
17 7 234499510 5747281 900217245 5747289 134716755
18 7 120323502 5747282 61475508 5747289 181799010
19 7 8517727 5747282 221049228 5747289 229566955
20 6 889922006 5747282 378804074 5747289 268726080
21 6 790148211 5747282 548542994 5747289 338691205
22 6 676644913 5747282 710092307 5747289 386737220
23 6 575763529 5747282 867854449 5747289 443617978
24 6 469233452 5747283 32831143 5747289 502064595
25 6 355387217 5747283 197553026 5747289 552940243
26 6 248137839 5747283 359487332 5747289 607625171
27 6 148060791 5747283 519218623 5747289 667279414
28 6 35362775 5747283 683628938 5747289 718991713
29 5 925800328 5747283 851315934 5747289 777116262
30 5 829639393 5747284 11737508 5747289 841376901
31 5 716359961 5747284 180295117 5747289 896655078
32 5 602336710 5747284 346447751 5747289 948784461
1 9 88192229 5747300 905786890 5747309 993979119
2 8 934968151 5747301 103538419 5747310 38506570
3 8 814062065 5747301 268397892 5747310 82459957
4 8 696915353 5747301 431414585 5747310 128329938
5 8 584607402 5747301 597186394 5747310 181793796
6 8 461912738 5747301 762056867 5747310 223969605
7 8 333413978 5747301 932575624 5747310 265989602
8 8 216492131 5747302 92092216 5747310 308584347
9 8 118739837 5747302 251518920 5747310 370258757
10 8 5671512 5747302 411711295 5747310 417382807
11 7 887012921 5747302 572581398 5747310 459594319
12 7 775681231 5747302 729540518 5747310 505221749
13 7 656424558 5747302 893451528 5747310 549876086
14 7 537683153 5747303 59267947 5747310 596951100
15 7 424846398 5747303 221129550 5747310 645975948
16 7 305989126 5747303 384866433 5747310 690855559
17 7 197927763 5747303 539158511 5747310 737086274
18 7 65014122 5747303 714409606 5747310 779423728
19 6 957731597 5747303 874499483 5747310 832231080
20 6 842522256 5747304 36510584 5747310 879032840
21 6 728623724 5747304 205840011 5747310 934463735
22 6 629420105 5747304 366555617 5747310 995975722
23 6 511085544 5747304 533390258 5747311 44475802
24 6 421001441 5747304 686509690 5747311 107511131
25 6 311116483 5747304 841603586 5747311 152720069
26 6 200955030 5747305 12440726 5747311 213395756
27 6 97670060 5747305 176338292 5747311 274008352
28 5 983210669 5747305 342824457 5747311 326035126
29 5 873258397 5747305 499977944 5747311 373236341
30 5 752087408 5747305 675281168 5747311 427368576
31 5 652808215 5747305 839757501 5747311 492565716
32 5 534052071 5747306 3751842 5747311 537803913
1 9 146850954 5747322 935482207 5747332 82333161
2 9 13487580 5747323 120735265 5747332 134222845
3 8 893553661 5747323 288387001 5747332 181940662
4 8 773564372 5747323 453170198 5747332 226734570
5 8 651713987 5747323 622205354 5747332 273919341
6 8 541605238 5747323 782265935 5747332 323871173
7 8 421969442 5747323 947397033 5747332 369366475
8 8 294767658 5747324 121783755 5747332 416551413
9 8 177181009 5747324 288256440 5747332 465437449
10 8 60556788 5747324 452531646 5747332 513088434
11 7 943565185 5747324 613298862 5747332 556864047
12 7 825307845 5747324 780380961 5747332 605688806
13 7 716546069 5747324 940523208 5747332 657069277
14 7 590304360 5747325 109789988 5747332 700094348
15 7 483877096 5747325 267888995 5747332 751766091
16 7 375114840 5747325 426402216 5747332 801517056
17 7 256966295 5747325 591825179 5747332 848791474
18 7 148155725 5747325 751750040 5747332 899905765
19 7 28592261 5747325 922925915 5747332 951518176
20 6 926628563 5747326 83133419 5747333 9761982
21 6 807217412 5747326 244852618 5747333 52070030
22 6 688558468 5747326 413168472 5747333 101726940
23 6 589988189 5747326 572944966 5747333 162933155
24 6 476865013 5747326 751103655 5747333 227968668
25 6 380129773 5747326 903946630 5747333 284076403
26 6 263861360 5747327 73678013 5747333 337539373
27 6 141774833 5747327 241957645 5747333 383732478
28 6 46887040 5747327 401216741 5747333 448103781
29 5 943150597 5747327 554114289 5747333 497264886
30 5 825036089 5747327 732935762 5747333 557971851
31 5 723970133 5747327 895778514 5747333 619748647
32 5 642864640 5747328 55188700 5747333 698053340
1 9 116779919 5747344 726602845 5747353 843382764
2 8 976701114 5747344 918524316 5747353 895225430
3 8 847548404 5747345 90554193 5747353 938102597
4 8 723926164 5747345 259173967 5747353 983100131
5 8 612530808 5747345 415730780 5747354 28261588
6 8 484124379 5747345 582812120 5747354 66936499
7 8 371126571 5747345 752049253 5747354 123175824
8 8 258604570 5747345 912941633 5747354 171546203
9 8 143498635 5747346 81043324 5747354 224541959
10 8 30023465 5747346 242935057 5747354 272958522
11 7 910106639 5747346 410737364 5747354 320844003
12 7 793826392 5747346 579103847 5747354 372930239
13 7 688428925 5747346 734585587 5747354 423014512
14 7 571977145 5747346 898895774 5747354 470872919
15 7 448933708 5747347 63708564 5747354 512642272
16 7 337522704 5747347 222017974 5747354 559540678
17 7 217385566 5747347 389089573 5747354 606475139
18 7 85680292 5747347 562837844 5747354 648518136
19 6 980934479 5747347 721717410 5747354 702651889
20 6 871742675 5747347 882803528 5747354 754546203
21 6 764256710 5747348 35843628 5747354 800100338
22 6 651942037 5747348 201169982 5747354 853112019
23 6 553957154 5747348 362571224 5747354 916528378
24 6 439712277 5747348 527983224 5747354 967695501
25 6 332056926 5747348 691864530 5747355 23921456
26 6 245038580 5747348 849769318 5747355 94807898
27 6 114642522 5747349 22802140 5747355 137444662
28 6 9893598 5747349 183028940 5747355 192922538
29 5 912769718 5747349 346328350 5747355 259098068
30 5 784429565 5747349 512777850 5747355 297207415
31 5 680592384 5747349 683014427 5747355 363606811
32 5 585329246 5747349 840581425 5747355 425910671
1 9 130822269 5747366 505894164 5747375 636716433
2 8 968832982 5747366 721992408 5747375 690825390
3 8 854919284 5747366 882723773 5747375 737643057
4 8 741343376 5747367 39666060 5747375 781009436
5 8 630069444 5747367 202641235 5747375 832710679
6 8 507023731 5747367 370830887 5747375 877854618
7 8 387155811 5747367 534318997 5747375 921474808
8 8 265701789 5747367 703582760 5747375 969284549
9 8 142261269 5747367 874174404 5747376 16435673
10 8 31240109 5747368 33461907 5747376 64702016
11 7 916899160 5747368 193769391 5747376 110668551
12 7 798485397 5747368 359236946 5747376 157722343
13 7 686879694 5747368 524772703 5747376 211652397
14 7 571278786 5747368 682727435 5747376 254006221
15 7 453834117 5747368 843390264 5747376 297224381
16 7 336241839 5747369 7998390 5747376 344240229
17 7 218014054 5747369 175642479 5747376 393656533
18 7 107825862 5747369 335768614 5747376 443594476
19 6 970705095 5747369 522035745 5747376 492740840
20 6 856275554 5747369 691896700 5747376 548172254
21 6 744411263 5747369 856553288 5747376 600964551
22 6 634602137 5747370 15784737 5747376 650386874
23 6 520044469 5747370 171926206 5747376 691970675
24 6 418918552 5747370 342904436 5747376 761822988
25 6 308558307 5747370 499101348 5747376 807659655
26 6 221139116 5747370 659751715 5747376 880890831
27 6 101509025 5747370 825271972 5747376 926780997
28 5 977095096 5747370 999521030 5747376 976616126
29 5 869519039 5747371 160091917 5747377 29610956
30 5 759261477 5747371 330675340 5747377 89936817
31 5 643827066 5747371 502309984 5747377 146137050
32 5 542597133 5747371 673448711 5747377 216045844
1 9 75386872 5747387 931075080 5747397 6461952
2 8 926549638 5747388 124268490 5747397 50818128
3 8 791898863 5747388 303177665 5747397 95076528
4 8 683873036 5747388 457385374 5747397 141258410
5 8 574028282 5747388 614327920 5747397 188356202
6 8 451732980 5747388 784025600 5747397 235758580
7 8 341944372 5747388 942504989 5747397 284449361
8 8 224947175 5747389 106455609 5747397 331402784
9 8 106291936 5747389 272527541 5747397 378819477
10 7 977288741 5747389 443296423 5747397 420585164
11 7 854965236 5747389 612889661 5747397 467854897
12 7 736105445 5747389 779324901 5747397 515430346
13 7 622851550 5747389 943171671 5747397 566023221
14 7 504368140 5747390 108388416 5747397 612756556
15 7 387945637 5747390 273812601 5747397 661758238
16 7 266505098 5747390 441836145 5747397 708341243
17 7 149604955 5747390 604959855 5747397 754564810
18 7 37157471 5747390 764506797 5747397 801664268
19 6 904128535 5747390 940739152 5747397 844867687
20 6 800404259 5747391 93817196 5747397 894221455
21 6 678429544 5747391 263170846 5747397 941600390
22 6 585176240 5747391 417914896 5747398 3091136
23 6 465030805 5747391 589328322 5747398 54359127
24 6 346143311 5747391 753537104 5747398 99680415
25 6 234616217 5747391 924996751 5747398 159612968
26 6 116702260 5747392 96147404 5747398 212849664
27 6 3280164 5747392 259565237 5747398 262845401
28 5 895408317 5747392 430674520 5747398 326082837
29 5 799405712 5747392 577849452 5747398 377255164
30 5 691020318 5747392 741138733 5747398 432159051
31 5 576326542 5747392 902565196 5747398 478891738
32 5 479365992 5747393 64479928 5747398 543845920
1 9 102801507 5747409 705740943 5747418 808542450
2 8 956602038 5747409 899120703 5747418 855722741
3 8 830251396 5747410 72654858 5747418 902906254
4 8 707224970 5747410 236968372 5747418 944193342
5 8 599741562 5747410 400804563 5747419 546125
6 8 488038107 5747410 562468942 5747419 50507049
7 8 378507517 5747410 721990233 5747419 100497750
8 8 246218303 5747410 892747051 5747419 138965354
9 8 126246781 5747411 63308577 5747419 189555358
10 8 13503067 5747411 221811424 5747419 235314491
11 7 891132553 5747411 385965405 5747419 277097958
12 7 760747063 5747411 563346375 5747419 324093438
13 7 648128068 5747411 726749685 5747419 374877753
14 7 521961145 5747411 892635707 5747419 414596852
15 7 417121318 5747412 53394252 5747419 470515570
16 7 290736844 5747412 222480861 5747419 513217705
17 7 175202498 5747412 381101780 5747419 556304278
18 7 49703191 5747412 549021375 5747419 598724566
19 6 946571758 5747412 706470353 5747419 653042111
20 6 832218870 5747412 864802259 5747419 697021129
21 6 732414744 5747413 25436066 5747419 757850810
22 6 617556440 5747413 188384051 5747419 805940491
23 6 508406824 5747413 345385223 5747419 853792047
24 6 399489185 5747413 504049697 5747419 903538882
25 6 291926891 5747413 670668205 5747419 962595096
26 6 177648984 5747413 834918184 5747420 12567168
27 6 87184439 5747413 998046685 5747420 85231124
28 5 965652484 5747414 170333548 5747420 135986032
29 5 841616946 5747414 340547174 5747420 182164120
30 5 737699564 5747414 505925039 5747420 243624603
31 5 621257623 5747414 673127055 5747420 294384678
32 5 509521723 5747414 848636191 5747420 358157914
1 9 91582067 5747431 606121304 5747440 697703371
2 8 925764893 5747431 817279230 5747440 743044123
3 8 811917105 5747431 974783080 5747440 786700185
4 8 681734869 5747432 150709080 5747440 832443949
5 8 570645362 5747432 310806973 5747440 881452335
6 8 456105366 5747432 471948439 5747440 928053805
7 8 352100021 5747432 623499883 5747440 975599904
8 8 229513122 5747432 795215333 5747441 24728455
9 8 119934197 5747432 953091843 5747441 73026040
10 8 7801137 5747433 115397842 5747441 123198979
11 7 894843444 5747433 277430013 5747441 172273457
12 7 784200614 5747433 439115469 5747441 223316083
13 7 661424737 5747433 605441077 5747441 266865814
14 7 548069069 5747433 763886965 5747441 311956034
15 7 435572571 5747433 929932653 5747441 365505224
16 7 316342108 5747434 90954806 5747441 407296914
17 7 191976334 5747434 262092453 5747441 454068787
18 7 82472649 5747434 421498582 5747441 503971231
19 6 970414124 5747434 582395719 5747441 552809843
20 6 854947700 5747434 747832474 5747441 602780174
21 6 752150036 5747434 905498173 5747441 657648209
22 6 646938085 5747435 61332517 5747441 708270602
23 6 530048466 5747435 226861326 5747441 756909792
24 6 407494362 5747435 396205137 5747441 803699499
25 6 311910710 5747435 560988108 5747441 872898818
26 6 197926240 5747435 726258070 5747441 924184310
27 6 99780599 5747435 891779768 5747441 991560367
28 5 986825610 5747436 52680942 5747442 39506552
29 5 884744969 5747436 204889152 5747442 89634121
30 5 768523467 5747436 366275947 5747442 134799414
31 5 656499645 5747436 542322760 5747442 198822405
32 5 544970757 5747436 700695335 5747442 245666092
1 8 958698812 5747453 297997874 5747462 256696686
2 8 811113217 5747453 491660245 5747462 302773462
3 8 701160336 5747453 651694197 5747462 352854533
4 8 584832427 5747453 814988439 5747462 399820866
5 8 471811548 5747453 972066206 5747462 443877754
6 8 359045202 5747454 132818292 5747462 491863494
7 8 244708052 5747454 287067150 5747462 531775202
8 8 126892134 5747454 453997527 5747462 580889661
9 8 16334764 5747454 613861223 5747462 630195987
10 7 899954560 5747454 775244094 5747462 675198654
11 7 781655800 5747454 935645631 5747462 717301431
12 7 672612124 5747455 98235016 5747462 770847140
13 7 553630598 5747455 262384761 5747462 816015359
14 7 436704164 5747455 429207584 5747462 865911748
15 7 312865639 5747455 592513085 5747462 905378724
16 7 196070831 5747455 760815325 5747462 956886156
17 7 85937786 5747455 912498510 5747462 998436296
18 6 973352844 5747456 76942582 5747463 50295426
19 6 857022824 5747456 236057940 5747463 93080764
20 6 755829073 5747456 391790085 5747463 147619158
21 6 624030346 5747456 559870681 5747463 183901027
22 6 523611006 5747456 712790897 5747463 236401903
23 6 397343860 5747456 883211634 5747463 280555494
24 6 288737267 5747457 41629191 5747463 330366458
25 6 189054414 5747457 198415612 5747463 387470026
26 6 71996981 5747457 361665763 5747463 433662744
27 5 962092302 5747457 526689121 5747463 488781423
28 5 847060461 5747457 696261226 5747463 543321687
29 5 745002228 5747457 855143477 5747463 600145705
30 5 642973085 5747458 16104671 5747463 659077756
31 5 545399839 5747458 169716597 5747463 715116436
32 5 430032115 5747458 332949378 5747463 762981493
1 8 954139658 5747474 863941348 5747483 818081006
2 8 826519647 5747475 39214421 5747483 865734068
3 8 714871166 5747475 197997880 5747483 912869046
4 8 590571796 5747475 372520726 5747483 963092522
5 8 487200771 5747475 524693273 5747484 11894044
6 8 382348958 5747475 682375198 5747484 64724156
7 8 262605205 5747475 845601221 5747484 108206426
8 8 148338701 5747476 6315032 5747484 154653733
9 8 37167248 5747476 164669740 5747484 201836988
10 7 913671585 5747476 339183716 5747484 252855301
11 7 803446318 5747476 491276969 5747484 294723287
12 7 687102038 5747476 650495179 5747484 337597217
13 7 569545559 5747476 809501504 5747484 379047063
14 7 466784780 5747476 966035543 5747484 432820323
15 7 336590188 5747477 138066529 5747484 474656717
16 7 232839447 5747477 292771529 5747484 525610976
17 7 113379819 5747477 457268361 5747484 570648180
18 7 6494526 5747477 613041451 5747484 619535977
19 6 882575666 5747477 782066643 5747484 664642309
20 6 769492454 5747477 938277688 5747484 707770142
21 6 639203641 5747478 116458373 5747484 755662014
22 6 529596603 5747478 273123761 5747484 802720364
23 6 416005178 5747478 431056514 5747484 847061692
24 6 303898836 5747478 592437758 5747484 896336594
25 6 208643916 5747478 747427696 5747484 956071612
26 6 96439446 5747478 911067656 5747485 7507102
27 5 985230254 5747479 75897501 5747485 61127755
28 5 881116557 5747479 237673904 5747485 118790461
29 5 765279544 5747479 401162589 5747485 166442133
30 5 647166242 5747479 574762675 5747485 221928917
31 5 559289053 5747479 733662984 5747485 292952037
32 5 452168764 5747479 890624793 5747485 342793557
1 9 68946762 5747496 505900669 5747505 574847431
2 8 908842104 5747496 711337063 5747505 620179167
3 8 782295608 5747496 879562123 5747505 661857731
4 8 668747570 5747497 39728187 5747505 708475757
5 8 556290214 5747497 203523739 5747505 759813953
6 8 440812917 5747497 364950946 5747505 805763863
7 8 327577428 5747497 529145786 5747505 856723214
8 8 207210482 5747497 693771507 5747505 900981989
9 8 86456321 5747497 856534800 5747505 942991121
10 7 979840651 5747498 7412318 5747505 987252969
11 7 864191523 5747498 177532324 5747506 41723847
12 7 746586506 5747498 343341449 5747506 89927955
13 7 619213878 5747498 517730003 5747506 136943881
14 7 498644731 5747498 680843512 5747506 179488243
15 7 392813288 5747498 835553680 5747506 228366968
16 7 275729464 5747499 2611911 5747506 278341375
17 7 149821641 5747499 171195316 5747506 321016957
18 7 26664432 5747499 336315954 5747506 362980386
19 6 916758603 5747499 503095171 5747506 419853774
20 6 809142674 5747499 660668748 5747506 469811422
21 6 677912045 5747499 833738457 5747506 511650502
22 6 559815963 5747500 4588542 5747506 564404505
23 6 447556141 5747500 166809457 5747506 614365598
24 6 335538110 5747500 329641768 5747506 665179878
25 6 230643168 5747500 489218843 5747506 719862011
26 6 121513286 5747500 652348297 5747506 773861583
27 6 12094632 5747500 813208904 5747506 825303536
28 5 905468186 5747500 981778124 5747506 887246310
29 5 796870442 5747501 148680877 5747506 945551319
30 5 692953166 5747501 305277102 5747506 998230268
31 5 584823562 5747501 464242782 5747507 49066344
32 5 467275470 5747501 632515878 5747507 99791348
1 9 66633467 5747518 419971439 5747527 486604906
2 8 911209941 5747518 622833476 5747527 534043417
3 8 794599830 5747518 784811601 5747527 579411431
4 8 671970443 5747518 952545913 5747527 624516356
5 8 560843747 5747519 113183526 5747527 674027273
6 8 435753462 5747519 281847728 5747527 717601190
7 8 320806153 5747519 438633858 5747527 759440011
8 8 211755621 5747519 598645779 5747527 810401400
9 8 84603950 5747519 772692602 5747527 857296552
10 7 959662404 5747519 938710224 5747527 898372628
11 7 845648946 5747520 106911695 5747527 952560641
12 7 727376329 5747520 271528751 5747527 998905080
13 7 613456445 5747520 432621911 5747528 46078356
14 7 493139589 5747520 603876786 5747528 97016375
15 7 381234999 5747520 761641565 5747528 142876564
16 7 256602503 5747520 932290618 5747528 188893121
17 7 145499250 5747521 91727310 5747528 237226560
18 7 25124784 5747521 260997815 5747528 286122599
19 6 903627875 5747521 429416282 5747528 333044157
20 6 791275202 5747521 584231505 5747528 375506707
21 6 673282765 5747521 750343163 5747528 423625928
22 6 560016109 5747521 914758056 5747528 474774165
23 6 440390092 5747522 83268317 5747528 523658409
24 6 325551909 5747522 248560176 5747528 574112085
25 6 210223108 5747522 418236951 5747528 628460059
26 6 106178869 5747522 578721086 5747528 684899955
27 6 8930003 5747522 734931820 5747528 743861823
28 5 914507028 5747522 891995649 5747528 806502677
29 5 792356484 5747523 59225934 5747528 851582418
30 5 680893812 5747523 215867678 5747528 896761490
31 5 563341125 5747523 384132537 5747528 947473662
32 5 463965633 5747523 547728779 5747529 11694412
1 9 45134363 5747540 246994882 5747549 292129245
2 8 923667786 5747540 415105930 5747549 338773716
3 8 807933454 5747540 583346327 5747549 391279781
4 8 683893537 5747540 756015770 5747549 439909307
5 8 574190423 5747540 918534794 5747549 492725217
6 8 454148394 5747541 85492178 5747549 539640572
7 8 339392265 5747541 248847519 5747549 588239784
8 8 226408584 5747541 406767315 5747549 633175899
9 8 118722655 5747541 565465559 5747549 684188214
10 7 997943694 5747541 732745660 5747549 730689354
11 7 881947552 5747541 896651472 5747549 778599024
12 7 776148938 5747542 53042297 5747549 829191235
13 7 660028742 5747542 212133645 5747549 872162387
14 7 530488096 5747542 386361688 5747549 916849784
15 7 413387919 5747542 548799602 5747549 962187521
16 7 301713472 5747542 712555769 5747550 14269241
17 7 187255152 5747542 873800373 5747550 61055525
18 7 62898779 5747543 40768664 5747550 103667443
19 6 935085211 5747543 212841563 5747550 147926774
20 6 813969590 5747543 379395530 5747550 193365120
21 6 713562727 5747543 535205254 5747550 248767981
22 6 599928594 5747543 705745090 5747550 305673684
23 6 488625401 5747543 864595553 5747550 353220954
24 6 373498296 5747544 29066522 5747550 402564818
25 6 279989488 5747544 188804543 5747550 468794031
26 6 170219654 5747544 349929130 5747550 520148784
27 6 60320969 5747544 512470691 5747550 572791660
28 5 955746537 5747544 679498963 5747550 635245500
29 5 844629265 5747544 840169744 5747550 684799009
30 5 724645660 5747545 11777874 5747550 736423534
31 5 606791663 5747545 175424432 5747550 782216095
32 5 518262038 5747545 334353358 5747550 852615396
1 9 50483340 5747561 995838763 5747571 46322103
2 8 904551779 5747562 191757973 5747571 96309752
3 8 793298175 5747562 351428460 5747571 144726635
4 8 677218737 5747562 512905801 5747571 190124538
5 8 552244392 5747562 675189590 5747571 227433982
6 8 441276375 5747562 834760523 5747571 276036898
7 8 321007071 5747563 2306139 5747571 323313210
8 8 208235384 5747563 163529263 5747571 371764647
9 8 84131597 5747563 334193690 5747571 418325287
10 7 963025475 5747563 494590589 5747571 457616064
11 7 849174383 5747563 656674975 5747571 505849358
12 7 737034185 5747563 817096966 5747571 554131151
13 7 620129577 5747563 982807764 5747571 602937341
14 7 496791146 5747564 151687947 5747571 648479093
15 7 381584227 5747564 312541245 5747571 694125472
16 7 264910096 5747564 474183380 5747571 739093476
17 7 151684436 5747564 641085712 5747571 792770148
18 7 33182006 5747564 803291188 5747571 836473194
19 6 913461136 5747564 969972227 5747571 883433363
20 6 801254884 5747565 129578252 5747571 930833136
21 6 690100371 5747565 289551881 5747571 979652252
22 6 582783451 5747565 448492697 5747572 31276148
23 6 474591808 5747565 607729414 5747572 82321222
24 6 355065230 5747565 775387602 5747572 130452832
25 6 255688698 5747565 937085717 5747572 192774415
26 6 133928422 5747566 106557241 5747572 240485663
27 6 31408542 5747566 270829382 5747572 302237924
28 5 924688575 5747566 442503735 5747572 367192310
29 5 821802257 5747566 594415868 5747572 416218125
30 5 701934445 5747566 759762100 5747572 461696545
31 5 602246845 5747566 922389790 5747572 524636635
32 5 500599800 5747567 74767526 5747572 575367326
1 9 98286363 5747583 702914642 5747592 801201005
2 8 947646297 5747583 902552469 5747592 850198766
3 8 822515214 5747584 72156010 5747592 894671224
4 8 707526586 5747584 234918292 5747592 942444878
5 8 595234389 5747584 396086271 5747592 991320660
6 8 477721644 5747584 555782573 5747593 33504217
7 8 368158192 5747584 715110549 5747593 83268741
8 8 247053125 5747584 885583204 5747593 132636329
9 8 133366010 5747585 58546071 5747593 191912081
10 8 22689727 5747585 212957252 5747593 235646979
11 7 902738397 5747585 380167894 5747593 282906291
12 7 784274632 5747585 544762160 5747593 329036792
13 7 667413725 5747585 713879581 5747593 381293306
14 7 549177511 5747585 873808250 5747593 422985761
15 7 436606875 5747586 32608014 5747593 469214889
16 7 316564066 5747586 194877490 5747593 511441556
17 7 202276295 5747586 353908083 5747593 556184378
18 7 82674533 5747586 520450460 5747593 603124993
19 6 971307338 5747586 683093207 5747593 654400545
20 6 859807311 5747586 844137096 5747593 703944407
21 6 749140899 5747587 14843320 5747593 763984219
22 6 643574075 5747587 171881914 5747593 815455989
23 6 522078719 5747587 342533399 5747593 864612118
24 6 421932496 5747587 504441531 5747593 926374027
25 6 313384137 5747587 669509102 5747593 982893239
26 6 204868184 5747587 832388678 5747594 37256862
27 6 92024405 5747587 999350770 5747594 91375175
28 5 967193055 5747588 181016529 5747594 148209584
29 5 857937708 5747588 340396227 5747594 198333935
30 5 750282183 5747588 502391857 5747594 252674040
31 5 640874488 5747588 671972899 5747594 312847387
32 5 542987390 5747588 826442226 5747594 369429616
1 9 46494984 5747605 475893255 5747614 522388239
2 8 902905469 5747605 669915708 5747614 572821177
3 8 796593399 5747605 823405852 5747614 619999251
4 8 679110040 5747605 985645997 5747614 664756037
5 8 567695604 5747606 146178007 5747614 713873611
6 8 449525591 5747606 313257987 5747614 762783578
7 8 328141509 5747606 482624368 5747614 810765877
8 8 212703130 5747606 643062899 5747614 855766029
9 8 96646392 5747606 812428132 5747614 909074524
10 7 990678168 5747606 965725298 5747614 956403466
11 7 866636711 5747607 135162492 5747615 1799203
12 7 735914416 5747607 311436947 5747615 47351363
13 7 616411465 5747607 473760350 5747615 90171815
14 7 515074690 5747607 627766095 5747615 142840785
15 7 381193307 5747607 811934993 5747615 193128300
16 7 262125255 5747607 974097029 5747615 236222284
17 7 152783965 5747608 133012959 5747615 285796924
18 7 36169812 5747608 294786279 5747615 330956091
19 6 926384956 5747608 449830838 5747615 376215794
20 6 815527268 5747608 615689230 5747615 431216498
21 6 691284684 5747608 781748025 5747615 473032709
22 6 593748578 5747608 943748879 5747615 537497457
23 6 476541288 5747609 111357219 5747615 587898507
24 6 369522528 5747609 276622474 5747615 646145002
25 6 262888131 5747609 441939265 5747615 704827396
26 6 161794074 5747609 600796344 5747615 762590418
27 6 55616317 5747609 767053821 5747615 822670138
28 5 952329412 5747609 925992455 5747615 878321867
29 5 838435447 5747610 90398319 5747615 928833766
30 5 734819457 5747610 245750538 5747615 980569995
31 5 620921919 5747610 413580171 5747616 34502090
32 5 519784863 5747610 571752300 5747616 91537163
1 9 62932777 5747627 155832980 5747636 218765757
2 8 918786883 5747627 339281245 5747636 258068128
3 8 804559091 5747627 506629647 5747636 311188738
4 8 682024289 5747627 676304135 5747636 358328424
5 8 562181158 5747627 839103623 5747636 401284781
6 8 432390419 5747628 17257451 5747636 449647870
7 8 322553007 5747628 175595986 5747636 498148993
8 8 200228609 5747628 340689968 5747636 540918577
9 8 86057593 5747628 499151686 5747636 585209279
10 7 972519659 5747628 659108727 5747636 631628386
11 7 858515288 5747628 819644610 5747636 678159898
12 7 730049265 5747628 992655405 5747636 722704670
13 7 616143282 5747629 152893534 5747636 769036816
14 7 510207445 5747629 308140572 5747636 818348017
15 7 376732589 5747629 477771876 5747636 854504465
16 7 261795792 5747629 651581045 5747636 913376837
17 7 145608148 5747629 809252852 5747636 954861000
18 7 31606593 5747629 969176894 5747637 783487
19 6 912383154 5747630 137579610 5747637 49962764
20 6 804023585 5747630 292415267 5747637 96438852
21 6 688011715 5747630 457377788 5747637 145389503
22 6 581127119 5747630 620100518 5747637 201227637
23 6 470300485 5747630 779346258 5747637 249646743
24 6 364614920 5747630 937738163 5747637 302353083
25 6 253891322 5747631 101947995 5747637 355839317
26 6 137300889 5747631 272562780 5747637 409863669
27 6 26448737 5747631 436490599 5747637 462939336
28 5 932559746 5747631 597200812 5747637 529760558
29 5 822537079 5747631 756037967 5747637 578575046
30 5 708506376 5747631 918532776 5747637 627039152
31 5 593668410 5747632 84015639 5747637 677684049
32 5 491298136 5747632 241799129 5747637 733097265
1 9 42743757 5747648 975656621 5747658 18400378
2 8 904178052 5747649 160910521 5747658 65088573
3 8 787666877 5747649 325675973 5747658 113342850
4 8 673634839 5747649 488648145 5747658 162282984
5 8 557991702 5747649 651065234 5747658 209056936
6 8 446145291 5747649 809324864 5747658 255470155
7 8 331042904 5747649 971295554 5747658 302338458
8 8 225821256 5747650 132766550 5747658 358587806
9 8 98687816 5747650 302648240 5747658 401336056
10 7 998175525 5747650 454487380 5747658 452662905
11 7 881711848 5747650 621305146 5747658 503016994
12 7 757111158 5747650 793392312 5747658 550503470
13 7 644045917 5747650 954171210 5747658 598217127
14 7 528896919 5747651 116285897 5747658 645182816
15 7 412874104 5747651 277545805 5747658 690419909
16 7 297237671 5747651 445985466 5747658 743223137
17 7 186037636 5747651 605769919 5747658 791807555
18 7 78351256 5747651 761793111 5747658 840144367
19 6 958618216 5747651 926683264 5747658 885301480
20 6 836246632 5747652 98270903 5747658 934517535
21 6 725787083 5747652 259701659 5747658 985488742
22 6 618389883 5747652 421367652 5747659 39757535
23 6 506883594 5747652 581473007 5747659 88356601
24 6 396824963 5747652 744213090 5747659 141038053
25 6 291430245 5747652 912831914 5747659 204262159
26 6 171249008 5747653 75513240 5747659 246762248
27 6 75042691 5747653 234504208 5747659 309546899
28 5 978355752 5747653 394410049 5747659 372765801
29 5 862640283 5747653 558146947 5747659 420787230
30 5 734808673 5747653 735157798 5747659 469966471
31 5 630177365 5747653 902757531 5747659 532934896
32 5 512186458 5747654 70368967 5747659 582555425
1 9 49593465 5747670 662230539 5747679 711824004
2 8 896953265 5747670 857661804 5747679 754615069
3 8 786361772 5747671 15334855 5747679 801696627
4 8 675294215 5747671 176247585 5747679 851541800
5 8 547248071 5747671 349414343 5747679 896662414
6 8 425791099 5747671 516014799 5747679 941805898
7 8 311803133 5747671 675447631 5747679 987250764
8 8 198853519 5747671 842931960 5747680 41785479
9 8 86798813 5747672 2764192 5747680 89563005
10 7 973392226 5747672 162691126 5747680 136083352
11 7 859113378 5747672 323512691 5747680 182626069
12 7 741769309 5747672 491682858 5747680 233452167
13 7 622028286 5747672 659783360 5747680 281811646
14 7 508175985 5747672 818131231 5747680 326307216
15 7 392388387 5747672 980688282 5747680 373076669
16 7 278299572 5747673 141381868 5747680 419681440
17 7 166095943 5747673 302641092 5747680 468737035
18 7 54598339 5747673 462562711 5747680 517161050
19 6 949867310 5747673 615646311 5747680 565513621
20 6 830895995 5747673 782238730 5747680 613134725
21 6 731152761 5747673 938195295 5747680 669348056
22 6 610087911 5747674 109093966 5747680 719181877
23 6 491313424 5747674 272769015 5747680 764082439
24 6 375070798 5747674 441558597 5747680 816629395
25 6 265749818 5747674 603024002 5747680 868773820
26 6 164806108 5747674 764045415 5747680 928851523
27 6 58207818 5747674 926347175 5747680 984554993
28 5 946438182 5747675 93870873 5747681 40309055
29 5 838550380 5747675 254259150 5747681 92809530
30 5 725372918 5747675 416560280 5747681 141933198
31 5 631018694 5747675 578398882 5747681 209417576
32 5 519498422 5747675 737920935 5747681 257419357
1 9 74446793 5747692 76039421 5747701 150486214
2 8 910152756 5747692 282709606 5747701 192862362
3 8 790310103 5747692 452001884 5747701 242311987
4 8 685870661 5747692 601554921 5747701 287425582
5 8 565285319 5747692 770217044 5747701 335502363
6 8 455518255 5747692 929597545 5747701 385115800
7 8 344399921 5747693 80818199 5747701 425218120
8 8 222535972 5747693 251226882 5747701 473762854
9 8 111216475 5747693 411124947 5747701 522341422
10 7 987070052 5747693 582699681 5747701 569769733
11 7 885251524 5747693 731158091 5747701 616409615
12 7 759299357 5747693 904363462 5747701 663662819
13 7 643199320 5747694 69774386 5747701 712973706
14 7 522244336 5747694 234161756 5747701 756406092
15 7 416275516 5747694 386272486 5747701 802548002
16 7 297372124 5747694 551285733 5747701 848657857
17 7 180002295 5747694 714310962 5747701 894313257
18 7 80301320 5747694 872834275 5747701 953135595
19 6 960327206 5747695 41840892 5747702 2168098
20 6 840744179 5747695 204104246 5747702 44848425
21 6 736257960 5747695 366462987 5747702 102720947
22 6 622388584 5747695 529486438 5747702 151875022
23 6 495842133 5747695 703273149 5747702 199115282
24 6 392909958 5747695 866350081 5747702 259260039
25 6 286660698 5747696 29931077 5747702 316591775
26 6 179879040 5747696 189027047 5747702 368906087
27 6 81745683 5747696 347561712 5747702 429307395
28 5 970831493 5747696 508437129 5747702 479268622
29 5 859258760 5747696 668480358 5747702 527739118
30 5 743757895 5747696 830623215 5747702 574381110
31 5 653201396 5747696 994857273 5747702 648058669
32 5 544150170 5747697 156844892 5747702 700995062
1 9 52709828 5747713 637666769 5747722 690376597
2 8 912493836 5747713 824526310 5747722 737020146
3 8 795089952 5747713 990679518 5747722 785769470
4 8 670078063 5747714 162579747 5747722 832657810
5 8 557952376 5747714 320947157 5747722 878899533
6 8 444504121 5747714 481114182 5747722 925618303
7 8 325634283 5747714 645172262 5747722 970806545
8 8 210432987 5747714 806656244 5747723 17089231
9 8 91354338 5747714 970119669 5747723 61474007
10 7 983723455 5747715 123495729 5747723 107219184
11 7 863908895 5747715 287752083 5747723 151660978
12 7 751564563 5747715 450210565 5747723 201775128
13 7 636856332 5747715 611578789 5747723 248435121
14 7 509137864 5747715 786017008 5747723 295154872
15 7 391283858 5747715 944056924 5747723 335340782
16 7 269577443 5747716 114077486 5747723 383654929
17 7 165494106 5747716 268799964 5747723 434294070
18 7 34508680 5747716 443008688 5747723 477517368
19 6 916515900 5747716 609963603 5747723 526479503
20 6 811157418 5747716 764533085 5747723 575690503
21 6 690594168 5747716 930648164 5747723 621242332
22 6 585800843 5747717 92216773 5747723 678017616
23 6 483692689 5747717 244822440 5747723 728515129
24 6 379071250 5747717 398276850 5747723 777348100
25 6 263714456 5747717 569548499 5747723 833262955
26 6 161890205 5747717 731076239 5747723 892966444
27 6 57277525 5747717 893357890 5747723 950635415
28 5 968066239 5747718 49168423 5747724 17234662
29 5 860114622 5747718 205402392 5747724 65517014
30 5 737040604 5747718 372731800 5747724 109772404
31 5 626923804 5747718 541401165 5747724 168324969
32 5 528991776 5747718 698244770 5747724 227236546
1 9 64967407 5747735 376219030 5747744 441186437
2 8 914864877 5747735 573807260 5747744 488672137
3 8 781307963 5747735 749874412 5747744 531182375
4 8 674157959 5747735 912039882 5747744 586197841
5 8 558467079 5747736 73065095 5747744 631532174
6 8 426261602 5747736 249271023 5747744 675532625
7 8 310199543 5747736 413763134 5747744 723962677
8 8 190359482 5747736 582325001 5747744 772684483
9 8 68286204 5747736 745156384 5747744 813442588
10 7 959436009 5747736 907231893 5747744 866667902
11 7 841437247 5747737 84897089 5747744 926334336
12 7 720436077 5747737 250696676 5747744 971132753
13 7 613221334 5747737 404744872 5747745 17966206
14 7 499654561 5747737 567464424 5747745 67118985
15 7 387803683 5747737 726450083 5747745 114253766
16 7 267165285 5747737 886176802 5747745 153342087
17 7 154832304 5747738 47917113 5747745 202749417
18 7 49247975 5747738 204323376 5747745 253571351
19 6 939934475 5747738 368847523 5747745 308781998
20 6 838392069 5747738 524270564 5747745 362662633
21 6 731081568 5747738 681404147 5747745 412485715
22 6 627243391 5747738 841303733 5747745 468547124
23 6 523603562 5747738 995845865 5747745 519449427
24 6 427439703 5747739 152332367 5747745 579772070
25 6 309205185 5747739 322319375 5747745 631524560
26 6 213974828 5747739 482632509 5747745 696607337
27 6 110831119 5747739 644953939 5747745 755785058
28 6 3045146 5747739 803301795 5747745 806346941
29 5 890393041 5747739 963988404 5747745 854381445
30 5 794860745 5747740 124816269 5747745 919677014
31 5 683149475 5747740 287593468 5747745 970742943
32 5 572826160 5747740 459250148 5747746 32076308
1 8 988235433 5747757 106383168 5747766 94618601
2 8 857877365 5747757 282557449 5747766 140434814
3 8 733429353 5747757 449210446 5747766 182639799
4 8 615647010 5747757 615831741 5747766 231478751
5 8 495666081 5747757 781362611 5747766 277028692
6 8 392678942 5747757 940525435 5747766 333204377
7 8 259551018 5747758 123109892 5747766 382660910
8 8 134604070 5747758 298306655 5747766 432910725
9 8 23543862 5747758 455751825 5747766 479295687
10 7 915476782 5747758 613778855 5747766 529255637
11 7 792444112 5747758 782597331 5747766 575041443
12 7 676998171 5747758 938901449 5747766 615899620
13 7 552066389 5747759 111291135 5747766 663357524
14 7 438975608 5747759 273253757 5747766 712229365
15 7 332293668 5747759 431967145 5747766 764260813
16 7 215517104 5747759 592842251 5747766 808359355
17 7 110813146 5747759 745181036 5747766 855994182
18 6 989354447 5747759 916176230 5747766 905530677
19 6 869583550 5747760 83263127 5747766 952846677
20 6 754313162 5747760 242518485 5747766 996831647
21 6 631280936 5747760 414546160 5747767 45827096
22 6 517910271 5747760 573241177 5747767 91151448
23 6 397006247 5747760 739374833 5747767 136381080
24 6 294252493 5747760 898421899 5747767 192674392
25 6 176165731 5747761 62151674 5747767 238317405
26 6 57222300 5747761 231471177 5747767 288693477
27 5 961183994 5747761 387936755 5747767 349120749
28 5 847999639 5747761 551545144 5747767 399544783
29 5 758851759 5747761 704975316 5747767 463827075
30 5 653869917 5747761 867988382 5747767 521858299
31 5 540282738 5747762 33471142 5747767 573753880
32 5 431959977 5747762 197024939 5747767 628984916
1 9 58112739 5747778 906233781 5747787 964346520
2 8 890003546 5747779 123218278 5747788 13221824
3 8 775659102 5747779 282578006 5747788 58237108
4 8 665876201 5747779 443406892 5747788 109283093
5 8 539643777 5747779 612819561 5747788 152463338
6 8 429870895 5747779 771942479 5747788 201813374
7 8 309453972 5747779 933613608 5747788 243067580
8 8 189823145 5747780 102664173 5747788 292487318
9 8 55543020 5747780 275511130 5747788 331054150
10 7 945801211 5747780 434173334 5747788 379974545
11 7 829920148 5747780 596938757 5747788 426858905
12 7 711672833 5747780 761484629 5747788 473157462
13 7 601638325 5747780 921541678 5747788 523180003
14 7 476982779 5747781 92930050 5747788 569912829
15 7 360926163 5747781 255578976 5747788 616505139
16 7 245780030 5747781 415355845 5747788 661135875
17 7 131975594 5747781 575274359 5747788 707249953
18 7 27010011 5747781 729094191 5747788 756104202
19 6 914101280 5747781 892681859 5747788 806783139
20 6 800416212 5747782 53644724 5747788 854060936
21 6 682107510 5747782 225245666 5747788 907353176
22 6 565726066 5747782 394080254 5747788 959806320
23 6 444686766 5747782 560171060 5747789 4857826
24 6 331002198 5747782 725774060 5747789 56776258
25 6 233171814 5747782 884772610 5747789 117944424
26 6 119639502 5747783 53727084 5747789 173366586
27 6 5927028 5747783 215392787 5747789 221319815
28 5 914754778 5747783 379062083 5747789 293816861
29 5 784948735 5747783 550832189 5747789 335780924
30 5 679617140 5747783 704611411 5747789 384228551
31 5 572105215 5747783 874762289 5747789 446867504
32 5 455998915 5747784 46559913 5747789 502558828
1 9 75727117 5747800 745691652 5747809 821418769
2 8 909724734 5747800 949948279 5747809 859673013
3 8 800230420 5747801 110637965 5747809 910868385
4 8 691650238 5747801 267830012 5747809 959480250
5 8 571418681 5747801 432383292 5747810 3801973
6 8 462694353 5747801 586629488 5747810 49323841
7 8 349444257 5747801 744759000 5747810 94203257
8 8 228627249 5747801 914167503 5747810 142794752
9 8 113325322 5747802 77806782 5747810 191132104
10 8 9289591 5747802 229935869 5747810 239225460
11 7 890941573 5747802 394987566 5747810 285929139
12 7 777094952 5747802 558988041 5747810 336082993
13 7 652951487 5747802 730847184 5747810 383798671
14 7 529722339 5747802 901343019 5747810 431065358
15 7 405777259 5747803 73359159 5747810 479136418
16 7 295393629 5747803 232908329 5747810 528301958
17 7 169748006 5747803 402147392 5747810 571895398
18 7 53668298 5747803 568765911 5747810 622434209
19 6 937949638 5747803 726146788 5747810 664096426
20 6 821835337 5747803 891001748 5747810 712837085
21 6 715493834 5747804 50493160 5747810 765986994
22 6 595669863 5747804 217296194 5747810 812966057
23 6 486077494 5747804 372466910 5747810 858544404
24 6 383372220 5747804 532807250 5747810 916179470
25 6 275563578 5747804 698545601 5747810 974109179
26 6 160521442 5747804 862638482 5747811 23159924
27 6 55356529 5747805 30381369 5747811 85737898
28 5 952032173 5747805 189488751 5747811 141520924
29 5 842584321 5747805 351648984 5747811 194233305
30 5 726431539 5747805 517647367 5747811 244078906
31 5 640185122 5747805 671763139 5747811 311948261
32 5 538758304 5747805 830351939 5747811 369110243
