1 1 228446211 5871562 687801070 5871563 916247281
2 1 40330268 5871562 952614971 5871563 992945239
3 0 888742523 5871563 174191187 5871564 62933710
4 0 723373198 5871563 407288876 5871564 130662074
1 1 236130422 5871571 136810091 5871572 372940513
2 1 30830832 5871571 402744138 5871572 433574970
3 0 876617561 5871571 629120636 5871572 505738197
4 0 725595194 5871571 853786869 5871572 579382063
1 1 187097898 5871579 561899090 5871580 748996988
2 1 1507335 5871579 813609658 5871580 815116993
3 0 859288157 5871580 27982470 5871580 887270627
4 0 709501472 5871580 244083175 5871580 953584647
1 1 212414248 5871587 997167956 5871589 209582204
2 1 23668075 5871588 261556588 5871589 285224663
3 0 873473618 5871588 480898456 5871589 354372074
4 0 705879705 5871588 716967923 5871589 422847628
1 1 215110661 5871596 168237596 5871597 383348257
2 1 45319880 5871596 407127160 5871597 452447040
3 0 868340583 5871596 649465679 5871597 517806262
4 0 719603526 5871596 870086246 5871597 589689772
1 1 188967438 5871604 553504736 5871605 742472174
2 0 997317097 5871604 812561817 5871605 809878914
3 0 856119420 5871605 26583283 5871605 882702703
4 0 718732135 5871605 234340402 5871605 953072537
1 1 210334490 5871612 751703172 5871613 962037662
2 1 29856461 5871613 5211486 5871614 35067947
3 0 876652801 5871613 229934606 5871614 106587407
4 0 714852021 5871613 455522267 5871614 170374288
1 1 209029106 5871621 191910541 5871622 400939647
2 1 26997569 5871621 444908901 5871622 471906470
3 0 875290177 5871621 664246862 5871622 539537039
4 0 713966815 5871621 893189090 5871622 607155905
1 1 206470931 5871629 400757652 5871630 607228583
2 1 36520728 5871629 644328185 5871630 680848913
3 0 884407806 5871629 868422374 5871630 752830180
4 0 722896113 5871630 96946573 5871630 819842686
1 1 232420731 5871637 937721999 5871639 170142730
2 1 36579800 5871638 205536475 5871639 242116275
3 0 874168550 5871638 433745920 5871639 307914470
4 0 722383253 5871638 652959754 5871639 375343007
