1 11 9766407 5872028 54010800 5872039 63777207
2 10 815995068 5872028 318094215 5872039 134089283
3 10 671540635 5872028 537947185 5872039 209487820
4 10 519553508 5872028 756015873 5872039 275569381
5 10 360972539 5872028 981183116 5872039 342155655
6 10 210981597 5872029 202620742 5872039 413602339
7 10 60874695 5872029 422833798 5872039 483708493
8 9 917965438 5872029 642927022 5872039 560892460
9 9 768548134 5872029 863053302 5872039 631601436
10 9 616165051 5872030 87134528 5872039 703299579
11 9 451241366 5872030 313916259 5872039 765157625
12 9 316621771 5872030 526906133 5872039 843527904
13 9 144904803 5872030 758251614 5872039 903156417
14 8 999287799 5872030 982288822 5872039 981576621
15 8 844981215 5872031 209540581 5872040 54521796
16 8 690352100 5872031 435692194 5872040 126044294
17 8 539218605 5872031 653092395 5872040 192311000
18 8 393502955 5872031 877640408 5872040 271143363
19 8 255931766 5872032 87258640 5872040 343190406
20 8 113790939 5872032 302403142 5872040 416194081
21 7 973330822 5872032 518925543 5872040 492256365
22 7 819226178 5872032 744359929 5872040 563586107
23 7 669491231 5872032 963124660 5872040 632615891
24 7 525539642 5872033 177944130 5872040 703483772
25 7 377790251 5872033 394129112 5872040 771919363
26 7 231576796 5872033 616039581 5872040 847616377
27 7 76385858 5872033 835435985 5872040 911821843
28 6 932904981 5872034 52176698 5872040 985081679
29 6 789398716 5872034 273526511 5872041 62925227
30 6 643770861 5872034 489796417 5872041 133567278
31 6 482076357 5872034 721218452 5872041 203294809
32 6 331992509 5872034 941532895 5872041 273525404
1 10 991328543 5872064 720905165 5872075 712233708
2 10 822696315 5872064 967942616 5872075 790638931
3 10 670490062 5872065 188387205 5872075 858877267
4 10 539292349 5872065 395659406 5872075 934951755
5 10 388267592 5872065 615155920 5872076 3423512
6 10 243277781 5872065 830719450 5872076 73997231
7 10 101431096 5872066 46801805 5872076 148232901
8 9 946862720 5872066 265770884 5872076 212633604
9 9 799088664 5872066 485377562 5872076 284466226
10 9 643727136 5872066 703788818 5872076 347515954
11 9 490823248 5872066 930754138 5872076 421577386
12 9 351852826 5872067 145894102 5872076 497746928
13 9 208829460 5872067 364228563 5872076 573058023
14 9 55833425 5872067 592781003 5872076 648614428
15 8 911917964 5872067 811031428 5872076 722949392
16 8 763474994 5872068 32915046 5872076 796390040
17 8 627387333 5872068 243304801 5872076 870692134
18 8 475760440 5872068 467586616 5872076 943347056
19 8 322450170 5872068 690687952 5872077 13138122
20 8 183554284 5872068 911921841 5872077 95476125
21 8 22466491 5872069 139018103 5872077 161484594
22 7 876421773 5872069 356851370 5872077 233273143
23 7 726098079 5872069 574881910 5872077 300979989
24 7 588751737 5872069 792575624 5872077 381327361
25 7 436599002 5872070 7074489 5872077 443673491
26 7 296300770 5872070 224472930 5872077 520773700
27 7 146525696 5872070 446524711 5872077 593050407
28 6 983581418 5872070 677288777 5872077 660870195
29 6 836476368 5872070 899707681 5872077 736184049
30 6 679339651 5872071 119830275 5872077 799169926
31 6 525315098 5872071 350682543 5872077 875997641
32 6 376532764 5872071 572668288 5872077 949201052
1 10 877615174 5872099 975757811 5872110 853372985
2 10 715174388 5872100 207933757 5872110 923108145
3 10 568974542 5872100 429884115 5872110 998858657
4 10 399281834 5872100 662862862 5872111 62144696
5 10 252649367 5872100 878073936 5872111 130723303
6 10 105203990 5872101 97822278 5872111 203026268
7 9 965686782 5872101 312065999 5872111 277752781
8 9 802976074 5872101 539375406 5872111 342351480
9 9 654573437 5872101 760548944 5872111 415122381
10 9 511226540 5872101 974107641 5872111 485334181
11 9 371667924 5872102 187299790 5872111 558967714
12 9 221183028 5872102 402215036 5872111 623398064
13 9 76923852 5872102 615805028 5872111 692728880
14 8 928243442 5872102 833065583 5872111 761309025
15 8 788556773 5872103 43801721 5872111 832358494
16 8 627151560 5872103 267327846 5872111 894479406
17 8 481743645 5872103 483683862 5872111 965427507
18 8 318613149 5872103 713449890 5872112 32063039
19 8 174977868 5872103 931445061 5872112 106422929
20 8 20782097 5872104 152596136 5872112 173378233
21 7 875257110 5872104 373078613 5872112 248335723
22 7 722374573 5872104 598562591 5872112 320937164
23 7 570371835 5872104 819238508 5872112 389610343
24 7 431654037 5872105 31406287 5872112 463060324
25 7 286101663 5872105 247742784 5872112 533844447
26 7 133458584 5872105 476148319 5872112 609606903
27 6 969984317 5872105 702922032 5872112 672906349
28 6 824184317 5872105 920761150 5872112 744945467
29 6 666242614 5872106 143292534 5872112 809535148
30 6 520654128 5872106 363438684 5872112 884092812
31 6 356842830 5872106 597803794 5872112 954646624
32 6 203596615 5872106 822561396 5872113 26158011
1 10 912117649 5872135 840475005 5872146 752592654
2 10 768498127 5872136 49632246 5872146 818130373
3 10 617582369 5872136 271803729 5872146 889386098
4 10 476574744 5872136 480778436 5872146 957353180
5 10 321467323 5872136 700242913 5872147 21710236
6 10 168326661 5872136 922850518 5872147 91177179
7 10 21373867 5872137 139368716 5872147 160742583
8 9 864139799 5872137 368301426 5872147 232441225
9 9 712867807 5872137 588131452 5872147 300999259
10 9 559998974 5872137 817920276 5872147 377919250
11 9 411516893 5872138 33271292 5872147 444788185
12 9 264388418 5872138 253315814 5872147 517704232
13 9 116193499 5872138 475333707 5872147 591527206
14 8 978394592 5872138 681530910 5872147 659925502
15 8 815846548 5872138 912309364 5872147 728155912
16 8 668440725 5872139 134678843 5872147 803119568
17 8 514167566 5872139 356299077 5872147 870466643
18 8 365531729 5872139 574178250 5872147 939709979
19 8 211707155 5872139 796170013 5872148 7877168
20 8 58244370 5872140 20502956 5872148 78747326
21 7 910328815 5872140 241363038 5872148 151691853
22 7 772231803 5872140 458479243 5872148 230711046
23 7 617234843 5872140 677452081 5872148 294686924
24 7 459571061 5872140 902743451 5872148 362314512
25 7 302436306 5872141 130350649 5872148 432786955
26 7 150876467 5872141 353152287 5872148 504028754
27 6 997327869 5872141 566707410 5872148 564035279
28 6 836936397 5872141 801685564 5872148 638621961
29 6 684559073 5872142 22611348 5872148 707170421
30 6 535855256 5872142 239464891 5872148 775320147
31 6 383630633 5872142 460507099 5872148 844137732
32 6 233692561 5872142 682674693 5872148 916367254
1 11 12254010 5872171 383656360 5872182 395910370
2 10 833674447 5872171 633965769 5872182 467640216
3 10 673975610 5872171 858401655 5872182 532377265
4 10 527713821 5872172 76234366 5872182 603948187
5 10 379537624 5872172 298713621 5872182 678251245
6 10 228079283 5872172 523021824 5872182 751101107
7 10 74643109 5872172 742086049 5872182 816729158
8 9 917598501 5872172 963927223 5872182 881525724
9 9 771004015 5872173 185918691 5872182 956922706
10 9 632333680 5872173 405559961 5872183 37893641
11 9 471705082 5872173 631371821 5872183 103076903
12 9 327323464 5872173 846560636 5872183 173884100
13 9 182658923 5872174 66678083 5872183 249337006
14 9 36074308 5872174 285956601 5872183 322030909
15 8 879293528 5872174 511888644 5872183 391182172
16 8 724815466 5872174 735566210 5872183 460381676
17 8 581165129 5872174 954091742 5872183 535256871
18 8 431718789 5872175 173382370 5872183 605101159
19 8 273821344 5872175 403809164 5872183 677630508
20 8 117793811 5872175 630686597 5872183 748480408
21 7 966426617 5872175 850217832 5872183 816644449
22 7 820968554 5872176 65546830 5872183 886515384
23 7 675878540 5872176 287047011 5872183 962925551
24 7 522505328 5872176 511140736 5872184 33646064
25 7 358038893 5872176 741449680 5872184 99488573
26 7 204803938 5872176 964622848 5872184 169426786
27 7 70522873 5872177 175094658 5872184 245617531
28 6 911727075 5872177 400459285 5872184 312186360
29 6 765790392 5872177 619878300 5872184 385668692
30 6 603488103 5872177 850696791 5872184 454184894
31 6 456135020 5872178 72140250 5872184 528275270
32 6 303442573 5872178 307715097 5872184 611157670
1 11 41405455 5872206 873124243 5872217 914529698
2 10 882581083 5872207 98520426 5872217 981101509
3 10 711805783 5872207 342078737 5872218 53884520
4 10 557322646 5872207 556402050 5872218 113724696
5 10 414869085 5872207 777253686 5872218 192122771
6 10 272354042 5872207 992376781 5872218 264730823
7 10 120169956 5872208 215285120 5872218 335455076
8 9 970465880 5872208 441840337 5872218 412306217
9 9 816084407 5872208 665781325 5872218 481865732
10 9 660215889 5872208 891602592 5872218 551818481
11 9 519493887 5872209 103366878 5872218 622860765
12 9 366334282 5872209 327358309 5872218 693692591
13 9 222364100 5872209 546721454 5872218 769085554
14 9 66603764 5872209 771007417 5872218 837611181
15 8 905131386 5872210 7585727 5872218 912717113
16 8 763217036 5872210 225381846 5872218 988598882
17 8 609564791 5872210 453316871 5872219 62881662
18 8 458652182 5872210 666812884 5872219 125465066
19 8 303755238 5872210 897722206 5872219 201477444
20 8 150149714 5872211 122890393 5872219 273040107
21 8 10236939 5872211 342687919 5872219 352924858
22 7 858155925 5872211 579593353 5872219 437749278
23 7 700798211 5872211 803862279 5872219 504660490
24 7 546014562 5872212 37016967 5872219 583031529
25 7 391256412 5872212 261994583 5872219 653250995
26 7 239267673 5872212 482682408 5872219 721950081
27 7 95040736 5872212 702450954 5872219 797491690
28 6 956676581 5872212 915653361 5872219 872329942
29 6 811044670 5872213 132921453 5872219 943966123
30 6 654164725 5872213 358876922 5872220 13041647
31 6 502580202 5872213 583472415 5872220 86052617
32 6 352036937 5872213 809702620 5872220 161739557
1 11 40090165 5872242 364465388 5872253 404555553
2 10 850597636 5872242 621422582 5872253 472020218
3 10 695924224 5872242 844669786 5872253 540594010
4 10 566341278 5872243 60839268 5872253 627180546
5 10 403590367 5872243 284470039 5872253 688060406
6 10 255020158 5872243 503648003 5872253 758668161
7 10 107985791 5872243 727483289 5872253 835469080
8 9 961008757 5872243 947092023 5872253 908100780
9 9 808481214 5872244 166673479 5872253 975154693
10 9 669596865 5872244 382476227 5872254 52073092
11 9 540916382 5872244 592342752 5872254 133259134
12 9 387202101 5872244 819026670 5872254 206228771
13 9 215260083 5872245 57514352 5872254 272774435
14 9 52175697 5872245 292314732 5872254 344490429
15 8 906922927 5872245 510160702 5872254 417083629
16 8 746877097 5872245 742623903 5872254 489501000
17 8 584928079 5872245 972582113 5872254 557510192
18 8 427301130 5872246 201599247 5872254 628900377
19 8 279613090 5872246 425426922 5872254 705040012
20 8 130570483 5872246 650230171 5872254 780800654
21 7 976408414 5872246 867732999 5872254 844141413
22 7 821511415 5872247 101901150 5872254 923412565
23 7 656561637 5872247 333967710 5872254 990529347
24 7 511504994 5872247 551229635 5872255 62734629
25 7 361761603 5872247 772459950 5872255 134221553
26 7 212721625 5872247 992776671 5872255 205498296
27 7 58425541 5872248 220734584 5872255 279160125
28 6 910495635 5872248 442235432 5872255 352731067
29 6 753941092 5872248 668749723 5872255 422690815
30 6 613940559 5872248 889693729 5872255 503634288
31 6 454946690 5872249 112255427 5872255 567202117
32 6 301023895 5872249 340700887 5872255 641724782
1 10 981274248 5872278 73146124 5872289 54420372
2 10 822215084 5872278 303461309 5872289 125676393
3 10 664563524 5872278 532103784 5872289 196667308
4 10 504189866 5872278 765614114 5872289 269803980
5 10 370630270 5872278 983394937 5872289 354025207
6 10 213523089 5872279 202941986 5872289 416465075
7 10 66992343 5872279 422452777 5872289 489445120
8 9 925176566 5872279 638850811 5872289 564027377
9 9 771098495 5872279 856225364 5872289 627323859
10 9 623087351 5872280 81057742 5872289 704145093
11 9 465910726 5872280 309159764 5872289 775070490
12 9 317620197 5872280 531566891 5872289 849187088
13 9 179307004 5872280 750918092 5872289 930225096
14 9 12101361 5872280 980362478 5872289 992463839
15 8 866967330 5872281 203648922 5872290 70616252
16 8 705207457 5872281 428510077 5872290 133717534
17 8 557832170 5872281 650740763 5872290 208572933
18 8 406887098 5872281 872035651 5872290 278922749
19 8 249449183 5872282 94665310 5872290 344114493
20 8 103017620 5872282 313580705 5872290 416598325
21 7 959313804 5872282 532400916 5872290 491714720
22 7 806789982 5872282 754851413 5872290 561641395
23 7 658856022 5872282 973699623 5872290 632555645
24 7 507499771 5872283 195829348 5872290 703329119
25 7 361392739 5872283 415582153 5872290 776974892
26 7 201485999 5872283 642656805 5872290 844142804
27 7 58114417 5872283 856604032 5872290 914718449
28 6 909251010 5872284 81119694 5872290 990370704
29 6 764026054 5872284 294048625 5872291 58074679
30 6 617261183 5872284 510792819 5872291 128054002
31 6 464091652 5872284 738473589 5872291 202565241
32 6 320207634 5872284 954452723 5872291 274660357
1 11 22753576 5872313 612174967 5872324 634928543
2 10 845009312 5872313 858529097 5872324 703538409
3 10 697128109 5872314 76017259 5872324 773145368
4 10 543665566 5872314 302572864 5872324 846238430
5 10 383056189 5872314 539555223 5872324 922611412
6 10 233753642 5872314 762841074 5872324 996594716
7 10 79346782 5872314 989353125 5872325 68699907
8 9 926035180 5872315 210880971 5872325 136916151
9 9 790466602 5872315 420865679 5872325 211332281
10 9 622419993 5872315 652807815 5872325 275227808
11 9 478839673 5872315 870805875 5872325 349645548
12 9 331491165 5872316 91718418 5872325 423209583
13 9 185202081 5872316 308208468 5872325 493410549
14 9 26686759 5872316 531382840 5872325 558069599
15 8 889572469 5872316 744922556 5872325 634495025
16 8 741457753 5872316 972596789 5872325 714054542
17 8 574216165 5872317 200944103 5872325 775160268
18 8 438446628 5872317 422589059 5872325 861035687
19 8 301939975 5872317 640156478 5872325 942096453
20 8 150995718 5872317 859548531 5872326 10544249
21 8 11240495 5872318 76458259 5872326 87698754
22 7 863652287 5872318 302096955 5872326 165749242
23 7 728679588 5872318 514644930 5872326 243324518
24 7 573253579 5872318 745752582 5872326 319006161
25 7 427145270 5872318 961362889 5872326 388508159
26 7 290809984 5872319 179971882 5872326 470781866
27 7 137847782 5872319 411185847 5872326 549033629
28 6 989142131 5872319 633807396 5872326 622949527
29 6 843185634 5872319 852750753 5872326 695936387
30 6 699933642 5872320 68126305 5872326 768059947
31 6 545093623 5872320 290445563 5872326 835539186
32 6 400815354 5872320 510110777 5872326 910926131
1 11 84809156 5872349 711849115 5872360 796658271
2 10 917773491 5872349 954903380 5872360 872676871
3 10 778381058 5872350 174667259 5872360 953048317
4 10 624207805 5872350 393201438 5872361 17409243
5 10 461570781 5872350 622917004 5872361 84487785
6 10 311431435 5872350 844280650 5872361 155712085
7 10 156922261 5872351 67006586 5872361 223928847
8 10 5306386 5872351 292806095 5872361 298112481
9 9 842980264 5872351 516800359 5872361 359780623
10 9 692518573 5872351 741583571 5872361 434102144
11 9 542407152 5872351 963353876 5872361 505761028
12 9 369606055 5872352 202423530 5872361 572029585
13 9 211473171 5872352 433960155 5872361 645433326
14 9 55396694 5872352 657451965 5872361 712848659
15 8 905268125 5872352 877892258 5872361 783160383
16 8 754300720 5872353 97730561 5872361 852031281
17 8 599689381 5872353 332960193 5872361 932649574
18 8 423161595 5872353 577660668 5872362 822263
19 8 271792383 5872353 806375882 5872362 78168265
20 8 128116065 5872354 22604808 5872362 150720873
21 7 974772129 5872354 242137340 5872362 216909469
22 7 829345307 5872354 462323341 5872362 291668648
23 7 667399716 5872354 694366086 5872362 361765802
24 7 507047373 5872354 925941877 5872362 432989250
25 7 352788194 5872355 155036048 5872362 507824242
26 7 201724477 5872355 379793612 5872362 581518089
27 7 43722070 5872355 605596103 5872362 649318173
28 6 898032938 5872355 824012192 5872362 722045130
29 6 740261622 5872356 51676444 5872362 791938066
30 6 587485009 5872356 274878056 5872362 862363065
31 6 434919374 5872356 499245943 5872362 934165317
32 6 282468441 5872356 718336186 5872363 804627
