1 43 760256384 5872983 991160904 5873027 751417288
2 43 592933798 5872984 236682142 5873027 829615940
3 43 445910951 5872984 451460964 5873027 897371915
4 43 298310835 5872984 669515042 5873027 967825877
5 43 146056064 5872984 896174461 5873028 42230525
6 42 981234452 5872985 129231595 5873028 110466047
7 42 846840853 5872985 344389429 5873028 191230282
8 42 688972075 5872985 572607467 5873028 261579542
9 42 543154723 5872985 789876781 5873028 333031504
10 42 401848158 5872986 5881804 5873028 407729962
11 42 256312153 5872986 222414057 5873028 478726210
12 42 117406432 5872986 437695760 5873028 555102192
13 41 972900316 5872986 660286438 5873028 633186754
14 41 825978966 5872986 883707972 5873028 709686938
15 41 678725325 5872987 102921158 5873028 781646483
16 41 520544405 5872987 325820646 5873028 846365051
17 41 376013030 5872987 543914000 5873028 919927030
18 41 230439729 5872987 755352199 5873028 985791928
19 41 104662378 5872987 964727862 5873029 69390240
20 40 961036782 5872988 181981473 5873029 143018255
21 40 821564703 5872988 394097511 5873029 215662214
22 40 662594204 5872988 623190496 5873029 285784700
23 40 517479376 5872988 839362479 5873029 356841855
24 40 359891796 5872989 68108785 5873029 428000581
25 40 219423346 5872989 287418172 5873029 506841518
26 40 81697678 5872989 497150662 5873029 578848340
27 39 937124285 5872989 719584122 5873029 656708407
28 39 781223174 5872989 940842455 5873029 722065629
29 39 607462244 5872990 180460376 5873029 787922620
30 39 474725930 5872990 392864853 5873029 867590783
31 39 317879299 5872990 621538920 5873029 939418219
32 39 177130280 5872990 838358705 5873030 15488985
33 39 27060543 5872991 61179547 5873030 88240090
34 38 878980178 5872991 282338511 5873030 161318689
35 38 727859405 5872991 498682694 5873030 226542099
36 38 579696633 5872991 720027729 5873030 299724362
37 38 415655561 5872991 957720834 5873030 373376395
38 38 266265683 5872992 179046221 5873030 445311904
39 38 129816121 5872992 399165594 5873030 528981715
40 37 983862086 5872992 619337836 5873030 603199922
41 37 835275934 5872992 837171676 5873030 672447610
42 37 689979628 5872993 54607450 5873030 744587078
43 37 545875096 5872993 277071020 5873030 822946116
44 37 406759695 5872993 495566256 5873030 902325951
45 37 263262948 5872993 712581408 5873030 975844356
46 37 102825310 5872993 944332363 5873031 47157673
47 36 968081069 5872994 159478123 5873031 127559192
48 36 820514120 5872994 379407184 5873031 199921304
49 36 662482752 5872994 612513392 5873031 274996144
50 36 502681547 5872994 836550377 5873031 339231924
51 36 366131061 5872995 51372681 5873031 417503742
52 36 217900605 5872995 271232651 5873031 489133256
53 36 71318008 5872995 486523353 5873031 557841361
54 35 924770818 5872995 704082810 5873031 628853628
55 35 765644545 5872995 933594972 5873031 699239517
56 35 603021391 5872996 167825733 5873031 770847124
57 35 460595848 5872996 383477780 5873031 844073628
58 35 309658238 5872996 604271011 5873031 913929249
59 35 163479337 5872996 817194553 5873031 980673890
60 35 14055848 5872997 42852472 5873032 56908320
61 34 876198109 5872997 256414354 5873032 132612463
62 34 730656918 5872997 473546726 5873032 204203644
63 34 578437944 5872997 707726321 5873032 286164265
64 34 433253025 5872997 929029968 5873032 362282993
65 34 283702779 5872998 145875308 5873032 429578087
66 34 134524414 5872998 368506653 5873032 503031067
67 33 986586749 5872998 594586268 5873032 581173017
68 33 832234592 5872998 825639495 5873032 657874087
69 33 687822677 5872999 44741904 5873032 732564581
70 33 532855678 5872999 272642949 5873032 805498627
71 33 386241156 5872999 491332996 5873032 877574152
72 33 247026553 5872999 706763936 5873032 953790489
73 33 103105500 5872999 924568462 5873033 27673962
74 32 938644473 5873000 158672077 5873033 97316550
75 32 790914804 5873000 386700841 5873033 177615645
76 32 635977806 5873000 614473832 5873033 250451638
77 32 481482669 5873000 833235396 5873033 314718065
78 32 331327027 5873001 55647967 5873033 386974994
79 32 189013944 5873001 272468530 5873033 461482474
80 32 31341921 5873001 501132949 5873033 532474870
81 31 896979265 5873001 709809329 5873033 606788594
82 31 744364113 5873001 942545358 5873033 686909471
83 31 600180619 5873002 168926986 5873033 769107605
84 31 450523228 5873002 396038655 5873033 846561883
85 31 317566695 5873002 608451447 5873033 926018142
86 31 154515234 5873002 839235624 5873033 993750858
87 31 8768677 5873003 58555715 5873034 67324392
88 30 866356132 5873003 272247354 5873034 138603486
89 30 722047272 5873003 491173137 5873034 213220409
90 30 567305547 5873003 725640949 5873034 292946496
91 30 412598840 5873003 946523030 5873034 359121870
92 30 275052651 5873004 165076839 5873034 440129490
93 30 107120873 5873004 397691537 5873034 504812410
94 29 971245579 5873004 611717947 5873034 582963526
95 29 822949198 5873004 829048186 5873034 651997384
96 29 671646614 5873005 51468220 5873034 723114834
97 29 519806077 5873005 282498725 5873034 802304802
98 29 376295460 5873005 497247548 5873034 873543008
99 29 205146352 5873005 733960412 5873034 939106764
100 29 59853639 5873005 956665051 5873035 16518690
101 28 892826474 5873006 192945534 5873035 85772008
102 28 734642406 5873006 425758839 5873035 160401245
103 28 592617854 5873006 640713844 5873035 233331698
104 28 438979350 5873006 862490797 5873035 301470147
105 28 293955669 5873007 79174788 5873035 373130457
106 28 134869691 5873007 312333791 5873035 447203482
107 27 981514848 5873007 542584755 5873035 524099603
108 27 831331465 5873007 762079121 5873035 593410586
109 27 678742238 5873007 989426508 5873035 668168746
110 27 532786241 5873008 204483511 5873035 737269752
111 27 371856575 5873008 432649013 5873035 804505588
112 27 229321273 5873008 653470484 5873035 882791757
113 27 66092945 5873008 891539230 5873035 957632175
114 26 912977247 5873009 113062669 5873036 26039916
115 26 763806215 5873009 333604497 5873036 97410712
116 26 617515465 5873009 555808794 5873036 173324259
117 26 479620374 5873009 770860223 5873036 250480597
118 26 328307606 5873009 991599565 5873036 319907171
119 26 181012873 5873010 213013192 5873036 394026065
120 26 34534849 5873010 428999603 5873036 463534452
121 25 873822345 5873010 659488229 5873036 533310574
122 25 735972754 5873010 876067482 5873036 612040236
123 25 587551932 5873011 92808435 5873036 680360367
124 25 440715413 5873011 317215488 5873036 757930901
125 25 299263926 5873011 529302749 5873036 828566675
126 25 150638051 5873011 747211422 5873036 897849473
127 25 6323560 5873011 964368664 5873036 970692224
128 24 850631779 5873012 192927233 5873037 43559012
1 43 762747672 5873106 700920535 5873150 463668207
2 43 579901335 5873106 952936876 5873150 532838211
3 43 425685156 5873107 176841031 5873150 602526187
4 43 288686846 5873107 394218472 5873150 682905318
5 43 135427539 5873107 622818559 5873150 758246098
6 42 990286063 5873107 833447495 5873150 823733558
7 42 848833557 5873108 48074339 5873150 896907896
8 42 699511103 5873108 273359154 5873150 972870257
9 42 557192613 5873108 487706410 5873151 44899023
10 42 410850603 5873108 706063723 5873151 116914326
11 42 270880866 5873108 920090004 5873151 190970870
12 42 123563801 5873109 147892661 5873151 271456462
13 41 985788912 5873109 362058532 5873151 347847444
14 41 829431921 5873109 592690859 5873151 422122780
15 41 684718641 5873109 808651790 5873151 493370431
16 41 544487390 5873110 28993362 5873151 573480752
17 41 400379766 5873110 242963755 5873151 643343521
18 41 258965426 5873110 462172626 5873151 721138052
19 41 101375347 5873110 685423181 5873151 786798528
20 40 952969579 5873110 909359039 5873151 862328618
21 40 806042674 5873111 125131251 5873151 931173925
22 40 670690759 5873111 334278807 5873152 4969566
23 40 512559744 5873111 560969670 5873152 73529414
24 40 357989905 5873111 783046840 5873152 141036745
25 40 216977651 5873111 993435965 5873152 210413616
26 40 69033949 5873112 218432396 5873152 287466345
27 39 930681608 5873112 438402957 5873152 369084565
28 39 782226286 5873112 662603717 5873152 444830003
29 39 631897924 5873112 875707071 5873152 507604995
30 39 485004352 5873113 97408636 5873152 582412988
31 39 352257093 5873113 305426787 5873152 657683880
32 39 202625459 5873113 528885376 5873152 731510835
33 39 51929271 5873113 752578998 5873152 804508269
34 38 895765832 5873113 977219954 5873152 872985786
35 38 749838926 5873114 195689783 5873152 945528709
36 38 605307921 5873114 418114650 5873153 23422571
37 38 441707230 5873114 645744477 5873153 87451707
38 38 300635902 5873114 865054660 5873153 165690562
39 38 153794846 5873115 85357104 5873153 239151950
40 38 5590021 5873115 312804989 5873153 318395010
41 37 860886463 5873115 523018285 5873153 383904748
42 37 712702525 5873115 751438301 5873153 464140826
43 37 565138186 5873115 972906723 5873153 538044909
44 37 407737530 5873116 199921394 5873153 607658924
45 37 265263708 5873116 421478722 5873153 686742430
46 37 121195324 5873116 641803017 5873153 762998341
47 36 981291160 5873116 852875482 5873153 834166642
48 36 842469067 5873117 72109760 5873153 914578827
49 36 686662345 5873117 296339019 5873153 983001364
50 36 554414484 5873117 512058380 5873154 66472864
51 36 397593279 5873117 736936369 5873154 134529648
52 36 250531228 5873117 958154610 5873154 208685838
53 36 105860095 5873118 170492441 5873154 276352536
54 35 960126371 5873118 389731274 5873154 349857645
55 35 818449870 5873118 607889886 5873154 426339756
56 35 678991104 5873118 822879446 5873154 501870550
57 35 517877756 5873119 56650752 5873154 574528508
58 35 359274398 5873119 287706035 5873154 646980433
59 35 216773930 5873119 504615522 5873154 721389452
60 35 76993652 5873119 726143850 5873154 803137502
61 34 936624348 5873119 941740658 5873154 878365006
62 34 796638260 5873120 157161746 5873154 953800006
63 34 649192882 5873120 380613724 5873155 29806606
64 34 511726598 5873120 597248291 5873155 108974889
65 34 359117872 5873120 823001726 5873155 182119598
66 34 213305853 5873121 43173635 5873155 256479488
67 34 47506758 5873121 279494690 5873155 327001448
68 33 903456262 5873121 498672747 5873155 402129009
69 33 756820648 5873121 715747268 5873155 472567916
70 33 596082775 5873121 948090656 5873155 544173431
71 33 445295588 5873122 173708187 5873155 619003775
72 33 310380350 5873122 385209366 5873155 695589716
73 33 146592718 5873122 620761270 5873155 767353988
74 33 7717886 5873122 835442150 5873155 843160036
75 32 845553039 5873123 74257308 5873155 919810347
76 32 699664319 5873123 288364846 5873155 988029165
77 32 553865540 5873123 508165484 5873156 62031024
78 32 410626640 5873123 724443187 5873156 135069827
79 32 271783771 5873123 940613132 5873156 212396903
80 32 117543723 5873124 168221533 5873156 285765256
81 31 971568540 5873124 396092782 5873156 367661322
82 31 825307696 5873124 612292449 5873156 437600145
83 31 675595139 5873124 833037995 5873156 508633134
84 31 522931302 5873125 55533435 5873156 578464737
85 31 373601867 5873125 276303647 5873156 649905514
86 31 230314857 5873125 493278337 5873156 723593194
87 31 83541523 5873125 720114030 5873156 803655553
88 30 918664300 5873125 952994223 5873156 871658523
89 30 768931372 5873126 172211964 5873156 941143336
90 30 622167352 5873126 393733422 5873157 15900774
91 30 477245557 5873126 613184011 5873157 90429568
92 30 323707607 5873126 835801393 5873157 159509000
93 30 168052066 5873127 59477515 5873157 227529581
94 30 36769780 5873127 268390371 5873157 305160151
95 29 868316530 5873127 509658743 5873157 377975273
96 29 708846874 5873127 734664804 5873157 443511678
97 29 559970986 5873127 962614217 5873157 522585203
98 29 402686289 5873128 196742573 5873157 599428862
99 29 256794421 5873128 415787335 5873157 672581756
100 29 109615501 5873128 634032224 5873157 743647725
101 28 963502728 5873128 858279632 5873157 821782360
102 28 803324400 5873129 89850312 5873157 893174712
103 28 653556269 5873129 313282772 5873157 966839041
104 28 512058004 5873129 528694842 5873158 40752846
105 28 361140617 5873129 751071080 5873158 112211697
106 28 213741368 5873129 973694703 5873158 187436071
107 28 53275786 5873130 203108645 5873158 256384431
108 27 889715798 5873130 444607791 5873158 334323589
109 27 736416047 5873130 672730571 5873158 409146618
110 27 575215516 5873130 905761780 5873158 480977296
111 27 421353441 5873131 134172797 5873158 555526238
112 27 265279685 5873131 362104377 5873158 627384062
113 27 112499091 5873131 589760889 5873158 702259980
114 26 970093159 5873131 802984610 5873158 773077769
115 26 820080291 5873132 32444385 5873158 852524676
116 26 671716856 5873132 256709200 5873158 928426056
117 26 523372791 5873132 478158474 5873159 1531265
118 26 381864305 5873132 693096608 5873159 74960913
119 26 227369353 5873132 921278444 5873159 148647797
120 26 86962458 5873133 141219782 5873159 228182240
121 25 933457747 5873133 369790888 5873159 303248635
122 25 788956352 5873133 582941593 5873159 371897945
123 25 633983040 5873133 810217148 5873159 444200188
124 25 488906897 5873134 24933009 5873159 513839906
125 25 329337687 5873134 257604743 5873159 586942430
126 25 173599832 5873134 485625211 5873159 659225043
127 25 31113845 5873134 700485477 5873159 731599322
128 24 887002276 5873134 923281745 5873159 810284021
1 43 995086876 5873227 929823992 5873271 924910868
2 43 813854584 5873228 187429415 5873272 1283999
3 43 679613778 5873228 401164924 5873272 80778702
4 43 519648908 5873228 628046191 5873272 147695099
5 43 375618246 5873228 848243728 5873272 223861974
6 43 228904725 5873229 71843278 5873272 300748003
7 43 81158057 5873229 296806394 5873272 377964451
8 42 931531941 5873229 516179244 5873272 447711185
9 42 789130064 5873229 735142323 5873272 524272387
10 42 645625652 5873229 951890442 5873272 597516094
11 42 496402529 5873230 171808337 5873272 668210866
12 42 350517215 5873230 392946339 5873272 743463554
13 42 195863619 5873230 619380984 5873272 815244603
14 42 47629607 5873230 843060069 5873272 890689676
15 41 891754422 5873231 67582231 5873272 959336653
16 41 750094938 5873231 285695863 5873273 35790801
17 41 593975646 5873231 514148952 5873273 108124598
18 41 442892891 5873231 731539468 5873273 174432359
19 41 287189758 5873231 958982113 5873273 246171871
20 41 125441959 5873232 192567071 5873273 318009030
21 40 967278779 5873232 421890329 5873273 389169108
22 40 827788107 5873232 631534969 5873273 459323076
23 40 670840923 5873232 862906486 5873273 533747409
24 40 522664262 5873233 81919157 5873273 604583419
25 40 371330753 5873233 308615890 5873273 679946643
26 40 216654323 5873233 533098034 5873273 749752357
27 40 71930785 5873233 745561084 5873273 817491869
28 39 919764754 5873233 973162171 5873273 892926925
29 39 764426225 5873234 197819219 5873273 962245444
30 39 613092864 5873234 420695930 5873274 33788794
31 39 473951314 5873234 633265664 5873274 107216978
32 39 322959040 5873234 854672605 5873274 177631645
33 39 179310092 5873235 69321671 5873274 248631763
34 39 32575387 5873235 291935294 5873274 324510681
35 38 877988549 5873235 516268848 5873274 394257397
36 38 721527633 5873235 739412739 5873274 460940372
37 38 558884054 5873235 973356635 5873274 532240689
38 38 420415437 5873236 187971146 5873274 608386583
39 38 272366441 5873236 410746710 5873274 683113151
40 38 130818419 5873236 625603346 5873274 756421765
41 37 986256136 5873236 842263801 5873274 828519937
42 37 837321489 5873237 62499116 5873274 899820605
43 37 682402361 5873237 289320754 5873274 971723115
44 37 533689173 5873237 509432312 5873275 43121485
45 37 385914321 5873237 724074322 5873275 109988643
46 37 240668569 5873237 942389673 5873275 183058242
47 37 94789922 5873238 167234717 5873275 262024639
48 36 949318527 5873238 388648677 5873275 337967204
49 36 792484600 5873238 616804124 5873275 409288724
50 36 640269199 5873238 845522764 5873275 485791963
51 36 481266423 5873239 82673768 5873275 563940191
52 36 326295536 5873239 309198578 5873275 635494114
53 36 186935418 5873239 523474650 5873275 710410068
54 36 7115913 5873239 771246755 5873275 778362668
55 35 882174270 5873239 979278350 5873275 861452620
56 35 706708613 5873240 223169710 5873275 929878323
57 35 570186052 5873240 437055624 5873276 7241676
58 35 419139223 5873240 662862910 5873276 82002133
59 35 266406443 5873240 886583679 5873276 152990122
60 35 115786160 5873241 105366021 5873276 221152181
61 34 977167935 5873241 324303712 5873276 301471647
62 34 826604226 5873241 545287013 5873276 371891239
63 34 696069427 5873241 755784173 5873276 451853600
64 34 537970523 5873241 984160079 5873276 522130602
65 34 386834768 5873242 210087623 5873276 596922391
66 34 237772699 5873242 432813799 5873276 670586498
67 34 74797959 5873242 674009876 5873276 748807835
68 33 930746742 5873242 893121026 5873276 823867768
69 33 784176125 5873243 112924405 5873276 897100530
70 33 634109389 5873243 335873096 5873276 969982485
71 33 485947618 5873243 555023893 5873277 40971511
72 33 329739160 5873243 779571629 5873277 109310789
73 33 172829606 5873244 2726686 5873277 175556292
74 33 22939217 5873244 229257867 5873277 252197084
75 32 871378249 5873244 452643142 5873277 324021391
76 32 715244588 5873244 683043399 5873277 398287987
77 32 559223664 5873244 912859223 5873277 472082887
78 32 404626770 5873245 140986393 5873277 545613163
79 32 252410554 5873245 366396168 5873277 618806722
80 32 107339559 5873245 592712056 5873277 700051615
81 31 950458411 5873245 821169386 5873277 771627797
82 31 792499523 5873246 50050486 5873277 842550009
83 31 648606655 5873246 269093082 5873277 917699737
84 31 498649916 5873246 501238307 5873277 999888223
85 31 348163039 5873246 724161980 5873278 72325019
86 31 204368483 5873246 943030135 5873278 147398618
87 31 56269507 5873247 168042343 5873278 224311850
88 30 903604688 5873247 389608430 5873278 293213118
89 30 753808336 5873247 619988595 5873278 373796931
90 30 600639396 5873247 848219578 5873278 448858974
91 30 466455738 5873248 61205285 5873278 527661023
92 30 314354187 5873248 282874425 5873278 597228612
93 30 167415281 5873248 506881023 5873278 674296304
94 30 22535801 5873248 730736901 5873278 753272702
95 29 883776727 5873248 943211081 5873278 826987808
96 29 731588751 5873249 167350046 5873278 898938797
97 29 583820140 5873249 384296606 5873278 968116746
98 29 443441242 5873249 600083411 5873279 43524653
99 29 292542429 5873249 824376336 5873279 116918765
100 29 148298344 5873250 44024069 5873279 192322413
101 28 997244608 5873250 264800633 5873279 262045241
102 28 830014242 5873250 502655346 5873279 332669588
103 28 676385775 5873250 731454466 5873279 407840241
104 28 526614867 5873250 953176105 5873279 479790972
105 28 375764107 5873251 175762914 5873279 551527021
106 28 232947552 5873251 397812714 5873279 630760266
107 28 84324381 5873251 618921087 5873279 703245468
108 27 940135406 5873251 839979572 5873279 780114978
109 27 793618605 5873252 55720136 5873279 849338741
110 27 640766882 5873252 286554478 5873279 927321360
111 27 485103526 5873252 511169879 5873279 996273405
112 27 342695686 5873252 732818260 5873280 75513946
113 27 197521618 5873252 955609769 5873280 153131387
114 27 49551399 5873253 176660328 5873280 226211727
115 26 907206298 5873253 404367635 5873280 311573933
116 26 756412130 5873253 623939925 5873280 380352055
117 26 605342060 5873253 846446957 5873280 451789017
118 26 456694391 5873254 66048987 5873280 522743378
119 26 315867520 5873254 288184490 5873280 604052010
120 26 169609344 5873254 511293029 5873280 680902373
121 26 32219799 5873254 724136795 5873280 756356594
122 25 880009972 5873254 947119837 5873280 827129809
123 25 722415337 5873255 175161749 5873280 897577086
124 25 575363120 5873255 405337510 5873280 980700630
125 25 417444231 5873255 640542031 5873281 57986262
126 25 279581844 5873255 863468759 5873281 143050603
127 25 139744122 5873256 78960847 5873281 218704969
128 24 975519073 5873256 310138534 5873281 285657607
1 44 170428055 5873349 28209761 5873393 198637816
2 44 1669348 5873349 271862478 5873393 273531826
3 43 862766294 5873349 482721336 5873393 345487630
4 43 705771259 5873349 705160425 5873393 410931684
5 43 561508212 5873349 924837158 5873393 486345370
6 43 425246425 5873350 143047936 5873393 568294361
7 43 274786788 5873350 362766520 5873393 637553308
8 43 119117322 5873350 591496474 5873393 710613796
9 42 966376948 5873350 812209966 5873393 778586914
10 42 811177029 5873351 48115177 5873393 859292206
11 42 652931258 5873351 280421066 5873393 933352324
12 42 520384328 5873351 492145945 5873394 12530273
13 42 362493791 5873351 716952657 5873394 79446448
14 42 219829862 5873351 932677500 5873394 152507362
15 42 70387744 5873352 162449991 5873394 232837735
16 41 923028013 5873352 379919634 5873394 302947647
17 41 768240790 5873352 608704273 5873394 376945063
18 41 607557563 5873352 834729907 5873394 442287470
19 41 468413532 5873353 52035610 5873394 520449142
20 41 304906692 5873353 290628457 5873394 595535149
21 41 160770587 5873353 510145359 5873394 670915946
22 41 16298247 5873353 722521207 5873394 738819454
23 40 867157512 5873353 942004092 5873394 809161604
24 40 722920760 5873354 159753008 5873394 882673768
25 40 570114130 5873354 377300928 5873394 947415058
26 40 418768639 5873354 604111974 5873395 22880613
27 40 275680533 5873354 827267346 5873395 102947879
28 40 120293154 5873355 45246665 5873395 165539819
29 39 990469470 5873355 262105524 5873395 252574994
30 39 831252254 5873355 491252860 5873395 322505114
31 39 684292331 5873355 715594173 5873395 399886504
32 39 551340408 5873355 931031817 5873395 482372225
33 39 404684313 5873356 157931398 5873395 562615711
34 39 244798923 5873356 382954310 5873395 627753233
35 39 88767241 5873356 616655303 5873395 705422544
36 38 946688487 5873356 834656029 5873395 781344516
37 38 798536123 5873357 56086007 5873395 854622130
38 38 638030263 5873357 286580337 5873395 924610600
39 38 499206097 5873357 501899261 5873396 1105358
40 38 367188807 5873357 714382755 5873396 81571562
41 38 211916777 5873357 941877714 5873396 153794491
42 38 64468029 5873358 164699111 5873396 229167140
43 37 924597623 5873358 390568119 5873396 315165742
44 37 773991378 5873358 614555050 5873396 388546428
45 37 630088898 5873358 833140784 5873396 463229682
46 37 482190382 5873359 55691611 5873396 537881993
47 37 325461156 5873359 279681783 5873396 605142939
48 37 163137960 5873359 504507976 5873396 667645936
49 37 31358701 5873359 721280374 5873396 752639075
50 36 867337870 5873359 959342027 5873396 826679897
51 36 714544813 5873360 187062982 5873396 901607795
52 36 549799291 5873360 423728087 5873396 973527378
53 36 397814683 5873360 655291452 5873397 53106135
54 36 237875702 5873360 877424473 5873397 115300175
55 36 80144717 5873361 112855397 5873397 193000114
56 35 909551359 5873361 353296265 5873397 262847624
57 35 756985205 5873361 576139403 5873397 333124608
58 35 602394181 5873361 806562345 5873397 408956526
59 35 462607663 5873362 25675125 5873397 488282788
60 35 314431336 5873362 244274525 5873397 558705861
61 35 162289119 5873362 471877390 5873397 634166509
62 35 19073108 5873362 687978336 5873397 707051444
63 34 869257219 5873362 908637791 5873397 777895010
64 34 712657270 5873363 140394079 5873397 853051349
65 34 567421796 5873363 361477360 5873397 928899156
66 34 401941232 5873363 593229407 5873397 995170639
67 34 252068307 5873363 819906918 5873398 71975225
68 34 98694278 5873364 44844684 5873398 143538962
69 33 950264734 5873364 262800707 5873398 213065441
70 33 810532048 5873364 474820118 5873398 285352166
71 33 654529717 5873364 704874789 5873398 359404506
72 33 501498627 5873364 929928682 5873398 431427309
73 33 353376373 5873365 148493546 5873398 501869919
74 33 211561207 5873365 361237869 5873398 572799076
75 33 62837446 5873365 584741013 5873398 647578459
76 32 898699709 5873365 820581392 5873398 719281101
77 32 743708211 5873366 48655174 5873398 792363385
78 32 594067485 5873366 268706807 5873398 862774292
79 32 449819530 5873366 488277338 5873398 938096868
80 32 299355468 5873366 713746186 5873399 13101654
81 32 149777019 5873366 935901076 5873399 85678095
82 31 992705392 5873367 168568940 5873399 161274332
83 31 824760226 5873367 412789739 5873399 237549965
84 31 664774357 5873367 640782837 5873399 305557194
85 31 515882895 5873367 867219130 5873399 383102025
86 31 360302983 5873368 88063341 5873399 448366324
87 31 218245469 5873368 303467930 5873399 521713399
88 31 57505984 5873368 533960149 5873399 591466133
89 30 914282251 5873368 755488625 5873399 669770876
90 30 760051091 5873368 981949511 5873399 742000602
91 30 610319293 5873369 208288287 5873399 818607580
92 30 472260372 5873369 423230718 5873399 895491090
93 30 325882326 5873369 646149447 5873399 972031773
94 30 174924403 5873369 862761458 5873400 37685861
95 30 22848092 5873370 90997959 5873400 113846051
96 29 872109609 5873370 311952075 5873400 184061684
97 29 728066465 5873370 533964672 5873400 262031137
98 29 555011522 5873370 771917161 5873400 326928683
99 29 406265094 5873370 993138809 5873400 399403903
100 29 257800736 5873371 211561620 5873400 469362356
101 29 106759868 5873371 434997210 5873400 541757078
102 28 941071438 5873371 673061048 5873400 614132486
103 28 795741837 5873371 896279641 5873400 692021478
104 28 643590583 5873372 119282072 5873400 762872655
105 28 488567197 5873372 343998619 5873400 832565816
106 28 340768696 5873372 568046253 5873400 908814949
107 28 202596740 5873372 784172273 5873400 986769013
108 28 46919200 5873373 9668917 5873401 56588117
109 27 885015589 5873373 243723866 5873401 128739455
110 27 743811485 5873373 456187176 5873401 199998661
111 27 596957800 5873373 680187459 5873401 277145259
112 27 442743122 5873373 910935135 5873401 353678257
113 27 299794179 5873374 125057804 5873401 424851983
114 27 165466339 5873374 336419763 5873401 501886102
115 27 20243680 5873374 559654245 5873401 579897925
116 26 874494327 5873374 779182443 5873401 653676770
117 26 711824377 5873375 14133802 5873401 725958179
118 26 566582255 5873375 238608965 5873401 805191220
119 26 414849086 5873375 464751375 5873401 879600461
120 26 260442541 5873375 688257203 5873401 948699744
121 26 99950571 5873375 922238635 5873402 22189206
122 25 944623449 5873376 155470267 5873402 100093716
123 25 783433954 5873376 385882209 5873402 169316163
124 25 648605363 5873376 599757104 5873402 248362467
125 25 499924416 5873376 821623518 5873402 321547934
126 25 336278337 5873377 56905186 5873402 393183523
127 25 195344507 5873377 274100982 5873402 469445489
128 25 53904351 5873377 499672866 5873402 553577217
1 43 802133651 5873471 550857490 5873515 352991141
2 43 634948027 5873471 788052640 5873515 423000667
3 43 483759884 5873472 12297326 5873515 496057210
4 43 334065382 5873472 231625509 5873515 565690891
5 43 180392137 5873472 455384778 5873515 635776915
6 43 31117627 5873472 677045992 5873515 708163619
7 42 879775563 5873472 892037255 5873515 771812818
8 42 736272334 5873473 108452289 5873515 844724623
9 42 583410020 5873473 329838675 5873515 913248695
10 42 443088825 5873473 542401113 5873515 985489938
11 42 289179104 5873473 769559300 5873516 58738404
12 42 144882354 5873473 990518972 5873516 135401326
13 41 991226776 5873474 211069114 5873516 202295890
14 41 847117726 5873474 424297132 5873516 271414858
15 41 693838215 5873474 649981069 5873516 343819284
16 41 539764812 5873474 870804040 5873516 410568852
17 41 391092809 5873475 90066243 5873516 481159052
18 41 237171495 5873475 316089340 5873516 553260835
19 41 93714914 5873475 529965828 5873516 623680742
20 40 940461681 5873475 753551414 5873516 694013095
21 40 798170968 5873475 966951892 5873516 765122860
22 40 665382506 5873476 178222668 5873516 843605174
23 40 521719207 5873476 393313411 5873516 915032618
24 40 376629193 5873476 616285898 5873516 992915091
25 40 224187389 5873476 838935742 5873517 63123131
26 40 79870547 5873477 53199889 5873517 133070436
27 39 932062065 5873477 272581979 5873517 204644044
28 39 781162825 5873477 492252897 5873517 273415722
29 39 641689152 5873477 705424805 5873517 347113957
30 39 497923984 5873477 935797193 5873517 433721177
31 39 341674529 5873478 159729550 5873517 501404079
32 39 205917196 5873478 381776480 5873517 587693676
33 39 64942699 5873478 598054738 5873517 662997437
34 38 895925256 5873478 835378868 5873517 731304124
35 38 748668394 5873479 59124340 5873517 807792734
36 38 607687212 5873479 275693982 5873517 883381194
37 38 462918155 5873479 499189959 5873517 962108114
38 38 310321335 5873479 724143595 5873518 34464930
39 38 152327893 5873479 952493223 5873518 104821116
40 38 2397820 5873480 172627929 5873518 175025749
41 37 860729966 5873480 392588619 5873518 253318585
42 37 713527065 5873480 609552124 5873518 323079189
43 37 568559884 5873480 831017749 5873518 399577633
44 37 433368873 5873481 46361376 5873518 479730249
45 37 290450264 5873481 269447305 5873518 559897569
46 37 136531728 5873481 502708399 5873518 639240127
47 36 962075643 5873481 742688110 5873518 704763753
48 36 809982815 5873481 974356473 5873518 784339288
49 36 657778729 5873482 197481679 5873518 855260408
50 36 518816343 5873482 412823177 5873518 931639520
51 36 371821347 5873482 627366522 5873518 999187869
52 36 222378839 5873482 848965164 5873519 71344003
53 36 83472804 5873483 66336069 5873519 149808873
54 35 928072129 5873483 290912433 5873519 218984562
55 35 786078300 5873483 506380817 5873519 292459117
56 35 644955287 5873483 727268602 5873519 372223889
57 35 482729960 5873483 959576768 5873519 442306728
58 35 330637649 5873484 182913896 5873519 513551545
59 35 173433840 5873484 414134102 5873519 587567942
60 35 21246717 5873484 641970017 5873519 663216734
61 34 864298773 5873484 868799174 5873519 733097947
62 34 715928876 5873485 96892640 5873519 812821516
63 34 551590847 5873485 324347433 5873519 875938280
64 34 426381763 5873485 537707467 5873519 964089230
65 34 254427263 5873485 779187965 5873520 33615228
66 34 93445486 5873486 9535483 5873520 102980969
67 33 957495842 5873486 225836018 5873520 183331860
68 33 817338034 5873486 447874485 5873520 265212519
69 33 682633774 5873486 664471422 5873520 347105196
70 33 533468095 5873486 892098212 5873520 425566307
71 33 383390432 5873487 112668354 5873520 496058786
72 33 235950795 5873487 337201127 5873520 573151922
73 33 77908299 5873487 565066727 5873520 642975026
74 32 928812340 5873487 785292839 5873520 714105179
75 32 778365611 5873488 13167031 5873520 791532642
76 32 617187523 5873488 235896189 5873520 853083712
77 32 482359932 5873488 451461738 5873520 933821670
78 32 326653373 5873488 669385614 5873520 996038987
79 32 186812930 5873488 880512578 5873521 67325508
80 32 45756341 5873489 97340049 5873521 143096390
81 31 905060469 5873489 313447236 5873521 218507705
82 31 749385947 5873489 542821679 5873521 292207626
83 31 580646869 5873489 780060940 5873521 360707809
84 31 429985885 5873490 558342 5873521 430544227
85 31 278442823 5873490 228852601 5873521 507295424
86 31 120914391 5873490 462294654 5873521 583209045
87 30 976143149 5873490 684723373 5873521 660866522
88 30 828757752 5873490 903341181 5873521 732098933
89 30 663613016 5873491 141233874 5873521 804846890
90 30 515333542 5873491 362644038 5873521 877977580
91 30 375561597 5873491 576575395 5873521 952136992
92 30 227471510 5873491 800874116 5873522 28345626
93 30 77186202 5873492 23595460 5873522 100781662
94 29 926860674 5873492 245415042 5873522 172275716
95 29 785740570 5873492 460652467 5873522 246393037
96 29 629069659 5873492 692268646 5873522 321338305
97 29 468315396 5873492 921372965 5873522 389688361
98 29 322618616 5873493 142088604 5873522 464707220
99 29 186098130 5873493 358329511 5873522 544427641
100 29 43127892 5873493 572819839 5873522 615947731
101 28 894873974 5873493 795710124 5873522 690584098
102 28 747550205 5873494 16390838 5873522 763941043
103 28 599161513 5873494 240681707 5873522 839843220
104 28 455277458 5873494 457848134 5873522 913125592
105 28 303461531 5873494 678179633 5873522 981641164
106 28 147307795 5873494 909572798 5873523 56880593
107 27 990432777 5873495 136607228 5873523 127040005
108 27 835640165 5873495 359627288 5873523 195267453
109 27 681320321 5873495 583540924 5873523 264861245
110 27 517774129 5873495 823119586 5873523 340893715
111 27 362204179 5873496 50309069 5873523 412513248
112 27 218923188 5873496 265360702 5873523 484283890
113 27 84118096 5873496 480716422 5873523 564834518
114 26 929503184 5873496 707984033 5873523 637487217
115 26 776361782 5873496 931639840 5873523 708001622
116 26 623520374 5873497 155278537 5873523 778798911
117 26 478181365 5873497 380388892 5873523 858570257
118 26 326649840 5873497 604522524 5873523 931172364
119 26 188673456 5873497 823314198 5873524 11987654
120 26 45869437 5873498 37359590 5873524 83229027
121 25 901009827 5873498 259582331 5873524 160592158
122 25 751107810 5873498 479703537 5873524 230811347
123 25 603876058 5873498 709137905 5873524 313013963
124 25 461360052 5873498 930985857 5873524 392345909
125 25 309884972 5873499 155676830 5873524 465561802
126 25 160714015 5873499 379151900 5873524 539865915
127 25 9196656 5873499 603788468 5873524 612985124
128 24 865145475 5873499 825859749 5873524 691005224
1 43 653799272 5873594 804581404 5873638 458380676
2 43 511349395 5873595 23936420 5873638 535285815
3 43 357062514 5873595 251305326 5873638 608367840
4 43 200817188 5873595 475566474 5873638 676383662
5 43 48713396 5873595 694627329 5873638 743340725
6 42 905197483 5873595 913379782 5873638 818577265
7 42 764646516 5873596 134038330 5873638 898684846
8 42 629008587 5873596 344409623 5873638 973418210
9 42 473954425 5873596 568832027 5873639 42786452
10 42 328660211 5873596 782151377 5873639 110811588
11 42 185135150 5873597 476468 5873639 185611618
12 42 43523553 5873597 219852225 5873639 263375778
13 41 898070436 5873597 440313183 5873639 338383619
14 41 744823425 5873597 662973713 5873639 407797138
15 41 595990591 5873597 882513578 5873639 478504169
16 41 447387346 5873598 105834854 5873639 553222200
17 41 313880138 5873598 321126649 5873639 635006787
18 41 162660126 5873598 539613996 5873639 702274122
19 41 11483873 5873598 769774906 5873639 781258779
20 40 865971904 5873598 982671856 5873639 848643760
21 40 715005258 5873599 203564918 5873639 918570176
22 40 569750785 5873599 418731400 5873639 988482185
23 40 406027985 5873599 654125214 5873640 60153199
24 40 263211115 5873599 868112125 5873640 131323240
25 40 126407838 5873600 75636248 5873640 202044086
26 39 970880517 5873600 297142632 5873640 268023149
27 39 827919815 5873600 525136712 5873640 353056527
28 39 678415773 5873600 752268714 5873640 430684487
29 39 526203057 5873600 972801876 5873640 499004933
30 39 372462166 5873601 200617606 5873640 573079772
31 39 225776848 5873601 418736701 5873640 644513549
32 39 78597021 5873601 634651392 5873640 713248413
33 38 930008684 5873601 853312939 5873640 783321623
34 38 776197905 5873602 81774288 5873640 857972193
35 38 627887710 5873602 295766644 5873640 923654354
36 38 474360574 5873602 519745686 5873640 994106260
37 38 328974085 5873602 736975926 5873641 65950011
38 38 187332415 5873602 957931506 5873641 145263921
39 38 34381453 5873603 178795791 5873641 213177244
40 37 894918485 5873603 395645723 5873641 290564208
41 37 740590141 5873603 616789559 5873641 357379700
42 37 578062338 5873603 849905229 5873641 427967567
43 37 426194765 5873604 73645016 5873641 499839781
44 37 275592205 5873604 294898238 5873641 570490443
45 37 125826296 5873604 523276088 5873641 649102384
46 36 950488487 5873604 764970434 5873641 715458921
47 36 797762966 5873604 988520521 5873641 786283487
48 36 656796691 5873605 206413676 5873641 863210367
49 36 514108189 5873605 422501178 5873641 936609367
50 36 343416369 5873605 662934584 5873642 6350953
51 36 202459392 5873605 873333635 5873642 75793027
52 36 53074494 5873606 95645930 5873642 148720424
53 35 907142663 5873606 316362662 5873642 223505325
54 35 763155203 5873606 535545941 5873642 298701144
55 35 619361110 5873606 748498557 5873642 367859667
56 35 480875105 5873606 972594930 5873642 453470035
57 35 327919551 5873607 192693933 5873642 520613484
58 35 181188031 5873607 407336147 5873642 588524178
59 35 35142831 5873607 629069416 5873642 664212247
60 34 883987818 5873607 854110642 5873642 738098460
61 34 734796918 5873608 79405067 5873642 814201985
62 34 590378576 5873608 300896915 5873642 891275491
63 34 444499448 5873608 523026028 5873642 967525476
64 34 302049831 5873608 739981829 5873643 42031660
65 34 153727858 5873608 956566415 5873643 110294273
66 34 10102132 5873609 177660455 5873643 187762587
67 33 856720697 5873609 396598442 5873643 253319139
68 33 706834717 5873609 624323730 5873643 331158447
69 33 564559670 5873609 838449861 5873643 403009531
70 33 419155051 5873610 58466532 5873643 477621583
71 33 270459715 5873610 280973268 5873643 551432983
72 33 114231833 5873610 508903589 5873643 623135422
73 32 977606349 5873610 720958888 5873643 698565237
74 32 824264376 5873610 943940560 5873643 768204936
75 32 675160807 5873611 167830974 5873643 842991781
76 32 523394916 5873611 387197694 5873643 910592610
77 32 375172406 5873611 606144143 5873643 981316549
78 32 224252796 5873611 832683453 5873644 56936249
79 32 71676975 5873612 52790289 5873644 124467264
80 31 932192378 5873612 267360393 5873644 199552771
81 31 780852164 5873612 488878703 5873644 269730867
82 31 631986776 5873612 710176387 5873644 342163163
83 31 471043869 5873612 938717160 5873644 409761029
84 31 319466901 5873613 162170194 5873644 481637095
85 31 185741845 5873613 377125050 5873644 562866895
86 31 33096490 5873613 600369328 5873644 633465818
87 30 887233435 5873613 819471682 5873644 706705117
88 30 748505285 5873614 42857606 5873644 791362891
89 30 605430827 5873614 261584708 5873644 867015535
90 30 465400295 5873614 477398493 5873644 942798788
91 30 309833826 5873614 703299667 5873645 13133493
92 30 154313338 5873614 932841403 5873645 87154741
93 30 11352193 5873615 150459192 5873645 161811385
94 29 871975981 5873615 364357383 5873645 236333364
95 29 735299035 5873615 578557383 5873645 313856418
96 29 574744066 5873615 811796088 5873645 386540154
97 29 418362446 5873616 45130902 5873645 463493348
98 29 262231099 5873616 271375847 5873645 533606946
99 29 106635649 5873616 503015378 5873645 609651027
100 28 973987110 5873616 712110139 5873645 686097249
101 28 818765042 5873616 939210494 5873645 757975536
102 28 665892135 5873617 158483734 5873645 824375869
103 28 494118483 5873617 398798920 5873645 892917403
104 28 344154338 5873617 622405672 5873645 966560010
105 28 195915198 5873617 842228587 5873646 38143785
106 28 36387394 5873618 72865266 5873646 109252660
107 27 895491118 5873618 286042285 5873646 181533403
108 27 740765634 5873618 510295952 5873646 251061586
109 27 583230961 5873618 737039721 5873646 320270682
110 27 433480459 5873618 957692825 5873646 391173284
111 27 281531795 5873619 185923029 5873646 467454824
112 27 141553205 5873619 399822202 5873646 541375407
113 26 979605150 5873619 632937372 5873646 612542522
114 26 826415175 5873619 858421479 5873646 684836654
115 26 673822911 5873620 86171118 5873646 759994029
116 26 518226535 5873620 315172605 5873646 833399140
117 26 355870729 5873620 542932059 5873646 898802788
118 26 211041396 5873620 762720845 5873646 973762241
119 26 70373968 5873620 977467650 5873647 47841618
120 25 921240472 5873621 200870685 5873647 122111157
121 25 769783114 5873621 423146980 5873647 192930094
122 25 624852078 5873621 647979748 5873647 272831826
123 25 479385758 5873621 872818755 5873647 352204513
124 25 329216152 5873622 93939443 5873647 423155595
125 25 181433374 5873622 317213424 5873647 498646798
126 25 38122494 5873622 532676753 5873647 570799247
127 24 894480139 5873622 756361189 5873647 650841328
128 24 739699933 5873622 982474452 5873647 722174385
1 43 734990981 5873714 846631015 5873758 581621996
2 43 564997278 5873715 84064921 5873758 649062199
3 43 430560197 5873715 293951575 5873758 724511772
4 43 293650719 5873715 509447125 5873758 803097844
5 43 147114881 5873715 727230003 5873758 874344884
6 43 6808205 5873715 942546390 5873758 949354595
7 42 848452398 5873716 166893630 5873759 15346028
8 42 700967873 5873716 385417328 5873759 86385201
9 42 553993784 5873716 609717679 5873759 163711463
10 42 411063008 5873716 830722332 5873759 241785340
11 42 270578892 5873717 44160549 5873759 314739441
12 42 116734410 5873717 270120425 5873759 386854835
13 41 964498509 5873717 488103319 5873759 452601828
14 41 819762101 5873717 707855698 5873759 527617799
15 41 678006062 5873717 922824277 5873759 600830339
16 41 529337430 5873718 142886632 5873759 672224062
17 41 372777702 5873718 374142373 5873759 746920075
18 41 237107422 5873718 582402316 5873759 819509738
19 41 87525973 5873718 796756054 5873759 884282027
20 40 953307019 5873719 7665707 5873759 960972726
21 40 797619978 5873719 225313292 5873760 22933270
22 40 652002845 5873719 445377184 5873760 97380029
23 40 504986589 5873719 668807940 5873760 173794529
24 40 358271050 5873719 891810556 5873760 250081606
25 40 197242200 5873720 119628509 5873760 316870709
26 40 47602937 5873720 341551367 5873760 389154304
27 39 893898249 5873720 553943549 5873760 447841798
28 39 737837993 5873720 803215347 5873760 541053340
29 39 587407134 5873721 25363608 5873760 612770742
30 39 444613652 5873721 240623256 5873760 685236908
31 39 286450583 5873721 465954514 5873760 752405097
32 39 138908003 5873721 692396011 5873760 831304014
33 38 988545605 5873721 923323240 5873760 911868845
34 38 843170524 5873722 139859215 5873760 983029739
35 38 696561334 5873722 366421340 5873761 62982674
36 38 546944849 5873722 585744282 5873761 132689131
37 38 404916297 5873722 799180204 5873761 204096501
38 38 260708860 5873723 22226060 5873761 282934920
39 38 102675604 5873723 245981087 5873761 348656691
40 37 955080377 5873723 461313067 5873761 416393444
41 37 810310302 5873723 682759841 5873761 493070143
42 37 662032330 5873723 902732697 5873761 564765027
43 37 512847299 5873724 128214582 5873761 641061881
44 37 357467085 5873724 356070350 5873761 713537435
45 37 194241646 5873724 583250574 5873761 777492220
46 37 49224891 5873724 800720199 5873761 849945090
47 36 880880010 5873725 40399618 5873761 921279628
48 36 736291487 5873725 258315661 5873761 994607148
49 36 591044384 5873725 479990357 5873762 71034741
50 36 442198254 5873725 696369521 5873762 138567775
51 36 301043113 5873725 916058049 5873762 217101162
52 36 149515792 5873726 138603396 5873762 288119188
53 36 1105525 5873726 362851563 5873762 363957088
54 35 847187137 5873726 582630127 5873762 429817264
55 35 697563522 5873726 801102900 5873762 498666422
56 35 543339714 5873727 24953685 5873762 568293399
57 35 396703988 5873727 242415699 5873762 639119687
58 35 246252795 5873727 469782698 5873762 716035493
59 35 92233336 5873727 701120808 5873762 793354144
60 34 944248745 5873727 923120665 5873762 867369410
61 34 791746128 5873728 141162798 5873762 932908926
62 34 650302621 5873728 353343483 5873763 3646104
63 34 501787856 5873728 580322822 5873763 82110678
64 34 345328089 5873728 806539638 5873763 151867727
65 34 172351626 5873729 46900193 5873763 219251819
66 34 32699068 5873729 266638017 5873763 299337085
67 33 885736256 5873729 492556746 5873763 378293002
68 33 721106492 5873729 723592491 5873763 444698983
69 33 572875962 5873729 949310816 5873763 522186778
70 33 414841853 5873730 176682204 5873763 591524057
71 33 264218423 5873730 396275271 5873763 660493694
72 33 123504532 5873730 608448957 5873763 731953489
73 32 975371483 5873730 829927323 5873763 805298806
74 32 812710737 5873731 63217490 5873763 875928227
75 32 662423301 5873731 289679357 5873763 952102658
76 32 520749169 5873731 506109038 5873764 26858207
77 32 375996890 5873731 724675921 5873764 100672811
78 32 216629084 5873731 950891959 5873764 167521043
79 32 75649606 5873732 171070015 5873764 246719621
80 31 928248487 5873732 390440383 5873764 318688870
81 31 780608169 5873732 612692624 5873764 393300793
82 31 616625725 5873732 841401005 5873764 458026730
83 31 468600210 5873733 61072738 5873764 529672948
84 31 330667455 5873733 274137647 5873764 604805102
85 31 170531551 5873733 501922231 5873764 672453782
86 31 22624552 5873733 721560742 5873764 744185294
87 30 864213784 5873733 952522174 5873764 816735958
88 30 716088290 5873734 170223998 5873764 886312288
89 30 557446526 5873734 400872825 5873764 958319351
90 30 393344881 5873734 633225361 5873765 26570242
91 30 242889430 5873734 867556546 5873765 110445976
92 30 94754861 5873735 85656697 5873765 180411558
93 29 943564737 5873735 311929086 5873765 255493823
94 29 794606443 5873735 536744798 5873765 331351241
95 29 639278081 5873735 761439290 5873765 400717371
96 29 489598060 5873735 993403555 5873765 483001615
97 29 342197126 5873736 216102214 5873765 558299340
98 29 185926282 5873736 445337307 5873765 631263589
99 29 40637328 5873736 662830450 5873765 703467778
100 28 896288948 5873736 885432537 5873765 781721485
101 28 758691520 5873737 104019048 5873765 862710568
102 28 604964332 5873737 318506191 5873765 923470523
103 28 460881614 5873737 552000540 5873766 12882154
104 28 317746472 5873737 762033913 5873766 79780385
105 28 171130617 5873737 992642018 5873766 163772635
106 28 28665944 5873738 209791297 5873766 238457241
107 27 878546319 5873738 436679601 5873766 315225920
108 27 744525657 5873738 653330019 5873766 397855676
109 27 581289459 5873738 883456800 5873766 464746259
110 27 438779139 5873739 103595061 5873766 542374200
111 27 281293706 5873739 333371682 5873766 614665388
112 27 123813661 5873739 558798401 5873766 682612062
113 26 972839960 5873739 782942255 5873766 755782215
114 26 832490137 5873739 997123237 5873766 829613374
115 26 670601896 5873740 232579549 5873766 903181445
116 26 523190203 5873740 450955787 5873766 974145990
117 26 370822138 5873740 679401636 5873767 50223774
118 26 230814253 5873740 892776559 5873767 123590812
119 26 84245934 5873741 119056336 5873767 203302270
120 25 918479412 5873741 352382540 5873767 270861952
121 25 774657524 5873741 576920164 5873767 351577688
122 25 615502455 5873741 805015501 5873767 420517956
123 25 469196130 5873742 32811121 5873767 502007251
124 25 310878175 5873742 255156953 5873767 566035128
125 25 163895752 5873742 477547765 5873767 641443517
126 25 27840535 5873742 693088574 5873767 720929109
127 24 885268216 5873742 906693992 5873767 791962208
128 24 728938688 5873743 129481019 5873767 858419707
1 44 35892865 5873836 530178845 5873880 566071710
2 43 866499151 5873836 773084261 5873880 639583412
3 43 710487321 5873836 995300613 5873880 705787934
4 43 570131128 5873837 210870069 5873880 781001197
5 43 427153927 5873837 427620189 5873880 854774116
6 43 274945582 5873837 646048611 5873880 920994193
7 43 133070491 5873837 863638771 5873880 996709262
8 42 984985440 5873838 87002177 5873881 71987617
9 42 820033866 5873838 319008497 5873881 139042363
10 42 690193683 5873838 527456122 5873881 217649805
11 42 533713564 5873838 751848601 5873881 285562165
12 42 380410962 5873838 969270319 5873881 349681281
13 42 247333893 5873839 186632002 5873881 433965895
14 42 106788389 5873839 402319808 5873881 509108197
15 41 954632543 5873839 623319442 5873881 577951985
16 41 815436217 5873839 835892620 5873881 651328837
17 41 669800288 5873840 61103325 5873881 730903613
18 41 513043193 5873840 290206662 5873881 803249855
19 41 359826070 5873840 510071687 5873881 869897757
20 41 223590412 5873840 721792270 5873881 945382682
21 41 83019890 5873840 942701646 5873882 25721536
22 40 927055614 5873841 169075181 5873882 96130795
23 40 783371370 5873841 381080852 5873882 164452222
24 40 649340616 5873841 591567957 5873882 240908573
25 40 504377434 5873841 808992916 5873882 313370350
26 40 366193515 5873842 28705315 5873882 394898830
27 40 214452124 5873842 245853613 5873882 460305737
28 40 50680380 5873842 473640585 5873882 524320965
29 39 903254317 5873842 698306596 5873882 601560913
30 39 759620370 5873842 913382635 5873882 673003005
31 39 612941200 5873843 132442324 5873882 745383524
32 39 469779411 5873843 351300201 5873882 821079612
33 39 313928336 5873843 572916935 5873882 886845271
34 39 164391628 5873843 801366209 5873882 965757837
35 39 27273393 5873844 14859982 5873883 42133375
36 38 867553056 5873844 245234221 5873883 112787277
37 38 723483506 5873844 463209966 5873883 186693472
38 38 570788484 5873844 694330025 5873883 265118509
39 38 421791172 5873844 913169533 5873883 334960705
40 38 268493809 5873845 137430607 5873883 405924416
41 38 133413001 5873845 349653384 5873883 483066385
42 37 993216286 5873845 561005751 5873883 554222037
43 37 856864056 5873845 774632503 5873883 631496559
44 37 705544768 5873845 997603323 5873883 703148091
45 37 558995393 5873846 223631031 5873883 782626424
46 37 403264520 5873846 449663332 5873883 852927852
47 37 247341817 5873846 676255715 5873883 923597532
48 37 96653500 5873846 902689489 5873883 999342989
49 36 939037050 5873847 131089524 5873884 70126574
50 36 790448601 5873847 355486559 5873884 145935160
51 36 631481306 5873847 584295031 5873884 215776337
52 36 473475141 5873847 819313444 5873884 292788585
53 36 311034762 5873848 53983734 5873884 365018496
54 36 160856436 5873848 281253863 5873884 442110299
55 36 26034121 5873848 491004668 5873884 517038789
56 35 866399858 5873848 722887342 5873884 589287200
57 35 720251179 5873848 941948919 5873884 662200098
58 35 572156110 5873849 162382156 5873884 734538266
59 35 420422626 5873849 392682156 5873884 813104782
60 35 257236298 5873849 626474610 5873884 883710908
61 35 106221707 5873849 853169677 5873884 959391384
62 34 967372172 5873850 74002851 5873885 41375023
63 34 816290880 5873850 295629307 5873885 111920187
64 34 666817244 5873850 516212893 5873885 183030137
65 34 510422161 5873850 746867127 5873885 257289288
66 34 352638510 5873850 977196071 5873885 329834581
67 34 201208762 5873851 195820619 5873885 397029381
68 34 41016823 5873851 427959085 5873885 468975908
69 33 877448760 5873851 665089182 5873885 542537942
70 33 720111473 5873851 891373589 5873885 611485062
71 33 577246029 5873852 106099561 5873885 683345590
72 33 430454954 5873852 327296636 5873885 757751590
73 33 274057113 5873852 552668504 5873885 826725617
74 33 132989228 5873852 773536993 5873885 906526221
75 32 989131618 5873852 983959007 5873885 973090625
76 32 847786888 5873853 204623295 5873886 52410183
77 32 691406860 5873853 431650818 5873886 123057678
78 32 550497437 5873853 652641841 5873886 203139278
79 32 399058336 5873853 879652013 5873886 278710349
80 32 254473924 5873854 105096732 5873886 359570656
81 32 99403539 5873854 328793150 5873886 428196689
82 31 936634888 5873854 561907265 5873886 498542153
83 31 784814221 5873854 789162839 5873886 573977060
84 31 624659115 5873855 22553634 5873886 647212749
85 31 478591138 5873855 248364809 5873886 726955947
86 31 327716157 5873855 474967988 5873886 802684145
87 31 165884674 5873855 711973642 5873886 877858316
88 31 25633072 5873855 926994238 5873886 952627310
89 30 868576908 5873856 154671620 5873887 23248528
90 30 723226251 5873856 376298780 5873887 99525031
91 30 579969000 5873856 592184249 5873887 172153249
92 30 430785136 5873856 811533858 5873887 242318994
93 30 284112374 5873857 40649194 5873887 324761568
94 30 134317966 5873857 259943100 5873887 394261066
95 29 986083122 5873857 481298098 5873887 467381220
96 29 851652393 5873857 692035736 5873887 543688129
97 29 688973703 5873857 925867116 5873887 614840819
98 29 536293904 5873858 152651310 5873887 688945214
99 29 378568771 5873858 383307359 5873887 761876130
100 29 213232279 5873858 622833485 5873887 836065764
101 29 60065821 5873858 843895748 5873887 903961569
102 28 911867347 5873859 63966547 5873887 975833894
103 28 755392043 5873859 292993200 5873888 48385243
104 28 607245771 5873859 516767024 5873888 124012795
105 28 444206366 5873859 750215373 5873888 194421739
106 28 286458715 5873859 978424134 5873888 264882849
107 28 139197815 5873860 204839002 5873888 344036817
108 27 995388112 5873860 425319738 5873888 420707850
109 27 842118972 5873860 656411149 5873888 498530121
110 27 681606686 5873860 883185103 5873888 564791789
111 27 528762853 5873861 110595860 5873888 639358713
112 27 371422028 5873861 341384388 5873888 712806416
113 27 221373495 5873861 562723812 5873888 784097307
114 27 68934116 5873861 783310639 5873888 852244755
115 26 906108763 5873862 15626194 5873888 921734957
116 26 760555888 5873862 243187967 5873889 3743855
117 26 624019217 5873862 459117398 5873889 83136615
118 26 471208864 5873862 681260252 5873889 152469116
119 26 334207961 5873862 890694691 5873889 224902652
120 26 187987931 5873863 109887711 5873889 297875642
121 26 42921566 5873863 335144359 5873889 378065925
122 25 882662850 5873863 564437877 5873889 447100727
123 25 730274657 5873863 789680896 5873889 519955553
124 25 575568765 5873864 17267557 5873889 592836322
125 25 438384661 5873864 229591944 5873889 667976605
126 25 293316017 5873864 450118439 5873889 743434456
127 25 146949139 5873864 675070444 5873889 822019583
128 24 984681496 5873864 910520498 5873889 895201994
1 43 918356345 5873957 938692757 5874001 857049102
2 43 741443547 5873958 187051647 5874001 928495194
3 43 600708324 5873958 410753953 5874002 11462277
4 43 439790361 5873958 643137174 5874002 82927535
5 43 294354743 5873958 860329212 5874002 154683955
6 43 138997326 5873959 84371975 5874002 223369301
7 42 993486024 5873959 305592161 5874002 299078185
8 42 849761412 5873959 522920640 5874002 372682052
9 42 711277073 5873959 740332266 5874002 451609339
10 42 570428574 5873959 957849557 5874002 528278131
11 42 425520260 5873960 168941985 5874002 594462245
12 42 292332825 5873960 387806843 5874002 680139668
13 42 141505491 5873960 605111101 5874002 746616592
14 41 971421863 5873960 840063460 5874002 811485323
15 41 834407071 5873961 59674416 5874002 894081487
16 41 687157486 5873961 280938064 5874002 968095550
17 41 541375301 5873961 495855699 5874003 37231000
18 41 406801445 5873961 708914146 5874003 115715591
19 41 269027445 5873961 923542916 5874003 192570361
20 41 120975321 5873962 142501161 5874003 263476482
21 40 958494683 5873962 381043861 5874003 339538544
22 40 809040583 5873962 614826630 5874003 423867213
23 40 648479021 5873962 844403736 5874003 492882757
24 40 500241288 5873963 63572478 5874003 563813766
25 40 353181958 5873963 283756109 5874003 636938067
26 40 192035852 5873963 510735688 5874003 702771540
27 40 50373017 5873963 733418180 5874003 783791197
28 39 909496684 5873963 956074099 5874003 865570783
29 39 764083140 5873964 173967179 5874003 938050319
30 39 600828886 5873964 402350085 5874004 3178971
31 39 446747113 5873964 632562660 5874004 79309773
32 39 297954853 5873964 849247781 5874004 147202634
33 39 148544808 5873965 70333210 5874004 218878018
34 39 54449 5873965 292972759 5874004 293027208
35 38 856775829 5873965 507161240 5874004 363937069
36 38 704984846 5873965 732776956 5874004 437761802
37 38 553733854 5873965 953145361 5874004 506879215
38 38 388446249 5873966 192866299 5874004 581312548
39 38 238196867 5873966 415390516 5874004 653587383
40 38 85795508 5873966 636207727 5874004 722003235
41 37 939458943 5873966 852196139 5874004 791655082
42 37 803708036 5873967 67127977 5874004 870836013
43 37 654340360 5873967 285368977 5874004 939709337
44 37 497242067 5873967 521770013 5874005 19012080
45 37 342244070 5873967 734214527 5874005 76458597
46 37 193761730 5873967 957707022 5874005 151468752
47 37 30807398 5873968 192589771 5874005 223397169
48 36 877452184 5873968 408313762 5874005 285765946
49 36 728700942 5873968 631790295 5874005 360491237
50 36 589537726 5873968 844704967 5874005 434242693
51 36 455031555 5873969 51493585 5874005 506525140
52 36 304663306 5873969 279891953 5874005 584555259
53 36 150703604 5873969 512630445 5874005 663334049
54 36 12730663 5873969 725817075 5874005 738547738
55 35 864268174 5873969 943414161 5874005 807682335
56 35 702628818 5873970 176776678 5874005 879405496
57 35 552320122 5873970 399305914 5874005 951626036
58 35 412191259 5873970 623014794 5874006 35206053
59 35 246815637 5873970 858150446 5874006 104966083
60 35 91748363 5873971 82769310 5874006 174517673
61 34 945861827 5873971 306477320 5874006 252339147
62 34 801840739 5873971 523014814 5874006 324855553
63 34 664463046 5873971 733374829 5874006 397837875
64 34 520147056 5873971 954724179 5874006 474871235
65 34 374352704 5873972 170508057 5874006 544860761
66 34 237868661 5873972 385939257 5874006 623807918
67 34 86391320 5873972 605390957 5874006 691782277
68 33 942035720 5873972 829340277 5874006 771375997
69 33 804539326 5873973 33628608 5874006 838167934
70 33 647115761 5873973 275936035 5874006 923051796
71 33 503310984 5873973 498229423 5874007 1540407
72 33 350725237 5873973 722382796 5874007 73108033
73 33 201215065 5873973 947527020 5874007 148742085
74 33 47358657 5873974 173616709 5874007 220975366
75 32 897495343 5873974 395524585 5874007 293019928
76 32 760220797 5873974 612793158 5874007 373013955
77 32 607909565 5873974 832957215 5874007 440866780
78 32 458346207 5873975 56931091 5874007 515277298
79 32 301003994 5873975 283848301 5874007 584852295
80 32 153524654 5873975 507421518 5874007 660946172
81 32 7243052 5873975 725956919 5874007 733199971
82 31 856236628 5873975 942880221 5874007 799116849
83 31 691368460 5873976 175943874 5874007 867312334
84 31 555153746 5873976 397815881 5874007 952969627
85 31 389304985 5873976 632946181 5874008 22251166
86 31 243661427 5873976 851651968 5874008 95313395
87 31 82525839 5873977 82778638 5874008 165304477
88 30 932746745 5873977 305532925 5874008 238279670
89 30 782000447 5873977 519141121 5874008 301141568
90 30 619746287 5873977 744912908 5874008 364659195
91 30 479718717 5873977 967300313 5874008 447019030
92 30 333113083 5873978 186153598 5874008 519266681
93 30 176572558 5873978 411799721 5874008 588372279
94 30 15002922 5873978 648036556 5874008 663039478
95 29 850946313 5873978 882739734 5874008 733686047
96 29 713849820 5873979 98379244 5874008 812229064
97 29 565792879 5873979 318914387 5874008 884707266
98 29 428211672 5873979 535001334 5874008 963213006
99 29 273700499 5873979 757859508 5874009 31560007
100 29 133062422 5873979 973145266 5874009 106207688
101 28 985214329 5873980 195239269 5874009 180453598
102 28 831499012 5873980 419755005 5874009 251254017
103 28 684596587 5873980 641080207 5874009 325676794
104 28 533268152 5873980 863115192 5874009 396383344
105 28 374963437 5873981 94046736 5874009 469010173
106 28 214252693 5873981 322953262 5874009 537205955
107 28 67288621 5873981 545292205 5874009 612580826
108 27 921952075 5873981 766537464 5874009 688489539
109 27 784179113 5873981 989717928 5874009 773897041
110 27 631328298 5873982 210929151 5874009 842257449
111 27 489270617 5873982 428205724 5874009 917476341
112 27 329101585 5873982 660502780 5874009 989604365
113 27 183037571 5873982 890665856 5874010 73703427
114 27 25705432 5873983 118878672 5874010 144584104
115 26 869082056 5873983 346338669 5874010 215420725
116 26 714122446 5873983 572327767 5874010 286450213
117 26 561552478 5873983 793869817 5874010 355422295
118 26 416727738 5873984 11976319 5874010 428704057
119 26 260525911 5873984 236131858 5874010 496657769
120 26 89410228 5873984 482780131 5874010 572190359
121 25 940410509 5873984 708184851 5874010 648595360
122 25 796452808 5873984 920860897 5874010 717313705
123 25 637371386 5873985 157887736 5874010 795259122
124 25 481438220 5873985 391347104 5874010 872785324
125 25 322283892 5873985 620674140 5874010 942958032
126 25 167827976 5873985 844420835 5874011 12248811
127 25 30633669 5873986 54456245 5874011 85089914
128 24 883702023 5873986 279420954 5874011 163122977
1 43 883673946 5874080 340896798 5874124 224570744
2 43 729054294 5874080 576742381 5874124 305796675
3 43 593016984 5874080 792275208 5874124 385292192
4 43 450218522 5874081 12643983 5874124 462862505
5 43 303296393 5874081 233298383 5874124 536594776
6 43 163338267 5874081 449224240 5874124 612562507
7 43 14831354 5874081 674115080 5874124 688946434
8 42 862669433 5874081 892608872 5874124 755278305
9 42 719773065 5874082 113212013 5874124 832985078
10 42 580393465 5874082 334231221 5874124 914624686
11 42 440230675 5874082 552810085 5874124 993040760
12 42 301990794 5874082 766804719 5874125 68795513
13 42 153568398 5874082 989293085 5874125 142861483
14 41 993491790 5874083 217713749 5874125 211205539
15 41 851058024 5874083 431945674 5874125 283003698
16 41 703083693 5874083 652790941 5874125 355874634
17 41 558736037 5874083 875492692 5874125 434228729
18 41 413781188 5874084 92767709 5874125 506548897
19 41 263718395 5874084 310379332 5874125 574097727
20 41 106830192 5874084 537769663 5874125 644599855
21 40 946865582 5874084 772978554 5874125 719844136
22 40 795258484 5874084 989217739 5874125 784476223
23 40 650019140 5874085 213374778 5874125 863393918
24 40 490403802 5874085 452525078 5874125 942928880
25 40 347049534 5874085 676208829 5874126 23258363
26 40 195248682 5874085 907211797 5874126 102460479
27 40 33390273 5874086 141456836 5874126 174847109
28 39 890006543 5874086 362625856 5874126 252632399
29 39 735856845 5874086 582489307 5874126 318346152
30 39 587231156 5874086 801881045 5874126 389112201
31 39 433856091 5874087 30591852 5874126 464447943
32 39 282605061 5874087 258983776 5874126 541588837
33 39 133316848 5874087 479159888 5874126 612476736
34 38 972334479 5874087 710401500 5874126 682735979
35 38 822528219 5874087 931163805 5874126 753692024
36 38 667701088 5874088 156519804 5874126 824220892
37 38 523313191 5874088 378749786 5874126 902062977
38 38 371268584 5874088 602517646 5874126 973786230
39 38 208111793 5874088 831573854 5874127 39685647
40 38 72841561 5874089 49379936 5874127 122221497
41 37 917231704 5874089 272246888 5874127 189478592
42 37 765668162 5874089 494780679 5874127 260448841
43 37 624736831 5874089 715673389 5874127 340410220
44 37 459886274 5874089 946910964 5874127 406797238
45 37 306598282 5874090 172409071 5874127 479007353
46 37 144014905 5874090 402712960 5874127 546727865
47 36 982690635 5874090 637718244 5874127 620408879
48 36 844460199 5874090 857048020 5874127 701508219
49 36 698289650 5874091 82076246 5874127 780365896
50 36 541626776 5874091 312257341 5874127 853884117
51 36 402767759 5874091 532215235 5874127 934982994
52 36 258157069 5874091 761397015 5874128 19554084
53 36 104888429 5874091 982271707 5874128 87160136
54 35 957493847 5874092 211295730 5874128 168789577
55 35 806840714 5874092 432905297 5874128 239746011
56 35 653123045 5874092 659562142 5874128 312685187
57 35 493208452 5874092 892630091 5874128 385838543
58 35 339519115 5874093 116775260 5874128 456294375
59 35 203250976 5874093 326799226 5874128 530050202
60 35 50388198 5874093 551220316 5874128 601608514
61 34 903006616 5874093 775470964 5874128 678477580
62 34 750473907 5874094 1310694 5874128 751784601
63 34 600301876 5874094 229344013 5874128 829645889
64 34 449578837 5874094 450202335 5874128 899781172
65 34 311263402 5874094 666218709 5874128 977482111
66 34 172480605 5874094 885695224 5874129 58175829
67 34 26864713 5874095 107486362 5874129 134351075
68 33 880207951 5874095 332614975 5874129 212822926
69 33 725620909 5874095 559075138 5874129 284696047
70 33 573962164 5874095 779258991 5874129 353221155
71 33 435056852 5874095 997326568 5874129 432383420
72 33 285638158 5874096 219735047 5874129 505373205
73 33 147094061 5874096 435667830 5874129 582761891
74 32 998791663 5874096 660650946 5874129 659442609
75 32 857036718 5874096 878449750 5874129 735486468
76 32 699546359 5874097 108988542 5874129 808534901
77 32 550383235 5874097 333860772 5874129 884244007
78 32 404865063 5874097 555716538 5874129 960581601
79 32 266355891 5874097 768525768 5874130 34881659
80 32 124039326 5874097 984961227 5874130 109000553
81 31 967996034 5874098 212798864 5874130 180794898
82 31 816732708 5874098 439212084 5874130 255944792
83 31 653452492 5874098 672635638 5874130 326088130
84 31 506530938 5874098 894440868 5874130 400971806
85 31 355411943 5874099 114327504 5874130 469739447
86 31 207902011 5874099 338077588 5874130 545979599
87 31 62847071 5874099 562676804 5874130 625523875
88 30 914918740 5874099 792883564 5874130 707802304
89 30 764995834 5874100 18356598 5874130 783352432
90 30 606487086 5874100 239541284 5874130 846028370
91 30 462201095 5874100 459263571 5874130 921464666
92 30 314500481 5874100 682625588 5874130 997126069
93 30 173945311 5874100 899492168 5874131 73437479
94 30 28051034 5874101 113802870 5874131 141853904
95 29 880615341 5874101 340662915 5874131 221278256
96 29 715769525 5874101 573318464 5874131 289087989
97 29 568215631 5874101 792036251 5874131 360251882
98 29 429999176 5874102 8130272 5874131 438129448
99 29 301880831 5874102 219252644 5874131 521133475
100 29 170975150 5874102 431262758 5874131 602237908
101 29 23616900 5874102 648608441 5874131 672225341
102 28 875365649 5874102 871539984 5874131 746905633
103 28 727524260 5874103 93690319 5874131 821214579
104 28 574173121 5874103 321154871 5874131 895327992
105 28 420799519 5874103 555744311 5874131 976543830
106 28 271228588 5874103 782965386 5874132 54193974
107 28 123105964 5874104 746876 5874132 123852840
108 27 974940118 5874104 228134744 5874132 203074862
109 27 813293854 5874104 464064844 5874132 277358698
110 27 668277025 5874104 678779575 5874132 347056600
111 27 511894108 5874104 904374680 5874132 416268788
112 27 353386342 5874105 131396592 5874132 484782934
113 27 205230570 5874105 355828515 5874132 561059085
114 27 63029206 5874105 574338029 5874132 637367235
115 26 906237594 5874105 799812062 5874132 706049656
116 26 763465075 5874106 23333205 5874132 786798280
117 26 616353765 5874106 246823997 5874132 863177762
118 26 468924851 5874106 462583394 5874132 931508245
119 26 317830911 5874106 683505511 5874133 1336422
120 26 193323704 5874106 890481848 5874133 83805552
121 26 43364206 5874107 119768848 5874133 163133054
122 25 893565501 5874107 342611615 5874133 236177116
123 25 748593430 5874107 568151758 5874133 316745188
124 25 593832150 5874107 799096580 5874133 392928730
125 25 448688138 5874108 16728072 5874133 465416210
126 25 285076169 5874108 249903778 5874133 534979947
127 25 134741344 5874108 472568845 5874133 607310189
128 24 999370708 5874108 683771844 5874133 683142552
