1 0 14388681 5880345 947889394 5880345 962278075
2 0 12932985 5880345 949693509 5880345 962626494
1 0 15209647 5880353 232478493 5880353 247688140
2 0 13252239 5880353 234772765 5880353 248025004
1 0 15718637 5880360 542396849 5880360 558115486
2 0 13747989 5880360 544701862 5880360 558449851
1 0 15392792 5880368 52220928 5880368 67613720
2 0 13417865 5880368 54532071 5880368 67949936
1 0 14088038 5880375 332819803 5880375 346907841
2 0 12050779 5880375 335114076 5880375 347164855
1 0 12102723 5880382 617686341 5880382 629789064
2 0 10625564 5880382 619464438 5880382 630090002
1 0 11670360 5880389 887774353 5880389 899444713
2 0 10141573 5880389 889562432 5880389 899704005
1 0 11603231 5880397 177364823 5880397 188968054
2 0 10109425 5880397 179111791 5880397 189221216
1 0 14238720 5880404 547903530 5880404 562142250
2 0 12813061 5880404 549667072 5880404 562480133
1 0 11713526 5880411 967729149 5880411 979442675
2 0 10215220 5880411 969535412 5880411 979750632
