1 0 19209925 5880419 231448426 5880419 250658351
2 0 17237628 5880419 233778828 5880419 251016456
3 0 16303368 5880419 235058341 5880419 251361709
4 0 15486402 5880419 236270874 5880419 251757276
1 0 14819673 5880426 697735933 5880426 712555606
2 0 13301164 5880426 699536400 5880426 712837564
3 0 12475716 5880426 700624176 5880426 713099892
4 0 11932003 5880426 701561974 5880426 713493977
1 0 19759731 5880434 342478927 5880434 362238658
2 0 17795896 5880434 344800311 5880434 362596207
3 0 16871635 5880434 346075954 5880434 362947589
4 0 16049928 5880434 347291450 5880434 363341378
1 0 14674954 5880441 997764191 5880442 12439145
2 0 13150240 5880441 999562103 5880442 12712343
3 0 12275720 5880442 705063 5880442 12980783
4 0 11724619 5880442 1650268 5880442 13374887
1 0 14680045 5880449 587820874 5880449 602500919
2 0 13157629 5880449 589613915 5880449 602771544
3 0 12330755 5880449 590707117 5880449 603037872
4 0 11781247 5880449 591645711 5880449 603426958
1 0 14661861 5880457 247761737 5880457 262423598
2 0 13130352 5880457 249563260 5880457 262693612
3 0 12295589 5880457 250664981 5880457 262960570
4 0 11757581 5880457 251598093 5880457 263355674
1 0 14642287 5880464 667583893 5880464 682226180
2 0 13129518 5880464 669375749 5880464 682505267
3 0 12321330 5880464 670442433 5880464 682763763
4 0 11765599 5880464 671385434 5880464 683151033
1 0 19601270 5880472 324916953 5880472 344518223
2 0 17718916 5880472 327161578 5880472 344880494
3 0 16833858 5880472 328403092 5880472 345236950
4 0 16031854 5880472 329601385 5880472 345633239
1 0 14726786 5880479 797991335 5880479 812718121
2 0 13170036 5880479 799829783 5880479 812999819
3 0 12333903 5880479 800936652 5880479 813270555
4 0 11788802 5880479 801874190 5880479 813662992
1 0 19783748 5880487 482888427 5880487 502672175
2 0 17828432 5880487 485205384 5880487 503033816
3 0 16908097 5880487 486478787 5880487 503386884
4 0 16084557 5880487 487700449 5880487 503785006
