1 0 80131461 5880574 718176390 5880574 798307851
2 0 78639695 5880574 719975484 5880574 798615179
3 0 77789897 5880574 721093554 5880574 798883451
4 0 77113707 5880574 722019035 5880574 799132742
5 0 76435684 5880574 722977034 5880574 799412718
6 0 75775735 5880574 723895756 5880574 799671491
7 0 75626848 5880574 724828312 5880574 800455160
8 0 74986879 5880574 725740553 5880574 800727432
9 0 74347559 5880574 726639998 5880574 800987557
10 0 73684850 5880574 727551331 5880574 801236181
11 0 73026937 5880574 728468887 5880574 801495824
12 0 72351692 5880574 729396461 5880574 801748153
13 0 71643151 5880574 730365015 5880574 802008166
14 0 70981812 5880574 731282830 5880574 802264642
15 0 70267326 5880574 732252996 5880574 802520322
16 0 69604433 5880574 733163403 5880574 802767836
1 0 80373773 5880583 475289729 5880583 555663502
2 0 78990653 5880583 476974565 5880583 555965218
3 0 78307760 5880583 477921842 5880583 556229602
4 0 77655105 5880583 478824769 5880583 556479874
5 0 77014692 5880583 479738584 5880583 556753276
6 0 76267356 5880583 480739934 5880583 557007290
7 0 75508779 5880583 481756876 5880583 557265655
8 0 74894384 5880583 482735949 5880583 557630333
9 0 74189712 5880583 483696393 5880583 557886105
10 0 73488615 5880583 484645059 5880583 558133674
11 0 72721557 5880583 485669242 5880583 558390799
12 0 72011571 5880583 486632519 5880583 558644090
13 0 71330474 5880583 487569278 5880583 558899752
14 0 70667858 5880583 488476352 5880583 559144210
15 0 69972390 5880583 489438129 5880583 559410519
16 0 69192368 5880583 490462535 5880583 559654903
1 0 91460923 5880592 232413700 5880592 323874623
2 0 89517685 5880592 234672895 5880592 324190580
3 0 88453261 5880592 235953944 5880592 324407205
4 0 87468041 5880592 237175919 5880592 324643960
5 0 86485356 5880592 238420135 5880592 324905491
6 0 85610504 5880592 239633277 5880592 325243781
7 0 84347362 5880592 241108137 5880592 325455499
8 0 83180256 5880592 242441980 5880592 325622236
9 0 82013372 5880592 243785324 5880592 325798696
10 0 80839636 5880592 245126723 5880592 325966359
11 0 79728047 5880592 246411438 5880592 326139485
12 0 78522146 5880592 247789243 5880592 326311389
13 0 77323059 5880592 249170049 5880592 326493108
14 0 76257413 5880592 250507263 5880592 326764676
15 0 75100103 5880592 251836792 5880592 326936895
16 0 74047291 5880592 253054045 5880592 327101336
1 0 79960138 5880601 237805342 5880601 317765480
2 0 78502593 5880601 239569121 5880601 318071714
3 0 77682405 5880601 240654674 5880601 318337079
4 0 77001808 5880601 241586507 5880601 318588315
5 0 76328229 5880601 242533266 5880601 318861495
6 0 75669631 5880601 243447858 5880601 319117489
7 0 74998051 5880601 244376618 5880601 319374669
8 0 74455841 5880601 245287914 5880601 319743755
9 0 73857186 5880601 246190229 5880601 320047415
10 0 73219347 5880601 247096063 5880601 320315410
11 0 72572564 5880601 247998489 5880601 320571053
12 0 71898299 5880601 248925749 5880601 320824048
13 0 71253812 5880601 249825342 5880601 321079154
14 0 70508901 5880601 250819303 5880601 321328204
15 0 69817859 5880601 251792784 5880601 321610643
16 0 69146225 5880601 252709358 5880601 321855583
1 0 80695180 5880609 977918935 5880610 58614115
2 0 79415484 5880609 979698325 5880610 59113809
3 0 78607741 5880609 980836654 5880610 59444395
4 0 77907552 5880609 981782135 5880610 59689687
5 0 77233916 5880609 982728302 5880610 59962218
6 0 76645151 5880609 983641635 5880610 60286786
7 0 75971257 5880609 984572505 5880610 60543762
8 0 75305437 5880609 985484339 5880610 60789776
9 0 74660135 5880609 986386043 5880610 61046178
10 0 74010592 5880609 987292599 5880610 61303191
11 0 73368865 5880609 988187692 5880610 61556557
12 0 72684081 5880609 989122674 5880610 61806755
13 0 71995855 5880609 990065562 5880610 62061417
14 0 71300553 5880609 991004914 5880610 62305467
15 0 70581771 5880609 991975617 5880610 62557388
16 0 69914859 5880609 992885802 5880610 62800661
1 0 80723941 5880619 27784269 5880619 108508210
2 0 79464596 5880619 29535900 5880619 109000496
3 0 78683964 5880619 30640267 5880619 109324231
4 0 77990552 5880619 31580526 5880619 109571078
5 0 77312639 5880619 32532026 5880619 109844665
6 0 77053366 5880619 33439804 5880619 110493170
7 0 76391065 5880619 34369526 5880619 110760591
8 0 75727226 5880619 35280471 5880619 111007697
9 0 75076665 5880619 36185564 5880619 111262229
10 0 74423289 5880619 37096805 5880619 111520094
11 0 73782265 5880619 37993454 5880619 111775719
12 0 73101519 5880619 38926861 5880619 112028380
13 0 72455107 5880619 39830861 5880619 112285968
14 0 71647882 5880619 40881822 5880619 112529704
15 0 70923970 5880619 41858432 5880619 112782402
16 0 70256077 5880619 42769228 5880619 113025305
1 0 89333419 5880628 48233249 5880628 137566668
2 0 87974743 5880628 49987973 5880628 137962716
3 0 87177574 5880628 51134635 5880628 138312209
4 0 86531141 5880628 52111672 5880628 138642813
5 0 85621215 5880628 53384054 5880628 139005269
6 0 84734956 5880628 54609492 5880628 139344448
7 0 83829733 5880628 55853652 5880628 139683385
8 0 83227930 5880628 57061573 5880628 140289503
9 0 82389077 5880628 58252845 5880628 140641922
10 0 81507668 5880628 59461673 5880628 140969341
11 0 80521762 5880628 60787109 5880628 141308871
12 0 79611965 5880628 62034455 5880628 141646420
13 0 78774796 5880628 63225913 5880628 142000709
14 0 77906017 5880628 64420815 5880628 142326832
15 0 76982037 5880628 65698585 5880628 142680622
16 0 76098758 5880628 66906524 5880628 143005282
1 0 80068903 5880637 17922962 5880637 97991865
2 0 78621413 5880637 19673409 5880637 98294822
3 0 77765615 5880637 20792683 5880637 98558298
4 0 77080758 5880637 21727238 5880637 98807996
5 0 76403753 5880637 22679219 5880637 99082972
6 0 75740674 5880637 23597164 5880637 99337838
7 0 75066743 5880637 24526867 5880637 99593610
8 0 74523865 5880637 25436645 5880637 99960510
9 0 73988968 5880637 26329035 5880637 100318003
10 0 73331574 5880637 27235702 5880637 100567276
11 0 72687624 5880637 28135277 5880637 100822901
12 0 72016322 5880637 29061018 5880637 101077340
13 0 71377168 5880637 29954537 5880637 101331705
14 0 70617406 5880637 30958554 5880637 101575960
15 0 69914086 5880637 31929146 5880637 101843232
16 0 69248637 5880637 32839016 5880637 102087653
1 0 80530043 5880646 37710150 5880646 118240193
2 0 79315123 5880646 39465837 5880646 118780960
3 0 78541676 5880646 40563241 5880646 119104917
4 0 77850227 5880646 41500537 5880646 119350764
5 0 77176369 5880646 42448037 5880646 119624406
6 0 76512809 5880646 43367389 5880646 119880198
7 0 75907580 5880646 44299518 5880646 120207098
8 0 75250945 5880646 45208426 5880646 120459371
9 0 74602069 5880646 46113353 5880646 120715422
10 0 73954656 5880646 47018335 5880646 120972991
11 0 73306484 5880646 47923613 5880646 121230097
12 0 72631090 5880646 48851872 5880646 121482962
13 0 71982473 5880646 49754521 5880646 121736994
14 0 71257154 5880646 50724835 5880646 121981989
15 0 70545557 5880646 51692186 5880646 122237743
16 0 69879608 5880646 52601149 5880646 122480757
1 0 89606680 5880654 882807675 5880654 972414355
2 0 87493611 5880654 885127981 5880654 972621592
3 0 86382003 5880654 886417659 5880654 972799662
4 0 85385004 5880654 887645024 5880654 973030028
5 0 84309618 5880654 888913795 5880654 973223413
6 0 83103513 5880654 890294804 5880654 973398317
7 0 82002368 5880654 891572112 5880654 973574480
8 0 81008498 5880654 892792755 5880654 973801253
9 0 79969649 5880654 894005675 5880654 973975324
10 0 78931244 5880654 895210058 5880654 974141302
11 0 77902172 5880654 896414238 5880654 974316410
12 0 76832453 5880654 897655250 5880654 974487703
13 0 75806084 5880654 898855226 5880654 974661310
14 0 74673643 5880654 900153849 5880654 974827492
15 0 73611035 5880654 901480174 5880654 975091209
16 0 72556371 5880654 902699372 5880654 975255743
