1 0 141314836 5880771 228188493 5880771 369503329
2 0 139762070 5880771 229957329 5880771 369719399
3 0 138712294 5880771 231175694 5880771 369887988
4 0 138189139 5880771 232094805 5880771 370283944
5 0 137400117 5880771 233059101 5880771 370459218
6 0 136685482 5880771 233968380 5880771 370653862
7 0 136010552 5880771 234891139 5880771 370901691
8 0 135280936 5880771 235798047 5880771 371078983
9 0 134555006 5880771 236694993 5880771 371249999
10 0 133827427 5880771 237598216 5880771 371425643
11 0 133070776 5880771 238520512 5880771 371591288
12 0 132344512 5880771 239425754 5880771 371770266
13 0 131521528 5880771 240413994 5880771 371935522
14 0 130778598 5880771 241330013 5880771 372108611
15 0 130042261 5880771 242233347 5880771 372275608
16 0 129331220 5880771 243129422 5880771 372460642
17 0 128596901 5880771 244031571 5880771 372628472
18 0 127859193 5880771 244949942 5880771 372809135
19 0 127008599 5880771 245965366 5880771 372973965
20 0 126435776 5880771 246900200 5880771 373335976
21 0 125621237 5880771 247880884 5880771 373502121
22 0 124896066 5880771 248778107 5880771 373674173
23 0 124182617 5880771 249656349 5880771 373838966
24 0 123415354 5880771 250606386 5880771 374021740
25 0 122702665 5880771 251485813 5880771 374188478
26 0 121998530 5880771 252362833 5880771 374361363
27 0 121289341 5880771 253245538 5880771 374534879
28 0 120593502 5880771 254114632 5880771 374708134
29 0 119879924 5880771 254991615 5880771 374871539
30 0 119174660 5880771 255874857 5880771 375049517
31 0 118460655 5880771 256753803 5880771 375214458
32 0 117718429 5880771 257668211 5880771 375386640
33 0 117013850 5880771 258564378 5880771 375578228
34 0 116298439 5880771 259445194 5880771 375743633
35 0 115447863 5880771 260468933 5880771 375916796
36 0 114715747 5880771 261369212 5880771 376084959
37 0 113988169 5880771 262267879 5880771 376256048
38 0 113272572 5880771 263146436 5880771 376419008
39 0 112562882 5880771 264027215 5880771 376590097
40 0 111838544 5880771 264915865 5880771 376754409
41 0 111147410 5880771 265790403 5880771 376937813
42 0 110444665 5880771 266662682 5880771 377107347
43 0 109719234 5880771 267562276 5880771 377281510
44 0 109008378 5880771 268437129 5880771 377445507
45 0 108297114 5880771 269321315 5880771 377618429
46 0 107506814 5880771 270302611 5880771 377809425
47 0 106785626 5880771 271196889 5880771 377982515
48 0 106435595 5880771 272076187 5880771 378511782
49 0 105720128 5880771 272963984 5880771 378684112
50 0 105003050 5880771 273842911 5880771 378845961
51 0 104301230 5880771 274717394 5880771 379018624
52 0 103575670 5880771 275611636 5880771 379187306
53 0 102868442 5880771 276490434 5880771 379358876
54 0 102154457 5880771 277367213 5880771 379521670
55 0 101424323 5880771 278269991 5880771 379694314
56 0 100719188 5880771 279140067 5880771 379859255
57 0 100023017 5880771 280040475 5880771 380063492
58 0 99277292 5880771 280966197 5880771 380243489
59 0 98547398 5880771 281877717 5880771 380425115
60 0 97826857 5880771 282762310 5880771 380589167
61 0 97111519 5880771 283648404 5880771 380759923
62 0 96401440 5880771 284522776 5880771 380924216
63 0 95702158 5880771 285395944 5880771 381098102
64 0 94973320 5880771 286293537 5880771 381266857
1 0 112719882 5880785 553289003 5880785 666008885
2 0 111636626 5880785 554591829 5880785 666228455
3 0 111112284 5880785 555289149 5880785 666401433
4 0 110661830 5880785 555918581 5880785 666580411
5 0 110170839 5880785 556581809 5880785 666752648
6 0 109743718 5880785 557205556 5880785 666949274
7 0 109283375 5880785 557835025 5880785 667118400
8 0 108845365 5880785 558450291 5880785 667295656
9 0 108503354 5880785 559064167 5880785 667567521
10 0 108066769 5880785 559678304 5880785 667745073
11 0 107547336 5880785 560366716 5880785 667914052
12 0 107106659 5880785 560992130 5880785 668098789
13 0 106662630 5880785 561604581 5880785 668267211
14 0 106217269 5880785 562225809 5880785 668443078
15 0 105770704 5880785 562839649 5880785 668610353
16 0 105337545 5880785 563448619 5880785 668786164
17 0 104869037 5880785 564083328 5880785 668952365
18 0 104420100 5880785 564713742 5880785 669133842
19 0 103928888 5880785 565384951 5880785 669313839
20 0 103469785 5880785 566019976 5880785 669489761
21 0 102916482 5880785 566737332 5880785 669653814
22 0 102478787 5880785 567356468 5880785 669835255
23 0 102047110 5880785 567951938 5880785 669999048
24 0 102101368 5880785 568554037 5880785 670655405
25 0 101676173 5880785 569147136 5880785 670823309
26 0 101263218 5880785 569741810 5880785 671005028
27 0 100772746 5880785 570398834 5880785 671171580
28 0 100344754 5880785 570998841 5880785 671343595
29 0 99915392 5880785 571594422 5880785 671509814
30 0 99491308 5880785 572196040 5880785 671687348
31 0 99371588 5880785 572783991 5880785 672155579
32 0 98923764 5880785 573404405 5880785 672328169
33 0 98502642 5880785 574008245 5880785 672510887
34 0 98074188 5880785 574602715 5880785 672676903
35 0 97657270 5880785 575194092 5880785 672851362
36 0 97239075 5880785 575781506 5880785 673020581
37 0 96797991 5880785 576397383 5880785 673195374
38 0 96369240 5880785 576992575 5880785 673361815
39 0 95948100 5880785 577586471 5880785 673534571
40 0 95516998 5880785 578185422 5880785 673702420
41 0 95098987 5880785 578776188 5880785 673875175
42 0 94678421 5880785 579365547 5880785 674043968
43 0 94241596 5880785 579976628 5880785 674218224
44 0 93683552 5880785 580711132 5880785 674394684
45 0 93257727 5880785 581310750 5880785 674568477
46 0 92813662 5880785 581948811 5880785 674762473
47 0 92398355 5880785 582540929 5880785 674939284
48 0 91970863 5880785 583132992 5880785 675103855
49 0 91546761 5880785 583730665 5880785 675277426
50 0 91117046 5880785 584325654 5880785 675442700
51 0 90701000 5880785 584915938 5880785 675616938
52 0 90262767 5880785 585523408 5880785 675786175
53 0 89842701 5880785 586119193 5880785 675961894
54 0 89413246 5880785 586712311 5880785 676125557
55 0 88977792 5880785 587322854 5880785 676300646
56 0 88553819 5880785 587912046 5880785 676465865
57 0 88140623 5880785 588500257 5880785 676640880
58 0 87701984 5880785 589108449 5880785 676810433
59 0 87264788 5880785 589725363 5880785 676990151
60 0 86787780 5880785 590368257 5880785 677156037
61 0 86357436 5880785 590973375 5880785 677330811
62 0 85938371 5880785 591566067 5880785 677504438
63 0 85516564 5880785 592160815 5880785 677677379
64 0 85083905 5880785 592763859 5880785 677847764
1 0 144030624 5880799 937916220 5880800 81946844
2 0 142453211 5880799 939705407 5880800 82158618
3 0 141535099 5880799 940793034 5880800 82328133
4 0 140769503 5880799 941735423 5880800 82504926
5 0 139961316 5880799 942710903 5880800 82672219
6 0 139237737 5880799 943627052 5880800 82864789
7 0 138549657 5880799 944555664 5880800 83105321
8 0 137822857 5880799 945465535 5880800 83288392
9 0 137086704 5880799 946365536 5880800 83452240
10 0 136350848 5880799 947274222 5880800 83625070
11 0 135589067 5880799 948200296 5880800 83789363
12 0 134861897 5880799 949112667 5880800 83974564
13 0 134127003 5880799 950040464 5880800 84167467
14 0 133363629 5880799 950982112 5880800 84345741
15 0 132621015 5880799 951889964 5880800 84510979
16 0 131889769 5880799 952793058 5880800 84682827
17 0 131299559 5880799 953700929 5880800 85000488
18 0 130549777 5880799 954629189 5880800 85178966
19 0 129223748 5880799 956118215 5880800 85341963
20 0 128455688 5880799 957057882 5880800 85513570
21 0 127655334 5880799 958024678 5880800 85680012
22 0 126921015 5880799 958933234 5880800 85854249
23 0 126201399 5880799 959816754 5880800 86018153
24 0 125383267 5880799 960813086 5880800 86196353
25 0 124660393 5880799 961699939 5880800 86360332
26 0 123947962 5880799 962584625 5880800 86532587
27 0 123236791 5880799 963471293 5880800 86708084
28 0 122537248 5880799 964345184 5880800 86882432
29 0 121847985 5880799 965231333 5880800 87079318
30 0 121156924 5880799 966112501 5880800 87269425
31 0 120439568 5880799 966994317 5880800 87433885
32 0 119677249 5880799 967928706 5880800 87605955
33 0 118975152 5880799 968824485 5880800 87799637
34 0 118254907 5880799 969708634 5880800 87963541
35 0 117415775 5880799 970719355 5880800 88135130
36 0 116691642 5880799 971612652 5880800 88304294
37 0 115959544 5880799 972518024 5880800 88477568
38 0 115232984 5880799 973408451 5880800 88641435
39 0 114814956 5880799 974298137 5880800 89113093
40 0 114091118 5880799 975186675 5880800 89277793
41 0 113386595 5880799 976062213 5880800 89448808
42 0 112672979 5880799 976944770 5880800 89617749
43 0 111943753 5880799 977845308 5880800 89789061
44 0 111227082 5880799 978724550 5880800 89951632
45 0 110573854 5880799 979608088 5880800 90181942
46 0 109776333 5880799 980603013 5880800 90379346
47 0 109058531 5880799 981494144 5880800 90552675
48 0 108339953 5880799 982377053 5880800 90717006
49 0 107623819 5880799 983264813 5880800 90888632
50 0 106903999 5880799 984147574 5880800 91051573
51 0 106203216 5880799 985019094 5880800 91222310
52 0 105460527 5880799 985930539 5880800 91391066
53 0 104742264 5880799 986820058 5880800 91562322
54 0 104030482 5880799 987693578 5880800 91724060
55 0 103295422 5880799 988600709 5880800 91896131
56 0 102587362 5880799 989471525 5880800 92058887
57 0 101830136 5880799 990399988 5880800 92230124
58 0 101118835 5880799 991291156 5880800 92409991
59 0 100366590 5880799 992221212 5880800 92587802
60 0 99644678 5880799 993106806 5880800 92751484
61 0 98927341 5880799 993994029 5880800 92921370
62 0 98214892 5880799 994869567 5880800 93084459
63 0 97510406 5880799 995745976 5880800 93256382
64 0 96783456 5880799 996641885 5880800 93425341
1 0 143898445 5880814 557788366 5880814 701686811
2 0 142363995 5880814 559539220 5880814 701903215
3 0 141435753 5880814 560639051 5880814 702074804
4 0 140664564 5880814 561585347 5880814 702249911
5 0 139840414 5880814 562579828 5880814 702420242
6 0 139115873 5880814 563498124 5880814 702613997
7 0 138425293 5880814 564431940 5880814 702857233
8 0 137682697 5880814 565348570 5880814 703031267
9 0 136943785 5880814 566252756 5880814 703196541
10 0 136197152 5880814 567173238 5880814 703370390
11 0 135430130 5880814 568106423 5880814 703536553
12 0 134699552 5880814 569022405 5880814 703721957
13 0 133962418 5880814 569927684 5880814 703890102
14 0 133151138 5880814 570914479 5880814 704065617
15 0 132400356 5880814 571831739 5880814 704232095
16 0 131657685 5880814 572748258 5880814 704405943
17 0 130907662 5880814 573665500 5880814 704573162
18 0 130319507 5880814 574601093 5880814 704920600
19 0 128966849 5880814 576120470 5880814 705087319
20 0 128218678 5880814 577041545 5880814 705260223
21 0 127418342 5880814 578008026 5880814 705426368
22 0 126687820 5880814 578911619 5880814 705599439
23 0 125971445 5880814 579793787 5880814 705765232
24 0 125189200 5880814 580766750 5880814 705955950
25 0 124465548 5880814 581657084 5880814 706122632
26 0 123753432 5880814 582543660 5880814 706297092
27 0 123037613 5880814 583435253 5880814 706472866
28 0 122330294 5880814 584318217 5880814 706648511
29 0 121610585 5880814 585205330 5880814 706815915
30 0 120900728 5880814 586094683 5880814 706995411
31 0 120188076 5880814 586982017 5880814 707170093
32 0 119433869 5880814 587908684 5880814 707342553
33 0 118722623 5880814 588807815 5880814 707530438
34 0 118001878 5880814 589692983 5880814 707694861
35 0 117238004 5880814 590629298 5880814 707867302
36 0 116521907 5880814 591514947 5880814 708036854
37 0 115786440 5880814 592424948 5880814 708211388
38 0 115064954 5880814 593314967 5880814 708379921
39 0 114341190 5880814 594210876 5880814 708552066
40 0 113613167 5880814 595102914 5880814 708716081
41 0 112905126 5880814 595983508 5880814 708888634
42 0 112514874 5880814 596864065 5880814 709378939
43 0 111783036 5880814 597768973 5880814 709552009
44 0 111063328 5880814 598652808 5880814 709716136
45 0 110348342 5880814 599539809 5880814 709888151
46 0 109655986 5880814 600690212 5880814 710346198
47 0 108939369 5880814 601586695 5880814 710526064
48 0 108219884 5880814 602472881 5880814 710692765
49 0 107509120 5880814 603367252 5880814 710876372
50 0 106796041 5880814 604245439 5880814 711041480
51 0 106089130 5880814 605125662 5880814 711214792
52 0 105356681 5880814 606027719 5880814 711384400
53 0 104633436 5880814 606923275 5880814 711556711
54 0 103920783 5880814 607801036 5880814 711721819
55 0 103190149 5880814 608705315 5880814 711895464
56 0 102472015 5880814 609587668 5880814 712059683
57 0 101705623 5880814 610526538 5880814 712232161
58 0 100973229 5880814 611429354 5880814 712402583
59 0 100235040 5880814 612347855 5880814 712582895
60 0 99507109 5880814 613240856 5880814 712747965
61 0 98790198 5880814 614130949 5880814 712921147
62 0 98067693 5880814 615018895 5880814 713086588
63 0 97360800 5880814 615899563 5880814 713260363
64 0 96629221 5880814 616801601 5880814 713430822
1 0 131357195 5880829 192902006 5880829 324259201
2 0 129292716 5880829 195190406 5880829 324483122
3 0 128172738 5880829 196483362 5880829 324656100
4 0 127134036 5880829 197700339 5880829 324834375
5 0 126018095 5880829 198984980 5880829 325003075
6 0 124916154 5880829 200280251 5880829 325196405
7 0 123814879 5880829 201557041 5880829 325371920
8 0 122776639 5880829 202771888 5880829 325548527
9 0 121850732 5880829 203970901 5880829 325821633
10 0 120817122 5880829 205184637 5880829 326001759
11 0 119750773 5880829 206419539 5880829 326170312
12 0 118720997 5880829 207633200 5880829 326354197
13 0 117695906 5880829 208826084 5880829 326521990
14 0 116632538 5880829 210064893 5880829 326697431
15 0 115551299 5880829 211313425 5880829 326864724
16 0 114524337 5880829 212515809 5880829 327040146
17 0 113474044 5880829 213732988 5880829 327207032
18 0 112424841 5880829 214962576 5880829 327387417
19 0 111244272 5880829 216308290 5880829 327552562
20 0 110196682 5880829 217533081 5880829 327729763
21 0 109082296 5880829 218811908 5880829 327894204
22 0 108015058 5880829 220061161 5880829 328076219
23 0 106972560 5880829 221278989 5880829 328251549
24 0 105947598 5880829 222481021 5880829 328428619
25 0 104938340 5880829 223654165 5880829 328592505
26 0 103942359 5880829 224831309 5880829 328773668
27 0 102917713 5880829 226020915 5880829 328938628
28 0 101919436 5880829 227192818 5880829 329112254
29 0 100907734 5880829 228370869 5880829 329278603
30 0 99908086 5880829 229548180 5880829 329456266
31 0 98726758 5880829 230896005 5880829 329622763
32 0 98035604 5880829 232128333 5880829 330163937
33 0 97494393 5880829 232856189 5880829 330350582
34 0 97061661 5880829 233452529 5880829 330514190
35 0 96643817 5880829 234043592 5880829 330687409
36 0 96228695 5880829 234628247 5880829 330856942
37 0 95795056 5880829 235234698 5880829 331029754
38 0 95368008 5880829 235828298 5880829 331196306
39 0 94944739 5880829 236425934 5880829 331370673
40 0 94513933 5880829 237021237 5880829 331535170
41 0 94102978 5880829 237605596 5880829 331708574
42 0 93685967 5880829 238191233 5880829 331877200
43 0 93252882 5880829 238797981 5880829 332050863
44 0 92828336 5880829 239386376 5880829 332214712
45 0 92410603 5880829 239980272 5880829 332390875
46 0 91928205 5880829 240654259 5880829 332582464
47 0 91509861 5880829 241245859 5880829 332755720
48 0 91093110 5880829 241841366 5880829 332934476
49 0 90673285 5880829 242437187 5880829 333110472
50 0 90247497 5880829 243028120 5880829 333275617
51 0 89831802 5880829 243615479 5880829 333447281
52 0 89397107 5880829 244218893 5880829 333616000
53 0 88974115 5880829 244815400 5880829 333789515
54 0 88550789 5880829 245403185 5880829 333953974
55 0 88113650 5880829 246012543 5880829 334126193
56 0 87692547 5880829 246599143 5880829 334291690
57 0 87279777 5880829 247186113 5880829 334465890
58 0 86850933 5880829 247783861 5880829 334634794
59 0 86408387 5880829 248405200 5880829 334813587
60 0 85978007 5880829 249001355 5880829 334979362
61 0 85552496 5880829 249600788 5880829 335153284
62 0 85094913 5880829 250222850 5880829 335317763
63 0 84679624 5880829 250819635 5880829 335499259
64 0 84245467 5880829 251426252 5880829 335671719
1 0 142175394 5880843 548139438 5880843 690314832
2 0 140625480 5880843 549907107 5880843 690532587
3 0 139676757 5880843 551027623 5880843 690704380
4 0 138932217 5880843 551950882 5880843 690883099
5 0 138128751 5880843 552923271 5880843 691052022
6 0 137403895 5880843 553843345 5880843 691247240
7 0 136713668 5880843 554775938 5880843 691489606
8 0 135977164 5880843 555688235 5880843 691665399
9 0 135248604 5880843 556582736 5880843 691831340
10 0 134517414 5880843 557488830 5880843 692006244
11 0 133753984 5880843 558418275 5880843 692172259
12 0 133026332 5880843 559334590 5880843 692360922
13 0 132249236 5880843 560278942 5880843 692528178
14 0 131505398 5880843 561207276 5880843 692712674
15 0 130766172 5880843 562115388 5880843 692881560
16 0 130040334 5880843 563017426 5880843 693057760
17 0 129307904 5880843 563918464 5880843 693226368
18 0 128720601 5880843 564846872 5880843 693567473
19 0 127863155 5880843 565870574 5880843 693733729
20 0 127104836 5880843 566802815 5880843 693907651
21 0 126300871 5880843 567775129 5880843 694076000
22 0 125571903 5880843 568680093 5880843 694251996
23 0 124859621 5880843 569561391 5880843 694421012
24 0 124047525 5880843 570558538 5880843 694606063
25 0 123327095 5880843 571448650 5880843 694775745
26 0 122632053 5880843 572332707 5880843 694964760
27 0 121921437 5880843 573221616 5880843 695143053
28 0 121217821 5880843 574100543 5880843 695318364
29 0 120507353 5880843 574987526 5880843 695494879
30 0 119800256 5880843 575875842 5880843 695676098
31 0 119093382 5880843 576759528 5880843 695852910
32 0 118346766 5880843 577682288 5880843 696029054
33 0 117635336 5880843 578576104 5880843 696211440
34 0 116914386 5880843 579462661 5880843 696377047
35 0 116075052 5880843 580477233 5880843 696552285
36 0 115356269 5880843 581365735 5880843 696722004
37 0 114622450 5880843 582273976 5880843 696896426
38 0 113905612 5880843 583156274 5880843 697061886
39 0 113190108 5880843 584045460 5880843 697235568
40 0 112464288 5880843 584937165 5880843 697401453
41 0 111759394 5880843 585815963 5880843 697575357
42 0 111366310 5880843 586695631 5880843 698061941
43 0 110632546 5880843 587604261 5880843 698236807
44 0 109919338 5880843 588483429 5880843 698402767
45 0 109206371 5880843 589372004 5880843 698578375
46 0 108404553 5880843 590366374 5880843 698770927
47 0 107675770 5880843 591268801 5880843 698944571
48 0 106950210 5880843 592160506 5880843 699110716
49 0 106233132 5880843 593052303 5880843 699285435
50 0 105514054 5880843 593935915 5880843 699449969
51 0 104827697 5880843 594807898 5880843 699635595
52 0 104096322 5880843 595711473 5880843 699807795
53 0 103383818 5880843 596596567 5880843 699980385
54 0 103421539 5880843 597477791 5880843 700899330
55 0 102683572 5880843 598389995 5880843 701073567
56 0 101974160 5880843 599264478 5880843 701238638
57 0 101229471 5880843 600183534 5880843 701413005
58 0 100493930 5880843 601090646 5880843 701584576
59 0 99761962 5880843 602005999 5880843 701767961
60 0 99032995 5880843 602900555 5880843 701933550
61 0 98317305 5880843 603790705 5880843 702108010
62 0 97603819 5880843 604669725 5880843 702273544
63 0 96900740 5880843 605546504 5880843 702447244
64 0 96174181 5880843 606442523 5880843 702616704
1 0 142158583 5880857 957810844 5880858 99969427
2 0 140702778 5880857 959532255 5880858 100235033
3 0 139801055 5880857 960605697 5880858 100406752
4 0 139055440 5880857 961527290 5880858 100582730
5 0 138260678 5880857 962489530 5880858 100750208
6 0 137550785 5880857 963392383 5880858 100943168
7 0 136871150 5880857 964313476 5880858 101184626
8 0 136145053 5880857 965213403 5880858 101358456
9 0 135413530 5880857 966109423 5880858 101522953
10 0 134686470 5880857 967010553 5880858 101697023
11 0 133930577 5880857 967929776 5880858 101860353
12 0 133213739 5880857 968830277 5880858 102044016
13 0 132484532 5880857 969723741 5880858 102208273
14 0 131686194 5880857 970708093 5880858 102394287
15 0 130943728 5880857 971619482 5880858 102563210
16 0 130223853 5880857 972512335 5880858 102736188
17 0 129486719 5880857 973412503 5880858 102899222
18 0 128914712 5880857 974324744 5880858 103239456
19 0 128073376 5880857 975331299 5880858 103404675
20 0 127319003 5880857 976259410 5880858 103578413
21 0 126510110 5880857 977234336 5880858 103744446
22 0 125778773 5880857 978138022 5880858 103916795
23 0 125069639 5880857 979011375 5880858 104081014
24 0 124360505 5880857 979897802 5880858 104258307
25 0 123541965 5880857 980881135 5880858 104423100
26 0 122831553 5880857 981763525 5880858 104595078
27 0 122123011 5880857 982646545 5880858 104769556
28 0 121423376 5880857 983518473 5880858 104941849
29 0 120713279 5880857 984392530 5880858 105105809
30 0 120016885 5880857 985268513 5880858 105285398
31 0 119314140 5880857 986145866 5880858 105460006
32 0 118572821 5880857 987059737 5880858 105632558
33 0 117858687 5880857 987951886 5880858 105810573
34 0 117147385 5880857 988826610 5880858 105973995
35 0 116448770 5880857 989696241 5880858 106145011
36 0 115620915 5880857 990691333 5880858 106312248
37 0 114890799 5880857 991592501 5880858 106483300
38 0 114174592 5880857 992472113 5880858 106646705
39 0 113480123 5880857 993353652 5880858 106833775
40 0 112763063 5880857 994234468 5880858 106997531
41 0 112378589 5880857 995100118 5880858 107478707
42 0 111678010 5880857 995969527 5880858 107647537
43 0 110954321 5880857 996863287 5880858 107817608
44 0 110246093 5880857 997733289 5880858 107979382
45 0 109544089 5880857 998607438 5880858 108151527
46 0 108804141 5880857 999541327 5880858 108345468
47 0 108052989 5880858 464920 5880858 108517909
48 0 107331947 5880858 1349070 5880858 108681017
49 0 106619609 5880858 2233349 5880858 108852958
50 0 105899549 5880858 3115739 5880858 109015288
51 0 105203840 5880858 3980408 5880858 109184248
52 0 104477540 5880858 4875316 5880858 109352856
53 0 103772424 5880858 5751910 5880858 109524334
54 0 103066271 5880858 6620578 5880858 109686849
55 0 102345100 5880858 7517598 5880858 109862698
56 0 101660131 5880858 8390137 5880858 110050268
57 0 100966460 5880858 9264008 5880858 110230468
58 0 100203901 5880858 10194416 5880858 110398317
59 0 99457211 5880858 11123528 5880858 110580739
60 0 98733022 5880858 12009770 5880858 110742792
61 0 98017832 5880858 12896030 5880858 110913862
62 0 97310401 5880858 13766291 5880858 111076692
63 0 96612341 5880858 14638330 5880858 111250671
64 0 95902280 5880858 15529646 5880858 111431926
1 0 123727094 5880872 477875849 5880872 601602943
2 0 122333268 5880872 479652056 5880872 601985324
3 0 121643856 5880872 480759423 5880872 602403279
4 0 121084867 5880872 481692775 5880872 602777642
5 0 120519823 5880872 482666608 5880872 603186431
6 0 120002481 5880872 483577257 5880872 603579738
7 0 119411585 5880872 484507387 5880872 603918972
8 0 118884484 5880872 485416425 5880872 604300909
9 0 118288885 5880872 486316296 5880872 604605181
10 0 117748358 5880872 487227445 5880872 604975803
11 0 117058909 5880872 488157464 5880872 605216373
12 0 116331460 5880872 489066224 5880872 605397684
13 0 115599418 5880872 489963429 5880872 605562847
14 0 114805212 5880872 490929188 5880872 605734400
15 0 114060967 5880872 491838485 5880872 605899452
16 0 113344703 5880872 492735079 5880872 606079782
17 0 112599921 5880872 493644950 5880872 606244871
18 0 111853102 5880872 494567692 5880872 606420794
19 0 110994434 5880872 495589783 5880872 606584217
20 0 110226078 5880872 496530635 5880872 606756713
21 0 109667867 5880872 497505653 5880872 607173520
22 0 108935640 5880872 498409580 5880872 607345220
23 0 108220247 5880872 499287970 5880872 607508217
24 0 107438873 5880872 500247933 5880872 607686806
25 0 106685777 5880872 501163563 5880872 607849340
26 0 105978087 5880872 502042472 5880872 608020559
27 0 105275008 5880872 502927251 5880872 608202259
28 0 104570244 5880872 503803530 5880872 608373774
29 0 103852980 5880872 504685865 5880872 608538845
30 0 103143290 5880872 505572607 5880872 608715897
31 0 102418286 5880872 506461145 5880872 608879431
32 0 101668911 5880872 507381776 5880872 609050687
33 0 100953296 5880872 508278462 5880872 609231758
34 0 100235958 5880872 509158889 5880872 609394847
35 0 99381085 5880872 510185851 5880872 609566936
36 0 98615416 5880872 511121073 5880872 609736489
37 0 97942021 5880872 511971483 5880872 609913504
38 0 97557935 5880872 512580749 5880872 610138684
39 0 97141407 5880872 513178200 5880872 610319607
40 0 96714174 5880872 513771744 5880872 610485918
41 0 96303941 5880872 514358307 5880872 610662248
42 0 95891746 5880872 514941666 5880872 610833412
43 0 95463088 5880872 515543709 5880872 611006797
44 0 95039726 5880872 516130698 5880872 611170424
45 0 94624919 5880872 516719964 5880872 611344883
46 0 94181649 5880872 517360119 5880872 611541768
47 0 93767824 5880872 517947015 5880872 611714839
48 0 93340592 5880872 518539355 5880872 611879947
49 0 92918137 5880872 519134288 5880872 612052425
50 0 92494386 5880872 519722036 5880872 612216422
51 0 92043154 5880872 520345672 5880872 612388826
52 0 91607737 5880872 520973511 5880872 612581248
53 0 91191819 5880872 521564259 5880872 612756078
54 0 90772475 5880872 522147933 5880872 612920408
55 0 90339410 5880872 522752717 5880872 613092127
56 0 89928529 5880872 523334854 5880872 613263383
57 0 89512277 5880872 523924621 5880872 613436898
58 0 89088712 5880872 524518146 5880872 613606858
59 0 88652905 5880872 525132708 5880872 613785613
60 0 88223914 5880872 525725715 5880872 613949629
61 0 87800274 5880872 526321407 5880872 614121681
62 0 87379615 5880872 526906896 5880872 614286511
63 0 86969531 5880872 527490125 5880872 614459656
64 0 86537762 5880872 528090280 5880872 614628042
1 0 193501797 5880886 748038525 5880886 941540322
2 0 191963179 5880886 749794769 5880886 941757948
3 0 191032419 5880886 750895081 5880886 941927500
4 0 190284582 5880886 751823137 5880886 942107719
5 0 189477134 5880886 752798285 5880886 942275419
6 0 188753075 5880886 753716711 5880886 942469786
7 0 188068994 5880886 754646916 5880886 942715910
8 0 187329732 5880886 755561527 5880886 942891259
9 0 186590190 5880886 756468362 5880886 943058552
10 0 185853853 5880886 757381029 5880886 943234882
11 0 185094590 5880886 758313400 5880886 943407990
12 0 184354752 5880886 759235660 5880886 943590412
13 0 183477899 5880886 760281547 5880886 943759446
14 0 182715525 5880886 761219306 5880886 943934831
15 0 181978205 5880886 762134678 5880886 944112883
16 0 181258776 5880886 763031956 5880886 944290732
17 0 180516642 5880886 763943272 5880886 944459914
18 0 179771952 5880886 764868069 5880886 944640021
19 0 179079280 5880886 765898864 5880886 944978144
20 0 178324259 5880886 766832234 5880886 945156493
21 0 177525200 5880886 767798623 5880886 945323823
22 0 176795585 5880886 768701920 5880886 945497505
23 0 176074413 5880886 769589588 5880886 945664001
24 0 175286984 5880886 770556403 5880886 945843387
25 0 174551184 5880886 771459274 5880886 946010458
26 0 173847994 5880886 772340868 5880886 946188862
27 0 173135526 5880886 773231332 5880886 946366858
28 0 172427873 5880886 774115352 5880886 946543225
29 0 171706239 5880886 775002853 5880886 946709092
30 0 170990382 5880886 775896614 5880886 946886996
31 0 170273192 5880886 776779393 5880886 947052585
32 0 169533633 5880886 777704060 5880886 947237693
33 0 168817221 5880886 778604876 5880886 947422097
34 0 168098253 5880886 779490100 5880886 947588353
35 0 167298639 5880886 780462803 5880886 947761442
36 0 166569505 5880886 781360526 5880886 947930031
37 0 165830279 5880886 782271897 5880886 948102176
38 0 165104830 5880886 783161954 5880886 948266784
39 0 164386251 5880886 784054678 5880886 948440929
40 0 163670450 5880886 784946531 5880886 948616981
41 0 162962871 5880886 785826273 5880886 948789144
42 0 162252830 5880886 786708015 5880886 948960845
43 0 161517937 5880886 787617534 5880886 949135471
44 0 161140129 5880886 788497573 5880886 949637702
45 0 160420255 5880886 789388407 5880886 949808662
46 0 159660898 5880886 790385444 5880886 950046342
47 0 158949894 5880886 791287056 5880886 950236950
48 0 158221631 5880886 792181223 5880886 950402854
49 0 157497348 5880886 793077262 5880886 950574610
50 0 156781028 5880886 793960356 5880886 950741384
51 0 156073579 5880886 794840598 5880886 950914177
52 0 155344686 5880886 795739673 5880886 951084359
53 0 154635719 5880886 796623359 5880886 951259078
54 0 153922047 5880886 797502435 5880886 951424482
55 0 153182672 5880886 798414325 5880886 951596997
56 0 152466779 5880886 799294122 5880886 951760901
57 0 151710350 5880886 800226326 5880886 951936676
58 0 150963308 5880886 801141661 5880886 952104969
59 0 150227619 5880886 802058550 5880886 952286169
60 0 149501873 5880886 802948885 5880886 952450758
61 0 148781221 5880886 803842293 5880886 952623514
62 0 148066235 5880886 804722480 5880886 952788715
63 0 147357286 5880886 805604685 5880886 952961971
64 0 146626688 5880886 806504853 5880886 953131541
1 0 168247810 5880901 318701427 5880901 486949237
2 0 166513917 5880901 320648556 5880901 487162473
3 0 165689360 5880901 321648573 5880901 487337933
4 0 164599787 5880901 322915290 5880901 487515077
5 0 163472143 5880901 324212839 5880901 487684982
6 0 162439034 5880901 325443592 5880901 487882626
7 0 161381221 5880901 326680235 5880901 488061456
8 0 160348500 5880901 327892600 5880901 488241100
9 0 159420370 5880901 329091392 5880901 488511762
10 0 158324835 5880901 330361016 5880901 488685851
11 0 157227727 5880901 331625621 5880901 488853348
12 0 156196711 5880901 332838467 5880901 489035178
13 0 155164767 5880901 334036944 5880901 489201711
14 0 154132861 5880901 335241254 5880901 489374115
15 0 153098640 5880901 336442861 5880901 489541501
16 0 152076734 5880901 337640245 5880901 489716979
17 0 151036403 5880901 338848406 5880901 489884809
18 0 150738631 5880901 340210639 5880901 490949270
19 0 149555616 5880901 341576076 5880901 491131692
20 0 148531822 5880901 342775404 5880901 491307226
21 0 147415454 5880901 344057250 5880901 491472704
22 0 146387678 5880901 345266615 5880901 491654293
23 0 145379254 5880901 346440055 5880901 491819309
24 0 144348088 5880901 347651106 5880901 491999194
25 0 143333830 5880901 348829268 5880901 492163098
26 0 142311313 5880901 350044448 5880901 492355761
27 0 141247575 5880901 351273739 5880901 492521314
28 0 140246705 5880901 352447587 5880901 492694292
29 0 139235058 5880901 353625305 5880901 492860363
30 0 138236225 5880901 354803023 5880901 493039248
31 0 137605330 5880901 355978315 5880901 493583645
32 0 136558517 5880901 357199069 5880901 493757586
33 0 135551055 5880901 358389083 5880901 493940138
34 0 134540482 5880901 359563986 5880901 494104468
35 0 133399152 5880901 360877498 5880901 494276650
36 0 132378728 5880901 362067789 5880901 494446517
37 0 131279230 5880901 363340765 5880901 494619995
38 0 130248807 5880901 364535315 5880901 494784122
39 0 129240362 5880901 365718404 5880901 494958766
40 0 128220549 5880901 366903992 5880901 495124541
41 0 127226143 5880901 368072265 5880901 495298408
42 0 126227921 5880901 369241224 5880901 495469145
43 0 125122795 5880901 370518977 5880901 495641772
44 0 124096018 5880901 371709658 5880901 495805676
45 0 123086760 5880901 372893653 5880901 495980413
46 0 122035243 5880901 374140222 5880901 496175465
47 0 121032355 5880901 375317125 5880901 496349480
48 0 120017523 5880901 376496139 5880901 496513662
49 0 119001876 5880901 377686857 5880901 496688733
50 0 117987785 5880901 378865871 5880901 496853656
51 0 116093785 5880901 380945330 5880901 497039115
52 0 114986287 5880901 382222528 5880901 497208815
53 0 113974159 5880901 383406801 5880901 497380960
54 0 112976104 5880901 384569705 5880901 497545809
55 0 111948902 5880901 385769107 5880901 497718009
56 0 110948088 5880901 386933196 5880901 497881284
57 0 109955200 5880901 388098173 5880901 498053373
58 0 108946645 5880901 389278317 5880901 498224962
59 0 107858185 5880901 390549885 5880901 498408070
60 0 106837112 5880901 391735806 5880901 498572918
61 0 105832317 5880901 392915043 5880901 498747360
62 0 104832540 5880901 394088335 5880901 498920875
63 0 103847133 5880901 395247312 5880901 499094445
64 0 102827357 5880901 396436215 5880901 499263572
