1 0 960206318 1659154 777237412 1659155 737443730
2 0 642994317 1659155 167197739 1659155 810192056
1 0 935107379 1659168 583771682 1659169 518879061
2 0 652406430 1659168 949517962 1659169 601924392
1 0 954638148 1659182 118071386 1659183 72709534
2 0 663229516 1659182 488794254 1659183 152023770
1 0 980165003 1659195 677924774 1659196 658089777
2 0 707852074 1659196 43414336 1659196 751266410
1 0 956898677 1659209 499127131 1659210 456025808
2 0 645740633 1659209 888338936 1659210 534079569
1 0 946622673 1659223 124189333 1659224 70812006
2 0 648207048 1659223 499014269 1659224 147221317
1 0 983128370 1659236 959220596 1659237 942348966
2 0 667934293 1659237 351905926 1659238 19840219
1 0 940150835 1659250 520133146 1659251 460283981
2 0 640918651 1659250 892599832 1659251 533518483
1 0 929560170 1659264 380689959 1659265 310250129
2 0 642227015 1659264 741765532 1659265 383992547
1 0 953479408 1659278 209512384 1659279 162991792
2 0 641702673 1659278 599006942 1659279 240709615
