1 3 637838378 1659443 358994914 1659446 996833292
2 3 353602052 1659443 724222461 1659447 77824513
3 3 71866771 1659444 80880896 1659447 152747667
4 2 787916163 1659444 443474531 1659447 231390694
5 2 512974546 1659444 795406355 1659447 308380901
6 2 228764757 1659445 154747035 1659447 383511792
7 1 953498128 1659445 508156237 1659447 461654365
8 1 667417765 1659445 876026584 1659447 543444349
1 3 630354576 1659481 518640212 1659485 148994788
2 3 327068696 1659481 901257235 1659485 228325931
3 3 45135789 1659482 253338019 1659485 298473808
4 2 772444092 1659482 607993826 1659485 380437918
5 2 502684577 1659482 963468581 1659485 466153158
6 2 217029039 1659483 321197699 1659485 538226738
7 1 935653048 1659483 681017147 1659485 616670195
8 1 656409033 1659484 44693353 1659485 701102386
1 3 651261297 1659519 657051732 1659523 308313029
2 3 359966832 1659520 38600961 1659523 398567793
3 3 85825848 1659520 394031531 1659523 479857379
4 2 814435513 1659520 756778589 1659523 571214102
5 2 531248243 1659521 116685238 1659523 647933481
6 2 260912314 1659521 467958334 1659523 728870648
7 1 990546442 1659521 822929135 1659523 813475577
8 1 704520077 1659522 186575879 1659523 891095956
1 3 651040003 1659557 839671278 1659561 490711281
2 3 349788565 1659558 222131137 1659561 571919702
3 3 75321606 1659558 577768647 1659561 653090253
4 2 794083686 1659558 932653894 1659561 726737580
5 2 529762714 1659559 284676216 1659561 814438930
6 2 243944828 1659559 648130463 1659561 892075291
7 1 971813360 1659560 1073804 1659561 972887164
8 1 699079497 1659560 359798495 1659562 58877992
1 3 660230637 1659595 979322342 1659599 639552979
2 3 362522390 1659596 364616146 1659599 727138536
3 3 77789408 1659596 725859269 1659599 803648677
4 2 810156946 1659597 82610443 1659599 892767389
5 2 520822721 1659597 443487888 1659599 964310609
6 2 236067147 1659597 806335499 1659600 42402646
7 1 958468786 1659598 161118266 1659600 119587052
8 1 681158382 1659598 517316654 1659600 198475036
1 3 643228522 1659633 820610338 1659637 463838860
2 3 347179001 1659634 200644151 1659637 547823152
3 3 86816194 1659634 558832000 1659637 645648194
4 2 813170330 1659634 910375553 1659637 723545883
5 2 527493312 1659635 272915780 1659637 800409092
6 2 266403389 1659635 612292218 1659637 878695607
7 1 965506888 1659635 987236982 1659637 952743870
8 1 676188533 1659636 352463954 1659638 28652487
1 3 620351687 1659671 997109075 1659675 617460762
2 3 328807134 1659672 374360572 1659675 703167706
3 3 51235662 1659672 725615704 1659675 776851366
4 2 780316617 1659673 80870628 1659675 861187245
5 2 490515697 1659673 448665142 1659675 939180839
6 2 206040487 1659673 812569566 1659676 18610053
7 1 931837857 1659674 164953676 1659676 96791533
8 1 660559466 1659674 515102996 1659676 175662462
1 3 597443799 1659709 835261671 1659713 432705470
2 3 315139010 1659710 192991085 1659713 508130095
3 3 37835329 1659710 543582915 1659713 581418244
4 2 753861740 1659710 902718820 1659713 656580560
5 2 464848565 1659711 268582519 1659713 733431084
6 2 197299971 1659711 613322445 1659713 810622416
7 1 926707178 1659711 963483135 1659713 890190313
8 1 645433241 1659712 321767778 1659713 967201019
1 3 564503771 1659747 724669756 1659751 289173527
2 3 283398664 1659748 85583904 1659751 368982568
3 3 11972646 1659748 435975275 1659751 447947921
4 2 740154432 1659748 791327123 1659751 531481555
5 2 474427341 1659749 135152270 1659751 609579611
6 2 193047239 1659749 493091531 1659751 686138770
7 1 910354292 1659749 853293452 1659751 763647744
8 1 650619695 1659750 198335297 1659751 848954992
1 3 559348981 1659785 903663362 1659789 463012343
2 3 303280831 1659786 255875290 1659789 559156121
3 3 25487030 1659786 610667038 1659789 636154068
4 2 760485888 1659786 962671377 1659789 723157265
5 2 480265985 1659787 320903818 1659789 801169803
6 2 193537043 1659787 679438882 1659789 872975925
7 1 927179686 1659788 22813445 1659789 949993131
8 1 649719249 1659788 380084163 1659790 29803412
