1 8 586921201 1659823 826592342 1659832 413513543
2 8 286769927 1659824 211103160 1659832 497873087
3 8 11575409 1659824 564194330 1659832 575769739
4 7 750042995 1659824 911792311 1659832 661835306
5 7 464953392 1659825 274004599 1659832 738957991
6 7 168889316 1659825 637449179 1659832 806338495
7 6 905717620 1659825 983500560 1659832 889218180
8 6 622661347 1659826 346554277 1659832 969215624
9 6 352011203 1659826 700623576 1659833 52634779
10 6 74909037 1659827 52696599 1659833 127605636
11 5 798509764 1659827 401903419 1659833 200413183
12 5 524034936 1659827 753949164 1659833 277984100
13 5 255088907 1659828 105252295 1659833 360341202
14 4 975317792 1659828 459088747 1659833 434406539
15 4 713069022 1659828 801860414 1659833 514929436
16 4 451169746 1659829 142775839 1659833 593945585
1 8 606777070 1659871 105707491 1659879 712484561
2 8 313443108 1659871 472975978 1659879 786419086
3 8 46904274 1659871 833276155 1659879 880180429
4 7 768314915 1659872 187649115 1659879 955964030
5 7 493742884 1659872 539015115 1659880 32757999
6 7 209464432 1659872 892550998 1659880 102015430
7 6 939839546 1659873 245107475 1659880 184947021
8 6 666692117 1659873 592837823 1659880 259529940
9 6 384481162 1659873 958003332 1659880 342484494
10 6 101081248 1659874 311773507 1659880 412854755
11 5 816771610 1659874 677269158 1659880 494040768
12 5 551094407 1659875 22100377 1659880 573194784
13 5 264293300 1659875 381791067 1659880 646084367
14 4 992820599 1659875 739963730 1659880 732784329
15 4 714009095 1659876 99531367 1659880 813540462
16 4 447527574 1659876 445873353 1659880 893400927
1 8 599603966 1659918 984836712 1659927 584440678
2 8 298305585 1659919 361120820 1659927 659426405
3 8 36236997 1659919 703343960 1659927 739580957
4 7 757731599 1659920 63292959 1659927 821024558
5 7 468626852 1659920 428852405 1659927 897479257
6 7 194971952 1659920 772734365 1659927 967706317
7 6 899319461 1659921 140909538 1659928 40228999
8 6 634620536 1659921 495946910 1659928 130567446
9 6 359016488 1659921 848135857 1659928 207152345
10 6 68445195 1659922 222542501 1659928 290987696
11 5 787753136 1659922 583211764 1659928 370964900
12 5 528273516 1659922 919749848 1659928 448023364
13 5 251365421 1659923 277122582 1659928 528488003
14 4 969248740 1659923 629307029 1659928 598555769
15 4 694118906 1659923 982701137 1659928 676820043
16 4 424293061 1659924 332143693 1659928 756436754
1 8 650704654 1659966 616524249 1659975 267228903
2 8 352068260 1659967 875421 1659975 352943681
3 8 83049344 1659967 342390649 1659975 425439993
4 7 797367789 1659967 711083312 1659975 508451101
5 7 522240529 1659968 66350254 1659975 588590783
6 7 246438930 1659968 423046853 1659975 669485783
7 6 959427272 1659968 781464845 1659975 740892117
8 6 702599322 1659969 126541763 1659975 829141085
9 6 415427204 1659969 490823604 1659975 906250808
10 6 127281234 1659969 868374057 1659975 995655291
11 5 855423725 1659970 212665972 1659976 68089697
12 5 580981063 1659970 567175929 1659976 148156992
13 5 296666130 1659970 930088037 1659976 226754167
14 5 24008136 1659971 280907862 1659976 304915998
15 4 728318240 1659971 652649576 1659976 380967816
16 4 436278086 1659972 23003558 1659976 459281644
1 8 625949578 1660014 158706141 1660022 784655719
2 8 315573837 1660014 541751024 1660022 857324861
3 8 44552183 1660014 897356089 1660022 941908272
4 7 766503275 1660015 249401909 1660023 15905184
5 7 477962148 1660015 607261985 1660023 85224133
6 7 216728969 1660015 958283695 1660023 175012664
7 6 926462207 1660016 331995945 1660023 258458152
8 6 645579189 1660016 687621028 1660023 333200217
9 6 367837017 1660017 42992005 1660023 410829022
10 6 82431734 1660017 402637362 1660023 485069096
11 5 807766780 1660017 753811550 1660023 561578330
12 5 536758903 1660018 103929555 1660023 640688458
13 5 254269250 1660018 464033051 1660023 718302301
14 4 976030661 1660018 818549860 1660023 794580521
15 4 694477822 1660019 176436047 1660023 870913869
16 4 416431767 1660019 525656477 1660023 942088244
1 8 626234589 1660062 116980909 1660070 743215498
2 8 351194846 1660062 472888597 1660070 824083443
3 8 77622093 1660062 825228689 1660070 902850782
4 7 803850992 1660063 176640298 1660070 980491290
5 7 522217766 1660063 532796149 1660071 55013915
6 7 265388965 1660063 877378391 1660071 142767356
7 6 979186328 1660064 232763053 1660071 211949381
8 6 711153800 1660064 585566339 1660071 296720139
9 6 439366716 1660064 940562712 1660071 379929428
10 6 166132697 1660065 292738140 1660071 458870837
11 5 869606428 1660065 663341043 1660071 532947471
12 5 585596952 1660066 22225618 1660071 607822570
13 5 304837246 1660066 382346354 1660071 687183600
14 5 21896657 1660066 737633888 1660071 759530545
15 4 743762844 1660067 96564000 1660071 840326844
16 4 466474960 1660067 452351135 1660071 918826095
1 8 639510736 1660110 223139881 1660118 862650617
2 8 374020882 1660110 573114351 1660118 947135233
3 8 101735418 1660110 925441591 1660119 27177009
4 7 822155690 1660111 282627199 1660119 104782889
5 7 542656477 1660111 639348113 1660119 182004590
6 7 268282259 1660111 994498927 1660119 262781186
7 7 11463384 1660112 338057763 1660119 349521147
8 6 716636914 1660112 713131783 1660119 429768697
9 6 431755900 1660113 82572152 1660119 514328052
10 6 154658308 1660113 438625301 1660119 593283609
11 5 880735987 1660113 796670893 1660119 677406880
12 5 610529391 1660114 148736323 1660119 759265714
13 5 332591687 1660114 505813340 1660119 838405027
14 5 37198746 1660114 875982511 1660119 913181257
15 4 758463261 1660115 233576889 1660119 992040150
16 4 463564311 1660115 605088237 1660120 68652548
1 8 597215316 1660157 654944587 1660166 252159903
2 8 302212499 1660158 26366474 1660166 328578973
3 8 28837372 1660158 378021430 1660166 406858802
4 7 759402019 1660158 733390648 1660166 492792667
5 7 485226019 1660159 85700499 1660166 570926518
6 7 216607744 1660159 439941572 1660166 656549316
7 6 939452875 1660159 800187343 1660166 739640218
8 6 649060561 1660160 162960286 1660166 812020847
9 6 365066937 1660160 525981614 1660166 891048551
10 6 97886744 1660160 870890091 1660166 968776835
11 5 816958616 1660161 230740906 1660167 47699522
12 5 529782127 1660161 592441038 1660167 122223165
13 5 258099819 1660161 948400707 1660167 206500526
14 4 981490662 1660162 298581118 1660167 280071780
15 4 707348495 1660162 652865708 1660167 360214203
16 4 433874814 1660163 663647 1660167 434538461
1 8 646979162 1660205 158927954 1660213 805907116
2 8 352424224 1660205 537950397 1660213 890374621
3 8 74108767 1660205 889426968 1660213 963535735
4 7 805596360 1660206 243087959 1660214 48684319
5 7 523394682 1660206 605978790 1660214 129373472
6 7 245012505 1660206 965843290 1660214 210855795
7 6 972471362 1660207 319860052 1660214 292331414
8 6 688169429 1660207 677421671 1660214 365591100
9 6 401665649 1660208 44638029 1660214 446303678
10 6 122599281 1660208 400429664 1660214 523028945
11 5 829841271 1660208 764789003 1660214 594630274
12 5 566444580 1660209 111570221 1660214 678014801
13 5 282103555 1660209 469915436 1660214 752018991
14 5 1850414 1660209 826106211 1660214 827956625
15 4 735639203 1660210 174116294 1660214 909755497
16 4 447700600 1660210 539210507 1660214 986911107
1 8 690009823 1660252 713483625 1660261 403493448
2 8 406229658 1660253 82622130 1660261 488851788
3 8 131534242 1660253 434548377 1660261 566082619
4 7 835678403 1660253 807610436 1660261 643288839
5 7 546050574 1660254 165768636 1660261 711819210
6 7 271361268 1660254 522224314 1660261 793585582
7 6 994374026 1660254 884118312 1660261 878492338
8 6 731326458 1660255 235632641 1660261 966959099
9 6 464811512 1660255 585614963 1660262 50426475
10 6 186980083 1660255 939940108 1660262 126920191
11 5 915109242 1660256 296878406 1660262 211987648
12 5 628575574 1660256 668793598 1660262 297369172
13 5 354448092 1660257 26186183 1660262 380634275
14 5 80476383 1660257 378877638 1660262 459354021
15 4 800935098 1660257 741991557 1660262 542926655
16 4 529486452 1660258 102631190 1660262 632117642
