1 0 9049388 5681987 997044142 5681988 6093530
1 0 8995278 5681994 806876047 5681994 815871325
1 0 8978481 5682001 636724443 5682001 645702924
1 0 12039925 5682008 471266502 5682008 483306427
1 0 11894743 5682015 271713500 5682015 283608243
1 0 10105128 5682022 76685979 5682022 86791107
1 0 9360530 5682028 906961872 5682028 916322402
1 0 12144756 5682035 711913947 5682035 724058703
1 0 12050499 5682042 500764831 5682042 512815330
1 0 9380807 5682049 326601430 5682049 335982237
1 0 10777892 5682056 116925994 5682056 127703886
1 0 9076573 5682062 936405694 5682062 945482267
1 0 9017759 5682069 736817852 5682069 745835611
1 0 11747467 5682076 531564312 5682076 543311779
1 0 8946019 5682083 336838957 5682083 345784976
1 0 11911409 5682090 161294573 5682090 173205982
1 0 9245755 5682096 966846810 5682096 976092565
1 0 8951186 5682103 776745552 5682103 785696738
1 0 11721098 5682110 621775561 5682110 633496659
1 0 11445324 5682117 406632588 5682117 418077912
1 0 11694468 5682124 230900802 5682124 242595270
1 0 11752819 5682131 31128122 5682131 42880941
1 0 10185404 5682137 846581116 5682137 856766520
1 0 11771560 5682144 631872219 5682144 643643779
1 0 10167052 5682151 436400403 5682151 446567455
1 0 12107868 5682158 251101651 5682158 263209519
1 0 8982815 5682165 66591083 5682165 75573898
1 0 10197069 5682171 886638849 5682171 896835918
1 0 8937723 5682178 716699497 5682178 725637220
1 0 9376548 5682185 536815490 5682185 546192038
