1 0 14693782 5682396 611982716 5682396 626676498
2 0 13501360 5682396 613295099 5682396 626796459
3 0 13149977 5682396 613743535 5682396 626893512
4 0 12867131 5682396 614136250 5682396 627003381
1 0 10786151 5682403 456738466 5682403 467524617
2 0 9847835 5682403 457772669 5682403 467620504
3 0 9569766 5682403 458124274 5682403 467694040
4 0 9358955 5682403 458418398 5682403 467777353
1 0 13996147 5682410 251771063 5682410 265767210
2 0 12815780 5682410 253073391 5682410 265889171
3 0 12457102 5682410 253530252 5682410 265987354
4 0 12179644 5682410 253922949 5682410 266102593
1 0 10851187 5682417 107140534 5682417 117991721
2 0 9914649 5682417 108169682 5682417 118084331
3 0 9642617 5682417 108516416 5682417 118159033
4 0 9515230 5682417 108815281 5682417 118330511
1 0 14136293 5682423 888590228 5682423 902726521
2 0 12932389 5682423 889918407 5682423 902850796
3 0 12472935 5682423 890476804 5682423 902949739
4 0 12190052 5682423 890874296 5682423 903064348
1 0 13792559 5682430 741762732 5682430 755555291
2 0 12565045 5682430 743084226 5682430 755649271
3 0 12192496 5682430 743530125 5682430 755722621
4 0 11887928 5682430 743920303 5682430 755808231
1 0 10749522 5682437 557248101 5682437 567997623
2 0 9811780 5682437 558280730 5682437 568092510
3 0 9539656 5682437 558627186 5682437 568166842
4 0 9327846 5682437 558922995 5682437 568250841
1 0 10835873 5682444 386784704 5682444 397620577
2 0 9877576 5682444 387837351 5682444 397714927
3 0 9588692 5682444 388201696 5682444 397790388
4 0 9374567 5682444 388501857 5682444 397876424
1 0 10770374 5682451 167244587 5682451 178014961
2 0 9826984 5682451 168281771 5682451 178108755
3 0 9545675 5682451 168637505 5682451 178183180
4 0 9331178 5682451 168936000 5682451 178267178
1 0 14238439 5682457 992160565 5682458 6399004
2 0 13035776 5682457 993487689 5682458 6523465
3 0 12674875 5682457 993949106 5682458 6623981
4 0 12386770 5682457 994347117 5682458 6733887
1 0 14118497 5682464 788526997 5682464 802645494
2 0 12935500 5682464 789829547 5682464 802765047
3 0 12475268 5682464 790387925 5682464 802863193
4 0 12181421 5682464 790792159 5682464 802973580
1 0 14053294 5682471 601845703 5682471 615898997
2 0 12866946 5682471 603151975 5682471 616018921
3 0 12513934 5682471 603601152 5682471 616115086
4 0 12233254 5682471 603993181 5682471 616226435
1 0 12512693 5682478 406819394 5682478 419332087
2 0 11628877 5682478 407826171 5682478 419455048
3 0 11373640 5682478 408177702 5682478 419551342
4 0 11188163 5682478 408472733 5682478 419660896
1 0 10766077 5682485 216805618 5682485 227571695
2 0 9835946 5682485 217827877 5682485 227663823
3 0 9558452 5682485 218177481 5682485 227735933
4 0 9344919 5682485 218474179 5682485 227819098
1 0 11275901 5682492 46864095 5682492 58139996
2 0 10337290 5682492 47896131 5682492 58233421
3 0 10060850 5682492 48250902 5682492 58311752
4 0 9847076 5682492 48549119 5682492 58396195
1 0 14322345 5682498 845464005 5682498 859786350
2 0 13038424 5682498 846872294 5682498 859910718
3 0 12698931 5682498 847351729 5682498 860050660
4 0 12430768 5682498 847752352 5682498 860183120
1 0 10800855 5682505 656525385 5682505 667326240
2 0 9857983 5682505 657565884 5682505 667423867
3 0 9582044 5682505 657916415 5682505 667498459
4 0 9370511 5682505 658216742 5682505 667587253
1 0 14209755 5682512 481535983 5682512 495745738
2 0 13013072 5682512 482857274 5682512 495870346
3 0 12663228 5682512 483304728 5682512 495967956
4 0 12390696 5682512 483694443 5682512 496085139
1 0 14066331 5682519 292002090 5682519 306068421
2 0 12875075 5682519 293316288 5682519 306191363
3 0 12521452 5682519 293767909 5682519 306289361
4 0 12238032 5682519 294163179 5682519 306401211
1 0 14203235 5682526 88621414 5682526 102824649
2 0 12997869 5682526 89949630 5682526 102947499
3 0 12530933 5682526 90513601 5682526 103044534
4 0 12239939 5682526 90914612 5682526 103154551
1 0 10725485 5682532 897164587 5682532 907890072
2 0 9772299 5682532 898211864 5682532 907984163
3 0 9493656 5682532 898563024 5682532 908056680
4 0 9282087 5682532 898860166 5682532 908142253
1 0 10725041 5682539 697797460 5682539 708522501
2 0 9779022 5682539 698837403 5682539 708616425
3 0 9508342 5682539 699184767 5682539 708693109
4 0 9296586 5682539 699480040 5682539 708776626
1 0 10774837 5682546 516995299 5682546 527770136
2 0 9852632 5682546 518011150 5682546 527863782
3 0 9578692 5682546 518359792 5682546 527938484
4 0 9453435 5682546 518656713 5682546 528110148
1 0 13985554 5682553 351649052 5682553 365634606
2 0 12801336 5682553 352957138 5682553 365758474
3 0 12446528 5682553 353410463 5682553 365856991
4 0 12162477 5682553 353805234 5682553 365967711
1 0 10728486 5682560 157283600 5682560 168012086
2 0 9786726 5682560 158320655 5682560 168107381
3 0 9512656 5682560 158671056 5682560 168183712
4 0 9297049 5682560 158974384 5682560 168271433
1 0 11231051 5682566 996816608 5682567 8047659
2 0 10274531 5682566 997868293 5682567 8142824
3 0 9999814 5682566 998217193 5682567 8217007
4 0 9785818 5682566 998514966 5682567 8300784
1 0 10732356 5682573 826528722 5682573 837261078
2 0 9813447 5682573 827538555 5682573 837352002
3 0 9540767 5682573 827885678 5682573 837426445
4 0 9329085 5682573 828183025 5682573 837512110
1 0 10938722 5682580 636389851 5682580 647328573
2 0 9968259 5682580 637453905 5682580 647422164
3 0 9691190 5682580 637804658 5682580 647495848
4 0 9476083 5682580 638103819 5682580 647579902
1 0 10739911 5682587 426937428 5682587 437677339
2 0 9812021 5682587 427955798 5682587 437767819
3 0 9538823 5682587 428302310 5682587 437841133
4 0 9329215 5682587 428596953 5682587 437926168
1 0 14129441 5682594 241455428 5682594 255584869
2 0 12934630 5682594 242772255 5682594 255706885
3 0 12575118 5682594 243227858 5682594 255802976
4 0 12295419 5682594 243618425 5682594 255913844
