1 0 43732110 1205262 661053494 1205262 704785604
2 0 42791072 1205262 662290433 1205262 705081505
3 0 42384654 1205262 662989123 1205262 705373777
4 0 42064975 1205262 663567353 1205262 705632328
5 0 41684890 1205262 664189896 1205262 705874786
6 0 41403858 1205262 664754663 1205262 706158521
7 0 41000107 1205262 665394613 1205262 706394720
8 0 40699984 1205262 665964824 1205262 706664808
9 0 40342453 1205262 666561535 1205262 706903988
10 0 39974775 1205262 667195060 1205262 707169835
11 0 39604856 1205262 667799363 1205262 707404219
12 0 39309974 1205262 668375055 1205262 707685029
13 0 38917018 1205262 668986340 1205262 707903358
14 0 38616783 1205262 669548736 1205262 708165519
15 0 38167736 1205262 670232982 1205262 708400718
16 0 37870909 1205262 670814322 1205262 708685231
17 0 37491380 1205262 671414162 1205262 708905542
18 0 37192607 1205262 671987170 1205262 709179777
19 0 36808096 1205262 672602806 1205262 709410902
20 0 36496677 1205262 673164443 1205262 709661120
21 0 36113814 1205262 673782616 1205262 709896430
22 0 35814004 1205262 674426567 1205262 710240571
23 0 35441808 1205262 675041703 1205262 710483511
24 0 35138055 1205262 675610747 1205262 710748802
25 0 34783821 1205262 676195514 1205262 710979335
26 0 34484920 1205262 676758984 1205262 711243904
27 0 34053354 1205262 677409268 1205262 711462622
28 0 33746249 1205262 677983534 1205262 711729783
29 0 33381219 1205262 678579930 1205262 711961149
30 0 33089613 1205262 679142475 1205262 712232088
31 0 32756860 1205262 679747167 1205262 712504027
32 0 32435607 1205262 680335359 1205262 712770966
1 0 30438202 1205324 487061272 1205324 517499474
2 0 29711698 1205324 487997161 1205324 517708859
3 0 29404111 1205324 488477763 1205324 517881874
4 0 29134228 1205324 488903458 1205324 518037686
5 0 28879140 1205324 489321524 1205324 518200664
6 0 28624089 1205324 489739831 1205324 518363920
7 0 28288967 1205324 490240080 1205324 518529047
8 0 28023638 1205324 490668313 1205324 518691951
9 0 27777013 1205324 491076879 1205324 518853892
10 0 27526185 1205324 491484815 1205324 519011000
11 0 27285597 1205324 491886937 1205324 519172534
12 0 27044120 1205324 492297022 1205324 519341142
13 0 26773699 1205324 492715551 1205324 519489250
14 0 26527594 1205324 493127931 1205324 519655525
15 0 26292283 1205324 493533794 1205324 519826077
16 0 26032696 1205324 493942804 1205324 519975500
17 0 25889736 1205324 494333315 1205324 520223051
18 0 25651481 1205324 494744770 1205324 520396251
19 0 25402653 1205324 495155836 1205324 520558489
20 0 25137787 1205324 495569032 1205324 520706819
21 0 24885663 1205324 495981931 1205324 520867594
22 0 24573002 1205324 496455015 1205324 521028017
23 0 24323544 1205324 496866414 1205324 521189958
24 0 24081234 1205324 497273906 1205324 521355140
25 0 23852812 1205324 497663047 1205324 521515859
26 0 23609465 1205324 498064835 1205324 521674300
27 0 23327693 1205324 498504993 1205324 521832686
28 0 23084420 1205324 498919170 1205324 522003590
29 0 22851777 1205324 499318477 1205324 522170254
30 0 22607892 1205324 499709988 1205324 522317880
31 0 22321749 1205324 500155387 1205324 522477136
32 0 22073458 1205324 500560953 1205324 522634411
1 0 29990063 1205386 266764459 1205386 296754522
2 0 29248466 1205386 267718700 1205386 296967166
3 0 28947176 1205386 268192227 1205386 297139403
4 0 28687237 1205386 268608756 1205386 297295993
5 0 28441001 1205386 269020896 1205386 297461897
6 0 28199172 1205386 269427611 1205386 297626783
7 0 27937363 1205386 269855954 1205386 297793317
8 0 27595406 1205386 270364648 1205386 297960054
9 0 27327652 1205386 270785973 1205386 298113625
10 0 27090471 1205386 271197984 1205386 298288455
11 0 26867180 1205386 271601272 1205386 298468452
12 0 26613054 1205386 272006709 1205386 298619763
13 0 26361949 1205386 272431052 1205386 298793001
14 0 26119805 1205386 272840452 1205386 298960257
15 0 25882828 1205386 273246592 1205386 299129420
16 0 25627186 1205386 273653750 1205386 299280936
17 0 25398911 1205386 274044447 1205386 299443358
18 0 25160121 1205386 274454642 1205386 299614763
19 0 24898662 1205386 274867412 1205386 299766074
20 0 24650426 1205386 275275034 1205386 299925460
21 0 24523596 1205386 275681507 1205386 300205103
22 0 24210435 1205386 276163461 1205386 300373896
23 0 23955551 1205386 276569120 1205386 300524671
24 0 23709927 1205386 276983889 1205386 300693816
25 0 23476264 1205386 277378604 1205386 300854868
26 0 23219898 1205386 277783374 1205386 301003272
27 0 22947811 1205386 278224143 1205386 301171954
28 0 22706632 1205386 278636375 1205386 301343007
29 0 22469524 1205386 279041553 1205386 301511077
30 0 22221493 1205386 279437230 1205386 301658723
31 0 21984089 1205386 279834871 1205386 301818960
32 0 21711650 1205386 280264418 1205386 301976068
1 0 40204660 1205448 51521573 1205448 91726233
2 0 39275326 1205448 52731846 1205448 92007172
3 0 38910334 1205448 53326760 1205448 92237094
4 0 38556451 1205448 53889657 1205448 92446108
5 0 38222755 1205448 54443979 1205448 92666734
6 0 37915779 1205448 54983080 1205448 92898859
7 0 37570638 1205448 55549365 1205448 93120003
8 0 37242125 1205448 56094021 1205448 93336146
9 0 36921447 1205448 56630955 1205448 93552402
10 0 36593749 1205448 57169037 1205448 93762786
11 0 36258348 1205448 57716545 1205448 93974893
12 0 35958040 1205448 58239442 1205448 94197482
13 0 35602935 1205448 58793857 1205448 94396792
14 0 35276701 1205448 59335384 1205448 94612085
15 0 34973058 1205448 59872207 1205448 94845265
16 0 34464680 1205448 60579767 1205448 95044447
17 0 34150056 1205448 61109479 1205448 95259535
18 0 33825951 1205448 61658394 1205448 95484345
19 0 33481106 1205448 62201902 1205448 95683008
20 0 33136150 1205448 62760132 1205448 95896282
21 0 32811823 1205448 63300158 1205448 96111981
22 0 32400609 1205448 63927924 1205448 96328533
23 0 32052949 1205448 64473561 1205448 96526510
24 0 31727325 1205448 65022088 1205448 96749413
25 0 31416925 1205448 65548188 1205448 96965113
26 0 31095616 1205448 66084622 1205448 97180238
27 0 30727012 1205448 66658889 1205448 97385901
28 0 30404740 1205448 67207471 1205448 97612211
29 0 30100209 1205448 67743794 1205448 97844003
30 0 29768123 1205448 68270506 1205448 98038629
31 0 29444499 1205448 68803792 1205448 98248291
32 0 29113692 1205448 69344966 1205448 98458658
1 0 30494664 1205509 857128977 1205509 887623641
2 0 29742975 1205509 858092866 1205509 887835841
3 0 29447388 1205509 858561079 1205509 888008467
4 0 29184560 1205509 858979515 1205509 888164075
5 0 28931306 1205509 859396155 1205509 888327461
6 0 28675552 1205509 859816480 1205509 888492032
7 0 28328263 1205509 860329729 1205509 888657992
8 0 28070601 1205509 860762202 1205509 888832803
9 0 27828587 1205509 861168250 1205509 888996837
10 0 27577962 1205509 861576872 1205509 889154834
11 0 27341189 1205509 861979419 1205509 889320608
12 0 27109434 1205509 862384893 1205509 889494327
13 0 26830403 1205509 862813551 1205509 889643954
14 0 26587092 1205509 863224710 1205509 889811802
15 0 26350135 1205509 863629535 1205509 889979670
16 0 26193471 1205509 864037657 1205509 890231128
17 0 25970012 1205509 864426835 1205509 890396847
18 0 25728887 1205509 864839438 1205509 890568325
19 0 25476781 1205509 865255633 1205509 890732414
20 0 25210231 1205509 865671514 1205509 890881745
21 0 24969865 1205509 866074543 1205509 891044408
22 0 24634390 1205509 866569700 1205509 891204090
23 0 24370154 1205509 866980174 1205509 891350328
24 0 24128289 1205509 867390443 1205509 891518732
25 0 23894812 1205509 867782991 1205509 891677803
26 0 23649649 1205509 868189132 1205509 891838781
27 0 23362507 1205509 868632197 1205509 891994704
28 0 23108345 1205509 869054689 1205509 892163034
29 0 22876794 1205509 869455070 1205509 892331864
30 0 22627558 1205509 869850544 1205509 892478102
31 0 22288787 1205509 870361682 1205509 892650469
32 0 22042755 1205509 870765896 1205509 892808651
1 0 38447658 1205571 697077453 1205571 735525111
2 0 37751653 1205571 698030120 1205571 735781773
3 0 37487214 1205571 698521592 1205571 736008806
4 0 37282310 1205571 698947158 1205571 736229468
5 0 37064499 1205571 699367372 1205571 736431871
6 0 36888558 1205571 699774716 1205571 736663274
7 0 36520121 1205571 700352871 1205571 736872992
8 0 36292200 1205571 700796251 1205571 737088451
9 0 36096592 1205571 701206929 1205571 737303521
10 0 35892949 1205571 701622346 1205571 737515295
11 0 35660546 1205571 702072930 1205571 737733476
12 0 35242498 1205571 702732084 1205571 737974582
13 0 34873561 1205571 703298184 1205571 738171745
14 0 34559678 1205571 703846507 1205571 738406185
15 0 34228648 1205571 704393644 1205571 738622292
16 0 33883173 1205571 704940189 1205571 738823362
17 0 33578253 1205571 705458938 1205571 739037191
18 0 33253759 1205571 706010390 1205571 739264149
19 0 32919673 1205571 706558935 1205571 739478608
20 0 32569383 1205571 707106499 1205571 739675882
21 0 32245056 1205571 707644396 1205571 739889452
22 0 31893452 1205571 708266217 1205571 740159669
23 0 31568163 1205571 708808928 1205571 740377091
24 0 31232021 1205571 709361140 1205571 740593161
25 0 30929693 1205571 709877537 1205571 740807230
26 0 30588663 1205571 710474803 1205571 741063466
27 0 30185041 1205571 711080051 1205571 741265092
28 0 29862918 1205571 711629244 1205571 741492162
29 0 29549257 1205571 712157030 1205571 741706287
30 0 29221189 1205571 712683020 1205571 741904209
31 0 28902770 1205571 713214176 1205571 742116946
32 0 28578591 1205571 713761665 1205571 742340256
1 0 29889695 1205633 446956699 1205633 476846394
2 0 29138025 1205633 447916143 1205633 477054168
3 0 28832142 1205633 448395300 1205633 477227442
4 0 28573239 1205633 448814163 1205633 477387402
5 0 28328022 1205633 449228488 1205633 477556510
6 0 28088304 1205633 449632480 1205633 477720784
7 0 27712830 1205633 450175192 1205633 477888022
8 0 27442743 1205633 450609424 1205633 478052167
9 0 27218284 1205633 451011990 1205633 478230274
10 0 26964585 1205633 451423112 1205633 478387697
11 0 26733330 1205633 451820382 1205633 478553712
12 0 26497410 1205633 452226670 1205633 478724080
13 0 26226526 1205633 452646532 1205633 478873058
14 0 25981734 1205633 453056043 1205633 479037777
15 0 25755313 1205633 453460609 1205633 479215922
16 0 25510540 1205633 453870342 1205633 479380882
17 0 25269804 1205633 454261019 1205633 479530823
18 0 25030493 1205633 454669123 1205633 479699616
19 0 24781276 1205633 455078392 1205633 479859668
20 0 24609780 1205633 455488995 1205633 480098775
21 0 24387154 1205633 455890821 1205633 480277975
22 0 24073197 1205633 456368830 1205633 480442027
23 0 23812499 1205633 456779007 1205633 480591506
24 0 23574689 1205633 457185777 1205633 480760466
25 0 23344008 1205633 457575658 1205633 480919666
26 0 23106272 1205633 457977799 1205633 481084071
27 0 22824481 1205633 458417253 1205633 481241734
28 0 22584504 1205633 458829449 1205633 481413953
29 0 22352712 1205633 459229978 1205633 481582690
30 0 22122069 1205633 459620804 1205633 481742873
31 0 21805983 1205633 460087350 1205633 481893333
32 0 21543525 1205633 460521675 1205633 482065200
1 0 30467684 1205695 227051493 1205695 257519177
2 0 29710273 1205695 228017178 1205695 257727451
3 0 29415575 1205695 228487261 1205695 257902836
4 0 29151358 1205695 228907068 1205695 258058426
5 0 28902178 1205695 229322578 1205695 258224756
6 0 28659627 1205695 229730626 1205695 258390253
7 0 28327337 1205695 230230209 1205695 258557546
8 0 28046768 1205695 230674978 1205695 258721746
9 0 27798977 1205695 231087896 1205695 258886873
10 0 27541852 1205695 231506999 1205695 259048851
11 0 27298339 1205695 231914898 1205695 259213237
12 0 27040492 1205695 232320779 1205695 259361271
13 0 26785978 1205695 232744919 1205695 259530897
14 0 26543890 1205695 233157300 1205695 259701190
15 0 26310487 1205695 233562903 1205695 259873390
16 0 26153694 1205695 233978025 1205695 260131719
17 0 25938087 1205695 234369702 1205695 260307789
18 0 25706981 1205695 234785657 1205695 260492638
19 0 25444189 1205695 235199631 1205695 260643820
20 0 25197823 1205695 235607660 1205695 260805483
21 0 24953236 1205695 236014189 1205695 260967425
22 0 24644409 1205695 236485531 1205695 261129940
23 0 24383488 1205695 236894801 1205695 261278289
24 0 24156085 1205695 237289627 1205695 261445712
25 0 23919515 1205695 237691138 1205695 261610653
26 0 23662909 1205695 238093759 1205695 261756668
27 0 23389377 1205695 238538084 1205695 261927461
28 0 23149086 1205695 238951224 1205695 262100310
29 0 22894998 1205695 239360957 1205695 262255955
30 0 22654966 1205695 239759208 1205695 262414174
31 0 22365990 1205695 240206348 1205695 262572338
32 0 22724946 1205695 240625784 1205695 263350730
1 0 39810057 1205756 981158061 1205757 20968118
2 0 38817485 1205756 982427054 1205757 21244539
3 0 38449843 1205756 983021710 1205757 21471553
4 0 38080072 1205756 983596680 1205757 21676752
5 0 37740672 1205756 984156132 1205757 21896804
6 0 37423104 1205756 984699621 1205757 22122725
7 0 37067722 1205756 985266221 1205757 22333943
8 0 36738951 1205756 985809155 1205757 22548106
9 0 36437012 1205756 986343571 1205757 22780583
10 0 36105630 1205756 986889134 1205757 22994764
11 0 35792321 1205756 987415865 1205757 23208186
12 0 35488345 1205756 987949095 1205757 23437440
13 0 35136019 1205756 988504047 1205757 23640066
14 0 34817525 1205756 989043333 1205757 23860858
15 0 34511012 1205756 989580508 1205757 24091520
16 0 34026336 1205756 990264254 1205757 24290590
17 0 33700973 1205756 990801817 1205757 24502790
18 0 33374275 1205756 991354177 1205757 24728452
19 0 33041893 1205756 991901296 1205757 24943189
20 0 32702382 1205756 992439007 1205757 25141389
21 0 32365610 1205756 992987534 1205757 25353144
22 0 31962580 1205756 993604374 1205757 25566954
23 0 31615384 1205756 994147474 1205757 25762858
24 0 31287372 1205756 994696352 1205757 25983724
25 0 30985193 1205756 995216342 1205757 26201535
26 0 30659495 1205756 995755591 1205757 26415086
27 0 30276929 1205756 996341246 1205757 26618175
28 0 29956287 1205756 996886050 1205757 26842337
29 0 29642607 1205756 997422077 1205757 27064684
30 0 29303892 1205756 997956307 1205757 27260199
31 0 28971731 1205756 998496538 1205757 27468269
32 0 28679534 1205756 999015620 1205757 27695154
1 0 30630514 1205818 766861687 1205818 797492201
2 0 29885380 1205818 767821224 1205818 797706604
3 0 29585683 1205818 768306955 1205818 797892638
4 0 29319966 1205818 768732243 1205818 798052209
5 0 29061952 1205818 769159272 1205818 798221224
6 0 28821586 1205818 769569653 1205818 798391239
7 0 28506426 1205818 770055810 1205818 798562236
8 0 28225431 1205818 770501135 1205818 798726566
9 0 27983047 1205818 770911182 1205818 798894229
10 0 27735052 1205818 771320359 1205818 799055411
11 0 27493557 1205818 771726944 1205818 799220501
12 0 27257302 1205818 772134566 1205818 799391868
13 0 26984697 1205818 772559946 1205818 799544643
14 0 26737590 1205818 772975068 1205818 799712658
15 0 26504687 1205818 773378579 1205818 799883266
16 0 26301246 1205818 773788571 1205818 800089817
17 0 26048159 1205818 774200803 1205818 800248962
18 0 25808515 1205818 774611888 1205818 800420403
19 0 25554631 1205818 775030454 1205818 800585085
20 0 25292100 1205818 775444464 1205818 800736564
21 0 25045623 1205818 775855178 1205818 800900801
22 0 24728647 1205818 776332799 1205818 801061446
23 0 24480097 1205818 776751068 1205818 801231165
24 0 24219139 1205818 777163079 1205818 801382218
25 0 23982643 1205818 777563664 1205818 801546307
26 0 23747740 1205818 777974045 1205818 801721785
27 0 23465635 1205818 778417999 1205818 801883634
28 0 23215011 1205818 778841861 1205818 802056872
29 0 22980441 1205818 779248501 1205818 802228942
30 0 22741576 1205818 779650141 1205818 802391717
31 0 22448525 1205818 780094911 1205818 802543436
32 0 22179346 1205818 780526198 1205818 802705544
