1 0 69540848 1205880 561798145 1205880 631338993
2 0 68550627 1205880 563076694 1205880 631627321
3 0 68198727 1205880 563663645 1205880 631862372
4 0 67861529 1205880 564220783 1205880 632082312
5 0 67505481 1205880 564800660 1205880 632306141
6 0 67184765 1205880 565344668 1205880 632529433
7 0 66819661 1205880 565914009 1205880 632733670
8 0 66474445 1205880 566477017 1205880 632951462
9 0 66166747 1205880 567012451 1205880 633179198
10 0 65836032 1205880 567561718 1205880 633397750
11 0 65498316 1205880 568115540 1205880 633613856
12 0 65180638 1205880 568648974 1205880 633829612
13 0 64814626 1205880 569213722 1205880 634028348
14 0 64515909 1205880 569743453 1205880 634259362
15 0 64120510 1205880 570349311 1205880 634469821
16 0 63783109 1205880 570901208 1205880 634684317
17 0 63463763 1205880 571436513 1205880 634900276
18 0 63114900 1205880 571984520 1205880 635099420
19 0 62770999 1205880 572544269 1205880 635315268
20 0 62454580 1205880 573074073 1205880 635528653
21 0 62059365 1205880 573677302 1205880 635736667
22 0 61647243 1205880 574317012 1205880 635964255
23 0 61324343 1205880 574869260 1205880 636193603
24 0 60969701 1205880 575423990 1205880 636393691
25 0 60655225 1205880 575950462 1205880 636605687
26 0 60314936 1205880 576490340 1205880 636805276
27 0 59983183 1205880 577046440 1205880 637029623
28 0 59678522 1205880 577566208 1205880 637244730
29 0 59361139 1205880 578102920 1205880 637464059
30 0 59044072 1205880 578619150 1205880 637663222
31 0 58721190 1205880 579161880 1205880 637883070
32 0 58414565 1205880 579704833 1205880 638119398
33 0 57964796 1205880 580356098 1205880 638320894
34 0 57612248 1205880 580923605 1205880 638535853
35 0 57323660 1205880 581447966 1205880 638771626
36 0 56980426 1205880 581988548 1205880 638968974
37 0 56637174 1205880 582545426 1205880 639182600
38 0 56317977 1205880 583087341 1205880 639405318
39 0 56000391 1205880 583622460 1205880 639622851
40 0 55659841 1205880 584162913 1205880 639822754
41 0 55383143 1205880 584683588 1205880 640066731
42 0 55076445 1205880 585216059 1205880 640292504
43 0 54770025 1205880 585752104 1205880 640522129
44 0 54424236 1205880 586293630 1205880 640717866
45 0 54122945 1205880 586823009 1205880 640945954
46 0 53752304 1205880 587407257 1205880 641159561
47 0 53396126 1205880 587959394 1205880 641355520
48 0 52957023 1205880 588600623 1205880 641557646
49 0 52643140 1205880 589135020 1205880 641778160
50 0 51660068 1205880 590343940 1205880 642004008
51 0 51280371 1205880 590921392 1205880 642201763
52 0 50957637 1205880 591459048 1205880 642416685
53 0 50641865 1205880 591987982 1205880 642629847
54 0 50245336 1205880 592506083 1205880 642751419
55 0 49818103 1205880 593051832 1205880 642869935
56 0 49419074 1205880 593562026 1205880 642981100
57 0 48986267 1205880 594103534 1205880 643089801
58 0 48559202 1205880 594631449 1205880 643190651
59 0 48163099 1205880 595134958 1205880 643298057
60 0 47763792 1205880 595657466 1205880 643421258
61 0 47341856 1205880 596182030 1205880 643523886
62 0 46941882 1205880 596690187 1205880 643632069
63 0 46526149 1205880 597217473 1205880 643743622
64 0 46159156 1205880 597729815 1205880 643888971
1 0 51363889 1206002 397203294 1206002 448567183
2 0 50622458 1206002 398172813 1206002 448795271
3 0 50341427 1206002 398638229 1206002 448979656
4 0 50085469 1206002 399054332 1206002 449139801
5 0 49832770 1206002 399475046 1206002 449307816
6 0 49593737 1206002 399880409 1206002 449474146
7 0 49235615 1206002 400389936 1206002 449625551
8 0 48971287 1206002 400825057 1206002 449796344
9 0 48722273 1206002 401235160 1206002 449957433
10 0 49256577 1206002 401651319 1206002 450907896
11 0 49021471 1206002 402059126 1206002 451080597
12 0 48771902 1206002 402460673 1206002 451232575
13 0 48502111 1206002 402890165 1206002 451392276
14 0 48281097 1206002 403293305 1206002 451574402
15 0 48021768 1206002 403705427 1206002 451727195
16 0 47779088 1206002 404109641 1206002 451888729
17 0 47552629 1206002 404511763 1206002 452064392
18 0 47293856 1206002 404919385 1206002 452213241
19 0 47013158 1206002 405360691 1206002 452373849
20 0 46767107 1206002 405765387 1206002 452532494
21 0 46477261 1206002 406217526 1206002 452694787
22 0 46149138 1206002 406704424 1206002 452853562
23 0 45898994 1206002 407118083 1206002 453017077
24 0 45632722 1206002 407531964 1206002 453164686
25 0 45397542 1206002 407929326 1206002 453326868
26 0 45152250 1206002 408342596 1206002 453494846
27 0 44878904 1206002 408766606 1206002 453645510
28 0 44647167 1206002 409159321 1206002 453806488
29 0 44396172 1206002 409569554 1206002 453965726
30 0 44144658 1206002 409967157 1206002 454111815
31 0 43849813 1206002 410432018 1206002 454281831
32 0 43601706 1206002 410852547 1206002 454454253
33 0 43358582 1206002 411257724 1206002 454616306
34 0 43076902 1206002 411684512 1206002 454761414
35 0 42764389 1206002 412148522 1206002 454912911
36 0 42516708 1206002 412561866 1206002 455078574
37 0 42247825 1206002 412998653 1206002 455246478
38 0 41979571 1206002 413413553 1206002 455393124
39 0 41737020 1206002 413812378 1206002 455549398
40 0 41502932 1206002 414203815 1206002 455706747
41 0 41271326 1206002 414594511 1206002 455865837
42 0 41037942 1206002 414984744 1206002 456022686
43 0 40807187 1206002 415378329 1206002 456185516
44 0 40550173 1206002 415783618 1206002 456333791
45 0 40316807 1206002 416174869 1206002 456491676
46 0 40044775 1206002 416604435 1206002 456649210
47 0 39846501 1206002 417000557 1206002 456847058
48 0 39590932 1206002 417404216 1206002 456995148
49 0 39365604 1206002 417786782 1206002 457152386
50 0 39142960 1206002 418180793 1206002 457323753
51 0 38919446 1206002 418563693 1206002 457483139
52 0 38657951 1206002 418971037 1206002 457628988
53 0 38427103 1206002 419366622 1206002 457793725
54 0 38204885 1206002 419745189 1206002 457950074
55 0 37838929 1206002 420256049 1206002 458094978
56 0 37590879 1206002 420661115 1206002 458251994
57 0 37354273 1206002 421055422 1206002 458409695
58 0 37077574 1206002 421478229 1206002 458555803
59 0 36871189 1206002 421859833 1206002 458731022
60 0 36634435 1206002 422255232 1206002 458889667
61 0 36408161 1206002 422641503 1206002 459049664
62 0 36171221 1206002 423024032 1206002 459195253
63 0 35946411 1206002 423408265 1206002 459354676
64 0 35715933 1206002 423815332 1206002 459531265
1 0 51969210 1206124 227441397 1206124 279410607
2 0 51201225 1206124 228424766 1206124 279625991
3 0 50912508 1206124 228886554 1206124 279799062
4 0 50663994 1206124 229303120 1206124 279967114
5 0 50444536 1206124 229725908 1206124 280170444
6 0 50110172 1206124 230235027 1206124 280345199
7 0 49813696 1206124 230684371 1206124 280498067
8 0 49544461 1206124 231117214 1206124 280661675
9 0 49293429 1206124 231519391 1206124 280812820
10 0 49061526 1206124 231933883 1206124 280995409
11 0 48821641 1206124 232338820 1206124 281160461
12 0 48571165 1206124 232738145 1206124 281309310
13 0 48310726 1206124 233159433 1206124 281470159
14 0 48084286 1206124 233560777 1206124 281645063
15 0 47833438 1206124 233969140 1206124 281802578
16 0 47586314 1206124 234378428 1206124 281964742
17 0 47349874 1206124 234778735 1206124 282128609
18 0 47090194 1206124 235186116 1206124 282276310
19 0 46828088 1206124 235624274 1206124 282452362
20 0 46595092 1206124 236020230 1206124 282615322
21 0 46302413 1206124 236468758 1206124 282771171
22 0 45979623 1206124 236956082 1206124 282935705
23 0 45746387 1206124 237363296 1206124 283109683
24 0 45485540 1206124 237777306 1206124 283262846
25 0 45259285 1206124 238166058 1206124 283425343
26 0 45012382 1206124 238582513 1206124 283594895
27 0 44748443 1206124 238996264 1206124 283744707
28 0 44518615 1206124 239387608 1206124 283906223
29 0 44273174 1206124 239795397 1206124 284068571
30 0 43937348 1206124 240279887 1206124 284217235
31 0 43676260 1206124 240701916 1206124 284378176
32 0 43444043 1206124 241115630 1206124 284559673
33 0 43195862 1206124 241526826 1206124 284722688
34 0 42931109 1206124 241940873 1206124 284871982
35 0 42716224 1206124 242332495 1206124 285048719
36 0 42471098 1206124 242741599 1206124 285212697
37 0 42150179 1206124 243231422 1206124 285381601
38 0 41872332 1206124 243657822 1206124 285530154
39 0 41121347 1206124 244569119 1206124 285690466
40 0 40859945 1206124 244993314 1206124 285853259
41 0 40615617 1206124 245386417 1206124 286002034
42 0 40393954 1206124 245782947 1206124 286176901
43 0 40163810 1206124 246180958 1206124 286344768
44 0 39920518 1206124 246585839 1206124 286506357
45 0 39673894 1206124 246979164 1206124 286653058
46 0 39406510 1206124 247406804 1206124 286813314
47 0 39203051 1206124 247809944 1206124 287012995
48 0 38956278 1206124 248208159 1206124 287164437
49 0 38733615 1206124 248595485 1206124 287329100
50 0 38509046 1206124 248994773 1206124 287503819
51 0 38287458 1206124 249376821 1206124 287664279
52 0 38028333 1206124 249783517 1206124 287811850
53 0 37736283 1206124 250251934 1206124 287988217
54 0 37498158 1206124 250650315 1206124 288148473
55 0 37236238 1206124 251059677 1206124 288295915
56 0 37001945 1206124 251452096 1206124 288454041
57 0 36773247 1206124 251842477 1206124 288615724
58 0 36536937 1206124 252244617 1206124 288781554
59 0 36310718 1206124 252626499 1206124 288937217
60 0 36075408 1206124 253022547 1206124 289097955
61 0 35841654 1206124 253420298 1206124 289261952
62 0 35606824 1206124 253804254 1206124 289411078
63 0 35369274 1206124 254202579 1206124 289571853
64 0 35153464 1206124 254587238 1206124 289740702
1 0 57482399 1206246 17341398 1206246 74823797
2 0 56692396 1206246 18365230 1206246 75057626
3 0 56364106 1206246 18891627 1206246 75255733
4 0 56135591 1206246 19321601 1206246 75457192
5 0 55840524 1206246 19796869 1206246 75637393
6 0 55497160 1206246 20354469 1206246 75851629
7 0 55158314 1206246 20859182 1206246 76017496
8 0 54923412 1206246 21304951 1206246 76228363
9 0 54672157 1206246 21758979 1206246 76431136
10 0 54342979 1206246 22264191 1206246 76607170
11 0 54043985 1206246 22735756 1206246 76779741
12 0 53810211 1206246 23155767 1206246 76965978
13 0 53504717 1206246 23636091 1206246 77140808
14 0 53297110 1206246 24062564 1206246 77359674
15 0 52999857 1206246 24523295 1206246 77523152
16 0 52779620 1206246 24943417 1206246 77723037
17 0 52556235 1206246 25398390 1206246 77954625
18 0 52303463 1206246 25819159 1206246 78122622
19 0 52013024 1206246 26307835 1206246 78320859
20 0 51767028 1206246 26725864 1206246 78492892
21 0 51483331 1206246 27221002 1206246 78704333
22 0 51144615 1206246 27730548 1206246 78875163
23 0 50851250 1206246 28199687 1206246 79050937
24 0 50617754 1206246 28625642 1206246 79243396
25 0 50346742 1206246 29069392 1206246 79416134
26 0 50124468 1206246 29496384 1206246 79620852
27 0 49809863 1206246 29972023 1206246 79781886
28 0 49544590 1206246 30433625 1206246 79978215
29 0 49356853 1206246 30898153 1206246 80255006
30 0 49139931 1206246 31309460 1206246 80449391
31 0 48880474 1206246 31774376 1206246 80654850
32 0 48573314 1206246 32267422 1206246 80840736
33 0 48286078 1206246 32753080 1206246 81039158
34 0 48003694 1206246 33196590 1206246 81200284
35 0 47743126 1206246 33627951 1206246 81371077
36 0 47506037 1206246 34068832 1206246 81574869
37 0 47281542 1206246 34485861 1206246 81767403
38 0 47016010 1206246 34921834 1206246 81937844
39 0 46804699 1206246 35329252 1206246 82133951
40 0 46546056 1206246 35759003 1206246 82305059
41 0 46302561 1206246 36160087 1206246 82462648
42 0 46062288 1206246 36593394 1206246 82655682
43 0 45857996 1206246 37000256 1206246 82858252
44 0 45569946 1206246 37447692 1206246 83017638
45 0 45378709 1206246 37853573 1206246 83232282
46 0 45086918 1206246 38318249 1206246 83405167
47 0 44912477 1206246 38727834 1206246 83640311
48 0 44630778 1206246 39170418 1206246 83801196
49 0 44434597 1206246 39565373 1206246 83999970
50 0 43983588 1206246 40201805 1206246 84185393
51 0 43721000 1206246 40622667 1206246 84343667
52 0 43452376 1206246 41085251 1206246 84537627
53 0 43240399 1206246 41501446 1206246 84741845
54 0 42985496 1206246 41929049 1206246 84914545
55 0 42719779 1206246 42360300 1206246 85080079
56 0 42478506 1206246 42799273 1206246 85277779
57 0 42268140 1206246 43204154 1206246 85472294
58 0 41954127 1206246 43678108 1206246 85632235
59 0 41800834 1206246 44077341 1206246 85878175
60 0 41544858 1206246 44515628 1206246 86060486
61 0 41340583 1206246 44920195 1206246 86260778
62 0 41066515 1206246 45354001 1206246 86420516
63 0 40854797 1206246 45758067 1206246 86612864
64 0 40587080 1206246 46205577 1206246 86792657
1 0 51484793 1206367 837066582 1206367 888551375
2 0 50697420 1206367 838066970 1206367 888764390
3 0 50404703 1206367 838530998 1206367 888935701
4 0 50153764 1206367 838952860 1206367 889106624
5 0 49894917 1206367 839378889 1206367 889273806
6 0 49652867 1206367 839787584 1206367 889440451
7 0 49281188 1206367 840313019 1206367 889594207
8 0 49012268 1206367 840759232 1206367 889771500
9 0 48754402 1206367 841167632 1206367 889922034
10 0 48580721 1206367 841588216 1206367 890168937
11 0 48339318 1206367 841999171 1206367 890338489
12 0 48088730 1206367 842401830 1206367 890490560
13 0 47828050 1206367 842826988 1206367 890655038
14 0 47610018 1206367 843226480 1206367 890836498
15 0 47350171 1206367 843636787 1206367 890986958
16 0 47110268 1206367 844039205 1206367 891149473
17 0 46871791 1206367 844439679 1206367 891311470
18 0 46615333 1206367 844844986 1206367 891460319
19 0 46339264 1206367 845283329 1206367 891622593
20 0 46095287 1206367 845682766 1206367 891778053
21 0 45811089 1206367 846130998 1206367 891942087
22 0 45480836 1206367 846622600 1206367 892103436
23 0 45234601 1206367 847041591 1206367 892276192
24 0 44972217 1206367 847453639 1206367 892425856
25 0 44743295 1206367 847849483 1206367 892592778
26 0 44498466 1206367 848258605 1206367 892757071
27 0 44238972 1206367 848667004 1206367 892905976
28 0 43999828 1206367 849066626 1206367 893066454
29 0 43747167 1206367 849480877 1206367 893228044
30 0 43501893 1206367 849876555 1206367 893378448
31 0 43218843 1206367 850334842 1206367 893553685
32 0 42969144 1206367 850755723 1206367 893724867
33 0 42736964 1206367 851165178 1206367 893902142
34 0 42467617 1206367 851581762 1206367 894049379
35 0 42244844 1206367 851978495 1206367 894223339
36 0 42004811 1206367 852387617 1206367 894392428
37 0 41728317 1206367 852813016 1206367 894541333
38 0 41443156 1206367 853257692 1206367 894700848
39 0 41173513 1206367 853688277 1206367 894861790
40 0 40918036 1206367 854104269 1206367 895022305
41 0 40634653 1206367 854534316 1206367 895168969
42 0 40403602 1206367 854930864 1206367 895334466
43 0 40167940 1206367 855328967 1206367 895496907
44 0 39912093 1206367 855731867 1206367 895643960
45 0 39683672 1206367 856119970 1206367 895803642
46 0 39420843 1206367 856541758 1206367 895962601
47 0 39229921 1206367 856931454 1206367 896161375
48 0 38988667 1206367 857321854 1206367 896310521
49 0 38758671 1206367 857712569 1206367 896471240
50 0 38534268 1206367 858106080 1206367 896640348
51 0 38306328 1206367 858483220 1206367 896789548
52 0 38066666 1206367 858886416 1206367 896953082
53 0 37835374 1206367 859286520 1206367 897121894
54 0 37616897 1206367 859664364 1206367 897281261
55 0 37281756 1206367 860148595 1206367 897430351
56 0 37039779 1206367 860549569 1206367 897589348
57 0 36807320 1206367 860957172 1206367 897764492
58 0 36549140 1206367 861360312 1206367 897909452
59 0 36345477 1206367 861740268 1206367 898085745
60 0 36109223 1206367 862136038 1206367 898245261
61 0 35864412 1206367 862540197 1206367 898404609
62 0 35619658 1206367 862929745 1206367 898549403
63 0 35388496 1206367 863323645 1206367 898712141
64 0 35171686 1206367 863707322 1206367 898879008
1 0 59898725 1206489 661913735 1206489 721812460
2 0 58726934 1206489 663248597 1206489 721975531
3 0 58264498 1206489 663835549 1206489 722100047
4 0 57818952 1206489 664397204 1206489 722216156
5 0 57366424 1206489 664965952 1206489 722332376
6 0 56949265 1206489 665505238 1206489 722454503
7 0 56500274 1206489 666069949 1206489 722570223
8 0 56048764 1206489 666632105 1206489 722680869
9 0 55643902 1206489 667156613 1206489 722800515
10 0 55159189 1206489 667756120 1206489 722915309
11 0 54731364 1206489 668296146 1206489 723027510
12 0 54303391 1206489 668826969 1206489 723130360
13 0 53861381 1206489 669382662 1206489 723244043
14 0 53449426 1206489 669912577 1206489 723362003
15 0 52936807 1206489 670531657 1206489 723468464
16 0 52500389 1206489 671079184 1206489 723579573
17 0 52084935 1206489 671605932 1206489 723690867
18 0 51644018 1206489 672147533 1206489 723791551
19 0 51181638 1206489 672719410 1206489 723901048
20 0 50763479 1206489 673250067 1206489 724013546
21 0 50281155 1206489 673840333 1206489 724121488
22 0 49756185 1206489 674477283 1206489 724233468
23 0 49325934 1206489 675015513 1206489 724341447
24 0 48895868 1206489 675555225 1206489 724451093
25 0 48517820 1206489 676069548 1206489 724587368
26 0 48080199 1206489 676611593 1206489 724691792
27 0 47642264 1206489 677167952 1206489 724810216
28 0 47238752 1206489 677684887 1206489 724923639
29 0 46810706 1206489 678222450 1206489 725033156
30 0 46395381 1206489 678738625 1206489 725134006
31 0 45980796 1206489 679274633 1206489 725255429
32 0 45560508 1206489 679823474 1206489 725383982
33 0 45069999 1206489 680418203 1206489 725488202
34 0 44624119 1206489 680978081 1206489 725602200
35 0 44221923 1206489 681498052 1206489 725719975
36 0 43798895 1206489 682037023 1206489 725835918
37 0 43353071 1206489 682583882 1206489 725936953
38 0 42927912 1206489 683123298 1206489 726051210
39 0 42502902 1206489 683657750 1206489 726160652
40 0 42078411 1206489 684183480 1206489 726261891
41 0 41662104 1206489 684709155 1206489 726371259
42 0 41247593 1206489 685234645 1206489 726482238
43 0 40832305 1206489 685765801 1206489 726598106
44 0 40386962 1206489 686311124 1206489 726698086
45 0 39960322 1206489 686847095 1206489 726807417
46 0 39495461 1206489 687422250 1206489 726917711
47 0 39027303 1206489 687991276 1206489 727018579
48 0 38552405 1206489 688571209 1206489 727123614
49 0 38136488 1206489 689100032 1206489 727236520
50 0 37680905 1206489 689673057 1206489 727353962
51 0 37059546 1206489 690394932 1206489 727454478
52 0 36557537 1206489 691004550 1206489 727562087
53 0 36127842 1206489 691544780 1206489 727672622
54 0 35721146 1206489 692051270 1206489 727772416
55 0 35306655 1206489 692593703 1206489 727900358
56 0 34911940 1206489 693096805 1206489 728008745
57 0 35279063 1206489 693627998 1206489 728907061
58 0 34823294 1206489 694169580 1206489 728992874
59 0 34427302 1206489 694678070 1206489 729105372
60 0 34004458 1206489 695203893 1206489 729208351
61 0 33607651 1206489 695719012 1206489 729326663
62 0 33198123 1206489 696239057 1206489 729437180
63 0 32773094 1206489 696770269 1206489 729543363
64 0 32360343 1206489 697282166 1206489 729642509
1 0 77396235 1206611 465290462 1206611 542686697
2 0 76477698 1206611 466760248 1206611 543237946
3 0 75986318 1206611 467625120 1206611 543611438
4 0 75581494 1206611 468373364 1206611 543954858
5 0 75180557 1206611 469125960 1206611 544306517
6 0 74821971 1206611 469826299 1206611 544648270
7 0 74343795 1206611 470631283 1206611 544975078
8 0 73901119 1206611 471350935 1206611 545252054
9 0 73466832 1206611 472020718 1206611 545487550
10 0 72934231 1206611 472720519 1206611 545654750
11 0 72417241 1206611 473407524 1206611 545824765
12 0 71892085 1206611 474096566 1206611 545988651
13 0 71374706 1206611 474786960 1206611 546161666
14 0 70882215 1206611 475463762 1206611 546345977
15 0 70363688 1206611 476147156 1206611 546510844
16 0 69847125 1206611 476836901 1206611 546684026
17 0 69332931 1206611 477521795 1206611 546854726
18 0 68791442 1206611 478222226 1206611 547013668
19 0 68259341 1206611 478924768 1206611 547184109
20 0 67771555 1206611 479587569 1206611 547359124
21 0 67128734 1206611 480394035 1206611 547522769
22 0 66503227 1206611 481186816 1206611 547690043
23 0 65979849 1206611 481882746 1206611 547862595
24 0 65435990 1206611 482587899 1206611 548023889
25 0 64934963 1206611 483258293 1206611 548193256
26 0 64425491 1206611 483947391 1206611 548372882
27 0 63892520 1206611 484642673 1206611 548535193
28 0 63410622 1206611 485306179 1206611 548716801
29 0 62890262 1206611 485995073 1206611 548885335
30 0 62383790 1206611 486661893 1206611 549045683
31 0 61789117 1206611 487432544 1206611 549221661
32 0 61214739 1206611 488186956 1206611 549401695
33 0 60681268 1206611 488890257 1206611 549571525
34 0 60170112 1206611 489560891 1206611 549731003
35 0 59567698 1206611 490330580 1206611 549898278
36 0 59298869 1206611 490993530 1206611 550292399
37 0 58821546 1206611 491662813 1206611 550484359
38 0 58322648 1206611 492323096 1206611 550645744
39 0 57843824 1206611 492973139 1206611 550816963
40 0 57363204 1206611 493621589 1206611 550984793
41 0 56879306 1206611 494264799 1206611 551144105
42 0 56398649 1206611 494913156 1206611 551311805
43 0 55919399 1206611 495566236 1206611 551485635
44 0 55416316 1206611 496235390 1206611 551651706
45 0 54914752 1206611 496896821 1206611 551811573
46 0 54387577 1206611 497589993 1206611 551977570
47 0 53933346 1206611 498244683 1206611 552178029
48 0 53433874 1206611 498907096 1206611 552340970
49 0 52976864 1206611 499539343 1206611 552516207
50 0 52442079 1206611 500253625 1206611 552695704
51 0 51977699 1206611 500900724 1206611 552878423
52 0 51454413 1206611 501581192 1206611 553035605
53 0 50972570 1206611 502237568 1206611 553210138
54 0 50506820 1206611 502871537 1206611 553378357
55 0 49969849 1206611 503566153 1206611 553536002
56 0 49484840 1206611 504217955 1206611 553702795
57 0 49001535 1206611 504868942 1206611 553870477
58 0 48468898 1206611 505562169 1206611 554031067
59 0 48011165 1206611 506209490 1206611 554220655
60 0 47522546 1206611 506863199 1206611 554385745
61 0 47040556 1206611 507515334 1206611 554555890
62 0 46568954 1206611 508150266 1206611 554719220
63 0 46089685 1206611 508797939 1206611 554887624
64 0 45593250 1206611 509467870 1206611 555061120
1 0 49350956 1206733 266811434 1206733 316162390
2 0 48523509 1206733 267792896 1206733 316316405
3 0 48193812 1206733 268254591 1206733 316448403
4 0 47884819 1206733 268668471 1206733 316553290
5 0 47584565 1206733 269088296 1206733 316672861
6 0 47291459 1206733 269492437 1206733 316783896
7 0 46967577 1206733 269918243 1206733 316885820
8 0 46583196 1206733 270412233 1206733 316995429
9 0 46275553 1206733 270821096 1206733 317096649
10 0 45940578 1206733 271270402 1206733 317210980
11 0 45655418 1206733 271680523 1206733 317335941
12 0 45356924 1206733 272081589 1206733 317438513
13 0 45046392 1206733 272500137 1206733 317546529
14 0 44767639 1206733 272895388 1206733 317663027
15 0 44460330 1206733 273304547 1206733 317764877
16 0 44174243 1206733 273704558 1206733 317878801
17 0 43886323 1206733 274101142 1206733 317987465
18 0 43583940 1206733 274502912 1206733 318086852
19 0 43275409 1206733 274920589 1206733 318195998
20 0 42977526 1206733 275329618 1206733 318307144
21 0 42663255 1206733 275744795 1206733 318408050
22 0 42285836 1206733 276236452 1206733 318522288
23 0 41981361 1206733 276639555 1206733 318620916
24 0 41679996 1206733 277055751 1206733 318735747
25 0 41393483 1206733 277448817 1206733 318842300
26 0 41112803 1206733 277856717 1206733 318969520
27 0 40845642 1206733 278253524 1206733 319099166
28 0 40559925 1206733 278651090 1206733 319211015
29 0 40253394 1206733 279058804 1206733 319312198
30 0 39962214 1206733 279460704 1206733 319422918
31 0 39666313 1206733 279868307 1206733 319534620
32 0 39340412 1206733 280316113 1206733 319656525
33 0 39044899 1206733 280718309 1206733 319763208
34 0 38731017 1206733 281140652 1206733 319871669
35 0 38447615 1206733 281537607 1206733 319985222
36 0 38177472 1206733 281951266 1206733 320128738
37 0 37870886 1206733 282369202 1206733 320240088
38 0 37542670 1206733 282805953 1206733 320348623
39 0 37238361 1206733 283224167 1206733 320462528
40 0 36932144 1206733 283631585 1206733 320563729
41 0 36606910 1206733 284064539 1206733 320671449
42 0 36313064 1206733 284469624 1206733 320782688
43 0 36020292 1206733 284860431 1206733 320880723
44 0 35745854 1206733 285247571 1206733 320993425
45 0 35467988 1206733 285634027 1206733 321102015
46 0 35195864 1206733 286013816 1206733 321209680
47 0 34887241 1206733 286420548 1206733 321307789
48 0 34604190 1206733 286810504 1206733 321414694
49 0 34334048 1206733 287195885 1206733 321529933
50 0 34054905 1206733 287588914 1206733 321643819
51 0 33795892 1206733 287968055 1206733 321763947
52 0 33511675 1206733 288360955 1206733 321872630
53 0 33194348 1206733 288790224 1206733 321984572
54 0 32903335 1206733 289181124 1206733 322084459
55 0 32602008 1206733 289593875 1206733 322195883
56 0 32337494 1206733 289968738 1206733 322306232
57 0 31895707 1206733 290509283 1206733 322404990
58 0 32409455 1206733 290906294 1206733 323315749
59 0 32108777 1206733 291292360 1206733 323401137
60 0 31779635 1206733 291725111 1206733 323504746
61 0 31510140 1206733 292102955 1206733 323613095
62 0 31223997 1206733 292495448 1206733 323719445
63 0 30954318 1206733 292879866 1206733 323834184
64 0 30667342 1206733 293266395 1206733 323933737
1 0 51993887 1206855 71594057 1206855 123587944
2 0 51008962 1206855 72797126 1206855 123806088
3 0 50745005 1206855 73249339 1206855 123994344
4 0 50483584 1206855 73667127 1206855 124150711
5 0 50229867 1206855 74090063 1206855 124319930
6 0 49988130 1206855 74497463 1206855 124485593
7 0 49718432 1206855 74921806 1206855 124640238
8 0 49465049 1206855 75344279 1206855 124809328
9 0 49244831 1206855 75741549 1206855 124986380
10 0 48986854 1206855 76152560 1206855 125139414
11 0 48751081 1206855 76558033 1206855 125309114
12 0 48516048 1206855 76958211 1206855 125474259
13 0 48248609 1206855 77378943 1206855 125627552
14 0 48034076 1206855 77773936 1206855 125808012
15 0 47784544 1206855 78177557 1206855 125962101
16 0 47546215 1206855 78576790 1206855 126123005
17 0 47327794 1206855 78971134 1206855 126298928
18 0 47078039 1206855 79369775 1206855 126447814
19 0 46810266 1206855 79797674 1206855 126607940
20 0 46460385 1206855 80316367 1206855 126776752
21 0 46151724 1206855 80775099 1206855 126926823
22 0 45837583 1206855 81258515 1206855 127096098
23 0 45595550 1206855 81662878 1206855 127258428
24 0 45342999 1206855 82064944 1206855 127407943
25 0 45126392 1206855 82448085 1206855 127574477
26 0 44880453 1206855 82858706 1206855 127739159
27 0 44633198 1206855 83252569 1206855 127885767
28 0 44394778 1206855 83650579 1206855 128045357
29 0 44153448 1206855 84052331 1206855 128205779
30 0 43916972 1206855 84438749 1206855 128355721
31 0 43680476 1206855 84844019 1206855 128524495
32 0 43444592 1206855 85254752 1206855 128699344
33 0 43189949 1206855 85657873 1206855 128847822
34 0 42934972 1206855 86071736 1206855 129006708
35 0 42716162 1206855 86462117 1206855 129178279
36 0 42481704 1206855 86867257 1206855 129348961
37 0 42218468 1206855 87283675 1206855 129502143
38 0 41974176 1206855 87688056 1206855 129662232
39 0 41737718 1206855 88088622 1206855 129826340
40 0 41489463 1206855 88488059 1206855 129977522
41 0 41481020 1206855 88887106 1206855 130368126
42 0 41261376 1206855 89282932 1206855 130544308
43 0 41028677 1206855 89680535 1206855 130709212
44 0 40702332 1206855 90159081 1206855 130861413
45 0 40443096 1206855 90579036 1206855 131022132
46 0 40169545 1206855 91013509 1206855 131183054
47 0 39921995 1206855 91423001 1206855 131344996
48 0 39630611 1206855 91882955 1206855 131513566
49 0 39383264 1206855 92293540 1206855 131676804
50 0 38654723 1206855 93194244 1206855 131848967
51 0 38388506 1206855 93609551 1206855 131998057
52 0 38131326 1206855 94027580 1206855 132158906
53 0 37900257 1206855 94427275 1206855 132327532
54 0 37661595 1206855 94813990 1206855 132475585
55 0 37403285 1206855 95233037 1206855 132636322
56 0 37181826 1206855 95614919 1206855 132796745
57 0 36933924 1206855 96023466 1206855 132957390
58 0 36677114 1206855 96426958 1206855 133104072
59 0 36478284 1206855 96804340 1206855 133282624
60 0 36245752 1206855 97200036 1206855 133445788
61 0 36005497 1206855 97589325 1206855 133594822
62 0 35777094 1206855 97977354 1206855 133754448
63 0 35545951 1206855 98371568 1206855 133917519
64 0 35339955 1206855 98756783 1206855 134096738
1 0 54132754 1206976 901876905 1206976 956009659
2 0 53127663 1206976 903099640 1206976 956227303
3 0 52729726 1206976 903684110 1206976 956413836
4 0 52333623 1206976 904236729 1206976 956570352
5 0 51938445 1206976 904800829 1206976 956739274
6 0 51565897 1206976 905338448 1206976 956904345
7 0 51158405 1206976 905898233 1206976 957056638
8 0 50772320 1206976 906455389 1206976 957227709
9 0 50420457 1206976 906982823 1206976 957403280
10 0 50026483 1206976 907528683 1206976 957555166
11 0 49656194 1206976 908067487 1206976 957723681
12 0 49289312 1206976 908596625 1206976 957885937
13 0 48898634 1206976 909151855 1206976 958050489
14 0 48553159 1206976 909678493 1206976 958231652
15 0 47907265 1206976 910476292 1206976 958383557
16 0 47490940 1206976 911054540 1206976 958545480
17 0 47117818 1206976 911589788 1206976 958707606
18 0 46729511 1206976 912126722 1206976 958856233
19 0 46321593 1206976 912696896 1206976 959018489
20 0 46080912 1206976 913105296 1206976 959186208
21 0 45804936 1206976 913531010 1206976 959335946
22 0 45487942 1206976 914006482 1206976 959494424
23 0 45238669 1206976 914417918 1206976 959656587
24 0 44969119 1206976 914837725 1206976 959806844
25 0 44735290 1206976 915231384 1206976 959966674
26 0 44666791 1206976 915640765 1206976 960307556
27 0 44421111 1206976 916039738 1206976 960460849
28 0 44190338 1206976 916440230 1206976 960630568
29 0 43945453 1206976 916846871 1206976 960792324
30 0 43693607 1206976 917249733 1206976 960943340
31 0 43458001 1206976 917655373 1206976 961113374
32 0 43229597 1206976 918057847 1206976 961287444
33 0 42992213 1206976 918446580 1206976 961438793
34 0 42694460 1206976 918904534 1206976 961598994
35 0 42470241 1206976 919304397 1206976 961774638
36 0 42223876 1206976 919713111 1206976 961936987
37 0 41905494 1206976 920201175 1206976 962106669
38 0 41652851 1206976 920613315 1206976 962266166
39 0 41412652 1206976 921017437 1206976 962430089
40 0 41136972 1206976 921441151 1206976 962578123
41 0 40892661 1206976 921844125 1206976 962736786
42 0 40662333 1206976 922243561 1206976 962905894
43 0 40414727 1206976 922650127 1206976 963064854
44 0 40158805 1206976 923053416 1206976 963212221
45 0 39903682 1206976 923468296 1206976 963371978
46 0 39626057 1206976 923906047 1206976 963532104
47 0 39349137 1206976 924339742 1206976 963688879
48 0 39100511 1206976 924755401 1206976 963855912
49 0 38818758 1206976 925198744 1206976 964017502
50 0 38573818 1206976 925615958 1206976 964189776
51 0 38323231 1206976 926017209 1206976 964340440
52 0 38090199 1206976 926411942 1206976 964502141
53 0 37862147 1206976 926809564 1206976 964671711
54 0 37632596 1206976 927186909 1206976 964819505
55 0 37378786 1206976 927600271 1206976 964979057
56 0 37160345 1206976 927978190 1206976 965138535
57 0 36917054 1206976 928383071 1206976 965300125
58 0 36673874 1206976 928772674 1206976 965446548
59 0 36432342 1206976 929189425 1206976 965621767
60 0 36207531 1206976 929587288 1206976 965794819
61 0 35968018 1206976 929976187 1206976 965944205
62 0 35690634 1206976 930418697 1206976 966109331
63 0 35455083 1206976 930817134 1206976 966272217
64 0 35222403 1206976 931216959 1206976 966439362
