1 0 26871474 5702458 202067258 5702458 228938732
2 0 24864731 5702458 204420161 5702458 229284892
3 0 23933248 5702458 205710916 5702458 229644164
4 0 23036912 5702458 206933191 5702458 229970103
5 0 22249056 5702458 208166817 5702458 230415873
6 0 21289702 5702458 209471035 5702458 230760737
7 0 20238905 5702458 210855789 5702458 231094694
8 0 19412735 5702458 212078693 5702458 231491428
1 0 20398254 5702466 116616914 5702466 137015168
2 0 18855114 5702466 118417494 5702466 137272608
3 0 18142849 5702466 119396569 5702466 137539418
4 0 17288253 5702466 120496735 5702466 137784988
5 0 16590432 5702466 121449644 5702466 138040076
6 0 15928165 5702466 122366499 5702466 138294664
7 0 15239196 5702466 123302871 5702466 138542067
8 0 14619021 5702466 124220022 5702466 138839043
1 0 20260811 5702474 66597449 5702474 86858260
2 0 18721487 5702474 68387473 5702474 87108960
3 0 18014813 5702474 69363475 5702474 87378288
4 0 17231550 5702474 70391808 5702474 87623358
5 0 16529525 5702474 71348180 5702474 87877705
6 0 15868407 5702474 72261313 5702474 88129720
7 0 15185882 5702474 73190463 5702474 88376345
8 0 14576411 5702474 74095725 5702474 88672136
1 0 25581033 5702482 186600611 5702482 212181644
2 0 24119373 5702482 188397117 5702482 212516490
3 0 23504180 5702482 189374174 5702482 212878354
4 0 22656010 5702482 190547505 5702482 213203515
5 0 22023372 5702482 191518340 5702482 213541712
6 0 21149814 5702482 192731781 5702482 213881595
7 0 20223663 5702482 193987852 5702482 214211515
8 0 19404807 5702482 195197942 5702482 214602749
1 0 21078759 5702490 126505601 5702490 147584360
2 0 19548731 5702490 128297921 5702490 147846652
3 0 18839076 5702490 129274589 5702490 148113665
4 0 18063016 5702490 130296701 5702490 148359717
5 0 17359843 5702490 131255795 5702490 148615638
6 0 16701244 5702490 132170186 5702490 148871430
7 0 16021867 5702490 133098133 5702490 149120000
8 0 15401914 5702490 134011395 5702490 149413309
1 0 25339480 5702498 6470279 5702498 31809759
2 0 23862580 5702498 8282506 5702498 32145086
3 0 23240332 5702498 9260507 5702498 32500839
4 0 22496882 5702498 10327155 5702498 32824037
5 0 21860542 5702498 11304008 5702498 33164550
6 0 21249608 5702498 12328268 5702498 33577876
7 0 20336310 5702498 13573431 5702498 33909741
8 0 19529175 5702498 14774633 5702498 34303808
1 0 22893282 5702506 171816461 5702506 194709743
2 0 20794949 5702506 174166697 5702506 194961646
3 0 19771411 5702506 175465712 5702506 195237123
4 0 18794503 5702506 176687801 5702506 195482304
5 0 17827390 5702506 177913150 5702506 195740540
6 0 16867925 5702506 179129166 5702506 195997091
7 0 15789352 5702506 180455864 5702506 196245216
8 0 14845553 5702506 181698491 5702506 196544044
1 0 20345734 5702514 316779893 5702514 337125627
2 0 18802484 5702514 318573861 5702514 337376345
3 0 18097163 5702514 319550307 5702514 337647470
4 0 17276417 5702514 320620400 5702514 337896817
5 0 16587060 5702514 321562809 5702514 338149869
6 0 15926312 5702514 322478089 5702514 338404401
7 0 15243213 5702514 323407573 5702514 338650786
8 0 14632261 5702514 324315001 5702514 338947262
1 0 27630661 5702522 211664757 5702522 239295418
2 0 25637881 5702522 214000419 5702522 239638300
3 0 24697009 5702522 215297730 5702522 239994739
4 0 23859653 5702522 216527134 5702522 240386787
5 0 22973169 5702522 217756964 5702522 240730133
6 0 22100703 5702522 218974702 5702522 241075405
7 0 21006426 5702522 220399732 5702522 241406158
8 0 20150496 5702522 221650877 5702522 241801373
1 0 22751561 5702530 332154338 5702530 354905899
2 0 20680875 5702530 334473964 5702530 355154839
3 0 19668524 5702530 335755885 5702530 355424409
4 0 18704707 5702530 336963771 5702530 355668478
5 0 17742057 5702530 338177843 5702530 355919900
6 0 16793741 5702530 339376747 5702530 356170488
7 0 15603743 5702530 340811815 5702530 356415558
8 0 14684741 5702530 342031978 5702530 356716719
