1 0 32685441 5702538 217896833 5702538 250582274
2 0 31163005 5702538 219684468 5702538 250847473
3 0 30264984 5702538 220828522 5702538 251093506
4 0 29587829 5702538 221762598 5702538 251350427
5 0 28895712 5702538 222710063 5702538 251605775
6 0 28251557 5702538 223624028 5702538 251875585
7 0 27568365 5702538 224550993 5702538 252119358
8 0 26928080 5702538 225457088 5702538 252385168
9 0 26285110 5702538 226354720 5702538 252639830
10 0 25622937 5702538 227264019 5702538 252886956
11 0 24958985 5702538 228179818 5702538 253138803
12 0 24290312 5702538 229096802 5702538 253387114
13 0 23649009 5702538 229993730 5702538 253642739
14 0 22887262 5702538 231002250 5702538 253889512
15 0 22178738 5702538 231965362 5702538 254144100
16 0 21521842 5702538 232875383 5702538 254397225
1 0 41107254 5702547 311732828 5702547 352840082
2 0 38992014 5702547 314030139 5702547 353022153
3 0 37869979 5702547 315315857 5702547 353185836
4 0 36824719 5702547 316533206 5702547 353357925
5 0 35742646 5702547 317789239 5702547 353531885
6 0 34705127 5702547 319006514 5702547 353711641
7 0 33450539 5702547 320422359 5702547 353872898
8 0 32395317 5702547 321655800 5702547 354051117
9 0 31369482 5702547 322852761 5702547 354222243
10 0 30336927 5702547 324062369 5702547 354399296
11 0 29310130 5702547 325259255 5702547 354569385
12 0 28248705 5702547 326486900 5702547 354735605
13 0 27225852 5702547 327679009 5702547 354904861
14 0 26197408 5702547 328871839 5702547 355069247
15 0 25046224 5702547 330192686 5702547 355238910
16 0 23991039 5702547 331417350 5702547 355408389
1 0 33880604 5702556 352070789 5702556 385951393
2 0 31883621 5702556 354337730 5702556 386221351
3 0 30849306 5702556 355615615 5702556 386464921
4 0 29900768 5702556 356819834 5702556 386720602
5 0 28908248 5702556 358068979 5702556 386977227
6 0 27974654 5702556 359272346 5702556 387247000
7 0 26802285 5702556 360688747 5702556 387491032
8 0 25843228 5702556 361910855 5702556 387754083
9 0 25011742 5702556 362998966 5702556 388010708
10 0 24347440 5702556 363911468 5702556 388258908
11 0 23704285 5702556 364809526 5702556 388513811
12 0 23022222 5702556 365740380 5702556 388762602
13 0 22381585 5702556 366632809 5702556 389014394
14 0 21736968 5702556 367523737 5702556 389260705
15 0 21030776 5702556 368481924 5702556 389512700
16 0 20379676 5702556 369387742 5702556 389767418
1 0 41746798 5702565 330898493 5702565 372645291
2 0 39813277 5702565 333182434 5702565 372995711
3 0 38849368 5702565 334471596 5702565 373320964
4 0 37978069 5702565 335683556 5702565 373661625
5 0 37070047 5702565 336930053 5702565 374000100
6 0 36210896 5702565 338136291 5702565 374347187
7 0 35301412 5702565 339365436 5702565 374666848
8 0 34366317 5702565 340651524 5702565 375017841
9 0 33493481 5702565 341860373 5702565 375353854
10 0 32609941 5702565 343064778 5702565 375674719
11 0 31755993 5702565 344267812 5702565 376023805
12 0 30852436 5702565 345501771 5702565 376354207
13 0 29993803 5702565 346696824 5702565 376690627
14 0 29123484 5702565 347885433 5702565 377008917
15 0 28189464 5702565 349154114 5702565 377343578
16 0 27189056 5702565 350492590 5702565 377681646
1 0 34110044 5702574 161717478 5702574 195827522
2 0 32080950 5702574 164013660 5702574 196094610
3 0 31044487 5702574 165293433 5702574 196337920
4 0 30085781 5702574 166504968 5702574 196590749
5 0 29093114 5702574 167752538 5702574 196845652
6 0 28160408 5702574 168955480 5702574 197115888
7 0 26858376 5702574 170498767 5702574 197357143
8 0 25872023 5702574 171747689 5702574 197619712
9 0 24987427 5702574 172886188 5702574 197873615
10 0 24326772 5702574 173796561 5702574 198123333
11 0 23672451 5702574 174701470 5702574 198373921
12 0 22989852 5702574 175631435 5702574 198621287
13 0 22341104 5702574 176529531 5702574 198870635
14 0 21691671 5702574 177424200 5702574 199115871
15 0 20984850 5702574 178381535 5702574 199366385
16 0 20335695 5702574 179283649 5702574 199619344
1 0 41485357 5702582 932173291 5702582 973658648
2 0 39528188 5702582 934491343 5702582 974019531
3 0 38562519 5702582 935783839 5702582 974346358
4 0 37691036 5702582 936997650 5702582 974688686
5 0 36781014 5702582 938249573 5702582 975030587
6 0 35927511 5702582 939458792 5702582 975386303
7 0 34891548 5702582 940818879 5702582 975710427
8 0 34030322 5702582 942031061 5702582 976061383
9 0 33182801 5702582 943220299 5702582 976403100
10 0 32320075 5702582 944416204 5702582 976736279
11 0 31463905 5702582 945613090 5702582 977076995
12 0 30564032 5702582 946846328 5702582 977410360
13 0 29716862 5702582 948033103 5702582 977749965
14 0 28856507 5702582 949222674 5702582 978079181
15 0 27854117 5702582 950565817 5702582 978419934
16 0 26971540 5702582 951783499 5702582 978755039
1 0 41591484 5702591 741841782 5702591 783433266
2 0 39672963 5702591 744135074 5702591 783808037
3 0 38711331 5702591 745421126 5702591 784132457
4 0 37834551 5702591 746638456 5702591 784473007
5 0 36920752 5702591 747891545 5702591 784812297
6 0 36070768 5702591 749099171 5702591 785169939
7 0 35053693 5702591 750439277 5702591 785492970
8 0 34160394 5702591 751683014 5702591 785843408
9 0 33299520 5702591 752883808 5702591 786183328
10 0 32437387 5702591 754077065 5702591 786514452
11 0 31581236 5702591 755269858 5702591 786851094
12 0 30680104 5702591 756499410 5702591 787179514
13 0 29822952 5702591 757691778 5702591 787514730
14 0 28959578 5702591 758883498 5702591 787843076
15 0 27939208 5702591 760239751 5702591 788178959
16 0 27037317 5702591 761476896 5702591 788514213
1 0 21233993 5702600 541810854 5702600 563044847
2 0 20248122 5702600 542978278 5702600 563226400
3 0 19790426 5702600 543603600 5702600 563394026
4 0 19366989 5702600 544203090 5702600 563570079
5 0 18945552 5702600 544807764 5702600 563753316
6 0 18538652 5702600 545397068 5702600 563935720
7 0 18101753 5702600 545998539 5702600 564100292
8 0 17699722 5702600 546584103 5702600 564283825
9 0 17291008 5702600 547168574 5702600 564459582
10 0 16878348 5702600 547751027 5702600 564629375
11 0 16461374 5702600 548341868 5702600 564803242
12 0 16037141 5702600 548937820 5702600 564974961
13 0 15628075 5702600 549519865 5702600 565147940
14 0 15354301 5702600 550165484 5702600 565519785
15 0 14840847 5702600 550874527 5702600 565715374
16 0 14366837 5702600 551528126 5702600 565894963
1 0 31464478 5702609 666874913 5702609 698339391
2 0 29978560 5702609 668625678 5702609 698604238
3 0 29264535 5702609 669598772 5702609 698863307
4 0 28402273 5702609 670718956 5702609 699121229
5 0 27701137 5702609 671682976 5702609 699384113
6 0 27046705 5702609 672599885 5702609 699646590
7 0 26364494 5702609 673525480 5702609 699889974
8 0 25799116 5702609 674439149 5702609 700238265
9 0 25160034 5702609 675341596 5702609 700501630
10 0 24509768 5702609 676240747 5702609 700750515
11 0 23862798 5702609 677141953 5702609 701004751
12 0 23171328 5702609 678083455 5702609 701254783
13 0 22523321 5702609 678984902 5702609 701508223
14 0 21871426 5702609 679884163 5702609 701755589
15 0 21092329 5702609 680918756 5702609 702011085
16 0 20431859 5702609 681832518 5702609 702264377
1 0 32582698 5702618 477093591 5702618 509676289
2 0 31067725 5702618 478873541 5702618 509941266
3 0 30497791 5702618 479845857 5702618 510343648
4 0 29603306 5702618 481001263 5702618 510604569
5 0 28891449 5702618 481973245 5702618 510864694
6 0 28243683 5702618 482889099 5702618 511132782
7 0 27555065 5702618 483822953 5702618 511378018
8 0 26911447 5702618 484733937 5702618 511645384
9 0 26266310 5702618 485636069 5702618 511902379
10 0 25606952 5702618 486545849 5702618 512152801
11 0 24959019 5702618 487449555 5702618 512408574
12 0 24281587 5702618 488377983 5702618 512659570
13 0 23638913 5702618 489276134 5702618 512915047
14 0 22937148 5702618 490226839 5702618 513163987
15 0 22204623 5702618 491215692 5702618 513420315
16 0 21549894 5702618 492130046 5702618 513679940
