1 0 53273311 5702627 526984623 5702627 580257934
2 0 51776504 5702627 528737555 5702627 580514059
3 0 51088516 5702627 529695742 5702627 580784258
4 0 50215699 5702627 530823851 5702627 581039550
5 0 49527470 5702627 531751613 5702627 581279083
6 0 48882426 5702627 532654782 5702627 581537208
7 0 48201383 5702627 533575654 5702627 581777037
8 0 47586875 5702627 534488564 5702627 582075439
9 0 46925868 5702627 535390326 5702627 582316194
10 0 46296750 5702627 536282847 5702627 582579597
11 0 45646113 5702627 537189220 5702627 582835333
12 0 44938144 5702627 538141814 5702627 583079958
13 0 44293156 5702627 539039335 5702627 583332491
14 0 43639204 5702627 539940041 5702627 583579245
15 0 42920421 5702627 540910450 5702627 583830871
16 0 42260303 5702627 541815378 5702627 584075681
17 0 41625648 5702627 542714973 5702627 584340621
18 0 40961864 5702627 543629697 5702627 584591561
19 0 40241913 5702627 544588069 5702627 584829982
20 0 39582165 5702627 545510331 5702627 585092496
21 0 38860363 5702627 546482758 5702627 585343121
22 0 38230189 5702627 547366261 5702627 585596450
23 0 37593349 5702627 548244634 5702627 585837983
24 0 36969823 5702627 549125655 5702627 586095478
25 0 36217355 5702627 550131971 5702627 586349326
26 0 35551071 5702627 551045880 5702627 586596951
27 0 34929156 5702627 551918902 5702627 586848058
28 0 34291445 5702627 552807423 5702627 587098868
29 0 33678455 5702627 553675945 5702627 587354400
30 0 33042504 5702627 554551725 5702627 587594229
31 0 32407812 5702627 555436765 5702627 587844577
32 0 31796434 5702627 556306101 5702627 588102535
1 0 58394348 5702638 441910535 5702638 500304883
2 0 56390680 5702638 444181013 5702638 500571693
3 0 55377809 5702638 445468249 5702638 500846058
4 0 54384290 5702638 446720097 5702638 501104387
5 0 53412492 5702638 447946594 5702638 501359086
6 0 52451566 5702638 449166164 5702638 501617730
7 0 51264290 5702638 450602343 5702638 501866633
8 0 50306270 5702638 451860894 5702638 502167164
9 0 49419156 5702638 452992504 5702638 502411660
10 0 48766260 5702638 453911617 5702638 502677877
11 0 48104143 5702638 454831008 5702638 502935151
12 0 47382470 5702638 455804528 5702638 503186998
13 0 46720260 5702638 456723363 5702638 503443623
14 0 46056513 5702638 457638180 5702638 503694693
15 0 45400172 5702638 458549238 5702638 503949410
16 0 44730036 5702638 459468907 5702638 504198943
17 0 44020530 5702638 460433519 5702638 504454049
18 0 43310784 5702638 461397854 5702638 504708638
19 0 42590611 5702638 462361781 5702638 504952392
20 0 41959363 5702638 463261210 5702638 505220573
21 0 41241117 5702638 464231155 5702638 505472272
22 0 40592092 5702638 465136787 5702638 505728879
23 0 39948029 5702638 466028438 5702638 505976467
24 0 39312374 5702638 466925070 5702638 506237444
25 0 38630867 5702638 467864868 5702638 506495735
26 0 37989823 5702638 468757371 5702638 506747194
27 0 37360889 5702638 469643300 5702638 507004189
28 0 36614866 5702638 470644041 5702638 507258907
29 0 35981692 5702638 471536655 5702638 507518347
30 0 35349055 5702638 472426176 5702638 507775231
31 0 34702993 5702638 473328382 5702638 508031375
32 0 34080059 5702638 474212885 5702638 508292944
1 0 72252933 5702649 357196374 5702649 429449307
2 0 70834773 5702649 358955917 5702649 429790690
3 0 71229896 5702649 359931788 5702649 431161684
4 0 70508853 5702649 361019602 5702649 431528455
5 0 69883383 5702649 361973715 5702649 431857098
6 0 68991306 5702649 363223100 5702649 432214406
7 0 68081971 5702649 364460744 5702649 432542715
8 0 67269837 5702649 365682667 5702649 432952504
9 0 66390575 5702649 366891386 5702649 433281961
10 0 65544904 5702649 368092680 5702649 433637584
11 0 64676476 5702649 369304232 5702649 433980708
12 0 63557274 5702649 370750169 5702649 434307443
13 0 62679548 5702649 371970370 5702649 434649918
14 0 61805675 5702649 373181663 5702649 434987338
15 0 60934506 5702649 374392808 5702649 435327314
16 0 60046873 5702649 375609731 5702649 435656604
17 0 59185741 5702649 376812561 5702649 435998302
18 0 58266813 5702649 378071983 5702649 436338796
19 0 57325866 5702649 379338127 5702649 436663993
20 0 56420901 5702649 380592438 5702649 437013339
21 0 55467233 5702649 381882730 5702649 437349963
22 0 54605915 5702649 383085023 5702649 437690938
23 0 53746467 5702649 384271243 5702649 438017710
24 0 52897520 5702649 385461814 5702649 438359334
25 0 51996999 5702649 386706977 5702649 438703976
26 0 51149347 5702649 387888419 5702649 439037766
27 0 50318991 5702649 389060676 5702649 439379667
28 0 49404841 5702649 390314339 5702649 439719180
29 0 48746927 5702649 391513465 5702649 440260392
30 0 47928923 5702649 392686111 5702649 440615034
31 0 47091289 5702649 393885516 5702649 440976805
32 0 46271953 5702649 395059124 5702649 441331077
1 0 53698782 5702660 227097184 5702660 280795966
2 0 52201253 5702660 228854263 5702660 281055516
3 0 51502877 5702660 229820394 5702660 281323271
4 0 50674336 5702660 230907097 5702660 281581433
5 0 49987645 5702660 231836543 5702660 281824188
6 0 49335119 5702660 232745138 5702660 282080257
7 0 48667687 5702660 233665714 5702660 282333401
8 0 48052939 5702660 234577957 5702660 282630896
9 0 47398728 5702660 235479182 5702660 282877910
10 0 46772313 5702660 236374648 5702660 283146961
11 0 46131992 5702660 237278131 5702660 283410123
12 0 45411986 5702660 238240892 5702660 283652878
13 0 44766442 5702660 239139820 5702660 283906262
14 0 43989493 5702660 240168413 5702660 284157906
15 0 43286542 5702660 241131137 5702660 284417679
16 0 42623147 5702660 242038046 5702660 284661193
17 0 41975584 5702660 242938993 5702660 284914577
18 0 41290855 5702660 243878088 5702660 285168943
19 0 40569016 5702660 244845126 5702660 285414142
20 0 39933583 5702660 245745962 5702660 285679545
21 0 39214244 5702660 246717574 5702660 285931818
22 0 38577163 5702660 247609243 5702660 286186406
23 0 37945878 5702660 248488487 5702660 286434365
24 0 37331723 5702660 249372304 5702660 286704027
25 0 36536088 5702660 250423786 5702660 286959874
26 0 35884581 5702660 251326455 5702660 287211036
27 0 35263852 5702660 252200365 5702660 287464217
28 0 34628122 5702660 253093831 5702660 287721953
29 0 34009485 5702660 253965519 5702660 287975004
30 0 33375626 5702660 254843429 5702660 288219055
31 0 32742823 5702660 255731987 5702660 288474810
32 0 32138518 5702660 256603435 5702660 288741953
1 0 54241456 5702671 97609741 5702671 151851197
2 0 52729243 5702671 99382709 5702671 152111952
3 0 51912165 5702671 100476004 5702671 152388169
4 0 51203511 5702671 101447265 5702671 152650776
5 0 50527449 5702671 102378822 5702671 152906271
6 0 49857683 5702671 103307454 5702671 153165137
7 0 49166417 5702671 104246215 5702671 153412632
8 0 48544559 5702671 105176031 5702671 153720590
9 0 47883866 5702671 106091404 5702671 153975270
10 0 47237322 5702671 107008388 5702671 154245710
11 0 46575834 5702671 107929964 5702671 154505798
12 0 45844681 5702671 108908650 5702671 154753331
13 0 45186951 5702671 109831356 5702671 155018307
14 0 44454206 5702671 110818356 5702671 155272562
15 0 43784884 5702671 111746081 5702671 155530965
16 0 43105174 5702671 112673731 5702671 155778905
17 0 42446019 5702671 113588955 5702671 156034974
18 0 41739420 5702671 114559253 5702671 156298673
19 0 41011656 5702671 115533161 5702671 156544817
20 0 40376686 5702671 116433460 5702671 156810146
21 0 39653366 5702671 117412294 5702671 157065660
22 0 39007895 5702671 118320982 5702671 157328877
23 0 38355315 5702671 119219169 5702671 157574484
24 0 37564014 5702671 120270299 5702671 157834313
25 0 36847934 5702671 121244522 5702671 158092456
26 0 36219704 5702671 122143895 5702671 158363599
27 0 35589698 5702671 123032638 5702671 158622336
28 0 34939802 5702671 123939844 5702671 158879646
29 0 34307980 5702671 124828143 5702671 159136123
30 0 33661269 5702671 125724905 5702671 159386174
31 0 33016392 5702671 126627796 5702671 159644188
32 0 32389218 5702671 127519632 5702671 159908850
1 0 56018739 5702682 16969945 5702682 72988684
2 0 54523006 5702682 18721710 5702682 73244716
3 0 53817112 5702682 19702322 5702682 73519434
4 0 52951757 5702682 20828246 5702682 73780003
5 0 52254807 5702682 21769229 5702682 74024036
6 0 51596504 5702682 22685009 5702682 74281513
7 0 50850572 5702682 23695380 5702682 74545952
8 0 50231898 5702682 24622901 5702682 74854799
9 0 49566261 5702682 25535607 5702682 75101868
10 0 48926737 5702682 26444201 5702682 75370938
11 0 48272266 5702682 27360315 5702682 75632581
12 0 47548020 5702682 28329557 5702682 75877577
13 0 46893791 5702682 29240244 5702682 76134035
14 0 46109953 5702682 30275077 5702682 76385030
15 0 45419114 5702682 31226412 5702682 76645526
16 0 44740848 5702682 32148988 5702682 76889836
17 0 44087323 5702682 33057268 5702682 77144591
18 0 43388576 5702682 34013714 5702682 77402290
19 0 42672663 5702682 34973086 5702682 77645749
20 0 42038414 5702682 35875811 5702682 77914225
21 0 41312965 5702682 36855626 5702682 78168591
22 0 40669772 5702682 37756740 5702682 78426512
23 0 40023488 5702682 38648113 5702682 78671601
24 0 39390832 5702682 39542801 5702682 78933633
25 0 38600050 5702682 40590708 5702682 79190758
26 0 37948284 5702682 41493821 5702682 79442105
27 0 37315648 5702682 42381916 5702682 79697564
28 0 36673029 5702682 43284289 5702682 79957318
29 0 36673289 5702682 44166773 5702682 80840062
30 0 36038948 5702682 45048276 5702682 81087224
31 0 35408867 5702682 45949575 5702682 81358442
32 0 34792896 5702682 46832411 5702682 81625307
1 0 71307908 5702692 682056538 5702692 753364446
2 0 69339592 5702692 684359848 5702692 753699440
3 0 68406720 5702692 685655973 5702692 754062693
4 0 67506810 5702692 686897636 5702692 754404446
5 0 66612771 5702692 688116299 5702692 754729070
6 0 65740434 5702692 689326778 5702692 755067212
7 0 64706268 5702692 690692457 5702692 755398725
8 0 63870487 5702692 691927305 5702692 755797792
9 0 62986540 5702692 693136302 5702692 756122842
10 0 62137425 5702692 694339003 5702692 756476428
11 0 61274367 5702692 695543629 5702692 756817996
12 0 60352272 5702692 696813810 5702692 757166082
13 0 59487213 5702692 698016382 5702692 757503595
14 0 58614432 5702692 699222490 5702692 757836922
15 0 57639672 5702692 700538744 5702692 758178416
16 0 56739355 5702692 701769925 5702692 758509280
17 0 55863592 5702692 702983756 5702692 758847348
18 0 54934073 5702692 704251029 5702692 759185102
19 0 53989886 5702692 705518247 5702692 759508133
20 0 53149697 5702692 706711985 5702692 759861682
21 0 53056124 5702692 707993296 5702692 761049420
22 0 52214918 5702692 709187570 5702692 761402488
23 0 51265268 5702692 710465992 5702692 761731260
24 0 50386802 5702692 711683396 5702692 762070198
25 0 49440375 5702692 712927133 5702692 762367508
26 0 48431596 5702692 714110279 5702692 762541875
27 0 47417780 5702692 715296869 5702692 762714649
28 0 46399188 5702692 716489847 5702692 762889035
29 0 45401280 5702692 717660400 5702692 763061680
30 0 44397464 5702692 718828750 5702692 763226214
31 0 43192561 5702692 720206558 5702692 763399119
32 0 42132634 5702692 721444333 5702692 763576967
1 0 47698756 5702703 387226297 5702703 434925053
2 0 46095008 5702703 389005209 5702703 435100217
3 0 45298170 5702703 389985599 5702703 435283769
4 0 44372798 5702703 391087394 5702703 435460192
5 0 43603089 5702703 392023933 5702703 435627022
6 0 42856603 5702703 392944379 5702703 435800982
7 0 42095098 5702703 393878492 5702703 435973590
8 0 41374611 5702703 394803179 5702703 436177790
9 0 40630439 5702703 395715089 5702703 436345528
10 0 39911619 5702703 396627591 5702703 436539210
11 0 39168298 5702703 397543038 5702703 436711336
12 0 38369275 5702703 398511391 5702703 436880666
13 0 37629141 5702703 399426541 5702703 437055682
14 0 36834118 5702703 400393487 5702703 437227605
15 0 36081242 5702703 401320526 5702703 437401768
16 0 35327775 5702703 402243305 5702703 437571080
17 0 34587769 5702703 403155993 5702703 437743762
18 0 33809839 5702703 404107031 5702703 437916870
19 0 33007279 5702703 405074144 5702703 438081423
20 0 32274051 5702703 405988998 5702703 438263049
21 0 31478899 5702703 406958591 5702703 438437490
22 0 30745042 5702703 407866353 5702703 438611395
23 0 30015037 5702703 408762355 5702703 438777392
24 0 29293456 5702703 409660136 5702703 438953592
25 0 28412250 5702703 410715413 5702703 439127663
26 0 27678060 5702703 411617619 5702703 439295679
27 0 26964165 5702703 412503770 5702703 439467935
28 0 27068441 5702703 413407643 5702703 440476084
29 0 26396824 5702703 414295256 5702703 440692080
30 0 25678503 5702703 415180555 5702703 440859058
31 0 24947517 5702703 416083983 5702703 441031500
32 0 24230769 5702703 416972079 5702703 441202848
1 0 53687871 5702714 297296011 5702714 350983882
2 0 52164824 5702714 299072331 5702714 351237155
3 0 51377449 5702714 300128868 5702714 351506317
4 0 50651111 5702714 301115424 5702714 351766535
5 0 49974438 5702714 302035148 5702714 352009586
6 0 49319172 5702714 302948928 5702714 352268100
7 0 48628776 5702714 303883912 5702714 352512688
8 0 48015621 5702714 304802395 5702714 352818016
9 0 47355873 5702714 305706990 5702714 353062863
10 0 46728644 5702714 306607937 5702714 353336581
11 0 46071470 5702714 307522013 5702714 353593483
12 0 45351909 5702714 308485218 5702714 353837127
13 0 44707772 5702714 309385443 5702714 354093215
14 0 43992211 5702714 310352148 5702714 354344359
15 0 43331464 5702714 311271687 5702714 354603151
16 0 42664698 5702714 312181689 5702714 354846387
17 0 42016117 5702714 313084691 5702714 355100808
18 0 41350184 5702714 314009138 5702714 355359322
19 0 40628364 5702714 314978287 5702714 355606651
20 0 39987857 5702714 315886326 5702714 355874183
21 0 39268555 5702714 316860790 5702714 356129345
22 0 38639270 5702714 317757700 5702714 356396970
23 0 38002208 5702714 318644073 5702714 356646281
24 0 37369108 5702714 319534020 5702714 356903128
25 0 36624436 5702714 320536706 5702714 357161142
26 0 35979930 5702714 321431004 5702714 357410934
27 0 35368403 5702714 322306507 5702714 357674910
28 0 34728100 5702714 323200732 5702714 357928832
29 0 34107518 5702714 324076031 5702714 358183549
30 0 33475585 5702714 324951960 5702714 358427545
31 0 32838060 5702714 325851573 5702714 358689633
32 0 32222348 5702714 326732650 5702714 358954998
1 0 54692482 5702724 956808217 5702725 11500699
2 0 53192434 5702724 958561501 5702725 11753935
3 0 52493391 5702724 959527613 5702725 12021004
4 0 51645147 5702724 960631908 5702725 12277055
5 0 50940623 5702724 961578909 5702725 12519532
6 0 50282413 5702724 962490726 5702725 12773139
7 0 49593499 5702724 963420895 5702725 13014394
8 0 48972695 5702724 964344897 5702725 13317592
9 0 48311819 5702724 965250121 5702725 13561940
10 0 47677700 5702724 966149587 5702725 13827287
11 0 47038897 5702724 967056552 5702725 14095449
12 0 46316503 5702724 968020701 5702725 14337204
13 0 45669514 5702724 968921426 5702725 14590940
14 0 45013878 5702724 969825428 5702725 14839306
15 0 44182152 5702724 970909501 5702725 15091653
16 0 43503850 5702724 971828725 5702725 15332575
17 0 42857546 5702724 972730043 5702725 15587589
18 0 42164410 5702724 973676248 5702725 15840658
19 0 40984283 5702724 975097315 5702725 16081598
20 0 40347610 5702724 975994706 5702725 16342316
21 0 39633696 5702724 976959930 5702725 16593626
22 0 38983467 5702724 977864117 5702725 16847584
23 0 38343164 5702724 978749046 5702725 17092210
24 0 37707231 5702724 979638289 5702725 17345520
25 0 36961374 5702724 980640049 5702725 17601423
26 0 36315867 5702724 981533866 5702725 17849733
27 0 35692823 5702724 982409813 5702725 18102636
28 0 35051982 5702724 983305242 5702725 18357224
29 0 34431326 5702724 984181319 5702725 18612645
30 0 33789449 5702724 985063266 5702725 18852715
31 0 33152516 5702724 985953935 5702725 19106451
32 0 32537305 5702724 986831345 5702725 19368650
