1 0 96995573 5702735 847412039 5702735 944407612
2 0 95499748 5702735 849172674 5702735 944672422
3 0 94696374 5702735 850243747 5702735 944940121
4 0 93990646 5702735 851208304 5702735 945198950
5 0 93284974 5702735 852178916 5702735 945463890
6 0 92616986 5702735 853090307 5702735 945707293
7 0 91956071 5702735 854013587 5702735 945969658
8 0 91293490 5702735 854918960 5702735 946212450
9 0 90648242 5702735 855817370 5702735 946465612
10 0 90006403 5702735 856723131 5702735 946729534
11 0 89331914 5702735 857643652 5702735 946975566
12 0 88686501 5702735 858543524 5702735 947230025
13 0 88034382 5702735 859436916 5702735 947471298
14 0 87324840 5702735 860412250 5702735 947737090
15 0 86653630 5702735 861329548 5702735 947983178
16 0 86016196 5702735 862228884 5702735 948245080
17 0 85376838 5702735 863130960 5702735 948507798
18 0 84699128 5702735 864049999 5702735 948749127
19 0 83929993 5702735 865072889 5702735 949002882
20 0 83251524 5702735 865999279 5702735 949250803
21 0 82539500 5702735 866964799 5702735 949504299
22 0 81894455 5702735 867859672 5702735 949754127
23 0 83176784 5702735 868732619 5702735 951909403
24 0 82619627 5702735 869624622 5702735 952244249
25 0 81882548 5702735 870619919 5702735 952502467
26 0 81253060 5702735 871505921 5702735 952758981
27 0 80612830 5702735 872388887 5702735 953001717
28 0 80007693 5702735 873256371 5702735 953264064
29 0 79388371 5702735 874130930 5702735 953519301
30 0 78771160 5702735 875004877 5702735 953776037
31 0 78149208 5702735 875883398 5702735 954032606
32 0 77489590 5702735 876798845 5702735 954288435
33 0 76856138 5702735 877688792 5702735 954544930
34 0 76227354 5702735 878567146 5702735 954794500
35 0 75612309 5702735 879441075 5702735 955053384
36 0 74946062 5702735 880362910 5702735 955308972
37 0 74282926 5702735 881267931 5702735 955550857
38 0 73658270 5702735 882146934 5702735 955805204
39 0 73022930 5702735 883024455 5702735 956047385
40 0 72403367 5702735 883905365 5702735 956308732
41 0 71775101 5702735 884775090 5702735 956550191
42 0 71161222 5702735 885644908 5702735 956806130
43 0 70533585 5702735 886538911 5702735 957072496
44 0 69905189 5702735 887412117 5702735 957317306
45 0 69288997 5702735 888289564 5702735 957578561
46 0 68593695 5702735 889228473 5702735 957822168
47 0 67936207 5702735 890139827 5702735 958076034
48 0 67284032 5702735 891034756 5702735 958318788
49 0 66667951 5702735 891919425 5702735 958587376
50 0 66059406 5702735 892797280 5702735 958856686
51 0 65435807 5702735 893669986 5702735 959105793
52 0 64798263 5702735 894561433 5702735 959359696
53 0 64160052 5702735 895441917 5702735 959601969
54 0 63540878 5702735 896314568 5702735 959855446
55 0 62934389 5702735 897212867 5702735 960147256
56 0 62337399 5702735 898085055 5702735 960422454
57 0 61729651 5702735 898954854 5702735 960684505
58 0 61086866 5702735 899838357 5702735 960925223
59 0 60384064 5702735 900795784 5702735 961179848
60 0 59739483 5702735 901681935 5702735 961421418
61 0 59107531 5702735 902569530 5702735 961677061
62 0 58476691 5702735 903442181 5702735 961918872
63 0 57868313 5702735 904313702 5702735 962182015
64 0 57223528 5702735 905212409 5702735 962435937
1 0 97977924 5702750 547464390 5702750 645442314
2 0 96494507 5702750 549220302 5702750 645714809
3 0 95594875 5702750 550380874 5702750 645975749
4 0 94898554 5702750 551335820 5702750 646234374
5 0 94189419 5702750 552310228 5702750 646499647
6 0 93528523 5702750 553228138 5702750 646756661
7 0 92853221 5702750 554158065 5702750 647011286
8 0 92186991 5702750 555069716 5702750 647256707
9 0 91534299 5702750 555976496 5702750 647510795
10 0 90898070 5702750 556880924 5702750 647778994
11 0 90216045 5702750 557806241 5702750 648022286
12 0 89560168 5702750 558717169 5702750 648277337
13 0 88901588 5702750 559619208 5702750 648520796
14 0 88196563 5702750 560594191 5702750 648790754
15 0 87525724 5702750 561508507 5702750 649034231
16 0 86888291 5702750 562407880 5702750 649296171
17 0 86242098 5702750 563315605 5702750 649557703
18 0 85554277 5702750 564251921 5702750 649806198
19 0 85414817 5702750 565276884 5702750 650691701
20 0 84773218 5702750 566194608 5702750 650967826
21 0 84073563 5702750 567152369 5702750 651225932
22 0 83419427 5702750 568059649 5702750 651479076
23 0 82794938 5702750 568940578 5702750 651735516
24 0 82153690 5702750 569836580 5702750 651990270
25 0 81455740 5702750 570777600 5702750 652233340
26 0 80822789 5702750 571665380 5702750 652488169
27 0 80179059 5702750 572552494 5702750 652731553
28 0 79748530 5702750 573427719 5702750 653176249
29 0 79127430 5702750 574310240 5702750 653437670
30 0 78498200 5702750 575196410 5702750 653694610
31 0 77875952 5702750 576074135 5702750 653950087
32 0 77218908 5702750 576990285 5702750 654209193
33 0 76582272 5702750 577883787 5702750 654466059
34 0 75952246 5702750 578764660 5702750 654716906
35 0 75332387 5702750 579639756 5702750 654972143
36 0 74647973 5702750 580588591 5702750 655236564
37 0 73982559 5702750 581497426 5702750 655479985
38 0 73353460 5702750 582379947 5702750 655733407
39 0 72711563 5702750 583264913 5702750 655976476
40 0 72090167 5702750 584150786 5702750 656240953
41 0 71459327 5702750 585024640 5702750 656483967
42 0 70840709 5702750 585898902 5702750 656739611
43 0 70201868 5702750 586802627 5702750 657004495
44 0 69568509 5702750 587680074 5702750 657248583
45 0 68959502 5702750 588565058 5702750 657524560
46 0 68259292 5702750 589508782 5702750 657768074
47 0 67581044 5702750 590442636 5702750 658023680
48 0 66933779 5702750 591334934 5702750 658268713
49 0 66299864 5702750 592226215 5702750 658526079
50 0 65682005 5702750 593109532 5702750 658791537
51 0 65060979 5702750 593982183 5702750 659043162
52 0 64412102 5702750 594886389 5702750 659298491
53 0 63772817 5702750 595769262 5702750 659542079
54 0 63152198 5702750 596644932 5702750 659797130
55 0 62524580 5702750 597549082 5702750 660073662
56 0 61929424 5702750 598419307 5702750 660348731
57 0 61309139 5702750 599302162 5702750 660611301
58 0 59992570 5702750 600862411 5702750 660854981
59 0 59298638 5702750 601812468 5702750 661111106
60 0 58658613 5702750 602697915 5702750 661356528
61 0 58026902 5702750 603582344 5702750 661609246
62 0 57391802 5702750 604462587 5702750 661854389
63 0 56784812 5702750 605334424 5702750 662119236
64 0 56148528 5702750 606228667 5702750 662377195
1 0 97637447 5702765 27208501 5702765 124845948
2 0 96140715 5702765 28968414 5702765 125109129
3 0 95432950 5702765 29940433 5702765 125373383
4 0 94639039 5702765 30990229 5702765 125629268
5 0 93925069 5702765 31967175 5702765 125892244
6 0 93262970 5702765 32878177 5702765 126141147
7 0 92594705 5702765 33803901 5702765 126398606
8 0 91926976 5702765 34714292 5702765 126641268
9 0 91281191 5702765 35612054 5702765 126893245
10 0 90625129 5702765 36530333 5702765 127155462
11 0 89950474 5702765 37459039 5702765 127409513
12 0 89299115 5702765 38367523 5702765 127666638
13 0 88642183 5702765 39263525 5702765 127905708
14 0 87912863 5702765 40258433 5702765 128171296
15 0 87215857 5702765 41196657 5702765 128412514
16 0 86577239 5702765 42098418 5702765 128675657
17 0 85935491 5702765 42999958 5702765 128935449
18 0 85226782 5702765 43948848 5702765 129175630
19 0 84472461 5702765 44956349 5702765 129428810
20 0 83814882 5702765 45859406 5702765 129674288
21 0 83111320 5702765 46816315 5702765 129927635
22 0 82504830 5702765 47720151 5702765 130224981
23 0 81882008 5702765 48598246 5702765 130480254
24 0 81247168 5702765 49492526 5702765 130739694
25 0 80548940 5702765 50432250 5702765 130981190
26 0 79912599 5702765 51320660 5702765 131233259
27 0 79269704 5702765 52205144 5702765 131474848
28 0 78659788 5702765 53080462 5702765 131740250
29 0 78036911 5702765 53957316 5702765 131994227
30 0 77408145 5702765 54836337 5702765 132244482
31 0 76784452 5702765 55714062 5702765 132498514
32 0 76125223 5702765 56627620 5702765 132752843
33 0 75492808 5702765 57516845 5702765 133009653
34 0 74861672 5702765 58397051 5702765 133258723
35 0 74242887 5702765 59269554 5702765 133512441
36 0 73495456 5702765 60290721 5702765 133786177
37 0 72811153 5702765 61221612 5702765 134032765
38 0 72180461 5702765 62104540 5702765 134285001
39 0 71537380 5702765 62988080 5702765 134525460
40 0 70912187 5702765 63873379 5702765 134785566
41 0 70286736 5702765 64745307 5702765 135032043
42 0 69665784 5702765 65619569 5702765 135285353
43 0 69032813 5702765 66514887 5702765 135547700
44 0 68401344 5702765 67386704 5702765 135788048
45 0 67783596 5702765 68269577 5702765 136053173
46 0 67086367 5702765 69209505 5702765 136295872
47 0 66426842 5702765 70120711 5702765 136547553
48 0 65768558 5702765 71021361 5702765 136789919
49 0 65135680 5702765 71912364 5702765 137048044
50 0 64522340 5702765 72790792 5702765 137313132
51 0 63903480 5702765 73658536 5702765 137562016
52 0 63259992 5702765 74556705 5702765 137816697
53 0 62621558 5702765 75437208 5702765 138058766
54 0 62003792 5702765 76311562 5702765 138315354
55 0 61344545 5702765 77212046 5702765 138556591
56 0 60741185 5702765 78078049 5702765 138819234
57 0 60124603 5702765 78956552 5702765 139081155
58 0 59487300 5702765 79839869 5702765 139327169
59 0 58781869 5702765 80797296 5702765 139579165
60 0 58146861 5702765 81687873 5702765 139834734
61 0 58907348 5702765 82577227 5702765 141484575
62 0 58291710 5702765 83452434 5702765 141744144
63 0 57682963 5702765 84327140 5702765 142010103
64 0 57031845 5702765 85236105 5702765 142267950
1 0 98895701 5702779 437331420 5702779 536227121
2 0 97382877 5702779 439109406 5702779 536492283
3 0 96563539 5702779 440185072 5702779 536748611
4 0 95849885 5702779 441155499 5702779 537005384
5 0 95135602 5702779 442135315 5702779 537270917
6 0 94469428 5702779 443051558 5702779 537520986
7 0 93796478 5702779 443979319 5702779 537775797
8 0 93127675 5702779 444893784 5702779 538021459
9 0 92480631 5702779 445794564 5702779 538275195
10 0 91836884 5702779 446703251 5702779 538540135
11 0 91149359 5702779 447633197 5702779 538782556
12 0 90494371 5702779 448542551 5702779 539036922
13 0 89839827 5702779 449438980 5702779 539278807
14 0 89128525 5702779 450413499 5702779 539542024
15 0 88462018 5702779 451335983 5702779 539798001
16 0 87852066 5702779 452239411 5702779 540091477
17 0 87222504 5702779 453144394 5702779 540366898
18 0 86515683 5702779 454093970 5702779 540609653
19 0 85746049 5702779 455120340 5702779 540866389
20 0 85076228 5702779 456032731 5702779 541108959
21 0 84371518 5702779 456991899 5702779 541363417
22 0 83712215 5702779 457900753 5702779 541612968
23 0 83088096 5702779 458778719 5702779 541866815
24 0 82447275 5702779 459675073 5702779 542122348
25 0 81616790 5702779 460746739 5702779 542363529
26 0 80974987 5702779 461642593 5702779 542617580
27 0 80328832 5702779 462532225 5702779 542861057
28 0 79714898 5702779 463408450 5702779 543123348
29 0 79084020 5702779 464293046 5702779 543377066
30 0 78446940 5702779 465178844 5702779 543625784
31 0 77822228 5702779 466057662 5702779 543879890
32 0 77160518 5702779 466976127 5702779 544136645
33 0 76517789 5702779 467872500 5702779 544390289
34 0 75883393 5702779 468757298 5702779 544640691
35 0 75265385 5702779 469627894 5702779 544893279
36 0 74584694 5702779 470571118 5702779 545155812
37 0 73917595 5702779 471479453 5702779 545397048
38 0 73284588 5702779 472364808 5702779 545649396
39 0 72653136 5702779 473251866 5702779 545905002
40 0 72024592 5702779 474142757 5702779 546167349
41 0 71389196 5702779 475020982 5702779 546410178
42 0 70770726 5702779 475894355 5702779 546665081
43 0 70129626 5702779 476797672 5702779 546927298
44 0 69495434 5702779 477674045 5702779 547169479
45 0 68872815 5702779 478557604 5702779 547430419
46 0 68175884 5702779 479495420 5702779 547671304
47 0 67502229 5702779 480422792 5702779 547925021
48 0 66856463 5702779 481311609 5702779 548168072
49 0 66217919 5702779 482202538 5702779 548420457
50 0 65599115 5702779 483087133 5702779 548686248
51 0 64977608 5702779 483956858 5702779 548934466
52 0 64326213 5702779 484861434 5702779 549187647
53 0 63684909 5702779 485744937 5702779 549429846
54 0 63058939 5702779 486623588 5702779 549682527
55 0 62404432 5702779 487526812 5702779 549931244
56 0 62419432 5702779 488395463 5702779 550814895
57 0 61802035 5702779 489277911 5702779 551079946
58 0 60737869 5702779 490584276 5702779 551322145
59 0 60048622 5702779 491528722 5702779 551577344
60 0 59407078 5702779 492413836 5702779 551820914
61 0 58775553 5702779 493298005 5702779 552073558
62 0 58140064 5702779 494174841 5702779 552314905
63 0 57530835 5702779 495045584 5702779 552576419
64 0 56903624 5702779 495939031 5702779 552842655
1 0 110992389 5702794 221394273 5702794 332386662
2 0 108908593 5702794 223659306 5702794 332567899
3 0 107803020 5702794 224953154 5702794 332756174
4 0 106766983 5702794 226165539 5702794 332932522
5 0 105672189 5702794 227440849 5702794 333113038
6 0 104633262 5702794 228650865 5702794 333284127
7 0 103572189 5702794 229887879 5702794 333460068
8 0 102439599 5702794 231185578 5702794 333625177
9 0 101410302 5702794 232386668 5702794 333796970
10 0 100382265 5702794 233593887 5702794 333976152
11 0 99318803 5702794 234822253 5702794 334141056
12 0 98282673 5702794 236031102 5702794 334313775
13 0 97250840 5702794 237225747 5702794 334476587
14 0 96230877 5702794 238426151 5702794 334657028
15 0 95196395 5702794 239625408 5702794 334821803
16 0 93984992 5702794 241013734 5702794 334998726
17 0 92942974 5702794 242235138 5702794 335178112
18 0 91838067 5702794 243505504 5702794 335343571
19 0 90674533 5702794 244840054 5702794 335514587
20 0 89641514 5702794 246036829 5702794 335678343
21 0 88544664 5702794 247305695 5702794 335850359
22 0 87516905 5702794 248507099 5702794 336024004
23 0 86524218 5702794 249676412 5702794 336200630
24 0 85430387 5702794 250942370 5702794 336372757
25 0 84414293 5702794 252121127 5702794 336535420
26 0 83408997 5702794 253298254 5702794 336707251
27 0 82395664 5702794 254479195 5702794 336874859
28 0 81419089 5702794 255643526 5702794 337062615
29 0 80423050 5702794 256812765 5702794 337235815
30 0 79410217 5702794 257995354 5702794 337405571
31 0 78420031 5702794 259161130 5702794 337581161
32 0 77292718 5702794 260461810 5702794 337754528
33 0 76246922 5702794 261679825 5702794 337926747
34 0 75240848 5702794 262854841 5702794 338095689
35 0 74251199 5702794 264015375 5702794 338266574
36 0 73262291 5702794 265185632 5702794 338447923
37 0 72226976 5702794 266384703 5702794 338611679
38 0 71223160 5702794 267561349 5702794 338784509
39 0 70212420 5702794 268736142 5702794 338948562
40 0 69216530 5702794 269915732 5702794 339132262
41 0 68147865 5702794 271149339 5702794 339297204
42 0 67151660 5702794 272318059 5702794 339469719
43 0 66132123 5702794 273518056 5702794 339650179
44 0 65135919 5702794 274681072 5702794 339816991
45 0 64137511 5702794 275857347 5702794 339994858
46 0 63096511 5702794 277104214 5702794 340200725
47 0 62100326 5702794 278272933 5702794 340373259
48 0 61095195 5702794 279444709 5702794 340539904
49 0 60017622 5702794 280694334 5702794 340711956
50 0 59019899 5702794 281871887 5702794 340891786
51 0 58029584 5702794 283030940 5702794 341060524
52 0 57017658 5702794 284231474 5702794 341249132
53 0 56007824 5702794 285405416 5702794 341413240
54 0 55014897 5702794 286569636 5702794 341584533
55 0 53978860 5702794 287770596 5702794 341749456
56 0 53004860 5702794 288922408 5702794 341927268
57 0 51174689 5702794 290933427 5702794 342108116
58 0 50112338 5702794 292162553 5702794 342274891
59 0 49073115 5702794 293374069 5702794 342447184
60 0 48065745 5702794 294544881 5702794 342610626
61 0 47062948 5702794 295722452 5702794 342785400
62 0 46059299 5702794 296890709 5702794 342950008
63 0 45080520 5702794 298048170 5702794 343128690
64 0 44066873 5702794 299234074 5702794 343300947
1 0 99490002 5702808 907268121 5702809 6758123
2 0 98023380 5702808 909002701 5702809 7026081
3 0 97300356 5702808 909984424 5702809 7284780
4 0 96501407 5702808 911044035 5702809 7545442
5 0 95789050 5702808 912023776 5702809 7812826
6 0 95126266 5702808 912938723 5702809 8064989
7 0 94455815 5702808 913867243 5702809 8323058
8 0 93789863 5702808 914779542 5702809 8569405
9 0 93149745 5702808 915674748 5702809 8824493
10 0 92507517 5702808 916582194 5702809 9089711
11 0 91822640 5702808 917510659 5702809 9333299
12 0 91166040 5702808 918424328 5702809 9590368
13 0 90506331 5702808 919327422 5702809 9833753
14 0 89864454 5702808 920289275 5702809 10153729
15 0 89187280 5702808 921217759 5702809 10405039
16 0 88551477 5702808 922118150 5702809 10669627
17 0 87914118 5702808 923020615 5702809 10934733
18 0 87233352 5702808 923945895 5702809 11179247
19 0 86454385 5702808 924981098 5702809 11435483
20 0 85783731 5702808 925894600 5702809 11678331
21 0 85073632 5702808 926863546 5702809 11937178
22 0 84436774 5702808 927766381 5702809 12203155
23 0 83813951 5702808 928644421 5702809 12458372
24 0 83172241 5702808 929542349 5702809 12714590
25 0 82427235 5702808 930532591 5702809 12959826
26 0 81786617 5702808 931429519 5702809 13216136
27 0 81138722 5702808 932320688 5702809 13459410
28 0 80523084 5702808 933199506 5702809 13722590
29 0 79894022 5702808 934084897 5702809 13978919
30 0 79261218 5702808 934968696 5702809 14229914
31 0 78634655 5702808 935851384 5702809 14486039
32 0 77967538 5702808 936774052 5702809 14741590
33 0 77331976 5702808 937666832 5702809 14998808
34 0 76699394 5702808 938551483 5702809 15250877
35 0 76077517 5702808 939427615 5702809 15505132
36 0 75401862 5702808 940365673 5702809 15767535
37 0 74732300 5702808 941280119 5702809 16012419
38 0 74105312 5702808 942164603 5702809 16269915
39 0 73461675 5702808 943051217 5702809 16512892
40 0 72835871 5702808 943940016 5702809 16775887
41 0 72203494 5702808 944816129 5702809 17019623
42 0 71584616 5702808 945692132 5702809 17276748
43 0 70947609 5702808 946592949 5702809 17540558
44 0 70315972 5702808 947468915 5702809 17784887
45 0 69701076 5702808 948353047 5702809 18054123
46 0 69002014 5702808 949295623 5702809 18297637
47 0 68252750 5702808 950314345 5702809 18567095
48 0 67595669 5702808 951215570 5702809 18811239
49 0 66951089 5702808 952122738 5702809 19073827
50 0 66332414 5702808 953007408 5702809 19339822
51 0 65709592 5702808 953880318 5702809 19589910
52 0 65062734 5702808 954784227 5702809 19846961
53 0 64477708 5702808 955667600 5702809 20145308
54 0 63861182 5702808 956545362 5702809 20406544
55 0 63201267 5702808 957450494 5702809 20651761
56 0 62595093 5702808 958320849 5702809 20915942
57 0 61980345 5702808 959202685 5702809 21183030
58 0 61295246 5702808 960131298 5702809 21426544
59 0 60619999 5702808 961063244 5702809 21683243
60 0 59976548 5702808 961951376 5702809 21927924
61 0 59348115 5702808 962840341 5702809 22188456
62 0 58716885 5702808 963714974 5702809 22431859
63 0 58101711 5702808 964594254 5702809 22695965
64 0 57460241 5702808 965490886 5702809 22951127
1 0 92839583 5702823 312211034 5702823 405050617
2 0 90726843 5702823 314505956 5702823 405232799
3 0 89613493 5702823 315792173 5702823 405405666
4 0 88581253 5702823 316998818 5702823 405580071
5 0 87491753 5702823 318270388 5702823 405762141
6 0 86460328 5702823 319470218 5702823 405930546
7 0 85281312 5702823 320819712 5702823 406101024
8 0 84235979 5702823 322027857 5702823 406263836
9 0 83220090 5702823 323217039 5702823 406437129
10 0 82198757 5702823 324415277 5702823 406614034
11 0 81139832 5702823 325638199 5702823 406778031
12 0 80110702 5702823 326838511 5702823 406949213
13 0 79084517 5702823 328030582 5702823 407115099
14 0 78067813 5702823 329225949 5702823 407293762
15 0 76870483 5702823 330585350 5702823 407455833
16 0 75846520 5702823 331785458 5702823 407631978
17 0 74826464 5702823 332982659 5702823 407809123
18 0 73774669 5702823 334199896 5702823 407974565
19 0 72616671 5702823 335528502 5702823 408145173
20 0 71558541 5702823 336748610 5702823 408307151
21 0 70470006 5702823 338019846 5702823 408489852
22 0 69449468 5702823 339214047 5702823 408663515
23 0 68363303 5702823 340471357 5702823 408834660
24 0 67330729 5702823 341673465 5702823 409004194
25 0 66323562 5702823 342843370 5702823 409166932
26 0 65326802 5702823 344013719 5702823 409340521
27 0 64314987 5702823 345188217 5702823 409503204
28 0 63329450 5702823 346349084 5702823 409678534
29 0 62330579 5702823 347521637 5702823 409852216
30 0 62082342 5702823 348687524 5702823 410769866
31 0 61115174 5702823 349850262 5702823 410965436
32 0 60012879 5702823 351125702 5702823 411138581
33 0 58997250 5702823 352314699 5702823 411311949
34 0 57993879 5702823 353487974 5702823 411481853
35 0 57008860 5702823 354645453 5702823 411654313
36 0 56026340 5702823 355804210 5702823 411830550
37 0 54995637 5702823 356997670 5702823 411993307
38 0 53997692 5702823 358165167 5702823 412162859
39 0 52990561 5702823 359334943 5702823 412325504
40 0 51815472 5702823 360686844 5702823 412502316
41 0 50804194 5702823 361860730 5702823 412664924
42 0 50112799 5702823 362723493 5702823 412836292
43 0 49688492 5702823 363328000 5702823 413016492
44 0 49268147 5702823 363912175 5702823 413180322
45 0 48868044 5702823 364500386 5702823 413368430
46 0 48398830 5702823 365131819 5702823 413530649
47 0 47985726 5702823 365715235 5702823 413700961
48 0 47557956 5702823 366306576 5702823 413864532
49 0 47138815 5702823 366898325 5702823 414037140
50 0 46731545 5702823 367485944 5702823 414217489
51 0 46320775 5702823 368063748 5702823 414384523
52 0 45891616 5702823 368664052 5702823 414555668
53 0 45466494 5702823 369252171 5702823 414718665
54 0 45053668 5702823 369834198 5702823 414887866
55 0 44424420 5702823 370626276 5702823 415050696
56 0 44019131 5702823 371210080 5702823 415229211
57 0 43615342 5702823 371791514 5702823 415406856
58 0 43187128 5702823 372381559 5702823 415568687
59 0 42746802 5702823 372994252 5702823 415741054
60 0 42324254 5702823 373580741 5702823 415904995
61 0 41904651 5702823 374171619 5702823 416076270
62 0 41482047 5702823 374757016 5702823 416239063
63 0 41077574 5702823 375338320 5702823 416415894
64 0 40651822 5702823 375935254 5702823 416587076
1 0 99107395 5702837 777788433 5702837 876895828
2 0 97608051 5702837 779554346 5702837 877162397
3 0 96776121 5702837 780646382 5702837 877422503
4 0 96110134 5702837 781578772 5702837 877688906
5 0 95406147 5702837 782549847 5702837 877955994
6 0 94744214 5702837 783460942 5702837 878205156
7 0 94081115 5702837 784386499 5702837 878467614
8 0 93425294 5702837 785291427 5702837 878716721
9 0 92784008 5702837 786187467 5702837 878971475
10 0 92154001 5702837 787094284 5702837 879248285
11 0 91471514 5702837 788020045 5702837 879491559
12 0 90819303 5702837 788930436 5702837 879749739
13 0 90163686 5702837 789828456 5702837 879992142
14 0 89772082 5702837 790851938 5702837 880624020
15 0 89099112 5702837 791768866 5702837 880867978
16 0 88468143 5702837 792666016 5702837 881134159
17 0 87829506 5702837 793569907 5702837 881399413
18 0 87126796 5702837 794514946 5702837 881641742
19 0 85894948 5702837 796001660 5702837 881896608
20 0 85218330 5702837 796921884 5702837 882140214
21 0 84513584 5702837 797880533 5702837 882394117
22 0 83859651 5702837 798785091 5702837 882644742
23 0 83234904 5702837 799664019 5702837 882898923
24 0 82529416 5702837 800624002 5702837 883153418
25 0 81878965 5702837 801517671 5702837 883396636
26 0 81252143 5702837 802397840 5702837 883649983
27 0 80607192 5702837 803286361 5702837 883893553
28 0 79992888 5702837 804162290 5702837 884155178
29 0 79365658 5702837 805043719 5702837 884409377
30 0 78728578 5702837 805931165 5702837 884659743
31 0 78108885 5702837 806806594 5702837 884915479
32 0 77445934 5702837 807723429 5702837 885169363
33 0 76806242 5702837 808618635 5702837 885424877
34 0 76173624 5702837 809500175 5702837 885673799
35 0 75476859 5702837 810465435 5702837 885942294
36 0 74844574 5702837 811359734 5702837 886204308
37 0 74182011 5702837 812266070 5702837 886448081
38 0 73543912 5702837 813157053 5702837 886700965
39 0 72904257 5702837 814041815 5702837 886946072
40 0 72277546 5702837 814930929 5702837 887208475
41 0 71645484 5702837 815804635 5702837 887450119
42 0 71024809 5702837 816679638 5702837 887704447
43 0 70390006 5702837 817580992 5702837 887970998
44 0 69757869 5702837 818454810 5702837 888212679
45 0 69137955 5702837 819336701 5702837 888474656
46 0 68395153 5702837 820321924 5702837 888717077
47 0 67748795 5702837 821222685 5702837 888971480
48 0 67110213 5702837 822103892 5702837 889214105
49 0 66476540 5702837 822992635 5702837 889469175
50 0 65859977 5702837 823874267 5702837 889734244
51 0 65244266 5702837 824742955 5702837 889987221
52 0 64649406 5702837 825647291 5702837 890296697
53 0 64005640 5702837 826532849 5702837 890538489
54 0 63387799 5702837 827406407 5702837 890794206
55 0 62724792 5702837 828312002 5702837 891036794
56 0 62118952 5702837 829180801 5702837 891299753
57 0 60829623 5702837 830737477 5702837 891567100
58 0 60140340 5702837 831669978 5702837 891810318
59 0 59496629 5702837 832582443 5702837 892079072
60 0 58853048 5702837 833469223 5702837 892322271
61 0 58224726 5702837 834356541 5702837 892581267
62 0 57585737 5702837 835239173 5702837 892824910
63 0 56976230 5702837 836111583 5702837 893087813
64 0 56320130 5702837 837022030 5702837 893342160
1 0 92524013 5702852 462703896 5702852 555227909
2 0 90423791 5702852 464983559 5702852 555407350
3 0 89309793 5702852 466276387 5702852 555586180
4 0 88265700 5702852 467496069 5702852 555761769
5 0 87162609 5702852 468777231 5702852 555939840
6 0 86111406 5702852 469992783 5702852 556104189
7 0 84875354 5702852 471404721 5702852 556280075
8 0 83827151 5702852 472616347 5702852 556443498
9 0 82793132 5702852 473821455 5702852 556614587
10 0 81769170 5702852 475023470 5702852 556792640
11 0 80709762 5702852 476251226 5702852 556960988
12 0 79672337 5702852 477459741 5702852 557132078
13 0 78642430 5702852 478651775 5702852 557294205
14 0 77618170 5702852 479855031 5702852 557473201
15 0 76454451 5702852 481186044 5702852 557640495
16 0 75424877 5702852 482392911 5702852 557817788
17 0 74392137 5702852 483603296 5702852 557995433
18 0 73287897 5702852 484871033 5702852 558158930
19 0 72130603 5702852 486200268 5702852 558330871
20 0 71108862 5702852 487387339 5702852 558496201
21 0 70002716 5702852 488665723 5702852 558668439
22 0 68975197 5702852 489859554 5702852 558834751
23 0 67900921 5702852 491104364 5702852 559005285
24 0 66881717 5702852 492302565 5702852 559184282
25 0 65871642 5702852 493476470 5702852 559348112
26 0 64880419 5702852 494649782 5702852 559530201
27 0 63859160 5702852 495835038 5702852 559694198
28 0 62871066 5702852 497004073 5702852 559875139
29 0 62749958 5702852 498179533 5702852 560929491
30 0 61757106 5702852 499363011 5702852 561120117
31 0 60643774 5702852 500651525 5702852 561295299
32 0 59586145 5702852 501884799 5702852 561470944
33 0 58564015 5702852 503079296 5702852 561643311
34 0 57555255 5702852 504257423 5702852 561812678
35 0 56569143 5702852 505419717 5702852 561988860
36 0 55569421 5702852 506593844 5702852 562163265
37 0 54530125 5702852 507796785 5702852 562326910
38 0 53527143 5702852 508971671 5702852 562498814
39 0 52369257 5702852 510292073 5702852 562661330
40 0 51329387 5702852 511511384 5702852 562840771
41 0 50456421 5702852 512547551 5702852 563003972
42 0 50039502 5702852 513138059 5702852 563177561
43 0 49610121 5702852 513745492 5702852 563355613
44 0 49184666 5702852 514334333 5702852 563518999
45 0 48766396 5702852 514929785 5702852 563696181
46 0 48293961 5702852 515566866 5702852 563860827
47 0 47877912 5702852 516155967 5702852 564033879
48 0 47450883 5702852 516746012 5702852 564196895
49 0 47027723 5702852 517341057 5702852 564368780
50 0 46632120 5702852 517931268 5702852 564563388
51 0 46214794 5702852 518518739 5702852 564733533
52 0 45787672 5702852 519119673 5702852 564907345
53 0 45360847 5702852 519711069 5702852 565071916
54 0 44897726 5702852 520345113 5702852 565242839
55 0 44444659 5702852 520962047 5702852 565406706
56 0 44039037 5702852 521545610 5702852 565584647
57 0 43624729 5702852 522138711 5702852 565763440
58 0 43193422 5702852 522733626 5702852 565927048
59 0 42752968 5702852 523347985 5702852 566100953
60 0 42325661 5702852 523939641 5702852 566265302
61 0 41901076 5702852 524536630 5702852 566437706
62 0 41475713 5702852 525124397 5702852 566600110
63 0 41066164 5702852 525711776 5702852 566777940
64 0 40635654 5702852 526314876 5702852 566950530
1 0 96319331 5702866 852248568 5702866 948567899
2 0 94229443 5702866 854524694 5702866 948754137
3 0 93099482 5702866 855832059 5702866 948931541
4 0 92049520 5702866 857063407 5702866 949112927
5 0 90935780 5702866 858359754 5702866 949295534
6 0 89883337 5702866 859583028 5702866 949466365
7 0 88680895 5702866 860958411 5702866 949639306
8 0 87618544 5702866 862192037 5702866 949810581
9 0 86573934 5702866 863409107 5702866 949983041
10 0 85486731 5702866 864716028 5702866 950202759
11 0 84394065 5702866 865974672 5702866 950368737
12 0 83348862 5702866 867195798 5702866 950544660
13 0 82301640 5702866 868408554 5702866 950710194
14 0 81266640 5702866 869625754 5702866 950892394
15 0 80123050 5702866 870934027 5702866 951057077
16 0 79083106 5702866 872168060 5702866 951251166
17 0 78046014 5702866 873385871 5702866 951431885
18 0 76936441 5702866 874661811 5702866 951598252
19 0 75168287 5702866 876602517 5702866 951770804
20 0 74129788 5702866 877809365 5702866 951939153
21 0 73017975 5702866 879096157 5702866 952114132
22 0 71920291 5702866 880363541 5702866 952283832
23 0 70880236 5702866 881578297 5702866 952458533
24 0 69846829 5702866 882783386 5702866 952630215
25 0 68832198 5702866 883966180 5702866 952798378
26 0 67817310 5702866 885152862 5702866 952970172
27 0 66786070 5702866 886348525 5702866 953134595
28 0 65786421 5702866 887525541 5702866 953311962
29 0 64780810 5702866 888709297 5702866 953490107
30 0 63757809 5702866 889901998 5702866 953659807
31 0 62621737 5702866 891210715 5702866 953832452
32 0 61559700 5702866 892448582 5702866 954008282
33 0 60535664 5702866 893649449 5702866 954185113
34 0 59518442 5702866 894837538 5702866 954355980
35 0 58518200 5702866 896010832 5702866 954529032
36 0 57514459 5702866 897193718 5702866 954708177
37 0 56466256 5702866 898409029 5702866 954875285
38 0 55451126 5702866 899597267 5702866 955048393
39 0 54364701 5702866 900847782 5702866 955212483
40 0 53347794 5702866 902045241 5702866 955393035
41 0 52350423 5702866 903222405 5702866 955572828
42 0 51348441 5702866 904397421 5702866 955745862
43 0 50306404 5702866 905619825 5702866 955926229
44 0 49292812 5702866 906797359 5702866 956090171
45 0 48278793 5702866 907988486 5702866 956267279
46 0 47186868 5702866 909249259 5702866 956436127
47 0 46123240 5702866 910484866 5702866 956608106
48 0 45088184 5702866 911685363 5702866 956773547
49 0 44350809 5702866 912594828 5702866 956945637
50 0 43937094 5702866 913195984 5702866 957133078
51 0 43515935 5702866 913786825 5702866 957302760
52 0 43079405 5702866 914395944 5702866 957475349
53 0 42647784 5702866 914992711 5702866 957640495
54 0 42231921 5702866 915585385 5702866 957817306
55 0 41783133 5702866 916199152 5702866 957982285
56 0 41378622 5702866 916783826 5702866 958162448
57 0 41734467 5702866 917376205 5702866 959110672
58 0 41286419 5702866 917974898 5702866 959261317
59 0 40822299 5702866 918595886 5702866 959418185
60 0 40387399 5702866 919195727 5702866 959583126
61 0 39961444 5702866 919795790 5702866 959757234
62 0 39494118 5702866 920431557 5702866 959925675
63 0 39981110 5702866 921026750 5702866 961007860
64 0 39545933 5702866 921636609 5702866 961182542
