1 0 156880566 5702881 467804470 5702881 624685036
2 0 155238096 5702881 469627270 5702881 624865366
3 0 154291725 5702881 470737916 5702881 625029641
4 0 153529350 5702881 471679825 5702881 625209175
5 0 152782548 5702881 472590346 5702881 625372894
6 0 152048154 5702881 473508959 5702881 625557113
7 0 151283890 5702881 474446220 5702881 625730110
8 0 150546496 5702881 475346148 5702881 625892644
9 0 149815584 5702881 476247983 5702881 626063567
10 0 149089041 5702881 477143689 5702881 626232730
11 0 148366442 5702881 478048951 5702881 626415393
12 0 147639567 5702881 478941601 5702881 626581168
13 0 146884507 5702881 479866899 5702881 626751406
14 0 146028188 5702881 480894270 5702881 626922458
15 0 145291054 5702881 481793420 5702881 627084474
16 0 144495217 5702881 482764495 5702881 627259712
17 0 143755138 5702881 483666682 5702881 627421820
18 0 143019429 5702881 484573573 5702881 627593002
19 0 142210462 5702881 485551722 5702881 627762184
20 0 141478234 5702881 486455113 5702881 627933347
21 0 140681897 5702881 487429818 5702881 628111715
22 0 139961355 5702881 488325153 5702881 628286508
23 0 139252738 5702881 489206378 5702881 628459116
24 0 138499881 5702881 490121158 5702881 628621039
25 0 137754968 5702881 491037327 5702881 628792295
26 0 137052944 5702881 491902663 5702881 628955607
27 0 136352068 5702881 492781906 5702881 629133974
28 0 135630488 5702881 493675001 5702881 629305489
29 0 134887002 5702881 494580651 5702881 629467653
30 0 134175959 5702881 495463858 5702881 629639817
31 0 133465749 5702881 496341379 5702881 629807128
32 0 132775280 5702881 497209678 5702881 629984958
33 0 132858539 5702881 498092495 5702881 630951034
34 0 132152385 5702881 498972053 5702881 631124438
35 0 131444305 5702881 499866944 5702881 631311249
36 0 130693985 5702881 500781058 5702881 631475043
37 0 129962165 5702881 501685189 5702881 631647354
38 0 129254400 5702881 502555822 5702881 631810222
39 0 128561691 5702881 503423713 5702881 631985404
40 0 127846148 5702881 504312049 5702881 632158197
41 0 127142420 5702881 505187163 5702881 632329583
42 0 126435173 5702881 506066925 5702881 632502098
43 0 125692409 5702881 506974575 5702881 632666984
44 0 124981163 5702881 507860059 5702881 632841222
45 0 124281990 5702881 508739636 5702881 633021626
46 0 123593280 5702881 509602157 5702881 633195437
47 0 122789832 5702881 510573825 5702881 633363657
48 0 122085326 5702881 511454494 5702881 633539820
49 0 121363006 5702881 512348070 5702881 633711076
50 0 120643204 5702881 513230147 5702881 633873351
51 0 119955365 5702881 514094983 5702881 634050348
52 0 119273729 5702881 514973282 5702881 634247011
53 0 118568963 5702881 515854748 5702881 634423711
54 0 117852421 5702881 516743917 5702881 634596338
55 0 117138861 5702881 517621530 5702881 634760391
56 0 116429947 5702881 518507774 5702881 634937721
57 0 115668479 5702881 519433053 5702881 635101532
58 0 114938474 5702881 520349833 5702881 635288307
59 0 114208599 5702881 521255742 5702881 635464341
60 0 113507129 5702881 522128412 5702881 635635541
61 0 112801975 5702881 523009285 5702881 635811260
62 0 112087210 5702881 523892195 5702881 635979405
63 0 111388872 5702881 524763327 5702881 636152199
64 0 110668570 5702881 525650848 5702881 636319418
65 0 109960713 5702881 526532202 5702881 636492915
66 0 109243948 5702881 527411038 5702881 636654986
67 0 108560219 5702881 528270893 5702881 636831112
68 0 107843139 5702881 529170377 5702881 637013516
69 0 107110264 5702881 530069175 5702881 637179439
70 0 106349852 5702881 531005547 5702881 637355399
71 0 105622439 5702881 531906364 5702881 637528803
72 0 104931933 5702881 532769497 5702881 637701430
73 0 104211298 5702881 533658666 5702881 637869964
74 0 103518755 5702881 534527020 5702881 638045775
75 0 102812657 5702881 535406060 5702881 638218717
76 0 102092948 5702881 536296451 5702881 638389399
77 0 101404775 5702881 537156899 5702881 638561674
78 0 100679010 5702881 538048975 5702881 638727985
79 0 99987097 5702881 538916904 5702881 638904001
80 0 99271962 5702881 539796221 5702881 639068183
81 0 98496457 5702881 540743945 5702881 639240402
82 0 97798155 5702881 541618336 5702881 639416491
83 0 97091131 5702881 542489376 5702881 639580507
84 0 96347589 5702881 543423026 5702881 639770615
85 0 95621454 5702881 544317343 5702881 639938797
86 0 94973299 5702881 545185809 5702881 640159108
87 0 94260460 5702881 546063682 5702881 640324142
88 0 93556398 5702881 546939185 5702881 640495583
89 0 92861467 5702881 547805891 5702881 640667358
90 0 92121850 5702881 548711671 5702881 640833521
91 0 91426715 5702881 549590081 5702881 641016796
92 0 90661932 5702881 550518157 5702881 641180089
93 0 89942205 5702881 551408807 5702881 641351012
94 0 89253162 5702881 552273736 5702881 641526898
95 0 88538729 5702881 553159128 5702881 641697857
96 0 87830484 5702881 554040037 5702881 641870521
97 0 87092219 5702881 554951262 5702881 642043481
98 0 86399305 5702881 555815265 5702881 642214570
99 0 85686837 5702881 556694638 5702881 642381475
100 0 84973424 5702881 557579418 5702881 642552842
101 0 84266789 5702881 558449124 5702881 642715913
102 0 83546339 5702881 559341182 5702881 642887521
103 0 82807631 5702881 560261091 5702881 643068722
104 0 82149586 5702881 561155353 5702881 643304939
105 0 81513783 5702881 561967505 5702881 643481288
106 0 81087421 5702881 562555920 5702881 643643341
107 0 80673539 5702881 563145595 5702881 643819134
108 0 80267769 5702881 563739491 5702881 644007260
109 0 79834536 5702881 564334777 5702881 644169313
110 0 79437173 5702881 564912229 5702881 644349402
111 0 78983977 5702881 565532866 5702881 644516843
112 0 78565318 5702881 566132430 5702881 644697748
113 0 78150530 5702881 566712104 5702881 644862634
114 0 77740796 5702881 567296834 5702881 645037630
115 0 77328785 5702881 567884583 5702881 645213368
116 0 76884922 5702881 568489850 5702881 645374772
117 0 78099956 5702881 569070784 5702881 647170740
118 0 77657427 5702881 569658903 5702881 647316330
119 1 74203453 5702881 570731069 5702882 644934522
120 1 73204194 5702881 571330224 5702882 644534418
121 1 72170065 5702881 571926584 5702882 644096649
122 1 71187675 5702881 572510110 5702882 643697785
123 1 70168638 5702881 573095452 5702882 643264090
124 1 68966363 5702881 573723163 5702882 642689526
125 1 67962715 5702881 574305448 5702882 642268163
126 1 66964937 5702881 574892215 5702882 641857152
127 1 66001639 5702881 575492501 5702882 641494140
128 1 65040657 5702881 576079342 5702882 641119999
1 0 159734530 5702903 747020093 5702903 906754623
2 0 158120096 5702903 748817950 5702903 906938046
3 0 157320685 5702903 749786932 5702903 907107617
4 0 156353536 5702903 750938967 5702903 907292503
5 0 155586512 5702903 751874691 5702903 907461203
6 0 154848285 5702903 752805396 5702903 907653681
7 0 154073133 5702903 753755638 5702903 907828771
8 0 153328758 5702903 754662936 5702903 907991694
9 0 152587956 5702903 755577846 5702903 908165802
10 0 151866061 5702903 756472663 5702903 908338724
11 0 151124630 5702903 757387091 5702903 908511721
12 0 150388662 5702903 758287019 5702903 908675681
13 0 149626158 5702903 759221335 5702903 908847493
14 0 148823061 5702903 760202632 5702903 909025693
15 0 148068853 5702903 761120393 5702903 909189246
16 0 147270164 5702903 762095653 5702903 909365817
17 0 146527732 5702903 763001193 5702903 909528925
18 0 145759450 5702903 763944287 5702903 909703737
19 0 144968316 5702903 764906658 5702903 909874974
20 0 144276532 5702903 765803531 5702903 910080063
21 0 143493750 5702903 766773106 5702903 910266856
22 0 142760523 5702903 767681756 5702903 910442279
23 0 142052999 5702903 768571869 5702903 910624868
24 0 141343030 5702903 769446613 5702903 910789643
25 0 140569729 5702903 770394540 5702903 910964269
26 0 139853428 5702903 771274487 5702903 911127915
27 0 139149718 5702903 772158453 5702903 911308171
28 0 138423157 5702903 773057862 5702903 911481019
29 0 137680226 5702903 773963401 5702903 911643627
30 0 136961276 5702903 774854330 5702903 911815606
31 0 136250993 5702903 775732221 5702903 911983214
32 0 135558746 5702903 776607205 5702903 912165951
33 0 134842741 5702903 777492615 5702903 912335356
34 0 134128495 5702903 778377969 5702903 912506464
35 0 133404211 5702903 779277712 5702903 912681923
36 0 132608929 5702903 780237954 5702903 912846883
37 0 131857443 5702903 781162234 5702903 913019677
38 0 131147289 5702903 782035607 5702903 913182896
39 0 130453987 5702903 782908702 5702903 913362689
40 0 129735796 5702903 783799890 5702903 913535686
41 0 129030346 5702903 784678540 5702903 913708886
42 0 128320470 5702903 785561987 5702903 913882457
43 0 127577354 5702903 786473489 5702903 914050843
44 0 126859885 5702903 787362640 5702903 914222525
45 0 126149787 5702903 788246328 5702903 914396115
46 0 125455985 5702903 789111997 5702903 914567982
47 0 124710961 5702903 790035369 5702903 914746330
48 0 123984401 5702903 790938297 5702903 914922698
49 0 123260709 5702903 791834448 5702903 915095157
50 0 122536019 5702903 792723913 5702903 915259932
51 0 121847143 5702903 793589990 5702903 915437133
52 0 121163044 5702903 794479029 5702903 915642073
53 0 120455613 5702903 795361254 5702903 915816867
54 0 119736755 5702903 796253386 5702903 915990141
55 0 119020694 5702903 797134574 5702903 916155268
56 0 118310337 5702903 798025798 5702903 916336135
57 0 117551794 5702903 798950356 5702903 916502150
58 0 116848215 5702903 799841099 5702903 916689314
59 0 116057489 5702903 800797248 5702903 916854737
60 0 115360908 5702903 801670103 5702903 917031011
61 0 114651162 5702903 802553050 5702903 917204212
62 0 113936008 5702903 803440830 5702903 917376838
63 0 113237299 5702903 804313703 5702903 917551002
64 0 112513460 5702903 805205872 5702903 917719332
65 0 111804251 5702903 806088078 5702903 917892329
66 0 111084560 5702903 806971340 5702903 918055900
67 0 110392313 5702903 807835028 5702903 918227341
68 0 109666530 5702903 808738345 5702903 918404875
69 0 108964358 5702903 809608644 5702903 918573002
70 0 108091985 5702903 810652384 5702903 918744369
71 0 107365294 5702903 811560868 5702903 918926162
72 0 106665918 5702903 812433537 5702903 919099455
73 0 105943246 5702903 813325632 5702903 919268878
74 0 105248759 5702903 814197394 5702903 919446153
75 0 104533661 5702903 815084637 5702903 919618298
76 0 103814026 5702903 815976454 5702903 919790480
77 0 103117872 5702903 816849142 5702903 919967014
78 0 102428569 5702903 817744089 5702903 920172658
79 0 101742007 5702903 818608296 5702903 920350303
80 0 101020502 5702903 819492909 5702903 920513411
81 0 100229887 5702903 820458410 5702903 920688297
82 0 99520103 5702903 821341042 5702903 920861145
83 0 98789709 5702903 822235600 5702903 921025309
84 0 98034167 5702903 823169380 5702903 921203547
85 0 97310644 5702903 824066474 5702903 921377118
86 0 96609971 5702903 824938940 5702903 921548911
87 0 95888224 5702903 825824165 5702903 921712389
88 0 95177738 5702903 826707352 5702903 921885090
89 0 94486379 5702903 827570652 5702903 922057031
90 0 93749689 5702903 828474969 5702903 922224658
91 0 93039998 5702903 829361508 5702903 922401506
92 0 92283994 5702903 830286732 5702903 922570726
93 0 91556340 5702903 831185660 5702903 922742000
94 0 90924278 5702903 831995812 5702903 922920090
95 0 90483304 5702903 832608875 5702903 923092179
96 0 90075070 5702903 833200772 5702903 923275842
97 0 89630264 5702903 833820242 5702903 923450506
98 0 89217086 5702903 834408139 5702903 923625225
99 0 88789223 5702903 835000221 5702903 923789444
100 0 88372694 5702903 835589580 5702903 923962274
101 0 87951609 5702903 836174755 5702903 924126364
102 0 87525821 5702903 836775392 5702903 924301213
103 0 87116531 5702903 837363641 5702903 924480172
104 0 86746909 5702903 837969648 5702903 924716557
105 0 86337194 5702903 838556989 5702903 924894183
106 0 85912757 5702903 839147442 5702903 925060199
107 0 85490894 5702903 839742394 5702903 925233288
108 0 85009236 5702903 840402086 5702903 925411322
109 0 84561356 5702903 841012593 5702903 925573949
110 0 84159530 5702903 841592305 5702903 925751835
111 0 83707279 5702903 842213145 5702903 925920424
112 0 83282471 5702903 842818505 5702903 926100976
113 0 82856683 5702903 843407772 5702903 926264455
114 0 82439487 5702903 844000520 5702903 926440007
115 0 82027772 5702903 844589158 5702903 926616930
116 0 81594002 5702903 845185647 5702903 926779649
117 0 81181361 5702903 845769785 5702903 926951146
118 0 80753628 5702903 846360015 5702903 927113643
119 0 80336932 5702903 846950708 5702903 927287640
120 0 79935662 5702903 847533345 5702903 927469007
121 0 79512632 5702903 848127816 5702903 927640448
122 0 79100584 5702903 848717139 5702903 927817723
123 0 78682518 5702903 849308850 5702903 927991368
124 0 78229471 5702903 849936098 5702903 928165569
125 0 77770035 5702903 850559068 5702903 928329103
126 0 77358634 5702903 851148780 5702903 928507414
127 0 76907235 5702903 851768139 5702903 928675374
128 0 76486520 5702903 852360721 5702903 928847241
1 0 173148691 5702926 397179676 5702926 570328367
2 0 171525757 5702926 398987921 5702926 570513678
3 0 170725087 5702926 399957051 5702926 570682138
4 0 169812936 5702926 401051143 5702926 570864079
5 0 169049802 5702926 401979959 5702926 571029761
6 0 168299520 5702926 402915127 5702926 571214647
7 0 167523533 5702926 403867166 5702926 571390699
8 0 166773806 5702926 404781927 5702926 571555733
9 0 166025135 5702926 405703428 5702926 571728563
10 0 165289111 5702926 406611764 5702926 571900875
11 0 164537125 5702926 407535710 5702926 572072835
12 0 163809176 5702926 408439971 5702926 572249147
13 0 163041004 5702926 409381936 5702926 572422940
14 0 162198686 5702926 410397843 5702926 572596529
15 0 161441736 5702926 411318401 5702926 572760137
16 0 160636233 5702926 412303216 5702926 572939449
17 0 159884913 5702926 413218755 5702926 573103668
18 0 159109001 5702926 414168516 5702926 573277517
19 0 158313330 5702926 415134461 5702926 573447791
20 0 157583621 5702926 416037241 5702926 573620862
21 0 156788618 5702926 417010723 5702926 573799341
22 0 156044298 5702926 417930688 5702926 573974986
23 0 155321793 5702926 418827375 5702926 574149168
24 0 154602990 5702926 419713026 5702926 574316016
25 0 153770524 5702926 420718860 5702926 574489384
26 0 153043760 5702926 421609399 5702926 574653159
27 0 152330161 5702926 422501920 5702926 574832081
28 0 151597212 5702926 423410922 5702926 575008134
29 0 150844022 5702926 424330720 5702926 575174742
30 0 150121461 5702926 425226759 5702926 575348220
31 0 149390974 5702926 426121780 5702926 575512754
32 0 148698671 5702926 427001098 5702926 575699769
33 0 147972667 5702926 427898081 5702926 575870748
34 0 147252476 5702926 428792046 5702926 576044522
35 0 146519137 5702926 429698234 5702926 576217371
36 0 145698985 5702926 430698512 5702926 576397497
37 0 144946073 5702926 431623903 5702926 576569976
38 0 144230975 5702926 432504368 5702926 576735343
39 0 143529284 5702926 433384574 5702926 576913858
40 0 142803815 5702926 434287836 5702926 577091651
41 0 142087421 5702926 435176838 5702926 577264259
42 0 141369786 5702926 436069026 5702926 577438812
43 0 140615448 5702926 436988898 5702926 577604346
44 0 139890258 5702926 437888955 5702926 577779213
45 0 139171956 5702926 438786291 5702926 577958247
46 0 138472153 5702926 439659905 5702926 578132058
47 0 137682798 5702926 440615702 5702926 578298500
48 0 136968625 5702926 441505205 5702926 578473830
49 0 136240491 5702926 442410947 5702926 578651438
50 0 135512725 5702926 443302876 5702926 578815601
51 0 134819886 5702926 444174990 5702926 578994876
52 0 134125177 5702926 445072751 5702926 579197928
53 0 133412541 5702926 445963161 5702926 579375702
54 0 132673388 5702926 446867163 5702926 579540551
55 0 131954179 5702926 447759517 5702926 579713696
56 0 131231082 5702926 448661093 5702926 579892175
57 0 131619537 5702926 449593817 5702926 581213354
58 0 130880532 5702926 450534615 5702926 581415147
59 0 130136508 5702926 451447858 5702926 581584366
60 0 129438039 5702926 452331027 5702926 581769066
61 0 128721386 5702926 453222362 5702926 581943748
62 0 127999733 5702926 454118346 5702926 582118079
63 0 127295412 5702926 454998219 5702926 582293631
64 0 126557703 5702926 455901110 5702926 582458813
65 0 125833364 5702926 456797279 5702926 582630643
66 0 125106415 5702926 457689744 5702926 582796159
67 0 124405538 5702926 458563395 5702926 582968933
68 0 123672866 5702926 459475138 5702926 583148004
69 0 122262448 5702926 461049924 5702926 583312372
70 0 121495740 5702926 461988814 5702926 583484554
71 0 120746198 5702926 462911816 5702926 583658014
72 0 120040210 5702926 463790004 5702926 583830214
73 0 119302390 5702926 464692025 5702926 583994415
74 0 118606995 5702926 465565324 5702926 584172319
75 0 117890953 5702926 466457067 5702926 584348020
76 0 117167336 5702926 467354754 5702926 584522090
77 0 116466201 5702926 468228386 5702926 584694587
78 0 115731659 5702926 469127351 5702926 584859010
79 0 115011783 5702926 470024483 5702926 585036266
80 0 114246260 5702926 470955744 5702926 585202004
81 0 113513310 5702926 471861839 5702926 585375149
82 0 112813934 5702926 472735749 5702926 585549683
83 0 112084447 5702926 473631085 5702926 585715532
84 0 111322387 5702926 474572864 5702926 585895251
85 0 110601382 5702926 475475940 5702926 586077322
86 0 109896357 5702926 476352739 5702926 586249096
87 0 109172148 5702926 477241797 5702926 586413945
88 0 108458624 5702926 478129762 5702926 586588386
89 0 107752803 5702926 479007765 5702926 586760568
90 0 107004687 5702926 479919452 5702926 586924139
91 0 105369551 5702926 481733141 5702926 587102692
92 0 104647786 5702926 482625569 5702926 587273355
93 0 103930614 5702926 483515257 5702926 587445871
94 0 103215664 5702926 484405167 5702926 587620831
95 0 102493122 5702926 485300965 5702926 587794087
96 0 101774375 5702926 486193986 5702926 587968361
97 0 101026814 5702926 487116229 5702926 588143043
98 0 100319735 5702926 487996953 5702926 588316688
99 0 99596248 5702926 488884660 5702926 588480908
100 0 98880224 5702926 489773310 5702926 588653534
101 0 98118479 5702926 490699867 5702926 588818346
102 0 97386862 5702926 491604888 5702926 588991750
103 0 96677579 5702926 492490946 5702926 589168525
104 0 96026275 5702926 493381134 5702926 589407409
105 0 95312177 5702926 494272803 5702926 589584980
106 0 94589821 5702926 495161212 5702926 589751033
107 0 93874408 5702926 496049696 5702926 589924104
108 0 93197827 5702926 496941828 5702926 590139655
109 0 92471932 5702926 497845590 5702926 590317522
110 0 91777001 5702926 498720888 5702926 590497889
111 0 91015348 5702926 499647205 5702926 590662553
112 0 89923757 5702926 500921626 5702926 590845383
113 0 89198826 5702926 501812295 5702926 591011121
114 0 88485875 5702926 502702446 5702926 591188321
115 0 87770925 5702926 503591041 5702926 591361966
116 0 87036864 5702926 504489136 5702926 591526000
117 0 86316952 5702926 505381471 5702926 591698423
118 0 85594539 5702926 506268900 5702926 591863439
119 0 84880737 5702926 507154550 5702926 592035287
120 0 84176880 5702926 508027201 5702926 592204081
121 0 83452059 5702926 508927444 5702926 592379503
122 0 82749053 5702926 509809669 5702926 592558722
123 0 81983975 5702926 510746115 5702926 592730090
124 0 81217415 5702926 511687727 5702926 592905142
125 0 80507502 5702926 512565378 5702926 593072880
126 0 79797886 5702926 513455028 5702926 593252914
127 0 79056954 5702926 514362105 5702926 593419059
128 0 78341745 5702926 515250903 5702926 593592648
1 0 173225853 5702949 291226560 5702949 464452413
2 0 171067818 5702949 293570333 5702949 464638151
3 0 169949172 5702949 294857587 5702949 464806759
4 0 168888024 5702949 296106398 5702949 464994422
5 0 167829469 5702949 297338024 5702949 465167493
6 0 166774970 5702949 298577557 5702949 465352527
7 0 165689453 5702949 299839774 5702949 465529227
8 0 164532640 5702949 301161806 5702949 465694446
9 0 163467327 5702949 302399172 5702949 465866499
10 0 162411179 5702949 303627613 5702949 466038792
11 0 161354994 5702949 304860461 5702949 466215455
12 0 160308569 5702949 306072976 5702949 466381545
13 0 159227459 5702949 307327861 5702949 466555320
14 0 158190885 5702949 308539357 5702949 466730242
15 0 157163367 5702949 309733076 5702949 466896443
16 0 155959722 5702949 311116273 5702949 467075995
17 0 154902945 5702949 312337658 5702949 467240603
18 0 153802761 5702949 313611265 5702949 467414026
19 0 152102959 5702949 315482620 5702949 467585579
20 0 151073848 5702949 316685950 5702949 467759798
21 0 149958646 5702949 317991204 5702949 467949850
22 0 148908776 5702949 319219904 5702949 468128680
23 0 147813129 5702949 320488918 5702949 468302047
24 0 146779777 5702949 321686637 5702949 468466414
25 0 145747852 5702949 322891837 5702949 468639689
26 0 144735851 5702949 324072242 5702949 468808093
27 0 143724703 5702949 325262498 5702949 468987201
28 0 142688241 5702949 326474309 5702949 469162550
29 0 141623575 5702949 327703416 5702949 469326991
30 0 140596261 5702949 328904931 5702949 469501192
31 0 139450540 5702949 330216908 5702949 469667448
32 0 138429614 5702949 331422664 5702949 469852278
33 0 137413189 5702949 332641882 5702949 470055071
34 0 136399336 5702949 333841231 5702949 470240567
35 0 135365411 5702949 335049579 5702949 470414990
36 0 134351633 5702949 336229595 5702949 470581228
37 0 133298486 5702949 337457813 5702949 470756299
38 0 132278930 5702949 338642755 5702949 470921685
39 0 131276818 5702949 339824252 5702949 471101070
40 0 130170839 5702949 341106321 5702949 471277160
41 0 129155524 5702949 342296447 5702949 471451971
42 0 128137617 5702949 343490129 5702949 471627746
43 0 127072135 5702949 344722126 5702949 471794261
44 0 126043266 5702949 345925733 5702949 471968999
45 0 125037691 5702949 347123656 5702949 472161347
46 0 124043968 5702949 348293246 5702949 472337214
47 0 122996692 5702949 349508242 5702949 472504934
48 0 121925507 5702949 350753442 5702949 472678949
49 0 120889655 5702949 351966013 5702949 472855668
50 0 119864044 5702949 353157028 5702949 473021072
51 0 118906118 5702949 354332710 5702949 473238828
52 0 117875710 5702949 355532911 5702949 473408621
53 0 116857247 5702949 356726593 5702949 473583840
54 0 115827321 5702949 357932145 5702949 473759466
55 0 114800248 5702949 359124419 5702949 473924667
56 0 113161129 5702949 360942572 5702949 474103701
57 0 112033484 5702949 362237381 5702949 474270865
58 0 111047001 5702949 363412786 5702949 474459787
59 0 110005057 5702949 364620542 5702949 474625599
60 0 109007593 5702949 365793669 5702949 474801262
61 0 107989297 5702949 366987999 5702949 474977296
62 0 106959131 5702949 368192477 5702949 475151608
63 0 105965482 5702949 369362437 5702949 475327919
64 0 104863799 5702949 370630099 5702949 475493898
65 0 103838909 5702949 371829615 5702949 475668524
66 0 102814391 5702949 373019723 5702949 475834114
67 0 101816132 5702949 374193701 5702949 476009833
68 0 100786743 5702949 375409494 5702949 476196237
69 0 99796002 5702949 376578547 5702949 476374549
70 0 98750595 5702949 377798599 5702949 476549194
71 0 97702225 5702949 379019299 5702949 476721524
72 0 95788760 5702949 381105594 5702949 476894354
73 0 94728316 5702949 382335998 5702949 477064314
74 0 94309231 5702949 382933413 5702949 477242644
75 0 93883387 5702949 383536846 5702949 477420233
76 0 93452524 5702949 384142002 5702949 477594526
77 0 93042273 5702949 384729565 5702949 477771838
78 0 92601966 5702949 385335647 5702949 477937613
79 0 92183918 5702949 385934525 5702949 478118443
80 0 91751666 5702949 386534403 5702949 478286069
81 0 91320804 5702949 387142077 5702949 478462881
82 0 90906089 5702949 387729752 5702949 478635841
83 0 90470208 5702949 388331704 5702949 478801912
84 0 90013420 5702949 388968840 5702949 478982260
85 0 89579687 5702949 389577237 5702949 479156924
86 0 89129436 5702949 390200244 5702949 479329680
87 0 88686556 5702949 390808751 5702949 479495307
88 0 88263360 5702949 391405629 5702949 479668989
89 0 87851626 5702949 391995396 5702949 479847022
90 0 87430948 5702949 392608904 5702949 480039852
91 0 87020178 5702949 393210282 5702949 480230460
92 0 86592890 5702949 393807326 5702949 480400216
93 0 86172212 5702949 394402297 5702949 480574509
94 0 85774646 5702949 394990749 5702949 480765395
95 0 85337320 5702949 395600294 5702949 480937614
96 0 84911994 5702949 396199061 5702949 481111055
97 0 84460132 5702949 396828068 5702949 481288200
98 0 84045491 5702949 397419539 5702949 481465030
99 0 83610851 5702949 398020435 5702949 481631286
100 0 83182192 5702949 398620943 5702949 481803135
101 0 82756904 5702949 399213913 5702949 481970817
102 0 82312893 5702949 399834069 5702949 482146962
103 0 81858605 5702949 400467335 5702949 482325940
104 0 81487705 5702949 401073176 5702949 482560881
105 0 81067749 5702949 401672017 5702949 482739766
106 0 80639516 5702949 402268932 5702949 482908448
107 0 80211099 5702949 402870791 5702949 483081890
108 0 79775329 5702949 403485354 5702949 483260683
109 0 79328151 5702949 404095936 5702949 483424087
110 0 78920881 5702949 404687925 5702949 483608806
111 0 78449204 5702949 405324284 5702949 483773488
112 0 78020490 5702949 405936458 5702949 483956948
113 0 79183246 5702949 406529503 5702949 485712749
114 0 78732477 5702949 407128325 5702949 485860802
115 0 78284411 5702949 407728092 5702949 486012503
116 0 77823363 5702949 408335711 5702949 486159074
117 0 77377335 5702949 408927570 5702949 486304905
118 0 76952843 5702949 409525559 5702949 486478402
119 0 76185931 5702949 410468042 5702949 486653973
120 0 75750809 5702949 411076772 5702949 486827581
121 0 75307539 5702949 411684261 5702949 486991800
122 0 74885473 5702949 412279120 5702949 487164593
123 0 74469647 5702949 412874887 5702949 487344534
124 0 74006804 5702949 413510246 5702949 487517050
125 0 73574385 5702949 414111069 5702949 487685454
126 0 73148190 5702949 414709650 5702949 487857840
127 0 72702475 5702949 415323195 5702949 488025670
128 0 72275872 5702949 415921832 5702949 488197704
1 0 183509866 5702971 287192225 5702971 470702091
2 0 181816286 5702971 289065728 5702971 470882014
3 0 180362202 5702971 290685031 5702971 471047233
4 0 179285944 5702971 291943360 5702971 471229304
5 0 178236074 5702971 293161338 5702971 471397412
6 0 177196666 5702971 294384242 5702971 471580908
7 0 176120872 5702971 295633941 5702971 471754813
8 0 175080872 5702971 296837827 5702971 471918699
9 0 174045891 5702971 298049286 5702971 472095177
10 0 173020724 5702971 299243728 5702971 472264452
11 0 171906059 5702971 300529556 5702971 472435615
12 0 170864523 5702971 301734793 5702971 472599316
13 0 169800097 5702971 302974067 5702971 472774164
14 0 168789319 5702971 304167416 5702971 472956735
15 0 167763431 5702971 305355598 5702971 473119029
16 0 166657488 5702971 306640889 5702971 473298377
17 0 165625247 5702971 307839016 5702971 473464263
18 0 164544063 5702971 309091234 5702971 473635297
19 0 163392769 5702971 310412932 5702971 473805701
20 0 162364510 5702971 311611614 5702971 473976124
21 0 161260049 5702971 312895146 5702971 474155195
22 0 160228419 5702971 314103939 5702971 474332358
23 0 159218808 5702971 315286177 5702971 474504985
24 0 158215901 5702971 316453785 5702971 474669686
25 0 157198975 5702971 317640800 5702971 474839775
26 0 156206456 5702971 318801594 5702971 475008050
27 0 155205659 5702971 319977647 5702971 475183306
28 0 154099587 5702971 321256179 5702971 475355766
29 0 153048995 5702971 322469157 5702971 475518152
30 0 152038179 5702971 323654543 5702971 475692722
31 0 151013828 5702971 324842021 5702971 475855849
32 0 150026086 5702971 326012926 5702971 476039012
33 0 149006383 5702971 327202349 5702971 476208732
34 0 147998624 5702971 328386179 5702971 476384803
35 0 146967365 5702971 329591379 5702971 476558744
36 0 145833256 5702971 330889448 5702971 476722704
37 0 144790459 5702971 332106649 5702971 476897108
38 0 143803163 5702971 333272220 5702971 477075383
39 0 142815791 5702971 334436662 5702971 477252453
40 0 141793774 5702971 335631547 5702971 477425321
41 0 140792162 5702971 336804989 5702971 477597151
42 0 139784050 5702971 337985875 5702971 477769925
43 0 138739533 5702971 339198260 5702971 477937793
44 0 137672052 5702971 340435867 5702971 478107919
45 0 136652922 5702971 341630605 5702971 478283527
46 0 135667347 5702971 342786973 5702971 478454320
47 0 134640718 5702971 343982470 5702971 478623188
48 0 133646421 5702971 345150541 5702971 478796962
49 0 132628866 5702971 346340797 5702971 478969663
50 0 131611273 5702971 347522572 5702971 479133845
51 0 130638125 5702971 348676421 5702971 479314546
52 0 129648309 5702971 349862326 5702971 479510635
53 0 128586921 5702971 351098729 5702971 479685650
54 0 127566829 5702971 352292744 5702971 479859573
55 0 127138521 5702971 353473686 5702971 480612207
56 0 126137762 5702971 354666497 5702971 480804259
57 0 125078559 5702971 355890216 5702971 480968775
58 0 124099336 5702971 357058769 5702971 481158105
59 0 123069706 5702971 358254340 5702971 481324046
60 0 122077983 5702971 359417004 5702971 481494987
61 0 121014040 5702971 360654240 5702971 481668280
62 0 120011058 5702971 361841941 5702971 481852999
63 0 119019725 5702971 363006975 5702971 482026700
64 0 117990299 5702971 364200565 5702971 482190864
65 0 116982947 5702971 365380025 5702971 482362972
66 0 115971465 5702971 366556374 5702971 482527839
67 0 114987705 5702971 367711575 5702971 482699280
68 0 113964187 5702971 368913405 5702971 482877592
69 0 112930854 5702971 370110346 5702971 483041200
70 0 111877465 5702971 371335880 5702971 483213345
71 0 110844855 5702971 372540524 5702971 483385379
72 0 109861280 5702971 373696281 5702971 483557561
73 0 108815614 5702971 374906666 5702971 483722280
74 0 107825632 5702971 376073423 5702971 483899055
75 0 106818631 5702971 377255402 5702971 484074033
76 0 105801372 5702971 378446769 5702971 484248141
77 0 104812946 5702971 379607192 5702971 484420138
78 0 103726207 5702971 380858706 5702971 484584913
79 0 102732873 5702971 382029148 5702971 484762021
80 0 101717354 5702971 383209238 5702971 484926592
81 0 100693076 5702971 384405920 5702971 485098996
82 0 99697632 5702971 385574787 5702971 485272419
83 0 98688446 5702971 386747859 5702971 485436305
84 0 97626651 5702971 387988706 5702971 485615357
85 0 96604688 5702971 389180481 5702971 485785169
86 0 95374192 5702971 390583548 5702971 485957740
87 0 94359117 5702971 391776119 5702971 486135236
88 0 93838720 5702971 392467921 5702971 486306641
89 0 93423319 5702971 393056670 5702971 486479989
90 0 92976958 5702971 393666436 5702971 486643394
91 0 92560780 5702971 394260666 5702971 486821446
92 0 92136380 5702971 394854470 5702971 486990850
93 0 91718961 5702971 395444386 5702971 487163347
94 0 91309061 5702971 396027468 5702971 487336529
95 0 90884199 5702971 396624864 5702971 487509063
96 0 90452503 5702971 397229853 5702971 487682356
97 0 90008530 5702971 397848638 5702971 487857168
98 0 89589945 5702971 398439961 5702971 488029906
99 0 89164193 5702971 399031043 5702971 488195236
100 0 88740775 5702971 399624921 5702971 488365696
101 0 87769386 5702971 400760048 5702971 488529434
102 0 87306764 5702971 401393055 5702971 488699819
103 0 86893235 5702971 401983433 5702971 488876668
104 0 86537556 5702971 402576719 5702971 489114275
105 0 85983232 5702971 403309280 5702971 489292512
106 0 85547630 5702971 403909398 5702971 489457028
107 0 85127396 5702971 404502388 5702971 489629784
108 0 84709460 5702971 405098932 5702971 489808392
109 0 84270449 5702971 405700903 5702971 489971352
110 0 83902271 5702971 406281003 5702971 490183274
111 0 83456556 5702971 406901770 5702971 490358326
112 0 83039693 5702971 407505574 5702971 490545267
113 0 82614886 5702971 408094100 5702971 490708986
114 0 82201876 5702971 408684163 5702971 490886039
115 0 81785976 5702971 409272393 5702971 491058369
116 0 81354446 5702971 409866179 5702971 491220625
117 0 80903973 5702971 410488186 5702971 491392159
118 0 80476222 5702971 411078027 5702971 491554249
119 0 80045118 5702971 411680794 5702971 491725912
120 0 79631996 5702971 412260987 5702971 491892983
121 0 79205356 5702971 412859032 5702971 492064388
122 0 78796901 5702971 413444817 5702971 492241718
123 0 78376315 5702971 414034844 5702971 492411159
124 0 77923657 5702971 414659314 5702971 492582971
125 0 77504850 5702971 415242544 5702971 492747394
126 0 77092487 5702971 415832144 5702971 492924631
127 0 76681457 5702971 416439652 5702971 493121109
128 0 76258335 5702971 417033604 5702971 493291939
1 0 126346237 5702993 512806889 5702993 639153126
2 0 125213906 5702993 514129032 5702993 639342938
3 0 124701416 5702993 514809778 5702993 639511194
4 0 124228609 5702993 515465063 5702993 639693672
5 0 123776154 5702993 516082959 5702993 639859113
6 0 123691416 5702993 516717984 5702993 640409400
7 0 123234979 5702993 517360028 5702993 640595007
8 0 122788599 5702993 517969739 5702993 640758338
9 0 122345532 5702993 518586821 5702993 640932353
10 0 121902077 5702993 519199532 5702993 641101609
11 0 121454289 5702993 519819095 5702993 641273384
12 0 120946076 5702993 520490879 5702993 641436955
13 0 120474473 5702993 521133423 5702993 641607896
14 0 120033463 5702993 521746004 5702993 641779467
15 0 119594564 5702993 522347697 5702993 641942261
16 0 119117591 5702993 523013370 5702993 642130961
17 0 118666896 5702993 523627766 5702993 642294662
18 0 118221182 5702993 524245736 5702993 642466918
19 0 117763208 5702993 524875651 5702993 642638859
20 0 117329494 5702993 525480418 5702993 642809912
21 0 116786041 5702993 526204330 5702993 642990371
22 0 116303143 5702993 526859892 5702993 643163035
23 0 115873094 5702993 527462752 5702993 643335846
24 0 115446787 5702993 528050945 5702993 643497732
25 0 115018777 5702993 528650082 5702993 643668859
26 0 114598692 5702993 529235071 5702993 643833763
27 0 114182921 5702993 529827061 5702993 644009982
28 0 113693338 5702993 530489437 5702993 644182775
29 0 113223476 5702993 531121982 5702993 644345458
30 0 112798965 5702993 531718619 5702993 644517584
31 0 112368510 5702993 532312793 5702993 644681303
32 0 111962276 5702993 532899894 5702993 644862170
33 0 111535377 5702993 533496864 5702993 645032241
34 0 111108292 5702993 534096576 5702993 645204868
35 0 110676004 5702993 534700120 5702993 645376124
36 0 110258716 5702993 535281387 5702993 645540103
37 0 109819946 5702993 535891487 5702993 645711433
38 0 109396935 5702993 536477532 5702993 645874467
39 0 108988479 5702993 537062688 5702993 646051167
40 0 108562080 5702993 537662825 5702993 646224905
41 0 108156272 5702993 538253111 5702993 646409383
42 0 107739483 5702993 538843526 5702993 646583009
43 0 107288510 5702993 539458015 5702993 646746525
44 0 106773427 5702993 540145799 5702993 646919226
45 0 106322583 5702993 540771713 5702993 647094296
46 0 105911109 5702993 541355888 5702993 647266997
47 0 105470747 5702993 541960599 5702993 647431346
48 0 105059532 5702993 542544644 5702993 647604176
49 0 104626632 5702993 543148763 5702993 647775395
50 0 104196122 5702993 543743326 5702993 647939448
51 0 103792092 5702993 544323019 5702993 648115111
52 0 103378340 5702993 544932971 5702993 648311311
53 0 102957348 5702993 545527719 5702993 648485067
54 0 102531690 5702993 546126708 5702993 648658398
55 0 102105419 5702993 546716105 5702993 648821524
56 0 101684020 5702993 547316631 5702993 649000651
57 0 101219899 5702993 547943860 5702993 649163759
58 0 100821165 5702993 548532183 5702993 649353348
59 0 100384599 5702993 549134413 5702993 649519012
60 0 99970014 5702993 549721087 5702993 649691101
61 0 99507300 5702993 550356835 5702993 649864135
62 0 99110752 5702993 550956176 5702993 650066928
63 0 98704240 5702993 551544795 5702993 650249035
64 0 98267619 5702993 552145247 5702993 650412866
65 0 97857200 5702993 552740644 5702993 650597844
66 0 97427949 5702993 553333836 5702993 650761785
67 0 97021141 5702993 553914974 5702993 650936115
68 0 96593649 5702993 554520815 5702993 651114464
69 0 96172008 5702993 555105638 5702993 651277646
70 0 95738535 5702993 555710441 5702993 651448976
71 0 95299266 5702993 556320689 5702993 651619955
72 0 94891773 5702993 556900031 5702993 651791804
73 0 94452596 5702993 557504038 5702993 651956634
74 0 94043843 5702993 558088454 5702993 652132297
75 0 93610963 5702993 558694498 5702993 652305461
76 0 93183378 5702993 559295876 5702993 652479254
77 0 92765681 5702993 559886588 5702993 652652269
78 0 92270746 5702993 560544983 5702993 652815729
79 0 92015269 5702993 561134417 5702993 653149686
80 0 91588481 5702993 561731424 5702993 653319905
81 0 91158619 5702993 562334302 5702993 653492921
82 0 90743292 5702993 562923903 5702993 653667195
83 0 90319597 5702993 563513799 5702993 653833396
84 0 89865420 5702993 564147343 5702993 654012763
85 0 89433039 5702993 564749943 5702993 654182982
86 0 89018398 5702993 565336118 5702993 654354516
87 0 88591554 5702993 565928941 5702993 654520495
88 0 88173673 5702993 566519448 5702993 654693121
89 0 87774717 5702993 567102253 5702993 654876970
90 0 87329836 5702993 567710112 5702993 655039948
91 0 86916621 5702993 568303842 5702993 655220463
92 0 86495426 5702993 568895590 5702993 655391016
93 0 86079489 5702993 569481968 5702993 655561457
94 0 85634053 5702993 570100494 5702993 655734547
95 0 85190875 5702993 570715724 5702993 655906599
96 0 84767068 5702993 571310213 5702993 656077281
97 0 84329780 5702993 571927572 5702993 656257352
98 0 83898825 5702993 572530561 5702993 656429386
99 0 83471592 5702993 573120291 5702993 656591883
100 0 83047748 5702993 573715632 5702993 656763380
101 0 82632107 5702993 574301325 5702993 656933432
102 0 82202726 5702993 574901740 5702993 657104466
103 0 81788159 5702993 575492489 5702993 657280648
104 0 81430962 5702993 576084552 5702993 657515514
105 0 81020303 5702993 576675782 5702993 657696085
106 0 80594125 5702993 577265716 5702993 657859841
107 0 80172133 5702993 577860557 5702993 658032690
108 0 79752289 5702993 578458287 5702993 658210576
109 0 79319648 5702993 579057665 5702993 658377313
110 0 78914342 5702993 579641450 5702993 658555792
111 0 77902063 5702993 580817429 5702993 658719492
112 0 77451942 5702993 581447917 5702993 658899859
113 0 77031542 5702993 582036277 5702993 659067819
114 0 78239816 5702993 582625748 5702993 660865564
115 0 77795306 5702993 583217478 5702993 661012784
116 0 77341463 5702993 583815411 5702993 661156874
117 0 76903544 5702993 584399049 5702993 661302593
118 0 76465941 5702993 584986131 5702993 661452072
119 0 76048764 5702993 585576287 5702993 661625051
120 0 75640975 5702993 586155109 5702993 661796084
121 0 75196650 5702993 586763302 5702993 661959952
122 0 74781658 5702993 587352328 5702993 662133986
123 0 74357665 5702993 587939818 5702993 662297483
124 0 73898840 5702993 588568121 5702993 662466961
125 0 73484903 5702993 589149907 5702993 662634810
126 0 73070356 5702993 589738766 5702993 662809122
127 0 72587512 5702993 590383625 5702993 662971137
128 0 72164927 5702993 590978188 5702993 663143115
1 0 166873571 5703016 147011428 5703016 313884999
2 0 165268433 5703016 148800859 5703016 314069292
3 0 164475503 5703016 149763249 5703016 314238752
4 0 163602519 5703016 150818470 5703016 314420989
5 0 162833293 5703016 151753360 5703016 314586653
6 0 162091751 5703016 152679769 5703016 314771520
7 0 161317320 5703016 153627493 5703016 314944813
8 0 160574000 5703016 154534921 5703016 315108921
9 0 159833422 5703016 155445293 5703016 315278715
10 0 159101268 5703016 156347092 5703016 315448360
11 0 158371540 5703016 157259353 5703016 315630893
12 0 157638258 5703016 158157947 5703016 315796205
13 0 156878290 5703016 159089227 5703016 315967517
14 0 156156655 5703016 159983822 5703016 316140477
15 0 155353873 5703016 160948619 5703016 316302492
16 0 154549148 5703016 161930119 5703016 316479267
17 0 153798290 5703016 162844381 5703016 316642671
18 0 153045693 5703016 163769327 5703016 316815020
19 0 152235597 5703016 164750568 5703016 316986165
20 0 151494944 5703016 165663607 5703016 317158551
21 0 150698477 5703016 166639015 5703016 317337492
22 0 149960638 5703016 167551165 5703016 317511803
23 0 149242762 5703016 168441723 5703016 317684485
24 0 148527979 5703016 169320707 5703016 317848686
25 0 147754585 5703016 170266931 5703016 318021516
26 0 147029432 5703016 171159618 5703016 318189050
27 0 146321223 5703016 172043991 5703016 318365214
28 0 145594737 5703016 172943363 5703016 318538100
29 0 144848232 5703016 173856902 5703016 318705134
30 0 144134411 5703016 174746238 5703016 318880649
31 0 143410980 5703016 175634388 5703016 319045368
32 0 142718066 5703016 176511354 5703016 319229420
33 0 141998302 5703016 177400634 5703016 319398936
34 0 141288907 5703016 178286840 5703016 319575747
35 0 140569736 5703016 179189527 5703016 319759263
36 0 139742935 5703016 180180139 5703016 319923074
37 0 139841656 5703016 181111307 5703016 320952963
38 0 139136576 5703016 181987291 5703016 321123867
39 0 138443700 5703016 182861868 5703016 321305568
40 0 137723602 5703016 183757944 5703016 321481546
41 0 137015782 5703016 184640872 5703016 321656654
42 0 136303072 5703016 185527745 5703016 321830817
43 0 135553216 5703016 186442117 5703016 321995333
44 0 134833636 5703016 187335694 5703016 322169330
45 0 134124964 5703016 188225566 5703016 322350530
46 0 133430069 5703016 189092643 5703016 322522712
47 0 132697193 5703016 189992053 5703016 322689246
48 0 131949300 5703016 190917332 5703016 322866632
49 0 131221109 5703016 191816964 5703016 323038073
50 0 130497252 5703016 192705022 5703016 323202274
51 0 129808524 5703016 193572024 5703016 323380548
52 0 129118537 5703016 194463730 5703016 323582267
53 0 128405957 5703016 195350048 5703016 323756005
54 0 127685229 5703016 196244309 5703016 323929538
55 0 126962631 5703016 197129849 5703016 324092480
56 0 126242293 5703016 198028184 5703016 324270477
57 0 125483565 5703016 198949612 5703016 324433177
58 0 124791522 5703016 199829985 5703016 324621507
59 0 124004963 5703016 200781078 5703016 324786041
60 0 123315253 5703016 201657544 5703016 324972797
61 0 122600692 5703016 202545935 5703016 325146627
62 0 121889372 5703016 203432493 5703016 325321865
63 0 121188515 5703016 204309273 5703016 325497788
64 0 120459138 5703016 205203313 5703016 325662451
65 0 119743781 5703016 206091000 5703016 325834781
66 0 119026646 5703016 206976336 5703016 326002982
67 0 118331974 5703016 207843579 5703016 326175553
68 0 117606450 5703016 208748026 5703016 326354476
69 0 116901981 5703016 209620473 5703016 326522454
70 0 116098589 5703016 210595325 5703016 326693914
71 0 115358546 5703016 211505550 5703016 326864096
72 0 114658319 5703016 212378163 5703016 327036482
73 0 113929166 5703016 213274591 5703016 327203757
74 0 113234197 5703016 214147890 5703016 327382087
75 0 112579208 5703016 215032356 5703016 327611564
76 0 111850759 5703016 215933839 5703016 327784598
77 0 111147975 5703016 216807601 5703016 327955576
78 0 110424822 5703016 217698677 5703016 328123499
79 0 109727686 5703016 218572439 5703016 328300125
80 0 109005606 5703016 219457794 5703016 328463400
81 0 107561447 5703016 221073820 5703016 328635267
82 0 106846146 5703016 221964359 5703016 328810505
83 0 106115103 5703016 222859306 5703016 328974409
84 0 105367469 5703016 223799344 5703016 329166813
85 0 104639704 5703016 224696865 5703016 329336569
86 0 103946125 5703016 225566460 5703016 329512585
87 0 103227231 5703016 226449814 5703016 329677045
88 0 102516355 5703016 227332724 5703016 329849079
89 0 101842255 5703016 228203616 5703016 330045871
90 0 101116325 5703016 229105173 5703016 330221498
91 0 100413319 5703016 229985546 5703016 330398865
92 0 99639018 5703016 230927899 5703016 330566917
93 0 98911402 5703016 231825920 5703016 330737322
94 0 98216155 5703016 232698089 5703016 330914244
95 0 97499057 5703016 233587351 5703016 331086408
96 0 96790070 5703016 234469224 5703016 331259294
97 0 96052676 5703016 235382726 5703016 331435402
98 0 95347707 5703016 236260321 5703016 331608028
99 0 94632999 5703016 237142008 5703016 331775007
100 0 93921567 5703016 238025011 5703016 331946578
101 0 93216209 5703016 238894162 5703016 332110371
102 0 92494518 5703016 239787757 5703016 332282275
103 0 91749569 5703016 240713888 5703016 332463457
104 0 91080600 5703016 241611594 5703016 332692194
105 0 90373298 5703016 242497466 5703016 332870764
106 0 89658348 5703016 243376950 5703016 333035298
107 0 88950898 5703016 244261490 5703016 333212388
108 0 88254096 5703016 245148159 5703016 333402255
109 0 87519850 5703016 246045994 5703016 333565844
110 0 86824585 5703016 246918460 5703016 333743045
111 0 86068080 5703016 247841795 5703016 333909875
112 0 85346796 5703016 248744816 5703016 334091612
113 0 84636810 5703016 249618985 5703016 334255795
114 0 82712808 5703016 251720187 5703016 334432995
115 0 81988155 5703016 252620726 5703016 334608881
116 0 81246408 5703016 253527025 5703016 334773433
117 0 82170151 5703016 254396472 5703016 336566623
118 0 81434257 5703016 255278308 5703016 336712565
119 0 80695789 5703016 256159755 5703016 336855544
120 0 79975524 5703016 257029702 5703016 337005226
121 0 79230927 5703016 257918945 5703016 337149872
122 0 78519569 5703016 258795151 5703016 337314720
123 0 77806082 5703016 259678302 5703016 337484384
124 0 76976357 5703016 260673228 5703016 337649585
125 0 76271055 5703016 261555860 5703016 337826915
126 0 75551697 5703016 262437344 5703016 337989041
127 0 74825693 5703016 263343401 5703016 338169094
128 0 74107724 5703016 264228015 5703016 338335739
1 0 171869940 5703038 432395132 5703038 604265072
2 0 169713776 5703038 434737144 5703038 604450920
3 0 168605333 5703038 436012640 5703038 604617973
4 0 167549149 5703038 437252950 5703038 604802099
5 0 166499779 5703038 438470410 5703038 604970189
6 0 165460353 5703038 439693443 5703038 605153796
7 0 164271930 5703038 441057363 5703038 605329293
8 0 163219265 5703038 442274840 5703038 605494105
9 0 162176654 5703038 443491892 5703038 605668546
10 0 161139970 5703038 444699166 5703038 605839136
11 0 160097729 5703038 445924089 5703038 606021818
12 0 159064118 5703038 447122715 5703038 606186833
13 0 157992119 5703038 448368359 5703038 606360478
14 0 156963879 5703038 449569670 5703038 606533549
15 0 155858992 5703038 450837906 5703038 606696898
16 0 154729697 5703038 452144679 5703038 606874376
17 0 153691160 5703038 453349472 5703038 607040632
18 0 152643087 5703038 454570968 5703038 607214055
19 0 150931767 5703038 456453489 5703038 607385256
20 0 149865915 5703038 457692430 5703038 607558345
21 0 148752435 5703038 458986573 5703038 607739008
22 0 147582142 5703038 460332641 5703038 607914783
23 0 146532717 5703038 461555544 5703038 608088261
24 0 145506865 5703038 462745967 5703038 608252832
25 0 144479773 5703038 463946353 5703038 608426126
26 0 143472235 5703038 465117128 5703038 608589363
27 0 142465587 5703038 466299884 5703038 608765471
28 0 141429773 5703038 467510195 5703038 608939968
29 0 140379810 5703038 468725877 5703038 609105687
30 0 139357978 5703038 469920151 5703038 609278129
31 0 138270108 5703038 471173647 5703038 609443755
32 0 137275553 5703038 472352736 5703038 609628289
33 0 136256478 5703038 473542289 5703038 609798767
34 0 135235886 5703038 474735508 5703038 609971394
35 0 134266959 5703038 475938356 5703038 610205315
36 0 133255885 5703038 477114316 5703038 610370201
37 0 132218090 5703038 478329238 5703038 610547328
38 0 131209515 5703038 479502513 5703038 610712028
39 0 130153016 5703038 480738213 5703038 610891229
40 0 129127590 5703038 481940117 5703038 611067707
41 0 128118960 5703038 483123188 5703038 611242148
42 0 127104942 5703038 484312259 5703038 611417201
43 0 126052664 5703038 485532163 5703038 611584827
44 0 125034035 5703038 486724437 5703038 611758472
45 0 124023331 5703038 487912601 5703038 611935932
46 0 123027534 5703038 489080561 5703038 612108095
47 0 121934110 5703038 490339927 5703038 612274037
48 0 120916128 5703038 491532813 5703038 612448941
49 0 119887443 5703038 492733402 5703038 612620845
50 0 118866388 5703038 493918788 5703038 612785176
51 0 117882720 5703038 495081026 5703038 612963746
52 0 116883239 5703038 496276856 5703038 613160095
53 0 115872943 5703038 497462241 5703038 613335184
54 0 114853128 5703038 498656627 5703038 613509755
55 0 113834258 5703038 499840624 5703038 613674882
56 0 112757555 5703038 501096786 5703038 613854341
57 0 111683797 5703038 502333134 5703038 614016931
58 0 110698963 5703038 503506390 5703038 614205353
59 0 109657853 5703038 504713609 5703038 614371462
60 0 108671556 5703038 505883995 5703038 614555551
61 0 107656204 5703038 507072529 5703038 614728733
62 0 106643037 5703038 508260433 5703038 614903470
63 0 105648370 5703038 509432468 5703038 615080838
64 0 104555390 5703038 510691056 5703038 615246446
65 0 103539187 5703038 511879904 5703038 615419091
66 0 102518186 5703038 513066994 5703038 615585180
67 0 101533111 5703038 514228510 5703038 615761621
68 0 100499075 5703038 515442191 5703038 615941266
69 0 99491038 5703038 516613966 5703038 616105004
70 0 98443705 5703038 517835351 5703038 616279056
71 0 97398316 5703038 519050552 5703038 616448868
72 0 96261189 5703038 520362120 5703038 616623309
73 0 95193190 5703038 521595690 5703038 616788880
74 0 94380279 5703038 522587691 5703038 616967970
75 0 93952731 5703038 523191365 5703038 617144096
76 0 93520924 5703038 523797039 5703038 617317963
77 0 93112320 5703038 524380399 5703038 617492719
78 0 92673347 5703038 524985388 5703038 617658735
79 0 92261966 5703038 525574155 5703038 617836121
80 0 91829214 5703038 526172811 5703038 618002025
81 0 91396037 5703038 526779022 5703038 618175059
82 0 90977526 5703038 527372159 5703038 618349685
83 0 90546830 5703038 527966963 5703038 618513793
84 0 90104302 5703038 528601525 5703038 618705827
85 0 89667884 5703038 529207440 5703038 618875324
86 0 89252521 5703038 529795948 5703038 619048469
87 0 88776270 5703038 530439177 5703038 619215447
88 0 88351833 5703038 531038037 5703038 619389870
89 0 87935527 5703038 531628081 5703038 619563608
90 0 87488664 5703038 532241033 5703038 619729697
91 0 87070616 5703038 532838022 5703038 619908638
92 0 87708938 5703038 533436974 5703038 621145912
93 0 87291760 5703038 534038908 5703038 621330668
94 0 86880268 5703038 534627119 5703038 621507387
95 0 86452535 5703038 535229219 5703038 621681754
96 0 86028357 5703038 535827357 5703038 621855714
97 0 85589421 5703038 536446382 5703038 622035803
98 0 85174799 5703038 537035131 5703038 622209930
99 0 84745362 5703038 537631398 5703038 622376760
100 0 84320777 5703038 538228665 5703038 622549442
101 0 83897970 5703038 538816043 5703038 622714013
102 0 83464497 5703038 539421476 5703038 622885973
103 0 82898692 5703038 540167055 5703038 623065747
104 0 82493181 5703038 540804933 5703038 623298114
105 0 82074707 5703038 541400644 5703038 623475351
106 0 81644623 5703038 541995355 5703038 623639978
107 0 81222241 5703038 542590437 5703038 623812678
108 0 80813545 5703038 543189148 5703038 624002693
109 0 80372719 5703038 543793786 5703038 624166505
110 0 79968672 5703038 544379608 5703038 624348280
111 0 79504309 5703038 545008745 5703038 624513054
112 0 79073817 5703038 545621141 5703038 624694958
113 0 78646788 5703038 546213501 5703038 624860289
114 0 78229055 5703038 546808286 5703038 625037341
115 0 77803081 5703038 547407090 5703038 625210171
116 0 78948097 5703038 548021690 5703038 626969787
117 0 78505124 5703038 548611457 5703038 627116581
118 0 78053928 5703038 549207928 5703038 627261856
119 0 77606177 5703038 549800417 5703038 627406594
120 0 77122205 5703038 550430720 5703038 627552925
121 0 76687249 5703038 551042376 5703038 627729625
122 0 76255888 5703038 551637383 5703038 627893271
123 0 75829172 5703038 552236132 5703038 628065304
124 0 75358126 5703038 552871324 5703038 628229450
125 0 74947152 5703038 553461572 5703038 628408724
126 0 74512826 5703038 554058784 5703038 628571610
127 0 74083983 5703038 554669272 5703038 628753255
128 0 73647713 5703038 555268317 5703038 628916030
1 0 172356150 5703061 821347803 5703061 993703953
2 0 170165098 5703061 823726148 5703061 993891246
3 0 169056007 5703061 825003940 5703061 994059947
4 0 168001304 5703061 826242454 5703061 994243758
5 0 166939379 5703061 827473543 5703061 994412922
6 0 165908935 5703061 828700113 5703061 994609048
7 0 164827751 5703061 829956442 5703061 994784193
8 0 163704161 5703061 831245159 5703061 994949320
9 0 162659106 5703061 832461748 5703061 995120854
10 0 161629902 5703061 833661837 5703061 995291739
11 0 160584107 5703061 834880074 5703061 995464181
12 0 159552754 5703061 836076812 5703061 995629566
13 0 158481144 5703061 837319456 5703061 995800600
14 0 157457497 5703061 838516637 5703061 995974134
15 0 156437626 5703061 839700190 5703061 996137816
16 0 155248629 5703061 841067443 5703061 996316072
17 0 154202093 5703061 842279995 5703061 996482088
18 0 153118465 5703061 843535990 5703061 996654455
19 0 151436996 5703061 845386345 5703061 996823341
20 0 150402588 5703061 846593657 5703061 996996245
21 0 149293701 5703061 847880059 5703061 997173760
22 0 148255905 5703061 849093667 5703061 997349572
23 0 147164778 5703061 850356921 5703061 997521699
24 0 146134481 5703061 851551807 5703061 997686288
25 0 145108796 5703061 852749211 5703061 997858007
26 0 144103556 5703061 853918856 5703061 998022412
27 0 143101000 5703061 855100205 5703061 998201205
28 0 142069074 5703061 856306850 5703061 998375924
29 0 141022722 5703061 857517217 5703061 998539939
30 0 140009370 5703061 858704325 5703061 998713695
31 0 139004278 5703061 859889007 5703061 998893285
32 0 137902798 5703061 861175150 5703061 999077948
33 0 136882372 5703061 862364832 5703061 999247204
34 0 135873595 5703061 863547421 5703061 999421016
35 0 134835354 5703061 864757362 5703061 999592716
36 0 133841928 5703061 865918008 5703061 999759936
37 0 132805187 5703061 867127782 5703061 999932969
38 0 131846446 5703061 868296557 5703062 143003
39 0 130861482 5703061 869460888 5703062 322370
40 0 129778705 5703061 870721865 5703062 500570
41 0 128775687 5703061 871902306 5703062 677993
42 0 127769446 5703061 873083858 5703062 853304
43 0 126699892 5703061 874316854 5703062 1016746
44 0 125687391 5703061 875506018 5703062 1193409
45 0 124678132 5703061 876692311 5703062 1370443
46 0 123688835 5703061 877855957 5703062 1544792
47 0 122662520 5703061 879047676 5703062 1710196
48 0 121623355 5703061 880262727 5703062 1886082
49 0 120583725 5703061 881475724 5703062 2059449
50 0 119563707 5703061 882661276 5703062 2224983
51 0 118575373 5703061 883827329 5703062 2402702
52 0 117591224 5703061 885010900 5703062 2602124
53 0 116582280 5703061 886195323 5703062 2777603
54 0 115563835 5703061 887388431 5703062 2952266
55 0 114559335 5703061 888569761 5703062 3129096
56 0 113531650 5703061 889774387 5703062 3306037
57 0 112396467 5703061 891077882 5703062 3474349
58 0 111412337 5703061 892250231 5703062 3662568
59 0 110377856 5703061 893449061 5703062 3826917
60 0 109386152 5703061 894613577 5703062 3999729
61 0 108380652 5703061 895796888 5703062 4177540
62 0 107367559 5703061 896983978 5703062 4351537
63 0 106376485 5703061 898148438 5703062 4524923
64 0 105345911 5703061 899343601 5703062 4689512
65 0 103398354 5703061 901467248 5703062 4865602
66 0 102337058 5703061 902695263 5703062 5032321
67 0 101350595 5703061 903856834 5703062 5207429
68 0 100327373 5703061 905058256 5703062 5385629
69 0 99334224 5703061 906217939 5703062 5552163
70 0 98306946 5703061 907419621 5703062 5726567
71 0 97275502 5703061 908621988 5703062 5897490
72 0 96288836 5703061 909781818 5703062 6070654
73 0 95093191 5703061 911145219 5703062 6238410
74 0 94106338 5703061 912308865 5703062 6415203
75 0 93633754 5703061 912955872 5703062 6589626
76 0 93206244 5703061 913556953 5703062 6763197
77 0 92796491 5703061 914140091 5703062 6936582
78 0 92362370 5703061 914741598 5703062 7103968
79 0 91967432 5703061 915326088 5703062 7293520
80 0 91541663 5703061 915917188 5703062 7458851
81 0 91114226 5703061 916519121 5703062 7633347
82 0 90708882 5703061 917100129 5703062 7809011
83 0 90277704 5703061 917695859 5703062 7973563
84 0 89827546 5703061 918326051 5703062 8153597
85 0 89393202 5703061 918931448 5703062 8324650
86 0 88981876 5703061 919520604 5703062 8502480
87 0 87886192 5703061 920781729 5703062 8667921
88 0 87426683 5703061 921412791 5703062 8839474
89 0 86998116 5703061 922013614 5703062 9011730
90 0 86555902 5703061 922623584 5703062 9179486
91 0 86140724 5703061 923217536 5703062 9358260
92 0 85719121 5703061 923809599 5703062 9528720
93 0 85301091 5703061 924401033 5703062 9702124
94 0 84893673 5703061 924984782 5703062 9878455
95 0 84504810 5703061 925583789 5703062 10088599
96 0 84092965 5703061 926176427 5703062 10269392
97 0 83651658 5703061 926795138 5703062 10446796
98 0 83237796 5703061 927381886 5703062 10619682
99 0 82812192 5703061 927975042 5703062 10787234
100 0 82394922 5703061 928566309 5703062 10961231
101 0 81976763 5703061 929148965 5703062 11125728
102 0 81552030 5703061 929746584 5703062 11298614
103 0 81105316 5703061 930376443 5703062 11481759
104 0 80750434 5703061 930975265 5703062 11725699
105 0 80337552 5703061 931565773 5703062 11903325
106 0 79909745 5703061 932157040 5703062 12066785
107 0 79493846 5703061 932748714 5703062 12242560
108 0 79076279 5703061 933344240 5703062 12420519
109 0 78639379 5703061 933944674 5703062 12584053
110 0 78234090 5703061 934527145 5703062 12761235
111 0 77780766 5703061 935149818 5703062 12930584
112 0 77343144 5703061 935767085 5703062 13110229
113 0 78484993 5703061 936355667 5703062 14840660
114 0 78039836 5703061 936946711 5703062 14986547
115 0 77600065 5703061 937536960 5703062 15137025
116 0 77146555 5703061 938135412 5703062 15281967
117 0 76707933 5703061 938718809 5703062 15426742
118 0 76289163 5703061 939311076 5703062 15600239
119 0 75869060 5703061 939902046 5703062 15771106
120 0 75246571 5703061 940699162 5703062 15945733
121 0 74806005 5703061 941303910 5703062 16109915
122 0 74387976 5703061 941892473 5703062 16280449
123 0 73962539 5703061 942482036 5703062 16444575
124 0 73506066 5703061 943113673 5703062 16619739
125 0 73088666 5703061 943700051 5703062 16788717
126 0 72667247 5703061 944292152 5703062 16959399
127 0 72222997 5703061 944899955 5703062 17122952
128 0 71801486 5703061 945497222 5703062 17298708
1 0 187588926 5703084 917428005 5703085 105016931
2 0 185946252 5703084 919253175 5703085 105199427
3 0 185028491 5703084 920337137 5703085 105365628
4 0 184241080 5703084 921306545 5703085 105547625
5 0 183357854 5703084 922357656 5703085 105715510
6 0 182300726 5703084 923599337 5703085 105900063
7 0 181234338 5703084 924852777 5703085 106087115
8 0 180194857 5703084 926057329 5703085 106252186
9 0 179154857 5703084 927268307 5703085 106423164
10 0 178128191 5703084 928464396 5703085 106592587
11 0 177089877 5703084 929678818 5703085 106768695
12 0 175984656 5703084 930948943 5703085 106933599
13 0 174902620 5703084 932203254 5703085 107105874
14 0 173884047 5703084 933395565 5703085 107279612
15 0 172868121 5703084 934575636 5703085 107443757
16 0 171754363 5703084 935867668 5703085 107622031
17 0 170719493 5703084 937068406 5703085 107787899
18 0 169643994 5703084 938317642 5703085 107961636
19 0 168549662 5703084 939581619 5703085 108131281
20 0 167407517 5703084 940896502 5703085 108304019
21 0 166301425 5703084 942181646 5703085 108483071
22 0 165263722 5703084 943393920 5703085 108657642
23 0 164246629 5703084 944585102 5703085 108831731
24 0 163245944 5703084 945750303 5703085 108996247
25 0 162220222 5703084 946948744 5703085 109168966
26 0 161222815 5703084 948111741 5703085 109334556
27 0 160222685 5703084 949289534 5703085 109512219
28 0 159127056 5703084 950559641 5703085 109686697
29 0 158072149 5703084 951778767 5703085 109850916
30 0 157828803 5703084 952970189 5703085 110798992
31 0 156835302 5703084 954145853 5703085 110981155
32 0 155869671 5703084 955310943 5703085 111180614
33 0 154859487 5703084 956494532 5703085 111354019
34 0 153855727 5703084 957671085 5703085 111526812
35 0 152825208 5703084 958873878 5703085 111699086
36 0 151749136 5703084 960114707 5703085 111863843
37 0 150662878 5703084 961374276 5703085 112037154
38 0 149662488 5703084 962541385 5703085 112203873
39 0 148676136 5703084 963707012 5703085 112383148
40 0 147661414 5703084 964896990 5703085 112558404
41 0 146662765 5703084 966069506 5703085 112732271
42 0 145656247 5703084 967249743 5703085 112905990
43 0 144604063 5703084 968466406 5703085 113070469
44 0 143587247 5703084 969657533 5703085 113244780
45 0 142508786 5703084 970912806 5703085 113421592
46 0 141517119 5703084 972077322 5703085 113594441
47 0 140480546 5703084 973280392 5703085 113760938
48 0 139485397 5703084 974452519 5703085 113937916
49 0 138465712 5703084 975648534 5703085 114114246
50 0 137449916 5703084 976830827 5703085 114280743
51 0 136515210 5703084 977985066 5703085 114500276
52 0 135497118 5703084 979171988 5703085 114669106
53 0 133496858 5703084 981347078 5703085 114843936
54 0 132449229 5703084 982573260 5703085 115022489
55 0 131440062 5703084 983748053 5703085 115188115
56 0 130437951 5703084 984941068 5703085 115379019
57 0 129372785 5703084 986173064 5703085 115545849
58 0 128401933 5703084 987335802 5703085 115737735
59 0 127377192 5703084 988526281 5703085 115903473
60 0 126388376 5703084 989687630 5703085 116076006
61 0 125313989 5703084 990934737 5703085 116248726
62 0 124298081 5703084 992129067 5703085 116427148
63 0 123310618 5703084 993290934 5703085 116601552
64 0 122286433 5703084 994480913 5703085 116767346
65 0 121288155 5703084 995652910 5703085 116941065
66 0 120265229 5703084 996843203 5703085 117108432
67 0 119283414 5703084 997998793 5703085 117282207
68 0 118261210 5703084 999199623 5703085 117460833
69 0 117215322 5703085 410897 5703085 117626219
70 0 116176841 5703085 1624004 5703085 117800845
71 0 115146452 5703085 2825390 5703085 117971842
72 0 114161433 5703085 3983628 5703085 118145061
73 0 113132174 5703085 5177106 5703085 118309280
74 0 112157877 5703085 6333215 5703085 118491092
75 0 111157469 5703085 7506712 5703085 118664181
76 0 110147914 5703085 8690264 5703085 118838178
77 0 109164524 5703085 9846947 5703085 119011471
78 0 107475851 5703085 11700691 5703085 119176542
79 0 106495815 5703085 12862780 5703085 119358595
80 0 105496240 5703085 14039870 5703085 119536110
81 0 104474203 5703085 15233367 5703085 119707570
82 0 103487295 5703085 16391901 5703085 119879196
83 0 102503387 5703085 17575491 5703085 120078878
84 0 101456110 5703085 18813209 5703085 120269319
85 0 100416258 5703085 20023335 5703085 120439593
86 0 99387981 5703085 21224109 5703085 120612090
87 0 98381944 5703085 22397921 5703085 120779865
88 0 97374944 5703085 23576603 5703085 120951547
89 0 96392073 5703085 24731971 5703085 121124044
90 0 95342685 5703085 25945597 5703085 121288282
91 0 94348110 5703085 27120909 5703085 121469019
92 0 93343740 5703085 28293980 5703085 121637720
93 0 92346406 5703085 29463885 5703085 121810291
94 0 90891673 5703085 31092614 5703085 121984287
95 0 89869247 5703085 32290926 5703085 122160173
96 0 89377405 5703085 32956858 5703085 122334263
97 0 88932487 5703085 33575495 5703085 122507982
98 0 88521050 5703085 34159873 5703085 122680923
99 0 88094687 5703085 34751381 5703085 122846068
100 0 87679805 5703085 35342500 5703085 123022305
101 0 87260961 5703085 35925804 5703085 123186765
102 0 86834359 5703085 36524237 5703085 123358596
103 0 86421459 5703085 37116282 5703085 123537741
104 0 86057743 5703085 37713382 5703085 123771125
105 0 85657102 5703085 38305001 5703085 123962103
106 0 85239480 5703085 38890157 5703085 124129637
107 0 84818950 5703085 39483591 5703085 124302541
108 0 84327201 5703085 40157226 5703085 124484427
109 0 83867079 5703085 40782530 5703085 124649609
110 0 83460290 5703085 41366890 5703085 124827180
111 0 83006447 5703085 41985600 5703085 124992047
112 0 82572288 5703085 42602645 5703085 125174933
113 0 82145351 5703085 43193764 5703085 125339115
114 0 81731192 5703085 43786586 5703085 125517778
115 0 81310904 5703085 44379223 5703085 125690127
116 0 80880097 5703085 44978194 5703085 125858291
117 0 80471882 5703085 45558480 5703085 126030362
118 0 80044390 5703085 46151265 5703085 126195655
119 0 79623565 5703085 46745013 5703085 126368578
120 0 79209405 5703085 47327873 5703085 126537278
121 0 78782654 5703085 47930121 5703085 126712775
122 0 78375161 5703085 48515203 5703085 126890364
123 0 77949854 5703085 49108656 5703085 127058510
124 0 77495807 5703085 49734551 5703085 127230358
125 0 76598749 5703085 50799069 5703085 127397818
126 0 76176312 5703085 51399966 5703085 127576278
127 0 75733858 5703085 52007584 5703085 127741442
128 0 75312625 5703085 52600499 5703085 127913124
