1 0 522912038 5890249 995536142 5890250 518448180
2 0 373888520 5890250 198610103 5890250 572498623
1 0 508858262 5890257 654984530 5890258 163842792
2 0 352975685 5890257 852676221 5890258 205651906
1 0 508654006 5890265 185295383 5890265 693949389
2 0 359460417 5890265 384207144 5890265 743667561
1 0 516923778 5890272 930173743 5890273 447097521
2 0 365458064 5890273 127743677 5890273 493201741
1 0 529368232 5890280 575285857 5890281 104654089
2 0 360452750 5890280 789383780 5890281 149836530
1 0 484083460 5890288 238047087 5890288 722130547
2 0 370164940 5890288 403250879 5890288 773415819
1 0 505021461 5890295 881884296 5890296 386905757
2 0 351003147 5890296 77736095 5890296 428739242
1 0 510153237 5890303 574653190 5890304 84806427
2 0 355227051 5890303 775811927 5890304 131038978
1 0 526171755 5890311 14894446 5890311 541066201
2 0 364928222 5890311 219318308 5890311 584246530
1 0 496108478 5890318 485277531 5890318 981386009
2 0 353985536 5890318 671181106 5890319 25166642
