1 18 209609747 5891079 163137692 5891097 372747439
2 18 55350243 5891079 362498111 5891097 417848354
3 17 950110676 5891079 525442673 5891097 475553349
4 17 831793834 5891079 691824524 5891097 523618358
5 17 720289735 5891079 852671366 5891097 572961101
6 17 598233630 5891080 22233583 5891097 620467213
7 17 486035025 5891080 182993002 5891097 669028027
8 17 374340356 5891080 344129265 5891097 718469621
9 17 243798501 5891080 513441357 5891097 757239858
10 17 132355198 5891080 673120610 5891097 805475808
11 17 10194280 5891080 837590089 5891097 847784369
12 16 892927344 5891081 5091455 5891097 898018799
13 16 788296153 5891081 164481511 5891097 952777664
14 16 673080827 5891081 329673680 5891098 2754507
15 16 548586527 5891081 496664056 5891098 45250583
16 16 441500605 5891081 652453345 5891098 93953950
17 16 320473054 5891081 821639254 5891098 142112308
18 16 204675758 5891081 984906051 5891098 189581809
19 16 87061310 5891082 147378271 5891098 234439581
20 15 976795151 5891082 307611459 5891098 284406610
21 15 858601381 5891082 467936126 5891098 326537507
22 15 750491885 5891082 631074130 5891098 381566015
23 15 631323800 5891082 793266077 5891098 424589877
24 15 514376506 5891082 958445747 5891098 472822253
25 15 399996035 5891083 122572769 5891098 522568804
26 15 283839801 5891083 284636700 5891098 568476501
27 15 171549587 5891083 448729334 5891098 620278921
28 15 67125799 5891083 606071706 5891098 673197505
29 14 941748904 5891083 766864994 5891098 708613898
30 14 823273158 5891083 935287269 5891098 758560427
31 14 708660580 5891084 99920597 5891098 808581177
32 14 586846803 5891084 269032081 5891098 855878884
33 14 474006951 5891084 429246918 5891098 903253869
34 14 363429353 5891084 592873931 5891098 956303284
35 14 250871848 5891084 752977195 5891099 3849043
36 14 115345179 5891084 938318506 5891099 53663685
37 14 5601381 5891085 98244866 5891099 103846247
38 13 888820510 5891085 260545737 5891099 149366247
39 13 772942678 5891085 419327545 5891099 192270223
40 13 663931402 5891085 585467048 5891099 249398450
41 13 529298717 5891085 757737937 5891099 287036654
42 13 421423125 5891085 921537150 5891099 342960275
43 13 309531773 5891086 78119258 5891099 387651031
44 13 190147451 5891086 242979748 5891099 433127199
45 13 77910273 5891086 401047403 5891099 478957676
46 12 966271805 5891086 563091409 5891099 529363214
47 12 854120589 5891086 722028547 5891099 576149136
48 12 740857115 5891086 882771558 5891099 623628673
49 12 624299796 5891087 47034078 5891099 671333874
50 12 506152284 5891087 210548927 5891099 716701211
51 12 397786459 5891087 370962648 5891099 768749107
52 12 273453192 5891087 542674696 5891099 816127888
53 12 159159386 5891087 712714533 5891099 871873919
54 12 23113969 5891087 891285174 5891099 914399143
55 11 902185267 5891088 55655174 5891099 957840441
56 11 788517820 5891088 220054413 5891100 8572233
57 11 666164794 5891088 383175936 5891100 49340730
58 11 544241186 5891088 560656079 5891100 104897265
59 11 429218226 5891088 723052468 5891100 152270694
60 11 307287619 5891088 892145156 5891100 199432775
61 11 184877464 5891089 57972869 5891100 242850333
62 11 70213998 5891089 222749398 5891100 292963396
63 10 957338850 5891089 386130657 5891100 343469507
64 10 845674180 5891089 547029073 5891100 392703253
1 18 225403911 5891132 678620104 5891150 904024015
2 18 102446766 5891132 849287395 5891150 951734161
3 17 985796632 5891133 16705080 5891151 2501712
4 17 877677968 5891133 174098156 5891151 51776124
5 17 773338197 5891133 329800875 5891151 103139072
6 17 659829467 5891133 487101638 5891151 146931105
7 17 554156165 5891133 648661877 5891151 202818042
8 17 435292239 5891133 816740957 5891151 252033196
9 17 336882190 5891133 970941741 5891151 307823931
10 17 211864787 5891134 141943674 5891151 353808461
11 17 96601831 5891134 301547153 5891151 398148984
12 16 987505241 5891134 466012097 5891151 453517338
13 16 868016049 5891134 628197991 5891151 496214040
14 16 754873868 5891134 789548234 5891151 544422102
15 16 643363582 5891134 949586409 5891151 592949991
16 16 535427248 5891135 110760174 5891151 646187422
17 16 424255271 5891135 271040992 5891151 695296263
18 16 317881630 5891135 429736933 5891151 747618563
19 16 188422662 5891135 597960510 5891151 786383172
20 16 73318499 5891135 765662264 5891151 838980763
21 15 947775123 5891135 941040375 5891151 888815498
22 15 836840345 5891136 101621262 5891151 938461607
23 15 717285914 5891136 264352738 5891151 981638652
24 15 606653704 5891136 431165805 5891152 37819509
25 15 492202733 5891136 593458382 5891152 85661115
26 15 376437101 5891136 752763682 5891152 129200783
27 15 247420198 5891136 932074478 5891152 179494676
28 15 133480532 5891137 99625735 5891152 233106267
29 15 21176336 5891137 259949404 5891152 281125740
30 14 898273467 5891137 434523400 5891152 332796867
31 14 781856977 5891137 599943289 5891152 381800266
32 14 652992256 5891137 773307493 5891152 426299749
33 14 543708484 5891137 937559441 5891152 481267925
34 14 435940924 5891138 97103496 5891152 533044420
35 14 330955591 5891138 252173467 5891152 583129058
36 14 226099533 5891138 403108646 5891152 629208179
37 14 106665099 5891138 568062247 5891152 674727346
38 13 980358775 5891138 741887739 5891152 722246514
39 13 871444533 5891138 903373424 5891152 774817957
40 13 754298186 5891139 71063604 5891152 825361790
41 13 645284447 5891139 227536864 5891152 872821311
42 13 526437261 5891139 393264877 5891152 919702138
43 13 408006660 5891139 561679118 5891152 969685778
44 13 309128935 5891139 721884586 5891153 31013521
45 13 178392268 5891139 892842168 5891153 71234436
46 13 65994869 5891140 60123152 5891153 126118021
47 12 966405564 5891140 216761965 5891153 183167529
48 12 841111295 5891140 388015134 5891153 229126429
49 12 725139685 5891140 549115345 5891153 274255030
50 12 609826008 5891140 713039336 5891153 322865344
51 12 494519460 5891140 875184249 5891153 369703709
52 12 358615518 5891141 62683819 5891153 421299337
53 12 239151456 5891141 227613976 5891153 466765432
54 12 126342861 5891141 389034366 5891153 515377227
55 12 15633652 5891141 552511033 5891153 568144685
56 11 902920204 5891141 712839369 5891153 615759573
57 11 775139074 5891141 889813209 5891153 664952283
58 11 649412814 5891142 61084137 5891153 710496951
59 11 527920455 5891142 228728355 5891153 756648810
60 11 418274153 5891142 389674421 5891153 807948574
61 11 292111622 5891142 563803129 5891153 855914751
62 11 176475246 5891142 724787898 5891153 901263144
63 11 62409434 5891142 883719316 5891153 946128750
64 10 942303439 5891143 49069595 5891153 991373034
1 18 264534026 5891186 555695491 5891204 820229517
2 18 116457107 5891186 746054379 5891204 862511486
3 17 999787583 5891186 909715859 5891204 909503442
4 17 877589588 5891187 75685110 5891204 953274698
5 17 749842327 5891187 252886262 5891205 2728589
6 17 640816735 5891187 411903643 5891205 52720378
7 17 526187580 5891187 575680195 5891205 101867775
8 17 418243911 5891187 732615152 5891205 150859063
9 17 304078156 5891187 895103560 5891205 199181716
10 17 176247878 5891188 72547893 5891205 248795771
11 17 60277637 5891188 230512627 5891205 290790264
12 16 940994977 5891188 390462676 5891205 331457653
13 16 839644167 5891188 553244672 5891205 392888839
14 16 730870755 5891188 711274627 5891205 442145382
15 16 611829238 5891188 877755869 5891205 489585107
16 16 498957772 5891189 32960673 5891205 531918445
17 16 384300860 5891189 195658633 5891205 579959493
18 16 266898701 5891189 364468665 5891205 631367366
19 16 149610170 5891189 526903371 5891205 676513541
20 16 34975849 5891189 692638367 5891205 727614216
21 15 922171975 5891189 854018315 5891205 776190290
22 15 813154808 5891190 17727535 5891205 830882343
23 15 701900257 5891190 180798859 5891205 882699116
24 15 593639872 5891190 349786998 5891205 943426870
25 15 479811795 5891190 514636196 5891205 994447991
26 15 361029941 5891190 682615428 5891206 43645369
27 15 230568137 5891190 853037281 5891206 83605418
28 15 127618208 5891191 16299065 5891206 143917273
29 15 11491119 5891191 174467628 5891206 185958747
30 14 893949297 5891191 340952388 5891206 234901685
31 14 786405917 5891191 497491112 5891206 283897029
32 14 671261161 5891191 662956484 5891206 334217645
33 14 557853001 5891191 819076327 5891206 376929328
34 14 449698449 5891191 982634567 5891206 432333016
35 14 333860038 5891192 143014905 5891206 476874943
36 14 222953426 5891192 303756957 5891206 526710383
37 14 112348511 5891192 459511362 5891206 571859873
38 13 997516544 5891192 625667703 5891206 623184247
39 13 869282977 5891192 794176777 5891206 663459754
40 13 763243440 5891192 959478985 5891206 722722425
41 13 622296573 5891193 142635601 5891206 764932174
42 13 506927951 5891193 306490428 5891206 813418379
43 13 392346369 5891193 471243110 5891206 863589479
44 13 283953857 5891193 633023643 5891206 916977500
45 13 163997543 5891193 798058764 5891206 962056307
46 13 45467535 5891193 962740539 5891207 8208074
47 12 931292464 5891194 122487740 5891207 53780204
48 12 811990842 5891194 291521730 5891207 103512572
49 12 704570496 5891194 448473576 5891207 153044072
50 12 597418017 5891194 605184963 5891207 202602980
51 12 473684791 5891194 771375063 5891207 245059854
52 12 357604404 5891194 934843879 5891207 292448283
53 12 237777014 5891195 105716946 5891207 343493960
54 12 126503221 5891195 266041711 5891207 392544932
55 12 13918139 5891195 427205941 5891207 441124080
56 11 903818234 5891195 583911161 5891207 487729395
57 11 778682146 5891195 750854950 5891207 529537096
58 11 660780144 5891195 922363450 5891207 583143594
59 11 545583370 5891196 87233815 5891207 632817185
60 11 428264192 5891196 252662817 5891207 680927009
61 11 315866958 5891196 412906620 5891207 728773578
62 11 203301857 5891196 574140534 5891207 777442391
63 11 85058825 5891196 741531833 5891207 826590658
64 10 951952368 5891196 922662949 5891207 874615317
1 18 276540882 5891239 888482676 5891258 165023558
2 18 157131372 5891240 51400448 5891258 208531820
3 18 42216999 5891240 213740991 5891258 255957990
4 17 934696859 5891240 378416046 5891258 313112905
5 17 813536973 5891240 545413243 5891258 358950216
6 17 698128406 5891240 706552049 5891258 404680455
7 17 591009054 5891240 867552765 5891258 458561819
8 17 469916204 5891241 32662219 5891258 502578423
9 17 359866370 5891241 191691620 5891258 551557990
10 17 249767037 5891241 356371027 5891258 606138064
11 17 128144197 5891241 523818993 5891258 651963190
12 17 18114604 5891241 676681935 5891258 694796539
13 16 895281842 5891241 845060735 5891258 740342577
14 16 788788571 5891242 5144950 5891258 793933521
15 16 651120364 5891242 182938815 5891258 834059179
16 16 542647593 5891242 341013827 5891258 883661420
17 16 422581483 5891242 508665345 5891258 931246828
18 16 323233616 5891242 669652265 5891258 992885881
19 16 205133637 5891242 829666536 5891259 34800173
20 16 87634330 5891242 996380998 5891259 84015328
21 15 954113324 5891243 178642150 5891259 132755474
22 15 829398393 5891243 352839787 5891259 182238180
23 15 702753813 5891243 523396843 5891259 226150656
24 15 589992234 5891243 684543741 5891259 274535975
25 15 473837977 5891243 849634992 5891259 323472969
26 15 361106970 5891244 5555285 5891259 366662255
27 15 250393593 5891244 168285154 5891259 418678747
28 15 116711942 5891244 341971003 5891259 458682945
29 15 13350667 5891244 496061460 5891259 509412127
30 14 897907879 5891244 660726570 5891259 558634449
31 14 776837620 5891244 827664565 5891259 604502185
32 14 664589457 5891244 989686984 5891259 654276441
33 14 550433330 5891245 146547240 5891259 696980570
34 14 441664583 5891245 311164519 5891259 752829102
35 14 324926948 5891245 472874740 5891259 797801688
36 14 218983019 5891245 629830661 5891259 848813680
37 14 82981225 5891245 814165201 5891259 897146426
38 13 971047907 5891245 971410932 5891259 942458839
39 13 846031001 5891246 138820769 5891259 984851770
40 13 732054870 5891246 309502842 5891260 41557712
41 13 604592916 5891246 479321134 5891260 83914050
42 13 496641506 5891246 636902970 5891260 133544476
43 13 382200903 5891246 798981832 5891260 181182735
44 13 266846611 5891246 960505465 5891260 227352076
45 13 148856277 5891247 131950153 5891260 280806430
46 13 29561228 5891247 293719132 5891260 323280360
47 12 920012366 5891247 454065694 5891260 374078060
48 12 793300528 5891247 630247645 5891260 423548173
49 12 668952905 5891247 798123530 5891260 467076435
50 12 563002124 5891247 953660681 5891260 516662805
51 12 457596018 5891248 109050650 5891260 566646668
52 12 330301543 5891248 286980032 5891260 617281575
53 12 221221968 5891248 445102858 5891260 666324826
54 12 88392338 5891248 623794836 5891260 712187174
55 11 977911733 5891248 785302395 5891260 763214128
56 11 866464185 5891248 952120836 5891260 818585021
57 11 758333037 5891249 112779318 5891260 871112355
58 11 641931118 5891249 280458650 5891260 922389768
59 11 517519070 5891249 447189408 5891260 964708478
60 11 402792157 5891249 612495840 5891261 15287997
61 11 280467719 5891249 777570517 5891261 58038236
62 11 165164650 5891249 948888559 5891261 114053209
63 11 49511845 5891250 114072772 5891261 163584617
64 10 928124908 5891250 280325464 5891261 208450372
1 18 300645403 5891293 245277233 5891311 545922636
2 18 142123658 5891293 442907378 5891311 585031036
3 18 40344872 5891293 597837913 5891311 638182785
4 17 909709791 5891293 781450116 5891311 691159907
5 17 798007543 5891293 941465944 5891311 739473487
6 17 687005856 5891294 96000208 5891311 783006064
7 17 568083668 5891294 260718208 5891311 828801876
8 17 451383253 5891294 422545318 5891311 873928571
9 17 331414381 5891294 592837084 5891311 924251465
10 17 219474156 5891294 753226739 5891311 972700895
11 17 99776241 5891294 916220827 5891312 15997068
12 16 979548966 5891295 88843606 5891312 68392572
13 16 869258636 5891295 252068134 5891312 121326770
14 16 742668554 5891295 421207885 5891312 163876439
15 16 627396539 5891295 584628816 5891312 212025355
16 16 511857250 5891295 751120339 5891312 262977589
17 16 415855950 5891295 906181630 5891312 322037580
18 16 281205166 5891296 82671115 5891312 363876281
19 16 174506306 5891296 239932717 5891312 414439023
20 16 56661505 5891296 406527719 5891312 463189224
21 15 938944498 5891296 571302644 5891312 510247142
22 15 826172955 5891296 730310917 5891312 556483872
23 15 704333340 5891296 897112712 5891312 601446052
24 15 599846124 5891297 50815769 5891312 650661893
25 15 484360056 5891297 215242812 5891312 699602868
26 15 362190244 5891297 383453673 5891312 745643917
27 15 242517273 5891297 553074915 5891312 795592188
28 15 128632862 5891297 712979505 5891312 841612367
29 15 3858283 5891297 882511897 5891312 886370180
30 14 886496862 5891298 46710796 5891312 933207658
31 14 762184534 5891298 216368092 5891312 978552626
32 14 645533970 5891298 382919003 5891313 28452973
33 14 525473710 5891298 552456932 5891313 77930642
34 14 403062403 5891298 722163968 5891313 125226371
35 14 278308657 5891298 894908985 5891313 173217642
36 14 169527372 5891299 53622394 5891313 223149766
37 14 48932808 5891299 222636925 5891313 271569733
38 13 920146397 5891299 391985987 5891313 312132384
39 13 812006304 5891299 553595619 5891313 365601923
40 13 717779469 5891299 696905686 5891313 414685155
41 13 587279423 5891299 870660036 5891313 457939459
42 13 471852577 5891300 34386518 5891313 506239095
43 13 357654135 5891300 196588324 5891313 554242459
44 13 247746944 5891300 355255197 5891313 603002141
45 13 121975051 5891300 529001862 5891313 650976913
46 13 3681722 5891300 693081040 5891313 696762762
47 12 860654095 5891300 879156457 5891313 739810552
48 12 750574538 5891301 38768460 5891313 789342998
49 12 631984585 5891301 208338184 5891313 840322769
50 12 513100062 5891301 375527694 5891313 888627756
51 12 398641587 5891301 540229269 5891313 938870856
52 12 287548420 5891301 699649275 5891313 987197695
53 12 166230054 5891301 866589401 5891314 32819455
54 12 44816987 5891302 32194366 5891314 77011353
55 11 927103665 5891302 196231527 5891314 123335192
56 11 800836799 5891302 373116171 5891314 173952970
57 11 673548026 5891302 543364105 5891314 216912131
58 11 562049607 5891302 706428303 5891314 268477910
59 11 444831832 5891302 870690978 5891314 315522810
60 11 332573092 5891303 28134837 5891314 360707929
61 11 215018250 5891303 193777616 5891314 408795866
62 11 102658976 5891303 359649373 5891314 462308349
63 10 981403498 5891303 524366262 5891314 505769760
64 10 867682120 5891303 685325092 5891314 553007212
1 18 217413965 5891347 222976958 5891365 440390923
2 18 62107641 5891347 425700620 5891365 487808261
3 17 955583517 5891347 578630860 5891365 534214377
4 17 835670624 5891347 753097976 5891365 588768600
5 17 703470145 5891347 927514075 5891365 630984220
6 17 582454088 5891348 99283871 5891365 681737959
7 17 465611434 5891348 267492548 5891365 733103982
8 17 357594857 5891348 423220161 5891365 780815018
9 17 233075680 5891348 591283971 5891365 824359651
10 17 124774589 5891348 747037788 5891365 871812377
11 17 6274336 5891348 911387741 5891365 917662077
12 16 893291055 5891349 70423219 5891365 963714274
13 16 788085684 5891349 223430661 5891366 11516345
14 16 668702467 5891349 385403047 5891366 54105514
15 16 541693651 5891349 561001457 5891366 102695108
16 16 425133659 5891349 723417075 5891366 148550734
17 16 312705145 5891349 880905156 5891366 193610301
18 16 199661920 5891350 43252109 5891366 242914029
19 16 83085891 5891350 206900446 5891366 289986337
20 15 971180793 5891350 371051995 5891366 342232788
21 15 858302640 5891350 531900013 5891366 390202653
22 15 748923921 5891350 689620941 5891366 438544862
23 15 629924622 5891350 857166316 5891366 487090938
24 15 513193521 5891351 22541417 5891366 535734938
25 15 395769489 5891351 182856075 5891366 578625564
26 15 283268274 5891351 344461764 5891366 627730038
27 15 175260807 5891351 507707422 5891366 682968229
28 15 62843330 5891351 670098282 5891366 732941612
29 14 949503518 5891351 833227980 5891366 782731498
30 14 839367221 5891351 984627378 5891366 823994599
31 14 721383773 5891352 156199660 5891366 877583433
32 14 599723192 5891352 323090361 5891366 922813553
33 14 479165791 5891352 490648792 5891366 969814583
34 14 359938738 5891352 656081243 5891367 16019981
35 14 243071159 5891352 819785115 5891367 62856274
36 14 133245781 5891352 972843316 5891367 106089097
37 14 26756527 5891353 136461579 5891367 163218106
38 13 902288516 5891353 304434279 5891367 206722795
39 13 787751893 5891353 464251779 5891367 252003672
40 13 679085383 5891353 623456902 5891367 302542285
41 13 558310895 5891353 789558841 5891367 347869736
42 13 437057453 5891353 958103346 5891367 395160799
43 13 320302593 5891354 122568482 5891367 442871075
44 13 210181167 5891354 282779030 5891367 492960197
45 13 97188644 5891354 446017523 5891367 543206167
46 12 978168569 5891354 608101036 5891367 586269605
47 12 861076401 5891354 770895759 5891367 631972160
48 12 733909347 5891354 949155008 5891367 683064355
49 12 624193708 5891355 108930343 5891367 733124051
50 12 504668142 5891355 277318109 5891367 781986251
51 12 382151500 5891355 451433603 5891367 833585103
52 12 259179091 5891355 616810462 5891367 875989553
53 12 130567897 5891355 789201025 5891367 919768922
54 12 18785760 5891355 953329241 5891367 972115001
55 11 897348303 5891356 122849431 5891368 20197734
56 11 785039286 5891356 287945463 5891368 72984749
57 11 665926249 5891356 453887423 5891368 119813672
58 11 545867582 5891356 619612276 5891368 165479858
59 11 417417903 5891356 793628975 5891368 211046878
60 11 301719895 5891356 954784580 5891368 256504475
61 11 180173143 5891357 120730393 5891368 300903536
62 11 66764036 5891357 279539301 5891368 346303337
63 10 945462336 5891357 452965918 5891368 398428254
64 10 817620943 5891357 623423794 5891368 441044737
1 18 125213548 5891401 102955567 5891419 228169115
2 17 981366823 5891401 292801638 5891419 274168461
3 17 872528705 5891401 450543178 5891419 323071883
4 17 763600661 5891401 609026816 5891419 372627477
5 17 649443753 5891401 770532138 5891419 419975891
6 17 528607987 5891401 940768649 5891419 469376636
7 17 420730110 5891402 98229324 5891419 518959434
8 17 309253337 5891402 260709572 5891419 569962909
9 17 187257501 5891402 425448334 5891419 612705835
10 17 76411530 5891402 586309631 5891419 662721161
11 16 947671931 5891402 763649287 5891419 711321218
12 16 826490913 5891402 925968168 5891419 752459081
13 16 709842477 5891403 92720763 5891419 802563240
14 16 595502276 5891403 251677317 5891419 847179593
15 16 491262979 5891403 404104475 5891419 895367454
16 16 379036257 5891403 563843256 5891419 942879513
17 16 261766424 5891403 726463854 5891419 988230278
18 16 155090284 5891403 879381299 5891420 34471583
19 16 31183835 5891404 50475738 5891420 81659573
20 15 918446918 5891404 212142595 5891420 130589513
21 15 806895629 5891404 366629510 5891420 173525139
22 15 696086732 5891404 525307459 5891420 221394191
23 15 573096913 5891404 692696283 5891420 265793196
24 15 460685620 5891404 862142605 5891420 322828225
25 15 345563100 5891405 21305045 5891420 366868145
26 15 234075309 5891405 181267914 5891420 415343223
27 15 116901790 5891405 347940973 5891420 464842763
28 14 996284706 5891405 517484460 5891420 513769166
29 14 881002448 5891405 682091335 5891420 563093783
30 14 764145664 5891405 843381087 5891420 607526751
31 14 648806426 5891406 8413084 5891420 657219510
32 14 540463742 5891406 163229679 5891420 703693421
33 14 416783159 5891406 333554633 5891420 750337792
34 14 304058835 5891406 492455430 5891420 796514265
35 14 189354696 5891406 657277949 5891420 846632645
36 14 77977013 5891406 815469000 5891420 893446013
37 13 960376650 5891406 973547590 5891420 933924240
38 13 849370128 5891407 136669659 5891420 986039787
39 13 730724618 5891407 312070833 5891421 42795451
40 13 614934499 5891407 481478730 5891421 96413229
41 13 490524244 5891407 650799222 5891421 141323466
42 13 381758476 5891407 807025476 5891421 188783952
43 13 264765454 5891407 972459873 5891421 237225327
44 13 142454790 5891408 136479611 5891421 278934401
45 13 31495526 5891408 297621884 5891421 329117410
46 12 921929050 5891408 456913359 5891421 378842409
47 12 804684496 5891408 619012947 5891421 423697443
48 12 692263739 5891408 781442086 5891421 473705825
49 12 587167088 5891408 936696895 5891421 523863983
50 12 468505227 5891409 106149735 5891421 574654962
51 12 352134952 5891409 267792036 5891421 619926988
52 12 233350796 5891409 432906273 5891421 666257069
53 12 121267441 5891409 597547018 5891421 718814459
54 12 8885462 5891409 762807752 5891421 771693214
55 11 891758017 5891409 929016893 5891421 820774910
56 11 770755755 5891410 90883579 5891421 861639334
57 11 658730602 5891410 253993779 5891421 912724381
58 11 545857837 5891410 422035164 5891421 967893001
59 11 432176716 5891410 575481822 5891422 7658538
60 11 315309580 5891410 736310490 5891422 51620070
61 11 208049690 5891410 894141696 5891422 102191386
62 11 90160500 5891411 64061083 5891422 154221583
63 10 976971870 5891411 228574423 5891422 205546293
64 10 856690371 5891411 388474368 5891422 245164739
1 18 222102720 5891454 682982023 5891472 905084743
2 18 68480806 5891454 886964980 5891472 955445786
3 17 956068216 5891455 48474118 5891473 4542334
4 17 848937787 5891455 212539764 5891473 61477551
5 17 736301831 5891455 367197955 5891473 103499786
6 17 623452879 5891455 529969496 5891473 153422375
7 17 503551021 5891455 699631019 5891473 203182040
8 17 380558517 5891455 872420391 5891473 252978908
9 17 266543346 5891456 32588702 5891473 299132048
10 17 159824614 5891456 192889769 5891473 352714383
11 17 41184158 5891456 356992766 5891473 398176924
12 16 919578146 5891456 515649717 5891473 435227863
13 16 813869580 5891456 672812732 5891473 486682312
14 16 697522064 5891456 836722121 5891473 534244185
15 16 580803758 5891457 2887450 5891473 583691208
16 16 477510534 5891457 153799212 5891473 631309746
17 16 364144407 5891457 313053225 5891473 677197632
18 16 249641523 5891457 472551011 5891473 722192534
19 16 144527668 5891457 629132148 5891473 773659816
20 16 27236668 5891457 795467511 5891473 822704179
21 15 910425549 5891457 961112868 5891473 871538417
22 15 799373619 5891458 121945667 5891473 921319286
23 15 686689552 5891458 287941555 5891473 974631107
24 15 570658012 5891458 451641948 5891474 22299960
25 15 442375255 5891458 620786147 5891474 63161402
26 15 324425046 5891458 788170435 5891474 112595481
27 15 207953568 5891458 947184805 5891474 155138373
28 15 99792992 5891459 107743738 5891474 207536730
29 14 985275904 5891459 271120304 5891474 256396208
30 14 860597932 5891459 443066914 5891474 303664846
31 14 748510169 5891459 610776844 5891474 359287013
32 14 624299113 5891459 775071208 5891474 399370321
33 14 505557104 5891459 941476477 5891474 447033581
34 14 394277826 5891460 105977115 5891474 500254941
35 14 275269953 5891460 272089685 5891474 547359638
36 14 154949343 5891460 432672841 5891474 587622184
37 14 49122537 5891460 588629212 5891474 637751749
38 13 937113310 5891460 756016518 5891474 693129828
39 13 820345672 5891460 922643801 5891474 742989473
40 13 689979473 5891461 98248213 5891474 788227686
41 13 574245241 5891461 262984291 5891474 837229532
42 13 466108015 5891461 421801609 5891474 887909624
43 13 352135510 5891461 586189638 5891474 938325148
44 13 233003934 5891461 757856901 5891474 990860835
45 13 123243479 5891461 914600536 5891475 37844015
46 13 5379973 5891462 76578461 5891475 81958434
47 12 885282193 5891462 253416832 5891475 138699025
48 12 774814733 5891462 414329018 5891475 189143751
49 12 665866671 5891462 576589568 5891475 242456239
50 12 544595691 5891462 735955079 5891475 280550770
51 12 436490336 5891462 897555271 5891475 334045607
52 12 325248742 5891463 58877598 5891475 384126340
53 12 206966891 5891463 220947448 5891475 427914339
54 12 73268142 5891463 399099961 5891475 472368103
55 11 951461172 5891463 572853185 5891475 524314357
56 11 837875381 5891463 737416933 5891475 575292314
57 11 727763119 5891463 895251806 5891475 623014925
58 11 617227752 5891464 56759593 5891475 673987345
59 11 509749534 5891464 212723834 5891475 722473368
60 11 383923564 5891464 390807348 5891475 774730912
61 11 275257664 5891464 545969623 5891475 821227287
62 11 159214789 5891464 712247506 5891475 871462295
63 11 41360968 5891464 875442797 5891475 916803765
64 10 929434479 5891465 42508684 5891475 971943163
1 18 360600347 5891507 882851737 5891526 243452084
2 18 207330406 5891508 82719939 5891526 290050345
3 18 92286346 5891508 250295706 5891526 342582052
4 17 971628186 5891508 413027304 5891526 384655490
5 17 853072377 5891508 580537331 5891526 433609708
6 17 736883617 5891508 740945786 5891526 477829403
7 17 614512841 5891508 908796529 5891526 523309370
8 17 499159916 5891509 79695216 5891526 578855132
9 17 383563644 5891509 242727493 5891526 626291137
10 17 255967577 5891509 412448997 5891526 668416574
11 17 148422210 5891509 570307167 5891526 718729377
12 17 30312281 5891509 734132374 5891526 764444655
13 16 907463718 5891509 900068838 5891526 807532556
14 16 803397973 5891510 54304427 5891526 857702400
15 16 690095769 5891510 220951840 5891526 911047609
16 16 574698363 5891510 383483794 5891526 958182157
17 16 455674785 5891510 547731604 5891527 3406389
18 16 334851166 5891510 718230279 5891527 53081445
19 16 220893197 5891510 880793009 5891527 101686206
20 16 110298961 5891511 42432424 5891527 152731385
21 16 3644874 5891511 198725808 5891527 202370682
22 15 882187841 5891511 360815880 5891527 243003721
23 15 757436943 5891511 536513885 5891527 293950828
24 15 638928318 5891511 706944172 5891527 345872490
25 15 525731390 5891511 871350016 5891527 397081406
26 15 398016473 5891512 43791785 5891527 441808258
27 15 267274465 5891512 221951762 5891527 489226227
28 15 150123851 5891512 390685748 5891527 540809599
29 15 32932887 5891512 551124758 5891527 584057645
30 14 917238969 5891512 711691211 5891527 628930180
31 14 815494457 5891512 867933652 5891527 683428109
32 14 694022683 5891513 39188443 5891527 733211126
33 14 572299784 5891513 201741044 5891527 774040828
34 14 459810806 5891513 364075908 5891527 823886714
35 14 324616918 5891513 542689117 5891527 867306035
36 14 208432416 5891513 712610655 5891527 921043071
37 14 100976085 5891513 873362549 5891527 974338634
38 13 987643789 5891514 38208218 5891528 25852007
39 13 873811909 5891514 197958872 5891528 71770781
40 13 765660314 5891514 362187256 5891528 127847570
41 13 654647549 5891514 523370864 5891528 178018413
42 13 531445270 5891514 692590323 5891528 224035593
43 13 416435339 5891514 853195497 5891528 269630836
44 13 297460500 5891515 22325013 5891528 319785513
45 13 176414571 5891515 182648488 5891528 359063059
46 13 64021405 5891515 348429807 5891528 412451212
47 12 953945716 5891515 512201589 5891528 466147305
48 12 844279463 5891515 668782838 5891528 513062301
49 12 727399603 5891515 833341013 5891528 560740616
50 12 606623594 5891516 1614267 5891528 608237861
51 12 492237984 5891516 163373920 5891528 655611904
52 12 379786691 5891516 324497529 5891528 704284220
53 12 257740205 5891516 496252107 5891528 753992312
54 12 133643573 5891516 663675932 5891528 797319505
55 12 7212596 5891516 833307697 5891528 840520293
56 11 883826968 5891517 5571803 5891528 889398771
57 11 760819445 5891517 170973536 5891528 931792981
58 11 640366263 5891517 340588043 5891528 980954306
59 11 521269279 5891517 505530618 5891529 26799897
60 11 404574268 5891517 672807816 5891529 77382084
61 11 295645945 5891517 829006869 5891529 124652814
62 11 175437815 5891517 999335232 5891529 174773047
63 11 61073020 5891518 162644634 5891529 223717654
64 10 949028441 5891518 324504174 5891529 273532615
1 18 371689392 5891561 563330820 5891579 935020212
2 18 222146955 5891561 760232153 5891579 982379108
3 18 107043859 5891561 921268153 5891580 28312012
4 17 998797967 5891562 82828903 5891580 81626870
5 17 894393542 5891562 236984069 5891580 131377611
6 17 774389832 5891562 403735278 5891580 178125110
7 17 642865634 5891562 574310749 5891580 217176383
8 17 532756574 5891562 733642355 5891580 266398929
9 17 422422778 5891562 894785279 5891580 317208057
10 17 293096854 5891563 68293362 5891580 361390216
11 17 173113495 5891563 238388935 5891580 411502430
12 17 55075047 5891563 404825538 5891580 459900585
13 16 932548588 5891563 575491230 5891580 508039818
14 16 812623562 5891563 738970333 5891580 551593895
15 16 699866367 5891563 902201459 5891580 602067826
16 16 590456423 5891564 60446123 5891580 650902546
17 16 474689801 5891564 228233924 5891580 702923725
18 16 354117270 5891564 396147055 5891580 750264325
19 16 247314648 5891564 552683047 5891580 799997695
20 16 143488081 5891564 708791325 5891580 852279406
21 16 19171731 5891564 876273427 5891580 895445158
22 15 899388481 5891565 44426832 5891580 943815313
23 15 792380289 5891565 201933065 5891580 994313354
24 15 678079621 5891565 364819087 5891581 42898708
25 15 562937840 5891565 531098416 5891581 94036256
26 15 439166293 5891565 700528908 5891581 139695201
27 15 324457560 5891565 862431003 5891581 186888563
28 15 214761196 5891566 28091103 5891581 242852299
29 15 79278848 5891566 213442503 5891581 292721351
30 14 958118087 5891566 383118324 5891581 341236411
31 14 834238098 5891566 557417040 5891581 391655138
32 14 702124634 5891566 731685942 5891581 433810576
33 14 590964777 5891566 892415949 5891581 483380726
34 14 471171565 5891567 60838293 5891581 532009858
35 14 357232001 5891567 223696575 5891581 580928576
36 14 223357273 5891567 397110289 5891581 620467562
37 14 115706185 5891567 563760741 5891581 679466926
38 13 995988860 5891567 732975459 5891581 728964319
39 13 888168739 5891567 895249048 5891581 783417787
40 13 770520931 5891568 62787575 5891581 833308506
41 13 659114987 5891568 222449546 5891581 881564533
42 13 541491863 5891568 392693560 5891581 934185423
43 13 418758796 5891568 557690932 5891581 976449728
44 13 313718624 5891568 718741913 5891582 32460537
45 13 191418087 5891568 889106925 5891582 80525012
46 13 74083124 5891569 49688231 5891582 123771355
47 12 965064026 5891569 213511679 5891582 178575705
48 12 839071595 5891569 382792878 5891582 221864473
49 12 732776833 5891569 536689049 5891582 269465882
50 12 620460167 5891569 696596459 5891582 317056626
51 12 504756433 5891569 863241096 5891582 367997529
52 12 388292713 5891570 29478722 5891582 417771435
53 12 271862566 5891570 192073083 5891582 463935649
54 12 159767303 5891570 352952290 5891582 512719593
55 12 44072253 5891570 518103807 5891582 562176060
56 11 934649867 5891570 676251416 5891582 610901283
57 11 809852505 5891570 843869665 5891582 653722170
58 11 701645169 5891571 5645448 5891582 707290617
59 11 577713848 5891571 172171254 5891582 749885102
60 11 460776229 5891571 336904445 5891582 797680674
61 11 344244382 5891571 502993629 5891582 847238011
62 11 222660739 5891571 675034758 5891582 897695497
63 11 105241055 5891571 843589693 5891582 948830748
64 10 989083886 5891572 4260996 5891582 993344882
