1 37 45190788 5891615 105192093 5891652 150382881
2 36 878058642 5891615 317622155 5891652 195680797
3 36 765565589 5891615 475674860 5891652 241240449
4 36 648485547 5891615 640482069 5891652 288967616
5 36 536362838 5891615 810089152 5891652 346451990
6 36 424271389 5891615 968844732 5891652 393116121
7 36 296018073 5891616 142253226 5891652 438271299
8 36 177276377 5891616 311174691 5891652 488451068
9 36 66208983 5891616 468828385 5891652 535037368
10 35 948130923 5891616 635941384 5891652 584072307
11 35 832668406 5891616 800837851 5891652 633506257
12 35 719791897 5891616 965909092 5891652 685700989
13 35 607589189 5891617 125527083 5891652 733116272
14 35 495295615 5891617 287460104 5891652 782755719
15 35 376271349 5891617 447453162 5891652 823724511
16 35 260122364 5891617 616443719 5891652 876566083
17 35 151294798 5891617 774592293 5891652 925887091
18 35 25203109 5891617 953842529 5891652 979045638
19 34 914211528 5891618 115182599 5891653 29394127
20 34 795553479 5891618 277543742 5891653 73097221
21 34 681501473 5891618 442238157 5891653 123739630
22 34 561811090 5891618 605505487 5891653 167316577
23 34 439074098 5891618 776213012 5891653 215287110
24 34 329271347 5891618 936258809 5891653 265530156
25 34 216898495 5891619 99452215 5891653 316350710
26 34 101586791 5891619 268129574 5891653 369716365
27 33 989788817 5891619 432304221 5891653 422093038
28 33 882080452 5891619 592314575 5891653 474395027
29 33 762680046 5891619 765239355 5891653 527919401
30 33 645963960 5891619 935022508 5891653 580986468
31 33 537419019 5891620 95497168 5891653 632916187
32 33 423024408 5891620 253637038 5891653 676661446
33 33 301196362 5891620 424791518 5891653 725987880
34 33 186590256 5891620 587815056 5891653 774405312
35 33 70589841 5891620 748371400 5891653 818961241
36 32 952308174 5891620 914518584 5891653 866826758
37 32 833672050 5891621 76112908 5891653 909784958
38 32 727153904 5891621 236394183 5891653 963548087
39 32 605476429 5891621 405429943 5891654 10906372
40 32 497309091 5891621 567906769 5891654 65215860
41 32 372594987 5891621 742518407 5891654 115113394
42 32 260960863 5891621 900466410 5891654 161427273
43 32 143329702 5891622 64574613 5891654 207904315
44 32 32764983 5891622 224823222 5891654 257588205
45 31 907906400 5891622 401520358 5891654 309426758
46 31 795201796 5891622 565626950 5891654 360828746
47 31 683686261 5891622 725125073 5891654 408811334
48 31 565729606 5891622 893010150 5891654 458739756
49 31 447578232 5891623 58086669 5891654 505664901
50 31 328105457 5891623 223974117 5891654 552079574
51 31 205208227 5891623 398891823 5891654 604100050
52 31 80688546 5891623 571865565 5891654 652554111
53 30 961729520 5891623 737786624 5891654 699516144
54 30 846590683 5891623 899664850 5891654 746255533
55 30 732794857 5891624 66518892 5891654 799313749
56 30 603264603 5891624 242551984 5891654 845816587
57 30 496291613 5891624 400062922 5891654 896354535
58 30 369884392 5891624 573722281 5891654 943606673
59 30 243776816 5891624 745216272 5891654 988993088
60 30 130378390 5891624 910249940 5891655 40628330
61 30 10861986 5891625 73635898 5891655 84497884
62 29 887766519 5891625 247662139 5891655 135428658
63 29 772554571 5891625 412942858 5891655 185497429
64 29 650948762 5891625 583545922 5891655 234494684
65 29 549714499 5891625 741962305 5891655 291676804
66 29 431643865 5891625 910079656 5891655 341723521
67 29 310326067 5891626 75834552 5891655 386160619
68 29 194288766 5891626 248694888 5891655 442983654
69 29 67047135 5891626 409043884 5891655 476091019
70 28 962987221 5891626 575216549 5891655 538203770
71 28 833818756 5891626 749190902 5891655 583009658
72 28 717841452 5891626 913193034 5891655 631034486
73 28 592477361 5891627 85459993 5891655 677937354
74 28 479441706 5891627 248287165 5891655 727728871
75 28 354345462 5891627 428212074 5891655 782557536
76 28 230632562 5891627 603496662 5891655 834129224
77 28 115442799 5891627 770549366 5891655 885992165
78 28 12519031 5891627 923392427 5891655 935911458
79 27 896335231 5891628 87678887 5891655 984014118
80 27 779907751 5891628 254578150 5891656 34485901
81 27 651324312 5891628 432813294 5891656 84137606
82 27 537587485 5891628 601627336 5891656 139214821
83 27 426184598 5891628 769201104 5891656 195385702
84 27 314381698 5891628 932738300 5891656 247119998
85 27 195782036 5891629 92509658 5891656 288291694
86 27 81406017 5891629 259122186 5891656 340528203
87 26 964678561 5891629 422821193 5891656 387499754
88 26 843411468 5891629 593863582 5891656 437275050
89 26 735563605 5891629 751268133 5891656 486831738
90 26 620133570 5891629 922846068 5891656 542979638
91 26 509422187 5891630 83036141 5891656 592458328
92 26 392151074 5891630 252639538 5891656 644790612
93 26 260258752 5891630 432847183 5891656 693105935
94 26 125425541 5891630 612896219 5891656 738321760
95 26 11755528 5891630 782735779 5891656 794491307
96 25 897234382 5891630 948097830 5891656 845332212
97 25 766291173 5891631 131614135 5891656 897905308
98 25 646182705 5891631 300540101 5891656 946722806
99 25 518557860 5891631 472831170 5891656 991389030
100 25 404901550 5891631 639257442 5891657 44158992
101 25 278276686 5891631 810952782 5891657 89229468
102 25 160320715 5891631 982715010 5891657 143035725
103 25 28716185 5891632 159879044 5891657 188595229
104 24 914171243 5891632 323541812 5891657 237713055
105 24 806807410 5891632 485141395 5891657 291948805
106 24 692249598 5891632 647193656 5891657 339443254
107 24 560304537 5891632 823917402 5891657 384221939
108 24 447032460 5891632 996328563 5891657 443361023
109 24 331040361 5891633 163151938 5891657 494192299
110 24 210360034 5891633 331297937 5891657 541657971
111 24 79970202 5891633 508107367 5891657 588077569
112 23 961121767 5891633 675210626 5891657 636332393
113 23 849324794 5891633 839542010 5891657 688866804
114 23 727227715 5891634 14728823 5891657 741956538
115 23 610824383 5891634 181387571 5891657 792211954
116 23 482281868 5891634 351167892 5891657 833449760
117 23 377285954 5891634 513692254 5891657 890978208
118 23 263095042 5891634 678532315 5891657 941627357
119 23 140239719 5891634 854638962 5891657 994878681
120 23 18242398 5891635 22953698 5891658 41196096
121 22 897966397 5891635 196795017 5891658 94761414
122 22 778493011 5891635 363743871 5891658 142236882
123 22 656500652 5891635 531377454 5891658 187878106
124 22 544894842 5891635 693980315 5891658 238875157
125 22 429639358 5891635 864107944 5891658 293747302
126 22 307722906 5891636 33227369 5891658 340950275
127 22 182699845 5891636 204118520 5891658 386818365
128 22 61930168 5891636 382700640 5891658 444630808
1 36 733125674 5891723 92006092 5891759 825131766
2 36 576473553 5891723 295781410 5891759 872254963
3 36 461508952 5891723 461292867 5891759 922801819
4 36 342483334 5891723 627144372 5891759 969627706
5 36 232597491 5891723 785299206 5891760 17896697
6 36 113279360 5891723 952761182 5891760 66040542
7 35 978341094 5891724 128371821 5891760 106712915
8 35 880746317 5891724 291849001 5891760 172595318
9 35 759817106 5891724 461053388 5891760 220870494
10 35 651644100 5891724 618238148 5891760 269882248
11 35 533846960 5891724 782192670 5891760 316039630
12 35 414220020 5891724 943350930 5891760 357570950
13 35 303236882 5891725 103286324 5891760 406523206
14 35 190033341 5891725 268195847 5891760 458229188
15 35 72146201 5891725 431292312 5891760 503438513
16 34 966186229 5891725 583496516 5891760 549682745
17 34 848601140 5891725 748094730 5891760 596695870
18 34 743701944 5891725 904798610 5891760 648500554
19 34 625089319 5891726 69376584 5891760 694465903
20 34 505108237 5891726 237867022 5891760 742975259
21 34 366921291 5891726 416942522 5891760 783863813
22 34 255634214 5891726 583850508 5891760 839484722
23 34 139914071 5891726 745554573 5891760 885468644
24 34 24119394 5891726 912760238 5891760 936879632
25 33 906534675 5891727 75025626 5891760 981560301
26 33 794225340 5891727 238175052 5891761 32400392
27 33 665422829 5891727 417516733 5891761 82939562
28 33 537998887 5891727 592855654 5891761 130854541
29 33 421562498 5891727 752659902 5891761 174222400
30 33 305302811 5891727 921577147 5891761 226879958
31 33 182006809 5891728 86558595 5891761 268565404
32 33 67565531 5891728 254130347 5891761 321695878
33 32 952738558 5891728 415523324 5891761 368261882
34 32 839167394 5891728 575035448 5891761 414202842
35 32 730532564 5891728 734184523 5891761 464717087
36 32 616354004 5891728 897917735 5891761 514271739
37 32 484136205 5891729 72587151 5891761 556723356
38 32 370373230 5891729 236619672 5891761 606992902
39 32 249086229 5891729 403581379 5891761 652667608
40 32 132687432 5891729 571690547 5891761 704377979
41 32 15790904 5891729 738060413 5891761 753851317
42 31 894957357 5891729 904601554 5891761 799558911
43 31 773725780 5891730 72758795 5891761 846484575
44 31 656560164 5891730 238548265 5891761 895108429
45 31 542435548 5891730 401925669 5891761 944361217
46 31 424402634 5891730 572653343 5891761 997055977
47 31 305966857 5891730 732570274 5891762 38537131
48 31 207636891 5891730 888906568 5891762 96543459
49 31 84637680 5891731 55218750 5891762 139856430
50 30 971318345 5891731 219860427 5891762 191178772
51 30 849877735 5891731 388058852 5891762 237936587
52 30 736678638 5891731 550295092 5891762 286973730
53 30 626152270 5891731 713722568 5891762 339874838
54 30 502978654 5891731 888868772 5891762 391847426
55 30 384305159 5891732 52133215 5891762 436438374
56 30 271592943 5891732 223151309 5891762 494744252
57 30 143879894 5891732 403329104 5891762 547208998
58 30 17843814 5891732 571957743 5891762 589801557
59 29 902807344 5891732 741486292 5891762 644293636
60 29 781185422 5891732 912193837 5891762 693379259
61 29 659843199 5891733 79566185 5891762 739409384
62 29 544217832 5891733 243115197 5891762 787333029
63 29 430341174 5891733 403474379 5891762 833815553
64 29 313416313 5891733 572929966 5891762 886346279
65 29 194241365 5891733 741535309 5891762 935776674
66 29 84358577 5891733 895976490 5891762 980335067
67 28 956018707 5891734 72733256 5891763 28751963
68 28 841127196 5891734 239359933 5891763 80487129
69 28 724258890 5891734 407765410 5891763 132024300
70 28 607823872 5891734 568628823 5891763 176452695
71 28 485608184 5891734 738726009 5891763 224334193
72 28 366498253 5891734 908934119 5891763 275432372
73 28 235894554 5891735 85183320 5891763 321077874
74 28 118485591 5891735 252352746 5891763 370838337
75 28 3251125 5891735 413020848 5891763 416271973
76 27 880849292 5891735 584081961 5891763 464931253
77 27 772511809 5891735 742090057 5891763 514601866
78 27 654182289 5891735 912011413 5891763 566193702
79 27 545348925 5891736 69387151 5891763 614736076
80 27 420196440 5891736 240479133 5891763 660675573
81 27 306506759 5891736 404479100 5891763 710985859
82 27 190036723 5891736 574129498 5891763 764166221
83 27 84559520 5891736 728895562 5891763 813455082
84 26 970579030 5891736 895129116 5891763 865708146
85 26 852866351 5891737 58569963 5891763 911436314
86 26 732729846 5891737 228132122 5891763 960861968
87 26 617560637 5891737 394193106 5891764 11753743
88 26 494969104 5891737 568175553 5891764 63144657
89 26 366636067 5891737 742206036 5891764 108842103
90 26 256115031 5891737 906982192 5891764 163097223
91 26 140380741 5891738 74495426 5891764 214876167
92 26 29086313 5891738 233292600 5891764 262378913
93 25 910812718 5891738 403029145 5891764 313841863
94 25 790023484 5891738 571868688 5891764 361892172
95 25 663366490 5891738 742741767 5891764 406108257
96 25 571061078 5891738 899428647 5891764 470489725
97 25 450181217 5891739 62913160 5891764 513094377
98 25 338782790 5891739 224841628 5891764 563624418
99 25 231651080 5891739 382701690 5891764 614352770
100 25 118107416 5891739 546125296 5891764 664232712
101 24 996513309 5891739 712228594 5891764 708741903
102 24 887595058 5891739 871551277 5891764 759146335
103 24 777699048 5891740 35811146 5891764 813510194
104 24 656879649 5891740 202416415 5891764 859296064
105 24 543160154 5891740 365546453 5891764 908706607
106 24 426080685 5891740 530436181 5891764 956516866
107 24 310921643 5891740 691145523 5891765 2067166
108 24 194143909 5891740 857506112 5891765 51650021
109 24 76076125 5891741 20259787 5891765 96335912
110 23 960729068 5891741 183962037 5891765 144691105
111 23 849607247 5891741 345021984 5891765 194629231
112 23 714047104 5891741 528948653 5891765 242995757
113 23 597147890 5891741 692936972 5891765 290084862
114 23 479686355 5891741 862670479 5891765 342356834
115 23 367184911 5891742 24491931 5891765 391676842
116 23 254239884 5891742 189252531 5891765 443492415
117 23 136902586 5891742 350478753 5891765 487381339
118 23 29670397 5891742 512536440 5891765 542206837
119 22 906724037 5891742 676151784 5891765 582875821
120 22 793308018 5891742 849316765 5891765 642624783
121 22 681658318 5891743 5688633 5891765 687346951
122 22 572879101 5891743 165352143 5891765 738231244
123 22 462705930 5891743 324477181 5891765 787183111
124 22 356914547 5891743 484390131 5891765 841304678
125 22 239510287 5891743 645175065 5891765 884685352
126 22 121581427 5891743 812765501 5891765 934346928
127 22 10358720 5891743 976812429 5891765 987171149
128 21 899888164 5891744 142781859 5891766 42670023
1 36 458692679 5891828 990903565 5891865 449596244
2 36 308186628 5891829 184233264 5891865 492419892
3 36 195987382 5891829 340803814 5891865 536791196
4 36 88283478 5891829 499585990 5891865 587869468
5 35 973498077 5891829 657270500 5891865 630768577
6 35 858236796 5891829 824080100 5891865 682316896
7 35 750802443 5891829 982106531 5891865 732908974
8 35 628943710 5891830 146727209 5891865 775670919
9 35 515546857 5891830 306681455 5891865 822228312
10 35 391871751 5891830 476250133 5891865 868121884
11 35 278054757 5891830 639729851 5891865 917784608
12 35 162078378 5891830 801678727 5891865 963757105
13 35 47324180 5891830 966598621 5891866 13922801
14 34 931143360 5891831 132598144 5891866 63741504
15 34 818380551 5891831 294263618 5891866 112644169
16 34 706222360 5891831 460176846 5891866 166399206
17 34 591180204 5891831 621372421 5891866 212552625
18 34 480824146 5891831 776158337 5891866 256982483
19 34 359559958 5891831 948846513 5891866 308406471
20 34 236250437 5891832 117633540 5891866 353883977
21 34 110257671 5891832 286505731 5891866 396763402
22 33 998953982 5891832 443431997 5891866 442385979
23 33 878274432 5891832 614332150 5891866 492606582
24 33 757994132 5891832 782254693 5891866 540248825
25 33 644209823 5891832 941204754 5891866 585414577
26 33 532534309 5891833 101666713 5891866 634201022
27 33 403369767 5891833 274555460 5891866 677925227
28 33 277624403 5891833 445790033 5891866 723414436
29 33 167738559 5891833 606666188 5891866 774404747
30 33 59484628 5891833 763084889 5891866 822569517
31 32 946668468 5891833 921938156 5891866 868606624
32 32 818073213 5891834 89827643 5891866 907900856
33 32 706346477 5891834 251489987 5891866 957836464
34 32 594351153 5891834 411891688 5891867 6242841
35 32 476669823 5891834 578457238 5891867 55127061
36 32 365708204 5891834 743104322 5891867 108812526
37 32 245028097 5891834 918070715 5891867 163098812
38 32 134410970 5891835 76362548 5891867 210773518
39 32 15696457 5891835 247672268 5891867 263368725
40 31 895571672 5891835 410489258 5891867 306060930
41 31 778376353 5891835 571264285 5891867 349640638
42 31 661667950 5891835 742190642 5891867 403858592
43 31 553214172 5891835 897581418 5891867 450795590
44 31 455125367 5891836 51023452 5891867 506148819
45 31 323371244 5891836 222619556 5891867 545990800
46 31 205216073 5891836 393222326 5891867 598438399
47 31 84669445 5891836 563404975 5891867 648074420
48 30 965783250 5891836 725053819 5891867 690837069
49 30 848020626 5891836 887779588 5891867 735800214
50 30 739355999 5891837 46275602 5891867 785631601
51 30 624178772 5891837 213654710 5891867 837833482
52 30 505780197 5891837 383296091 5891867 889076288
53 30 396404825 5891837 545079285 5891867 941484110
54 30 280756421 5891837 702613539 5891867 983369960
55 30 167235347 5891837 865166756 5891868 32402103
56 30 50764107 5891838 32573123 5891868 83337230
57 29 920126760 5891838 213615106 5891868 133741866
58 29 807059957 5891838 373047862 5891868 180107819
59 29 695310406 5891838 533750502 5891868 229060908
60 29 581422451 5891838 700523010 5891868 281945461
61 29 482891913 5891838 846529220 5891868 329421133
62 29 356463859 5891839 16761756 5891868 373225615
63 29 237621755 5891839 187780482 5891868 425402237
64 29 122311345 5891839 350472492 5891868 472783837
65 29 6056341 5891839 515710492 5891868 521766833
66 28 883045537 5891839 684638627 5891868 567684164
67 28 767863531 5891839 850828369 5891868 618691900
68 28 652099611 5891840 12084850 5891868 664184461
69 28 536496133 5891840 174869562 5891868 711365695
70 28 425241407 5891840 335650552 5891868 760891959
71 28 304052235 5891840 509460541 5891868 813512776
72 28 193094651 5891840 665446232 5891868 858540883
73 28 81608522 5891840 832009929 5891868 913618451
74 27 974800269 5891840 988425500 5891868 963225769
75 27 859710854 5891841 152495244 5891869 12206098
76 27 734715828 5891841 325857204 5891869 60573032
77 27 623549359 5891841 485599769 5891869 109149128
78 27 507508074 5891841 651134430 5891869 158642504
79 27 392491750 5891841 815115954 5891869 207607704
80 27 279568296 5891841 983448544 5891869 263016840
81 27 171954372 5891842 140690119 5891869 312644491
82 27 46292228 5891842 309245224 5891869 355537452
83 26 922109039 5891842 476706645 5891869 398815684
84 26 808172177 5891842 640624318 5891869 448796495
85 26 687037264 5891842 814772763 5891869 501810027
86 26 563812483 5891842 983030188 5891869 546842671
87 26 443520147 5891843 152441518 5891869 595961665
88 26 311977724 5891843 326736442 5891869 638714166
89 26 201598278 5891843 487826278 5891869 689424556
90 26 92261182 5891843 649111870 5891869 741373052
91 25 975692480 5891843 813683679 5891869 789376159
92 25 847160668 5891843 991070360 5891869 838231028
93 25 734766518 5891844 151317305 5891869 886083823
94 25 627354609 5891844 313038815 5891869 940393424
95 25 517892572 5891844 473668178 5891869 991560750
96 25 401867101 5891844 639689997 5891870 41557098
97 25 281436990 5891844 813364895 5891870 94801885
98 25 156715347 5891844 981483101 5891870 138198448
99 25 42940853 5891845 146284127 5891870 189224980
100 24 921895753 5891845 311430629 5891870 233326382
101 24 810038112 5891845 467097177 5891870 277135289
102 24 697090009 5891845 628761281 5891870 325851290
103 24 579789414 5891845 794541919 5891870 374331333
104 24 465160677 5891845 955929305 5891870 421089982
105 24 343787157 5891846 125062492 5891870 468849649
106 24 233974496 5891846 284202605 5891870 518177101
107 24 113729881 5891846 452674508 5891870 566404389
108 24 811630 5891846 620091616 5891870 620903246
109 23 884636181 5891846 779210137 5891870 663846318
110 23 753894335 5891846 959180622 5891870 713074957
111 23 633366115 5891847 127948093 5891870 761314208
112 23 520145424 5891847 292702788 5891870 812848212
113 23 382817258 5891847 473336297 5891870 856153555
114 23 272322850 5891847 635677222 5891870 908000072
115 23 164487615 5891847 794850946 5891870 959338561
116 23 39419998 5891847 971087445 5891871 10507443
117 22 922744558 5891848 130793399 5891871 53537957
118 22 820561570 5891848 290804645 5891871 111366215
119 22 691162033 5891848 462514246 5891871 153676279
120 22 574565777 5891848 632269588 5891871 206835365
121 22 442134555 5891848 807382238 5891871 249516793
122 22 334979881 5891848 968057212 5891871 303037093
123 22 219141852 5891849 126531115 5891871 345672967
124 22 112260692 5891849 287956557 5891871 400217249
125 21 995882302 5891849 450567679 5891871 446449981
126 21 882305526 5891849 614775032 5891871 497080558
127 21 762652456 5891849 782763110 5891871 545415566
128 21 653898441 5891849 942868910 5891871 596767351
1 36 375392228 5891934 775443677 5891971 150835905
2 36 230819787 5891934 964301239 5891971 195121026
3 36 116907683 5891935 121421965 5891971 238329648
4 36 2016154 5891935 286526357 5891971 288542511
5 35 890478284 5891935 449708007 5891971 340186291
6 35 766204058 5891935 628183021 5891971 394387079
7 35 647647264 5891935 797787977 5891971 445435241
8 35 534398259 5891935 954195290 5891971 488593549
9 35 419763558 5891936 117474716 5891971 537238274
10 35 307431277 5891936 277373242 5891971 584804519
11 35 194315622 5891936 441665205 5891971 635980827
12 35 79768808 5891936 601162535 5891971 680931343
13 34 964096330 5891936 764237113 5891971 728333443
14 34 845550054 5891936 927619944 5891971 773169998
15 34 735410713 5891937 88216754 5891971 823627467
16 34 614801956 5891937 253511587 5891971 868313543
17 34 493109979 5891937 421508536 5891971 914618515
18 34 374609572 5891937 587421580 5891971 962031152
19 34 261158219 5891937 751944946 5891972 13103165
20 34 142285857 5891937 912553699 5891972 54839556
21 34 32901094 5891938 73605778 5891972 106506872
22 33 916401317 5891938 238911759 5891972 155313076
23 33 799468955 5891938 402641084 5891972 202110039
24 33 683191025 5891938 567853511 5891972 251044536
25 33 576392474 5891938 721336638 5891972 297729112
26 33 459332337 5891938 887342458 5891972 346674795
27 33 353532712 5891939 53103097 5891972 406635809
28 33 238070619 5891939 215530354 5891972 453600973
29 33 113523417 5891939 388781520 5891972 502304937
30 32 996627221 5891939 556045224 5891972 552672445
31 32 884996927 5891939 717233245 5891972 602230172
32 32 762546093 5891939 888356525 5891972 650902618
33 32 640730674 5891940 56624340 5891972 697355014
34 32 530515132 5891940 212489885 5891972 743005017
35 32 401648936 5891940 391985306 5891972 793634242
36 32 291069529 5891940 551154309 5891972 842223838
37 32 176050336 5891940 715305533 5891972 891355869
38 32 68673222 5891940 871021396 5891972 939694618
39 31 942435903 5891941 45262470 5891972 987698373
40 31 836183324 5891941 202827151 5891973 39010475
41 31 721559622 5891941 365281333 5891973 86840955
42 31 601217119 5891941 532915623 5891973 134132742
43 31 488642936 5891941 688954739 5891973 177597675
44 31 375227119 5891941 853374311 5891973 228601430
45 31 272387736 5891942 14250559 5891973 286638295
46 31 160263729 5891942 175281194 5891973 335544923
47 31 49989113 5891942 336159813 5891973 386148926
48 30 942562223 5891942 493905749 5891973 436467972
49 30 826681508 5891942 656538687 5891973 483220195
50 30 714243691 5891942 818318919 5891973 532562610
51 30 608871115 5891942 972853026 5891973 581724141
52 30 499553944 5891943 133935419 5891973 633489363
53 30 395223050 5891943 283436491 5891973 678659541
54 30 274611905 5891943 452779767 5891973 727391672
55 30 161679635 5891943 615100859 5891973 776780494
56 30 58607775 5891943 774122827 5891973 832730602
57 29 947928426 5891943 935058741 5891973 882987167
58 29 834211375 5891944 98407518 5891973 932618893
59 29 709702098 5891944 265806293 5891973 975508391
60 29 594928511 5891944 424248124 5891974 19176635
61 29 483992426 5891944 586709010 5891974 70701436
62 29 367224338 5891944 752687238 5891974 119911576
63 29 256447491 5891944 912385194 5891974 168832685
64 29 140373113 5891945 74454253 5891974 214827366
65 29 27568711 5891945 233233226 5891974 260801937
66 28 913988213 5891945 397419302 5891974 311407515
67 28 788633563 5891945 564181515 5891974 352815078
68 28 680433186 5891945 732524570 5891974 412957756
69 28 564435214 5891945 893994696 5891974 458429910
70 28 459631885 5891946 50278456 5891974 509910341
71 28 334840429 5891946 223802506 5891974 558642935
72 28 222402131 5891946 387584812 5891974 609986943
73 28 99773875 5891946 553392376 5891974 653166251
74 27 990158747 5891946 722779985 5891974 712938732
75 27 855988946 5891946 900758879 5891974 756747825
76 27 734381894 5891947 68672922 5891974 803054816
77 27 619748248 5891947 231693075 5891974 851441323
78 27 504844662 5891947 400646952 5891974 905491614
79 27 387860765 5891947 565748640 5891974 953609405
80 27 270079696 5891947 732909179 5891975 2988875
81 27 149394829 5891947 898450841 5891975 47845670
82 27 41676592 5891948 55419588 5891975 97096180
83 26 917485198 5891948 226031656 5891975 143516854
84 26 789510874 5891948 399115178 5891975 188626052
85 26 670423052 5891948 565184719 5891975 235607771
86 26 553964219 5891948 732678659 5891975 286642878
87 26 429388054 5891948 909456075 5891975 338844129
88 26 314640152 5891949 73317490 5891975 387957642
89 26 185619533 5891949 248299328 5891975 433918861
90 26 54556230 5891949 421774583 5891975 476330813
91 25 949973268 5891949 580594629 5891975 530567897
92 25 834465897 5891949 739618542 5891975 574084439
93 25 715141338 5891949 910054354 5891975 625195692
94 25 595000148 5891950 78284206 5891975 673284354
95 25 468046379 5891950 245790387 5891975 713836766
96 25 367437139 5891950 397738469 5891975 765175608
97 25 237697330 5891950 571744510 5891975 809441840
98 25 121365679 5891950 736935993 5891975 858301672
99 25 5329208 5891950 896682670 5891975 902011878
100 24 886612249 5891951 66996651 5891975 953608900
101 24 762416244 5891951 235114709 5891975 997530953
102 24 632891930 5891951 418541261 5891976 51433191
103 24 519589723 5891951 578458287 5891976 98048010
104 24 406788006 5891951 742694973 5891976 149482979
105 24 284285969 5891951 912359725 5891976 196645694
106 24 165668787 5891952 79274102 5891976 244942889
107 24 41680778 5891952 251872299 5891976 293553077
108 23 908515459 5891952 429604827 5891976 338120286
109 23 801922904 5891952 586346412 5891976 388269316
110 23 689944931 5891952 747945758 5891976 437890689
111 23 575184973 5891952 908118742 5891976 483303715
112 23 449341018 5891953 77014378 5891976 526355396
113 23 325988923 5891953 251984661 5891976 577973584
114 23 213042431 5891953 406861096 5891976 619903527
115 23 95371508 5891953 579830453 5891976 675201961
116 22 981214576 5891953 745174359 5891976 726388935
117 22 861575524 5891953 913061477 5891976 774637001
118 22 736290538 5891954 81961929 5891976 818252467
119 22 624563266 5891954 247358889 5891976 871922155
120 22 488767753 5891954 426352894 5891976 915120647
121 22 366976296 5891954 596687467 5891976 963663763
122 22 260494722 5891954 759422588 5891977 19917310
123 22 145724227 5891954 921973009 5891977 67697236
124 22 20511370 5891955 91223102 5891977 111734472
125 21 907258106 5891955 252831226 5891977 160089332
126 21 798144951 5891955 419295593 5891977 217440544
127 21 681235255 5891955 582590241 5891977 263825496
128 21 565901474 5891955 747693411 5891977 313594885
1 36 337050585 5892039 884841729 5892076 221892314
2 36 204789471 5892040 72769308 5892076 277558779
3 36 91525188 5892040 232642132 5892076 324167320
4 35 968448440 5892040 393093018 5892076 361541458
5 35 853877441 5892040 561466332 5892076 415343773
6 35 733313257 5892040 735845034 5892076 469158291
7 35 609046030 5892040 901477158 5892076 510523188
8 35 491181240 5892041 71453553 5892076 562634793
9 35 372289582 5892041 234023085 5892076 606312667
10 35 257112816 5892041 397856798 5892076 654969614
11 35 151882384 5892041 553870156 5892076 705752540
12 35 45666581 5892041 707418320 5892076 753084901
13 34 927077489 5892041 871863577 5892076 798941066
14 34 819028721 5892042 32406406 5892076 851435127
15 34 700019064 5892042 196911384 5892076 896930448
16 34 589312753 5892042 359579785 5892076 948892538
17 34 460781271 5892042 531477108 5892076 992258379
18 34 354637283 5892042 687424282 5892077 42061565
19 34 238957267 5892042 848496102 5892077 87453369
20 34 121202809 5892043 19036560 5892077 140239369
21 34 11996321 5892043 181520298 5892077 193516619
22 33 893619578 5892043 342710004 5892077 236329582
23 33 770078486 5892043 512759787 5892077 282838273
24 33 656801648 5892043 672763275 5892077 329564923
25 33 549403756 5892043 827544082 5892077 376947838
26 33 414825148 5892044 7114687 5892077 421939835
27 33 296436572 5892044 169871827 5892077 466308399
28 33 191019420 5892044 325353214 5892077 516372634
29 33 76619937 5892044 491084206 5892077 567704143
30 32 960891088 5892044 665616443 5892077 626507531
31 32 854950151 5892044 825772483 5892077 680722634
32 32 730226026 5892044 989868691 5892077 720094717
33 32 623203627 5892045 151112045 5892077 774315672
34 32 515298967 5892045 314485914 5892077 829784881
35 32 408759467 5892045 472410033 5892077 881169500
36 32 299818214 5892045 623558760 5892077 923376974
37 32 180227049 5892045 791278419 5892077 971505468
38 32 79407999 5892045 942680881 5892078 22088880
39 31 958056774 5892046 117573851 5892078 75630625
40 31 843310555 5892046 278046090 5892078 121356645
41 31 726413489 5892046 443132001 5892078 169545490
42 31 612715584 5892046 603779903 5892078 216495487
43 31 489769018 5892046 772915888 5892078 262684906
44 31 360385739 5892046 947889227 5892078 308274966
45 31 242635818 5892047 116926176 5892078 359561994
46 31 119487755 5892047 289232065 5892078 408719820
47 31 5336433 5892047 450793339 5892078 456129772
48 30 895642603 5892047 611872880 5892078 507515483
49 30 777722685 5892047 772887701 5892078 550610386
50 30 659919357 5892047 942622323 5892078 602541680
51 30 547180786 5892048 100488758 5892078 647669544
52 30 427534937 5892048 265610169 5892078 693145106
53 30 298249175 5892048 442357808 5892078 740606983
54 30 189849246 5892048 598950489 5892078 788799735
55 30 64390912 5892048 773537206 5892078 837928118
56 29 940565640 5892048 941497953 5892078 882063593
57 29 830862255 5892049 105114040 5892078 935976295
58 29 704506919 5892049 282941641 5892078 987448560
59 29 590018955 5892049 448514451 5892079 38533406
60 29 478832727 5892049 611679565 5892079 90512292
61 29 369956917 5892049 771582537 5892079 141539454
62 29 260096665 5892049 929488211 5892079 189584876
63 29 140978157 5892050 95178612 5892079 236156769
64 29 17965889 5892050 261374744 5892079 279340633
65 28 906915472 5892050 422039479 5892079 328954951
66 28 794333307 5892050 586822192 5892079 381155499
67 28 677394370 5892050 748652313 5892079 426046683
68 28 561766983 5892050 920357676 5892079 482124659
69 28 464429885 5892051 70691214 5892079 535121099
70 28 344367415 5892051 231285079 5892079 575652494
71 28 232823914 5892051 395447916 5892079 628271830
72 28 112610816 5892051 559463718 5892079 672074534
73 28 9804598 5892051 721780107 5892079 731584705
74 27 887690740 5892051 881089941 5892079 768780681
75 27 777704303 5892052 46426867 5892079 824131170
76 27 663676016 5892052 209098083 5892079 872774099
77 27 536742210 5892052 377906555 5892079 914648765
78 27 426344652 5892052 538394663 5892079 964739315
79 27 296476881 5892052 715650979 5892080 12127860
80 27 186149358 5892052 875931128 5892080 62080486
81 27 76506286 5892053 38801303 5892080 115307589
82 26 953913288 5892053 208333373 5892080 162246661
83 26 846202050 5892053 364386953 5892080 210589003
84 26 738702253 5892053 523868765 5892080 262571018
85 26 616410341 5892053 688975362 5892080 305385703
86 26 506867693 5892053 848925758 5892080 355793451
87 26 387591689 5892054 9466625 5892080 397058314
88 26 278597512 5892054 173960973 5892080 452558485
89 26 169223620 5892054 331031071 5892080 500254691
90 26 58239776 5892054 488210575 5892080 546450351
91 25 942267655 5892054 656317171 5892080 598584826
92 25 827298977 5892054 819669449 5892080 646968426
93 25 720076490 5892054 973716917 5892080 693793407
94 25 599217793 5892055 139716683 5892080 738934476
95 25 490328577 5892055 297329326 5892080 787657903
96 25 385615061 5892055 451811861 5892080 837426922
97 25 249394983 5892055 630434873 5892080 879829856
98 25 129852872 5892055 793464416 5892080 923317288
99 25 10996527 5892055 960915487 5892080 971912014
100 24 894456527 5892056 123952845 5892081 18409372
101 24 776454963 5892056 289119236 5892081 65574199
102 24 674945146 5892056 449828526 5892081 124773672
103 24 526820937 5892056 639890751 5892081 166711688
104 24 416907889 5892056 798321527 5892081 215229416
105 24 312793714 5892056 953883153 5892081 266676867
106 24 193143661 5892057 119777550 5892081 312921211
107 24 80564679 5892057 282061922 5892081 362626601
108 23 953542098 5892057 448513678 5892081 402055776
109 23 831692400 5892057 626485536 5892081 458177936
110 23 710008292 5892057 796132937 5892081 506141229
111 23 599924099 5892057 953245997 5892081 553170096
112 23 487568262 5892058 121030581 5892081 608598843
113 23 373411033 5892058 283693408 5892081 657104441
114 23 244224212 5892058 457339476 5892081 701563688
115 23 129934856 5892058 624264020 5892081 754198876
116 23 15289025 5892058 786809998 5892081 802099023
117 22 895759044 5892058 953009648 5892081 848768692
118 22 787880827 5892059 114605792 5892081 902486619
119 22 670327051 5892059 275069900 5892081 945396951
120 22 556322059 5892059 443302865 5892081 999624924
121 22 444879113 5892059 608267149 5892082 53146262
122 22 328137358 5892059 774054289 5892082 102191647
123 22 213991387 5892059 933655840 5892082 147647227
124 22 84028545 5892060 109033357 5892082 193061902
125 21 958826706 5892060 279524798 5892082 238351504
126 21 849392390 5892060 442711652 5892082 292104042
127 21 729941481 5892060 601491459 5892082 331432940
128 21 621789825 5892060 761257377 5892082 383047202
1 36 438996640 5892146 562618398 5892183 1615038
2 36 292413569 5892146 751888954 5892183 44302523
3 36 171017141 5892146 917906219 5892183 88923360
4 36 68365494 5892147 75675249 5892183 144040743
5 35 927024936 5892147 261729179 5892183 188754115
6 35 828657857 5892147 416715835 5892183 245373692
7 35 711428130 5892147 574741230 5892183 286169360
8 35 607652300 5892147 731250931 5892183 338903231
9 35 478867157 5892147 899947814 5892183 378814971
10 35 362118513 5892148 62374609 5892183 424493122
11 35 253336646 5892148 218570298 5892183 471906944
12 35 150685666 5892148 382268588 5892183 532954254
13 35 37245923 5892148 543181726 5892183 580427649
14 34 922473835 5892148 703921163 5892183 626394998
15 34 802825651 5892148 868724748 5892183 671550399
16 34 693368797 5892149 23795606 5892183 717164403
17 34 590747965 5892149 182199327 5892183 772947292
18 34 477717270 5892149 342859933 5892183 820577203
19 34 359414896 5892149 512945104 5892183 872360000
20 34 238593956 5892149 672711264 5892183 911305220
21 34 132678796 5892149 835929359 5892183 968608155
22 34 11946558 5892150 2506133 5892184 14452691
23 33 897249432 5892150 168516361 5892184 65765793
24 33 770672304 5892150 342625550 5892184 113297854
25 33 657506723 5892150 503319618 5892184 160826341
26 33 562593691 5892150 658826820 5892184 221420511
27 33 439059765 5892150 824523203 5892184 263582968
28 33 317350991 5892150 993038125 5892184 310389116
29 33 210777416 5892151 149751712 5892184 360529128
30 33 91852054 5892151 308117212 5892184 399969266
31 32 969258833 5892151 479322640 5892184 448581473
32 32 863994586 5892151 642133632 5892184 506128218
33 32 752492789 5892151 807479280 5892184 559972069
34 32 628749792 5892151 979741597 5892184 608491389
35 32 511222589 5892152 140964692 5892184 652187281
36 32 397025359 5892152 303395043 5892184 700420402
37 32 289890907 5892152 462021242 5892184 751912149
38 32 170168782 5892152 625929546 5892184 796098328
39 32 50069551 5892152 792098827 5892184 842168378
40 31 951603326 5892152 945776285 5892184 897379611
41 31 837514595 5892153 112856531 5892184 950371126
42 31 719515863 5892153 283019868 5892185 2535731
43 31 610599166 5892153 448412848 5892185 59012014
44 31 504667321 5892153 606030788 5892185 110698109
45 31 380281726 5892153 770062646 5892185 150344372
46 31 273567209 5892153 932029191 5892185 205596400
47 31 145328834 5892154 102918977 5892185 248247811
48 31 28633967 5892154 271258736 5892185 299892703
49 30 919136206 5892154 428340575 5892185 347476781
50 30 809179713 5892154 590348045 5892185 399527758
51 30 698853338 5892154 755423532 5892185 454276870
52 30 565564501 5892154 933872603 5892185 499437104
53 30 443513604 5892155 107750093 5892185 551263697
54 30 316788904 5892155 282642582 5892185 599431486
55 30 198501418 5892155 449554868 5892185 648056286
56 30 83608925 5892155 613042310 5892185 696651235
57 29 968585026 5892155 779875394 5892185 748460420
58 29 862039247 5892155 939787606 5892185 801826853
59 29 747053386 5892156 103923943 5892185 850977329
60 29 620584311 5892156 274703657 5892185 895287968
61 29 498686243 5892156 445958437 5892185 944644680
62 29 381606697 5892156 608140922 5892185 989747619
63 29 262616243 5892156 773983931 5892186 36600174
64 29 134748584 5892156 944657091 5892186 79405675
65 29 32649778 5892157 103397196 5892186 136046974
66 28 905608806 5892157 276562773 5892186 182171579
67 28 780317747 5892157 454019418 5892186 234337165
68 28 660794135 5892157 621415862 5892186 282209997
69 28 544129656 5892157 783489386 5892186 327619042
70 28 423944927 5892157 953276137 5892186 377221064
71 28 301855438 5892158 121155109 5892186 423010547
72 28 187816280 5892158 285408185 5892186 473224465
73 28 76194634 5892158 451017476 5892186 527212110
74 27 962807778 5892158 608294238 5892186 571102016
75 27 852810619 5892158 768215487 5892186 621026106
76 27 741336562 5892158 931705170 5892186 673041732
77 27 618298609 5892159 93962801 5892186 712261410
78 27 498565150 5892159 258958345 5892186 757523495
79 27 381566788 5892159 425397788 5892186 806964576
80 27 272817661 5892159 592881267 5892186 865698928
81 27 148020944 5892159 760233619 5892186 908254563
82 27 22717718 5892159 918956205 5892186 941673923
83 26 925367917 5892160 75787086 5892187 1155003
84 26 808964692 5892160 241445395 5892187 50410087
85 26 690840666 5892160 408235202 5892187 99075868
86 26 569335203 5892160 577433519 5892187 146768722
87 26 459597465 5892160 734059755 5892187 193657220
88 26 338030299 5892160 908590492 5892187 246620791
89 26 202471412 5892161 84140432 5892187 286611844
90 26 91604659 5892161 250802741 5892187 342407400
91 25 978396300 5892161 412812248 5892187 391208548
92 25 857446085 5892161 579170063 5892187 436616148
93 25 745130192 5892161 737552989 5892187 482683181
94 25 636236420 5892161 895046802 5892187 531283222
95 25 529638736 5892162 53498152 5892187 583136888
96 25 409489469 5892162 221096722 5892187 630586191
97 25 289278593 5892162 384788308 5892187 674066901
98 25 181923477 5892162 544078995 5892187 726002472
99 25 59989930 5892162 709408625 5892187 769398555
100 24 955139193 5892162 867985807 5892187 823125000
101 24 848076332 5892163 24338067 5892187 872414399
102 24 725517814 5892163 191897211 5892187 917415025
103 24 601890131 5892163 367850348 5892187 969740479
104 24 488521350 5892163 528427862 5892188 16949212
105 24 361223013 5892163 707560143 5892188 68783156
106 24 250956915 5892163 865195842 5892188 116152757
107 24 134805666 5892164 26637878 5892188 161443544
108 24 20020449 5892164 191124172 5892188 211144621
109 23 905399690 5892164 352917720 5892188 258317410
110 23 785207443 5892164 522881505 5892188 308088948
111 23 677934049 5892164 682025953 5892188 359960002
112 23 559765042 5892164 846372435 5892188 406137477
113 23 443060952 5892165 12903173 5892188 455964125
114 23 333004647 5892165 174809829 5892188 507814476
115 23 216461721 5892165 337320549 5892188 553782270
116 23 104234140 5892165 499439406 5892188 603673546
117 22 986500033 5892165 666651519 5892188 653151552
118 22 879141954 5892165 823274071 5892188 702416025
119 22 755990781 5892165 997487202 5892188 753477983
120 22 644302098 5892166 160395803 5892188 804697901
121 22 539031777 5892166 318233036 5892188 857264813
122 22 424083210 5892166 482529056 5892188 906612266
123 22 311427565 5892166 651538265 5892188 962965830
124 22 194281150 5892166 818472736 5892189 12753886
125 22 77645651 5892166 978847477 5892189 56493128
126 21 959635493 5892167 149980536 5892189 109616029
127 21 844284841 5892167 313073208 5892189 157358049
128 21 720834081 5892167 483557131 5892189 204391212
1 36 485558441 5892253 768258441 5892290 253816882
2 36 373601985 5892253 930718551 5892290 304320536
3 36 268596825 5892254 93755021 5892290 362351846
4 36 156052233 5892254 255532865 5892290 411585098
5 36 37351031 5892254 425646185 5892290 462997216
6 35 926921529 5892254 585327068 5892290 512248597
7 35 823057144 5892254 748284021 5892290 571341165
8 35 710006357 5892254 904245881 5892290 614252238
9 35 600491818 5892255 63779120 5892290 664270938
10 35 475769840 5892255 234785830 5892290 710555670
11 35 352710202 5892255 400648451 5892290 753358653
12 35 225553325 5892255 574209687 5892290 799763012
13 35 104723442 5892255 743742295 5892290 848465737
14 34 997730986 5892255 899470697 5892290 897201683
15 34 886417110 5892256 55635091 5892290 942052201
16 34 777873758 5892256 213522137 5892290 991395895
17 34 666655640 5892256 374510830 5892291 41166470
18 34 561849829 5892256 538274786 5892291 100124615
19 34 428977224 5892256 709776580 5892291 138753804
20 34 312994139 5892256 878328799 5892291 191322938
21 34 197122701 5892257 36285233 5892291 233407934
22 34 91195577 5892257 196845600 5892291 288041177
23 33 982899756 5892257 354722092 5892291 337621848
24 33 862307703 5892257 531068480 5892291 393376183
25 33 751066604 5892257 692015544 5892291 443082148
26 33 644051574 5892257 852112902 5892291 496164476
27 33 528562683 5892258 16932542 5892291 545495225
28 33 419367343 5892258 180452891 5892291 599820234
29 33 310128022 5892258 335639025 5892291 645767047
30 33 207441357 5892258 488935305 5892291 696376662
31 33 91492586 5892258 651429433 5892291 742922019
32 32 977811514 5892258 811299554 5892291 789111068
33 32 865613544 5892258 969663277 5892291 835276821
34 32 746446611 5892259 138698061 5892291 885144672
35 32 652544208 5892259 293888547 5892291 946432755
36 32 527941431 5892259 455572227 5892291 983513658
37 32 416440318 5892259 621672862 5892292 38113180
38 32 305207701 5892259 780271858 5892292 85479559
39 32 196954769 5892259 939195330 5892292 136150099
40 32 82966092 5892260 99581219 5892292 182547311
41 31 974116559 5892260 259292491 5892292 233409050
42 31 868503504 5892260 419094947 5892292 287598451
43 31 758948337 5892260 572592964 5892292 331541301
44 31 652258672 5892260 732761635 5892292 385020307
45 31 546428583 5892260 896601775 5892292 443030358
46 31 426112245 5892261 62926165 5892292 489038410
47 31 304683707 5892261 228093335 5892292 532777042
48 31 194365997 5892261 389321950 5892292 583687947
49 31 90384171 5892261 551543101 5892292 641927272
50 30 976948428 5892261 707823363 5892292 684771791
51 30 852292226 5892261 877684854 5892292 729977080
52 30 744296827 5892262 37898690 5892292 782195517
53 30 635813028 5892262 191588463 5892292 827401491
54 30 519291027 5892262 354820800 5892292 874111827
55 30 407908005 5892262 520116838 5892292 928024843
56 30 297469373 5892262 679476709 5892292 976946082
57 30 193147460 5892262 835277406 5892293 28424866
58 30 70427204 5892262 998452114 5892293 68879318
59 29 950508804 5892263 170828132 5892293 121336936
60 29 846470052 5892263 333795029 5892293 180265081
61 29 729670723 5892263 499630243 5892293 229300966
62 29 602404515 5892263 669135444 5892293 271539959
63 29 489779330 5892263 831051249 5892293 320830579
64 29 382354235 5892263 989879204 5892293 372233439
65 29 268603590 5892264 149833509 5892293 418437099
66 29 159504525 5892264 305766610 5892293 465271135
67 29 41433794 5892264 470404754 5892293 511838548
68 28 932075808 5892264 629596573 5892293 561672381
69 28 816642380 5892264 794471767 5892293 611114147
70 28 698944957 5892264 955667141 5892293 654612098
71 28 585149460 5892265 118151362 5892293 703300822
72 28 469987638 5892265 278668286 5892293 748655924
73 28 344746040 5892265 451320743 5892293 796066783
74 28 239025672 5892265 607284455 5892293 846310127
75 28 121420581 5892265 775360516 5892293 896781097
76 27 997555198 5892265 942195952 5892293 939751150
77 27 895406004 5892266 97034778 5892293 992440782
78 27 783177756 5892266 258961046 5892294 42138802
79 27 665574887 5892266 422294269 5892294 87869156
80 27 539006388 5892266 599504827 5892294 138511215
81 27 426550089 5892266 767014936 5892294 193565025
82 27 313558208 5892266 930679060 5892294 244237268
83 27 204158408 5892267 84949674 5892294 289108082
84 27 85087399 5892267 256681038 5892294 341768437
85 26 968535769 5892267 423210665 5892294 391746434
86 26 847094193 5892267 591827031 5892294 438921224
87 26 721443362 5892267 762668966 5892294 484112328
88 26 599979083 5892267 932771823 5892294 532750906
89 26 483245474 5892268 99806811 5892294 583052285
90 26 357266354 5892268 275316289 5892294 632582643
91 26 239358323 5892268 445671734 5892294 685030057
92 26 118925617 5892268 611847793 5892294 730773410
93 26 6088270 5892268 773592009 5892294 779680279
94 25 898336384 5892268 934439649 5892294 832776033
95 25 788691441 5892269 93409564 5892294 882101005
96 25 659278772 5892269 266534772 5892294 925813544
97 25 540906343 5892269 439419540 5892294 980325883
98 25 428883887 5892269 594917706 5892295 23801593
99 25 310935191 5892269 771433832 5892295 82369023
100 25 197692944 5892269 932756352 5892295 130449296
101 25 76055001 5892270 101878431 5892295 177933432
102 24 956999196 5892270 270038379 5892295 227037575
103 24 829268144 5892270 442577228 5892295 271845372
104 24 710160839 5892270 617953283 5892295 328114122
105 24 597393362 5892270 782963771 5892295 380357133
106 24 483084171 5892270 944187534 5892295 427271705
107 24 369739371 5892271 108914250 5892295 478653621
108 24 250862896 5892271 276386155 5892295 527249051
109 24 137514224 5892271 435137927 5892295 572652151
110 24 13155999 5892271 601656776 5892295 614812775
111 23 906483519 5892271 764273420 5892295 670756939
112 23 787978981 5892271 933019524 5892295 720998505
113 23 659128820 5892272 111773220 5892295 770902040
114 23 541286621 5892272 281696951 5892295 822983572
115 23 422418331 5892272 449903213 5892295 872321544
116 23 290433469 5892272 624732260 5892295 915165729
117 23 189048150 5892272 781987189 5892295 971035339
118 23 74032918 5892272 946891586 5892296 20924504
119 22 950469697 5892273 115757836 5892296 66227533
120 22 828611499 5892273 284934210 5892296 113545709
121 22 715938555 5892273 452198176 5892296 168136731
122 22 595689513 5892273 621071000 5892296 216760513
123 22 468190235 5892273 793856288 5892296 262046523
124 22 343813991 5892273 964781759 5892296 308595750
125 22 227793555 5892274 129465217 5892296 357258772
126 22 110687842 5892274 292570852 5892296 403258694
127 21 978414690 5892274 468269327 5892296 446684017
128 21 861359551 5892274 633092022 5892296 494451573
1 36 597756054 5892359 275038325 5892395 872794379
2 36 433510737 5892359 483451229 5892395 916961966
3 36 339209490 5892359 633790935 5892395 973000425
4 36 223480104 5892359 793849867 5892396 17329971
5 36 106610664 5892359 966543010 5892396 73153674
6 35 991909130 5892360 129740588 5892396 121649718
7 35 869126801 5892360 295527451 5892396 164654252
8 35 761244157 5892360 453202058 5892396 214446215
9 35 641497364 5892360 620332174 5892396 261829538
10 35 528355153 5892360 783060649 5892396 311415802
11 35 425289846 5892360 936751960 5892396 362041806
12 35 294527202 5892361 112832243 5892396 407359445
13 35 172729929 5892361 286414128 5892396 459144057
14 35 59072948 5892361 451261379 5892396 510334327
15 34 945716722 5892361 613143741 5892396 558860463
16 34 818428847 5892361 783189543 5892396 601618390
17 34 711890217 5892361 941308141 5892396 653198358
18 34 591044499 5892362 111080468 5892396 702124967
19 34 489512126 5892362 264197141 5892396 753709267
20 34 373741353 5892362 429339312 5892396 803080665
21 34 267392385 5892362 588438133 5892396 855830518
22 34 145310913 5892362 760978611 5892396 906289524
23 34 40527860 5892362 915275540 5892396 955803400
24 33 936282538 5892363 68551247 5892397 4833785
25 33 821494579 5892363 231872730 5892397 53367309
26 33 704491550 5892363 393232398 5892397 97723948
27 33 605719275 5892363 554090538 5892397 159809813
28 33 488248810 5892363 721506389 5892397 209755199
29 33 361467333 5892363 894020572 5892397 255487905
30 33 249410175 5892364 56287538 5892397 305697713
31 33 140908099 5892364 222298860 5892397 363206959
32 33 4575540 5892364 401420827 5892397 405996367
33 32 893015909 5892364 559965566 5892397 452981475
34 32 773066046 5892364 729943518 5892397 503009564
35 32 664014074 5892364 888640642 5892397 552654716
36 32 560789214 5892365 43539152 5892397 604328366
37 32 435117402 5892365 211521956 5892397 646639358
38 32 324348201 5892365 368795422 5892397 693143623
39 32 213480613 5892365 531695247 5892397 745175860
40 32 97460362 5892365 695967786 5892397 793428148
41 31 977926158 5892365 860030589 5892397 837956747
42 31 858533266 5892366 32994930 5892397 891528196
43 31 742682438 5892366 195130194 5892397 937812632
44 31 622062771 5892366 358314125 5892397 980376896
45 31 515330070 5892366 518753328 5892398 34083398
46 31 403216709 5892366 681353436 5892398 84570145
47 31 282502472 5892366 852822304 5892398 135324776
48 31 160257169 5892367 22676592 5892398 182933761
49 31 41621985 5892367 187581842 5892398 229203827
50 30 934934616 5892367 347691515 5892398 282626131
51 30 818481151 5892367 509372380 5892398 327853531
52 30 696831486 5892367 675143855 5892398 371975341
53 30 595655366 5892367 829563411 5892398 425218777
54 30 458607469 5892368 13578954 5892398 472186423
55 30 347782992 5892368 171884215 5892398 519667207
56 30 226312120 5892368 345479804 5892398 571791924
57 30 99206871 5892368 517100781 5892398 616307652
58 29 988268488 5892368 672926200 5892398 661194688
59 29 858554288 5892368 841662619 5892398 700216907
60 29 747563739 5892369 5444798 5892398 753008537
61 29 637691856 5892369 164915815 5892398 802607671
62 29 521820602 5892369 329782640 5892398 851603242
63 29 416421505 5892369 487762963 5892398 904184468
64 29 309338532 5892369 648143094 5892398 957481626
65 29 194593295 5892369 815723757 5892399 10317052
66 29 68901834 5892369 985736875 5892399 54638709
67 28 943182060 5892370 157751937 5892399 100933997
68 28 819572543 5892370 330857942 5892399 150430485
69 28 694894952 5892370 498808414 5892399 193703366
70 28 583460042 5892370 662255376 5892399 245715418
71 28 455422884 5892370 838330252 5892399 293753136
72 28 347987214 5892371 2450739 5892399 350437953
73 28 219184885 5892371 170577318 5892399 389762203
74 28 114048192 5892371 325539789 5892399 439587981
75 28 812296 5892371 488305209 5892399 489117505
76 27 884162760 5892371 649755079 5892399 533917839
77 27 769179935 5892371 816527905 5892399 585707840
78 27 660076962 5892371 977000460 5892399 637077422
79 27 541904677 5892372 140722324 5892399 682627001
80 27 432522321 5892372 303080140 5892399 735602461
81 27 315467923 5892372 470415882 5892399 785883805
82 27 206894977 5892372 632775069 5892399 839670046
83 27 93024409 5892372 795391861 5892399 888416270
84 26 973353373 5892372 963414942 5892399 936768315
85 26 855343696 5892373 133388024 5892399 988731720
86 26 744186855 5892373 293873893 5892400 38060748
87 26 618867425 5892373 463401409 5892400 82268834
88 26 502903302 5892373 632694948 5892400 135598250
89 26 391241674 5892373 795381276 5892400 186622950
90 26 271171812 5892373 963127455 5892400 234299267
91 26 150999768 5892374 132099370 5892400 283099138
92 26 37119626 5892374 294682200 5892400 331801826
93 25 913247538 5892374 462818465 5892400 376066003
94 25 802166344 5892374 622881175 5892400 425047519
95 25 697678990 5892374 775377896 5892400 473056886
96 25 593659534 5892374 932672232 5892400 526331766
97 25 470264253 5892375 101307987 5892400 571572240
98 25 363000802 5892375 258014001 5892400 621014803
99 25 236371396 5892375 432856714 5892400 669228110
100 25 122328387 5892375 596980682 5892400 719309069
101 25 8312616 5892375 759259889 5892400 767572505
102 24 895247217 5892375 923816090 5892400 819063307
103 24 768509962 5892376 93623730 5892400 862133692
104 24 654465545 5892376 257299077 5892400 911764622
105 24 540329239 5892376 421772391 5892400 962101630
106 24 419535133 5892376 584728381 5892401 4263514
107 24 304591954 5892376 748138622 5892401 52730576
108 24 179989473 5892376 919244053 5892401 99233526
109 24 85876186 5892377 67492297 5892401 153368483
110 23 964163707 5892377 233908279 5892401 198071986
111 23 853441932 5892377 403804769 5892401 257246701
112 23 736180888 5892377 565544634 5892401 301725522
113 23 612927957 5892377 734338589 5892401 347266546
114 23 493592897 5892377 897952419 5892401 391545316
115 23 383801938 5892378 63297068 5892401 447099006
116 23 261977350 5892378 231075987 5892401 493053337
117 23 152299314 5892378 395517487 5892401 547816801
118 23 36093530 5892378 568362459 5892401 604455989
119 22 911582270 5892378 734904105 5892401 646486375
120 22 790431539 5892378 912778855 5892401 703210394
121 22 662189404 5892379 83613291 5892401 745802695
122 22 545208153 5892379 252028420 5892401 797236573
123 22 423558487 5892379 422727211 5892401 846285698
124 22 307119633 5892379 593055342 5892401 900174975
125 22 198184695 5892379 744519878 5892401 942704573
126 22 78460179 5892379 924091634 5892402 2551813
127 21 944026863 5892380 101940458 5892402 45967321
128 21 828414604 5892380 267469530 5892402 95884134
1 36 457938929 5892465 934553877 5892502 392492806
2 36 318962679 5892466 124658233 5892502 443620912
3 36 206191219 5892466 286933384 5892502 493124603
4 36 96226448 5892466 448170536 5892502 544396984
5 35 983828740 5892466 612567370 5892502 596396110
6 35 874172889 5892466 778358733 5892502 652531622
7 35 755787459 5892466 942588552 5892502 698376011
8 35 639556916 5892467 108524505 5892502 748081421
9 35 529616551 5892467 263927636 5892502 793544187
10 35 410488321 5892467 429777461 5892502 840265782
11 35 300202389 5892467 592751451 5892502 892953840
12 35 183845069 5892467 754266876 5892502 938111945
13 35 74838910 5892467 912751375 5892502 987590285
14 34 960263021 5892468 78506054 5892503 38769075
15 34 844389323 5892468 243913350 5892503 88302673
16 34 727793045 5892468 408179779 5892503 135972824
17 34 617240840 5892468 564795221 5892503 182036061
18 34 507611692 5892468 724429495 5892503 232041187
19 34 380029582 5892468 893128508 5892503 273158090
20 34 263331194 5892469 62816133 5892503 326147327
21 34 146771138 5892469 223212319 5892503 369983457
22 34 21660186 5892469 393821074 5892503 415481260
23 33 912596324 5892469 554291462 5892503 466887786
24 33 792488389 5892469 719451319 5892503 511939708
25 33 681155791 5892469 885594880 5892503 566750671
26 33 567574901 5892470 45400003 5892503 612974904
27 33 450453041 5892470 210097257 5892503 660550298
28 33 333949243 5892470 376139949 5892503 710089192
29 33 219708385 5892470 535201993 5892503 754910378
30 33 107752484 5892470 701983468 5892503 809735952
31 32 993253445 5892470 862646223 5892503 855899668
32 32 883651223 5892471 21101834 5892503 904753057
33 32 768895448 5892471 189833143 5892503 958728591
34 32 654953287 5892471 352466417 5892504 7419704
35 32 542717521 5892471 513446666 5892504 56164187
36 32 428633123 5892471 679599523 5892504 108232646
37 32 316565890 5892471 842609031 5892504 159174921
38 32 208106388 5892471 997822998 5892504 205929386
39 32 89776420 5892472 167425791 5892504 257202211
40 31 973471507 5892472 331909938 5892504 305381445
41 31 861389442 5892472 493459788 5892504 354849230
42 31 745415931 5892472 657757364 5892504 403173295
43 31 637763820 5892472 817850759 5892504 455614579
44 31 505430705 5892472 997978190 5892504 503408895
45 31 388351436 5892473 163168861 5892504 551520297
46 31 278659586 5892473 323133481 5892504 601793067
47 31 165639779 5892473 485387688 5892504 651027467
48 31 50434753 5892473 645789281 5892504 696224034
49 30 937669256 5892473 808533701 5892504 746202957
50 30 834629708 5892473 962941350 5892504 797571058
51 30 717772583 5892474 125754177 5892504 843526760
52 30 600374987 5892474 287603262 5892504 887978249
53 30 494432585 5892474 444150908 5892504 938583493
54 30 384248707 5892474 605692702 5892504 989941409
55 30 269128772 5892474 772512362 5892505 41641134
56 30 158929469 5892474 932773735 5892505 91703204
57 30 46579371 5892475 98250308 5892505 144829679
58 29 930203774 5892475 263422591 5892505 193626365
59 29 812439296 5892475 432172344 5892505 244611640
60 29 693330232 5892475 604036261 5892505 297366493
61 29 580375405 5892475 764502853 5892505 344878258
62 29 473728239 5892475 927162812 5892505 400891051
63 29 363151238 5892476 80838567 5892505 443989805
64 29 248534090 5892476 245372862 5892505 493906952
65 29 138401637 5892476 409840157 5892505 548241794
66 29 21154093 5892476 573258769 5892505 594412862
67 28 904772200 5892476 737469810 5892505 642242010
68 28 804213717 5892476 893091029 5892505 697304746
69 28 676216078 5892477 70430844 5892505 746646922
70 28 571974811 5892477 229613553 5892505 801588364
71 28 460168278 5892477 393990165 5892505 854158443
72 28 346934790 5892477 551195410 5892505 898130200
73 28 229423492 5892477 719058550 5892505 948482042
74 28 114934286 5892477 880932505 5892505 995866791
75 27 987630282 5892478 54086472 5892506 41716754
76 27 866649141 5892478 227628636 5892506 94277777
77 27 751183971 5892478 393377038 5892506 144561009
78 27 631143221 5892478 563173827 5892506 194317048
79 27 518807123 5892478 725244408 5892506 244051531
80 27 399849315 5892478 889902885 5892506 289752200
81 27 298837618 5892479 43528660 5892506 342366278
82 27 184875106 5892479 208033455 5892506 392908561
83 27 65784134 5892479 375437492 5892506 441221626
84 26 950988119 5892479 545280910 5892506 496269029
85 26 838083069 5892479 703967072 5892506 542050141
86 26 716476792 5892479 871958265 5892506 588435057
87 26 592502133 5892480 42311877 5892506 634814010
88 26 493655915 5892480 198105426 5892506 691761341
89 26 371094211 5892480 364980140 5892506 736074351
90 26 246295308 5892480 538563914 5892506 784859222
91 26 126928433 5892480 707739419 5892506 834667852
92 26 23909051 5892480 862518061 5892506 886427112
93 25 900925485 5892481 32215574 5892506 933141059
94 25 785157099 5892481 202362838 5892506 987519937
95 25 671156254 5892481 363063056 5892507 34219310
96 25 548985340 5892481 533161487 5892507 82146827
97 25 432021291 5892481 702795613 5892507 134816904
98 25 312895208 5892481 867858527 5892507 180753735
99 25 206650720 5892482 25059143 5892507 231709863
100 25 93232086 5892482 189662788 5892507 282894874
101 24 984426849 5892482 348547687 5892507 332974536
102 24 863033827 5892482 516965150 5892507 379998977
103 24 754027298 5892482 674814124 5892507 428841422
104 24 639044879 5892482 841689856 5892507 480734735
105 24 517022739 5892483 7203929 5892507 524226668
106 24 396048654 5892483 179373655 5892507 575422309
107 24 279045791 5892483 348399773 5892507 627445564
108 24 168827988 5892483 511503020 5892507 680331008
109 24 54331948 5892483 673315384 5892507 727647332
110 23 939242624 5892483 837392131 5892507 776634755
111 23 833480237 5892483 992882890 5892507 826363127
112 23 713250435 5892484 161007265 5892507 874257700
113 23 602145888 5892484 324405896 5892507 926551784
114 23 488975380 5892484 483239981 5892507 972215361
115 23 379079923 5892484 644114417 5892508 23194340
116 23 265428350 5892484 806326125 5892508 71754475
117 23 157738462 5892484 968402354 5892508 126140816
118 23 47284718 5892485 129790096 5892508 177074814
119 22 920814069 5892485 302292112 5892508 223106181
120 22 815878815 5892485 461848925 5892508 277727740
121 22 705156020 5892485 620202612 5892508 325358632
122 22 588031327 5892485 786310303 5892508 374341630
123 22 470812987 5892485 954306329 5892508 425119316
124 22 333692794 5892486 131946065 5892508 465638859
125 22 215144571 5892486 300367565 5892508 515512136
126 22 118180021 5892486 457012599 5892508 575192620
127 22 8417134 5892486 618672058 5892508 627089192
128 21 909015075 5892486 777220148 5892508 686235223
1 36 577281956 5892572 795706307 5892609 372988263
2 36 436020210 5892572 988846311 5892609 424866521
3 36 321780556 5892573 149012927 5892609 470793483
4 36 219461605 5892573 303169248 5892609 522630853
5 36 104368985 5892573 471858650 5892609 576227635
6 35 983866705 5892573 639647403 5892609 623514108
7 35 854202559 5892573 812848573 5892609 667051132
8 35 744224973 5892573 972783157 5892609 717008130
9 35 635708008 5892574 132654057 5892609 768362065
10 35 520115044 5892574 296996133 5892609 817111177
11 35 413172568 5892574 456906810 5892609 870079378
12 35 286612235 5892574 628484677 5892609 915096912
13 35 175788425 5892574 785028990 5892609 960817415
14 35 61185128 5892574 951150200 5892610 12335328
15 34 951050082 5892575 112975693 5892610 64025775
16 34 839809797 5892575 265870796 5892610 105680593
17 34 734747601 5892575 426841176 5892610 161588777
18 34 612382967 5892575 592418136 5892610 204801103
19 34 499456622 5892575 754572178 5892610 254028800
20 34 388100728 5892575 911489429 5892610 299590157
21 34 267506820 5892576 80802024 5892610 348308844
22 34 145555457 5892576 249645646 5892610 395201103
23 34 32009919 5892576 411575544 5892610 443585463
24 33 928354548 5892576 566095025 5892610 494449573
25 33 807697087 5892576 732014534 5892610 539711621
26 33 694383340 5892576 897212724 5892610 591596064
27 33 576243017 5892577 62628465 5892610 638871482
28 33 474233061 5892577 218709972 5892610 692943033
29 33 349206421 5892577 389780016 5892610 738986437
30 33 236506756 5892577 549230368 5892610 785737124
31 33 130931143 5892577 712469057 5892610 843400200
32 33 13332273 5892577 878469454 5892610 891801727
33 32 897449390 5892578 39723420 5892610 937172810
34 32 768273752 5892578 213307825 5892610 981581577
35 32 662308518 5892578 373160243 5892611 35468761
36 32 548291359 5892578 532610651 5892611 80902010
37 32 435379512 5892578 694552716 5892611 129932228
38 32 316640997 5892578 857340117 5892611 173981114
39 32 200027775 5892579 22459345 5892611 222487120
40 32 87341220 5892579 187745885 5892611 275087105
41 31 958321229 5892579 364196106 5892611 322517335
42 31 851321328 5892579 518186967 5892611 369508295
43 31 740788345 5892579 674983498 5892611 415771843
44 31 634509709 5892579 840131670 5892611 474641379
45 31 524368256 5892580 3997495 5892611 528365751
46 31 410240876 5892580 169179685 5892611 579420561
47 31 301717874 5892580 328935550 5892611 630653424
48 31 189501237 5892580 491945225 5892611 681446462
49 31 69503245 5892580 656436705 5892611 725939950
50 30 950431309 5892580 815450547 5892611 765881856
51 30 843032564 5892580 976289410 5892611 819321974
52 30 727310455 5892581 143736836 5892611 871047291
53 30 611174447 5892581 305851564 5892611 917026011
54 30 496980438 5892581 468272417 5892611 965252855
55 30 380703062 5892581 632903228 5892612 13606290
56 30 268454852 5892581 792683722 5892612 61138574
57 30 158176031 5892581 959472215 5892612 117648246
58 30 30131484 5892582 130927326 5892612 161058810
59 29 904189324 5892582 308919889 5892612 213109213
60 29 792447919 5892582 469190170 5892612 261638089
61 29 676638237 5892582 631082625 5892612 307720862
62 29 559686947 5892582 794636012 5892612 354322959
63 29 445863933 5892582 954011013 5892612 399874946
64 29 344751405 5892583 112894079 5892612 457645484
65 29 218815856 5892583 282642184 5892612 501458040
66 29 111571904 5892583 440884781 5892612 552456685
67 28 983592653 5892583 613542628 5892612 597135281
68 28 866343275 5892583 779098034 5892612 645441309
69 28 761243321 5892583 941721345 5892612 702964666
70 28 650160033 5892584 96531969 5892612 746692002
71 28 528591718 5892584 266444145 5892612 795035863
72 28 406557616 5892584 436538743 5892612 843096359
73 28 284624937 5892584 609897726 5892612 894522663
74 28 178803274 5892584 774130507 5892612 952933781
75 28 62817984 5892584 935571952 5892612 998389936
76 27 951971396 5892585 98345057 5892613 50316453
77 27 855193490 5892585 257657690 5892613 112851180
78 27 726220683 5892585 428928359 5892613 155149042
79 27 594220488 5892585 603188732 5892613 197409220
80 27 475242902 5892585 777735026 5892613 252977928
81 27 357967914 5892585 948448743 5892613 306416657
82 27 237289139 5892586 116268365 5892613 353557504
83 27 99778101 5892586 300394203 5892613 400172304
84 26 988329061 5892586 462711094 5892613 451040155
85 26 880063943 5892586 617814712 5892613 497878655
86 26 764603829 5892586 779420506 5892613 544024335
87 26 653947626 5892586 942288942 5892613 596236568
88 26 542276516 5892587 102715628 5892613 644992144
89 26 430756237 5892587 265933095 5892613 696689332
90 26 308952092 5892587 430398558 5892613 739350650
91 26 193591643 5892587 596145126 5892613 789736769
92 26 82391172 5892587 754313428 5892613 836704600
93 25 976263681 5892587 912556895 5892613 888820576
94 25 852088582 5892588 82791861 5892613 934880443
95 25 718805410 5892588 262645056 5892613 981450466
96 25 594113449 5892588 436501289 5892614 30614738
97 25 460554524 5892588 613053971 5892614 73608495
98 25 352292331 5892588 771952778 5892614 124245109
99 25 245092139 5892588 933225003 5892614 178317142
100 25 138732836 5892589 93725077 5892614 232457913
101 25 21754325 5892589 262384721 5892614 284139046
102 24 913893570 5892589 422338600 5892614 336232170
103 24 790912078 5892589 592411773 5892614 383323851
104 24 682227857 5892589 753840718 5892614 436068575
105 24 573251085 5892589 917394661 5892614 490645746
106 24 458765435 5892590 79610072 5892614 538375507
107 24 345988622 5892590 241063906 5892614 587052528
108 24 224910242 5892590 412397630 5892614 637307872
109 24 109142116 5892590 584079773 5892614 693221889
110 23 996190438 5892590 748209593 5892614 744400031
111 23 872867932 5892590 922097492 5892614 794965424
112 23 762502835 5892591 82463031 5892614 844965866
113 23 653538452 5892591 250223488 5892614 903761940
114 23 523384815 5892591 423724597 5892614 947109412
115 23 403745724 5892591 603004506 5892615 6750230
116 23 286703380 5892591 768230029 5892615 54933409
117 23 163845311 5892591 937452607 5892615 101297918
118 23 54478380 5892592 99363024 5892615 153841404
119 22 945604440 5892592 261945800 5892615 207550240
120 22 820593244 5892592 436350670 5892615 256943914
121 22 704676583 5892592 598356086 5892615 303032669
122 22 574502002 5892592 775350723 5892615 349852725
123 22 452562935 5892592 946422618 5892615 398985553
124 22 343489313 5892593 112567883 5892615 456057196
125 22 224242918 5892593 280180824 5892615 504423742
126 22 108833914 5892593 453281663 5892615 562115577
127 21 983340061 5892593 625437390 5892615 608777451
128 21 855596120 5892593 797611894 5892615 653208014
