1 0 935764603 1535407 534723728 1535408 470488331
2 0 646506455 1535407 901208558 1535408 547715013
1 0 960755617 1535420 808512021 1535421 769267638
2 0 659591330 1535421 184252153 1535421 843843483
1 0 935934082 1535433 837028147 1535434 772962229
2 0 643359386 1535434 209871447 1535434 853230833
1 0 970165101 1535446 830574384 1535447 800739485
2 0 665843672 1535447 225355294 1535447 891198966
1 0 926933775 1535460 56587287 1535460 983521062
2 0 642642124 1535460 412621913 1535461 55264037
1 0 943567212 1535473 349016863 1535474 292584075
2 0 642672105 1535473 728250205 1535474 370922310
1 0 960275702 1535486 606048281 1535487 566323983
2 0 658812809 1535486 988198511 1535487 647011320
1 0 967495191 1535499 899482753 1535500 866977944
2 0 659281560 1535500 282449393 1535500 941730953
1 0 961249350 1535512 937005784 1535513 898255134
2 0 665726064 1535513 319449341 1535513 985175405
1 0 932890773 1535526 189301175 1535527 122191948
2 0 656949512 1535526 543428914 1535527 200378426
