1 1 873300602 1535539 525347367 1535541 398647969
2 1 578010349 1535539 899896152 1535541 477906501
3 1 300116201 1535540 257399121 1535541 557515322
4 1 9896922 1535540 615585633 1535541 625482555
1 1 860388706 1535553 688548188 1535555 548936894
2 1 542306025 1535554 82536466 1535555 624842491
3 1 268174415 1535554 433049849 1535555 701224264
4 0 993124823 1535554 785084110 1535555 778208933
1 1 809792358 1535567 652686016 1535569 462478374
2 1 532043169 1535568 9754513 1535569 541797682
3 1 252392833 1535568 370815487 1535569 623208320
4 0 961592919 1535568 733167602 1535569 694760521
1 1 816592023 1535581 863321181 1535583 679913204
2 1 536353883 1535582 217919596 1535583 754273479
3 1 253432999 1535582 579367119 1535583 832800118
4 0 979441590 1535582 931514933 1535583 910956523
1 1 823622312 1535596 71060758 1535597 894683070
2 1 535205406 1535596 435747662 1535597 970953068
3 1 255811082 1535596 791493796 1535598 47304878
4 0 974610258 1535597 148631735 1535598 123241993
1 1 845304075 1535610 225536820 1535612 70840895
2 1 551568365 1535610 598185217 1535612 149753582
3 1 266095790 1535610 961290374 1535612 227386164
4 0 991511040 1535611 312102752 1535612 303613792
1 1 856071885 1535624 445283337 1535626 301355222
2 1 548984694 1535624 833409155 1535626 382393849
3 1 262831076 1535625 195494536 1535626 458325612
4 0 985552878 1535625 552686864 1535626 538239742
1 1 859026550 1535638 649352163 1535640 508378713
2 1 553167668 1535639 29302196 1535640 582469864
3 1 270870568 1535639 393076766 1535640 663947334
4 0 997500887 1535639 748188301 1535640 745689188
1 1 836162329 1535652 836373360 1535654 672535689
2 1 555823913 1535653 189310290 1535654 745134203
3 1 265914758 1535653 557270315 1535654 823185073
4 0 979886990 1535653 919218828 1535654 899105818
1 1 841934217 1535666 802672300 1535668 644606517
2 1 554660714 1535667 174837133 1535668 729497847
3 1 267191844 1535667 532788335 1535668 799980179
4 0 989746372 1535667 886668283 1535668 876414655
