1 68 946115702 1540757 647530794 1540826 593646496
2 68 662329118 1540758 11589198 1540826 673918316
3 68 383116410 1540758 370545367 1540826 753661777
4 68 101782519 1540758 727688998 1540826 829471517
5 67 836461038 1540759 79671508 1540826 916132546
6 67 570890988 1540759 425025461 1540826 995916449
7 67 300046152 1540759 782825524 1540827 82871676
8 67 22790718 1540760 137096230 1540827 159886948
9 66 757264501 1540760 485875135 1540827 243139636
10 66 487290944 1540760 843408055 1540827 330698999
11 66 202709580 1540761 212194829 1540827 414904409
12 65 924836770 1540761 568574012 1540827 493410782
13 65 656317185 1540761 919897145 1540827 576214330
14 65 381959677 1540762 271677307 1540827 653636984
15 65 107988624 1540762 630140245 1540827 738128869
16 64 840591239 1540762 979091740 1540827 819682979
17 64 566512744 1540763 327347471 1540827 893860215
18 64 285359794 1540763 692688960 1540827 978048754
19 64 12758548 1540764 47786668 1540828 60545216
20 63 751603616 1540764 393552706 1540828 145156322
21 63 483344766 1540764 740462426 1540828 223807192
22 63 210597912 1540765 92229773 1540828 302827685
23 62 942906440 1540765 443581184 1540828 386487624
24 62 658740196 1540765 801803665 1540828 460543861
25 62 396558303 1540766 144931773 1540828 541490076
26 62 138830006 1540766 487447931 1540828 626277937
27 61 865741954 1540766 846301362 1540828 712043316
28 61 597215500 1540767 196343205 1540828 793558705
29 61 333420526 1540767 548771021 1540828 882191547
30 61 58729690 1540767 903174354 1540828 961904044
31 60 796472723 1540768 246599827 1540829 43072550
32 60 515277219 1540768 605212911 1540829 120490130
33 60 239117542 1540768 962658740 1540829 201776282
34 59 961991922 1540769 317848483 1540829 279840405
35 59 683703324 1540769 673256907 1540829 356960231
36 59 413933429 1540770 22942721 1540829 436876150
37 59 146969610 1540770 369896384 1540829 516865994
38 58 873102518 1540770 719657919 1540829 592760437
39 58 602780042 1540771 80323407 1540829 683103449
40 58 326174652 1540771 431841370 1540829 758016022
41 58 38668457 1540771 794736851 1540829 833405308
42 57 777084143 1540772 143057747 1540829 920141890
43 57 509154436 1540772 493573063 1540830 2727499
44 57 240154118 1540772 844316116 1540830 84470234
45 56 959882948 1540773 198556841 1540830 158439789
46 56 678274656 1540773 560251938 1540830 238526594
47 56 417255702 1540773 899418939 1540830 316674641
48 56 149140275 1540774 253980880 1540830 403121155
49 55 874551290 1540774 603218887 1540830 477770177
50 55 612866608 1540774 949095905 1540830 561962513
51 55 342392987 1540775 299204025 1540830 641597012
52 55 67967184 1540775 655541394 1540830 723508578
53 54 786997082 1540776 16195346 1540830 803192428
54 54 520669084 1540776 362536540 1540830 883205624
55 54 255648690 1540776 708508370 1540830 964157060
56 53 989604685 1540777 58352589 1540831 47957274
57 53 708537327 1540777 419644398 1540831 128181725
58 53 455853822 1540777 758469090 1540831 214322912
59 53 182046802 1540778 113540299 1540831 295587101
60 52 903880795 1540778 468066888 1540831 371947683
61 52 641857860 1540778 818236211 1540831 460094071
62 52 363464597 1540779 177772907 1540831 541237504
63 52 107660226 1540779 514439549 1540831 622099775
64 51 819427767 1540779 881276139 1540831 700703906
65 51 543963428 1540780 242326286 1540831 786289714
66 51 280266175 1540780 586214213 1540831 866480388
67 51 15283965 1540780 939103557 1540831 954387522
68 50 752926741 1540781 282894671 1540832 35821412
69 50 469255803 1540781 647737411 1540832 116993214
70 50 189715656 1540782 8310326 1540832 198025982
71 49 916860155 1540782 358852846 1540832 275713001
72 49 630862449 1540782 718071862 1540832 348934311
73 49 360428253 1540783 74549191 1540832 434977444
74 49 72661969 1540783 437840091 1540832 510502060
75 48 794751901 1540783 806254317 1540832 601006218
76 48 508034560 1540784 173570267 1540832 681604827
77 48 230389135 1540784 530470218 1540832 760859353
78 47 951485548 1540784 889352056 1540832 840837604
79 47 667510895 1540785 252851192 1540832 920362087
80 47 385538610 1540785 612685733 1540832 998224343
81 47 114350873 1540785 966381543 1540833 80732416
82 46 848670862 1540786 322180941 1540833 170851803
83 46 575634402 1540786 673061361 1540833 248695763
84 46 295075071 1540787 32607963 1540833 327683034
85 46 9224935 1540787 403716099 1540833 412941034
86 45 736043163 1540787 762742008 1540833 498785171
87 45 457872007 1540788 123484143 1540833 581356150
88 45 184006378 1540788 475202565 1540833 659208943
89 44 926708759 1540788 825805898 1540833 752514657
90 44 650781874 1540789 177309491 1540833 828091365
91 44 379823577 1540789 529401258 1540833 909224835
92 44 109712597 1540789 879533396 1540833 989245993
93 43 846588388 1540790 224620633 1540834 71209021
94 43 562457830 1540790 595038449 1540834 157496279
95 43 291321425 1540790 951792903 1540834 243114328
96 43 18720086 1540791 314092303 1540834 332812389
97 42 746849807 1540791 668203457 1540834 415053264
98 42 456497574 1540792 41496346 1540834 497993920
99 42 176339642 1540792 406725708 1540834 583065350
100 41 890216809 1540792 780937246 1540834 671154055
101 41 609974304 1540793 142939412 1540834 752913716
102 41 343601899 1540793 502313370 1540834 845915269
103 41 78653466 1540793 852973405 1540834 931626871
104 40 809277731 1540794 204132320 1540835 13410051
105 40 523776792 1540794 569222351 1540835 92999143
106 40 251144676 1540794 929646196 1540835 180790872
107 39 974960371 1540795 289610327 1540835 264570698
108 39 696114987 1540795 647170450 1540835 343285437
109 39 397382826 1540796 20231177 1540835 417614003
110 39 128747854 1540796 379682763 1540835 508430617
111 38 845061472 1540796 741903925 1540835 586965397
112 38 565514547 1540797 102505377 1540835 668019924
113 38 287078693 1540797 467903235 1540835 754981928
114 38 20030096 1540797 817581698 1540835 837611794
115 37 746585681 1540798 176048840 1540835 922634521
116 37 466502341 1540798 535084915 1540836 1587256
117 37 192593824 1540798 887159386 1540836 79753210
118 36 900065338 1540799 259657754 1540836 159723092
119 36 607983009 1540799 623421404 1540836 231404413
120 36 342058059 1540799 981161319 1540836 323219378
121 36 62298526 1540800 352928498 1540836 415227024
122 35 771032681 1540800 723861952 1540836 494894633
123 35 494302461 1540801 80372373 1540836 574674834
124 35 220020728 1540801 435921943 1540836 655942671
125 34 941840832 1540801 795362899 1540836 737203731
126 34 640558331 1540802 171909262 1540836 812467593
127 34 372094263 1540802 525667756 1540836 897762019
128 34 91653744 1540802 882863275 1540836 974517019
1 68 828289803 1541151 778129711 1541220 606419514
2 68 517663244 1541152 167001185 1541220 684664429
3 68 253465704 1541152 511371899 1541220 764837603
4 67 980282987 1541152 867741546 1541220 848024533
5 67 706142623 1541153 219037939 1541220 925180562
6 67 421645794 1541153 577671375 1541220 999317169
7 67 150851105 1541153 933575901 1541221 84427006
8 66 879872901 1541154 289449446 1541221 169322347
9 66 601981739 1541154 644550784 1541221 246532523
10 66 323335648 1541154 999045041 1541221 322380689
11 66 59217087 1541155 342984875 1541221 402201962
12 65 782217555 1541155 704965968 1541221 487183523
13 65 512175982 1541156 53304641 1541221 565480623
14 65 248820758 1541156 405254633 1541221 654075391
15 64 978166251 1541156 757003685 1541221 735169936
16 64 695806269 1541157 113254482 1541221 809060751
17 64 424033229 1541157 461683080 1541221 885716309
18 64 149659720 1541157 816035822 1541221 965695542
19 63 878123083 1541158 165503658 1541222 43626741
20 63 611889637 1541158 511052739 1541222 122942376
21 63 338625312 1541158 864453258 1541222 203078570
22 63 67412945 1541159 212350459 1541222 279763404
23 62 788794724 1541159 566818402 1541222 355613126
24 62 514333847 1541159 921746354 1541222 436080201
25 62 235225191 1541160 274313297 1541222 509538488
26 61 971211572 1541160 619223483 1541222 590435055
27 61 685680856 1541160 975168786 1541222 660849642
28 61 431208255 1541161 318216285 1541222 749424540
29 61 161001443 1541161 673643302 1541222 834644745
30 60 870769060 1541162 38591170 1541222 909360230
31 60 599542824 1541162 389965580 1541222 989508404
32 60 331055978 1541162 744173751 1541223 75229729
33 60 56324495 1541163 96772897 1541223 153097392
34 59 789849870 1541163 441738248 1541223 231588118
35 59 498441732 1541163 812481650 1541223 310923382
36 59 204716138 1541164 188210789 1541223 392926927
37 58 909112897 1541164 560252277 1541223 469365174
38 58 642832138 1541164 909945073 1541223 552777211
39 58 380999589 1541165 250506639 1541223 631506228
40 58 109990922 1541165 598446247 1541223 708437169
41 57 828782251 1541165 956824002 1541223 785606253
42 57 566344658 1541166 301069737 1541223 867414395
43 57 289121465 1541166 659586675 1541223 948708140
44 57 17231593 1541167 11571852 1541224 28803445
45 56 739470484 1541167 368881610 1541224 108352094
46 56 476024522 1541167 715973178 1541224 191997700
47 56 205561196 1541168 65240501 1541224 270801697
48 55 936472770 1541168 414965833 1541224 351438603
49 55 651540968 1541168 778832314 1541224 430373282
50 55 369366112 1541169 138528229 1541224 507894341
51 55 95677313 1541169 497434585 1541224 593111898
52 54 807929140 1541169 862742353 1541224 670671493
53 54 525209851 1541170 230465222 1541224 755675073
54 54 249897027 1541170 584775928 1541224 834672955
55 53 970717169 1541170 947037922 1541224 917755091
56 53 702219138 1541171 302550419 1541225 4769557
57 53 438944061 1541171 649640228 1541225 88584289
58 53 165960063 1541172 9860558 1541225 175820621
59 52 897364053 1541172 360096991 1541225 257461044
60 52 607125188 1541172 728486662 1541225 335611850
61 52 337241796 1541173 82990808 1541225 420232604
62 52 69800763 1541173 429956416 1541225 499757179
63 51 805951420 1541173 777154168 1541225 583105588
64 51 520630996 1541174 131274803 1541225 651905799
65 51 252691195 1541174 482681083 1541225 735372278
66 50 980347740 1541174 833244195 1541225 813591935
67 50 704875123 1541175 186842081 1541225 891717204
68 50 441362051 1541175 538295324 1541225 979657375
69 50 152444419 1541175 902036493 1541226 54480912
70 49 879098891 1541176 251413424 1541226 130512315
71 49 606384647 1541176 604530690 1541226 210915337
72 49 350584943 1541176 962748837 1541226 313333780
73 49 59298839 1541177 333634737 1541226 392933576
74 48 772427315 1541177 703532360 1541226 475959675
75 48 490464603 1541178 67515710 1541226 557980313
76 48 221985128 1541178 417919325 1541226 639904453
77 47 944913487 1541178 772758316 1541226 717671803
78 47 672385703 1541179 124838361 1541226 797224064
79 47 400495312 1541179 485927119 1541226 886422431
80 47 111809214 1541179 855566154 1541226 967375368
81 46 831771297 1541180 218440063 1541227 50211360
82 46 567729698 1541180 565851440 1541227 133581138
83 46 291951866 1541180 920649395 1541227 212601261
84 46 33338290 1541181 265407139 1541227 298745429
85 45 748808147 1541181 631143954 1541227 379952101
86 45 478898330 1541181 977887270 1541227 456785600
87 45 200497400 1541182 335396061 1541227 535893461
88 44 922001009 1541182 690922650 1541227 612923659
89 44 653672198 1541183 43289356 1541227 696961554
90 44 378189101 1541183 400833794 1541227 779022895
91 44 120915646 1541183 752167725 1541227 873083371
92 43 855590443 1541184 98227943 1541227 953818386
93 43 579006090 1541184 459925596 1541228 38931686
94 43 301945097 1541184 819543809 1541228 121488906
95 43 24816957 1541185 172218620 1541228 197035577
96 42 749829943 1541185 533236472 1541228 283066415
97 42 488868079 1541185 886750471 1541228 375618550
98 42 208164732 1541186 244844139 1541228 453008871
99 41 929422624 1541186 599486042 1541228 528908666
100 41 662822668 1541186 952627677 1541228 615450345
101 41 378833958 1541187 312455553 1541228 691289511
102 41 106744701 1541187 670340540 1541228 777085241
103 40 832119550 1541188 30954159 1541228 863073709
104 40 550954508 1541188 390530002 1541228 941484510
105 40 262590458 1541188 758744269 1541229 21334727
106 40 5420929 1541189 98016046 1541229 103436975
107 39 728580987 1541189 456419153 1541229 185000140
108 39 427900585 1541189 845170463 1541229 273071048
109 39 165500325 1541190 188079798 1541229 353580123
110 38 886454389 1541190 546897508 1541229 433351897
111 38 609107457 1541190 904003437 1541229 513110894
112 38 314736488 1541191 276291920 1541229 591028408
113 38 36224876 1541191 636569953 1541229 672794829
114 37 757435121 1541192 2821277 1541229 760256398
115 37 479099393 1541192 363295751 1541229 842395144
116 37 198407749 1541192 722789577 1541229 921197326
117 36 927629523 1541193 75558794 1541230 3188317
118 36 672982962 1541193 420414851 1541230 93397813
119 36 387706537 1541193 781665902 1541230 169372439
120 36 116821943 1541194 138869217 1541230 255691160
121 35 854237445 1541194 482608592 1541230 336846037
122 35 569451843 1541194 849893655 1541230 419345498
123 35 297684007 1541195 206026565 1541230 503710572
124 35 8377475 1541195 572912488 1541230 581289963
125 34 755085074 1541195 913795011 1541230 668880085
126 34 464449883 1541196 279084502 1541230 743534385
127 34 177352976 1541196 649644963 1541230 826997939
128 33 901689437 1541197 13223247 1541230 914912684
1 69 348518616 1541543 977742929 1541613 326261545
2 69 72197887 1541544 333003894 1541613 405201781
3 68 792243413 1541544 697955947 1541613 490199360
4 68 523266207 1541545 44094460 1541613 567360667
5 68 246665761 1541545 403532806 1541613 650198567
6 67 971495249 1541545 756487075 1541613 727982324
7 67 700944962 1541546 107192481 1541613 808137443
8 67 418489594 1541546 472952092 1541613 891441686
9 67 141526191 1541546 831234146 1541613 972760337
10 66 862292130 1541547 190863636 1541614 53155766
11 66 596553675 1541547 539123034 1541614 135676709
12 66 322279387 1541547 895764712 1541614 218044099
13 66 58399970 1541548 241382439 1541614 299782409
14 65 775279466 1541548 602910633 1541614 378190099
15 65 500897384 1541548 953027013 1541614 453924397
16 65 233761696 1541549 309121814 1541614 542883510
17 64 944179819 1541549 675325157 1541614 619504976
18 64 666679946 1541550 34342974 1541614 701022920
19 64 383707660 1541550 399846776 1541614 783554436
20 64 110855771 1541550 749804196 1541614 860659967
21 63 835422820 1541551 104356156 1541614 939778976
22 63 558911964 1541551 462518453 1541615 21430417
23 63 289414861 1541551 811679814 1541615 101094675
24 62 994764379 1541552 181707620 1541615 176471999
25 62 705467217 1541552 554485835 1541615 259953052
26 62 401295458 1541552 939312463 1541615 340607921
27 62 125466589 1541553 298007805 1541615 423474394
28 61 858407456 1541553 642564738 1541615 500972194
29 61 579460630 1541553 996264122 1541615 575724752
30 61 294283352 1541554 363113267 1541615 657396619
31 61 26679284 1541554 710450665 1541615 737129949
32 60 746099768 1541555 71950007 1541615 818049775
33 60 450918296 1541555 445499318 1541615 896417614
34 60 183173121 1541555 792860234 1541615 976033355
35 59 900659605 1541556 153818328 1541616 54477933
36 59 648144206 1541556 503065003 1541616 151209209
37 59 384581172 1541556 847074483 1541616 231655655
38 59 93959592 1541557 215957460 1541616 309917052
39 58 800851135 1541557 588559067 1541616 389410202
40 58 515122867 1541557 951835097 1541616 466957964
41 58 252783457 1541558 297984055 1541616 550767512
42 57 976294342 1541558 652941507 1541616 629235849
43 57 706848515 1541559 7281952 1541616 714130467
44 57 432455488 1541559 362977872 1541616 795433360
45 57 161903239 1541559 715842957 1541616 877746196
46 56 859921140 1541560 95614887 1541616 955536027
47 56 586806051 1541560 449623932 1541617 36429983
48 56 310706577 1541560 807912560 1541617 118619137
49 56 30525830 1541561 174579690 1541617 205105520
50 55 755379022 1541561 528262519 1541617 283641541
51 55 488794176 1541561 877435010 1541617 366229186
52 55 206482138 1541562 240542414 1541617 447024552
53 54 927914490 1541562 599618674 1541617 527533164
54 54 660782450 1541562 946763798 1541617 607546248
55 54 388987929 1541563 303116111 1541617 692104040
56 54 122681929 1541563 650834057 1541617 773515986
57 53 849999555 1541564 4527922 1541617 854527477
58 53 571139801 1541564 359056864 1541617 930196665
59 53 282262854 1541564 730884116 1541618 13146970
60 53 5335895 1541565 84653314 1541618 89989209
61 52 734426615 1541565 437397680 1541618 171824295
62 52 460917738 1541565 788791738 1541618 249709476
63 52 184310421 1541566 140077596 1541618 324388017
64 51 901380136 1541566 502234592 1541618 403614728
65 51 614382948 1541566 869607357 1541618 483990305
66 51 335852836 1541567 227994298 1541618 563847134
67 51 43989780 1541567 599309375 1541618 643299155
68 50 749266596 1541567 975222843 1541618 724489439
69 50 485774931 1541568 323427186 1541618 809202117
70 50 185402800 1541568 705622810 1541618 891025610
71 49 889526657 1541569 79417412 1541618 968944069
72 49 609785754 1541569 440723925 1541619 50509679
73 49 331871647 1541569 803007253 1541619 134878900
74 49 43505116 1541570 174333922 1541619 217839038
75 48 757081010 1541570 536422087 1541619 293503097
76 48 477448326 1541570 893753252 1541619 371201578
77 48 198786253 1541571 254776530 1541619 453562783
78 47 920537154 1541571 612535520 1541619 533072674
79 47 614596911 1541571 996075098 1541619 610672009
80 47 332612774 1541572 354382985 1541619 686995759
81 47 58350615 1541572 709126811 1541619 767477426
82 46 770909214 1541573 78608720 1541619 849517934
83 46 481551239 1541573 442362908 1541619 923914147
84 46 202865148 1541573 802681570 1541620 5546718
85 45 931333232 1541574 160654167 1541620 91987399
86 45 651819343 1541574 522617686 1541620 174437029
87 45 376228229 1541574 879033332 1541620 255261561
88 45 113038743 1541575 234433608 1541620 347472351
89 44 847172087 1541575 577510459 1541620 424682546
90 44 558120791 1541575 947270474 1541620 505391265
91 44 285639338 1541576 300848694 1541620 586488032
92 44 3460168 1541576 660779363 1541620 664239531
93 43 732296948 1541577 16269231 1541620 748566179
94 43 432786820 1541577 396236176 1541620 829022996
95 43 155722105 1541577 749276684 1541620 904998789
96 42 872861577 1541578 112975854 1541620 985837431
97 42 614360314 1541578 455455198 1541621 69815512
98 42 347452864 1541578 811886936 1541621 159339800
99 42 66803886 1541579 166159457 1541621 232963343
100 41 804399439 1541579 518720419 1541621 323119858
101 41 530671122 1541579 872677446 1541621 403348568
102 41 260225648 1541580 226088780 1541621 486314428
103 40 992112055 1541580 579573872 1541621 571685927
104 40 711386133 1541580 934128925 1541621 645515058
105 40 425194004 1541581 309143837 1541621 734337841
106 40 154785473 1541581 662366786 1541621 817152259
107 39 866786472 1541582 26656148 1541621 893442620
108 39 595891785 1541582 380544769 1541621 976436554
109 39 317304636 1541582 736537090 1541622 53841726
110 39 43277121 1541583 99420128 1541622 142697249
111 38 764360276 1541583 459197282 1541622 223557558
112 38 468561926 1541583 837956788 1541622 306518714
113 38 178146806 1541584 210815890 1541622 388962696
114 37 909754162 1541584 563138579 1541622 472892741
115 37 643973300 1541584 919182732 1541622 563156032
116 37 370516997 1541585 283377262 1541622 653894259
117 37 110242990 1541585 629132154 1541622 739375144
118 36 830641177 1541585 983095347 1541622 813736524
119 36 561418994 1541586 341486121 1541622 902905115
120 36 288776155 1541586 702942687 1541622 991718842
121 36 13171301 1541587 58314353 1541623 71485654
122 35 738750034 1541587 415233989 1541623 153984023
123 35 455038930 1541587 779300078 1541623 234339008
124 35 185544864 1541588 131424937 1541623 316969801
125 34 904909125 1541588 496511692 1541623 401420817
126 34 641123318 1541588 839860889 1541623 480984207
127 34 348899029 1541589 214488364 1541623 563387393
128 34 71248844 1541589 570983082 1541623 642231926
1 68 779407737 1541940 44675720 1542008 824083457
2 68 481075418 1541940 428779455 1542008 909854873
3 68 217971468 1541940 775309664 1542008 993281132
4 67 942941119 1541941 125582801 1542009 68523920
5 67 671775141 1541941 473006456 1542009 144781597
6 67 411874795 1541941 816328579 1542009 228203374
7 67 140043829 1541942 165602180 1542009 305646009
8 66 866382806 1541942 523586610 1542009 389969416
9 66 582461929 1541942 886869640 1542009 469331569
10 66 316300057 1541943 241693113 1542009 557993170
11 66 49844079 1541943 592579330 1542009 642423409
12 65 769083639 1541943 956631512 1542009 725715151
13 65 484054321 1541944 319503939 1542009 803558260
14 65 226621592 1541944 663259814 1542009 889881406
15 64 938015639 1541945 26749618 1542009 964765257
16 64 664628464 1541945 383118913 1542010 47747377
17 64 409164327 1541945 729897543 1542010 139061870
18 64 132276737 1541946 84412708 1542010 216689445
19 63 862924353 1541946 436894449 1542010 299818802
20 63 585493756 1541946 793163672 1542010 378657428
21 63 307778998 1541947 141840395 1542010 449619393
22 63 33196031 1541947 509099699 1542010 542295730
23 62 752648736 1541947 872694001 1542010 625342737
24 62 496450613 1541948 213339770 1542010 709790383
25 62 217115331 1541948 572040649 1542010 789155980
26 61 952446151 1541948 917528546 1542010 869974697
27 61 678401711 1541949 280175755 1542010 958577466
28 61 405510895 1541949 640454992 1542011 45965887
29 61 130802598 1541949 993410242 1542011 124212840
30 60 858159351 1541950 352369024 1542011 210528375
31 60 585052189 1541950 701630087 1542011 286682276
32 60 313894784 1541951 52783206 1542011 366677990
33 60 31551857 1541951 410997725 1542011 442549582
34 59 756058204 1541951 758030554 1542011 514088758
35 59 499102596 1541952 102076441 1542011 601179037
36 59 233656709 1541952 453431112 1542011 687087821
37 58 954223448 1541952 809260603 1542011 763484051
38 58 687013040 1541953 158051583 1542011 845064623
39 58 401562471 1541953 519458520 1542011 921020991
40 58 125557735 1541953 875716854 1542012 1274589
41 57 848180248 1541954 230851766 1542012 79032014
42 57 563185243 1541954 585648258 1542012 148833501
43 57 308350205 1541954 932891954 1542012 241242159
44 57 28814686 1541955 292120026 1542012 320934712
45 56 759978181 1541955 643243257 1542012 403221438
46 56 484084646 1541955 992798278 1542012 476882924
47 56 214519173 1541956 350558027 1542012 565077200
48 55 944575634 1541956 708421737 1542012 652997371
49 55 679718384 1541957 57455768 1542012 737174152
50 55 407741588 1541957 410653421 1542012 818395009
51 55 132135344 1541957 764742446 1542012 896877790
52 54 857662968 1541958 118488403 1542012 976151371
53 54 578087227 1541958 479654086 1542013 57741313
54 54 307515108 1541958 832576263 1542013 140091371
55 54 40484030 1541959 182717161 1542013 223201191
56 53 762228226 1541959 541293043 1542013 303521269
57 53 495346535 1541959 889398888 1542013 384745423
58 53 231812499 1541960 233363222 1542013 465175721
59 52 957117998 1541960 591416576 1542013 548534574
60 52 664718267 1541960 966241733 1542013 630960000
61 52 387672071 1541961 316610330 1542013 704282401
62 52 111669149 1541961 676236932 1542013 787906081
63 51 834293662 1541962 28921947 1542013 863215609
64 51 555551758 1541962 393275882 1542013 948827640
65 51 280287118 1541962 750162371 1542014 30449489
66 51 4369326 1541963 109448034 1542014 113817360
67 50 727769527 1541963 465229119 1542014 192998646
68 50 458792914 1541963 819391197 1542014 278184111
69 50 180350373 1541964 176507015 1542014 356857388
70 49 895915987 1541964 533316931 1542014 429232918
71 49 621575682 1541964 890785186 1542014 512360868
72 49 353798878 1541965 248838411 1542014 602637289
73 49 85091388 1541965 600824662 1542014 685916050
74 48 788800697 1541965 977508782 1542014 766309479
75 48 509744281 1541966 333009001 1542014 842753282
76 48 225111936 1541966 696513249 1542014 921625185
77 47 955468538 1541967 47893901 1542015 3362439
78 47 683352689 1541967 400651378 1542015 84004067
79 47 413025750 1541967 749768833 1542015 162794583
80 47 144755104 1541968 102812341 1542015 247567445
81 46 864691947 1541968 471274122 1542015 335966069
82 46 594042126 1541968 822831029 1542015 416873155
83 46 327144656 1541969 173184164 1542015 500328820
84 46 47454418 1541969 531620456 1542015 579074874
85 45 778883537 1541969 879714190 1542015 658597727
86 45 507213679 1541970 232852363 1542015 740066042
87 45 221376951 1541970 601852170 1542015 823229121
88 44 952121953 1541970 952789349 1542015 904911302
89 44 678160270 1541971 308666635 1542015 986826905
90 44 411238467 1541971 657224787 1542016 68463254
91 44 143632864 1541972 14809984 1542016 158442848
92 43 863086088 1541972 374012519 1542016 237098607
93 43 585584011 1541972 735469400 1542016 321053411
94 43 316628840 1541973 86350488 1542016 402979328
95 43 37868011 1541973 447254601 1542016 485122612
96 42 761050995 1541973 801979780 1542016 563030775
97 42 494400298 1541974 158548201 1542016 652948499
98 42 227869488 1541974 507481493 1542016 735350981
99 41 957902764 1541974 860633388 1542016 818536152
100 41 685302517 1541975 209745676 1542016 895048193
101 41 412336166 1541975 568081600 1542016 980417766
102 41 150854388 1541975 909695127 1542017 60549515
103 40 886478240 1541976 259709972 1542017 146188212
104 40 614910787 1541976 617979582 1542017 232890369
105 40 347237352 1541976 973189029 1542017 320426381
106 40 71283689 1541977 331802854 1542017 403086543
107 39 778253990 1541977 705951283 1542017 484205273
108 39 486726038 1541978 72883946 1542017 559609984
109 39 212996073 1541978 432932595 1542017 645928668
110 38 921552880 1541978 811661286 1542017 733214166
111 38 642868603 1541979 170782361 1542017 813650964
112 38 363006017 1541979 531761269 1542017 894767286
113 38 84492330 1541979 889671108 1542017 974163438
114 37 819602211 1541980 241544287 1542018 61146498
115 37 553788850 1541980 589804759 1542018 143593609
116 37 282211138 1541980 942821657 1542018 225032795
117 37 13697812 1541981 294228530 1542018 307926342
118 36 722509743 1541981 659383505 1542018 381893248
119 36 451148194 1541982 12957910 1542018 464106104
120 36 174878944 1541982 370650254 1542018 545529198
121 35 908123658 1541982 718558547 1542018 626682205
122 35 610014669 1541983 97142778 1542018 707157447
123 35 343162050 1541983 449029754 1542018 792191804
124 35 83635845 1541983 799232576 1542018 882868421
125 34 795118650 1541984 166998352 1542018 962117002
126 34 500684051 1541984 543027078 1542019 43711129
127 34 218837875 1541984 906329848 1542019 125167723
128 33 937033585 1541985 266349313 1542019 203382898
1 68 556331917 1542334 843619787 1542403 399951704
2 68 254248583 1542335 222123538 1542403 476372121
3 67 984559582 1542335 571022942 1542403 555582524
4 67 727712687 1542335 911465641 1542403 639178328
5 67 458059057 1542336 260944385 1542403 719003442
6 67 195701745 1542336 601742577 1542403 797444322
7 66 934398770 1542336 946523191 1542403 880921961
8 66 658586997 1542337 299284890 1542403 957871887
9 66 395011371 1542337 652377619 1542404 47388990
10 66 120259519 1542338 2655681 1542404 122915200
11 65 857823601 1542338 346488425 1542404 204312026
12 65 573265076 1542338 710378906 1542404 283643982
13 65 303329187 1542339 57046891 1542404 360376078
14 65 37653185 1542339 404154200 1542404 441807385
15 64 763871190 1542339 757584534 1542404 521455724
16 64 489317766 1542340 112188975 1542404 601506741
17 64 229116932 1542340 452620711 1542404 681737643
18 63 952073686 1542340 808591143 1542404 760664829
19 63 686530750 1542341 151972599 1542404 838503349
20 63 426576331 1542341 502574211 1542404 929150542
21 63 150286072 1542341 859653307 1542405 9939379
22 62 871143009 1542342 213765313 1542405 84908322
23 62 608917357 1542342 551476213 1542405 160393570
24 62 332188757 1542342 910813376 1542405 243002133
25 62 70192718 1542343 253443921 1542405 323636639
26 61 805367905 1542343 601793909 1542405 407161814
27 61 530943856 1542343 962393307 1542405 493337163
28 61 264001935 1542344 311262026 1542405 575263961
29 61 4972747 1542344 652620226 1542405 657592973
30 60 736758733 1542344 998502670 1542405 735261403
31 60 436264199 1542345 374242216 1542405 810506415
32 60 175152262 1542345 722435356 1542405 897587618
33 59 891756401 1542346 87098896 1542405 978855297
34 59 614595528 1542346 444143493 1542406 58739021
35 59 339292746 1542346 797339331 1542406 136632077
36 59 71427403 1542347 151596371 1542406 223023774
37 58 791014129 1542347 511399636 1542406 302413765
38 58 525785233 1542347 861952489 1542406 387737722
39 58 257539021 1542348 211551620 1542406 469090641
40 57 993367676 1542348 559135772 1542406 552503448
41 57 713057917 1542348 917166053 1542406 630223970
42 57 436469454 1542349 271559889 1542406 708029343
43 57 167428107 1542349 628381889 1542406 795809996
44 56 893967384 1542349 982651281 1542406 876618665
45 56 625558439 1542350 330678491 1542406 956236930
46 56 365214789 1542350 675110268 1542407 40325057
47 56 89750750 1542351 32058464 1542407 121809214
48 55 818977033 1542351 385952067 1542407 204929100
49 55 533086091 1542351 749603049 1542407 282689140
50 55 256382668 1542352 106880738 1542407 363263406
51 54 989316052 1542352 452929094 1542407 442245146
52 54 707334539 1542352 817349302 1542407 524683841
53 54 405894104 1542353 202656647 1542407 608550751
54 54 138981040 1542353 553207976 1542407 692189016
55 53 871248084 1542353 902702528 1542407 773950612
56 53 593476793 1542354 257028899 1542407 850505692
57 53 330631916 1542354 603247269 1542407 933879185
58 53 59910127 1542354 951055554 1542408 10965681
59 52 800002513 1542355 290084091 1542408 90086604
60 52 530004303 1542355 639894210 1542408 169898513
61 52 251618080 1542355 998349634 1542408 249967714
62 51 968054433 1542356 362679044 1542408 330733477
63 51 697783877 1542356 712904969 1542408 410688846
64 51 424545377 1542357 63210337 1542408 487755714
65 51 147379782 1542357 415548056 1542408 562927838
66 50 880389686 1542357 762604538 1542408 642994224
67 50 610834840 1542358 119793484 1542408 730628324
68 50 337561267 1542358 467380770 1542408 804942037
69 50 69660800 1542358 818871615 1542408 888532415
70 49 806684502 1542359 162268718 1542408 968953220
71 49 529599444 1542359 517889931 1542409 47489375
72 49 257093524 1542359 868817749 1542409 125911273
73 48 987183836 1542360 218901247 1542409 206085083
74 48 714873783 1542360 570878267 1542409 285752050
75 48 448099853 1542360 915385867 1542409 363485720
76 48 174719042 1542361 278649866 1542409 453368908
77 47 905644172 1542361 637656368 1542409 543300540
78 47 626276082 1542361 997481281 1542409 623757363
79 47 336760808 1542362 365939536 1542409 702700344
80 47 65859471 1542362 722742504 1542409 788601975
81 46 814855810 1542363 58576908 1542409 873432718
82 46 551756350 1542363 415082028 1542409 966838378
83 46 270827754 1542363 775296562 1542410 46124316
84 45 995603480 1542364 128092749 1542410 123696229
85 45 742581801 1542364 469569031 1542410 212150832
86 45 469659337 1542364 823727619 1542410 293386956
87 45 190382452 1542365 181940836 1542410 372323288
88 44 908896477 1542365 541927744 1542410 450824221
89 44 638105643 1542365 893158569 1542410 531264212
90 44 366862465 1542366 243667629 1542410 610530094
91 44 76264676 1542366 609743610 1542410 686008286
92 43 808521397 1542366 962763809 1542410 771285206
93 43 522934425 1542367 326537627 1542410 849472052
94 43 238832630 1542367 687177891 1542410 926010521
95 42 968041370 1542368 43364847 1542411 11406217
96 42 688202219 1542368 408742376 1542411 96944595
97 42 394763168 1542368 791863859 1542411 186627027
98 42 120655878 1542369 144786725 1542411 265442603
99 41 856002470 1542369 496969697 1542411 352972167
100 41 579691628 1542369 852796546 1542411 432488174
101 41 317776022 1542370 200759224 1542411 518535246
102 41 32822837 1542370 565077493 1542411 597900330
103 40 766757697 1542370 913710269 1542411 680467966
104 40 490599000 1542371 282738136 1542411 773337136
105 40 217901222 1542371 641688372 1542411 859589594
106 39 938794821 1542371 998365538 1542411 937160359
107 39 660731938 1542372 351830355 1542412 12562293
108 39 384084882 1542372 706508871 1542412 90593753
109 39 120280683 1542373 55340235 1542412 175620918
110 38 840548257 1542373 417905292 1542412 258453549
111 38 576298900 1542373 766804932 1542412 343103832
112 38 304980358 1542374 122755128 1542412 427735486
113 38 18372615 1542374 492820047 1542412 511192662
114 37 756089222 1542374 840372452 1542412 596461674
115 37 481118637 1542375 198726047 1542412 679844684
116 37 196027106 1542375 568543323 1542412 764570429
117 36 927414553 1542375 918761048 1542412 846175601
118 36 643364468 1542376 280759817 1542412 924124285
119 36 353756465 1542376 653275524 1542413 7031989
120 36 70555439 1542377 13373901 1542413 83929340
121 35 801115699 1542377 363100930 1542413 164216629
122 35 529555515 1542377 723408562 1542413 252964077
123 35 251602357 1542378 77798061 1542413 329400418
124 34 981301837 1542378 430480461 1542413 411782298
125 34 682542910 1542378 809164906 1542413 491707816
126 34 395599695 1542379 171629831 1542413 567229526
127 34 118312562 1542379 535954092 1542413 654266654
128 33 840961245 1542379 894409312 1542413 735370557
1 68 688600004 1542726 706119270 1542795 394719274
2 68 417929639 1542727 69622551 1542795 487552190
3 68 156657265 1542727 420799025 1542795 577456290
4 67 882782722 1542727 772644524 1542795 655427246
5 67 623523626 1542728 114680151 1542795 738203777
6 67 358711800 1542728 456402007 1542795 815113807
7 67 82222770 1542728 811609923 1542795 893832693
8 66 804174990 1542729 168794395 1542795 972969385
9 66 544651510 1542729 511846633 1542796 56498143
10 66 273464972 1542729 859523320 1542796 132988292
11 65 997144919 1542730 218996249 1542796 216141168
12 65 731741495 1542730 563141706 1542796 294883201
13 65 465543030 1542730 918010999 1542796 383554029
14 65 213916642 1542731 258898295 1542796 472814937
15 64 937345484 1542731 612445853 1542796 549791337
16 64 664977970 1542731 967876708 1542796 632854678
17 64 392327256 1542732 322953774 1542796 715281030
18 64 129118864 1542732 674386520 1542796 803505384
19 63 858367060 1542733 25044835 1542796 883411895
20 63 582179266 1542733 380924237 1542796 963103503
21 63 301439336 1542733 736246279 1542797 37685615
22 63 35505774 1542734 88772652 1542797 124278426
23 62 749608107 1542734 451593701 1542797 201201808
24 62 472483479 1542734 802984724 1542797 275468203
25 62 204942986 1542735 153192232 1542797 358135218
26 61 937141459 1542735 504977933 1542797 442119392
27 61 656531120 1542735 860280567 1542797 516811687
28 61 397145881 1542736 202777664 1542797 599923545
29 61 125035214 1542736 550034839 1542797 675070053
30 60 859257522 1542736 897451065 1542797 756708587
31 60 594709194 1542737 253281134 1542797 847990328
32 60 327983834 1542737 602951244 1542797 930935078
33 60 75904495 1542737 947423914 1542798 23328409
34 59 801170878 1542738 310628695 1542798 111799573
35 59 515787796 1542738 671923401 1542798 187711197
36 59 239454431 1542739 36217625 1542798 275672056
37 58 933949339 1542739 413529288 1542798 347478627
38 58 671098388 1542739 763378116 1542798 434476504
39 58 389148724 1542740 115704175 1542798 504852899
40 58 112179002 1542740 477894215 1542798 590073217
41 57 831781289 1542740 839327714 1542798 671109003
42 57 560307853 1542741 193737215 1542798 754045068
43 57 292506811 1542741 544242567 1542798 836749378
44 57 4103638 1542741 916701358 1542798 920804996
45 56 732678646 1542742 268427205 1542799 1105851
46 56 454140269 1542742 622328845 1542799 76469114
47 56 192894530 1542742 964233599 1542799 157128129
48 55 920358078 1542743 323119422 1542799 243477500
49 55 640283563 1542743 686032448 1542799 326316011
50 55 373292786 1542744 32816683 1542799 406109469
51 55 111959623 1542744 381737027 1542799 493696650
52 54 838493041 1542744 730172398 1542799 568665439
53 54 569574335 1542745 83050890 1542799 652625225
54 54 288165848 1542745 442811566 1542799 730977414
55 54 14757950 1542745 795045199 1542799 809803149
56 53 744075168 1542746 148699823 1542799 892774991
57 53 467478885 1542746 506627256 1542799 974106141
58 53 185969288 1542746 872764738 1542800 58734026
59 52 919500297 1542747 221141535 1542800 140641832
60 52 629243105 1542747 591372107 1542800 220615212
61 52 349394904 1542747 948733679 1542800 298128583
62 52 83161205 1542748 298886406 1542800 382047611
63 51 797145101 1542748 665849242 1542800 462994343
64 51 524791778 1542749 17590456 1542800 542382234
65 51 240666824 1542749 381299353 1542800 621966177
66 50 969510329 1542749 727811574 1542800 697321903
67 50 690841513 1542750 87248625 1542800 778090138
68 50 424680111 1542750 433364741 1542800 858044852
69 50 132928467 1542750 801409927 1542800 934338394
70 49 849939381 1542751 162105602 1542801 12044983
71 49 577596521 1542751 508265921 1542801 85862442
72 49 321877236 1542751 856970896 1542801 178848132
73 49 51247141 1542752 209040399 1542801 260287540
74 48 779717690 1542752 561011572 1542801 340729262
75 48 501112708 1542752 919222978 1542801 420335686
76 48 241541052 1542753 268545015 1542801 510086067
77 47 954195105 1542753 635859472 1542801 590054577
78 47 666611829 1542754 345982 1542801 666957811
79 47 393315024 1542754 359197061 1542801 752512085
80 47 114627877 1542754 712709148 1542801 827337025
81 46 851705471 1542755 61511508 1542801 913216979
82 46 577942008 1542755 413944264 1542801 991886272
83 46 295829111 1542755 777414329 1542802 73243440
84 46 17128594 1542756 133868527 1542802 150997121
85 45 732511967 1542756 496439183 1542802 228951150
86 45 445205927 1542756 869262184 1542802 314468111
87 45 160934404 1542757 239176035 1542802 400110439
88 44 886324644 1542757 588933099 1542802 475257743
89 44 591097366 1542757 962848448 1542802 553945814
90 44 304229152 1542758 329151793 1542802 633380945
91 44 35741555 1542758 677292461 1542802 713034016
92 43 766053554 1542759 31876545 1542802 797930099
93 43 494178299 1542759 386644236 1542802 880822535
94 43 222945124 1542759 742551776 1542802 965496900
95 42 953587599 1542760 99892455 1542803 53480054
96 42 670021009 1542760 461670569 1542803 131691578
97 42 409052956 1542760 806677759 1542803 215730715
98 42 123849748 1542761 181686309 1542803 305536057
99 41 858229191 1542761 529739996 1542803 387969187
100 41 573925337 1542761 894924712 1542803 468850049
101 41 290892145 1542762 257279185 1542803 548171330
102 41 14106446 1542762 616797860 1542803 630904306
103 40 749063452 1542762 962340390 1542803 711403842
104 40 473777689 1542763 319380259 1542803 793157948
105 40 195756236 1542763 675503534 1542803 871259770
106 39 910366126 1542764 41249591 1542803 951615717
107 39 641915622 1542764 387139448 1542804 29055070
108 39 364088907 1542764 748994133 1542804 113083040
109 39 91367540 1542765 110888132 1542804 202255672
110 38 813561120 1542765 464904706 1542804 278465826
111 38 535649444 1542765 828301806 1542804 363951250
112 38 252250445 1542766 188721351 1542804 440971796
113 37 983796053 1542766 549992658 1542804 533788711
114 37 712641713 1542766 902720718 1542804 615362431
115 37 435471838 1542767 261689494 1542804 697161332
116 37 161697528 1542767 618158891 1542804 779856419
117 36 887087772 1542767 976331496 1542804 863419268
118 36 607413575 1542768 338039590 1542804 945453165
119 36 335763393 1542768 692828740 1542805 28592133
120 36 56569278 1542769 53230044 1542805 109799322
121 35 766072915 1542769 419854693 1542805 185927608
122 35 487010372 1542769 783579175 1542805 270589547
123 35 208427210 1542770 139440693 1542805 347867903
124 34 947833338 1542770 492148012 1542805 439981350
125 34 675919032 1542770 850707146 1542805 526626178
126 34 397388295 1542771 206592293 1542805 603980588
127 34 122102164 1542771 560672456 1542805 682774620
128 33 834378063 1542771 926523934 1542805 760901997
1 69 338271027 1543120 393766982 1543189 732038009
2 69 40180365 1543120 768963539 1543189 809143904
3 68 776335049 1543121 114757788 1543189 891092837
4 68 511131296 1543121 465215132 1543189 976346428
5 68 238104081 1543121 819813416 1543190 57917497
6 67 967356544 1543122 182858021 1543190 150214565
7 67 692743990 1543122 539808148 1543190 232552138
8 67 417961290 1543122 892661188 1543190 310622478
9 67 153337711 1543123 236337273 1543190 389674984
10 66 868466335 1543123 604733533 1543190 473199868
11 66 581959099 1543123 969148593 1543190 551107692
12 66 304542081 1543124 327842668 1543190 632384749
13 66 18064364 1543124 693495148 1543190 711559512
14 65 729457484 1543125 62464546 1543190 791922030
15 65 458780448 1543125 411054277 1543190 869834725
16 65 187850268 1543125 770745759 1543190 958596027
17 64 911600004 1543126 128955659 1543191 40555663
18 64 636679771 1543126 486160688 1543191 122840459
19 64 346114225 1543126 852692466 1543191 198806691
20 64 71287231 1543127 209816201 1543191 281103432
21 63 804603655 1543127 552765484 1543191 357369139
22 63 524441449 1543127 918580793 1543191 443022242
23 63 254792930 1543128 272626290 1543191 527419220
24 62 985282593 1543128 624445700 1543191 609728293
25 62 714373672 1543128 972725789 1543191 687099461
26 62 437839693 1543129 328098279 1543191 765937972
27 62 155295995 1543129 693050456 1543191 848346451
28 61 881295318 1543130 41619095 1543191 922914413
29 61 610050682 1543130 395878291 1543192 5928973
30 61 326777832 1543130 762772801 1543192 89550633
31 61 44510183 1543131 119568005 1543192 164078188
32 60 783657738 1543131 469607244 1543192 253264982
33 60 505651101 1543131 821534578 1543192 327185679
34 60 236824364 1543132 173713832 1543192 410538196
35 59 959246812 1543132 532862231 1543192 492109043
36 59 673250440 1543132 901925773 1543192 575176213
37 59 403991248 1543133 248868683 1543192 652859931
38 59 124130666 1543133 613649807 1543192 737780473
39 58 853113840 1543133 966645768 1543192 819759608
40 58 572517865 1543134 325476635 1543192 897994500
41 58 302992752 1543134 676769962 1543192 979762714
42 58 31179850 1543135 37993135 1543193 69172985
43 57 767768379 1543135 380878900 1543193 148647279
44 57 487767763 1543135 739245795 1543193 227013558
45 57 211617777 1543136 91238848 1543193 302856625
46 56 951981235 1543136 434756267 1543193 386737502
47 56 687834649 1543136 784241424 1543193 472076073
48 56 406584058 1543137 139147403 1543193 545731461
49 56 126655885 1543137 505285500 1543193 631941385
50 55 856562525 1543137 856395885 1543193 712958410
51 55 583317076 1543138 210812410 1543193 794129486
52 55 315656613 1543138 561693096 1543193 877349709
53 55 18991779 1543138 932392847 1543193 951384626
54 54 747010991 1543139 290529153 1543194 37540144
55 54 476165887 1543139 634634004 1543194 110799891
56 54 190727375 1543140 351943 1543194 191079318
57 53 915552464 1543140 356498657 1543194 272051121
58 53 637053783 1543140 709354378 1543194 346408161
59 53 358451400 1543141 73690417 1543194 432141817
60 53 82302156 1543141 427185052 1543194 509487208
61 52 788990647 1543141 799797211 1543194 588787858
62 52 522971265 1543142 144446218 1543194 667417483
63 52 238583455 1543142 507549318 1543194 746132773
64 51 953385126 1543142 876501990 1543194 829887116
65 51 677827055 1543143 228210844 1543194 906037899
66 51 414797912 1543143 573344768 1543194 988142680
67 51 137911054 1543143 928342077 1543195 66253131
68 50 844144665 1543144 295529302 1543195 139673967
69 50 565135179 1543144 654590534 1543195 219725713
70 50 284096659 1543145 14048887 1543195 298145546
71 49 998976512 1543145 378523016 1543195 377499528
72 49 723016302 1543145 730494679 1543195 453510981
73 49 451751410 1543146 83654060 1543195 535405470
74 49 182699567 1543146 431806426 1543195 614505993
75 48 883674521 1543146 816055731 1543195 699730252
76 48 618134333 1543147 162298245 1543195 780432578
77 48 350078750 1543147 514220205 1543195 864298955
78 48 65641425 1543147 880281969 1543195 945923394
79 47 797001834 1543148 232623810 1543196 29625644
80 47 522065643 1543148 582543215 1543196 104608858
81 47 245866103 1543148 941308934 1543196 187175037
82 46 969859284 1543149 297078024 1543196 266937308
83 46 676474019 1543149 672089264 1543196 348563283
84 46 386788535 1543150 40842828 1543196 427631363
85 46 119021854 1543150 388259837 1543196 507281691
86 45 816913107 1543150 770838544 1543196 587751651
87 45 533895070 1543151 128661002 1543196 662556072
88 45 257944101 1543151 488882729 1543196 746826830
89 44 980991373 1543151 849592132 1543196 830583505
90 44 693512440 1543152 213605379 1543196 907117819
91 44 409712122 1543152 580691881 1543196 990404003
92 44 135661858 1543152 938576634 1543197 74238492
93 43 837878010 1543153 316253490 1543197 154131500
94 43 546587520 1543153 689687816 1543197 236275336
95 43 272422814 1543154 44819084 1543197 317241898
96 42 994867580 1543154 403208753 1543197 398076333
97 42 743715971 1543154 749251843 1543197 492967814
98 42 463698377 1543155 115815170 1543197 579513547
99 42 197357762 1543155 471378670 1543197 668736432
100 41 919046544 1543155 832225532 1543197 751272076
101 41 637908563 1543156 191530517 1543197 829439080
102 41 357418608 1543156 549921222 1543197 907339830
103 41 74273852 1543156 916895504 1543197 991169356
104 40 791226705 1543157 281917305 1543198 73144010
105 40 521074275 1543157 632980576 1543198 154054851
106 40 243981107 1543157 997061172 1543198 241042279
107 39 975712585 1543158 352257846 1543198 327970431
108 39 678167808 1543158 730469283 1543198 408637091
109 39 409121967 1543159 82942694 1543198 492064661
110 39 131603604 1543159 445874886 1543198 577478490
111 38 847987709 1543159 809311513 1543198 657299222
112 38 555366412 1543160 185863982 1543198 741230394
113 38 284909099 1543160 538221154 1543198 823130253
114 38 5734750 1543160 903104308 1543198 908839058
115 37 729831762 1543161 258087245 1543198 987919007
116 37 448373198 1543161 619996789 1543199 68369987
117 37 165467474 1543161 980525768 1543199 145993242
118 36 878989153 1543162 348111037 1543199 227100190
119 36 603789950 1543162 698869813 1543199 302659763
120 36 339109712 1543163 49310781 1543199 388420493
121 36 48010127 1543163 420097526 1543199 468107653
122 35 765309846 1543163 783104234 1543199 548414080
123 35 486684245 1543164 144173887 1543199 630858132
124 35 188135265 1543164 532533500 1543199 720668765
125 34 915471532 1543164 884182055 1543199 799653587
126 34 640056556 1543165 234626522 1543199 874683078
127 34 360754838 1543165 603511192 1543199 964266030
128 34 91965272 1543165 955650219 1543200 47615491
1 68 866746579 1543515 389398237 1543584 256144816
2 68 563560483 1543515 774372554 1543584 337933037
3 68 279170546 1543516 137458402 1543584 416628948
4 67 997284263 1543516 493496887 1543584 490781150
5 67 736693701 1543516 842148754 1543584 578842455
6 67 458947580 1543517 201501489 1543584 660449069
7 67 184962183 1543517 555430421 1543584 740392604
8 66 907329986 1543517 903266859 1543584 810596845
9 66 640554320 1543518 256030962 1543584 896585282
10 66 355011627 1543518 617986536 1543584 972998163
11 66 90714137 1543518 971140797 1543585 61854934
12 65 834147885 1543519 315972701 1543585 150120586
13 65 569608251 1543519 664386128 1543585 233994379
14 65 303548239 1543520 9598172 1543585 313146411
15 65 44353909 1543520 359426053 1543585 403779962
16 64 778015328 1543520 709737073 1543585 487752401
17 64 495669222 1543521 73960603 1543585 569629825
18 64 216072451 1543521 429651390 1543585 645723841
19 63 921877332 1543521 802309461 1543585 724186793
20 63 646558998 1543522 160178632 1543585 806737630
21 63 380505893 1543522 512666758 1543585 893172651
22 63 110257832 1543522 858223443 1543585 968481275
23 62 837641612 1543523 217521420 1543586 55163032
24 62 562593958 1543523 563290546 1543586 125884504
25 62 297749664 1543523 912542197 1543586 210291861
26 62 11129936 1543524 282345934 1543586 293475870
27 61 735481738 1543524 635720395 1543586 371202133
28 61 450690791 1543525 241474 1543586 450932265
29 61 182396988 1543525 349169224 1543586 531566212
30 60 909443127 1543525 701073158 1543586 610516285
31 60 654120390 1543526 46500975 1543586 700621365
32 60 367858508 1543526 407777931 1543586 775636439
33 60 101615943 1543526 761981321 1543586 863597264
34 59 819818142 1543527 121865619 1543586 941683761
35 59 555177992 1543527 473037159 1543587 28215151
36 59 281208336 1543527 827317805 1543587 108526141
37 58 994070156 1543528 188807536 1543587 182877692
38 58 730047309 1543528 541614951 1543587 271662260
39 58 467265141 1543528 888020842 1543587 355285983
40 58 199665714 1543529 236089627 1543587 435755341
41 57 928699242 1543529 593543768 1543587 522243010
42 57 649640684 1543529 949653287 1543587 599293971
43 57 370235022 1543530 312600174 1543587 682835196
44 57 86190856 1543530 674415342 1543587 760606198
45 56 815754280 1543531 30730061 1543587 846484341
46 56 540636184 1543531 388744987 1543587 929381171
47 56 247898926 1543531 763166487 1543588 11065413
48 55 983945708 1543532 117783238 1543588 101728946
49 55 696023821 1543532 487880709 1543588 183904530
50 55 424930221 1543532 843698085 1543588 268628306
51 55 146890163 1543533 197448871 1543588 344339034
52 54 871537219 1543533 555602721 1543588 427139940
53 54 612599348 1543533 904345789 1543588 516945137
54 54 328869270 1543534 262491323 1543588 591360593
55 54 54184313 1543534 612851915 1543588 667036228
56 53 772998945 1543534 973997503 1543588 746996448
57 53 499239915 1543535 333407477 1543588 832647392
58 53 223748419 1543535 684612404 1543588 908360823
59 52 948987723 1543536 43930379 1543588 992918102
60 52 681803604 1543536 402154468 1543589 83958072
61 52 427285889 1543536 742692786 1543589 169978675
62 52 151252644 1543537 97674807 1543589 248927451
63 51 878419597 1543537 449450168 1543589 327869765
64 51 600812660 1543537 805056770 1543589 405869430
65 51 308073755 1543538 175042799 1543589 483116554
66 51 47961759 1543538 517237066 1543589 565198825
67 50 772613593 1543538 872314734 1543589 644928327
68 50 490854754 1543539 230672283 1543589 721527037
69 50 215052061 1543539 588485009 1543589 803537070
70 49 953487186 1543539 933421297 1543589 886908483
71 49 659162386 1543540 312046641 1543589 971209027
72 49 377429288 1543540 683131278 1543590 60560566
73 49 117647656 1543541 35118375 1543590 152766031
74 48 837026148 1543541 393985599 1543590 231011747
75 48 564623481 1543541 748117285 1543590 312740766
76 48 302116624 1543542 91154054 1543590 393270678
77 48 32918155 1543542 439842178 1543590 472760333
78 47 777886821 1543542 784472750 1543590 562359571
79 47 512325893 1543543 130950027 1543590 643275920
80 47 233312410 1543543 489464517 1543590 722776927
81 46 969639483 1543543 838151733 1543590 807791216
82 46 702304812 1543544 192313788 1543590 894618600
83 46 422311940 1543544 548968110 1543590 971280050
84 46 145956905 1543544 905375622 1543591 51332527
85 45 869187045 1543545 258995687 1543591 128182732
86 45 592920287 1543545 618233848 1543591 211154135
87 45 309280189 1543545 979905277 1543591 289185466
88 45 36117296 1543546 332163647 1543591 368280943
89 44 756608489 1543546 690895151 1543591 447503640
90 44 503795780 1543547 38392778 1543591 542188558
91 44 225817277 1543547 392467927 1543591 618285204
92 43 950177062 1543547 751089063 1543591 701266125
93 43 660571264 1543548 122443509 1543591 783014773
94 43 380191474 1543548 478920297 1543591 859111771
95 43 107528461 1543548 829130576 1543591 936659037
96 42 846852329 1543549 177010881 1543592 23863210
97 42 575692768 1543549 526994813 1543592 102687581
98 42 281207528 1543549 902144426 1543592 183351954
99 42 8135227 1543550 256002857 1543592 264138084
100 41 734498399 1543550 612273279 1543592 346771678
101 41 456899129 1543550 972781156 1543592 429680285
102 41 182698443 1543551 327269926 1543592 509968369
103 40 913651194 1543551 673947291 1543592 587598485
104 40 635197163 1543552 35318744 1543592 670515907
105 40 361435043 1543552 393073803 1543592 754508846
106 40 86457334 1543552 745725294 1543592 832182628
107 39 829368021 1543553 88689046 1543592 918057067
108 39 531095594 1543553 466293853 1543592 997389447
109 39 254541213 1543553 822767992 1543593 77309205
110 38 983853089 1543554 170987290 1543593 154840379
111 38 722662799 1543554 519806059 1543593 242468858
112 38 443251880 1543554 874160998 1543593 317412878
113 38 170490203 1543555 230446845 1543593 400937048
114 37 886986196 1543555 604385629 1543593 491371825
115 37 609205152 1543555 963537606 1543593 572742758
116 37 333680658 1543556 323262590 1543593 656943248
117 37 59903575 1543556 672493369 1543593 732396944
118 36 782142383 1543557 32036338 1543593 814178721
119 36 507441521 1543557 389541328 1543593 896982849
120 36 233837916 1543557 744737547 1543593 978575463
121 35 949026897 1543558 107851892 1543594 56878789
122 35 667278171 1543558 470731037 1543594 138009208
123 35 392786102 1543558 829728146 1543594 222514248
124 35 110092375 1543559 191204745 1543594 301297120
125 34 833477661 1543559 558957815 1543594 392435476
126 34 570513852 1543559 901060730 1543594 471574582
127 34 281038090 1543560 270823002 1543594 551861092
128 33 996721634 1543560 645685825 1543594 642407459
1 69 72291389 1543908 867670796 1543977 939962185
2 68 784284874 1543909 240806093 1543978 25090967
3 68 513692466 1543909 587018281 1543978 100710747
4 68 240879305 1543909 937675106 1543978 178554411
5 67 987221775 1543910 279140867 1543978 266362642
6 67 686448265 1543910 654523399 1543978 340971664
7 67 426593373 1543911 6637028 1543978 433230401
8 67 154483958 1543911 353157321 1543978 507641279
9 66 893445366 1543911 707510056 1543978 600955422
10 66 639587802 1543912 49514584 1543978 689102386
11 66 369180244 1543912 398576494 1543978 767756738
12 66 90542417 1543912 758596564 1543978 849138981
13 65 822991822 1543913 106770547 1543978 929762369
14 65 547474492 1543913 463515309 1543979 10989801
15 65 262953409 1543913 825789890 1543979 88743299
16 65 3119386 1543914 168097691 1543979 171217077
17 64 734774343 1543914 520559295 1543979 255333638
18 64 465314859 1543914 875018934 1543979 340333793
19 64 193275832 1543915 229665348 1543979 422941180
20 63 905743066 1543915 603038456 1543979 508781522
21 63 613816090 1543915 969451550 1543979 583267640
22 63 345552934 1543916 325005446 1543979 670558380
23 63 74206504 1543916 678914763 1543979 753121267
24 62 795114836 1543917 34598119 1543979 829712955
25 62 521410859 1543917 395692427 1543979 917103286
26 62 242261080 1543917 752053845 1543979 994314925
27 61 981738461 1543918 101572542 1543980 83311003
28 61 686987464 1543918 470775527 1543980 157762991
29 61 396282427 1543918 842625942 1543980 238908369
30 61 117661953 1543919 203119168 1543980 320781121
31 60 842704815 1543919 558917041 1543980 401621856
32 60 569070893 1543919 914567769 1543980 483638662
33 60 293902001 1543920 269944353 1543980 563846354
34 60 4057779 1543920 640127060 1543980 644184839
35 59 743372255 1543920 989397744 1543980 732769999
36 59 469879590 1543921 347182263 1543980 817061853
37 59 191856179 1543921 708471678 1543980 900327857
38 58 907060064 1543922 76368984 1543980 983429048
39 58 630895876 1543922 436164631 1543981 67060507
40 58 338043807 1543922 805261136 1543981 143304943
41 58 58249003 1543923 164450888 1543981 222699891
42 57 779449663 1543923 528623117 1543981 308072780
43 57 496586863 1543923 894929398 1543981 391516261
44 57 221258195 1543924 252068764 1543981 473326959
45 56 941379134 1543924 609148908 1543981 550528042
46 56 678171011 1543924 958807140 1543981 636978151
47 56 418765814 1543925 308968066 1543981 727733880
48 56 156104662 1543925 657976458 1543981 814081120
49 55 882027137 1543926 16321115 1543981 898348252
50 55 604690675 1543926 382177275 1543981 986867950
51 55 327793150 1543926 740056070 1543982 67849220
52 55 45603912 1543927 102980879 1543982 148584791
53 54 763257658 1543927 461143243 1543982 224400901
54 54 477274919 1543927 824601949 1543982 301876868
55 54 209220889 1543928 177404157 1543982 386625046
56 53 928398661 1543928 532628356 1543982 461027017
57 53 656145435 1543928 895155209 1543982 551300644
58 53 400309336 1543929 240565079 1543982 640874415
59 53 121946284 1543929 601770476 1543982 723716760
60 52 850375692 1543929 952987715 1543982 803363407
61 52 576996395 1543930 311570311 1543982 888566706
62 52 293922970 1543930 669421681 1543982 963344651
63 52 5355836 1543931 37893198 1543983 43249034
64 51 729689806 1543931 394954490 1543983 124644296
65 51 447045224 1543931 760071294 1543983 207116518
66 51 168709633 1543932 119119067 1543983 287828700
67 50 897521850 1543932 475383115 1543983 372904965
68 50 630137752 1543932 822750539 1543983 452888291
69 50 376709829 1543933 166315073 1543983 543024902
70 50 109507987 1543933 517183911 1543983 626691898
71 49 825036440 1543933 879593323 1543983 704629763
72 49 537168479 1543934 247940267 1543983 785108746
73 49 243896788 1543934 622917936 1543983 866814724
74 48 964030634 1543934 980637105 1543983 944667739
75 48 694144641 1543935 330718883 1543984 24863524
76 48 402905133 1543935 700280120 1543984 103185253
77 48 141578381 1543936 51565579 1543984 193143960
78 47 864974424 1543936 403329270 1543984 268303694
79 47 605567802 1543936 753634155 1543984 359201957
80 47 323956423 1543937 115573391 1543984 439529814
81 47 26320983 1543937 492729128 1543984 519050111
82 46 751421457 1543937 850474555 1543984 601896012
83 46 469468547 1543938 209141520 1543984 678610067
84 46 210346345 1543938 560217058 1543984 770563403
85 45 926923557 1543938 922785392 1543984 849708949
86 45 641777729 1543939 283625129 1543984 925402858
87 45 370244359 1543939 643068616 1543985 13312975
88 45 90692811 1543940 690175 1543985 91382986
89 44 808193246 1543940 359690948 1543985 167884194
90 44 541032402 1543940 712008814 1543985 253041216
91 44 262917771 1543941 70285286 1543985 333203057
92 43 993519934 1543941 425189768 1543985 418709702
93 43 698768069 1543941 797901221 1543985 496669290
94 43 435781146 1543942 150367027 1543985 586148173
95 43 152714776 1543942 506453820 1543985 659168596
96 42 864239827 1543942 881596392 1543985 745836219
97 42 585712574 1543943 245875600 1543985 831588174
98 42 304555316 1543943 606871446 1543985 911426762
99 42 38995683 1543943 959843521 1543985 998839204
100 41 756643060 1543944 333451530 1543986 90094590
101 41 476099531 1543944 690805057 1543986 166904588
102 41 194064494 1543945 52816217 1543986 246880711
103 40 923054281 1543945 413768045 1543986 336822326
104 40 637396537 1543945 777858423 1543986 415254960
105 40 376960824 1543946 130672426 1543986 507633250
106 40 95730697 1543946 487849901 1543986 583580598
107 39 828714703 1543946 840413428 1543986 669128131
108 39 551020767 1543947 192544797 1543986 743565564
109 39 284094087 1543947 537905296 1543986 821999383
110 39 4220027 1543947 892392897 1543986 896612924
111 38 725628072 1543948 254105136 1543986 979733208
112 38 435093922 1543948 622235010 1543987 57328932
113 38 159881364 1543948 979328005 1543987 139209369
114 37 887436735 1543949 336342131 1543987 223778866
115 37 617993159 1543949 687518740 1543987 305511899
116 37 338916972 1543950 54169865 1543987 393086837
117 37 61004078 1543950 416342743 1543987 477346821
118 36 782988463 1543950 776654306 1543987 559642769
119 36 513180080 1543951 126738917 1543987 639918997
120 36 224999125 1543951 486425084 1543987 711424209
121 35 959808448 1543951 838075258 1543987 797883706
122 35 682989810 1543952 201513964 1543987 884503774
123 35 404914530 1543952 558549034 1543987 963463564
124 35 147023768 1543952 904916532 1543988 51940300
125 34 870954320 1543953 264656253 1543988 135610573
126 34 593505695 1543953 628056108 1543988 221561803
127 34 323920566 1543953 979782354 1543988 303702920
128 34 48268814 1543954 336436746 1543988 384705560
1 68 437993197 1544300 497951180 1544368 935944377
2 68 176527825 1544300 842641832 1544369 19169657
3 67 904795245 1544301 187871398 1544369 92666643
4 67 646029118 1544301 525580814 1544369 171609932
5 67 397875914 1544301 862807240 1544369 260683154
6 67 135101327 1544302 212584367 1544369 347685694
7 66 832988538 1544302 592680648 1544369 425669186
8 66 579286053 1544302 928707319 1544369 507993372
9 66 309903464 1544303 276835478 1544369 586738942
10 66 25700699 1544303 635522692 1544369 661223391
11 65 757352868 1544303 983769830 1544369 741122698
12 65 491009220 1544304 332099930 1544369 823109150
13 65 216745040 1544304 686517578 1544369 903262618
14 64 945779834 1544305 32562925 1544369 978342759
15 64 673478449 1544305 382587937 1544370 56066386
16 64 402964346 1544305 738284245 1544370 141248591
17 64 141794746 1544306 76269804 1544370 218064550
18 63 863482571 1544306 438594614 1544370 302077185
19 63 596496139 1544306 785192933 1544370 381689072
20 63 316689048 1544307 145019310 1544370 461708358
21 63 42834583 1544307 507119087 1544370 549953670
22 62 767547812 1544307 860372406 1544370 627920218
23 62 504260068 1544308 205164778 1544370 709424846
24 62 241317726 1544308 545928523 1544370 787246249
25 61 962183955 1544308 907074708 1544370 869258663
26 61 694848382 1544309 254402883 1544370 949251265
27 61 436780870 1544309 595694952 1544371 32475822
28 61 165035457 1544309 946715240 1544371 111750697
29 60 899302446 1544310 297499736 1544371 196802182
30 60 632229553 1544310 648555875 1544371 280785428
31 60 374601256 1544310 983861189 1544371 358462445
32 60 96034789 1544311 341433851 1544371 437468640
33 59 828826658 1544311 687569826 1544371 516396484
34 59 558666992 1544312 38634057 1544371 597301049
35 59 295617355 1544312 382250729 1544371 677868084
36 59 32228761 1544312 726562888 1544371 758791649
37 58 761670492 1544313 74297980 1544371 835968472
38 58 492799948 1544313 423185402 1544371 915985350
39 58 226408487 1544313 772777977 1544371 999186464
40 57 960511757 1544314 118809306 1544372 79321063
41 57 696080295 1544314 462744138 1544372 158824433
42 57 400638654 1544314 832194755 1544372 232833409
43 57 135582259 1544315 179332174 1544372 314914433
44 56 863729312 1544315 536795911 1544372 400525223
45 56 588648389 1544315 883296138 1544372 471944527
46 56 307493398 1544316 248129659 1544372 555623057
47 56 29560382 1544316 604066611 1544372 633626993
48 55 746859828 1544316 967161407 1544372 714021235
49 55 481820878 1544317 320729257 1544372 802550135
50 55 195072903 1544317 681706037 1544372 876778940
51 54 922751890 1544318 34801081 1544372 957552971
52 54 639402219 1544318 396061171 1544373 35463390
53 54 387613531 1544318 742967928 1544373 130581459
54 54 102414007 1544319 105587195 1544373 208001202
55 53 814804567 1544319 469322256 1544373 284126823
56 53 553758836 1544319 807907247 1544373 361666083
57 53 285508781 1544320 157848315 1544373 443357096
58 53 23600530 1544320 503513169 1544373 527113699
59 52 731209978 1544320 869017733 1544373 600227711
60 52 463235381 1544321 217206242 1544373 680441623
61 52 196379373 1544321 571694778 1544373 768074151
62 51 921482539 1544321 926867282 1544373 848349821
63 51 638384938 1544322 287345739 1544373 925730677
64 51 362594511 1544322 652705416 1544374 15299927
65 51 76130030 1544323 25730353 1544374 101860383
66 50 792096317 1544323 391917255 1544374 184013572
67 50 500393030 1544323 766967430 1544374 267360460
68 50 221298852 1544324 128120874 1544374 349419726
69 49 953453641 1544324 473956354 1544374 427409995
70 49 674303279 1544324 831043858 1544374 505347137
71 49 418672313 1544325 168294190 1544374 586966503
72 49 136359326 1544325 528581058 1544374 664940384
73 48 873448409 1544325 873785847 1544374 747234256
74 48 585049058 1544326 243650993 1544374 828700051
75 48 307303984 1544326 602552239 1544374 909856223
76 48 22003184 1544326 962692147 1544374 984695331
77 47 754595817 1544327 311440719 1544375 66036536
78 47 484349005 1544327 662503321 1544375 146852326
79 47 209317840 1544328 13846510 1544375 223164350
80 46 931428138 1544328 374972380 1544375 306400518
81 46 648191595 1544328 738774736 1544375 386966331
82 46 369126583 1544329 99495151 1544375 468621734
83 46 89791743 1544329 455737504 1544375 545529247
84 45 819534949 1544329 804992604 1544375 624527553
85 45 540213256 1544330 157015298 1544375 697228554
86 45 286753674 1544330 496273147 1544375 783026821
87 44 993092222 1544330 865878649 1544375 858970871
88 44 717044411 1544331 223594789 1544375 940639200
89 44 447291719 1544331 573982885 1544376 21274604
90 44 179961683 1544331 928902283 1544376 108863966
91 43 916838288 1544332 274727208 1544376 191565496
92 43 628815671 1544332 638474694 1544376 267290365
93 43 348716790 1544332 998718266 1544376 347435056
94 43 72986528 1544333 346055996 1544376 419042524
95 42 814749928 1544333 683145108 1544376 497895036
96 42 558463141 1544334 18284870 1544376 576748011
97 42 268761872 1544334 383253758 1544376 652015630
98 41 993235698 1544334 739542185 1544376 732777883
99 41 727737535 1544335 85663419 1544376 813400954
100 41 435806828 1544335 456209477 1544376 892016305
101 41 141928972 1544335 823108328 1544376 965037300
102 40 889995602 1544336 161883908 1544377 51879510
103 40 618075785 1544336 512031342 1544377 130107127
104 40 334171958 1544336 879363074 1544377 213535032
105 40 41720539 1544337 253047256 1544377 294767795
106 39 749793034 1544337 622777627 1544377 372570661
107 39 467604379 1544337 988119915 1544377 455724294
108 39 174263791 1544338 364204459 1544377 538468250
109 38 910830809 1544338 712264452 1544377 623095261
110 38 633399598 1544339 76211842 1544377 709611440
111 38 348618771 1544339 438195973 1544377 786814744
112 38 80048000 1544339 789071819 1544377 869119819
113 37 811064183 1544340 135953575 1544377 947017758
114 37 534459178 1544340 493736621 1544378 28195799
115 37 257513644 1544340 851220172 1544378 108733816
116 36 974439524 1544341 211745017 1544378 186184541
117 36 711927007 1544341 556025064 1544378 267952071
118 36 438429479 1544341 907576712 1544378 346006191
119 36 155024495 1544342 269887096 1544378 424911591
120 35 881465895 1544342 629430367 1544378 510896262
121 35 614622831 1544342 974549732 1544378 589172563
122 35 354821225 1544343 318289012 1544378 673110237
123 35 89549650 1544343 665536428 1544378 755086078
124 34 821396019 1544344 21582081 1544378 842978100
125 34 550121616 1544344 377483163 1544378 927604779
126 34 262924983 1544344 739545756 1544379 2470739
127 33 977085194 1544345 102505646 1544379 79590840
128 33 705711848 1544345 454158884 1544379 159870732
