1 0 950045754 1639386 609739041 1639387 559784795
2 0 650828852 1639386 986071073 1639387 636899925
1 0 976771036 1639400 474393166 1639401 451164202
2 0 657281709 1639400 871607778 1639401 528889487
1 0 964453494 1639414 76535870 1639415 40989364
2 0 649197623 1639414 468839705 1639415 118037328
1 0 972446469 1639427 632883901 1639428 605330370
2 0 661277372 1639428 29016551 1639428 690293923
1 0 976760385 1639441 456116715 1639442 432877100
2 0 667071186 1639441 841600495 1639442 508671681
1 0 953131041 1639455 306698452 1639456 259829493
2 0 647702261 1639455 692712536 1639456 340414797
1 0 950775233 1639468 900159835 1639469 850935068
2 0 650765256 1639469 278208183 1639469 928973439
1 0 928258628 1639482 523302854 1639483 451561482
2 0 656702142 1639482 882447454 1639483 539149596
1 0 972259837 1639496 96963626 1639497 69223463
2 0 652525425 1639496 490896872 1639497 143422297
1 0 983718376 1639509 673473014 1639510 657191390
2 0 642079995 1639510 90272024 1639510 732352019
