1 1 909496232 1639523 259211823 1639525 168708055
2 1 601602853 1639523 640933691 1639525 242536544
3 1 319906970 1639524 2674980 1639525 322581950
4 1 6831726 1639524 395696058 1639525 402527784
1 1 846573903 1639538 248534774 1639540 95108677
2 1 558451032 1639538 613820403 1639540 172271435
3 1 272707301 1639538 981989957 1639540 254697258
4 0 994706866 1639539 343216737 1639540 337923603
1 1 869613476 1639553 289913766 1639555 159527242
2 1 563284586 1639553 677579056 1639555 240863642
3 1 279429133 1639554 46229583 1639555 325658716
4 1 7360399 1639554 403326294 1639555 410686693
1 1 877280568 1639568 323973716 1639570 201254284
2 1 576274890 1639568 703488663 1639570 279763553
3 1 282713291 1639569 77640435 1639570 360353726
4 0 988884865 1639569 449072796 1639570 437957661
1 1 879516004 1639583 391320179 1639585 270836183
2 1 572481461 1639583 779180428 1639585 351661889
3 1 288596363 1639584 142977620 1639585 431573983
4 0 981032033 1639584 522938410 1639585 503970443
1 1 879124380 1639598 704694602 1639600 583818982
2 1 583826464 1639599 81659282 1639600 665485746
3 1 299327599 1639599 450642819 1639600 749970418
4 0 999700451 1639599 822943737 1639600 822644188
1 1 893025685 1639614 48058619 1639615 941084304
2 1 571428757 1639614 442984175 1639616 14412932
3 1 267437581 1639614 826065182 1639616 93502763
4 0 987238782 1639615 185493199 1639616 172731981
1 1 861617195 1639629 333566382 1639631 195183577
2 1 567560218 1639629 704412105 1639631 271972323
3 1 282212129 1639630 76873816 1639631 359085945
4 0 985561221 1639630 449377081 1639631 434938302
1 1 892297289 1639644 651998425 1639646 544295714
2 1 605119773 1639645 20890815 1639646 626010588
3 1 296499632 1639645 406497365 1639646 702996997
4 0 999061127 1639645 779624359 1639646 778685486
1 1 873203377 1639659 995595453 1639661 868798830
2 1 570097000 1639660 375816384 1639661 945913384
3 1 286222513 1639660 733565284 1639662 19787797
4 1 743909 1639661 102006645 1639662 102750554
