1 4 452782762 1639675 69499208 1639679 522281970
2 4 139734095 1639675 463157048 1639679 602891143
3 3 852531339 1639675 833053640 1639679 685584979
4 3 537190327 1639676 228767236 1639679 765957563
5 3 245487677 1639676 595256949 1639679 840744626
6 2 948921416 1639676 968968208 1639679 917889624
7 2 668499418 1639677 326653461 1639679 995152879
8 2 366022789 1639677 702274665 1639680 68297454
1 3 632381139 1639714 834374550 1639718 466755689
2 3 354890289 1639715 188263116 1639718 543153405
3 3 65310135 1639715 552334004 1639718 617644139
4 2 785884915 1639715 910229197 1639718 696114112
5 2 507828929 1639716 269905077 1639718 777734006
6 2 214407144 1639716 640468638 1639718 854875782
7 1 927063669 1639717 6664541 1639718 933728210
8 1 653121140 1639717 366494400 1639719 19615540
1 4 430211198 1639752 728900502 1639757 159111700
2 4 139445604 1639753 99999477 1639757 239445081
3 3 842297225 1639753 477957043 1639757 320254268
4 3 556924732 1639753 846473604 1639757 403398336
5 3 261864664 1639754 221945218 1639757 483809882
6 2 958321446 1639754 602097778 1639757 560419224
7 2 665311228 1639754 976380562 1639757 641691790
8 2 374243714 1639755 354621585 1639757 728865299
1 3 689090572 1639792 589724131 1639796 278814703
2 3 400055372 1639792 953033088 1639796 353088460
3 3 97958385 1639793 331259037 1639796 429217422
4 2 816296839 1639793 696375885 1639796 512672724
5 2 514137113 1639794 77585702 1639796 591722815
6 2 224340019 1639794 443935694 1639796 668275713
7 1 939013285 1639794 807078062 1639796 746091347
8 1 651036193 1639795 177052188 1639796 828088381
1 4 412950478 1639830 808821323 1639835 221771801
2 4 116917265 1639831 181179439 1639835 298096704
3 3 842152975 1639831 544644190 1639835 386797165
4 3 565384965 1639831 906538933 1639835 471923898
5 3 254358354 1639832 297267881 1639835 551626235
6 2 974164668 1639832 662675428 1639835 636840096
7 2 663687955 1639833 55886809 1639835 719574764
8 2 370311505 1639833 425647198 1639835 795958703
1 3 663254484 1639870 708283379 1639874 371537863
2 3 358325034 1639871 90774430 1639874 449099464
3 3 65426483 1639871 457156475 1639874 522582958
4 2 783346501 1639871 812223201 1639874 595569702
5 2 500583810 1639872 169194539 1639874 669778349
6 2 208993863 1639872 538733709 1639874 747727572
7 1 919336527 1639872 903442657 1639874 822779184
8 1 643538314 1639873 259476716 1639874 903015030
1 3 670119255 1639908 875511569 1639912 545630824
2 3 360512507 1639909 269022703 1639912 629535210
3 3 69960058 1639909 632107423 1639912 702067481
4 2 782007208 1639909 999176677 1639912 781183885
5 2 492073527 1639910 363372393 1639912 855445920
6 2 220209607 1639910 712639305 1639912 932848912
7 1 921550482 1639911 89657293 1639913 11207775
8 1 634907089 1639911 449193525 1639913 84100614
1 3 654612938 1639946 861919836 1639950 516532774
2 3 359474689 1639947 229174327 1639950 588649016
3 3 78932178 1639947 592551152 1639950 671483330
4 2 807045390 1639947 947741893 1639950 754787283
5 2 536244211 1639948 305052019 1639950 841296230
6 2 229070879 1639948 680653294 1639950 909724173
7 1 955219814 1639949 36860497 1639950 992080311
8 1 667169262 1639949 412907652 1639951 80076914
1 3 662379746 1639985 50949939 1639988 713329685
2 3 350082681 1639985 439379003 1639988 789461684
3 3 65878500 1639985 798114991 1639988 863993491
4 2 783722854 1639986 158746960 1639988 942469814
5 2 503035013 1639986 513884369 1639989 16919382
6 2 213717450 1639986 876746851 1639989 90464301
7 1 910921571 1639987 258367750 1639989 169289321
8 1 625541302 1639987 618960887 1639989 244502189
1 3 664445352 1640023 59596136 1640026 724041488
2 3 391578657 1640023 421234049 1640026 812812706
3 3 83883002 1640023 799104557 1640026 882987559
4 2 815648719 1640024 147543390 1640026 963192109
5 2 514476198 1640024 522526806 1640027 37003004
6 2 235559842 1640024 883181126 1640027 118740968
7 1 941106617 1640025 252001531 1640027 193108148
8 1 645151071 1640025 622920561 1640027 268071632
