1 17 478690148 1640541 452435077 1640558 931125225
2 17 191851669 1640541 813364259 1640559 5215928
3 16 902464795 1640542 188551945 1640559 91016740
4 16 616851662 1640542 550723215 1640559 167574877
5 16 332921609 1640542 915647598 1640559 248569207
6 16 57464726 1640543 272919036 1640559 330383762
7 15 769036740 1640543 639227634 1640559 408264374
8 15 475570426 1640544 12760481 1640559 488330907
9 15 175747178 1640544 394220843 1640559 569968021
10 14 892803290 1640544 751257897 1640559 644061187
11 14 611919975 1640545 110551611 1640559 722471586
12 14 317033040 1640545 479853780 1640559 796886820
13 14 27912734 1640545 854979745 1640559 882892479
14 13 729815194 1640546 230588849 1640559 960404043
15 13 443637369 1640546 593773599 1640560 37410968
16 13 152201830 1640546 956791612 1640560 108993442
17 12 870962762 1640547 328069114 1640560 199031876
18 12 568749486 1640547 697112603 1640560 265862089
19 12 294897165 1640548 48603319 1640560 343500484
20 12 18414672 1640548 407472041 1640560 425886713
21 11 722345667 1640548 780422881 1640560 502768548
22 11 438732348 1640549 141625744 1640560 580358092
23 11 163611921 1640549 494577524 1640560 658189445
24 10 883914490 1640549 847872743 1640560 731787233
25 10 592344362 1640550 217171560 1640560 809515922
26 10 311651634 1640550 578676306 1640560 890327940
27 10 21898711 1640550 943955146 1640560 965853857
28 9 699838966 1640551 336688716 1640561 36527682
29 9 426911459 1640551 690800067 1640561 117711526
30 9 129835640 1640552 58025684 1640561 187861324
31 8 843216120 1640552 425803327 1640561 269019447
32 8 549341018 1640552 793630321 1640561 342971339
1 17 326077053 1640634 993912857 1640652 319989910
2 17 35348686 1640635 360179029 1640652 395527715
3 16 751674721 1640635 720695645 1640652 472370366
4 16 480662160 1640636 69406729 1640652 550068889
5 16 193208359 1640636 430868864 1640652 624077223
6 15 911203417 1640636 791626198 1640652 702829615
7 15 597655749 1640637 178376124 1640652 776031873
8 15 320681709 1640637 538336566 1640652 859018275
9 15 38721007 1640637 901922271 1640652 940643278
10 14 761366513 1640638 263554865 1640653 24921378
11 14 486135977 1640638 612984269 1640653 99120246
12 14 199091502 1640638 984045738 1640653 183137240
13 13 919388775 1640639 343350155 1640653 262738930
14 13 642917208 1640639 696572652 1640653 339489860
15 13 356946619 1640640 62839010 1640653 419785629
16 13 79699345 1640640 416823733 1640653 496523078
17 12 788988404 1640640 778922004 1640653 567910408
18 12 512052771 1640641 147930438 1640653 659983209
19 12 230065922 1640641 509468738 1640653 739534660
20 11 949760428 1640641 868435551 1640653 818195979
21 11 664788543 1640642 231963739 1640653 896752282
22 11 388551137 1640642 586659134 1640653 975210271
23 11 87805835 1640642 963143590 1640654 50949425
24 10 818534647 1640643 321003128 1640654 139537775
25 10 527695264 1640643 685185044 1640654 212880308
26 10 229962550 1640644 59705076 1640654 289667626
27 9 935901359 1640644 432674193 1640654 368575552
28 9 652318094 1640644 791970796 1640654 444288890
29 9 364057551 1640645 161406444 1640654 525463995
30 9 88779516 1640645 521218129 1640654 609997645
31 8 795930061 1640645 891542723 1640654 687472784
32 8 521875410 1640646 240891295 1640654 762766705
1 17 435513527 1640729 749555399 1640747 185068926
2 17 148805398 1640730 113280416 1640747 262085814
3 16 865423149 1640730 476511961 1640747 341935110
4 16 574440177 1640730 848291452 1640747 422731629
5 16 280765959 1640731 224556432 1640747 505322391
6 15 995486932 1640731 597403792 1640747 592890724
7 15 720285951 1640731 952052243 1640747 672338194
8 15 434469916 1640732 318849516 1640747 753319432
9 15 143692568 1640732 689545214 1640747 833237782
10 14 861054472 1640733 49117885 1640747 910172357
11 14 571653488 1640733 421254332 1640747 992907820
12 14 292775985 1640733 779510362 1640748 72286347
13 14 564518 1640734 152741085 1640748 153305603
14 13 713962534 1640734 519410620 1640748 233373154
15 13 432211384 1640734 880591889 1640748 312803273
16 13 148822487 1640735 240114895 1640748 388937382
17 12 854099326 1640735 612627632 1640748 466726958
18 12 578492872 1640735 970079955 1640748 548572827
19 12 294238808 1640736 328016490 1640748 622255298
20 12 2275150 1640736 699639318 1640748 701914468
21 11 716147361 1640737 66197411 1640748 782344772
22 11 436013346 1640737 426503105 1640748 862516451
23 11 145283424 1640737 792177529 1640748 937460953
24 10 858976954 1640738 158877377 1640749 17854331
25 10 567981777 1640738 522568025 1640749 90549802
26 10 293850647 1640738 878379046 1640749 172229693
27 10 4934523 1640739 248623123 1640749 253557646
28 9 719951638 1640739 605915838 1640749 325867476
29 9 425237330 1640739 973885236 1640749 399122566
30 9 137579867 1640740 339695528 1640749 477275395
31 8 860193577 1640740 702348991 1640749 562542568
32 8 585710008 1640741 55264365 1640749 640974373
1 17 524977147 1640825 97039524 1640842 622016671
2 17 212711639 1640825 487511878 1640842 700223517
3 16 940522101 1640825 842521155 1640842 783043256
4 16 655086410 1640826 202177269 1640842 857263679
5 16 363903367 1640826 577422731 1640842 941326098
6 16 75194610 1640826 945700808 1640843 20895418
7 15 805363268 1640827 297358983 1640843 102722251
8 15 508127952 1640827 674382855 1640843 182510807
9 15 219994536 1640828 42832688 1640843 262827224
10 14 936583529 1640828 406299247 1640843 342882776
11 14 665492543 1640828 760846793 1640843 426339336
12 14 383245458 1640829 120600775 1640843 503846233
13 14 101339625 1640829 480344702 1640843 581684327
14 13 814253096 1640829 842658524 1640843 656911620
15 13 523490471 1640830 212256872 1640843 735747343
16 13 235881192 1640830 584866403 1640843 820747595
17 12 945653076 1640830 952202924 1640843 897856000
18 12 663173569 1640831 306279942 1640843 969453511
19 12 378710137 1640831 672380117 1640844 51090254
20 12 92623330 1640832 40230313 1640844 132853643
21 11 811185396 1640832 395384958 1640844 206570354
22 11 512100968 1640832 770839638 1640844 282940606
23 11 230062619 1640833 132047500 1640844 362110119
24 10 947789886 1640833 496217397 1640844 444007283
25 10 668346302 1640833 852449299 1640844 520795601
26 10 382676969 1640834 215278388 1640844 597955357
27 10 86203490 1640834 593500645 1640844 679704135
28 9 798761782 1640834 964305155 1640844 763066937
29 9 507771902 1640835 331821562 1640844 839593464
30 9 209048264 1640835 709270611 1640844 918318875
31 8 918408766 1640836 77222250 1640844 995631016
32 8 635006018 1640836 449610248 1640845 84616266
1 17 625244782 1640919 627554974 1640937 252799756
2 17 323046711 1640920 3359147 1640937 326405858
3 17 31220032 1640920 379541276 1640937 410761308
4 16 747950004 1640920 749695224 1640937 497645228
5 16 473307125 1640921 102678262 1640937 575985387
6 16 181457687 1640921 473345608 1640937 654803295
7 15 881211522 1640921 844958529 1640937 726170051
8 15 603908120 1640922 203234521 1640937 807142641
9 15 312578320 1640922 578350800 1640937 890929120
10 15 16241747 1640922 950529376 1640937 966771123
11 14 721947635 1640923 322312904 1640938 44260539
12 14 423621341 1640923 699675936 1640938 123297277
13 14 142264646 1640924 65108327 1640938 207372973
14 13 862859339 1640924 425920289 1640938 288779628
15 13 565317845 1640924 798107698 1640938 363425543
16 13 290033607 1640925 165295945 1640938 455329552
17 12 992094101 1640925 532615726 1640938 524709827
18 12 693170782 1640925 912787740 1640938 605958522
19 12 413949582 1640926 278868527 1640938 692818109
20 12 124341380 1640926 648787035 1640938 773128415
21 11 834456942 1640927 18370050 1640938 852826992
22 11 553516350 1640927 378736761 1640938 932253111
23 11 261271124 1640927 742945343 1640939 4216467
24 10 977704268 1640928 107290329 1640939 84994597
25 10 706024961 1640928 459092853 1640939 165117814
26 10 399100795 1640928 841563268 1640939 240664063
27 10 107764163 1640929 223621302 1640939 331385465
28 9 811932006 1640929 596005837 1640939 407937843
29 9 527568110 1640929 964707036 1640939 492275146
30 9 236435954 1640930 333798672 1640939 570234626
31 8 941763164 1640930 711160685 1640939 652923849
32 8 641020527 1640931 83624071 1640939 724644598
1 17 525131055 1641013 764796619 1641031 289927674
2 17 233192933 1641014 134801034 1641031 367993967
3 16 948025943 1641014 497778527 1641031 445804470
4 16 659580717 1641014 863840518 1641031 523421235
5 16 387340606 1641015 220198676 1641031 607539282
6 16 83499751 1641015 594363473 1641031 677863224
7 15 793272412 1641015 964047153 1641031 757319565
8 15 515651608 1641016 327154663 1641031 842806271
9 15 237276875 1641016 683796482 1641031 921073357
10 14 946386086 1641017 50654605 1641031 997040691
11 14 655386114 1641017 415182717 1641032 70568831
12 14 383763769 1641017 783953970 1641032 167717739
13 14 78905138 1641018 166416681 1641032 245321819
14 13 782189831 1641018 539557461 1641032 321747292
15 13 497931211 1641018 911793721 1641032 409724932
16 13 205134495 1641019 281539696 1641032 486674191
17 12 910030806 1641019 653452888 1641032 563483694
18 12 615755786 1641020 22949979 1641032 638705765
19 12 334369092 1641020 383156952 1641032 717526044
20 12 37834393 1641020 759755591 1641032 797589984
21 11 751474387 1641021 119469018 1641032 870943405
22 11 465178139 1641021 496707108 1641032 961885247
23 11 179113405 1641021 860559659 1641033 39673064
24 10 900437584 1641022 217954224 1641033 118391808
25 10 609948047 1641022 587917898 1641033 197865945
26 10 309694790 1641022 962098620 1641033 271793410
27 10 30735086 1641023 323229298 1641033 353964384
28 9 746661906 1641023 696817125 1641033 443479031
29 9 441287526 1641024 73064271 1641033 514351797
30 9 155024870 1641024 439327535 1641033 594352405
31 8 873875561 1641024 795963502 1641033 669839063
32 8 595702693 1641025 155957017 1641033 751659710
1 17 501458005 1641107 606954004 1641125 108412009
2 17 204608460 1641107 984968338 1641125 189576798
3 16 914479341 1641108 344062907 1641125 258542248
4 16 638129754 1641108 702632152 1641125 340761906
5 16 358714911 1641109 60601964 1641125 419316875
6 16 59338545 1641109 434026683 1641125 493365228
7 15 780229158 1641109 794804923 1641125 575034081
8 15 481852124 1641110 169286751 1641125 651138875
9 15 194791207 1641110 537217019 1641125 732008226
10 14 916888464 1641110 895877893 1641125 812766357
11 14 631912672 1641111 263088398 1641125 895001070
12 14 349248058 1641111 620942120 1641125 970190178
13 14 58537969 1641111 989213493 1641126 47751462
14 13 783642410 1641112 343783500 1641126 127425910
15 13 497292940 1641112 708849158 1641126 206142098
16 13 190015616 1641113 89285167 1641126 279300783
17 12 916932428 1641113 444720547 1641126 361652975
18 12 635404348 1641113 802651008 1641126 438055356
19 12 340059330 1641114 182385494 1641126 522444824
20 12 54254072 1641114 546798498 1641126 601052570
21 11 768799290 1641114 908207670 1641126 677006960
22 11 485888866 1641115 269129888 1641126 755018754
23 11 201760576 1641115 631509931 1641126 833270507
24 10 912937174 1641115 999323146 1641126 912260320
25 10 624063531 1641116 377280981 1641127 1344512
26 10 342554525 1641116 736060148 1641127 78614673
27 10 54106504 1641117 108751325 1641127 162857829
28 9 776407664 1641117 476771963 1641127 253179627
29 9 506193533 1641117 830883831 1641127 337077364
30 9 209759406 1641118 203712265 1641127 413471671
31 8 917247741 1641118 578056836 1641127 495304577
32 8 624575153 1641118 946640333 1641127 571215486
1 17 481112077 1641201 947163309 1641219 428275386
2 17 193043474 1641202 313150708 1641219 506194182
3 16 912395525 1641202 676764282 1641219 589159807
4 16 626317403 1641203 38986235 1641219 665303638
5 16 354987238 1641203 393659036 1641219 748646274
6 16 70537436 1641203 752705328 1641219 823242764
7 15 792248849 1641204 109580976 1641219 901829825
8 15 493497545 1641204 486681105 1641219 980178650
9 15 205850415 1641204 848607379 1641220 54457794
10 14 905887116 1641205 228473362 1641220 134360478
11 14 621235559 1641205 592419911 1641220 213655470
12 14 338019826 1641205 953705030 1641220 291724856
13 14 40473758 1641206 325094880 1641220 365568638
14 13 743155907 1641206 699762612 1641220 442918519
15 13 451493245 1641207 70834079 1641220 522327324
16 13 171940830 1641207 435572447 1641220 607513277
17 12 884698360 1641207 798351444 1641220 683049804
18 12 589396322 1641208 171598870 1641220 760995192
19 12 294752124 1641208 546777925 1641220 841530049
20 12 9661891 1641208 904918363 1641220 914580254
21 11 743005525 1641209 262832769 1641221 5838294
22 11 460522129 1641209 619963728 1641221 80485857
23 11 175250269 1641209 984202104 1641221 159452373
24 10 872034681 1641210 360689097 1641221 232723778
25 10 595934273 1641210 717877832 1641221 313812105
26 10 321323209 1641211 72819443 1641221 394142652
27 10 24566421 1641211 447096868 1641221 471663289
28 9 753997167 1641211 802366417 1641221 556363584
29 9 443611124 1641212 189230599 1641221 632841723
30 9 161098636 1641212 549682938 1641221 710781574
31 8 866150481 1641212 926814863 1641221 792965344
32 8 574542799 1641213 297766295 1641221 872309094
1 17 634276587 1641297 542259970 1641315 176536557
2 17 318225246 1641297 933826005 1641315 252051251
3 17 39644534 1641298 291041851 1641315 330686385
4 16 747455530 1641298 672776039 1641315 420231569
5 16 462259132 1641299 36174931 1641315 498434063
6 16 174569300 1641299 399673119 1641315 574242419
7 15 898508337 1641299 758007868 1641315 656516205
8 15 607207778 1641300 125635365 1641315 732843143
9 15 333389624 1641300 485984798 1641315 819374422
10 15 50347536 1641300 843677060 1641315 894024596
11 14 734655187 1641301 226163252 1641315 960818439
12 14 467196855 1641301 587773198 1641316 54970053
13 14 171886781 1641301 957506543 1641316 129393324
14 13 889205611 1641302 320671367 1641316 209876978
15 13 602884734 1641302 681756582 1641316 284641316
16 13 301456852 1641303 62566658 1641316 364023510
17 13 22508945 1641303 423593282 1641316 446102227
18 12 723889379 1641303 798971277 1641316 522860656
19 12 433455748 1641304 178947499 1641316 612403247
20 12 138043084 1641304 556310086 1641316 694353170
21 11 848230570 1641304 910478694 1641316 758709264
22 11 573083904 1641305 281719103 1641316 854803007
23 11 272651317 1641305 660529014 1641316 933180331
24 10 979547756 1641306 34810938 1641317 14358694
25 10 695029160 1641306 401003888 1641317 96033048
26 10 389406951 1641306 778600730 1641317 168007681
27 10 99356590 1641307 150922766 1641317 250279356
28 9 797629065 1641307 530885729 1641317 328514794
29 9 507249582 1641307 912115778 1641317 419365360
30 9 219623379 1641308 276653760 1641317 496277139
31 8 926533280 1641308 651541839 1641317 578075119
32 8 639810540 1641309 18596792 1641317 658407332
1 17 490845086 1641391 972044284 1641409 462889370
2 17 177138125 1641392 366290565 1641409 543428690
3 16 883233765 1641392 742549247 1641409 625783012
4 16 607701366 1641393 96938313 1641409 704639679
5 16 338585398 1641393 452072532 1641409 790657930
6 16 47354190 1641393 810222563 1641409 857576753
7 15 755827377 1641394 188407078 1641409 944234455
8 15 475056430 1641394 557863281 1641410 32919711
9 15 196178873 1641394 912499268 1641410 108678141
10 14 910237711 1641395 277342615 1641410 187580326
11 14 613126061 1641395 652828015 1641410 265954076
12 14 337220502 1641396 12696717 1641410 349917219
13 14 48106013 1641396 379877333 1641410 427983346
14 13 766227920 1641396 738221509 1641410 504449429
15 13 472145101 1641397 106640694 1641410 578785795
16 13 189394007 1641397 468275621 1641410 657669628
17 12 901455754 1641397 840145184 1641410 741600938
18 12 620565199 1641398 202861627 1641410 823426826
19 12 331036847 1641398 568144779 1641410 899181626
20 12 34695182 1641398 944605606 1641410 979300788
21 11 743383364 1641399 317028473 1641411 60411837
22 11 454471870 1641399 682875560 1641411 137347430
23 11 169497986 1641400 45772370 1641411 215270356
24 10 876381259 1641400 411817119 1641411 288198378
25 10 584760892 1641400 782655072 1641411 367415964
26 10 296067524 1641401 150901427 1641411 446968951
27 10 26177757 1641401 503790911 1641411 529968668
28 9 733117898 1641401 874074079 1641411 607191977
29 9 450412248 1641402 233219406 1641411 683631654
30 9 167883891 1641402 598987679 1641411 766871570
31 8 877306152 1641402 973677706 1641411 850983858
32 8 589228253 1641403 333004696 1641411 922232949
