1 0 297843315 5718062 485889735 5718062 783733050
1 0 287890851 5718069 822399811 5718070 110290662
1 0 283088199 5718077 199691538 5718077 482779737
1 0 270722706 5718084 582820750 5718084 853543456
1 0 274036718 5718091 952027479 5718092 226064197
1 0 298158457 5718099 319125969 5718099 617284426
1 0 289657540 5718106 829742856 5718107 119400396
1 0 289572079 5718114 181327226 5718114 470899305
1 0 280716354 5718121 702501824 5718121 983218178
1 0 289611448 5718129 195167692 5718129 484779140
1 0 297189308 5718136 565729173 5718136 862918481
1 0 294954053 5718144 95009029 5718144 389963082
1 0 302670614 5718151 385656417 5718151 688327031
1 0 269593690 5718158 695717520 5718158 965311210
1 0 315799259 5718166 205507274 5718166 521306533
1 0 299625392 5718173 696831759 5718173 996457151
1 0 296860703 5718181 241674715 5718181 538535418
1 0 262121958 5718188 802262527 5718189 64384485
1 0 284376972 5718196 295343738 5718196 579720710
1 0 303872518 5718203 845435634 5718204 149308152
1 0 264753964 5718211 222830249 5718211 487584213
1 0 304349879 5718218 486565006 5718218 790914885
1 0 290756187 5718226 32230447 5718226 322986634
1 0 298671225 5718233 342621988 5718233 641293213
1 0 285452878 5718240 685503705 5718240 970956583
1 0 293421878 5718248 19148834 5718248 312570712
1 0 297372897 5718255 366932386 5718255 664305283
1 0 297062514 5718262 755616125 5718263 52678639
1 0 300484673 5718270 86416195 5718270 386900868
1 0 283855778 5718277 448791773 5718277 732647551
