1 9 9651391 5719350 543397582 5719359 553048973
2 8 866494023 5719350 733055905 5719359 599549928
3 8 734416500 5719350 909422313 5719359 643838813
4 8 616410027 5719351 72513435 5719359 688923462
5 8 506606232 5719351 234843145 5719359 741449377
6 8 388879141 5719351 401352962 5719359 790232103
7 8 262529788 5719351 569332269 5719359 831862057
8 8 139767313 5719351 733044286 5719359 872811599
9 8 26420528 5719351 892751713 5719359 919172241
10 7 921258682 5719352 46829579 5719359 968088261
11 7 805864548 5719352 207906091 5719360 13770639
12 7 699372580 5719352 364362634 5719360 63735214
13 7 575264666 5719352 533190555 5719360 108455221
14 7 460341171 5719352 696670577 5719360 157011748
15 7 340154942 5719352 862900195 5719360 203055137
16 7 212771368 5719353 34221606 5719360 246992974
17 7 104687225 5719353 192339507 5719360 297026732
18 6 990393904 5719353 350210746 5719360 340604650
19 6 876663960 5719353 515877801 5719360 392541761
20 6 760256548 5719353 679563301 5719360 439819849
21 6 635179189 5719353 843740199 5719360 478919388
22 6 522636002 5719354 4298868 5719360 526934870
23 6 413240291 5719354 166456064 5719360 579696355
24 6 313958241 5719354 322620539 5719360 636578780
25 6 204355701 5719354 475782015 5719360 680137716
26 6 91917363 5719354 647748414 5719360 739665777
27 5 995457075 5719354 804694152 5719360 800151227
28 5 863630954 5719354 983982987 5719360 847613941
29 5 770822394 5719355 149593913 5719360 920416307
30 5 659707531 5719355 310968604 5719360 970676135
31 5 529016797 5719355 492994998 5719361 22011795
32 5 432697987 5719355 649583447 5719361 82281434
1 8 988989853 5719372 185726118 5719381 174715971
2 8 852301193 5719372 374392907 5719381 226694100
3 8 740678062 5719372 533961300 5719381 274639362
4 8 621926341 5719372 701053182 5719381 322979523
5 8 505957328 5719372 862513632 5719381 368470960
6 8 400332397 5719373 20195173 5719381 420527570
7 8 288016352 5719373 179289371 5719381 467305723
8 8 167967452 5719373 344521529 5719381 512488981
9 8 46321436 5719373 512789406 5719381 559110842
10 7 935193702 5719373 670176822 5719381 605370524
11 7 812085897 5719373 834791658 5719381 646877555
12 7 680035391 5719374 14174326 5719381 694209717
13 7 562411075 5719374 176954881 5719381 739365956
14 7 455488058 5719374 333275688 5719381 788763746
15 7 340387214 5719374 494105798 5719381 834493012
16 7 218672123 5719374 663120792 5719381 881792915
17 7 107134249 5719374 823313025 5719381 930447274
18 6 985150090 5719374 987781734 5719381 972931824
19 6 870775972 5719375 149698713 5719382 20474685
20 6 753538927 5719375 311597878 5719382 65136805
21 6 640353324 5719375 471953757 5719382 112307081
22 6 524673231 5719375 634798348 5719382 159471579
23 6 401785756 5719375 802667955 5719382 204453711
24 6 302570852 5719375 960520234 5719382 263091086
25 6 192771759 5719376 114737358 5719382 307509117
26 6 77640360 5719376 276489766 5719382 354130126
27 5 981543359 5719376 434601299 5719382 416144658
28 5 859990840 5719376 602050063 5719382 462040903
29 5 748301987 5719376 766305164 5719382 514607151
30 5 651661238 5719376 927076369 5719382 578737607
31 5 543743183 5719377 88193530 5719382 631936713
32 5 434506783 5719377 248119473 5719382 682626256
1 9 31557579 5719393 835674519 5719402 867232098
2 8 890136767 5719394 19132889 5719402 909269656
3 8 766399548 5719394 187922092 5719402 954321640
4 8 651715935 5719394 350636335 5719403 2352270
5 8 539813436 5719394 504657076 5719403 44470512
6 8 422531502 5719394 669423947 5719403 91955449
7 8 306633357 5719394 831307706 5719403 137941063
8 8 200733616 5719394 989073505 5719403 189807121
9 8 71574925 5719395 156376921 5719403 227951846
10 7 958255804 5719395 323833075 5719403 282088879
11 7 844807835 5719395 479091885 5719403 323899720
12 7 723318314 5719395 642264823 5719403 365583137
13 7 612367408 5719395 805985862 5719403 418353270
14 7 491121234 5719395 971669272 5719403 462790506
15 7 375481862 5719396 130435330 5719403 505917192
16 7 260845730 5719396 291862357 5719403 552708087
17 7 154719844 5719396 446553363 5719403 601273207
18 7 25850462 5719396 617370472 5719403 643220934
19 6 899723991 5719396 789382910 5719403 689106901
20 6 790230854 5719396 950874103 5719403 741104957
21 6 669527429 5719397 122473234 5719403 792000663
22 6 555069478 5719397 284663580 5719403 839733058
23 6 449199051 5719397 451108642 5719403 900307693
24 6 336567381 5719397 612138565 5719403 948705946
25 6 229031837 5719397 776194561 5719404 5226398
26 6 118620069 5719397 941934951 5719404 60555020
27 6 8795383 5719398 109786616 5719404 118581999
28 5 907560684 5719398 271635431 5719404 179196115
29 5 797375930 5719398 441332876 5719404 238708806
30 5 685305583 5719398 606558350 5719404 291863933
31 5 597139821 5719398 759211006 5719404 356350827
32 5 482920496 5719398 921262743 5719404 404183239
1 9 74211356 5719415 487263741 5719424 561475097
2 8 927451681 5719415 681764719 5719424 609216400
3 8 810323206 5719415 842288375 5719424 652611581
4 8 699881809 5719416 2904141 5719424 702785950
5 8 582907034 5719416 169893046 5719424 752800080
6 8 470552469 5719416 332407239 5719424 802959708
7 8 344722418 5719416 499457309 5719424 844179727
8 8 233296891 5719416 664504491 5719424 897801382
9 8 109997476 5719416 832384972 5719424 942382448
10 8 1651817 5719416 991048460 5719424 992700277
11 7 888592025 5719417 152547431 5719425 41139456
12 7 763325722 5719417 314312786 5719425 77638508
13 7 658239630 5719417 473338212 5719425 131577842
14 7 541432298 5719417 642544519 5719425 183976817
15 7 424305841 5719417 804535537 5719425 228841378
16 7 318029957 5719417 959769275 5719425 277799232
17 7 189455513 5719418 133223224 5719425 322678737
18 7 81611715 5719418 291925730 5719425 373537445
19 6 970782120 5719418 444446038 5719425 415228158
20 6 846191064 5719418 621522160 5719425 467713224
21 6 728559080 5719418 791633061 5719425 520192141
22 6 622048312 5719418 954797168 5719425 576845480
23 6 508805263 5719419 112026924 5719425 620832187
24 6 400416363 5719419 274887759 5719425 675304122
25 6 301212476 5719419 431759040 5719425 732971516
26 6 187938355 5719419 602669000 5719425 790607355
27 6 84877243 5719419 763891903 5719425 848769146
28 5 956272392 5719419 942562680 5719425 898835072
29 5 847782736 5719420 102596179 5719425 950378915
30 5 758620584 5719420 259136097 5719426 17756681
31 5 652413514 5719420 417413777 5719426 69827291
32 5 551337051 5719420 583757287 5719426 135094338
1 8 999560825 5719437 196121188 5719446 195682013
2 8 847863131 5719437 393457151 5719446 241320282
3 8 731699951 5719437 560651628 5719446 292351579
4 8 619564381 5719437 721257043 5719446 340821424
5 8 498815121 5719437 883576556 5719446 382391677
6 8 374021438 5719438 52221839 5719446 426243277
7 8 262582151 5719438 212977844 5719446 475559995
8 8 150572985 5719438 373178601 5719446 523751586
9 8 35474897 5719438 534190786 5719446 569665683
10 7 916175091 5719438 701304857 5719446 617479948
11 7 798668400 5719438 863591815 5719446 662260215
12 7 691206908 5719439 20320915 5719446 711527823
13 7 571131988 5719439 184642575 5719446 755774563
14 7 463096433 5719439 339373175 5719446 802469608
15 7 353921844 5719439 501871648 5719446 855793492
16 7 236051807 5719439 662066590 5719446 898118397
17 7 106179220 5719439 835765166 5719446 941944386
18 6 999127850 5719439 993140568 5719446 992268418
19 6 888822875 5719440 153924481 5719447 42747356
20 6 777636194 5719440 306914003 5719447 84550197
21 6 663062651 5719440 470554824 5719447 133617475
22 6 541973823 5719440 641575433 5719447 183549256
23 6 441209372 5719440 799715784 5719447 240925156
24 6 325871214 5719440 955007077 5719447 280878291
25 6 221674864 5719441 116170335 5719447 337845199
26 6 114839953 5719441 280305665 5719447 395145618
27 6 18069093 5719441 434615829 5719447 452684922
28 5 893201504 5719441 602584254 5719447 495785758
29 5 805975019 5719441 757275226 5719447 563250245
30 5 689230720 5719441 926715568 5719447 615946288
31 5 579653454 5719442 85805827 5719447 665459281
32 5 473697303 5719442 242326783 5719447 716024086
1 9 42316058 5719458 955348318 5719467 997664376
2 8 884410646 5719459 161024089 5719468 45434735
3 8 772892359 5719459 327100088 5719468 99992447
4 8 645699275 5719459 491078460 5719468 136777735
5 8 533083362 5719459 653101757 5719468 186185119
6 8 423025140 5719459 810642380 5719468 233667520
7 8 308254989 5719459 972113466 5719468 280368455
8 8 196560113 5719460 127578980 5719468 324139093
9 8 74605560 5719460 292861975 5719468 367467535
10 7 956417585 5719460 458199673 5719468 414617258
11 7 850267845 5719460 612872313 5719468 463140158
12 7 731146035 5719460 781562744 5719468 512708779
13 7 606463608 5719460 951806424 5719468 558270032
14 7 496337573 5719461 109499822 5719468 605837395
15 7 380518293 5719461 281219566 5719468 661737859
16 7 270287186 5719461 436931964 5719468 707219150
17 7 150595794 5719461 602406586 5719468 753002380
18 7 40285707 5719461 757005190 5719468 797290897
19 6 928982416 5719461 922706974 5719468 851689390
20 6 812243710 5719462 88779788 5719468 901023498
21 6 695612983 5719462 242906438 5719468 938519421
22 6 573152254 5719462 408118972 5719468 981271226
23 6 478529352 5719462 568943182 5719469 47472534
24 6 359560688 5719462 737696093 5719469 97256781
25 6 255326819 5719462 902183845 5719469 157510664
26 6 149300669 5719463 67278159 5719469 216578828
27 6 44658365 5719463 224851262 5719469 269509627
28 5 957480396 5719463 382804415 5719469 340284811
29 5 834177906 5719463 546166595 5719469 380344501
30 5 718160908 5719463 716568586 5719469 434729494
31 5 620335474 5719463 882644456 5719469 502979930
32 5 502679025 5719464 42769160 5719469 545448185
1 9 109220315 5719480 727366332 5719489 836586647
2 8 952811614 5719480 935367042 5719489 888178656
3 8 846343398 5719481 94336528 5719489 940679926
4 8 728670042 5719481 253959261 5719489 982629303
5 8 612895483 5719481 422358625 5719490 35254108
6 8 501805520 5719481 583238094 5719490 85043614
7 8 383753764 5719481 747147931 5719490 130901695
8 8 260446994 5719481 912848328 5719490 173295322
9 8 132617403 5719482 88324077 5719490 220941480
10 8 12420039 5719482 257324818 5719490 269744857
11 7 895853161 5719482 423303765 5719490 319156926
12 7 773607168 5719482 588797017 5719490 362404185
13 7 661219786 5719482 747199625 5719490 408419411
14 7 540009347 5719482 915361901 5719490 455371248
15 7 420274326 5719483 82735803 5719490 503010129
16 7 303081386 5719483 246565790 5719490 549647176
17 7 186867335 5719483 411925841 5719490 598793176
18 7 77731595 5719483 568426318 5719490 646157913
19 6 951396642 5719483 740178693 5719490 691575335
20 6 842246514 5719483 899566801 5719490 741813315
21 6 728146034 5719484 68879500 5719490 797025534
22 6 610652360 5719484 238000887 5719490 848653247
23 6 507437786 5719484 395168481 5719490 902606267
24 6 416664033 5719484 553806752 5719490 970470785
25 6 310515015 5719484 712178731 5719491 22693746
26 6 206267998 5719484 871541024 5719491 77809022
27 6 98564175 5719485 43354343 5719491 141918518
28 5 968174688 5719485 212759688 5719491 180934376
29 5 855905006 5719485 376440197 5719491 232345203
30 5 751979613 5719485 543229276 5719491 295208889
31 5 656584318 5719485 695406520 5719491 351990838
32 5 552455595 5719485 859717295 5719491 412172890
1 9 151064449 5719502 585699246 5719511 736763695
2 8 990383809 5719502 797025895 5719511 787409704
3 8 872685396 5719502 960703016 5719511 833388412
4 8 749980818 5719503 127955329 5719511 877936147
5 8 626035376 5719503 292049423 5719511 918084799
6 8 512191187 5719503 461488009 5719511 973679196
7 8 394344147 5719503 626236277 5719512 20580424
8 8 279991245 5719503 789499554 5719512 69490799
9 8 179788337 5719503 939578708 5719512 119367045
10 8 55297607 5719504 113559395 5719512 168857002
11 7 940880504 5719504 270568789 5719512 211449293
12 7 816919968 5719504 436894157 5719512 253814125
13 7 706104721 5719504 594212731 5719512 300317452
14 7 568240170 5719504 777892475 5719512 346132645
15 7 456373093 5719504 938911627 5719512 395284720
16 7 345998560 5719505 102750134 5719512 448748694
17 7 221133634 5719505 272032279 5719512 493165913
18 7 105220022 5719505 436936821 5719512 542156843
19 6 971936661 5719505 610649605 5719512 582586266
20 6 872872324 5719505 767931291 5719512 640803615
21 6 783167958 5719505 919519399 5719512 702687357
22 6 661851150 5719506 91358496 5719512 753209646
23 6 557091364 5719506 259691455 5719512 816782819
24 6 435765112 5719506 422258153 5719512 858023265
25 6 330573353 5719506 590585112 5719512 921158465
26 6 215424188 5719506 762546170 5719512 977970358
27 6 99384651 5719506 918198572 5719513 17583223
28 5 989564053 5719507 81532588 5719513 71096641
29 5 893280923 5719507 247733476 5719513 141014399
30 5 784914611 5719507 404633892 5719513 189548503
31 5 662969445 5719507 580084495 5719513 243053940
32 5 570147786 5719507 743281514 5719513 313429300
1 9 41840184 5719524 285667901 5719533 327508085
2 8 894749454 5719524 477983632 5719533 372733086
3 8 777504327 5719524 638797586 5719533 416301913
4 8 650419350 5719524 818229800 5719533 468649150
5 8 531674957 5719524 979420913 5719533 511095870
6 8 416127965 5719525 142492732 5719533 558620697
7 8 300952060 5719525 302762029 5719533 603714089
8 8 186135907 5719525 466516909 5719533 652652816
9 8 72240736 5719525 622105184 5719533 694345920
10 7 959268660 5719525 783357981 5719533 742626641
11 7 847777963 5719525 942160269 5719533 789938232
12 7 731748647 5719526 102907391 5719533 834656038
13 7 618820273 5719526 262816640 5719533 881636913
14 7 508008415 5719526 421258027 5719533 929266442
15 7 381643831 5719526 592612653 5719533 974256484
16 7 265387224 5719526 752194019 5719534 17581243
17 7 149523924 5719526 923386425 5719534 72910349
18 7 47645212 5719527 85460726 5719534 133105938
19 6 933472881 5719527 247457250 5719534 180930131
20 6 818767152 5719527 408662363 5719534 227429515
21 6 713511614 5719527 566736406 5719534 280248020
22 6 614194355 5719527 720205239 5719534 334399594
23 6 500572809 5719527 878900881 5719534 379473690
24 6 385886265 5719528 43881015 5719534 429767280
25 6 292393858 5719528 202690174 5719534 495084032
26 6 174424209 5719528 363504905 5719534 537929114
27 6 61169156 5719528 534647072 5719534 595816228
28 5 956500849 5719528 697450563 5719534 653951412
29 5 852916540 5719528 853140298 5719534 706056838
30 5 736163886 5719529 17125989 5719534 753289875
31 5 627822593 5719529 180162901 5719534 807985494
32 5 522882291 5719529 348474010 5719534 871356301
1 9 17804959 5719545 955910293 5719554 973715252
2 8 874106090 5719546 150125526 5719555 24231616
3 8 758863907 5719546 311373399 5719555 70237306
4 8 644613817 5719546 469600847 5719555 114214664
5 8 526123751 5719546 636468151 5719555 162591902
6 8 422549200 5719546 789437068 5719555 211986268
7 8 304891988 5719546 952957565 5719555 257849553
8 8 191550733 5719547 114437118 5719555 305987851
9 8 76157386 5719547 273622289 5719555 349779675
10 7 963823427 5719547 431208934 5719555 395032361
11 7 838584413 5719547 600325826 5719555 438910239
12 7 717567450 5719547 764272574 5719555 481840024
13 7 606462245 5719547 925307506 5719555 531769751
14 7 488367801 5719548 89953148 5719555 578320949
15 7 363701369 5719548 263455716 5719555 627157085
16 7 251002842 5719548 426040934 5719555 677043776
17 7 143042263 5719548 589685688 5719555 732727951
18 7 31654508 5719548 749500550 5719555 781155058
19 6 911940853 5719548 908486762 5719555 820427615
20 6 796250494 5719549 71777485 5719555 868027979
21 6 683072568 5719549 236757862 5719555 919830430
22 6 578254541 5719549 394431117 5719555 972685658
23 6 456564887 5719549 567235087 5719556 23799974
24 6 342590865 5719549 732665307 5719556 75256172
25 6 223412700 5719549 904197653 5719556 127610353
26 6 126903795 5719550 65125402 5719556 192029197
27 6 5375342 5719550 236356031 5719556 241731373
28 5 916390719 5719550 393199617 5719556 309590336
29 5 797483513 5719550 557682429 5719556 355165942
30 5 685517861 5719550 721116242 5719556 406634103
31 5 575500080 5719550 878673221 5719556 454173301
32 5 468823031 5719551 50271900 5719556 519094931
1 9 97591946 5719567 772958962 5719576 870550908
2 8 961494025 5719567 953790820 5719576 915284845
3 8 854685313 5719568 112649738 5719576 967335051
4 8 745861490 5719568 270856706 5719577 16718196
5 8 628317293 5719568 432518906 5719577 60836199
6 8 525061143 5719568 584619137 5719577 109680280
7 8 394321159 5719568 759917394 5719577 154238553
8 8 285641482 5719568 913658557 5719577 199300039
9 8 175354761 5719569 73156575 5719577 248511336
10 8 56744974 5719569 236996011 5719577 293740985
11 7 925882491 5719569 412615763 5719577 338498254
12 7 808323055 5719569 579717656 5719577 388040711
13 7 696822837 5719569 744121971 5719577 440944808
14 7 579449768 5719569 906731023 5719577 486180791
15 7 466187343 5719570 62371447 5719577 528558790
16 7 344386321 5719570 226099551 5719577 570485872
17 7 223748330 5719570 396216666 5719577 619964996
18 7 102894289 5719570 564977547 5719577 667871836
19 6 982783864 5719570 727004221 5719577 709788085
20 6 862535126 5719570 897095484 5719577 759630610
21 6 768059663 5719571 53286897 5719577 821346560
22 6 653485615 5719571 213586863 5719577 867072478
23 6 533391541 5719571 382173247 5719577 915564788
24 6 438381958 5719571 543226069 5719577 981608027
25 6 326604265 5719571 699374261 5719578 25978526
26 6 232454406 5719571 856339938 5719578 88794344
27 6 119584808 5719572 20661254 5719578 140246062
28 6 17335231 5719572 176482989 5719578 193818220
29 5 903031438 5719572 344533883 5719578 247565321
30 5 802545216 5719572 509842922 5719578 312388138
31 5 679724731 5719572 675436843 5719578 355161574
32 5 574761891 5719572 842041024 5719578 416802915
1 9 96889629 5719589 457513882 5719598 554403511
2 8 966083960 5719589 640997950 5719598 607081910
3 8 851022143 5719589 800891498 5719598 651913641
4 8 729227470 5719589 973461364 5719598 702688834
5 8 611808105 5719590 136552704 5719598 748360809
6 8 496069522 5719590 299044981 5719598 795114503
7 8 375672786 5719590 464059656 5719598 839732442
8 8 250918966 5719590 640071623 5719598 890990589
9 8 135991664 5719590 801253796 5719598 937245460
10 8 21618612 5719590 961134511 5719598 982753123
11 7 907670700 5719591 121749601 5719599 29420301
12 7 795256573 5719591 287841293 5719599 83097866
13 7 678165127 5719591 451663193 5719599 129828320
14 7 560610023 5719591 613760108 5719599 174370131
15 7 448907735 5719591 775078278 5719599 223986013
16 7 328927843 5719591 942099970 5719599 271027813
17 7 220126316 5719592 100991222 5719599 321117538
18 7 112427008 5719592 260704904 5719599 373131912
19 6 999820533 5719592 432618856 5719599 432439389
20 6 897311906 5719592 585757050 5719599 483068956
21 6 790154310 5719592 756723205 5719599 546877515
22 6 675714665 5719592 912901676 5719599 588616341
23 6 567581866 5719593 75568265 5719599 643150131
24 6 469103514 5719593 239029265 5719599 708132779
25 6 359710664 5719593 401619207 5719599 761329871
26 6 257888209 5719593 563654956 5719599 821543165
27 6 143741837 5719593 729676538 5719599 873418375
28 6 23349916 5719593 905398955 5719599 928748871
29 5 899805351 5719594 73224984 5719599 973030335
30 5 795939323 5719594 243974440 5719600 39913763
31 5 692064888 5719594 407432588 5719600 99497476
32 5 594073138 5719594 568409079 5719600 162482217
1 9 59805031 5719611 122994299 5719620 182799330
2 8 931159412 5719611 297273264 5719620 228432676
3 8 817054910 5719611 464327215 5719620 281382125
4 8 700660877 5719611 622800754 5719620 323461631
5 8 579322268 5719611 787236330 5719620 366558598
6 8 474300317 5719611 951025306 5719620 425325623
7 8 357664325 5719612 113009390 5719620 470673715
8 8 232875727 5719612 281704144 5719620 514579871
9 8 133867348 5719612 434515586 5719620 568382934
10 8 13938010 5719612 600520410 5719620 614458420
11 7 897666881 5719612 764076446 5719620 661743327
12 7 778940429 5719612 930693128 5719620 709633557
13 7 654997740 5719613 98477974 5719620 753475714
14 7 545254655 5719613 258597371 5719620 803852026
15 7 414616871 5719613 431650673 5719620 846267544
16 7 305513107 5719613 592329375 5719620 897842482
17 7 193987056 5719613 752934281 5719620 946921337
18 7 62299643 5719613 922587462 5719620 984887105
19 6 947441877 5719614 92752855 5719621 40194732
20 6 837177820 5719614 255645830 5719621 92823650
21 6 716157651 5719614 421805891 5719621 137963542
22 6 615959016 5719614 583099007 5719621 199058023
23 6 493717944 5719614 743338828 5719621 237056772
24 6 379195134 5719614 906165915 5719621 285361049
25 6 271390068 5719615 74807652 5719621 346197720
26 6 155337343 5719615 239955899 5719621 395293242
27 6 52270484 5719615 406859021 5719621 459129505
28 5 952705596 5719615 569742570 5719621 522448166
29 5 842170323 5719615 729441549 5719621 571611872
30 5 727322185 5719615 895186100 5719621 622508285
31 5 641681074 5719616 52493679 5719621 694174753
32 5 514005177 5719616 224442095 5719621 738447272
1 9 96881036 5719632 857444239 5719641 954325275
2 8 932711512 5719633 64773823 5719641 997485335
3 8 821740134 5719633 226963775 5719642 48703909
4 8 714233266 5719633 381887678 5719642 96120944
5 8 589492759 5719633 552151830 5719642 141644589
6 8 479132981 5719633 712110953 5719642 191243934
7 8 361361583 5719633 876147667 5719642 237509250
8 8 250275431 5719634 36513523 5719642 286788954
9 8 140715064 5719634 196190485 5719642 336905549
10 8 35455487 5719634 352431937 5719642 387887424
11 7 906551557 5719634 532949730 5719642 439501287
12 7 794088412 5719634 698570895 5719642 492659307
13 7 671532141 5719634 862502777 5719642 534034918
14 7 549386252 5719635 31598062 5719642 580984314
15 7 434822073 5719635 197308169 5719642 632130242
16 7 316078767 5719635 361219459 5719642 677298226
17 7 204817506 5719635 525704201 5719642 730521707
18 7 83706449 5719635 683680843 5719642 767387292
19 6 968802257 5719635 848205992 5719642 817008249
20 6 848132913 5719636 19590364 5719642 867723277
21 6 732014652 5719636 187737240 5719642 919751892
22 6 622705132 5719636 349630031 5719642 972335163
23 6 518013433 5719636 508987703 5719643 27001136
24 6 389184039 5719636 691702158 5719643 80886197
25 6 276470084 5719636 853145735 5719643 129615819
26 6 179825733 5719637 19681846 5719643 199507579
27 6 75245311 5719637 183405824 5719643 258651135
28 5 964804941 5719637 346086230 5719643 310891171
29 5 851289575 5719637 508804431 5719643 360094006
30 5 757492930 5719637 664944423 5719643 422437353
31 5 622899886 5719637 841845598 5719643 464745484
32 5 513055487 5719638 17979899 5719643 531035386
1 9 283052 5719654 646013771 5719663 646296823
2 8 880430619 5719654 811133261 5719663 691563880
3 8 773418315 5719654 968909630 5719663 742327945
4 8 649102114 5719655 140308539 5719663 789410653
5 8 539283991 5719655 294734027 5719663 834018018
6 8 424895438 5719655 454499617 5719663 879395055
7 8 320513529 5719655 609864457 5719663 930377986
8 8 199505691 5719655 772496198 5719663 972001889
9 8 88268077 5719655 931023405 5719664 19291482
10 7 978761579 5719656 93269412 5719664 72030991
11 7 863015384 5719656 261183387 5719664 124198771
12 7 753220817 5719656 413115977 5719664 166336794
13 7 618466794 5719656 587640790 5719664 206107584
14 7 510682856 5719656 754360472 5719664 265043328
15 7 393708702 5719656 917261782 5719664 310970484
16 7 275276390 5719657 87589489 5719664 362865879
17 7 146407996 5719657 259473353 5719664 405881349
18 7 30961999 5719657 420687083 5719664 451649082
19 6 906982347 5719657 594933235 5719664 501915582
20 6 785828938 5719657 762810285 5719664 548639223
21 6 661408684 5719657 941284431 5719664 602693115
22 6 544353586 5719658 101189501 5719664 645543087
23 6 449931194 5719658 258881853 5719664 708813047
24 6 331835672 5719658 421528186 5719664 753363858
25 6 215864351 5719658 590765303 5719664 806629654
26 6 121008373 5719658 749920313 5719664 870928686
27 6 16715870 5719658 908784958 5719664 925500828
28 5 919853709 5719659 62491903 5719664 982345612
29 5 813282952 5719659 231501876 5719665 44784828
30 5 691650737 5719659 402850768 5719665 94501505
31 5 586086832 5719659 569419712 5719665 155506544
32 5 476183434 5719659 728085231 5719665 204268665
1 8 981868244 5719676 335842707 5719685 317710951
2 8 835363347 5719676 526499163 5719685 361862510
3 8 723181380 5719676 687847540 5719685 411028920
4 8 591984197 5719676 863517277 5719685 455501474
5 8 484444198 5719677 18260982 5719685 502705180
6 8 368600671 5719677 183215124 5719685 551815795
7 8 264016709 5719677 334829017 5719685 598845726
8 8 146868298 5719677 495080748 5719685 641949046
9 8 24731574 5719677 663057630 5719685 687789204
10 7 918069207 5719677 816377824 5719685 734447031
11 7 794735635 5719677 977784422 5719685 772520057
12 7 688993085 5719678 139619030 5719685 828612115
13 7 580151148 5719678 302503952 5719685 882655100
14 7 464942164 5719678 462251970 5719685 927194134
15 7 342929289 5719678 622363481 5719685 965292770
16 7 228222277 5719678 789711745 5719686 17934022
17 7 113788963 5719678 955202785 5719686 68991748
18 7 4242058 5719679 111132134 5719686 115374192
19 6 891721856 5719679 269746785 5719686 161468641
20 6 775983623 5719679 429271103 5719686 205254726
21 6 661179909 5719679 590996565 5719686 252176474
22 6 546193384 5719679 756374570 5719686 302567954
23 6 434929715 5719679 917125458 5719686 352055173
24 6 321204554 5719680 84860049 5719686 406064603
25 6 196646116 5719680 267376917 5719686 464023033
26 6 82518204 5719680 430723756 5719686 513241960
27 5 991520099 5719680 585531330 5719686 577051429
28 5 875857567 5719680 762957257 5719686 638814824
29 5 781971571 5719680 922651202 5719686 704622773
30 5 666787402 5719681 86893839 5719686 753681241
31 5 549580492 5719681 251673429 5719686 801253921
32 5 447842255 5719681 407911773 5719686 855754028
1 9 10915523 5719698 55333204 5719707 66248727
2 8 876226034 5719698 237429174 5719707 113655208
3 8 761279267 5719698 398228006 5719707 159507273
4 8 666074129 5719698 557447516 5719707 223521645
5 8 558653165 5719698 712506308 5719707 271159473
6 8 433084763 5719698 879526709 5719707 312611472
7 8 316289530 5719699 41242450 5719707 357531980
8 8 212583070 5719699 196425277 5719707 409008347
9 8 93889243 5719699 358767451 5719707 452656694
10 7 975619891 5719699 524242584 5719707 499862475
11 7 857934211 5719699 687652627 5719707 545586838
12 7 744111090 5719699 848643641 5719707 592754731
13 7 620317026 5719700 9528712 5719707 629845738
14 7 508902914 5719700 170300582 5719707 679203496
15 7 386542342 5719700 341215169 5719707 727757511
16 7 274914216 5719700 502730710 5719707 777644926
17 7 148436905 5719700 675142417 5719707 823579322
18 7 34849187 5719700 835705902 5719707 870555089
19 6 911999456 5719701 2095574 5719707 914095030
20 6 788826566 5719701 169436543 5719707 958263109
21 6 669258940 5719701 337461499 5719708 6720439
22 6 556128546 5719701 502510733 5719708 58639279
23 6 448488142 5719701 667638410 5719708 116126552
24 6 332224473 5719701 833435130 5719708 165659603
25 6 219808121 5719701 993439126 5719708 213247247
26 6 113972423 5719702 152497954 5719708 266470377
27 6 18052150 5719702 307601042 5719708 325653192
28 5 917886605 5719702 472267431 5719708 390154036
29 5 809667952 5719702 640116557 5719708 449784509
30 5 699602149 5719702 803132070 5719708 502734219
31 5 596686729 5719702 956351342 5719708 553038071
32 5 483103233 5719703 124782160 5719708 607885393
1 9 50053316 5719720 152610852 5719729 202664168
2 8 901480717 5719720 351306936 5719729 252787653
3 8 787391284 5719720 509584317 5719729 296975601
4 8 677259185 5719720 674508795 5719729 351767980
5 8 567708076 5719720 831767305 5719729 399475381
6 8 454140596 5719720 992813486 5719729 446954082
7 8 332736320 5719721 155983645 5719729 488719965
8 8 214317635 5719721 318404096 5719729 532721731
9 8 89412166 5719721 494673379 5719729 584085545
10 7 975693208 5719721 651934427 5719729 627627635
11 7 864347409 5719721 812986163 5719729 677333572
12 7 748103850 5719721 980499704 5719729 728603554
13 7 631005383 5719722 143857785 5719729 774863168
14 7 520558400 5719722 302794783 5719729 823353183
15 7 404119864 5719722 468163271 5719729 872283135
16 7 283266893 5719722 635722051 5719729 918988944
17 7 171051147 5719722 796470775 5719729 967521922
18 7 59205228 5719722 955566566 5719730 14771794
19 6 937455365 5719723 118263586 5719730 55718951
20 6 832739053 5719723 281804164 5719730 114543217
21 6 734297179 5719723 435633943 5719730 169931122
22 6 631066044 5719723 592059895 5719730 223125939
23 6 518113350 5719723 753520697 5719730 271634047
24 6 414428165 5719723 906806913 5719730 321235078
25 6 303662967 5719724 80481523 5719730 384144490
26 6 180083250 5719724 253011395 5719730 433094645
27 6 65955467 5719724 420494899 5719730 486450366
28 5 966962714 5719724 584118457 5719730 551081171
29 5 860967760 5719724 741707369 5719730 602675129
30 5 732332748 5719724 911483701 5719730 643816449
31 5 644638358 5719725 68907394 5719730 713545752
32 5 525873217 5719725 231143737 5719730 757016954
1 9 94828502 5719742 281681773 5719751 376510275
2 8 943802022 5719742 476430229 5719751 420232251
3 8 825253543 5719742 641874439 5719751 467127982
4 8 700128021 5719742 806989451 5719751 507117472
5 8 591731537 5719742 967772600 5719751 559504137
6 8 468307817 5719743 130738060 5719751 599045877
7 8 366846628 5719743 277956575 5719751 644803203
8 8 241000693 5719743 447440876 5719751 688441569
9 8 127703006 5719743 609528000 5719751 737231006
10 8 12716960 5719743 771106949 5719751 783823909
11 7 896060260 5719743 934905783 5719751 830966043
12 7 780927754 5719744 95570916 5719751 876498670
13 7 653316964 5719744 269198805 5719751 922515769
14 7 536744522 5719744 432652145 5719751 969396667
15 7 424103100 5719744 589563774 5719752 13666874
16 7 313950649 5719744 741636716 5719752 55587365
17 7 184989365 5719744 922566784 5719752 107556149
18 7 67112041 5719745 91475891 5719752 158587932
19 6 949568599 5719745 252687773 5719752 202256372
20 6 835351705 5719745 416047911 5719752 251399616
21 6 729587949 5719745 580987408 5719752 310575357
22 6 612279521 5719745 742672633 5719752 354952154
23 6 501126107 5719745 902951329 5719752 404077436
24 6 391221188 5719746 62917938 5719752 454139126
25 6 291525652 5719746 224925546 5719752 516451198
26 6 180194483 5719746 382220408 5719752 562414891
27 6 86962973 5719746 542289423 5719752 629252396
28 5 979257939 5719746 712605652 5719752 691863591
29 5 866245411 5719746 872759906 5719752 739005317
30 5 730152706 5719747 48652216 5719752 778804922
31 5 632689443 5719747 216306385 5719752 848995828
32 5 509362035 5719747 383259548 5719752 892621583
1 8 967937739 5719764 25550660 5719772 993488399
2 8 825053347 5719764 213772183 5719773 38825530
3 8 704339112 5719764 379589072 5719773 83928184
4 8 595383508 5719764 533800586 5719773 129184094
5 8 487890228 5719764 690120783 5719773 178011011
6 8 377992050 5719764 846071653 5719773 224063703
7 8 263371552 5719765 8008911 5719773 271380463
8 8 144360192 5719765 171094277 5719773 315454469
9 8 29203650 5719765 331901148 5719773 361104798
10 7 911659782 5719765 491566189 5719773 403225971
11 7 804344092 5719765 651434097 5719773 455778189
12 7 689547783 5719765 812369522 5719773 501917305
13 7 560488816 5719765 987690121 5719773 548178937
14 7 453201106 5719766 141848044 5719773 595049150
15 7 332871698 5719766 307980852 5719773 640852550
16 7 212442142 5719766 482439524 5719773 694881666
17 7 95726924 5719766 643174323 5719773 738901247
18 6 974416349 5719766 806121599 5719773 780537948
19 6 853310658 5719766 969887804 5719773 823198462
20 6 734108840 5719767 138290514 5719773 872399354
21 6 621348900 5719767 292622433 5719773 913971333
22 6 521246852 5719767 439722544 5719773 960969396
23 6 405505838 5719767 602284068 5719774 7789906
24 6 302191758 5719767 762164124 5719774 64355882
25 6 189213748 5719767 924196769 5719774 113410517
26 6 79782654 5719768 83979548 5719774 163762202
27 5 984654383 5719768 248928583 5719774 233582966
28 5 882644612 5719768 405122227 5719774 287766839
29 5 758262335 5719768 570661306 5719774 328923641
30 5 664222617 5719768 731615564 5719774 395838181
31 5 534680567 5719768 902357249 5719774 437037816
32 5 430612371 5719769 59349100 5719774 489961471
1 8 940442554 5719785 755288948 5719794 695731502
2 8 794383498 5719785 950586599 5719794 744970097
3 8 686332080 5719786 105885741 5719794 792217821
4 8 578185147 5719786 266937090 5719794 845122237
5 8 456617890 5719786 425854239 5719794 882472129
6 8 329173299 5719786 602557998 5719794 931731297
7 8 216451914 5719786 760918009 5719794 977369923
8 8 94267947 5719786 926952246 5719795 21220193
9 7 971063628 5719787 94665082 5719795 65728710
10 7 858996786 5719787 253778893 5719795 112775679
11 7 748453026 5719787 412800336 5719795 161253362
12 7 628847269 5719787 572616135 5719795 201463404
13 7 523809258 5719787 727948573 5719795 251757831
14 7 411752639 5719787 888862776 5719795 300615415
15 7 298036920 5719788 48807406 5719795 346844326
16 7 190137259 5719788 202924089 5719795 393061348
17 7 78067972 5719788 362883977 5719795 440951949
18 6 961912504 5719788 516315543 5719795 478228047
19 6 852045935 5719788 685826271 5719795 537872206
20 6 725508993 5719788 846693846 5719795 572202839
21 6 616846977 5719789 4401554 5719795 621248531
22 6 504695395 5719789 166108854 5719795 670804249
23 6 388701145 5719789 329705674 5719795 718406819
24 6 272153701 5719789 492704691 5719795 764858392
25 6 172266297 5719789 653645302 5719795 825911599
26 6 62980273 5719789 816797056 5719795 879777329
27 5 945208501 5719789 978895960 5719795 924104461
28 5 855635830 5719790 134880367 5719795 990516197
29 5 749901591 5719790 293370376 5719796 43271967
30 5 661710172 5719790 450940401 5719796 112650573
31 5 542504074 5719790 614499519 5719796 157003593
32 5 427246477 5719790 777867880 5719796 205114357
1 9 20218485 5719807 531869711 5719816 552088196
2 8 870551959 5719807 723568857 5719816 594120816
3 8 751581319 5719807 892392617 5719816 643973936
4 8 638494903 5719808 55867662 5719816 694362565
5 8 515012460 5719808 226940046 5719816 741952506
6 8 409490514 5719808 382622552 5719816 792113066
7 8 294003939 5719808 542547775 5719816 836551714
8 8 174751676 5719808 710670955 5719816 885422631
9 8 64101566 5719808 869976208 5719816 934077774
10 7 945705212 5719809 33545048 5719816 979250260
11 7 832044214 5719809 196216257 5719817 28260471
12 7 721585397 5719809 353851689 5719817 75437086
13 7 605202431 5719809 517023981 5719817 122226412
14 7 484985075 5719809 684128847 5719817 169113922
15 7 370676885 5719809 844241585 5719817 214918470
16 7 245768487 5719810 8093605 5719817 253862092
17 7 137860974 5719810 165648298 5719817 303509272
18 7 26742021 5719810 327309618 5719817 354051639
19 6 919242407 5719810 483645538 5719817 402887945
20 6 800340249 5719810 650925308 5719817 451265557
21 6 678357980 5719810 817325021 5719817 495683001
22 6 557774687 5719810 983346870 5719817 541121557
23 6 452927486 5719811 145823434 5719817 598750920
24 6 337124455 5719811 308500772 5719817 645625227
25 6 238166254 5719811 463759620 5719817 701925874
26 6 130264038 5719811 626975040 5719817 757239078
27 6 25093825 5719811 783604825 5719817 808698650
28 5 921003277 5719811 952358568 5719817 873361845
29 5 818954135 5719812 113142590 5719817 932096725
30 5 697116050 5719812 277591802 5719817 974707852
31 5 585378867 5719812 445532375 5719818 30911242
32 5 492870566 5719812 602672205 5719818 95542771
1 8 995615724 5719829 140160278 5719838 135776002
2 8 878127482 5719829 302570825 5719838 180698307
3 8 744723521 5719829 482672596 5719838 227396117
4 8 649409438 5719829 626619360 5719838 276028798
5 8 523829681 5719829 801442416 5719838 325272097
6 8 409483659 5719829 968011329 5719838 377494988
7 8 292474316 5719830 133034550 5719838 425508866
8 8 176446714 5719830 298526780 5719838 474973494
9 8 58919047 5719830 454784869 5719838 513703916
10 7 960893348 5719830 611322878 5719838 572216226
11 7 845760840 5719830 775331470 5719838 621092310
12 7 726197897 5719830 943289376 5719838 669487273
13 7 609664119 5719831 104111157 5719838 713775276
14 7 499496740 5719831 272032342 5719838 771529082
15 7 381103849 5719831 435808789 5719838 816912638
16 7 273434368 5719831 597641144 5719838 871075512
17 7 160870405 5719831 758226392 5719838 919096797
18 7 43583548 5719831 923930174 5719838 967513722
19 6 929138954 5719832 88201038 5719839 17339992
20 6 822946240 5719832 245138374 5719839 68084614
21 6 713177429 5719832 402930489 5719839 116107918
22 6 601737777 5719832 565491293 5719839 167229070
23 6 485626900 5719832 737209906 5719839 222836806
24 6 385009100 5719832 891848452 5719839 276857552
25 6 275524468 5719833 50533495 5719839 326057963
26 6 154920822 5719833 220188906 5719839 375109728
27 6 54757145 5719833 382308626 5719839 437065771
28 5 941880520 5719833 547700303 5719839 489580823
29 5 852591843 5719833 705780727 5719839 558372570
30 5 725267416 5719833 878975165 5719839 604242581
31 5 622080294 5719834 32783652 5719839 654863946
32 5 529838728 5719834 193226032 5719839 723064760
1 9 118173146 5719851 55787781 5719860 173960927
2 8 969282178 5719851 252309819 5719860 221591997
3 8 851832474 5719851 414652812 5719860 266485286
4 8 742920385 5719851 574057954 5719860 316978339
5 8 625778341 5719851 737572592 5719860 363350933
6 8 517323967 5719851 893322450 5719860 410646417
7 8 403611543 5719852 53403060 5719860 457014603
8 8 288344630 5719852 217198286 5719860 505542916
9 8 180282674 5719852 383139379 5719860 563422053
10 8 70704487 5719852 543013993 5719860 613718480
11 7 953851104 5719852 710888420 5719860 664739524
12 7 833176033 5719852 881830827 5719860 715006860
13 7 706085452 5719853 51687513 5719860 757772965
14 7 595899500 5719853 212303520 5719860 808203020
15 7 480312982 5719853 372817511 5719860 853130493
16 7 371738610 5719853 532297725 5719860 904036335
17 7 256839411 5719853 693641016 5719860 950480427
18 7 140446667 5719853 859887881 5719861 334548
19 7 19081239 5719854 25842029 5719861 44923268
20 6 899672496 5719854 203446811 5719861 103119307
21 6 773303847 5719854 372799691 5719861 146103538
22 6 655572461 5719854 540561769 5719861 196134230
23 6 551046032 5719854 711765985 5719861 262812017
24 6 454015202 5719854 870073314 5719861 324088516
25 6 362054370 5719855 31036686 5719861 393091056
26 6 237798052 5719855 196173701 5719861 433971753
27 6 123907520 5719855 363564471 5719861 487471991
28 6 19915489 5719855 527623617 5719861 547539106
29 5 902647724 5719855 702669114 5719861 605316838
30 5 775119929 5719855 870597929 5719861 645717858
31 5 673328115 5719856 47388689 5719861 720716804
32 5 575409655 5719856 211348837 5719861 786758492
1 8 975267322 5719872 655838061 5719881 631105383
2 8 837672864 5719872 843721336 5719881 681394200
3 8 719392988 5719873 11896739 5719881 731289727
4 8 596899247 5719873 175387564 5719881 772286811
5 8 482822274 5719873 338966702 5719881 821788976
6 8 365244478 5719873 498932648 5719881 864177126
7 8 249692403 5719873 657440492 5719881 907132895
8 8 136925942 5719873 821110980 5719881 958036922
9 8 23438477 5719873 982571546 5719882 6010023
10 7 918654404 5719874 132798768 5719882 51453172
11 7 789334328 5719874 304031410 5719882 93365738
12 7 683055376 5719874 463023041 5719882 146078417
13 7 555483951 5719874 629908210 5719882 185392161
14 7 444561345 5719874 789504330 5719882 234065675
15 7 335838365 5719874 945062747 5719882 280901112
16 7 223213624 5719875 109400797 5719882 332614421
17 7 108690215 5719875 274280503 5719882 382970718
18 6 987496283 5719875 445608940 5719882 433105223
19 6 864169353 5719875 614819213 5719882 478988566
20 6 742325489 5719875 775978933 5719882 518304422
21 6 639929075 5719875 933230393 5719882 573159468
22 6 528100115 5719876 92581722 5719882 620681837
23 6 419946717 5719876 252979419 5719882 672926136
24 6 301336198 5719876 417257396 5719882 718593594
25 6 175758367 5719876 588770089 5719882 764528456
26 6 66231976 5719876 745490244 5719882 811722220
27 5 963274776 5719876 907851645 5719882 871126421
28 5 856405057 5719877 70069605 5719882 926474662
29 5 761255766 5719877 220862334 5719882 982118100
30 5 659427156 5719877 386031813 5719883 45458969
31 5 532733252 5719877 555165273 5719883 87898525
32 5 420444727 5719877 717449083 5719883 137893810
1 8 997810191 5719894 332944736 5719903 330754927
2 8 851765446 5719894 523308243 5719903 375073689
3 8 737580864 5719894 685637719 5719903 423218583
4 8 622858384 5719894 849320726 5719903 472179110
5 8 512042127 5719895 4286804 5719903 516328931
6 8 396813694 5719895 168273471 5719903 565087165
7 8 277895959 5719895 335396914 5719903 613292873
8 8 167000853 5719895 491623560 5719903 658624413
9 8 53714291 5719895 646548416 5719903 700262707
10 7 934471469 5719895 814608397 5719903 749079866
11 7 826876171 5719895 972875190 5719903 799751361
12 7 709093934 5719896 136870302 5719903 845964236
13 7 591396306 5719896 298378868 5719903 889775174
14 7 478420905 5719896 461445831 5719903 939866736
15 7 357561132 5719896 622629811 5719903 980190943
16 7 241101222 5719896 786501055 5719904 27602277
17 7 134475812 5719896 944628592 5719904 79104404
18 7 11683928 5719897 106605112 5719904 118289040
19 6 909351994 5719897 254252512 5719904 163604506
20 6 788655386 5719897 420854723 5719904 209510109
21 6 682386673 5719897 581850151 5719904 264236824
22 6 566528844 5719897 741354440 5719904 307883284
23 6 465726141 5719897 908839357 5719904 374565498
24 6 355272988 5719898 72569974 5719904 427842962
25 6 226376589 5719898 245979132 5719904 472355721
26 6 114116044 5719898 407662936 5719904 521778980
27 6 23441540 5719898 562435739 5719904 585877279
28 5 914846741 5719898 722985490 5719904 637832231
29 5 816832152 5719898 885835642 5719904 702667794
30 5 710487663 5719899 40790924 5719904 751278587
31 5 590824610 5719899 207170417 5719904 797995027
32 5 477139684 5719899 372303823 5719904 849443507
1 9 30349131 5719916 102310944 5719925 132660075
2 8 878605937 5719916 301205551 5719925 179811488
3 8 763429984 5719916 461925817 5719925 225355801
4 8 650439767 5719916 619523902 5719925 269963669
5 8 539499624 5719916 777633995 5719925 317133619
6 8 420308301 5719916 946275706 5719925 366584007
7 8 321536671 5719917 100447669 5719925 421984340
8 8 205806710 5719917 259176732 5719925 464983442
9 8 99218170 5719917 411659227 5719925 510877397
10 7 983256842 5719917 579529564 5719925 562786406
11 7 872109517 5719917 734791229 5719925 606900746
12 7 753125913 5719917 892637179 5719925 645763092
13 7 642942625 5719918 52705791 5719925 695648416
14 7 537252458 5719918 208036029 5719925 745288487
15 7 436618029 5719918 364190529 5719925 800808558
16 7 317957177 5719918 531644040 5719925 849601217
17 7 196901686 5719918 697262326 5719925 894164012
18 7 89047466 5719918 851202924 5719925 940250390
19 6 973976308 5719919 15103019 5719925 989079327
20 6 857346085 5719919 183478532 5719926 40824617
21 6 727182931 5719919 361184128 5719926 88367059
22 6 632433799 5719919 516453978 5719926 148887777
23 6 522053348 5719919 681777400 5719926 203830748
24 6 408703787 5719919 835365059 5719926 244068846
25 6 299895215 5719920 12879344 5719926 312774559
26 6 183065385 5719920 178967399 5719926 362032784
27 6 90381251 5719920 346144767 5719926 436526018
28 5 987855968 5719920 498313657 5719926 486169625
29 5 871314615 5719920 658387732 5719926 529702347
30 5 762847962 5719920 819886799 5719926 582734761
31 5 667092292 5719920 986117963 5719926 653210255
32 5 548468440 5719921 145630345 5719926 694098785
1 9 64909735 5719937 685595916 5719946 750505651
2 8 911777234 5719937 885216528 5719946 796993762
3 8 793437950 5719938 48790242 5719946 842228192
4 8 680696321 5719938 206820115 5719946 887516436
5 8 561795123 5719938 371291126 5719946 933086249
6 8 446222399 5719938 531833786 5719946 978056185
7 8 324580067 5719938 707075355 5719947 31655422
8 8 211481352 5719938 862539424 5719947 74020776
9 8 95854463 5719939 30387576 5719947 126242039
10 7 983614177 5719939 184730944 5719947 168345121
11 7 863464556 5719939 353444229 5719947 216908785
12 7 746626153 5719939 514770595 5719947 261396748
13 7 633524438 5719939 679288236 5719947 312812674
14 7 515353651 5719939 843853061 5719947 359206712
15 7 409751408 5719940 2982098 5719947 412733506
16 7 287463272 5719940 165962731 5719947 453426003
17 7 181703994 5719940 331037472 5719947 512741466
18 7 68485745 5719940 491216249 5719947 559701994
19 6 951522935 5719940 655214881 5719947 606737816
20 6 841431405 5719940 813563026 5719947 654994431
21 6 725025512 5719940 972863116 5719947 697888628
22 6 613844835 5719941 139201296 5719947 753046131
23 6 507472032 5719941 295319631 5719947 802791663
24 6 387487613 5719941 461842234 5719947 849329847
25 6 289494614 5719941 627904920 5719947 917399534
26 6 178793059 5719941 791325321 5719947 970118380
27 6 75687472 5719941 949818741 5719948 25506213
28 5 981774361 5719942 109091017 5719948 90865378
29 5 855690908 5719942 275893078 5719948 131583986
30 5 753791335 5719942 434407368 5719948 188198703
31 5 661431917 5719942 592997879 5719948 254429796
32 5 536973748 5719942 770373760 5719948 307347508
1 8 964061357 5719959 765248475 5719968 729309832
2 8 847232971 5719959 929594064 5719968 776827035
3 8 723078388 5719960 102107722 5719968 825186110
4 8 610484998 5719960 261026060 5719968 871511058
5 8 487556429 5719960 429369574 5719968 916926003
6 8 366968503 5719960 597996619 5719968 964965122
7 8 240457983 5719960 765293690 5719969 5751673
8 8 133812129 5719960 922355952 5719969 56168081
9 8 11269739 5719961 87153458 5719969 98423197
10 7 901953286 5719961 245656249 5719969 147609535
11 7 788009846 5719961 402832879 5719969 190842725
12 7 678738005 5719961 558776680 5719969 237514685
13 7 560526144 5719961 726508928 5719969 287035072
14 7 438074215 5719961 893873886 5719969 331948101
15 7 315152462 5719962 62437433 5719969 377589895
16 7 193810031 5719962 226155533 5719969 419965564
17 7 87621686 5719962 379036096 5719969 466657782
18 6 969543250 5719962 544043913 5719969 513587163
19 6 860874618 5719962 702048787 5719969 562923405
20 6 745324856 5719962 862685075 5719969 608009931
21 6 633708651 5719963 18988999 5719969 652697650
22 6 519229961 5719963 171538420 5719969 690768381
23 6 407216060 5719963 333235428 5719969 740451488
24 6 301712110 5719963 494277949 5719969 795990059
25 6 194437897 5719963 658598816 5719969 853036713
26 6 65176187 5719963 832906404 5719969 898082591
27 5 958681108 5719963 991803798 5719969 950484906
28 5 864228136 5719964 151479345 5719970 15707481
29 5 758471914 5719964 313599364 5719970 72071278
30 5 649345476 5719964 475435851 5719970 124781327
31 5 549242943 5719964 634171823 5719970 183414766
32 5 430297912 5719964 801243583 5719970 231541495
1 8 999353222 5719981 452619155 5719990 451972377
2 8 862283438 5719981 634248161 5719990 496531599
3 8 739299815 5719981 802833430 5719990 542133245
4 8 634722218 5719981 958058023 5719990 592780241
5 8 519481598 5719982 121472296 5719990 640953894
6 8 407008353 5719982 279803905 5719990 686812258
7 8 293853082 5719982 438769503 5719990 732622585
8 8 170421579 5719982 604086981 5719990 774508560
9 8 58763022 5719982 764092707 5719990 822855729
10 7 937589143 5719982 932071617 5719990 869660760
11 7 834591869 5719983 83788905 5719990 918380774
12 7 712891424 5719983 253870184 5719990 966761608
13 7 592877265 5719983 422896259 5719991 15773524
14 7 481483129 5719983 586208071 5719991 67691200
15 7 366241842 5719983 745798879 5719991 112040721
16 7 249988482 5719983 908158172 5719991 158146654
17 7 136059986 5719984 66838664 5719991 202898650
18 7 16570705 5719984 236115475 5719991 252686180
19 6 904237587 5719984 398791262 5719991 303028849
20 6 787012060 5719984 565708118 5719991 352720178
21 6 672899419 5719984 729778601 5719991 402678020
22 6 563763148 5719984 886129118 5719991 449892266
23 6 451254791 5719985 50133640 5719991 501388431
24 6 351055131 5719985 205924796 5719991 556979927
25 6 238065839 5719985 365867894 5719991 603933733
26 6 137073045 5719985 529685197 5719991 666758242
27 6 28282749 5719985 695691847 5719991 723974596
28 5 910927317 5719985 862311005 5719991 773238322
29 5 814723045 5719986 27903404 5719991 842626449
30 5 701621033 5719986 183207033 5719991 884828066
31 5 589750072 5719986 347142834 5719991 936892906
32 5 478317714 5719986 510521034 5719991 988838748
