1 18 35059476 5720003 127235637 5720021 162295113
2 17 896626531 5720003 312842588 5720021 209469119
3 17 782555315 5720003 480491208 5720021 263046523
4 17 657216236 5720003 640683246 5720021 297899482
5 17 552264590 5720003 801290109 5720021 353554699
6 17 439446832 5720003 962017267 5720021 401464099
7 17 319003920 5720004 123329191 5720021 442333111
8 17 210120033 5720004 282708133 5720021 492828166
9 17 90113299 5720004 447305847 5720021 537419146
10 16 971326060 5720004 611342109 5720021 582668169
11 16 868185695 5720004 764636554 5720021 632822249
12 16 753770818 5720004 928969885 5720021 682740703
13 16 633905211 5720005 94643357 5720021 728548568
14 16 516832959 5720005 260969965 5720021 777802924
15 16 409710687 5720005 417474127 5720021 827184814
16 16 299983574 5720005 579892920 5720021 879876494
17 16 196814858 5720005 739335231 5720021 936150089
18 16 87400388 5720005 898932317 5720021 986332705
19 15 974466614 5720006 56881156 5720022 31347770
20 15 857198532 5720006 222616867 5720022 79815399
21 15 739866951 5720006 384577039 5720022 124443990
22 15 616666795 5720006 545437397 5720022 162104192
23 15 522716998 5720006 699125724 5720022 221842722
24 15 395803004 5720006 875100651 5720022 270903655
25 15 276113727 5720007 47146930 5720022 323260657
26 15 163521224 5720007 208723275 5720022 372244499
27 15 43904760 5720007 378319359 5720022 422224119
28 14 937847930 5720007 531799449 5720022 469647379
29 14 816967583 5720007 700355700 5720022 517323283
30 14 696164197 5720007 863257983 5720022 559422180
31 14 584053480 5720008 23136935 5720022 607190415
32 14 482399699 5720008 182342750 5720022 664742449
33 14 373048394 5720008 336252369 5720022 709300763
34 14 240369360 5720008 508982116 5720022 749351476
35 14 134909816 5720008 664399577 5720022 799309393
36 14 22768564 5720008 823818240 5720022 846586804
37 13 898097936 5720008 991224735 5720022 889322671
38 13 774513601 5720009 163044722 5720022 937558323
39 13 663330590 5720009 321601531 5720022 984932121
40 13 552053618 5720009 482776736 5720023 34830354
41 13 448495168 5720009 632317233 5720023 80812401
42 13 310690137 5720009 812465434 5720023 123155571
43 13 212150204 5720009 971807747 5720023 183957951
44 13 101754346 5720010 131330260 5720023 233084606
45 12 989392375 5720010 291577816 5720023 280970191
46 12 889001292 5720010 463390858 5720023 352392150
47 12 775116960 5720010 623934964 5720023 399051924
48 12 668451828 5720010 787704231 5720023 456156059
49 12 564535385 5720010 961506532 5720023 526041917
50 12 440042494 5720011 133315482 5720023 573357976
51 12 320124091 5720011 303158247 5720023 623282338
52 12 226477604 5720011 464597539 5720023 691075143
53 12 116743102 5720011 621699876 5720023 738442978
54 12 24694141 5720011 777156947 5720023 801851088
55 11 929765788 5720011 943376446 5720023 873142234
56 11 833412870 5720012 108259007 5720023 941671877
57 11 728289616 5720012 277323268 5720024 5612884
58 11 615513487 5720012 452353491 5720024 67866978
59 11 523588098 5720012 611360495 5720024 134948593
60 11 419692246 5720012 780907673 5720024 200599919
61 11 316363977 5720012 945898047 5720024 262262024
62 11 215169094 5720013 114717960 5720024 329887054
63 11 120498533 5720013 272411341 5720024 392909874
64 11 29738510 5720013 433822486 5720024 463560996
1 18 13880709 5720046 295176920 5720064 309057629
2 17 860207494 5720046 491608372 5720064 351815866
3 17 748470511 5720046 649746505 5720064 398217016
4 17 632303630 5720046 810644623 5720064 442948253
5 17 517903920 5720046 973314652 5720064 491218572
6 17 397455971 5720047 141641261 5720064 539097232
7 17 278937078 5720047 305051295 5720064 583988373
8 17 157877548 5720047 471371200 5720064 629248748
9 17 38432636 5720047 637738438 5720064 676171074
10 16 922071128 5720047 801819182 5720064 723890310
11 16 808796044 5720047 962646598 5720064 771442642
12 16 696403111 5720048 124314479 5720064 820717590
13 16 577931940 5720048 284455778 5720064 862387718
14 16 486114863 5720048 433381731 5720064 919496594
15 16 366031962 5720048 596300293 5720064 962332255
16 16 248265648 5720048 756991285 5720065 5256933
17 16 141072599 5720048 913834553 5720065 54907152
18 16 36534871 5720049 69567064 5720065 106101935
19 15 924455154 5720049 232817045 5720065 157272199
20 15 800461012 5720049 399110303 5720065 199571315
21 15 687978006 5720049 561232195 5720065 249210201
22 15 570523168 5720049 730508878 5720065 301032046
23 15 464746944 5720049 881299463 5720065 346046407
24 15 345226033 5720050 48172932 5720065 393398965
25 15 228032578 5720050 214695112 5720065 442727690
26 15 118615053 5720050 374201459 5720065 492816512
27 15 5932569 5720050 527196466 5720065 533129035
28 14 875732617 5720050 701325429 5720065 577058046
29 14 764673141 5720050 861218825 5720065 625891966
30 14 645348263 5720051 27916501 5720065 673264764
31 14 518275012 5720051 197561363 5720065 715836375
32 14 409457159 5720051 355188728 5720065 764645887
33 14 287111005 5720051 521686630 5720065 808797635
34 14 171373116 5720051 682768893 5720065 854142009
35 14 58381417 5720051 843844692 5720065 902226109
36 13 946873652 5720052 5309300 5720065 952182952
37 13 832132577 5720052 164402470 5720065 996535047
38 13 710896457 5720052 332693339 5720066 43589796
39 13 593234196 5720052 503203685 5720066 96437881
40 13 468262018 5720052 674763436 5720066 143025454
41 13 349056082 5720052 837164878 5720066 186220960
42 13 218996090 5720053 12484486 5720066 231480576
43 13 102114093 5720053 176464842 5720066 278578935
44 13 8032058 5720053 331495015 5720066 339527073
45 12 904210761 5720053 484973827 5720066 389184588
46 12 774527502 5720053 662719297 5720066 437246799
47 12 674384358 5720053 824289199 5720066 498673557
48 12 569052756 5720053 988700825 5720066 557753581
49 12 464103961 5720054 143662110 5720066 607766071
50 12 370312402 5720054 304791372 5720066 675103774
51 12 251708918 5720054 471269904 5720066 722978822
52 12 158321777 5720054 624136987 5720066 782458764
53 12 44027194 5720054 793122028 5720066 837149222
54 11 933133437 5720054 961397971 5720066 894531408
55 11 822865556 5720055 122825302 5720066 945690858
56 11 728054460 5720055 284719938 5720067 12774398
57 11 642150142 5720055 441430857 5720067 83580999
58 11 543564265 5720055 605067609 5720067 148631874
59 11 442558638 5720055 768887635 5720067 211446273
60 11 356810261 5720055 930421390 5720067 287231651
61 11 250575453 5720056 93037957 5720067 343613410
62 11 160429474 5720056 254063054 5720067 414492528
63 11 56836450 5720056 415556032 5720067 472392482
64 10 963509715 5720056 575576185 5720067 539085900
1 18 82755802 5720087 875850705 5720105 958606507
2 17 945259043 5720088 62606358 5720106 7865401
3 17 832358804 5720088 222934487 5720106 55293291
4 17 712622008 5720088 386118026 5720106 98740034
5 17 596607196 5720088 549977479 5720106 146584675
6 17 487686587 5720088 715102166 5720106 202788753
7 17 370715702 5720088 878853713 5720106 249569415
8 17 229635305 5720089 62919232 5720106 292554537
9 17 110203077 5720089 231998920 5720106 342201997
10 16 993826162 5720089 390669710 5720106 384495872
11 16 884245120 5720089 550587032 5720106 434832152
12 16 769056035 5720089 713679962 5720106 482735997
13 16 658785265 5720089 873393992 5720106 532179257
14 16 544088227 5720090 32599790 5720106 576688017
15 16 427362966 5720090 192786719 5720106 620149685
16 16 306804982 5720090 359040459 5720106 665845441
17 16 197195237 5720090 522803376 5720106 719998613
18 16 83524123 5720090 678903585 5720106 762427708
19 15 966364686 5720090 840950460 5720106 807315146
20 15 846903847 5720091 9615341 5720106 856519188
21 15 743501116 5720091 164700809 5720106 908201925
22 15 625410363 5720091 327219805 5720106 952630168
23 15 527098461 5720091 480594602 5720107 7693063
24 15 408654252 5720091 644581644 5720107 53235896
25 15 297884585 5720091 802418505 5720107 100303090
26 15 183999122 5720091 963768246 5720107 147767368
27 15 40732618 5720092 147066538 5720107 187799156
28 14 939962930 5720092 305692866 5720107 245655796
29 14 823069692 5720092 475687407 5720107 298757099
30 14 708977900 5720092 637593600 5720107 346571500
31 14 588842760 5720092 804389182 5720107 393231942
32 14 472100278 5720092 979913231 5720107 452013509
33 14 361822397 5720093 132744927 5720107 494567324
34 14 250071951 5720093 286572789 5720107 536644740
35 14 133403172 5720093 450628663 5720107 584031835
36 14 11565636 5720093 620736888 5720107 632302524
37 13 896916097 5720093 782747671 5720107 679663768
38 13 777165486 5720093 945147299 5720107 722312785
39 13 661538409 5720094 107314283 5720107 768852692
40 13 562334229 5720094 260928445 5720107 823262674
41 13 438848576 5720094 432209537 5720107 871058113
42 13 329253793 5720094 602715124 5720107 931968917
43 13 211498016 5720094 771343431 5720107 982841447
44 13 110498702 5720094 923742209 5720108 34240911
45 13 11155116 5720095 89678197 5720108 100833313
46 12 900864273 5720095 247907699 5720108 148771972
47 12 796928478 5720095 416089496 5720108 213017974
48 12 686109847 5720095 582930930 5720108 269040777
49 12 580484768 5720095 739619554 5720108 320104322
50 12 469266849 5720095 903745353 5720108 373012202
51 12 364417386 5720096 69302903 5720108 433720289
52 12 267254204 5720096 223945713 5720108 491199917
53 12 172914747 5720096 378579764 5720108 551494511
54 12 72188724 5720096 540668009 5720108 612856733
55 11 975804954 5720096 696519222 5720108 672324176
56 11 867710273 5720096 865827832 5720108 733538105
57 11 761892049 5720097 36859539 5720108 798751588
58 11 667457224 5720097 197337888 5720108 864795112
59 11 585873121 5720097 352065030 5720108 937938151
60 11 489962472 5720097 512419751 5720109 2382223
61 11 388215209 5720097 680607382 5720109 68822591
62 11 300258243 5720097 849090433 5720109 149348676
63 11 196461519 5720098 16902200 5720109 213363719
64 11 108082524 5720098 171569751 5720109 279652275
1 18 36899981 5720130 115608482 5720148 152508463
2 17 878931307 5720130 317832458 5720148 196763765
3 17 765263527 5720130 473819706 5720148 239083233
4 17 651872556 5720130 642491606 5720148 294364162
5 17 532700711 5720130 807233487 5720148 339934198
6 17 425662047 5720130 966608987 5720148 392271034
7 17 304222282 5720131 129604363 5720148 433826645
8 17 197383207 5720131 281910236 5720148 479293443
9 17 80814184 5720131 445715894 5720148 526530078
10 16 963880464 5720131 612961580 5720148 576842044
11 16 860318346 5720131 769610501 5720148 629928847
12 16 739224778 5720131 933374678 5720148 672599456
13 16 630963044 5720132 89943601 5720148 720906645
14 16 515969214 5720132 251737074 5720148 767706288
15 16 394444210 5720132 414467548 5720148 808911758
16 16 277352956 5720132 581247780 5720148 858600736
17 16 152721178 5720132 752517964 5720148 905239142
18 16 45968230 5720132 911436973 5720148 957405203
19 15 926675499 5720133 76401016 5720149 3076515
20 15 813905757 5720133 235283247 5720149 49189004
21 15 689274996 5720133 409382027 5720149 98657023
22 15 557354112 5720133 584334699 5720149 141688811
23 15 447294097 5720133 741039767 5720149 188333864
24 15 333382840 5720133 901437229 5720149 234820069
25 15 224742187 5720134 58207778 5720149 282949965
26 15 110210404 5720134 219489853 5720149 329700257
27 14 980402258 5720134 392554893 5720149 372957151
28 14 867513481 5720134 553081020 5720149 420594501
29 14 755856199 5720134 714486371 5720149 470342570
30 14 625407122 5720134 888521133 5720149 513928255
31 14 505401886 5720135 62574062 5720149 567975948
32 14 396724955 5720135 223918174 5720149 620643129
33 14 267700481 5720135 391805125 5720149 659505606
34 14 167859330 5720135 552096812 5720149 719956142
35 14 57301565 5720135 713022375 5720149 770323940
36 13 945243088 5720135 870377783 5720149 815620871
37 13 831755766 5720136 31995686 5720149 863751452
38 13 718480959 5720136 189194449 5720149 907675408
39 13 607922583 5720136 351578078 5720149 959500661
40 13 499712793 5720136 512830876 5720150 12543669
41 13 382965273 5720136 673809827 5720150 56775100
42 13 259728986 5720136 839180863 5720150 98909849
43 13 154279552 5720137 1940540 5720150 156220092
44 13 40104039 5720137 162736366 5720150 202840405
45 12 933234558 5720137 326592800 5720150 259827358
46 12 806747091 5720137 502645136 5720150 309392227
47 12 703381025 5720137 666101578 5720150 369482603
48 12 594742742 5720137 823009513 5720150 417752255
49 12 506805665 5720137 986024501 5720150 492830166
50 12 393107532 5720138 148078525 5720150 541186057
51 12 279468011 5720138 309667446 5720150 589135457
52 12 175193924 5720138 467462476 5720150 642656400
53 12 74075983 5720138 629132877 5720150 703208860
54 11 976383254 5720138 789893111 5720150 766276365
55 11 875333015 5720138 954408070 5720150 829741085
56 11 786209554 5720139 114891234 5720150 901100788
57 11 685913319 5720139 273563136 5720150 959476455
58 11 580587400 5720139 445320497 5720151 25907897
59 11 495542232 5720139 603818143 5720151 99360375
60 11 394062964 5720139 767189809 5720151 161252773
61 11 297234793 5720139 932820600 5720151 230055393
62 11 193566437 5720140 92869420 5720151 286435857
63 11 89650048 5720140 262872925 5720151 352522973
64 10 984368277 5720140 430732692 5720151 415100969
1 17 874011862 5720172 822698571 5720190 696710433
2 17 735794410 5720173 21295246 5720190 757089656
3 17 634782226 5720173 173135554 5720190 807917780
4 17 521310163 5720173 334537628 5720190 855847791
5 17 409925895 5720173 491524802 5720190 901450697
6 17 305662085 5720173 643632939 5720190 949295024
7 17 181098230 5720173 814141361 5720190 995239591
8 17 62174307 5720173 980940000 5720191 43114307
9 16 949691355 5720174 138646217 5720191 88337572
10 16 845873056 5720174 296494376 5720191 142367432
11 16 732635767 5720174 451542179 5720191 184177946
12 16 616909821 5720174 614129212 5720191 231039033
13 16 518377330 5720174 772652692 5720191 291030022
14 16 393005286 5720174 936020636 5720191 329025922
15 16 284518056 5720175 98652539 5720191 383170595
16 16 170506948 5720175 260678527 5720191 431185475
17 16 45471175 5720175 428294281 5720191 473765456
18 15 929028261 5720175 592013700 5720191 521041961
19 15 823753341 5720175 747610382 5720191 571363723
20 15 701025970 5720175 911928494 5720191 612954464
21 15 579855533 5720176 73558082 5720191 653413615
22 15 466765092 5720176 238458350 5720191 705223442
23 15 344963463 5720176 402800165 5720191 747763628
24 15 233248441 5720176 559602047 5720191 792850488
25 15 115556254 5720176 721392632 5720191 836948886
26 15 198097 5720176 884746373 5720191 884944470
27 14 887197878 5720177 46524791 5720191 933722669
28 14 786260469 5720177 206044956 5720191 992305425
29 14 671291804 5720177 361483419 5720192 32775223
30 14 550594488 5720177 529823696 5720192 80418184
31 14 429860117 5720177 700943236 5720192 130803353
32 14 294438391 5720177 871408418 5720192 165846809
33 14 186396504 5720178 42480015 5720192 228876519
34 14 65082440 5720178 208127731 5720192 273210171
35 13 956605488 5720178 366332624 5720192 322938112
36 13 846065648 5720178 523453815 5720192 369519463
37 13 725990634 5720178 687735817 5720192 413726451
38 13 606532054 5720178 852090261 5720192 458622315
39 13 486452578 5720179 17322800 5720192 503775378
40 13 375124123 5720179 177028183 5720192 552152306
41 13 266740168 5720179 334484498 5720192 601224666
42 13 155537692 5720179 493612633 5720192 649150325
43 13 53085535 5720179 642895637 5720192 695981172
44 12 932398070 5720179 808489336 5720192 740887406
45 12 822623901 5720179 963520714 5720192 786144615
46 12 695040676 5720180 131166338 5720192 826207014
47 12 585061160 5720180 297964551 5720192 883025711
48 12 471216493 5720180 467803819 5720192 939020312
49 12 361647782 5720180 624904770 5720192 986552552
50 12 260353325 5720180 784926314 5720193 45279639
51 12 162537433 5720180 942769065 5720193 105306498
52 12 50462621 5720181 102573262 5720193 153035883
53 11 963780761 5720181 260055761 5720193 223836522
54 11 849563879 5720181 419917493 5720193 269481372
55 11 730485403 5720181 587808334 5720193 318293737
56 11 619929860 5720181 762044038 5720193 381973898
57 11 521334444 5720181 918461428 5720193 439795872
58 11 424753714 5720182 83419731 5720193 508173445
59 11 347033834 5720182 237447443 5720193 584481277
60 11 250976686 5720182 395222233 5720193 646198919
61 11 157389455 5720182 554172538 5720193 711561993
62 11 66487137 5720182 715063158 5720193 781550295
63 10 960188347 5720182 887748447 5720193 847936794
64 10 853035277 5720183 66531622 5720193 919566899
1 18 30790720 5720214 852525721 5720232 883316441
2 17 899669764 5720215 31802665 5720232 931472429
3 17 781577436 5720215 199936502 5720232 981513938
4 17 671689750 5720215 358272541 5720233 29962291
5 17 553090042 5720215 521373213 5720233 74463255
6 17 450651865 5720215 674924231 5720233 125576096
7 17 323531446 5720215 841191510 5720233 164722956
8 17 201980108 5720216 2854913 5720233 204835021
9 17 83824595 5720216 173853327 5720233 257677922
10 16 965200314 5720216 337581635 5720233 302781949
11 16 861951652 5720216 493486146 5720233 355437798
12 16 738184745 5720216 665718295 5720233 403903040
13 16 615877717 5720216 830083518 5720233 445961235
14 16 501894626 5720216 985636646 5720233 487531272
15 16 393797870 5720217 143266365 5720233 537064235
16 16 281619783 5720217 303001322 5720233 584621105
17 16 173587895 5720217 459036516 5720233 632624411
18 16 53415699 5720217 632609288 5720233 686024987
19 15 947287738 5720217 785320692 5720233 732608430
20 15 818239374 5720217 953932502 5720233 772171876
21 15 704290171 5720218 116625941 5720233 820916112
22 15 586497467 5720218 281605689 5720233 868103156
23 15 464533711 5720218 455539047 5720233 920072758
24 15 344703433 5720218 622008842 5720233 966712275
25 15 224070560 5720218 789347842 5720234 13418402
26 15 97124952 5720218 957820266 5720234 54945218
27 14 984789034 5720219 118973623 5720234 103762657
28 14 880939717 5720219 274458271 5720234 155397988
29 14 748783911 5720219 450800399 5720234 199584310
30 14 650363677 5720219 603592245 5720234 253955922
31 14 542378160 5720219 759233779 5720234 301611939
32 14 425344070 5720219 923169825 5720234 348513895
33 14 308675937 5720220 84783914 5720234 393459851
34 14 189863456 5720220 245723052 5720234 435586508
35 14 78373151 5720220 408711579 5720234 487084730
36 13 960401821 5720220 573032135 5720234 533433956
37 13 843765871 5720220 741366377 5720234 585132248
38 13 728152626 5720220 908763191 5720234 636915817
39 13 620542824 5720221 61702553 5720234 682245377
40 13 504950782 5720221 225977833 5720234 730928615
41 13 387468738 5720221 385341149 5720234 772809887
42 13 271165468 5720221 548774223 5720234 819939691
43 13 153381875 5720221 713672972 5720234 867054847
44 13 39589577 5720221 885776013 5720234 925365590
45 12 922014665 5720222 48810446 5720234 970825111
46 12 809320068 5720222 213235557 5720235 22555625
47 12 718107811 5720222 368168567 5720235 86276378
48 12 611220828 5720222 531833340 5720235 143054168
49 12 489641750 5720222 699972436 5720235 189614186
50 12 402416381 5720222 856219163 5720235 258635544
51 12 291239553 5720223 21045969 5720235 312285522
52 12 174933358 5720223 188084086 5720235 363017444
53 12 60804288 5720223 356928725 5720235 417733013
54 11 949826215 5720223 519614813 5720235 469441028
55 11 847584590 5720223 685792687 5720235 533377277
56 11 758320537 5720223 852747306 5720235 611067843
57 11 647863455 5720224 24670220 5720235 672533675
58 11 547590774 5720224 193512841 5720235 741103615
59 11 436982305 5720224 358226798 5720235 795209103
60 11 339734586 5720224 527276711 5720235 867011297
61 11 245253576 5720224 688197664 5720235 933451240
62 11 149290797 5720224 863608273 5720236 12899070
63 11 38788270 5720225 36737980 5720236 75526250
64 10 937556571 5720225 200919243 5720236 138475814
1 18 55837535 5720256 685591074 5720274 741428609
2 17 917152425 5720256 874142271 5720274 791294696
3 17 808416199 5720257 33229296 5720274 841645495
4 17 692798805 5720257 199675258 5720274 892474063
5 17 580438239 5720257 361465159 5720274 941903398
6 17 443448541 5720257 542761881 5720274 986210422
7 17 334407746 5720257 697620819 5720275 32028565
8 17 230188233 5720257 852754492 5720275 82942725
9 17 115607634 5720258 15570374 5720275 131178008
10 16 993912521 5720258 182629880 5720275 176542401
11 16 880139778 5720258 346689368 5720275 226829146
12 16 773105667 5720258 503166202 5720275 276271869
13 16 666882728 5720258 656737386 5720275 323620114
14 16 549005543 5720258 822884243 5720275 371889786
15 16 423698441 5720258 994972285 5720275 418670726
16 16 305757295 5720259 166682537 5720275 472439832
17 16 193824369 5720259 327166962 5720275 520991331
18 16 77632115 5720259 485130213 5720275 562762328
19 15 956847596 5720259 650964020 5720275 607811616
20 15 845682008 5720259 810522499 5720275 656204507
21 15 732091373 5720259 973434120 5720275 705525493
22 15 609924416 5720260 136030691 5720275 745955107
23 15 500797641 5720260 298266306 5720275 799063947
24 15 378736998 5720260 462435903 5720275 841172901
25 15 264713167 5720260 630414522 5720275 895127689
26 15 146317343 5720260 793600045 5720275 939917388
27 15 27648969 5720260 954822253 5720275 982471222
28 14 916186813 5720261 112468713 5720276 28655526
29 14 787505367 5720261 288998542 5720276 76503909
30 14 679564996 5720261 447972681 5720276 127537677
31 14 574941415 5720261 603021615 5720276 177963030
32 14 454021287 5720261 773440522 5720276 227461809
33 14 341183119 5720261 932559047 5720276 273742166
34 14 229718147 5720262 89216507 5720276 318934654
35 14 120751629 5720262 243470549 5720276 364222178
36 13 994647210 5720262 413710884 5720276 408358094
37 13 879853837 5720262 577477637 5720276 457331474
38 13 758182741 5720262 739635254 5720276 497817995
39 13 637309539 5720262 903562781 5720276 540872320
40 13 515114564 5720263 69431921 5720276 584546485
41 13 404731480 5720263 229440670 5720276 634172150
42 13 285859073 5720263 394341309 5720276 680200382
43 13 181124457 5720263 562832585 5720276 743957042
44 13 66195606 5720263 726784260 5720276 792979866
45 12 939327588 5720263 899515383 5720276 838842971
46 12 843246737 5720264 62729850 5720276 905976587
47 12 734998502 5720264 219869930 5720276 954868432
48 12 629277626 5720264 382622406 5720277 11900032
49 12 516530364 5720264 560592468 5720277 77122832
50 12 394178262 5720264 725562365 5720277 119740627
51 12 288634736 5720264 882446469 5720277 171081205
52 12 197366831 5720265 42712528 5720277 240079359
53 12 71464833 5720265 211337505 5720277 282802338
54 11 945997216 5720265 385852724 5720277 331849940
55 11 841100030 5720265 554862841 5720277 395962871
56 11 745403060 5720265 712760926 5720277 458163986
57 11 642303154 5720265 890818986 5720277 533122140
58 11 548210394 5720266 49806755 5720277 598017149
59 11 445762624 5720266 214804522 5720277 660567146
60 11 351075136 5720266 378395259 5720277 729470395
61 11 243109876 5720266 550771370 5720277 793881246
62 11 157769250 5720266 702766287 5720277 860535537
63 11 63008892 5720266 866318637 5720277 929327529
64 10 963558436 5720267 32719489 5720277 996277925
1 18 140751858 5720298 715666106 5720316 856417964
2 17 999204060 5720298 909730034 5720316 908934094
3 17 884201061 5720299 62815895 5720316 947016956
4 17 780371725 5720299 218626889 5720316 998998614
5 17 663816181 5720299 382486104 5720317 46302285
6 17 530270696 5720299 564045821 5720317 94316517
7 17 423986609 5720299 719318715 5720317 143305324
8 17 312434806 5720299 878341964 5720317 190776770
9 17 189665026 5720300 52575522 5720317 242240548
10 17 72437385 5720300 217364608 5720317 289801993
11 16 959562568 5720300 377251416 5720317 336813984
12 16 846587366 5720300 539997818 5720317 386585184
13 16 732081191 5720300 700442745 5720317 432523936
14 16 621504074 5720300 862731377 5720317 484235451
15 16 497258322 5720301 31303078 5720317 528561400
16 16 385235601 5720301 189103721 5720317 574339322
17 16 261777298 5720301 362072247 5720317 623849545
18 16 140434455 5720301 527927350 5720317 668361805
19 16 34185589 5720301 684365889 5720317 718551478
20 15 916888338 5720301 847050440 5720317 763938778
21 15 801030948 5720302 14667307 5720317 815698255
22 15 682158967 5720302 180360506 5720317 862519473
23 15 580075801 5720302 340750322 5720317 920826123
24 15 464092932 5720302 503598019 5720317 967690951
25 15 347359929 5720302 667782339 5720318 15142268
26 15 233811015 5720302 830392410 5720318 64203425
27 15 118933496 5720302 988363938 5720318 107297434
28 15 9337600 5720303 150234135 5720318 159571735
29 14 896553745 5720303 307766968 5720318 204320713
30 14 763128702 5720303 482984063 5720318 246112765
31 14 645997003 5720303 648477136 5720318 294474139
32 14 532240741 5720303 810990264 5720318 343231005
33 14 414292743 5720303 980299562 5720318 394592305
34 14 293199024 5720304 149628212 5720318 442827236
35 14 183946918 5720304 308569482 5720318 492516400
36 14 55660224 5720304 479669876 5720318 535330100
37 13 951793073 5720304 637438964 5720318 589232037
38 13 834126458 5720304 803325955 5720318 637452413
39 13 723910278 5720304 961493776 5720318 685404054
40 13 600057056 5720305 133308083 5720318 733365139
41 13 490242405 5720305 301173501 5720318 791415906
42 13 376393737 5720305 471372949 5720318 847766686
43 13 265058337 5720305 637445807 5720318 902504144
44 13 157174391 5720305 805853733 5720318 963028124
45 13 41583607 5720305 968830798 5720319 10414405
46 12 928782845 5720306 142440997 5720319 71223842
47 12 818391334 5720306 302589337 5720319 120980671
48 12 699777830 5720306 482415290 5720319 182193120
49 12 580445412 5720306 642716405 5720319 223161817
50 12 469560689 5720306 818845371 5720319 288406060
51 12 351265196 5720306 988201891 5720319 339467087
52 12 257626946 5720307 147178438 5720319 404805384
53 12 149605911 5720307 305660475 5720319 455266386
54 12 72733940 5720307 463053959 5720319 535787899
55 11 963604073 5720307 630546217 5720319 594150290
56 11 863289467 5720307 799039993 5720319 662329460
57 11 759531221 5720307 970497251 5720319 730028472
58 11 673475237 5720308 128766959 5720319 802242196
59 11 560731808 5720308 303428472 5720319 864160280
60 11 459318963 5720308 470680697 5720319 929999660
61 11 368063576 5720308 634054680 5720320 2118256
62 11 279335235 5720308 794114540 5720320 73449775
63 11 176418900 5720308 962860293 5720320 139279193
64 11 83338028 5720309 126262776 5720320 209600804
1 18 130901761 5720341 58116728 5720359 189018489
2 18 20550676 5720341 222540321 5720359 243090997
3 17 904544715 5720341 383903731 5720359 288448446
4 17 789479292 5720341 546825167 5720359 336304459
5 17 671132114 5720341 711822806 5720359 382954920
6 17 550383335 5720341 878964478 5720359 429347813
7 17 431631203 5720342 42904932 5720359 474536135
8 17 312555520 5720342 213779887 5720359 526335407
9 17 201993994 5720342 369586512 5720359 571580506
10 17 92630390 5720342 528176233 5720359 620806623
11 16 974420433 5720342 689440682 5720359 663861115
12 16 867480840 5720342 849874720 5720359 717355560
13 16 759910165 5720343 6736066 5720359 766646231
14 16 656149142 5720343 164961460 5720359 821110602
15 16 552365841 5720343 319603181 5720359 871969022
16 16 427268253 5720343 488269325 5720359 915537578
17 16 315197588 5720343 651263797 5720359 966461385
18 16 188834172 5720343 822622502 5720360 11456674
19 16 79828376 5720343 980627160 5720360 60455536
20 15 967789489 5720344 144963551 5720360 112753040
21 15 846629476 5720344 309666454 5720360 156295930
22 15 740331370 5720344 462969126 5720360 203300496
23 15 621252300 5720344 629338831 5720360 250591131
24 15 507847679 5720344 794310081 5720360 302157760
25 15 384814293 5720344 958634473 5720360 343448766
26 15 268186880 5720345 125790349 5720360 393977229
27 15 145517617 5720345 292659008 5720360 438176625
28 15 32476563 5720345 456671813 5720360 489148376
29 14 910847781 5720345 620826800 5720360 531674581
30 14 788006855 5720345 790624589 5720360 578631444
31 14 679051373 5720345 949029518 5720360 628080891
32 14 560624142 5720346 114039156 5720360 674663298
33 14 430920233 5720346 292615985 5720360 723536218
34 14 310747035 5720346 462718694 5720360 773465729
35 14 189392007 5720346 631009845 5720360 820401852
36 14 71419674 5720346 792809173 5720360 864228847
37 13 959875426 5720346 952935384 5720360 912810810
38 13 843314826 5720347 119306071 5720360 962620897
39 13 723697914 5720347 286696387 5720361 10394301
40 13 610194609 5720347 451665063 5720361 61859672
41 13 505030945 5720347 608542316 5720361 113573261
42 13 384225407 5720347 784264717 5720361 168490124
43 13 258706938 5720347 954721142 5720361 213428080
44 13 141544925 5720348 125503283 5720361 267048208
45 13 23971400 5720348 299001652 5720361 322973052
46 12 903641335 5720348 465466577 5720361 369107912
47 12 830236040 5720348 622767841 5720361 453003881
48 12 707586147 5720348 792219896 5720361 499806043
49 12 598367688 5720348 952662768 5720361 551030456
50 12 492615813 5720349 116789515 5720361 609405328
51 12 373647462 5720349 287104332 5720361 660751794
52 12 274769940 5720349 453180265 5720361 727950205
53 12 178428278 5720349 615846799 5720361 794275077
54 12 83739232 5720349 776871586 5720361 860610818
55 11 984141280 5720349 941369696 5720361 925510976
56 11 884327627 5720350 106769938 5720361 991097565
57 11 779168314 5720350 271206828 5720362 50375142
58 11 700563820 5720350 425072508 5720362 125636328
59 11 598857592 5720350 591212958 5720362 190070550
60 11 485179994 5720350 770469441 5720362 255649435
61 11 384019256 5720350 932886035 5720362 316905291
62 11 284193288 5720351 97510829 5720362 381704117
63 11 199790347 5720351 255601300 5720362 455391647
64 11 99132876 5720351 417807009 5720362 516939885
1 18 137462412 5720383 905214984 5720402 42677396
2 17 992445621 5720384 102797718 5720402 95243339
3 17 881314642 5720384 262211017 5720402 143525659
4 17 773390530 5720384 420537502 5720402 193928032
5 17 636958320 5720384 602627507 5720402 239585827
6 17 519672105 5720384 769868307 5720402 289540412
7 17 409014988 5720384 930136201 5720402 339151189
8 17 292821196 5720385 89900234 5720402 382721430
9 17 160211322 5720385 262264254 5720402 422475576
10 17 52477336 5720385 422232931 5720402 474710267
11 16 929417692 5720385 589540415 5720402 518958107
12 16 839940382 5720385 731079659 5720402 571020041
13 16 708099846 5720385 907903392 5720402 616003238
14 16 600326360 5720386 63392060 5720402 663718420
15 16 487419063 5720386 227002299 5720402 714421362
16 16 371187716 5720386 388240971 5720402 759428687
17 16 260498155 5720386 546258444 5720402 806756599
18 16 141346438 5720386 711450949 5720402 852797387
19 16 22958335 5720386 873208278 5720402 896166613
20 15 901647047 5720387 41678926 5720402 943325973
21 15 786447792 5720387 206327164 5720402 992774956
22 15 661357778 5720387 376454411 5720403 37812189
23 15 540470315 5720387 552618804 5720403 93089119
24 15 430681200 5720387 712921086 5720403 143602286
25 15 308881180 5720387 877359346 5720403 186240526
26 15 199928012 5720388 38532779 5720403 238460791
27 15 84322173 5720388 199067149 5720403 283389322
28 14 974893273 5720388 356557058 5720403 331450331
29 14 851048458 5720388 523173537 5720403 374221995
30 14 738197623 5720388 682642927 5720403 420840550
31 14 623299733 5720388 849653899 5720403 472953632
32 14 500759467 5720389 21458059 5720403 522217526
33 14 386806022 5720389 179956060 5720403 566762082
34 14 271289311 5720389 350637277 5720403 621926588
35 14 163622230 5720389 508676065 5720403 672298295
36 14 60259940 5720389 661892905 5720403 722152845
37 13 937386792 5720389 827165502 5720403 764552294
38 13 818294943 5720389 992686742 5720403 810981685
39 13 697630327 5720390 157773176 5720403 855403503
40 13 594112614 5720390 321443154 5720403 915555768
41 13 484749176 5720390 486855063 5720403 971604239
42 13 360895639 5720390 656635464 5720404 17531103
43 13 255826825 5720390 817896617 5720404 73723442
44 13 149919267 5720390 981406284 5720404 131325551
45 13 57268795 5720391 137755010 5720404 195023805
46 12 955913707 5720391 298123884 5720404 254037591
47 12 849075186 5720391 453561701 5720404 302636887
48 12 740580898 5720391 617384862 5720404 357965760
49 12 649006054 5720391 776716699 5720404 425722753
50 12 539210291 5720391 939882891 5720404 479093182
51 12 443282010 5720392 101380725 5720404 544662735
52 12 336131382 5720392 276725356 5720404 612856738
53 12 240922458 5720392 434884696 5720404 675807154
54 12 144089601 5720392 602656228 5720404 746745829
55 12 52397203 5720392 759428761 5720404 811825964
56 11 958882692 5720392 917037334 5720404 875920026
57 11 855704490 5720393 77674925 5720404 933379415
58 11 768900223 5720393 242806284 5720405 11706507
59 11 665211494 5720393 408592056 5720405 73803550
60 11 576900775 5720393 566639343 5720405 143540118
61 11 471006642 5720393 730631834 5720405 201638476
62 11 378743348 5720393 891873988 5720405 270617336
63 11 284989360 5720394 57930699 5720405 342920059
64 11 191308314 5720394 215682918 5720405 406991232
1 18 118449330 5720425 746573834 5720443 865023164
2 18 4128540 5720425 910517974 5720443 914646514
3 17 876929657 5720426 80554353 5720443 957484010
4 17 768580886 5720426 238175593 5720444 6756479
5 17 646122544 5720426 403009013 5720444 49131557
6 17 532291950 5720426 569898542 5720444 102190492
7 17 404264768 5720426 737004364 5720444 141269132
8 17 297198064 5720426 898580716 5720444 195778780
9 17 185646223 5720427 54787241 5720444 240433464
10 17 70003513 5720427 216823436 5720444 286826949
11 16 953080994 5720427 372973963 5720444 326054957
12 16 845621817 5720427 535159210 5720444 380781027
13 16 720875241 5720427 702265439 5720444 423140680
14 16 611805334 5720427 860441521 5720444 472246855
15 16 489492639 5720428 28523954 5720444 518016593
16 16 385799614 5720428 183558594 5720444 569358208
17 16 271331400 5720428 345384867 5720444 616716267
18 16 153392308 5720428 513144695 5720444 666537003
19 16 33767155 5720428 682770266 5720444 716537421
20 15 923920225 5720428 848349673 5720444 772269898
21 15 793902728 5720429 22600843 5720444 816503571
22 15 686388219 5720429 178853997 5720444 865242216
23 15 567015450 5720429 345841525 5720444 912856975
24 15 439266744 5720429 516378246 5720444 955644990
25 15 314714035 5720429 681012225 5720444 995726260
26 15 197260618 5720429 851073696 5720445 48334314
27 15 91437187 5720430 8036819 5720445 99474006
28 14 978511964 5720430 169857962 5720445 148369926
29 14 870780866 5720430 328686068 5720445 199466934
30 14 753692573 5720430 492581135 5720445 246273708
31 14 632133011 5720430 658549145 5720445 290682156
32 14 514855517 5720430 821633561 5720445 336489078
33 14 402445876 5720430 989389223 5720445 391835099
34 14 272605710 5720431 161256493 5720445 433862203
35 14 147283681 5720431 335572236 5720445 482855917
36 14 33407235 5720431 498504006 5720445 531911241
37 13 920139611 5720431 669648864 5720445 589788475
38 13 806154686 5720431 830867277 5720445 637021963
39 13 679509459 5720432 2509311 5720445 682018770
40 13 564610255 5720432 162353046 5720445 726963301
41 13 461762306 5720432 317640830 5720445 779403136
42 13 346663660 5720432 482684080 5720445 829347740
43 13 236120948 5720432 653522980 5720445 889643928
44 13 127778935 5720432 815219070 5720445 942998005
45 13 30441828 5720432 975570833 5720446 6012661
46 12 914482606 5720433 138663804 5720446 53146410
47 12 805777915 5720433 305293876 5720446 111071791
48 12 715050332 5720433 462087243 5720446 177137575
49 12 617274141 5720433 617917997 5720446 235192138
50 12 513129957 5720433 773942619 5720446 287072576
51 12 405505431 5720433 937553988 5720446 343059419
52 12 293897979 5720434 99239245 5720446 393137224
53 12 209611851 5720434 254878540 5720446 464490391
54 12 102344596 5720434 424149285 5720446 526493881
55 11 996946232 5720434 595388141 5720446 592334373
56 11 902664252 5720434 755924901 5720446 658589153
57 11 784730234 5720434 935775485 5720446 720505719
58 11 697832043 5720435 93123730 5720446 790955773
59 11 601446955 5720435 257275200 5720446 858722155
60 11 491960445 5720435 432791124 5720446 924751569
61 11 393804168 5720435 597127998 5720446 990932166
62 11 299996866 5720435 761813513 5720447 61810379
63 11 189805980 5720435 937939574 5720447 127745554
64 11 89424467 5720436 97759921 5720447 187184388
1 18 153095983 5720467 601527845 5720485 754623828
2 18 13379946 5720467 795198282 5720485 808578228
3 17 892725330 5720467 965398065 5720485 858123395
4 17 768781386 5720468 133208430 5720485 901989816
5 17 657277895 5720468 290665303 5720485 947943198
6 17 535508096 5720468 462559907 5720485 998068003
7 17 414260843 5720468 628747579 5720486 43008422
8 17 298566949 5720468 797411521 5720486 95978470
9 17 174426897 5720468 962872430 5720486 137299327
10 17 63054053 5720469 121904847 5720486 184958900
11 16 941964686 5720469 288665676 5720486 230630362
12 16 828518324 5720469 451813424 5720486 280331748
13 16 709862614 5720469 613115152 5720486 322977766
14 16 603065240 5720469 770496470 5720486 373561710
15 16 486981130 5720469 931678274 5720486 418659404
16 16 381729338 5720470 85455197 5720486 467184535
17 16 263271143 5720470 249621186 5720486 512892329
18 16 133268942 5720470 422322774 5720486 555591716
19 16 30721766 5720470 573711964 5720486 604433730
20 15 918217868 5720470 734618402 5720486 652836270
21 15 797433199 5720470 902917702 5720486 700350901
22 15 687944707 5720471 61935787 5720486 749880494
23 15 566318461 5720471 229579840 5720486 795898301
24 15 446885118 5720471 392243931 5720486 839129049
25 15 329213113 5720471 557470548 5720486 886683661
26 15 214256835 5720471 717988123 5720486 932244958
27 15 103989451 5720471 882901838 5720486 986891289
28 14 986921359 5720472 46161455 5720487 33082814
29 14 873579236 5720472 204963451 5720487 78542687
30 14 757544275 5720472 369038941 5720487 126583216
31 14 645508665 5720472 531158986 5720487 176667651
32 14 523116099 5720472 698472305 5720487 221588404
33 14 416891010 5720472 855845105 5720487 272736115
34 14 292765144 5720473 20431271 5720487 313196415
35 14 186454130 5720473 180586371 5720487 367040501
36 14 60399874 5720473 347182981 5720487 407582855
37 13 933996439 5720473 521706332 5720487 455702771
38 13 826740573 5720473 679544605 5720487 506285178
39 13 706013866 5720473 842652076 5720487 548665942
40 13 592328008 5720474 13551920 5720487 605879928
41 13 494486151 5720474 168964628 5720487 663450779
42 13 389161211 5720474 333979953 5720487 723141164
43 13 269648426 5720474 495226699 5720487 764875125
44 13 165320244 5720474 662984510 5720487 828304754
45 13 48068787 5720474 835087202 5720487 883155989
46 12 935990011 5720474 995249728 5720487 931239739
47 12 838780234 5720475 165518658 5720488 4298892
48 12 723050785 5720475 330241914 5720488 53292699
49 12 598472799 5720475 490547437 5720488 89020236
50 12 503585127 5720475 643004052 5720488 146589179
51 12 407111522 5720475 810747307 5720488 217858829
52 12 290707122 5720475 971167810 5720488 261874932
53 12 168968378 5720476 150893860 5720488 319862238
54 12 75549660 5720476 317453248 5720488 393002908
55 11 973488308 5720476 482723771 5720488 456212079
56 11 872087536 5720476 651850630 5720488 523938166
57 11 764122442 5720476 824209132 5720488 588331574
58 11 660961906 5720476 992646671 5720488 653608577
59 11 570033308 5720477 159089617 5720488 729122925
60 11 470071250 5720477 329422194 5720488 799493444
61 11 355811848 5720477 492532702 5720488 848344550
62 11 263426241 5720477 665441508 5720488 928867749
63 11 155004581 5720477 831400112 5720488 986404693
64 11 70699935 5720477 993559915 5720489 64259850
1 18 174387902 5720510 2382381 5720528 176770283
2 18 32072820 5720510 194661493 5720528 226734313
3 17 911275354 5720510 363367008 5720528 274642362
4 17 802198355 5720510 521366501 5720528 323564856
5 17 693587958 5720510 680525713 5720528 374113671
6 17 574802714 5720510 845755682 5720528 420558396
7 17 437692219 5720511 25226589 5720528 462918808
8 17 321715294 5720511 185792848 5720528 507508142
9 17 207082842 5720511 348043799 5720528 555126641
10 17 97244210 5720511 513213065 5720528 610457275
11 16 984201747 5720511 671656105 5720528 655857852
12 16 868992974 5720511 838146143 5720528 707139117
13 16 753446299 5720511 996248523 5720528 749694822
14 16 627652352 5720512 171111794 5720528 798764146
15 16 520991197 5720512 328543982 5720528 849535179
16 16 399264045 5720512 496659508 5720528 895923553
17 16 287537280 5720512 655406710 5720528 942943990
18 16 180140231 5720512 814651864 5720528 994792095
19 16 65438948 5720512 976762095 5720529 42201043
20 15 950667944 5720513 141142154 5720529 91810098
21 15 841801700 5720513 296265682 5720529 138067382
22 15 733796569 5720513 458918644 5720529 192715213
23 15 616918141 5720513 626249759 5720529 243167900
24 15 505004528 5720513 781860556 5720529 286865084
25 15 375965179 5720513 958120189 5720529 334085368
26 15 266260358 5720514 117708245 5720529 383968603
27 15 154825903 5720514 275885327 5720529 430711230
28 15 34813349 5720514 438594380 5720529 473407729
29 14 930687460 5720514 595608225 5720529 526295685
30 14 817800884 5720514 757945285 5720529 575746169
31 14 711074841 5720514 911074980 5720529 622149821
32 14 600254337 5720515 70482798 5720529 670737135
33 14 493318169 5720515 233006632 5720529 726324801
34 14 379801141 5720515 394111104 5720529 773912245
35 14 260219986 5720515 556481571 5720529 816701557
36 14 153095450 5720515 718688837 5720529 871784287
37 14 38795400 5720515 879624479 5720529 918419879
38 13 928111579 5720516 40975983 5720529 969087562
39 13 820461405 5720516 209411448 5720530 29872853
40 13 713233926 5720516 366351368 5720530 79585294
41 13 596068726 5720516 531389211 5720530 127457937
42 13 485905839 5720516 697557570 5720530 183463409
43 13 366252093 5720516 866066922 5720530 232319015
44 13 262796082 5720517 28296243 5720530 291092325
45 13 157885967 5720517 193075128 5720530 350961095
46 13 67477045 5720517 346633871 5720530 414110916
47 12 955647227 5720517 507042948 5720530 462690175
48 12 844433582 5720517 666030460 5720530 510464042
49 12 743438636 5720517 829739568 5720530 573178204
50 12 626778889 5720518 1517674 5720530 628296563
51 12 529419504 5720518 165831938 5720530 695251442
52 12 427650386 5720518 332484918 5720530 760135304
53 12 318289337 5720518 503005454 5720530 821294791
54 12 221034098 5720518 677577490 5720530 898611588
55 12 117858933 5720518 843664350 5720530 961523283
56 12 20438678 5720519 2442199 5720531 22880877
57 11 930401138 5720519 165646539 5720531 96047677
58 11 831873553 5720519 337100762 5720531 168974315
59 11 736267228 5720519 499250140 5720531 235517368
60 11 630131118 5720519 662958675 5720531 293089793
61 11 534816732 5720519 825577600 5720531 360394332
62 11 437066595 5720519 998013953 5720531 435080548
63 11 339893003 5720520 163003797 5720531 502896800
64 11 245490415 5720520 319638315 5720531 565128730
1 18 125058896 5720552 259796925 5720570 384855821
2 17 970590874 5720552 471863853 5720570 442454727
3 17 861218713 5720552 629588074 5720570 490806787
4 17 745057994 5720552 787592641 5720570 532650635
5 17 628865313 5720552 955017458 5720570 583882771
6 17 515378747 5720553 113672032 5720570 629050779
7 17 409546057 5720553 271727098 5720570 681273155
8 17 299947531 5720553 432836792 5720570 732784323
9 17 194281782 5720553 589897396 5720570 784179178
10 17 77711218 5720553 753724521 5720570 831435739
11 16 955063695 5720553 918409722 5720570 873473417
12 16 842651109 5720554 80825133 5720570 923476242
13 16 735102970 5720554 247790496 5720570 982893466
14 16 612797236 5720554 411719378 5720571 24516614
15 16 490373430 5720554 579104474 5720571 69477904
16 16 373952068 5720554 744391794 5720571 118343862
17 16 248729536 5720554 919904664 5720571 168634200
18 16 129380914 5720555 84389166 5720571 213770080
19 16 12481153 5720555 249837927 5720571 262319080
20 15 898672131 5720555 411164932 5720571 309837063
21 15 782739796 5720555 572692693 5720571 355432489
22 15 678544076 5720555 728705927 5720571 407250003
23 15 564736331 5720555 891423258 5720571 456159589
24 15 458618832 5720556 48754782 5720571 507373614
25 15 343294079 5720556 209802718 5720571 553096797
26 15 218542335 5720556 381936836 5720571 600479171
27 15 99592927 5720556 553257859 5720571 652850786
28 14 980365876 5720556 714982116 5720571 695347992
29 14 858043291 5720556 882725371 5720571 740768662
30 14 730190031 5720557 52649512 5720571 782839543
31 14 635509169 5720557 207565767 5720571 843074936
32 14 518702574 5720557 367132805 5720571 885835379
33 14 408271544 5720557 529296202 5720571 937567746
34 14 287639612 5720557 700358173 5720571 987997785
35 14 155448526 5720557 875454736 5720572 30903262
36 14 46493727 5720558 38930812 5720572 85424539
37 13 916398824 5720558 212336166 5720572 128734990
38 13 805092978 5720558 371171254 5720572 176264232
39 13 687171255 5720558 528114563 5720572 215285818
40 13 578877444 5720558 691497752 5720572 270375196
41 13 470430858 5720558 856481486 5720572 326912344
42 13 357180011 5720559 14823639 5720572 372003650
43 13 251774590 5720559 175131645 5720572 426906235
44 13 152891141 5720559 344199098 5720572 497090239
45 13 37814884 5720559 508301014 5720572 546115898
46 12 944915267 5720559 666720833 5720572 611636100
47 12 845941708 5720559 829786065 5720572 675727773
48 12 722743787 5720559 990760984 5720572 713504771
49 12 601393202 5720560 163250947 5720572 764644149
50 12 507332569 5720560 329431492 5720572 836764061
51 12 397540973 5720560 495596017 5720572 893136990
52 12 297372529 5720560 654554937 5720572 951927466
53 12 202227306 5720560 818886664 5720573 21113970
54 12 106385819 5720560 976816251 5720573 83202070
55 11 995115748 5720561 141139849 5720573 136255597
56 11 908514811 5720561 304345707 5720573 212860518
57 11 805943819 5720561 465413255 5720573 271357074
58 11 723750465 5720561 619676781 5720573 343427246
59 11 625252564 5720561 781010323 5720573 406262887
60 11 533446224 5720561 943081147 5720573 476527371
61 11 440570681 5720562 101504947 5720573 542075628
62 11 344882117 5720562 262796527 5720573 607678644
63 11 252771152 5720562 426970090 5720573 679741242
64 11 138358178 5720562 601322667 5720573 739680845
1 18 48965738 5720594 15298758 5720612 64264496
2 17 889695639 5720594 219691792 5720612 109387431
3 17 786686007 5720594 376161166 5720612 162847173
4 17 668840486 5720594 542504596 5720612 211345082
5 17 547915910 5720594 711824953 5720612 259740863
6 17 429287997 5720594 875233345 5720612 304521342
7 17 319703469 5720595 33329226 5720612 353032695
8 17 206096943 5720595 189970800 5720612 396067743
9 17 106036034 5720595 346816834 5720612 452852868
10 16 998803630 5720595 503251467 5720612 502055097
11 16 877057108 5720595 666992520 5720612 544049628
12 16 767419396 5720595 827105419 5720612 594524815
13 16 660663260 5720595 986294853 5720612 646958113
14 16 548673797 5720596 143080054 5720612 691753851
15 16 428673908 5720596 314567203 5720612 743241111
16 16 315386506 5720596 473679194 5720612 789065700
17 16 200361858 5720596 636804666 5720612 837166524
18 16 85306543 5720596 803666513 5720612 888973056
19 15 973323116 5720596 967046110 5720612 940369226
20 15 849355765 5720597 133242783 5720612 982598548
21 15 732282581 5720597 296162000 5720613 28444581
22 15 619745943 5720597 461663686 5720613 81409629
23 15 500027660 5720597 623105356 5720613 123133016
24 15 383671945 5720597 789083719 5720613 172755664
25 15 264174269 5720597 952644405 5720613 216818674
26 15 142829980 5720598 121358606 5720613 264188586
27 15 38028752 5720598 275714945 5720613 313743697
28 14 932199840 5720598 430796345 5720613 362996185
29 14 822470296 5720598 590108777 5720613 412579073
30 14 703028972 5720598 759853292 5720613 462882264
31 14 585778587 5720598 923829952 5720613 509608539
32 14 477613996 5720599 84108292 5720613 561722288
33 14 353477963 5720599 249879640 5720613 603357603
34 14 236944640 5720599 411861948 5720613 648806588
35 14 109559426 5720599 587605573 5720613 697164999
36 13 997443372 5720599 744245981 5720613 741689353
37 13 884213431 5720599 908794574 5720613 793008005
38 13 764223895 5720600 71434777 5720613 835658672
39 13 645082861 5720600 239280383 5720613 884363244
40 13 533883364 5720600 399418429 5720613 933301793
41 13 424431555 5720600 559226334 5720613 983657889
42 13 316009043 5720600 719135477 5720614 35144520
43 13 188740309 5720600 893322631 5720614 82062940
44 13 70836494 5720601 56857113 5720614 127693607
45 12 961443629 5720601 221101379 5720614 182545008
46 12 847224670 5720601 390787673 5720614 238012343
47 12 731585682 5720601 559320136 5720614 290905818
48 12 644716378 5720601 719082356 5720614 363798734
49 12 537541472 5720601 885291474 5720614 422832946
50 12 419790209 5720602 42284153 5720614 462074362
51 12 322534784 5720602 202263536 5720614 524798320
52 12 221540800 5720602 369597577 5720614 591138377
53 12 98172734 5720602 534834713 5720614 633007447
54 11 999047622 5720602 696970741 5720614 696018363
55 11 895753292 5720602 865486501 5720614 761239793
56 11 804481015 5720603 21282554 5720614 825763569
57 11 709296182 5720603 183524005 5720614 892820187
58 11 622819982 5720603 337777939 5720614 960597921
59 11 527502781 5720603 501102741 5720615 28605522
60 11 420864902 5720603 670344654 5720615 91209556
61 11 323174653 5720603 830345499 5720615 153520152
62 11 224550291 5720604 2751483 5720615 227301774
63 11 130436123 5720604 166669551 5720615 297105674
64 11 42382768 5720604 324518195 5720615 366900963
1 17 999433322 5720635 924806175 5720653 924239497
2 17 853219571 5720636 113204398 5720653 966423969
3 17 733767524 5720636 285712065 5720654 19479589
4 17 613506955 5720636 448133495 5720654 61640450
5 17 494693786 5720636 611450722 5720654 106144508
6 17 368608269 5720636 784508602 5720654 153116871
7 17 258400532 5720636 945568371 5720654 203968903
8 17 141853042 5720637 100228816 5720654 242081858
9 17 26837671 5720637 266892037 5720654 293729708
10 16 918592082 5720637 426777162 5720654 345369244
11 16 807564118 5720637 595192295 5720654 402756413
12 16 682629025 5720637 763482430 5720654 446111455
13 16 561101443 5720637 935917691 5720654 497019134
14 16 442483214 5720638 106751167 5720654 549234381
15 16 334732486 5720638 262733643 5720654 597466129
16 16 230426397 5720638 418432476 5720654 648858873
17 16 109313955 5720638 590288748 5720654 699602703
18 15 985052720 5720638 756424053 5720654 741476773
19 15 875309084 5720638 917474545 5720654 792783629
20 15 755634079 5720639 80531148 5720654 836165227
21 15 651649909 5720639 242284572 5720654 893934481
22 15 540570835 5720639 402358879 5720654 942929714
23 15 420232750 5720639 570893472 5720654 991126222
24 15 319605740 5720639 719183925 5720655 38789665
25 15 201669257 5720639 883367674 5720655 85036931
26 15 70018253 5720640 60108003 5720655 130126256
27 14 956810516 5720640 217723207 5720655 174533723
28 14 844081917 5720640 381883827 5720655 225965744
29 14 737119933 5720640 545619417 5720655 282739350
30 14 625908066 5720640 699380823 5720655 325288889
31 14 502897548 5720640 871419222 5720655 374316770
32 14 383354262 5720641 31626341 5720655 414980603
33 14 273045247 5720641 190512800 5720655 463558047
34 14 150457018 5720641 358373980 5720655 508830998
35 14 31306392 5720641 516905056 5720655 548211448
36 13 913991509 5720641 689339262 5720655 603330771
37 13 791335725 5720641 855894559 5720655 647230284
38 13 667715386 5720642 29042992 5720655 696758378
39 13 535457226 5720642 207468734 5720655 742925960
40 13 419902051 5720642 372425375 5720655 792327426
41 13 299098659 5720642 535740103 5720655 834838762
42 13 188193268 5720642 695256994 5720655 883450262
43 13 77067176 5720642 855587741 5720655 932654917
44 12 971681718 5720643 13515181 5720655 985196899
45 12 865259595 5720643 171856612 5720656 37116207
46 12 755703825 5720643 329021196 5720656 84725021
47 12 662838208 5720643 488886247 5720656 151724455
48 12 541374532 5720643 654645689 5720656 196020221
49 12 433153257 5720643 816697255 5720656 249850512
50 12 344059439 5720643 973043946 5720656 317103385
51 12 230761685 5720644 132507394 5720656 363269079
52 12 132251117 5720644 286093952 5720656 418345069
53 12 13147175 5720644 449388754 5720656 462535929
54 11 906114840 5720644 615868534 5720656 521983374
55 11 790213226 5720644 785580143 5720656 575793369
56 11 694224464 5720644 940765615 5720656 634990079
57 11 602545843 5720645 103452817 5720656 705998660
58 11 493202015 5720645 272252387 5720656 765454402
59 11 414039863 5720645 428395879 5720656 842435742
60 11 310430094 5720645 592428964 5720656 902859058
61 11 218495681 5720645 758890318 5720656 977385999
62 11 122975502 5720645 919951662 5720657 42927164
63 11 23970611 5720646 77793029 5720657 101763640
64 10 927843943 5720646 243076146 5720657 170920089
1 17 988251725 5720678 798186235 5720696 786437960
2 17 874315112 5720678 958619350 5720696 832934462
3 17 772180019 5720679 109991968 5720696 882171987
4 17 652684547 5720679 283953386 5720696 936637933
5 17 533979875 5720679 445142098 5720696 979121973
6 17 419007725 5720679 602249961 5720697 21257686
7 17 311125611 5720679 762871572 5720697 73997183
8 17 193532326 5720679 926984785 5720697 120517111
9 17 79263533 5720680 93640433 5720697 172903966
10 16 962494973 5720680 259399726 5720697 221894699
11 16 840646564 5720680 422498958 5720697 263145522
12 16 732143867 5720680 580283012 5720697 312426879
13 16 622825130 5720680 736422041 5720697 359247171
14 16 499892593 5720680 906821396 5720697 406713989
15 16 382637691 5720681 70970904 5720697 453608595
16 16 281716963 5720681 231622238 5720697 513339201
17 16 157118735 5720681 395222368 5720697 552341103
18 16 27293752 5720681 569855625 5720697 597149377
19 15 912002312 5720681 732562439 5720697 644564751
20 15 790915647 5720681 898143162 5720697 689058809
21 15 681431433 5720682 51506631 5720697 732938064
22 15 558045385 5720682 220819099 5720697 778864484
23 15 449337582 5720682 381534931 5720697 830872513
24 15 339856089 5720682 542673978 5720697 882530067
25 15 217983569 5720682 703463438 5720697 921447007
26 15 98019438 5720682 875979217 5720697 973998655
27 14 986446707 5720683 36398943 5720698 22845650
28 14 861948254 5720683 202619247 5720698 64567501
29 14 760127822 5720683 361440707 5720698 121568529
30 14 643487704 5720683 516703474 5720698 160191178
31 14 524353410 5720683 678192459 5720698 202545869
32 14 412608960 5720683 847677534 5720698 260286494
33 14 301411184 5720684 4732324 5720698 306143508
34 14 190280723 5720684 171566190 5720698 361846913
35 14 70394165 5720684 333779476 5720698 404173641
36 13 940360204 5720684 504085777 5720698 444445981
37 13 838088781 5720684 660849775 5720698 498938556
38 13 719241871 5720684 822994340 5720698 542236211
39 13 603331517 5720684 988061443 5720698 591392960
40 13 488676750 5720685 153339875 5720698 642016625
41 13 361200130 5720685 325661954 5720698 686862084
42 13 231927156 5720685 493303564 5720698 725230720
43 13 119258574 5720685 654209689 5720698 773468263
44 13 5970894 5720685 821142257 5720698 827113151
45 12 903649194 5720685 985648240 5720698 889297434
46 12 774925190 5720686 160907079 5720698 935832269
47 12 675532120 5720686 315777761 5720698 991309881
48 12 581600282 5720686 471266135 5720699 52866417
49 12 465807388 5720686 636554215 5720699 102361603
50 12 368927178 5720686 794542710 5720699 163469888
51 12 264592238 5720686 955544370 5720699 220136608
52 12 137729292 5720687 117552900 5720699 255282192
53 12 38319112 5720687 276172382 5720699 314491494
54 11 929407960 5720687 437887307 5720699 367295267
55 11 825223721 5720687 602808042 5720699 428031763
56 11 713172054 5720687 767492078 5720699 480664132
57 11 602170349 5720687 942689677 5720699 544860026
58 11 514457468 5720688 106589839 5720699 621047307
59 11 400001254 5720688 279995545 5720699 679996799
60 11 293180952 5720688 452648654 5720699 745829606
61 11 194520924 5720688 615893106 5720699 810414030
62 11 105612122 5720688 778266129 5720699 883878251
63 11 9504157 5720688 939141033 5720699 948645190
64 10 910038570 5720689 101452835 5720700 11491405
1 17 962710616 5720721 319193050 5720739 281903666
2 17 801883712 5720721 521679639 5720739 323563351
3 17 692922876 5720721 683032867 5720739 375955743
4 17 571110225 5720721 843570129 5720739 414680354
5 17 461862709 5720722 910617 5720739 462773326
6 17 357815096 5720722 162760169 5720739 520575265
7 17 237127998 5720722 326118211 5720739 563246209
8 17 118947057 5720722 492653916 5720739 611600973
9 17 2352401 5720722 652694909 5720739 655047310
10 16 891284586 5720722 812722680 5720739 704007266
11 16 785754279 5720722 968929023 5720739 754683302
12 16 670110253 5720723 134852110 5720739 804962363
13 16 558362672 5720723 297843715 5720739 856206387
14 16 447010993 5720723 458508159 5720739 905519152
15 16 325339691 5720723 622973773 5720739 948313464
16 16 206758664 5720723 789861824 5720739 996620488
17 16 99766644 5720723 944023056 5720740 43789700
18 15 988673458 5720724 103191103 5720740 91864561
19 15 861336373 5720724 272538163 5720740 133874536
20 15 749612681 5720724 432917280 5720740 182529961
21 15 643662605 5720724 598530872 5720740 242193477
22 15 541173351 5720724 751683994 5720740 292857345
23 15 430400698 5720724 912020389 5720740 342421087
24 15 317666988 5720725 69763592 5720740 387430580
25 15 210836575 5720725 233465239 5720740 444301814
26 15 93539099 5720725 393070314 5720740 486609413
27 14 975427637 5720725 557518781 5720740 532946418
28 14 857074032 5720725 723266723 5720740 580340755
29 14 747644872 5720725 879468436 5720740 627113308
30 14 639618538 5720726 37373024 5720740 676991562
31 14 540317225 5720726 190706069 5720740 731023294
32 14 424567701 5720726 352772024 5720740 777339725
33 14 312342204 5720726 513422839 5720740 825765043
34 14 206592105 5720726 667065526 5720740 873657631
35 14 94304960 5720726 830832209 5720740 925137169
36 13 968290925 5720726 999589928 5720740 967880853
37 13 856926745 5720727 160638273 5720741 17565018
38 13 745386254 5720727 317252737 5720741 62638991
39 13 632157793 5720727 477186029 5720741 109343822
40 13 521683931 5720727 635100617 5720741 156784548
41 13 399721394 5720727 799104684 5720741 198826078
42 13 278185181 5720727 968119788 5720741 246304969
43 13 174746279 5720728 123425462 5720741 298171741
44 13 58013440 5720728 286863151 5720741 344876591
45 12 938575170 5720728 464262302 5720741 402837472
46 12 834599575 5720728 619094966 5720741 453694541
47 12 720977178 5720728 783250493 5720741 504227671
48 12 629320796 5720728 943473780 5720741 572794576
49 12 503189930 5720729 124367272 5720741 627557202
50 12 387004118 5720729 289064771 5720741 676068889
51 12 277919136 5720729 462769194 5720741 740688330
52 12 157741639 5720729 629369028 5720741 787110667
53 12 46856136 5720729 789547185 5720741 836403321
54 11 961416805 5720729 940999857 5720741 902416662
55 11 844308251 5720730 109452619 5720741 953760870
56 11 744419783 5720730 266809348 5720742 11229131
57 11 645412354 5720730 430545198 5720742 75957552
58 11 554109281 5720730 592667374 5720742 146776655
59 11 451279219 5720730 761845012 5720742 213124231
60 11 354524600 5720730 920857154 5720742 275381754
61 11 258064957 5720731 91058272 5720742 349123229
62 11 159250895 5720731 249287225 5720742 408538120
63 11 76110466 5720731 411928762 5720742 488039228
64 10 968084853 5720731 572311471 5720742 540396324
1 18 21521572 5720764 65789656 5720782 87311228
2 17 879955095 5720764 259030103 5720782 138985198
3 17 768343782 5720764 422786286 5720782 191130068
4 17 653751422 5720764 582583303 5720782 236334725
5 17 551993028 5720764 744514779 5720782 296507807
6 17 441422872 5720764 901885008 5720782 343307880
7 17 328683354 5720765 63598266 5720782 392281620
8 17 208202504 5720765 223321136 5720782 431523640
9 17 103798959 5720765 375941508 5720782 479740467
10 16 994331881 5720765 536381198 5720782 530713079
11 16 872470398 5720765 703263953 5720782 575734351
12 16 756742339 5720765 865120764 5720782 621863103
13 16 643822160 5720766 29230607 5720782 673052767
14 16 530031289 5720766 190877348 5720782 720908637
15 16 424822466 5720766 347602922 5720782 772425388
16 16 310765524 5720766 507839060 5720782 818604584
17 16 195205777 5720766 670074216 5720782 865279993
18 16 79880785 5720766 831860158 5720782 911740943
19 15 966175276 5720766 988658490 5720782 954833766
20 15 849582106 5720767 152939367 5720783 2521473
21 15 742018504 5720767 305934622 5720783 47953126
22 15 631552061 5720767 471132945 5720783 102685006
23 15 505934002 5720767 643289471 5720783 149223473
24 15 386155759 5720767 809471461 5720783 195627220
25 15 267359854 5720767 978019944 5720783 245379798
26 15 153390875 5720768 139292303 5720783 292683178
27 15 40004346 5720768 298538144 5720783 338542490
28 14 933129649 5720768 459298754 5720783 392428403
29 14 808668598 5720768 624160639 5720783 432829237
30 14 697930099 5720768 785335333 5720783 483265432
31 14 576419197 5720768 948217292 5720783 524636489
32 14 464039341 5720769 111430522 5720783 575469863
33 14 345180113 5720769 272867379 5720783 618047492
34 14 222587488 5720769 449088551 5720783 671676039
35 14 105494660 5720769 614379817 5720783 719874477
36 13 986079110 5720769 775770507 5720783 761849617
37 13 864537438 5720769 945357860 5720783 809895298
38 13 743221742 5720770 112320446 5720783 855542188
39 13 627823020 5720770 282065851 5720783 909888871
40 13 520115426 5720770 439508282 5720783 959623708
41 13 402106635 5720770 606013080 5720784 8119715
42 13 286579297 5720770 770092554 5720784 56671851
43 13 174483849 5720770 938253507 5720784 112737356
44 13 65392836 5720771 96432516 5720784 161825352
45 12 961568025 5720771 251793893 5720784 213361918
46 12 851147390 5720771 412674352 5720784 263821742
47 12 743562636 5720771 577080394 5720784 320643030
48 12 630985576 5720771 752882223 5720784 383867799
49 12 527668539 5720771 912938790 5720784 440607329
50 12 419526162 5720772 74130762 5720784 493656924
51 12 301951955 5720772 240534488 5720784 542486443
52 12 193907702 5720772 398662443 5720784 592570145
53 12 97088206 5720772 563824378 5720784 660912584
54 11 986167859 5720772 725474415 5720784 711642274
55 11 890930375 5720772 893276968 5720784 784207343
56 11 786004285 5720773 62616973 5720784 848621258
57 11 682693075 5720773 231663538 5720784 914356613
58 11 585129958 5720773 393858751 5720784 978988709
59 11 502017271 5720773 552260423 5720785 54277694
60 11 394524504 5720773 722458727 5720785 116983231
61 11 299586869 5720773 891491867 5720785 191078736
62 11 206209373 5720774 45345828 5720785 251555201
63 11 114625857 5720774 208258397 5720785 322884254
64 11 16053194 5720774 378222150 5720785 394275344
1 18 63920302 5720806 75253877 5720824 139174179
2 17 922467919 5720806 263689475 5720824 186157394
3 17 811197267 5720806 428991625 5720824 240188892
4 17 694654154 5720806 589029570 5720824 283683724
5 17 583040083 5720806 751900688 5720824 334940771
6 17 464661224 5720806 916510090 5720824 381171314
7 17 351632326 5720807 79419133 5720824 431051459
8 17 220604965 5720807 253987399 5720824 474592364
9 17 106642214 5720807 417411636 5720824 524053850
10 16 988482091 5720807 578526766 5720824 567008857
11 16 876273882 5720807 741270553 5720824 617544435
12 16 763945510 5720807 902467885 5720824 666413395
13 16 650484491 5720808 59920449 5720824 710404940
14 16 526688559 5720808 229483820 5720824 756172379
15 16 429653161 5720808 383475629 5720824 813128790
16 16 322575604 5720808 540618254 5720824 863193858
17 16 208379042 5720808 704190248 5720824 912569290
18 16 89404249 5720808 864625778 5720824 954030027
19 15 979168469 5720809 22273228 5720825 1441697
20 15 858093213 5720809 182717017 5720825 40810230
21 15 750138228 5720809 342896310 5720825 93034538
22 15 632309118 5720809 505096458 5720825 137405576
23 15 514312068 5720809 670136759 5720825 184448827
24 15 395070687 5720809 838071806 5720825 233142493
25 15 273585975 5720810 6736581 5720825 280322556
26 15 148775211 5720810 176379153 5720825 325154364
27 15 33166155 5720810 341393622 5720825 374559777
28 14 927172283 5720810 500414269 5720825 427586552
29 14 813203032 5720810 665704436 5720825 478907468
30 14 707636395 5720810 820517045 5720825 528153440
31 14 595909272 5720810 981013388 5720825 576922660
32 14 484106039 5720811 142093295 5720825 626199334
33 14 377044372 5720811 297959182 5720825 675003554
34 14 254492828 5720811 468322445 5720825 722815273
35 14 146998575 5720811 626880989 5720825 773879564
36 14 20400249 5720811 801114240 5720825 821514489
37 13 896301510 5720811 977071294 5720825 873372804
38 13 774943778 5720812 144599199 5720825 919542977
39 13 661048026 5720812 307873531 5720825 968921557
40 13 534884193 5720812 476429492 5720826 11313685
41 13 406431548 5720812 654868780 5720826 61300328
42 13 300734487 5720812 820308629 5720826 121043116
43 13 203481315 5720812 970416338 5720826 173897653
44 13 81213951 5720813 140749972 5720826 221963923
45 12 984454603 5720813 312231993 5720826 296686596
46 12 857931148 5720813 483607608 5720826 341538756
47 12 773686192 5720813 639206962 5720826 412893154
48 12 658796700 5720813 806176598 5720826 464973298
49 12 547293204 5720813 962463125 5720826 509756329
50 12 430966052 5720814 122972578 5720826 553938630
51 12 348497751 5720814 275416283 5720826 623914034
52 12 222623803 5720814 447196502 5720826 669820305
53 12 116848113 5720814 615613576 5720826 732461689
54 12 25723612 5720814 776347951 5720826 802071563
55 11 916939161 5720814 944839672 5720826 861778833
56 11 809899420 5720815 113342392 5720826 923241812
57 11 730411918 5720815 272634200 5720827 3046118
58 11 626371163 5720815 436008787 5720827 62379950
59 11 534609877 5720815 589404290 5720827 124014167
60 11 450140333 5720815 751495623 5720827 201635956
61 11 354166899 5720815 912222534 5720827 266389433
62 11 263685961 5720816 70829131 5720827 334515092
63 11 166674433 5720816 237645844 5720827 404320277
64 11 67439761 5720816 395971908 5720827 463411669
1 17 926277498 5720848 416569360 5720866 342846858
2 17 775950691 5720848 613689474 5720866 389640165
3 17 659182554 5720848 777660689 5720866 436843243
4 17 554154155 5720848 929748760 5720866 483902915
5 17 429451546 5720849 92926359 5720866 522377905
6 17 322472829 5720849 254049513 5720866 576522342
7 17 206677546 5720849 415778748 5720866 622456294
8 17 89851668 5720849 579968052 5720866 669819720
9 16 975111792 5720849 740830969 5720866 715942761
10 16 860514487 5720849 902646888 5720866 763161375
11 16 742941235 5720850 63455602 5720866 806396837
12 16 631344248 5720850 223076874 5720866 854421122
13 16 519731799 5720850 384373061 5720866 904104860
14 16 401247210 5720850 550182206 5720866 951429416
15 16 291921831 5720850 706418260 5720866 998340091
16 16 182676804 5720850 863817830 5720867 46494634
17 16 61839997 5720851 31249354 5720867 93089351
18 15 954603767 5720851 184358981 5720867 138962748
19 15 829878567 5720851 350898668 5720867 180777235
20 15 718614759 5720851 514882623 5720867 233497382
21 15 607851221 5720851 674964016 5720867 282815237
22 15 500132017 5720851 839628922 5720867 339760939
23 15 380028903 5720852 6613008 5720867 386641911
24 15 261898568 5720852 166604644 5720867 428503212
25 15 158551845 5720852 324749367 5720867 483301212
26 15 47533941 5720852 483912165 5720867 531446106
27 14 929046260 5720852 644837044 5720867 573883304
28 14 806194212 5720852 811164216 5720867 617358428
29 14 693671612 5720852 979087823 5720867 672759435
30 14 580578782 5720853 142638562 5720867 723217344
31 14 454953784 5720853 312151289 5720867 767105073
32 14 339047113 5720853 470831207 5720867 809878320
33 14 231122618 5720853 631078671 5720867 862201289
34 14 120921497 5720853 786848750 5720867 907770247
35 14 12447400 5720853 948848350 5720867 961295750
36 13 893855352 5720854 109017889 5720868 2873241
37 13 774703073 5720854 271443185 5720868 46146258
38 13 670260906 5720854 425201781 5720868 95462687
39 13 555947819 5720854 590810447 5720868 146758266
40 13 425986749 5720854 762398507 5720868 188385256
41 13 310196356 5720854 927594328 5720868 237790684
42 13 196614886 5720855 83033154 5720868 279648040
43 13 88152660 5720855 242111175 5720868 330263835
44 12 963719085 5720855 410456089 5720868 374175174
45 12 853655165 5720855 573827497 5720868 427482662
46 12 738885642 5720855 744980084 5720868 483865726
47 12 625004494 5720855 909799874 5720868 534804368
48 12 512139179 5720856 71287611 5720868 583426790
49 12 425556772 5720856 227339389 5720868 652896161
50 12 315978288 5720856 386260246 5720868 702238534
51 12 214238778 5720856 544211323 5720868 758450101
52 12 111078625 5720856 711842990 5720868 822921615
53 12 3242759 5720856 870686922 5720868 873929681
54 11 885097852 5720857 32375507 5720868 917473359
55 11 783562523 5720857 197055133 5720868 980617656
56 11 679682866 5720857 362900497 5720869 42583363
57 11 568626926 5720857 531171430 5720869 99798356
58 11 485009560 5720857 681894653 5720869 166904213
59 11 385656174 5720857 849846832 5720869 235503006
60 11 290133000 5720858 7681855 5720869 297814855
61 11 196589660 5720858 176571259 5720869 373160919
62 11 97512640 5720858 339832316 5720869 437344956
63 11 13733906 5720858 501513865 5720869 515247771
64 10 911658661 5720858 664272339 5720869 575931000
1 18 2826442 5720890 735288847 5720908 738115289
2 17 859064493 5720890 926623178 5720908 785687671
3 17 759190641 5720891 83137030 5720908 842327671
4 17 646868176 5720891 237030502 5720908 883898678
5 17 526940103 5720891 402648842 5720908 929588945
6 17 414964019 5720891 568757877 5720908 983721896
7 17 293846709 5720891 731894723 5720909 25741432
8 17 184724538 5720891 894291009 5720909 79015547
9 17 67479512 5720892 55888067 5720909 123367579
10 16 962257587 5720892 212451992 5720909 174709579
11 16 839998612 5720892 380324125 5720909 220322737
12 16 724910009 5720892 540873462 5720909 265783471
13 16 601803493 5720892 710361048 5720909 312164541
14 16 489983186 5720892 873491597 5720909 363474783
15 16 371270037 5720893 43666745 5720909 414936782
16 16 252216912 5720893 203103212 5720909 455320124
17 16 151603814 5720893 360375217 5720909 511979031
18 16 39371977 5720893 526548824 5720909 565920801
19 15 926934310 5720893 680596793 5720909 607531103
20 15 826431766 5720893 836601468 5720909 663033234
21 15 707097999 5720893 998258025 5720909 705356024
22 15 564597232 5720894 183935788 5720909 748533020
23 15 453362193 5720894 343358588 5720909 796720781
24 15 342328223 5720894 502867294 5720909 845195517
25 15 231105183 5720894 663816604 5720909 894921787
26 15 116524388 5720894 824619861 5720909 941144249
27 15 15507630 5720894 977898603 5720909 993406233
28 14 895774759 5720895 145854548 5720910 41629307
29 14 779394459 5720895 307076353 5720910 86470812
30 14 652611378 5720895 475614585 5720910 128225963
31 14 539892698 5720895 640251237 5720910 180143935
32 14 429769972 5720895 801828462 5720910 231598434
33 14 318151088 5720895 963106210 5720910 281257298
34 14 200805674 5720896 131875104 5720910 332680778
35 14 85409079 5720896 297319760 5720910 382728839
36 13 973756232 5720896 462657548 5720910 436413780
37 13 870788380 5720896 615917845 5720910 486706225
38 13 761281996 5720896 772444954 5720910 533726950
39 13 641077171 5720896 936295638 5720910 577372809
40 13 528130180 5720897 98509055 5720910 626639235
41 13 412552940 5720897 261401793 5720910 673954733
42 13 302700543 5720897 421621523 5720910 724322066
43 13 198155571 5720897 586887089 5720910 785042660
44 13 78333664 5720897 752286783 5720910 830620447
45 12 967377250 5720897 917184578 5720910 884561828
46 12 865767542 5720898 73003477 5720910 938771019
47 12 771528943 5720898 231298944 5720911 2827887
48 12 650475059 5720898 395753432 5720911 46228491
49 12 537763658 5720898 564846060 5720911 102609718
50 12 443785332 5720898 723003308 5720911 166788640
51 12 325543565 5720898 892991179 5720911 218534744
52 12 197712246 5720899 69933372 5720911 267645618
53 12 95845374 5720899 231646390 5720911 327491764
54 11 979517463 5720899 399757461 5720911 379274924
55 11 877958216 5720899 560783009 5720911 438741225
56 11 783867042 5720899 711869825 5720911 495736867
57 11 691204119 5720899 883248154 5720911 574452273
58 11 594952854 5720900 49320112 5720911 644272966
59 11 504337062 5720900 207483729 5720911 711820791
60 11 392365943 5720900 380303736 5720911 772669679
61 11 296663464 5720900 537686237 5720911 834349701
62 11 215597671 5720900 693265103 5720911 908862774
63 11 118223165 5720900 856901475 5720911 975124640
64 11 24389838 5720901 16083574 5720912 40473412
1 18 148077762 5720932 485080578 5720950 633158340
2 17 999024361 5720932 682164091 5720950 681188452
3 17 897574433 5720932 832033716 5720950 729608149
4 17 784296529 5720932 996890521 5720950 781187050
5 17 673311770 5720933 152793484 5720950 826105254
6 17 552436537 5720933 321426111 5720950 873862648
7 17 430491435 5720933 493032907 5720950 923524342
8 17 315359175 5720933 649827502 5720950 965186677
9 17 193007487 5720933 819734458 5720951 12741945
10 17 65255284 5720933 985352953 5720951 50608237
11 16 959670430 5720934 141157232 5720951 100827662
12 16 845950293 5720934 302370082 5720951 148320375
13 16 724669031 5720934 469333905 5720951 194002936
14 16 610411663 5720934 632687995 5720951 243099658
15 16 504554128 5720934 788455997 5720951 293010125
16 16 389136614 5720934 953145656 5720951 342282270
17 16 266959183 5720935 116255973 5720951 383215156
18 16 148087287 5720935 282721933 5720951 430809220
19 16 40040568 5720935 442178777 5720951 482219345
20 15 916389478 5720935 606444296 5720951 522833774
21 15 799814985 5720935 774313046 5720951 574128031
22 15 676940030 5720935 940771562 5720951 617711592
23 15 569731111 5720936 96729431 5720951 666460542
24 15 445160260 5720936 266574517 5720951 711734777
25 15 323939127 5720936 435131348 5720951 759070475
26 15 216871632 5720936 598044908 5720951 814916540
27 15 94552630 5720936 762598495 5720951 857151125
28 14 970513769 5720936 928949254 5720951 899463023
29 14 850201435 5720937 97201720 5720951 947403155
30 14 729602217 5720937 262664253 5720951 992266470
31 14 610943705 5720937 431018810 5720952 41962515
32 14 492662854 5720937 599584344 5720952 92247198
33 14 379957312 5720937 756912336 5720952 136869648
34 14 262916549 5720937 922198206 5720952 185114755
35 14 157399787 5720938 81473386 5720952 238873173
36 14 39184768 5720938 241728011 5720952 280912779
37 13 920368575 5720938 412257510 5720952 332626085
38 13 798123145 5720938 578945059 5720952 377068204
39 13 680656391 5720938 742160965 5720952 422817356
40 13 553998595 5720938 915370158 5720952 469368753
41 13 440644009 5720939 81905672 5720952 522549681
42 13 331881063 5720939 247661144 5720952 579542207
43 13 221396260 5720939 406135541 5720952 627531801
44 13 117055736 5720939 568975843 5720952 686031579
45 13 17630884 5720939 722790897 5720952 740421781
46 12 900889506 5720939 892533595 5720952 793423101
47 12 787798711 5720940 68766289 5720952 856565000
48 12 692976797 5720940 222664878 5720952 915641675
49 12 574372359 5720940 387907026 5720952 962279385
50 12 466248199 5720940 546326239 5720953 12574438
51 12 361743974 5720940 711806549 5720953 73550523
52 12 255276043 5720940 872216079 5720953 127492122
53 12 147548210 5720941 50120946 5720953 197669156
54 12 38112351 5720941 219780497 5720953 257892848
55 11 944530784 5720941 381548447 5720953 326079231
56 11 855877612 5720941 543275879 5720953 399153491
57 11 759181490 5720941 704492283 5720953 463673773
58 11 639206021 5720941 876595198 5720953 515801219
59 11 583523228 5720942 21780256 5720953 605303484
60 11 469173605 5720942 192977001 5720953 662150606
61 11 361075611 5720942 367167583 5720953 728243194
62 11 264285362 5720942 529766517 5720953 794051879
63 11 174460507 5720942 693515265 5720953 867975772
64 11 73202132 5720942 854145031 5720953 927347163
1 17 926255814 5720974 415392101 5720992 341647915
2 17 795645263 5720974 597408294 5720992 393053557
3 17 683316793 5720974 754052086 5720992 437368879
4 17 554168735 5720974 920141154 5720992 474309889
5 17 442663547 5720975 83002132 5720992 525665679
6 17 339192847 5720975 235861824 5720992 575054671
7 17 217102330 5720975 405803916 5720992 622906246
8 17 107173429 5720975 566431711 5720992 673605140
9 16 993031308 5720975 726115708 5720992 719147016
10 16 875163752 5720975 889085221 5720992 764248973
11 16 751739721 5720976 62720266 5720992 814459987
12 16 639632711 5720976 222252728 5720992 861885439
13 16 517944871 5720976 387387184 5720992 905332055
14 16 396124794 5720976 558255556 5720992 954380350
15 16 292043086 5720976 713054139 5720993 5097225
16 16 185135114 5720976 869065460 5720993 54200574
17 16 68548906 5720977 31404113 5720993 99953019
18 15 963301442 5720977 187295973 5720993 150597415
19 15 832006792 5720977 361733874 5720993 193740666
20 15 723827897 5720977 519380407 5720993 243208304
21 15 606102877 5720977 681755763 5720993 287858640
22 15 494525710 5720977 839201299 5720993 333727009
23 15 382454330 5720978 720818 5720993 383175148
24 15 269858403 5720978 163903178 5720993 433761581
25 15 154034683 5720978 322480416 5720993 476515099
26 15 49314319 5720978 478772362 5720993 528086681
27 14 941056538 5720978 635947125 5720993 577003663
28 14 834911312 5720978 793669767 5720993 628581079
29 14 717840446 5720978 956616983 5720993 674457429
30 14 588551780 5720979 128750480 5720993 717302260
31 14 461475555 5720979 306322473 5720993 767798028
32 14 346351878 5720979 471384410 5720993 817736288
33 14 237956543 5720979 625119642 5720993 863076185
34 14 117637902 5720979 793414633 5720993 911052535
35 13 997983121 5720979 955697008 5720993 953680129
36 13 881119659 5720980 117168861 5720993 998288520
37 13 764239716 5720980 278428181 5720994 42667897
38 13 651315945 5720980 439134343 5720994 90450288
39 13 542880648 5720980 595722376 5720994 138603024
40 13 432640996 5720980 757188469 5720994 189829465
41 13 317846460 5720980 920902671 5720994 238749131
42 13 190734088 5720981 90369493 5720994 281103581
43 13 86155205 5720981 245877137 5720994 332032342
44 12 958681396 5720981 415191239 5720994 373872635
45 12 853938127 5720981 572255540 5720994 426193667
46 12 759755096 5720981 726303154 5720994 486058250
47 12 638855633 5720981 897295763 5720994 536151396
48 12 530939846 5720982 58395308 5720994 589335154
49 12 430233857 5720982 219698904 5720994 649932761
50 12 326273574 5720982 375172455 5720994 701446029
51 12 207485240 5720982 544248043 5720994 751733283
52 12 100258774 5720982 721301156 5720994 821559930
53 12 2568139 5720982 874234215 5720994 876802354
54 11 891969678 5720983 37059488 5720994 929029166
55 11 785602883 5720983 204508696 5720994 990111579
56 11 668772347 5720983 368014364 5720995 36786711
57 11 566327686 5720983 532279426 5720995 98607112
58 11 459373882 5720983 696383120 5720995 155757002
59 11 365172185 5720983 853413162 5720995 218585347
60 11 286766874 5720984 10032897 5720995 296799771
61 11 175873363 5720984 182786011 5720995 358659374
62 11 78478315 5720984 341151233 5720995 419629548
63 10 985212324 5720984 502801730 5720995 488014054
64 10 889227991 5720984 673870986 5720995 563098977
1 17 947170178 5721016 789979123 5721034 737149301
2 17 804089524 5721016 981524505 5721034 785614029
3 17 690353179 5721017 141404378 5721034 831757557
4 17 576118140 5721017 302562543 5721034 878680683
5 17 461667846 5721017 461506321 5721034 923174167
6 17 349942354 5721017 618005606 5721034 967947960
7 17 234937569 5721017 780977220 5721035 15914789
8 17 120487552 5721017 942515267 5721035 63002819
9 17 8985872 5721018 102632691 5721035 111618563
10 16 901847243 5721018 258051532 5721035 159898775
11 16 783007027 5721018 423262069 5721035 206269096
12 16 678649608 5721018 578606522 5721035 257256130
13 16 566499958 5721018 740983443 5721035 307483401
14 16 451394102 5721018 899088254 5721035 350482356
15 16 346452081 5721019 52144286 5721035 398596367
16 16 216450713 5721019 225126776 5721035 441577489
17 16 86231218 5721019 401181101 5721035 487412319
18 15 980398660 5721019 552560421 5721035 532959081
19 15 865013493 5721019 711858156 5721035 576871649
20 15 753773531 5721019 872918488 5721035 626692019
21 15 640546270 5721020 32548532 5721035 673094802
22 15 534034501 5721020 194014802 5721035 728049303
23 15 430355829 5721020 351415570 5721035 781771399
24 15 326499532 5721020 505507675 5721035 832007207
25 15 213754207 5721020 668591268 5721035 882345475
26 15 108646988 5721020 827328882 5721035 935975870
27 14 995831386 5721020 984987146 5721035 980818532
28 14 879579014 5721021 143213380 5721036 22792394
29 14 771216833 5721021 304221547 5721036 75438380
30 14 666135725 5721021 457623775 5721036 123759500
31 14 557974892 5721021 613009061 5721036 170983953
32 14 450273626 5721021 773255130 5721036 223528756
33 14 333306229 5721021 932978338 5721036 266284567
34 14 221984028 5721022 91254497 5721036 313238525
35 14 109005171 5721022 253540530 5721036 362545701
36 14 8666885 5721022 412815005 5721036 421481890
37 13 902136986 5721022 577212167 5721036 479349153
38 13 780697225 5721022 742690105 5721036 523387330
39 13 679082944 5721022 900603104 5721036 579686048
40 13 566867499 5721023 64039542 5721036 630907041
41 13 431349173 5721023 240343584 5721036 671692757
42 13 326541597 5721023 396654000 5721036 723195597
43 13 215778293 5721023 562368379 5721036 778146672
44 13 114320750 5721023 717505983 5721036 831826733
45 12 998463851 5721023 886783298 5721036 885247149
46 12 891078691 5721024 41752442 5721036 932831133
47 12 768225141 5721024 219900691 5721036 988125832
48 12 664046904 5721024 379303886 5721037 43350790
49 12 564014316 5721024 537135424 5721037 101149740
50 12 446394561 5721024 711092951 5721037 157487512
51 12 339856923 5721024 871125375 5721037 210982298
52 12 231371746 5721025 29507736 5721037 260879482
53 12 124294025 5721025 191587512 5721037 315881537
54 12 30258220 5721025 346206199 5721037 376464419
55 11 904732050 5721025 519259576 5721037 423991626
56 11 806901089 5721025 680455128 5721037 487356217
57 11 713046392 5721025 841337610 5721037 554384002
58 11 607217241 5721026 16773352 5721037 623990593
59 11 521824690 5721026 177848627 5721037 699673317
60 11 405340803 5721026 350695489 5721037 756036292
61 11 323235266 5721026 505010052 5721037 828245318
62 11 221549171 5721026 672336049 5721037 893885220
63 11 130883509 5721026 829945553 5721037 960829062
64 11 20723658 5721026 992722669 5721038 13446327
1 17 969432656 5721059 993033407 5721077 962466063
2 17 837517051 5721060 168957928 5721078 6474979
3 17 706778331 5721060 342594509 5721078 49372840
4 17 587325429 5721060 508525635 5721078 95851064
5 17 476850791 5721060 664209556 5721078 141060347
6 17 366483209 5721060 822867200 5721078 189350409
7 17 255804353 5721060 986315778 5721078 242120131
8 17 156693198 5721061 135407316 5721078 292100514
9 17 46288726 5721061 294828392 5721078 341117118
10 16 932657184 5721061 449736455 5721078 382393639
11 16 820570426 5721061 611901612 5721078 432472038
12 16 703076897 5721061 773130655 5721078 476207552
13 16 590589333 5721061 931154422 5721078 521743755
14 16 476490669 5721062 92377557 5721078 568868226
15 16 361153768 5721062 252014351 5721078 613168119
16 16 235775712 5721062 423875056 5721078 659650768
17 16 115907225 5721062 585972806 5721078 701880031
18 16 8445960 5721062 743671986 5721078 752117946
19 15 894225909 5721062 908007955 5721078 802233864
20 15 774957708 5721063 70888949 5721078 845846657
21 15 648672780 5721063 242496751 5721078 891169531
22 15 542147518 5721063 400701218 5721078 942848736
23 15 422674523 5721063 562100129 5721078 984774652
24 15 307467693 5721063 723477669 5721079 30945362
25 15 192805354 5721063 889465793 5721079 82271147
26 15 75110533 5721064 49163659 5721079 124274192
27 14 970417237 5721064 210532292 5721079 180949529
28 14 855850507 5721064 368013717 5721079 223864224
29 14 740416293 5721064 530714233 5721079 271130526
30 14 614115292 5721064 699913929 5721079 314029221
31 14 498675929 5721064 863561169 5721079 362237098
32 14 373069897 5721065 35044899 5721079 408114796
33 14 263465708 5721065 192898631 5721079 456364339
34 14 155369640 5721065 348321685 5721079 503691325
35 14 31714944 5721065 509394508 5721079 541109452
36 13 920694114 5721065 672791178 5721079 593485292
37 13 811540918 5721065 831651429 5721079 643192347
38 13 690534025 5721065 997919363 5721079 688453388
39 13 576056312 5721066 162587344 5721079 738643656
40 13 447551963 5721066 332661894 5721079 780213857
41 13 328105894 5721066 502593096 5721079 830698990
42 13 198552025 5721066 674375875 5721079 872927900
43 13 68338205 5721066 848453947 5721079 916792152
44 12 957149694 5721067 11299441 5721079 968449135
45 12 842040900 5721067 171800922 5721080 13841822
46 12 731748112 5721067 341138801 5721080 72886913
47 12 619288641 5721067 501990961 5721080 121279602
48 12 514989118 5721067 661235890 5721080 176225008
49 12 407486707 5721067 822774167 5721080 230260874
50 12 299190494 5721067 985176633 5721080 284367127
51 12 192977246 5721068 148624764 5721080 341602010
52 12 102837061 5721068 310308946 5721080 413146007
53 11 983074443 5721068 476678970 5721080 459753413
54 11 869062760 5721068 640826663 5721080 509889423
55 11 758379109 5721068 805936358 5721080 564315467
56 11 642952674 5721068 976842393 5721080 619795067
57 11 527475054 5721069 141316358 5721080 668791412
58 11 429237217 5721069 308251872 5721080 737489089
59 11 349240092 5721069 463376689 5721080 812616781
60 11 250093550 5721069 628851692 5721080 878945242
61 11 153552627 5721069 792427451 5721080 945980078
62 11 70049491 5721069 946385789 5721081 16435280
63 10 962365417 5721070 116775074 5721081 79140491
64 10 853973873 5721070 285558055 5721081 139531928
1 17 957373973 5721102 405740248 5721120 363114221
2 17 809323479 5721102 601080116 5721120 410403595
3 17 701507632 5721102 755227316 5721120 456734948
4 17 584493822 5721102 919592461 5721120 504086283
5 17 468973800 5721103 82672278 5721120 551646078
6 17 344977116 5721103 248562229 5721120 593539345
7 17 232109935 5721103 411587917 5721120 643697852
8 17 135560664 5721103 562919241 5721120 698479905
9 17 10943379 5721103 729754639 5721120 740698018
10 16 887132802 5721103 896907364 5721120 784040166
11 16 782516659 5721104 56356893 5721120 838873552
12 16 670617386 5721104 213324283 5721120 883941669
13 16 565761969 5721104 369838606 5721120 935600575
14 16 448546367 5721104 531649389 5721120 980195756
15 16 334845126 5721104 694701670 5721121 29546796
16 16 227820786 5721104 849908090 5721121 77728876
17 16 105069190 5721105 15357827 5721121 120427017
18 15 996744946 5721105 170110830 5721121 166855776
19 15 880756266 5721105 332660618 5721121 213416884
20 15 776967886 5721105 485900000 5721121 262867886
21 15 663555474 5721105 646280532 5721121 309836006
22 15 554281988 5721105 802269549 5721121 356551537
23 15 441891855 5721105 964343254 5721121 406235109
24 15 331305189 5721106 123792857 5721121 455098046
25 15 218906389 5721106 283892227 5721121 502798616
26 15 97852022 5721106 454508038 5721121 552360060
27 14 983372407 5721106 619460506 5721121 602832913
28 14 874797724 5721106 780410471 5721121 655208195
29 14 769124137 5721106 936983070 5721121 706107207
30 14 651994033 5721107 99207050 5721121 751201083
31 14 550385873 5721107 254356823 5721121 804742696
32 14 431194084 5721107 419009314 5721121 850203398
33 14 323619365 5721107 574043830 5721121 897663195
34 14 206798848 5721107 742945912 5721121 949744760
35 14 83252063 5721107 913480372 5721121 996732435
36 13 973575585 5721108 65858102 5721122 39433687
37 13 854074431 5721108 230998899 5721122 85073330
38 13 739505467 5721108 393346043 5721122 132851510
39 13 623883299 5721108 556849685 5721122 180732984
40 13 505096391 5721108 717617061 5721122 222713452
41 13 393671778 5721108 882632249 5721122 276304027
42 13 272103125 5721109 55559888 5721122 327663013
43 13 144284305 5721109 230972353 5721122 375256658
44 13 43912920 5721109 396200741 5721122 440113661
45 12 927707337 5721109 566157933 5721122 493865270
46 12 820230967 5721109 721113932 5721122 541344899
47 12 708162829 5721109 880932602 5721122 589095431
48 12 608212176 5721110 40289577 5721122 648501753
49 12 502991155 5721110 203454317 5721122 706445472
50 12 402553660 5721110 367049438 5721122 769603098
51 12 285968602 5721110 528258972 5721122 814227574
52 12 173174384 5721110 689254325 5721122 862428709
53 12 62604682 5721110 847470042 5721122 910074724
54 11 963661345 5721111 15761801 5721122 979423146
55 11 835523754 5721111 188094784 5721123 23618538
56 11 740179945 5721111 348554090 5721123 88734035
57 11 647639105 5721111 510692959 5721123 158332064
58 11 550025558 5721111 666220688 5721123 216246246
59 11 443090235 5721111 832827995 5721123 275918230
60 11 355935557 5721111 987530183 5721123 343465740
61 11 253973349 5721112 152624184 5721123 406597533
62 11 168344847 5721112 317892941 5721123 486237788
63 11 70342030 5721112 482825520 5721123 553167550
64 10 962909161 5721112 646917057 5721123 609826218
1 18 40826326 5721144 42692794 5721162 83519120
2 17 895110889 5721144 235930265 5721162 131041154
3 17 781793740 5721144 399390864 5721162 181184604
4 17 672634257 5721144 557348691 5721162 229982948
5 17 554219773 5721144 717869399 5721162 272089172
6 17 447995108 5721144 880951911 5721162 328947019
7 17 324099297 5721145 47558120 5721162 371657417
8 17 220540953 5721145 201635962 5721162 422176915
9 17 100826161 5721145 363082189 5721162 463908350
10 16 974339823 5721145 527829172 5721162 502168995
11 16 867465983 5721145 687675058 5721162 555141041
12 16 759118949 5721145 845342168 5721162 604461117
13 16 634567873 5721146 18571720 5721162 653139593
14 16 519001968 5721146 177015335 5721162 696017303
15 16 403750002 5721146 333983365 5721162 737733367
16 16 288107191 5721146 497331725 5721162 785438916
17 16 189646645 5721146 653501121 5721162 843147766
18 16 52189838 5721146 834194095 5721162 886383933
19 15 938383605 5721146 994365197 5721162 932748802
20 15 838504955 5721147 149196395 5721162 987701350
21 15 727464636 5721147 311387942 5721163 38852578
22 15 608844398 5721147 478219183 5721163 87063581
23 15 495522731 5721147 639587837 5721163 135110568
24 15 385207288 5721147 796785622 5721163 181992910
25 15 273954490 5721147 957183239 5721163 231137729
26 15 162803970 5721148 119280398 5721163 282084368
27 15 57157072 5721148 273506977 5721163 330664049
28 14 930698937 5721148 442158723 5721163 372857660
29 14 824052780 5721148 598864813 5721163 422917593
30 14 704488615 5721148 765484835 5721163 469973450
31 14 591624384 5721148 927803565 5721163 519427949
32 14 470348156 5721149 98963136 5721163 569311292
33 14 357073451 5721149 260681487 5721163 617754938
34 14 243982854 5721149 418865884 5721163 662848738
35 14 132136995 5721149 573120110 5721163 705257105
36 14 3564213 5721149 741719616 5721163 745283829
37 13 892583227 5721149 900491168 5721163 793074395
38 13 780864661 5721150 60701824 5721163 841566485
39 13 666033854 5721150 219870685 5721163 885904539
40 13 549792389 5721150 385956531 5721163 935748920
41 13 422020555 5721150 562123827 5721163 984144382
42 13 309811758 5721150 717400831 5721164 27212589
43 13 212034904 5721150 881338679 5721164 93373583
44 13 104445857 5721151 38785496 5721164 143231353
45 12 982963077 5721151 204018136 5721164 186981213
46 12 876194052 5721151 371133372 5721164 247327424
47 12 775224997 5721151 532668096 5721164 307893093
48 12 652960195 5721151 695462706 5721164 348422901
49 12 553428540 5721151 861553015 5721164 414981555
50 12 458873702 5721152 19083831 5721164 477957533
51 12 346815569 5721152 182858996 5721164 529674565
52 12 236410665 5721152 351082693 5721164 587493358
53 12 127150480 5721152 521416834 5721164 648567314
54 12 29464699 5721152 676724226 5721164 706188925
55 11 940038622 5721152 841225286 5721164 781263908
56 11 838454614 5721153 4851714 5721164 843306328
57 11 740024291 5721153 167769969 5721164 907794260
58 11 635357487 5721153 329750982 5721164 965108469
59 11 522501628 5721153 507296918 5721165 29798546
60 11 439019165 5721153 658475811 5721165 97494976
61 11 346362016 5721153 823418566 5721165 169780582
62 11 256812292 5721153 980797421 5721165 237609713
63 11 136438771 5721154 162134160 5721165 298572931
64 11 44996638 5721154 326635719 5721165 371632357
1 18 30326880 5721186 403528346 5721204 433855226
2 17 892405290 5721186 591735066 5721204 484140356
3 17 766989345 5721186 760148921 5721204 527138266
4 17 647470703 5721186 920607529 5721204 568078232
5 17 534230019 5721187 81651313 5721204 615881332
6 17 430096210 5721187 238030791 5721204 668127001
7 17 316228465 5721187 406597235 5721204 722825700
8 17 193686190 5721187 571097549 5721204 764783739
9 17 59925155 5721187 752557076 5721204 812482231
10 16 957999325 5721187 906856332 5721204 864855657
11 16 854590428 5721188 57751335 5721204 912341763
12 16 742944735 5721188 219955042 5721204 962899777
13 16 630429336 5721188 374442240 5721205 4871576
14 16 513226318 5721188 540221308 5721205 53447626
15 16 394303201 5721188 702391756 5721205 96694957
16 16 284330127 5721188 858482702 5721205 142812829
17 16 165013405 5721189 21359971 5721205 186373376
18 16 53750428 5721189 180168628 5721205 233919056
19 15 936548540 5721189 348911920 5721205 285460460
20 15 815321594 5721189 515709451 5721205 331031045
21 15 702463257 5721189 673214631 5721205 375677888
22 15 600037528 5721189 832759404 5721205 432796932
23 15 484261077 5721189 997038999 5721205 481300076
24 15 361212293 5721190 162594794 5721205 523807087
25 15 243803556 5721190 328908093 5721205 572711649
26 15 137791745 5721190 483955372 5721205 621747117
27 15 13911199 5721190 649848549 5721205 663759748
28 14 908592207 5721190 812156365 5721205 720748572
29 14 779966543 5721190 982961509 5721205 762928052
30 14 671426776 5721191 137314394 5721205 808741170
31 14 558290277 5721191 296546376 5721205 854836653
32 14 456113859 5721191 457384662 5721205 913498521
33 14 345449538 5721191 615409703 5721205 960859241
34 14 241949587 5721191 771188081 5721206 13137668
35 14 129670610 5721191 932830038 5721206 62500648
36 14 11088414 5721192 99840231 5721206 110928645
37 13 891409423 5721192 261397745 5721206 152807168
38 13 772781005 5721192 427623397 5721206 200404402
39 13 654706725 5721192 588848658 5721206 243555383
40 13 539141900 5721192 751929774 5721206 291071674
41 13 427403857 5721192 911019407 5721206 338423264
42 13 316208694 5721193 71753973 5721206 387962667
43 13 210965480 5721193 236433930 5721206 447399410
44 13 102084441 5721193 393245993 5721206 495330434
45 12 986113586 5721193 557999079 5721206 544112665
46 12 878156569 5721193 726957385 5721206 605113954
47 12 768141810 5721193 890658194 5721206 658800004
48 12 653297491 5721194 61004734 5721206 714302225
49 12 555743767 5721194 232723046 5721206 788466813
50 12 435050497 5721194 405375416 5721206 840425913
51 12 326853410 5721194 567534956 5721206 894388366
52 12 212590710 5721194 722380535 5721206 934971245
53 12 112411516 5721194 891014050 5721207 3425566
54 12 12558555 5721195 56861061 5721207 69419616
55 11 898037285 5721195 226000012 5721207 124037297
56 11 792842329 5721195 389644303 5721207 182486632
57 11 694749338 5721195 561057268 5721207 255806606
58 11 600161542 5721195 722037755 5721207 322199297
59 11 499789017 5721195 886963634 5721207 386752651
60 11 404564252 5721196 57311859 5721207 461876111
61 11 310647500 5721196 217269494 5721207 527916994
62 11 209766484 5721196 381602754 5721207 591369238
63 11 107235887 5721196 539935881 5721207 647171768
64 11 16232657 5721196 703230604 5721207 719463261
1 18 90921252 5721228 522739044 5721246 613660296
2 17 967043896 5721228 692586699 5721246 659630595
3 17 845773881 5721228 863779478 5721246 709553359
4 17 739597205 5721229 20773514 5721246 760370719
5 17 622334747 5721229 187133473 5721246 809468220
6 17 502254397 5721229 342844346 5721246 845098743
7 17 389841574 5721229 507212859 5721246 897054433
8 17 270383749 5721229 672698167 5721246 943081916
9 17 163190425 5721229 838398175 5721247 1588600
10 17 44040762 5721229 999253788 5721247 43294550
11 16 914763780 5721230 173116260 5721247 87880040
12 16 794917759 5721230 341963655 5721247 136881414
13 16 692761418 5721230 501831712 5721247 194593130
14 16 579049433 5721230 664869861 5721247 243919294
15 16 459044785 5721230 837175619 5721247 296220404
16 16 345075583 5721231 1002957 5721247 346078540
17 16 226996382 5721231 163372802 5721247 390369184
18 16 90774805 5721231 346107446 5721247 436882251
19 15 967631657 5721231 513994229 5721247 481625886
20 15 855010765 5721231 673269945 5721247 528280710
21 15 744966436 5721231 831980542 5721247 576946978
22 15 619871103 5721232 4050397 5721247 623921500
23 15 493778287 5721232 171728739 5721247 665507026
24 15 367939114 5721232 342512803 5721247 710451917
25 15 265681294 5721232 495258970 5721247 760940264
26 15 140833771 5721232 667493044 5721247 808326815
27 15 30034253 5721232 831388232 5721247 861422485
28 14 910460523 5721232 994068368 5721247 904528891
29 14 785088546 5721233 167396608 5721247 952485154
30 14 653940581 5721233 340580017 5721247 994520598
31 14 545403595 5721233 501805161 5721248 47208756
32 14 433515134 5721233 663356928 5721248 96872062
33 14 320455732 5721233 818216112 5721248 138671844
34 14 209909561 5721233 981761769 5721248 191671330
35 14 97222245 5721234 140655047 5721248 237877292
36 13 973834231 5721234 311966620 5721248 285800851
37 13 864246673 5721234 466131354 5721248 330378027
38 13 753932646 5721234 626778508 5721248 380711154
39 13 638471861 5721234 786867542 5721248 425339403
40 13 517516917 5721234 956652993 5721248 474169910
41 13 396372826 5721235 123720216 5721248 520093042
42 13 285148427 5721235 294311709 5721248 579460136
43 13 170287371 5721235 457981327 5721248 628268698
44 13 66652299 5721235 619441262 5721248 686093561
45 12 947361823 5721235 786025938 5721248 733387761
46 12 849145874 5721235 953756038 5721248 802901912
47 12 741018846 5721236 115084660 5721248 856103506
48 12 644575606 5721236 278377525 5721248 922953131
49 12 527882398 5721236 442968626 5721248 970851024
50 12 398990022 5721236 619608158 5721249 18598180
51 12 296475318 5721236 779420678 5721249 75895996
52 12 197512235 5721236 939596173 5721249 137108408
53 12 89245227 5721237 101778262 5721249 191023489
54 11 984355344 5721237 266854613 5721249 251209957
55 11 883522146 5721237 438491624 5721249 322013770
56 11 784867020 5721237 598107518 5721249 382974538
57 11 694017198 5721237 759999852 5721249 454017050
58 11 592112167 5721237 923033426 5721249 515145593
59 11 474110355 5721238 100319778 5721249 574430133
60 11 379490767 5721238 269639553 5721249 649130320
61 11 278306687 5721238 433432760 5721249 711739447
62 11 173729927 5721238 612085922 5721249 785815849
63 11 78356853 5721238 769448190 5721249 847805043
64 10 992259130 5721238 932291655 5721249 924550785
