1 0 47701852 5551783 857728646 5551783 905430498
2 0 46409728 5551783 859611741 5551783 906021469
3 0 45488948 5551783 861086862 5551783 906575810
4 0 44601983 5551783 862511502 5551783 907113485
5 0 43475708 5551783 864193267 5551783 907668975
6 0 42388339 5551783 865829607 5551783 908217946
7 0 41278749 5551783 867483465 5551783 908762214
8 0 40211473 5551783 869129434 5551783 909340907
9 0 39035421 5551783 870850383 5551783 909885804
10 0 37972774 5551783 872510352 5551783 910483126
11 0 36910886 5551783 874144822 5551783 911055708
12 0 35813407 5551783 875790606 5551783 911604013
13 0 34736390 5551783 877424650 5551783 912161040
14 0 32975200 5551783 879721311 5551783 912696511
15 0 31749112 5551783 881489426 5551783 913238538
16 0 30603467 5551783 883178950 5551783 913782417
1 0 36505838 5551793 237691028 5551793 274196866
2 0 35072605 5551793 239547531 5551793 274620136
3 0 34059273 5551793 240987078 5551793 275046351
4 0 33219695 5551793 242244203 5551793 275463898
5 0 32371137 5551793 243498309 5551793 275869446
6 0 31551060 5551793 244731693 5551793 276282753
7 0 30704650 5551793 245977170 5551793 276681820
8 0 29920535 5551793 247207462 5551793 277127997
9 0 29101273 5551793 248439420 5551793 277540693
10 0 28281528 5551793 249672231 5551793 277953759
11 0 27303380 5551793 251058779 5551793 278362159
12 0 26458321 5551793 252313756 5551793 278772077
13 0 25630597 5551793 253550899 5551793 279181496
14 0 24773557 5551793 254831375 5551793 279604932
15 0 23906221 5551793 256093611 5551793 279999832
16 0 23127829 5551793 257351791 5551793 280479620
1 0 39581003 5551802 851801866 5551802 891382869
2 0 37605744 5551802 854208265 5551802 891814009
3 0 36258695 5551802 855970103 5551802 892228798
4 0 35014811 5551802 857616257 5551802 892631068
5 0 33771315 5551802 859274393 5551802 893045708
6 0 32360878 5551802 861094304 5551802 893455182
7 0 31105235 5551802 862749995 5551802 893855230
8 0 30307825 5551802 863996138 5551802 894303963
9 0 29482766 5551802 865231430 5551802 894714196
10 0 28656855 5551802 866469944 5551802 895126799
11 0 27835222 5551802 867695088 5551802 895530310
12 0 27010996 5551802 868930269 5551802 895941265
13 0 26095773 5551802 870260040 5551802 896355813
14 0 24737354 5551802 872032007 5551802 896769361
15 0 23871833 5551802 873290558 5551802 897162391
16 0 23010090 5551802 874558756 5551802 897568846
1 0 37943682 5551812 237691644 5551812 275635326
2 0 36544097 5551812 239542036 5551812 276086133
3 0 35381989 5551812 241128877 5551812 276510866
4 0 34513450 5551812 242406612 5551812 276920062
5 0 33668632 5551812 243673737 5551812 277342369
6 0 32836684 5551812 244920399 5551812 277757083
7 0 31987071 5551812 246185708 5551812 278172779
8 0 31168882 5551812 247443481 5551812 278612363
9 0 30324732 5551812 248702013 5551812 279026745
10 0 29482747 5551812 249959731 5551812 279442478
11 0 28540172 5551812 251322261 5551812 279862433
12 0 27775705 5551812 252578108 5551812 280353813
13 0 26921350 5551812 253862399 5551812 280783749
14 0 26058182 5551812 255132245 5551812 281190427
15 0 25220438 5551812 256379759 5551812 281600197
16 0 24356805 5551812 257653217 5551812 282010022
1 0 36596541 5551821 627571445 5551821 664167986
2 0 35167549 5551821 629430633 5551821 664598182
3 0 34146882 5551821 630864421 5551821 665011303
4 0 33293250 5551821 632119824 5551821 665413074
5 0 32454321 5551821 633373967 5551821 665828288
6 0 31630374 5551821 634607425 5551821 666237799
7 0 30771057 5551821 635862198 5551821 666633255
8 0 29974775 5551821 637101416 5551821 667076191
9 0 29148142 5551821 638334412 5551821 667482554
10 0 28310472 5551821 639580648 5551821 667891120
11 0 27381249 5551821 640910882 5551821 668292131
12 0 26539950 5551821 642157655 5551821 668697605
13 0 25678058 5551821 643431576 5551821 669109634
14 0 24820278 5551821 644686886 5551821 669507164
15 0 23976590 5551821 645934955 5551821 669911545
16 0 23224623 5551821 647197024 5551821 670421647
1 0 37395952 5551831 87185321 5551831 124581273
2 0 35969719 5551831 89029824 5551831 124999543
3 0 34930330 5551831 90495334 5551831 125425664
4 0 34069698 5551831 91770051 5551831 125839749
5 0 33230084 5551831 93012972 5551831 126243056
6 0 32415082 5551831 94237708 5551831 126652790
7 0 31567801 5551831 95481222 5551831 127049023
8 0 30776760 5551831 96720088 5551831 127496848
9 0 29957997 5551831 97948121 5551831 127906118
10 0 29113420 5551831 99188431 5551831 128301851
11 0 28209530 5551831 100505480 5551831 128715010
12 0 27361860 5551831 101760161 5551831 129122021
13 0 26540172 5551831 102988471 5551831 129528643
14 0 25686373 5551831 104252207 5551831 129938580
15 0 25271862 5551831 105506091 5551831 130777953
16 0 24430601 5551831 106759845 5551831 131190446
1 0 48624631 5551840 698544781 5551840 747169412
2 0 46580817 5551840 701182639 5551840 747763456
3 0 45348655 5551840 702971495 5551840 748320150
4 0 44241824 5551840 704636778 5551840 748878602
5 0 43116882 5551840 706302618 5551840 749419500
6 0 42027477 5551840 707940735 5551840 749968212
7 0 41016513 5551840 709622149 5551840 750638662
8 0 39811462 5551840 711406986 5551840 751218448
9 0 38715815 5551840 713050085 5551840 751765900
10 0 37603059 5551840 714712535 5551840 752315594
11 0 36520412 5551840 716332894 5551840 752853306
12 0 35419859 5551840 717978437 5551840 753398296
13 0 34339860 5551840 719617129 5551840 753956989
14 0 33101883 5551840 721390522 5551840 754492405
15 0 31976683 5551840 723058231 5551840 755034914
16 0 30835352 5551840 724745033 5551840 755580385
1 0 36677428 5551850 97588163 5551850 134265591
2 0 35250973 5551850 99448943 5551850 134699916
3 0 34192677 5551850 100927638 5551850 135120315
4 0 33321324 5551850 102203447 5551850 135524771
5 0 32483469 5551850 103463405 5551850 135946874
6 0 31656744 5551850 104707641 5551850 136364385
7 0 30802833 5551850 105962896 5551850 136765729
8 0 29998571 5551850 107218835 5551850 137217406
9 0 29166197 5551850 108467553 5551850 137633750
10 0 28327528 5551850 109719270 5551850 138046798
11 0 27418971 5551850 111032986 5551850 138451957
12 0 26578376 5551850 112286370 5551850 138864746
13 0 25758872 5551850 113524051 5551850 139282923
14 0 24889222 5551850 114811638 5551850 139700860
15 0 24102088 5551850 116068781 5551850 140170869
16 0 23277677 5551850 117320888 5551850 140598565
1 0 48440597 5551859 472806844 5551859 521247441
2 0 46624835 5551859 475217151 5551859 521841986
3 0 45425320 5551859 476974322 5551859 522399642
4 0 44324008 5551859 478632402 5551859 522956410
5 0 43091642 5551859 480405758 5551859 523497400
6 0 41969941 5551859 482080967 5551859 524050908
7 0 40840332 5551859 483748640 5551859 524588972
8 0 39784166 5551859 485403980 5551859 525188146
9 0 38689650 5551859 487048708 5551859 525738358
10 0 37577707 5551859 488711233 5551859 526288940
11 0 36291621 5551859 490533791 5551859 526825412
12 0 35145993 5551859 492227871 5551859 527373864
13 0 34053292 5551859 493877692 5551859 527930984
14 0 32908461 5551859 495576512 5551859 528484973
15 0 31763205 5551859 497253907 5551859 529017112
16 0 30625985 5551859 498937172 5551859 529563157
1 0 38174900 5551869 87371328 5551869 125546228
2 0 36751019 5551869 89228072 5551869 125979091
3 0 35686076 5551869 90710118 5551869 126396194
4 0 34819777 5551869 91978243 5551869 126798020
5 0 33981033 5551869 93235053 5551869 127216086
6 0 33160253 5551869 94468696 5551869 127628949
7 0 32309879 5551869 95718729 5551869 128028608
8 0 31520228 5551869 96961594 5551869 128481822
9 0 30685743 5551869 98208238 5551869 128893981
10 0 29844851 5551869 99461085 5551869 129305936
11 0 28955887 5551869 100754264 5551869 129710151
12 0 28184883 5551869 102009222 5551869 130194105
13 0 27371953 5551869 103262162 5551869 130634115
14 0 26033460 5551869 105008407 5551869 131041867
15 0 25189327 5551869 106264717 5551869 131454044
16 0 24328769 5551869 107536934 5551869 131865703
1 0 36729409 5551878 767819441 5551878 804548850
2 0 35316305 5551878 769661092 5551878 804977397
3 0 34263658 5551878 771134028 5551878 805397686
4 0 33408341 5551878 772394930 5551878 805803271
5 0 32567041 5551878 773650629 5551878 806217670
6 0 31746816 5551878 774889791 5551878 806636607
7 0 30894017 5551878 776143397 5551878 807037414
8 0 30107254 5551878 777387319 5551878 807494573
9 0 29294213 5551878 778621611 5551878 807915824
10 0 28458396 5551878 779857754 5551878 808316150
11 0 27486377 5551878 781239728 5551878 808726105
12 0 26657799 5551878 782482502 5551878 809140301
13 0 25841297 5551878 783718719 5551878 809560016
14 0 24956535 5551878 785001955 5551878 809958490
15 0 24213808 5551878 786249376 5551878 810463184
16 0 23354954 5551878 787519685 5551878 810874639
1 0 47549818 5551888 407165212 5551888 454715030
2 0 46286267 5551888 409014530 5551888 455300797
3 0 45412913 5551888 410445540 5551888 455858453
4 0 44668094 5551888 411733534 5551888 456401628
5 0 43572392 5551888 413379670 5551888 456952062
6 0 42471691 5551888 415029695 5551888 457501386
7 0 41339415 5551888 416697738 5551888 458037153
8 0 40273490 5551888 418355115 5551888 458628605
9 0 39136326 5551888 420044843 5551888 459181169
10 0 37933330 5551888 421801625 5551888 459734955
11 0 36916646 5551888 423451594 5551888 460368240
12 0 35825463 5551888 425107822 5551888 460933285
13 0 34736445 5551888 426757088 5551888 461493533
14 0 33586874 5551888 428456427 5551888 462043301
15 0 32353286 5551888 430223801 5551888 462577087
16 0 31176956 5551888 431949621 5551888 463126577
1 0 50665427 5551898 72165397 5551898 122830824
2 0 48792721 5551898 74605574 5551898 123398295
3 0 47586577 5551898 76368393 5551898 123954970
4 0 46477023 5551898 78017585 5551898 124494608
5 0 45369692 5551898 79676720 5551898 125046412
6 0 44051975 5551898 81543371 5551898 125595346
7 0 42910441 5551898 83216710 5551898 126127151
8 0 41850424 5551898 84867976 5551898 126718400
9 0 40741760 5551898 86523852 5551898 127265612
10 0 39625521 5551898 88187136 5551898 127812657
11 0 38531226 5551898 89810032 5551898 128341258
12 0 37293213 5551898 91598239 5551898 128891452
13 0 36173196 5551898 93268671 5551898 129441867
14 0 34425266 5551898 95544480 5551898 129969746
15 0 33372304 5551898 97210505 5551898 130582809
16 0 32230696 5551898 98898177 5551898 131128873
1 0 48291452 5551907 717205143 5551907 765496595
2 0 47005346 5551907 719054831 5551907 766060177
3 0 46105382 5551907 720508489 5551907 766613871
4 0 45362081 5551907 721795168 5551907 767157249
5 0 44226843 5551907 723478711 5551907 767705554
6 0 43119363 5551907 725133810 5551907 768253173
7 0 42000699 5551907 726791020 5551907 768791719
8 0 40943737 5551907 728434415 5551907 769378152
9 0 39748703 5551907 730175124 5551907 769923827
10 0 39361082 5551907 731856555 5551907 771217637
11 0 38263102 5551907 733488710 5551907 771751812
12 0 37161271 5551907 735135790 5551907 772297061
13 0 36052365 5551907 736798408 5551907 772850773
14 0 34920460 5551907 738461062 5551907 773381522
15 0 33750871 5551907 740169419 5551907 773920290
16 0 32593634 5551907 741870646 5551907 774464280
1 0 36616188 5551917 137181788 5551917 173797976
2 0 35188141 5551917 139041846 5551917 174229987
3 0 34158382 5551917 140487449 5551917 174645831
4 0 33286380 5551917 141763795 5551917 175050175
5 0 32445043 5551917 143026198 5551917 175471241
6 0 31617430 5551917 144269619 5551917 175887049
7 0 30762704 5551917 145524707 5551917 176287411
8 0 29967035 5551917 146769424 5551917 176736459
9 0 29142717 5551917 148008901 5551917 177151618
10 0 28302676 5551917 149248119 5551917 177550795
11 0 27425415 5551917 150543335 5551917 177968750
12 0 26580171 5551917 151800016 5551917 178380187
13 0 25750854 5551917 153048122 5551917 178798976
14 0 24868278 5551917 154335672 5551917 179203950
15 0 24006293 5551917 155604297 5551917 179610590
16 0 23195179 5551917 156873051 5551917 180068230
1 0 36575801 5551926 557758184 5551926 594333985
2 0 35166048 5551926 559604706 5551926 594770754
3 0 34134845 5551926 561057216 5551926 595192061
4 0 33272454 5551926 562325822 5551926 595598276
5 0 32436341 5551926 563584983 5551926 596021324
6 0 31612319 5551926 564824812 5551926 596437131
7 0 30772112 5551926 566081900 5551926 596854012
8 0 29961368 5551926 567334691 5551926 597296059
9 0 29138865 5551926 568574779 5551926 597713644
10 0 28291084 5551926 569825200 5551926 598116284
11 0 27403027 5551926 571133657 5551926 598536684
12 0 26562894 5551926 572385579 5551926 598948473
13 0 25747631 5551926 573624000 5551926 599371631
14 0 24859148 5551926 574916235 5551926 599775383
15 0 24145699 5551926 576164693 5551926 600310392
16 0 23300510 5551926 577430744 5551926 600731254
1 0 37623318 5551935 937695137 5551935 975318455
2 0 36201585 5551935 939545288 5551935 975746873
3 0 35148068 5551935 941018260 5551935 976166328
4 0 34300324 5551935 942277996 5551935 976578320
5 0 33457266 5551935 943537843 5551935 976995109
6 0 32629781 5551935 944779450 5551935 977409231
7 0 31779556 5551935 946037167 5551935 977816723
8 0 30983237 5551935 947279718 5551935 978262955
9 0 30168086 5551935 948516973 5551935 978685059
10 0 29332176 5551935 949757931 5551935 979090107
11 0 28444841 5551935 951056888 5551935 979501729
12 0 27602133 5551935 952309995 5551935 979912128
13 0 26934535 5551935 953551805 5551935 980486340
14 0 26041107 5551935 954846966 5551935 980888073
15 0 25196438 5551935 956102331 5551935 981298769
16 0 24341861 5551935 957366919 5551935 981708780
1 0 38378914 5551945 297089198 5551945 335468112
2 0 36922479 5551945 298969977 5551945 335892456
3 0 35897757 5551945 300425691 5551945 336323448
4 0 35019014 5551945 301726871 5551945 336745885
5 0 34157086 5551945 302997032 5551945 337154118
6 0 33325694 5551945 304241564 5551945 337567258
7 0 32465507 5551945 305503522 5551945 337969029
8 0 31659873 5551945 306759425 5551945 338419298
9 0 30814278 5551945 308017772 5551945 338832050
10 0 29972349 5551945 309272730 5551945 339245079
11 0 29059014 5551945 310590391 5551945 339649405
12 0 28300825 5551945 311855089 5551945 340155914
13 0 27483488 5551945 313103844 5551945 340587332
14 0 26126254 5551945 314884422 5551945 341010676
15 0 25248326 5551945 316160602 5551945 341408928
16 0 24367620 5551945 317451096 5551945 341818716
1 0 37251510 5551954 927879854 5551954 965131364
2 0 35834369 5551954 929722042 5551954 965556411
3 0 34805537 5551954 931166274 5551954 965971811
4 0 33958182 5551954 932422732 5551954 966380914
5 0 33115457 5551954 933675227 5551954 966790684
6 0 32302083 5551954 934910538 5551954 967212621
7 0 31452359 5551954 936161736 5551954 967614095
8 0 30649207 5551954 937407602 5551954 968056809
9 0 29822278 5551954 938643894 5551954 968466172
10 0 29005275 5551954 939878167 5551954 968883442
11 0 28104384 5551954 941177773 5551954 969282157
12 0 27265566 5551954 942424694 5551954 969690260
13 0 26474303 5551954 943689115 5551954 970163418
14 0 25152346 5551954 945425990 5551954 970578336
15 0 24294844 5551954 946695688 5551954 970990532
16 0 23443619 5551954 947962220 5551954 971405839
1 0 36825870 5551964 298067367 5551964 334893237
2 0 35400711 5551964 299918981 5551964 335319692
3 0 34332250 5551964 301416286 5551964 335748536
4 0 33493728 5551964 302679596 5551964 336173324
5 0 32639578 5551964 303945924 5551964 336585502
6 0 31810556 5551964 305193253 5551964 337003809
7 0 30951571 5551964 306457063 5551964 337408634
8 0 30155809 5551964 307705002 5551964 337860811
9 0 29325436 5551964 308951701 5551964 338277137
10 0 28410804 5551964 310284177 5551964 338694981
11 0 27553320 5551964 311550709 5551964 339104029
12 0 26711465 5551964 312806593 5551964 339518058
13 0 25884092 5551964 314047495 5551964 339931587
14 0 25410730 5551964 315340638 5551964 340751368
15 0 24562654 5551964 316607688 5551964 341170342
16 0 23697985 5551964 317885831 5551964 341583816
1 0 25503302 5551973 962631771 5551973 988135073
2 0 24400027 5551973 964018985 5551973 988419012
3 0 23755465 5551973 964951635 5551973 988707100
4 0 23179865 5551973 965808285 5551973 988988150
5 0 22605431 5551973 966655677 5551973 989261108
6 0 22045960 5551973 967489939 5551973 989535899
7 0 21465711 5551973 968336368 5551973 989802079
8 0 20962128 5551973 969173760 5551973 990135888
9 0 20379213 5551973 970041929 5551973 990421142
10 0 19758632 5551973 970931690 5551973 990690322
11 0 19205161 5551973 971763656 5551973 990968817
12 0 18646134 5551973 972598011 5551973 991244145
13 0 18082978 5551973 973435477 5551973 991518455
14 0 17533451 5551973 974258869 5551973 991792320
15 0 16965999 5551973 975100094 5551973 992066093
16 0 16309363 5551973 976030039 5551973 992339402
1 0 47166233 5551983 347294723 5551983 394460956
2 0 45914515 5551983 349151578 5551983 395066093
3 0 44941996 5551983 350678531 5551983 395620527
4 0 44184973 5551983 351975414 5551983 396160387
5 0 42943774 5551983 353771362 5551983 396715136
6 0 41849572 5551983 355413850 5551983 397263422
7 0 40728445 5551983 357064967 5551983 397793412
8 0 39678612 5551983 358708863 5551983 398387475
9 0 38527690 5551983 360406738 5551983 398934428
10 0 37385229 5551983 362096300 5551983 399481529
11 0 36321360 5551983 363733047 5551983 400054407
12 0 35292269 5551983 365383312 5551983 400675581
13 0 34168141 5551983 367064281 5551983 401232422
14 0 33055384 5551983 368729250 5551983 401784634
15 0 31835129 5551983 370478329 5551983 402313458
16 0 30675058 5551983 372180371 5551983 402855429
1 0 37045162 5551992 957618365 5551992 994663527
2 0 35592060 5551992 959502144 5551992 995094204
3 0 34555227 5551992 960959728 5551992 995514955
4 0 33695372 5551992 962222983 5551992 995918355
5 0 32861740 5551992 963473163 5551992 996334903
6 0 32040958 5551992 964705270 5551992 996746228
7 0 31188901 5551992 965954561 5551992 997143462
8 0 30392878 5551992 967201631 5551992 997594509
9 0 29569487 5551992 968437237 5551992 998006724
10 0 28737280 5551992 969680677 5551992 998417957
11 0 27842963 5551992 970979431 5551992 998822394
12 0 27001571 5551992 972229815 5551992 999231386
13 0 26185030 5551992 973465144 5551992 999650174
14 0 24887685 5551992 975201278 5551993 88963
15 0 24032534 5551992 976483328 5551993 515862
16 0 23190846 5551992 977739860 5551993 930706
1 0 37259676 5552002 337498894 5552002 374758570
2 0 35818277 5552002 339366415 5552002 375184692
3 0 34786871 5552002 340818665 5552002 375605536
4 0 33924035 5552002 342093549 5552002 376017584
5 0 33069069 5552002 343363470 5552002 376432539
6 0 32239919 5552002 344608372 5552002 376848291
7 0 31384342 5552002 345872571 5552002 377256913
8 0 30570634 5552002 347133992 5552002 377704626
9 0 29739001 5552002 348380673 5552002 378119674
10 0 28889481 5552002 349636723 5552002 378526204
11 0 27979164 5552002 350957014 5552002 378936178
12 0 27123106 5552002 352225508 5552002 379348614
13 0 26278029 5552002 353496151 5552002 379774180
14 0 25008108 5552002 355240730 5552002 380248838
15 0 24170846 5552002 356508151 5552002 380678997
16 0 23298381 5552002 357793627 5552002 381092008
1 0 36545764 5552011 717995821 5552011 754541585
2 0 35101050 5552011 719865953 5552011 754967003
3 0 34041459 5552011 721347907 5552011 755389366
4 0 33184530 5552011 722605976 5552011 755790506
5 0 32342305 5552011 723862749 5552011 756205054
6 0 31529449 5552011 725098819 5552011 756628268
7 0 30679170 5552011 726345573 5552011 757024743
8 0 29882351 5552011 727585735 5552011 757468086
9 0 29071051 5552011 728815398 5552011 757886449
10 0 28181568 5552011 730119984 5552011 758301552
11 0 27323973 5552011 731375535 5552011 758699508
12 0 26500376 5552011 732616031 5552011 759116407
13 0 25687374 5552011 733842600 5552011 759529974
14 0 24813982 5552011 735113058 5552011 759927040
15 0 24138476 5552011 736364072 5552011 760502548
16 0 23315639 5552011 737604327 5552011 760919966
1 0 50701426 5552021 119476435 5552021 170177861
2 0 48700704 5552021 122079423 5552021 170780127
3 0 47490134 5552021 123858205 5552021 171348339
4 0 46388618 5552021 125524729 5552021 171913347
5 0 45259750 5552021 127200124 5552021 172459874
6 0 44142308 5552021 128875574 5552021 173017882
7 0 42923627 5552021 130626986 5552021 173550613
8 0 41845202 5552021 132305455 5552021 174150657
9 0 40743853 5552021 133959646 5552021 174703499
10 0 39634151 5552021 135623541 5552021 175257692
11 0 38521542 5552021 137275677 5552021 175797219
12 0 37420136 5552021 138927443 5552021 176347579
13 0 36153086 5552021 140751890 5552021 176904976
14 0 34408359 5552021 143035922 5552021 177444281
15 0 33297139 5552021 144697909 5552021 177995048
16 0 32171752 5552021 146369323 5552021 178541075
1 0 36768241 5552030 557663552 5552030 594431793
2 0 35344268 5552030 559524147 5552030 594868415
3 0 34314306 5552030 560975879 5552030 595290185
4 0 33470155 5552030 562244411 5552030 595714566
5 0 32613059 5552030 563516295 5552030 596129354
6 0 31783352 5552030 564763920 5552030 596547272
7 0 30928461 5552030 566026063 5552030 596954524
8 0 30127624 5552030 567285429 5552030 597413053
9 0 29295621 5552030 568536350 5552030 597831971
10 0 28476858 5552030 569785919 5552030 598262777
11 0 27563394 5552030 571111228 5552030 598674622
12 0 26720521 5552030 572369871 5552030 599090392
13 0 25872555 5552030 573637125 5552030 599509680
14 0 25018997 5552030 574910694 5552030 599929691
15 0 24219938 5552030 576169559 5552030 600389497
16 0 23357657 5552030 577444573 5552030 600802230
1 0 48292453 5552039 932275263 5552039 980567716
2 0 46446116 5552039 934716459 5552039 981162575
3 0 45236046 5552039 936482111 5552039 981718157
4 0 44131881 5552039 938144784 5552039 982276665
5 0 43008477 5552039 939812049 5552039 982820526
6 0 41747796 5552039 941620886 5552039 983368682
7 0 40615318 5552039 943284984 5552039 983900302
8 0 39559412 5552039 944934657 5552039 984494069
9 0 38468765 5552039 946570516 5552039 985039281
10 0 37373656 5552039 948214522 5552039 985588178
11 0 36281806 5552039 949841473 5552039 986123279
12 0 35084458 5552039 951581570 5552039 986666028
13 0 33982052 5552039 953236614 5552039 987218666
14 0 32854222 5552039 954914749 5552039 987768971
15 0 31755908 5552039 956554941 5552039 988310849
16 0 30622893 5552039 958231928 5552039 988854821
1 0 48198398 5552049 561885691 5552049 610084089
2 0 46400228 5552049 564283387 5552049 610683615
3 0 45195047 5552049 566040854 5552049 611235901
4 0 44091309 5552049 567680064 5552049 611771373
5 0 42985033 5552049 569344959 5552049 612329992
6 0 41808221 5552049 571074001 5552049 612882222
7 0 40674520 5552049 572741192 5552049 613415712
8 0 39615966 5552049 574395828 5552049 614011794
9 0 38522227 5552049 576035723 5552049 614557950
10 0 37406321 5552049 577683471 5552049 615089792
11 0 36331156 5552049 579314848 5552049 615646004
12 0 35109939 5552049 581081518 5552049 616191457
13 0 33961515 5552049 582783987 5552049 616745502
14 0 32817722 5552049 584460493 5552049 617278215
15 0 31711983 5552049 586108462 5552049 617820445
16 0 30579467 5552049 587782857 5552049 618362324
1 0 48009513 5552059 181978631 5552059 229988144
2 0 46276620 5552059 184369401 5552059 230646021
3 0 45081309 5552059 186118776 5552059 231200085
4 0 43977089 5552059 187759412 5552059 231736501
5 0 42878109 5552059 189410585 5552059 232288694
6 0 41660262 5552059 191175015 5552059 232835277
7 0 40532578 5552059 192834559 5552059 233367137
8 0 39486801 5552059 194473936 5552059 233960737
9 0 38409840 5552059 196100831 5552059 234510671
10 0 37302602 5552059 197734578 5552059 235037180
11 0 36234344 5552059 199352363 5552059 235586707
12 0 35057199 5552059 201069887 5552059 236127086
13 0 33964145 5552059 202713430 5552059 236677575
14 0 32819611 5552059 204391695 5552059 237211306
15 0 31710742 5552059 206039202 5552059 237749944
16 0 30588764 5552059 207698652 5552059 238287416
