1 0 10901686 5597318 527344620 5597318 538246306
2 0 10166496 5597318 528261455 5597318 538427951
3 0 9899390 5597318 528688169 5597318 538587559
4 0 9720523 5597318 529094421 5597318 538814944
1 0 11839261 5597325 294379308 5597325 306218569
2 0 11135477 5597325 295255292 5597325 306390769
3 0 10893167 5597325 295662488 5597325 306555655
4 0 10645338 5597325 296052129 5597325 306697467
1 0 14306659 5597332 141617130 5597332 155923789
2 0 13337974 5597332 142824755 5597332 156162729
3 0 12990610 5597332 143382282 5597332 156372892
4 0 12629394 5597332 143933790 5597332 156563184
1 0 11405361 5597338 946942546 5597338 958347907
2 0 10656413 5597338 947872806 5597338 958529219
3 0 10393751 5597338 948295724 5597338 958689475
4 0 10133089 5597338 948700198 5597338 958833287
1 0 11047905 5597345 746955171 5597345 758003076
2 0 10303104 5597345 747883006 5597345 758186110
3 0 10032276 5597345 748314498 5597345 758346774
4 0 9763670 5597345 748726823 5597345 758490493
1 0 10921223 5597352 556784631 5597352 567705854
2 0 10195514 5597352 557691614 5597352 567887128
3 0 9925408 5597352 558121236 5597352 568046644
4 0 9657616 5597352 558532154 5597352 568189770
1 0 11439676 5597359 377169634 5597359 388609310
2 0 10708671 5597359 378087117 5597359 388795788
3 0 10442490 5597359 378516665 5597359 388959155
4 0 10183440 5597359 378924342 5597359 389107782
1 0 10999147 5597366 127150059 5597366 138149206
2 0 10263179 5597366 128069135 5597366 138332314
3 0 9992259 5597366 128502404 5597366 138494663
4 0 9806595 5597366 128913656 5597366 138720251
1 0 10979276 5597372 956438747 5597372 967418023
2 0 10252254 5597372 957347044 5597372 967599298
3 0 9979518 5597372 957776481 5597372 967755999
4 0 9715375 5597372 958181288 5597372 967896663
1 0 14855834 5597379 730732567 5597379 745588401
2 0 13921093 5597379 731904119 5597379 745825212
3 0 13574506 5597379 732461350 5597379 746035856
4 0 13231216 5597379 732992229 5597379 746223445
1 0 14313566 5597386 541621318 5597386 555934884
2 0 13382603 5597386 542787370 5597386 556169973
3 0 13028405 5597386 543352860 5597386 556381265
4 0 12683801 5597386 543887831 5597386 556571632
1 0 12935870 5597393 346762229 5597393 359698099
2 0 12253864 5597393 347679712 5597393 359933576
3 0 12172403 5597393 348115908 5597393 360288311
4 0 11964074 5597393 348520548 5597393 360484622
1 0 11439713 5597400 116790572 5597400 128230285
2 0 10704893 5597400 117705555 5597400 128410448
3 0 10437009 5597400 118131140 5597400 128568149
4 0 10174625 5597400 118537280 5597400 128711905
1 0 11041221 5597406 897076741 5597406 908117962
2 0 10299122 5597406 898002595 5597406 908301717
3 0 10025165 5597406 898436994 5597406 908462159
4 0 9756300 5597406 898847986 5597406 908604286
1 0 14419213 5597413 771374824 5597413 785794037
2 0 13493397 5597413 772536006 5597413 786029403
3 0 13126237 5597413 773114162 5597413 786240399
4 0 12773762 5597413 773654578 5597413 786428340
1 0 14474471 5597420 551919394 5597420 566393865
2 0 13544673 5597420 553083558 5597420 566628231
3 0 13194939 5597420 553644029 5597420 566838968
4 0 12842631 5597420 554181778 5597420 567024409
1 0 11385195 5597427 367085633 5597427 378470828
2 0 10645987 5597427 367996153 5597427 378642140
3 0 10370122 5597427 368433367 5597427 378803489
4 0 10095886 5597427 368850933 5597427 378946819
1 0 14362954 5597434 131908809 5597434 146271763
2 0 13404102 5597434 133103453 5597434 146507555
3 0 13050109 5597434 133672535 5597434 146722644
4 0 12700837 5597434 134210729 5597434 146911566
1 0 12842631 5597440 916837665 5597440 929680296
2 0 12138385 5597440 917780647 5597440 929919032
3 0 12019868 5597440 918208325 5597440 930228193
4 0 11804280 5597440 918614780 5597440 930419060
1 0 14394657 5597447 741583408 5597447 755978065
2 0 13467434 5597447 742747701 5597447 756215135
3 0 13111441 5597447 743321042 5597447 756432483
4 0 12761595 5597447 743859458 5597447 756621053
1 0 13548562 5597454 541996788 5597454 555545350
2 0 12554896 5597454 543174136 5597454 555729032
3 0 12153718 5597454 543736422 5597454 555890140
4 0 11759447 5597454 544272209 5597454 556031656
1 0 14386269 5597461 351582293 5597461 365968562
2 0 13453582 5597461 352750716 5597461 366204298
3 0 13097386 5597461 353320427 5597461 366417813
4 0 12746262 5597461 353863917 5597461 366610179
1 0 14030738 5597468 181930429 5597468 195961167
2 0 13014221 5597468 183128795 5597468 196143016
3 0 12610135 5597468 183696340 5597468 196306475
4 0 12211791 5597468 184238460 5597468 196450251
1 0 14967314 5597474 951847838 5597474 966815152
2 0 14007369 5597474 953051778 5597474 967059147
3 0 13657153 5597474 953616583 5597474 967273736
4 0 13313567 5597474 954150239 5597474 967463806
1 0 10910056 5597481 776678501 5597481 787588557
2 0 10176255 5597481 777594539 5597481 787770794
3 0 9899575 5597481 778029346 5597481 787928921
4 0 9628784 5597481 778439375 5597481 788068159
1 0 14325196 5597488 591414147 5597488 605739343
2 0 13391046 5597488 592584385 5597488 605975431
3 0 13034294 5597488 593149263 5597488 606183557
4 0 12687449 5597488 593684790 5597488 606372239
1 0 10975555 5597495 376725989 5597495 387701544
2 0 10247772 5597495 377634898 5597495 387882670
3 0 9979258 5597495 378063076 5597495 388042334
4 0 9716782 5597495 378467586 5597495 388184368
1 0 11010054 5597502 169319454 5597502 180329508
2 0 10205865 5597502 170306010 5597502 180511875
3 0 9928426 5597502 170742909 5597502 180671335
4 0 9736967 5597502 171161123 5597502 180898090
1 0 10961962 5597508 956847013 5597508 967808975
2 0 10229753 5597508 957763292 5597508 967993045
3 0 9965370 5597508 958189765 5597508 968155135
4 0 9703004 5597508 958599665 5597508 968302669
1 0 13546136 5597515 776589322 5597515 790135458
2 0 12859872 5597515 777519471 5597515 790379343
3 0 12645005 5597515 777948759 5597515 790593764
4 0 12430769 5597515 778357270 5597515 790788039
