1 0 14347936 5597522 566928715 5597522 581276651
2 0 13577970 5597522 567854253 5597522 581432223
3 0 13303641 5597522 568286560 5597522 581590201
4 0 13051109 5597522 568694830 5597522 581745939
5 0 12791077 5597522 569105489 5597522 581896566
6 0 12553951 5597522 569495630 5597522 582049581
7 0 12332622 5597522 569870827 5597522 582203449
8 0 11990721 5597522 570363096 5597522 582353817
1 0 13721225 5597529 386807280 5597529 400528505
2 0 12944092 5597529 387740225 5597529 400684317
3 0 12664912 5597529 388177254 5597529 400842166
4 0 12415065 5597529 388585413 5597529 401000478
5 0 12151089 5597529 389002016 5597529 401153105
6 0 11912704 5597529 389394694 5597529 401307398
7 0 11692097 5597529 389770817 5597529 401462914
8 0 11373917 5597529 390240012 5597529 401613929
1 0 13757448 5597536 206871210 5597536 220628658
2 0 12972536 5597536 207813378 5597536 220785914
3 0 12689911 5597536 208253870 5597536 220943781
4 0 12433083 5597536 208669177 5597536 221102260
5 0 12166995 5597536 209086614 5597536 221253609
6 0 11920537 5597536 209486180 5597536 221406717
7 0 11692171 5597536 209868488 5597536 221560659
8 0 11507582 5597536 210361275 5597536 221868857
1 0 9995184 5597542 972322732 5597542 982317916
2 0 9415936 5597542 973010978 5597542 982426914
3 0 9229865 5597542 973304658 5597542 982534523
4 0 9026684 5597542 973622652 5597542 982649336
5 0 8811854 5597542 973934776 5597542 982746630
6 0 8639117 5597542 974211845 5597542 982850962
7 0 8475287 5597542 974479710 5597542 982954997
8 0 8302530 5597542 974756409 5597542 983058939
1 0 9979907 5597549 772155779 5597549 782135686
2 0 9376492 5597549 772870469 5597549 782246961
3 0 9191922 5597549 773162871 5597549 782354793
4 0 9018980 5597549 773451051 5597549 782470031
5 0 8792762 5597549 773773841 5597549 782566603
6 0 8600525 5597549 774070854 5597549 782671379
7 0 8441436 5597549 774337275 5597549 782778711
8 0 8274105 5597549 774610104 5597549 782884209
1 0 14566358 5597556 606778899 5597556 621345257
2 0 13773465 5597556 607727307 5597556 621500772
3 0 13493156 5597556 608168558 5597556 621661714
4 0 13237142 5597556 608584495 5597556 621821637
5 0 12973333 5597556 609002468 5597556 621975801
6 0 12728226 5597556 609401405 5597556 622129631
7 0 12498156 5597556 609785713 5597556 622283869
8 0 12058239 5597556 610379720 5597556 622437959
1 0 14509211 5597563 417020009 5597563 431529220
2 0 13722893 5597563 417966584 5597563 431689477
3 0 13446157 5597563 418402669 5597563 431848826
4 0 13194810 5597563 418813050 5597563 432007860
5 0 12932111 5597563 419227024 5597563 432159135
6 0 12687764 5597563 419625868 5597563 432313632
7 0 12336419 5597563 420131840 5597563 432468259
8 0 12066182 5597563 420554018 5597563 432620200
1 0 14474156 5597570 196833594 5597570 211307750
2 0 13693652 5597570 197771040 5597570 211464692
3 0 13420435 5597570 198203698 5597570 211624133
4 0 13164514 5597570 198617857 5597570 211782371
5 0 12898667 5597570 199032535 5597570 211931202
6 0 12654912 5597570 199430416 5597570 212085328
7 0 12426324 5597570 199812927 5597570 212239251
8 0 12089257 5597570 200302992 5597570 212392249
1 0 14549877 5597577 37128958 5597577 51678835
2 0 13777799 5597577 38056904 5597577 51834703
3 0 13493711 5597577 38497137 5597577 51990848
4 0 13227457 5597577 38917870 5597577 52145327
5 0 12960851 5597577 39334325 5597577 52295176
6 0 12713966 5597577 39731040 5597577 52445006
7 0 12311900 5597577 40286603 5597577 52598503
8 0 12036923 5597577 40712744 5597577 52749667
1 0 13760170 5597583 836866596 5597583 850626766
2 0 12984221 5597583 837799431 5597583 850783652
3 0 12705837 5597583 838239126 5597583 850944963
4 0 12455138 5597583 838651489 5597583 851106627
5 0 12193810 5597583 839065277 5597583 851259087
6 0 11946203 5597583 839467659 5597583 851413862
7 0 11721134 5597583 839849207 5597583 851570341
8 0 11397269 5597583 840327087 5597583 851724356
1 0 13737540 5597590 616822991 5597590 630560531
2 0 12959795 5597590 617758622 5597590 630718417
3 0 12678523 5597590 618197540 5597590 630876063
4 0 12433250 5597590 618614550 5597590 631047800
5 0 12171181 5597590 619028746 5597590 631199927
6 0 11927814 5597590 619424832 5597590 631352646
7 0 11704874 5597590 619803251 5597590 631508125
8 0 11363103 5597590 620297130 5597590 631660233
1 0 18784317 5597597 411285411 5597597 430069728
2 0 17829371 5597597 412455260 5597597 430284631
3 0 17471934 5597597 413021138 5597597 430493072
4 0 17150273 5597597 413554443 5597597 430704716
5 0 16803150 5597597 414100618 5597597 430903768
6 0 16482434 5597597 414624182 5597597 431106616
7 0 16178069 5597597 415130506 5597597 431308575
8 0 15860945 5597597 415646126 5597597 431507071
1 0 14417842 5597604 196815590 5597604 211233432
2 0 13605079 5597604 197781350 5597604 211386429
3 0 13324418 5597604 198220342 5597604 211544760
4 0 13068404 5597604 198631538 5597604 211699942
5 0 12806706 5597604 199045104 5597604 211851810
6 0 12559988 5597604 199442467 5597604 212002455
7 0 12331141 5597604 199822330 5597604 212153471
8 0 11999592 5597604 200306117 5597604 212305709
1 0 16625764 5597610 997048809 5597611 13674573
2 0 15924204 5597610 997969328 5597611 13893532
3 0 15694634 5597610 998404820 5597611 14099454
4 0 15487989 5597610 998816646 5597611 14304635
5 0 15270086 5597610 999232842 5597611 14502928
6 0 15072645 5597610 999631001 5597611 14703646
7 0 14822446 5597611 82289 5597611 14904735
8 0 14583599 5597611 518003 5597611 15101602
1 0 14435601 5597617 826536463 5597617 840972064
2 0 13670597 5597617 827460445 5597617 841131042
3 0 13390510 5597617 827897900 5597617 841288410
4 0 13138847 5597617 828306504 5597617 841445351
5 0 12874927 5597617 828722885 5597617 841597812
6 0 12632153 5597617 829115841 5597617 841747994
7 0 12405417 5597617 829494630 5597617 841900047
8 0 12167570 5597617 829881826 5597617 842049396
1 0 17900685 5597624 611493465 5597624 629394150
2 0 16918425 5597624 612681350 5597624 629599775
3 0 16557284 5597624 613251154 5597624 629808438
4 0 16266438 5597624 613791292 5597624 630057730
5 0 15931351 5597624 614337264 5597624 630268615
6 0 15615524 5597624 614861439 5597624 630476963
7 0 15313289 5597624 615369374 5597624 630682663
8 0 15003165 5597624 615884864 5597624 630888029
1 0 13773558 5597631 406620129 5597631 420393687
2 0 12967055 5597631 407584944 5597631 420551999
3 0 12687134 5597631 408025028 5597631 420712162
4 0 12427824 5597631 408441780 5597631 420869604
5 0 12160144 5597631 408862531 5597631 421022675
6 0 11916352 5597631 409262283 5597631 421178635
7 0 11695448 5597631 409640795 5597631 421336243
8 0 11384862 5597631 410102971 5597631 421487833
1 0 17913037 5597638 191061861 5597638 208974898
2 0 16914907 5597638 192268617 5597638 209183524
3 0 16557747 5597638 192835865 5597638 209393612
4 0 16224012 5597638 193378133 5597638 209602145
5 0 15875297 5597638 193924197 5597638 209799494
6 0 15597709 5597638 194446817 5597638 210044526
7 0 15312085 5597638 194946937 5597638 210259022
8 0 15006146 5597638 195460076 5597638 210466222
1 0 18080070 5597644 989462648 5597645 7542718
2 0 16939555 5597644 990812345 5597645 7751900
3 0 16579746 5597644 991386372 5597645 7966118
4 0 16249678 5597644 991925658 5597645 8175336
5 0 15906611 5597644 992470277 5597645 8376888
6 0 15583673 5597644 992998545 5597645 8582218
7 0 15294345 5597644 993505165 5597645 8799510
8 0 14955054 5597644 994031452 5597645 8986506
1 0 13978295 5597651 817332922 5597651 831311217
2 0 13209643 5597651 818259386 5597651 831469029
3 0 12933222 5597651 818697804 5597651 831631026
4 0 12680560 5597651 819109111 5597651 831789671
5 0 12427398 5597651 819514252 5597651 831941650
6 0 12183699 5597651 819911300 5597651 832094999
7 0 11572988 5597651 820676897 5597651 832249885
8 0 11318382 5597651 821082222 5597651 832400604
1 0 16150662 5597658 661779923 5597658 677930585
2 0 15096107 5597658 662994512 5597658 678090619
3 0 14682133 5597658 663564816 5597658 678246949
4 0 14295345 5597658 664107139 5597658 678402484
5 0 13893371 5597658 664659462 5597658 678552833
6 0 13517341 5597658 665186193 5597658 678703534
7 0 13168514 5597658 665689387 5597658 678857901
8 0 12804114 5597658 666205729 5597658 679009843
1 0 17901814 5597665 471501775 5597665 489403589
2 0 16935406 5597665 472671031 5597665 489606437
3 0 16567154 5597665 473247613 5597665 489814767
4 0 16278530 5597665 473788677 5597665 490067207
5 0 15935463 5597665 474339629 5597665 490275092
6 0 15610857 5597665 474868842 5597665 490479699
7 0 15307548 5597665 475376814 5597665 490684362
8 0 14992350 5597665 475895119 5597665 490887469
1 0 9508896 5597672 252532828 5597672 262041724
2 0 8939834 5597672 253207833 5597672 262147667
3 0 8748541 5597672 253505439 5597672 262253980
4 0 8525471 5597672 253839951 5597672 262365422
5 0 8314827 5597672 254147964 5597672 262462791
6 0 8139441 5597672 254426533 5597672 262565974
7 0 8071331 5597672 254693491 5597672 262764822
8 0 7891853 5597672 254967801 5597672 262859654
1 0 14395824 5597679 56823946 5597679 71219770
2 0 13624672 5597679 57753836 5597679 71378508
3 0 13343195 5597679 58194643 5597679 71537838
4 0 13094719 5597679 58602283 5597679 71697002
5 0 12837613 5597679 59013405 5597679 71851018
6 0 12607858 5597679 59411472 5597679 72019330
7 0 12382288 5597679 59790187 5597679 72172475
8 0 12040461 5597679 60282530 5597679 72322991
1 0 18163383 5597685 821918184 5597685 840081567
2 0 17159828 5597685 823135365 5597685 840295193
3 0 16797854 5597685 823708687 5597685 840506541
4 0 16458193 5597685 824256307 5597685 840714500
5 0 16116477 5597685 824803741 5597685 840920218
6 0 15798057 5597685 825325972 5597685 841124029
7 0 15494545 5597685 825830092 5597685 841324637
8 0 15177273 5597685 826349286 5597685 841526559
1 0 17799613 5597692 624675422 5597692 642475035
2 0 16813187 5597692 625864696 5597692 642677883
3 0 16452748 5597692 626434464 5597692 642887212
4 0 16126699 5597692 626970898 5597692 643097597
5 0 15786761 5597692 627513481 5597692 643300242
6 0 15469323 5597692 628035119 5597692 643504442
7 0 15173383 5597692 628537184 5597692 643710567
8 0 14856853 5597692 629056785 5597692 643913638
1 0 17925259 5597699 421738433 5597699 439663692
2 0 16952239 5597699 422919819 5597699 439872058
3 0 16642635 5597699 423496863 5597699 440139498
4 0 16318158 5597699 424036150 5597699 440354308
5 0 15969573 5597699 424584343 5597699 440553916
6 0 15641245 5597699 425114926 5597699 440756171
7 0 15339251 5597699 425623194 5597699 440962445
8 0 15022443 5597699 426142573 5597699 441165016
1 0 17990146 5597706 241705702 5597706 259695848
2 0 17015497 5597706 242893032 5597706 259908529
3 0 16686207 5597706 243475058 5597706 260161265
4 0 16358269 5597706 244017177 5597706 260375446
5 0 16009572 5597706 244569019 5597706 260578591
6 0 15690504 5597706 245093768 5597706 260784272
7 0 15383898 5597706 245604500 5597706 260988398
8 0 15066331 5597706 246125471 5597706 261191802
1 0 16312677 5597713 36315628 5597713 52628305
2 0 15567894 5597713 37268518 5597713 52836412
3 0 15348029 5597713 37694528 5597713 53042557
4 0 15145514 5597713 38103002 5597713 53248516
5 0 14933073 5597713 38511254 5597713 53444327
6 0 14742910 5597713 38902024 5597713 53644934
7 0 14565228 5597713 39278221 5597713 53843449
8 0 14380047 5597713 39663232 5597713 54043279
1 0 16426175 5597719 836434432 5597719 852860607
2 0 15661782 5597719 837405803 5597719 853067585
3 0 15439971 5597719 837837369 5597719 853277340
4 0 15237234 5597719 838246028 5597719 853483262
5 0 15021090 5597719 838660891 5597719 853681981
6 0 14821298 5597719 839061642 5597719 853882940
7 0 14644431 5597719 839438709 5597719 854083140
8 0 14460268 5597719 839821850 5597719 854282118
