1 1 921473556 1190439 527649925 1190441 449123481
2 1 717256983 1190439 772206970 1190441 489463953
3 1 566441833 1190439 962564516 1190441 529006349
4 1 417733197 1190440 151153670 1190441 568886867
5 1 275956277 1190440 332414653 1190441 608370930
6 1 135151357 1190440 513049778 1190441 648201135
7 0 987775028 1190440 700119703 1190441 687894731
8 0 843322605 1190440 884643159 1190441 727965764
1 1 902998092 1190473 584978880 1190475 487976972
2 1 720158142 1190473 807661794 1190475 527819936
3 1 574533761 1190473 993631480 1190475 568165241
4 1 428906194 1190474 179384523 1190475 608290717
5 1 283376275 1190474 364720110 1190475 648096385
6 1 135714526 1190474 552283118 1190475 687997644
7 0 992004775 1190474 736250380 1190475 728255155
8 0 846846459 1190474 921508765 1190475 768355224
1 1 926008858 1190507 680468779 1190509 606477637
2 1 696399709 1190507 950634248 1190509 647033957
3 1 550226117 1190508 136367327 1190509 686593444
4 1 408937504 1190508 317646345 1190509 726583849
5 1 266071459 1190508 500554627 1190509 766626086
6 1 123436132 1190508 683271987 1190509 806708119
7 0 979178798 1190508 867755628 1190509 846934426
8 0 835925001 1190509 50636059 1190509 886561060
1 2 104778510 1190541 987628931 1190544 92407441
2 1 877597869 1190542 254321337 1190544 131919206
3 1 651697445 1190542 519241944 1190544 170939389
4 1 426327678 1190542 783152255 1190544 209479933
5 1 256758895 1190542 992207008 1190544 248965903
6 1 114760223 1190543 173650429 1190544 288410652
7 0 971476668 1190543 356450176 1190544 327926844
8 0 830170648 1190543 537596140 1190544 367766788
1 2 77080320 1190576 95012060 1190578 172092380
2 1 932634567 1190576 298168149 1190578 230802716
3 1 804885727 1190576 484050335 1190578 288936062
4 1 678463973 1190576 668923855 1190578 347387828
5 1 546461365 1190576 859168141 1190578 405629506
6 1 365355363 1190577 99050773 1190578 464406136
7 1 237375732 1190577 285045883 1190578 522421615
8 1 101473144 1190577 470083289 1190578 571556433
1 2 707199621 1190610 155070754 1190612 862270375
2 2 484575098 1190610 436454352 1190612 921029450
3 2 275448588 1190610 704191680 1190612 979640268
4 2 64871292 1190610 972426591 1190613 37297883
5 1 854928854 1190611 239874832 1190613 94803686
6 1 645799679 1190611 507721287 1190613 153520966
7 1 436915813 1190611 774418450 1190613 211334263
8 1 226665381 1190612 42677175 1190613 269342556
1 2 123246628 1190644 430681795 1190646 553928423
2 1 996133258 1190644 614986437 1190646 611119695
3 1 865014726 1190644 804048319 1190646 669063045
4 1 735156281 1190644 992703486 1190646 727859767
5 1 574452678 1190645 211366679 1190646 785819357
6 1 449883851 1190645 394259867 1190646 844143718
7 1 323936793 1190645 578061407 1190646 901998200
8 1 197592186 1190645 762617432 1190646 960209618
1 1 940401489 1190678 607023227 1190680 547424716
2 1 738366213 1190678 847834894 1190680 586201107
3 1 595867144 1190679 30478512 1190680 626345656
4 1 453049137 1190679 213317626 1190680 666366763
5 1 308850436 1190679 397483788 1190680 706334224
6 1 159564426 1190679 586310896 1190680 745875322
7 1 1390311 1190679 784559691 1190680 785950002
8 0 850092155 1190679 975953212 1190680 826045367
1 2 379621922 1190712 904337033 1190715 283958955
2 2 248629500 1190713 92560893 1190715 341190393
3 2 123234894 1190713 276404098 1190715 399638992
4 1 996229448 1190713 461119416 1190715 457348864
5 1 856579788 1190713 658741629 1190715 515321417
6 1 648224247 1190713 925678137 1190715 573902384
7 1 437847042 1190714 193639421 1190715 631486463
8 1 227393504 1190714 462138954 1190715 689532458
1 2 400411362 1190747 7926587 1190749 408337949
2 2 246619478 1190747 220253143 1190749 466872621
3 2 119165283 1190747 405789888 1190749 524955171
4 1 991407427 1190747 591920956 1190749 583328383
5 1 850688269 1190747 778399257 1190749 629087526
6 1 629588495 1190748 39384825 1190749 668973320
7 1 398937150 1190748 309999167 1190749 708936317
8 1 168165789 1190748 580845153 1190749 749010942
