1 11 155710901 5864615 533246672 5864626 688957573
2 10 982432243 5864615 781216743 5864626 763648986
3 10 818544170 5864616 17435163 5864626 835979333
4 10 654788408 5864616 251628789 5864626 906417197
5 10 509894090 5864616 472765455 5864626 982659545
6 10 370036862 5864616 692917103 5864627 62953965
7 10 212406282 5864616 922633442 5864627 135039724
8 10 68169024 5864617 139461208 5864627 207630232
9 9 924671958 5864617 362863072 5864627 287535030
10 9 778043764 5864617 583203513 5864627 361247277
11 9 624690621 5864617 802577602 5864627 427268223
12 9 451855920 5864618 49852222 5864627 501708142
13 9 296295838 5864618 283528616 5864627 579824454
14 9 143572573 5864618 511874722 5864627 655447295
15 8 982915347 5864618 747397859 5864627 730313206
16 8 833413596 5864618 965778966 5864627 799192562
17 8 679259117 5864619 192596656 5864627 871855773
18 8 529529537 5864619 412624084 5864627 942153621
19 8 373501483 5864619 637642233 5864628 11143716
20 8 228707032 5864619 855890084 5864628 84597116
21 8 83181558 5864620 75425280 5864628 158606838
22 7 940271443 5864620 292799536 5864628 233070979
23 7 791619713 5864620 511770724 5864628 303390437
24 7 638225313 5864620 741414213 5864628 379639526
25 7 486334737 5864620 966967537 5864628 453302274
26 7 348003109 5864621 175946136 5864628 523949245
27 7 173711045 5864621 419185351 5864628 592896396
28 7 23472697 5864621 641048763 5864628 664521460
29 6 870013909 5864621 863260798 5864628 733274707
30 6 711623732 5864622 92015155 5864628 803638887
31 6 556611436 5864622 326971544 5864628 883582980
32 6 401989818 5864622 551001786 5864628 952991604
1 11 124327000 5865264 441525996 5865275 565852996
2 10 954473439 5865264 678394637 5865275 632868076
3 10 796991682 5865264 913684326 5865275 710676008
4 10 640010232 5865265 136624672 5865275 776634904
5 10 477151890 5865265 375566534 5865275 852718424
6 10 329515523 5865265 588280794 5865275 917796317
7 10 168040693 5865265 816655835 5865275 984696528
8 10 17423271 5865266 39550275 5865276 56973546
9 9 860027328 5865266 264290402 5865276 124317730
10 9 712471627 5865266 480678186 5865276 193149813
11 9 563500045 5865266 702773955 5865276 266274000
12 9 408792439 5865266 929749708 5865276 338542147
13 9 274403732 5865267 135553356 5865276 409957088
14 9 104798444 5865267 379035077 5865276 483833521
15 8 958632605 5865267 589779911 5865276 548412516
16 8 792017520 5865267 828469055 5865276 620486575
17 8 635347952 5865268 56804430 5865276 692152382
18 8 483308648 5865268 273568837 5865276 756877485
19 8 333328696 5865268 503975673 5865276 837304369
20 8 177766756 5865268 732637893 5865276 910404649
21 8 25883042 5865268 957477038 5865276 983360080
22 7 866026090 5865269 192720468 5865277 58746558
23 7 706865623 5865269 423022807 5865277 129888430
24 7 562204886 5865269 643812064 5865277 206016950
25 7 400930756 5865269 879290694 5865277 280221450
26 7 240479260 5865270 104138782 5865277 344618042
27 7 78352146 5865270 339205457 5865277 417557603
28 6 925458303 5865270 560218136 5865277 485676439
29 6 774464591 5865270 786441884 5865277 560906475
30 6 614922188 5865271 10980256 5865277 625902444
31 6 452116791 5865271 244025876 5865277 696142667
32 6 302181356 5865271 464606804 5865277 766788160
1 11 55102291 5865300 244048841 5865311 299151132
2 10 861512747 5865300 511276970 5865311 372789717
3 10 710528387 5865300 731691271 5865311 442219658
4 10 574616227 5865300 943028094 5865311 517644321
5 10 423860658 5865301 161677281 5865311 585537939
6 10 269356458 5865301 387340909 5865311 656697367
7 10 120879699 5865301 607169037 5865311 728048736
8 9 970776101 5865301 823861870 5865311 794637971
9 9 815146606 5865302 48672441 5865311 863819047
10 9 659714070 5865302 274266034 5865311 933980104
11 9 517575637 5865302 493009552 5865312 10585189
12 9 363433225 5865302 722132709 5865312 85565934
13 9 204711585 5865302 948999778 5865312 153711363
14 9 55856759 5865303 169625464 5865312 225482223
15 8 908014507 5865303 391467332 5865312 299481839
16 8 760782688 5865303 607750636 5865312 368533324
17 8 615470371 5865303 827261676 5865312 442732047
18 8 462238515 5865304 44018065 5865312 506256580
19 8 310989735 5865304 265657232 5865312 576646967
20 8 147399537 5865304 499285045 5865312 646684582
21 7 997420899 5865304 719015433 5865312 716436332
22 7 851623369 5865304 940506714 5865312 792130083
23 7 683195187 5865305 171801682 5865312 854996869
24 7 525226069 5865305 397453608 5865312 922679677
25 7 369390671 5865305 624430712 5865312 993821383
26 7 209275277 5865305 855818568 5865313 65093845
27 7 71290749 5865306 64266241 5865313 135556990
28 6 916451961 5865306 286448342 5865313 202900303
29 6 756713765 5865306 512694905 5865313 269408670
30 6 600109622 5865306 745478030 5865313 345587652
31 6 446736288 5865306 967631058 5865313 414367346
32 6 309820147 5865307 175395596 5865313 485215743
1 11 53821845 5865335 908199206 5865346 962021051
2 10 889695861 5865336 141044793 5865347 30740654
3 10 747480856 5865336 360053806 5865347 107534662
4 10 614457196 5865336 567513628 5865347 181970824
5 10 451031847 5865336 801596952 5865347 252628799
6 10 291537831 5865337 31000363 5865347 322538194
7 10 131666212 5865337 262789599 5865347 394455811
8 9 988928864 5865337 483781372 5865347 472710236
9 9 836028818 5865337 706300597 5865347 542329415
10 9 692604965 5865337 919991172 5865347 612596137
11 9 543765399 5865338 137299772 5865347 681065171
12 9 398819240 5865338 353365803 5865347 752185043
13 9 257534569 5865338 568074971 5865347 825609540
14 9 107874869 5865338 786264759 5865347 894139628
15 8 950311743 5865339 11179143 5865347 961490886
16 8 791518918 5865339 240998287 5865348 32517205
17 8 634479802 5865339 462438902 5865348 96918704
18 8 486432072 5865339 680572487 5865348 167004559
19 8 335309845 5865339 902637924 5865348 237947769
20 8 188999527 5865340 122536143 5865348 311535670
21 8 28858116 5865340 354853777 5865348 383711893
22 7 888755830 5865340 571621536 5865348 460377366
23 7 739749137 5865340 791060652 5865348 530809789
24 7 588122567 5865341 12892871 5865348 601015438
25 7 440822045 5865341 231346895 5865348 672168940
26 7 281041683 5865341 455554996 5865348 736596679
27 7 127699182 5865341 684991147 5865348 812690329
28 6 972038428 5865341 911826236 5865348 883864664
29 6 812455859 5865342 144418717 5865348 956874576
30 6 652161025 5865342 372766999 5865349 24928024
31 6 496955596 5865342 598754715 5865349 95710311
32 6 326357603 5865342 834940888 5865349 161298491
1 11 189279748 5865371 943637976 5865383 132917724
2 11 15596128 5865372 187290269 5865383 202886397
3 10 870710413 5865372 404006177 5865383 274716590
4 10 715211285 5865372 622315500 5865383 337526785
5 10 573045852 5865372 840166720 5865383 413212572
6 10 420305266 5865373 61664779 5865383 481970045
7 10 264475496 5865373 288854380 5865383 553329876
8 10 125913774 5865373 505019928 5865383 630933702
9 9 965055636 5865373 732940404 5865383 697996040
10 9 826309825 5865373 946294097 5865383 772603922
11 9 669913307 5865374 174146037 5865383 844059344
12 9 521018130 5865374 402601818 5865383 923619948
13 9 354095420 5865374 641114763 5865383 995210183
14 9 205943248 5865374 861159497 5865384 67102745
15 9 56767965 5865375 85641723 5865384 142409688
16 8 898713959 5865375 314247131 5865384 212961090
17 8 748554583 5865375 542186940 5865384 290741523
18 8 587782073 5865375 774286171 5865384 362068244
19 8 442111244 5865375 999036780 5865384 441148024
20 8 281538822 5865376 234639909 5865384 516178731
21 8 125105897 5865376 459063525 5865384 584169422
22 7 972259535 5865376 681833227 5865384 654092762
23 7 823350248 5865376 901816962 5865384 725167210
24 7 672997931 5865377 127670533 5865384 800668464
25 7 503013315 5865377 361163608 5865384 864176923
26 7 358007140 5865377 576143178 5865384 934150318
27 7 191457089 5865377 812870064 5865385 4327153
28 7 25119035 5865378 49160254 5865385 74279289
29 6 854312082 5865378 292382055 5865385 146694137
30 6 702066524 5865378 516356642 5865385 218423166
31 6 545809837 5865378 747021270 5865385 292831107
32 6 404708625 5865378 969047042 5865385 373755667
1 11 145113604 5865407 658867792 5865418 803981396
2 10 971092175 5865407 906128999 5865418 877221174
3 10 825788800 5865408 126690780 5865418 952479580
4 10 664095807 5865408 359002452 5865419 23098259
5 10 495430370 5865408 600891926 5865419 96322296
6 10 334269053 5865408 831946214 5865419 166215267
7 10 185759516 5865409 53024374 5865419 238783890
8 10 37735582 5865409 275313011 5865419 313048593
9 9 884545337 5865409 504567648 5865419 389112985
10 9 726271447 5865409 729251277 5865419 455522724
11 9 569464862 5865409 955893129 5865419 525357991
12 9 406948088 5865410 185445742 5865419 592393830
13 9 250325111 5865410 412594844 5865419 662919955
14 9 100365658 5865410 642242658 5865419 742608316
15 8 937015381 5865410 876688827 5865419 813704208
16 8 777910191 5865411 106182848 5865419 884093039
17 8 623303324 5865411 339753089 5865419 963056413
18 8 475312722 5865411 561753695 5865420 37066417
19 8 339149530 5865411 772788246 5865420 111937776
20 8 189339240 5865411 993417637 5865420 182756877
21 8 44019237 5865412 218094062 5865420 262113299
22 7 892328983 5865412 442107408 5865420 334436391
23 7 717954430 5865412 683845719 5865420 401800149
24 7 561634855 5865412 912770324 5865420 474405179
25 7 392057898 5865413 157616817 5865420 549674715
26 7 233519568 5865413 380299151 5865420 613818719
27 7 71478526 5865413 612620082 5865420 684098608
28 6 919726217 5865413 833110808 5865420 752837025
29 6 769916817 5865414 54510536 5865420 824427353
30 6 615038751 5865414 281969540 5865420 897008291
31 6 468999743 5865414 502683651 5865420 971683394
32 6 331799291 5865414 720959123 5865421 52758414
1 11 147073391 5865443 533750951 5865454 680824342
2 10 932968749 5865443 828661359 5865454 761630108
3 10 777199626 5865444 49113957 5865454 826313583
4 10 624658814 5865444 271866752 5865454 896525566
5 10 479618212 5865444 494379960 5865454 973998172
6 10 322904663 5865444 716058979 5865455 38963642
7 10 172917043 5865444 941402096 5865455 114319139
8 10 29570855 5865445 152455666 5865455 182026521
9 9 881808341 5865445 371847543 5865455 253655884
10 9 718525415 5865445 605610188 5865455 324135603
11 9 565238597 5865445 828461852 5865455 393700449
12 9 412917744 5865446 51698564 5865455 464616308
13 9 263820108 5865446 269624005 5865455 533444113
14 9 109124724 5865446 492790663 5865455 601915387
15 8 960889738 5865446 716083652 5865455 676973390
16 8 816211111 5865446 934943021 5865455 751154132
17 8 657824556 5865447 156896924 5865455 814721480
18 8 496601777 5865447 381781549 5865455 878383326
19 8 342176036 5865447 617067499 5865455 959243535
20 8 190012142 5865447 842641427 5865456 32653569
21 8 31717992 5865448 67724957 5865456 99442949
22 7 878350010 5865448 295046296 5865456 173396306
23 7 715584797 5865448 524824682 5865456 240409479
24 7 562246239 5865448 751818695 5865456 314064934
25 7 428165729 5865448 966230609 5865456 394396338
26 7 269292997 5865449 193409063 5865456 462702060
27 7 118978884 5865449 415119896 5865456 534098780
28 6 963303630 5865449 644052743 5865456 607356373
29 6 808381436 5865449 865972313 5865456 674353749
30 6 660373428 5865450 89107397 5865456 749480825
31 6 506934798 5865450 312591957 5865456 819526755
32 6 362250005 5865450 535051110 5865456 897301115
1 10 945440803 5865479 861119193 5865490 806559996
2 10 792423499 5865480 100169221 5865490 892592720
3 10 635926686 5865480 323316139 5865490 959242825
4 10 482421058 5865480 550331077 5865491 32752135
5 10 318792730 5865480 784155573 5865491 102948303
6 10 168278879 5865481 2214660 5865491 170493539
7 10 23135113 5865481 218492855 5865491 241627968
8 9 868079717 5865481 448366147 5865491 316445864
9 9 713186949 5865481 670300865 5865491 383487814
10 9 563787059 5865481 892554151 5865491 456341210
11 9 409812551 5865482 117913250 5865491 527725801
12 9 251110446 5865482 343594361 5865491 594704807
13 9 115281283 5865482 564367305 5865491 679648588
14 8 968539399 5865482 785036510 5865491 753575909
15 8 819790922 5865483 3112523 5865491 822903445
16 8 669880042 5865483 223466400 5865491 893346442
17 8 520539688 5865483 443338916 5865491 963878604
18 8 371267462 5865483 660850606 5865492 32118068
19 8 210685096 5865483 885893322 5865492 96578418
20 8 50637072 5865484 107821503 5865492 158458575
21 7 913450082 5865484 329008514 5865492 242458596
22 7 761022601 5865484 552042452 5865492 313065053
23 7 623739354 5865484 764715270 5865492 388454624
24 7 467621701 5865484 990723578 5865492 458345279
25 7 318660895 5865485 215238748 5865492 533899643
26 7 164566759 5865485 436277891 5865492 600844650
27 7 20074388 5865485 653629362 5865492 673703750
28 6 875243543 5865485 875102422 5865492 750345965
29 6 712404182 5865486 110984120 5865492 823388302
30 6 563844646 5865486 332798285 5865492 896642931
31 6 410724696 5865486 552552211 5865492 963276907
32 6 253963647 5865486 779885736 5865493 33849383
1 11 54947003 5865516 217920841 5865527 272867844
2 10 885625189 5865516 455566025 5865527 341191214
3 10 736269817 5865516 675028327 5865527 411298144
4 10 587904407 5865516 902793640 5865527 490698047
5 10 427566166 5865517 125910114 5865527 553476280
6 10 280007759 5865517 345906147 5865527 625913906
7 10 124696110 5865517 571211469 5865527 695907579
8 9 965533051 5865517 795727120 5865527 761260171
9 9 803676967 5865518 33384026 5865527 837060993
10 9 656091803 5865518 258650071 5865527 914741874
11 9 508914315 5865518 482617363 5865527 991531678
12 9 368019266 5865518 697620896 5865528 65640162
13 9 213135552 5865518 925290026 5865528 138425578
14 9 42820294 5865519 161939784 5865528 204760078
15 8 894283740 5865519 383998759 5865528 278282499
16 8 729461137 5865519 619571908 5865528 349033045
17 8 580699920 5865519 837231003 5865528 417930923
18 8 445954071 5865520 51557123 5865528 497511194
19 8 297132170 5865520 271885945 5865528 569018115
20 8 148479488 5865520 494229749 5865528 642709237
21 7 984127044 5865520 723623587 5865528 707750631
22 7 839238403 5865520 946388734 5865528 785627137
23 7 698212356 5865521 159936980 5865528 858149336
24 7 544015537 5865521 391281245 5865528 935296782
25 7 389589611 5865521 615224555 5865529 4814166
26 7 238622084 5865521 842873963 5865529 81496047
27 7 85678982 5865522 65603741 5865529 151282723
28 6 955883632 5865522 285670346 5865529 241553978
29 6 809022250 5865522 511446752 5865529 320469002
30 6 645950930 5865522 739395432 5865529 385346362
31 6 495936663 5865522 963122228 5865529 459058891
32 6 352644399 5865523 180061355 5865529 532705754
1 11 45079399 5865551 520081690 5865562 565161089
2 10 849809496 5865551 779146122 5865562 628955618
3 10 696890580 5865552 2773864 5865562 699664444
4 10 542288823 5865552 225464791 5865562 767753614
5 10 379200893 5865552 458886406 5865562 838087299
6 10 221423419 5865552 684576739 5865562 906000158
7 10 65904217 5865552 911273609 5865562 977177826
8 9 908926691 5865553 134099626 5865563 43026317
9 9 772427114 5865553 350341007 5865563 122768121
10 9 621305886 5865553 569878548 5865563 191184434
11 9 461188437 5865553 795283739 5865563 256472176
12 9 309685234 5865554 22007294 5865563 331692528
13 9 157903648 5865554 246546334 5865563 404449982
14 8 992614869 5865554 481804952 5865563 474419821
15 8 841492881 5865554 701199570 5865563 542692451
16 8 685151565 5865554 927690444 5865563 612842009
17 8 542182591 5865555 147329391 5865563 689511982
18 8 392942939 5865555 364180908 5865563 757123847
19 8 239653918 5865555 588489249 5865563 828143167
20 8 88980607 5865555 809712203 5865563 898692810
21 7 954129222 5865556 23881549 5865563 978010771
22 7 793276379 5865556 255472587 5865564 48748966
23 7 639739603 5865556 482691651 5865564 122431254
24 7 487804241 5865556 704998289 5865564 192802530
25 7 335335983 5865556 926579403 5865564 261915386
26 7 183889075 5865557 142270701 5865564 326159776
27 7 34614349 5865557 363228883 5865564 397843232
28 6 892024776 5865557 580830256 5865564 472855032
29 6 729483483 5865557 812680067 5865564 542163550
30 6 588742709 5865558 33954798 5865564 622697507
31 6 426915310 5865558 267720592 5865564 694635902
32 6 256026488 5865558 499854379 5865564 755880867
1 11 91344245 5865587 66781526 5865598 158125771
2 10 908940323 5865587 322595778 5865598 231536101
3 10 762219049 5865587 540871232 5865598 303090281
4 10 596970678 5865587 770158257 5865598 367128935
5 10 454286162 5865587 988347213 5865598 442633375
6 10 295581167 5865588 214412651 5865598 509993818
7 10 139730324 5865588 443736898 5865598 583467222
8 9 994763129 5865588 657068555 5865598 651831684
9 9 818915418 5865588 903808551 5865598 722723969
10 9 659967780 5865589 128120633 5865598 788088413
11 9 517205173 5865589 351431640 5865598 868636813
12 9 374745078 5865589 561725170 5865598 936470248
13 9 227678774 5865589 782876718 5865599 10555492
14 9 79045573 5865590 3596737 5865599 82642310
15 8 930543147 5865590 224599677 5865599 155142824
16 8 772853393 5865590 453565005 5865599 226418398
17 8 627258598 5865590 669955180 5865599 297213778
18 8 487600100 5865590 893507220 5865599 381107320
19 8 328203026 5865591 119075426 5865599 447278452
20 8 177303534 5865591 338177828 5865599 515481362
21 8 14219732 5865591 570257357 5865599 584477089
22 7 859126560 5865591 794129502 5865599 653256062
23 7 713537950 5865592 9865504 5865599 723403454
24 7 570410424 5865592 233746019 5865599 804156443
25 7 417886443 5865592 451939068 5865599 869825511
26 7 270538922 5865592 672568089 5865599 943107011
27 7 118322177 5865592 892070019 5865600 10392196
28 6 957087397 5865593 123570059 5865600 80657456
29 6 793033725 5865593 362554644 5865600 155588369
30 6 648355098 5865593 579447754 5865600 227802852
31 6 502993946 5865593 799964370 5865600 302958316
32 6 322767966 5865594 51541460 5865600 374309426
