1 1 184114840 5612716 524800070 5612717 708914910
2 1 22400242 5612716 753588001 5612717 775988243
3 0 862967715 5612716 982974902 5612717 845942617
4 0 712276790 5612717 206978419 5612717 919255209
1 1 204305191 5612724 962952337 5612726 167257528
2 1 18092387 5612725 220358845 5612726 238451232
3 0 866151208 5612725 436736867 5612726 302888075
4 0 707443668 5612725 660864862 5612726 368308530
1 1 207411312 5612733 240520300 5612734 447931612
2 1 24496709 5612733 491387034 5612734 515883743
3 0 860834445 5612733 715892743 5612734 576727188
4 0 717640591 5612733 934928697 5612734 652569288
1 1 202865701 5612741 460220449 5612742 663086150
2 1 23399222 5612741 707249788 5612742 730649010
3 0 878071037 5612741 922851303 5612742 800922340
4 0 713001965 5612742 152621119 5612742 865623084
1 1 200556530 5612749 930450651 5612751 131007181
2 1 9852495 5612750 181164718 5612751 191017213
3 0 860417681 5612750 402506943 5612751 262924624
4 0 713692819 5612750 622723929 5612751 336416748
1 1 191294060 5612758 153277910 5612759 344571970
2 1 17400612 5612758 396548610 5612759 413949222
3 0 863883539 5612758 619308808 5612759 483192347
4 0 711615351 5612758 841135634 5612759 552750985
1 1 187911372 5612766 358749188 5612767 546660560
2 1 11746301 5612766 604082497 5612767 615828798
3 0 851004173 5612766 825959506 5612767 676963679
4 0 700637266 5612767 48100807 5612767 748738073
1 1 220522148 5612774 613237309 5612775 833759457
2 1 32304739 5612774 872185075 5612775 904489814
3 0 882635932 5612775 90853159 5612775 973489091
4 0 723298206 5612775 319764966 5612776 43063172
1 1 189464606 5612783 83623344 5612784 273087950
2 1 12073763 5612783 332953318 5612784 345027081
3 0 859726672 5612783 553445479 5612784 413172151
4 0 697726291 5612783 781779091 5612784 479505382
1 1 194575193 5612791 585956823 5612792 780532016
2 1 7387655 5612791 838111487 5612792 845499142
3 0 861000661 5612792 51762973 5612792 912763634
4 0 700441812 5612792 282818886 5612792 983260698
