1 2 277483825 5612799 830789036 5612802 108272861
2 2 104955192 5612800 70978987 5612802 175934179
3 1 950000779 5612800 299234931 5612802 249235710
4 1 803488474 5612800 518371576 5612802 321860050
5 1 655056555 5612800 729051022 5612802 384107577
6 1 494823053 5612800 958095136 5612802 452918189
7 1 341809643 5612801 182112749 5612802 523922392
8 1 206981461 5612801 396326612 5612802 603308073
1 2 290231413 5612809 491278837 5612811 781510250
2 2 126126018 5612809 726517487 5612811 852643505
3 1 979300219 5612809 942580168 5612811 921880387
4 1 828672897 5612810 160959973 5612811 989632870
5 1 682211184 5612810 373323572 5612812 55534756
6 1 533841265 5612810 585108756 5612812 118950021
7 1 381600583 5612810 808871038 5612812 190471621
8 1 229397381 5612811 31425564 5612812 260822945
1 2 330599337 5612818 942900763 5612821 273500100
2 2 146841964 5612819 201683320 5612821 348525284
3 1 998828502 5612819 419790537 5612821 418619039
4 1 842304509 5612819 648682262 5612821 490986771
5 1 702875467 5612819 862898975 5612821 565774442
6 1 556810081 5612820 86746532 5612821 643556613
7 1 413499517 5612820 306817398 5612821 720316915
8 1 258640994 5612820 526807932 5612821 785448926
1 2 361710390 5612828 679741094 5612831 41451484
2 2 176606542 5612828 935759718 5612831 112366260
3 2 32124296 5612829 153821637 5612831 185945933
4 1 874822002 5612829 381514550 5612831 256336552
5 1 719199420 5612829 610426292 5612831 329625712
6 1 568969055 5612829 833581564 5612831 402550619
7 1 405286359 5612830 61120590 5612831 466406949
8 1 224203884 5612830 309708792 5612831 533912676
1 2 336571309 5612838 331991034 5612840 668562343
2 2 154290245 5612838 584007358 5612840 738297603
3 1 995416630 5612838 817570663 5612840 812987293
4 1 839815752 5612839 42567789 5612840 882383541
5 1 679766491 5612839 268821763 5612840 948588254
6 1 524104318 5612839 492572300 5612841 16676618
7 1 368930191 5612839 715099804 5612841 84029995
8 1 224002380 5612839 932017631 5612841 156020011
1 2 327572160 5612847 799863609 5612850 127435769
2 2 153691261 5612848 43294772 5612850 196986033
3 2 4581711 5612848 267301951 5612850 271883662
4 1 857078484 5612848 484978375 5612850 342056859
5 1 700800767 5612848 709181847 5612850 409982614
6 1 548918508 5612848 934260563 5612850 483179071
7 1 394146227 5612849 157276631 5612850 551422858
8 1 232795714 5612849 389216463 5612850 622012177
1 2 351860504 5612857 253956355 5612859 605816859
2 2 149690616 5612857 524292734 5612859 673983350
3 2 623715 5612857 743256466 5612859 743880181
4 1 848471165 5612857 966479288 5612859 814950453
5 1 699035085 5612858 188698443 5612859 887733528
6 1 538013714 5612858 419038303 5612859 957052017
7 1 396653674 5612858 642866225 5612860 39519899
8 1 242291516 5612858 861351114 5612860 103642630
1 2 295834631 5612866 745948358 5612869 41782989
2 2 144901689 5612866 969139717 5612869 114041406
3 1 976577692 5612867 208973034 5612869 185550726
4 1 827328220 5612867 428693492 5612869 256021712
5 1 686918831 5612867 638686366 5612869 325605197
6 1 529153050 5612867 866806320 5612869 395959370
7 1 379458661 5612868 83060248 5612869 462518909
8 1 230669274 5612868 305249513 5612869 535918787
1 2 306653180 5612876 236032191 5612878 542685371
2 2 135512476 5612876 473648713 5612878 609161189
3 1 979637274 5612876 698986975 5612878 678624249
4 1 836807298 5612876 913674616 5612878 750481914
5 1 683043057 5612877 135943545 5612878 818986602
6 1 531048988 5612877 361224882 5612878 892273870
7 1 382547282 5612877 574720377 5612878 957267659
8 1 233873190 5612877 794860900 5612879 28734090
1 2 315868778 5612885 939565961 5612888 255434739
2 2 120033891 5612886 193533334 5612888 313567225
3 1 967266096 5612886 423627195 5612888 390893291
4 1 810800312 5612886 649854866 5612888 460655178
5 1 660936946 5612886 868963795 5612888 529900741
6 1 507803862 5612887 96839566 5612888 604643428
7 1 363578283 5612887 302940212 5612888 666518495
8 1 217956840 5612887 521766461 5612888 739723301
