1 -5612896 652616278 5612895 347383722 0 0
2 -5612896 423683083 5612895 576316917 0 0
3 -5612896 201697410 5612895 798302590 0 0
4 -5612897 986981847 5612896 13018153 0 0
5 -5612897 763638589 5612896 236361411 0 0
6 -5612897 547717659 5612896 452282341 0 0
7 -5612897 332727804 5612896 667272196 0 0
8 -5612897 102358358 5612896 897641642 0 0
9 -5612898 870085279 5612897 129914721 0 0
10 -5612898 646932850 5612897 353067150 0 0
11 -5612898 430816609 5612897 569183391 0 0
12 -5612898 213815291 5612897 786184709 0 0
13 -5612899 996321686 5612898 3678314 0 0
14 -5612899 774772265 5612898 225227735 0 0
15 -5612899 541453057 5612898 458546943 0 0
16 -5612899 329479463 5612898 670520537 0 0
1 -5612908 312251877 5612907 687748123 0 0
2 -5612908 76322736 5612907 923677264 0 0
3 -5612909 844941013 5612908 155058987 0 0
4 -5612909 636418414 5612908 363581586 0 0
5 -5612909 421179640 5612908 578820360 0 0
6 -5612909 207005383 5612908 792994617 0 0
7 -5612910 987589963 5612909 12410037 0 0
8 -5612910 776346690 5612909 223653310 0 0
9 -5612910 558782032 5612909 441217968 0 0
10 -5612910 346742219 5612909 653257781 0 0
11 -5612910 137886311 5612909 862113689 0 0
12 -5612911 907474348 5612910 92525652 0 0
13 -5612911 691139187 5612910 308860813 0 0
14 -5612911 477726972 5612910 522273028 0 0
15 -5612911 251070405 5612910 748929595 0 0
16 -5612911 27400710 5612910 972599290 0 0
1 -5612921 669064749 5612920 330935251 0 0
2 -5612921 418736981 5612920 581263019 0 0
3 -5612921 193564851 5612920 806435149 0 0
4 -5612922 959249572 5612921 40750428 0 0
5 -5612922 737104183 5612921 262895817 0 0
6 -5612922 523678433 5612921 476321567 0 0
7 -5612922 305036815 5612921 694963185 0 0
8 -5612922 94003763 5612921 905996237 0 0
9 -5612923 872102777 5612922 127897223 0 0
10 -5612923 645277011 5612922 354722989 0 0
11 -5612923 413148118 5612922 586851882 0 0
12 -5612923 199048307 5612922 800951693 0 0
13 -5612924 984288248 5612923 15711752 0 0
14 -5612924 770631651 5612923 229368349 0 0
15 -5612924 548539280 5612923 451460720 0 0
16 -5612924 337476321 5612923 662523679 0 0
1 -5612934 909662074 5612933 90337926 0 0
2 -5612934 665324293 5612933 334675707 0 0
3 -5612934 447727305 5612933 552272695 0 0
4 -5612934 232003321 5612933 767996679 0 0
5 -5612934 567250 5612933 999432750 0 0
6 -5612935 786449033 5612934 213550967 0 0
7 -5612935 563684287 5612934 436315713 0 0
8 -5612935 349097263 5612934 650902737 0 0
9 -5612935 136982936 5612934 863017064 0 0
10 -5612936 919468706 5612935 80531294 0 0
11 -5612936 703711056 5612935 296288944 0 0
12 -5612936 491587303 5612935 508412697 0 0
13 -5612936 275141757 5612935 724858243 0 0
14 -5612936 56674804 5612935 943325196 0 0
15 -5612937 844343129 5612936 155656871 0 0
16 -5612937 626935564 5612936 373064436 0 0
1 -5612946 174615680 5612945 825384320 0 0
2 -5612947 925664169 5612946 74335831 0 0
3 -5612947 716600584 5612946 283399416 0 0
4 -5612947 494860451 5612946 505139549 0 0
5 -5612947 271005670 5612946 728994330 0 0
6 -5612947 42735729 5612946 957264271 0 0
7 -5612948 816886448 5612947 183113552 0 0
8 -5612948 593396995 5612947 406603005 0 0
9 -5612948 367166054 5612947 632833946 0 0
10 -5612948 132075792 5612947 867924208 0 0
11 -5612949 916039130 5612948 83960870 0 0
12 -5612949 683319955 5612948 316680045 0 0
13 -5612949 467404735 5612948 532595265 0 0
14 -5612949 240751080 5612948 759248920 0 0
15 -5612949 28665179 5612948 971334821 0 0
16 -5612950 794738341 5612949 205261659 0 0
1 -5612959 586999926 5612958 413000074 0 0
2 -5612959 333640349 5612958 666359651 0 0
3 -5612959 107413835 5612958 892586165 0 0
4 -5612960 874287835 5612959 125712165 0 0
5 -5612960 657993327 5612959 342006673 0 0
6 -5612960 447553157 5612959 552446843 0 0
7 -5612960 227373294 5612959 772626706 0 0
8 -5612960 5861584 5612959 994138416 0 0
9 -5612961 784479538 5612960 215520462 0 0
10 -5612961 560772572 5612960 439227428 0 0
11 -5612961 341794001 5612960 658205999 0 0
12 -5612961 120689488 5612960 879310512 0 0
13 -5612962 898404625 5612961 101595375 0 0
14 -5612962 678711901 5612961 321288099 0 0
15 -5612962 465657705 5612961 534342295 0 0
16 -5612962 253734692 5612961 746265308 0 0
1 -5612972 873771089 5612971 126228911 0 0
2 -5612972 613609914 5612971 386390086 0 0
3 -5612972 393007837 5612971 606992163 0 0
4 -5612972 176991603 5612971 823008397 0 0
5 -5612973 958080421 5612972 41919579 0 0
6 -5612973 740422421 5612972 259577579 0 0
7 -5612973 529186193 5612972 470813807 0 0
8 -5612973 308400027 5612972 691599973 0 0
9 -5612973 87313273 5612972 912686727 0 0
10 -5612974 874138562 5612973 125861438 0 0
11 -5612974 663359993 5612973 336640007 0 0
12 -5612974 447273186 5612973 552726814 0 0
13 -5612974 235446876 5612973 764553124 0 0
14 -5612974 18923041 5612973 981076959 0 0
15 -5612975 809340616 5612974 190659384 0 0
16 -5612975 592292605 5612974 407707395 0 0
1 -5612984 218561561 5612983 781438439 0 0
2 -5612985 987676154 5612984 12323846 0 0
3 -5612985 771230503 5612984 228769497 0 0
4 -5612985 557314751 5612984 442685249 0 0
5 -5612985 345426203 5612984 654573797 0 0
6 -5612985 124192157 5612984 875807843 0 0
7 -5612986 902960889 5612985 97039111 0 0
8 -5612986 684361963 5612985 315638037 0 0
9 -5612986 472623190 5612985 527376810 0 0
10 -5612986 255305555 5612985 744694445 0 0
11 -5612986 33745608 5612985 966254392 0 0
12 -5612987 812771984 5612986 187228016 0 0
13 -5612987 593398998 5612986 406601002 0 0
14 -5612987 378998144 5612986 621001856 0 0
15 -5612987 161702694 5612986 838297306 0 0
16 -5612988 934246780 5612987 65753220 0 0
1 -5612997 439727265 5612996 560272735 0 0
2 -5612997 199269476 5612996 800730524 0 0
3 -5612998 989206563 5612997 10793437 0 0
4 -5612998 768931687 5612997 231068313 0 0
5 -5612998 547806492 5612997 452193508 0 0
6 -5612998 322898478 5612997 677101522 0 0
7 -5612998 106115427 5612997 893884573 0 0
8 -5612999 883979900 5612998 116020100 0 0
9 -5612999 666725673 5612998 333274327 0 0
10 -5612999 438298092 5612998 561701908 0 0
11 -5612999 219909904 5612998 780090096 0 0
12 -5612999 12233281 5612998 987766719 0 0
13 -5613000 793070089 5612999 206929911 0 0
14 -5613000 576474942 5612999 423525058 0 0
15 -5613000 348176841 5612999 651823159 0 0
16 -5613000 129218016 5612999 870781984 0 0
1 -5613010 716430596 5613009 283569404 0 0
2 -5613010 453998838 5613009 546001162 0 0
3 -5613010 220534110 5613009 779465890 0 0
4 -5613010 7403994 5613009 992596006 0 0
5 -5613011 792525114 5613010 207474886 0 0
6 -5613011 582895861 5613010 417104139 0 0
7 -5613011 371207645 5613010 628792355 0 0
8 -5613011 158653982 5613010 841346018 0 0
9 -5613012 937917245 5613011 62082755 0 0
10 -5613012 725108068 5613011 274891932 0 0
11 -5613012 493779505 5613011 506220495 0 0
12 -5613012 275815237 5613011 724184763 0 0
13 -5613012 51990038 5613011 948009962 0 0
14 -5613013 832200228 5613012 167799772 0 0
15 -5613013 610754949 5613012 389245051 0 0
16 -5613013 384147504 5613012 615852496 0 0
