1 -5613254 791499369 5613253 208500631 0 0
2 -5613254 528628291 5613253 471371709 0 0
3 -5613254 304061052 5613253 695938948 0 0
4 -5613254 89189692 5613253 910810308 0 0
5 -5613255 876118503 5613254 123881497 0 0
6 -5613255 650686539 5613254 349313461 0 0
7 -5613255 434866992 5613254 565133008 0 0
8 -5613255 213151183 5613254 786848817 0 0
9 -5613256 996963273 5613255 3036727 0 0
10 -5613256 780839806 5613255 219160194 0 0
11 -5613256 572021150 5613255 427978850 0 0
12 -5613256 359378583 5613255 640621417 0 0
13 -5613256 141372909 5613255 858627091 0 0
14 -5613257 901750315 5613256 98249685 0 0
15 -5613257 684425426 5613256 315574574 0 0
16 -5613257 476931246 5613256 523068754 0 0
17 -5613257 256781945 5613256 743218055 0 0
18 -5613257 25071300 5613256 974928700 0 0
19 -5613258 799635244 5613257 200364756 0 0
20 -5613258 588804958 5613257 411195042 0 0
21 -5613258 360898428 5613257 639101572 0 0
22 -5613258 132770625 5613257 867229375 0 0
23 -5613259 916160093 5613258 83839907 0 0
24 -5613259 702899870 5613258 297100130 0 0
25 -5613259 492117788 5613258 507882212 0 0
26 -5613259 256700784 5613258 743299216 0 0
27 -5613259 49598616 5613258 950401384 0 0
28 -5613260 827639904 5613259 172360096 0 0
29 -5613260 600767281 5613259 399232719 0 0
30 -5613260 378350874 5613259 621649126 0 0
31 -5613260 158874302 5613259 841125698 0 0
32 -5613261 934663834 5613260 65336166 0 0
33 -5613261 700908041 5613260 299091959 0 0
34 -5613261 490206901 5613260 509793099 0 0
35 -5613261 267681348 5613260 732318652 0 0
36 -5613261 37622136 5613260 962377864 0 0
37 -5613262 811037341 5613261 188962659 0 0
38 -5613262 583092720 5613261 416907280 0 0
39 -5613262 363112435 5613261 636887565 0 0
40 -5613262 141035447 5613261 858964553 0 0
41 -5613263 919020292 5613262 80979708 0 0
42 -5613263 688141465 5613262 311858535 0 0
43 -5613263 464505210 5613262 535494790 0 0
44 -5613263 237453646 5613262 762546354 0 0
45 -5613263 11788965 5613262 988211035 0 0
46 -5613264 794827069 5613263 205172931 0 0
47 -5613264 573136426 5613263 426863574 0 0
48 -5613264 364442862 5613263 635557138 0 0
49 -5613264 136879826 5613263 863120174 0 0
50 -5613265 908438325 5613264 91561675 0 0
51 -5613265 678355076 5613264 321644924 0 0
52 -5613265 464293850 5613264 535706150 0 0
53 -5613265 239180900 5613264 760819100 0 0
54 -5613265 36084937 5613264 963915063 0 0
55 -5613266 815570754 5613265 184429246 0 0
56 -5613266 599116535 5613265 400883465 0 0
57 -5613266 376473058 5613265 623526942 0 0
58 -5613266 158281036 5613265 841718964 0 0
59 -5613267 953827654 5613266 46172346 0 0
60 -5613267 718425928 5613266 281574072 0 0
61 -5613267 486449084 5613266 513550916 0 0
62 -5613267 267101732 5613266 732898268 0 0
63 -5613267 38389218 5613266 961610782 0 0
64 -5613268 832022944 5613267 167977056 0 0
1 -5613297 908949380 5613296 91050620 0 0
2 -5613297 666525506 5613296 333474494 0 0
3 -5613297 450359876 5613296 549640124 0 0
4 -5613297 241547019 5613296 758452981 0 0
5 -5613297 28627422 5613296 971372578 0 0
6 -5613298 814502514 5613297 185497486 0 0
7 -5613298 601598269 5613297 398401731 0 0
8 -5613298 379447544 5613297 620552456 0 0
9 -5613298 168200046 5613297 831799954 0 0
10 -5613299 943141875 5613298 56858125 0 0
11 -5613299 724285664 5613298 275714336 0 0
12 -5613299 498523190 5613298 501476810 0 0
13 -5613299 286627205 5613298 713372795 0 0
14 -5613299 62071765 5613298 937928235 0 0
15 -5613300 835400567 5613299 164599433 0 0
16 -5613300 618123716 5613299 381876284 0 0
17 -5613300 402419559 5613299 597580441 0 0
18 -5613300 186158561 5613299 813841439 0 0
19 -5613301 963471920 5613300 36528080 0 0
20 -5613301 727020067 5613300 272979933 0 0
21 -5613301 512340725 5613300 487659275 0 0
22 -5613301 299572811 5613300 700427189 0 0
23 -5613301 84859821 5613300 915140179 0 0
24 -5613302 865230921 5613301 134769079 0 0
25 -5613302 653721354 5613301 346278646 0 0
26 -5613302 435882866 5613301 564117134 0 0
27 -5613302 219019175 5613301 780980825 0 0
28 -5613302 1303888 5613301 998696112 0 0
29 -5613303 788963910 5613302 211036090 0 0
30 -5613303 559158492 5613302 440841508 0 0
31 -5613303 340874531 5613302 659125469 0 0
32 -5613303 117178612 5613302 882821388 0 0
33 -5613304 899863522 5613303 100136478 0 0
34 -5613304 691729875 5613303 308270125 0 0
35 -5613304 460389559 5613303 539610441 0 0
36 -5613304 239092097 5613303 760907903 0 0
37 -5613304 23657306 5613303 976342694 0 0
38 -5613305 807980648 5613304 192019352 0 0
39 -5613305 586221102 5613304 413778898 0 0
40 -5613305 362334595 5613304 637665405 0 0
41 -5613305 131237404 5613304 868762596 0 0
42 -5613306 908605337 5613305 91394663 0 0
43 -5613306 693687721 5613305 306312279 0 0
44 -5613306 480393410 5613305 519606590 0 0
45 -5613306 269020748 5613305 730979252 0 0
46 -5613306 54380961 5613305 945619039 0 0
47 -5613307 830394270 5613306 169605730 0 0
48 -5613307 603993975 5613306 396006025 0 0
49 -5613307 390105619 5613306 609894381 0 0
50 -5613307 176799808 5613306 823200192 0 0
51 -5613308 957168889 5613307 42831111 0 0
52 -5613308 716790498 5613307 283209502 0 0
53 -5613308 501213598 5613307 498786402 0 0
54 -5613308 283771770 5613307 716228230 0 0
55 -5613308 63417883 5613307 936582117 0 0
56 -5613309 840811816 5613308 159188184 0 0
57 -5613309 624487004 5613308 375512996 0 0
58 -5613309 405346280 5613308 594653720 0 0
59 -5613309 180349219 5613308 819650781 0 0
60 -5613310 969678082 5613309 30321918 0 0
61 -5613310 749002813 5613309 250997187 0 0
62 -5613310 531395932 5613309 468604068 0 0
63 -5613310 316889902 5613309 683110098 0 0
64 -5613310 88687251 5613309 911312749 0 0
1 -5613342 613256563 5613341 386743437 0 0
2 -5613342 385996916 5613341 614003084 0 0
3 -5613342 164814620 5613341 835185380 0 0
4 -5613343 941292090 5613342 58707910 0 0
5 -5613343 730288442 5613342 269711558 0 0
6 -5613343 502793021 5613342 497206979 0 0
7 -5613343 287390861 5613342 712609139 0 0
8 -5613343 76559099 5613342 923440901 0 0
9 -5613344 859343695 5613343 140656305 0 0
10 -5613344 643328027 5613343 356671973 0 0
11 -5613344 418642981 5613343 581357019 0 0
12 -5613344 200306430 5613343 799693570 0 0
13 -5613345 994009178 5613344 5990822 0 0
14 -5613345 773468482 5613344 226531518 0 0
15 -5613345 558336021 5613344 441663979 0 0
16 -5613345 347027638 5613344 652972362 0 0
17 -5613345 127365408 5613344 872634592 0 0
18 -5613346 909219965 5613345 90780035 0 0
19 -5613346 699534756 5613345 300465244 0 0
20 -5613346 476320183 5613345 523679817 0 0
21 -5613346 265621585 5613345 734378415 0 0
22 -5613346 48971115 5613345 951028885 0 0
23 -5613347 835954930 5613346 164045070 0 0
24 -5613347 611663488 5613346 388336512 0 0
25 -5613347 392796447 5613346 607203553 0 0
26 -5613347 177020201 5613346 822979799 0 0
27 -5613348 967049072 5613347 32950928 0 0
28 -5613348 752151458 5613347 247848542 0 0
29 -5613348 538609413 5613347 461390587 0 0
30 -5613348 321771187 5613347 678228813 0 0
31 -5613348 103750112 5613347 896249888 0 0
32 -5613349 879192730 5613348 120807270 0 0
33 -5613349 663283135 5613348 336716865 0 0
34 -5613349 447108878 5613348 552891122 0 0
35 -5613349 230790161 5613348 769209839 0 0
36 -5613349 13427945 5613348 986572055 0 0
37 -5613350 788732603 5613349 211267397 0 0
38 -5613350 555657025 5613349 444342975 0 0
39 -5613350 330788946 5613349 669211054 0 0
40 -5613350 110605336 5613349 889394664 0 0
41 -5613351 890720629 5613350 109279371 0 0
42 -5613351 674917032 5613350 325082968 0 0
43 -5613351 456860087 5613350 543139913 0 0
44 -5613351 231564738 5613350 768435262 0 0
45 -5613351 23829624 5613350 976170376 0 0
46 -5613352 796689475 5613351 203310525 0 0
47 -5613352 577581234 5613351 422418766 0 0
48 -5613352 358415181 5613351 641584819 0 0
49 -5613352 137061926 5613351 862938074 0 0
50 -5613353 917309513 5613352 82690487 0 0
51 -5613353 692418156 5613352 307581844 0 0
52 -5613353 457276653 5613352 542723347 0 0
53 -5613353 222034652 5613352 777965348 0 0
54 -5613353 10861841 5613352 989138159 0 0
55 -5613354 792061244 5613353 207938756 0 0
56 -5613354 565467696 5613353 434532304 0 0
57 -5613354 349435307 5613353 650564693 0 0
58 -5613354 134984964 5613353 865015036 0 0
59 -5613355 906334509 5613354 93665491 0 0
60 -5613355 690888962 5613354 309111038 0 0
61 -5613355 464812608 5613354 535187392 0 0
62 -5613355 243113212 5613354 756886788 0 0
63 -5613355 28146544 5613354 971853456 0 0
64 -5613356 812593240 5613355 187406760 0 0
1 -5613387 468000109 5613386 531999891 0 0
2 -5613387 226225970 5613386 773774030 0 0
3 -5613387 16009310 5613386 983990690 0 0
4 -5613388 799553672 5613387 200446328 0 0
5 -5613388 586169644 5613387 413830356 0 0
6 -5613388 364311697 5613387 635688303 0 0
7 -5613388 152153943 5613387 847846057 0 0
8 -5613389 940512994 5613388 59487006 0 0
9 -5613389 727459182 5613388 272540818 0 0
10 -5613389 507914082 5613388 492085918 0 0
11 -5613389 283229723 5613388 716770277 0 0
12 -5613389 62656752 5613388 937343248 0 0
13 -5613390 847819529 5613389 152180471 0 0
14 -5613390 633462186 5613389 366537814 0 0
15 -5613390 409815808 5613389 590184192 0 0
16 -5613390 193815995 5613389 806184005 0 0
17 -5613391 970939325 5613390 29060675 0 0
18 -5613391 760170435 5613390 239829565 0 0
19 -5613391 532007751 5613390 467992249 0 0
20 -5613391 307313449 5613390 692686551 0 0
21 -5613391 87599425 5613390 912400575 0 0
22 -5613392 861959918 5613391 138040082 0 0
23 -5613392 627935712 5613391 372064288 0 0
24 -5613392 405542941 5613391 594457059 0 0
25 -5613392 193676534 5613391 806323466 0 0
26 -5613393 965172893 5613392 34827107 0 0
27 -5613393 747316151 5613392 252683849 0 0
28 -5613393 533329208 5613392 466670792 0 0
29 -5613393 313730905 5613392 686269095 0 0
30 -5613393 91506446 5613392 908493554 0 0
31 -5613394 868552594 5613393 131447406 0 0
32 -5613394 647509817 5613393 352490183 0 0
33 -5613394 422962641 5613393 577037359 0 0
34 -5613394 199177248 5613393 800822752 0 0
35 -5613395 986533818 5613394 13466182 0 0
36 -5613395 760041604 5613394 239958396 0 0
37 -5613395 529498575 5613394 470501425 0 0
38 -5613395 309119175 5613394 690880825 0 0
39 -5613395 87939290 5613394 912060710 0 0
40 -5613396 874499578 5613395 125500422 0 0
41 -5613396 649677075 5613395 350322925 0 0
42 -5613396 430397433 5613395 569602567 0 0
43 -5613396 206413858 5613395 793586142 0 0
44 -5613397 984371600 5613396 15628400 0 0
45 -5613397 766899091 5613396 233100909 0 0
46 -5613397 548719003 5613396 451280997 0 0
47 -5613397 317925609 5613396 682074391 0 0
48 -5613397 104930926 5613396 895069074 0 0
49 -5613398 882165403 5613397 117834597 0 0
50 -5613398 666062185 5613397 333937815 0 0
51 -5613398 453012540 5613397 546987460 0 0
52 -5613398 234540013 5613397 765459987 0 0
53 -5613398 17265205 5613397 982734795 0 0
54 -5613399 797063857 5613398 202936143 0 0
55 -5613399 576593570 5613398 423406430 0 0
56 -5613399 346010505 5613398 653989495 0 0
57 -5613399 127882787 5613398 872117213 0 0
58 -5613400 898335888 5613399 101664112 0 0
59 -5613400 680251521 5613399 319748479 0 0
60 -5613400 462147765 5613399 537852235 0 0
61 -5613400 235908435 5613399 764091565 0 0
62 -5613400 21517371 5613399 978482629 0 0
63 -5613401 802364856 5613400 197635144 0 0
64 -5613401 582503003 5613400 417496997 0 0
1 -5613431 59544160 5613430 940455840 0 0
2 -5613432 843657254 5613431 156342746 0 0
3 -5613432 623493000 5613431 376507000 0 0
4 -5613432 412189973 5613431 587810027 0 0
5 -5613432 193541636 5613431 806458364 0 0
6 -5613433 967421880 5613432 32578120 0 0
7 -5613433 756026947 5613432 243973053 0 0
8 -5613433 535808084 5613432 464191916 0 0
9 -5613433 322919067 5613432 677080933 0 0
10 -5613433 104243657 5613432 895756343 0 0
11 -5613434 886408434 5613433 113591566 0 0
12 -5613434 667397697 5613433 332602303 0 0
13 -5613434 445335367 5613433 554664633 0 0
14 -5613434 219012318 5613433 780987682 0 0
15 -5613435 999417128 5613434 582872 0 0
16 -5613435 785453372 5613434 214546628 0 0
17 -5613435 575287547 5613434 424712453 0 0
18 -5613435 363047185 5613434 636952815 0 0
19 -5613435 148972172 5613434 851027828 0 0
20 -5613436 934415816 5613435 65584184 0 0
21 -5613436 726831481 5613435 273168519 0 0
22 -5613436 497125679 5613435 502874321 0 0
23 -5613436 279010592 5613435 720989408 0 0
24 -5613436 63108223 5613435 936891777 0 0
25 -5613437 857560332 5613436 142439668 0 0
26 -5613437 631585518 5613436 368414482 0 0
27 -5613437 421962813 5613436 578037187 0 0
28 -5613437 207686229 5613436 792313771 0 0
29 -5613438 987137168 5613437 12862832 0 0
30 -5613438 757712547 5613437 242287453 0 0
31 -5613438 543517536 5613437 456482464 0 0
32 -5613438 326345783 5613437 673654217 0 0
33 -5613438 110711947 5613437 889288053 0 0
34 -5613439 894448937 5613438 105551063 0 0
35 -5613439 676172649 5613438 323827351 0 0
36 -5613439 463645885 5613438 536354115 0 0
37 -5613439 238590036 5613438 761409964 0 0
38 -5613439 31658337 5613438 968341663 0 0
39 -5613440 804182884 5613439 195817116 0 0
40 -5613440 583503307 5613439 416496693 0 0
41 -5613440 364182149 5613439 635817851 0 0
42 -5613440 146067173 5613439 853932827 0 0
43 -5613441 930513742 5613440 69486258 0 0
44 -5613441 709312619 5613440 290687381 0 0
45 -5613441 481739297 5613440 518260703 0 0
46 -5613441 266777097 5613440 733222903 0 0
47 -5613441 40155277 5613440 959844723 0 0
48 -5613442 818851340 5613441 181148660 0 0
49 -5613442 604487111 5613441 395512889 0 0
50 -5613442 381841440 5613441 618158560 0 0
51 -5613442 165559801 5613441 834440199 0 0
52 -5613443 940729392 5613442 59270608 0 0
53 -5613443 718071980 5613442 281928020 0 0
54 -5613443 504328665 5613442 495671335 0 0
55 -5613443 286812493 5613442 713187507 0 0
56 -5613443 64753775 5613442 935246225 0 0
57 -5613444 838995586 5613443 161004414 0 0
58 -5613444 622878185 5613443 377121815 0 0
59 -5613444 398304624 5613443 601695376 0 0
60 -5613444 177549566 5613443 822450434 0 0
61 -5613445 957363925 5613444 42636075 0 0
62 -5613445 738143117 5613444 261856883 0 0
63 -5613445 524333285 5613444 475666715 0 0
64 -5613445 300666503 5613444 699333497 0 0
1 -5613478 861738998 5613477 138261002 0 0
2 -5613478 646935037 5613477 353064963 0 0
3 -5613478 434883952 5613477 565116048 0 0
4 -5613478 217955400 5613477 782044600 0 0
5 -5613478 3896074 5613477 996103926 0 0
6 -5613479 782169036 5613478 217830964 0 0
7 -5613479 553816619 5613478 446183381 0 0
8 -5613479 336956843 5613478 663043157 0 0
9 -5613479 116992569 5613478 883007431 0 0
10 -5613480 910254720 5613479 89745280 0 0
11 -5613480 687895694 5613479 312104306 0 0
12 -5613480 473864830 5613479 526135170 0 0
13 -5613480 251631653 5613479 748368347 0 0
14 -5613480 46394147 5613479 953605853 0 0
15 -5613481 826334505 5613480 173665495 0 0
16 -5613481 607320213 5613480 392679787 0 0
17 -5613481 383822504 5613480 616177496 0 0
18 -5613481 167478942 5613480 832521058 0 0
19 -5613482 951298840 5613481 48701160 0 0
20 -5613482 739790726 5613481 260209274 0 0
21 -5613482 515572549 5613481 484427451 0 0
22 -5613482 303037695 5613481 696962305 0 0
23 -5613482 88369694 5613481 911630306 0 0
24 -5613483 876657974 5613482 123342026 0 0
25 -5613483 657374706 5613482 342625294 0 0
26 -5613483 437840572 5613482 562159428 0 0
27 -5613483 214979129 5613482 785020871 0 0
28 -5613484 986936948 5613483 13063052 0 0
29 -5613484 773583961 5613483 226416039 0 0
30 -5613484 551532855 5613483 448467145 0 0
31 -5613484 335053888 5613483 664946112 0 0
32 -5613484 111028818 5613483 888971182 0 0
33 -5613485 896454279 5613484 103545721 0 0
34 -5613485 685572617 5613484 314427383 0 0
35 -5613485 476473645 5613484 523526355 0 0
36 -5613485 259295005 5613484 740704995 0 0
37 -5613485 48153404 5613484 951846596 0 0
38 -5613486 830729084 5613485 169270916 0 0
39 -5613486 602348983 5613485 397651017 0 0
40 -5613486 379841218 5613485 620158782 0 0
41 -5613486 158337269 5613485 841662731 0 0
42 -5613487 944400293 5613486 55599707 0 0
43 -5613487 718493461 5613486 281506539 0 0
44 -5613487 490123212 5613486 509876788 0 0
45 -5613487 276840927 5613486 723159073 0 0
46 -5613487 50416439 5613486 949583561 0 0
47 -5613488 838146635 5613487 161853365 0 0
48 -5613488 622383341 5613487 377616659 0 0
49 -5613488 402373938 5613487 597626062 0 0
50 -5613488 188261336 5613487 811738664 0 0
51 -5613489 979382822 5613488 20617178 0 0
52 -5613489 760466493 5613488 239533507 0 0
53 -5613489 542261594 5613488 457738406 0 0
54 -5613489 325055048 5613488 674944952 0 0
55 -5613489 100034830 5613488 899965170 0 0
56 -5613490 890042708 5613489 109957292 0 0
57 -5613490 663927602 5613489 336072398 0 0
58 -5613490 449512209 5613489 550487791 0 0
59 -5613490 223148219 5613489 776851781 0 0
60 -5613490 14420685 5613489 985579315 0 0
61 -5613491 799928719 5613490 200071281 0 0
62 -5613491 576110608 5613490 423889392 0 0
63 -5613491 359380628 5613490 640619372 0 0
64 -5613491 141022547 5613490 858977453 0 0
1 -5613524 996612587 5613523 3387413 0 0
2 -5613524 745887693 5613523 254112307 0 0
3 -5613524 519120971 5613523 480879029 0 0
4 -5613524 295207753 5613523 704792247 0 0
5 -5613524 73658139 5613523 926341861 0 0
6 -5613525 852454372 5613524 147545628 0 0
7 -5613525 627148975 5613524 372851025 0 0
8 -5613525 417307314 5613524 582692686 0 0
9 -5613525 207913960 5613524 792086040 0 0
10 -5613526 977038980 5613525 22961020 0 0
11 -5613526 770867826 5613525 229132174 0 0
12 -5613526 553922814 5613525 446077186 0 0
13 -5613526 336712843 5613525 663287157 0 0
14 -5613526 115237210 5613525 884762790 0 0
15 -5613527 895626746 5613526 104373254 0 0
16 -5613527 679452479 5613526 320547521 0 0
17 -5613527 469090865 5613526 530909135 0 0
18 -5613527 244946966 5613526 755053034 0 0
19 -5613527 32161229 5613526 967838771 0 0
20 -5613528 813731466 5613527 186268534 0 0
21 -5613528 598596421 5613527 401403579 0 0
22 -5613528 366988862 5613527 633011138 0 0
23 -5613528 148063015 5613527 851936985 0 0
24 -5613529 919243794 5613528 80756206 0 0
25 -5613529 703696053 5613528 296303947 0 0
26 -5613529 487967000 5613528 512033000 0 0
27 -5613529 253910893 5613528 746089107 0 0
28 -5613529 43005548 5613528 956994452 0 0
29 -5613530 812113439 5613529 187886561 0 0
30 -5613530 586286756 5613529 413713244 0 0
31 -5613530 364056841 5613529 635943159 0 0
32 -5613530 155232846 5613529 844767154 0 0
33 -5613531 925438291 5613530 74561709 0 0
34 -5613531 707527278 5613530 292472722 0 0
35 -5613531 483037886 5613530 516962114 0 0
36 -5613531 262268110 5613530 737731890 0 0
37 -5613531 37582851 5613530 962417149 0 0
38 -5613532 815934239 5613531 184065761 0 0
39 -5613532 599259759 5613531 400740241 0 0
40 -5613532 383184027 5613531 616815973 0 0
41 -5613532 162852503 5613531 837147497 0 0
42 -5613533 955246153 5613532 44753847 0 0
43 -5613533 738258290 5613532 261741710 0 0
44 -5613533 517752491 5613532 482247509 0 0
45 -5613533 290521575 5613532 709478425 0 0
46 -5613533 72284475 5613532 927715525 0 0
47 -5613534 845342590 5613533 154657410 0 0
48 -5613534 618823328 5613533 381176672 0 0
49 -5613534 397042867 5613533 602957133 0 0
50 -5613534 174299887 5613533 825700113 0 0
51 -5613535 949956344 5613534 50043656 0 0
52 -5613535 729587487 5613534 270412513 0 0
53 -5613535 511314240 5613534 488685760 0 0
54 -5613535 296503096 5613534 703496904 0 0
55 -5613535 84423180 5613534 915576820 0 0
56 -5613536 863546184 5613535 136453816 0 0
57 -5613536 651583415 5613535 348416585 0 0
58 -5613536 425167002 5613535 574832998 0 0
59 -5613536 199315264 5613535 800684736 0 0
60 -5613537 979384195 5613536 20615805 0 0
61 -5613537 767051821 5613536 232948179 0 0
62 -5613537 544621632 5613536 455378368 0 0
63 -5613537 327425847 5613536 672574153 0 0
64 -5613537 107121581 5613536 892878419 0 0
1 -5613569 675711071 5613568 324288929 0 0
2 -5613569 431042234 5613568 568957766 0 0
3 -5613569 216971078 5613568 783028922 0 0
4 -5613570 996398411 5613569 3601589 0 0
5 -5613570 780975762 5613569 219024238 0 0
6 -5613570 563761885 5613569 436238115 0 0
7 -5613570 340033906 5613569 659966094 0 0
8 -5613570 112676530 5613569 887323470 0 0
9 -5613571 887125029 5613570 112874971 0 0
10 -5613571 675323183 5613570 324676817 0 0
11 -5613571 461391914 5613570 538608086 0 0
12 -5613571 240302571 5613570 759697429 0 0
13 -5613571 15902049 5613570 984097951 0 0
14 -5613572 794638654 5613571 205361346 0 0
15 -5613572 581421742 5613571 418578258 0 0
16 -5613572 365568637 5613571 634431363 0 0
17 -5613572 140785455 5613571 859214545 0 0
18 -5613573 928086756 5613572 71913244 0 0
19 -5613573 706543385 5613572 293456615 0 0
20 -5613573 490651133 5613572 509348867 0 0
21 -5613573 278097116 5613572 721902884 0 0
22 -5613573 67753391 5613572 932246609 0 0
23 -5613574 848038691 5613573 151961309 0 0
24 -5613574 633711114 5613573 366288886 0 0
25 -5613574 414485756 5613573 585514244 0 0
26 -5613574 191525115 5613573 808474885 0 0
27 -5613575 969494549 5613574 30505451 0 0
28 -5613575 737464425 5613574 262535575 0 0
29 -5613575 516833167 5613574 483166833 0 0
30 -5613575 300588422 5613574 699411578 0 0
31 -5613575 83043996 5613574 916956004 0 0
32 -5613576 877548869 5613575 122451131 0 0
33 -5613576 659239216 5613575 340760784 0 0
34 -5613576 437377537 5613575 562622463 0 0
35 -5613576 218652596 5613575 781347404 0 0
36 -5613576 5614402 5613575 994385598 0 0
37 -5613577 788681910 5613576 211318090 0 0
38 -5613577 568881118 5613576 431118882 0 0
39 -5613577 342226452 5613576 657773548 0 0
40 -5613577 122346533 5613576 877653467 0 0
41 -5613578 899330744 5613577 100669256 0 0
42 -5613578 680411325 5613577 319588675 0 0
43 -5613578 466017916 5613577 533982084 0 0
44 -5613578 239539747 5613577 760460253 0 0
45 -5613578 20463257 5613577 979536743 0 0
46 -5613579 795028143 5613578 204971857 0 0
47 -5613579 586696308 5613578 413303692 0 0
48 -5613579 365754537 5613578 634245463 0 0
49 -5613579 149367757 5613578 850632243 0 0
50 -5613580 940964239 5613579 59035761 0 0
51 -5613580 724014950 5613579 275985050 0 0
52 -5613580 497762221 5613579 502237779 0 0
53 -5613580 274936911 5613579 725063089 0 0
54 -5613580 49444946 5613579 950555054 0 0
55 -5613581 809968052 5613580 190031948 0 0
56 -5613581 599071671 5613580 400928329 0 0
57 -5613581 380462284 5613580 619537716 0 0
58 -5613581 162081763 5613580 837918237 0 0
59 -5613582 936751221 5613581 63248779 0 0
60 -5613582 713039723 5613581 286960277 0 0
61 -5613582 494537371 5613581 505462629 0 0
62 -5613582 276335791 5613581 723664209 0 0
63 -5613582 60127730 5613581 939872270 0 0
64 -5613583 841611452 5613582 158388548 0 0
1 -5613614 649117776 5613613 350882224 0 0
2 -5613614 407287167 5613613 592712833 0 0
3 -5613614 187400175 5613613 812599825 0 0
4 -5613615 964839620 5613614 35160380 0 0
5 -5613615 750547488 5613614 249452512 0 0
6 -5613615 537274023 5613614 462725977 0 0
7 -5613615 316773578 5613614 683226422 0 0
8 -5613615 98329078 5613614 901670922 0 0
9 -5613616 875350401 5613615 124649599 0 0
10 -5613616 672556855 5613615 327443145 0 0
11 -5613616 457275334 5613615 542724666 0 0
12 -5613616 236770946 5613615 763229054 0 0
13 -5613616 23754142 5613615 976245858 0 0
14 -5613617 812414919 5613616 187585081 0 0
15 -5613617 588463446 5613616 411536554 0 0
16 -5613617 370996650 5613616 629003350 0 0
17 -5613617 152920532 5613616 847079468 0 0
18 -5613618 932896079 5613617 67103921 0 0
19 -5613618 717051198 5613617 282948802 0 0
20 -5613618 508537293 5613617 491462707 0 0
21 -5613618 274904441 5613617 725095559 0 0
22 -5613618 59295445 5613617 940704555 0 0
23 -5613619 851633303 5613618 148366697 0 0
24 -5613619 635831254 5613618 364168746 0 0
25 -5613619 415616397 5613618 584383603 0 0
26 -5613619 196100547 5613618 803899453 0 0
27 -5613620 980214851 5613619 19785149 0 0
28 -5613620 759191602 5613619 240808398 0 0
29 -5613620 533514531 5613619 466485469 0 0
30 -5613620 323023348 5613619 676976652 0 0
31 -5613620 109681921 5613619 890318079 0 0
32 -5613621 887097682 5613620 112902318 0 0
33 -5613621 671217542 5613620 328782458 0 0
34 -5613621 447066924 5613620 552933076 0 0
35 -5613621 225725125 5613620 774274875 0 0
36 -5613621 2148311 5613620 997851689 0 0
37 -5613622 785154581 5613621 214845419 0 0
38 -5613622 565675304 5613621 434324696 0 0
39 -5613622 353926551 5613621 646073449 0 0
40 -5613622 145291057 5613621 854708943 0 0
41 -5613623 912075938 5613622 87924062 0 0
42 -5613623 689099540 5613622 310900460 0 0
43 -5613623 470640095 5613622 529359905 0 0
44 -5613623 247746399 5613622 752253601 0 0
45 -5613623 35509878 5613622 964490122 0 0
46 -5613624 820078063 5613623 179921937 0 0
47 -5613624 606979465 5613623 393020535 0 0
48 -5613624 390707092 5613623 609292908 0 0
49 -5613624 170004170 5613623 829995830 0 0
50 -5613625 955821870 5613624 44178130 0 0
51 -5613625 729714640 5613624 270285360 0 0
52 -5613625 516525618 5613624 483474382 0 0
53 -5613625 308573944 5613624 691426056 0 0
54 -5613625 82568675 5613624 917431325 0 0
55 -5613626 867219100 5613625 132780900 0 0
56 -5613626 638964706 5613625 361035294 0 0
57 -5613626 418232081 5613625 581767919 0 0
58 -5613626 206795008 5613625 793204992 0 0
59 -5613627 987028551 5613626 12971449 0 0
60 -5613627 764300944 5613626 235699056 0 0
61 -5613627 551685486 5613626 448314514 0 0
62 -5613627 340750385 5613626 659249615 0 0
63 -5613627 125204184 5613626 874795816 0 0
64 -5613628 902177138 5613627 97822862 0 0
1 -5613660 926505642 5613659 73494358 0 0
2 -5613660 671751086 5613659 328248914 0 0
3 -5613660 451075072 5613659 548924928 0 0
4 -5613660 230930030 5613659 769069970 0 0
5 -5613660 15537383 5613659 984462617 0 0
6 -5613661 800500377 5613660 199499623 0 0
7 -5613661 587296097 5613660 412703903 0 0
8 -5613661 374186834 5613660 625813166 0 0
9 -5613661 157091773 5613660 842908227 0 0
10 -5613662 948600184 5613661 51399816 0 0
11 -5613662 726842431 5613661 273157569 0 0
12 -5613662 514827555 5613661 485172445 0 0
13 -5613662 292179985 5613661 707820015 0 0
14 -5613662 72823059 5613661 927176941 0 0
15 -5613663 862705833 5613662 137294167 0 0
16 -5613663 644791917 5613662 355208083 0 0
17 -5613663 421054793 5613662 578945207 0 0
18 -5613663 204207413 5613662 795792587 0 0
19 -5613664 981974780 5613663 18025220 0 0
20 -5613664 766347970 5613663 233652030 0 0
21 -5613664 537237981 5613663 462762019 0 0
22 -5613664 317233622 5613663 682766378 0 0
23 -5613664 106747589 5613663 893252411 0 0
24 -5613665 894489903 5613664 105510097 0 0
25 -5613665 681340436 5613664 318659564 0 0
26 -5613665 467379578 5613664 532620422 0 0
27 -5613665 254044467 5613664 745955533 0 0
28 -5613665 44277865 5613664 955722135 0 0
29 -5613666 826993067 5613665 173006933 0 0
30 -5613666 609108187 5613665 390891813 0 0
31 -5613666 396575673 5613665 603424327 0 0
32 -5613666 173596887 5613665 826403113 0 0
33 -5613667 956901041 5613666 43098959 0 0
34 -5613667 728695240 5613666 271304760 0 0
35 -5613667 518386444 5613666 481613556 0 0
36 -5613667 307038241 5613666 692961759 0 0
37 -5613667 90102659 5613666 909897341 0 0
38 -5613668 869170169 5613667 130829831 0 0
39 -5613668 658280939 5613667 341719061 0 0
40 -5613668 445576928 5613667 554423072 0 0
41 -5613668 236840159 5613667 763159841 0 0
42 -5613668 13361474 5613667 986638526 0 0
43 -5613669 787341041 5613668 212658959 0 0
44 -5613669 573253110 5613668 426746890 0 0
45 -5613669 349624855 5613668 650375145 0 0
46 -5613669 130475258 5613668 869524742 0 0
47 -5613670 917031371 5613669 82968629 0 0
48 -5613670 697857941 5613669 302142059 0 0
49 -5613670 477938803 5613669 522061197 0 0
50 -5613670 259323400 5613669 740676600 0 0
51 -5613670 41608036 5613669 958391964 0 0
52 -5613671 815463160 5613670 184536840 0 0
53 -5613671 604303732 5613670 395696268 0 0
54 -5613671 392098360 5613670 607901640 0 0
55 -5613671 173356811 5613670 826643189 0 0
56 -5613672 956252528 5613671 43747472 0 0
57 -5613672 729278668 5613671 270721332 0 0
58 -5613672 517891577 5613671 482108423 0 0
59 -5613672 300699444 5613671 699300556 0 0
60 -5613672 88649402 5613671 911350598 0 0
61 -5613673 878903559 5613672 121096441 0 0
62 -5613673 671037774 5613672 328962226 0 0
63 -5613673 460711812 5613672 539288188 0 0
64 -5613673 245846618 5613672 754153382 0 0
