1 43 304500446 5613704 656942148 5613747 961442594
2 43 136596837 5613704 888798474 5613748 25395311
3 42 988628567 5613705 109728592 5613748 98357159
4 42 838879569 5613705 325593656 5613748 164473225
5 42 699034502 5613705 538415293 5613748 237449795
6 42 548059341 5613705 765787479 5613748 313846820
7 42 415726025 5613705 977100237 5613748 392826262
8 42 263097599 5613706 198852285 5613748 461949884
9 42 113611615 5613706 419699165 5613748 533310780
10 41 969575827 5613706 633461508 5613748 603037335
11 41 827105586 5613706 848485142 5613748 675590728
12 41 672727229 5613707 70110248 5613748 742837477
13 41 531485779 5613707 288457896 5613748 819943675
14 41 388584656 5613707 502867949 5613748 891452605
15 41 229112411 5613707 731107785 5613748 960220196
16 41 94803187 5613707 943926682 5613749 38729869
17 40 945173150 5613708 162385420 5613749 107558570
18 40 795160121 5613708 379763400 5613749 174923521
19 40 633374640 5613708 606146827 5613749 239521467
20 40 488704031 5613708 828391847 5613749 317095878
21 40 344457155 5613709 39539349 5613749 383996504
22 40 211858325 5613709 247558889 5613749 459417214
23 40 62398618 5613709 465034516 5613749 527433134
24 39 929331889 5613709 673507974 5613749 602839863
25 39 775930497 5613709 892608811 5613749 668539308
26 39 633813934 5613710 107385690 5613749 741199624
27 39 484092806 5613710 328841707 5613749 812934513
28 39 339662693 5613710 543295740 5613749 882958433
29 39 186880344 5613710 762907772 5613749 949788116
30 39 35035181 5613710 986435288 5613750 21470469
31 38 898928231 5613711 194392366 5613750 93320597
32 38 750683854 5613711 411561276 5613750 162245130
33 38 592840672 5613711 632979941 5613750 225820613
34 38 448079009 5613711 851686434 5613750 299765443
35 38 288826001 5613712 78856234 5613750 367682235
36 38 140299148 5613712 300113828 5613750 440412976
37 37 983296579 5613712 524598697 5613750 507895276
38 37 832259365 5613712 750923383 5613750 583182748
39 37 686841993 5613712 962726428 5613750 649568421
40 37 550949926 5613713 178659194 5613750 729609120
41 37 406439981 5613713 392908898 5613750 799348879
42 37 264149440 5613713 605842033 5613750 869991473
43 37 122508961 5613713 821243401 5613750 943752362
44 36 983378733 5613714 29256145 5613751 12634878
45 36 829882211 5613714 255025564 5613751 84907775
46 36 677960624 5613714 475854185 5613751 153814809
47 36 535198684 5613714 696107593 5613751 231306277
48 36 396747090 5613714 915762680 5613751 312509770
49 36 245436974 5613715 133978959 5613751 379415933
50 36 109226637 5613715 346177589 5613751 455404226
51 35 964389808 5613715 562969432 5613751 527359240
52 35 822320875 5613715 775331781 5613751 597652656
53 35 673417843 5613715 998944388 5613751 672362231
54 35 525827362 5613716 210442031 5613751 736269393
55 35 369485449 5613716 438164451 5613751 807649900
56 35 223016188 5613716 662875352 5613751 885891540
57 35 68445964 5613716 890623605 5613751 959069569
58 34 911048663 5613717 120448171 5613752 31496834
59 34 767963747 5613717 336858836 5613752 104822583
60 34 618900460 5613717 559802528 5613752 178702988
61 34 472378663 5613717 781526354 5613752 253905017
62 34 333060974 5613717 993481971 5613752 326542945
63 34 172349844 5613718 222210391 5613752 394560235
64 34 33885066 5613718 436063954 5613752 469949020
65 33 884084348 5613718 664652691 5613752 548737039
66 33 736458442 5613718 881503477 5613752 617961919
67 33 591724983 5613719 102836365 5613752 694561348
68 33 449935896 5613719 320897740 5613752 770833636
69 33 294447374 5613719 544042966 5613752 838490340
70 33 148986483 5613719 764766181 5613752 913752664
71 32 995470574 5613719 987757169 5613752 983227743
72 32 843810316 5613720 209235518 5613753 53045834
73 32 699393499 5613720 428622720 5613753 128016219
74 32 551837961 5613720 653323603 5613753 205161564
75 32 404776841 5613720 868308460 5613753 273085301
76 32 254372579 5613721 89203023 5613753 343575602
77 32 117130334 5613721 305859886 5613753 422990220
78 31 966537612 5613721 524272569 5613753 490810181
79 31 825023167 5613721 738187113 5613753 563210280
80 31 677326651 5613721 957892365 5613753 635219016
81 31 533865336 5613722 171770408 5613753 705635744
82 31 395700440 5613722 388460475 5613753 784160915
83 31 258644711 5613722 602992488 5613753 861637199
84 31 106837159 5613722 825139084 5613753 931976243
85 30 946108586 5613723 58393236 5613754 4501822
86 30 801372719 5613723 278115228 5613754 79487947
87 30 658088751 5613723 489665241 5613754 147753992
88 30 517588678 5613723 710412177 5613754 228000855
89 30 366002659 5613723 932752492 5613754 298755151
90 30 211996832 5613724 155481633 5613754 367478465
91 30 60484387 5613724 380150145 5613754 440634532
92 29 927942278 5613724 588847691 5613754 516789969
93 29 782473388 5613724 809027620 5613754 591501008
94 29 635953740 5613725 23349692 5613754 659303432
95 29 492159634 5613725 243690284 5613754 735849918
96 29 339455801 5613725 465538349 5613754 804994150
97 29 189872839 5613725 691407654 5613754 881280493
98 29 43982808 5613725 903347419 5613754 947330227
99 28 899441086 5613726 122774379 5613755 22215465
100 28 741073358 5613726 352757443 5613755 93830801
101 28 597540451 5613726 576883465 5613755 174423916
102 28 462367076 5613726 790907821 5613755 253274897
103 28 286691425 5613727 39464118 5613755 326155543
104 28 140468937 5613727 252640175 5613755 393109112
105 28 159860 5613727 468384851 5613755 468544711
106 27 841444842 5613727 696457672 5613755 537902514
107 27 693428035 5613727 921164147 5613755 614592182
108 27 536793739 5613728 147829438 5613755 684623177
109 27 380592287 5613728 373344990 5613755 753937277
110 27 221752956 5613728 611787899 5613755 833540855
111 27 53800515 5613728 851447414 5613755 905247929
112 26 904607990 5613729 71988891 5613755 976596881
113 26 762269672 5613729 288386722 5613756 50656394
114 26 607096700 5613729 512246657 5613756 119343357
115 26 451737362 5613729 740140740 5613756 191878102
116 26 308630484 5613729 962731902 5613756 271362386
117 26 163186631 5613730 175865496 5613756 339052127
118 26 14939365 5613730 393447509 5613756 408386874
119 25 871247609 5613730 613484977 5613756 484732586
120 25 719250154 5613730 840819607 5613756 560069761
121 25 564295549 5613731 62843631 5613756 627139180
122 25 422020008 5613731 273055594 5613756 695075602
123 25 278656357 5613731 488354389 5613756 767010746
124 25 111665769 5613731 719023884 5613756 830689653
125 24 956760996 5613731 950938616 5613756 907699612
126 24 810626932 5613732 168998676 5613756 979625608
127 24 673149823 5613732 380586094 5613757 53735917
128 24 518905741 5613732 609095296 5613757 128001037
1 42 851053517 5613831 573317410 5613874 424370927
2 42 677015689 5613831 819810835 5613874 496826524
3 42 531428303 5613832 31528175 5613874 562956478
4 42 391636755 5613832 248508974 5613874 640145729
5 42 257918280 5613832 463078799 5613874 720997079
6 42 125973885 5613832 672811268 5613874 798785153
7 41 971481958 5613832 882486942 5613874 853968900
8 41 840766132 5613833 93145043 5613874 933911175
9 41 705413928 5613833 301409409 5613875 6823337
10 41 576271982 5613833 510157155 5613875 86429137
11 41 430586337 5613833 722482670 5613875 153069007
12 41 291243967 5613833 936972829 5613875 228216796
13 41 133489507 5613834 159497175 5613875 292986682
14 40 989017063 5613834 369087091 5613875 358104154
15 40 860481216 5613834 582555603 5613875 443036819
16 40 721772055 5613834 795346553 5613875 517118608
17 40 582209670 5613835 10782084 5613875 592991754
18 40 428751557 5613835 236515149 5613875 665266706
19 40 292175339 5613835 451208601 5613875 743383940
20 40 149915465 5613835 662640743 5613875 812556208
21 40 1307413 5613835 879934573 5613875 881241986
22 39 860743045 5613836 92899224 5613875 953642269
23 39 721291824 5613836 306074278 5613876 27366102
24 39 568471070 5613836 527368165 5613876 95839235
25 39 419009514 5613836 743219355 5613876 162228869
26 39 281461907 5613836 960860679 5613876 242322586
27 39 129988184 5613837 179371746 5613876 309359930
28 39 101918 5613837 388342803 5613876 388444721
29 38 847345273 5613837 609818076 5613876 457163349
30 38 713136364 5613837 821520638 5613876 534657002
31 38 564962469 5613838 39088427 5613876 604050896
32 38 412740835 5613838 262074541 5613876 674815376
33 38 269595607 5613838 479138617 5613876 748734224
34 38 125391862 5613838 689734681 5613876 815126543
35 37 984123805 5613838 906642370 5613876 890766175
36 37 842661750 5613839 122102531 5613876 964764281
37 37 705851296 5613839 335211993 5613877 41063289
38 37 560427980 5613839 553201959 5613877 113629939
39 37 416897445 5613839 769986688 5613877 186884133
40 37 273972213 5613839 982376553 5613877 256348766
41 37 125262255 5613840 205001748 5613877 330264003
42 36 986133269 5613840 419177154 5613877 405310423
43 36 844486773 5613840 628261728 5613877 472748501
44 36 704101792 5613840 843134213 5613877 547236005
45 36 557012360 5613841 59475098 5613877 616487458
46 36 409298642 5613841 278286438 5613877 687585080
47 36 252325872 5613841 502919430 5613877 755245302
48 36 113823133 5613841 713689510 5613877 827512643
49 35 977692185 5613841 928388832 5613877 906081017
50 35 826987003 5613842 155673720 5613877 982660723
51 35 665605593 5613842 382788351 5613878 48393944
52 35 514498530 5613842 599429490 5613878 113928020
53 35 362223100 5613842 826087778 5613878 188310878
54 35 214167610 5613843 43925210 5613878 258092820
55 35 58379040 5613843 269878289 5613878 328257329
56 34 916652676 5613843 478213228 5613878 394865904
57 34 766883571 5613843 700894737 5613878 467778308
58 34 626971710 5613843 912462506 5613878 539434216
59 34 479659930 5613844 131840501 5613878 611500431
60 34 330584441 5613844 352589620 5613878 683174061
61 34 193528732 5613844 566449550 5613878 759978282
62 34 35863475 5613844 789599347 5613878 825462822
63 33 897164091 5613845 3102414 5613878 900266505
64 33 746829219 5613845 222677628 5613878 969506847
65 33 607414404 5613845 432184768 5613879 39599172
66 33 463127235 5613845 649667002 5613879 112794237
67 33 326157451 5613845 857164345 5613879 183321796
68 33 177328068 5613846 75190125 5613879 252518193
69 33 32059306 5613846 293330440 5613879 325389746
70 32 880217720 5613846 512609937 5613879 392827657
71 32 733365282 5613846 730619588 5613879 463984870
72 32 596946099 5613846 939812992 5613879 536759091
73 32 444885202 5613847 165795719 5613879 610680921
74 32 311962769 5613847 374421671 5613879 686384440
75 32 146361250 5613847 608148607 5613879 754509857
76 32 11926603 5613847 820856670 5613879 832783273
77 31 853689079 5613848 46752898 5613879 900441977
78 31 706628313 5613848 266445591 5613879 973073904
79 31 548833317 5613848 492639129 5613880 41472446
80 31 407849624 5613848 706291859 5613880 114141483
81 31 259429457 5613848 926007182 5613880 185436639
82 31 101146655 5613849 156096333 5613880 257242988
83 30 950403068 5613849 376196556 5613880 326599624
84 30 813611798 5613849 588087337 5613880 401699135
85 30 658413107 5613849 809036582 5613880 467449689
86 30 516646391 5613850 29164675 5613880 545811066
87 30 377728939 5613850 241483485 5613880 619212424
88 30 228274791 5613850 464726817 5613880 693001608
89 30 92333505 5613850 678015573 5613880 770349078
90 29 934283199 5613850 903703064 5613880 837986263
91 29 801306823 5613851 115732842 5613880 917039665
92 29 643490420 5613851 342408260 5613880 985898680
93 29 497194807 5613851 558666016 5613881 55860823
94 29 331827302 5613851 792811408 5613881 124638710
95 29 194636392 5613852 4253178 5613881 198889570
96 29 34559864 5613852 236860413 5613881 271420277
97 28 880842516 5613852 457884063 5613881 338726579
98 28 718213090 5613852 690730016 5613881 408943106
99 28 573710296 5613852 907844960 5613881 481555256
100 28 420353108 5613853 129715577 5613881 550068685
101 28 281769094 5613853 349416492 5613881 631185586
102 28 134614903 5613853 567432883 5613881 702047786
103 27 973770352 5613853 793453498 5613881 767223850
104 27 832360352 5613854 21438873 5613881 853799225
105 27 682838020 5613854 238328081 5613881 921166101
106 27 533982269 5613854 464631060 5613881 998613329
107 27 375122366 5613854 696313460 5613882 71435826
108 27 221648144 5613854 916562050 5613882 138210194
109 27 68268290 5613855 148790995 5613882 217059285
110 26 922897178 5613855 366627093 5613882 289524271
111 26 767929852 5613855 587963405 5613882 355893257
112 26 632546502 5613855 801754614 5613882 434301116
113 26 493257518 5613856 11330086 5613882 504587604
114 26 350306029 5613856 226634526 5613882 576940555
115 26 208931103 5613856 439032187 5613882 647963290
116 26 70063261 5613856 653578363 5613882 723641624
117 25 909645072 5613856 882219745 5613882 791864817
118 25 775456125 5613857 89426408 5613882 864882533
119 25 630737465 5613857 307049602 5613882 937787067
120 25 483406759 5613857 519363431 5613883 2770190
121 25 323854629 5613857 754137292 5613883 77991921
122 25 168280445 5613857 970823596 5613883 139104041
123 25 31985592 5613858 190402588 5613883 222388180
124 24 874819808 5613858 409755880 5613883 284575688
125 24 724898668 5613858 638222987 5613883 363121655
126 24 572344373 5613858 860780609 5613883 433124982
127 24 431053056 5613859 73210177 5613883 504263233
128 24 283090214 5613859 290897647 5613883 573987861
1 42 956249432 5613953 632670234 5613996 588919666
2 42 803924263 5613953 859614515 5613996 663538778
3 42 670388010 5613954 65966173 5613996 736354183
4 42 530366171 5613954 280775565 5613996 811141736
5 42 393886193 5613954 492646623 5613996 886532816
6 42 240816483 5613954 711408017 5613996 952224500
7 42 93063063 5613954 933388778 5613997 26451841
8 41 946625528 5613955 152003785 5613997 98629313
9 41 794542058 5613955 371879011 5613997 166421069
10 41 664751995 5613955 578371907 5613997 243123902
11 41 518799857 5613955 792910305 5613997 311710162
12 41 369122233 5613956 14120746 5613997 383242979
13 41 224300631 5613956 226030932 5613997 450331563
14 41 64912925 5613956 452367669 5613997 517280594
15 40 934372968 5613956 659075302 5613997 593448270
16 40 773953800 5613956 885903067 5613997 659856867
17 40 623909941 5613957 103204469 5613997 727114410
18 40 484368075 5613957 316403243 5613997 800771318
19 40 350611289 5613957 531412242 5613997 882023531
20 40 213396676 5613957 741387038 5613997 954783714
21 40 59221320 5613957 970594351 5613998 29815671
22 39 914230109 5613958 182678849 5613998 96908958
23 39 763796442 5613958 405416837 5613998 169213279
24 39 616166095 5613958 623329043 5613998 239495138
25 39 474477788 5613958 835571852 5613998 310049640
26 39 331001012 5613959 52745738 5613998 383746750
27 39 170180184 5613959 282795851 5613998 452976035
28 39 29199271 5613959 495864534 5613998 525063805
29 38 872543386 5613959 724455044 5613998 596998430
30 38 727353197 5613959 940515321 5613998 667868518
31 38 572555871 5613960 162809520 5613998 735365391
32 38 414686118 5613960 389021537 5613998 803707655
33 38 254246154 5613960 623019077 5613998 877265231
34 38 114063227 5613960 838106519 5613998 952169746
35 37 977989370 5613961 45590565 5613999 23579935
36 37 823537575 5613961 269718249 5613999 93255824
37 37 657759597 5613961 498317740 5613999 156077337
38 37 517748036 5613961 712945247 5613999 230693283
39 37 365473775 5613961 925511828 5613999 290985603
40 37 231511676 5613962 139810915 5613999 371322591
41 37 93167900 5613962 349807525 5613999 442975425
42 36 939629920 5613962 572721880 5613999 512351800
43 36 806423234 5613962 786168112 5613999 592591346
44 36 657473245 5613963 532382 5613999 658005627
45 36 520887602 5613963 209865894 5613999 730753496
46 36 370492935 5613963 426500475 5613999 796993410
47 36 215770719 5613963 650333812 5613999 866104531
48 36 55205998 5613963 880127374 5613999 935333372
49 35 913619039 5613964 96066431 5614000 9685470
50 35 757482349 5613964 318436258 5614000 75918607
51 35 610337918 5613964 531917916 5614000 142255834
52 35 460138174 5613964 752741827 5614000 212880001
53 35 317537772 5613964 972099432 5614000 289637204
54 35 160521837 5613965 195104952 5614000 355626789
55 35 14693716 5613965 415593240 5614000 430286956
56 34 856019369 5613965 633336170 5614000 489355539
57 34 709732941 5613965 861301173 5614000 571034114
58 34 565529697 5613966 75110695 5614000 640640392
59 34 406571447 5613966 306882720 5614000 713454167
60 34 267677477 5613966 519963477 5614000 787640954
61 34 116393882 5613966 735786147 5614000 852180029
62 33 966478873 5613966 957648947 5614000 924127820
63 33 817939469 5613967 176307120 5614000 994246589
64 33 672383472 5613967 400625653 5614001 73009125
65 33 526827531 5613967 619157088 5614001 145984619
66 33 377451142 5613967 838195606 5614001 215646748
67 33 237614690 5613968 50608616 5614001 288223306
68 33 103757904 5613968 260047792 5614001 363805696
69 32 957060467 5613968 478590430 5614001 435650897
70 32 815304049 5613968 693069847 5614001 508373896
71 32 681067567 5613968 904467320 5614001 585534887
72 32 537047968 5613969 120511227 5614001 657559195
73 32 393025703 5613969 339025847 5614001 732051550
74 32 247413782 5613969 556620725 5614001 804034507
75 32 96906858 5613969 777839129 5614001 874745987
76 31 948650430 5613969 995236289 5614001 943886719
77 31 804692145 5613970 209062032 5614002 13754177
78 31 656844821 5613970 422972774 5614002 79817595
79 31 521005850 5613970 640038847 5614002 161044697
80 31 371621571 5613970 857212363 5614002 228833934
81 31 226023854 5613971 77354342 5614002 303378196
82 31 84370805 5613971 296070644 5614002 380441449
83 30 910397959 5613971 543318830 5614002 453716789
84 30 772362103 5613971 752710432 5614002 525072535
85 30 623915252 5613971 967179016 5614002 591094268
86 30 462281052 5613972 200686898 5614002 662967950
87 30 312706333 5613972 420411644 5614002 733117977
88 30 174585274 5613972 629627565 5614002 804212839
89 30 26261792 5613972 852651269 5614002 878913061
90 29 888403524 5613973 71286110 5614002 959689634
91 29 736808861 5613973 292180631 5614003 28989492
92 29 581030571 5613973 523156504 5614003 104187075
93 29 425513720 5613973 756815384 5614003 182329104
94 29 278610454 5613973 973177617 5614003 251788071
95 29 124247378 5613974 199318413 5614003 323565791
96 28 954674878 5613974 432782536 5614003 387457414
97 28 824113607 5613974 643441375 5614003 467554982
98 28 671858437 5613974 865496708 5614003 537355145
99 28 527594250 5613975 78640446 5614003 606234696
100 28 387948757 5613975 294193102 5614003 682141859
101 28 244395465 5613975 509045789 5614003 753441254
102 28 100107576 5613975 722979771 5614003 823087347
103 27 948726149 5613975 941006178 5614003 889732327
104 27 812524074 5613976 152584963 5614003 965109037
105 27 671543419 5613976 365660091 5614004 37203510
106 27 535495786 5613976 586341227 5614004 121837013
107 27 392500873 5613976 803365985 5614004 195866858
108 27 237406458 5613977 27977309 5614004 265383767
109 27 77845312 5613977 259894961 5614004 337740273
110 26 939772420 5613977 469090437 5614004 408862857
111 26 794711507 5613977 686174084 5614004 480885591
112 26 650515134 5613977 893611963 5614004 544127097
113 26 494312871 5613978 120528373 5614004 614841244
114 26 352421363 5613978 338161602 5614004 690582965
115 26 211639834 5613978 549396764 5614004 761036598
116 26 60385906 5613978 776137770 5614004 836523676
117 25 907965091 5613978 999688150 5614004 907653241
118 25 764919345 5613979 214346230 5614004 979265575
119 25 604002279 5613979 442728095 5614005 46730374
120 25 459595651 5613979 660057959 5614005 119653610
121 25 313957583 5613979 879088051 5614005 193045634
122 25 171608305 5613980 98302122 5614005 269910427
123 25 27876480 5613980 320800613 5614005 348677093
124 24 883778512 5613980 542800188 5614005 426578700
125 24 744447106 5613980 758566692 5614005 503013798
126 24 590665687 5613980 980181607 5614005 570847294
127 24 448863825 5613981 195620617 5614005 644484442
128 24 306564751 5613981 420189682 5614005 726754433
1 43 225487390 5614075 540369144 5614118 765856534
2 43 53353049 5614075 786343037 5614118 839696086
3 42 906098104 5614076 1590382 5614118 907688486
4 42 767943935 5614076 216764711 5614118 984708646
5 42 619341422 5614076 432541324 5614119 51882746
6 42 488004610 5614076 645044998 5614119 133049608
7 42 344776461 5614076 861687744 5614119 206464205
8 42 194806918 5614077 78359618 5614119 273166536
9 42 47998445 5614077 293052030 5614119 341050475
10 41 896743222 5614077 514442188 5614119 411185410
11 41 755280632 5614077 727574999 5614119 482855631
12 41 611335145 5614077 947409667 5614119 558744812
13 41 470234902 5614078 162063264 5614119 632298166
14 41 322077880 5614078 383873619 5614119 705951499
15 41 183559922 5614078 599377497 5614119 782937419
16 41 27780040 5614078 821830266 5614119 849610306
17 40 887949903 5614079 27048036 5614119 914997939
18 40 750645960 5614079 241264956 5614119 991910916
19 40 605786082 5614079 457284639 5614120 63070721
20 40 463120496 5614079 673762277 5614120 136882773
21 40 318397838 5614079 889971104 5614120 208368942
22 40 166308203 5614080 113964234 5614120 280272437
23 40 26484195 5614080 329169358 5614120 355653553
24 39 872579243 5614080 543262039 5614120 415841282
25 39 729435092 5614080 763793251 5614120 493228343
26 39 576273237 5614080 979455403 5614120 555728640
27 39 438732890 5614081 194192462 5614120 632925352
28 39 299881754 5614081 403912483 5614120 703794237
29 39 164627662 5614081 613914739 5614120 778542401
30 39 16221238 5614081 836696743 5614120 852917981
31 38 871480284 5614082 57400006 5614120 928880290
32 38 724240116 5614082 279341210 5614121 3581326
33 38 572401735 5614082 500679000 5614121 73080735
34 38 419215603 5614082 723378801 5614121 142594404
35 38 279323041 5614082 941198599 5614121 220521640
36 38 132698991 5614083 159851086 5614121 292550077
37 37 990282791 5614083 374882342 5614121 365165133
38 37 844468522 5614083 593214261 5614121 437682783
39 37 687931655 5614083 821173021 5614121 509104676
40 37 549086869 5614084 38450811 5614121 587537680
41 37 391833940 5614084 260115835 5614121 651949775
42 37 239285501 5614084 483058242 5614121 722343743
43 37 95646896 5614084 701826171 5614121 797473067
44 36 959133883 5614084 913231439 5614121 872365322
45 36 803678347 5614085 134658282 5614121 938336629
46 36 671286740 5614085 342208861 5614122 13495601
47 36 523674320 5614085 558789682 5614122 82464002
48 36 375586612 5614085 780851921 5614122 156438533
49 36 235053154 5614085 991990879 5614122 227044033
50 36 81145461 5614086 222649719 5614122 303795180
51 35 941809999 5614086 434744419 5614122 376554418
52 35 790724661 5614086 652295500 5614122 443020161
53 35 643082260 5614086 867710286 5614122 510792546
54 35 496350417 5614087 91089945 5614122 587440362
55 35 350441928 5614087 310420308 5614122 660862236
56 35 197572659 5614087 531737302 5614122 729309961
57 35 59476102 5614087 744259882 5614122 803735984
58 34 914863608 5614087 964294547 5614122 879158155
59 34 766681475 5614088 182935571 5614122 949617046
60 34 618140035 5614088 404609169 5614123 22749204
61 34 456333116 5614088 630962792 5614123 87295908
62 34 305311147 5614088 860251213 5614123 165562360
63 34 153831427 5614089 79401394 5614123 233232821
64 34 8941087 5614089 295436280 5614123 304377367
65 33 868611330 5614089 511218745 5614123 379830075
66 33 728241592 5614089 719177372 5614123 447418964
67 33 580591376 5614089 935669639 5614123 516261015
68 33 434224635 5614090 157015688 5614123 591240323
69 33 284574716 5614090 379711544 5614123 664286260
70 33 136496119 5614090 594684080 5614123 731180199
71 32 989795386 5614090 813249216 5614123 803044602
72 32 836242315 5614091 43124645 5614123 879366960
73 32 678855093 5614091 269837520 5614123 948692613
74 32 539226637 5614091 485006293 5614124 24232930
75 32 393703827 5614091 701027920 5614124 94731747
76 32 229187291 5614091 930306379 5614124 159493670
77 32 82203137 5614092 151795480 5614124 233998617
78 31 943340870 5614092 369287099 5614124 312627969
79 31 781660913 5614092 602546335 5614124 384207248
80 31 642454190 5614092 821609166 5614124 464063356
81 31 492957526 5614093 41973714 5614124 534931240
82 31 349134926 5614093 258250614 5614124 607385540
83 31 206000331 5614093 474096245 5614124 680096576
84 31 65004141 5614093 686486939 5614124 751491080
85 30 924587329 5614093 897384512 5614124 821971841
86 30 753814205 5614094 133619083 5614124 887433288
87 30 612234711 5614094 348067443 5614124 960302154
88 30 449199980 5614094 579534658 5614125 28734638
89 30 316071480 5614094 792759781 5614125 108831261
90 30 177372192 5614095 1254065 5614125 178626257
91 30 25690717 5614095 227959681 5614125 253650398
92 29 882536252 5614095 444255489 5614125 326791741
93 29 738936906 5614095 664157156 5614125 403094062
94 29 579099304 5614095 894549371 5614125 473648675
95 29 438631900 5614096 115424298 5614125 554056198
96 29 287490193 5614096 340934140 5614125 628424333
97 29 145960309 5614096 555857547 5614125 701817856
98 28 985867600 5614096 783700994 5614125 769568594
99 28 839518934 5614097 3080171 5614125 842599105
100 28 678615555 5614097 232830972 5614125 911446527
101 28 526731564 5614097 456463812 5614125 983195376
102 28 376665892 5614097 679737862 5614126 56403754
103 28 223236394 5614097 900503235 5614126 123739629
104 28 80351647 5614098 114810542 5614126 195162189
105 27 942987686 5614098 330187422 5614126 273175108
106 27 792347341 5614098 558597729 5614126 350945070
107 27 643037711 5614098 776813742 5614126 419851453
108 27 492445901 5614099 6508822 5614126 498954723
109 27 345319935 5614099 227877814 5614126 573197749
110 27 210777996 5614099 435614205 5614126 646392201
111 27 57674047 5614099 660306525 5614126 717980572
112 26 908541414 5614099 884813145 5614126 793354559
113 26 770003995 5614100 100914233 5614126 870918228
114 26 624776401 5614100 313490072 5614126 938266473
115 26 477072945 5614100 543958916 5614127 21031861
116 26 335187606 5614100 758450941 5614127 93638547
117 26 187070361 5614100 984025801 5614127 171096162
118 26 26982929 5614101 210743917 5614127 237726846
119 25 871940794 5614101 438276166 5614127 310216960
120 25 729988048 5614101 658396551 5614127 388384599
121 25 577046114 5614101 880656175 5614127 457702289
122 25 419552505 5614102 109629602 5614127 529182107
123 25 260395167 5614102 336643694 5614127 597038861
124 25 110582898 5614102 562814598 5614127 673397496
125 24 954597243 5614102 796103649 5614127 750700892
126 24 795415462 5614103 28796266 5614127 824211728
127 24 651123869 5614103 249417643 5614127 900541512
128 24 500437635 5614103 471839282 5614127 972276917
1 43 129229493 5614200 239970284 5614243 369199777
2 42 957109413 5614200 486521349 5614243 443630762
3 42 810860450 5614200 702804933 5614243 513665383
4 42 681567305 5614200 911782393 5614243 593349698
5 42 537173012 5614201 129351231 5614243 666524243
6 42 374858955 5614201 352419598 5614243 727278553
7 42 236995375 5614201 570635073 5614243 807630448
8 42 92318457 5614201 787057340 5614243 879375797
9 41 957557265 5614201 996591381 5614243 954148646
10 41 801883457 5614202 221947558 5614244 23831015
11 41 651636845 5614202 441059072 5614244 92695917
12 41 508333513 5614202 660159401 5614244 168492914
13 41 368216048 5614202 870666462 5614244 238882510
14 41 223981086 5614203 89494240 5614244 313475326
15 41 77812047 5614203 303663382 5614244 381475429
16 40 929119166 5614203 517867245 5614244 446986411
17 40 783271881 5614203 741516638 5614244 524788519
18 40 643986253 5614203 953301639 5614244 597287892
19 40 497480369 5614204 174421893 5614244 671902262
20 40 368627271 5614204 381768605 5614244 750395876
21 40 216796689 5614204 604970414 5614244 821767103
22 40 71591725 5614204 821274498 5614244 892866223
23 39 926442687 5614205 37423751 5614244 963866438
24 39 779827637 5614205 253256770 5614245 33084407
25 39 629082813 5614205 473646982 5614245 102729795
26 39 481221361 5614205 696392763 5614245 177614124
27 39 347664924 5614205 905644754 5614245 253309678
28 39 199737604 5614206 125026281 5614245 324763885
29 39 65684731 5614206 346939503 5614245 412624234
30 38 921656116 5614206 561994795 5614245 483650911
31 38 768579094 5614206 785836407 5614245 554415501
32 38 620167782 5614207 4697407 5614245 624865189
33 38 486431867 5614207 216287670 5614245 702719537
34 38 340294161 5614207 434938192 5614245 775232353
35 38 208780261 5614207 644594509 5614245 853374770
36 38 65699092 5614207 860982258 5614245 926681350
37 37 922585220 5614208 77242824 5614245 999828044
38 37 768059853 5614208 304960717 5614246 73020570
39 37 615729058 5614208 530909864 5614246 146638922
40 37 464711034 5614208 751153876 5614246 215864910
41 37 306571641 5614208 976548367 5614246 283120008
42 37 156478379 5614209 198085336 5614246 354563715
43 37 17637502 5614209 408533120 5614246 426170622
44 36 858826103 5614209 632023998 5614246 490850101
45 36 717070483 5614209 845984810 5614246 563055293
46 36 566408657 5614210 73885255 5614246 640293912
47 36 412391800 5614210 282637922 5614246 695029722
48 36 278093525 5614210 497870025 5614246 775963550
49 36 139470422 5614210 716033149 5614246 855503571
50 35 980148810 5614210 943205515 5614246 923354325
51 35 820899420 5614211 172732411 5614246 993631831
52 35 689169431 5614211 379196009 5614247 68365440
53 35 540671843 5614211 596104471 5614247 136776314
54 35 396938148 5614211 810969489 5614247 207907637
55 35 256413414 5614212 27631010 5614247 284044424
56 35 125757775 5614212 237790948 5614247 363548723
57 34 982619608 5614212 452908127 5614247 435527735
58 34 828966077 5614212 675078326 5614247 504044403
59 34 680521544 5614212 896479297 5614247 577000841
60 34 531954808 5614213 112068857 5614247 644023665
61 34 393532794 5614213 321965170 5614247 715497964
62 34 248808396 5614213 536759133 5614247 785567529
63 34 104797522 5614213 753356415 5614247 858153937
64 33 945510983 5614213 989966608 5614247 935477591
65 33 790066041 5614214 211307877 5614248 1373918
66 33 642712543 5614214 430415631 5614248 73128174
67 33 488403173 5614214 656530016 5614248 144933189
68 33 339676737 5614214 878074448 5614248 217751185
69 33 196212723 5614215 93008835 5614248 289221558
70 33 43143645 5614215 315670098 5614248 358813743
71 32 899841794 5614215 534419397 5614248 434261191
72 32 756925881 5614215 751598335 5614248 508524216
73 32 600683621 5614215 975440558 5614248 576124179
74 32 441056885 5614216 208437391 5614248 649494276
75 32 306924163 5614216 417463534 5614248 724387697
76 32 150746104 5614216 644814304 5614248 795560408
77 31 999876967 5614216 864486196 5614248 864363163
78 31 841641891 5614217 98782894 5614248 940424785
79 31 696916956 5614217 318476860 5614249 15393816
80 31 549131317 5614217 532950959 5614249 82082276
81 31 388767206 5614217 764809572 5614249 153576778
82 31 240550169 5614217 987396410 5614249 227946579
83 31 90967563 5614218 208825641 5614249 299793204
84 30 945208314 5614218 425838471 5614249 371046785
85 30 796152551 5614218 647570288 5614249 443722839
86 30 643997623 5614218 864045998 5614249 508043621
87 30 502738365 5614219 79633632 5614249 582371997
88 30 350164129 5614219 305199953 5614249 655364082
89 30 206688189 5614219 516605775 5614249 723293964
90 30 66701204 5614219 730403812 5614249 797105016
91 29 922091434 5614219 949476919 5614249 871568353
92 29 764794303 5614220 178295681 5614249 943089984
93 29 615314399 5614220 399749781 5614250 15064180
94 29 478918237 5614220 609986458 5614250 88904695
95 29 333414112 5614220 825167229 5614250 158581341
96 29 188727844 5614221 46506275 5614250 235234119
97 29 26342270 5614221 278636420 5614250 304978690
98 28 888455005 5614221 493358274 5614250 381813279
99 28 733966768 5614221 718882725 5614250 452849493
100 28 589789619 5614221 933069570 5614250 522859189
101 28 444109830 5614222 149144677 5614250 593254507
102 28 294387413 5614222 369855457 5614250 664242870
103 28 160805458 5614222 581484664 5614250 742290122
104 28 20898268 5614222 794870190 5614250 815768458
105 27 865491751 5614223 22442493 5614250 887934244
106 28 521410521 5614223 238045034 5614251 759455555
107 28 223377438 5614223 461812499 5614251 685189937
108 35 754530452 5614223 678927697 5614259 433458149
109 35 603663926 5614223 901483592 5614259 505147518
110 35 453486350 5614224 122805269 5614259 576291619
111 35 309592881 5614224 338340200 5614259 647933081
112 27 55328646 5614224 559378678 5614251 614707324
113 26 751589649 5614224 784492267 5614251 536081916
114 34 721745527 5614224 999197584 5614259 720943111
115 25 743386477 5614225 212895456 5614250 956281933
116 25 593328122 5614225 438393426 5614251 31721548
117 34 280388983 5614225 657793194 5614259 938182177
118 34 143528700 5614225 869356420 5614260 12885120
119 25 380011779 5614226 91689152 5614251 471700931
120 25 78261320 5614226 314410359 5614251 392671679
121 33 547247279 5614226 530283321 5614260 77530600
122 33 391485528 5614226 753638571 5614260 145124099
123 33 250171529 5614226 970742900 5614260 220914429
124 33 120599649 5614227 190281202 5614260 310880851
125 23 692323696 5614227 410803689 5614251 103127385
126 23 528928733 5614227 642294994 5614251 171223727
127 32 532923015 5614227 849053827 5614260 381976842
128 32 389449019 5614228 69757923 5614260 459206942
1 43 169666904 5614323 218522916 5614366 388189820
2 42 992465993 5614323 461207346 5614366 453673339
3 42 847892974 5614323 678315275 5614366 526208249
4 42 711182184 5614323 886847969 5614366 598030153
5 42 548954262 5614324 112476892 5614366 661431154
6 42 413362988 5614324 337655286 5614366 751018274
7 42 273250130 5614324 548942430 5614366 822192560
8 42 120736180 5614324 770967863 5614366 891704043
9 41 966310265 5614324 992883612 5614366 959193877
10 41 812345269 5614325 213003560 5614367 25348829
11 41 660623658 5614325 434675720 5614367 95299378
12 41 503681196 5614325 659272199 5614367 162953395
13 41 362954978 5614325 871672046 5614367 234627024
14 41 212725339 5614326 93086026 5614367 305811365
15 41 54502809 5614326 323444085 5614367 377946894
16 40 909647666 5614326 539110761 5614367 448758427
17 40 771530586 5614326 747462441 5614367 518993027
18 40 625842218 5614326 966508963 5614367 592351181
19 40 482677841 5614327 183535374 5614367 666213215
20 40 341121805 5614327 399046998 5614367 740168803
21 40 196988982 5614327 613942466 5614367 810931448
22 40 55735922 5614327 822190592 5614367 877926514
23 39 906511821 5614328 39311631 5614367 945823452
24 39 766015322 5614328 252583517 5614368 18598839
25 39 610717017 5614328 482166719 5614368 92883736
26 39 456695966 5614328 709697829 5614368 166393795
27 39 310017948 5614328 932278714 5614368 242296662
28 39 156009767 5614329 157204519 5614368 313214286
29 39 9383786 5614329 377389799 5614368 386773585
30 38 857846209 5614329 592920274 5614368 450766483
31 38 706981305 5614329 810531100 5614368 517512405
32 38 553318803 5614330 31370701 5614368 584689504
33 38 414610882 5614330 243399295 5614368 658010177
34 38 264723145 5614330 462985530 5614368 727708675
35 38 108258583 5614330 685630321 5614368 793888904
36 37 958343385 5614330 905665732 5614368 864009117
37 37 805686605 5614331 129630777 5614368 935317382
38 37 670131146 5614331 343212880 5614369 13344026
39 37 531544168 5614331 560592543 5614369 92136711
40 37 378734706 5614331 782741991 5614369 161476697
41 37 228060392 5614332 6071676 5614369 234132068
42 37 104122204 5614332 217084492 5614369 321206696
43 36 950815436 5614332 439552508 5614369 390367944
44 36 817074260 5614332 641866814 5614369 458941074
45 36 655650843 5614332 871117837 5614369 526768680
46 36 510073362 5614333 92987456 5614369 603060818
47 36 336259633 5614333 330116447 5614369 666376080
48 36 184372024 5614333 553133213 5614369 737505237
49 36 37747304 5614333 765368654 5614369 803115958
50 35 896530966 5614333 993128722 5614369 889659688
51 35 754610678 5614334 202257090 5614369 956867768
52 35 606405300 5614334 422018414 5614370 28423714
53 35 462585287 5614334 638956437 5614370 101541724
54 35 312647164 5614334 860343805 5614370 172990969
55 35 160251010 5614335 82585658 5614370 242836668
56 35 29358244 5614335 288733210 5614370 318091454
57 34 883525323 5614335 509677679 5614370 393203002
58 34 735109228 5614335 729748219 5614370 464857447
59 34 587988682 5614335 949118605 5614370 537107287
60 34 422488710 5614336 182454535 5614370 604943245
61 34 274480606 5614336 406701945 5614370 681182551
62 34 109419330 5614336 641963951 5614370 751383281
63 33 948522514 5614336 872733650 5614370 821256164
64 33 792354392 5614337 94974058 5614370 887328450
65 33 660362758 5614337 306422106 5614370 966784864
66 33 500415131 5614337 532653127 5614371 33068258
67 33 360936133 5614337 741711440 5614371 102647573
68 33 201553901 5614337 970731282 5614371 172285183
69 33 47562276 5614338 192766842 5614371 240329118
70 32 900217346 5614338 417653739 5614371 317871085
71 32 755221151 5614338 635415525 5614371 390636676
72 32 593603961 5614338 862659046 5614371 456263007
73 32 449280032 5614339 84255892 5614371 533535924
74 32 306746293 5614339 301693035 5614371 608439328
75 32 151478117 5614339 523611912 5614371 675090029
76 32 2258851 5614339 741637488 5614371 743896339
77 31 861610208 5614339 953748209 5614371 815358417
78 31 705818263 5614340 183365521 5614371 889183784
79 31 545813359 5614340 412915760 5614371 958729119
80 31 399747814 5614340 631896652 5614372 31644466
81 31 256240037 5614340 846974449 5614372 103214486
82 31 104525038 5614341 70976399 5614372 175501437
83 30 960437900 5614341 282568574 5614372 243006474
84 30 814980215 5614341 502850628 5614372 317830843
85 30 673359329 5614341 718017701 5614372 391377030
86 30 506427125 5614341 952938564 5614372 459365689
87 30 366071384 5614342 165269188 5614372 531340572
88 30 219055393 5614342 383807181 5614372 602862574
89 30 48790173 5614342 620657029 5614372 669447202
90 29 904350043 5614342 838901935 5614372 743251978
91 29 767430129 5614343 52037155 5614372 819467284
92 29 599791326 5614343 284871871 5614372 884663197
93 29 462040722 5614343 498840595 5614372 960881317
94 29 322789498 5614343 714173683 5614373 36963181
95 29 174630861 5614343 930785137 5614373 105415998
96 29 31847146 5614344 147116466 5614373 178963612
97 28 890785862 5614344 359966710 5614373 250752572
98 28 736548224 5614344 583360559 5614373 319908783
99 28 594181001 5614344 804376026 5614373 398557027
100 28 450140179 5614345 19695799 5614373 469835978
101 28 311391168 5614345 231149050 5614373 542540218
102 28 164093700 5614345 452874393 5614373 616968093
103 28 12257464 5614345 671049651 5614373 683307115
104 27 855897123 5614345 895246449 5614373 751143572
105 27 717699047 5614346 109622295 5614373 827321342
106 27 563281857 5614346 334681966 5614373 897963823
107 27 405460209 5614346 561221740 5614373 966681949
108 27 269095174 5614346 769160721 5614374 38255895
109 27 105267932 5614346 999127136 5614374 104395068
110 26 955020777 5614347 223266528 5614374 178287305
111 26 793948708 5614347 447031018 5614374 240979726
112 26 663698155 5614347 657632284 5614374 321330439
113 26 509997229 5614347 885512608 5614374 395509837
114 26 346753292 5614348 113584428 5614374 460337720
115 26 203060075 5614348 330752982 5614374 533813057
116 26 44436424 5614348 563347109 5614374 607783533
117 25 901885815 5614348 773202370 5614374 675088185
118 25 748408905 5614348 997874196 5614374 746283101
119 25 600835776 5614349 217307098 5614374 818142874
120 25 451178204 5614349 439757575 5614374 890935779
121 25 288163669 5614349 673016746 5614374 961180415
122 25 145863909 5614349 891092450 5614375 36956359
123 24 991890915 5614350 110282227 5614375 102173142
124 24 849690781 5614350 331374488 5614375 181065269
125 24 689930077 5614350 561124444 5614375 251054521
126 24 538600035 5614350 778644140 5614375 317244175
127 24 380240973 5614351 5889271 5614375 386130244
128 24 235923490 5614351 222050602 5614375 457974092
1 43 81446159 5614446 623606107 5614489 705052266
2 42 901969300 5614446 877234231 5614489 779203531
3 42 746096274 5614447 102029618 5614489 848125892
4 42 591914123 5614447 332510477 5614489 924424600
5 42 448521240 5614447 545050235 5614489 993571475
6 42 309749532 5614447 761582420 5614490 71331952
7 42 155391904 5614447 985437880 5614490 140829784
8 42 16678306 5614448 196403685 5614490 213081991
9 41 875817322 5614448 410745428 5614490 286562750
10 41 734056428 5614448 628918047 5614490 362974475
11 41 595300165 5614448 839682355 5614490 434982520
12 41 448086851 5614449 52324037 5614490 500410888
13 41 295909868 5614449 277318087 5614490 573227955
14 41 151271712 5614449 496882995 5614490 648154707
15 41 18920628 5614449 702886001 5614490 721806629
16 40 874510652 5614449 912956526 5614490 787467178
17 40 716697235 5614450 142767711 5614490 859464946
18 40 562920855 5614450 362682594 5614490 925603449
19 40 429419552 5614450 573559604 5614491 2979156
20 40 285512142 5614450 791592780 5614491 77104922
21 40 141786043 5614451 5932968 5614491 147719011
22 40 1091927 5614451 223080771 5614491 224172698
23 39 848557469 5614451 445560774 5614491 294118243
24 39 710248179 5614451 662124403 5614491 372372582
25 39 564611763 5614451 873480701 5614491 438092464
26 39 411554500 5614452 101656934 5614491 513211434
27 39 265190671 5614452 317200933 5614491 582391604
28 39 119543089 5614452 530448418 5614491 649991507
29 38 978403573 5614452 743917844 5614491 722321417
30 38 824633416 5614452 967107982 5614491 791741398
31 38 689723990 5614453 173387038 5614491 863111028
32 38 543066445 5614453 385789927 5614491 928856372
33 38 400235755 5614453 600077468 5614492 313223
34 38 250491340 5614453 815030941 5614492 65522281
35 38 101210712 5614454 36335002 5614492 137545714
36 37 950798680 5614454 271259334 5614492 222058014
37 37 809979658 5614454 490644356 5614492 300624014
38 37 659301315 5614454 711390094 5614492 370691409
39 37 502980055 5614454 937251925 5614492 440231980
40 37 366133480 5614455 147641073 5614492 513774553
41 37 220013629 5614455 372658418 5614492 592672047
42 37 67496690 5614455 593684707 5614492 661181397
43 36 919195434 5614455 808297537 5614492 727492971
44 36 780262267 5614456 22695649 5614492 802957916
45 36 639599205 5614456 240123836 5614492 879723041
46 36 493520779 5614456 459605190 5614492 953125969
47 36 345629534 5614456 677395629 5614493 23025163
48 36 196865027 5614456 897980481 5614493 94845508
49 36 46002706 5614457 121212211 5614493 167214917
50 35 894235661 5614457 343833525 5614493 238069186
51 35 749293177 5614457 563533301 5614493 312826478
52 35 597339728 5614457 791753236 5614493 389092964
53 35 455644111 5614458 5492842 5614493 461136953
54 35 313511854 5614458 222624700 5614493 536136554
55 35 164695663 5614458 443243551 5614493 607939214
56 35 25171377 5614458 656372409 5614493 681543786
57 34 873833269 5614458 880487807 5614493 754321076
58 34 724519402 5614459 95225320 5614493 819744722
59 34 575327643 5614459 317964337 5614493 893291980
60 34 433812819 5614459 539176103 5614493 972988922
61 34 287214273 5614459 756315369 5614494 43529642
62 34 138159865 5614459 977823777 5614494 115983642
63 33 998590210 5614460 194437849 5614494 193028059
64 33 850539098 5614460 405418189 5614494 255957287
65 33 686851232 5614460 640864086 5614494 327715318
66 33 549106006 5614460 862609065 5614494 411715071
67 33 393466124 5614461 81738887 5614494 475205011
68 33 244729691 5614461 305676011 5614494 550405702
69 33 99206033 5614461 522661076 5614494 621867109
70 32 950476933 5614461 752591147 5614494 703068080
71 32 803991181 5614461 963309492 5614494 767300673
72 32 664260974 5614462 175601567 5614494 839862541
73 32 503946622 5614462 399303899 5614494 903250521
74 32 352387314 5614462 623002675 5614494 975389989
75 32 201963207 5614462 848914245 5614495 50877452
76 32 59188889 5614463 67299136 5614495 126488025
77 31 906358752 5614463 288257092 5614495 194615844
78 31 769286885 5614463 499560741 5614495 268847626
79 31 638149337 5614463 711729763 5614495 349879100
80 31 479884836 5614463 935388744 5614495 415273580
81 31 326206974 5614464 159024095 5614495 485231069
82 31 169969326 5614464 385651299 5614495 555620625
83 31 19766438 5614464 603301222 5614495 623067660
84 30 878456204 5614464 819525393 5614495 697981597
85 30 739882419 5614465 36511532 5614495 776393951
86 30 592313966 5614465 261064070 5614495 853378036
87 30 443438535 5614465 477031542 5614495 920470077
88 30 291812673 5614465 695706724 5614495 987519397
89 30 143692100 5614465 915538162 5614496 59230262
90 29 994561952 5614466 138095015 5614496 132656967
91 29 847171569 5614466 363321096 5614496 210492665
92 29 702105366 5614466 579811058 5614496 281916424
93 29 551863775 5614466 799841938 5614496 351705713
94 29 403495280 5614467 22605046 5614496 426100326
95 29 264484542 5614467 238197894 5614496 502682436
96 29 123446710 5614467 449552246 5614496 572998956
97 28 977773833 5614467 665451608 5614496 643225441
98 28 834333230 5614467 882807184 5614496 717140414
99 28 694032478 5614468 97882838 5614496 791915316
100 28 544568262 5614468 323636688 5614496 868204950
101 28 398224676 5614468 539579178 5614496 937803854
102 28 246960752 5614468 762935682 5614497 9896434
103 28 107104121 5614468 975950541 5614497 83054662
104 27 957719755 5614469 200369711 5614497 158089466
105 27 822719297 5614469 411255163 5614497 233974460
106 27 680667576 5614469 627145599 5614497 307813175
107 27 540113736 5614469 841733447 5614497 381847183
108 27 375736457 5614470 73142250 5614497 448878707
109 27 240242470 5614470 286044332 5614497 526286802
110 27 98846572 5614470 500484553 5614497 599331125
111 26 959009626 5614470 720568135 5614497 679577761
112 26 787411885 5614470 956703056 5614497 744114941
113 26 632269699 5614471 179250167 5614497 811519866
114 26 483568562 5614471 395848127 5614497 879416689
115 26 348375051 5614471 602283771 5614497 950658822
116 26 192028072 5614471 829455724 5614498 21483796
117 26 58824173 5614472 41504766 5614498 100328939
118 25 926074135 5614472 252032003 5614498 178106138
119 25 775320980 5614472 476239917 5614498 251560897
120 25 619747895 5614472 700786547 5614498 320534442
121 25 481811563 5614472 917454191 5614498 399265754
122 25 335100612 5614473 136845137 5614498 471945749
123 25 182941798 5614473 358070920 5614498 541012718
124 25 26812000 5614473 588647274 5614498 615459274
125 24 872318191 5614473 813242996 5614498 685561187
126 24 717749198 5614474 43496134 5614498 761245332
127 24 572933453 5614474 259316256 5614498 832249709
128 24 432005398 5614474 474303782 5614498 906309180
1 43 120138097 5614567 829053531 5614610 949191628
2 42 923301765 5614568 100797074 5614611 24098839
3 42 782278736 5614568 321993738 5614611 104272474
4 42 633490772 5614568 546376956 5614611 179867728
5 42 502400024 5614568 749964238 5614611 252364262
6 42 350160179 5614568 972067460 5614611 322227639
7 42 206360311 5614569 195958853 5614611 402319164
8 42 54885877 5614569 417813840 5614611 472699717
9 41 902919879 5614569 639917895 5614611 542837774
10 41 748701236 5614569 860721623 5614611 609422859
11 41 617768931 5614570 73130817 5614611 690899748
12 41 476402184 5614570 289233612 5614611 765635796
13 41 325857457 5614570 512029043 5614611 837886500
14 41 175731351 5614570 728934749 5614611 904666100
15 41 37565213 5614570 944603718 5614611 982168931
16 40 887599012 5614571 165559109 5614612 53158121
17 40 749611538 5614571 377799103 5614612 127410641
18 40 600666763 5614571 600815383 5614612 201482146
19 40 458940968 5614571 812176152 5614612 271117120
20 40 314975398 5614572 40729090 5614612 355704488
21 40 159660683 5614572 261638112 5614612 421298795
22 40 20916408 5614572 472683072 5614612 493599480
23 39 875669047 5614572 697428709 5614612 573097756
24 39 730012694 5614572 905733719 5614612 635746413
25 39 582820850 5614573 130204583 5614612 713025433
26 39 427382175 5614573 344915384 5614612 772297559
27 39 292380684 5614573 556264542 5614612 848645226
28 39 139361650 5614573 773555555 5614612 912917205
29 39 617966 5614573 987748014 5614612 988365980
30 38 849901205 5614574 209777200 5614613 59678405
31 38 711292576 5614574 422420094 5614613 133712670
32 38 572968497 5614574 633699401 5614613 206667898
33 38 439829231 5614574 843552790 5614613 283382021
34 38 291450594 5614575 57803044 5614613 349253638
35 38 135411282 5614575 282122170 5614613 417533452
36 37 983705557 5614575 504905898 5614613 488611455
37 37 824563949 5614575 734614222 5614613 559178171
38 37 670657339 5614575 960692427 5614613 631349766
39 37 513310661 5614576 188306586 5614613 701617247
40 37 364302277 5614576 410763227 5614613 775065504
41 37 231081956 5614576 615738168 5614613 846820124
42 37 75361619 5614576 847916207 5614613 923277826
43 36 919672542 5614577 75094910 5614613 994767452
44 36 780184040 5614577 284174720 5614614 64358760
45 36 634685499 5614577 503234886 5614614 137920385
46 36 490810761 5614577 723122352 5614614 213933113
47 36 348858618 5614577 937215553 5614614 286074171
48 36 197824678 5614578 157760284 5614614 355584962
49 36 53468617 5614578 374613527 5614614 428082144
50 35 910750488 5614578 589188478 5614614 499938966
51 35 759575902 5614578 813402569 5614614 572978471
52 35 608011360 5614579 33701749 5614614 641713109
53 35 455782108 5614579 253342405 5614614 709124513
54 35 301298731 5614579 481779511 5614614 783078242
55 35 159155480 5614579 693948469 5614614 853103949
56 35 15845715 5614579 915862064 5614614 931707779
57 34 869941940 5614580 133654253 5614615 3596193
58 34 724524046 5614580 348899136 5614615 73423182
59 34 568812210 5614580 579013119 5614615 147825329
60 34 432612777 5614580 786923895 5614615 219536672
61 34 282136512 5614581 9609699 5614615 291746211
62 34 141022188 5614581 216660416 5614615 357682604
63 33 995278429 5614581 434830487 5614615 430108916
64 33 857721040 5614581 645261791 5614615 502982831
65 33 714791360 5614581 863528619 5614615 578319979
66 33 570639961 5614582 79724411 5614615 650364372
67 33 426010776 5614582 289110715 5614615 715121491
68 33 299346097 5614582 502048658 5614615 801394755
69 33 141862663 5614582 727893404 5614615 869756067
70 32 997782855 5614582 941631259 5614615 939414114
71 32 852603642 5614583 161740091 5614616 14343733
72 32 696672531 5614583 385902053 5614616 82574584
73 32 549167990 5614583 603106900 5614616 152274890
74 32 403192940 5614583 822522837 5614616 225715777
75 32 251551881 5614584 42844646 5614616 294396527
76 32 105039211 5614584 258259137 5614616 363298348
77 31 964996535 5614584 469285985 5614616 434282520
78 31 815452215 5614584 679243372 5614616 494695587
79 31 676386484 5614584 894550272 5614616 570936756
80 31 532269048 5614585 115002412 5614616 647271460
81 31 371781705 5614585 345531573 5614616 717313278
82 31 226951264 5614585 561021044 5614616 787972308
83 31 73278094 5614585 783645311 5614616 856923405
84 30 934333453 5614585 999062246 5614616 933395699
85 30 764808535 5614586 234726758 5614616 999535293
86 30 617464917 5614586 453703295 5614617 71168212
87 30 462359476 5614586 679951830 5614617 142311306
88 30 325049991 5614586 895727592 5614617 220777583
89 30 164133880 5614587 122877165 5614617 287011045
90 30 19921963 5614587 340994459 5614617 360916422
91 29 869722212 5614587 567569173 5614617 437291385
92 29 714477368 5614587 788256771 5614617 502734139
93 29 578914721 5614588 4941572 5614617 583856293
94 29 425836151 5614588 226551691 5614617 652387842
95 29 271292701 5614588 449163625 5614617 720456326
96 29 126660626 5614588 663307139 5614617 789967765
97 28 989868743 5614588 878271267 5614617 868140010
98 28 839251425 5614589 98360673 5614617 937612098
99 28 695365356 5614589 317693370 5614618 13058726
100 28 550809854 5614589 532190766 5614618 83000620
101 28 415521072 5614589 748398594 5614618 163919666
102 28 270336545 5614589 969935288 5614618 240271833
103 28 119164163 5614590 191354762 5614618 310518925
104 27 992375468 5614590 398773454 5614618 391148922
105 27 837549431 5614590 619647419 5614618 457196850
106 27 685744413 5614590 839238685 5614618 524983098
107 27 554866236 5614591 46687154 5614618 601553390
108 27 399104216 5614591 267903891 5614618 667008107
109 27 254523826 5614591 489584990 5614618 744108816
110 27 103511664 5614591 715123037 5614618 818634701
111 26 960585817 5614591 933390883 5614618 893976700
112 26 801788575 5614592 162706194 5614618 964494769
113 26 662490885 5614592 375346124 5614619 37837009
114 26 512850012 5614592 590924538 5614619 103774550
115 26 378512232 5614592 804483525 5614619 182995757
116 26 224664085 5614593 29645301 5614619 254309386
117 26 81153435 5614593 249289677 5614619 330443112
118 25 935249791 5614593 463161436 5614619 398411227
119 25 789193224 5614593 680898051 5614619 470091275
120 25 635086248 5614593 892977954 5614619 528064202
121 25 491345658 5614594 114228949 5614619 605574607
122 25 348409071 5614594 329141467 5614619 677550538
123 25 202504279 5614594 549672050 5614619 752176329
124 25 67124610 5614594 764092873 5614619 831217483
125 24 925450094 5614594 982422421 5614619 907872515
126 24 776630337 5614595 200436975 5614619 977067312
127 24 626421382 5614595 426898894 5614620 53320276
128 24 492703369 5614595 639188126 5614620 131891495
1 42 982321534 5614689 290649784 5614732 272971318
2 42 814843973 5614689 532409714 5614732 347253687
3 42 672858521 5614689 741713606 5614732 414572127
4 42 533197285 5614689 951485990 5614732 484683275
5 42 395800287 5614690 166675441 5614732 562475728
6 42 255196384 5614690 380776116 5614732 635972500
7 42 115816532 5614690 599968291 5614732 715784823
8 41 975250443 5614690 806236201 5614732 781486644
9 41 823537558 5614691 23504836 5614732 847042394
10 41 671581658 5614691 241551902 5614732 913133560
11 41 550319144 5614691 452806721 5614733 3125865
12 41 399233154 5614691 666857434 5614733 66090588
13 41 246039535 5614691 888619266 5614733 134658801
14 41 105076361 5614692 98791068 5614733 203867429
15 40 948772763 5614692 324986744 5614733 273759507
16 40 812853107 5614692 535734647 5614733 348587754
17 40 667768619 5614692 752058485 5614733 419827104
18 40 517616761 5614692 973544469 5614733 491161230
19 40 374467830 5614693 186277188 5614733 560745018
20 40 226658725 5614693 407038445 5614733 633697170
21 40 72874655 5614693 626888681 5614733 699763336
22 39 924300545 5614693 848295038 5614733 772595583
23 39 789233690 5614694 62958924 5614733 852192614
24 39 644816301 5614694 273010784 5614733 917827085
25 39 504052142 5614694 486625893 5614733 990678035
26 39 347610712 5614694 708047361 5614734 55658073
27 39 211623467 5614694 921209663 5614734 132833130
28 39 57625475 5614695 140099917 5614734 197725392
29 38 926680526 5614695 345513435 5614734 272193961
30 38 772409723 5614695 564599408 5614734 337009131
31 38 624908464 5614695 782105132 5614734 407013596
32 38 486782905 5614695 997233399 5614734 484016304
33 38 340487792 5614696 213797028 5614734 554284820
34 38 198557468 5614696 426515080 5614734 625072548
35 38 49503572 5614696 643599848 5614734 693103420
36 37 913384643 5614696 856192180 5614734 769576823
37 37 759190395 5614697 75542499 5614734 834732894
38 37 628600533 5614697 285871631 5614734 914472164
39 37 481259067 5614697 503851291 5614734 985110358
40 37 335668440 5614697 717529529 5614735 53197969
41 37 198565677 5614697 930681887 5614735 129247564
42 37 59089495 5614698 146499234 5614735 205588729
43 36 902764471 5614698 371857148 5614735 274621619
44 36 756870035 5614698 594059267 5614735 350929302
45 36 608506589 5614698 810588119 5614735 419094708
46 36 450935033 5614699 39690872 5614735 490625905
47 36 305314443 5614699 253905045 5614735 559219488
48 36 172945742 5614699 463115901 5614735 636061643
49 36 24988159 5614699 682808862 5614735 707797021
50 35 861331862 5614699 912296145 5614735 773628007
51 35 718969380 5614700 127999235 5614735 846968615
52 35 566278402 5614700 349519607 5614735 915798009
53 35 422676517 5614700 567857241 5614735 990533758
54 35 267940168 5614700 790273727 5614736 58213895
55 35 118607887 5614701 11915820 5614736 130523707
56 34 963989684 5614701 232600337 5614736 196590021
57 34 814745457 5614701 452542479 5614736 267287936
58 34 656499655 5614701 680784784 5614736 337284439
59 34 504013375 5614701 901597670 5614736 405611045
60 34 348614502 5614702 124812585 5614736 473427087
61 34 185540934 5614702 356428163 5614736 541969097
62 34 40371541 5614702 570881849 5614736 611253390
63 33 882339882 5614702 797299410 5614736 679639292
64 33 730176247 5614703 22955225 5614736 753131472
65 33 573890019 5614703 245061235 5614736 818951254
66 33 423814418 5614703 467802141 5614736 891616559
67 33 280666562 5614703 680623635 5614736 961290197
68 33 140816479 5614703 890919952 5614737 31736431
69 32 990691084 5614704 111112330 5614737 101803414
70 32 851573506 5614704 331343226 5614737 182916732
71 32 704399705 5614704 545204404 5614737 249604109
72 32 551715801 5614704 770441764 5614737 322157565
73 32 406424762 5614704 988944191 5614737 395368953
74 32 259810691 5614705 204638855 5614737 464449546
75 32 104779866 5614705 426924121 5614737 531703987
76 31 963780100 5614705 639757744 5614737 603537844
77 31 816925701 5614705 854726069 5614737 671651770
78 31 673662606 5614706 75724080 5614737 749386686
79 31 522313585 5614706 300064067 5614737 822377652
80 31 364842360 5614706 523428647 5614737 888271007
81 31 229405309 5614706 732195899 5614737 961601208
82 31 80584556 5614706 947530995 5614738 28115551
83 30 928560492 5614707 170718744 5614738 99279236
84 30 776374744 5614707 393291005 5614738 169665749
85 30 644087728 5614707 594142383 5614738 238230111
86 30 496997666 5614707 815556683 5614738 312554349
87 30 342427185 5614708 37296292 5614738 379723477
88 30 187278770 5614708 263442468 5614738 450721238
89 30 34348222 5614708 488969508 5614738 523317730
90 29 883570450 5614708 712649174 5614738 596219624
91 29 740340188 5614708 923340262 5614738 663680450
92 29 585284808 5614709 150223129 5614738 735507937
93 29 447013753 5614709 357994881 5614738 805008634
94 29 290456345 5614709 591058617 5614738 881514962
95 29 142635185 5614709 805017608 5614738 947652793
96 28 995030633 5614710 26265429 5614739 21296062
97 28 830911937 5614710 260676492 5614739 91588429
98 28 681398790 5614710 479359471 5614739 160758261
99 28 540587855 5614710 692866063 5614739 233453918
100 28 390597328 5614710 918292901 5614739 308890229
101 28 238193659 5614711 137593054 5614739 375786713
102 28 86718751 5614711 358494660 5614739 445213411
103 27 927298118 5614711 591012424 5614739 518310542
104 27 796831402 5614711 800827842 5614739 597659244
105 27 641125497 5614712 23048479 5614739 664173976
106 27 484766253 5614712 245971473 5614739 730737726
107 27 332715911 5614712 473190778 5614739 805906689
108 27 180916935 5614712 688692297 5614739 869609232
109 27 18727390 5614712 919186931 5614739 937914321
110 26 876366705 5614713 137417696 5614740 13784401
111 26 717199604 5614713 365756925 5614740 82956529
112 26 589721259 5614713 573287922 5614740 163009181
113 26 434777414 5614713 794744851 5614740 229522265
114 26 292052551 5614714 6919189 5614740 298971740
115 26 148229893 5614714 225036956 5614740 373266849
116 25 990629394 5614714 450776047 5614740 441405441
117 25 845383095 5614714 673010665 5614740 518393760
118 25 697892411 5614714 893524296 5614740 591416707
119 25 554031680 5614715 114874504 5614740 668906184
120 25 400099946 5614715 342980441 5614740 743080387
121 25 231511832 5614715 579945235 5614740 811457067
122 25 93982208 5614715 795235979 5614740 889218187
123 24 945039273 5614716 11469743 5614740 956509016
124 24 793395239 5614716 238533403 5614741 31928642
125 24 645607728 5614716 454893794 5614741 100501522
126 24 481888506 5614716 687303782 5614741 169192288
127 24 330106863 5614716 910945319 5614741 241052182
128 24 183657716 5614717 132956404 5614741 316614120
1 42 868780054 5614813 189406938 5614856 58186992
2 42 697422901 5614813 435181288 5614856 132604189
3 42 542627632 5614813 662939022 5614856 205566654
4 42 386288243 5614813 882460351 5614856 268748594
5 42 244796601 5614814 97711406 5614856 342508007
6 42 91236067 5614814 322539898 5614856 413775965
7 41 953297102 5614814 528977873 5614856 482274975
8 41 815887274 5614814 744545052 5614856 560432326
9 41 672620961 5614814 952181764 5614856 624802725
10 41 515906671 5614815 174522579 5614856 690429250
11 41 365435749 5614815 403144001 5614856 768579750
12 41 221460467 5614815 621372261 5614856 842832728
13 41 75843289 5614815 837369858 5614856 913213147
14 40 919908837 5614816 60821541 5614856 980730378
15 40 786614267 5614816 265056853 5614857 51671120
16 40 638243455 5614816 481620884 5614857 119864339
17 40 500678650 5614816 692530184 5614857 193208834
18 40 357229284 5614816 911315786 5614857 268545070
19 40 208147318 5614817 121135736 5614857 329283054
20 40 65663731 5614817 341651195 5614857 407314926
21 39 927044814 5614817 549046542 5614857 476091356
22 39 779494376 5614817 764491334 5614857 543985710
23 39 635201878 5614817 984488339 5614857 619690217
24 39 491875566 5614818 195785744 5614857 687661310
25 39 342947393 5614818 411546864 5614857 754494257
26 39 211658436 5614818 614625826 5614857 826284262
27 39 73096278 5614818 829806345 5614857 902902623
28 38 933597470 5614819 39809792 5614857 973407262
29 38 778200823 5614819 265594525 5614858 43795348
30 38 635994935 5614819 483087724 5614858 119082659
31 38 482712065 5614819 705579461 5614858 188291526
32 38 336835670 5614819 919711203 5614858 256546873
33 38 200246901 5614820 131223863 5614858 331470764
34 38 56209361 5614820 341381567 5614858 397590928
35 37 911851717 5614820 553070186 5614858 464921903
36 37 752984299 5614820 785728831 5614858 538713130
37 37 605994610 5614821 6601987 5614858 612596597
38 37 460518041 5614821 222488234 5614858 683006275
39 37 304852492 5614821 449501444 5614858 754353936
40 37 166761010 5614821 663524910 5614858 830285920
41 37 7141199 5614821 888151165 5614858 895292364
42 36 867567207 5614822 107324611 5614858 974891818
43 36 722703350 5614822 328534075 5614859 51237425
44 36 578016563 5614822 548963221 5614859 126979784
45 36 429640065 5614822 772052114 5614859 201692179
46 36 292213479 5614822 987134505 5614859 279347984
47 36 144957628 5614823 202951327 5614859 347908955
48 35 993521964 5614823 427393177 5614859 420915141
49 35 846485054 5614823 645739268 5614859 492224322
50 35 706544866 5614823 858494127 5614859 565038993
51 35 560259423 5614824 77010659 5614859 637270082
52 35 412871129 5614824 293365231 5614859 706236360
53 35 264870421 5614824 509874485 5614859 774744906
54 35 118531517 5614824 731423776 5614859 849955293
55 34 967979522 5614824 950758849 5614859 918738371
56 34 823308124 5614825 167551931 5614859 990860055
57 34 676571875 5614825 380192718 5614860 56764593
58 34 528212395 5614825 608652199 5614860 136864594
59 34 389681385 5614825 823468909 5614860 213150294
60 34 236253257 5614826 45133551 5614860 281386808
61 34 80126031 5614826 272162798 5614860 352288829
62 33 934998530 5614826 486006119 5614860 421004649
63 33 780858212 5614826 712119642 5614860 492977854
64 33 638955412 5614826 928564693 5614860 567520105
65 33 499916281 5614827 141681657 5614860 641597938
66 33 351662670 5614827 357702790 5614860 709365460
67 33 204535632 5614827 579112547 5614860 783648179
68 33 63249542 5614827 792628133 5614860 855877675
69 32 911970542 5614828 12008279 5614860 923978821
70 32 762116887 5614828 236880732 5614860 998997619
71 32 613510505 5614828 448855809 5614861 62366314
72 32 470143917 5614828 669045958 5614861 139189875
73 32 321702865 5614828 882689820 5614861 204392685
74 32 175829563 5614829 102973597 5614861 278803160
75 32 25569082 5614829 326312004 5614861 351881086
76 31 874475245 5614829 546592319 5614861 421067564
77 31 724283504 5614829 768653045 5614861 492936549
78 31 577678789 5614829 981910506 5614861 559589295
79 31 451715235 5614830 185014708 5614861 636729943
80 31 284857149 5614830 422671187 5614861 707528336
81 31 137846460 5614830 635496471 5614861 773342931
82 31 5109456 5614830 846220478 5614861 851329934
83 30 855089693 5614831 72068209 5614861 927157902
84 30 707097632 5614831 290711443 5614861 997809075
85 30 566358293 5614831 500360636 5614862 66718929
86 30 421835225 5614831 716883408 5614862 138718633
87 30 277922369 5614831 933699693 5614862 211622062
88 30 130354820 5614832 152703623 5614862 283058443
89 29 981128913 5614832 372629407 5614862 353758320
90 29 837054560 5614832 594702281 5614862 431756841
91 29 698856340 5614832 808898003 5614862 507754343
92 29 548977148 5614833 24012856 5614862 572990004
93 29 401782555 5614833 250080213 5614862 651862768
94 29 258567482 5614833 464931108 5614862 723498590
95 29 102490274 5614833 691021872 5614862 793512146
96 28 958361662 5614833 904383183 5614862 862744845
97 28 824055946 5614834 117547867 5614862 941603813
98 28 679318438 5614834 341361617 5614863 20680055
99 28 528462098 5614834 558345473 5614863 86807571
100 28 383883920 5614834 772730080 5614863 156614000
101 28 246809069 5614834 989389979 5614863 236199048
102 28 90089836 5614835 211838957 5614863 301928793
103 27 941418011 5614835 429060179 5614863 370478190
104 27 792619910 5614835 651350994 5614863 443970904
105 27 643473465 5614835 869557679 5614863 513031144
106 27 496386277 5614836 92696682 5614863 589082959
107 27 350788026 5614836 305800164 5614863 656588190
108 27 216597677 5614836 525491860 5614863 742089537
109 27 76119018 5614836 740312014 5614863 816431032
110 26 925652837 5614836 959456979 5614863 885109816
111 26 784440006 5614837 172585423 5614863 957025429
112 26 648920034 5614837 382039972 5614864 30960006
113 26 496462019 5614837 612565710 5614864 109027729
114 26 337726193 5614837 835204648 5614864 172930841
115 26 213538365 5614838 49936397 5614864 263474762
116 26 62899298 5614838 269924587 5614864 332823885
117 25 896644202 5614838 508011076 5614864 404655278
118 25 750492831 5614838 730802900 5614864 481295731
119 25 606050226 5614838 951728332 5614864 557778558
120 25 466179667 5614839 163461042 5614864 629640709
121 25 318192145 5614839 381209106 5614864 699401251
122 25 162362154 5614839 609533329 5614864 771895483
123 25 7821140 5614839 828603017 5614864 836424157
124 24 856111074 5614840 61774374 5614864 917885448
125 24 707849631 5614840 282324831 5614864 990174462
126 24 564047625 5614840 491152669 5614865 55200294
127 24 412927901 5614840 713196821 5614865 126124722
128 24 272166247 5614840 925891014 5614865 198057261
