  RSS
 3380
  RSS
 3356
  RSS
 3356
  RSS
 3320
  RSS
 3380
  RSS
 3396
  RSS
 3300
  RSS
 3320
  RSS
 3456
  RSS
 3340
  RSS
 3408
  RSS
 3380
  RSS
 3364
  RSS
 4704
  RSS
 3316
  RSS
 3440
  RSS
 3344
  RSS
 4704
  RSS
 4708
  RSS
 3356
  RSS
 3320
  RSS
 3396
  RSS
 3380
  RSS
 3408
  RSS
 3392
  RSS
 3280
  RSS
 3396
  RSS
 3380
  RSS
 3280
  RSS
 3304
  RSS
 3376
  RSS
 3392
  RSS
 3316
  RSS
 3376
  RSS
 4704
  RSS
 3412
  RSS
 4704
  RSS
 3392
  RSS
 3304
  RSS
 3344
  RSS
 3364
  RSS
 3316
  RSS
 4704
  RSS
 3320
  RSS
 3396
  RSS
 3356
  RSS
 4704
  RSS
 3340
  RSS
 3376
  RSS
 3320
  RSS
 3336
  RSS
 3316
  RSS
 3352
  RSS
 4700
  RSS
 3408
  RSS
 3344
  RSS
 3408
  RSS
 3380
  RSS
 3356
  RSS
 3316
  RSS
 3316
  RSS
 3300
  RSS
 3360
  RSS
 3340
  RSS
 3356
  RSS
 3408
  RSS
 4708
  RSS
 3288
  RSS
 4704
  RSS
 3376
  RSS
 3408
  RSS
 3408
  RSS
 3376
  RSS
 3356
  RSS
 3356
  RSS
 3364
  RSS
 3280
  RSS
 3408
  RSS
 3396
  RSS
 4704
  RSS
 3364
  RSS
 3320
  RSS
 3356
  RSS
 3340
  RSS
 3380
  RSS
 4708
  RSS
 3380
  RSS
 3304
  RSS
 3352
  RSS
 3380
  RSS
 3376
  RSS
 3380
  RSS
 3356
  RSS
 4700
  RSS
 3356
  RSS
 3356
  RSS
 3336
  RSS
 3408
  RSS
 3380
  RSS
 3340
