13534759
13175128
13430166
13324463
13460593
13228944
13309575
13581370
13208075
13185315
13314186
13054390
13265445
13319258
13230297
17727278
17307721
13266908
13143944
17325185
17558592
17387777
17244537
13311778
17364944
13400816
17470907
16944668
13272870
13254852
13303944
13236445
13300555
13452278
17482907
17271925
17313796
17450221
13510408
17460686
13222833
17175056
13320074
13192574
17261611
13167723
13112777
13259500
17550963
13195463
17508612
13335203
17483926
13267334
13448815
13490537
13450463
13234555
13156185
17463370
13165777
13093556
13331888
13337796
13256518
13438759
13222371
17369760
13193074
17194982
13490333
13230260
13299037
13405370
17331944
13141962
13294425
17290222
17287278
13181573
13313501
17360204
13448075
13270852
13262018
17325334
13226963
13264481
17322851
13302074
13463260
13153445
17317814
17201704
13214777
13291593
17360500
13371759
17364537
13547925
