34222408
28928814
33251129
28937648
28927836
29093609
29039331
28905316
28835167
28849835
33229832
37672758
29052518
28884574
28872704
29072222
38087297
28853093
29166664
29206534
37719370
28909483
36716388
28922073
28845575
33656258
28628168
28995928
37890333
38052645
28944647
29020796
28965055
38074741
29083778
29031701
33665815
33870589
38130870
34145278
38304815
33760333
37496926
19992112
37625408
33794869
28926906
28823353
38359611
28902631
34138259
28782409
33577276
30879777
37858036
19641888
33962389
29109797
32725539
28955147
38002724
33903777
33593831
33543962
34240944
34068296
34096648
29049999
38024705
38499407
37876926
37954388
28894407
29262446
28842592
37847406
33332666
30509389
30066129
31819093
37485462
29238131
29269889
34036091
28922242
36305165
30678351
28659502
34065891
20186186
38091889
28878609
37547314
29239832
34034999
33494332
30330871
33769203
29119112
28795558
