13640000
13317869
13173037
13327777
13288723
13390388
13413982
13265797
13188130
13239944
13240389
17615203
13294611
13178666
13261112
13333315
17245260
13166815
13431093
13371666
17213777
13215666
16004999
13344406
13268278
13294463
13182871
13197778
17140981
17501888
13274462
13297408
13363334
17500370
13462981
13368314
13420723
13185426
17493463
13299425
17692223
13266907
17102908
9196796
17188111
13357425
13244926
13152815
17544056
13214667
13383352
13277278
13335834
13451963
17367389
9231944
13478222
13352574
17177241
13392778
17344464
13303629
13480239
13366981
13288963
13266833
13409704
13390036
17364371
17484074
17179814
17385963
13215352
13368297
13148111
17061629
13238259
13109686
13181370
13349240
17246315
13502000
13315518
13415611
13160907
15936388
13378889
13184242
13393667
9338611
17178241
13195352
17294278
13240981
13317573
13349926
13182278
13339037
13208409
13156389
