1 0 60365952 5933578 697188588 5933578 757554540
2 0 59438635 5933578 698239550 5933578 757678185
3 0 59161344 5933578 698605544 5933578 757766888
4 0 58936089 5933578 698905445 5933578 757841534
1 0 63655964 5933585 424564802 5933585 488220766
2 0 62480634 5933585 425896314 5933585 488376948
3 0 62167807 5933585 426324898 5933585 488492705
4 0 61867405 5933585 426721150 5933585 488588555
1 0 60531745 5933592 176720943 5933592 237252688
2 0 59636520 5933592 177774146 5933592 237410666
3 0 59389303 5933592 178134454 5933592 237523757
4 0 59189696 5933592 178432374 5933592 237622070
1 0 63981829 5933598 981874894 5933599 45856723
2 0 62749870 5933598 983193499 5933599 45943369
3 0 62435635 5933598 983646972 5933599 46082607
4 0 62114159 5933598 984042280 5933599 46156439
1 0 60765833 5933605 697067686 5933605 757833519
2 0 59827738 5933605 698093760 5933605 757921498
3 0 59620206 5933605 698444938 5933605 758065144
4 0 59400136 5933605 698738507 5933605 758138643
1 0 63532967 5933612 441932370 5933612 505465337
2 0 62376302 5933612 443250420 5933612 505626722
3 0 62037383 5933612 443705930 5933612 505743313
4 0 61739167 5933612 444100311 5933612 505839478
1 0 60325674 5933619 256975601 5933619 317301275
2 0 59430876 5933619 257992842 5933619 317423718
3 0 59172640 5933619 258336669 5933619 317509309
4 0 58949255 5933619 258635811 5933619 317585066
1 0 60341952 5933626 37103259 5933626 97445211
2 0 59455931 5933626 38111388 5933626 97567319
3 0 59183381 5933626 38469400 5933626 97652781
4 0 58959200 5933626 38766376 5933626 97725576
1 0 63542559 5933632 820368729 5933632 883911288
2 0 62388432 5933632 821680556 5933632 884068988
3 0 62038013 5933632 822142251 5933632 884180264
4 0 61741815 5933632 822537392 5933632 884279207
1 0 60814684 5933639 606882360 5933639 667697044
2 0 59861405 5933639 607921489 5933639 667782894
3 0 59586539 5933639 608282057 5933639 667868596
4 0 59431265 5933639 608578625 5933639 668009890
1 0 63228658 5933646 326857896 5933646 390086554
2 0 62286879 5933646 327961598 5933646 390248477
3 0 62044475 5933646 328316166 5933646 390360641
4 0 61846961 5933646 328609882 5933646 390456843
1 0 60373507 5933653 146818443 5933653 207191950
2 0 59451671 5933653 147861202 5933653 207312873
3 0 59194232 5933653 148204584 5933653 207398816
4 0 58970829 5933653 148500467 5933653 207471296
1 0 63572465 5933659 861385932 5933659 924958397
2 0 62390599 5933659 862727314 5933659 925117913
3 0 62054882 5933659 863177843 5933659 925232725
4 0 61763036 5933659 863566817 5933659 925329853
1 0 60492375 5933666 576580964 5933666 637073339
2 0 59617428 5933666 577611056 5933666 637228484
3 0 59377118 5933666 577963568 5933666 637340686
4 0 59175251 5933666 578261822 5933666 637437073
1 0 60358599 5933673 306657461 5933673 367016060
2 0 59458190 5933673 307680979 5933673 367139169
3 0 59197065 5933673 308028991 5933673 367226056
4 0 58973737 5933673 308323707 5933673 367297444
1 0 63482653 5933680 41659161 5933680 105141814
2 0 62347803 5933680 42950582 5933680 105298385
3 0 62003032 5933680 43410666 5933680 105413698
4 0 61704833 5933680 43807455 5933680 105512288
1 0 63009606 5933686 861745965 5933686 924755571
2 0 61826516 5933686 863052978 5933686 924879494
3 0 61457986 5933686 863507988 5933686 924965974
4 0 61137919 5933686 863903332 5933686 925041251
1 0 60385321 5933693 626849625 5933693 687234946
2 0 59477616 5933693 627878846 5933693 687356462
3 0 59200491 5933693 628240988 5933693 687441479
4 0 58977866 5933693 628535130 5933693 687512996
1 0 63508818 5933700 410557698 5933700 474066516
2 0 62356322 5933700 411869840 5933700 474226162
3 0 62008494 5933700 412330128 5933700 474338622
4 0 61706445 5933700 412729157 5933700 474435602
1 0 60427135 5933707 166915539 5933707 227342674
2 0 59530208 5933707 167937297 5933707 227467505
3 0 59258694 5933707 168295365 5933707 227554059
4 0 59031143 5933707 168595655 5933707 227626798
1 0 60349599 5933713 906964405 5933713 967314004
2 0 59455913 5933713 907983052 5933713 967438965
3 0 59182918 5933713 908343323 5933713 967526241
4 0 58955144 5933713 908645059 5933713 967600203
1 0 60340211 5933720 706831251 5933720 767171462
2 0 59437283 5933720 707858584 5933720 767295867
3 0 59174936 5933720 708207985 5933720 767382921
4 0 58951478 5933720 708508016 5933720 767459494
1 0 63503670 5933727 461892857 5933727 525396527
2 0 62373562 5933727 463181481 5933727 525555043
3 0 62021624 5933727 463647083 5933727 525668707
4 0 61726982 5933727 464041872 5933727 525768854
1 0 63450098 5933734 262085660 5933734 325535758
2 0 62305545 5933734 263390543 5933734 325696088
3 0 61956143 5933734 263852498 5933734 325808641
4 0 61656056 5933734 264247824 5933734 325903880
1 0 63588725 5933740 961355118 5933741 24943843
2 0 62442023 5933740 962657613 5933741 25099636
3 0 62092864 5933740 963119974 5933741 25212838
4 0 61797183 5933740 963510560 5933741 25307743
1 0 110603609 5933747 776507421 5933747 887111030
2 0 109706663 5933747 777526458 5933747 887233121
3 0 109444168 5933747 777874525 5933747 887318693
4 0 109217802 5933747 778172075 5933747 887389877
1 0 63332822 5933754 521471381 5933754 584804203
2 0 62161769 5933754 522759487 5933754 584921256
3 0 61799925 5933754 523212404 5933754 585012329
4 0 61526911 5933754 523601767 5933754 585128678
1 0 63539633 5933761 260621524 5933761 324161157
2 0 62381247 5933761 261937962 5933761 324319209
3 0 62040550 5933761 262392361 5933761 324432911
4 0 61746315 5933761 262784446 5933761 324530761
1 0 60420006 5933768 6522744 5933768 66942750
2 0 59502449 5933768 7564114 5933768 67066563
3 0 59240916 5933768 7912941 5933768 67153857
4 0 59016199 5933768 8211472 5933768 67227671
1 0 60782888 5933774 816874025 5933774 877656913
2 0 59835387 5933774 817904858 5933774 877740245
3 0 59629872 5933774 818253018 5933774 877882890
4 0 59408969 5933774 818550605 5933774 877959574
1 0 60832350 5933781 566763486 5933781 627595836
2 0 59897090 5933781 567788930 5933781 627686020
3 0 59688519 5933781 568144183 5933781 627832702
4 0 59469875 5933781 568438085 5933781 627907960
1 0 63487078 5933788 321726650 5933788 385213728
2 0 62334730 5933788 323036903 5933788 385371633
3 0 61993884 5933788 323492672 5933788 385486556
4 0 61700259 5933788 323885258 5933788 385585517
1 0 60368285 5933795 26939442 5933795 87307727
2 0 59476301 5933795 27954535 5933795 87430836
3 0 59213584 5933795 28301176 5933795 87514760
4 0 58991791 5933795 28597412 5933795 87589203
1 0 62468013 5933801 846453717 5933801 908921730
2 0 61551290 5933801 847481161 5933801 909032451
3 0 61375589 5933801 847843136 5933801 909218725
4 0 61169148 5933801 848145112 5933801 909314260
1 0 60456309 5933808 606817243 5933808 667273552
2 0 59535326 5933808 607862150 5933808 667397476
3 0 59266572 5933808 608218032 5933808 667484604
4 0 59049057 5933808 608512101 5933808 667561158
1 0 63553715 5933815 412305740 5933815 475859455
2 0 62351256 5933815 413629919 5933815 475981175
3 0 61974262 5933815 414095485 5933815 476069747
4 0 61706341 5933815 414489348 5933815 476195689
1 0 63681619 5933822 111915146 5933822 175596765
2 0 62525253 5933822 113231047 5933822 175756300
3 0 62175796 5933822 113693983 5933822 175869779
4 0 61880320 5933822 114086976 5933822 175967296
1 0 60331497 5933828 926823967 5933828 987155464
2 0 59421939 5933828 927854448 5933828 987276387
3 0 59145074 5933828 928216312 5933828 987361386
4 0 58921171 5933828 928513491 5933828 987434662
1 0 63505142 5933835 702013901 5933835 765519043
2 0 62302497 5933835 703337321 5933835 765639818
3 0 61924226 5933835 703805498 5933835 765729724
4 0 61644194 5933835 704204287 5933835 765848481
1 0 60798117 5933842 507106570 5933842 567904687
2 0 59844523 5933842 508143755 5933842 567988278
3 0 59638527 5933842 508491656 5933842 568130183
4 0 59418958 5933842 508786909 5933842 568205867
1 0 60355496 5933849 306709682 5933849 367065178
2 0 59448198 5933849 307738774 5933849 367186972
3 0 59174092 5933849 308098249 5933849 367272341
4 0 58949966 5933849 308396836 5933849 367346802
1 0 60385606 5933856 76861126 5933856 137246732
2 0 59494271 5933856 77885681 5933856 137379952
3 0 59226961 5933856 78241674 5933856 137468635
4 0 59003280 5933856 78539558 5933856 137542838
1 0 60369792 5933862 806683231 5933862 867053023
2 0 59472067 5933862 807704620 5933862 867176687
3 0 59209276 5933862 808052113 5933862 867261389
4 0 58984928 5933862 808348034 5933862 867332962
1 0 63199314 5933869 576344869 5933869 639544183
2 0 62259683 5933869 577441756 5933869 639701439
3 0 62025206 5933869 577788546 5933869 639813752
4 0 61826375 5933869 578081467 5933869 639907842
1 0 60423606 5933876 366681986 5933876 427105592
2 0 59522937 5933876 367702356 5933876 427225293
3 0 59265590 5933876 368059405 5933876 427324995
4 0 59043112 5933876 368356122 5933876 427399234
1 0 60334255 5933883 126752043 5933883 187086298
2 0 59434198 5933883 127776135 5933883 187210333
3 0 59171017 5933883 128126629 5933883 187297646
4 0 58944003 5933883 128426419 5933883 187370422
1 0 60453920 5933889 856840923 5933889 917294843
2 0 59570195 5933889 857881867 5933889 917452062
3 0 59332495 5933889 858234546 5933889 917567041
4 0 59131110 5933889 858533096 5933889 917664206
1 0 62035186 5933896 596928777 5933896 658963963
2 0 61171499 5933896 597952017 5933896 659123516
3 0 60937540 5933896 598299436 5933896 659236976
4 0 60736154 5933896 598596561 5933896 659332715
1 0 60778524 5933903 406862997 5933903 467641521
2 0 59831986 5933903 407893811 5933903 467725797
3 0 59565528 5933903 408244879 5933903 467810407
4 0 59412994 5933903 408542151 5933903 467955145
1 0 60749433 5933910 146807132 5933910 207556565
2 0 59821523 5933910 147818651 5933910 207640174
3 0 59620064 5933910 148160385 5933910 207780449
4 0 59402420 5933910 148454324 5933910 207856744
1 0 60501826 5933916 906775685 5933916 967277511
2 0 59591509 5933916 907811426 5933916 967402935
3 0 59329236 5933916 908162308 5933916 967491544
4 0 59107370 5933916 908459062 5933916 967566432
1 0 60347032 5933923 678049522 5933923 738396554
2 0 59461086 5933923 679060151 5933923 738521237
3 0 59202183 5933923 679407682 5933923 738609865
4 0 58974520 5933923 679707695 5933923 738682215
1 0 61981095 5933930 416669916 5933930 478651011
2 0 61115296 5933930 417696064 5933930 478811360
3 0 60878411 5933930 418047984 5933930 478926395
4 0 60679359 5933930 418345867 5933930 479025226
1 0 63514010 5933937 201704760 5933937 265218770
2 0 62313699 5933937 203027717 5933937 265341416
3 0 61938836 5933937 203490727 5933937 265429563
4 0 61664767 5933937 203882775 5933937 265547542
1 0 60784894 5933943 946875333 5933944 7660227
2 0 59845022 5933943 947900888 5933944 7745910
3 0 59638434 5933943 948247733 5933944 7886167
4 0 59421975 5933943 948542376 5933944 7964351
1 0 60409568 5933950 736930364 5933950 797339932
2 0 59507733 5933950 737952826 5933950 797460559
3 0 59244552 5933950 738303987 5933950 797548539
4 0 59021927 5933950 738599092 5933950 797621019
1 0 64040222 5933957 510910796 5933957 574951018
2 0 62845726 5933957 512214494 5933957 575060220
3 0 62572732 5933957 512670133 5933957 575242865
4 0 62278311 5933957 513063682 5933957 575341993
1 0 60368475 5933964 286937127 5933964 347305602
2 0 59477084 5933964 287953997 5933964 347431081
3 0 59210590 5933964 288306120 5933964 347516710
4 0 58984186 5933964 288607133 5933964 347591319
1 0 63134906 5933970 987039725 5933971 50174631
2 0 62213645 5933970 988134001 5933971 50347646
3 0 61973668 5933970 988493143 5933971 50466811
4 0 61776301 5933970 988791008 5933971 50567309
1 0 61964372 5933977 796585106 5933977 858549478
2 0 61104277 5933977 797600680 5933977 858704957
3 0 60865707 5933977 797949711 5933977 858815418
4 0 60663341 5933977 798246668 5933977 858910009
1 0 60259645 5933984 596857207 5933984 657116852
2 0 59371754 5933984 597867744 5933984 657239498
3 0 59101425 5933984 598222645 5933984 657324070
4 0 58877689 5933984 598518269 5933984 657395958
1 0 63414623 5933991 351749345 5933991 415163968
2 0 62269163 5933991 353054895 5933991 415324058
3 0 61942187 5933991 353494924 5933991 415437111
4 0 61648359 5933991 353883732 5933991 415532091
1 0 63760561 5933998 131551440 5933998 195312001
2 0 62580805 5933998 132839138 5933998 195419943
3 0 62311273 5933998 133290611 5933998 195601884
4 0 62013723 5933998 133685622 5933998 195699345
1 0 62648359 5934004 936778983 5934004 999427342
2 0 61723840 5934004 937810575 5934004 999534415
3 0 61548953 5934004 938165921 5934004 999714874
4 0 61351532 5934004 938461674 5934004 999813206
1 0 60751061 5934011 706713636 5934011 767464697
2 0 59834263 5934011 707713877 5934011 767548140
3 0 59570268 5934011 708062778 5934011 767633046
4 0 59417011 5934011 708358254 5934011 767775265
1 0 63591249 5934018 521916907 5934018 585508156
2 0 62402808 5934018 523214457 5934018 585617265
3 0 62136109 5934018 523667264 5934018 585803373
4 0 61842670 5934018 524059312 5934018 585901982
1 0 60271662 5934025 306721382 5934025 366993044
2 0 59389660 5934025 307727475 5934025 367117135
3 0 59130147 5934025 308073616 5934025 367203763
4 0 58910872 5934025 308368889 5934025 367279761
1 0 63572638 5934032 61439315 5934032 125011953
2 0 62367567 5934032 62768939 5934032 125136506
3 0 61986630 5934032 63237208 5934032 125223838
4 0 61709931 5934032 63631923 5934032 125341854
1 0 63841855 5934038 842283572 5934038 906125427
2 0 62641618 5934038 843619029 5934038 906260647
3 0 62322069 5934038 844077446 5934038 906399515
4 0 62002222 5934038 844470069 5934038 906472291
1 0 60391864 5934045 616703257 5934045 677095121
2 0 59476936 5934045 617739460 5934045 677216396
3 0 59204737 5934045 618097102 5934045 677301839
4 0 58977834 5934045 618398096 5934045 677375930
1 0 110562508 5934052 306981438 5934052 417543946
2 0 109638340 5934052 308033474 5934052 417671814
3 0 109365920 5934052 308393189 5934052 417759109
4 0 109143090 5934052 308688221 5934052 417831311
1 0 64038981 5934059 771455 5934059 64810436
2 0 62829985 5934059 2090634 5934059 64920619
3 0 62552175 5934059 2548718 5934059 65100893
4 0 62257643 5934059 2939600 5934059 65197243
1 0 63990279 5934065 800692111 5934065 864682390
2 0 62792819 5934065 802000698 5934065 864793517
3 0 62514509 5934065 802463023 5934065 864977532
4 0 62212811 5934065 802861997 5934065 865074808
1 0 57217107 5934072 542282194 5934072 599499301
2 0 56532712 5934072 543056402 5934072 599589114
3 0 56363401 5934072 543286046 5934072 599649447
4 0 56203959 5934072 543496320 5934072 599700279
1 0 63071017 5934079 311831605 5934079 374902622
2 0 61879391 5934079 313146266 5934079 375025657
3 0 61514787 5934079 313598757 5934079 375113544
4 0 61198219 5934079 313991713 5934079 375189932
1 0 63947871 5934086 141683115 5934086 205630986
2 0 62761726 5934086 143004554 5934086 205766280
3 0 62446473 5934086 143463693 5934086 205910166
4 0 62119201 5934086 143865334 5934086 205984535
1 0 60756041 5934092 907035351 5934092 967791392
2 0 59807485 5934092 908066443 5934092 967873928
3 0 59594618 5934092 908417085 5934092 968011703
4 0 59371789 5934092 908713079 5934092 968084868
1 0 63382937 5934099 651134030 5934099 714516967
2 0 62197256 5934099 652439765 5934099 714637021
3 0 61823133 5934099 652898775 5934099 714721908
4 0 61544212 5934099 653294083 5934099 714838295
1 0 64037332 5934106 451247759 5934106 515285091
2 0 62838669 5934106 452554420 5934106 515393089
3 0 62491398 5934106 453013393 5934106 515504791
4 0 62286661 5934106 453404423 5934106 515691084
1 0 63069795 5934113 221545219 5934113 284615014
2 0 61871076 5934113 222862899 5934113 284733975
3 0 61505639 5934113 223315649 5934113 284821288
4 0 61182774 5934113 223710050 5934113 284892824
1 0 63593229 5934119 981554939 5934120 45148168
2 0 62401752 5934119 982854044 5934120 45255796
3 0 62122553 5934119 983316017 5934120 45438570
4 0 61826263 5934119 983710343 5934120 45536606
1 0 60533156 5934126 736773705 5934126 797306861
2 0 59658062 5934126 737810722 5934126 797468784
3 0 59423047 5934126 738161642 5934126 797584689
4 0 59222236 5934126 738460285 5934126 797682521
1 0 60355382 5934133 526889837 5934133 587245219
2 0 59444288 5934133 527923540 5934133 587367828
3 0 59177145 5934133 528276978 5934133 587454123
4 0 58956353 5934133 528573639 5934133 587529992
1 0 63086072 5934140 311687581 5934140 374773653
2 0 61873965 5934140 313024667 5934140 374898632
3 0 61490602 5934140 313495547 5934140 374986149
4 0 61157608 5934140 313900780 5934140 375058388
1 0 60737635 5934147 106766666 5934147 167504301
2 0 59779059 5934147 107809740 5934147 167588799
3 0 59571212 5934147 108157844 5934147 167729056
4 0 59348068 5934147 108456505 5934147 167804573
1 0 63449029 5934153 921914319 5934153 985363348
2 0 62256254 5934153 923228147 5934153 985484401
3 0 61892576 5934153 923678138 5934153 985570714
4 0 61615451 5934153 924072187 5934153 985687638
1 0 63191866 5934160 651803695 5934160 714995561
2 0 61982963 5934160 653097800 5934160 715080763
3 0 61676969 5934160 653550310 5934160 715227279
4 0 61363030 5934160 653939229 5934160 715302259
1 0 60445343 5934167 356786397 5934167 417231740
2 0 59527878 5934167 357823785 5934167 417351663
3 0 59258291 5934167 358178241 5934167 417436532
4 0 59038221 5934167 358474088 5934167 417512309
1 0 60644321 5934174 166965793 5934174 227610114
2 0 59710171 5934174 167985052 5934174 227695223
3 0 59502639 5934174 168334619 5934174 227837258
4 0 59281606 5934174 168630669 5934174 227912275
1 0 60443713 5934180 877091964 5934180 937535677
2 0 59561489 5934180 878133259 5934180 937694748
3 0 59313975 5934180 878494642 5934180 937808617
4 0 59117219 5934180 878791451 5934180 937908670
1 0 63060794 5934187 691690102 5934187 754750896
2 0 61890186 5934187 692983800 5934187 754873986
3 0 61516397 5934187 693443680 5934187 754960077
4 0 61196533 5934187 693839580 5934187 755036113
1 0 63741578 5934194 408294458 5934194 472036036
2 0 62583655 5934194 409609878 5934194 472193533
3 0 62088405 5934194 410222311 5934194 472310716
4 0 61770300 5934194 410637100 5934194 472407400
1 0 62811817 5934201 226968585 5934201 289780402
2 0 61934945 5934201 228008250 5934201 289943195
3 0 61752466 5934201 228356411 5934201 290108877
4 0 61556100 5934201 228650850 5934201 290206950
1 0 63518878 5934207 940497433 5934208 4016311
2 0 62369919 5934207 941806612 5934208 4176531
3 0 62032924 5934207 942258234 5934208 4291158
4 0 61738152 5934207 942649004 5934208 4387156
1 0 60359344 5934214 736395028 5934214 796754372
2 0 59459972 5934214 737415342 5934214 796875314
3 0 59189959 5934214 737770039 5934214 796959998
4 0 58966093 5934214 738066478 5934214 797032571
1 0 60392528 5934221 516888793 5934221 577281321
2 0 59493027 5934221 517910274 5934221 577403301
3 0 59234551 5934221 518253989 5934221 577488540
4 0 59010573 5934221 518550354 5934221 577560927
1 0 60415695 5934228 266408479 5934228 326824174
2 0 59488416 5934228 267458478 5934228 326946894
3 0 59221014 5934228 267810434 5934228 327031448
4 0 59000721 5934228 268105059 5934228 327105780
1 0 60710727 5934235 46861642 5934235 107572369
2 0 59817983 5934235 47874439 5934235 107692422
3 0 59549822 5934235 48227580 5934235 107777402
4 0 59321345 5934235 48529223 5934235 107850568
1 0 63215588 5934241 781270470 5934241 844486058
2 0 62014165 5934241 782595983 5934241 844610148
3 0 61641857 5934241 783056104 5934241 844697961
4 0 61323141 5934241 783450597 5934241 844773738
1 0 60349011 5934248 476815329 5934248 537164340
2 0 59435436 5934248 477852180 5934248 537287616
3 0 59179403 5934248 478194637 5934248 537374040
4 0 58954574 5934248 478490854 5934248 537445428
