13432963
16031406
13274927
17411685
13477667
17302777
13252796
13397759
13259869
13274999
13344871
13333129
17345869
13192129
13223037
17328758
17550444
13345445
13285852
13243297
13348185
13301574
17413351
17473297
17307148
13176519
17172630
13285647
13197500
13334815
13176518
17424944
13374092
13074407
13290999
17453223
13416481
13279666
17481890
13333851
13110963
13240815
13215945
13182148
13153297
13174926
13286592
13246630
13432852
13315554
13243538
13285055
13165186
17394129
13330777
13296909
13400667
13330464
13423519
13091741
13331185
17374537
17172093
13249963
13363519
17338279
13390648
17225314
17622593
13264740
13256370
13459518
13207962
9177779
17346001
17244259
13247018
17164796
17178537
17244575
17299203
13452037
13357445
17460203
13221963
17247407
17344371
13207148
13311890
13490444
17360536
13176630
13488296
13436926
13236666
13454518
13176444
13366389
17356221
13161388
