  RSS
 4764
  RSS
 4744
  RSS
 4596
  RSS
 4836
  RSS
 4656
  RSS
 4760
  RSS
 4832
  RSS
 4720
  RSS
 4836
  RSS
 4780
  RSS
 4776
  RSS
 4720
  RSS
 4752
  RSS
 4752
  RSS
 4716
  RSS
 4752
  RSS
 4876
  RSS
 4780
  RSS
 4660
  RSS
 4772
  RSS
 4772
  RSS
 4752
  RSS
 4656
  RSS
 4760
  RSS
 4752
  RSS
 4752
  RSS
 4776
  RSS
 4752
  RSS
 4716
  RSS
 4660
  RSS
 4744
  RSS
 4752
  RSS
 4764
  RSS
 4832
  RSS
 4772
  RSS
 4656
  RSS
 4716
  RSS
 4596
  RSS
 4836
  RSS
 4744
  RSS
 4832
  RSS
 4768
  RSS
 4656
  RSS
 4716
  RSS
 4752
  RSS
 4716
  RSS
 4832
  RSS
 4736
  RSS
 4772
  RSS
 4716
  RSS
 4832
  RSS
 4760
  RSS
 4752
  RSS
 4776
  RSS
 4752
  RSS
 4596
  RSS
 4752
  RSS
 4752
  RSS
 4596
  RSS
 4832
  RSS
 4776
  RSS
 4620
  RSS
 4744
  RSS
 4836
  RSS
 4768
  RSS
 4848
  RSS
 4720
  RSS
 4772
  RSS
 4768
  RSS
 4752
  RSS
 4656
  RSS
 4744
  RSS
 4596
  RSS
 4720
  RSS
 4672
  RSS
 4760
  RSS
 4744
  RSS
 4656
  RSS
 4828
  RSS
 4836
  RSS
 4768
  RSS
 4744
  RSS
 4836
  RSS
 4752
  RSS
 4720
  RSS
 4836
  RSS
 4732
  RSS
 4720
  RSS
 4768
  RSS
 4760
  RSS
 4832
  RSS
 4752
  RSS
 4772
  RSS
 4768
  RSS
 4744
  RSS
 4764
  RSS
 4752
  RSS
 4764
  RSS
 4864
  RSS
 4776
