42405555
33159500
32945908
40104870
32809000
44970240
33043276
43269151
39888038
39167349
41446686
39026832
32832149
42816148
39931350
32975777
32843110
39796498
33094800
33642020
32930980
33032258
32969296
33098202
38672760
39209780
39188816
42816445
32853872
39073871
33084276
37402816
32796851
44155277
33109575
32815962
32909761
43316053
33116703
33270111
33118443
32994666
41562520
32847760
33490149
38958333
35999204
33114701
39413001
32848221
41951575
41612798
33386887
33532408
42115629
43019887
33123130
43203722
33568518
39388184
22781706
22552036
43005870
39001020
36776925
32723020
32853538
33648386
33071092
33131150
43266943
38889646
43198704
43382557
39362092
39132053
32844202
32861537
39066278
43986945
32991759
38559649
43005609
35711317
43109647
39828481
38502978
39114239
32949593
36660149
33617298
32863870
32811738
43526091
42226908
43160186
32728592
33543870
32992778
43580479
