13650611
13449704
13091500
13395334
13636761
13348815
13415296
17608629
17623777
13504981
13328592
13220167
13226742
13449723
13377964
13368797
13289259
13242387
13449833
13307149
13424814
17473315
13446574
9243982
13424259
13159888
13329314
17287630
17411778
13422927
13295593
17573833
13573611
17496425
13513093
17607778
13545518
13542018
13447647
13516222
13305963
17239185
17410186
17373425
17415295
13385519
17175390
17783350
13447815
13425648
13441482
13581925
13571592
13445037
13391501
13487093
17249703
17415685
13644963
13438537
13592777
17432889
9245612
13307242
13322721
13243093
17618074
13414815
13454667
13359686
13310722
13445575
13418704
17800852
17373056
17451018
13324722
17302018
13289464
17295649
17396555
13479390
13402852
13435889
13467389
13287686
17409370
13302334
13429129
13574944
13413203
13261703
13508056
13308259
13144500
13417037
13547018
13366907
13408037
13374574
