  RSS
 4648
  RSS
 4600
  RSS
 4444
  RSS
 4560
  RSS
 4600
  RSS
 4588
  RSS
 4436
  RSS
 4608
  RSS
 4588
  RSS
 4560
  RSS
 4348
  RSS
 4584
  RSS
 4608
  RSS
 4560
  RSS
 4572
  RSS
 4560
  RSS
 4600
  RSS
 4448
  RSS
 4564
  RSS
 4444
  RSS
 4560
  RSS
 4564
  RSS
 4648
  RSS
 4384
  RSS
 4608
  RSS
 4540
  RSS
 4600
  RSS
 4584
  RSS
 4292
  RSS
 4540
  RSS
 4640
  RSS
 4608
  RSS
 4640
  RSS
 4444
  RSS
 4572
  RSS
 4608
  RSS
 4600
  RSS
 4552
  RSS
 4608
  RSS
 4464
  RSS
 4512
  RSS
 4480
  RSS
 4552
  RSS
 4608
  RSS
 4572
  RSS
 4640
  RSS
 4584
  RSS
 4600
  RSS
 4608
  RSS
 4588
  RSS
 4496
  RSS
 4384
  RSS
 4648
  RSS
 4480
  RSS
 4572
  RSS
 4584
  RSS
 4540
  RSS
 4572
  RSS
 4496
  RSS
 4560
  RSS
 4648
  RSS
 4564
  RSS
 4564
  RSS
 4496
  RSS
 4540
  RSS
 4452
  RSS
 4572
  RSS
 4496
  RSS
 4608
  RSS
 4564
  RSS
 4500
  RSS
 4600
  RSS
 4572
  RSS
 4496
  RSS
 4588
  RSS
 4484
  RSS
 4608
  RSS
 4608
  RSS
 4600
  RSS
 4572
  RSS
 4572
  RSS
 4600
  RSS
 4572
  RSS
 4560
  RSS
 4588
  RSS
 4584
  RSS
 4572
  RSS
 4584
  RSS
 4348
  RSS
 4444
  RSS
 4572
  RSS
 4560
  RSS
 4564
  RSS
 4540
  RSS
 4384
  RSS
 4496
  RSS
 4640
  RSS
 4588
  RSS
 4840
  RSS
 4572
