1 0 65862165 5934931 297501274 5934931 363363439
2 0 64963220 5934931 298524069 5934931 363487289
3 0 64708095 5934931 298866007 5934931 363574102
4 0 64494617 5934931 299155095 5934931 363649712
5 0 64343546 5934931 299465070 5934931 363808616
6 0 64132643 5934931 299751139 5934931 363883782
7 0 63841056 5934931 300126780 5934931 363967836
8 0 63662522 5934931 300442089 5934931 364104611
9 0 63461859 5934931 300727917 5934931 364189776
10 0 63240863 5934931 301019893 5934931 364260756
11 0 63039033 5934931 301314721 5934931 364353754
12 0 62901091 5934931 301607716 5934931 364508807
13 0 62702131 5934931 301890711 5934931 364592842
14 0 62482636 5934931 302181464 5934931 364664100
15 0 62232233 5934931 302517662 5934931 364749895
16 0 62097458 5934931 302800990 5934931 364898448
1 0 65907517 5934938 26932209 5934938 92839726
2 0 65035033 5934938 27928820 5934938 92963853
3 0 64777353 5934938 28279314 5934938 93056667
4 0 64558153 5934938 28573049 5934938 93131202
5 0 64404656 5934938 28884488 5934938 93289144
6 0 64194345 5934938 29172020 5934938 93366365
7 0 63988386 5934938 29464273 5934938 93452659
8 0 63769946 5934938 29758916 5934938 93528862
9 0 63567152 5934938 30130817 5934938 93697969
10 0 63327824 5934938 30443052 5934938 93770876
11 0 63117421 5934938 30743231 5934938 93860652
12 0 62894850 5934938 31037652 5934938 93932502
13 0 62697039 5934938 31322369 5934938 94019408
14 0 62586041 5934938 31602623 5934938 94188664
15 0 62324398 5934938 31949857 5934938 94274255
16 0 62111532 5934938 32234648 5934938 94346180
1 0 66018311 5934944 806466843 5934944 872485154
2 0 65095588 5934944 807515879 5934944 872611467
3 0 64828278 5934944 807871521 5934944 872699799
4 0 64604745 5934944 808169960 5934944 872774705
5 0 64393156 5934944 808479491 5934944 872872647
6 0 64260566 5934944 808768375 5934944 873028941
7 0 64049125 5934944 809064814 5934944 873113939
8 0 63829093 5934944 809356882 5934944 873185975
9 0 63623485 5934944 809645525 5934944 873269010
10 0 63482747 5934944 809938223 5934944 873420970
11 0 63179994 5934944 810332901 5934944 873512895
12 0 62949961 5934944 810635877 5934944 873585838
13 0 62748297 5934944 810919835 5934944 873668132
14 0 62614041 5934944 811203626 5934944 873817667
15 0 62345601 5934944 811555323 5934944 873900924
16 0 62131605 5934944 811841188 5934944 873972793
1 0 66020792 5934951 526967647 5934951 592988439
2 0 65142087 5934951 527971387 5934951 593113474
3 0 64878203 5934951 528325695 5934951 593203898
4 0 64653818 5934951 528623912 5934951 593277730
5 0 64499709 5934951 528936462 5934951 593436171
6 0 64277955 5934951 529233160 5934951 593511115
7 0 64074921 5934951 529522451 5934951 593597372
8 0 63855796 5934951 529816223 5934951 593672019
9 0 63652818 5934951 530186105 5934951 593838923
10 0 63422471 5934951 530489840 5934951 593912311
11 0 63208993 5934951 530796483 5934951 594005476
12 0 62986034 5934951 531090774 5934951 594076808
13 0 62786260 5934951 531375528 5934951 594161788
14 0 62671059 5934951 531660022 5934951 594331081
15 0 62406045 5934951 532009405 5934951 594415450
16 0 62191493 5934951 532295714 5934951 594487207
1 0 65874869 5934958 337220060 5934958 403094929
2 0 64994478 5934958 338223319 5934958 403217797
3 0 64741112 5934958 338563350 5934958 403304462
4 0 64519154 5934958 338859733 5934958 403378887
5 0 64369416 5934958 339170005 5934958 403539421
6 0 64154345 5934958 339459074 5934958 403613419
7 0 63943609 5934958 339753642 5934958 403697251
8 0 63646799 5934958 340125117 5934958 403771916
9 0 63513246 5934958 340427463 5934958 403940709
10 0 63291621 5934958 340722883 5934958 404014504
11 0 63084310 5934958 341022730 5934958 404107040
12 0 62859795 5934958 341320169 5934958 404179964
13 0 62660077 5934958 341603978 5934958 404264055
14 0 62546505 5934958 341887640 5934958 404434145
15 0 62285306 5934958 342234078 5934958 404519384
16 0 62068347 5934958 342520369 5934958 404588716
1 0 119470355 5934965 67037169 5934965 186507524
2 0 118621279 5934965 68045187 5934965 186666466
3 0 118384987 5934965 68394514 5934965 186779501
4 0 118187601 5934965 68690842 5934965 186878443
5 0 118085955 5934965 69004114 5934965 187090069
6 0 117897310 5934965 69291146 5934965 187188456
7 0 117714054 5934965 69583974 5934965 187298028
8 0 117516614 5934965 69878598 5934965 187395212
9 0 117281433 5934965 70335589 5934965 187617022
10 0 117073289 5934965 70642769 5934965 187716058
11 0 116894866 5934965 70943430 5934965 187838296
12 0 116685982 5934965 71247609 5934965 187933591
13 0 116514299 5934965 71531789 5934965 188046088
14 0 116453911 5934965 71816321 5934965 188270232
15 0 116216693 5934965 72163074 5934965 188379767
16 0 116025012 5934965 72449735 5934965 188474747
1 0 66022348 5934971 847153640 5934971 913175988
2 0 65113846 5934971 848188176 5934971 913302022
3 0 64854610 5934971 848535577 5934971 913390187
4 0 64630744 5934971 848833868 5934971 913464612
5 0 64417340 5934971 849147418 5934971 913564758
6 0 64288509 5934971 849435894 5934971 913724403
7 0 64081662 5934971 849728314 5934971 913809976
8 0 63789797 5934971 850093807 5934971 913883604
9 0 63548524 5934971 850421375 5934971 913969899
10 0 63402063 5934971 850722222 5934971 914124285
11 0 63196641 5934971 851020994 5934971 914217635
12 0 62976331 5934971 851314655 5934971 914290986
13 0 62775815 5934971 851600113 5934971 914375928
14 0 62567171 5934971 851882089 5934971 914449260
15 0 62406786 5934971 852226323 5934971 914633109
16 0 62190938 5934971 852515003 5934971 914705941
1 0 68342490 5934978 592161502 5934978 660503992
2 0 67151493 5934978 593477219 5934978 660628712
3 0 66789574 5934978 593928803 5934978 660718377
4 0 66472284 5934978 594320944 5934978 660793228
5 0 66217140 5934978 594733103 5934978 660950243
6 0 65903665 5934978 595122429 5934978 661026094
7 0 65601967 5934978 595509199 5934978 661111166
8 0 65288343 5934978 595897248 5934978 661185591
9 0 65083162 5934978 596273370 5934978 661356532
10 0 64774297 5934978 596655159 5934978 661429456
11 0 64471321 5934978 597048134 5934978 661519455
12 0 64155846 5934978 597437330 5934978 661593176
13 0 63874165 5934978 597815527 5934978 661689692
14 0 63666428 5934978 598192335 5934978 661858763
15 0 63298547 5934978 598645474 5934978 661944021
16 0 62993052 5934978 599022171 5934978 662015223
1 0 65860647 5934985 322282918 5934985 388143565
2 0 64975071 5934985 323291621 5934985 388266692
3 0 64720669 5934985 323633559 5934985 388354228
4 0 64494840 5934985 323932109 5934985 388426949
5 0 64338750 5934985 324246548 5934985 388585298
6 0 64122939 5934985 324535783 5934985 388658722
7 0 63915053 5934985 324826371 5934985 388741424
8 0 63694076 5934985 325121569 5934985 388815645
9 0 63576894 5934985 325403989 5934985 388980883
10 0 63360731 5934985 325692373 5934985 389053104
11 0 63155049 5934985 325987127 5934985 389142176
12 0 62934294 5934985 326278788 5934985 389213082
13 0 62814963 5934985 326560412 5934985 389375375
14 0 62606578 5934985 326840426 5934985 389447004
15 0 62343416 5934985 327184901 5934985 389528317
16 0 62131291 5934985 327469414 5934985 389600705
1 0 65979997 5934992 106959782 5934992 172939779
2 0 65091606 5934992 107972023 5934992 173063629
3 0 64823204 5934992 108326127 5934992 173149331
4 0 64594004 5934992 108627048 5934992 173221052
5 0 64439988 5934992 108937783 5934992 173377771
6 0 64225862 5934992 109228222 5934992 173454084
7 0 64015960 5934992 109519401 5934992 173535361
8 0 63798260 5934992 109811192 5934992 173609452
9 0 63592245 5934992 110183241 5934992 173775486
10 0 63350323 5934992 110497643 5934992 173847966
11 0 63139254 5934992 110797044 5934992 173936298
12 0 62912258 5934992 111097557 5934992 174009815
13 0 62708595 5934992 111383589 5934992 174092184
14 0 62590597 5934992 111667454 5934992 174258051
15 0 62326139 5934992 112015262 5934992 174341401
16 0 62112124 5934992 112301461 5934992 174413585
1 0 69401692 5934998 876534389 5934998 945936081
2 0 68533171 5934998 877569796 5934998 946102967
3 0 68299324 5934998 877916567 5934998 946215891
4 0 68102032 5934998 878209339 5934998 946311371
5 0 67996385 5934998 878522945 5934998 946519330
6 0 67802352 5934998 878812587 5934998 946614939
7 0 67619540 5934998 879102860 5934998 946722400
8 0 67422859 5934998 879395965 5934998 946818824
9 0 67354268 5934998 879681830 5934998 947036098
10 0 67160049 5934998 879970344 5934998 947130393
11 0 66789463 5934998 880462057 5934998 947251520
12 0 66578467 5934998 880767014 5934998 947345481
13 0 66507024 5934998 881054157 5934998 947561181
14 0 66321232 5934998 881335503 5934998 947656735
15 0 66087254 5934998 881680738 5934998 947767992
16 0 65868832 5934998 881991084 5934998 947859916
1 0 66351472 5935005 606840391 5935005 673191863
2 0 65487061 5935005 607835188 5935005 673322249
3 0 65430618 5935005 608174922 5935005 673605540
4 0 65301676 5935005 608470120 5935005 673771796
5 0 65138753 5935005 608777763 5935005 673916516
6 0 64972441 5935005 609067165 5935005 674039606
7 0 64856702 5935005 609356308 5935005 674213010
8 0 64643744 5935005 609648302 5935005 674292046
9 0 64438896 5935005 609936019 5935005 674374915
10 0 64228844 5935005 610353826 5935005 674582670
11 0 64015108 5935005 610658857 5935005 674673965
12 0 63784168 5935005 610960870 5935005 674745038
13 0 63580300 5935005 611246106 5935005 674826406
14 0 63363545 5935005 611533786 5935005 674897331
15 0 63098347 5935005 611880094 5935005 674978441
16 0 62882906 5935005 612165422 5935005 675048328
1 0 66474654 5935012 386707119 5935012 453181773
2 0 65584653 5935012 387730081 5935012 453314734
3 0 65516783 5935012 388077186 5935012 453593969
4 0 65340657 5935012 388373532 5935012 453714189
5 0 65215308 5935012 388681767 5935012 453897075
6 0 65049422 5935012 388967558 5935012 454016980
7 0 64931757 5935012 389257460 5935012 454189217
8 0 64713779 5935012 389550844 5935012 454264623
9 0 64511117 5935012 389837283 5935012 454348400
10 0 64247011 5935012 390310089 5935012 454557100
11 0 64025367 5935012 390623842 5935012 454649209
12 0 63800723 5935012 390919059 5935012 454719782
13 0 63596948 5935012 391203795 5935012 454800743
14 0 63387601 5935012 391485178 5935012 454872779
15 0 63125124 5935012 391831653 5935012 454956777
16 0 62911350 5935012 392115444 5935012 455026794
1 0 66416785 5935019 147164263 5935019 213581048
2 0 65627503 5935019 148170559 5935019 213798062
3 0 65467636 5935019 148511812 5935019 213979448
4 0 65288769 5935019 148810621 5935019 214099390
5 0 65160641 5935019 149125060 5935019 214285701
6 0 64995959 5935019 149415184 5935019 214411143
7 0 64877295 5935019 149706419 5935019 214583714
8 0 64777834 5935019 149999340 5935019 214777174
9 0 64415989 5935019 150443813 5935019 214859802
10 0 64192863 5935019 150738937 5935019 214931800
11 0 63988275 5935019 151033524 5935019 215021799
12 0 63765612 5935019 151329056 5935019 215094668
13 0 63564227 5935019 151612180 5935019 215176407
14 0 63351712 5935019 151894897 5935019 215246609
15 0 63096902 5935019 152241946 5935019 215338848
16 0 62884240 5935019 152527348 5935019 215411588
1 0 66524283 5935025 916677459 5935025 983201742
2 0 65676614 5935025 917700218 5935025 983376832
3 0 65613022 5935025 918046564 5935025 983659586
4 0 65437636 5935025 918342836 5935025 983780472
5 0 65315490 5935025 918649886 5935025 983965376
6 0 65156993 5935025 918936029 5935025 984093022
7 0 64999534 5935025 919223634 5935025 984223168
8 0 64783575 5935025 919514314 5935025 984297889
9 0 64582171 5935025 919800290 5935025 984382461
10 0 64189456 5935025 920274504 5935025 984463960
11 0 64121309 5935025 920588628 5935025 984709937
12 0 63895387 5935025 920888289 5935025 984783676
13 0 63690855 5935025 921175968 5935025 984866823
14 0 63480654 5935025 921456260 5935025 984936914
15 0 63216048 5935025 921804161 5935025 985020209
16 0 62997497 5935025 922092655 5935025 985090152
1 0 66031940 5935032 667020845 5935032 733052785
2 0 65163419 5935032 668019067 5935032 733182486
3 0 64902814 5935032 668366745 5935032 733269559
4 0 64675854 5935032 668667277 5935032 733343131
5 0 64458376 5935032 668980679 5935032 733439055
6 0 64323120 5935032 669273599 5935032 733596719
7 0 64114624 5935032 669566797 5935032 733681421
8 0 63892591 5935032 669862366 5935032 733754957
9 0 63584578 5935032 670253414 5935032 733837992
10 0 63348620 5935032 670561408 5935032 733910028
11 0 63239400 5935032 670863699 5935032 734103099
12 0 63017867 5935032 671158638 5935032 734176505
13 0 62814574 5935032 671446707 5935032 734261281
14 0 62604949 5935032 671729405 5935032 734334354
15 0 62342769 5935032 672076065 5935032 734418834
16 0 62222919 5935032 672364560 5935032 734587479
1 0 66352360 5935039 436731239 5935039 503083599
2 0 65514283 5935039 437745405 5935039 503259688
3 0 65451100 5935039 438092398 5935039 503543498
4 0 65283787 5935039 438385208 5935039 503668995
5 0 65159920 5935039 438696109 5935039 503856029
6 0 64999996 5935039 438982382 5935039 503982378
7 0 64887147 5935039 439270617 5935039 504157764
8 0 64671558 5935039 439561001 5935039 504232559
9 0 64473265 5935039 439843792 5935039 504317057
10 0 64212011 5935039 440312302 5935039 504524313
11 0 63998830 5935039 440620259 5935039 504619089
12 0 63773575 5935039 440917383 5935039 504690958
13 0 63571375 5935039 441203489 5935039 504774864
14 0 63360879 5935039 441485224 5935039 504846103
15 0 63097976 5935039 441829940 5935039 504927916
16 0 62881924 5935039 442115213 5935039 504997137
1 0 66497357 5935046 196761517 5935046 263258874
2 0 65694558 5935046 197779572 5935046 263474130
3 0 65525006 5935046 198126380 5935046 263651386
4 0 65346138 5935046 198428060 5935046 263774198
5 0 65225270 5935046 198739147 5935046 263964417
6 0 65059366 5935046 199028549 5935046 264087915
7 0 64942164 5935046 199319025 5935046 264261189
8 0 64726335 5935046 199610427 5935046 264336762
9 0 64657855 5935046 199897588 5935046 264555443
10 0 64214844 5935046 200414042 5935046 264628886
11 0 63997515 5935046 200722166 5935046 264719681
12 0 63771871 5935046 201019105 5935046 264790976
13 0 63568949 5935046 201306451 5935046 264875400
14 0 63356787 5935046 201590075 5935046 264946862
15 0 63101087 5935046 201931421 5935046 265032508
16 0 62898942 5935046 202216379 5935046 265115321
1 0 66008848 5935052 917022569 5935052 983031417
2 0 65099865 5935052 918055272 5935052 983155137
3 0 64842425 5935052 918401766 5935052 983244191
4 0 64622744 5935052 918695612 5935052 983318356
5 0 64470339 5935052 919007403 5935052 983477742
6 0 64257806 5935052 919295490 5935052 983553296
7 0 64052200 5935052 919586373 5935052 983638573
8 0 63834203 5935052 919878498 5935052 983712701
9 0 63616893 5935052 920263342 5935052 983880235
10 0 63378878 5935052 920573374 5935052 983952252
11 0 63172771 5935052 920869368 5935052 984042139
12 0 62950479 5935052 921165437 5935052 984115916
13 0 62830962 5935052 921449765 5935052 984280727
14 0 62624170 5935052 921730834 5935052 984355004
15 0 62361971 5935052 922075568 5935052 984437539
16 0 62152586 5935052 922359526 5935052 984512112
1 0 66303528 5935059 649701334 5935059 716004862
2 0 65296787 5935059 650834073 5935059 716130860
3 0 65021978 5935059 651195269 5935059 716217247
4 0 64791444 5935059 651499616 5935059 716291060
5 0 64562578 5935059 651826258 5935059 716388836
6 0 64414452 5935059 652130585 5935059 716545037
7 0 64181438 5935059 652447098 5935059 716628536
8 0 63947776 5935059 652753055 5935059 716700831
9 0 63722057 5935059 653061105 5935059 716783162
10 0 63494302 5935059 653361989 5935059 716856291
11 0 63370045 5935059 653675372 5935059 717045417
12 0 63136235 5935059 653982588 5935059 717118823
13 0 62926831 5935059 654274916 5935059 717201747
14 0 62706039 5935059 654567596 5935059 717273635
15 0 62451229 5935059 654905701 5935059 717356930
16 0 62312231 5935059 655212269 5935059 717524500
1 0 69579318 5935066 407096899 5935066 476676217
2 0 68743668 5935066 408097454 5935066 476841122
3 0 68509468 5935066 408446633 5935066 476956101
4 0 68308435 5935066 408744738 5935066 477053173
5 0 68208974 5935066 409054381 5935066 477263355
6 0 68018255 5935066 409344653 5935066 477362908
7 0 67835425 5935066 409637981 5935066 477473406
8 0 67637854 5935066 409935902 5935066 477573756
9 0 67460210 5935066 410332616 5935066 477792826
10 0 67236122 5935066 410653147 5935066 477889269
11 0 67053828 5935066 410956031 5935066 478009859
12 0 66848517 5935066 411256433 5935066 478104950
13 0 66778464 5935066 411541612 5935066 478320076
14 0 66587745 5935066 411826829 5935066 478414574
15 0 66251974 5935066 412273617 5935066 478525591
16 0 65959812 5935066 412659203 5935066 478619015
1 0 66395785 5935073 232184631 5935073 298580416
2 0 65509079 5935073 233251556 5935073 298760635
3 0 65437766 5935073 233601642 5935073 299039408
4 0 65260992 5935073 233899321 5935073 299160313
5 0 65090976 5935073 234211001 5935073 299301977
6 0 64972664 5935073 234499384 5935073 299472048
7 0 64798000 5935073 234805397 5935073 299603397
8 0 64576875 5935073 235099521 5935073 299676396
9 0 64374786 5935073 235385312 5935073 299760098
10 0 64169827 5935073 235673362 5935073 299843189
11 0 64619652 5935073 235968542 5935073 300588194
12 0 64405267 5935073 236260222 5935073 300665489
13 0 64207659 5935073 236542106 5935073 300749765
14 0 63998756 5935073 236823656 5935073 300822412
15 0 63736279 5935073 237172168 5935073 300908447
16 0 63521116 5935073 237458237 5935073 300979353
1 0 70972219 5935079 950874153 5935080 21846372
2 0 69843628 5935079 952163315 5935080 22006943
3 0 69504432 5935079 952620065 5935080 22124497
4 0 69209474 5935079 953013891 5935080 22223365
5 0 69004644 5935079 953430791 5935080 22435435
6 0 68714835 5935079 953817636 5935080 22532471
7 0 68443248 5935079 954203406 5935080 22646654
8 0 68151327 5935079 954594306 5935080 22745633
9 0 67989922 5935079 954981429 5935080 22971351
10 0 67700427 5935079 955366385 5935080 23066812
11 0 67423581 5935079 955763396 5935080 23186977
12 0 67122216 5935079 956159481 5935080 23281697
13 0 66856277 5935079 956538548 5935080 23394825
14 0 66707984 5935079 956912189 5935080 23620173
15 0 66367045 5935079 957365348 5935080 23732393
16 0 66081180 5935079 957745544 5935080 23826724
1 0 60917535 5935086 722062311 5935086 782979846
2 0 60309750 5935086 722760298 5935086 783070048
3 0 60159716 5935086 722972701 5935086 783132417
4 0 60015219 5935086 723169346 5935086 783184565
5 0 59876499 5935086 723375879 5935086 783252378
6 0 59791186 5935086 723569190 5935086 783360376
7 0 59650874 5935086 723769520 5935086 783420394
8 0 59512265 5935086 723959961 5935086 783472226
9 0 59380712 5935086 724148272 5935086 783528984
10 0 59238400 5935086 724342287 5935086 783580687
11 0 59176401 5935086 724537969 5935086 783714370
12 0 59030644 5935086 724734317 5935086 783764961
13 0 58899369 5935086 724923091 5935086 783822460
14 0 58753649 5935086 725118162 5935086 783871811
15 0 58588801 5935086 725341787 5935086 783930588
16 0 58512931 5935086 725531469 5935086 784044400
1 0 71493487 5935093 500921807 5935093 572415294
2 0 70418951 5935093 502226431 5935093 572645382
3 0 70273250 5935093 502679756 5935093 572953006
4 0 70096272 5935093 503071082 5935093 573167354
5 0 69869814 5935093 503488481 5935093 573358295
6 0 69698409 5935093 503875937 5935093 573574346
7 0 69481580 5935093 504265022 5935093 573746602
8 0 69242844 5935093 504661385 5935093 573904229
9 0 69134142 5935093 505038249 5935093 574172391
10 0 68845925 5935093 505422427 5935093 574268352
11 0 68569375 5935093 505821382 5935093 574390757
12 0 68274213 5935093 506214116 5935093 574488329
13 0 68009792 5935093 506590387 5935093 574600179
14 0 67733594 5935093 506961417 5935093 574695011
15 0 67390174 5935093 507416779 5935093 574806953
16 0 67119772 5935093 507794012 5935093 574913784
1 0 65991700 5935100 296406141 5935100 362397841
2 0 65106957 5935100 297411956 5935100 362518913
3 0 64842647 5935100 297760431 5935100 362603078
4 0 64619615 5935100 298055666 5935100 362675281
5 0 64468877 5935100 298361697 5935100 362830574
6 0 64256362 5935100 298647692 5935100 362904054
7 0 64055106 5935100 298936983 5935100 362992089
8 0 63837463 5935100 299228218 5935100 363065681
9 0 63717632 5935100 299512046 5935100 363229678
10 0 63500061 5935100 299802282 5935100 363302343
11 0 63048922 5935100 300343142 5935100 363392064
12 0 62812926 5935100 300651784 5935100 363464710
13 0 62689261 5935100 300937224 5935100 363626485
14 0 62480043 5935100 301219385 5935100 363699428
15 0 62217807 5935100 301562453 5935100 363780260
16 0 62000404 5935100 301848818 5935100 363849222
1 0 65788704 5935107 6900701 5935107 72689405
2 0 64920609 5935107 7890202 5935107 72810811
3 0 64661670 5935107 8235732 5935107 72897402
4 0 64439007 5935107 8529875 5935107 72968882
5 0 64286213 5935107 8839647 5935107 73125860
6 0 64075384 5935107 9125956 5935107 73201340
7 0 63864407 5935107 9420247 5935107 73284654
8 0 63649244 5935107 9708668 5935107 73357912
9 0 63530172 5935107 9993033 5935107 73523205
10 0 63211789 5935107 10383174 5935107 73594963
11 0 63008219 5935107 10675983 5935107 73684202
12 0 62783074 5935107 10971793 5935107 73754867
13 0 62664984 5935107 11253806 5935107 73918790
14 0 62456692 5935107 11532467 5935107 73989159
15 0 62193308 5935107 11877924 5935107 74071232
16 0 61979478 5935107 12160752 5935107 74140230
1 0 69100754 5935113 811676769 5935113 880777523
2 0 67997052 5935113 812954912 5935113 880951964
3 0 67726335 5935113 813402311 5935113 881128646
4 0 67455858 5935113 813792915 5935113 881248773
5 0 67367138 5935113 814205907 5935113 881573045
6 0 67056754 5935113 814591215 5935113 881647969
7 0 66757000 5935113 814975486 5935113 881732486
8 0 66439266 5935113 815365349 5935113 881804615
9 0 66145012 5935113 815743434 5935113 881888446
10 0 65833148 5935113 816129038 5935113 881962186
11 0 65533153 5935113 816519753 5935113 882052906
12 0 65225307 5935113 816910505 5935113 882135812
13 0 64934646 5935113 817284202 5935113 882218848
14 0 64635559 5935113 817655010 5935113 882290569
15 0 64262991 5935113 818108946 5935113 882371937
16 0 64157920 5935113 818484420 5935113 882642340
1 0 70928478 5935120 581740629 5935120 652669107
2 0 69762186 5935120 583032956 5935120 652795142
3 0 69392118 5935120 583488837 5935120 652880955
4 0 69118068 5935120 583883052 5935120 653001120
5 0 68804277 5935120 584294137 5935120 653098414
6 0 68534838 5935120 584681204 5935120 653216042
7 0 68233307 5935120 585067159 5935120 653300466
8 0 67961182 5935120 585458078 5935120 653419260
9 0 67665669 5935120 585837886 5935120 653503555
10 0 67396174 5935120 586222564 5935120 653618738
11 0 67091346 5935120 586619705 5935120 653711051
12 0 66815000 5935120 587011586 5935120 653826586
13 0 66551134 5935120 587388579 5935120 653939713
14 0 66271843 5935120 587766776 5935120 654038619
15 0 65930831 5935120 588218953 5935120 654149784
16 0 65650373 5935120 588597890 5935120 654248263
1 0 65982479 5935127 286833805 5935127 352816284
2 0 65103143 5935127 287836398 5935127 352939541
3 0 64846592 5935127 288178706 5935127 353025298
4 0 64617577 5935127 288481164 5935127 353098741
5 0 64402619 5935127 288791565 5935127 353194184
6 0 64271565 5935127 289077653 5935127 353349218
7 0 64066032 5935127 289368351 5935127 353434383
8 0 63846722 5935127 289660864 5935127 353507586
9 0 63648485 5935127 289946303 5935127 353594788
10 0 63361175 5935127 290388462 5935127 353749637
11 0 63147772 5935127 290695141 5935127 353842913
12 0 62932831 5935127 290982895 5935127 353915726
13 0 62733298 5935127 291264834 5935127 353998132
14 0 62605819 5935127 291545366 5935127 354151185
15 0 62340509 5935127 291894026 5935127 354234535
16 0 62125624 5935127 292180854 5935127 354306478
1 0 69625540 5935134 26790889 5935134 96416429
2 0 68778723 5935134 27797278 5935134 96576001
3 0 68541394 5935134 28146716 5935134 96688110
4 0 68345453 5935134 28439951 5935134 96785404
5 0 68241473 5935134 28751020 5935134 96992493
6 0 68051421 5935134 29040348 5935134 97091769
7 0 67876554 5935134 29327694 5935134 97204248
8 0 67682095 5935134 29620429 5935134 97302524
9 0 67615966 5935134 29906276 5935134 97522242
10 0 67236214 5935134 30382119 5935134 97618333
11 0 67047699 5935134 30688373 5935134 97736072
12 0 66839518 5935134 30989552 5935134 97829070
13 0 66768353 5935134 31275954 5935134 98044307
14 0 66579060 5935134 31558023 5935134 98137083
15 0 66331194 5935134 31913220 5935134 98244414
16 0 65925756 5935134 32410804 5935134 98336560
1 0 68588892 5935140 851857744 5935140 920446636
2 0 67418414 5935140 853161738 5935140 920580152
3 0 67057013 5935140 853612341 5935140 920669354
4 0 66742519 5935140 854001630 5935140 920744149
5 0 66425896 5935140 854414511 5935140 920840407
6 0 66118975 5935140 854795171 5935140 920914146
7 0 65818555 5935140 855182478 5935140 921001033
8 0 65621799 5935140 855567249 5935140 921189048
9 0 65324490 5935140 855950112 5935140 921274602
10 0 65009367 5935140 856336660 5935140 921346027
11 0 64704372 5935140 856734375 5935140 921438747
12 0 64386379 5935140 857125275 5935140 921511654
13 0 64093532 5935140 857501046 5935140 921594578
14 0 63791593 5935140 857874428 5935140 921666021
15 0 63548949 5935140 858330531 5935140 921879480
16 0 63240195 5935140 858712098 5935140 921952293
1 0 66026588 5935147 637025042 5935147 703051630
2 0 65143327 5935147 638032319 5935147 703175646
3 0 64865517 5935147 638395461 5935147 703260978
4 0 64643169 5935147 638692437 5935147 703335606
5 0 64486154 5935147 639008338 5935147 703494492
6 0 64268621 5935147 639300907 5935147 703569528
7 0 64059958 5935147 639592235 5935147 703652193
8 0 63836574 5935147 639889007 5935147 703725581
9 0 63624244 5935147 640268500 5935147 703892744
10 0 63399378 5935147 640566235 5935147 703965613
11 0 63190141 5935147 640864934 5935147 704055075
12 0 62961590 5935147 641165835 5935147 704127425
13 0 62761926 5935147 641450812 5935147 704212738
14 0 62643318 5935147 641736862 5935147 704380180
15 0 62378286 5935147 642085892 5935147 704464178
16 0 62160123 5935147 642374035 5935147 704534158
1 0 68557171 5935154 361730555 5935154 430287726
2 0 67364322 5935154 363051642 5935154 430415964
3 0 66999645 5935154 363501948 5935154 430501593
4 0 66679705 5935154 363895182 5935154 430574887
5 0 66422729 5935154 364308322 5935154 430731051
6 0 66110643 5935154 364695796 5935154 430806439
7 0 65811000 5935154 365079400 5935154 430890400
8 0 65495061 5935154 365471078 5935154 430966139
9 0 65280917 5935154 365850886 5935154 431131803
10 0 64970274 5935154 366234009 5935154 431204283
11 0 64676761 5935154 366625631 5935154 431302392
12 0 64355953 5935154 367019568 5935154 431375521
13 0 64141920 5935154 367395376 5935154 431537296
14 0 63840314 5935154 367768165 5935154 431608479
15 0 63464451 5935154 368226342 5935154 431690793
16 0 63151938 5935154 368610816 5935154 431762754
1 0 66076995 5935161 116988259 5935161 183065254
2 0 65169215 5935161 118018981 5935161 183188196
3 0 64901480 5935161 118374252 5935161 183275732
4 0 64674929 5935161 118674487 5935161 183349416
5 0 64458321 5935161 118989130 5935161 183447451
6 0 64325231 5935161 119280513 5935161 183605744
7 0 64120772 5935161 119571341 5935161 183692113
8 0 63896258 5935161 119867465 5935161 183763723
9 0 63544450 5935161 120302864 5935161 183847314
10 0 63305750 5935161 120614007 5935161 183919757
11 0 63194401 5935161 120916112 5935161 184110513
12 0 62971719 5935161 121214403 5935161 184186122
13 0 62772723 5935161 121498398 5935161 184271121
14 0 62559097 5935161 121783726 5935161 184342823
15 0 62294547 5935161 122132182 5935161 184426729
16 0 62175456 5935161 122419270 5935161 184594726
1 0 71056106 5935167 852162244 5935167 923218350
2 0 69871905 5935167 853473053 5935167 923344958
3 0 69484691 5935167 853923118 5935167 923407809
4 0 69213622 5935167 854310463 5935167 923524085
5 0 68911979 5935167 854722696 5935167 923634675
6 0 68610911 5935167 855107096 5935167 923718007
7 0 68372433 5935167 855490608 5935167 923863041
8 0 68054069 5935167 855878508 5935167 923932577
9 0 67787630 5935167 856257019 5935167 924044649
10 0 67505728 5935167 856640160 5935167 924145888
11 0 67238455 5935167 857029301 5935167 924267756
12 0 66997459 5935167 857419405 5935167 924416864
13 0 66774648 5935167 857793658 5935167 924568306
14 0 66534709 5935167 858165595 5935167 924700304
15 0 66192640 5935167 858620476 5935167 924813116
16 0 65955941 5935167 858994839 5935167 924950780
1 0 65949053 5935174 667222447 5935174 733171500
2 0 65063476 5935174 668234095 5935174 733297571
3 0 64800278 5935174 668587736 5935174 733388014
4 0 64577115 5935174 668885212 5935174 733462327
5 0 64424692 5935174 669197021 5935174 733621713
6 0 64211474 5935174 669485442 5935174 733696916
7 0 64007385 5935174 669774270 5935174 733781655
8 0 63704650 5935174 670153800 5935174 733858450
9 0 63558690 5935174 670467405 5935174 734026095
10 0 63341194 5935174 670760603 5935174 734101797
11 0 63136401 5935174 671058783 5935174 734195184
12 0 62911295 5935174 671356240 5935174 734267535
13 0 62788501 5935174 671643457 5935174 734431958
14 0 62575115 5935174 671928730 5935174 734503845
15 0 62309806 5935174 672277723 5935174 734587529
16 0 62092402 5935174 672565218 5935174 734657620
1 0 66463729 5935181 397198655 5935181 463662384
2 0 65618318 5935181 398221970 5935181 463840288
3 0 65501394 5935181 398575241 5935181 464076635
4 0 65366453 5935181 398876161 5935181 464242614
5 0 65241065 5935181 399188804 5935181 464429869
6 0 65077402 5935181 399477002 5935181 464554404
7 0 64920590 5935181 399766830 5935181 464687420
8 0 64598819 5935181 400164822 5935181 464763641
9 0 64363990 5935181 400484779 5935181 464848769
10 0 64271714 5935181 400784329 5935181 465056043
11 0 64064144 5935181 401083342 5935181 465147486
12 0 63839517 5935181 401380467 5935181 465219984
13 0 63638300 5935181 401667183 5935181 465305483
14 0 63425526 5935181 401951326 5935181 465376852
15 0 63158882 5935181 402303135 5935181 465462017
16 0 62941608 5935181 402591463 5935181 465533071
1 0 66528190 5935188 186962550 5935188 253490740
2 0 65638484 5935188 187982142 5935188 253620626
3 0 65572282 5935188 188334172 5935188 253906454
4 0 65440284 5935188 188627982 5935188 254068266
5 0 65273083 5935188 188939217 5935188 254212300
6 0 65146771 5935188 189230082 5935188 254376853
7 0 64986311 5935188 189519947 5935188 254506258
8 0 64655799 5935188 189925458 5935188 254581257
9 0 64336472 5935188 190327561 5935188 254664033
10 0 64241733 5935188 190633370 5935188 254875103
11 0 64033144 5935188 190933976 5935188 254967120
12 0 63807389 5935188 191231322 5935188 255038711
13 0 63601522 5935188 191518891 5935188 255120413
14 0 63391304 5935188 191801200 5935188 255192504
15 0 63130142 5935188 192148231 5935188 255278373
16 0 62914016 5935188 192435411 5935188 255349427
1 0 71474209 5935194 900927906 5935194 972402115
2 0 70317804 5935194 902255085 5935194 972572889
3 0 70223084 5935194 902715169 5935194 972938253
4 0 69988755 5935194 903108532 5935194 973097287
5 0 69822684 5935194 903520728 5935194 973343412
6 0 69598614 5935194 903901110 5935194 973499724
7 0 69439192 5935194 904287158 5935194 973726350
8 0 69147697 5935194 904678169 5935194 973825866
9 0 68875424 5935194 905059625 5935194 973935049
10 0 68764685 5935194 905444322 5935194 974209007
11 0 68489320 5935194 905842259 5935194 974331579
12 0 68196011 5935194 906231307 5935194 974427318
13 0 67926997 5935194 906609300 5935194 974536297
14 0 67643336 5935194 906986034 5935194 974629370
15 0 67300768 5935194 907441285 5935194 974742053
16 0 67015422 5935194 907820648 5935194 974836070
1 0 70707908 5935201 630553434 5935201 701261342
2 0 69572152 5935201 631847280 5935201 701419432
3 0 69239344 5935201 632295975 5935201 701535319
4 0 68942849 5935201 632687301 5935201 701630150
5 0 68743446 5935201 633092349 5935201 701835795
6 0 68456377 5935201 633475268 5935201 701931645
7 0 68180770 5935201 633859706 5935201 702040476
8 0 67888276 5935201 634248532 5935201 702136808
9 0 67722965 5935201 634630376 5935201 702353341
10 0 67436007 5935201 635012110 5935201 702448117
11 0 67165752 5935201 635399899 5935201 702565651
12 0 66872906 5935201 635787577 5935201 702660483
13 0 66712890 5935201 636162589 5935201 702875479
14 0 66433248 5935201 636535489 5935201 702968737
15 0 66089402 5935201 636984907 5935201 703074309
16 0 65805462 5935201 637362678 5935201 703168140
1 0 70672298 5935208 381373067 5935208 452045365
2 0 69392248 5935208 382741949 5935208 452134197
3 0 68997681 5935208 383193330 5935208 452191011
4 0 68684595 5935208 383585896 5935208 452270491
5 0 68359527 5935208 383992907 5935208 452352434
6 0 68101698 5935208 384374252 5935208 452475950
7 0 67829259 5935208 384759930 5935208 452589189
8 0 67547338 5935208 385150256 5935208 452697594
9 0 67281490 5935208 385530583 5935208 452812073
10 0 67016329 5935208 385913261 5935208 452929590
11 0 66740909 5935208 386303716 5935208 453044625
12 0 66461414 5935208 386696190 5935208 453157604
13 0 66214937 5935208 387069128 5935208 453284065
14 0 65958590 5935208 387442232 5935208 453400822
15 0 65619578 5935208 387896168 5935208 453515746
16 0 65353749 5935208 388274143 5935208 453627892
1 0 70921127 5935215 131728135 5935215 202649262
2 0 69751038 5935215 133011537 5935215 202762575
3 0 69490561 5935215 133457103 5935215 202947664
4 0 69201881 5935215 133847614 5935215 203049495
5 0 68908460 5935215 134264977 5935215 203173437
6 0 68624262 5935215 134647229 5935215 203271491
7 0 68461191 5935215 135028203 5935215 203489394
8 0 68172511 5935215 135416122 5935215 203588633
9 0 67902683 5935215 135797041 5935215 203699724
10 0 67612559 5935215 136182330 5935215 203794889
11 0 67344360 5935215 136572804 5935215 203917164
12 0 67184030 5935215 136962297 5935215 204146327
13 0 66915017 5935215 137341382 5935215 204256399
14 0 66635521 5935215 137714746 5935215 204350267
15 0 66291898 5935215 138168886 5935215 204460784
16 0 65995737 5935215 138546712 5935215 204542449
1 0 66038199 5935221 901819872 5935221 967858071
2 0 64932331 5935221 903048738 5935221 967981069
3 0 64677261 5935221 903391065 5935221 968068326
4 0 64457136 5935221 903684245 5935221 968141381
5 0 64305083 5935221 903995609 5935221 968300692
6 0 64089291 5935221 904284752 5935221 968374043
7 0 63883554 5935221 904574450 5935221 968458004
8 0 63660966 5935221 904871278 5935221 968532244
9 0 63542690 5935221 905156551 5935221 968699241
10 0 63325620 5935221 905445730 5935221 968771350
11 0 63116791 5935221 905744132 5935221 968860923
12 0 62896758 5935221 906038812 5935221 968935570
13 0 62774538 5935221 906324214 5935221 969098752
14 0 62566189 5935221 906604876 5935221 969171065
15 0 62302194 5935221 906950536 5935221 969252730
16 0 62086680 5935221 907237938 5935221 969324618
1 0 70810037 5935228 691925348 5935228 762735385
2 0 69643114 5935228 693217750 5935228 762860864
3 0 69278805 5935228 693669094 5935228 762947899
4 0 69002866 5935228 694064809 5935228 763067675
5 0 68685261 5935228 694478690 5935228 763163951
6 0 68425229 5935228 694859942 5935228 763285171
7 0 68124642 5935228 695246453 5935228 763371095
8 0 67853591 5935228 695635335 5935228 763488926
9 0 67556745 5935228 696016069 5935228 763572814
10 0 67285084 5935228 696404950 5935228 763690034
11 0 67009181 5935228 696800554 5935228 763809735
12 0 66714223 5935228 697196862 5935228 763911085
13 0 66447636 5935228 697574799 5935228 764022435
14 0 66171215 5935228 697950570 5935228 764121785
15 0 65828888 5935228 698402506 5935228 764231394
16 0 65550893 5935228 698778592 5935228 764329485
1 0 66508931 5935235 487063656 5935235 553572587
2 0 65640225 5935235 488063434 5935235 553703659
3 0 65575838 5935235 488408594 5935235 553984432
4 0 65399730 5935235 488708570 5935235 554108300
5 0 65275880 5935235 489019379 5935235 554295259
6 0 65103661 5935235 489311615 5935235 554415276
7 0 64984978 5935235 489606331 5935235 554591309
8 0 64764908 5935235 489901141 5935235 554666049
9 0 64401766 5935235 490347151 5935235 554748917
10 0 64300046 5935235 490652423 5935235 554952469
11 0 64096162 5935235 490948806 5935235 555044968
12 0 63870665 5935235 491246190 5935235 555116855
13 0 63665854 5935235 491533592 5935235 555199446
14 0 63454007 5935235 491816605 5935235 555270612
15 0 63189585 5935235 492160988 5935235 555350573
16 0 62972330 5935235 492448427 5935235 555420757
1 0 66434080 5935242 251661735 5935242 318095815
2 0 65366767 5935242 252906230 5935242 318272997
3 0 65301843 5935242 253253890 5935242 318555733
4 0 65126882 5935242 253550422 5935242 318677304
5 0 65002922 5935242 253860638 5935242 318863560
6 0 64838925 5935242 254148818 5935242 318987743
7 0 64725409 5935242 254438961 5935242 319164370
8 0 64507228 5935242 254730122 5935242 319237350
9 0 64303972 5935242 255015969 5935242 319319941
10 0 64222862 5935242 255304260 5935242 319527122
11 0 64017719 5935242 255600087 5935242 319617806
12 0 63792186 5935242 255896952 5935242 319689138
13 0 63591726 5935242 256179799 5935242 319771525
14 0 63380952 5935242 256464294 5935242 319845246
15 0 63118457 5935242 256809176 5935242 319927633
16 0 62963164 5935242 257094467 5935242 320057631
1 0 71260028 5935248 982223074 5935249 53483102
2 0 70208752 5935248 983500828 5935249 53709580
3 0 70069736 5935248 983945264 5935249 54015000
4 0 69893016 5935248 984337887 5935249 54230903
5 0 69662021 5935248 984751342 5935249 54413363
6 0 69499579 5935248 985132576 5935249 54632155
7 0 69288490 5935248 985513791 5935249 54802281
8 0 69059106 5935248 985899247 5935249 54958353
9 0 68951163 5935248 986273425 5935249 55224588
10 0 68659780 5935248 986659621 5935249 55319401
11 0 68381822 5935248 987057577 5935249 55439399
12 0 68085310 5935248 987448125 5935249 55533435
13 0 67820185 5935248 987824266 5935249 55644451
14 0 67539430 5935248 988198704 5935249 55738134
15 0 67191474 5935248 988657010 5935249 55848484
16 0 66920757 5935248 989038577 5935249 55959334
1 0 66464228 5935255 756949871 5935255 823414099
2 0 65576097 5935255 757966703 5935255 823542800
3 0 65508338 5935255 758312290 5935255 823820628
4 0 65330842 5935255 758609654 5935255 823940496
5 0 65207715 5935255 758920519 5935255 824128234
6 0 65041569 5935255 759209773 5935255 824251342
7 0 64930794 5935255 759499971 5935255 824430765
8 0 64713983 5935255 759789596 5935255 824503579
9 0 64379119 5935255 760206717 5935255 824585836
10 0 64275214 5935255 760519304 5935255 824794518
11 0 64068643 5935255 760817965 5935255 824886608
12 0 63843963 5935255 761114515 5935255 824958478
13 0 63644188 5935255 761398343 5935255 825042531
14 0 63432933 5935255 761681505 5935255 825114438
15 0 63171900 5935255 762025295 5935255 825197195
16 0 62956275 5935255 762311530 5935255 825267805
1 0 65928331 5935262 507265916 5935262 573194247
2 0 65056810 5935262 508260138 5935262 573316948
3 0 64788463 5935262 508617298 5935262 573405761
4 0 64565689 5935262 508912367 5935262 573478056
5 0 64348786 5935262 509224954 5935262 573573740
6 0 64222585 5935262 509510689 5935262 573733274
7 0 64021477 5935262 509796980 5935262 573818457
8 0 63718780 5935262 510174269 5935262 573893049
9 0 63499339 5935262 510477282 5935262 573976621
10 0 63361323 5935262 510769369 5935262 574130692
11 0 63158938 5935262 511062290 5935262 574221228
12 0 62936627 5935262 511355803 5935262 574292430
13 0 62733168 5935262 511641316 5935262 574374484
14 0 62522394 5935262 511924644 5935262 574447038
15 0 62358768 5935262 512268119 5935262 574626887
16 0 62140679 5935262 512557336 5935262 574698015
1 0 116147342 5935269 307021876 5935269 423169218
2 0 115214489 5935269 308042653 5935269 423257142
3 0 115005068 5935269 308395387 5935269 423400455
4 0 114779961 5935269 308693826 5935269 423473787
5 0 114565575 5935269 309004432 5935269 423570007
6 0 114352876 5935269 309292037 5935269 423644913
7 0 114234266 5935269 309582588 5935269 423816854
8 0 114014437 5935269 309874786 5935269 423889223
9 0 113670629 5935269 310305611 5935269 423976240
10 0 113431634 5935269 310615346 5935269 424046980
11 0 113240100 5935269 310911544 5935269 424151644
12 0 113120287 5935269 311205428 5935269 424325715
13 0 112921495 5935269 311489589 5935269 424411084
14 0 112713536 5935269 311768010 5935269 424481546
15 0 112454207 5935269 312112041 5935269 424566248
16 0 112240766 5935269 312395869 5935269 424636635
1 0 70908738 5935276 20990170 5935276 91898908
2 0 69763056 5935276 22300441 5935276 92063497
3 0 69424840 5935276 22756766 5935276 92181606
4 0 69133049 5935276 23150389 5935276 92283438
5 0 68930867 5935276 23563696 5935276 92494563
6 0 68642299 5935276 23949429 5935276 92591728
7 0 68362711 5935276 24340478 5935276 92703189
8 0 68075716 5935276 24728156 5935276 92803872
9 0 67922942 5935276 25103926 5935276 93026868
10 0 67630447 5935276 25492771 5935276 93123218
11 0 67352768 5935276 25890856 5935276 93243624
12 0 67057810 5935276 26281293 5935276 93339103
13 0 66792352 5935276 26660157 5935276 93452509
14 0 66641151 5935276 27036353 5935276 93677504
15 0 66302916 5935276 27490271 5935276 93793187
16 0 66020644 5935276 27867301 5935276 93887945
1 0 65943683 5935282 827448985 5935282 893392668
2 0 65069680 5935282 828449189 5935282 893518869
3 0 64807815 5935282 828799293 5935282 893607108
4 0 64587985 5935282 829092714 5935282 893680699
5 0 64374600 5935282 829403116 5935282 893777716
6 0 64240992 5935282 829695610 5935282 893936602
7 0 64036422 5935282 829985864 5935282 894022286
8 0 63720816 5935282 830375931 5935282 894096747
9 0 63516006 5935282 830664703 5935282 894180709
10 0 63375360 5935282 830956031 5935282 894331391
11 0 63169401 5935282 831255433 5935282 894424834
12 0 62947053 5935282 831550483 5935282 894497536
13 0 62744446 5935282 831836033 5935282 894580479
14 0 62536283 5935282 832117824 5935282 894654107
15 0 62373026 5935282 832463559 5935282 894836585
16 0 62157864 5935282 832750590 5935282 894908454
1 0 66454821 5935289 567116856 5935289 633571677
2 0 65577597 5935289 568126096 5935289 633703693
3 0 65501506 5935289 568480682 5935289 633982188
4 0 65332990 5935289 568774733 5935289 634107723
5 0 65209381 5935289 569086727 5935289 634296108
6 0 65042773 5935289 569373944 5935289 634416717
7 0 64929090 5935289 569666179 5935289 634595269
8 0 64710261 5935289 569961970 5935289 634672231
9 0 64382915 5935289 570374295 5935289 634757210
10 0 64287750 5935289 570676438 5935289 634964188
11 0 64087180 5935289 570973266 5935289 635060446
12 0 63861258 5935289 571272186 5935289 635133444
13 0 63660169 5935289 571556422 5935289 635216591
14 0 63448117 5935289 571840213 5935289 635288330
15 0 63188715 5935289 572184632 5935289 635373347
16 0 62972848 5935289 572472090 5935289 635444938
1 0 66033625 5935296 356961479 5935296 422995104
2 0 65148086 5935296 357971220 5935296 423119306
3 0 64883536 5935296 358325046 5935296 423208582
4 0 64662781 5935296 358621559 5935296 423284340
5 0 64512006 5935296 358934479 5935296 423446485
6 0 64299065 5935296 359224918 5935296 423523983
7 0 64094087 5935296 359515117 5935296 423609204
8 0 63877017 5935296 359809463 5935296 423686480
9 0 63629003 5935296 360224937 5935296 423853940
10 0 63399119 5935296 360529172 5935296 423928291
11 0 63193270 5935296 360828185 5935296 424021455
12 0 62967145 5935296 361127272 5935296 424094417
13 0 62766019 5935296 361414526 5935296 424180545
14 0 62651762 5935296 361699261 5935296 424351023
15 0 62385248 5935296 362050422 5935296 424435670
16 0 62166142 5935296 362340564 5935296 424506706
1 0 65962775 5935303 127084468 5935303 193047243
2 0 65072976 5935303 128100375 5935303 193173351
3 0 64811425 5935303 128455239 5935303 193266664
4 0 64585059 5935303 128755530 5935303 193340589
5 0 64368841 5935303 129068283 5935303 193437124
6 0 64238177 5935303 129357111 5935303 193595288
7 0 64030273 5935303 129650143 5935303 193680416
8 0 63807667 5935303 129945896 5935303 193753563
9 0 63498450 5935303 130337685 5935303 193836135
10 0 63268214 5935303 130641198 5935303 193909412
11 0 63156030 5935303 130943119 5935303 194099149
12 0 62928923 5935303 131242854 5935303 194171777
13 0 62724668 5935303 131530534 5935303 194255202
14 0 62513357 5935303 131814528 5935303 194327885
15 0 62243899 5935303 132167392 5935303 194411291
16 0 62122865 5935303 132455590 5935303 194578455
1 0 68336934 5935309 871872149 5935309 940209083
2 0 67143845 5935309 873196347 5935309 940340192
3 0 66778518 5935309 873651061 5935309 940429579
4 0 66444395 5935309 874058572 5935309 940502967
5 0 66193418 5935309 874471027 5935309 940664445
6 0 65887701 5935309 874854761 5935309 940742462
7 0 65589818 5935309 875237661 5935309 940827479
8 0 65277232 5935309 875625357 5935309 940902589
9 0 65067162 5935309 876004813 5935309 941071975
10 0 64757760 5935309 876388269 5935309 941146029
11 0 64458858 5935309 876780780 5935309 941239638
12 0 64141438 5935309 877170718 5935309 941312156
13 0 63852536 5935309 877545581 5935309 941398117
14 0 63647003 5935309 877920944 5935309 941567947
15 0 63278621 5935309 878375454 5935309 941654075
16 0 62975071 5935309 878752244 5935309 941727315
1 0 70785019 5935316 571709424 5935316 642494443
2 0 69673872 5935316 572980364 5935316 642654236
3 0 69344063 5935316 573425467 5935316 642769530
4 0 69047365 5935316 573816515 5935316 642863880
5 0 68849850 5935316 574223767 5935316 643073617
6 0 68563374 5935316 574606889 5935316 643170263
7 0 68285250 5935316 574992678 5935316 643277928
8 0 67994681 5935316 575380708 5935316 643375389
9 0 67833629 5935316 575761627 5935316 643595256
10 0 67545523 5935316 576145009 5935316 643690532
11 0 67273343 5935316 576536390 5935316 643809733
12 0 66971071 5935316 576931790 5935316 643902861
13 0 66808370 5935316 577310302 5935316 644118672
14 0 66523912 5935316 577688980 5935316 644212892
15 0 66184382 5935316 578138101 5935316 644322483
16 0 65898257 5935316 578515446 5935316 644413703
1 0 65927220 5935323 377049183 5935323 442976403
2 0 65032088 5935323 378067905 5935323 443099993
3 0 64775167 5935323 378412010 5935323 443187177
4 0 64552856 5935323 378706042 5935323 443258898
5 0 64405785 5935323 379014480 5935323 443420265
6 0 64191307 5935323 379302327 5935323 443493634
7 0 63987959 5935323 379590951 5935323 443578910
8 0 63769908 5935323 379882594 5935323 443652502
9 0 63551208 5935323 380265142 5935323 443816350
10 0 63328509 5935323 380560692 5935323 443889201
11 0 63123883 5935323 380855316 5935323 443979199
12 0 62900387 5935323 381149904 5935323 444050291
13 0 62701039 5935323 381431806 5935323 444132845
14 0 62589745 5935323 381711615 5935323 444301360
15 0 62331416 5935323 382054405 5935323 444385821
16 0 62116827 5935323 382337752 5935323 444454579
1 0 69954293 5935330 86743422 5935330 156697715
2 0 69128734 5935330 87738052 5935330 156866786
3 0 69138178 5935330 88087694 5935330 157225872
4 0 69001570 5935330 88381781 5935330 157383351
5 0 68933497 5935330 88693201 5935330 157626698
6 0 68857184 5935330 88984844 5935330 157842028
7 0 68737335 5935330 89274949 5935330 158012284
8 0 68595429 5935330 89572833 5935330 158168262
9 0 68574504 5935330 89861161 5935330 158435665
10 0 68209548 5935330 90323856 5935330 158533404
11 0 68014736 5935330 90637776 5935330 158652512
12 0 67810796 5935330 90934937 5935330 158745733
13 0 67634447 5935330 91219284 5935330 158853731
14 0 67443802 5935330 91502390 5935330 158946192
15 0 67203363 5935330 91853957 5935330 159057320
16 0 66922330 5935330 92238469 5935330 159160799
1 0 66259621 5935336 897176938 5935336 963436559
2 0 65443117 5935336 898168475 5935336 963611592
3 0 65380267 5935336 898512431 5935336 963892698
4 0 65203900 5935336 898808185 5935336 964012085
5 0 65083569 5935336 899112772 5935336 964196341
6 0 64915831 5935336 899400378 5935336 964316209
7 0 64800556 5935336 899688076 5935336 964488632
8 0 64586115 5935336 899978126 5935336 964564241
9 0 64291435 5935336 900370360 5935336 964661795
10 0 64194252 5935336 900673484 5935336 964867736
11 0 63992367 5935336 900967867 5935336 964960234
12 0 63777723 5935336 901253769 5935336 965031492
13 0 63578652 5935336 901534616 5935336 965113268
14 0 63371285 5935336 901812426 5935336 965183711
15 0 63109235 5935336 902155178 5935336 965264413
16 0 62896869 5935336 902436636 5935336 965333505
1 0 66040644 5935343 631521088 5935343 697561732
2 0 64974718 5935343 632713085 5935343 697687803
3 0 64704742 5935343 633070856 5935343 697775598
4 0 64483968 5935343 633365369 5935343 697849337
5 0 64327249 5935343 633678252 5935343 698005501
6 0 64116698 5935343 633963080 5935343 698079778
7 0 63914294 5935343 634249519 5935343 698163813
8 0 63696539 5935343 634541310 5935343 698237849
9 0 63578022 5935343 634825175 5935343 698403197
10 0 63354935 5935343 635120169 5935343 698475104
11 0 63153179 5935343 635413145 5935343 698566324
12 0 62926053 5935343 635711066 5935343 698637119
13 0 62806055 5935343 635993783 5935343 698799838
14 0 62597912 5935343 636274555 5935343 698872467
15 0 62336842 5935343 636619290 5935343 698956132
16 0 62120921 5935343 636905358 5935343 699026279
1 0 61006034 5935350 442179394 5935350 503185428
2 0 60329990 5935350 442942362 5935350 503272352
3 0 60159456 5935350 443173080 5935350 503332536
4 0 60009774 5935350 443372317 5935350 503382091
5 0 59830204 5935350 443617071 5935350 503447275
6 0 59715390 5935350 443837160 5935350 503552550
7 0 59558023 5935350 444054693 5935350 503612716
8 0 59403285 5935350 444258282 5935350 503661567
9 0 59262807 5935350 444456537 5935350 503719344
10 0 59163938 5935350 444657700 5935350 503821638
11 0 59016571 5935350 444868770 5935350 503885341
12 0 58863777 5935350 445071507 5935350 503935284
13 0 58731612 5935350 445261578 5935350 503993190
14 0 58637669 5935350 445457408 5935350 504095077
15 0 58466155 5935350 445689440 5935350 504155595
16 0 58320417 5935350 445882029 5935350 504202446
1 0 66439136 5935357 176792946 5935357 243232082
2 0 65538579 5935357 177827464 5935357 243366043
3 0 65458043 5935357 178183661 5935357 243641704
4 0 65333046 5935357 178476989 5935357 243810035
5 0 65159827 5935357 178789057 5935357 243948884
6 0 65030940 5935357 179077256 5935357 244108196
7 0 64870721 5935357 179366417 5935357 244237138
8 0 64652096 5935357 179659374 5935357 244311470
9 0 64453895 5935357 179941629 5935357 244395524
10 0 64243214 5935357 180356787 5935357 244600001
11 0 64030032 5935357 180661560 5935357 244691592
12 0 63806166 5935357 180957221 5935357 244763387
13 0 63606800 5935357 181239882 5935357 244846682
14 0 63396786 5935357 181522858 5935357 244919644
15 0 63133253 5935357 181870241 5935357 245003494
16 0 62915034 5935357 182157773 5935357 245072807
1 0 66103253 5935363 916824879 5935363 982928132
2 0 65211474 5935363 917841415 5935363 983052889
3 0 64951942 5935363 918185816 5935363 983137758
4 0 64727834 5935363 918483774 5935363 983211608
5 0 64571874 5935363 918799120 5935363 983370994
6 0 64357786 5935363 919089373 5935363 983447159
7 0 64152160 5935363 919379553 5935363 983531713
8 0 63935738 5935363 919671733 5935363 983607471
9 0 63815815 5935363 919959098 5935363 983774913
10 0 63395359 5935363 920451867 5935363 983847226
11 0 63175567 5935363 920761972 5935363 983937539
12 0 62948127 5935363 921060929 5935363 984009056
13 0 62748556 5935363 921347091 5935363 984095647
14 0 62635040 5935363 921631215 5935363 984266255
15 0 62373230 5935363 921977838 5935363 984351068
16 0 62156957 5935363 922267092 5935363 984424049
1 0 66137809 5935370 666624147 5935370 732761956
2 0 65248881 5935370 667637869 5935370 732886750
3 0 64993126 5935370 667980437 5935370 732973563
4 0 64770186 5935370 668276783 5935370 733046969
5 0 64554560 5935370 668587833 5935370 733142393
6 0 64422693 5935370 668876605 5935370 733299298
7 0 64219307 5935370 669165915 5935370 733385222
8 0 63999015 5935370 669459854 5935370 733458869
9 0 63795778 5935370 669747645 5935370 733543423
10 0 63542727 5935370 670154378 5935370 733697105
11 0 63409303 5935370 670472039 5935370 733881342
12 0 63182270 5935370 670771867 5935370 733954137
13 0 62976053 5935370 671061509 5935370 734037562
14 0 62845054 5935370 671345745 5935370 734190799
15 0 62582041 5935370 671692775 5935370 734274816
16 0 62365471 5935370 671980918 5935370 734346389
1 0 68659317 5935377 421951739 5935377 490611056
2 0 67438413 5935377 423256604 5935377 490695017
3 0 67068309 5935377 423712799 5935377 490781108
4 0 66821629 5935377 424109088 5935377 490930717
5 0 66499561 5935377 424525858 5935377 491025419
6 0 66188214 5935377 424909814 5935377 491098028
7 0 65884109 5935377 425298658 5935377 491182767
8 0 65568559 5935377 425688744 5935377 491257303
9 0 65270509 5935377 426069033 5935377 491339542
10 0 65074088 5935377 426457877 5935377 491531965
11 0 64774482 5935377 426849129 5935377 491623611
12 0 64454802 5935377 427242289 5935377 491697091
13 0 64161123 5935377 427619078 5935377 491780201
14 0 63858647 5935377 427992923 5935377 491851570
15 0 63489358 5935377 428444803 5935377 491934161
16 0 63181771 5935377 428823611 5935377 492005382
1 0 65868739 5935384 206737579 5935384 272606318
2 0 64976589 5935384 207754301 5935384 272730890
3 0 64714186 5935384 208102702 5935384 272816888
4 0 64494654 5935384 208398881 5935384 272893535
5 0 64344934 5935384 208707746 5935384 273052680
6 0 64134031 5935384 208993481 5935384 273127512
7 0 63931331 5935384 209281365 5935384 273212696
8 0 63707613 5935384 209578489 5935384 273286102
9 0 63589855 5935384 209862947 5935384 273452802
10 0 63291250 5935384 210233940 5935384 273525190
11 0 63079143 5935384 210536712 5935384 273615855
12 0 62858832 5935384 210829707 5935384 273688539
13 0 62658077 5935384 211115349 5935384 273773426
14 0 62545264 5935384 211397992 5935384 273943256
15 0 62286528 5935384 211743986 5935384 274030514
16 0 62068587 5935384 212031703 5935384 274100290
1 0 69484227 5935390 976987374 5935391 46471601
2 0 68615985 5935390 978014299 5935391 46630284
3 0 68380729 5935390 978365608 5935391 46746337
4 0 68181919 5935390 978660250 5935391 46842169
5 0 68081235 5935390 978972356 5935391 47053591
6 0 67889850 5935390 979261887 5935391 47151737
7 0 67709149 5935390 979552419 5935391 47261568
8 0 67512264 5935390 979846006 5935391 47358270
9 0 67308657 5935390 980270813 5935391 47579470
10 0 67094217 5935390 980581344 5935391 47675561
11 0 66913793 5935390 980885487 5935391 47799280
12 0 66718390 5935390 981175889 5935391 47894279
13 0 66655187 5935390 981460291 5935391 48115478
14 0 66468635 5935390 981745008 5935391 48213643
15 0 66176048 5935390 982146797 5935391 48322845
16 0 65887480 5935390 982529882 5935391 48417362
1 0 66043718 5935397 706830808 5935397 772874526
2 0 65146012 5935397 707851437 5935397 772997449
3 0 64882573 5935397 708203986 5935397 773086559
4 0 64660502 5935397 708498240 5935397 773158742
5 0 64510264 5935397 708807142 5935397 773317406
6 0 64296676 5935397 709094062 5935397 773390738
7 0 64094587 5935397 709381335 5935397 773475922
8 0 63873221 5935397 709676311 5935397 773549532
9 0 63753260 5935397 709964991 5935397 773718251
10 0 63430229 5935397 710359854 5935397 773790083
11 0 63214603 5935397 710668274 5935397 773882877
12 0 62988829 5935397 710965491 5935397 773954320
13 0 62869258 5935397 711249263 5935397 774118521
14 0 62657151 5935397 711534961 5935397 774192112
15 0 62392396 5935397 711882511 5935397 774274907
16 0 62186085 5935397 712166765 5935397 774352850
1 0 69325564 5935404 536682142 5935404 606007706
2 0 68474950 5935404 537692624 5935404 606167574
3 0 68236417 5935404 538043673 5935404 606280090
4 0 68034495 5935404 538343223 5935404 606377718
5 0 67930349 5935404 538655365 5935404 606585714
6 0 67736297 5935404 538946508 5935404 606682805
7 0 67550449 5935404 539237854 5935404 606788303
8 0 67352045 5935404 539532571 5935404 606884616
9 0 67280935 5935404 539819751 5935404 607100686
10 0 66988052 5935404 540207003 5935404 607195055
11 0 66791500 5935404 540522793 5935404 607314293
12 0 66590040 5935404 540818714 5935404 607408754
13 0 66520356 5935404 541103394 5935404 607623750
14 0 66332583 5935404 541386666 5935404 607719249
15 0 66100031 5935404 541731623 5935404 607831654
16 0 65876387 5935404 542049321 5935404 607925708
1 0 65940552 5935411 257352802 5935411 323293354
2 0 65057829 5935411 258360412 5935411 323418241
3 0 64796185 5935411 258712610 5935411 323508795
4 0 64571430 5935411 259012604 5935411 323584034
5 0 64422618 5935411 259322246 5935411 323744864
6 0 64210010 5935411 259611834 5935411 323821844
7 0 64008589 5935411 259901143 5935411 323909732
8 0 63700854 5935411 260282821 5935411 323983675
9 0 63576819 5935411 260577760 5935411 324154579
10 0 63363564 5935411 260866403 5935411 324229967
11 0 63157382 5935411 261163675 5935411 324321057
12 0 62947256 5935411 261460929 5935411 324408185
13 0 62745278 5935411 261746461 5935411 324491739
14 0 62630725 5935411 262032196 5935411 324662921
15 0 62361120 5935411 262384578 5935411 324745698
16 0 62150197 5935411 262674240 5935411 324824437
1 0 66053476 5935418 26937422 5935418 92990898
2 0 65159086 5935418 27955088 5935418 93114174
3 0 64895479 5935418 28305619 5935418 93201098
4 0 64671391 5935418 28604372 5935418 93275763
5 0 64515376 5935418 28917792 5935418 93433168
6 0 64299046 5935418 29210009 5935418 93509055
7 0 64088846 5935418 29505689 5935418 93594535
8 0 63871184 5935418 29800646 5935418 93671830
9 0 63655873 5935418 30185898 5935418 93841771
10 0 63424007 5935418 30492337 5935418 93916344
11 0 63231011 5935418 30792683 5935418 94023694
12 0 63006515 5935418 31090289 5935418 94096804
13 0 62807111 5935418 31376024 5935418 94183135
14 0 62695687 5935418 31659445 5935418 94355132
15 0 62429784 5935418 32010402 5935418 94440186
16 0 62213992 5935418 32298341 5935418 94512333
1 0 70736019 5935424 732299846 5935424 803035865
2 0 69507653 5935424 733616284 5935424 803123937
3 0 69112198 5935424 734072183 5935424 803184381
4 0 68774112 5935424 734460972 5935424 803235084
5 0 68430562 5935424 734870113 5935424 803300675
6 0 68154049 5935424 735252309 5935424 803406358
7 0 67835055 5935424 735633765 5935424 803468820
8 0 67498894 5935424 736021166 5935424 803520060
9 0 67170919 5935424 736406621 5935424 803577540
10 0 66891684 5935424 736790299 5935424 803681983
11 0 66560152 5935424 737183959 5935424 803744111
12 0 66217381 5935424 737576340 5935424 803793721
13 0 65902998 5935424 737949852 5935424 803852850
14 0 65635077 5935424 738319715 5935424 803954792
15 0 65243121 5935424 738769633 5935424 804012754
16 0 64914628 5935424 739147607 5935424 804062235
1 0 68629244 5935431 531986017 5935431 600615261
2 0 67432599 5935431 533267271 5935431 600699870
3 0 67063310 5935431 533721948 5935431 600785258
4 0 66747278 5935431 534113478 5935431 600860756
5 0 66525486 5935431 534528063 5935431 601053549
6 0 66214621 5935431 534914167 5935431 601128788
7 0 65914516 5935431 535300882 5935431 601215398
8 0 65594800 5935431 535693060 5935431 601287860
9 0 65302231 5935431 536069942 5935431 601372173
10 0 64987737 5935431 536456638 5935431 601444375
11 0 64679335 5935431 536853927 5935431 601533262
12 0 64497616 5935431 537242809 5935431 601740425
13 0 64206622 5935431 537617042 5935431 601823664
14 0 63903091 5935431 537990461 5935431 601893552
15 0 63536282 5935431 538441546 5935431 601977828
16 0 63223825 5935431 538824557 5935431 602048382
1 0 70771296 5935438 231733008 5935438 302504304
2 0 69560004 5935438 233029854 5935438 302589858
3 0 69170270 5935438 233477920 5935438 302648190
4 0 68856406 5935438 233870875 5935438 302727281
5 0 68555375 5935438 234283497 5935438 302838872
6 0 68297823 5935438 234665324 5935438 302963147
7 0 68019422 5935438 235048131 5935438 303067553
8 0 67741760 5935438 235441420 5935438 303183180
9 0 67479728 5935438 235819154 5935438 303298882
10 0 67213844 5935438 236202165 5935438 303416009
11 0 66935608 5935438 236592677 5935438 303528285
12 0 66660706 5935438 236984484 5935438 303645190
13 0 66418933 5935438 237363514 5935438 303782447
14 0 66172215 5935438 237735637 5935438 303907852
15 0 65840425 5935438 238182721 5935438 304023146
16 0 65573466 5935438 238563548 5935438 304137014
1 0 66149734 5935445 36727413 5935445 102877147
2 0 65249732 5935445 37751875 5935445 103001607
3 0 64982071 5935445 38107220 5935445 103089291
4 0 64758611 5935445 38404104 5935445 103162715
5 0 64605448 5935445 38715228 5935445 103320676
6 0 64390415 5935445 39004574 5935445 103394989
7 0 64183493 5935445 39296291 5935445 103479784
8 0 63966793 5935445 39587286 5935445 103554079
9 0 63850351 5935445 39871669 5935445 103722020
10 0 63376490 5935445 40419103 5935445 103795593
11 0 63146123 5935445 40739857 5935445 103885980
12 0 62926238 5935445 41031111 5935445 103957349
13 0 62723742 5935445 41316753 5935445 104040495
14 0 62610541 5935445 41598859 5935445 104209400
15 0 62351342 5935445 41941612 5935445 104292954
16 0 62136919 5935445 42226070 5935445 104362989
1 0 70704001 5935451 751611603 5935451 822315604
2 0 69484524 5935451 752915653 5935451 822400177
3 0 69099327 5935451 753358052 5935451 822457379
4 0 68779389 5935451 753759563 5935451 822538952
5 0 68453136 5935451 754172166 5935451 822625302
6 0 68194992 5935451 754557826 5935451 822752818
7 0 67915590 5935451 754946837 5935451 822862427
8 0 67638521 5935451 755339237 5935451 822977758
9 0 67375138 5935451 755716878 5935451 823092016
10 0 67105735 5935451 756099797 5935451 823205532
11 0 66834554 5935451 756486346 5935451 823320900
12 0 66560411 5935451 756873357 5935451 823433768
13 0 66307323 5935451 757248091 5935451 823555414
14 0 66051513 5935451 757618547 5935451 823670060
15 0 65726594 5935451 758068094 5935451 823794688
16 0 65456377 5935451 758443698 5935451 823900075
1 0 65861702 5935458 536804542 5935458 602666244
2 0 64982052 5935458 537808505 5935458 602790557
3 0 64727501 5935458 538150443 5935458 602877944
4 0 64505079 5935458 538447530 5935458 602952609
5 0 64352119 5935458 538757543 5935458 603109662
6 0 64141326 5935458 539044297 5935458 603185623
7 0 63938035 5935458 539330828 5935458 603268863
8 0 63722427 5935458 539621286 5935458 603343713
9 0 63605245 5935458 539904632 5935458 603509877
10 0 63304546 5935458 540277329 5935458 603581875
11 0 63094661 5935458 540577138 5935458 603671799
12 0 62870684 5935458 540874485 5935458 603745169
13 0 62668576 5935458 541159998 5935458 603828574
14 0 62554819 5935458 541442511 5935458 603997330
15 0 62291028 5935458 541790042 5935458 604081070
16 0 62074550 5935458 542077759 5935458 604152309
1 0 70788592 5935465 342004647 5935465 412793239
2 0 69570781 5935465 343310697 5935465 412881478
3 0 69182974 5935465 343756003 5935465 412938977
4 0 68839962 5935465 344150477 5935465 412990439
5 0 68531560 5935465 344567229 5935465 413098789
6 0 68197474 5935465 344953314 5935465 413150788
7 0 67874165 5935465 345336400 5935465 413210565
8 0 67537542 5935465 345724022 5935465 413261564
9 0 67269343 5935465 346105385 5935465 413374728
10 0 66932201 5935465 346492786 5935465 413424987
11 0 66603893 5935465 346885463 5935465 413489356
12 0 66257195 5935465 347281271 5935465 413538466
13 0 65937998 5935465 347658708 5935465 413596706
14 0 65677688 5935465 348033238 5935465 413710926
15 0 65277343 5935465 348489693 5935465 413767036
16 0 64943646 5935465 348870593 5935465 413814239
1 0 70719798 5935472 131970920 5935472 202690718
2 0 69500190 5935472 133276859 5935472 202777049
3 0 69105605 5935472 133731351 5935472 202836956
4 0 68776185 5935472 134139769 5935472 202915954
5 0 68475506 5935472 134555687 5935472 203031193
6 0 68204714 5935472 134936643 5935472 203141357
7 0 67923441 5935472 135333636 5935472 203257077
8 0 67655725 5935472 135713721 5935472 203369446
9 0 67392637 5935472 136091825 5935472 203484462
10 0 67132605 5935472 136471670 5935472 203604275
11 0 66855388 5935472 136865607 5935472 203720995
12 0 66575319 5935472 137259711 5935472 203835030
13 0 66319175 5935472 137635149 5935472 203954324
14 0 66061717 5935472 138018938 5935472 204080655
15 0 65735186 5935472 138463726 5935472 204198912
16 0 65492209 5935472 138841608 5935472 204333817
1 0 70775556 5935478 888459150 5935478 959234706
2 0 69636725 5935478 889751367 5935478 959388092
3 0 69207529 5935478 890295061 5935478 959502590
4 0 68905646 5935478 890696368 5935478 959602014
5 0 68698724 5935478 891111916 5935478 959810640
6 0 68411822 5935478 891495594 5935478 959907416
7 0 68700946 5935478 891878605 5935478 960579551
8 0 68533635 5935478 892265820 5935478 960799455
9 0 68269269 5935478 892643221 5935478 960912490
10 0 67977681 5935478 893030288 5935478 961007969
11 0 67710150 5935478 893422280 5935478 961132430
12 0 67415821 5935478 893812681 5935478 961228502
13 0 67144789 5935478 894194359 5935478 961339148
14 0 66862776 5935478 894570315 5935478 961433091
15 0 66535079 5935478 895025047 5935478 961560126
16 0 66451321 5935478 895404373 5935478 961855694
1 0 66538597 5935485 626892993 5935485 693431590
2 0 65695224 5935485 627910123 5935485 693605347
3 0 65475376 5935485 628263635 5935485 693739011
4 0 65555986 5935485 628561425 5935485 694117411
5 0 65392822 5935485 628872568 5935485 694265390
6 0 65267862 5935485 629165099 5935485 694432961
7 0 65067421 5935485 629455446 5935485 694522867
8 0 64847369 5935485 629751570 5935485 694598939
9 0 64551208 5935485 630130544 5935485 694681752
10 0 64291953 5935485 630462020 5935485 694753973
11 0 64086920 5935485 630768329 5935485 694855249
12 0 63858998 5935485 631068657 5935485 694927655
13 0 63820129 5935485 631361540 5935485 695181669
14 0 63608318 5935485 631646961 5935485 695255279
15 0 63342100 5935485 631998899 5935485 695340999
16 0 63126271 5935485 632286764 5935485 695413035
1 0 65993497 5935492 336954548 5935492 402948045
2 0 65115142 5935492 337958826 5935492 403073968
3 0 64853129 5935492 338307745 5935492 403160874
4 0 64625725 5935492 338608314 5935492 403234039
5 0 64471098 5935492 338922086 5935492 403393184
6 0 64256380 5935492 339210655 5935492 403467035
7 0 64046884 5935492 339505279 5935492 403552163
8 0 63828407 5935492 339800051 5935492 403628458
9 0 63624059 5935492 340171007 5935492 403795066
10 0 63393563 5935492 340474853 5935492 403868416
11 0 63186808 5935492 340772014 5935492 403958822
12 0 62963922 5935492 341067639 5935492 404031561
13 0 62840610 5935492 341351374 5935492 404191984
14 0 62627762 5935492 341635110 5935492 404262872
15 0 62373508 5935492 341985807 5935492 404359315
16 0 62156067 5935492 342272894 5935492 404428961
1 0 69505190 5935499 87224430 5935499 156729620
2 0 68655965 5935499 88235411 5935499 156891376
3 0 68425284 5935499 88580275 5935499 157005559
4 0 68226159 5935499 88875843 5935499 157102002
5 0 68126753 5935499 89185467 5935499 157312220
6 0 67935590 5935499 89473925 5935499 157409515
7 0 67756000 5935499 89763679 5935499 157519679
8 0 67551875 5935499 90148375 5935499 157700250
9 0 67349138 5935499 90464388 5935499 157813526
10 0 67151123 5935499 90756012 5935499 157907135
11 0 66971626 5935499 91059229 5935499 158030855
12 0 66882479 5935499 91356094 5935499 158238573
13 0 66707428 5935499 91642940 5935499 158350368
14 0 66512376 5935499 91932527 5935499 158444903
15 0 66160882 5935499 92394297 5935499 158555179
16 0 65979163 5935499 92774938 5935499 158754101
1 0 66431506 5935505 907113500 5935505 973545006
2 0 65605208 5935505 908121573 5935505 973726781
3 0 65497413 5935505 908465271 5935505 973962684
4 0 65365211 5935505 908763636 5935505 974128847
5 0 65197567 5935505 909074148 5935505 974271715
6 0 65026959 5935505 909362939 5935505 974389898
7 0 64865443 5935505 909654397 5935505 974519840
8 0 64693131 5935505 909948484 5935505 974641615
9 0 64384582 5935505 910343810 5935505 974728392
10 0 64171901 5935505 910639767 5935505 974811668
11 0 64114198 5935505 910941243 5935505 975055441
12 0 63891776 5935505 911237812 5935505 975129588
13 0 63687390 5935505 911526418 5935505 975213808
14 0 63476968 5935505 911810209 5935505 975287177
15 0 63210177 5935505 912160369 5935505 975370546
16 0 62994700 5935505 912447993 5935505 975442693
1 0 70873572 5935512 691486432 5935512 762360004
2 0 69672095 5935512 692810685 5935512 762482780
3 0 69306305 5935512 693264084 5935512 762570389
4 0 69024458 5935512 693666429 5935512 762690887
5 0 68697964 5935512 694085421 5935512 762783385
6 0 68434396 5935512 694469469 5935512 762903865
7 0 68135531 5935512 694853184 5935512 762988715
8 0 67863424 5935512 695243270 5935512 763106694
9 0 67571893 5935512 695620985 5935512 763192878
10 0 67301491 5935512 696007922 5935512 763309413
11 0 67006811 5935512 696398341 5935512 763405152
12 0 66737371 5935512 696784241 5935512 763521612
13 0 66474413 5935512 697159549 5935512 763633962
14 0 66203955 5935512 697532098 5935512 763736053
15 0 65863906 5935512 697987404 5935512 763851310
16 0 65590430 5935512 698365156 5935512 763955586
1 0 65946219 5935519 396960904 5935519 462907123
2 0 65054866 5935519 397974422 5935519 463029288
3 0 64790389 5935519 398327360 5935519 463117749
4 0 64567245 5935519 398625688 5935519 463192933
5 0 64350934 5935519 398937479 5935519 463288413
6 0 64217029 5935519 399229121 5935519 463446150
7 0 64010922 5935519 399521116 5935519 463532038
8 0 63790778 5935519 399815962 5935519 463606740
9 0 63501505 5935519 400188289 5935519 463689794
10 0 63339175 5935519 400505561 5935519 463844736
11 0 63133827 5935519 400803148 5935519 463936975
12 0 62909054 5935519 401099401 5935519 464008455
13 0 62706391 5935519 401384285 5935519 464090676
14 0 62495339 5935519 401668002 5935519 464163341
15 0 62322398 5935519 402019514 5935519 464341912
16 0 62106198 5935519 402306305 5935519 464412503
1 0 70940348 5935526 150703924 5935526 221644272
2 0 69767518 5935526 152037640 5935526 221805158
3 0 69428025 5935526 152492761 5935526 221920786
4 0 69131715 5935526 152884939 5935526 222016654
5 0 68931738 5935526 153298283 5935526 222230021
6 0 68645429 5935526 153680979 5935526 222326408
7 0 68369526 5935526 154068028 5935526 222437554
8 0 68074087 5935526 154459798 5935526 222533885
9 0 67910183 5935526 154843458 5935526 222753641
10 0 67620947 5935526 155229099 5935526 222850046
11 0 67352490 5935526 155619480 5935526 222971970
12 0 67059069 5935526 156008344 5935526 223067413
13 0 66896868 5935526 156386633 5935526 223283501
14 0 66619058 5935526 156760089 5935526 223379147
15 0 66277269 5935526 157210784 5935526 223488053
16 0 65993200 5935526 157595499 5935526 223588699
1 0 66551467 5935532 927046097 5935532 993597564
2 0 65684743 5935532 928091781 5935532 993776524
3 0 65619225 5935532 928440775 5935532 994060000
4 0 65483117 5935532 928740565 5935532 994223682
5 0 65269768 5935532 929052171 5935532 994321939
6 0 65100438 5935532 929345147 5935532 994445585
7 0 64984404 5935532 929636845 5935532 994621249
8 0 64765445 5935532 929930969 5935532 994696414
9 0 64443173 5935532 930337962 5935532 994781135
10 0 64223584 5935532 930639197 5935532 994862781
11 0 64170234 5935532 930937691 5935532 995107925
12 0 63944646 5935532 931235963 5935532 995180609
13 0 63741112 5935532 931524625 5935532 995265737
14 0 63528672 5935532 931808508 5935532 995337180
15 0 63266547 5935532 932153983 5935532 995420530
16 0 63050366 5935532 932440404 5935532 995490770
1 0 65995774 5935539 687016370 5935539 753012144
2 0 65104309 5935539 688033388 5935539 753137697
3 0 64840555 5935539 688387418 5935539 753227973
4 0 64613262 5935539 688687876 5935539 753301138
5 0 64399026 5935539 689000129 5935539 753399155
6 0 64268472 5935539 689292050 5935539 753560522
7 0 64064236 5935539 689583748 5935539 753647984
8 0 63844129 5935539 689878372 5935539 753722501
9 0 63557911 5935539 690250662 5935539 753808573
10 0 63413193 5935539 690550137 5935539 753963330
11 0 63208456 5935539 690849687 5935539 754058143
12 0 62984830 5935539 691146682 5935539 754131512
13 0 62781796 5935539 691433473 5935539 754215269
14 0 62570523 5935539 691717523 5935539 754288046
15 0 62402322 5935539 692065480 5935539 754467802
16 0 62189715 5935539 692351363 5935539 754541078
1 0 71475135 5935546 337706636 5935546 409181771
2 0 70434432 5935546 338974317 5935546 409408749
3 0 70284083 5935546 339429697 5935546 409713780
4 0 70048069 5935546 339823727 5935546 409871796
5 0 69723520 5935546 340450826 5935546 410174346
6 0 69494116 5935546 340850745 5935546 410344861
7 0 69332082 5935546 341240775 5935546 410572857
8 0 69094328 5935546 341631341 5935546 410725669
9 0 68987107 5935546 342010260 5935546 410997367
10 0 68696631 5935546 342394920 5935546 411091551
11 0 68424618 5935546 342784838 5935546 411209456
12 0 68128364 5935546 343174331 5935546 411302695
13 0 67860998 5935546 343549528 5935546 411410526
14 0 67580151 5935546 343923725 5935546 411503876
15 0 67233232 5935546 344379994 5935546 411613226
16 0 66959942 5935546 344758542 5935546 411718484
1 0 66123605 5935553 147214378 5935553 213337983
2 0 65241547 5935553 148223729 5935553 213465276
3 0 64988903 5935553 148565242 5935553 213554145
4 0 64771352 5935553 148856718 5935553 213628070
5 0 64624410 5935553 149159601 5935553 213784011
6 0 64415137 5935553 149444114 5935553 213859251
7 0 64217214 5935553 149732016 5935553 213949230
8 0 63662966 5935553 150359319 5935553 214022285
9 0 63503450 5935553 150684943 5935553 214188393
10 0 63280546 5935553 150980882 5935553 214261428
11 0 63074772 5935553 151277025 5935553 214351797
12 0 62858407 5935553 151565815 5935553 214424222
13 0 62657910 5935553 151849162 5935553 214507072
14 0 62543708 5935553 152133490 5935553 214677198
15 0 62281269 5935553 152479798 5935553 214761067
16 0 62066773 5935553 152765997 5935553 214832770
1 0 65903980 5935559 956700526 5935560 22604506
2 0 65017033 5935559 957709804 5935560 22726837
3 0 64760075 5935559 958053149 5935560 22813224
4 0 64541152 5935559 958345774 5935560 22886926
5 0 64389378 5935559 958656490 5935560 23045868
6 0 64178585 5935559 958944133 5935560 23122718
7 0 63973219 5935559 959234961 5935560 23208180
8 0 63757205 5935559 959523918 5935560 23281123
9 0 63635521 5935559 959810802 5935560 23446323
10 0 63323009 5935559 960195739 5935560 23518748
11 0 63095531 5935559 960513030 5935560 23608561
12 0 62865388 5935559 960815061 5935560 23680449
13 0 62660632 5935559 961102889 5935560 23763521
14 0 62542653 5935559 961389384 5935560 23932037
15 0 62276547 5935559 961740044 5935560 24016591
16 0 62063995 5935559 962022428 5935560 24086423
1 0 65957256 5935566 726540856 5935566 792498112
2 0 65062625 5935566 727558207 5935566 792620832
3 0 64798648 5935566 727908275 5935566 792706923
4 0 64574541 5935566 728205436 5935566 792779977
5 0 64362897 5935566 728514004 5935566 792876901
6 0 64232584 5935566 728800573 5935566 793033157
7 0 64032663 5935566 729089345 5935566 793122008
8 0 63813796 5935566 729381525 5935566 793195321
9 0 63614392 5935566 729666798 5935566 793281190
10 0 63480672 5935566 729955163 5935566 793435835
11 0 63186418 5935566 730340119 5935566 793526537
12 0 62957534 5935566 730640687 5935566 793598221
13 0 62755982 5935566 730925219 5935566 793681201
14 0 62547282 5935566 731205825 5935566 793753107
15 0 62378489 5935566 731554818 5935566 793933307
16 0 62162160 5935566 731843035 5935566 794005195
1 0 120935123 5935573 511438146 5935573 632373269
2 0 119776089 5935573 512721011 5935573 632497100
3 0 119416874 5935573 513165447 5935573 632582321
4 0 119150360 5935573 513557051 5935573 632707411
5 0 118830737 5935573 513969821 5935573 632800558
6 0 118566575 5935573 514352277 5935573 632918852
7 0 118267543 5935573 514734918 5935573 633002461
8 0 117997400 5935573 515122411 5935573 633119811
9 0 117705294 5935573 515500478 5935573 633205772
10 0 117429096 5935573 515891489 5935573 633320585
11 0 117124972 5935573 516287833 5935573 633412805
12 0 116848422 5935573 516679604 5935573 633528026
13 0 116556816 5935573 517053745 5935573 633610561
14 0 116302079 5935573 517425572 5935573 633727651
15 0 115956661 5935573 517881322 5935573 633837983
16 0 115674536 5935573 518261612 5935573 633936148
1 0 66470506 5935580 267062109 5935580 333532615
2 0 65588837 5935580 268074738 5935580 333663575
3 0 65473320 5935580 268424732 5935580 333898052
4 0 65344397 5935580 268719967 5935580 334064364
5 0 65173696 5935580 269030332 5935580 334204028
6 0 65002829 5935580 269319586 5935580 334322415
7 0 64882480 5935580 269609580 5935580 334492060
8 0 64703872 5935580 269904315 5935580 334608187
9 0 64338916 5935580 270353418 5935580 334692334
10 0 64239918 5935580 270655431 5935580 334895349
11 0 64030625 5935580 270955759 5935580 334986384
12 0 63812111 5935580 271244457 5935580 335056568
13 0 63611299 5935580 271528415 5935580 335139714
14 0 63399063 5935580 271811650 5935580 335210713
15 0 63133994 5935580 272159144 5935580 335293138
16 0 62917776 5935580 272445231 5935580 335363007
1 0 71136012 5935587 29697645 5935587 100833657
2 0 69808740 5935587 31196247 5935587 101004987
3 0 69474357 5935587 31643498 5935587 101117855
4 0 69181085 5935587 32033639 5935587 101214724
5 0 68979848 5935587 32443835 5935587 101423683
6 0 68690298 5935587 32830957 5935587 101521255
7 0 68416173 5935587 33215506 5935587 101631679
8 0 68125197 5935587 33604536 5935587 101729733
9 0 67967256 5935587 33984047 5935587 101951303
10 0 67665279 5935587 34382892 5935587 102048171
11 0 67388063 5935587 34779495 5935587 102167558
12 0 67091217 5935587 35170895 5935587 102262112
13 0 66929924 5935587 35548425 5935587 102478349
14 0 66649781 5935587 35923992 5935587 102573773
15 0 66306398 5935587 36376743 5935587 102683141
16 0 66027829 5935587 36756421 5935587 102784250
1 0 66014199 5935593 777004133 5935593 843018332
2 0 65140808 5935593 778002318 5935593 843143126
3 0 64868943 5935593 778362274 5935593 843231217
4 0 64643299 5935593 778660639 5935593 843303938
5 0 64488506 5935593 778973781 5935593 843462287
6 0 64272565 5935593 779262480 5935593 843535045
7 0 64066365 5935593 779553308 5935593 843619673
8 0 63847277 5935593 779847339 5935593 843694616
9 0 63547578 5935593 780314257 5935593 843861835
10 0 63310287 5935593 780623399 5935593 843933686
11 0 63103476 5935593 780921912 5935593 844025388
12 0 62888109 5935593 781209407 5935593 844097516
13 0 62686558 5935593 781495679 5935593 844182237
14 0 62570708 5935593 781779470 5935593 844350178
15 0 62311749 5935593 782121464 5935593 844433213
16 0 62096883 5935593 782406551 5935593 844503434
1 0 69416266 5935600 486814780 5935600 556231046
2 0 68562430 5935600 487831057 5935600 556393487
3 0 68331897 5935600 488176829 5935600 556508726
4 0 68131382 5935600 488474379 5935600 556605761
5 0 68025884 5935600 488784484 5935600 556810368
6 0 67835203 5935600 489071682 5935600 556906885
7 0 67652780 5935600 489361788 5935600 557014568
8 0 67455673 5935600 489656486 5935600 557112159
9 0 67390266 5935600 489942148 5935600 557332414
10 0 67080124 5935600 490349381 5935600 557429505
11 0 66895701 5935600 490654190 5935600 557549891
12 0 66687261 5935600 490956092 5935600 557643353
13 0 66512580 5935600 491243734 5935600 557756314
14 0 66448173 5935600 491530396 5935600 557978569
15 0 66212010 5935600 491879297 5935600 558091307
16 0 65921923 5935600 492262253 5935600 558184176
