13834463
13606926
13528946
13527260
13475148
13567426
13487871
13290056
13307427
13314593
13522889
17566833
13604814
13420370
13537351
13623518
13417111
13459184
13314519
9280648
13489463
13436963
17579092
13340297
13369944
13410592
17328611
13636630
13347389
13567945
13671982
17587149
13382074
13544962
13516407
13498445
17557981
13590518
13638945
13424130
17393815
13410408
13433074
13614297
13352149
17331999
13469388
13420129
13497537
13438353
13702370
13728537
13482278
13441518
13645592
16165241
13458371
13443315
13369593
17439185
13586777
17255278
13263945
13581240
9308037
13567612
13525074
13451352
13456426
17531685
13723833
13724241
13343481
13428908
13317667
13339092
17585297
17533686
13183333
13508222
13520296
13597500
13373074
13523037
13453980
13470797
13942203
13756037
13263241
13639630
13506851
9236833
13451204
13513481
13520574
13502909
13481463
17684741
13689315
13697574
