86200739
73168410
87703039
70242924
69936425
69924331
85231650
73691443
69844019
70104760
88001111
69971574
70038129
70404426
87226463
70031554
90202612
78776221
70249223
81659463
70160425
69956835
73664499
84986519
74004425
69815572
84409872
70284722
72853611
70342443
71916352
74132502
73832000
85590683
79717555
73050148
70120722
69852200
84827243
69887721
69997277
78810315
78585019
69829888
83836834
70307687
85411869
80045093
72608907
70547298
88383653
83953944
73961186
69822757
69906184
89498294
69963501
70206018
73720407
85660774
70077832
85229635
86628110
85103557
70273589
73184331
72805020
71008128
69707093
76308610
70532720
72754074
70953982
70476813
70546127
81813817
89785329
70157833
70241650
73693224
80601003
89626258
70159242
85052349
70015427
83640755
70042520
89687150
72771576
72764370
70507835
85214165
84152149
87622390
87999037
70047483
73374816
83763793
73057685
70204499
