  RSS
 4936
  RSS
 4964
  RSS
 4896
  RSS
 4928
  RSS
 4916
  RSS
 4952
  RSS
 4940
  RSS
 4904
  RSS
 4932
  RSS
 4904
  RSS
 4964
  RSS
 4992
  RSS
 4864
  RSS
 4944
  RSS
 4936
  RSS
 4964
  RSS
 4904
  RSS
 4984
  RSS
 4952
  RSS
 4864
  RSS
 4896
  RSS
 4952
  RSS
 4960
  RSS
 4960
  RSS
 4940
  RSS
 4864
  RSS
 4992
  RSS
 4904
  RSS
 4972
  RSS
 4928
  RSS
 4992
  RSS
 4920
  RSS
 4940
  RSS
 4960
  RSS
 4936
  RSS
 4928
  RSS
 4752
  RSS
 4992
  RSS
 4940
  RSS
 4964
  RSS
 4936
  RSS
 4964
  RSS
 4896
  RSS
 4864
  RSS
 4920
  RSS
 4940
  RSS
 4752
  RSS
 4984
  RSS
 4880
  RSS
 4964
  RSS
 4920
  RSS
 4964
  RSS
 4928
  RSS
 4940
  RSS
 4964
  RSS
 4808
  RSS
 4960
  RSS
 4752
  RSS
 4928
  RSS
 4916
  RSS
 4924
  RSS
 4808
  RSS
 4896
  RSS
 4952
  RSS
 4904
  RSS
 4864
  RSS
 4900
  RSS
 4808
  RSS
 4904
  RSS
 4912
  RSS
 4920
  RSS
 4808
  RSS
 4956
  RSS
 4940
  RSS
 4928
  RSS
 4928
  RSS
 4940
  RSS
 4952
  RSS
 4896
  RSS
 4920
  RSS
 4984
  RSS
 4864
  RSS
 4960
  RSS
 4864
  RSS
 4952
  RSS
 4916
  RSS
 4808
  RSS
 4960
  RSS
 4944
  RSS
 4976
  RSS
 4920
  RSS
 4920
  RSS
 4952
  RSS
 4940
  RSS
 4916
  RSS
 4896
  RSS
 4924
  RSS
 4984
  RSS
 4908
  RSS
 4896
