109631723
137267258
127962537
107846852
122758260
113961370
108306890
114921831
114785632
109669745
134175463
103329592
128964553
132934275
110548703
119395220
128037904
108758387
133761766
109871315
76454076
111224162
132395925
93731444
110264558
130043239
110345667
112887053
115211445
109935440
113572406
125688003
115425132
117980443
111818147
114530962
134423093
113509147
112899185
134112796
110947908
109342450
110156920
118303383
109718497
134353034
133416461
113026313
110662593
110803020
113496722
129210329
110116186
110423150
134643036
109660204
112670460
134814609
118189821
118736735
138503278
109257735
109386168
113945724
127471592
109436707
115022500
117936716
109936503
113806963
110156312
109385668
109749817
134626794
113820221
129739628
115475038
79922002
93138110
118236110
109904261
114921201
114110015
109943850
121341204
124881385
109539370
114756036
128766261
109520279
111343706
108176667
134118368
137338277
113168927
110195016
109084589
121381631
123391315
132221479
