  RSS
 8384
  RSS
 8448
  RSS
 8384
  RSS
 8468
  RSS
 8496
  RSS
 8480
  RSS
 8556
  RSS
 8520
  RSS
 8520
  RSS
 8448
  RSS
 8556
  RSS
 8484
  RSS
 8484
  RSS
 8480
  RSS
 8472
  RSS
 8504
  RSS
 8500
  RSS
 8480
  RSS
 8448
  RSS
 8484
  RSS
 8564
  RSS
 8432
  RSS
 8392
  RSS
 8488
  RSS
 8392
  RSS
 8560
  RSS
 8372
  RSS
 8388
  RSS
 8508
  RSS
 8484
  RSS
 8488
  RSS
 8416
  RSS
 8516
  RSS
 8424
  RSS
 8508
  RSS
 8592
  RSS
 8376
  RSS
 8504
  RSS
 8508
  RSS
 8464
  RSS
 8448
  RSS
 8324
  RSS
 8484
  RSS
 8472
  RSS
 8448
  RSS
 8472
  RSS
 8464
  RSS
 8388
  RSS
 8324
  RSS
 8464
  RSS
 8500
  RSS
 8560
  RSS
 8464
  RSS
 8488
  RSS
 8556
  RSS
 8484
  RSS
 8512
  RSS
 8488
  RSS
 8448
  RSS
 8372
  RSS
 8460
  RSS
 8488
  RSS
 8408
  RSS
 8572
  RSS
 8476
  RSS
 8480
  RSS
 8528
  RSS
 8552
  RSS
 8504
  RSS
 8512
  RSS
 8384
  RSS
 8472
  RSS
 8340
  RSS
 8324
  RSS
 8552
  RSS
 8532
  RSS
 8372
  RSS
 8536
  RSS
 8572
  RSS
 8492
  RSS
 8560
  RSS
 8356
  RSS
 8504
  RSS
 8556
  RSS
 8592
  RSS
 8524
  RSS
 8472
  RSS
 8472
  RSS
 8496
  RSS
 8376
  RSS
 8440
  RSS
 8388
  RSS
 8480
  RSS
 8464
  RSS
 8520
  RSS
 8556
  RSS
 8376
  RSS
 8504
  RSS
 8568
  RSS
 8564
