13433926
13257611
17358074
17163906
17569334
13356907
13147222
13309684
13396389
13555555
13320741
17841870
13496055
13526518
13469944
15873871
13300240
13420463
13390277
13478500
9339278
13308203
17261797
13397500
13379167
13379037
13340612
17456463
13381407
13446982
13340241
17440870
13265055
17362518
13278852
13271999
13334518
13361593
17375184
13354981
13491093
13479777
13579703
17418926
13253925
13268834
13312888
17408517
13480908
13365148
13498741
13359389
13405519
13339149
13242315
13319982
17487611
13413204
17470742
17541740
13225000
13331760
13394185
13467371
13498001
13406222
13398409
17135908
13324556
13298204
13275259
13462518
13300742
13271333
13259297
13609888
13272889
9156482
13289352
17464296
13507797
13336630
13458703
13359499
17528259
17465741
13436333
13401981
13359481
13391427
13404500
17500464
13400944
13293056
13383185
13413907
13354926
17272130
13446130
17292555
