185934965
182620186
188100907
185384264
178999479
187243792
186132963
169794202
184049701
178815926
179029669
189396184
176560868
197852422
175987260
192038980
175898941
179246628
190852757
176567905
194924129
175682738
188571797
179036816
181268366
178276687
165016464
178652224
158825073
180738632
179322129
185859666
152501240
179146852
177971574
178971091
182614146
178677923
181783610
189319423
186196461
172335133
175646239
178981853
198182589
190076187
179555660
133432667
188246908
198940741
193178110
181828295
181780942
178269720
178263867
178654721
175413515
177007315
166263017
178778090
185511126
188453962
178747389
178874613
186810572
188832854
133622797
179024463
169617611
174599500
183673736
179299000
185129427
179152683
169930332
179099554
187876685
193160371
198596684
180093020
187415145
198068314
190955072
178362646
178686886
181599555
181221016
178691335
178686319
179077905
178165554
189141663
180074762
179338963
178958447
179407613
178949959
187585707
189309463
185413758
