  RSS
 4940
  RSS
 4724
  RSS
 4840
  RSS
 4828
  RSS
 4924
  RSS
 4880
  RSS
 4948
  RSS
 4900
  RSS
 4724
  RSS
 4960
  RSS
 4928
  RSS
 4940
  RSS
 4928
  RSS
 4880
  RSS
 4724
  RSS
 4952
  RSS
 4928
  RSS
 4980
  RSS
 4880
  RSS
 4928
  RSS
 4724
  RSS
 4724
  RSS
 4724
  RSS
 4912
  RSS
 4980
  RSS
 4848
  RSS
 4724
  RSS
 4880
  RSS
 4900
  RSS
 4948
  RSS
 4892
  RSS
 4924
  RSS
 4948
  RSS
 4900
  RSS
 4860
  RSS
 4948
  RSS
 4892
  RSS
 4880
  RSS
 4836
  RSS
 4988
  RSS
 4980
  RSS
 4880
  RSS
 4988
  RSS
 4928
  RSS
 4988
  RSS
 4900
  RSS
 4948
  RSS
 4924
  RSS
 4724
  RSS
 4988
  RSS
 4952
  RSS
 5152
  RSS
 4948
  RSS
 4892
  RSS
 4948
  RSS
 4924
  RSS
 4880
  RSS
 4948
  RSS
 4892
  RSS
 4784
  RSS
 4924
  RSS
 4732
  RSS
 4892
  RSS
 4924
  RSS
 4924
  RSS
 4836
  RSS
 5448
  RSS
 4948
  RSS
 4940
  RSS
 4940
  RSS
 4928
  RSS
 4928
  RSS
 4948
  RSS
 4948
  RSS
 4784
  RSS
 4940
  RSS
 4948
  RSS
 4924
  RSS
 4724
  RSS
 4960
  RSS
 4892
  RSS
 4892
  RSS
 4836
  RSS
 4928
  RSS
 4948
  RSS
 4952
  RSS
 4912
  RSS
 4988
  RSS
 4948
  RSS
 4912
  RSS
 4988
  RSS
 4948
  RSS
 4880
  RSS
 4880
  RSS
 4948
  RSS
 4900
  RSS
 4912
  RSS
 4836
  RSS
 4784
  RSS
 4940
