17625074
17274963
13409851
13443112
13471499
13511888
13538222
17387537
17273223
13277686
13351648
13545444
13633186
13474777
13303666
13431166
13248000
13439278
13380815
13789925
13300073
13278574
17418797
17160000
13463926
13347685
17450630
13261555
13289370
17526981
13292148
13433334
13407037
13447426
17416482
13368019
17557686
13298594
17367685
13325519
13479314
13215815
13320223
13577853
13402501
13480426
13401036
9280092
13547481
13464129
13599223
15780462
16278591
13270370
13413277
13340797
13520203
13418148
13271351
13516833
13425611
13269074
13299167
13322426
16242518
13700889
9309685
13379370
17388353
17515815
13389351
13492279
17480908
13338944
17335889
13791703
13444869
13478315
13437369
13467148
13352148
13531850
13358186
13567260
13415278
16134537
13499129
13273148
13494538
13316629
13357000
13394907
13391630
13439334
13227519
13427074
13405093
17843741
13359758
13488333
