1 0 49929172 5586725 218921463 5586725 268850635
2 0 47898247 5586725 221527803 5586725 269426050
3 0 46684549 5586725 223297454 5586725 269982003
4 0 45644809 5586725 224955497 5586725 270600306
5 0 44525145 5586725 226620799 5586725 271145944
6 0 43433720 5586725 228259454 5586725 271693174
7 0 42305538 5586725 229917960 5586725 272223498
8 0 41023654 5586725 231799443 5586725 272823097
9 0 39924935 5586725 233447115 5586725 273372050
10 0 38818548 5586725 235097473 5586725 273916021
11 0 37728087 5586725 236726720 5586725 274454807
12 0 36631515 5586725 238366653 5586725 274998168
13 0 35510462 5586725 240043325 5586725 275553787
14 0 34311762 5586725 241777607 5586725 276089369
15 0 33183043 5586725 243447927 5586725 276630970
16 0 32052823 5586725 245119896 5586725 277172719
1 0 49054244 5586734 592199083 5586734 641253327
2 0 47200779 5586734 594602612 5586734 641803391
3 0 46013209 5586734 596353135 5586734 642366344
4 0 44919452 5586734 597996289 5586734 642915741
5 0 43793898 5586734 599647462 5586734 643441360
6 0 42568793 5586734 601412465 5586734 643981258
7 0 41433647 5586734 603075749 5586734 644509396
8 0 40365816 5586734 604727699 5586734 645093515
9 0 39262280 5586734 606377928 5586734 645640208
10 0 38162172 5586734 608024563 5586734 646186735
11 0 37077840 5586734 609648181 5586734 646726021
12 0 35848141 5586734 611418055 5586734 647266196
13 0 34748292 5586734 613061357 5586734 647809649
14 0 33018416 5586734 615323241 5586734 648341657
15 0 31893974 5586734 616995765 5586734 648889739
16 0 30776458 5586734 618649734 5586734 649426192
1 0 36320410 5586744 207188701 5586744 243509111
2 0 34762069 5586744 209036296 5586744 243798365
3 0 33609960 5586744 210465362 5586744 244075322
4 0 32594776 5586744 211749856 5586744 244344632
5 0 31619332 5586744 213003036 5586744 244622368
6 0 30663313 5586744 214234272 5586744 244897585
7 0 29685201 5586744 215478582 5586744 245163783
8 0 28757996 5586744 216710337 5586744 245468333
9 0 27798903 5586744 217943814 5586744 245742717
10 0 26842884 5586744 219174383 5586744 246017267
11 0 25796145 5586744 220492284 5586744 246288429
12 0 24812645 5586744 221747538 5586744 246560183
13 0 23843255 5586744 222980108 5586744 246823363
14 0 22863552 5586744 224239084 5586744 247102636
15 0 21866940 5586744 225505820 5586744 247372760
16 0 21080104 5586744 226763518 5586744 247843622
1 0 38077988 5586753 787615252 5586753 825693240
2 0 36671403 5586753 789469050 5586753 826140453
3 0 35623459 5586753 790936838 5586753 826560297
4 0 34760513 5586753 792206443 5586753 826966956
5 0 33919677 5586753 793466901 5586753 827386578
6 0 33094451 5586753 794704045 5586753 827798496
7 0 32252450 5586753 795946780 5586753 828199230
8 0 31457168 5586753 797189887 5586753 828647055
9 0 30631221 5586753 798426604 5586753 829057825
10 0 29795829 5586753 799670951 5586753 829466780
11 0 28882790 5586753 800988075 5586753 829870865
12 0 28093824 5586753 802244347 5586753 830338171
13 0 27279598 5586753 803483509 5586753 830763107
14 0 25938327 5586753 805228847 5586753 831167174
15 0 25067140 5586753 806511915 5586753 831579055
16 0 24225989 5586753 807763558 5586753 831989547
1 0 36904622 5586763 117578238 5586763 154482860
2 0 35493426 5586763 119427944 5586763 154921370
3 0 34441556 5586763 120902898 5586763 155344454
4 0 33569350 5586763 122185967 5586763 155755317
5 0 32718070 5586763 123459480 5586763 156177550
6 0 31889437 5586763 124709938 5586763 156599375
7 0 31029120 5586763 125973451 5586763 157002571
8 0 30227210 5586763 127230168 5586763 157457378
9 0 29390374 5586763 128483885 5586763 157874259
10 0 28548241 5586763 129742510 5586763 158290751
11 0 27600389 5586763 131098632 5586763 158699021
12 0 26749015 5586763 132366535 5586763 159115550
13 0 25913754 5586763 133624344 5586763 159538098
14 0 25026363 5586763 134919875 5586763 159946238
15 0 24224119 5586763 136198555 5586763 160422674
16 0 23365987 5586763 137475901 5586763 160841888
1 0 36728902 5586772 527921163 5586772 564650065
2 0 35291559 5586772 529781554 5586772 565073113
3 0 34181950 5586772 531339673 5586772 565521623
4 0 33328873 5586772 532610279 5586772 565939152
5 0 32470982 5586772 533875959 5586772 566346941
6 0 31649313 5586772 535113546 5586772 566762859
7 0 30788996 5586772 536377689 5586772 567166685
8 0 29994825 5586772 537626110 5586772 567620935
9 0 29171099 5586772 538868106 5586772 568039205
10 0 28271987 5586772 540170229 5586772 568442216
11 0 27417670 5586772 541442390 5586772 568860060
12 0 26578890 5586772 542693422 5586772 569272312
13 0 25749960 5586772 543933566 5586772 569683526
14 0 24929791 5586772 545211301 5586772 570141092
15 0 24076603 5586772 546490036 5586772 570566639
16 0 23227897 5586772 547750568 5586772 570978465
1 0 36650811 5586781 957396807 5586781 994047618
2 0 35200912 5586781 959270198 5586781 994471110
3 0 34181358 5586781 960723022 5586781 994904380
4 0 33329448 5586781 961992702 5586781 995322150
5 0 32472834 5586781 963257086 5586781 995729920
6 0 31638313 5586781 964505377 5586781 996143690
7 0 30778311 5586781 965767316 5586781 996545627
8 0 29993307 5586781 967021996 5586781 997015303
9 0 29163859 5586781 968266695 5586781 997430554
10 0 28316227 5586781 969514764 5586781 997830991
11 0 27432244 5586781 970823721 5586781 998255965
12 0 26584112 5586781 972087549 5586781 998671661
13 0 25750330 5586781 973333767 5586781 999084097
14 0 24886958 5586781 974610539 5586781 999497497
15 0 24018216 5586781 975888533 5586781 999906749
16 0 23282840 5586781 977150510 5586782 433350
1 0 36957250 5586791 577440169 5586791 614397419
2 0 35545683 5586791 579285061 5586791 614830744
3 0 34476889 5586791 580771699 5586791 615248588
4 0 33620849 5586791 582031213 5586791 615652062
5 0 32788532 5586791 583281263 5586791 616069795
6 0 31973158 5586791 584507351 5586791 616480509
7 0 31125359 5586791 585753513 5586791 616878872
8 0 30331430 5586791 587001008 5586791 617332438
9 0 29509593 5586791 588233615 5586791 617743208
10 0 28682054 5586791 589476665 5586791 618158719
11 0 27793237 5586791 590768530 5586791 618561767
12 0 26948919 5586791 592021173 5586791 618970092
13 0 26128898 5586791 593259279 5586791 619388177
14 0 24808145 5586791 594984228 5586791 619792373
15 0 23999771 5586791 596270241 5586791 620270012
16 0 23172934 5586791 597523033 5586791 620695967
1 0 36630367 5586800 968236383 5586801 4866750
2 0 35120118 5586800 970174828 5586801 5294946
3 0 34122229 5586800 971585839 5586801 5708068
4 0 33249208 5586800 972860778 5586801 6109986
5 0 32410539 5586800 974116847 5586801 6527386
6 0 31583647 5586800 975354027 5586801 6937674
7 0 30734052 5586800 976602985 5586801 7337037
8 0 29944493 5586800 977841147 5586801 7785640
9 0 29114841 5586800 979081328 5586801 8196169
10 0 28212729 5586800 980391636 5586801 8604365
11 0 27351263 5586800 981656872 5586801 9008135
12 0 26527372 5586800 982890182 5586801 9417554
13 0 25702091 5586800 984132844 5586801 9834935
14 0 24887829 5586800 985406523 5586801 10294352
15 0 24047400 5586800 986665296 5586801 10712696
16 0 23202008 5586800 987920865 5586801 11122873
1 0 36957472 5586810 357128785 5586810 394086257
2 0 35565517 5586810 358971176 5586810 394536693
3 0 34561332 5586810 360394242 5586810 394955574
4 0 33689404 5586810 361671959 5586810 395361363
5 0 32856660 5586810 362924695 5586810 395781355
6 0 32037768 5586810 364156542 5586810 396194310
7 0 31191414 5586810 365402629 5586810 396594043
8 0 30401633 5586810 366640439 5586810 397042072
9 0 29572925 5586810 367878324 5586810 397451249
10 0 28736015 5586810 369124319 5586810 397860334
11 0 27846939 5586810 370415128 5586810 398262067
12 0 26994900 5586810 371676049 5586810 398670949
13 0 26181211 5586810 372905822 5586810 399087033
14 0 24852459 5586810 374636030 5586810 399488489
15 0 23989567 5586810 375907321 5586810 399896888
16 0 23188694 5586810 377174519 5586810 400363213
