1 0 199887523 5587107 717523915 5587107 917411438
2 0 198313015 5587107 719387621 5587107 917700636
3 0 197226758 5587107 720771706 5587107 917998464
4 0 196219185 5587107 722060700 5587107 918279885
5 0 195232425 5587107 723322621 5587107 918555046
6 0 194264684 5587107 724569727 5587107 918834411
7 0 193305369 5587107 725810389 5587107 919115758
8 0 192335368 5587107 727050477 5587107 919385845
9 0 191371627 5587107 728310620 5587107 919682247
10 0 190409127 5587107 729550208 5587107 919959335
11 0 190039004 5587107 730956219 5587107 920995223
12 0 189075874 5587107 732205991 5587107 921281865
13 0 188067004 5587107 733487486 5587107 921554490
14 0 187070208 5587107 734763295 5587107 921833503
15 0 186137262 5587107 735984217 5587107 922121479
16 0 185201503 5587107 737193175 5587107 922394678
17 0 184282742 5587107 738395764 5587107 922678506
18 0 183303446 5587107 739655129 5587107 922958575
19 0 182293964 5587107 740935383 5587107 923229347
20 0 181362834 5587107 742148471 5587107 923511305
21 0 180390648 5587107 743426614 5587107 923817262
22 0 179455721 5587107 744644165 5587107 924099886
23 0 178503202 5587107 745874735 5587107 924377937
24 0 177587201 5587107 747067620 5587107 924654821
25 0 176648960 5587107 748278689 5587107 924927649
26 0 175729588 5587107 749475037 5587107 925204625
27 0 174749606 5587107 750735866 5587107 925485472
28 0 173790753 5587107 751970713 5587107 925761466
29 0 172879345 5587107 753160153 5587107 926039498
30 0 171803106 5587107 754508813 5587107 926311919
31 0 170863605 5587107 755729142 5587107 926592747
32 0 169950622 5587107 756917416 5587107 926868038
33 0 169011436 5587107 758132801 5587107 927144237
34 0 168105157 5587107 759320389 5587107 927425546
35 0 167070621 5587107 760631383 5587107 927702004
36 0 166127731 5587107 761844823 5587107 927972554
37 0 165182286 5587107 763067782 5587107 928250068
38 0 164251581 5587107 764265945 5587107 928517526
39 0 163342024 5587107 765468089 5587107 928810113
40 0 162419634 5587107 766676585 5587107 929096219
41 0 161491226 5587107 767872247 5587107 929363473
42 0 160519336 5587107 769122409 5587107 929641745
43 0 159546466 5587107 770370126 5587107 929916592
44 0 158644834 5587107 771584826 5587107 930229660
45 0 157728704 5587107 772783118 5587107 930511822
46 0 156835146 5587107 773978818 5587107 930813964
47 0 155885423 5587107 775197425 5587107 931082848
48 0 154978996 5587107 776383606 5587107 931362602
49 0 154045143 5587107 777596065 5587107 931641208
50 0 153125308 5587107 778781487 5587107 931906795
51 0 152201567 5587107 779984279 5587107 932185846
52 0 151200845 5587107 781258440 5587107 932459285
53 0 150285232 5587107 782448659 5587107 932733891
54 0 149304566 5587107 783707505 5587107 933012071
55 0 148369472 5587107 784908538 5587107 933278010
56 0 147436546 5587107 786117293 5587107 933553839
57 0 146520915 5587107 787312252 5587107 933833167
58 0 145613431 5587107 788500471 5587107 934113902
59 0 144680522 5587107 789716504 5587107 934397026
60 0 143703356 5587107 790974961 5587107 934678317
61 0 142778651 5587107 792172550 5587107 934951201
62 0 141860668 5587107 793372157 5587107 935232825
63 0 140945223 5587107 794560042 5587107 935505265
64 0 140007092 5587107 795779556 5587107 935786648
65 0 139085535 5587107 796975386 5587107 936060921
66 0 138114053 5587107 798227307 5587107 936341360
67 0 137180090 5587107 799427247 5587107 936607337
68 0 135586008 5587107 801295342 5587107 936881350
69 0 134663451 5587107 802504523 5587107 937167974
70 0 133743488 5587107 803699185 5587107 937442673
71 0 132832634 5587107 804900052 5587107 937732686
72 0 131924911 5587107 806089733 5587107 938014644
73 0 130985039 5587107 807306692 5587107 938291731
74 0 130073575 5587107 808485355 5587107 938558930
75 0 129149870 5587107 809688777 5587107 938838647
76 0 128168037 5587107 810954734 5587107 939122771
77 0 127274146 5587107 812150434 5587107 939424580
78 0 126311979 5587107 813394651 5587107 939706630
79 0 125407107 5587107 814577592 5587107 939984699
80 0 125233295 5587107 815785625 5587107 941018920
81 0 124303757 5587107 816983899 5587107 941287656
82 0 123401663 5587107 818166895 5587107 941568558
83 0 122472921 5587107 819379650 5587107 941852571
84 0 121516014 5587107 820613849 5587107 942129863
85 0 120564272 5587107 821840104 5587107 942404376
86 0 119643123 5587107 823035785 5587107 942678908
87 0 118739677 5587107 824218263 5587107 942957940
88 0 117788157 5587107 825436407 5587107 943224564
89 0 116881657 5587107 826617384 5587107 943499041
90 0 115893767 5587107 827880694 5587107 943774461
91 0 114955673 5587107 829094931 5587107 944050604
92 0 113899378 5587107 830426443 5587107 944325821
93 0 112945638 5587107 831658993 5587107 944604631
94 0 112019970 5587107 832872248 5587107 944892218
95 0 111096228 5587107 834087374 5587107 945183602
96 0 110172338 5587107 835286777 5587107 945459115
97 0 109243319 5587107 836490143 5587107 945733462
98 0 108320947 5587107 837687343 5587107 946008290
99 0 107378094 5587107 838898746 5587107 946276840
100 0 106402964 5587107 840146112 5587107 946549076
101 0 105469574 5587107 841361311 5587107 946830885
102 0 104479370 5587107 842618047 5587107 947097417
103 0 103550648 5587107 843820709 5587107 947371357
104 0 102674108 5587107 845037798 5587107 947711906
105 0 101760811 5587107 846226349 5587107 947987160
106 0 100842438 5587107 847426994 5587107 948269432
107 0 99904530 5587107 848646008 5587107 948550538
108 0 99002177 5587107 849829467 5587107 948831644
109 0 96649092 5587107 852448362 5587107 949097454
110 0 96109787 5587107 853261902 5587107 949371689
111 0 95586223 5587107 854061813 5587107 949648036
112 0 95056529 5587107 854881687 5587107 949938216
113 0 94569002 5587107 855672153 5587107 950241155
114 0 95587593 5587107 856512656 5587107 952100249
115 0 95035437 5587107 857318178 5587107 952353615
116 0 94479595 5587107 858126052 5587107 952605647
117 0 93928661 5587107 858927333 5587107 952855994
118 0 93398968 5587107 859719281 5587107 953118249
119 0 92809886 5587107 860576413 5587107 953386299
120 0 92280804 5587107 861380657 5587107 953661461
121 0 91747276 5587107 862180883 5587107 953928159
122 0 91231026 5587107 862979387 5587107 954210413
123 0 90695740 5587107 863780668 5587107 954476408
124 0 90176861 5587107 864584227 5587107 954761088
125 0 89656019 5587107 865381823 5587107 955037842
126 0 89083900 5587107 866222585 5587107 955306485
127 0 88545948 5587107 867039236 5587107 955585184
128 0 88010680 5587107 867848314 5587107 955858994
1 0 206458547 5587136 527147393 5587136 733605940
2 0 204903428 5587136 528991488 5587136 733894916
3 0 203693136 5587136 530485423 5587136 734178559
4 0 202689230 5587136 531782472 5587136 734471702
5 0 201659601 5587136 533082392 5587136 734741993
6 0 200143240 5587136 534876285 5587136 735019525
7 0 198769192 5587136 536532013 5587136 735301205
8 0 197403959 5587136 538168241 5587136 735572200
9 0 196023133 5587136 539825562 5587136 735848695
10 0 194606307 5587136 541541234 5587136 736147541
11 0 193231407 5587136 543184388 5587136 736415795
12 0 191868767 5587136 544821264 5587136 736690031
13 0 190433367 5587136 546529140 5587136 736962507
14 0 188459811 5587136 548777246 5587136 737237057
15 0 187072782 5587136 550446029 5587136 737518811
16 0 185720085 5587136 552070388 5587136 737790473
17 0 184396481 5587136 553665950 5587136 738062431
18 0 182976545 5587136 555361918 5587136 738338463
19 0 181633291 5587136 556976592 5587136 738609883
20 0 180310761 5587136 558573580 5587136 738884341
21 0 178829048 5587136 560337843 5587136 739166891
22 0 177489592 5587136 561990979 5587136 739480571
23 0 176141543 5587136 563617171 5587136 739758714
24 0 174874882 5587136 565194289 5587136 740069171
25 0 173556259 5587136 566804703 5587136 740360962
26 0 172239227 5587136 568397248 5587136 740636475
27 0 170932881 5587136 569971996 5587136 740904877
28 0 169528908 5587136 571659483 5587136 741188391
29 0 168226321 5587136 573237175 5587136 741463496
30 0 166832829 5587136 574896514 5587136 741729343
31 0 165520502 5587136 576492799 5587136 742013301
32 0 164216878 5587136 578074992 5587136 742291870
33 0 162874867 5587136 579684313 5587136 742559180
34 0 161541095 5587136 581326801 5587136 742867896
35 0 160188195 5587136 582958122 5587136 743146317
36 0 158857442 5587136 584555055 5587136 743412497
37 0 157528503 5587136 586161618 5587136 743690121
38 0 156211362 5587136 587754495 5587136 743965857
39 0 154889331 5587136 589342891 5587136 744232222
40 0 153385526 5587136 591136598 5587136 744522124
41 0 152054255 5587136 592735105 5587136 744789360
42 0 150666152 5587136 594397055 5587136 745063207
43 0 149332899 5587136 596009284 5587136 745342183
44 0 148002516 5587136 597605551 5587136 745608067
45 0 146681189 5587136 599200873 5587136 745882062
46 0 145340899 5587136 600850916 5587136 746191815
47 0 143997573 5587136 602461774 5587136 746459347
48 0 142682357 5587136 604051670 5587136 746734027
49 0 141353345 5587136 605659344 5587136 747012689
50 0 140047703 5587136 607231444 5587136 747279147
51 0 138728024 5587136 608826284 5587136 747554308
52 0 137343123 5587136 610487124 5587136 747830247
53 0 136013445 5587136 612091019 5587136 748104464
54 0 134630008 5587136 613747340 5587136 748377348
55 0 133309699 5587136 615337514 5587136 748647213
56 0 131979095 5587136 616943002 5587136 748922097
57 0 130659656 5587136 618538380 5587136 749198036
58 0 129321997 5587136 620159627 5587136 749481624
59 0 127963318 5587136 621797374 5587136 749760692
60 0 127395051 5587136 623370937 5587136 750765988
61 0 126062743 5587136 624994610 5587136 751057353
62 0 124758953 5587136 626581969 5587136 751340922
63 0 123459495 5587136 628156329 5587136 751615824
64 0 122122187 5587136 629780391 5587136 751902578
65 0 120734288 5587136 631443674 5587136 752177962
66 0 119708196 5587136 632748113 5587136 752456309
67 0 119172761 5587136 633553357 5587136 752726118
68 0 118644457 5587136 634357249 5587136 753001706
69 0 118129447 5587136 635158179 5587136 753287626
70 0 117605661 5587136 635956219 5587136 753561880
71 0 117100689 5587136 636759371 5587136 753860060
72 0 116585550 5587136 637553523 5587136 754139073
73 0 116048320 5587136 638367952 5587136 754416272
74 0 115527108 5587136 639157270 5587136 754684378
75 0 115009914 5587136 639952903 5587136 754962817
76 0 114434999 5587136 640811035 5587136 755246034
77 0 113939563 5587136 641610817 5587136 755550380
78 0 113381556 5587136 642446597 5587136 755828153
79 0 112869084 5587136 643238823 5587136 756107907
80 0 112337278 5587136 644046438 5587136 756383716
81 0 111802307 5587136 644846830 5587136 756649137
82 0 111287705 5587136 645644519 5587136 756932224
83 0 110751697 5587136 646462837 5587136 757214534
84 0 110236874 5587136 647253933 5587136 757490807
85 0 109695124 5587136 648065307 5587136 757760431
86 0 109168931 5587136 648864162 5587136 758033093
87 0 108650144 5587136 649662406 5587136 758312550
88 0 107339947 5587136 651242395 5587136 758582342
89 0 106799642 5587136 652056676 5587136 758856318
90 0 106224856 5587136 652905142 5587136 759129998
91 0 105662052 5587136 653736904 5587136 759398956
92 0 105075674 5587136 654606054 5587136 759681728
93 0 104543888 5587136 655416020 5587136 759959908
94 0 104079119 5587136 656206283 5587136 760285402
95 0 103561962 5587136 657018231 5587136 760580193
96 0 103032083 5587136 657821883 5587136 760853966
97 0 102511852 5587136 658621479 5587136 761133331
98 0 101991917 5587136 659415575 5587136 761407492
99 0 101423984 5587136 660249707 5587136 761673691
100 0 100887827 5587136 661062581 5587136 761950408
101 0 100370559 5587136 661857714 5587136 762228273
102 0 99795626 5587136 662697272 5587136 762492898
103 0 99271728 5587136 663497072 5587136 762768800
104 0 98809644 5587136 664303057 5587136 763112701
105 0 98292895 5587136 665091116 5587136 763384011
106 0 97774089 5587136 665892898 5587136 763666987
107 0 97249173 5587136 666697660 5587136 763946833
108 0 96729590 5587136 667494016 5587136 764223606
109 0 96184026 5587136 668309260 5587136 764493286
110 0 95672258 5587136 669095671 5587136 764767929
111 0 95147935 5587136 669893174 5587136 765041109
112 0 93641204 5587136 671693011 5587136 765334215
113 0 93101677 5587136 672498699 5587136 765600376
114 0 94108251 5587136 673340535 5587136 767448786
115 0 93572353 5587136 674133058 5587136 767705411
116 0 93019475 5587136 674935505 5587136 767954980
117 0 92472263 5587136 675733472 5587136 768205735
118 0 91947995 5587136 676519624 5587136 768467619
119 0 91404079 5587136 677328461 5587136 768732540
120 0 90885700 5587136 678126649 5587136 769012349
121 0 90366098 5587136 678919468 5587136 769285566
122 0 89843257 5587136 679721823 5587136 769565080
123 0 89269305 5587136 680560381 5587136 769829686
124 0 89455375 5587136 681365200 5587136 770820575
125 0 88945107 5587136 682163462 5587136 771108569
126 0 88376321 5587136 682998595 5587136 771374916
127 0 87843535 5587136 683813524 5587136 771657059
128 0 87317452 5587136 684612824 5587136 771930276
1 0 198523085 5587163 777444925 5587163 975968010
2 0 196957023 5587163 779305519 5587163 976262542
3 0 195850988 5587163 780696345 5587163 976547333
4 0 194856395 5587163 781981747 5587163 976838142
5 0 193865284 5587163 783243686 5587163 977108970
6 0 192897192 5587163 784488218 5587163 977385410
7 0 191941024 5587163 785723251 5587163 977664275
8 0 190970431 5587163 786960672 5587163 977931103
9 0 189975265 5587163 788230037 5587163 978205302
10 0 189045875 5587163 789462606 5587163 978508481
11 0 187994357 5587163 790782878 5587163 978777235
12 0 187030209 5587163 792021521 5587163 979051730
13 0 186047116 5587163 793286683 5587163 979333799
14 0 184562218 5587163 795036946 5587163 979599164
15 0 183616255 5587163 796263182 5587163 979879437
16 0 182720327 5587163 797468271 5587163 980188598
17 0 181799436 5587163 798668730 5587163 980468166
18 0 180814362 5587163 799928484 5587163 980742846
19 0 177940565 5587163 803071480 5587163 981012045
20 0 176987082 5587163 804301550 5587163 981288632
21 0 175994102 5587163 805574618 5587163 981568720
22 0 175071082 5587163 806805688 5587163 981876770
23 0 174123969 5587163 808028258 5587163 982152227
24 0 173214783 5587163 809214902 5587163 982429685
25 0 172123489 5587163 810575080 5587163 982698569
26 0 171173748 5587163 811799168 5587163 982972916
27 0 170258395 5587163 812990664 5587163 983249059
28 0 169314671 5587163 814208160 5587163 983522831
29 0 168400429 5587163 815396064 5587163 983796493
30 0 167387930 5587163 816675095 5587163 984063025
31 0 166464188 5587163 817876387 5587163 984340575
32 0 165560945 5587163 819059032 5587163 984619977
33 0 164567538 5587163 820316490 5587163 984884028
34 0 163667667 5587163 821524948 5587163 985192615
35 0 162714628 5587163 822752722 5587163 985467350
36 0 161784183 5587163 823948810 5587163 985732993
37 0 160852404 5587163 825159788 5587163 986012192
38 0 159934496 5587163 826353080 5587163 986287576
39 0 159005161 5587163 827547724 5587163 986552885
40 0 158097845 5587163 828747294 5587163 986845139
41 0 157174380 5587163 829938513 5587163 987112893
42 0 156144863 5587163 831243099 5587163 987387962
43 0 155214492 5587163 832447873 5587163 987662365
44 0 154282806 5587163 833645091 5587163 987927897
45 0 153359878 5587163 834840143 5587163 988200021
46 0 152472099 5587163 836030787 5587163 988502886
47 0 151536172 5587163 837233450 5587163 988769622
48 0 150616874 5587163 838426409 5587163 989043283
49 0 149690300 5587163 839630719 5587163 989321019
50 0 148673022 5587163 840912936 5587163 989585958
51 0 147728503 5587163 842131765 5587163 989860268
52 0 146824816 5587163 843355409 5587163 990180225
53 0 145912556 5587163 844538016 5587163 990450572
54 0 144926425 5587163 845796678 5587163 990723103
55 0 143994518 5587163 846997340 5587163 990991858
56 0 143061239 5587163 848204151 5587163 991265390
57 0 142135108 5587163 849402128 5587163 991537236
58 0 141181237 5587163 850643216 5587163 991824453
59 0 140234570 5587163 851870952 5587163 992105522
60 0 139309457 5587163 853067634 5587163 992377091
61 0 138387141 5587163 854260000 5587163 992647141
62 0 137468677 5587163 855456941 5587163 992925618
63 0 136555249 5587163 856636993 5587163 993192242
64 0 135616026 5587163 857857192 5587163 993473218
65 0 134697211 5587163 859049336 5587163 993746547
66 0 133061242 5587163 860962374 5587163 994023616
67 0 132095667 5587163 862199203 5587163 994294870
68 0 131173628 5587163 863394366 5587163 994567994
69 0 130255571 5587163 864590177 5587163 994845748
70 0 129343089 5587163 865779080 5587163 995122169
71 0 128430976 5587163 866982780 5587163 995413756
72 0 127516716 5587163 868172313 5587163 995689029
73 0 126580103 5587163 869386309 5587163 995966412
74 0 125617918 5587163 870621971 5587163 996239889
75 0 124683769 5587163 871820800 5587163 996504569
76 0 123766749 5587163 873022203 5587163 996788952
77 0 122876766 5587163 874211477 5587163 997088243
78 0 121904488 5587163 875459824 5587163 997364312
79 0 120996282 5587163 876645506 5587163 997641788
80 0 120066949 5587163 877849390 5587163 997916339
81 0 119155928 5587163 879032498 5587163 998188426
82 0 116933637 5587163 881536080 5587163 998469717
83 0 115938896 5587163 882810075 5587163 998748971
84 0 115034117 5587163 883990942 5587163 999025059
85 0 114085302 5587163 885207789 5587163 999293091
86 0 113166911 5587163 886398989 5587163 999565900
87 0 112269872 5587163 887575245 5587163 999845117
88 0 111637755 5587163 888786129 5587164 423884
89 0 110731161 5587163 889962107 5587164 693268
90 0 109680013 5587163 891286194 5587164 966207
91 0 108736847 5587163 892495263 5587164 1232110
92 0 107728699 5587163 893781554 5587164 1510253
93 0 106795086 5587163 894993198 5587164 1788284
94 0 105897141 5587163 896176416 5587164 2073557
95 0 104976954 5587163 897388079 5587164 2365033
96 0 104059749 5587163 898578168 5587164 2637917
97 0 103147230 5587163 899764756 5587164 2911986
98 0 102103397 5587163 901081065 5587164 3184462
99 0 101249098 5587163 902200840 5587164 3449938
100 0 100712460 5587163 903009603 5587164 3722063
101 0 100175748 5587163 903822310 5587164 3998058
102 0 99609425 5587163 904664905 5587164 4274330
103 0 99073120 5587163 905463946 5587164 4537066
104 0 98607741 5587163 906272893 5587164 4880634
105 0 98091231 5587163 907060342 5587164 5151573
106 0 97564482 5587163 907866086 5587164 5430568
107 0 97036955 5587163 908673626 5587164 5710581
108 0 96528909 5587163 909456908 5587164 5985817
109 0 95946661 5587163 910302725 5587164 6249386
110 0 95424430 5587163 911096840 5587164 6521270
111 0 94901606 5587163 911892177 5587164 6793783
112 0 94370468 5587163 912710902 5587164 7081370
113 0 93844534 5587163 913503628 5587164 7348162
114 0 93282915 5587163 914337390 5587164 7620305
115 0 94372968 5587163 915125412 5587164 9498380
116 0 93822257 5587163 915928508 5587164 9750765
117 0 93225249 5587163 916773752 5587164 9999001
118 0 92723980 5587163 917566441 5587164 10290421
119 0 92181675 5587163 918376148 5587164 10557823
120 0 91647797 5587163 919176614 5587164 10824411
121 0 91129251 5587163 919975747 5587164 11104998
122 0 90485855 5587163 920891823 5587164 11377678
123 0 89986421 5587163 921696826 5587164 11683247
124 0 89448024 5587163 922501570 5587164 11949594
125 0 88926922 5587163 923300759 5587164 12227681
126 0 88357896 5587163 924142243 5587164 12500139
127 0 87802832 5587163 924961691 5587164 12764523
128 0 87283564 5587163 925760009 5587164 13043573
1 0 196899468 5587191 572197655 5587191 769097123
2 0 194773563 5587191 574611443 5587191 769385006
3 0 193368331 5587191 576300022 5587191 769668353
4 0 191983004 5587191 577974269 5587191 769957273
5 0 190631308 5587191 579650274 5587191 770281582
6 0 189040246 5587191 581524220 5587191 770564466
7 0 187781195 5587191 583073080 5587191 770854275
8 0 186795306 5587191 584331334 5587191 771126640
9 0 185804010 5587191 585600440 5587191 771404450
10 0 184859009 5587191 586840991 5587191 771700000
11 0 183878490 5587191 588094264 5587191 771972754
12 0 182917305 5587191 589333277 5587191 772250582
13 0 181773882 5587191 590748843 5587191 772522725
14 0 180774382 5587191 592025171 5587191 772799553
15 0 179834974 5587191 593247463 5587191 773082437
16 0 178900047 5587191 594453496 5587191 773353543
17 0 177970009 5587191 595659807 5587191 773629816
18 0 176969120 5587191 596939857 5587191 773908977
19 0 176028138 5587191 598149519 5587191 774177657
20 0 175099526 5587191 599355293 5587191 774454819
21 0 174056786 5587191 600684138 5587191 774740924
22 0 173128285 5587191 601920226 5587191 775048511
23 0 172176266 5587191 603152462 5587191 775328728
24 0 171260542 5587191 604347329 5587191 775607871
25 0 170313727 5587191 605565435 5587191 775879162
26 0 169390337 5587191 606767468 5587191 776157805
27 0 168468372 5587191 607956761 5587191 776425133
28 0 167524112 5587191 609182312 5587191 776706424
29 0 166556260 5587191 610426548 5587191 776982808
30 0 165551816 5587191 611696876 5587191 777248692
31 0 164628111 5587191 612904483 5587191 777532594
32 0 163715110 5587191 614099294 5587191 777814404
33 0 162766924 5587191 615314715 5587191 778081639
34 0 161883848 5587191 616504008 5587191 778387856
35 0 160933291 5587191 617732411 5587191 778665702
36 0 159996291 5587191 618937666 5587191 778933957
37 0 158808073 5587191 620403101 5587191 779211174
38 0 157854184 5587191 621636559 5587191 779490743
39 0 156922830 5587191 622839296 5587191 779762126
40 0 156802499 5587191 624048366 5587191 780850865
41 0 155893498 5587191 625248825 5587191 781142323
42 0 154902349 5587191 626516635 5587191 781418984
43 0 153958331 5587191 627737537 5587191 781695868
44 0 153017718 5587191 628944811 5587191 781962529
45 0 152052940 5587191 630184566 5587191 782237506
46 0 151136438 5587191 631408006 5587191 782544444
47 0 150194216 5587191 632622094 5587191 782816310
48 0 149265419 5587191 633824923 5587191 783090342
49 0 148328010 5587191 635039789 5587191 783367799
50 0 147409176 5587191 636226637 5587191 783635813
51 0 146487026 5587191 637423559 5587191 783910585
52 0 145540784 5587191 638647481 5587191 784188265
53 0 144620357 5587191 639843551 5587191 784463908
54 0 142792503 5587191 641952919 5587191 784745422
55 0 141837799 5587191 643178136 5587191 785015935
56 0 140899391 5587191 644392002 5587191 785291393
57 0 139973408 5587191 645597850 5587191 785571258
58 0 139069092 5587191 646785624 5587191 785854716
59 0 138134109 5587191 648005805 5587191 786139914
60 0 137224237 5587191 649191505 5587191 786415742
61 0 136233608 5587191 650450148 5587191 786683756
62 0 135304051 5587191 651662773 5587191 786966824
63 0 134387494 5587191 652851547 5587191 787239041
64 0 133444234 5587191 654078839 5587191 787523073
65 0 132524418 5587191 655277354 5587191 787801772
66 0 131549603 5587191 656530293 5587191 788079896
67 0 130620343 5587191 657731215 5587191 788351558
68 0 129687823 5587191 658942766 5587191 788630589
69 0 128446680 5587191 660468589 5587191 788915269
70 0 127496438 5587191 661695585 5587191 789192023
71 0 126577474 5587191 662908692 5587191 789486166
72 0 125656658 5587191 664106725 5587191 789763383
73 0 124740009 5587191 665328702 5587191 790068711
74 0 123836656 5587191 666513846 5587191 790350502
75 0 122915192 5587191 667711601 5587191 790626793
76 0 121993431 5587191 668919116 5587191 790912547
77 0 121068615 5587191 670150704 5587191 791219319
78 0 120080114 5587191 671424032 5587191 791504146
79 0 119161873 5587191 672616750 5587191 791778623
80 0 118229779 5587191 673825579 5587191 792055358
81 0 117303000 5587191 675018520 5587191 792321520
82 0 116383203 5587191 676217182 5587191 792600385
83 0 115438239 5587191 677447789 5587191 792886028
84 0 114517275 5587191 678644359 5587191 793161634
85 0 113563033 5587191 679863503 5587191 793426536
86 0 112045080 5587191 681655414 5587191 793700494
87 0 111131764 5587191 682848521 5587191 793980285
88 0 110176838 5587191 684068535 5587191 794245373
89 0 109255578 5587191 685268864 5587191 794524442
90 0 108261837 5587191 686536396 5587191 794798233
91 0 107310077 5587191 687754429 5587191 795064506
92 0 106235209 5587191 689110662 5587191 795345871
93 0 105251560 5587191 690373194 5587191 795624754
94 0 104565351 5587191 691341250 5587191 795906601
95 0 104036009 5587191 692166012 5587191 796202021
96 0 103502297 5587191 692975312 5587191 796477609
97 0 102964899 5587191 693786519 5587191 796751418
98 0 102444001 5587191 694586171 5587191 797030172
99 0 101899845 5587191 695397267 5587191 797297112
100 0 101365800 5587191 696204103 5587191 797569903
101 0 100846865 5587191 697013218 5587191 797860083
102 0 100261876 5587191 697863831 5587191 798125707
103 0 99725867 5587191 698672798 5587191 798398665
104 0 99256136 5587191 699487597 5587191 798743733
105 0 98329708 5587191 700686371 5587191 799016079
106 0 97777033 5587191 701517226 5587191 799294259
107 0 97242099 5587191 702334266 5587191 799576365
108 0 96717517 5587191 703135362 5587191 799852879
109 1 108677342 5587191 703968772 5587192 812646114
110 1 107207221 5587191 704766146 5587192 811973367
111 1 105724749 5587191 705568409 5587192 811293158
112 1 104243314 5587191 706385671 5587192 810628985
113 1 102645325 5587191 707187471 5587192 809832796
114 1 101117927 5587191 708029900 5587192 809147827
115 1 99637086 5587191 708828199 5587192 808465285
116 1 98143502 5587191 709642925 5587192 807786427
117 1 96615735 5587191 710483835 5587192 807099570
118 1 95145503 5587191 711287857 5587192 806433360
119 1 93410481 5587191 712108267 5587192 805518748
120 1 91941434 5587191 712917067 5587192 804858501
121 1 90441758 5587191 713729719 5587192 804171477
122 0 86357600 5587191 714539092 5587191 800896692
123 0 85838740 5587191 715345762 5587191 801184502
124 1 87390148 5587191 716157840 5587192 803547988
125 1 85959009 5587191 716962250 5587192 802921259
126 1 84479852 5587191 717809790 5587192 802289642
127 1 83001213 5587191 718637737 5587192 801638950
128 0 82013849 5587191 719444185 5587191 801458034
1 0 194214259 5587218 632303406 5587218 826517665
2 0 192110817 5587218 634693306 5587218 826804123
3 0 190713733 5587218 636373163 5587218 827086896
4 0 189333611 5587218 638038687 5587218 827372298
5 0 187954729 5587218 639701082 5587218 827655811
6 0 186481090 5587218 641443086 5587218 827924176
7 0 185114745 5587218 643098203 5587218 828212948
8 0 183752844 5587218 644739284 5587218 828492128
9 0 182364278 5587218 646394938 5587218 828759216
10 0 181001527 5587218 648037573 5587218 829039100
11 0 179649348 5587218 649673691 5587218 829323039
12 0 178209097 5587218 651390196 5587218 829599293
13 0 176788050 5587218 653090497 5587218 829878547
14 0 175389836 5587218 655347121 5587218 830736957
15 0 174045231 5587218 656976276 5587218 831021507
16 0 172735867 5587218 658569172 5587218 831305039
17 0 171306079 5587218 660269399 5587218 831575478
18 0 169872513 5587218 661978145 5587218 831850658
19 0 168554186 5587218 663573337 5587218 832127523
20 0 167227396 5587218 665167418 5587218 832394814
21 0 165833256 5587218 666838961 5587218 832672217
22 0 164505280 5587218 668457190 5587218 832962470
23 0 163140935 5587218 670120270 5587218 833261205
24 0 161810128 5587218 671728517 5587218 833538645
25 0 160463208 5587218 673343117 5587218 833806325
26 0 159136233 5587218 674945994 5587218 834082227
27 0 157842054 5587218 676516020 5587218 834358074
28 0 156500671 5587218 678126731 5587218 834627402
29 0 155207881 5587218 679699016 5587218 834906897
30 0 153493728 5587218 681697145 5587218 835190873
31 0 152157142 5587218 683299948 5587218 835457090
32 0 150869444 5587218 684865956 5587218 835735400
33 0 149541506 5587218 686468259 5587218 836009765
34 0 148214253 5587218 688063377 5587218 836277630
35 0 146907629 5587218 689672125 5587218 836579754
36 0 145516174 5587218 691340871 5587218 836857045
37 0 144162681 5587218 692961174 5587218 837123855
38 0 142847465 5587218 694551274 5587218 837398739
39 0 141522342 5587218 696144096 5587218 837666438
40 0 140198626 5587218 697750880 5587218 837949506
41 0 138893576 5587218 699338258 5587218 838231834
42 0 137425919 5587218 701072262 5587218 838498181
43 0 136079666 5587218 702692584 5587218 838772250
44 0 134762135 5587218 704285332 5587218 839047467
45 0 133436197 5587218 705878617 5587218 839314814
46 0 132124222 5587218 707464439 5587218 839588661
47 0 130796173 5587218 709095908 5587218 839892081
48 0 128553475 5587218 711638823 5587218 840192298
49 0 127288795 5587218 713183905 5587218 840472700
50 0 126701306 5587218 714038963 5587218 840740269
51 0 126177760 5587218 714837189 5587218 841014949
52 0 125636400 5587218 715651970 5587218 841288370
53 0 125117612 5587218 716445289 5587218 841562901
54 0 124564734 5587218 717279088 5587218 841843822
55 0 124029226 5587218 718088961 5587218 842118187
56 0 123502180 5587218 718883539 5587218 842385719
57 0 122982949 5587218 719677987 5587218 842660936
58 0 122440497 5587218 720505601 5587218 842946098
59 0 121900822 5587218 721319530 5587218 843220352
60 0 121384609 5587218 722117386 5587218 843501995
61 0 120865137 5587218 722913834 5587218 843778971
62 0 120341610 5587218 723709485 5587218 844051095
63 0 119831212 5587218 724495508 5587218 844326720
64 0 119298500 5587218 725311992 5587218 844610492
65 0 118765343 5587218 726111885 5587218 844877228
66 0 118206872 5587218 726946536 5587218 845153408
67 0 117681864 5587218 727746743 5587218 845428607
68 0 117132485 5587218 728565098 5587218 845697583
69 0 116615068 5587218 729358065 5587218 845973133
70 0 116069542 5587218 730183975 5587218 846253517
71 0 115519126 5587218 731001404 5587218 846520530
72 0 115021784 5587218 731798241 5587218 846820025
73 0 114476035 5587218 732619244 5587218 847095279
74 0 113963563 5587218 733407155 5587218 847370718
75 0 113436499 5587218 734200825 5587218 847637324
76 0 112913008 5587218 735007681 5587218 847920689
77 0 112442203 5587218 735793610 5587218 848235813
78 0 111882547 5587218 736631372 5587218 848513919
79 0 111356890 5587218 737423246 5587218 848780136
80 0 110824937 5587218 738229935 5587218 849054872
81 0 110301854 5587218 739027327 5587218 849329181
82 0 109780512 5587218 739816164 5587218 849596676
83 0 109035896 5587218 740844738 5587218 849880634
84 0 109571276 5587218 741644389 5587218 851215665
85 0 109037360 5587218 742457355 5587218 851494715
86 0 108515647 5587218 743252563 5587218 851768210
87 0 108008527 5587218 744035381 5587218 852043908
88 0 107474778 5587218 744845051 5587218 852319829
89 0 106933010 5587218 745652221 5587218 852585231
90 0 106377427 5587218 746487984 5587218 852865411
91 0 105842734 5587218 747297005 5587218 853139739
92 0 105255541 5587218 748166619 5587218 853422160
93 0 104707126 5587218 748980937 5587218 853688063
94 0 104184099 5587218 749787199 5587218 853971298
95 0 103619165 5587218 750630813 5587218 854249978
96 0 103109508 5587218 751431557 5587218 854541065
97 0 102572647 5587218 752241172 5587218 854813819
98 0 102059546 5587218 753029083 5587218 855088629
99 0 101523686 5587218 753830827 5587218 855354513
100 0 100999326 5587218 754629145 5587218 855628471
101 0 100481242 5587218 755424834 5587218 855906076
102 0 99922809 5587218 756264670 5587218 856187479
103 0 99396244 5587218 757055470 5587218 856451714
104 0 98932234 5587218 757861418 5587218 856793652
105 0 98422873 5587218 758649496 5587218 857072369
106 0 97900198 5587218 759452388 5587218 857352586
107 0 96900161 5587218 760726105 5587218 857626266
108 0 96378634 5587218 761530201 5587218 857908835
109 0 95833959 5587218 762354908 5587218 858188867
110 0 95306895 5587218 763150596 5587218 858457491
111 0 94802627 5587218 763933600 5587218 858736227
112 0 94280637 5587218 764738918 5587218 859019555
113 0 93763072 5587218 765527256 5587218 859290328
114 0 93191990 5587218 766373110 5587218 859565100
115 0 94328210 5587218 767172558 5587218 861500768
116 0 93787683 5587218 767968247 5587218 861755930
117 0 93247897 5587218 768762954 5587218 862010851
118 0 92705259 5587218 769557846 5587218 862263105
119 0 92133602 5587218 770395683 5587218 862529285
120 0 91596965 5587218 771196556 5587218 862793521
121 0 91076178 5587218 771991616 5587218 863067794
122 1 74548464 5587218 772786564 5587219 847335028
123 1 73082992 5587218 773591178 5587219 846674170
124 1 71441672 5587218 774376237 5587219 845817909
125 1 69981125 5587218 775175500 5587219 845156625
126 1 68428006 5587218 776018595 5587219 844446601
127 1 66942366 5587218 776835062 5587219 843777428
128 1 65413395 5587218 777642528 5587219 843055923
1 0 166923476 5587246 747527263 5587246 914450739
2 0 165345190 5587246 749400080 5587246 914745270
3 0 164195212 5587246 750822794 5587246 915018006
4 0 163189750 5587246 752112788 5587246 915302538
5 0 162208620 5587246 753374783 5587246 915583403
6 0 161226880 5587246 754625518 5587246 915852398
7 0 160250157 5587246 755877958 5587246 916128115
8 0 159276731 5587246 757120286 5587246 916397017
9 0 158294082 5587246 758379022 5587246 916673104
10 0 157346618 5587246 759621314 5587246 916967932
11 0 156267306 5587246 760972677 5587246 917239983
12 0 155305138 5587246 762216913 5587246 917522051
13 0 154277510 5587246 763522129 5587246 917799639
14 0 153283584 5587246 764783402 5587246 918066986
15 0 152346379 5587246 766001731 5587246 918348110
16 0 151421804 5587246 767204745 5587246 918626549
17 0 150486599 5587246 768407167 5587246 918893766
18 0 149498266 5587246 769672588 5587246 919170854
19 0 148493581 5587246 770946008 5587246 919439589
20 0 147560358 5587246 772153134 5587246 919713492
21 0 146561376 5587246 773433536 5587246 919994912
22 0 145681986 5587246 774642272 5587246 920324258
23 0 144734985 5587246 775872453 5587246 920607438
24 0 143820725 5587246 777062023 5587246 920882748
25 0 142870558 5587246 778278148 5587246 921148706
26 0 141945501 5587246 779479255 5587246 921424756
27 0 140862651 5587246 780845637 5587246 921708288
28 0 139959223 5587246 782014856 5587246 921974079
29 0 139418715 5587246 782828137 5587246 922246852
30 0 138845947 5587246 783676251 5587246 922522198
31 0 138306661 5587246 784483143 5587246 922789804
32 0 137800986 5587246 785274665 5587246 923075651
33 0 137250367 5587246 786091631 5587246 923341998
34 0 136721451 5587246 786896227 5587246 923617678
35 0 136213645 5587246 787707397 5587246 923921042
36 0 135688266 5587246 788507660 5587246 924195926
37 0 135145369 5587246 789328367 5587246 924473736
38 0 134588342 5587246 790158333 5587246 924746675
39 0 134040834 5587246 790973169 5587246 925014003
40 0 133516325 5587246 791781543 5587246 925297868
41 0 132999631 5587246 792581880 5587246 925581511
42 0 132426328 5587246 793422271 5587246 925848599
43 0 131898152 5587246 794223701 5587246 926121853
44 0 131366310 5587246 795029223 5587246 926395533
45 0 130828913 5587246 795834170 5587246 926663083
46 0 130300831 5587246 796634766 5587246 926935597
47 0 129759526 5587246 797451603 5587246 927211129
48 0 129248276 5587246 798242625 5587246 927490901
49 0 128713953 5587246 799051054 5587246 927765007
50 0 128180574 5587246 799851780 5587246 928032354
51 0 127624566 5587246 800684264 5587246 928308830
52 0 127065558 5587246 801521897 5587246 928587455
53 0 126535216 5587246 802318789 5587246 928854005
54 0 125947912 5587246 803179903 5587246 929127815
55 0 125409811 5587246 803993573 5587246 929403384
56 0 124877117 5587246 804793428 5587246 929670545
57 0 124349887 5587246 805596098 5587246 929945985
58 0 124866747 5587246 806387713 5587246 931254460
59 0 124331720 5587246 807203198 5587246 931534918
60 0 123841507 5587246 808007627 5587246 931849134
61 0 123310239 5587246 808808075 5587246 932118314
62 0 122791027 5587246 809606152 5587246 932397179
63 0 122216038 5587246 810458229 5587246 932674267
64 0 121663771 5587246 811278232 5587246 932942003
65 0 121132243 5587246 812084310 5587246 933216553
66 0 120566642 5587246 812929609 5587246 933496251
67 0 120024356 5587246 813740353 5587246 933764709
68 0 119488533 5587246 814551171 5587246 934039704
69 0 118970173 5587246 815343045 5587246 934313218
70 0 118445442 5587246 816148196 5587246 934593638
71 0 117900508 5587246 816966273 5587246 934866781
72 0 117411276 5587246 817760333 5587246 935171609
73 0 116857694 5587246 818594187 5587246 935451881
74 0 116341593 5587246 819388265 5587246 935729858
75 0 115713771 5587246 820288452 5587246 936002223
76 0 115161744 5587246 821128029 5587246 936289773
77 0 114675457 5587246 821923921 5587246 936599378
78 0 114110375 5587246 822764887 5587246 936875262
79 0 113596144 5587246 823561113 5587246 937157257
80 0 113063062 5587246 824375671 5587246 937438733
81 0 112521942 5587246 825182823 5587246 937704765
82 0 112002545 5587246 825976752 5587246 937979297
83 0 111469813 5587246 826799478 5587246 938269291
84 0 110961287 5587246 827605240 5587246 938566527
85 0 110419445 5587246 828414762 5587246 938834207
86 0 109897288 5587246 829214543 5587246 939111831
87 0 109347353 5587246 830037806 5587246 939385159
88 0 108776512 5587246 830882716 5587246 939659228
89 0 108241689 5587246 831687590 5587246 939929279
90 0 107715310 5587246 832530518 5587246 940245828
91 0 107179210 5587246 833341484 5587246 940520694
92 0 106570517 5587246 834224801 5587246 940795318
93 0 106021675 5587246 835046786 5587246 941068461
94 0 105496389 5587246 835855511 5587246 941351900
95 0 104965547 5587246 836661348 5587246 941626895
96 0 104440390 5587246 837467166 5587246 941907556
97 0 103897475 5587246 838282558 5587246 942180033
98 0 103383206 5587246 839074414 5587246 942457620
99 0 102844087 5587246 839878658 5587246 942722745
100 0 102238376 5587246 840756901 5587246 942995277
101 0 101717664 5587246 841560700 5587246 943278364
102 0 101150489 5587246 842401148 5587246 943551637
103 0 100622684 5587246 843194540 5587246 943817224
104 0 100145416 5587246 844016691 5587246 944162107
105 0 99621832 5587246 844818584 5587246 944440416
106 0 99101805 5587246 845614865 5587246 944716670
107 0 98557038 5587246 846437553 5587246 944994591
108 0 98062602 5587246 847230594 5587246 945293196
109 0 97505224 5587246 848055856 5587246 945561080
110 0 96978753 5587246 848859674 5587246 945838427
111 0 96462373 5587246 849650734 5587246 946113107
112 0 94538965 5587246 851858692 5587246 946397657
113 0 93967439 5587246 852699695 5587246 946667134
114 0 93385579 5587246 853558494 5587246 946944073
115 0 92851719 5587246 854365497 5587246 947217216
116 0 92325784 5587246 855168519 5587246 947494303
117 0 91790998 5587246 855968652 5587246 947759650
118 0 91264045 5587246 856767211 5587246 948031256
119 0 90736333 5587246 857576807 5587246 948313140
120 0 90203861 5587246 858381403 5587246 948585264
121 0 89678186 5587246 859180295 5587246 948858481
122 0 89162640 5587246 859976355 5587246 949138995
123 0 88558226 5587246 860845727 5587246 949403953
124 0 88038532 5587246 861638101 5587246 949676633
125 0 87523597 5587246 862435956 5587246 949959553
126 0 88099364 5587246 863284607 5587246 951383971
127 0 87558541 5587246 864096499 5587246 951655040
128 0 87020958 5587246 864906558 5587246 951927516
1 0 194051355 5587274 57735627 5587274 251786982
2 0 192484514 5587274 59600851 5587274 252085365
3 0 191363443 5587274 60998491 5587274 252361934
4 0 190349999 5587274 62293967 5587274 252643966
5 0 189357814 5587274 63571998 5587274 252929812
6 0 188370351 5587274 64829845 5587274 253200196
7 0 187393888 5587274 66081377 5587274 253475265
8 0 186422073 5587274 67331298 5587274 253753371
9 0 185425610 5587274 68594886 5587274 254020496
10 0 184458332 5587274 69836825 5587274 254295157
11 0 183401982 5587274 71178059 5587274 254580041
12 0 182422240 5587274 72432073 5587274 254854313
13 0 181408982 5587274 73720067 5587274 255129049
14 0 179934491 5587274 75463386 5587274 255397877
15 0 178967157 5587274 76704585 5587274 255671742
16 0 178036008 5587274 77922081 5587274 255958089
17 0 177095747 5587274 79129003 5587274 256224750
18 0 176022119 5587274 80476237 5587274 256498356
19 0 175068471 5587274 81704658 5587274 256773129
20 0 174122008 5587274 82915024 5587274 257037032
21 0 173124508 5587274 84189185 5587274 257313693
22 0 172182840 5587274 85417662 5587274 257600502
23 0 171256506 5587274 86651565 5587274 257908071
24 0 170335560 5587274 87846931 5587274 258182491
25 0 169382578 5587274 89065723 5587274 258448301
26 0 168398744 5587274 90324163 5587274 258722907
27 0 167467670 5587274 91534658 5587274 259002328
28 0 166508151 5587274 92760987 5587274 259269138
29 0 165596575 5587274 93953224 5587274 259549799
30 0 164598409 5587274 95227552 5587274 259825961
31 0 163693647 5587274 96432752 5587274 260126399
32 0 162789202 5587274 97627655 5587274 260416857
33 0 161854423 5587274 98840651 5587274 260695074
34 0 160827517 5587274 100134978 5587274 260962495
35 0 159890793 5587274 101376807 5587274 261267600
36 0 158947404 5587274 102587025 5587274 261534429
37 0 157996736 5587274 103810132 5587274 261806868
38 0 157070068 5587274 105010313 5587274 262080381
39 0 156130308 5587274 106215068 5587274 262345376
40 0 155208640 5587274 107425249 5587274 262633889
41 0 154283620 5587274 108629486 5587274 262913106
42 0 153289380 5587274 109889777 5587274 263179157
43 0 152291510 5587274 111160549 5587274 263452059
44 0 151354379 5587274 112372082 5587274 263726461
45 0 150416712 5587274 113574707 5587274 263991419
46 0 149484636 5587274 114780963 5587274 264265599
47 0 148559617 5587274 116005143 5587274 264564760
48 0 147637764 5587274 117192788 5587274 264830552
49 0 146700855 5587274 118405043 5587274 265105898
50 0 145779688 5587274 119589817 5587274 265369505
51 0 144792707 5587274 120848978 5587274 265641685
52 0 143824558 5587274 122091307 5587274 265915865
53 0 142901835 5587274 123286395 5587274 266188230
54 0 141908335 5587274 124551390 5587274 266459725
55 0 140950815 5587274 125783997 5587274 266734812
56 0 140008482 5587274 126990011 5587274 266998493
57 0 139077851 5587274 128194618 5587274 267272469
58 0 138170645 5587274 129385096 5587274 267555741
59 0 137154943 5587274 130673460 5587274 267828403
60 0 136228812 5587274 131880234 5587274 268109046
61 0 135293273 5587274 133081434 5587274 268374707
62 0 134365809 5587274 134286967 5587274 268652776
63 0 133463085 5587274 135472630 5587274 268935715
64 0 132500548 5587274 136702903 5587274 269203451
65 0 131579140 5587274 137904473 5587274 269483613
66 0 130602380 5587274 139155931 5587274 269758311
67 0 129383793 5587274 141300816 5587274 270684609
68 0 128419199 5587274 142552719 5587274 270971918
69 0 127508253 5587274 143741437 5587274 271249690
70 0 126590697 5587274 144941729 5587274 271532426
71 0 125652585 5587274 146148762 5587274 271801347
72 0 124757675 5587274 147346592 5587274 272104267
73 0 123807915 5587274 148575180 5587274 272383095
74 0 122886080 5587274 149762769 5587274 272648849
75 0 121904025 5587274 151020597 5587274 272924622
76 0 120947932 5587274 152258925 5587274 273206857
77 0 120067375 5587274 153449903 5587274 273517278
78 0 119069782 5587274 154712898 5587274 273782680
79 0 118161022 5587274 155896153 5587274 274057175
80 0 117230558 5587274 157104038 5587274 274334596
81 0 116303093 5587274 158309682 5587274 274612775
82 0 115384667 5587274 159497215 5587274 274881882
83 0 114368149 5587274 160793635 5587274 275161784
84 0 113458591 5587274 161988817 5587274 275447408
85 0 112502887 5587274 163212442 5587274 275715329
86 0 111582793 5587274 164414438 5587274 275997231
87 0 110679680 5587274 165598379 5587274 276278059
88 0 109734735 5587274 166815245 5587274 276549980
89 0 108822400 5587274 168006389 5587274 276828789
90 0 107845511 5587274 169257051 5587274 277102562
91 0 105709608 5587274 171672264 5587274 277381872
92 0 104686293 5587274 172965092 5587274 277651385
93 0 104075230 5587274 173848946 5587274 277924176
94 0 103552704 5587274 174663356 5587274 278216060
95 0 103024917 5587274 175465823 5587274 278490740
96 0 102500779 5587274 176280048 5587274 278780827
97 0 101963881 5587274 177093737 5587274 279057618
98 0 101446354 5587274 177883759 5587274 279330113
99 0 100905845 5587274 178690022 5587274 279595867
100 0 100383411 5587274 179488840 5587274 279872251
101 0 99858680 5587274 180324787 5587274 280183467
102 0 99280747 5587274 181177641 5587274 280458388
103 0 98768941 5587274 181967553 5587274 280736494
104 0 98299987 5587274 182774223 5587274 281074210
105 0 97788330 5587274 183565282 5587274 281353612
106 0 97258137 5587274 184366433 5587274 281624570
107 0 96718924 5587274 185184937 5587274 281903861
108 0 96209175 5587274 185973625 5587274 282182800
109 0 95675185 5587274 186791406 5587274 282466591
110 0 95144213 5587274 187587743 5587274 282731956
111 0 94632871 5587274 188373358 5587274 283006229
112 0 94105306 5587274 189185547 5587274 283290853
113 0 93580169 5587274 189979513 5587274 283559682
114 0 92755702 5587274 191077067 5587274 283832769
115 0 92227879 5587274 191882366 5587274 284110245
116 0 91694723 5587274 192678277 5587274 284373000
117 0 91157918 5587274 193487688 5587274 284645606
118 0 90638964 5587274 194286173 5587274 284925137
119 0 90112696 5587274 195087677 5587274 285200373
120 0 91261971 5587274 195883439 5587274 287145410
121 0 90722759 5587274 196680147 5587274 287402906
122 0 90173769 5587274 197477002 5587274 287650771
123 0 89609779 5587274 198290265 5587274 287900044
124 0 89118697 5587274 199077879 5587274 288196576
125 0 88597706 5587274 199873383 5587274 288471089
126 0 87984717 5587274 200753478 5587274 288738195
127 0 87439228 5587274 201576240 5587274 289015468
128 0 86889997 5587274 202390799 5587274 289280796
1 0 175899955 5587302 751940512 5587302 927840467
2 0 173739367 5587302 754389373 5587302 928128740
3 0 172326189 5587302 756089712 5587302 928415901
4 0 170926734 5587302 757782328 5587302 928709062
5 0 169515650 5587302 759465611 5587302 928981261
6 0 168044177 5587302 761218819 5587302 929262996
7 0 166652278 5587302 762891676 5587302 929543954
8 0 165267359 5587302 764547664 5587302 929815023
9 0 163908662 5587302 766222929 5587302 930131591
10 0 162513225 5587302 767916860 5587302 930430085
11 0 161129233 5587302 769579199 5587302 930708432
12 0 159654335 5587302 771331999 5587302 930986334
13 0 158216844 5587302 773040078 5587302 931256922
14 0 156811017 5587302 774731510 5587302 931542527
15 0 155463599 5587302 776362460 5587302 931826059
16 0 154128401 5587302 777969449 5587302 932097850
17 0 152796686 5587302 779576789 5587302 932373475
18 0 151189957 5587302 781465420 5587302 932655377
19 0 150165531 5587302 782762285 5587302 932927816
20 0 149629189 5587302 783577918 5587302 933207107
21 0 149054942 5587302 784437401 5587302 933492343
22 0 148537840 5587302 785261812 5587302 933799652
23 0 147989925 5587302 786090333 5587302 934080258
24 0 147460767 5587302 786890911 5587302 934351678
25 0 146924277 5587302 787706118 5587302 934630395
26 0 146400435 5587302 788510677 5587302 934911112
27 0 145869020 5587302 789313254 5587302 935182274
28 0 145297363 5587302 790169683 5587302 935467046
29 0 144760744 5587302 790985908 5587302 935746652
30 0 144178514 5587302 791838244 5587302 936016758
31 0 143645524 5587302 792649451 5587302 936294975
32 0 143128423 5587302 793452843 5587302 936581266
33 0 142579007 5587302 794269995 5587302 936849002
34 0 142086406 5587302 795065535 5587302 937151941
35 0 141541046 5587302 795891686 5587302 937432732
36 0 141004703 5587302 796697264 5587302 937701967
37 0 140471510 5587302 797513563 5587302 937985073
38 0 139944908 5587302 798318289 5587302 938263197
39 0 139419863 5587302 799122496 5587302 938542359
40 0 138903410 5587302 799935999 5587302 938839409
41 0 138233570 5587302 800874167 5587302 939107737
42 0 137653266 5587302 801732151 5587302 939385417
43 0 137116869 5587302 802550006 5587302 939666875
44 0 136572361 5587302 803362398 5587302 939934759
45 0 136808912 5587302 804171734 5587302 940980646
46 0 136316476 5587302 804979516 5587302 941295992
47 0 135773431 5587302 805794760 5587302 941568191
48 0 135244608 5587302 806601244 5587302 941845852
49 0 134705137 5587302 807411692 5587302 942116829
50 0 134186053 5587302 808208085 5587302 942394138
51 0 133660508 5587302 809011403 5587302 942671911
52 0 133110796 5587302 809836628 5587302 942947424
53 0 132546733 5587302 810678260 5587302 943224993
54 0 131971873 5587302 811532448 5587302 943504321
55 0 131432013 5587302 812341803 5587302 943773816
56 0 130890061 5587302 813159343 5587302 944049404
57 0 130358404 5587302 813967050 5587302 944325454
58 0 129846098 5587302 814764980 5587302 944611078
59 0 129307664 5587302 815585261 5587302 944892925
60 0 128788785 5587302 816383135 5587302 945171920
61 0 128242073 5587302 817198508 5587302 945440581
62 0 127722694 5587302 818005715 5587302 945728409
63 0 127199740 5587302 818800386 5587302 946000126
64 0 126654659 5587302 819627740 5587302 946282399
65 0 125441681 5587302 821118675 5587302 946560356
66 0 124840618 5587302 822000085 5587302 946840703
67 0 124299462 5587302 822813329 5587302 947112791
68 0 123771805 5587302 823620795 5587302 947392600
69 0 123249945 5587302 824425891 5587302 947675836
70 0 122712881 5587302 825230635 5587302 947943516
71 0 122201871 5587302 826041787 5587302 948243658
72 0 121676233 5587302 826843457 5587302 948519690
73 0 121077485 5587302 827712181 5587302 948789666
74 0 120560643 5587302 828510203 5587302 949070846
75 0 120029356 5587302 829320207 5587302 949349563
76 0 119544922 5587302 830158061 5587302 949702983
77 0 119053209 5587302 830977138 5587302 950030347
78 0 118494107 5587302 831833345 5587302 950327452
79 0 117980432 5587302 832628885 5587302 950609317
80 0 117446146 5587302 833440555 5587302 950886701
81 0 116921026 5587302 834236855 5587302 951157881
82 0 116400499 5587302 835041803 5587302 951442302
83 0 115863046 5587302 835867324 5587302 951730370
84 0 115336001 5587302 836663772 5587302 951999773
85 0 114804437 5587302 837480053 5587302 952284490
86 0 114276836 5587302 838283297 5587302 952560133
87 0 113753919 5587302 839075764 5587302 952829683
88 0 113223354 5587302 839890490 5587302 953113844
89 0 112662310 5587302 840730103 5587302 953392413
90 0 112098283 5587302 841576569 5587302 953674852
91 0 111549516 5587302 842396368 5587302 953945884
92 0 110950046 5587302 843277704 5587302 954227750
93 0 110408796 5587302 844103707 5587302 954512503
94 0 109896436 5587302 844904488 5587302 954800924
95 0 109358983 5587302 845740602 5587302 955099585
96 0 108826734 5587302 846550938 5587302 955377672
97 0 108303299 5587302 847354868 5587302 955658167
98 0 107780179 5587302 848160168 5587302 955940347
99 0 107241115 5587302 848968375 5587302 956209490
100 0 106709422 5587302 849775637 5587302 956485059
101 0 105588295 5587302 851173296 5587302 956761591
102 0 104998862 5587302 852038613 5587302 957037475
103 0 104465816 5587302 852847024 5587302 957312840
104 0 104004046 5587302 853659398 5587302 957663444
105 0 103486741 5587302 854452031 5587302 957938772
106 0 102958844 5587302 855261793 5587302 958220637
107 0 102434539 5587302 856073519 5587302 958508058
108 0 101916734 5587302 856875708 5587302 958792442
109 0 101363707 5587302 857697285 5587302 959060992
110 0 100848588 5587302 858491436 5587302 959340024
111 0 100320264 5587302 859297421 5587302 959617685
112 0 99759923 5587302 860148609 5587302 959908532
113 0 99977771 5587302 860961149 5587302 960938920
114 0 99418059 5587302 861802189 5587302 961220248
115 0 98888328 5587302 862599489 5587302 961487817
116 0 98340171 5587302 863423696 5587302 961763867
117 0 97818626 5587302 864225995 5587302 962044621
118 0 97304339 5587302 865015999 5587302 962320338
119 0 96785404 5587302 865832521 5587302 962617925
120 0 96269395 5587302 866624747 5587302 962894142
121 0 95734406 5587302 867434768 5587302 963169174
122 0 95212971 5587302 868239142 5587302 963452113
123 0 94679370 5587302 869040238 5587302 963719608
124 0 94143306 5587302 869849575 5587302 963992881
125 0 93293229 5587302 870980591 5587302 964273820
126 0 92713907 5587302 871835871 5587302 964549778
127 0 92163861 5587302 872654356 5587302 964818217
128 0 91631965 5587302 873462340 5587302 965094305
1 0 201710526 5587329 937678169 5587330 139388695
2 0 200149260 5587329 939532541 5587330 139681801
3 0 199013800 5587329 940944033 5587330 139957833
4 0 198584381 5587329 942229269 5587330 140813650
5 0 197609067 5587329 943496374 5587330 141105441
6 0 196630770 5587329 944747351 5587330 141378121
7 0 195662362 5587329 945996235 5587330 141658597
8 0 194691491 5587329 947237508 5587330 141928999
9 0 193717454 5587329 948496651 5587330 142214105
10 0 192756880 5587329 949735961 5587330 142492841
11 0 191733085 5587329 951047436 5587330 142780521
12 0 190760307 5587329 952297394 5587330 143057701
13 0 189748140 5587329 953586963 5587330 143335103
14 0 188277149 5587329 955326134 5587330 143603283
15 0 187310445 5587329 956569610 5587330 143880055
16 0 186380166 5587329 957781236 5587330 144161402
17 0 185444980 5587329 958984935 5587330 144429915
18 0 184197985 5587329 960510425 5587330 144708410
19 0 183232318 5587329 961754031 5587330 144986349
20 0 182289558 5587329 962963694 5587330 145253252
21 0 181296761 5587329 964231115 5587330 145527876
22 0 180351539 5587329 965459221 5587330 145810760
23 0 179419223 5587329 966697013 5587330 146116236
24 0 178505129 5587329 967889176 5587330 146394305
25 0 177560462 5587329 969103412 5587330 146663874
26 0 176584757 5587329 970355222 5587330 146939979
27 0 175653182 5587329 971564644 5587330 147217826
28 0 174696479 5587329 972790009 5587330 147486488
29 0 173787718 5587329 973980209 5587330 147767927
30 0 172786366 5587329 975257945 5587330 148044311
31 0 171836699 5587329 976472107 5587330 148308806
32 0 170868236 5587329 977728046 5587330 148596282
33 0 169905920 5587329 978958134 5587330 148864054
34 0 168931346 5587329 980208074 5587330 149139420
35 0 167983789 5587329 981457384 5587330 149441173
36 0 167044418 5587329 982666546 5587330 149710964
37 0 166105177 5587329 983881801 5587330 149986978
38 0 165212138 5587329 985087630 5587330 150299768
39 0 164279266 5587329 986288756 5587330 150568022
40 0 163361858 5587329 987496233 5587330 150858091
41 0 162449209 5587329 988693340 5587330 151142549
42 0 161454449 5587329 989957354 5587330 151411803
43 0 160452876 5587329 991233737 5587330 151686613
44 0 159520578 5587329 992440566 5587330 151961144
45 0 158584966 5587329 993644044 5587330 152229010
46 0 157654317 5587329 994849317 5587330 152503634
47 0 156704668 5587329 996073313 5587330 152777981
48 0 155803889 5587329 997261698 5587330 153065587
49 0 154871869 5587329 998474175 5587330 153346044
50 0 153948534 5587329 999664542 5587330 153613076
51 0 152401175 5587330 1487989 5587330 153889164
52 0 151441767 5587330 2730521 5587330 154172288
53 0 150517117 5587330 3922814 5587330 154439931
54 0 149533895 5587330 5182679 5587330 154716574
55 0 148590858 5587330 6403304 5587330 154994162
56 0 147664597 5587330 7604596 5587330 155269193
57 0 146742485 5587330 8804055 5587330 155546540
58 0 145835150 5587330 9992533 5587330 155827683
59 0 144833335 5587330 11271972 5587330 156105307
60 0 143932630 5587330 12475190 5587330 156407820
61 0 143013073 5587330 13672668 5587330 156685741
62 0 142088258 5587330 14869978 5587330 156958236
63 0 141179941 5587330 16055252 5587330 157235193
64 0 140218885 5587330 17283359 5587330 157502244
65 0 139295477 5587330 18481725 5587330 157777202
66 0 138314309 5587330 19741776 5587330 158056085
67 0 137043537 5587330 21289136 5587330 158332673
68 0 136087185 5587330 22511964 5587330 158599149
69 0 135174702 5587330 23699294 5587330 158873996
70 0 134239923 5587330 24911568 5587330 159151491
71 0 133313793 5587330 26119156 5587330 159432949
72 0 132403347 5587330 27319133 5587330 159722480
73 0 132906911 5587330 28543759 5587330 161450670
74 0 132055298 5587330 29733366 5587330 161788664
75 0 131074705 5587330 30984565 5587330 162059270
76 0 130132778 5587330 32213949 5587330 162346727
77 0 129259165 5587330 33397297 5587330 162656462
78 0 128279702 5587330 34647662 5587330 162927364
79 0 127365997 5587330 35842029 5587330 163208026
80 0 126425478 5587330 37057728 5587330 163483206
81 0 125494402 5587330 38266687 5587330 163761089
82 0 124568401 5587330 39457720 5587330 164026121
83 0 122786545 5587330 41521293 5587330 164307838
84 0 121870859 5587330 42722363 5587330 164593222
85 0 120924414 5587330 43944210 5587330 164868624
86 0 119991617 5587330 45141428 5587330 165133045
87 0 119080597 5587330 46326999 5587330 165407596
88 0 118144762 5587330 47544217 5587330 165688979
89 0 117228668 5587330 48735750 5587330 165964418
90 0 116200743 5587330 50031948 5587330 166232691
91 0 115222466 5587330 51283998 5587330 166506464
92 0 114217281 5587330 52563474 5587330 166780755
93 0 113277150 5587330 53778433 5587330 167055583
94 0 112341760 5587330 54999947 5587330 167341707
95 0 111409500 5587330 56206850 5587330 167616350
96 0 110504795 5587330 57407198 5587330 167911993
97 0 109567794 5587330 58618675 5587330 168186469
98 0 108652515 5587330 59807708 5587330 168460223
99 0 107061619 5587330 61673525 5587330 168735144
100 0 106391983 5587330 62608841 5587330 169000824
101 0 105858864 5587330 63417085 5587330 169275949
102 0 105289171 5587330 64271458 5587330 169560629
103 0 104761292 5587330 65074276 5587330 169835568
104 0 104309708 5587330 65890816 5587330 170200524
105 0 103795588 5587330 66698338 5587330 170493926
106 0 103258634 5587330 67503805 5587330 170762439
107 0 102711534 5587330 68330900 5587330 171042434
108 0 102198748 5587330 69129033 5587330 171327781
109 0 101651962 5587330 69955073 5587330 171607035
110 0 101039843 5587330 70837520 5587330 171877363
111 0 100510724 5587330 71645060 5587330 172155784
112 0 99974530 5587330 72467508 5587330 172442038
113 0 99459650 5587330 73267641 5587330 172727291
114 0 98866977 5587330 74127032 5587330 172994009
115 0 98330172 5587330 74936998 5587330 173267170
116 0 97798607 5587330 75742391 5587330 173540998
117 0 97275470 5587330 76545727 5587330 173821197
118 0 96741387 5587330 77350286 5587330 174091673
119 0 96204749 5587330 78160586 5587330 174365335
120 0 95695480 5587330 78964997 5587330 174660477
121 0 95164491 5587330 79769685 5587330 174934176
122 0 94096178 5587330 81118493 5587330 175214671
123 0 93534484 5587330 81958533 5587330 175493017
124 0 93003420 5587330 82757203 5587330 175760623
125 0 92474930 5587330 83559040 5587330 176033970
126 0 91906051 5587330 84416728 5587330 176322779
127 0 91358896 5587330 85238138 5587330 176597034
128 0 90799221 5587330 86061234 5587330 176860455
1 0 190827953 5587357 722953117 5587357 913781070
2 0 188724252 5587357 725347627 5587357 914071879
3 0 187320186 5587357 727038484 5587357 914358670
4 0 185927434 5587357 728716620 5587357 914644054
5 0 184349927 5587357 730566640 5587357 914916567
6 0 182951378 5587357 732249387 5587357 915200765
7 0 181580997 5587357 733902189 5587357 915483186
8 0 180200801 5587357 735549473 5587357 915750274
9 0 178809346 5587357 737217904 5587357 916027250
10 0 177434075 5587357 738876484 5587357 916310559
11 0 175929344 5587357 740650303 5587357 916579647
12 0 174554573 5587357 742319920 5587357 916874493
13 0 173127193 5587357 744029906 5587357 917157099
14 0 171716293 5587357 745716597 5587357 917432890
15 0 170381077 5587357 747327826 5587357 917708903
16 0 169054547 5587357 748927518 5587357 917982065
17 0 167622871 5587357 750640800 5587357 918263671
18 0 166174713 5587357 752364601 5587357 918539314
19 0 164837441 5587357 753972627 5587357 918810068
20 0 163507892 5587357 755576689 5587357 919084581
21 0 162098956 5587357 757264139 5587357 919363095
22 0 160743963 5587357 758899034 5587357 919642997
23 0 159266990 5587357 760656353 5587357 919923343
24 0 158656076 5587357 762270823 5587357 920926899
25 0 157327731 5587357 763889033 5587357 921216764
26 0 156021866 5587357 765471948 5587357 921493814
27 0 154690373 5587357 767072399 5587357 921762772
28 0 153336528 5587357 768702757 5587357 922039285
29 0 151946943 5587357 770375837 5587357 922322780
30 0 150512766 5587357 772076750 5587357 922589516
31 0 149179439 5587357 773684516 5587357 922863955
32 0 147854908 5587357 775291819 5587357 923146727
33 0 146499285 5587357 776915048 5587357 923414333
34 0 145198273 5587357 778496814 5587357 923695087
35 0 143089535 5587357 780883455 5587357 923972990
36 0 141718209 5587357 782523887 5587357 924242096
37 0 140422585 5587357 784133727 5587357 924556312
38 0 139101461 5587357 785725401 5587357 924826862
39 0 137800949 5587357 787301093 5587357 925102042
40 0 136470418 5587357 788916878 5587357 925387296
41 0 135040815 5587357 790617087 5587357 925657902
42 0 133626232 5587357 792305536 5587357 925931768
43 0 133079519 5587357 793135465 5587357 926214984
44 0 132536696 5587357 793944413 5587357 926481109
45 0 132011225 5587357 794744768 5587357 926755993
46 0 131486901 5587357 795546531 5587357 927033432
47 0 130943485 5587357 796357220 5587357 927300705
48 0 130417533 5587357 797159167 5587357 927576700
49 0 129881449 5587357 797967949 5587357 927849398
50 0 129372163 5587357 798758489 5587357 928130652
51 0 128850932 5587357 799556122 5587357 928407054
52 0 128240165 5587357 800435773 5587357 928675938
53 0 127687564 5587357 801263776 5587357 928951340
54 0 127122631 5587357 802109482 5587357 929232113
55 0 126580753 5587357 802918670 5587357 929499423
56 0 126039837 5587357 803735562 5587357 929775399
57 0 125573568 5587357 804538621 5587357 930112189
58 0 125072855 5587357 805330551 5587357 930403406
59 0 124534235 5587357 806146258 5587357 930680493
60 0 124019764 5587357 806942354 5587357 930962118
61 0 123479552 5587357 807755672 5587357 931235224
62 0 122986431 5587357 808556231 5587357 931542662
63 0 122464219 5587357 809350105 5587357 931814324
64 0 121583976 5587357 810506880 5587357 932090856
65 0 121034579 5587357 811331420 5587357 932365999
66 0 120463737 5587357 812177830 5587357 932641567
67 0 119930247 5587357 812980056 5587357 932910303
68 0 119411832 5587357 813781318 5587357 933193150
69 0 118887119 5587357 814581303 5587357 933468422
70 0 118358592 5587357 815384084 5587357 933742676
71 0 117818546 5587357 816191329 5587357 934009875
72 0 117291483 5587357 816991943 5587357 934283426
73 0 116761159 5587357 817804854 5587357 934566013
74 0 116237298 5587357 818616950 5587357 934854248
75 0 115711808 5587357 819419435 5587357 935131243
76 0 115123782 5587357 820291622 5587357 935415404
77 0 114600866 5587357 821112292 5587357 935713158
78 0 114019229 5587357 821970646 5587357 935989875
79 0 113502887 5587357 822767520 5587357 936270407
80 0 112967638 5587357 823578449 5587357 936546087
81 0 112430315 5587357 824380915 5587357 936811230
82 0 111902917 5587357 825184086 5587357 937087003
83 0 111351150 5587357 826011255 5587357 937362405
84 0 110840419 5587357 826805277 5587357 937645696
85 0 110295318 5587357 827621632 5587357 937916950
86 0 109780660 5587357 828419766 5587357 938200426
87 0 109254356 5587357 829221639 5587357 938475995
88 0 108644959 5587357 830097012 5587357 938741971
89 0 108108896 5587357 830909478 5587357 939018374
90 0 107542795 5587357 831754907 5587357 939297702
91 0 106993620 5587357 832571632 5587357 939565252
92 0 106392113 5587357 833451967 5587357 939844080
93 0 106659978 5587357 834267582 5587357 940927560
94 0 106153969 5587357 835070678 5587357 941224647
95 0 105598794 5587357 835892570 5587357 941491364
96 0 105075953 5587357 836696258 5587357 941772211
97 0 104542333 5587357 837502706 5587357 942045039
98 0 104043324 5587357 838302932 5587357 942346256
99 0 103518815 5587357 839094806 5587357 942613621
100 0 102979621 5587357 839910161 5587357 942889782
101 0 101877698 5587357 841285542 5587357 943163240
102 0 101284042 5587357 842143693 5587357 943427735
103 0 100751497 5587357 842948270 5587357 943699767
104 0 100291135 5587357 843756700 5587357 944047835
105 0 99772367 5587357 844549407 5587357 944321774
106 0 99237118 5587357 845358503 5587357 944595621
107 0 98712054 5587357 846165636 5587357 944877690
108 0 98188415 5587357 846964269 5587357 945152684
109 0 97640870 5587357 847782550 5587357 945423420
110 0 97131472 5587357 848572850 5587357 945704322
111 0 96612186 5587357 849366372 5587357 945978558
112 0 96028197 5587357 850235337 5587357 946263534
113 0 95479762 5587357 851052248 5587357 946532010
114 0 94910718 5587357 851894158 5587357 946804876
115 0 95983346 5587357 852695939 5587357 948679285
116 0 95433504 5587357 853501980 5587357 948935484
117 0 94883884 5587357 854302076 5587357 949185960
118 0 94340765 5587357 855093246 5587357 949434011
119 0 93789387 5587357 855906749 5587357 949696136
120 0 93271489 5587357 856701938 5587357 949973427
121 0 92804257 5587357 857510256 5587357 950314513
122 0 92280119 5587357 858308926 5587357 950589045
123 0 91737592 5587357 859119170 5587357 950856762
124 0 91210584 5587357 859921192 5587357 951131776
125 0 90649686 5587357 860763288 5587357 951412974
126 0 90069586 5587357 861610976 5587357 951680562
127 0 89530522 5587357 862435386 5587357 951965908
128 0 88999810 5587357 863241204 5587357 952241014
