1 0 13285570 5859183 381588632 5859183 394874202
2 0 12324828 5859183 382771999 5859183 395096827
1 0 9603879 5859188 167262029 5859188 176865908
2 0 8836208 5859188 168199345 5859188 177035553
1 0 9614785 5859192 906924833 5859192 916539618
2 0 8868189 5859192 907843945 5859192 916712134
1 0 9616452 5859197 716983298 5859197 726599750
2 0 8895595 5859197 717920429 5859197 726816024
1 0 9596823 5859202 487018670 5859202 496615493
2 0 8871762 5859202 487963745 5859202 496835507
1 0 9651247 5859207 277239243 5859207 286890490
2 0 8908984 5859207 278156244 5859207 287065228
1 0 12645303 5859212 21587941 5859212 34233244
2 0 11735950 5859212 22775993 5859212 34511943
1 0 12514658 5859216 831901827 5859216 844416485
2 0 11519361 5859216 833121879 5859216 844641240
1 0 9693043 5859221 627220083 5859221 636913126
2 0 8986020 5859221 628148547 5859221 637134567
1 0 9569379 5859226 387047569 5859226 396616948
2 0 8856780 5859226 387974330 5859226 396831110
