1 0 10902743 5859231 117664650 5859231 128567393
2 0 10170683 5859231 118577966 5859231 128748649
3 0 9902058 5859231 119008773 5859231 128910831
4 0 9725987 5859231 119413599 5859231 129139586
1 0 11469973 5859235 827577891 5859235 839047864
2 0 10734265 5859235 828495596 5859235 839229861
3 0 10461270 5859235 828930514 5859235 839391784
4 0 10198645 5859235 829337914 5859235 839536559
1 0 14374438 5859240 558599872 5859240 572974310
2 0 13443437 5859240 559766535 5859240 573209972
3 0 12979501 5859240 560437893 5859240 573417394
4 0 12623304 5859240 560981087 5859240 573604391
1 0 11050481 5859245 346853517 5859245 357903998
2 0 10304273 5859245 347779963 5859245 358084236
3 0 10029204 5859245 348211603 5859245 358240807
4 0 9848688 5859245 348616022 5859245 358464710
1 0 14398067 5859250 18335524 5859250 32733591
2 0 13461936 5859250 19509484 5859250 32971420
3 0 13018111 5859250 20160120 5859250 33178231
4 0 12631322 5859250 20733313 5859250 33364635
1 0 14023241 5859254 802005939 5859254 816029180
2 0 13014315 5859254 803196565 5859254 816210880
3 0 12616322 5859254 803754833 5859254 816371155
4 0 12231144 5859254 804283860 5859254 816515004
1 0 14308717 5859259 541502393 5859259 555811110
2 0 13367309 5859259 542678519 5859259 556045828
3 0 13012611 5859259 543241268 5859259 556253879
4 0 12656340 5859259 543785758 5859259 556442098
1 0 10917317 5859264 277122936 5859264 288040253
2 0 10180479 5859264 278040697 5859264 288221176
3 0 9907817 5859264 278471226 5859264 288379043
4 0 9727172 5859264 278876200 5859264 288603372
1 0 7605452 5859269 42885941 5859269 50491393
2 0 7026870 5859269 43581780 5859269 50608650
3 0 6801374 5859269 43914478 5859269 50715852
4 0 6669044 5859269 44200824 5859269 50869868
1 0 14359661 5859273 822322064 5859273 836681725
2 0 13419715 5859273 823499709 5859273 836919424
3 0 13059981 5859273 824071902 5859273 837131883
4 0 12822226 5859273 824614503 5859273 837436729
