1 0 19080777 5859326 336954503 5859326 356035280
2 0 18307884 5859326 337886800 5859326 356194684
3 0 18038592 5859326 338341922 5859326 356380514
4 0 17764079 5859326 338778932 5859326 356543011
5 0 17501751 5859326 339186295 5859326 356688046
6 0 17276033 5859326 339565936 5859326 356841969
7 0 17036130 5859326 339958725 5859326 356994855
8 0 16686654 5859326 340460105 5859326 357146759
9 0 16471566 5859326 340844042 5859326 357315608
10 0 16213275 5859326 341253423 5859326 357466698
11 0 15972983 5859326 341632509 5859326 357605492
12 0 15725450 5859326 342030446 5859326 357755896
13 0 15488696 5859326 342416846 5859326 357905542
14 0 15277588 5859326 342788099 5859326 358065687
15 0 15022889 5859326 343184406 5859326 358207295
16 0 15074907 5859326 343587232 5859326 358662139
1 0 23665063 5859331 47321308 5859331 70986371
2 0 22955557 5859331 48232977 5859331 71188534
3 0 22727450 5859331 48679376 5859331 71406826
4 0 22479974 5859331 49116423 5859331 71596397
5 0 22280385 5859331 49519212 5859331 71799597
6 0 22106907 5859331 49897427 5859331 72004334
7 0 21772561 5859331 50431177 5859331 72203738
8 0 21569787 5859331 50828873 5859331 72398660
9 0 21412475 5859331 51208792 5859331 72621267
10 0 21207960 5859331 51611174 5859331 72819134
11 0 20978057 5859331 52022962 5859331 73001019
12 0 20634619 5859331 52561378 5859331 73195997
13 0 20313347 5859331 53077443 5859331 73390790
14 0 20020575 5859331 53574711 5859331 73595286
15 0 19677970 5859331 54102405 5859331 73780375
16 0 19349049 5859331 54626748 5859331 73975797
1 0 19147183 5859335 817277494 5859335 836424677
2 0 18366957 5859335 818212847 5859335 836579804
3 0 18078240 5859335 818667265 5859335 836745505
4 0 17786339 5859335 819102460 5859335 836888799
5 0 17533325 5859335 819510008 5859335 837043333
6 0 17308606 5859335 819885946 5859335 837194552
7 0 16945798 5859335 820387177 5859335 837332975
8 0 16703580 5859335 820787911 5859335 837491491
9 0 16500473 5859335 821163922 5859335 837664395
10 0 16249570 5859335 821565045 5859335 837814615
11 0 16014056 5859335 821937149 5859335 837951205
12 0 15765098 5859335 822332049 5859335 838097147
13 0 15531657 5859335 822714746 5859335 838246403
14 0 15313606 5859335 823087442 5859335 838401048
15 0 15051851 5859335 823488213 5859335 838540064
16 0 15095776 5859335 823885465 5859335 838981241
1 0 25027223 5859340 510923960 5859340 535951183
2 0 24081037 5859340 512072550 5859340 536153587
3 0 23716061 5859340 512659188 5859340 536375249
4 0 23337587 5859340 513231140 5859340 536568727
5 0 23000890 5859340 513772056 5859340 536772946
6 0 22696710 5859340 514276584 5859340 536973294
7 0 22369883 5859340 514804463 5859340 537174346
8 0 22048759 5859340 515321731 5859340 537370490
9 0 21777579 5859340 515818537 5859340 537596116
10 0 21445752 5859340 516352934 5859340 537798686
11 0 21125665 5859340 516855425 5859340 537981090
12 0 20799134 5859340 517377934 5859340 538177068
13 0 20487343 5859340 517892943 5859340 538380286
14 0 20201905 5859340 518389822 5859340 538591727
15 0 19859059 5859340 518918683 5859340 538777742
16 0 19539139 5859340 519443229 5859340 538982368
1 0 19142609 5859345 287364434 5859345 306507043
2 0 18381586 5859345 288285676 5859345 306667262
3 0 18099203 5859345 288737945 5859345 306837148
4 0 17810708 5859345 289173530 5859345 306984238
5 0 17553935 5859345 289582337 5859345 307136272
6 0 17321477 5859345 289965015 5859345 307286492
7 0 16940576 5859345 290495913 5859345 307436489
8 0 16694007 5859345 290893609 5859345 307587616
9 0 16485714 5859345 291276547 5859345 307762261
10 0 16235589 5859345 291682428 5859345 307918017
11 0 16001056 5859345 292058995 5859345 308060051
12 0 15752450 5859345 292457469 5859345 308209919
13 0 15509102 5859345 292850610 5859345 308359712
14 0 15292773 5859345 293224381 5859345 308517154
15 0 15029797 5859345 293624503 5859345 308654300
16 0 15080814 5859345 294023607 5859345 309104421
1 0 19007945 5859350 37614391 5859350 56622336
2 0 18226534 5859350 38549596 5859350 56776130
3 0 17940891 5859350 39001680 5859350 56942571
4 0 17667396 5859350 39435357 5859350 57102753
5 0 17400882 5859350 39843776 5859350 57244658
6 0 17069462 5859350 40328619 5859350 57398081
7 0 16798319 5859350 40740778 5859350 57539097
8 0 16566397 5859350 41133678 5859350 57700075
9 0 16360383 5859350 41512245 5859350 57872628
10 0 16107813 5859350 41916756 5859350 58024569
11 0 15872021 5859350 42290768 5859350 58162789
12 0 15627434 5859350 42685723 5859350 58313157
13 0 15398030 5859350 43065957 5859350 58463987
14 0 15187664 5859350 43432839 5859350 58620503
15 0 15217663 5859350 43824665 5859350 59042328
16 0 14964520 5859350 44218102 5859350 59182622
1 0 25102370 5859354 818688112 5859354 843790482
2 0 24137461 5859354 819876090 5859354 844013551
3 0 23651766 5859354 820578559 5859354 844230325
4 0 23275774 5859354 821162103 5859354 844437877
5 0 22923984 5859354 821702538 5859354 844626522
6 0 22615823 5859354 822211121 5859354 844826944
7 0 22298737 5859354 822733648 5859354 845032385
8 0 21976038 5859354 823249250 5859354 845225288
9 0 21697803 5859354 823751352 5859354 845449155
10 0 21361346 5859354 824284990 5859354 845646336
11 0 21044630 5859354 824783129 5859354 845827759
12 0 20716488 5859354 825306582 5859354 846023070
13 0 20403494 5859354 825817332 5859354 846220826
14 0 20113221 5859354 826310545 5859354 846423766
15 0 19771709 5859354 826839239 5859354 846610948
16 0 19440863 5859354 827364248 5859354 846805111
1 0 19082573 5859359 627108087 5859359 646190660
2 0 18330217 5859359 628035718 5859359 646365935
3 0 18047277 5859359 628485136 5859359 646532413
4 0 17750616 5859359 628926924 5859359 646677540
5 0 17495973 5859359 629334268 5859359 646830241
6 0 17269737 5859359 629714094 5859359 646983831
7 0 16946243 5859359 630191252 5859359 647137495
8 0 16677210 5859359 630608189 5859359 647285399
9 0 16465769 5859359 630988923 5859359 647454692
10 0 16206034 5859359 631400026 5859359 647606060
11 0 15966594 5859359 631775649 5859359 647742243
12 0 15713673 5859359 632174919 5859359 647888592
13 0 15475085 5859359 632562523 5859359 648037608
14 0 15260218 5859359 632933794 5859359 648194012
15 0 15004148 5859359 633331713 5859359 648335861
16 0 15050037 5859359 633729872 5859359 648779909
1 0 19020112 5859364 317454521 5859364 336474633
2 0 18261292 5859364 318366727 5859364 336628019
3 0 17986612 5859364 318810385 5859364 336796997
4 0 17710950 5859364 319245396 5859364 336956346
5 0 17443474 5859364 319654444 5859364 337097918
6 0 17142794 5859364 320106139 5859364 337248933
7 0 16867577 5859364 320534094 5859364 337401671
8 0 16623045 5859364 320927994 5859364 337551039
9 0 16414827 5859364 321305598 5859364 337720425
10 0 16164794 5859364 321710924 5859364 337875718
11 0 15926465 5859364 322089547 5859364 338016012
12 0 15680858 5859364 322485725 5859364 338166583
13 0 15445011 5859364 322871884 5859364 338316895
14 0 15240477 5859364 323244396 5859364 338484873
15 0 14976723 5859364 323646203 5859364 338622926
16 0 15027148 5859364 324042196 5859364 339069344
1 0 19537936 5859369 47372187 5859369 66910123
2 0 18783745 5859369 48295356 5859369 67079101
3 0 18502639 5859369 48747477 5859369 67250116
4 0 18223923 5859369 49186524 5859369 67410447
5 0 17957742 5859369 49595943 5859369 67553685
6 0 17729654 5859369 49976695 5859369 67706349
7 0 17379364 5859369 50468704 5859369 67848068
8 0 17142831 5859369 50867549 5859369 68010380
9 0 16935743 5859369 51245227 5859369 68180970
10 0 16680692 5859369 51652016 5859369 68332708
11 0 16440882 5859369 52028138 5859369 68469020
12 0 16195163 5859369 52424076 5859369 68619239
13 0 15959853 5859369 52808680 5859369 68768533
14 0 15726079 5859369 53181673 5859369 68907752
15 0 15489103 5859369 53580980 5859369 69070083
16 0 15535620 5859369 53981973 5859369 69517593
