1 0 50226961 5859421 387572854 5859421 437799815
2 0 49447013 5859421 388528132 5859421 437975145
3 0 49180925 5859421 388960680 5859421 438141605
4 0 48932633 5859421 389353247 5859421 438285880
5 0 48676008 5859421 389764054 5859421 438440062
6 0 48350552 5859421 390244341 5859421 438594893
7 0 48059686 5859421 390674426 5859421 438734112
8 0 47808542 5859421 391077493 5859421 438886035
9 0 47602065 5859421 391453986 5859421 439056051
10 0 47354903 5859421 391843923 5859421 439198826
11 0 47123351 5859421 392224657 5859421 439348008
12 0 46889208 5859421 392607964 5859421 439497172
13 0 46631453 5859421 393002309 5859421 439633762
14 0 46416475 5859421 393382506 5859421 439798981
15 0 46171850 5859421 393765073 5859421 439936923
16 0 46008354 5859421 394149380 5859421 440157734
17 0 45787376 5859421 394525855 5859421 440313231
18 0 45547585 5859421 394917477 5859421 440465062
19 0 45291311 5859421 395324007 5859421 440615318
20 0 45079149 5859421 395695426 5859421 440774575
21 0 44792746 5859421 396121437 5859421 440914183
22 0 44479678 5859421 396591613 5859421 441071291
23 0 44246646 5859421 396977217 5859421 441223863
24 0 43998761 5859421 397363932 5859421 441362693
25 0 43777043 5859421 397736481 5859421 441513524
26 0 43541417 5859421 398130437 5859421 441671854
27 0 43290312 5859421 398519929 5859421 441810241
28 0 43071426 5859421 398890682 5859421 441962108
29 0 42841005 5859421 399274397 5859421 442115402
30 0 42608917 5859421 399642964 5859421 442251881
31 0 42321348 5859421 400094067 5859421 442415415
32 0 42074222 5859421 400501171 5859421 442575393
33 0 41818468 5859421 400892626 5859421 442711094
34 0 41582343 5859421 401282563 5859421 442864906
35 0 41368383 5859421 401657057 5859421 443025440
36 0 41135999 5859421 402043846 5859421 443179845
37 0 40876874 5859421 402445783 5859421 443322657
38 0 40647323 5859421 402827387 5859421 443474710
39 0 40413624 5859421 403213324 5859421 443626948
40 0 40166165 5859421 403597947 5859421 443764112
41 0 39940688 5859421 403969643 5859421 443910331
42 0 39735210 5859421 404346248 5859421 444081458
43 0 39503473 5859421 404729278 5859421 444232751
44 0 39252164 5859421 405118344 5859421 444370508
45 0 38983428 5859421 405535281 5859421 444518709
46 0 38711544 5859421 405959033 5859421 444670577
47 0 38439809 5859421 406375321 5859421 444815130
48 0 38203868 5859421 406765907 5859421 444969775
49 0 37988446 5859421 407130604 5859421 445119050
50 0 37772006 5859421 407506171 5859421 445278177
51 0 37535880 5859421 407879201 5859421 445415081
52 0 37303218 5859421 408265675 5859421 445568893
53 0 37077037 5859421 408646298 5859421 445723335
54 0 36846282 5859421 409012532 5859421 445858814
55 0 36602546 5859421 409402895 5859421 446005441
56 0 36390124 5859421 409765018 5859421 446155142
57 0 36057556 5859421 410250046 5859421 446307602
58 0 35802413 5859421 410642983 5859421 446445396
59 0 35594324 5859421 411010810 5859421 446605134
60 0 35368088 5859421 411388506 5859421 446756594
61 0 35123111 5859421 411769462 5859421 446892573
62 0 34906929 5859421 412136604 5859421 447043533
63 0 34676600 5859421 412516689 5859421 447193289
64 0 35674563 5859421 412886312 5859421 448560875
1 0 55990521 5859426 182324618 5859426 238315139
2 0 54922707 5859426 183566484 5859426 238489191
3 0 54526770 5859426 184121714 5859426 238648484
4 0 54152073 5859426 184649834 5859426 238801907
5 0 53777543 5859426 185185491 5859426 238963034
6 0 53439438 5859426 185688500 5859426 239127938
7 0 53048446 5859426 186225453 5859426 239273899
8 0 52668176 5859426 186757813 5859426 239425989
9 0 52307571 5859426 187258230 5859426 239565801
10 0 51968688 5859426 187777313 5859426 239746001
11 0 51609231 5859426 188287119 5859426 239896350
12 0 51264867 5859426 188810313 5859426 240075180
13 0 50901596 5859426 189332692 5859426 240234288
14 0 50558047 5859426 189836794 5859426 240394841
15 0 50107352 5859426 190427653 5859426 240535005
16 0 49745063 5859426 190947606 5859426 240692669
17 0 49390643 5859426 191453134 5859426 240843777
18 0 49023890 5859426 191964699 5859426 240988589
19 0 48664934 5859426 192471875 5859426 241136809
20 0 48419031 5859426 192868071 5859426 241287102
21 0 48139184 5859426 193292471 5859426 241431655
22 0 47828116 5859426 193754073 5859426 241582189
23 0 47605324 5859426 194137566 5859426 241742890
24 0 47355662 5859426 194525392 5859426 241881054
25 0 47131703 5859426 194896978 5859426 242028681
26 0 46884504 5859426 195291730 5859426 242176234
27 0 46641176 5859426 195680241 5859426 242321417
28 0 46421235 5859426 196046512 5859426 242467747
29 0 46181221 5859426 196433042 5859426 242614263
30 0 45948133 5859426 196801146 5859426 242749279
31 0 45710711 5859426 197186399 5859426 242897110
32 0 45489660 5859426 197571947 5859426 243061607
33 0 45258386 5859426 197959218 5859426 243217604
34 0 45003224 5859426 198348655 5859426 243351879
35 0 44791820 5859426 198715204 5859426 243507024
36 0 44554917 5859426 199107271 5859426 243662188
37 0 44309404 5859426 199502541 5859426 243811945
38 0 44071279 5859426 199883867 5859426 243955146
39 0 43689230 5859426 200417783 5859426 244107013
40 0 43450031 5859426 200809813 5859426 244259844
41 0 43205146 5859426 201189584 5859426 244394730
42 0 42965892 5859426 201576169 5859426 244542061
43 0 42731692 5859426 201965588 5859426 244697280
44 0 42482437 5859426 202360544 5859426 244842981
45 0 42189147 5859426 202788517 5859426 244977664
46 0 41916189 5859426 203207954 5859426 245124143
47 0 41677211 5859426 203628817 5859426 245306028
48 0 41424087 5859426 204020272 5859426 245444359
49 0 41207220 5859426 204383432 5859426 245590652
50 0 40986761 5859426 204761055 5859426 245747816
51 0 40775210 5859426 205123307 5859426 245898517
52 0 40524381 5859426 205510152 5859426 246034533
53 0 40301330 5859426 205887756 5859426 246189086
54 0 40081889 5859426 206257101 5859426 246338990
55 0 39825875 5859426 206649409 5859426 246475284
56 0 39597565 5859426 207024865 5859426 246622430
57 0 39380272 5859426 207397840 5859426 246778112
58 0 39150795 5859426 207780999 5859426 246931794
59 0 38931077 5859426 208144641 5859426 247075718
60 0 38696248 5859426 208532578 5859426 247228826
61 0 38462011 5859426 208915312 5859426 247377323
62 0 38228090 5859426 209284564 5859426 247512654
63 0 37998039 5859426 209665205 5859426 247663244
64 0 37747932 5859426 210069883 5859426 247817815
1 0 51009243 5859430 877629496 5859430 928638739
2 0 50219146 5859430 878593090 5859430 928812236
3 0 49952003 5859430 879026341 5859430 928978344
4 0 49703563 5859430 879418352 5859430 929121915
5 0 49454715 5859430 879822234 5859430 929276949
6 0 49104556 5859430 880329909 5859430 929434465
7 0 48823043 5859430 880749994 5859430 929573037
8 0 48564195 5859430 881157968 5859430 929722163
9 0 48351718 5859430 881540572 5859430 929892290
10 0 48168351 5859430 881936509 5859430 930104860
11 0 47944244 5859430 882319484 5859430 930263728
12 0 47708248 5859430 882705643 5859430 930413891
13 0 47450364 5859430 883100895 5859430 930551259
14 0 47248071 5859430 883483129 5859430 930731200
15 0 47003187 5859430 883866066 5859430 930869253
16 0 46757673 5859430 884260226 5859430 931017899
17 0 46531084 5859430 884636108 5859430 931167192
18 0 46282404 5859430 885020989 5859430 931303393
19 0 46011835 5859430 885440000 5859430 931451835
20 0 45792746 5859430 885813549 5859430 931606295
21 0 45507215 5859430 886236559 5859430 931743774
22 0 45195202 5859430 886709884 5859430 931905086
23 0 44955170 5859430 887097284 5859430 932052454
24 0 44705914 5859430 887483648 5859430 932189562
25 0 44480160 5859430 887855418 5859430 932335578
26 0 44232016 5859430 888261744 5859430 932493760
27 0 43995891 5859430 888636848 5859430 932632739
28 0 43758913 5859430 889023249 5859430 932782162
29 0 43522214 5859430 889410260 5859430 932932474
30 0 43290219 5859430 889779216 5859430 933069435
31 0 42953836 5859430 890269244 5859430 933223080
32 0 42704711 5859430 890679126 5859430 933383837
33 0 42452919 5859430 891066915 5859430 933519834
34 0 42209183 5859430 891460259 5859430 933669442
35 0 41994391 5859430 891830197 5859430 933824588
36 0 41755322 5859430 892224078 5859430 933979400
37 0 41516918 5859430 892620886 5859430 934137804
38 0 41282626 5859430 893006731 5859430 934289357
39 0 41045001 5859430 893393409 5859430 934438410
40 0 40782524 5859430 893792235 5859430 934574759
41 0 40559510 5859430 894164635 5859430 934724145
42 0 40334847 5859430 894543832 5859430 934878679
43 0 40103667 5859430 894926917 5859430 935030584
44 0 39790765 5859430 895375650 5859430 935166415
45 0 39550306 5859430 895762087 5859430 935312393
46 0 38770691 5859430 896688700 5859430 935459391
47 0 38516696 5859430 897084600 5859430 935601296
48 0 38299496 5859430 897458556 5859430 935758052
49 0 38069482 5859430 897834882 5859430 935904364
50 0 37848930 5859430 898214264 5859430 936063194
51 0 37620694 5859430 898577646 5859430 936198340
52 0 37376884 5859430 898968972 5859430 936345856
53 0 37146536 5859430 899354891 5859430 936501427
54 0 36915096 5859430 899720347 5859430 936635443
55 0 36580953 5859430 900199487 5859430 936780440
56 0 36352420 5859430 900577295 5859430 936929715
57 0 36107222 5859430 900970380 5859430 937077602
58 0 35858226 5859430 901354447 5859430 937212673
59 0 35653342 5859430 901720810 5859430 937374152
60 0 35428623 5859430 902108192 5859430 937536815
61 0 35192516 5859430 902481445 5859430 937673961
62 0 34970354 5859430 902849808 5859430 937820162
63 0 34739858 5859430 903229023 5859430 937968881
64 0 34513566 5859430 903614720 5859430 938128286
1 0 50847079 5859435 628773769 5859435 679620848
2 0 50075167 5859435 629721622 5859435 679796789
3 0 49726397 5859435 630239760 5859435 679966157
4 0 49510122 5859435 630650642 5859435 680160764
5 0 49250572 5859435 631067745 5859435 680318317
6 0 49026113 5859435 631454349 5859435 680480462
7 0 48761896 5859435 631861897 5859435 680623793
8 0 48512437 5859435 632265760 5859435 680778197
9 0 48318255 5859435 632648068 5859435 680966323
10 0 48065057 5859435 633043449 5859435 681108506
11 0 47827098 5859435 633434220 5859435 681261318
12 0 47591509 5859435 633822176 5859435 681413685
13 0 47331459 5859435 634220094 5859435 681551553
14 0 47118093 5859435 634602050 5859435 681720143
15 0 46869763 5859435 634990562 5859435 681860325
16 0 46626805 5859435 635384110 5859435 682010915
17 0 46403309 5859435 635764566 5859435 682167875
18 0 46157962 5859435 636148596 5859435 682306558
19 0 45890022 5859435 636567051 5859435 682457073
20 0 45671268 5859435 636943840 5859435 682615108
21 0 45386365 5859435 637370351 5859435 682756716
22 0 45063278 5859435 637852435 5859435 682915713
23 0 44827264 5859435 638242224 5859435 683069488
24 0 44572510 5859435 638634679 5859435 683207189
25 0 44349551 5859435 639010691 5859435 683360242
26 0 44109185 5859435 639409184 5859435 683518369
27 0 43866653 5859435 639790417 5859435 683657070
28 0 43539196 5859435 640270871 5859435 683810067
29 0 43297070 5859435 640664753 5859435 683961823
30 0 43061852 5859435 641038339 5859435 684100191
31 0 42830560 5859435 641426795 5859435 684257355
32 0 42613972 5859435 641819898 5859435 684433870
33 0 42381365 5859435 642206354 5859435 684587719
34 0 42134258 5859435 642591903 5859435 684726161
35 0 41905911 5859435 642963896 5859435 684869807
36 0 41679767 5859435 643348703 5859435 685028470
37 0 41428864 5859435 643744715 5859435 685173579
38 0 41197498 5859435 644132800 5859435 685330298
39 0 40959428 5859435 644520923 5859435 685480351
40 0 40717414 5859435 644914619 5859435 685632033
41 0 40477900 5859435 645291649 5859435 685769549
42 0 40248386 5859435 645673661 5859435 685922047
43 0 40021353 5859435 646059413 5859435 686080766
44 0 39713248 5859435 646504404 5859435 686217652
45 0 39475178 5859435 646892823 5859435 686368001
46 0 38693100 5859435 647824843 5859435 686517943
47 0 38466456 5859435 648233391 5859435 686699847
48 0 38231571 5859435 648611310 5859435 686842881
49 0 38001668 5859435 648995266 5859435 686996934
50 0 37783580 5859435 649377407 5859435 687160987
51 0 37555862 5859435 649745048 5859435 687300910
52 0 37234312 5859435 650217725 5859435 687452037
53 0 36995094 5859435 650612847 5859435 687607941
54 0 36769228 5859435 650990044 5859435 687759272
55 0 36511214 5859435 651385759 5859435 687896973
56 0 36306718 5859435 651753641 5859435 688060359
57 0 36068018 5859435 652148319 5859435 688216337
58 0 35821653 5859435 652536330 5859435 688357983
59 0 35626009 5859435 652902971 5859435 688528980
60 0 35384846 5859435 653295872 5859435 688680718
61 0 35146184 5859435 653686124 5859435 688832308
62 0 34912355 5859435 654058598 5859435 688970953
63 0 34672915 5859435 654450887 5859435 689123802
64 0 34454919 5859435 654828177 5859435 689283096
1 0 144465127 5859440 337789395 5859440 482254522
2 0 143639716 5859440 338737470 5859440 482377186
3 0 143316667 5859440 339169129 5859440 482485796
4 0 143073041 5859440 339560844 5859440 482633885
5 0 142765806 5859440 339965707 5859440 482731513
6 0 142380869 5859440 340456253 5859440 482837122
7 0 142065635 5859440 340865486 5859440 482931121
8 0 141822250 5859440 341269701 5859440 483091951
9 0 141542014 5859440 341644713 5859440 483186727
10 0 141258686 5859440 342037650 5859440 483296336
11 0 140978359 5859440 342422920 5859440 483401279
12 0 140699549 5859440 342803932 5859440 483503481
13 0 140470534 5859440 343199073 5859440 483669607
14 0 140194169 5859440 343580547 5859440 483774716
15 0 139901915 5859440 343967855 5859440 483869770
16 0 139625384 5859440 344353588 5859440 483978972
17 0 139342907 5859440 344730100 5859440 484073007
18 0 139063209 5859440 345117852 5859440 484181061
19 0 138755585 5859440 345530363 5859440 484285948
20 0 138583106 5859440 345901097 5859440 484484203
21 0 138254909 5859440 346324774 5859440 484579683
22 0 137887934 5859440 346798691 5859440 484686625
23 0 137594273 5859440 347185351 5859440 484779624
24 0 137315778 5859440 347575918 5859440 484891696
25 0 137035857 5859440 347950115 5859440 484985972
26 0 136741714 5859440 348346663 5859440 485088377
27 0 136445275 5859440 348737063 5859440 485182338
28 0 136184391 5859440 349106112 5859440 485290503
29 0 136014079 5859440 349490605 5859440 485504684
30 0 135748010 5859440 349859339 5859440 485607349
31 0 135407257 5859440 350294831 5859440 485702088
32 0 135111022 5859440 350691379 5859440 485802401
33 0 134814750 5859440 351080483 5859440 485895233
34 0 134529441 5859440 351471438 5859440 486000879
35 0 134245760 5859440 351848969 5859440 486094729
36 0 133976006 5859440 352221369 5859440 486197375
37 0 133671641 5859440 352619899 5859440 486291540
38 0 133388832 5859440 353004021 5859440 486392853
39 0 133107412 5859440 353388347 5859440 486495759
40 0 132961710 5859440 353776433 5859440 486738143
41 0 132695567 5859440 354150111 5859440 486845678
42 0 132400683 5859440 354538160 5859440 486938843
43 0 132117504 5859440 354922430 5859440 487039934
44 0 131765454 5859440 355368126 5859440 487133580
45 0 131490886 5859440 355753859 5859440 487244745
46 0 131146133 5859440 356191036 5859440 487337169
47 0 130857045 5859440 356589603 5859440 487446648
48 0 130571662 5859440 356971596 5859440 487543258
49 0 130309630 5859440 357333904 5859440 487643534
50 0 130022468 5859440 357713175 5859440 487735643
51 0 129767381 5859440 358076279 5859440 487843660
52 0 129486349 5859440 358463735 5859440 487950084
53 0 129212335 5859440 358841117 5859440 488053452
54 0 128949228 5859440 359205555 5859440 488154783
55 0 128845990 5859440 359596955 5859440 488442945
56 0 128575643 5859440 359969059 5859440 488544702
57 0 128152799 5859440 360485994 5859440 488638793
58 0 127847971 5859440 360895727 5859440 488743698
59 0 127573902 5859440 361262406 5859440 488836308
60 0 127301592 5859440 361639047 5859440 488940639
61 0 127017061 5859440 362014984 5859440 489032045
62 0 126750936 5859440 362381848 5859440 489132784
63 0 126468978 5859440 362755952 5859440 489224930
64 0 126190947 5859440 363143241 5859440 489334188
1 0 94872562 5859445 137985095 5859445 232857657
2 0 94196482 5859445 138938781 5859445 233135263
3 0 94062373 5859445 139370718 5859445 233433091
4 0 94108650 5859445 139761840 5859445 233870490
5 0 93924358 5859445 140278719 5859445 234203077
6 0 93682046 5859445 140773118 5859445 234455164
7 0 93551272 5859445 141182591 5859445 234733863
8 0 93441107 5859445 141592658 5859445 235033765
9 0 93335961 5859445 141976725 5859445 235312686
10 0 93236944 5859445 142373551 5859445 235610495
11 0 93144002 5859445 142763099 5859445 235907101
12 0 93049151 5859445 143150166 5859445 236199317
13 0 92932358 5859445 143547714 5859445 236480072
14 0 92844229 5859445 143926393 5859445 236770622
15 0 92735472 5859445 144312108 5859445 237047580
16 0 93127205 5859445 144695786 5859445 237822991
17 0 93036207 5859445 145066872 5859445 238103079
18 0 92901691 5859445 145450716 5859445 238352407
19 0 92677287 5859445 145866283 5859445 238543570
20 0 92458773 5859445 146236646 5859445 238695419
21 0 92168260 5859445 146664953 5859445 238833213
22 0 91859525 5859445 147129222 5859445 238988747
23 0 91626066 5859445 147515882 5859445 239141948
24 0 91384589 5859445 147906523 5859445 239291112
25 0 91162890 5859445 148279016 5859445 239441906
26 0 90919894 5859445 148672101 5859445 239591995
27 0 90687584 5859445 149053242 5859445 239740826
28 0 90458718 5859445 149436976 5859445 239895694
29 0 90280517 5859445 149821765 5859445 240102282
30 0 89914579 5859445 150343756 5859445 240258335
31 0 89662362 5859445 150744600 5859445 240406962
32 0 89406256 5859445 151137259 5859445 240543515
33 0 89173019 5859445 151519419 5859445 240692438
34 0 88938820 5859445 151909023 5859445 240847843
35 0 88703102 5859445 152279146 5859445 240982248
36 0 88465829 5859445 152667120 5859445 241132949
37 0 88226963 5859445 153062205 5859445 241289168
38 0 87977856 5859445 153445717 5859445 241423573
39 0 87742009 5859445 153835802 5859445 241577811
40 0 87495365 5859445 154215591 5859445 241710956
41 0 87268999 5859445 154588992 5859445 241857991
42 0 87036503 5859445 154967466 5859445 242003969
43 0 86788230 5859445 155355959 5859445 242144189
44 0 86505531 5859445 155785507 5859445 242291038
45 0 86272202 5859445 156176444 5859445 242448646
46 0 85968226 5859445 156618788 5859445 242587014
47 0 85743971 5859445 157002114 5859445 242746085
48 0 85524346 5859445 157373570 5859445 242897916
49 0 85284813 5859445 157750008 5859445 243034821
50 0 85066243 5859445 158126723 5859445 243192966
51 0 84855914 5859445 158494105 5859445 243350019
52 0 84610733 5859445 158874413 5859445 243485146
53 0 84375718 5859445 159257295 5859445 243633013
54 0 84163000 5859445 159619714 5859445 243782714
55 0 83878042 5859445 160053021 5859445 243931063
56 0 84394293 5859445 160430828 5859445 244825121
57 0 84165705 5859445 160818895 5859445 244984600
58 0 83925875 5859445 161199574 5859445 245125449
59 0 83713065 5859445 161562437 5859445 245275502
60 0 83467921 5859445 161947356 5859445 245415277
61 0 83244462 5859445 162321849 5859445 245566311
62 0 83018874 5859445 162685009 5859445 245703883
63 0 82794934 5859445 163069057 5859445 245863991
64 0 82560123 5859445 163439310 5859445 245999433
1 0 94764527 5859449 857561007 5859449 952325534
2 0 94001856 5859449 858503897 5859449 952505753
3 0 93728731 5859449 858934093 5859449 952662824
4 0 93507106 5859449 859326863 5859449 952833969
5 0 93245110 5859449 859734800 5859449 952979910
6 0 93021374 5859449 860201495 5859449 953222869
7 0 92737453 5859449 860630395 5859449 953367848
8 0 92481643 5859449 861038609 5859449 953520252
9 0 92239814 5859449 861422880 5859449 953662694
10 0 92004633 5859449 861818780 5859449 953823413
11 0 91771489 5859449 862204699 5859449 953976188
12 0 91541012 5859449 862586655 5859449 954127667
13 0 91286017 5859449 862982036 5859449 954268053
14 0 91223388 5859449 863362011 5859449 954585399
15 0 90983264 5859449 863745633 5859449 954728897
16 0 90761860 5859449 864132311 5859449 954894171
17 0 90524716 5859449 864510323 5859449 955035039
18 0 90302702 5859449 864894871 5859449 955197573
19 0 90026059 5859449 865312123 5859449 955338182
20 0 89805693 5859449 865688338 5859449 955494031
21 0 89552142 5859449 866084090 5859449 955636232
22 0 89241314 5859449 866552730 5859449 955794044
23 0 88985838 5859449 866948185 5859449 955934023
24 0 88743972 5859449 867352844 5859449 956096816
25 0 88520791 5859449 867728874 5859449 956249665
26 0 88270091 5859449 868120423 5859449 956390514
27 0 88064836 5859449 868489175 5859449 956554011
28 0 87831432 5859449 868871502 5859449 956702934
29 0 87597752 5859449 869255457 5859449 956853209
30 0 87695232 5859449 869630617 5859449 957325849
31 0 87416645 5859449 870059405 5859449 957476050
32 0 87168242 5859449 870460768 5859449 957629010
33 0 86929523 5859449 870839780 5859449 957769303
34 0 86649029 5859449 871276346 5859449 957925375
35 0 86412274 5859449 871651246 5859449 958063520
36 0 86170815 5859449 872042036 5859449 958212851
37 0 85923061 5859449 872438250 5859449 958361311
38 0 85694194 5859449 872817466 5859449 958511660
39 0 85445847 5859449 873202459 5859449 958648306
40 0 85203667 5859449 873602173 5859449 958805840
41 0 84976356 5859449 873977703 5859449 958954059
42 0 84733583 5859449 874357196 5859449 959090779
43 0 84507994 5859449 874744041 5859449 959252035
44 0 84227241 5859449 875174792 5859449 959402033
45 0 83966616 5859449 875573081 5859449 959539697
46 0 83222833 5859449 876471602 5859449 959694435
47 0 82972579 5859449 876870094 5859449 959842673
48 0 82736860 5859449 877245606 5859449 959982466
49 0 82580678 5859449 877624803 5859449 960205481
50 0 82346108 5859449 878007759 5859449 960353867
51 0 82129520 5859449 878382622 5859449 960512142
52 0 81895598 5859449 878767633 5859449 960663231
53 0 81654954 5859449 879146923 5859449 960801877
54 0 81434310 5859449 879516916 5859449 960951226
55 0 81189185 5859449 879911705 5859449 961100890
56 0 80913191 5859449 880326308 5859449 961239499
57 0 80676602 5859449 880717690 5859449 961394292
58 0 80449810 5859449 881093516 5859449 961543326
59 0 80183074 5859449 881494805 5859449 961677879
60 0 79950541 5859449 881876613 5859449 961827154
61 0 80316350 5859449 882258939 5859449 962575289
62 0 80089447 5859449 882625710 5859449 962715157
63 0 79865525 5859449 883002666 5859449 962868191
64 0 79632029 5859449 883374696 5859449 963006725
1 0 94560031 5859454 617703058 5859454 712263089
2 0 93768119 5859454 618656818 5859454 712424937
3 0 93556142 5859454 619093143 5859454 712649285
4 0 93341923 5859454 619482840 5859454 712824763
5 0 93100929 5859454 619890091 5859454 712991020
6 0 92715399 5859454 620424359 5859454 713139758
7 0 92458348 5859454 620843444 5859454 713301792
8 0 92197519 5859454 621249270 5859454 713446789
9 0 92099983 5859454 621630541 5859454 713730524
10 0 91879191 5859454 622025756 5859454 713904947
11 0 91656954 5859454 622411212 5859454 714068166
12 0 91433033 5859454 622796427 5859454 714229460
13 0 91202667 5859454 623191623 5859454 714394290
14 0 90990819 5859454 623574079 5859454 714564898
15 0 90748601 5859454 623959313 5859454 714707914
16 0 90535883 5859454 624343472 5859454 714879355
17 0 90314405 5859454 624724484 5859454 715038889
18 0 90069725 5859454 625111643 5859454 715181368
19 0 89815989 5859454 625526950 5859454 715342939
20 0 89826248 5859454 625903795 5859454 715730043
21 0 89534401 5859454 626330343 5859454 715864744
22 0 89246185 5859454 626795482 5859454 716041667
23 0 89018355 5859454 627182735 5859454 716201090
24 0 88777063 5859454 627568524 5859454 716345587
25 0 88567345 5859454 627940498 5859454 716507843
26 0 88337479 5859454 628336065 5859454 716673544
27 0 88098947 5859454 628718965 5859454 716817912
28 0 87892079 5859454 629098570 5859454 716990649
29 0 87676102 5859454 629486229 5859454 717162331
30 0 87443847 5859454 629856241 5859454 717300088
31 0 87173019 5859454 630295214 5859454 717468233
32 0 86920765 5859454 630691225 5859454 717611990
33 0 86710880 5859454 631078366 5859454 717789246
34 0 86488754 5859454 631469859 5859454 717958613
35 0 86219556 5859454 631838037 5859454 718057593
36 0 85943431 5859454 632224678 5859454 718168109
37 0 85650140 5859454 632620412 5859454 718270552
38 0 85356756 5859454 633008423 5859454 718365179
39 0 85082002 5859454 633391379 5859454 718473381
40 0 84797045 5859454 633777057 5859454 718574102
41 0 84809821 5859454 634148810 5859454 718958631
42 0 84536401 5859454 634527303 5859454 719063704
43 0 84253647 5859454 634907036 5859454 719160683
44 0 83926468 5859454 635338010 5859454 719264478
45 0 83633140 5859454 635726243 5859454 719359383
46 0 83299017 5859454 636166735 5859454 719465752
47 0 83001948 5859454 636563117 5859454 719565065
48 0 82736767 5859454 636932851 5859454 719669618
49 0 82456088 5859454 637307047 5859454 719763135
50 0 82183074 5859454 637684022 5859454 719867096
51 0 81916117 5859454 638044052 5859454 719960169
52 0 81695695 5859454 638432582 5859454 720128277
53 0 81417292 5859454 638811742 5859454 720229034
54 0 81155333 5859454 639176643 5859454 720331976
55 0 80867654 5859454 639566098 5859454 720433752
56 0 80600363 5859454 639927388 5859454 720527751
57 0 80172519 5859454 640457193 5859454 720629712
58 0 79885543 5859454 640849204 5859454 720734747
59 0 79615918 5859454 641217216 5859454 720833134
60 0 79333460 5859454 641600561 5859454 720934021
61 0 79048706 5859454 641986109 5859454 721034815
62 0 78770489 5859454 642356732 5859454 721127221
63 0 78491772 5859454 642737373 5859454 721229145
64 0 78226999 5859454 643108737 5859454 721335736
1 0 94446144 5859459 472074312 5859459 566520456
2 0 93608733 5859459 473089275 5859459 566698008
3 0 93341498 5859459 473519693 5859459 566861191
4 0 93116872 5859459 473917649 5859459 567034521
5 0 92858340 5859459 474325919 5859459 567184259
6 0 92714973 5859459 474709578 5859459 567424551
7 0 92454440 5859459 475115145 5859459 567569585
8 0 92205981 5859459 475519008 5859459 567724989
9 0 91982115 5859459 475899223 5859459 567881338
10 0 91749953 5859459 476294882 5859459 568044835
11 0 91524124 5859459 476682505 5859459 568206629
12 0 91292387 5859459 477067183 5859459 568359570
13 0 91037540 5859459 477462009 5859459 568499549
14 0 90973949 5859459 477837817 5859459 568811766
15 0 90729898 5859459 478223365 5859459 568953263
16 0 90507272 5859459 478606173 5859459 569113445
17 0 90271758 5859459 478983481 5859459 569255239
18 0 90037874 5859459 479371344 5859459 569409218
19 0 89761749 5859459 479788114 5859459 569549863
20 0 89487384 5859459 480216828 5859459 569704212
21 0 89188408 5859459 480655598 5859459 569844006
22 0 89554345 5859459 481124275 5859459 570678620
23 0 89333682 5859459 481514953 5859459 570848635
24 0 89108465 5859459 481907890 5859459 571016355
25 0 88889876 5859459 482280883 5859459 571170759
26 0 88630770 5859459 482680505 5859459 571311275
27 0 88407367 5859459 483067609 5859459 571474976
28 0 88185259 5859459 483454380 5859459 571639639
29 0 87940394 5859459 483841224 5859459 571781618
30 0 88044947 5859459 484219273 5859459 572264220
31 0 87795711 5859459 484612581 5859459 572408292
32 0 87508161 5859459 485007462 5859459 572515623
33 0 87267258 5859459 485400159 5859459 572667417
34 0 87001004 5859459 485790670 5859459 572791674
35 0 86722102 5859459 486164848 5859459 572886950
36 0 86438514 5859459 486550508 5859459 572989022
37 0 86132835 5859459 486957111 5859459 573089946
38 0 85847303 5859459 487344567 5859459 573191870
39 0 85555012 5859459 487730912 5859459 573285924
40 0 85269369 5859459 488124256 5859459 573393625
41 0 84997023 5859459 488499601 5859459 573496624
42 0 84706454 5859459 488883557 5859459 573590011
43 0 84424996 5859459 489268124 5859459 573693120
44 0 84127038 5859459 489666450 5859459 573793488
45 0 83674324 5859459 490212292 5859459 573886616
46 0 83337368 5859459 490657450 5859459 573994818
47 0 83032114 5859459 491063573 5859459 574095687
48 0 82748267 5859459 491441899 5859459 574190166
49 0 82455051 5859459 491835373 5859459 574290424
50 0 82173741 5859459 492214533 5859459 574388274
51 0 81917487 5859459 492578600 5859459 574496087
52 0 81626696 5859459 492970889 5859459 574597585
53 0 81349182 5859459 493350567 5859459 574699749
54 0 81077613 5859459 493713690 5859459 574791303
55 0 80787063 5859459 494106442 5859459 574893505
56 0 80530513 5859459 494467361 5859459 574997874
57 0 80243776 5859459 494852151 5859459 575095927
58 0 79969782 5859459 495238921 5859459 575208703
59 0 79708045 5859459 495603415 5859459 575311460
60 0 79416662 5859459 495987704 5859459 575404366
61 0 79153482 5859459 496362549 5859459 575516031
62 0 78891116 5859459 496735542 5859459 575626658
63 0 78604695 5859459 497115424 5859459 575720119
64 0 78332664 5859459 497486454 5859459 575819118
1 0 94548568 5859464 187978514 5859464 282527082
2 0 93715565 5859464 188937144 5859464 282652709
3 0 93390756 5859464 189372118 5859464 282762874
4 0 93112872 5859464 189766333 5859464 282879205
5 0 92730972 5859464 190293712 5859464 283024684
6 0 92441032 5859464 190690816 5859464 283131848
7 0 92127742 5859464 191101864 5859464 283229606
8 0 91846803 5859464 191505708 5859464 283352511
9 0 91606270 5859464 191901090 5859464 283507360
10 0 91322480 5859464 192296156 5859464 283618636
11 0 91040466 5859464 192685575 5859464 283726041
12 0 90759508 5859464 193071809 5859464 283831317
13 0 90462310 5859464 193464931 5859464 283927241
14 0 90182167 5859464 193849165 5859464 284031332
15 0 89969393 5859464 194240639 5859464 284210032
16 0 89692065 5859464 194630687 5859464 284322752
17 0 89401737 5859464 195017328 5859464 284419065
18 0 89105094 5859464 195418636 5859464 284523730
19 0 88780175 5859464 195839887 5859464 284620062
20 0 88510309 5859464 196214121 5859464 284724430
21 0 88210981 5859464 196610484 5859464 284821465
22 0 87953523 5859464 197073661 5859464 285027184
23 0 87661047 5859464 197463561 5859464 285124608
24 0 87406792 5859464 197862054 5859464 285268846
25 0 87126131 5859464 198240084 5859464 285366215
26 0 86830673 5859464 198637947 5859464 285468620
27 0 86552382 5859464 199011699 5859464 285564081
28 0 86277592 5859464 199395821 5859464 285673413
29 0 85987430 5859464 199781759 5859464 285769189
30 0 85673991 5859464 200200844 5859464 285874835
31 0 85375534 5859464 200597392 5859464 285972926
32 0 85231888 5859464 200982237 5859464 286214125
33 0 84946412 5859464 201375581 5859464 286321993
34 0 84620418 5859464 201812184 5859464 286432602
35 0 84340701 5859464 202188974 5859464 286529675
36 0 84053577 5859464 202580114 5859464 286633691
37 0 83751952 5859464 202979385 5859464 286731337
38 0 83473013 5859464 203359100 5859464 286832113
39 0 83180426 5859464 203747630 5859464 286928056
40 0 82882579 5859464 204147697 5859464 287030276
41 0 82614659 5859464 204524967 5859464 287139626
42 0 82326849 5859464 204907201 5859464 287234050
43 0 82036207 5859464 205298490 5859464 287334697
44 0 81719212 5859464 205718501 5859464 287437713
45 0 81426218 5859464 206116864 5859464 287543082
46 0 81311312 5859464 206530875 5859464 287842187
47 0 81011132 5859464 206927905 5859464 287939037
48 0 80741841 5859464 207299787 5859464 288041628
49 0 80455513 5859464 207680039 5859464 288135552
50 0 80175519 5859464 208062161 5859464 288237680
51 0 79903135 5859464 208435247 5859464 288338382
52 0 79629066 5859464 208818258 5859464 288447324
53 0 79340163 5859464 209200548 5859464 288540711
54 0 79071169 5859464 209572726 5859464 288643895
55 0 78770378 5859464 209966811 5859464 288737189
56 0 78415921 5859464 210422396 5859464 288838317
57 0 78101316 5859464 210829740 5859464 288931056
58 0 77834173 5859464 211210362 5859464 289044535
59 0 77534604 5859464 211613485 5859464 289148089
60 0 77242110 5859464 211999755 5859464 289241865
61 0 76956930 5859464 212385581 5859464 289342511
62 0 76687009 5859464 212757019 5859464 289444028
63 0 76404385 5859464 213133123 5859464 289537508
64 0 76364830 5859464 213507264 5859464 289872094
