1 19 45566159 1232948 593678884 1232967 639245043
2 18 907012428 1232948 778061885 1232967 685074313
3 18 767866930 1232948 962640067 1232967 730506997
4 18 626881820 1232949 147979012 1232967 774860832
5 18 465840954 1232949 354454470 1232967 820295424
6 18 238102192 1232949 626816451 1232967 864918643
7 18 15231149 1232949 894961034 1232967 910192183
8 17 793684097 1232950 161393466 1232967 955077563
9 17 571049012 1232950 429560678 1232968 609690
10 17 409287716 1232950 636461386 1232968 45749102
11 17 270943147 1232950 819489525 1232968 90432672
12 17 130157145 1232951 5160111 1232968 135317256
13 16 991949499 1232951 188440430 1232968 180389929
14 16 853093051 1232951 372639694 1232968 225732745
15 16 713408212 1232951 557001417 1232968 270409629
16 16 573246439 1232951 741245013 1232968 314491452
17 16 431920816 1232951 926782529 1232968 358703345
18 16 285862120 1232952 116818308 1232968 402680428
19 16 144438501 1232952 302469636 1232968 446908137
20 16 5741939 1232952 485749047 1232968 491490986
21 15 864981695 1232952 670379506 1232968 535361201
22 15 726457055 1232952 853504087 1232968 579961142
23 15 585499834 1232953 39223284 1232968 624723118
24 15 442602873 1232953 226695687 1232968 669298560
25 15 298865150 1232953 414819115 1232968 713684265
26 15 154585550 1232953 603618251 1232968 758203801
27 15 13085412 1232953 789478890 1232968 802564302
28 14 870770014 1232953 977015014 1232968 847785028
29 14 745812961 1232954 164748005 1232968 910560966
30 14 620806760 1232954 353409367 1232968 974216127
31 14 495356160 1232954 542175134 1232969 37531294
32 14 372923669 1232954 728485152 1232969 101408821
33 14 250413642 1232954 914726154 1232969 165139796
34 14 129997111 1232955 99101692 1232969 229098803
35 14 9947573 1232955 282670838 1232969 292618411
36 13 886836298 1232955 469698510 1232969 356534808
37 13 763462677 1232955 657029156 1232969 420491833
38 13 640780134 1232955 843402785 1232969 484182919
39 13 515938524 1232956 32130441 1232969 548068965
40 13 391460904 1232956 220935134 1232969 612396038
41 13 268090413 1232956 408153949 1232969 676244362
42 13 145113062 1232956 595615649 1232969 740728711
43 13 21279468 1232956 783947036 1232969 805226504
44 12 897618741 1232956 972109611 1232969 869728352
45 12 770741651 1232957 163886356 1232969 934628007
46 12 646266348 1232957 352912691 1232969 999179039
47 12 521947615 1232957 541027564 1232970 62975179
48 12 399085372 1232957 730216508 1232970 129301880
49 12 263330457 1232957 920309730 1232970 183640187
50 12 118518107 1232958 109728762 1232970 228246869
51 11 975410501 1232958 299374586 1232970 274785087
52 11 831454117 1232958 489690618 1232970 321144735
53 11 687456232 1232958 680727082 1232970 368183314
54 11 540968935 1232958 873783190 1232970 414752125
55 11 395804572 1232959 65121000 1232970 460925572
56 11 250988556 1232959 256599306 1232970 507587862
57 11 104949342 1232959 448936595 1232970 553885937
58 10 952622880 1232959 648605927 1232970 601228807
59 10 806558388 1232959 841149786 1232970 647708174
60 10 660204754 1232960 34552703 1232970 694757457
61 10 513393462 1232960 228184060 1232970 741577522
62 10 347360157 1232960 441045874 1232970 788406031
63 10 114452328 1232960 721197907 1232970 835650235
64 9 881509130 1232961 1201591 1232970 882710721
1 21 634461843 1233092 937599602 1233114 572061445
2 21 467906355 1233093 148915294 1233114 616821649
3 21 330042242 1233093 331090194 1233114 661132436
4 21 190318759 1233093 514748157 1233114 705066916
5 21 51210207 1233093 697529212 1233114 748739419
6 20 913631570 1233093 879183974 1233114 792815544
7 20 770179882 1233094 67206462 1233114 837386344
8 20 631152219 1233094 254366374 1233114 885518593
9 20 507807965 1233094 440784727 1233114 948592692
10 20 385905017 1233094 625461633 1233115 11366650
11 20 264018753 1233094 810942746 1233115 74961499
12 20 133234296 1233095 4205555 1233115 137439851
13 20 5127026 1233095 196090374 1233115 201217400
14 19 876480155 1233095 388010840 1233115 264490995
15 19 756057511 1233095 571833374 1233115 327890885
16 19 634002546 1233095 757726960 1233115 391729506
17 19 510330059 1233095 944550194 1233115 454880253
18 19 388873305 1233096 129080251 1233115 517953556
19 19 268778951 1233096 312824231 1233115 581603182
20 19 141298927 1233096 503547906 1233115 644846833
21 19 11467025 1233096 696832253 1233115 708299278
22 18 881829896 1233096 890186598 1233115 772016494
23 18 750224141 1233097 85546088 1233115 835770229
24 18 622577231 1233097 276643571 1233115 899220802
25 18 496107299 1233097 467205675 1233115 963312974
26 18 369959120 1233097 658053755 1233116 28012875
27 18 243700314 1233097 849112534 1233116 92812848
28 18 78968475 1233098 76077101 1233116 155045576
29 17 868432564 1233098 351004419 1233116 219436983
30 17 660641840 1233098 624366656 1233116 285008496
31 17 449027598 1233098 898609043 1233116 347636641
32 17 240103525 1233099 173647174 1233116 413750699
33 17 26987833 1233099 449260552 1233116 476248385
34 16 813685680 1233099 724807969 1233116 538493649
35 16 599830298 1233100 753211 1233116 600583509
36 16 390261572 1233100 276417977 1233116 666679549
37 16 166277964 1233100 552491328 1233116 718769292
38 15 935049871 1233100 829975855 1233116 765025726
39 15 704202253 1233101 106052520 1233116 810254773
40 15 473031880 1233101 382368348 1233116 855400228
41 15 240952175 1233101 658541345 1233116 899493520
42 15 9871393 1233101 935389792 1233116 945261185
43 14 781486374 1233102 209950821 1233116 991437195
44 14 552395368 1233102 485401462 1233117 37796830
45 14 323432730 1233102 760961916 1233117 84394646
46 14 93837530 1233103 37035934 1233117 130873464
47 13 862907023 1233103 314042119 1233117 176949142
48 13 630898835 1233103 591918304 1233117 222817139
49 13 398083995 1233103 869506792 1233117 267590787
50 13 218427858 1233104 95652302 1233117 314080160
51 13 67910311 1233104 290906739 1233117 358817050
52 12 926866185 1233104 483836242 1233117 410702427
53 12 799106612 1233104 678598522 1233117 477705134
54 12 653062197 1233104 873030958 1233117 526093155
55 12 506397091 1233105 66137605 1233117 572534696
56 12 358307773 1233105 259211234 1233117 617519007
57 12 183100307 1233105 479076628 1233117 662176935
58 11 950740218 1233105 756106071 1233117 706846289
59 11 717598219 1233106 34672484 1233117 752270703
60 11 483092283 1233106 314185971 1233117 797278254
61 11 306681563 1233106 535016142 1233117 841697705
62 11 157264604 1233106 729349543 1233117 886614147
63 11 8107585 1233106 923638629 1233117 931746214
64 10 851833947 1233107 124925836 1233117 976759783
1 21 667399811 1233237 338367463 1233259 5767274
2 21 437680156 1233237 613740955 1233259 51421111
3 21 299882477 1233237 797702906 1233259 97585383
4 21 161782915 1233237 981930036 1233259 143712951
5 21 15237374 1233238 173016011 1233259 188253385
6 20 844582030 1233238 388245880 1233259 232827910
7 20 636056881 1233238 641116021 1233259 277172902
8 20 498248406 1233238 823504873 1233259 321753279
9 20 359572782 1233239 6618877 1233259 366191659
10 20 219671348 1233239 191469032 1233259 411140380
11 20 88380875 1233239 376284928 1233259 464665803
12 19 965033743 1233239 562908585 1233259 527942328
13 19 843281136 1233239 748020327 1233259 591301463
14 19 721915558 1233239 933222197 1233259 655137755
15 19 599160655 1233240 119623433 1233259 718784088
16 19 475997557 1233240 306368995 1233259 782366552
17 19 349474341 1233240 496535081 1233259 846009422
18 19 225517424 1233240 683504602 1233259 909022026
19 19 101661544 1233240 870652971 1233259 972314515
20 18 974815204 1233241 61592931 1233260 36408135
21 18 844640763 1233241 254801865 1233260 99442628
22 18 715649225 1233241 446679381 1233260 162328606
23 18 592136874 1233241 633712252 1233260 225849126
24 18 464804304 1233241 823971929 1233260 288776233
25 18 340488376 1233242 12073113 1233260 352561489
26 18 216185208 1233242 199242481 1233260 415427689
27 18 91122610 1233242 387639381 1233260 478761991
28 17 962733874 1233242 579260958 1233260 541994832
29 17 832274977 1233242 773005899 1233260 605280876
30 17 701582824 1233242 967317941 1233260 668900765
31 17 570395736 1233243 162516188 1233260 732911924
32 17 440746692 1233243 356760657 1233260 797507349
33 17 308948968 1233243 547936502 1233260 856885470
34 17 83371380 1233243 819324573 1233260 902695953
35 16 857714198 1233244 91498204 1233260 949212402
36 16 630106520 1233244 365636758 1233260 995743278
37 16 403031071 1233244 639741165 1233261 42772236
38 16 175323561 1233244 913665705 1233261 88989266
39 15 946884213 1233245 188821424 1233261 135705637
40 15 715844343 1233245 464619279 1233261 180463622
41 15 485139373 1233245 739926162 1233261 225065535
42 15 254740583 1233246 16112768 1233261 270853351
43 15 25004280 1233246 291010567 1233261 316014847
44 14 796412194 1233246 566478725 1233261 362890919
45 14 565581246 1233246 842640850 1233261 408222096
46 14 336528113 1233247 117073899 1233261 453602012
47 14 107768957 1233247 390859812 1233261 498628769
48 13 878309778 1233247 665327193 1233261 543636971
49 13 668520839 1233247 941177751 1233261 609698590
50 13 452061160 1233248 216194400 1233261 668255560
51 13 220938440 1233248 491269973 1233261 712208413
52 12 989010976 1233248 768242934 1233261 757253910
53 12 759784773 1233249 45314690 1233261 805099463
54 12 531057986 1233249 320795996 1233261 851853982
55 12 299292852 1233249 597398632 1233261 896691484
56 12 65072952 1233249 876102929 1233261 941175881
57 11 831919530 1233250 153738730 1233261 985658260
58 11 600798902 1233250 430056075 1233262 30854977
59 11 411680220 1233250 663780115 1233262 75460335
60 11 266591852 1233250 853949035 1233262 120540887
61 11 118126272 1233251 46999307 1233262 165125579
62 10 970281847 1233251 239922969 1233262 210204816
63 10 752698857 1233251 502199389 1233262 254898246
64 10 519015298 1233251 781352363 1233262 300367661
1 20 633867163 1233381 627366580 1233402 261233743
2 20 411132155 1233381 895584449 1233402 306716604
3 20 187654144 1233382 163375289 1233402 351029433
4 19 962956935 1233382 433091942 1233402 396048877
5 19 734754628 1233382 705909424 1233402 440664052
6 19 509578557 1233382 976025570 1233402 485604127
7 19 350496033 1233383 180882190 1233402 531378223
8 19 202987836 1233383 372640958 1233402 575628794
9 19 60554872 1233383 560334584 1233402 620889456
10 18 919356902 1233383 747445499 1233402 666802401
11 18 769802986 1233383 941909936 1233402 711712922
12 18 621225773 1233384 135317708 1233402 756543481
13 18 470662784 1233384 329517483 1233402 800180267
14 18 324719371 1233384 518433900 1233402 843153271
15 18 173002886 1233384 713496158 1233402 886499044
16 18 19531585 1233384 910635838 1233402 930167423
17 17 871335975 1233385 102069575 1233402 973405550
18 17 720373161 1233385 297299293 1233403 17672454
19 17 570437104 1233385 492472938 1233403 62910042
20 17 424739927 1233385 682130914 1233403 106870841
21 17 279018786 1233385 871385158 1233403 150403944
22 17 134899318 1233386 59826010 1233403 194725328
23 16 991541261 1233386 248095495 1233403 239636756
24 16 843354763 1233386 440426103 1233403 283780866
25 16 696951988 1233386 630369629 1233403 327321617
26 16 552216920 1233386 819300398 1233403 371517318
27 16 407062324 1233387 7765009 1233403 414827333
28 16 261931710 1233387 196406986 1233403 458338696
29 16 53069891 1233387 448821279 1233403 501891170
30 15 822986010 1233387 722783886 1233403 545769896
31 15 605415196 1233387 985058095 1233403 590473291
32 15 463974416 1233388 172193158 1233403 636167574
33 15 327677812 1233388 359422256 1233403 687100068
34 15 202968813 1233388 548050567 1233403 751019380
35 15 66429435 1233388 734790120 1233403 801219555
36 14 925060672 1233388 922291380 1233403 847352052
37 14 786112010 1233389 109737640 1233403 895849650
38 14 642580011 1233389 297828722 1233403 940408733
39 14 499770184 1233389 487778951 1233403 987549135
40 14 357561993 1233389 677050324 1233404 34612317
41 14 215359431 1233389 867467860 1233404 82827291
42 14 72066983 1233390 57282296 1233404 129349279
43 13 897602800 1233390 278429150 1233404 176031950
44 13 753539867 1233390 469424693 1233404 222964560
45 13 608934983 1233390 660477197 1233404 269412180
46 13 463993346 1233390 852079283 1233404 316072629
47 13 243020525 1233391 119977270 1233404 362997795
48 13 13057530 1233391 396382644 1233404 409440174
49 12 786256121 1233391 669786078 1233404 456042199
50 12 572614989 1233391 943796888 1233404 516411877
51 12 361167369 1233392 219812474 1233404 580979843
52 12 133413515 1233392 495359902 1233404 628773417
53 11 905054229 1233392 771033143 1233404 676087372
54 11 725605217 1233392 996442747 1233404 722047964
55 11 580504232 1233393 187411586 1233404 767915818
56 11 434028217 1233393 379492645 1233404 813520862
57 11 287202266 1233393 571545666 1233404 858747932
58 11 64258669 1233393 840362172 1233404 904620841
59 10 833727425 1233394 117374757 1233404 951102182
60 10 603600933 1233394 395342934 1233404 998943867
61 10 375652436 1233394 671372056 1233405 47024492
62 10 157340691 1233394 934677375 1233405 92018066
63 10 4910257 1233395 131383379 1233405 136293636
64 9 855042884 1233395 326581228 1233405 181624112
1 22 88745609 1233525 988742170 1233548 77487779
2 21 918102270 1233526 202884855 1233548 120987125
3 21 772967113 1233526 392961107 1233548 165928220
4 21 627318596 1233526 583739901 1233548 211058497
5 21 479728118 1233526 775885260 1233548 255613378
6 21 308398552 1233526 992671393 1233548 301069945
7 21 168159743 1233527 178229920 1233548 346389663
8 21 21788519 1233527 369731625 1233548 391520144
9 20 878984760 1233527 557948211 1233548 436932971
10 20 665327473 1233527 816492131 1233548 481819604
11 20 440514794 1233528 86472901 1233548 526987695
12 20 215699024 1233528 356491595 1233548 572190619
13 19 990825680 1233528 625932172 1233548 616757852
14 19 766142370 1233528 895990365 1233548 662132735
15 19 541208304 1233529 165770454 1233548 706978758
16 19 318022187 1233529 433965684 1233548 751987871
17 19 94411800 1233529 702706959 1233548 797118759
18 18 866653920 1233529 974703041 1233548 841356961
19 18 638136111 1233530 246396962 1233548 884533073
20 18 413709092 1233530 515057165 1233548 928766257
21 18 189989817 1233530 782953513 1233548 972943330
22 17 963399619 1233531 52950763 1233549 16350382
23 17 736416798 1233531 324363449 1233549 60780247
24 17 508221205 1233531 596413770 1233549 104634975
25 17 279478771 1233531 868908379 1233549 148387150
26 17 60055893 1233532 132849675 1233549 192905568
27 16 914614002 1233532 322050130 1233549 236664132
28 16 770407159 1233532 510680893 1233549 281088052
29 16 627054264 1233532 699049549 1233549 326103813
30 16 455905509 1233532 915977309 1233549 371882818
31 16 226416237 1233533 190472990 1233549 416889227
32 16 4294 1233533 461323465 1233549 461327759
33 15 771503355 1233533 733679261 1233549 505182616
34 15 541580685 1233534 7409920 1233549 548990605
35 15 313208373 1233534 279809179 1233549 593017552
36 15 83798765 1233534 553240011 1233549 637038776
37 14 911570513 1233534 770531819 1233549 682102332
38 14 762656579 1233534 963949469 1233549 726606048
39 14 612748701 1233535 158336155 1233549 771084856
40 14 462138801 1233535 353341310 1233549 815480111
41 14 312426437 1233535 547244617 1233549 859671054
42 14 160531136 1233535 743527636 1233549 904058772
43 14 6682206 1233535 942198386 1233549 948880592
44 13 852850406 1233536 140744138 1233549 993594544
45 13 706690158 1233536 332645744 1233550 39335902
46 13 576795794 1233536 525571921 1233550 102367715
47 13 443768082 1233536 721236416 1233550 165004498
48 13 309467064 1233536 918358066 1233550 227825130
49 13 176900734 1233537 114459274 1233550 291360008
50 13 47129181 1233537 307321342 1233550 354450523
51 12 898265727 1233537 519409365 1233550 417675092
52 12 685567235 1233537 795521255 1233550 481088490
53 12 470593752 1233538 73666419 1233550 544260171
54 12 252494940 1233538 354478661 1233550 606973601
55 12 118134923 1233538 552568311 1233550 670703234
56 11 984178194 1233538 751028287 1233550 735206481
57 11 833393685 1233538 948256954 1233550 781650639
58 11 686272881 1233539 140414481 1233550 826687362
59 11 541007746 1233539 331073648 1233550 872081394
60 11 397052065 1233539 520898628 1233550 917950693
61 11 250019020 1233539 713392018 1233550 963411038
62 11 43551386 1233539 964768007 1233551 8319393
63 10 811695439 1233540 242732638 1233551 54428077
64 10 578223430 1233540 521036559 1233551 99259989
1 22 948244600 1233670 163848601 1233693 112093201
2 22 793089358 1233670 362038477 1233693 155127835
3 22 655095150 1233670 546900855 1233693 201996005
4 22 514078261 1233670 732328574 1233693 246406835
5 22 362148567 1233670 928190699 1233693 290339266
6 22 139397138 1233671 197660134 1233693 337057272
7 21 915987334 1233671 467732297 1233693 383719631
8 21 690111485 1233671 738530354 1233693 428641839
9 21 464635926 1233672 9768050 1233693 474403976
10 21 238235828 1233672 281285593 1233693 519521421
11 21 11191651 1233672 553388457 1233693 564580108
12 20 788400260 1233672 821820875 1233693 610221135
13 20 562835164 1233673 92207422 1233693 655042586
14 20 338521100 1233673 362121070 1233693 700642170
15 20 62127430 1233673 683179934 1233693 745307364
16 19 829935226 1233673 959590861 1233693 789526087
17 19 602566425 1233674 231260123 1233693 833826548
18 19 374551804 1233674 503686481 1233693 878238285
19 19 147542588 1233674 774896419 1233693 922439007
20 18 920639019 1233675 46667864 1233693 967306883
21 18 692369958 1233675 319792949 1233694 12162907
22 18 463578352 1233675 593021366 1233694 56599718
23 18 236014480 1233675 865635165 1233694 101649645
24 18 9819508 1233676 136570275 1233694 146389783
25 17 783548520 1233676 407834211 1233694 191382731
26 17 555261088 1233676 680743227 1233694 236004315
27 17 327630719 1233676 952953978 1233694 280584697
28 17 100116013 1233677 226026935 1233694 326142948
29 16 873394719 1233677 498623752 1233694 372018471
30 16 647176913 1233677 771168220 1233694 418345133
31 16 419749447 1233678 45505114 1233694 465254561
32 16 190691623 1233678 320918766 1233694 511610389
33 15 962064273 1233678 595818409 1233694 557882682
34 15 734231093 1233678 869895901 1233694 604126994
35 15 509223449 1233679 141488276 1233694 650711725
36 15 282436192 1233679 414690323 1233694 697126515
37 15 51809030 1233679 690808997 1233694 742618027
38 14 821902538 1233679 967382089 1233694 789284627
39 14 593271965 1233680 242381008 1233694 835652973
40 14 363485731 1233680 518731881 1233694 882217612
41 14 132331523 1233680 796476635 1233694 928808158
42 13 908129529 1233681 67834274 1233694 975963803
43 13 762675208 1233681 259675108 1233695 22350316
44 13 618239534 1233681 450578238 1233695 68817772
45 13 473424681 1233681 642585365 1233695 116010046
46 13 293617444 1233681 868628618 1233695 162246062
47 13 64626249 1233682 144930585 1233695 209556834
48 12 835917178 1233682 420107908 1233695 256025086
49 12 608324585 1233682 694244622 1233695 302569207
50 12 379898639 1233682 969495239 1233695 349393878
51 12 150095533 1233683 245899223 1233695 395994756
52 11 920425185 1233683 522148599 1233695 442573784
53 11 731599050 1233683 756695852 1233695 488294902
54 11 586432279 1233683 948687924 1233695 535120203
55 11 439027014 1233684 142453183 1233695 581480197
56 11 292469789 1233684 334349108 1233695 626818897
57 11 76482708 1233684 595079253 1233695 671561961
58 10 843283448 1233684 872569919 1233695 715853367
59 10 608532848 1233685 151738589 1233695 760271437
60 10 377156533 1233685 428953779 1233695 806110312
61 10 147276559 1233685 704422745 1233695 851699304
62 9 916277737 1233685 980451273 1233695 896729010
63 9 682944201 1233686 258894365 1233695 941838566
64 9 449330819 1233686 537994259 1233695 987325078
1 20 301724050 1233814 714757446 1233835 16481496
2 20 139104619 1233814 921633877 1233835 60738496
3 19 998599828 1233815 107034322 1233835 105634150
4 19 855991003 1233815 292582321 1233835 148573324
5 19 712789320 1233815 479614216 1233835 192403536
6 19 489686839 1233815 745959106 1233835 235645945
7 19 264638802 1233816 14963019 1233835 279601821
8 19 39742559 1233816 283500422 1233835 323242981
9 18 813555065 1233816 553398353 1233835 366953418
10 18 588839077 1233816 823338840 1233835 412177917
11 18 362836912 1233817 94553042 1233835 457389954
12 18 140457490 1233817 363205665 1233835 503663155
13 17 915143330 1233817 632427443 1233835 547570773
14 17 689501527 1233817 901313414 1233835 590814941
15 17 465978831 1233818 169881538 1233835 635860369
16 17 278885363 1233818 402542147 1233835 681427510
17 17 139647436 1233818 588059405 1233835 727706841
18 16 998306531 1233818 774433702 1233835 772740233
19 16 856761833 1233818 961848442 1233835 818610275
20 16 716943288 1233819 148112722 1233835 865056010
21 16 574455627 1233819 336482554 1233835 910938181
22 16 433121500 1233819 523584374 1233835 956705874
23 16 289667229 1233819 712704154 1233836 2371383
24 16 148403508 1233819 900471572 1233836 48875080
25 15 999321904 1233820 95852043 1233836 95173947
26 15 849955934 1233820 291622600 1233836 141578534
27 15 706383906 1233820 481494736 1233836 187878642
28 15 566279829 1233820 667545169 1233836 233824998
29 15 422763485 1233820 855562211 1233836 278325696
30 15 273575661 1233821 49574376 1233836 323150037
31 15 122379449 1233821 245506541 1233836 367885990
32 14 977853310 1233821 434138757 1233836 411992067
33 14 833402023 1233821 623184297 1233836 456586320
34 14 689288931 1233821 811852420 1233836 501141351
35 14 471966299 1233822 72879767 1233836 544846066
36 14 243032691 1233822 345412980 1233836 588445671
37 14 16195116 1233822 616781494 1233836 632976610
38 13 789718515 1233822 888926697 1233836 678645212
39 13 560394526 1233823 164285836 1233836 724680362
40 13 333318955 1233823 437274300 1233836 770593255
41 13 120903374 1233823 692925901 1233836 813829275
42 12 972326000 1233823 889699346 1233836 862025346
43 12 846109502 1233824 84208964 1233836 930318466
44 12 707143198 1233824 277659733 1233836 984802931
45 12 560594729 1233824 469982228 1233837 30576957
46 12 414644674 1233824 661229781 1233837 75874455
47 12 267782191 1233824 853108952 1233837 120891143
48 12 120812676 1233825 44286339 1233837 165099015
49 11 942605680 1233825 266813148 1233837 209418828
50 11 790585338 1233825 463945233 1233837 254530571
51 11 638189557 1233825 660545440 1233837 298734997
52 11 493981653 1233825 849813903 1233837 343795556
53 11 349071374 1233826 39414099 1233837 388485473
54 11 204631714 1233826 229182645 1233837 433814359
55 11 59182483 1233826 419449402 1233837 478631885
56 10 900661638 1233826 624043748 1233837 524705386
57 10 669543388 1233826 900195946 1233837 569739334
58 10 438261604 1233827 175606844 1233837 613868448
59 10 207148742 1233827 451978982 1233837 659127724
60 10 43065007 1233827 681241417 1233837 724306424
61 9 909163955 1233827 872652578 1233837 781816533
62 9 759392734 1233828 67672909 1233837 827065643
63 9 612208610 1233828 260941034 1233837 873149644
64 9 430312058 1233828 487917255 1233837 918229313
1 20 290076822 1233958 788733140 1233979 78809962
2 20 63014119 1233959 60773978 1233979 123788097
3 19 925315029 1233959 243120468 1233979 168435497
4 19 787789029 1233959 426704767 1233979 214493796
5 19 650858794 1233959 608849706 1233979 259708500
6 19 511549254 1233959 791976292 1233979 303525546
7 19 374724259 1233959 973739904 1233979 348464163
8 19 233539237 1233960 160391217 1233979 393930454
9 19 94911814 1233960 343876629 1233979 438788443
10 18 957459609 1233960 527138471 1233979 484598080
11 18 819953941 1233960 711249519 1233979 531203460
12 18 680678419 1233960 894917558 1233979 575595977
13 18 541367583 1233961 80078900 1233979 621446483
14 18 401585683 1233961 264677660 1233979 666263343
15 18 260543084 1233961 449783726 1233979 710326810
16 18 120913533 1233961 634434337 1233979 755347870
17 17 984974816 1233961 816775253 1233979 801750069
18 17 846184192 1233962 1024132 1233979 847208324
19 17 703851545 1233962 189154101 1233979 893005646
20 17 565407914 1233962 373345388 1233979 938753302
21 17 427426034 1233962 557710597 1233979 985136631
22 17 289544782 1233962 741882366 1233980 31427148
23 17 149576310 1233962 927937247 1233980 77513557
24 17 9972035 1233963 113910073 1233980 123882108
25 16 868457779 1233963 300722846 1233980 169180625
26 16 726454794 1233963 489082069 1233980 215536863
27 16 585181348 1233963 675903805 1233980 261085153
28 16 445130878 1233963 861205070 1233980 306335948
29 16 306304514 1233964 45842645 1233980 352147159
30 16 164484821 1233964 233782247 1233980 398267068
31 16 17239159 1233964 428012430 1233980 445251589
32 15 871902442 1233964 619521906 1233980 491424348
33 15 725143048 1233964 813479835 1233980 538622883
34 15 581565518 1233965 3265142 1233980 584830660
35 15 437385167 1233965 193954764 1233980 631339931
36 15 295488697 1233965 382040919 1233980 677529616
37 15 73909978 1233965 650480458 1233980 724390436
38 14 846773091 1233965 924373593 1233980 771146684
39 14 619042955 1233966 198941808 1233980 817984763
40 14 391803829 1233966 472771481 1233980 864575310
41 14 166177690 1233966 744790394 1233980 910968084
42 13 941023134 1233967 16975655 1233980 957998789
43 13 714990835 1233967 289871607 1233981 4862442
44 13 488568731 1233967 562977331 1233981 51546062
45 13 259322606 1233967 838310087 1233981 97632693
46 13 33321549 1233968 110555939 1233981 143877488
47 12 891694592 1233968 298032699 1233981 189727291
48 12 743019736 1233968 493024274 1233981 236044010
49 12 596879923 1233968 685535694 1233981 282415617
50 12 446207347 1233968 882597321 1233981 328804668
51 12 296703860 1233969 78033017 1233981 374736877
52 12 151797634 1233969 269774174 1233981 421571808
53 12 5029000 1233969 462472702 1233981 467501702
54 11 830971754 1233969 683513654 1233981 514485408
55 11 686116546 1233969 874917521 1233981 561034067
56 11 539129972 1233970 68328979 1233981 607458951
57 11 392005938 1233970 262472108 1233981 654478046
58 11 190097869 1233970 511032593 1233981 701130462
59 10 959603344 1233970 788660655 1233981 748263999
60 10 730824767 1233971 64602657 1233981 795427424
61 10 502695824 1233971 339851599 1233981 842547423
62 10 273080411 1233971 615995450 1233981 889075861
63 10 42966452 1233971 892965821 1233981 935932273
64 9 813473796 1233972 169093468 1233981 982567264
1 22 101843704 1234103 637988459 1234125 739832163
2 21 949291610 1234103 853055974 1234125 802347584
3 21 822347621 1234104 43308608 1234125 865656229
4 21 694250230 1234104 233820180 1234125 928070410
5 21 567295799 1234104 424198366 1234125 991494165
6 21 437875489 1234104 617303369 1234126 55178858
7 21 309314940 1234104 808689962 1234126 118004902
8 21 185292154 1234104 996477347 1234126 181769501
9 21 58517756 1234105 186202916 1234126 244720672
10 20 933558951 1234105 374148928 1234126 307707879
11 20 809254875 1234105 562177938 1234126 371432813
12 20 679513460 1234105 755671767 1234126 435185227
13 20 516735806 1234105 981353593 1234126 498089399
14 20 385818748 1234106 175288117 1234126 561106865
15 20 256662859 1234106 367168107 1234126 623830966
16 20 127648301 1234106 557855065 1234126 685503366
17 19 954653700 1234106 793466381 1234126 748120081
18 19 746423383 1234107 64375763 1234126 810799146
19 19 537761963 1234107 336401734 1234126 874163697
20 19 328203506 1234107 608929547 1234126 937133053
21 19 118238908 1234107 881843686 1234127 82594
22 18 907407661 1234108 155106115 1234127 62513776
23 18 682169659 1234108 430443688 1234127 112613347
24 18 453614445 1234108 703581656 1234127 157196101
25 18 292243838 1234108 909234338 1234127 201478176
26 18 144277078 1234109 101510135 1234127 245787213
27 17 997835195 1234109 292910505 1234127 290745700
28 17 850074505 1234109 484758570 1234127 334833075
29 17 701224133 1234109 677957293 1234127 379181426
30 17 553008803 1234109 871442993 1234127 424451796
31 17 403970768 1234110 64756140 1234127 468726908
32 17 255807826 1234110 257609259 1234127 513417085
33 17 101247881 1234110 456496556 1234127 557744437
34 16 946407553 1234110 656192781 1234127 602600334
35 16 793133137 1234110 854044080 1234127 647177217
36 16 645272134 1234111 48538519 1234127 693810653
37 16 494137696 1234111 244545372 1234127 738683068
38 16 344618077 1234111 438408194 1234127 783026271
39 16 211551802 1234111 631116131 1234127 842667933
40 16 73315314 1234111 831393271 1234127 904708585
41 15 938228061 1234112 28708765 1234127 966936826
42 15 808976710 1234112 221337963 1234128 30314673
43 15 620770019 1234112 474066035 1234128 94836054
44 15 405615060 1234112 752736413 1234128 158351473
45 15 188013630 1234113 32941854 1234128 220955484
46 14 970196910 1234113 313442436 1234128 283639346
47 14 752849605 1234113 594080146 1234128 346929751
48 14 531638727 1234113 874359900 1234128 405998627
49 14 297394995 1234114 154933722 1234128 452328717
50 14 64241298 1234114 433281532 1234128 497522830
51 13 830622683 1234114 711213165 1234128 541835848
52 13 598311469 1234114 989893783 1234128 588205252
53 13 366564613 1234115 269190038 1234128 635754651
54 13 133625541 1234115 549348313 1234128 682973854
55 12 899152592 1234115 829490828 1234128 728643420
56 12 664539625 1234116 111508178 1234128 776047803
57 12 490870963 1234116 332188750 1234128 823059713
58 12 340549175 1234116 527462785 1234128 868011960
59 12 193626043 1234116 722040222 1234128 915666265
60 12 46756927 1234116 916418867 1234128 963175794
61 11 896804966 1234117 111910471 1234129 8715437
62 11 749400491 1234117 305980289 1234129 55380780
63 11 605845662 1234117 499262770 1234129 105108432
64 11 441664906 1234117 729427341 1234129 171092247
1 21 27640354 1234248 356850866 1234269 384491220
2 20 864925364 1234248 563306701 1234269 428232065
3 20 725148479 1234248 748271921 1234269 473420400
4 20 584095767 1234248 934018700 1234269 518114467
5 20 443323605 1234249 119728961 1234269 563052566
6 20 228899908 1234249 378882150 1234269 607782058
7 20 7795509 1234249 644983462 1234269 652778971
8 19 784946292 1234249 911830426 1234269 696776718
9 19 562316015 1234250 179133326 1234269 741449341
10 19 340369855 1234250 446289617 1234269 786659472
11 19 117828058 1234250 713279782 1234269 831107840
12 18 896429442 1234250 978754699 1234269 875184141
13 18 732666471 1234251 187375974 1234269 920042445
14 18 587710725 1234251 375577334 1234269 963288059
15 18 445600498 1234251 561985840 1234270 7586338
16 18 303491325 1234251 748867671 1234270 52358996
17 18 88886927 1234252 14161166 1234270 103048093
18 17 886166148 1234252 281024241 1234270 167190389
19 17 669256926 1234252 549328102 1234270 218585028
20 17 447356709 1234252 817020513 1234270 264377222
21 17 224197239 1234253 86051027 1234270 310248266
22 16 999527410 1234253 355703565 1234270 355230975
23 16 776533844 1234253 624651303 1234270 401185147
24 16 551886625 1234253 894980866 1234270 446867491
25 16 327956244 1234254 164111452 1234270 492067696
26 16 183918536 1234254 354231274 1234270 538149810
27 16 42695697 1234254 541741111 1234270 584436808
28 15 900109089 1234254 730361056 1234270 630470145
29 15 737618761 1234254 938457859 1234270 676076620
30 15 515269831 1234255 206376246 1234270 721646077
31 15 288312584 1234255 479495828 1234270 767808412
32 15 110447187 1234255 703650816 1234270 814098003
33 14 963796733 1234255 896585694 1234270 860382427
34 14 818121204 1234256 88679293 1234270 906800497
35 14 674720557 1234256 277469864 1234270 952190421
36 14 532275632 1234256 466187677 1234270 998463309
37 14 390551914 1234256 654405130 1234271 44957044
38 14 249812529 1234256 841519919 1234271 91332448
39 14 110202549 1234257 27501230 1234271 137703779
40 13 969188707 1234257 214899439 1234271 184088146
41 13 825687172 1234257 405224110 1234271 230911282
42 13 678962886 1234257 598386910 1234271 277349796
43 13 532540687 1234257 791217994 1234271 323758681
44 13 389878711 1234257 979825013 1234271 369703724
45 13 247779853 1234258 167891598 1234271 415671451
46 13 103798105 1234258 358455264 1234271 462253369
47 12 956778659 1234258 551748857 1234271 508527516
48 12 807744215 1234258 747444293 1234271 555188508
49 12 662843597 1234258 938825331 1234271 601668928
50 12 514338050 1234259 133992629 1234271 648330679
51 12 370916033 1234259 324184987 1234271 695101020
52 12 224964417 1234259 516914888 1234271 741879305
53 12 76626959 1234259 711585677 1234271 788212636
54 11 926895417 1234259 907854861 1234271 834750278
55 11 777325132 1234260 103816902 1234271 881142034
56 11 626234636 1234260 301744571 1234271 927979207
57 11 479239485 1234260 495636672 1234271 974876157
58 11 333324980 1234260 688360832 1234272 21685812
59 11 187809041 1234260 880710018 1234272 68519059
60 11 42781166 1234261 72696786 1234272 115477952
61 10 900732233 1234261 261738574 1234272 162470807
62 10 756417047 1234261 452668659 1234272 209085706
63 10 612320081 1234261 643435209 1234272 255755290
64 10 467481443 1234261 835327812 1234272 302809255
