1 43 380043529 1234392 353802055 1234435 733845584
2 43 237493827 1234392 545452460 1234435 782946287
3 43 101581957 1234392 729991542 1234435 831573499
4 42 964087787 1234392 915424772 1234435 879512559
5 42 812282062 1234393 114292684 1234435 926574746
6 42 590266106 1234393 384028222 1234435 974294328
7 42 370226943 1234393 653179421 1234436 23406364
8 42 152876505 1234393 923960884 1234436 76837389
9 41 955215516 1234394 192035862 1234436 147251378
10 41 740498619 1234394 459635684 1234436 200134303
11 41 519894300 1234394 729166931 1234436 249061231
12 41 301063911 1234394 997248631 1234436 298312542
13 41 79658034 1234395 267593918 1234436 347251952
14 40 860133992 1234395 536680858 1234436 396814850
15 40 637182257 1234395 808150530 1234436 445332787
16 40 415476960 1234396 78954455 1234436 494431415
17 40 193274341 1234396 349834267 1234436 543108608
18 39 970592804 1234396 620822208 1234436 591415012
19 39 746758142 1234396 892888849 1234436 639646991
20 39 522395546 1234397 164671274 1234436 687066820
21 39 299809712 1234397 435832747 1234436 735642459
22 39 78122211 1234397 705097314 1234436 783219525
23 38 855021572 1234397 976298083 1234436 831319655
24 38 631467219 1234398 248156877 1234436 879624096
25 38 408708314 1234398 519441830 1234436 928150144
26 38 185749227 1234398 790699283 1234436 976448510
27 38 37705448 1234398 986479200 1234437 24184648
28 37 897197151 1234399 174767559 1234437 71964710
29 37 751669044 1234399 368601033 1234437 120270077
30 37 586258958 1234399 582103101 1234437 168362059
31 37 434984593 1234399 781919883 1234437 216904476
32 37 294735884 1234399 970588920 1234437 265324804
33 37 151786023 1234400 161121495 1234437 312907518
34 37 4320528 1234400 355622048 1234437 359942576
35 36 865720194 1234400 541555509 1234437 407275703
36 36 715897171 1234400 738865192 1234437 454762363
37 36 573748628 1234400 929554690 1234437 503303318
38 36 425606369 1234401 124851338 1234437 550457707
39 36 290672851 1234401 318379336 1234437 609052187
40 36 168826521 1234401 508018965 1234437 676845486
41 36 41379522 1234401 702762421 1234437 744141943
42 35 850393234 1234401 959831801 1234437 810225035
43 35 724589036 1234402 153554684 1234437 878143720
44 35 600760023 1234402 346435750 1234437 947195773
45 35 477768807 1234402 538899750 1234438 16668557
46 35 322692110 1234402 762723690 1234438 85415800
47 35 200662339 1234402 951947087 1234438 152609426
48 35 62871340 1234403 143217036 1234438 206088376
49 34 919537746 1234403 333348860 1234438 252886606
50 34 776844918 1234403 523148782 1234438 299993700
51 34 632615360 1234403 715364065 1234438 347979425
52 34 486399452 1234403 910107187 1234438 396506639
53 34 338850237 1234404 106304466 1234438 445154703
54 34 187520800 1234404 305902881 1234438 493423681
55 34 39066122 1234404 500696743 1234438 539762865
56 33 888910902 1234404 698179478 1234438 587090380
57 33 732431177 1234404 904177046 1234438 636608223
58 33 503157326 1234405 182537508 1234438 685694834
59 33 273956806 1234405 460959191 1234438 734915997
60 33 48591100 1234405 735745224 1234438 784336324
61 32 822601925 1234406 11241168 1234438 833843093
62 32 596119574 1234406 289274044 1234438 885393618
63 32 386302544 1234406 566658748 1234438 952961292
64 32 176804767 1234406 845087024 1234439 21891791
65 31 966911313 1234407 123418190 1234439 90329503
66 31 756268800 1234407 402471157 1234439 158739957
67 31 548919832 1234407 678436167 1234439 227355999
68 31 425968967 1234407 869940186 1234439 295909153
69 31 302600741 1234408 61323207 1234439 363923948
70 31 177095742 1234408 255378935 1234439 432474677
71 31 45794245 1234408 455342047 1234439 501136292
72 30 921271393 1234408 648915266 1234439 570186659
73 30 796541396 1234408 841901238 1234439 638442634
74 30 669785200 1234409 36965242 1234439 706750442
75 30 544265459 1234409 231408037 1234439 775673496
76 30 419375022 1234409 425479783 1234439 844854805
77 30 292010411 1234409 621226737 1234439 913237148
78 30 164453767 1234409 817592753 1234439 982046520
79 30 37570831 1234410 14191987 1234440 51762818
80 29 907249704 1234410 213550426 1234440 120800130
81 29 779090664 1234410 411311711 1234440 190402375
82 29 593974186 1234410 665624201 1234440 259598387
83 29 350515391 1234410 977949663 1234440 328465054
84 29 151978807 1234411 244475839 1234440 396454646
85 29 19923528 1234411 445532375 1234440 465455903
86 28 886081877 1234411 647265582 1234440 533347459
87 28 751602998 1234411 848675999 1234440 600278997
88 28 623529197 1234412 46562004 1234440 670091201
89 28 491979354 1234412 246344897 1234440 738324251
90 28 359506269 1234412 443928797 1234440 803435066
91 28 196012700 1234412 656519976 1234440 852532676
92 27 960577969 1234412 940234741 1234440 900812710
93 27 724835486 1234413 224877320 1234440 949712806
94 27 490313144 1234413 507777675 1234440 998090819
95 27 340504900 1234413 706635605 1234441 47140505
96 27 193904128 1234413 902430670 1234441 96334798
97 27 45370341 1234414 101144917 1234441 146515258
98 26 899260690 1234414 297355585 1234441 196616275
99 26 755519808 1234414 491155503 1234441 246675311
100 26 611088883 1234414 686036197 1234441 297125080
101 26 466512165 1234414 881107738 1234441 347619903
102 26 321164055 1234415 77203630 1234441 398367685
103 26 173758986 1234415 275246891 1234441 449005877
104 26 26692447 1234415 474002471 1234441 500694918
105 25 876725501 1234415 694289351 1234441 571014852
106 25 655089518 1234415 985810000 1234441 640899518
107 25 448771882 1234416 262135706 1234441 710907588
108 25 313250097 1234416 467699153 1234441 780949250
109 25 179924030 1234416 671328804 1234441 851252834
110 25 42594670 1234416 878738196 1234441 921332866
111 24 903121222 1234417 88519523 1234441 991640745
112 24 763986509 1234417 297774860 1234442 61761369
113 24 628019195 1234417 503971369 1234442 131990564
114 24 493961160 1234417 708329006 1234442 202290166
115 24 358633021 1234417 914307333 1234442 272940354
116 24 224620595 1234418 118216535 1234442 342837130
117 24 87851484 1234418 326629462 1234442 414480946
118 23 950120687 1234418 534520956 1234442 484641643
119 23 823536727 1234418 733835748 1234442 557372475
120 23 688535655 1234418 933063911 1234442 621599566
121 23 537684005 1234419 134955856 1234442 672639861
122 23 384717044 1234419 338982185 1234442 723699229
123 23 224660964 1234419 548609496 1234442 773270460
124 23 65304387 1234419 758796223 1234442 824100610
125 22 907707184 1234419 966045896 1234442 873753080
126 22 750292663 1234420 174323215 1234442 924615878
127 22 593266042 1234420 382308503 1234442 975574545
128 22 438886830 1234420 587711972 1234443 26598802
1 45 156250930 1234561 699181921 1234606 855432851
2 44 989879880 1234561 912823673 1234606 902703553
3 44 845112072 1234562 105069586 1234606 950181658
4 44 697120198 1234562 299783580 1234606 996903778
5 44 549753128 1234562 493939825 1234607 43692953
6 44 407945762 1234562 683826877 1234607 91772639
7 44 261121847 1234562 878254673 1234607 139376520
8 44 119351796 1234563 66956192 1234607 186307988
9 43 946429707 1234563 286490625 1234607 232920332
10 43 722092758 1234563 557383420 1234607 279476178
11 43 501456606 1234563 825052631 1234607 326509237
12 43 279385222 1234564 93997465 1234607 373382687
13 43 60269041 1234564 363050963 1234607 423320004
14 42 839177250 1234564 634205364 1234607 473382614
15 42 619880812 1234564 904899534 1234607 524780346
16 42 417616429 1234565 176078676 1234607 593695105
17 42 214671616 1234565 446870454 1234607 661542070
18 42 13583895 1234565 716329408 1234607 729913303
19 41 811939241 1234565 986865340 1234607 798804581
20 41 607964411 1234566 259998702 1234607 867963113
21 41 402941470 1234566 533467855 1234607 936409325
22 41 199939917 1234566 804969657 1234608 4909574
23 40 997098676 1234567 75737769 1234608 72836445
24 40 793899848 1234567 347321625 1234608 141221473
25 40 589919387 1234567 618943092 1234608 208862479
26 40 385998574 1234567 890992920 1234608 276991494
27 40 185481454 1234568 159377079 1234608 344858533
28 39 980485884 1234568 430244653 1234608 410730537
29 39 836956978 1234568 625227068 1234608 462184046
30 39 688741886 1234568 821870209 1234608 510612095
31 39 543683252 1234569 15278747 1234608 558961999
32 39 365311048 1234569 242319570 1234608 607630618
33 39 137361558 1234569 518832033 1234608 656193591
34 38 962419120 1234569 742093115 1234608 704512235
35 38 820380908 1234569 932708226 1234608 753089134
36 38 677814706 1234570 123834679 1234608 801649385
37 38 535966304 1234570 314330534 1234608 850296838
38 38 393589894 1234570 504503321 1234608 898093215
39 38 250880879 1234570 695760346 1234608 946641225
40 38 106828762 1234570 888018647 1234608 994847409
41 37 962633832 1234571 80304689 1234609 42938521
42 37 819732377 1234571 271399846 1234609 91132223
43 37 675023327 1234571 463425560 1234609 138448887
44 37 529731105 1234571 656411254 1234609 186142359
45 37 383253590 1234571 851080138 1234609 234333728
46 37 237144957 1234572 45475064 1234609 282620021
47 37 91602276 1234572 239926471 1234609 331528747
48 36 945534901 1234572 434703223 1234609 380238124
49 36 769352969 1234572 659209855 1234609 428562824
50 36 624421517 1234572 853045403 1234609 477466920
51 36 481325696 1234573 44498998 1234609 525824694
52 36 334344691 1234573 239813091 1234609 574157782
53 36 183584761 1234573 438617431 1234609 622202192
54 36 34034936 1234573 637108295 1234609 671143231
55 35 886350482 1234573 833438424 1234609 719788906
56 35 712517189 1234574 55743229 1234609 768260418
57 35 483944878 1234574 333224173 1234609 817169051
58 35 268358183 1234574 612636597 1234609 880994780
59 35 55297604 1234574 892169927 1234609 947467531
60 34 829631347 1234575 166765502 1234609 996396849
61 34 599467993 1234575 444570995 1234610 44038988
62 34 371379599 1234575 722244898 1234610 93624497
63 34 140407205 1234576 1303126 1234610 141710331
64 33 910094965 1234576 280787216 1234610 190882181
65 33 679030925 1234576 559375490 1234610 238406415
66 33 447288362 1234576 839667879 1234610 286956241
67 33 215825033 1234577 119174876 1234610 334999909
68 32 984706031 1234577 398907220 1234610 383613251
69 32 754029744 1234577 678392902 1234610 432422646
70 32 520977372 1234577 959836528 1234610 480813900
71 32 334189093 1234578 195610753 1234610 529799846
72 32 189622503 1234578 389593558 1234610 579216061
73 32 47739732 1234578 580122856 1234610 627862588
74 31 919421769 1234578 773199475 1234610 692621244
75 31 720647003 1234579 41113162 1234610 761760165
76 31 509840268 1234579 321245666 1234610 831085934
77 31 300119755 1234579 601081952 1234610 901201707
78 31 88841493 1234579 881882942 1234610 970724435
79 30 879434102 1234580 161398235 1234611 40832337
80 30 667637554 1234580 444303425 1234611 111940979
81 30 447395653 1234580 726072822 1234611 173468475
82 30 215290652 1234581 8056863 1234611 223347515
83 29 983467664 1234581 289982775 1234611 273450439
84 29 750564364 1234581 572443714 1234611 323008078
85 29 521737910 1234581 851564274 1234611 373302184
86 29 291189267 1234582 132472836 1234611 423662103
87 29 60075618 1234582 413843018 1234611 473918636
88 28 828872691 1234582 695002927 1234611 523875618
89 28 597075017 1234582 977213964 1234611 574288981
90 28 364558135 1234583 259920602 1234611 624478737
91 28 129743076 1234583 544719754 1234611 674462830
92 27 895641226 1234583 828880289 1234611 724521515
93 27 661225788 1234584 113481742 1234611 774707530
94 27 428703351 1234584 396646537 1234611 825349888
95 27 203382161 1234584 681503170 1234611 884885331
96 26 993832717 1234584 962525952 1234611 956358669
97 26 870906445 1234585 156514886 1234612 27421331
98 26 737537136 1234585 351020995 1234612 88558131
99 26 593181469 1234585 546642897 1234612 139824366
100 26 444088042 1234585 747365163 1234612 191453205
101 26 289588518 1234585 950596638 1234612 240185156
102 26 137558224 1234586 151408623 1234612 288966847
103 25 990241966 1234586 350108761 1234612 340350727
104 25 841431701 1234586 548029600 1234612 389461301
105 25 689489757 1234586 748399464 1234612 437889221
106 25 537444907 1234586 949440945 1234612 486885852
107 25 351346891 1234587 184929325 1234612 536276216
108 25 175323531 1234587 410660988 1234612 585984519
109 25 23892929 1234587 611069370 1234612 634962299
110 24 874007832 1234587 809738046 1234612 683745878
111 24 722248551 1234588 10321221 1234612 732569772
112 24 574303602 1234588 206791070 1234612 781094672
113 24 424980106 1234588 404561930 1234612 829542036
114 24 276656109 1234588 602244792 1234612 878900901
115 24 128589922 1234588 799904839 1234612 928494761
116 23 979363295 1234588 997689680 1234612 977052975
117 23 825522721 1234589 200404054 1234613 25926775
118 23 664231942 1234589 410586263 1234613 74818205
119 23 502526689 1234589 621426237 1234613 123952926
120 23 349524450 1234589 823293036 1234613 172817486
121 23 194860874 1234590 26947428 1234613 221808302
122 23 40614049 1234590 229761078 1234613 270375127
123 22 883597870 1234590 436023883 1234613 319621753
124 22 725536805 1234590 643008433 1234613 368545238
125 22 571211500 1234590 846980875 1234613 418192375
126 22 418780528 1234591 50186091 1234613 468966619
127 22 287053169 1234591 251783394 1234613 538836563
128 22 152715767 1234591 455061406 1234613 607777173
1 42 165300966 1234730 158497891 1234772 323798857
2 42 915395 1234730 372157199 1234772 373072594
3 41 865683603 1234730 557100904 1234772 422784507
4 41 729986525 1234730 741532471 1234772 471518996
5 41 589836849 1234730 931083067 1234772 520919916
6 41 369296268 1234731 200955124 1234772 570251392
7 41 147136608 1234731 472295690 1234772 619432298
8 40 925591084 1234731 742983731 1234772 668574815
9 40 702929416 1234732 14748510 1234772 717677926
10 40 482519239 1234732 284928599 1234772 767447838
11 40 261705665 1234732 554813581 1234772 816519246
12 40 41954272 1234732 823640678 1234772 865594950
13 39 822274953 1234733 92435756 1234772 914710709
14 39 602496783 1234733 361736232 1234772 964233015
15 39 382146550 1234733 630991709 1234773 13138259
16 39 161408696 1234733 901064151 1234773 62472847
17 38 938985467 1234734 173198368 1234773 112183835
18 38 714390984 1234734 447502801 1234773 161893785
19 38 488993944 1234734 722114839 1234773 211108783
20 38 264105208 1234734 996851838 1234773 260957046
21 38 39364968 1234735 270625634 1234773 309990602
22 37 811260480 1234735 545700830 1234773 356961310
23 37 584452393 1234735 819570883 1234773 404023276
24 37 358504271 1234736 93727374 1234773 452231645
25 37 134743975 1234736 366897793 1234773 501641768
26 36 917885322 1234736 640916510 1234773 558801832
27 36 714308557 1234736 915547103 1234773 629855660
28 36 510183951 1234737 189525543 1234773 699709494
29 36 343232727 1234737 426960514 1234773 770193241
30 36 225879510 1234737 614573093 1234773 840452603
31 36 85495394 1234737 804628216 1234773 890123610
32 35 946596767 1234737 993338125 1234773 939934892
33 35 808779045 1234738 181530711 1234773 990309756
34 35 666935457 1234738 371431485 1234774 38366942
35 35 523486957 1234738 562928747 1234774 86415704
36 35 373207127 1234738 760142674 1234774 133349801
37 35 226566727 1234738 954884353 1234774 181451080
38 35 76446690 1234739 153047577 1234774 229494267
39 34 926289636 1234739 351175208 1234774 277464844
40 34 783272553 1234739 542151591 1234774 325424144
41 34 643205098 1234739 730745854 1234774 373950952
42 34 502673373 1234739 919296766 1234774 421970139
43 34 361716694 1234740 108172579 1234774 469889273
44 34 220830829 1234740 297904153 1234774 518734982
45 34 90932562 1234740 487459916 1234774 578392478
46 33 969022639 1234740 678220044 1234774 647242683
47 33 845662115 1234740 870942281 1234774 716604396
48 33 723084316 1234741 63366747 1234774 786451063
49 33 597965826 1234741 256890580 1234774 854856406
50 33 453314461 1234741 450463152 1234774 903777613
51 33 288983981 1234741 664489768 1234774 953473749
52 33 143224470 1234741 859742049 1234775 2966519
53 32 999659138 1234742 52841872 1234775 52501010
54 32 850746652 1234742 251565751 1234775 102312403
55 32 701738243 1234742 449919433 1234775 151657676
56 32 557835251 1234742 643214271 1234775 201049522
57 32 418512614 1234742 832605926 1234775 251118540
58 32 279821631 1234743 21269539 1234775 301091170
59 32 139645011 1234743 211554047 1234775 351199058
60 31 996860850 1234743 404225896 1234775 401086746
61 31 853492088 1234743 597807376 1234775 451299464
62 31 708476526 1234743 792546000 1234775 501022526
63 31 484621417 1234744 66450460 1234775 551071877
64 31 252551563 1234744 348377818 1234775 600929381
65 31 22752720 1234744 628164495 1234775 650917215
66 30 793970264 1234744 905525387 1234775 699495651
67 30 565292379 1234745 182405937 1234775 747698316
68 30 335526276 1234745 460607757 1234775 796134033
69 30 103480569 1234745 740870925 1234775 844351494
70 29 871917315 1234746 21366589 1234775 893283904
71 29 640040883 1234746 302310929 1234775 942351812
72 29 406320320 1234746 584417654 1234775 990737974
73 29 173946046 1234746 865603267 1234776 39549313
74 28 944586934 1234747 143867882 1234776 88454816
75 28 794227663 1234747 342378246 1234776 136605909
76 28 641466326 1234747 543590799 1234776 185057125
77 28 491537675 1234747 741989129 1234776 233526804
78 28 352984930 1234747 940339886 1234776 293324816
79 28 231562294 1234748 131666799 1234776 363229093
80 28 108819627 1234748 324274187 1234776 433093814
81 27 988539580 1234748 514564824 1234776 503104404
82 27 857718962 1234748 714893375 1234776 572612337
83 27 726240041 1234748 916380941 1234776 642620982
84 27 598847577 1234749 114857232 1234776 713704809
85 27 466184291 1234749 318196391 1234776 784380682
86 27 341576292 1234749 513012791 1234776 854589083
87 27 211873133 1234749 711977258 1234776 923850391
88 27 80653206 1234749 911289015 1234776 991942221
89 26 954825175 1234750 105869549 1234777 60694724
90 26 829603743 1234750 300282087 1234777 129885830
91 26 695929755 1234750 503569432 1234777 199499187
92 26 563291819 1234750 705772799 1234777 269064618
93 26 430078803 1234750 908969016 1234777 339047819
94 26 299329683 1234751 110202087 1234777 409531770
95 26 168104184 1234751 310976796 1234777 479080980
96 26 32719728 1234751 516412988 1234777 549132716
97 25 906527575 1234751 712664952 1234777 619192527
98 25 771604314 1234751 909947638 1234777 681551952
99 25 605490184 1234752 125072843 1234777 730563027
100 25 370280354 1234752 409313082 1234777 779593436
101 25 137678529 1234752 690974778 1234777 828653307
102 24 901322944 1234752 976840262 1234777 878163206
103 31 313556445 1234753 206646180 1234784 520202625
104 29 721411069 1234753 403227323 1234783 124638392
105 30 157666770 1234753 601696911 1234783 759363681
106 24 468796263 1234753 799467475 1234778 268263738
107 23 932392822 1234753 994742682 1234777 927135504
108 31 112466873 1234754 190530044 1234785 302996917
109 28 807759882 1234754 386082189 1234783 193842071
110 29 126950065 1234754 583918475 1234783 710868540
111 29 291345136 1234754 781552468 1234784 72897604
112 29 444978400 1234754 977908579 1234784 422886979
113 22 799883819 1234755 175745438 1234777 975629257
114 22 844964175 1234755 374854939 1234778 219819114
115 30 354440614 1234755 579094303 1234785 933534917
116 27 545051173 1234755 777644871 1234783 322696044
117 27 395653604 1234755 975283456 1234783 370937060
118 27 440598963 1234756 173111686 1234783 613710649
119 27 807820944 1234756 371508442 1234784 179329386
120 21 455325807 1234756 569128473 1234778 24454280
121 21 306510024 1234756 766843427 1234778 73353451
122 26 454761137 1234756 964492216 1234783 419253353
123 27 162707397 1234757 162887546 1234784 325594943
124 26 203271663 1234757 361600444 1234783 564872107
125 28 180610854 1234757 559470118 1234785 740080972
126 25 705255323 1234757 762356915 1234783 467612238
127 27 391286487 1234757 963011608 1234785 354298095
128 19 925235344 1234758 196288402 1234778 121523746
1 40 949543727 1234897 911414482 1234938 860958209
2 40 782496671 1234898 125536615 1234938 908033286
3 40 642229181 1234898 313088955 1234938 955318136
4 40 507292754 1234898 495473044 1234939 2765798
5 40 371402290 1234898 677840540 1234939 49242830
6 40 233993782 1234898 861946040 1234939 95939822
7 40 94988749 1234899 47537937 1234939 142526686
8 39 960080229 1234899 232169241 1234939 192249470
9 39 839517020 1234899 418108556 1234939 257625576
10 39 707858973 1234899 604927892 1234939 312786865
11 39 567408672 1234899 791880132 1234939 359288804
12 39 426824337 1234899 979298104 1234939 406122441
13 39 284588405 1234900 167938996 1234939 452527401
14 39 147529557 1234900 351940016 1234939 499469573
15 39 10791129 1234900 535784928 1234939 546576057
16 38 871899649 1234900 721515396 1234939 593415045
17 38 732679898 1234900 907768613 1234939 640448511
18 38 594814196 1234901 93628893 1234939 688443089
19 38 456400929 1234901 280606522 1234939 737007451
20 38 316151606 1234901 467865719 1234939 784017325
21 38 175655677 1234901 656455038 1234939 832110715
22 38 36744531 1234901 844681772 1234939 881426303
23 37 897028846 1234902 33728619 1234939 930757465
24 37 757893668 1234902 222582859 1234939 980476527
25 37 635579531 1234902 410649188 1234940 46228719
26 37 511086213 1234902 599291247 1234940 110377460
27 37 372142717 1234902 788067525 1234940 160210242
28 37 231390182 1234902 978411606 1234940 209801788
29 37 88021253 1234903 171816387 1234940 259837640
30 36 950314362 1234903 359146119 1234940 309460481
31 36 805562813 1234903 553844411 1234940 359407224
32 36 659200887 1234903 749638089 1234940 408838976
33 36 512734390 1234903 946192715 1234940 458927105
34 36 372636527 1234904 135164138 1234940 507800665
35 36 230337151 1234904 326917562 1234940 557254713
36 36 83861692 1234904 523160471 1234940 607022163
37 35 937568079 1234904 719323124 1234940 656891203
38 35 792135507 1234904 914335835 1234940 706471342
39 35 609269112 1234905 146304285 1234940 755573397
40 35 381119162 1234905 423694399 1234940 804813561
41 35 152665606 1234905 701462210 1234940 854127816
42 34 926915516 1234905 976286930 1234940 903202446
43 34 699886858 1234906 252686101 1234940 952572959
44 34 535921815 1234906 466085267 1234941 2007082
45 34 393388778 1234906 658243849 1234941 51632627
46 34 250171383 1234906 850824590 1234941 100995973
47 34 100408340 1234907 49969517 1234941 150377857
48 33 870792492 1234907 329007488 1234941 199799980
49 33 642834964 1234907 606628264 1234941 249463228
50 33 414186079 1234907 885337982 1234941 299524061
51 33 184147961 1234908 164691873 1234941 348839834
52 32 954358598 1234908 443944673 1234941 398303271
53 32 723925748 1234908 724047234 1234941 447972982
54 32 495026479 1234909 2646010 1234941 497672489
55 32 266876417 1234909 280302267 1234941 547178684
56 32 40159420 1234909 556974729 1234941 597134149
57 31 898384942 1234909 748725282 1234941 647110224
58 31 751080572 1234909 946247297 1234941 697327869
59 31 603478153 1234910 143934641 1234941 747412794
60 31 457633680 1234910 340128459 1234941 797762139
61 31 307136503 1234910 540774764 1234941 847911267
62 31 161916851 1234910 736425741 1234941 898342592
63 31 14929679 1234910 931699503 1234941 946629182
64 30 864730644 1234911 132401437 1234941 997132081
65 30 720374864 1234911 326980935 1234942 47355799
66 30 576313116 1234911 521168644 1234942 97481760
67 30 436735632 1234911 710994457 1234942 147730089
68 30 296824062 1234911 901283484 1234942 198107546
69 30 154551149 1234912 94181663 1234942 248732812
70 30 10428994 1234912 288562739 1234942 298991733
71 29 867283487 1234912 481715154 1234942 348998641
72 29 719867065 1234912 679398313 1234942 399265378
73 29 571373496 1234912 877884531 1234942 449258027
74 29 425032348 1234913 74687356 1234942 499719704
75 29 276614889 1234913 273232683 1234942 549847572
76 29 130555736 1234913 469829808 1234942 600385544
77 28 981095427 1234913 669676721 1234942 650772148
78 28 831252644 1234913 868018627 1234942 699271271
79 28 682514339 1234914 65193871 1234942 747708210
80 28 532964328 1234914 263595775 1234942 796560103
81 28 386910675 1234914 457265698 1234942 844176373
82 28 169572623 1234914 723170816 1234942 892743439
83 27 946827159 1234915 5799216 1234942 952626375
84 27 733365383 1234915 289014920 1234943 22380303
85 27 520414042 1234915 571949722 1234943 92363764
86 27 306163875 1234915 856011890 1234943 162175765
87 27 92459603 1234916 139087597 1234943 231547200
88 26 879955753 1234916 421569926 1234943 301525679
89 26 664748623 1234916 706181751 1234943 370930374
90 26 451097980 1234916 989841150 1234943 440939130
91 26 285819890 1234917 224864965 1234943 510684855
92 26 156791698 1234917 423724639 1234943 580516337
93 26 32190160 1234917 618406709 1234943 650596869
94 25 907113096 1234917 813398402 1234943 720511498
95 25 695631040 1234918 95000175 1234943 790631215
96 25 533638885 1234918 327510799 1234943 861149684
97 25 407008832 1234918 523734487 1234943 930743319
98 25 283455163 1234918 717325134 1234944 780297
99 25 159097862 1234918 911995852 1234944 71093714
100 25 33439623 1234919 107452185 1234944 140891808
101 24 908529609 1234919 302763984 1234944 211293593
102 24 780006705 1234919 501021446 1234944 281028151
103 24 645835615 1234919 705447881 1234944 351283496
104 24 510879928 1234919 910382287 1234944 421262215
105 24 378187864 1234920 112352807 1234944 490540671
106 24 246365358 1234920 312960260 1234944 559325618
107 24 38486565 1234920 589181713 1234944 627668278
108 23 824881755 1234920 874399859 1234944 699281614
109 23 676314837 1234921 94146381 1234944 770461218
110 29 988430744 1234921 291986834 1234951 280417578
111 29 837118416 1234921 492771173 1234951 329889589
112 29 667866366 1234921 713587712 1234951 381454078
113 29 512417119 1234921 919928831 1234951 432345950
114 29 366122304 1234922 117143981 1234951 483266285
115 22 735964671 1234922 317431608 1234945 53396279
116 22 469854095 1234922 514953122 1234944 984807217
117 28 819045609 1234922 714569799 1234951 533615408
118 28 670025902 1234922 913685449 1234951 583711351
119 28 520306709 1234923 113413939 1234951 633720648
120 28 372604847 1234923 311266206 1234951 683871053
121 28 223895320 1234923 510657313 1234951 734552633
122 28 73405439 1234923 710968495 1234951 784373934
123 27 923200311 1234923 910785094 1234951 833985405
124 27 776179158 1234924 107871654 1234951 884050812
125 27 626566166 1234924 307151264 1234951 933717430
126 27 479387109 1234924 504323970 1234951 983711079
127 27 297305033 1234924 736515823 1234952 33820856
128 19 908434560 1234924 934568142 1234944 843002702
1 47 182162111 1235065 114459994 1235112 296622105
2 47 31553199 1235065 313432314 1235112 344985513
3 46 891803944 1235065 501781157 1235112 393585101
4 46 749166135 1235065 692690635 1235112 441856770
5 46 595773759 1235065 894564453 1235112 490338212
6 46 375470492 1235066 162959170 1235112 538429662
7 46 153776697 1235066 432508253 1235112 586284950
8 45 929894517 1235066 702888080 1235112 632782597
9 45 706320942 1235066 973174927 1235112 679495869
10 45 480839424 1235067 244897042 1235112 725736466
11 45 256992152 1235067 516479696 1235112 773471848
12 45 33012105 1235067 788028333 1235112 821040438
13 44 808760507 1235068 60945925 1235112 869706432
14 44 582743907 1235068 334151955 1235112 916895862
15 44 372193393 1235068 591427316 1235112 963620709
16 44 232098718 1235068 778115210 1235113 10213928
17 44 91280817 1235068 965322594 1235113 56603411
18 43 951134495 1235069 152567958 1235113 103702453
19 43 775540368 1235069 374564845 1235113 150105213
20 43 550585636 1235069 646217572 1235113 196803208
21 43 327816270 1235069 918472288 1235113 246288558
22 43 101739875 1235070 192123846 1235113 293863721
23 42 876090101 1235070 464606631 1235113 340696732
24 42 649484697 1235070 738430390 1235113 387915087
25 42 423011569 1235071 12132744 1235113 435144313
26 42 205864967 1235071 288115757 1235113 493980724
27 42 1414047 1235071 560561172 1235113 561975219
28 41 794751169 1235071 833686278 1235113 628437447
29 41 588266676 1235072 106905327 1235113 695172003
30 41 382189768 1235072 379254059 1235113 761443827
31 41 174018585 1235072 654072947 1235113 828091532
32 40 967250858 1235072 927483769 1235113 894734627
33 40 758727960 1235073 202252547 1235113 960980507
34 40 549146510 1235073 478243930 1235114 27390440
35 40 391623946 1235073 702686620 1235114 94310566
36 40 265078626 1235073 895779722 1235114 160858348
37 40 139732283 1235074 88127930 1235114 227860213
38 40 15393827 1235074 279263756 1235114 294657583
39 39 815654333 1235074 546017949 1235114 361672282
40 39 609532518 1235074 819777024 1235114 429309542
41 39 401194154 1235075 94574431 1235114 495768585
42 39 193057620 1235075 369966733 1235114 563024353
43 38 982957791 1235075 646534197 1235114 629491988
44 38 773053459 1235075 924463672 1235114 697517131
45 38 562025667 1235076 203368313 1235114 765393980
46 38 351047410 1235076 481340083 1235114 832387493
47 38 140083358 1235076 759433980 1235114 899517338
48 37 928426800 1235077 38556043 1235114 966982843
49 37 716891036 1235077 317455980 1235115 34347016
50 37 508639801 1235077 593333754 1235115 101973555
51 37 299829558 1235077 869317193 1235115 169146751
52 37 90373383 1235078 146157467 1235115 236530850
53 36 880382052 1235078 423955074 1235115 304337126
54 36 697580817 1235078 674980780 1235115 372561597
55 36 572112755 1235078 868511447 1235115 440624202
56 36 445700082 1235079 64409716 1235115 510109798
57 36 315812903 1235079 263637438 1235115 579450341
58 36 158488225 1235079 490586505 1235115 649074730
59 36 30322012 1235079 687194556 1235115 717516568
60 35 905410476 1235079 880617447 1235115 786027923
61 35 781380089 1235080 73454702 1235115 854834791
62 35 595041053 1235080 327576607 1235115 922617660
63 35 383786581 1235080 606713965 1235115 990500546
64 35 172825306 1235080 884914601 1235116 57739907
65 34 960430466 1235081 164824593 1235116 125255059
66 34 748010072 1235081 444920747 1235116 192930819
67 34 534082467 1235081 726729238 1235116 260811705
68 34 320359857 1235082 8461027 1235116 328820884
69 34 107168386 1235082 289512607 1235116 396680993
70 33 892919509 1235082 572428132 1235116 465347641
71 33 678887461 1235082 854496100 1235116 533383561
72 33 465261572 1235083 136369516 1235116 601631088
73 33 253791104 1235083 416547854 1235116 670338958
74 33 59019216 1235083 680952427 1235116 739971643
75 32 931583914 1235083 875970954 1235116 807554868
76 32 803850693 1235084 72554320 1235116 876405013
77 32 676294227 1235084 268877562 1235116 945171789
78 32 496897703 1235084 516555056 1235117 13452759
79 32 357106699 1235084 725468348 1235117 82575047
80 32 230257757 1235084 920934273 1235117 151192030
81 32 103478924 1235085 116691248 1235117 220170172
82 31 954770651 1235085 334575012 1235117 289345663
83 31 742343905 1235085 615117639 1235117 357461544
84 31 531425445 1235085 895462103 1235117 426887548
85 31 319079920 1235086 176800067 1235117 495879987
86 31 110062811 1235086 454938204 1235117 565001015
87 30 898185296 1235086 735016062 1235117 633201358
88 30 687384203 1235087 14932239 1235117 702316442
89 30 476065861 1235087 295503329 1235117 771569190
90 30 262118831 1235087 578852475 1235117 840971306
91 30 48768511 1235087 861712353 1235117 910480864
92 29 835606854 1235088 144307773 1235117 979914627
93 29 622259331 1235088 427376054 1235118 49635385
94 29 407164860 1235088 711364132 1235118 118528992
95 29 191990539 1235088 995739184 1235118 187729723
96 28 977727533 1235089 279840501 1235118 257568034
97 28 761794578 1235089 565337846 1235118 327132424
98 28 544594388 1235089 849543068 1235118 394137456
99 28 313334726 1235090 131589962 1235118 444924688
100 28 79859088 1235090 415238546 1235118 495097634
101 27 846821516 1235090 698923149 1235118 545744665
102 27 613153642 1235090 984318662 1235118 597472304
103 27 378325957 1235091 269714694 1235118 648040651
104 27 185669704 1235091 513478802 1235118 699148506
105 27 30202887 1235091 718418931 1235118 748621818
106 26 877835400 1235091 921531428 1235118 799366828
107 26 714272335 1235092 135778782 1235118 850051117
108 26 539398900 1235092 361930587 1235118 901329487
109 26 391003149 1235092 560999479 1235118 952002628
110 26 243536417 1235092 758922337 1235119 2458754
111 26 699643037 1235092 959066301 1235119 658709338
112 26 450559269 1235093 157972881 1235119 608532150
113 26 201690998 1235093 355998941 1235119 557689939
114 25 953178237 1235093 555758579 1235119 508936816
115 25 703822253 1235093 754767842 1235119 458590095
116 25 458161159 1235093 950651815 1235119 408812974
117 25 210744747 1235094 147587175 1235119 358331922
118 24 963745735 1235094 344564774 1235119 308310509
119 24 717269546 1235094 540945682 1235119 258215228
120 24 467008079 1235094 741409528 1235119 208417607
121 24 208809100 1235094 945794686 1235119 154603786
122 23 956203605 1235095 147763835 1235119 103967440
123 29 999354612 1235095 348766467 1235125 348121079
124 29 849309449 1235095 549786191 1235125 399095640
125 29 693145665 1235095 756754502 1235125 449900167
126 23 8211359 1235096 45196234 1235119 53407593
127 29 221594979 1235096 329105258 1235125 550700237
128 28 986238673 1235096 613392460 1235125 599631133
1 41 945201700 1235233 624307232 1235275 569508932
2 41 791923850 1235233 823771915 1235275 615695765
3 41 655829335 1235234 6899283 1235275 662728618
4 41 518982762 1235234 190317941 1235275 709300703
5 41 382558217 1235234 373345589 1235275 755903806
6 41 244491816 1235234 558153016 1235275 802644832
7 41 107054642 1235234 742205107 1235275 849259749
8 40 967802300 1235234 927993312 1235275 895795612
9 40 829672955 1235235 113209991 1235275 942882946
10 40 692554202 1235235 297029364 1235275 989583566
11 40 556805255 1235235 479474226 1235276 36279481
12 40 419663317 1235235 663279710 1235276 82943027
13 40 281523805 1235235 847967048 1235276 129490853
14 40 142828527 1235236 33162320 1235276 175990847
15 40 599483 1235236 222874061 1235276 223473544
16 39 858738562 1235236 410830465 1235276 269569027
17 39 717767586 1235236 598459005 1235276 316226591
18 39 577068347 1235236 786093452 1235276 363161799
19 39 453003693 1235236 973790806 1235276 426794499
20 39 291773867 1235237 196641205 1235276 488415072
21 39 153397175 1235237 383259635 1235276 536656810
22 39 16691376 1235237 567969861 1235276 584661237
23 38 879595827 1235237 753361777 1235276 632957604
24 38 740975844 1235237 940839838 1235276 681815682
25 38 602799129 1235238 126937741 1235276 729736870
26 38 463251756 1235238 313666761 1235276 776918517
27 38 324135338 1235238 500741052 1235276 824876390
28 38 183698555 1235238 689464553 1235276 873163108
29 38 43530935 1235238 877835967 1235276 921366902
30 37 902151061 1235239 68349025 1235276 970500086
31 37 756242476 1235239 262936339 1235277 19178815
32 37 616470646 1235239 451308234 1235277 67778880
33 37 478210563 1235239 637990866 1235277 116201429
34 37 337135367 1235239 826594572 1235277 163729939
35 37 196695697 1235240 15395941 1235277 212091638
36 37 55576224 1235240 205133237 1235277 260709461
37 36 916318142 1235240 393580316 1235277 309898458
38 36 777886544 1235240 582558756 1235277 360445300
39 36 640375669 1235240 771336718 1235277 411712387
40 36 492988133 1235240 968298244 1235277 461286377
41 36 348518873 1235241 161275329 1235277 509794202
42 36 204381496 1235241 354597907 1235277 558979403
43 36 24075574 1235241 582481635 1235277 606557209
44 35 875541985 1235241 778832637 1235277 654374622
45 35 734761692 1235241 968169495 1235277 702931187
46 35 587667261 1235242 162002378 1235277 749669639
47 35 444066929 1235242 352375568 1235277 796442497
48 35 300571669 1235242 542615150 1235277 843186819
49 35 156953171 1235242 733216910 1235277 890170081
50 35 12322322 1235242 925452250 1235277 937774572
51 34 785465778 1235243 200800509 1235277 986266287
52 34 557868932 1235243 475454004 1235278 33322936
53 34 329420213 1235243 751777171 1235278 81197384
54 34 98904332 1235244 30672825 1235278 129577157
55 33 866770778 1235244 309483684 1235278 176254462
56 33 634869756 1235244 588159305 1235278 223029061
57 33 467680601 1235244 802135726 1235278 269816327
58 33 312675155 1235245 4114712 1235278 316789867
59 33 163849498 1235245 202719706 1235278 366569204
60 33 15603090 1235245 401431124 1235278 417034214
61 32 869882984 1235245 597253358 1235278 467136342
62 32 721628594 1235245 795714522 1235278 517343116
63 32 577235241 1235245 990394110 1235278 567629351
64 32 442945101 1235246 185182604 1235278 628127705
65 32 319937558 1235246 378465553 1235278 698403111
66 32 191213182 1235246 576719720 1235278 767932902
67 32 50399500 1235246 787921250 1235278 838320750
68 31 871144521 1235247 37799869 1235278 908944390
69 31 746328476 1235247 233060835 1235278 979389311
70 31 619859889 1235247 430787050 1235279 50646939
71 31 488839686 1235247 626583765 1235279 115423451
72 31 333632763 1235247 831948852 1235279 165581615
73 31 187911011 1235248 28175280 1235279 216086291
74 31 42835559 1235248 223594058 1235279 266429617
75 30 870764276 1235248 445807413 1235279 316571689
76 30 713133178 1235248 653888762 1235279 367021940
77 30 567447405 1235248 849898047 1235279 417345452
78 30 416223462 1235249 51252636 1235279 467476098
79 30 266063183 1235249 251368953 1235279 517432136
80 30 116094790 1235249 451852151 1235279 567946941
81 29 966833735 1235249 652070077 1235279 618903812
82 29 816080930 1235249 853532016 1235279 669612946
83 29 669755688 1235250 51141289 1235279 720896977
84 29 522703442 1235250 248180424 1235279 770883866
85 29 374864211 1235250 445630033 1235279 820494244
86 29 201255810 1235250 669093789 1235279 870349599
87 28 971459212 1235250 948307862 1235279 919767074
88 28 738965776 1235251 230521914 1235279 969487690
89 28 507536376 1235251 512243216 1235280 19779592
90 28 275325455 1235251 794341473 1235280 69666928
91 28 41888519 1235252 78365101 1235280 120253620
92 27 891030143 1235252 279341438 1235280 170371581
93 27 745084468 1235252 475377093 1235280 220461561
94 27 599391677 1235252 670657873 1235280 270049550
95 27 453014808 1235252 867453975 1235280 320468783
96 27 308212797 1235253 62658590 1235280 370871387
97 27 163492988 1235253 257258827 1235280 420751815
98 27 18613646 1235253 453076059 1235280 471689705
99 26 871964318 1235253 649738405 1235280 521702723
100 26 724154162 1235253 847665874 1235280 571820036
101 26 573121214 1235254 48335384 1235280 621456598
102 26 404255723 1235254 266390947 1235280 670646670
103 26 240464540 1235254 480205889 1235280 720670429
104 26 91664514 1235254 679239355 1235280 770903869
105 25 941776915 1235254 879557334 1235280 821334249
106 25 763481845 1235255 108946328 1235280 872428173
107 25 528284110 1235255 394841364 1235280 923125474
108 25 289320115 1235255 684193389 1235280 973513504
109 25 256382486 1235255 972743966 1235281 229126452
110 31 91907187 1235256 262185785 1235287 354092972
111 30 851986043 1235256 552758564 1235287 404744607
112 30 612909883 1235256 842195717 1235287 455105600
113 30 376340509 1235257 129668963 1235287 506009472
114 30 225039123 1235257 331436432 1235287 556475555
115 30 68547282 1235257 538365802 1235287 606913084
116 29 917146360 1235257 740100291 1235287 657246651
117 29 719448849 1235257 988467215 1235287 707916064
118 29 480019956 1235258 278528929 1235287 758548885
119 22 605025210 1235258 569225113 1235281 174250323
120 22 262399156 1235258 861200217 1235281 123599373
121 28 657408064 1235259 151688589 1235287 809096653
122 28 417221721 1235259 442642583 1235287 859864304
123 28 176648165 1235259 733900422 1235287 910548587
124 27 934252681 1235260 24830064 1235287 959082745
125 20 705659949 1235260 317250733 1235281 22910682
126 20 463237725 1235260 609950563 1235281 73188288
127 27 205159618 1235260 899786281 1235288 104945899
128 26 963435824 1235261 190526556 1235288 153962380
1 43 47157716 1235403 993414472 1235447 40572188
2 42 902463344 1235404 186884326 1235447 89347670
3 42 766178773 1235404 369703738 1235447 135882511
4 42 629416155 1235404 553291099 1235447 182707254
5 42 491486281 1235404 738018104 1235447 229504385
6 42 354570241 1235404 921923291 1235447 276493532
7 42 212088141 1235405 110914325 1235447 323002466
8 42 70465340 1235405 299902358 1235447 370367698
9 41 904015685 1235405 514986850 1235447 419002535
10 41 682785699 1235405 785093761 1235447 467879460
11 41 461542566 1235406 55177357 1235447 516719923
12 41 240552224 1235406 324405563 1235447 564957787
13 41 20888634 1235406 592454717 1235447 613343351
14 40 800271637 1235406 860394391 1235447 660666028
15 40 580730026 1235407 128732429 1235447 709462455
16 40 365199357 1235407 396467533 1235447 761666890
17 40 167773763 1235407 663933272 1235447 831707035
18 39 953065447 1235407 933404158 1235447 886469605
19 39 729996702 1235408 203532790 1235447 933529492
20 39 506120027 1235408 473521888 1235447 979641915
21 39 284313146 1235408 743652649 1235448 27965795
22 39 63384987 1235409 12629304 1235448 76014291
23 38 840771936 1235409 283991579 1235448 124763515
24 38 618395104 1235409 555590330 1235448 173985434
25 38 452199870 1235409 771150887 1235448 223350757
26 38 317594692 1235409 955108277 1235448 272702969
27 38 177677840 1235410 144314472 1235448 321992312
28 38 38078074 1235410 333319542 1235448 371397616
29 37 829975427 1235410 590742327 1235448 420717754
30 37 635997471 1235410 833591801 1235448 469589272
31 37 498117042 1235411 21062604 1235448 519179646
32 37 363126317 1235411 209551369 1235448 572677686
33 37 244232484 1235411 398230167 1235448 642462651
34 37 124082211 1235411 586425068 1235448 710507279
35 37 4519466 1235411 775165383 1235448 779684849
36 36 885741259 1235411 963666963 1235448 849408222
37 36 767919795 1235412 150479778 1235448 918399573
38 36 644548326 1235412 336731679 1235448 981280005
39 36 507248182 1235412 523447034 1235449 30695216
40 36 366906746 1235412 713148312 1235449 80055058
41 36 218119231 1235412 909672811 1235449 127792042
42 36 79883476 1235413 97532717 1235449 177416193
43 35 932895186 1235413 294265934 1235449 227161120
44 35 784116079 1235413 490744637 1235449 274860716
45 35 638409191 1235413 684959698 1235449 323368889
46 35 494468582 1235413 877214261 1235449 371682843
47 35 344740753 1235414 75480188 1235449 420220941
48 35 205136080 1235414 263814567 1235449 468950647
49 35 56817242 1235414 460177254 1235449 516994496
50 34 907653717 1235414 658057670 1235449 565711387
51 34 762609927 1235414 851672743 1235449 614282670
52 34 623181509 1235415 40397022 1235449 663578531
53 34 499444400 1235415 233522993 1235449 732967393
54 34 363705818 1235415 429950067 1235449 793655885
55 34 216500514 1235415 626818059 1235449 843318573
56 34 66312971 1235415 827227871 1235449 893540842
57 33 916261500 1235416 27376077 1235449 943637577
58 33 765995404 1235416 227331527 1235449 993326931
59 33 616265260 1235416 425668046 1235450 41933306
60 33 470021271 1235416 620906883 1235450 90928154
61 33 323036796 1235416 817830226 1235450 140867022
62 33 169152733 1235417 21679193 1235450 190831926
63 33 15332464 1235417 225260407 1235450 240592871
64 32 862768764 1235417 427790881 1235450 290559645
65 32 716573218 1235417 623814759 1235450 340387977
66 32 574346596 1235417 815893751 1235450 390240347
67 32 345842178 1235418 94064671 1235450 439906849
68 32 192850116 1235418 303531289 1235450 496381405
69 32 64718962 1235418 503880898 1235450 568599860
70 31 917985501 1235418 702779035 1235450 620764536
71 31 772128356 1235418 898514826 1235450 670643182
72 31 625502708 1235419 95000843 1235450 720503551
73 31 479384291 1235419 292226550 1235450 771610841
74 31 328049734 1235419 492728767 1235450 820778501
75 31 148999064 1235419 722900429 1235450 871899493
76 31 994313 1235419 919713551 1235450 920707864
77 30 851007081 1235420 118270399 1235450 969277480
78 30 702884740 1235420 316553159 1235451 19437899
79 30 550984620 1235420 518725788 1235451 69710408
80 30 402854705 1235420 717682405 1235451 120537110
81 30 251863012 1235420 918348971 1235451 170211983
82 30 102372456 1235421 116124130 1235451 218496586
83 29 956783418 1235421 311322894 1235451 268106312
84 29 805890722 1235421 512146383 1235451 318037105
85 29 656281743 1235421 712644563 1235451 368926306
86 29 503867948 1235421 915424236 1235451 419292184
87 29 352735553 1235422 115236522 1235451 467972075
88 29 200623253 1235422 314996827 1235451 515620080
89 29 48671800 1235422 515825464 1235451 564497264
90 28 898637089 1235422 714539752 1235451 613176841
91 28 746054778 1235422 915563274 1235451 661618052
92 28 596979956 1235423 113165880 1235451 710145836
93 28 448176998 1235423 309827264 1235451 758004262
94 28 304199744 1235423 502591130 1235451 806790874
95 28 154989812 1235423 699814522 1235451 854804334
96 28 11165796 1235423 892666479 1235451 903832275
97 27 855993220 1235424 96828292 1235451 952821512
98 27 701143435 1235424 300411690 1235452 1555125
99 27 545993063 1235424 505555965 1235452 51549028
100 27 392219647 1235424 708715519 1235452 100935166
101 27 241117863 1235424 908459177 1235452 149577040
102 27 84314338 1235425 113190423 1235452 197504761
103 26 932662176 1235425 313660455 1235452 246322631
104 26 779738465 1235425 515910342 1235452 295648807
105 32 837216012 1235425 718553924 1235458 555769936
106 27 40689543 1235425 917690371 1235452 958379914
107 26 166281361 1235426 177864045 1235452 344145406
108 32 226231358 1235426 467098528 1235458 693329886
109 32 9413678 1235426 752650230 1235458 762063908
110 25 850990728 1235427 37472798 1235452 888463526
111 25 496757964 1235427 323217386 1235452 819975350
112 24 783029397 1235427 610543053 1235452 393572450
113 30 999503643 1235427 900986772 1235458 900490415
114 30 781854165 1235428 187129999 1235458 968984164
115 30 565608011 1235428 473052287 1235459 38660298
116 23 994483952 1235428 757486029 1235452 751969981
117 23 400146797 1235429 42018324 1235452 442165121
118 29 849449873 1235429 326407845 1235459 175857718
119 29 632747820 1235429 611845716 1235459 244593536
120 29 420580903 1235429 895095017 1235459 315675920
121 22 544486059 1235430 141233944 1235452 685720003
122 22 146132354 1235430 344787472 1235452 490919826
123 21 990422642 1235430 549505014 1235452 539927656
124 28 702466062 1235430 771777420 1235459 474243482
125 21 597105561 1235430 991290047 1235452 588395608
126 28 376536473 1235431 198610631 1235459 575147104
127 21 232504109 1235431 404528187 1235452 637032296
128 28 15133904 1235431 609550094 1235459 624683998
1 42 886442003 1235571 923145099 1235614 809587102
2 42 731069423 1235572 125788151 1235614 856857574
3 42 594796601 1235572 310397943 1235614 905194544
4 42 457715609 1235572 495869977 1235614 953585586
5 42 317681972 1235572 681377769 1235614 999059741
6 42 97664719 1235572 948763011 1235615 46427730
7 41 875882110 1235573 219517484 1235615 95399594
8 41 653841692 1235573 489793392 1235615 143635084
9 41 428256176 1235573 762916560 1235615 191172736
10 41 202803584 1235574 36239779 1235615 239043363
11 40 981000717 1235574 305896829 1235615 286897546
12 40 762909741 1235574 573908466 1235615 336818207
13 40 541648529 1235574 842926399 1235615 384574928
14 40 319496984 1235575 112969182 1235615 432466166
15 40 97730914 1235575 382638675 1235615 480369589
16 39 874333077 1235575 654374148 1235615 528707225
17 39 651287716 1235575 925021974 1235615 576309690
18 39 428343816 1235576 196505414 1235615 624849230
19 39 204202161 1235576 468851097 1235615 673053258
20 38 980268502 1235576 740991024 1235615 721259526
21 38 756975812 1235577 12699775 1235615 769675587
22 38 533092708 1235577 285315267 1235615 818407975
23 38 309664520 1235577 556700561 1235615 866365081
24 38 86653492 1235577 828291017 1235615 914944509
25 37 863914366 1235578 99400316 1235615 963314682
26 37 641068242 1235578 370978254 1235616 12046496
27 37 417231895 1235578 643061905 1235616 60293800
28 37 192694341 1235578 916342180 1235616 109036521
29 36 967655464 1235579 189396200 1235616 157051664
30 36 743256703 1235579 462496294 1235616 205752997
31 36 518216788 1235579 736389446 1235616 254606234
32 36 292940470 1235580 10350727 1235616 303291197
33 36 66898964 1235580 285090640 1235616 351989604
34 35 838365024 1235580 562320913 1235616 400685937
35 35 612114595 1235580 837431116 1235616 449545711
36 35 462356295 1235581 36038302 1235616 498394597
37 35 315381885 1235581 231738378 1235616 547120263
38 35 171433879 1235581 424144425 1235616 595578304
39 35 29085380 1235581 615810727 1235616 644896107
40 34 883212690 1235581 810593616 1235616 693806306
41 34 735339019 1235582 7429800 1235616 742768819
42 34 590054891 1235582 201582665 1235616 791637556
43 34 449457210 1235582 390898364 1235616 840355574
44 34 309445147 1235582 579848737 1235616 889293884
45 34 166442697 1235582 772277691 1235616 938720388
46 34 21544580 1235582 965604961 1235616 987149541
47 33 869940741 1235583 165926743 1235617 35867484
48 33 722329955 1235583 362695224 1235617 85025179
49 33 576307526 1235583 558181100 1235617 134488626
50 33 434768789 1235583 749166008 1235617 183934797
51 33 291794339 1235583 941722774 1235617 233517113
52 33 140958615 1235584 142077315 1235617 283035930
53 32 998214956 1235584 334643192 1235617 332858148
54 32 854467928 1235584 528248845 1235617 382716773
55 32 710742956 1235584 722318989 1235617 433061945
56 32 567524380 1235584 915271544 1235617 482795924
57 32 423325991 1235585 110492110 1235617 533818101
58 32 277426338 1235585 305813045 1235617 583239383
59 32 132182802 1235585 500209738 1235617 632392540
60 31 986943618 1235585 694822039 1235617 681765657
61 31 810510113 1235585 921135724 1235617 731645837
62 31 664593090 1235586 116697932 1235617 781291022
63 31 520774823 1235586 310384435 1235617 831159258
64 31 377174292 1235586 503588485 1235617 880762777
65 31 232614873 1235586 698153193 1235617 930768066
66 31 87502112 1235586 893391704 1235617 980893816
67 30 942426240 1235587 88665602 1235618 31091842
68 30 797653677 1235587 283104535 1235618 80758212
69 30 652619100 1235587 477587597 1235618 130206697
70 30 508686391 1235587 670387358 1235618 179073749
71 30 366072637 1235587 862880274 1235618 228952911
72 30 218390278 1235588 78799938 1235618 297190216
73 30 821552 1235588 359994985 1235618 360816537
74 29 840111372 1235588 570232056 1235618 410343428
75 29 693624841 1235588 766486825 1235618 460111666
76 29 545942965 1235588 962980162 1235618 508923127
77 29 379573802 1235589 178086139 1235618 557659941
78 29 148324600 1235589 460173317 1235618 608497917
79 28 916305100 1235589 742111201 1235618 658416301
80 28 684279154 1235590 24746368 1235618 709025522
81 28 532720742 1235590 224894912 1235618 757615654
82 28 382759612 1235590 424798517 1235618 807558129
83 28 231413640 1235590 626128279 1235618 857541919
84 28 81328828 1235590 825589096 1235618 906917924
85 27 929788673 1235591 27568309 1235618 957356982
86 27 776629958 1235591 231403541 1235619 8033499
87 27 631164759 1235591 433320570 1235619 64485329
88 27 497444760 1235591 636870678 1235619 134315438
89 27 364672520 1235591 838768947 1235619 203441467
90 27 230986130 1235592 42248909 1235619 273235039
91 27 103932779 1235592 239772226 1235619 343705005
92 26 975727060 1235592 437510299 1235619 413237359
93 26 851462414 1235592 632350761 1235619 483813175
94 26 723318269 1235592 831447585 1235619 554765854
95 26 514427228 1235593 110798648 1235619 625225876
96 26 300338249 1235593 396006043 1235619 696344292
97 26 84190829 1235593 683267935 1235619 767458764
98 25 869278201 1235593 969591104 1235619 838869305
99 25 651321835 1235594 257793755 1235619 909115590
100 25 434541112 1235594 544389864 1235619 978930976
101 25 217393083 1235594 831945120 1235620 49338203
102 25 1160610 1235595 119353027 1235620 120513637
103 24 786189352 1235595 405443534 1235620 191632886
104 24 643781595 1235595 618457847 1235620 262239442
105 24 508460256 1235595 824075989 1235620 332536245
106 24 374308672 1235596 27017053 1235620 401325725
107 24 207526240 1235596 263767517 1235620 471293757
108 23 988680835 1235596 552641711 1235620 541322546
109 23 768634584 1235596 843187872 1235620 611822456
110 23 549738070 1235597 132740645 1235620 682478715
111 23 345222481 1235597 407325115 1235620 752547596
112 23 212088322 1235597 611337973 1235620 823426295
113 23 73199311 1235597 820522416 1235620 893721727
114 22 942372329 1235598 22713476 1235620 965085805
115 22 815313645 1235598 218772303 1235621 34085948
116 22 680555351 1235598 422425353 1235621 102980704
117 22 545625264 1235598 627923886 1235621 173549150
118 22 412732619 1235598 831528307 1235621 244260926
119 22 278804883 1235599 36359334 1235621 315164217
120 22 143436581 1235599 241297952 1235621 384734533
121 22 6818731 1235599 447624987 1235621 454443718
122 21 865784818 1235599 656857447 1235621 522642265
123 21 722937810 1235599 860711271 1235621 583649081
124 21 574011402 1235600 57963464 1235621 631974866
125 21 421596877 1235600 258679478 1235621 680276355
126 21 264559867 1235600 463919090 1235621 728478957
127 21 110726220 1235600 667065335 1235621 777791555
128 20 948043024 1235600 878525955 1235621 826568979
1 44 274900088 1235740 197737778 1235784 472637866
2 44 51978864 1235740 467876436 1235784 519855300
3 43 831801606 1235740 734941449 1235784 566743055
4 43 680175182 1235740 933003748 1235784 613178930
5 43 536168554 1235741 123824058 1235784 659992612
6 43 396385937 1235741 310485319 1235784 706871256
7 43 259316249 1235741 495429243 1235784 754745492
8 43 121511557 1235741 680855528 1235784 802367085
9 42 984662123 1235741 865515180 1235784 850177303
10 42 847368679 1235742 52067740 1235784 899436419
11 42 709945553 1235742 239242417 1235784 949187970
12 42 570989550 1235742 427072896 1235784 998062446
13 42 434282928 1235742 612997431 1235785 47280359
14 42 296194056 1235742 798554806 1235785 94748862
15 42 158488695 1235742 983391510 1235785 141880205
16 42 36421993 1235743 168994051 1235785 205416044
17 41 914906650 1235743 356836511 1235785 271743161
18 41 793684098 1235743 544913263 1235785 338597361
19 41 672317086 1235743 732943831 1235785 405260917
20 41 550400547 1235743 920798032 1235785 471198579
21 41 429234198 1235744 108075855 1235785 537310053
22 41 306204144 1235744 297381972 1235785 603586116
23 41 177845249 1235744 491470552 1235785 669315801
24 41 48849534 1235744 687466520 1235785 736316054
25 40 922883407 1235744 880195941 1235785 803079348
26 40 797574953 1235745 71440465 1235785 869015418
27 40 676202552 1235745 259334961 1235785 935537513
28 40 555228514 1235745 447167088 1235786 2395602
29 40 426542496 1235745 641875063 1235786 68417559
30 40 300748625 1235745 834094790 1235786 134843415
31 40 177098602 1235746 25817953 1235786 202916555
32 40 53508078 1235746 219667796 1235786 273175874
33 39 928001979 1235746 415585396 1235786 343587375
34 39 701714932 1235746 693606585 1235786 395321517
35 39 471681921 1235746 972316353 1235786 443998274
36 39 239924667 1235747 252221486 1235786 492146153
37 39 9423183 1235747 530886515 1235786 540309698
38 38 782093194 1235747 806288810 1235786 588382004
39 38 554819944 1235748 81391296 1235786 636211240
40 38 327770264 1235748 356027421 1235786 683797685
41 38 97943860 1235748 633615989 1235786 731559849
42 37 891114380 1235748 888745197 1235786 779859577
43 37 738618991 1235749 90784696 1235786 829403687
44 37 587930605 1235749 291081655 1235786 879012260
45 37 442880035 1235749 483926999 1235786 926807034
46 37 229255705 1235749 747399304 1235786 976655009
47 36 997083329 1235750 28910962 1235787 25994291
48 36 799865958 1235750 284092465 1235787 83958423
49 36 667537474 1235750 483207354 1235787 150744828
50 36 536001215 1235750 682855714 1235787 218856929
51 36 405420531 1235750 880333468 1235787 285753999
52 36 275965584 1235751 77868406 1235787 353833990
53 36 144585488 1235751 275892428 1235787 420477916
54 36 15665790 1235751 473809266 1235787 489475056
55 35 891394186 1235751 668818957 1235787 560213143
56 35 767176748 1235751 863523284 1235787 630700032
57 35 641694168 1235752 58600492 1235787 700294660
58 35 513581769 1235752 254017564 1235787 767599333
59 35 338822610 1235752 496544998 1235787 835367608
60 35 128044725 1235752 775445725 1235787 903490450
61 34 917757015 1235753 53071829 1235787 970828844
62 34 706227848 1235753 333410991 1235788 39638839
63 34 493294209 1235753 613585582 1235788 106879791
64 34 326896628 1235753 847947304 1235788 174843932
65 34 199815579 1235754 42820479 1235788 242636058
66 34 74122559 1235754 236293070 1235788 310415629
67 33 950045063 1235754 429456186 1235788 379501249
68 33 753538345 1235754 695608587 1235788 449146932
69 33 541738702 1235754 975788363 1235788 517527065
70 33 328684565 1235755 256882621 1235788 585567186
71 33 116276027 1235755 538181153 1235788 654457180
72 32 903328073 1235755 820243115 1235788 723571188
73 32 689858463 1235756 104037931 1235788 793896394
74 32 477464517 1235756 386637605 1235788 864102122
75 32 262492028 1235756 669521347 1235788 932013375
76 32 46044365 1235756 953261961 1235788 999306326
77 31 831453462 1235757 236390809 1235789 67844271
78 31 618073943 1235757 518388772 1235789 136462715
79 31 448158097 1235757 758693360 1235789 206851457
80 31 321066308 1235757 954730179 1235789 275796487
81 31 192507047 1235758 152820217 1235789 345327264
82 31 58792201 1235758 354207229 1235789 412999430
83 30 850669932 1235758 631579929 1235789 482249861
84 30 637067027 1235758 914600539 1235789 551667566
85 30 456481371 1235759 164132781 1235789 620614152
86 30 322972559 1235759 367318590 1235789 690291149
87 30 189535504 1235759 570293922 1235789 759829426
88 30 60057520 1235759 768525291 1235789 828582811
89 29 928582946 1235759 967914045 1235789 896496991
90 29 797154871 1235760 168439776 1235789 965594647
91 29 669726921 1235760 365832902 1235790 35559823
92 29 508360410 1235760 595363940 1235790 103724350
93 29 319094403 1235760 853819157 1235790 172913560
94 29 189889155 1235761 52467221 1235790 242356376
95 29 61365246 1235761 252118877 1235790 313484123
96 28 932645470 1235761 451038751 1235790 383684221
97 28 802312170 1235761 650995882 1235790 453308052
98 28 674151957 1235761 850878830 1235790 525030787
99 28 543008024 1235762 51396284 1235790 594404308
100 28 410637690 1235762 252216954 1235790 662854644
101 28 278052674 1235762 452993755 1235790 731046429
102 28 146181811 1235762 654116345 1235790 800298156
103 28 8245103 1235762 860557480 1235790 868802583
104 27 841316940 1235763 95777926 1235790 937094866
105 27 702465787 1235763 302924529 1235791 5390316
106 27 570742422 1235763 506383425 1235791 77125847
107 27 421769595 1235763 708660345 1235791 130429940
108 27 269473185 1235763 912227054 1235791 181700239
109 27 114032947 1235764 117683690 1235791 231716637
110 26 958461009 1235764 323317729 1235791 281778738
111 26 805916640 1235764 526200841 1235791 332117481
112 26 649098207 1235764 733093930 1235791 382192137
113 26 493301106 1235764 938708488 1235791 432009594
114 26 338588429 1235765 143858592 1235791 482447021
115 26 181528055 1235765 350859920 1235791 532387975
116 26 26503661 1235765 555908601 1235791 582412262
117 25 870867668 1235765 760920171 1235791 631787839
118 25 720470425 1235765 960983818 1235791 681454243
119 25 571850666 1235766 158864008 1235791 730714674
120 25 420962858 1235766 359548163 1235791 780511021
121 25 279279038 1235766 571398340 1235791 850677378
122 25 59144799 1235766 860504164 1235791 919648963
123 24 839698824 1235767 149912945 1235791 989611769
124 24 621501177 1235767 439423502 1235792 60924679
125 24 404974552 1235767 728020336 1235792 132994888
126 24 184155363 1235768 17249806 1235792 201405169
127 23 945854200 1235768 307546236 1235792 253400436
128 23 706875938 1235768 597848963 1235792 304724901
1 41 335407221 1235911 53564947 1235952 388972168
2 41 163559659 1235911 291633830 1235952 455193489
3 41 45002800 1235911 475970445 1235952 520973245
4 40 921045917 1235911 665606512 1235952 586652429
5 40 797853186 1235911 855696700 1235952 653549886
6 40 670607144 1235912 46672556 1235952 717279700
7 40 528235693 1235912 235725598 1235952 763961291
8 40 390357970 1235912 420948936 1235952 811306906
9 40 249289401 1235912 608641652 1235952 857931053
10 40 29646066 1235912 875388033 1235952 905034099
11 39 809279245 1235913 143519923 1235952 952799168
12 39 587622005 1235913 412138860 1235952 999760865
13 39 365594013 1235913 680866313 1235953 46460326
14 39 144161379 1235913 949518638 1235953 93680017
15 38 920890448 1235914 219765784 1235953 140656232
16 38 698964046 1235914 488489960 1235953 187454006
17 38 477523875 1235914 756396003 1235953 233919878
18 38 251895528 1235915 28496242 1235953 280391770
19 38 49592540 1235915 277114846 1235953 326707386
20 37 905666712 1235915 468503342 1235953 374170054
21 37 761258246 1235915 661846281 1235953 423104527
22 37 633149574 1235915 855865818 1235953 489015392
23 37 498250792 1235916 47356923 1235953 545607715
24 37 359623343 1235916 234204378 1235953 593827721
25 37 221100299 1235916 421927538 1235953 643027837
26 37 81969433 1235916 609088227 1235953 691057660
27 36 943194338 1235916 796670279 1235953 739864617
28 36 806024120 1235916 982134168 1235953 788158288
29 36 666679777 1235917 168380986 1235953 835060763
30 36 525419528 1235917 356515415 1235953 881934943
31 36 384695081 1235917 543761585 1235953 928456666
32 36 244040209 1235917 731155436 1235953 975195645
33 36 105533999 1235917 916921263 1235954 22455262
34 35 966785015 1235918 102850754 1235954 69635769
35 35 825267658 1235918 291577080 1235954 116844738
36 35 686621394 1235918 477630050 1235954 164251444
37 35 550038461 1235918 663449728 1235954 213488189
38 35 409915782 1235918 852715654 1235954 262631436
39 35 270580327 1235919 41101079 1235954 311681406
40 35 131941860 1235919 229808997 1235954 361750857
41 34 992543647 1235919 417834133 1235954 410377780
42 34 851627262 1235919 606632882 1235954 458260144
43 34 710141590 1235919 795779570 1235954 505921160
44 34 567348444 1235919 987658797 1235954 555007241
45 34 426677572 1235920 177525582 1235954 604203154
46 34 285443470 1235920 367992725 1235954 653436195
47 34 147214958 1235920 556051248 1235954 703266206
48 34 7538158 1235920 744925330 1235954 752463488
49 33 842955992 1235920 959538188 1235954 802494180
50 33 699332548 1235921 152344360 1235954 851676908
51 33 560664284 1235921 340638953 1235954 901303237
52 33 428851184 1235921 529561645 1235954 958412829
53 33 309036979 1235921 718141029 1235955 27178008
54 33 190591082 1235921 906887872 1235955 97478954
55 33 59297804 1235922 98424958 1235955 157722762
56 32 912992079 1235922 294397790 1235955 207389869
57 32 767212972 1235922 490320716 1235955 257533688
58 32 623261479 1235922 683984186 1235955 307245665
59 32 478135045 1235922 878663377 1235955 356798422
60 32 335409324 1235923 71265515 1235955 406674839
61 32 191587253 1235923 264598603 1235955 456185856
62 32 47123659 1235923 459180462 1235955 506304121
63 31 903101074 1235923 652885820 1235955 555986894
64 31 757697571 1235923 848672360 1235955 606369931
65 31 610377644 1235924 45973740 1235955 656351384
66 31 462507652 1235924 243111068 1235955 705618720
67 31 312533387 1235924 441905438 1235955 754438825
68 31 168081366 1235924 635568316 1235955 803649682
69 31 22785250 1235924 835333889 1235955 858119139
70 30 890950484 1235925 35623248 1235955 926573732
71 30 765837049 1235925 229753505 1235955 995590554
72 30 637120944 1235925 427939498 1235956 65060442
73 30 513122692 1235925 622009256 1235956 135131948
74 30 391255453 1235925 816230734 1235956 207486187
75 30 216343025 1235926 52076419 1235956 268419444
76 29 990664734 1235926 327879919 1235956 318544653
77 29 758268370 1235926 610183978 1235956 368452348
78 29 526258887 1235926 890873679 1235956 417132566
79 29 296729801 1235927 170633306 1235956 467363107
80 29 63714986 1235927 453965103 1235956 517680089
81 28 832230808 1235927 735286903 1235956 567517711
82 28 598069664 1235928 19306410 1235956 617376074
83 28 365273826 1235928 301964684 1235956 667238510
84 28 183273851 1235928 533770874 1235956 717044725
85 28 42843086 1235928 724343181 1235956 767186267
86 27 892258370 1235928 925101698 1235956 817360068
87 27 740555212 1235929 127241929 1235956 867797141
88 27 593396170 1235929 324525272 1235956 917921442
89 27 448513787 1235929 519384682 1235956 967898469
90 27 300878273 1235929 716805634 1235957 17683907
91 27 120066090 1235929 947472401 1235957 67538491
92 26 887299067 1235930 230677942 1235957 117977009
93 26 707818135 1235930 460410117 1235957 168228252
94 26 554224830 1235930 664236018 1235957 218460848
95 26 399734468 1235930 868652704 1235957 268387172
96 26 254129265 1235931 64280525 1235957 318409790
97 26 108646746 1235931 259026381 1235957 367673127
98 25 955775426 1235931 461794951 1235957 417570377
99 25 807681366 1235931 660593931 1235957 468275297
100 25 654508608 1235931 864144875 1235957 518653483
101 25 505507046 1235932 64246293 1235957 569753339
102 25 359922159 1235932 260691190 1235957 620613349
103 25 212818763 1235932 458090958 1235957 670909721
104 24 980771023 1235932 740479162 1235957 721250185
105 24 748163607 1235933 24552779 1235957 772716386
106 24 514751597 1235933 307219200 1235957 821970797
107 24 278798247 1235933 591118024 1235957 869916271
108 24 44612900 1235933 874588578 1235957 919201478
109 23 810540125 1235934 157062151 1235957 967602276
110 23 578381385 1235934 438104716 1235958 16486101
111 23 346920078 1235934 718474126 1235958 65394204
112 23 111889673 1235935 2469170 1235958 114358843
113 22 877172781 1235935 287057165 1235958 164229946
114 22 643649143 1235935 569441611 1235958 213090754
115 22 490137780 1235935 771166220 1235958 261304000
116 22 341992850 1235935 969374527 1235958 311367377
117 22 187029460 1235936 173565402 1235958 360594862
118 22 24672307 1235936 409552010 1235958 434224317
119 21 830551179 1235936 662764857 1235958 493316036
120 21 684617058 1235936 859819890 1235958 544436948
121 21 539907061 1235937 54375453 1235958 594282514
122 21 395453133 1235937 249469099 1235958 644922232
123 21 251787060 1235937 444956070 1235958 696743130
124 21 106680534 1235937 640622000 1235958 747302534
125 20 958438309 1235937 839185763 1235958 797624072
126 20 809543949 1235938 37330275 1235958 846874224
127 20 663937063 1235938 233670803 1235958 897607866
128 20 517516136 1235938 431547357 1235958 949063493
