1 0 25424446 1152915 969670228 1152915 995094674
2 0 22738425 1152915 973103068 1152915 995841493
3 0 20732705 1152915 975757590 1152915 996490295
4 0 18876149 1152915 978305503 1152915 997181652
1 0 19803241 1152929 157276183 1152929 177079424
2 0 17860076 1152929 159790448 1152929 177650524
3 0 16201350 1152929 161925295 1152929 178126645
4 0 14797080 1152929 163846943 1152929 178644023
1 0 19293178 1152942 207408888 1152942 226702066
2 0 17259662 1152942 209967023 1152942 227226685
3 0 15678081 1152942 212032724 1152942 227710805
4 0 14307275 1152942 213965964 1152942 228273239
1 0 21445783 1152955 441886931 1152955 463332714
2 0 18675079 1152955 445164996 1152955 463840075
3 0 16579435 1152955 447735501 1152955 464314936
4 0 14244832 1152955 450535410 1152955 464780242
1 0 18755114 1152968 647395951 1152968 666151065
2 0 16754209 1152968 649916568 1152968 666670777
3 0 15175962 1152968 651959120 1152968 667135082
4 0 13835599 1152968 653864602 1152968 667700201
1 0 18720300 1152981 637491914 1152981 656212214
2 0 16748375 1152981 639973625 1152981 656722000
3 0 15067501 1152981 642128749 1152981 657196250
4 0 13632789 1152981 644029360 1152981 657662149
1 0 25494519 1152994 569383335 1152994 594877854
2 0 22793091 1152994 572830434 1152994 595623525
3 0 20801574 1152994 575469679 1152994 596271253
4 0 18939388 1152994 578011314 1152994 596950702
1 0 19326566 1153007 777412220 1153007 796738786
2 0 17368641 1153007 779946041 1153007 797314682
3 0 15734599 1153007 782060907 1153007 797795506
4 0 14326627 1153007 783996795 1153007 798323422
1 0 19560450 1153020 997961048 1153021 17521498
2 0 17476528 1153021 626070 1153021 18102598
3 0 15906503 1153021 2681530 1153021 18588033
4 0 14491271 1153021 4629640 1153021 19120911
1 0 18734967 1153033 997229341 1153034 15964308
2 0 16741968 1153033 999736978 1153034 16478946
3 0 15167629 1153034 1788919 1153034 16956548
4 0 13798859 1153034 3708622 1153034 17507481
