1 0 28951692 1153047 227012141 1153047 255963833
2 0 26939658 1153047 229521573 1153047 256461231
3 0 25377670 1153047 231564885 1153047 256942555
4 0 23932531 1153047 233482292 1153047 257414823
5 0 22398117 1153047 235482086 1153047 257880203
6 0 20948960 1153047 237404641 1153047 258353601
7 0 19517136 1153047 239301493 1153047 258818629
8 0 18100387 1153047 241353693 1153047 259454080
1 0 38506820 1153081 408514107 1153081 447020927
2 0 35683876 1153081 411999668 1153081 447683544
3 0 33743284 1153081 414590136 1153081 448333420
4 0 31826265 1153081 417142383 1153081 448968648
5 0 29843600 1153081 419771461 1153081 449615061
6 0 27863603 1153081 422446130 1153081 450309733
7 0 25982806 1153081 424984766 1153081 450967572
8 0 24026270 1153081 427558734 1153081 451585004
1 0 28909156 1153115 547016485 1153115 575925641
2 0 26883381 1153115 549542417 1153115 576425798
3 0 25276505 1153115 551632913 1153115 576909418
4 0 23839052 1153115 553544931 1153115 577383983
5 0 22325915 1153115 555518411 1153115 577844326
6 0 20886536 1153115 557429392 1153115 578315928
7 0 19468433 1153115 559311337 1153115 578779770
8 0 17899649 1153115 561348871 1153115 579248520
1 0 39270453 1153149 490942668 1153149 530213121
2 0 36734558 1153149 494223493 1153149 530958051
3 0 34753135 1153149 496855311 1153149 531608446
4 0 32907207 1153149 499380503 1153149 532287710
5 0 30725676 1153149 502186281 1153149 532911957
6 0 28862286 1153149 504728991 1153149 533591277
7 0 26924936 1153149 507296107 1153149 534221043
8 0 24948067 1153149 509931833 1153149 534879900
1 0 37694416 1153183 717511231 1153183 755205647
2 0 35735250 1153183 720132995 1153183 755868245
3 0 34303241 1153183 722210843 1153183 756514084
4 0 32382853 1153183 724758608 1153183 757141461
5 0 30383039 1153183 727374743 1153183 757757782
6 0 28477429 1153183 729910434 1153183 758387863
7 0 26432931 1153183 732571771 1153183 759004702
8 0 24479821 1153183 735152647 1153183 759632468
1 0 29002437 1153217 877586230 1153217 906588667
2 0 26889237 1153217 880200383 1153217 907089620
3 0 25378432 1153217 882195215 1153217 907573647
4 0 23936405 1153217 884109363 1153217 908045768
5 0 22424138 1153217 886082047 1153217 908506185
6 0 20991314 1153217 887991880 1153217 908983194
7 0 19564193 1153217 889884825 1153217 909449018
8 0 17989021 1153217 891934118 1153217 909923139
1 0 29634943 1153251 827077260 1153251 856712203
2 0 27675536 1153251 829584249 1153251 857259785
3 0 26080956 1153251 831674338 1153251 857755294
4 0 24681112 1153251 833594208 1153251 858275320
5 0 23077496 1153251 835669871 1153251 858747367
6 0 21686412 1153251 837579704 1153251 859266116
7 0 20223163 1153251 839520444 1153251 859743607
8 0 18848708 1153251 841516887 1153251 860365595
1 0 29811272 1153285 757152588 1153285 786963860
2 0 27839143 1153285 759682132 1153285 787521275
3 0 26139454 1153285 761870404 1153285 788009858
4 0 24716038 1153285 763801144 1153285 788517182
5 0 23172512 1153285 765828716 1153285 789001228
6 0 21761151 1153285 767756882 1153285 789518033
7 0 20345919 1153285 769711066 1153285 790056985
8 0 18867411 1153285 771740267 1153285 790607678
1 0 30084211 1153319 957325505 1153319 987409716
2 0 27963882 1153319 959961750 1153319 987925632
3 0 26412893 1153319 962052321 1153319 988465214
4 0 24906552 1153319 964049560 1153319 988956112
5 0 23412174 1153319 966059206 1153319 989471380
6 0 21913630 1153319 968052296 1153319 989965926
7 0 20656912 1153319 969971241 1153319 990628153
8 0 19011148 1153319 972095181 1153319 991106329
1 0 29880270 1153354 167278701 1153354 197158971
2 0 27857106 1153354 169851373 1153354 197708479
3 0 26238156 1153354 171963035 1153354 198201191
4 0 24821498 1153354 173896035 1153354 198717533
5 0 23254399 1153354 175937236 1153354 199191635
6 0 21844945 1153354 177867458 1153354 199712403
7 0 20526490 1153354 179829271 1153354 200355761
8 0 19041796 1153354 181860380 1153354 200902176
