1 0 10905576 5857982 937077795 5857982 947983371
2 0 10184609 5857982 937980426 5857982 948165035
3 0 9916557 5857982 938408530 5857982 948325087
4 0 9732061 5857982 938814207 5857982 948546268
1 0 12949390 5857987 706740147 5857987 719689537
2 0 12267385 5857987 707659870 5857987 719927255
3 0 12100925 5857987 708091844 5857987 720192769
4 0 11887262 5857987 708497614 5857987 720384876
1 0 10990205 5857992 496899082 5857992 507889287
2 0 10241348 5857992 497830306 5857992 508071654
3 0 9974316 5857992 498258538 5857992 508232854
4 0 9797264 5857992 498661975 5857992 508459239
1 0 14437327 5857997 281388806 5857997 295826133
2 0 13499510 5857997 282568266 5857997 296067776
3 0 13136480 5857997 283138607 5857997 296275087
4 0 12787134 5857997 283675283 5857997 296462417
1 0 10940261 5858002 77188266 5858002 88128527
2 0 10208034 5858002 78101267 5858002 88309301
3 0 9932742 5858002 78537815 5858002 88470557
4 0 9752264 5858002 78943604 5858002 88695868
1 0 10888429 5858006 877050408 5858006 887938837
2 0 10165812 5858006 877958040 5858006 888123852
3 0 9892929 5858006 878391402 5858006 888284331
4 0 9713302 5858006 878796839 5858006 888510141
1 0 11291569 5858011 676808145 5858011 688099714
2 0 10542546 5858011 677740831 5858011 688283377
3 0 10267292 5858011 678176712 5858011 688444004
4 0 10086018 5858011 678581612 5858011 688667630
1 0 10932650 5858016 396932258 5858016 407864908
2 0 10193201 5858016 397850185 5858016 408043386
3 0 9921058 5858016 398282529 5858016 408203587
4 0 9742375 5858016 398688781 5858016 408431156
1 0 11071296 5858021 181796341 5858021 192867637
2 0 10202275 5858021 182844007 5858021 193046282
3 0 9929113 5858021 183276018 5858021 193205131
4 0 9659656 5858021 183686917 5858021 193346573
1 0 14370735 5858025 952220320 5858025 966591055
2 0 13408308 5858025 953425428 5858025 966833736
3 0 13068518 5858025 953982399 5858025 967050917
4 0 12721098 5858025 954525204 5858025 967246302
