1 0 130616736 5858221 337330216 5858221 467946952
2 0 129816769 5858221 338255884 5858221 468072653
3 0 129469646 5858221 338686691 5858221 468156337
4 0 129122134 5858221 339116516 5858221 468238650
5 0 128835232 5858221 339526916 5858221 468362148
6 0 128546108 5858221 339920279 5858221 468466387
7 0 128162577 5858221 340419122 5858221 468581699
8 0 127917472 5858221 340810725 5858221 468728197
9 0 127610754 5858221 341223533 5858221 468834287
10 0 127318742 5858221 341613118 5858221 468931860
11 0 127034025 5858221 342000407 5858221 469034432
12 0 126792010 5858221 342396104 5858221 469188114
13 0 126500516 5858221 342796837 5858221 469297353
14 0 126216022 5858221 343177348 5858221 469393370
15 0 125943545 5858221 343563878 5858221 469507423
16 0 125654976 5858221 343949019 5858221 469603995
17 0 125372296 5858221 344335623 5858221 469707919
18 0 125140967 5858221 344744134 5858221 469885101
19 0 124851584 5858221 345145312 5858221 469996896
20 0 125248280 5858221 345530823 5858221 470779103
21 0 124954619 5858221 345932279 5858221 470886898
22 0 124600440 5858221 346392845 5858221 470993285
23 0 124301131 5858221 346788485 5858221 471089616
24 0 124024969 5858221 347168497 5858221 471193466
25 0 123743641 5858221 347559175 5858221 471302816
26 0 123569589 5858221 347948501 5858221 471518090
27 0 123304204 5858221 348320587 5858221 471624791
28 0 123019321 5858221 348711561 5858221 471730882
29 0 122746141 5858221 349088091 5858221 471834232
30 0 122446517 5858221 349483195 5858221 471929712
31 0 122163485 5858221 349876428 5858221 472039913
32 0 121837806 5858221 350300643 5858221 472138449
33 0 121542663 5858221 350705987 5858221 472248650
34 0 121243446 5858221 351100628 5858221 472344074
35 0 120956674 5858221 351492010 5858221 472448684
36 0 120675124 5858221 351876058 5858221 472551182
37 0 120376703 5858221 352273921 5858221 472650624
38 0 120099134 5858221 352657544 5858221 472756678
39 0 119810028 5858221 353049759 5858221 472859787
40 0 119511978 5858221 353441585 5858221 472953563
41 0 119237131 5858221 353828430 5858221 473065561
42 0 118955063 5858221 354222348 5858221 473177411
43 0 118674216 5858221 354600712 5858221 473274928
44 0 118593514 5858221 355029296 5858221 473622810
45 0 118250113 5858221 355468399 5858221 473718512
46 0 117967229 5858221 355857948 5858221 473825177
47 0 117642772 5858221 356278607 5858221 473921379
48 0 117377703 5858221 356651970 5858221 474029673
49 0 117077412 5858221 357046815 5858221 474124227
50 0 116806362 5858221 357421326 5858221 474227688
51 0 116532682 5858221 357789782 5858221 474322464
52 0 116249150 5858221 358177034 5858221 474426184
53 0 115991729 5858221 358539472 5858221 474531201
54 0 115702623 5858221 358937039 5858221 474639662
55 0 115420313 5858221 359322717 5858221 474743030
56 0 115130634 5858221 359709339 5858221 474839973
57 0 114712196 5858221 360240904 5858221 474953100
58 0 114428868 5858221 360627008 5858221 475055876
59 0 114126560 5858221 361024074 5858221 475150634
60 0 113856045 5858221 361401605 5858221 475257650
61 0 113578033 5858221 361781486 5858221 475359519
62 0 113297760 5858221 362157757 5858221 475455517
63 0 113023487 5858221 362535417 5858221 475558904
64 0 112733844 5858221 362929632 5858221 475663476
65 0 112452405 5858221 363316773 5858221 475769178
66 0 112185355 5858221 363694062 5858221 475879417
67 0 111923711 5858221 364069222 5858221 475992933
68 0 111970044 5858221 364463696 5858221 476433740
69 0 111667512 5858221 364869892 5858221 476537404
70 0 111383425 5858221 365251867 5858221 476635292
71 0 111105764 5858221 365638526 5858221 476744290
72 0 110837287 5858221 366002575 5858221 476839862
73 0 110543126 5858221 366399901 5858221 476943027
74 0 110266945 5858221 366770450 5858221 477037395
75 0 109994858 5858221 367145350 5858221 477140208
76 0 109695160 5858221 367540843 5858221 477236003
77 0 109438201 5858221 367907040 5858221 477345241
78 0 109145818 5858221 368295144 5858221 477440962
79 0 108864101 5858221 368680340 5858221 477544441
80 0 108594198 5858221 369054482 5858221 477648680
81 0 108291093 5858221 369470900 5858221 477761993
82 0 108018376 5858221 369839171 5858221 477857547
83 0 107705696 5858221 370261867 5858221 477967563
84 0 107420850 5858221 370642767 5858221 478063617
85 0 107126503 5858221 371040149 5858221 478166652
86 0 106837824 5858221 371424549 5858221 478262373
87 0 106564365 5858221 371800024 5858221 478364389
88 0 106280130 5858221 372179128 5858221 478459258
89 0 106011876 5858221 372554991 5858221 478566867
90 0 105729121 5858221 372939577 5858221 478668698
91 0 105426201 5858221 373337773 5858221 478763974
92 0 105143651 5858221 373725433 5858221 478869084
93 0 104882100 5858221 374098685 5858221 478980785
94 0 104603568 5858221 374473530 5858221 479077098
95 0 104326833 5858221 374859430 5858221 479186263
96 0 104056134 5858221 375231868 5858221 479288002
97 0 103758602 5858221 375622157 5858221 479380759
98 0 103503514 5858221 375985632 5858221 479489146
99 0 103233186 5858221 376358995 5858221 479592181
100 0 103420498 5858221 376743858 5858221 480164356
101 0 103161873 5858221 377115370 5858221 480277243
102 0 102869379 5858221 377502381 5858221 480371760
103 0 102608438 5858221 377865097 5858221 480473535
104 0 102312537 5858221 378254534 5858221 480567071
105 0 102040820 5858221 378630953 5858221 480671773
106 0 101727677 5858221 379052890 5858221 480780567
107 0 101446349 5858221 379442197 5858221 480888546
108 0 101162891 5858221 379818524 5858221 480981415
109 0 100839694 5858221 380242960 5858221 481082654
110 0 100556088 5858221 380619490 5858221 481175578
111 0 100269315 5858221 381007187 5858221 481276502
112 0 99974414 5858221 381395846 5858221 481370260
113 0 99705548 5858221 381769469 5858221 481475017
114 0 99423368 5858221 382145944 5858221 481569312
115 0 99148410 5858221 382522807 5858221 481671217
116 0 98844916 5858221 382919707 5858221 481764623
117 0 98585753 5858221 383282312 5858221 481868065
118 0 98268870 5858221 383693360 5858221 481962230
119 0 98000487 5858221 384073704 5858221 482074191
120 0 97623550 5858221 384544362 5858221 482167912
121 0 97328536 5858221 384942151 5858221 482270687
122 0 97056505 5858221 385309070 5858221 482365575
123 0 96766342 5858221 385700397 5858221 482466739
124 0 96485867 5858221 386074871 5858221 482560738
125 0 96220594 5858221 386446716 5858221 482667310
126 0 95925284 5858221 386833857 5858221 482759141
127 0 95629438 5858221 387232035 5858221 482861473
128 0 95334017 5858221 387628250 5858221 482962267
1 0 116408369 5858226 66967790 5858226 183376159
2 0 115613124 5858226 67894329 5858226 183507453
3 0 115360167 5858226 68332524 5858226 183692691
4 0 115212465 5858226 68750628 5858226 183963093
5 0 114938970 5858226 69172009 5858226 184110979
6 0 114779288 5858226 69562891 5858226 184342179
7 0 114602273 5858226 69950328 5858226 184552601
8 0 114247891 5858226 70500447 5858226 184748338
9 0 114041690 5858226 70909366 5858226 184951056
10 0 113906416 5858226 71309469 5858226 185215885
11 0 113725437 5858226 71694499 5858226 185419936
12 0 113540348 5858226 72084974 5858226 185625322
13 0 113341148 5858226 72482651 5858226 185823799
14 0 113205798 5858226 72857330 5858226 186063128
15 0 113020043 5858226 73250193 5858226 186270236
16 0 113169002 5858226 73634001 5858226 186803003
17 0 112988099 5858226 74020012 5858226 187008111
18 0 112745141 5858226 74426708 5858226 187171849
19 0 112597032 5858226 74820701 5858226 187417733
20 0 112455756 5858226 75217768 5858226 187673524
21 0 112272112 5858226 75600538 5858226 187872650
22 0 112008302 5858226 76067974 5858226 188076276
23 0 111777640 5858226 76461078 5858226 188238718
24 0 111610161 5858226 76829016 5858226 188439177
25 0 111417480 5858226 77229712 5858226 188647192
26 0 111222928 5858226 77617834 5858226 188840762
27 0 111051505 5858226 77989698 5858226 189041203
28 0 110898471 5858226 78385172 5858226 189283643
29 0 110761899 5858226 78754054 5858226 189515953
30 0 110587069 5858226 79158306 5858226 189745375
31 0 110392295 5858226 79554113 5858226 189946408
32 0 110345222 5858226 79926958 5858226 190272180
33 0 110044468 5858226 80430171 5858226 190474639
34 0 109838657 5858226 80828571 5858226 190667228
35 0 109644901 5858226 81221027 5858226 190865928
36 0 109474349 5858226 81601668 5858226 191076017
37 0 109278259 5858226 81998754 5858226 191277013
38 0 109029875 5858226 82383191 5858226 191413066
39 0 108751306 5858226 82773036 5858226 191524342
40 0 108458812 5858226 83160954 5858226 191619766
41 0 108182780 5858226 83540262 5858226 191723042
42 0 107899192 5858226 83931533 5858226 191830725
43 0 107618790 5858226 84305878 5858226 191924668
44 0 107253761 5858226 84773239 5858226 192027000
45 0 106947655 5858226 85174695 5858226 192122350
46 0 106651715 5858226 85573836 5858226 192225551
47 0 106340814 5858226 85991495 5858226 192332309
48 0 106073727 5858226 86357506 5858226 192431233
49 0 105779084 5858226 86753406 5858226 192532490
50 0 105504552 5858226 87129362 5858226 192633914
51 0 105237686 5858226 87489560 5858226 192727246
52 0 104948229 5858226 87879904 5858226 192828133
53 0 104682215 5858226 88247027 5858226 192929242
54 0 104387647 5858226 88645797 5858226 193033444
55 0 104113800 5858226 89030142 5858226 193143942
56 0 103830046 5858226 89415783 5858226 193245829
57 0 103545885 5858226 89792961 5858226 193338846
58 0 103841786 5858226 90189436 5858226 194031222
59 0 103540533 5858226 90587539 5858226 194128072
60 0 103276574 5858226 90959866 5858226 194236440
61 0 102989376 5858226 91341877 5858226 194331253
62 0 102721752 5858226 91715907 5858226 194437659
63 0 102445257 5858226 92092641 5858226 194537898
64 0 102159132 5858226 92483727 5858226 194642859
65 0 101883397 5858226 92857090 5858226 194740487
66 0 101617605 5858226 93229065 5858226 194846670
67 0 101344073 5858226 93605002 5858226 194949075
68 0 101050282 5858226 94002421 5858226 195052703
69 0 100745029 5858226 94401487 5858226 195146516
70 0 100457608 5858226 94791832 5858226 195249440
71 0 100165447 5858226 95178436 5858226 195343883
72 0 99910081 5858226 95540837 5858226 195450918
73 0 99612845 5858226 95939515 5858226 195552360
74 0 99337296 5858226 96309378 5858226 195646674
75 0 99061559 5858226 96686242 5858226 195747801
76 0 98783287 5858226 97070642 5858226 195853929
77 0 98521255 5858226 97431765 5858226 195953020
78 0 98237779 5858226 97819387 5858226 196057166
79 0 97954802 5858226 98204862 5858226 196159664
80 0 97680085 5858226 98577466 5858226 196257551
81 0 97372813 5858226 98985644 5858226 196358457
82 0 97098855 5858226 99363396 5858226 196462251
83 0 96810435 5858226 99751018 5858226 196561453
84 0 96310240 5858226 100353692 5858226 196663932
85 0 96003265 5858226 100755481 5858226 196758746
86 0 95718603 5858226 101142511 5858226 196861114
87 0 95453756 5858226 101516541 5858226 196970297
88 0 95178595 5858226 101885960 5858226 197064555
89 0 94973487 5858226 102199455 5858226 197172942
90 0 94820045 5858226 102453987 5858226 197274032
91 0 94631641 5858226 102734408 5858226 197366049
92 0 94473737 5858226 102994755 5858226 197468492
93 0 94326202 5858226 103247306 5858226 197573508
94 0 94171150 5858226 103500431 5858226 197671581
95 0 94014061 5858226 103759370 5858226 197773431
96 0 93857730 5858226 104007680 5858226 197865410
97 0 93694992 5858226 104271398 5858226 197966390
98 0 93553347 5858226 104516041 5858226 198069388
99 0 93397127 5858226 104766315 5858226 198163442
100 0 93242445 5858226 105026717 5858226 198269162
101 0 93095263 5858226 105274953 5858226 198370216
102 0 92929988 5858226 105535615 5858226 198465603
103 0 92786916 5858226 105779018 5858226 198565934
104 0 92621697 5858226 106045143 5858226 198666840
105 0 92462960 5858226 106296212 5858226 198759172
106 0 92285944 5858226 106574670 5858226 198860614
107 0 92129965 5858226 106833184 5858226 198963149
108 0 91975709 5858226 107084605 5858226 199060314
109 0 91818693 5858226 107342823 5858226 199161516
110 0 91657678 5858226 107596281 5858226 199253959
111 0 91506570 5858226 107848072 5858226 199354642
112 0 91342740 5858226 108124604 5858226 199467344
113 0 91187706 5858226 108373692 5858226 199561398
114 0 91039486 5858226 108623669 5858226 199663155
115 0 90898358 5858226 108874850 5858226 199773208
116 0 90726565 5858226 109139382 5858226 199865947
117 0 90590161 5858226 109380766 5858226 199970927
118 0 91486329 5858226 109655947 5858226 201142276
119 0 91341683 5858226 109909183 5858226 201250866
120 0 91161910 5858226 110192288 5858226 201354198
121 0 90994912 5858226 110454358 5858226 201449270
122 0 90853211 5858226 110698020 5858226 201551231
123 0 90696473 5858226 110961571 5858226 201658044
124 0 90549198 5858226 111212714 5858226 201761912
125 0 90394034 5858226 111460580 5858226 201854614
126 0 90236389 5858226 111718816 5858226 201955205
127 0 90079355 5858226 111977552 5858226 202056907
128 0 89902840 5858226 112245899 5858226 202148739
1 0 130674143 5858230 857063896 5858230 987738039
2 0 129940156 5858230 857999990 5858230 987940146
3 0 129627644 5858230 858436593 5858230 988064237
4 0 129354500 5858230 858858456 5858230 988212956
5 0 129051228 5858230 859280448 5858230 988331676
6 0 128799196 5858230 859675052 5858230 988474248
7 0 128581607 5858230 860165913 5858230 988747520
8 0 128319890 5858230 860569350 5858230 988889240
9 0 128078450 5858230 860970824 5858230 989049274
10 0 127824196 5858230 861367335 5858230 989191531
11 0 127614458 5858230 861751569 5858230 989366027
12 0 127350352 5858230 862144562 5858230 989494914
13 0 127125801 5858230 862540128 5858230 989665929
14 0 126926157 5858230 862909436 5858230 989835593
15 0 126913175 5858230 863302374 5858230 990215549
16 0 126706994 5858230 863686829 5858230 990393823
17 0 126516293 5858230 864074008 5858230 990590301
18 0 126282483 5858230 864479759 5858230 990762242
19 0 126083561 5858230 864870678 5858230 990954239
20 0 125829584 5858230 865263541 5858230 991093125
21 0 125608828 5858230 865647516 5858230 991256344
22 0 125280353 5858230 866116118 5858230 991396471
23 0 125062561 5858230 866510777 5858230 991573338
24 0 124852880 5858230 866879493 5858230 991732373
25 0 124588403 5858230 867281263 5858230 991869666
26 0 124368148 5858230 867669608 5858230 992037756
27 0 124126931 5858230 868039508 5858230 992166439
28 0 123908138 5858230 868433612 5858230 992341750
29 0 123700697 5858230 868803439 5858230 992504136
30 0 123749363 5858230 869207005 5858230 992956368
31 0 123523904 5858230 869600387 5858230 993124291
32 0 123322316 5858230 869972991 5858230 993295307
33 0 123005673 5858230 870420520 5858230 993426193
34 0 122787103 5858230 870813994 5858230 993601097
35 0 122554755 5858230 871207024 5858230 993761779
36 0 122310093 5858230 871590758 5858230 993900851
37 0 122110374 5858230 871985436 5858230 994095810
38 0 121896712 5858230 872371373 5858230 994268085
39 0 121676198 5858230 872759014 5858230 994435212
40 0 121419202 5858230 873150451 5858230 994569653
41 0 121216040 5858230 873532240 5858230 994748280
42 0 120976766 5858230 873907604 5858230 994884370
43 0 120729345 5858230 874293189 5858230 995022534
44 0 120477960 5858230 874715941 5858230 995193901
45 0 120253261 5858230 875110489 5858230 995363750
46 0 119513756 5858230 875985899 5858230 995499655
47 0 119265890 5858230 876401410 5858230 995667300
48 0 119026709 5858230 876768644 5858230 995795353
49 0 118798140 5858230 877165303 5858230 995963443
50 0 118571218 5858230 877529574 5858230 996100792
51 0 118363666 5858230 877908882 5858230 996272548
52 0 118148559 5858230 878298578 5858230 996447137
53 0 117924545 5858230 878663534 5858230 996588079
54 0 117684086 5858230 879066175 5858230 996750261
55 0 117477961 5858230 879442242 5858230 996920203
56 0 117233410 5858230 879830809 5858230 997064219
57 0 116938526 5858230 880295319 5858230 997233845
58 0 117070709 5858230 880670553 5858230 997741262
59 0 117039246 5858230 881066194 5858230 998105440
60 0 116870324 5858230 881440742 5858230 998311066
61 0 116651790 5858230 881822643 5858230 998474433
62 0 116446035 5858230 882197377 5858230 998643412
63 0 116222854 5858230 882557611 5858230 998780465
64 0 115993117 5858230 882957159 5858230 998950276
65 0 115747974 5858230 883332578 5858230 999080552
66 0 115551792 5858230 883707886 5858230 999259678
67 0 115308315 5858230 884083768 5858230 999392083
68 0 115088282 5858230 884475964 5858230 999564246
69 0 114899897 5858230 884843476 5858230 999743373
70 0 114621772 5858230 885226858 5858230 999848630
71 0 114342259 5858230 885602554 5858230 999944813
72 0 114086226 5858230 885989270 5858231 75496
73 0 113782362 5858230 886387540 5858231 169902
74 0 113514718 5858230 886756941 5858231 271659
75 0 113238002 5858230 887138748 5858231 376750
76 0 112956062 5858230 887514371 5858231 470433
77 0 112686122 5858230 887886272 5858231 572394
78 0 112403221 5858230 888272783 5858231 676004
79 0 112128762 5858230 888641795 5858231 770557
80 0 111840065 5858230 889032250 5858231 872315
81 0 111561995 5858230 889416373 5858231 978368
82 0 111286204 5858230 889789292 5858231 1075496
83 0 110910896 5858230 890265635 5858231 1176531
84 0 110628790 5858230 890641073 5858231 1269863
85 0 110334148 5858230 891036213 5858231 1370361
86 0 110069616 5858230 891407410 5858231 1477026
87 0 109799991 5858230 891769922 5858231 1569913
88 0 109509015 5858230 892162396 5858231 1671411
89 0 109246353 5858230 892530556 5858231 1776909
90 0 108962562 5858230 892916012 5858231 1878574
91 0 108682104 5858230 893298542 5858231 1980646
92 0 108415924 5858230 893672109 5858231 2088033
93 0 108112374 5858230 894067602 5858231 2179976
94 0 107841305 5858230 894440336 5858231 2281641
95 0 107565236 5858230 894820662 5858231 2385898
96 0 107282464 5858230 895197229 5858231 2479693
97 0 107016746 5858230 895572352 5858231 2589098
98 0 106731381 5858230 895956011 5858231 2687392
99 0 106458978 5858230 896330005 5858231 2788983
100 0 106186003 5858230 896703701 5858231 2889704
101 0 105904156 5858230 897077287 5858231 2981443
102 0 106222372 5858230 897473428 5858231 3695800
103 0 105947821 5858230 897842847 5858231 3790668
104 0 105669734 5858230 898228229 5858231 3897963
105 0 105399405 5858230 898591000 5858231 3990405
106 0 105120596 5858230 898972696 5858231 4093292
107 0 104822250 5858230 899364430 5858231 4186680
108 0 104538478 5858230 899754126 5858231 4292604
109 0 104196279 5858230 900189767 5858231 4386046
110 0 103925304 5858230 900566611 5858231 4491915
111 0 103641475 5858230 900943642 5858231 4585117
112 0 103344833 5858230 901339782 5858231 4684615
113 0 103066282 5858230 901710276 5858231 4776558
114 0 102774417 5858230 902109046 5858231 4883463
115 0 102494645 5858230 902482946 5858231 4977591
116 0 102229576 5858230 902855754 5858231 5085330
117 0 101946099 5858230 903232710 5858231 5178809
118 0 101676011 5858230 903603185 5858231 5279196
119 0 101383073 5858230 903988437 5858231 5371510
120 0 101106818 5858230 904367004 5858231 5473822
121 0 100824231 5858230 904741090 5858231 5565321
122 0 100549310 5858230 905114972 5858231 5664282
123 0 100248852 5858230 905507576 5858231 5756428
124 0 99977784 5858230 905876550 5858231 5854334
125 0 99696289 5858230 906249432 5858231 5945721
126 0 99422164 5858230 906623000 5858231 6045164
127 0 99125262 5858230 907012011 5858231 6137273
128 0 98834157 5858230 907408874 5858231 6243031
1 0 139050210 5858235 631995430 5858235 771045640
2 0 137996323 5858235 633177778 5858235 771174101
3 0 137511775 5858235 633746583 5858235 771258358
4 0 137040358 5858235 634301054 5858235 771341412
5 0 136559719 5858235 634862284 5858235 771422003
6 0 136215651 5858235 635388738 5858235 771604389
7 0 135793993 5858235 635908098 5858235 771702091
8 0 135391648 5858235 636412811 5858235 771804459
9 0 134951267 5858235 636947246 5858235 771898513
10 0 134539460 5858235 637476347 5858235 772015807
11 0 134130005 5858235 637992319 5858235 772122324
12 0 133705994 5858235 638514680 5858235 772220674
13 0 133391760 5858235 639031818 5858235 772423578
14 0 132970359 5858235 639550735 5858235 772521094
15 0 132488905 5858235 640135613 5858235 772624518
16 0 132045858 5858235 640671788 5858235 772717646
17 0 131636513 5858235 641186853 5858235 772823366
18 0 131192318 5858235 641734324 5858235 772926642
19 0 130783104 5858235 642256740 5858235 773039844
20 0 130357890 5858235 642784471 5858235 773142361
21 0 129940638 5858235 643298573 5858235 773239211
22 0 129424888 5858235 643916691 5858235 773341579
23 0 129009988 5858235 644438256 5858235 773448244
24 0 128611348 5858235 644930561 5858235 773541909
25 0 128172781 5858235 645472311 5858235 773645092
26 0 127759252 5858235 645988931 5858235 773748183
27 0 127553663 5858235 646482644 5858235 774036307
28 0 127136597 5858235 647005282 5858235 774141879
29 0 126749733 5858235 647493329 5858235 774243062
30 0 126318704 5858235 648028208 5858235 774346912
31 0 125887898 5858235 648553846 5858235 774441744
32 0 125499812 5858235 649054893 5858235 774554705
33 0 125063802 5858235 649585679 5858235 774649481
34 0 124579144 5858235 650178335 5858235 774757479
35 0 124134837 5858235 650737010 5858235 774871847
36 0 123718438 5858235 651255741 5858235 774974179
37 0 123297242 5858235 651781009 5858235 775078251
38 0 122878268 5858235 652294074 5858235 775172342
39 0 122462683 5858235 652812453 5858235 775275136
40 0 122044728 5858235 653333832 5858235 775378560
41 0 121636773 5858235 653841489 5858235 775478262
42 0 121223854 5858235 654355832 5858235 775579686
43 0 120760233 5858235 654921099 5858235 775681332
44 0 120305797 5858235 655470589 5858235 775776386
45 0 119883230 5858235 656002135 5858235 775885365
46 0 119451701 5858235 656527792 5858235 775979493
47 0 119046154 5858235 657041893 5858235 776088047
48 0 118655994 5858235 657545440 5858235 776201434
49 0 118220650 5858235 658072004 5858235 776292654
50 0 117836343 5858235 658555976 5858235 776392319
51 0 117441331 5858235 659052338 5858235 776493669
52 0 117010710 5858235 659581624 5858235 776592334
53 0 116590513 5858235 660108300 5858235 776698813
54 0 116545440 5858235 660651049 5858235 777196489
55 0 116153596 5858235 661151428 5858235 777305024
56 0 115730918 5858235 661669623 5858235 777400541
57 0 115321315 5858235 662181539 5858235 777502854
58 0 114943026 5858235 662668863 5858235 777611889
59 0 114535163 5858235 663189076 5858235 777724239
60 0 114130688 5858235 663687734 5858235 777818422
61 0 113732641 5858235 664191039 5858235 777923680
62 0 113331963 5858235 664689289 5858235 778021252
63 0 112954285 5858235 665171669 5858235 778125954
64 0 112525978 5858235 665700307 5858235 778226285
65 0 112131059 5858235 666197891 5858235 778328950
66 0 111730603 5858235 666691382 5858235 778421985
67 0 111323759 5858235 667204706 5858235 778528465
68 0 110922951 5858235 667710530 5858235 778633481
69 0 110511181 5858235 668216150 5858235 778727331
70 0 110111096 5858235 668723122 5858235 778834218
71 0 109719252 5858235 669221705 5858235 778940957
72 0 109315851 5858235 669717493 5858235 779033344
73 0 108837657 5858235 670296186 5858235 779133843
74 0 108434886 5858235 670793473 5858235 779228359
75 0 108035653 5858235 671293797 5858235 779329450
76 0 107641068 5858235 671794806 5858235 779435874
77 0 107238502 5858235 672291667 5858235 779530169
78 0 106821212 5858235 672809010 5858235 779630222
79 0 106431368 5858235 673298963 5858235 779730331
80 0 106006413 5858235 673816954 5858235 779823367
81 0 105620846 5858235 674307074 5858235 779927920
82 0 106135207 5858235 674818380 5858235 780953587
83 0 105721363 5858235 675341685 5858235 781063048
84 0 105327648 5858235 675835120 5858235 781162768
85 0 104901767 5858235 676360740 5858235 781262507
86 0 104507404 5858235 676858527 5858235 781365931
87 0 104135114 5858235 677337889 5858235 781473003
88 0 103702863 5858235 677862805 5858235 781565668
89 0 103306797 5858235 678359351 5858235 781666148
90 0 102893693 5858235 678872342 5858235 781766035
91 0 102473386 5858235 679382499 5858235 781855885
92 0 102077041 5858235 679877712 5858235 781954753
93 0 101558051 5858235 680510571 5858235 782068622
94 0 101148632 5858235 681012747 5858235 782161379
95 0 100728029 5858235 681533219 5858235 782261248
96 0 100316722 5858235 682044802 5858235 782361524
97 0 99911859 5858235 682546570 5858235 782458429
98 0 99511866 5858235 683046654 5858235 782558520
99 0 99097911 5858235 683557144 5858235 782655055
100 0 98704325 5858235 684049969 5858235 782754294
101 0 98308370 5858235 684545867 5858235 782854237
102 0 97906489 5858235 685041765 5858235 782948254
103 0 97510384 5858235 685536923 5858235 783047307
104 0 97085133 5858235 686066839 5858235 783151972
105 0 96698252 5858235 686546015 5858235 783244267
106 0 96296092 5858235 687049950 5858235 783346042
107 0 96605568 5858235 687561570 5858235 784167138
108 0 96218723 5858235 688059043 5858235 784277766
109 0 95766195 5858235 688606292 5858235 784372487
110 0 95388331 5858235 689095635 5858235 784483966
111 0 94973802 5858235 689603033 5858235 784576835
112 0 94505533 5858235 690173226 5858235 784678759
113 0 94108577 5858235 690662939 5858235 784771516
114 0 93685641 5858235 691186466 5858235 784872107
115 0 93292815 5858235 691671883 5858235 784964698
116 0 92882229 5858235 692188596 5858235 785070825
117 0 92483348 5858235 692681698 5858235 785165046
118 0 92098967 5858235 693169059 5858235 785268026
119 0 91670344 5858235 693691809 5858235 785362153
120 0 91276518 5858235 694188411 5858235 785464929
121 0 90873433 5858235 694684883 5858235 785558316
122 0 90431126 5858235 695231577 5858235 785662703
123 0 90023097 5858235 695731697 5858235 785754794
124 0 89615142 5858235 696235521 5858235 785850663
125 0 89200075 5858235 696744938 5858235 785945013
126 0 88803397 5858235 697241540 5858235 786044937
127 0 88366239 5858235 697770937 5858235 786137176
128 0 87967413 5858235 698270743 5858235 786238156
1 0 129811437 5858240 397278048 5858240 527089485
2 0 129032358 5858240 398187717 5858240 527220075
3 0 128800492 5858240 398615820 5858240 527416312
4 0 128525516 5858240 399038275 5858240 527563791
5 0 128219892 5858240 399459878 5858240 527679770
6 0 127997581 5858240 399856408 5858240 527853989
7 0 127733308 5858240 400353658 5858240 528086966
8 0 127506404 5858240 400741596 5858240 528248000
9 0 127246168 5858240 401144033 5858240 528390201
10 0 127011470 5858240 401546414 5858240 528557884
11 0 126793232 5858240 401935185 5858240 528728417
12 0 126530349 5858240 402330381 5858240 528860730
13 0 126299427 5858240 402726744 5858240 529026171
14 0 126181596 5858240 403098867 5858240 529280463
15 0 125957415 5858240 403494563 5858240 529451978
16 0 125736789 5858240 403877760 5858240 529614549
17 0 125493794 5858240 404260938 5858240 529754732
18 0 125320445 5858240 404672838 5858240 529993283
19 0 125771140 5858240 405070942 5858240 530842082
20 0 125478461 5858240 405467138 5858240 530945599
21 0 125200522 5858240 405850038 5858240 531050560
22 0 124888027 5858240 406313678 5858240 531201705
23 0 124631532 5858240 406710615 5858240 531342147
24 0 124419129 5858240 407085830 5858240 531504959
25 0 124154319 5858240 407488841 5858240 531643160
26 0 124203114 5858240 407878816 5858240 532081930
27 0 123967526 5858240 408248642 5858240 532216168
28 0 123754659 5858240 408639783 5858240 532394442
29 0 123518904 5858240 409006091 5858240 532524995
30 0 123302057 5858240 409409861 5858240 532711918
31 0 123071820 5858240 409800799 5858240 532872619
32 0 122785881 5858240 410222254 5858240 533008135
33 0 122522145 5858240 410642635 5858240 533164780
34 0 122275205 5858240 411032072 5858240 533307277
35 0 122048265 5858240 411419028 5858240 533467293
36 0 121801862 5858240 411802762 5858240 533604624
37 0 121577533 5858240 412196847 5858240 533774380
38 0 121350630 5858240 412582747 5858240 533933377
39 0 121170911 5858240 412972018 5858240 534142929
40 0 120959544 5858240 413359511 5858240 534319055
41 0 120676994 5858240 413737874 5858240 534414868
42 0 120457553 5858240 414126756 5858240 534584309
43 0 120262298 5858240 414500675 5858240 534762973
44 0 120347611 5858240 414922686 5858240 535270297
45 0 120121837 5858240 415336345 5858240 535458182
46 0 119861602 5858240 415727152 5858240 535588754
47 0 119621995 5858240 416139126 5858240 535761121
48 0 119412239 5858240 416509786 5858240 535922025
49 0 119162466 5858240 416902501 5858240 536064967
50 0 118959507 5858240 417266346 5858240 536225853
51 0 118758640 5858240 417641154 5858240 536399794
52 0 118502683 5858240 418030387 5858240 536533070
53 0 118278723 5858240 418391270 5858240 536669993
54 0 118045469 5858240 418787910 5858240 536833379
55 0 117809880 5858240 419188922 5858240 536998802
56 0 117573459 5858240 419565470 5858240 537138929
57 0 117405814 5858240 419979925 5858240 537385739
58 0 117135893 5858240 420393751 5858240 537529644
59 0 116881619 5858240 420778800 5858240 537660419
60 0 116679438 5858240 421152052 5858240 537831490
61 0 116465331 5858240 421529193 5858240 537994524
62 0 116216928 5858240 421914168 5858240 538131096
63 0 116022839 5858240 422284772 5858240 538307611
64 0 115803047 5858240 422663376 5858240 538466423
65 0 115614310 5858240 423034295 5858240 538648605
66 0 115381388 5858240 423407418 5858240 538788806
67 0 115161188 5858240 423787263 5858240 538948451
68 0 114910415 5858240 424176570 5858240 539086985
69 0 114724696 5858240 424543693 5858240 539268389
70 0 114518127 5858240 424917445 5858240 539435572
71 0 114279038 5858240 425290883 5858240 539569921
72 0 114055875 5858240 425669932 5858240 539725807
73 0 113795047 5858240 426069702 5858240 539864749
74 0 113650180 5858240 426430306 5858240 540080486
75 0 113443368 5858240 426805948 5858240 540249316
76 0 113618717 5858240 427201125 5858240 540819842
77 0 113346407 5858240 427572822 5858240 540919229
78 0 113063505 5858240 427958667 5858240 541022172
79 0 112796806 5858240 428319290 5858240 541116096
80 0 112520033 5858240 428704635 5858240 541224668
81 0 112237520 5858240 429084424 5858240 541321944
82 0 111936285 5858240 429495361 5858240 541431646
83 0 111641624 5858240 429884872 5858240 541526496
84 0 111334759 5858240 430291587 5858240 541626346
85 0 111044376 5858240 430675098 5858240 541719474
86 0 110776621 5858240 431048369 5858240 541824990
87 0 110502423 5858240 431415714 5858240 541918137
88 0 110220854 5858240 431798281 5858240 542019135
89 0 109939044 5858240 432173256 5858240 542112300
90 0 109668512 5858240 432544305 5858240 542212817
91 0 109378443 5858240 432927205 5858240 542305648
92 0 109105856 5858240 433305698 5858240 542411554
93 0 108827158 5858240 433678061 5858240 542505219
94 0 108553199 5858240 434052147 5858240 542605346
95 0 108294223 5858240 434425566 5858240 542719789
96 0 107995765 5858240 434817855 5858240 542813620
97 0 107705641 5858240 435207255 5858240 542912896
98 0 107453034 5858240 435565953 5858240 543018987
99 0 107172262 5858240 435939501 5858240 543111763
100 0 106900063 5858240 436310994 5858240 543211057
101 0 106627198 5858240 436683358 5858240 543310556
102 0 106330315 5858240 437075239 5858240 543405554
103 0 106063004 5858240 437443918 5858240 543506922
104 0 105771102 5858240 437832374 5858240 543603476
105 0 105499070 5858240 438205682 5858240 543704752
106 0 105234816 5858240 438572397 5858240 543807213
107 0 104905785 5858240 438993667 5858240 543899452
108 0 104647531 5858240 439357882 5858240 544005413
109 0 104355351 5858240 439757245 5858240 544112596
110 0 104027116 5858240 440178423 5858240 544205539
111 0 103764843 5858240 440543027 5858240 544307870
112 0 103469312 5858240 440939890 5858240 544409202
113 0 103189780 5858240 441312198 5858240 544501978
114 0 102921081 5858240 441681080 5858240 544602161
115 0 102665752 5858240 442052796 5858240 544718548
116 0 102387942 5858240 442423567 5858240 544811509
117 0 102091263 5858240 442820985 5858240 544912248
118 0 101812527 5858240 443191886 5858240 545004413
119 0 101541496 5858240 443570971 5858240 545112467
120 0 101270129 5858240 443942465 5858240 545212594
121 0 100999728 5858240 444314865 5858240 545314593
122 0 100721511 5858240 444694154 5858240 545415665
123 0 100444701 5858240 445077610 5858240 545522311
124 0 100174891 5858240 445441029 5858240 545615920
125 0 99906599 5858240 445809597 5858240 545716196
126 0 99623846 5858240 446198367 5858240 545822213
127 0 99336944 5858240 446578434 5858240 545915378
128 0 99053560 5858240 446962983 5858240 546016543
1 0 104794028 5858245 92427276 5858245 197221304
2 0 104283148 5858245 93069487 5858245 197352635
3 0 104102430 5858245 93335389 5858245 197437819
4 0 103906026 5858245 93613310 5858245 197519336
5 0 103713585 5858245 93886138 5858245 197599723
6 0 103611772 5858245 94146633 5858245 197758405
7 0 103452701 5858245 94403036 5858245 197855737
8 0 103310351 5858245 94650106 5858245 197960457
9 0 103137392 5858245 94920193 5858245 198057585
10 0 102983598 5858245 95175170 5858245 198158768
11 0 102839619 5858245 95429221 5858245 198268840
12 0 102677623 5858245 95685475 5858245 198363098
13 0 102631216 5858245 95939211 5858245 198570427
14 0 102467923 5858245 96197910 5858245 198665833
15 0 102320463 5858245 96449961 5858245 198770424
16 0 102162614 5858245 96702475 5858245 198865089
17 0 102065412 5858245 96952563 5858245 199017975
18 0 101905119 5858245 97217280 5858245 199122399
19 0 101735344 5858245 97480905 5858245 199216249
20 0 101588828 5858245 97731993 5858245 199320821
21 0 101431868 5858245 97984433 5858245 199416301
22 0 101031894 5858245 98485479 5858245 199517373
23 0 100833879 5858245 98790844 5858245 199624723
24 0 100648752 5858245 99069302 5858245 199718054
25 0 100459941 5858245 99358426 5858245 199818367
26 0 100276908 5858245 99644050 5858245 199920958
27 0 101400202 5858245 99913397 5858245 201313599
28 0 101145614 5858245 100287853 5858245 201433467
29 0 100954191 5858245 100575589 5858245 201529780
30 0 100780306 5858245 100861676 5858245 201641982
31 0 100604105 5858245 101132245 5858245 201736350
32 0 100449701 5858245 101389481 5858245 201839182
33 0 100242742 5858245 101690383 5858245 201933125
34 0 100049875 5858245 101989766 5858245 202039641
35 0 99857415 5858245 102278039 5858245 202135454
36 0 99690085 5858245 102547367 5858245 202237452
37 0 99525052 5858245 102826343 5858245 202351395
38 0 99345499 5858245 103099394 5858245 202444893
39 0 99184872 5858245 103365926 5858245 202550798
40 0 99032412 5858245 103626995 5858245 202659407
41 0 98870045 5858245 103882435 5858245 202752480
42 0 98747788 5858245 104136986 5858245 202884774
43 0 98594105 5858245 104403259 5858245 202997364
44 0 98414350 5858245 104677420 5858245 203091770
45 0 98255778 5858245 104938101 5858245 203193879
46 0 98095893 5858245 105199429 5858245 203295322
47 0 97935247 5858245 105462758 5858245 203398005
48 0 97800860 5858245 105710124 5858245 203510984
49 0 97622531 5858245 105982711 5858245 203605242
50 0 97472867 5858245 106236762 5858245 203709629
51 0 97327240 5858245 106491683 5858245 203818923
52 0 97148965 5858245 106762271 5858245 203911236
53 0 96999487 5858245 107014951 5858245 204014438
54 0 96834045 5858245 107283761 5858245 204117806
55 0 96658585 5858245 107553201 5858245 204211786
56 0 96492922 5858245 107818233 5858245 204311155
57 0 96339610 5858245 108080691 5858245 204420301
58 0 96187316 5858245 108329779 5858245 204517095
59 0 96019393 5858245 108600478 5858245 204619871
60 0 95854748 5858245 108859825 5858245 204714573
61 0 95698029 5858245 109117820 5858245 204815849
62 0 95552236 5858245 109375778 5858245 204928014
63 0 95402349 5858245 109623385 5858245 205025734
64 0 95228779 5858245 109898157 5858245 205126936
65 0 94988635 5858245 110241021 5858245 205229656
66 0 94818249 5858245 110512146 5858245 205330395
67 0 94655104 5858245 110776548 5858245 205431652
68 0 94481237 5858245 111051969 5858245 205533206
69 0 94322574 5858245 111312890 5858245 205635464
70 0 94131688 5858245 111602607 5858245 205734295
71 0 94579790 5858245 111862936 5858245 206442726
72 0 94425275 5858245 112122227 5858245 206547502
73 0 94240964 5858245 112400685 5858245 206641649
74 0 94092781 5858245 112651921 5858245 206744702
75 0 93928581 5858245 112915657 5858245 206844238
76 0 93772491 5858245 113173208 5858245 206945699
77 0 93608567 5858245 113431074 5858245 207039641
78 0 93447700 5858245 113693069 5858245 207140769
79 0 93250537 5858245 113982860 5858245 207233397
80 0 93075448 5858245 114258984 5858245 207334432
81 0 92896618 5858245 114536201 5858245 207432819
82 0 92728714 5858245 114811363 5858245 207540077
83 0 92559439 5858245 115074414 5858245 207633853
84 0 92419571 5858245 115315391 5858245 207734962
85 0 92249648 5858245 115586034 5858245 207835682
86 0 92103929 5858245 115836362 5858245 207940291
87 0 91968968 5858245 116076747 5858245 208045715
88 0 91803379 5858245 116336575 5858245 208139954
89 0 91656715 5858245 116585812 5858245 208242527
90 0 91493292 5858245 116850881 5858245 208344173
91 0 91328536 5858245 117109672 5858245 208438208
92 0 91183057 5858245 117360890 5858245 208543947
93 0 91034079 5858245 117608959 5858245 208643038
94 0 90877822 5858245 117856510 5858245 208734332
95 0 90701436 5858245 118136357 5858245 208837793
96 0 90551847 5858245 118386815 5858245 208938662
97 0 90386182 5858245 118644774 5858245 209030956
98 0 90249092 5858245 118886362 5858245 209135454
99 0 90095744 5858245 119133431 5858245 209229175
100 0 89940043 5858245 119388982 5858245 209329025
101 0 89788731 5858245 119640848 5858245 209429579
102 0 89622011 5858245 119899973 5858245 209521984
103 0 89337258 5858245 120284558 5858245 209621816
104 0 89157150 5858245 120570460 5858245 209727610
105 0 89002875 5858245 120817345 5858245 209820220
106 0 88845304 5858245 121074099 5858245 209919403
107 0 88720676 5858245 121337465 5858245 210058141
108 0 88576346 5858245 121586664 5858245 210163010
109 0 88404164 5858245 121866751 5858245 210270915
110 0 88246518 5858245 122133802 5858245 210380320
111 0 88098429 5858245 122375112 5858245 210473541
112 0 87939339 5858245 122636867 5858245 210576206
113 0 87802824 5858245 122876695 5858245 210679519
114 0 87632456 5858245 123138987 5858245 210771443
115 0 87487681 5858245 123389464 5858245 210877145
116 0 87333684 5858245 123641422 5858245 210975106
117 0 87177631 5858245 123888492 5858245 211066123
118 0 87038801 5858245 124128746 5858245 211167547
119 0 86875581 5858245 124394112 5858245 211269693
120 0 86711362 5858245 124650200 5858245 211361562
121 0 86560643 5858245 124900843 5858245 211461486
122 0 86409812 5858245 125151172 5858245 211560984
123 0 86243537 5858245 125412075 5858245 211655612
124 0 86095151 5858245 125660385 5858245 211755536
125 0 85947598 5858245 125907991 5858245 211855589
126 0 85790286 5858245 126157172 5858245 211947458
127 0 85630974 5858245 126420056 5858245 212051030
128 0 85481107 5858245 126679125 5858245 212160232
1 0 104673122 5858249 782436210 5858249 887109332
2 0 104111670 5858249 783126845 5858249 887238515
3 0 103916933 5858249 783406303 5858249 887323236
4 0 103667493 5858249 783738315 5858249 887405808
5 0 103436035 5858249 784049698 5858249 887485733
6 0 103316055 5858249 784336286 5858249 887652341
7 0 103152317 5858249 784608707 5858249 887761024
8 0 102985988 5858249 784872331 5858249 887858319
9 0 102804380 5858249 785159937 5858249 887964317
10 0 102657271 5858249 785421506 5858249 888078777
11 0 102503589 5858249 785680761 5858249 888184350
12 0 102335148 5858249 785945589 5858249 888280737
13 0 102171872 5858249 786213455 5858249 888385327
14 0 102127837 5858249 786471746 5858249 888599583
15 0 101965710 5858249 786731093 5858249 888696803
16 0 101829082 5858249 786992274 5858249 888821356
17 0 101669289 5858249 787248584 5858249 888917873
18 0 101497645 5858249 787527282 5858249 889024927
19 0 101320703 5858249 787802148 5858249 889122851
20 0 101166855 5858249 788061235 5858249 889228090
21 0 101017690 5858249 788316601 5858249 889334291
22 0 100785269 5858249 788650706 5858249 889435975
23 0 100623605 5858249 788916849 5858249 889540454
24 0 100463811 5858249 789172289 5858249 889636100
25 0 100288444 5858249 789448784 5858249 889737228
26 0 100130540 5858249 789709353 5858249 889839893
27 0 99976802 5858249 789957978 5858249 889934780
28 0 100015653 5858249 790308472 5858249 890324125
29 0 100102411 5858249 790567874 5858249 890670285
30 0 99932692 5858249 790838425 5858249 890771117
31 0 99770139 5858249 791105772 5858249 890875911
32 0 99612198 5858249 791361693 5858249 890973891
33 0 99452404 5858249 791633225 5858249 891085629
34 0 99293796 5858249 791898239 5858249 891192035
35 0 99138725 5858249 792159234 5858249 891297959
36 0 98979043 5858249 792413081 5858249 891392124
37 0 98814620 5858249 792681317 5858249 891495937
38 0 98651252 5858249 792938886 5858249 891590138
39 0 98499792 5858249 793199585 5858249 891699377
40 0 98343017 5858249 793460284 5858249 891803301
41 0 98177558 5858249 793719464 5858249 891897022
42 0 98033449 5858249 793975700 5858249 892009149
43 0 97874452 5858249 794239288 5858249 892113740
44 0 97700993 5858249 794508764 5858249 892209757
45 0 97549291 5858249 794768741 5858249 892318032
46 0 97375813 5858249 795037588 5858249 892413401
47 0 97209316 5858249 795307102 5858249 892516418
48 0 97063652 5858249 795557930 5858249 892621582
49 0 96890359 5858249 795827296 5858249 892717655
50 0 96722344 5858249 796107346 5858249 892829690
51 0 96574569 5858249 796365341 5858249 892939910
52 0 96383405 5858249 796650818 5858249 893034223
53 0 96228130 5858249 796910276 5858249 893138406
54 0 96059338 5858249 797182511 5858249 893241849
55 0 95903970 5858249 797439710 5858249 893343680
56 0 95757492 5858249 797694520 5858249 893452012
57 0 95578253 5858249 797977108 5858249 893555361
58 0 95441089 5858249 798221437 5858249 893662526
59 0 95282259 5858249 798481191 5858249 893763450
60 0 95129429 5858249 798732816 5858249 893862245
61 0 94976802 5858249 798989811 5858249 893966613
62 0 94827471 5858249 799244640 5858249 894072111
63 0 95165539 5858249 799495376 5858249 894660915
64 0 95015005 5858249 799750649 5858249 894765654
65 0 94860712 5858249 800000070 5858249 894860782
66 0 94581309 5858249 800383286 5858249 894964595
67 0 94419812 5858249 800641781 5858249 895061593
68 0 94276129 5858249 800902369 5858249 895178498
69 0 94121207 5858249 801150549 5858249 895271756
70 0 93971913 5858249 801401619 5858249 895373532
71 0 93813509 5858249 801653688 5858249 895467197
72 0 93658770 5858249 801910128 5858249 895568898
73 0 93484514 5858249 802177975 5858249 895662489
74 0 93348777 5858249 802421118 5858249 895769895
75 0 93191427 5858249 802672503 5858249 895863930
76 0 93030541 5858249 802935683 5858249 895966224
77 0 92880396 5858249 803177975 5858249 896058371
78 0 92724417 5858249 803437211 5858249 896161628
79 0 92582957 5858249 803681169 5858249 896264126
80 0 92423367 5858249 803939220 5858249 896362587
81 0 92273426 5858249 804197993 5858249 896471419
82 0 92093485 5858249 804472747 5858249 896566232
83 0 91942154 5858249 804733465 5858249 896675619
84 0 91793083 5858249 804983775 5858249 896776858
85 0 91629642 5858249 805242103 5858249 896871745
86 0 91485070 5858249 805492506 5858249 896977576
87 0 91326870 5858249 805750649 5858249 897077519
88 0 91162058 5858249 806010885 5858249 897172943
89 0 91008968 5858249 806265825 5858249 897274793
90 0 90860230 5858249 806515876 5858249 897376106
91 0 90698603 5858249 806774816 5858249 897473419
92 0 90544032 5858249 807031700 5858249 897575732
93 0 90396145 5858249 807282029 5858249 897678174
94 0 90236890 5858249 807539542 5858249 897776432
95 0 90086689 5858249 807791019 5858249 897877708
96 0 89927358 5858249 808044089 5858249 897971447
97 0 89771176 5858249 808308750 5858249 898079926
98 0 89628104 5858249 808553042 5858249 898181146
99 0 89474682 5858249 808801352 5858249 898276034
100 0 89324869 5858249 809051311 5858249 898376180
101 0 89175501 5858249 809301584 5858249 898477085
102 0 89013690 5858249 809566505 5858249 898580195
103 0 88875359 5858249 809814852 5858249 898690211
104 0 88644363 5858249 810150068 5858249 898794431
105 0 88482515 5858249 810404915 5858249 898887430
106 0 88335110 5858249 810653244 5858249 898988354
107 0 88151558 5858249 810941331 5858249 899092889
108 0 87999764 5858249 811197401 5858249 899197165
109 0 87830841 5858249 811465933 5858249 899296774
110 0 87668122 5858249 811720280 5858249 899388402
111 0 87528217 5858249 811964479 5858249 899492696
112 0 87356405 5858249 812238178 5858249 899594583
113 0 87198483 5858249 812488895 5858249 899687378
114 0 87051985 5858249 812740465 5858249 899792450
115 0 86904969 5858249 812989275 5858249 899894244
116 0 86748158 5858249 813240733 5858249 899988891
117 0 86656308 5858249 813500506 5858249 900156814
118 0 86508273 5858249 813751724 5858249 900259997
119 0 86347795 5858249 814006830 5858249 900354625
120 0 86206075 5858249 814257492 5858249 900463567
121 0 86049448 5858249 814507710 5858249 900557158
122 0 85893673 5858249 814764113 5858249 900657786
123 0 85736379 5858249 815022849 5858249 900759228
124 0 85585401 5858249 815270622 5858249 900856023
125 0 85438885 5858249 815520951 5858249 900959836
126 0 85280017 5858249 815784872 5858249 901064889
127 0 85126243 5858249 816043459 5858249 901169702
128 0 84946358 5858249 816315769 5858249 901262127
1 0 116432998 5858254 597435168 5858254 713868166
2 0 115660956 5858254 598350633 5858254 714011589
3 0 115323408 5858254 598775180 5858254 714098588
4 0 114986562 5858254 599193561 5858254 714180123
5 0 114641346 5858254 599619257 5858254 714260603
6 0 114333148 5858254 600091397 5858254 714424545
7 0 114019876 5858254 600523111 5858254 714542987
8 0 113734641 5858254 600906733 5858254 714641374
9 0 113432127 5858254 601313115 5858254 714745242
10 0 113126522 5858254 601715385 5858254 714841907
11 0 112837916 5858254 602111304 5858254 714949220
12 0 112549015 5858254 602505037 5858254 715054052
13 0 112341481 5858254 602910937 5858254 715252418
14 0 112083597 5858254 603285893 5858254 715369490
15 0 111799658 5858254 603678423 5858254 715478081
16 0 111519496 5858254 604062749 5858254 715582245
17 0 111231853 5858254 604447298 5858254 715679151
18 0 110927804 5858254 604854512 5858254 715782316
19 0 110637883 5858254 605252801 5858254 715890684
20 0 110365665 5858254 605648461 5858254 716014126
21 0 110087579 5858254 606032120 5858254 716119699
22 0 109706937 5858254 606510908 5858254 716217845
23 0 109411701 5858254 606911197 5858254 716322898
24 0 109140688 5858254 607285597 5858254 716426285
25 0 108832028 5858254 607694867 5858254 716526895
26 0 108727381 5858254 608081971 5858254 716809352
27 0 108456368 5858254 608450520 5858254 716906888
28 0 108174928 5858254 608847346 5858254 717022274
29 0 107901804 5858254 609217858 5858254 717119662
30 0 107609661 5858254 609620869 5858254 717230530
31 0 107246131 5858254 610087712 5858254 717333843
32 0 106960377 5858254 610479038 5858254 717439415
33 0 106663586 5858254 610880031 5858254 717543617
34 0 106365369 5858254 611272764 5858254 717638133
35 0 106075856 5858254 611667109 5858254 717742965
36 0 105815990 5858254 612050065 5858254 717866055
37 0 105526866 5858254 612450354 5858254 717977220
38 0 105260908 5858254 612834161 5858254 718095069
39 0 104957544 5858254 613233413 5858254 718190957
40 0 104673715 5858254 613620184 5858254 718293899
41 0 104405127 5858254 613999677 5858254 718404804
42 0 104116152 5858254 614391873 5858254 718508025
43 0 103839120 5858254 614774218 5858254 718613338
44 0 103476312 5858254 615242098 5858254 718718410
45 0 102686270 5858254 616128397 5858254 718814667
46 0 102373795 5858254 616547093 5858254 718920888
47 0 102087097 5858254 616949048 5858254 719036145
48 0 101814657 5858254 617321838 5858254 719136495
49 0 101513626 5858254 617726830 5858254 719240456
50 0 101231742 5858254 618105860 5858254 719337602
51 0 100973469 5858254 618469946 5858254 719443415
52 0 101088226 5858254 618864254 5858254 719952480
53 0 101365369 5858254 619235821 5858254 720601190
54 0 101097651 5858254 619635073 5858254 720732724
55 0 100764880 5858254 620064565 5858254 720829445
56 0 100468274 5858254 620467780 5858254 720936054
57 0 100184335 5858254 620848032 5858254 721032367
58 0 99925562 5858254 621213618 5858254 721139180
59 0 99622124 5858254 621614073 5858254 721236197
60 0 99352609 5858254 621995363 5858254 721347972
61 0 99064930 5858254 622379133 5858254 721444063
62 0 98790861 5858254 622757126 5858254 721547987
63 0 98521959 5858254 623134397 5858254 721656356
64 0 98228779 5858254 623532038 5858254 721760817
65 0 97947709 5858254 623910772 5858254 721858481
66 0 97679659 5858254 624288857 5858254 721968516
67 0 97408702 5858254 624671461 5858254 722080163
68 0 97107837 5858254 625068639 5858254 722176476
69 0 96814897 5858254 625465095 5858254 722279992
70 0 96515069 5858254 625860699 5858254 722375768
71 0 96232112 5858254 626252432 5858254 722484544
72 0 95964691 5858254 626624166 5858254 722588857
73 0 95658030 5858254 627027603 5858254 722685633
74 0 95385146 5858254 627407689 5858254 722792835
75 0 95114021 5858254 627783608 5858254 722897629
76 0 94822675 5858254 628170063 5858254 722992738
77 0 94567772 5858254 628532853 5858254 723100625
78 0 94284129 5858254 628920698 5858254 723204827
79 0 93995079 5858254 629305413 5858254 723300492
80 0 93725621 5858254 629682313 5858254 723407934
81 0 93238168 5858254 630265728 5858254 723503896
82 0 92948487 5858254 630658314 5858254 723606801
83 0 92662122 5858254 631058103 5858254 723720225
84 0 92383739 5858254 631432003 5858254 723815742
85 0 92100058 5858254 631817774 5858254 723917832
86 0 91866285 5858254 632155842 5858254 724022127
87 0 91711288 5858254 632415763 5858254 724127051
88 0 91568253 5858254 632667962 5858254 724236215
89 0 91417960 5858254 632920531 5858254 724338491
90 0 91256611 5858254 633176860 5858254 724433471
91 0 91087151 5858254 633457540 5858254 724544691
92 0 90927543 5858254 633720257 5858254 724647800
93 0 90775453 5858254 633972938 5858254 724748391
94 0 90630289 5858254 634226044 5858254 724856333
95 0 90462052 5858254 634486465 5858254 724948517
96 0 90313406 5858254 634736831 5858254 725050237
97 0 90148335 5858254 635001826 5858254 725150161
98 0 89996634 5858254 635245933 5858254 725242567
99 0 89846230 5858254 635497261 5858254 725343491
100 0 89693232 5858254 635756905 5858254 725450137
101 0 89539180 5858254 636005604 5858254 725544784
102 0 89382719 5858254 636266081 5858254 725648800
103 0 89240778 5858254 636509150 5858254 725749928
104 0 89071799 5858254 636771627 5858254 725843426
105 0 89633511 5858254 637022863 5858254 726656374
106 0 89461237 5858254 637296802 5858254 726758039
107 0 89302203 5858254 637558834 5858254 726861037
108 0 89142706 5858254 637812922 5858254 726955628
109 0 88983024 5858254 638075732 5858254 727058756
110 0 88823415 5858254 638327987 5858254 727151402
111 0 88690455 5858254 638579797 5858254 727270252
112 0 88506217 5858254 638857144 5858254 727363361
113 0 88356906 5858254 639108435 5858254 727465341
114 0 88201964 5858254 639360449 5858254 727562413
115 0 88052615 5858254 639613222 5858254 727665837
116 0 87883210 5858254 639879403 5858254 727762613
117 0 87711676 5858254 640159472 5858254 727871148
118 0 87523124 5858254 640443948 5858254 727967072
119 0 87372646 5858254 640702628 5858254 728075274
120 0 87212908 5858254 640956679 5858254 728169587
121 0 87055466 5858254 641216082 5858254 728271548
122 0 86906821 5858254 641460818 5858254 728367639
123 0 86753750 5858254 641724276 5858254 728478026
124 0 86599067 5858254 641974531 5858254 728573598
125 0 86457570 5858254 642219804 5858254 728677374
126 0 86293777 5858254 642479410 5858254 728773187
127 0 86138928 5858254 642737720 5858254 728876648
128 0 85965487 5858254 643004289 5858254 728969776
1 0 130550052 5858259 407491439 5858259 538041491
2 0 129768678 5858259 408401552 5858259 538170230
3 0 129427184 5858259 408826877 5858259 538254061
4 0 129099431 5858259 409237240 5858259 538336671
5 0 128807233 5858259 409657269 5858259 538464502
6 0 128441091 5858259 410131409 5858259 538572500
7 0 128131393 5858259 410554401 5858259 538685794
8 0 127846157 5858259 410936635 5858259 538782792
9 0 127603848 5858259 411342738 5858259 538946586
10 0 127299316 5858259 411743379 5858259 539042695
11 0 127015821 5858259 412131020 5858259 539146841
12 0 126715068 5858259 412527253 5858259 539242321
13 0 126425388 5858259 412926079 5858259 539351467
14 0 126227706 5858259 413299202 5858259 539526908
15 0 125951211 5858259 413693491 5858259 539644702
16 0 125662180 5858259 414078817 5858259 539740997
17 0 125382407 5858259 414462958 5858259 539845365
18 0 125071431 5858259 414868821 5858259 539940252
19 0 125835176 5858259 415258703 5858259 541093879
20 0 125660365 5858259 415652233 5858259 541312598
21 0 125373740 5858259 416035800 5858259 541409540
22 0 125001432 5858259 416514791 5858259 541516223
23 0 124699994 5858259 416911950 5858259 541611944
24 0 124432221 5858259 417284054 5858259 541716275
25 0 124130041 5858259 417688825 5858259 541818866
26 0 123842861 5858259 418079947 5858259 541922808
27 0 123577940 5858259 418450792 5858259 542028732
28 0 123291390 5858259 418841896 5858259 542133286
29 0 123026432 5858259 419210093 5858259 542236525
30 0 122715642 5858259 419617437 5858259 542333079
31 0 122393814 5858259 420053466 5858259 542447280
32 0 122106263 5858259 420446552 5858259 542552815
33 0 121800343 5858259 420847637 5858259 542647980
34 0 121522405 5858259 421231907 5858259 542754312
35 0 121238761 5858259 421620567 5858259 542859328
36 0 120953155 5858259 422003486 5858259 542956641
37 0 120662901 5858259 422401960 5858259 543064861
38 0 120399184 5858259 422784286 5858259 543183470
39 0 120100190 5858259 423178816 5858259 543279006
40 0 120083801 5858259 423569735 5858259 543653536
41 0 119836491 5858259 423950468 5858259 543786959
42 0 119546589 5858259 424351276 5858259 543897865
43 0 119260483 5858259 424734787 5858259 543995270
44 0 118888416 5858259 425214630 5858259 544103046
45 0 118590903 5858259 425609993 5858259 544200896
46 0 117799584 5858259 426507958 5858259 544307542
47 0 117502812 5858259 426910358 5858259 544413170
48 0 117239298 5858259 427274833 5858259 544514131
49 0 116946230 5858259 427670992 5858259 544617222
50 0 116669827 5858259 428044763 5858259 544714590
51 0 116412091 5858259 428406627 5858259 544818718
52 0 116123837 5858259 428798620 5858259 544922457
53 0 115857712 5858259 429162854 5858259 545020566
54 0 115575718 5858259 429561346 5858259 545137064
55 0 115295631 5858259 429946487 5858259 545242118
56 0 114895823 5858259 430441719 5858259 545337542
57 0 114619513 5858259 430822175 5858259 545441688
58 0 114363647 5858259 431184724 5858259 545548371
59 0 114066171 5858259 431578513 5858259 545644684
60 0 113800325 5858259 431954709 5858259 545755034
61 0 113528385 5858259 432331703 5858259 545860088
62 0 113255742 5858259 432708825 5858259 545964567
63 0 112998802 5858259 433081189 5858259 546079991
64 0 112706123 5858259 433469607 5858259 546175730
65 0 112441572 5858259 433842915 5858259 546284487
66 0 112170558 5858259 434217612 5858259 546388170
67 0 112318037 5858259 434591550 5858259 546909587
68 0 112030375 5858259 434986839 5858259 547017214
69 0 111722493 5858259 435389109 5858259 547111602
70 0 111434350 5858259 435779509 5858259 547213859
71 0 111148281 5858259 436164872 5858259 547313153
72 0 110889119 5858259 436527884 5858259 547417003
73 0 110588828 5858259 436922896 5858259 547511724
74 0 110322408 5858259 437293203 5858259 547615611
75 0 110043616 5858259 437665974 5858259 547709590
76 0 109757751 5858259 438057208 5858259 547814959
77 0 109497793 5858259 438419183 5858259 547916976
78 0 109217112 5858259 438805139 5858259 548022251
79 0 108933192 5858259 439184298 5858259 548117490
80 0 108673160 5858259 439556328 5858259 548229488
81 0 108361981 5858259 439964506 5858259 548326487
82 0 108055930 5858259 440374869 5858259 548430799
83 0 107761732 5858259 440769991 5858259 548531723
84 0 107490830 5858259 441144077 5858259 548634907
85 0 107205298 5858259 441526607 5858259 548731905
86 0 106923155 5858259 441912081 5858259 548835236
87 0 106640920 5858259 442289370 5858259 548930290
88 0 106381461 5858259 442666660 5858259 549048121
89 0 106116189 5858259 443040134 5858259 549156323
90 0 105828194 5858259 443420664 5858259 549248858
91 0 105522607 5858259 443825861 5858259 549348468
92 0 105241316 5858259 444210279 5858259 549451595
93 0 104968043 5858259 444583773 5858259 549551816
94 0 104692141 5858259 444961617 5858259 549653758
95 0 104410350 5858259 445349351 5858259 549759701
96 0 104136021 5858259 445719011 5858259 549855032
97 0 103846471 5858259 446110226 5858259 549956697
98 0 103614679 5858259 446471238 5858259 550085917
99 0 103343314 5858259 446845731 5858259 550189045
100 0 103062412 5858259 447232964 5858259 550295376
101 0 102788750 5858259 447601124 5858259 550389874
102 0 102503904 5858259 447988950 5858259 550492854
103 0 102244575 5858259 448351351 5858259 550595926
104 0 102467996 5858259 448743122 5858259 551211118
105 0 102200076 5858259 449115578 5858259 551315654
106 0 101902673 5858259 449518256 5858259 551420929
107 0 101614920 5858259 449906545 5858259 551521465
108 0 101297185 5858259 450317778 5858259 551614963
109 0 101009191 5858259 450707363 5858259 551716554
110 0 100726121 5858259 451083375 5858259 551809496
111 0 100451145 5858259 451460183 5858259 551911328
112 0 100146780 5858259 451868805 5858259 552015585
113 0 99875785 5858259 452243039 5858259 552118824
114 0 99594902 5858259 452617272 5858259 552212174
115 0 99325074 5858259 452988469 5858259 552313543
116 0 99026394 5858259 453380684 5858259 552407078
117 0 98770268 5858259 453740604 5858259 552510872
118 0 98461923 5858259 454149707 5858259 552611630
119 0 98194243 5858259 454526496 5858259 552720739
120 0 97911637 5858259 454903026 5858259 552814663
121 0 97629160 5858259 455289260 5858259 552918420
122 0 97361684 5858259 455651309 5858259 553012993
123 0 97072763 5858259 456041505 5858259 553114268
124 0 96799268 5858259 456412869 5858259 553212137
125 0 96536495 5858259 456778714 5858259 553315209
126 0 96247000 5858259 457161726 5858259 553408726
127 0 95969673 5858259 457541607 5858259 553511280
128 0 95667974 5858259 457936674 5858259 553604648
1 0 130844751 5858264 197132290 5858264 327977041
2 0 130073172 5858264 198071958 5858264 328145130
3 0 129829399 5858264 198503172 5858264 328332571
4 0 129530108 5858264 198923091 5858264 328453199
5 0 129228391 5858264 199344435 5858264 328572826
6 0 128981563 5858264 199741631 5858264 328723194
7 0 128668346 5858264 200221289 5858264 328889635
8 0 128415629 5858264 200617485 5858264 329033114
9 0 128291168 5858264 201018848 5858264 329310016
10 0 128034247 5858264 201417600 5858264 329451847
11 0 127758548 5858264 201806723 5858264 329565271
12 0 127515293 5858264 202206123 5858264 329721416
13 0 127222021 5858264 202611226 5858264 329833247
14 0 126944415 5858264 202992904 5858264 329937319
15 0 127060154 5858264 203392249 5858264 330452403
16 0 126782085 5858264 203782056 5858264 330564141
17 0 126501275 5858264 204168272 5858264 330669547
18 0 126184929 5858264 204577542 5858264 330762471
19 0 126074561 5858264 204973497 5858264 331048058
20 0 125776011 5858264 205370916 5858264 331146927
21 0 125481183 5858264 205769760 5858264 331250943
22 0 125112301 5858264 206234604 5858264 331346905
23 0 124815973 5858264 206634059 5858264 331450032
24 0 124533756 5858264 207010071 5858264 331543827
25 0 124239058 5858264 207412045 5858264 331651103
26 0 123949878 5858264 207805519 5858264 331755397
27 0 123676253 5858264 208174716 5858264 331850969
28 0 123395091 5858264 208568598 5858264 331963689
29 0 123141744 5858264 208939017 5858264 332080761
30 0 122831657 5858264 209342380 5858264 332174037
31 0 122547237 5858264 209734613 5858264 332281850
32 0 122183707 5858264 210193234 5858264 332376941
33 0 121880249 5858264 210601042 5858264 332481291
34 0 121589699 5858264 210993868 5858264 332583567
35 0 121286112 5858264 211388805 5858264 332674917
36 0 121014210 5858264 211768631 5858264 332782841
37 0 120721437 5858264 212164087 5858264 332885524
38 0 120430277 5858264 212547283 5858264 332977560
39 0 120400295 5858264 212945795 5858264 333346090
40 0 120109208 5858264 213333510 5858264 333442718
41 0 119834565 5858264 213717410 5858264 333551975
42 0 119542645 5858264 214111958 5858264 333654603
43 0 119299705 5858264 214490340 5858264 333790045
44 0 118923933 5858264 214963054 5858264 333886987
45 0 118635513 5858264 215358046 5858264 333993559
46 0 118317630 5858264 215770168 5858264 334087798
47 0 118025302 5858264 216170420 5858264 334195722
48 0 117757974 5858264 216538043 5858264 334296017
49 0 117467053 5858264 216933888 5858264 334400941
50 0 117195429 5858264 217308288 5858264 334503717
51 0 116927100 5858264 217669893 5858264 334596993
52 0 116639346 5858264 218060034 5858264 334699380
53 0 116375185 5858264 218428193 5858264 334803378
54 0 116098912 5858264 218822223 5858264 334921135
55 0 115814176 5858264 219209457 5858264 335023633
56 0 115523904 5858264 219593690 5858264 335117594
57 0 115251798 5858264 219968017 5858264 335219815
58 0 114891342 5858264 220432971 5858264 335324313
59 0 114599495 5858264 220819797 5858264 335419292
60 0 114333333 5858264 221201457 5858264 335534790
61 0 114060042 5858264 221578357 5858264 335638399
62 0 113767399 5858264 221965628 5858264 335733027
63 0 113488775 5858264 222344473 5858264 335833248
64 0 113200743 5858264 222734003 5858264 335934746
65 0 113304593 5858264 223107940 5858264 336412533
66 0 113024746 5858264 223494952 5858264 336519698
67 0 112789398 5858264 223863686 5858264 336653084
68 0 112503626 5858264 224256845 5858264 336760471
69 0 112196076 5858264 224659856 5858264 336855932
70 0 111922988 5858264 225037368 5858264 336960356
71 0 111631328 5858264 225429397 5858264 337060725
72 0 111368555 5858264 225795131 5858264 337163686
73 0 111068060 5858264 226192346 5858264 337260406
74 0 110799121 5858264 226567154 5858264 337366275
75 0 110519182 5858264 226942332 5858264 337461514
76 0 110235002 5858264 227329288 5858264 337564290
77 0 109971969 5858264 227691689 5858264 337663658
78 0 109699159 5858264 228079071 5858264 337778230
79 0 109408776 5858264 228462638 5858264 337871414
80 0 109144447 5858264 228839020 5858264 337983467
81 0 108829268 5858264 229249734 5858264 338079002
82 0 108563532 5858264 229620024 5858264 338183556
83 0 108225464 5858264 230058812 5858264 338284276
84 0 107942710 5858264 230444453 5858264 338387163
85 0 107653920 5858264 230827594 5858264 338481514
86 0 107369628 5858264 231213939 5858264 338583567
87 0 107101374 5858264 231586154 5858264 338687528
88 0 106816380 5858264 231964332 5858264 338780712
89 0 106546032 5858264 232340844 5858264 338886876
90 0 106264871 5858264 232716985 5858264 338981856
91 0 105971932 5858264 233112385 5858264 339084317
92 0 105685641 5858264 233499693 5858264 339185334
93 0 105413294 5858264 233871501 5858264 339284795
94 0 105140373 5858264 234246235 5858264 339386608
95 0 104857490 5858264 234636468 5858264 339493958
96 0 104586420 5858264 235006758 5858264 339593178
97 0 104300278 5858264 235394769 5858264 339695047
98 0 104038893 5858264 235758170 5858264 339797063
99 0 104277797 5858264 236132792 5858264 340410589
100 0 104003302 5858264 236520544 5858264 340523846
101 0 103729473 5858264 236889612 5858264 340619085
102 0 103437738 5858264 237283771 5858264 340721509
103 0 103177614 5858264 237648301 5858264 340825915
104 0 102877507 5858264 238048998 5858264 340926505
105 0 102596421 5858264 238423898 5858264 341020319
106 0 102301278 5858264 238830409 5858264 341131687
107 0 102006079 5858264 239218384 5858264 341224463
108 0 101730899 5858264 239595062 5858264 341325961
109 0 101434090 5858264 239985629 5858264 341419719
110 0 101076411 5858264 240444361 5858264 341520772
111 0 100797342 5858264 240817317 5858264 341614659
112 0 100507625 5858264 241212884 5858264 341720509
113 0 100227335 5858264 241585636 5858264 341812971
114 0 99950080 5858264 241964407 5858264 341914487
115 0 99669789 5858264 242338159 5858264 342007948
116 0 99376757 5858264 242733078 5858264 342109835
117 0 99106319 5858264 243095330 5858264 342201649
118 0 98799694 5858264 243508638 5858264 342308332
119 0 98514829 5858264 243887205 5858264 342402034
120 0 98234353 5858264 244265846 5858264 342500199
121 0 97938136 5858264 244654468 5858264 342592604
122 0 97676234 5858264 245017665 5858264 342693899
123 0 97375628 5858264 245411658 5858264 342787286
124 0 97086022 5858264 245801466 5858264 342887488
125 0 96819768 5858264 246167477 5858264 342987245
126 0 96537235 5858264 246551693 5858264 343088928
127 0 96255037 5858264 246934260 5858264 343189297
128 0 95960006 5858264 247331363 5858264 343291369
