1 0 11749133 5683847 261607881 5683847 273357014
1 0 9091886 5683854 56874074 5683854 65965960
1 0 8975018 5683860 867069340 5683860 876044358
1 0 10444861 5683867 656943632 5683867 667388493
1 0 9313271 5683874 476737108 5683874 486050379
1 0 11775725 5683881 270751415 5683881 282527140
1 0 9213272 5683888 127127172 5683888 136340444
1 0 8971110 5683894 956856443 5683894 965827553
1 0 8939000 5683901 756483849 5683901 765422849
1 0 9000462 5683908 586642167 5683908 595642629
1 0 9325660 5683915 396679739 5683915 406005399
1 0 9297587 5683922 196711807 5683922 206009394
1 0 8954963 5683928 996949255 5683929 5904218
1 0 8974667 5683935 787163124 5683935 796137791
1 0 8926964 5683942 606672536 5683942 615599500
1 0 8996204 5683949 406889504 5683949 415885708
1 0 11699190 5683956 221358444 5683956 233057634
1 0 8966241 5683963 56913987 5683963 65880228
1 0 11825077 5683969 871582597 5683969 883407674
1 0 11700765 5683976 660922635 5683976 672623400
1 0 11727282 5683983 460568533 5683983 472295815
1 0 11928963 5683990 301778839 5683990 313707802
1 0 9043851 5683997 106863903 5683997 115907754
1 0 8948963 5684003 896687543 5684003 905636506
1 0 10515601 5684010 716375140 5684010 726890741
1 0 11661710 5684017 500541708 5684017 512203418
1 0 8986259 5684024 336567531 5684024 345553790
1 0 9215570 5684031 146800420 5684031 156015990
1 0 9260995 5684037 956772087 5684037 966033082
1 0 9003721 5684044 776812656 5684044 785816377
