1 0 10755578 5684255 746878773 5684255 757634351
2 0 9813540 5684255 747914976 5684255 757728516
3 0 9546267 5684255 748257674 5684255 757803941
4 0 9331937 5684255 748556298 5684255 757888235
1 0 13410658 5684262 561726562 5684262 575137220
2 0 12194274 5684262 563034982 5684262 575229256
3 0 11815113 5684262 563488400 5684262 575303513
4 0 11509805 5684262 563877670 5684262 575387475
1 0 13870242 5684269 381875416 5684269 395745658
2 0 12641358 5684269 383194836 5684269 395836194
3 0 12264902 5684269 383644124 5684269 395909026
4 0 11953870 5684269 384038358 5684269 395992228
1 0 13986573 5684276 171237136 5684276 185223709
2 0 12815540 5684276 172528371 5684276 185343911
3 0 12457879 5684276 172983511 5684276 185441390
4 0 12175644 5684276 173376652 5684276 185552296
1 0 10742708 5684282 996627664 5684283 7370372
2 0 9824965 5684282 997638609 5684283 7463574
3 0 9551323 5684282 997986472 5684283 7537795
4 0 9341401 5684282 998279874 5684283 7621275
1 0 11182403 5684289 816895137 5684289 828077540
2 0 10247457 5684289 817923785 5684289 828171242
3 0 9970259 5684289 818275778 5684289 828246037
4 0 9760134 5684289 818570513 5684289 828330647
1 0 13876427 5684296 621616582 5684296 635493009
2 0 12653894 5684296 622932520 5684296 635586414
3 0 12272513 5684296 623391400 5684296 635663913
4 0 11965982 5684296 623783115 5684296 635749097
1 0 10757171 5684303 416991104 5684303 427748275
2 0 9804170 5684303 418039955 5684303 427844125
3 0 9530471 5684303 418388264 5684303 427918735
4 0 9318789 5684303 418685425 5684303 428004214
1 0 10741244 5684310 207023854 5684310 217765098
2 0 9807595 5684310 208050131 5684310 217857726
3 0 9533916 5684310 208401235 5684310 217935151
4 0 9316438 5684310 208704156 5684310 218020594
1 0 14064719 5684317 11711254 5684317 25775973
2 0 12866464 5684317 13031155 5684317 25897619
3 0 12511212 5684317 13485109 5684317 25996321
4 0 12234199 5684317 13877102 5684317 26111301
1 0 10690598 5684323 826972676 5684323 837663274
2 0 9789818 5684323 827970473 5684323 837760291
3 0 9512860 5684323 828322522 5684323 837835382
4 0 9298124 5684323 828622275 5684323 837920399
1 0 10727041 5684330 647037767 5684330 657764808
2 0 9796929 5684330 648060803 5684330 657857732
3 0 9521471 5684330 648411741 5684330 657933212
4 0 9385955 5684330 648711217 5684330 658097172
1 0 10684819 5684337 446864676 5684337 457549495
2 0 9757540 5684337 447883046 5684337 457640586
3 0 9478305 5684337 448234187 5684337 457712492
4 0 9345382 5684337 448531237 5684337 457876619
1 0 13428843 5684344 261483084 5684344 274911927
2 0 12225161 5684344 262779986 5684344 275005147
3 0 11849798 5684344 263228625 5684344 275078423
4 0 11550026 5684344 263613692 5684344 275163718
1 0 12790540 5684351 46750258 5684351 59540798
2 0 11900408 5684351 47761591 5684351 59661999
3 0 11648061 5684351 48110325 5684351 59758386
4 0 11466601 5684351 48404820 5684351 59871421
1 0 13386992 5684357 857058464 5684357 870445456
2 0 12482453 5684357 858085019 5684357 870567472
3 0 12235995 5684357 858434142 5684357 870670137
4 0 12050072 5684357 858728970 5684357 870779042
1 0 14686745 5684364 648077175 5684364 662763920
2 0 13504860 5684364 649382650 5684364 662887510
3 0 13156404 5684364 649828401 5684364 662984805
4 0 12745485 5684364 650350484 5684364 663095969
1 0 10780874 5684371 446658279 5684371 457439153
2 0 9851298 5684371 447682612 5684371 457533910
3 0 9574748 5684371 448031680 5684371 457606428
4 0 9365659 5684371 448325674 5684371 457691333
1 0 14024628 5684378 251545135 5684378 265569763
2 0 12848058 5684378 252845388 5684378 265693446
3 0 12488972 5684378 253299861 5684378 265788833
4 0 12202606 5684378 253697632 5684378 265900238
1 0 14090183 5684385 71685963 5684385 85776146
2 0 12856872 5684385 73041253 5684385 85898125
3 0 12503268 5684385 73491022 5684385 85994290
4 0 12211680 5684385 73893274 5684385 86104954
1 0 10757559 5684391 866688794 5684391 877446353
2 0 9817429 5684391 867720997 5684391 877538426
3 0 9543915 5684391 868068768 5684391 877612683
4 0 9335345 5684391 868364041 5684391 877699386
1 0 10765522 5684398 646877158 5684398 657642680
2 0 9826743 5684398 647907287 5684398 657734030
3 0 9555693 5684398 648254354 5684398 657810047
4 0 9342864 5684398 648551404 5684398 657894268
1 0 13993185 5684405 460428435 5684405 474421620
2 0 12809966 5684405 461735096 5684405 474545062
3 0 12460194 5684405 462185292 5684405 474645486
4 0 12172274 5684405 462584469 5684405 474756743
1 0 10725578 5684412 317159778 5684412 327885356
2 0 9786096 5684412 318193573 5684412 327979669
3 0 9505675 5684412 318548918 5684412 328054593
4 0 9291012 5684412 318848376 5684412 328139388
1 0 10736208 5684419 127178024 5684419 137914232
2 0 9787095 5684419 128222505 5684419 138009600
3 0 9508620 5684419 128573961 5684419 138082581
4 0 9291975 5684419 128874900 5684419 138166875
1 0 10706857 5684425 916875535 5684425 927582392
2 0 9773152 5684425 917904553 5684425 927677705
3 0 9497694 5684425 918255250 5684425 927752944
4 0 9362159 5684425 918552652 5684425 927914811
1 0 10911260 5684432 756924126 5684432 767835386
2 0 9965852 5684432 757962977 5684432 767928829
3 0 9686338 5684432 758318082 5684432 768004420
4 0 9472972 5684432 758614947 5684432 768087919
1 0 10760133 5684439 567040309 5684439 577800442
2 0 9825280 5684439 568067716 5684439 577892996
3 0 9545118 5684439 568422580 5684439 577967698
4 0 9332234 5684439 568721037 5684439 578053271
1 0 10753578 5684446 387183692 5684446 397937270
2 0 9813966 5684446 388218839 5684446 398032805
3 0 9540045 5684446 388568555 5684446 398108600
4 0 9331345 5684446 388866161 5684446 398197506
1 0 10750263 5684453 186749808 5684453 197500071
2 0 9832465 5684453 187759937 5684453 197592402
3 0 9556470 5684453 188109968 5684453 197666438
4 0 9424751 5684453 188404999 5684453 197829750
