1 0 17098534 5684459 981279663 5684459 998378197
2 0 15874334 5684459 982607768 5684459 998482102
3 0 15537026 5684459 983057982 5684459 998595008
4 0 15235902 5684459 983454289 5684459 998690191
5 0 14963166 5684459 983849208 5684459 998812374
6 0 14691838 5684459 984229497 5684459 998921335
7 0 14406584 5684459 984609897 5684459 999016481
8 0 14138885 5684459 984987594 5684459 999126479
1 0 12990703 5684466 816771921 5684466 829762624
2 0 12038998 5684466 817802680 5684466 829841678
3 0 11774244 5684466 818151729 5684466 829925973
4 0 11549360 5684466 818449223 5684466 829998583
5 0 11389491 5684466 818748070 5684466 830137561
6 0 11184403 5684466 819036861 5684466 830221264
7 0 10970722 5684466 819323966 5684466 830294688
8 0 10769318 5684466 819608054 5684466 830377372
1 0 13009351 5684473 626719875 5684473 639729226
2 0 12039035 5684473 627771615 5684473 639810650
3 0 11769836 5684473 628126220 5684473 639896056
4 0 11544211 5684473 628424899 5684473 639969110
5 0 11414418 5684473 628738819 5684473 640153237
6 0 11207291 5684473 629030518 5684473 640237809
7 0 10994073 5684473 629316790 5684473 640310863
8 0 10793299 5684473 629601303 5684473 640394602
1 0 18188088 5684480 471211369 5684480 489399457
2 0 16905185 5684480 472598288 5684480 489503473
3 0 16557729 5684480 473059927 5684480 489617656
4 0 16244975 5684480 473468457 5684480 489713432
5 0 15959944 5684480 473874745 5684480 489834689
6 0 15679431 5684480 474265645 5684480 489945076
7 0 15543378 5684480 474650286 5684480 490193664
8 0 15269087 5684480 475037779 5684480 490306866
1 0 12960203 5684487 276807622 5684487 289767825
2 0 12010313 5684487 277838955 5684487 289849268
3 0 11747467 5684487 278188818 5684487 289936285
4 0 11675412 5684487 278486424 5684487 290161836
5 0 11482583 5684487 278783548 5684487 290266131
6 0 11283568 5684487 279068802 5684487 290352370
7 0 11072461 5684487 279353463 5684487 290425924
8 0 10872705 5684487 279636884 5684487 290509589
1 0 17515508 5684494 68821218 5684494 86336726
2 0 15831001 5684494 70609963 5684494 86440964
3 0 15462305 5684494 71091917 5684494 86554222
4 0 15185273 5684494 71481187 5684494 86666460
5 0 14921130 5684494 71869402 5684494 86790532
6 0 14652598 5684494 72247432 5684494 86900030
7 0 14367307 5684494 72629425 5684494 86996732
8 0 14111515 5684494 73007659 5684494 87119174
1 0 17106552 5684500 861540077 5684500 878646629
2 0 15882019 5684500 862871071 5684500 878753090
3 0 15539803 5684500 863328748 5684500 878868551
4 0 15238809 5684500 863725611 5684500 878964420
5 0 14963092 5684500 864123585 5684500 879086677
6 0 14692579 5684500 864508096 5684500 879200675
7 0 14402695 5684500 864893311 5684500 879296006
8 0 14130071 5684500 865275026 5684500 879405097
1 0 13019129 5684507 666942550 5684507 679961679
2 0 12122238 5684507 667996401 5684507 680118639
3 0 11860853 5684507 668351117 5684507 680211970
4 0 11634543 5684507 668652537 5684507 680287080
5 0 11429324 5684507 668953791 5684507 680383115
6 0 11224884 5684507 669243193 5684507 680468077
7 0 11012499 5684507 669529669 5684507 680542168
8 0 10814799 5684507 669814423 5684507 680629222
1 0 13819613 5684514 486750698 5684514 500570311
2 0 12827928 5684514 487831456 5684514 500659384
3 0 12565637 5684514 488182227 5684514 500747864
4 0 12337066 5684514 488484370 5684514 500821436
5 0 12130385 5684514 488785531 5684514 500915916
6 0 11923982 5684514 489078525 5684514 501002507
7 0 11711411 5684514 489362113 5684514 501073524
8 0 11513637 5684514 489646330 5684514 501159967
1 0 13167458 5684521 291812508 5684521 304979966
2 0 12003628 5684521 293058633 5684521 305062261
3 0 11735448 5684521 293412793 5684521 305148241
4 0 11509120 5684521 293711194 5684521 305220314
5 0 11302808 5684521 294009800 5684521 305312608
6 0 11098831 5684521 294299035 5684521 305397866
7 0 10886130 5684521 294584049 5684521 305470179
8 0 10681579 5684521 294872432 5684521 305554011
1 0 17145718 5684528 101483322 5684528 118629040
2 0 15889723 5684528 102845334 5684528 118735057
3 0 15559081 5684528 103289140 5684528 118848221
4 0 15254920 5684528 103689096 5684528 118944016
5 0 14974944 5684528 104090977 5684528 119065921
6 0 14704004 5684528 104472544 5684528 119176548
7 0 14417583 5684528 104856241 5684528 119273824
8 0 14143552 5684528 105238789 5684528 119382341
1 0 13744873 5684534 886737034 5684534 900481907
2 0 12794299 5684534 887773292 5684534 900567591
3 0 12533267 5684534 888121767 5684534 900655034
4 0 12309401 5684534 888419965 5684534 900729366
5 0 12104386 5684534 888717830 5684534 900822216
6 0 11897872 5684534 889008639 5684534 900906511
7 0 11681857 5684534 889297967 5684534 900979824
8 0 11477027 5684534 889588055 5684534 901065082
1 0 13031647 5684541 706942389 5684541 719974036
2 0 12149274 5684541 707979796 5684541 720129070
3 0 11891131 5684541 708328141 5684541 720219272
4 0 11672264 5684541 708623469 5684541 720295733
5 0 11468786 5684541 708922260 5684541 720391046
6 0 11265643 5684541 709212717 5684541 720478360
7 0 11052368 5684541 709499786 5684541 720552154
8 0 10849409 5684541 709787281 5684541 720636690
1 0 9531008 5684548 502234966 5684548 511765974
2 0 8797040 5684548 503026655 5684548 511823695
3 0 8623395 5684548 503259799 5684548 511883194
4 0 8474083 5684548 503459017 5684548 511933100
5 0 8294234 5684548 503704680 5684548 511998914
6 0 8144737 5684548 503913972 5684548 512058709
7 0 7977500 5684548 504131801 5684548 512109301
8 0 7833428 5684548 504335483 5684548 512168911
1 0 16637098 5684555 346967769 5684555 363604867
2 0 15692745 5684555 348018565 5684555 363711310
3 0 15454490 5684555 348374169 5684555 363828659
4 0 15253272 5684555 348672404 5684555 363925676
5 0 15079812 5684555 348970788 5684555 364050600
6 0 14900334 5684555 349261745 5684555 364162079
7 0 14709523 5684555 349548573 5684555 364258096
8 0 14532878 5684555 349836716 5684555 364369594
1 0 17069571 5684562 132404693 5684562 149474264
2 0 15824002 5684562 133753631 5684562 149577633
3 0 15474323 5684562 134214382 5684562 149688705
4 0 15177681 5684562 134604652 5684562 149782333
5 0 14904612 5684562 134998256 5684562 149902868
6 0 14672431 5684562 135378397 5684562 150050828
7 0 14396917 5684562 135755816 5684562 150152733
8 0 14129107 5684562 136133291 5684562 150262398
1 0 13100590 5684568 936647357 5684568 949747947
2 0 12106182 5684568 937723319 5684568 949829501
3 0 11839021 5684568 938075701 5684568 949914722
4 0 11609432 5684568 938377270 5684568 949986702
5 0 11448565 5684568 938672338 5684568 950120903
6 0 11248198 5684568 938958333 5684568 950206531
7 0 11033869 5684568 939244457 5684568 950278326
8 0 10828835 5684568 939532026 5684568 950360861
1 0 16603654 5684575 756901667 5684575 773505321
2 0 15670764 5684575 757941611 5684575 773612375
3 0 15433898 5684575 758292308 5684575 773726206
4 0 15235402 5684575 758586876 5684575 773822278
5 0 15062201 5684575 758882630 5684575 773944831
6 0 14883038 5684575 759171699 5684575 774054737
7 0 14694449 5684575 759455101 5684575 774149550
8 0 14516082 5684575 759740892 5684575 774256974
1 0 12982185 5684582 556714096 5684582 569696281
2 0 12008239 5684582 557768447 5684582 569776686
3 0 11747671 5684582 558115329 5684582 569863000
4 0 11518342 5684582 558416564 5684582 569934906
5 0 11350900 5684582 558714837 5684582 570065737
6 0 11152718 5684582 559001535 5684582 570154253
7 0 10939722 5684582 559286882 5684582 570226604
8 0 10739281 5684582 559572599 5684582 570311880
1 0 13098219 5684589 376640557 5684589 389738776
2 0 12088238 5684589 377730111 5684589 389818349
3 0 11829113 5684589 378074567 5684589 389903680
4 0 11598951 5684589 378377969 5684589 389976920
5 0 11494916 5684589 378681204 5684589 390176120
6 0 11290105 5684589 378972106 5684589 390262211
7 0 11074645 5684589 379259879 5684589 390334524
8 0 10865242 5684589 379553577 5684589 390418819
1 0 15634616 5684596 166926901 5684596 182561517
2 0 14681820 5684596 167984103 5684596 182665923
3 0 14444305 5684596 168335227 5684596 182779532
4 0 14237272 5684596 168636332 5684596 182873604
5 0 14058275 5684596 168936475 5684596 182994750
6 0 13881519 5684596 169225451 5684596 183106970
7 0 13689801 5684596 169511223 5684596 183201024
8 0 13521990 5684596 169794199 5684596 183316189
1 0 13032461 5684602 976668437 5684602 989700898
2 0 12037942 5684602 977747769 5684602 989785711
3 0 11774003 5684602 978099373 5684602 989873376
4 0 11549396 5684602 978398979 5684602 989948375
5 0 11436028 5684602 978700381 5684602 990136409
6 0 11235754 5684602 978991005 5684602 990226759
7 0 11020999 5684602 979278444 5684602 990299443
8 0 10816039 5684602 979569550 5684602 990385589
1 0 13040201 5684609 766522416 5684609 779562617
2 0 12058424 5684609 767587433 5684609 779645857
3 0 11800244 5684609 767935352 5684609 779735596
4 0 11571507 5684609 768236235 5684609 779807742
5 0 11363936 5684609 768536897 5684609 779900833
6 0 11161663 5684609 768827132 5684609 779988795
7 0 10994796 5684609 769111904 5684609 780106700
8 0 10794707 5684609 769398584 5684609 780193291
1 0 15732244 5684616 586923213 5684616 602655457
2 0 14796891 5684616 587964046 5684616 602760937
3 0 14562581 5684616 588311224 5684616 602873805
4 0 14361380 5684616 588608960 5684616 602970340
5 0 14186569 5684616 588909139 5684616 603095708
6 0 14011110 5684616 589194671 5684616 603205781
7 0 13822354 5684616 589478462 5684616 603300816
8 0 13648080 5684616 589764271 5684616 603412351
1 0 13037887 5684623 406788149 5684623 419826036
2 0 12068017 5684623 407837777 5684623 419905794
3 0 11797225 5684623 408194900 5684623 419992125
4 0 11607340 5684623 408502061 5684623 420109401
5 0 11401399 5684623 408806111 5684623 420207510
6 0 11199588 5684623 409094884 5684623 420294472
7 0 10989055 5684623 409380786 5684623 420369841
8 0 10795095 5684623 409667373 5684623 420462468
1 0 13063053 5684630 187127578 5684630 200190631
2 0 12091867 5684630 188182744 5684630 200274611
3 0 11834428 5684630 188528515 5684630 200362943
4 0 11605932 5684630 188831065 5684630 200436997
5 0 11393288 5684630 189136022 5684630 200529310
6 0 11190292 5684630 189424035 5684630 200614327
7 0 10978018 5684630 189709641 5684630 200687659
8 0 10778799 5684630 189996599 5684630 200775398
1 0 13842724 5684636 996942013 5684637 10784737
2 0 12879186 5684636 997988086 5684637 10867272
3 0 12623524 5684636 998332654 5684637 10956178
4 0 12392676 5684636 998637389 5684637 11030065
5 0 12185384 5684636 998938957 5684637 11124341
6 0 11978610 5684636 999229026 5684637 11207636
7 0 11763559 5684636 999516780 5684637 11280339
8 0 11556452 5684636 999807015 5684637 11363467
1 0 13088886 5684643 806590079 5684643 819678965
2 0 12069905 5684643 807692503 5684643 819762408
3 0 11815095 5684643 808034737 5684643 819849832
4 0 11588044 5684643 808336509 5684643 819924553
5 0 11476083 5684643 808635115 5684643 820111198
6 0 11276661 5684643 808924276 5684643 820200937
7 0 11062979 5684643 809212938 5684643 820275917
8 0 10862446 5684643 809497969 5684643 820360415
1 0 13098793 5684650 637487878 5684650 650586671
2 0 12150903 5684650 638519359 5684650 650670262
3 0 11892279 5684650 638865982 5684650 650758261
4 0 11665838 5684650 639165217 5684650 650831055
5 0 11458324 5684650 639467748 5684650 650926072
6 0 11251364 5684650 639760336 5684650 651011700
7 0 10959981 5684650 640123644 5684650 651083625
8 0 10726171 5684650 640444045 5684650 651170216
1 0 9070646 5684657 442289495 5684657 451360141
2 0 8338179 5684657 443079998 5684657 451418177
3 0 8163996 5684657 443313883 5684657 451477879
4 0 8014259 5684657 443513101 5684657 451527360
5 0 7829947 5684657 443761078 5684657 451591025
6 0 7678042 5684657 443971223 5684657 451649265
7 0 7610247 5684657 444183089 5684657 451793336
8 0 7461898 5684657 444391659 5684657 451853557
