1 0 43983885 5685072 777612680 5685072 821596565
2 0 43046217 5685072 778628716 5685072 821674933
3 0 42768685 5685072 778990858 5685072 821759543
4 0 42544208 5685072 779297241 5685072 821841449
5 0 42317675 5685072 779608457 5685072 821926132
6 0 42098327 5685072 779899693 5685072 821998020
7 0 41804462 5685072 780277112 5685072 822081574
8 0 41598262 5685072 780571662 5685072 822169924
9 0 41385970 5685072 780855453 5685072 822241423
10 0 41179289 5685072 781158595 5685072 822337884
11 0 40957274 5685072 781452590 5685072 822409864
12 0 40745649 5685072 781748325 5685072 822493974
13 0 40536467 5685072 782032320 5685072 822568787
14 0 40343749 5685072 782319407 5685072 822663156
15 0 40135216 5685072 782613216 5685072 822748432
16 0 39930257 5685072 782896507 5685072 822826764
17 0 39726409 5685072 783183872 5685072 822910281
18 0 39493468 5685072 783487978 5685072 822981446
19 0 39276231 5685072 783791102 5685072 823067333
20 0 39056310 5685072 784083170 5685072 823139480
21 0 38840314 5685072 784385776 5685072 823226090
22 0 38560023 5685072 784756491 5685072 823316514
23 0 38349915 5685072 785037579 5685072 823387494
24 0 38126642 5685072 785345036 5685072 823471678
25 0 37922646 5685072 785640104 5685072 823562750
26 0 37713687 5685072 785931710 5685072 823645397
27 0 37496006 5685072 786222686 5685072 823718692
28 0 37309417 5685072 786501588 5685072 823811005
29 0 37109901 5685072 786785324 5685072 823895225
30 0 36894757 5685072 787073967 5685072 823968724
31 0 36689724 5685072 787367739 5685072 824057463
32 0 36492691 5685072 787648363 5685072 824141054
33 0 36295268 5685072 787930988 5685072 824226256
34 0 36072625 5685072 788240167 5685072 824312792
35 0 35872184 5685072 788523643 5685072 824395827
36 0 35670947 5685072 788809786 5685072 824480733
37 0 35435507 5685072 789117280 5685072 824552787
38 0 35235752 5685072 789408682 5685072 824644434
39 0 35026904 5685072 789691325 5685072 824718229
40 0 34818333 5685072 789990931 5685072 824809264
41 0 34465469 5685072 790417164 5685072 824882633
42 0 34266270 5685072 790702584 5685072 824968854
43 0 34046755 5685072 791007504 5685072 825054259
44 0 33828555 5685072 791297888 5685072 825126443
45 0 33639633 5685072 791576512 5685072 825216145
46 0 33412341 5685072 791875618 5685072 825287959
47 0 33211159 5685072 792160798 5685072 825371957
48 0 32994108 5685072 792448626 5685072 825442734
49 0 32783649 5685072 792755953 5685072 825539602
50 0 32582023 5685072 793051522 5685072 825633545
51 0 32377731 5685072 793338757 5685072 825716488
52 0 32163197 5685072 793643548 5685072 825806745
53 0 31951406 5685072 793926820 5685072 825878226
54 0 31752168 5685072 794211982 5685072 825964150
55 0 31498080 5685072 794555235 5685072 826053315
56 0 31279122 5685072 794848266 5685072 826127388
57 0 31078792 5685072 795142279 5685072 826221071
58 0 30840907 5685072 795453403 5685072 826294310
59 0 30644725 5685072 795737324 5685072 826382049
60 0 30438285 5685072 796016967 5685072 826455252
61 0 30228640 5685072 796310795 5685072 826539435
62 0 30029885 5685072 796593975 5685072 826623860
63 0 29793075 5685072 796911302 5685072 826704377
64 0 29586078 5685072 797212019 5685072 826798097
1 0 57985772 5685079 600310517 5685079 658296289
2 0 56792943 5685079 601609437 5685079 658402380
3 0 56444783 5685079 602071484 5685079 658516267
4 0 56158732 5685079 602464273 5685079 658623005
5 0 55847941 5685079 602887710 5685079 658735651
6 0 55559910 5685079 603271462 5685079 658831372
7 0 55287322 5685079 603655196 5685079 658942518
8 0 55006254 5685079 604047077 5685079 659053331
9 0 54742388 5685079 604421422 5685079 659163810
10 0 54463727 5685079 604819322 5685079 659283049
11 0 54184529 5685079 605192759 5685079 659377288
12 0 53898701 5685079 605591159 5685079 659489860
13 0 53613021 5685079 605970189 5685079 659583210
14 0 53353174 5685079 606349534 5685079 659702708
15 0 53075623 5685079 606736434 5685079 659812057
16 0 52801628 5685079 607111187 5685079 659912815
17 0 52611743 5685079 607490365 5685079 660102108
18 0 52315712 5685079 607890357 5685079 660206069
19 0 52024624 5685079 608290424 5685079 660315048
20 0 51730907 5685079 608678306 5685079 660409213
21 0 51454913 5685079 609066798 5685079 660521711
22 0 51085679 5685079 609554863 5685079 660640542
23 0 50802480 5685079 609930375 5685079 660732855
24 0 50348544 5685079 610491587 5685079 660840131
25 0 50057901 5685079 610884654 5685079 660942555
26 0 49786443 5685079 611265795 5685079 661052238
27 0 49488116 5685079 611657213 5685079 661145329
28 0 49233399 5685079 612029428 5685079 661262827
29 0 48967699 5685079 612403792 5685079 661371491
30 0 48673334 5685079 612791748 5685079 661465082
31 0 48393876 5685079 613181500 5685079 661575376
32 0 48127104 5685079 613553474 5685079 661680578
33 0 47867498 5685079 613930078 5685079 661797576
34 0 47579466 5685079 614336774 5685079 661916240
35 0 47308712 5685079 614723841 5685079 662032553
36 0 47040402 5685079 615100668 5685079 662141070
37 0 46734945 5685079 615500493 5685079 662235438
38 0 46459431 5685079 615891801 5685079 662351232
39 0 46185455 5685079 616260831 5685079 662446286
40 0 45906460 5685079 616659676 5685079 662566136
41 0 45624946 5685079 617036132 5685079 662661078
42 0 45365099 5685079 617407625 5685079 662772724
43 0 45072217 5685079 617809913 5685079 662882130
44 0 44782573 5685079 618196240 5685079 662978813
45 0 44529782 5685079 618569659 5685079 663099441
46 0 44228213 5685079 618966022 5685079 663194235
47 0 43959126 5685079 619344774 5685079 663303900
48 0 43674353 5685079 619723545 5685079 663397898
49 0 43289491 5685079 620218146 5685079 663507637
50 0 43025513 5685079 620602658 5685079 663628171
51 0 42750056 5685079 620986891 5685079 663736947
52 0 42462099 5685079 621383328 5685079 663845427
53 0 42176159 5685079 621764507 5685079 663940666
54 0 41901109 5685079 622153962 5685079 664055071
55 0 41568540 5685079 622598658 5685079 664167198
56 0 41286398 5685079 622974910 5685079 664261308
57 0 41000718 5685079 623378680 5685079 664379398
58 0 40698335 5685079 623776506 5685079 664474841
59 0 40455858 5685079 624144240 5685079 664600098
60 0 40174530 5685079 624518677 5685079 664693207
61 0 39891683 5685079 624911355 5685079 664803038
62 0 39612429 5685079 625300385 5685079 664912814
63 0 39299268 5685079 625720544 5685079 665019812
64 0 39018236 5685079 626115296 5685079 665133532
1 0 58143159 5685086 420872930 5685086 479016089
2 0 56968550 5685086 422151740 5685086 479120290
3 0 56618335 5685086 422615787 5685086 479234122
4 0 56333673 5685086 423007613 5685086 479341286
5 0 56024420 5685086 423429957 5685086 479454377
6 0 55733629 5685086 423817505 5685086 479551134
7 0 55459135 5685086 424202442 5685086 479661577
8 0 55193139 5685086 424580028 5685086 479773167
9 0 54923699 5685086 424958836 5685086 479882535
10 0 55635890 5685086 425358162 5685086 480994052
11 0 55383098 5685086 425731766 5685086 481114864
12 0 55093252 5685086 426134684 5685086 481227936
13 0 54807109 5685086 426516640 5685086 481323749
14 0 54552558 5685086 426897837 5685086 481450395
15 0 54270823 5685086 427291070 5685086 481561893
16 0 53998421 5685086 427668859 5685086 481667280
17 0 53729667 5685086 428051389 5685086 481781056
18 0 53422449 5685086 428455271 5685086 481877720
19 0 53130770 5685086 428859356 5685086 481990126
20 0 52838850 5685086 429245089 5685086 482083939
21 0 52563262 5685086 429634434 5685086 482197696
22 0 52091382 5685086 430224553 5685086 482315935
23 0 51799498 5685086 430610305 5685086 482409803
24 0 51512134 5685086 431006260 5685086 482518394
25 0 51226490 5685086 431395105 5685086 482621595
26 0 50953643 5685086 431777376 5685086 482731019
27 0 50658797 5685086 432168850 5685086 482827647
28 0 50404173 5685086 432543046 5685086 482947219
29 0 50137566 5685086 432921225 5685086 483058791
30 0 49845517 5685086 433308643 5685086 483154160
31 0 49559966 5685086 433704766 5685086 483264732
32 0 49292397 5685086 434079388 5685086 483371785
33 0 49029327 5685086 434453215 5685086 483482542
34 0 48744074 5685086 434859096 5685086 483603170
35 0 48476505 5685086 435235644 5685086 483712149
36 0 48219047 5685086 435612526 5685086 483831573
37 0 47912682 5685086 436013074 5685086 483925756
38 0 47638372 5685086 436405567 5685086 484043939
39 0 47356377 5685086 436782227 5685086 484138604
40 0 47081105 5685086 437177886 5685086 484258991
41 0 46797110 5685086 437557379 5685086 484354489
42 0 46534078 5685086 437931039 5685086 484465117
43 0 46240083 5685086 438336235 5685086 484576318
44 0 45947015 5685086 438724320 5685086 484671335
45 0 45692446 5685086 439100591 5685086 484793037
46 0 45389970 5685086 439497898 5685086 484887868
47 0 45115642 5685086 439881039 5685086 484996681
48 0 44736056 5685086 440354290 5685086 485090346
49 0 44438895 5685086 440760338 5685086 485199233
50 0 44180862 5685086 441140535 5685086 485321397
51 0 43902831 5685086 441528601 5685086 485431432
52 0 43614521 5685086 441930631 5685086 485545152
53 0 43326416 5685086 442312679 5685086 485639095
54 0 43049032 5685086 442700802 5685086 485749834
55 0 42706668 5685086 443153701 5685086 485860369
56 0 42421951 5685086 443533286 5685086 485955237
57 0 42124882 5685086 443950908 5685086 486075790
58 0 41835814 5685086 444351845 5685086 486187659
59 0 41575800 5685086 444723209 5685086 486299009
60 0 41296212 5685086 445099276 5685086 486395488
61 0 41017051 5685086 445488528 5685086 486505579
62 0 40736853 5685086 445880668 5685086 486617521
63 0 40426377 5685086 446296735 5685086 486723112
64 0 40148753 5685086 446691894 5685086 486840647
1 0 47764685 5685093 237252551 5685093 285017236
2 0 46845072 5685093 238251829 5685093 285096901
3 0 46575966 5685093 238606526 5685093 285182492
4 0 46360100 5685093 238904150 5685093 285264250
5 0 46123956 5685093 239224218 5685093 285348174
6 0 45904646 5685093 239517712 5685093 285422358
7 0 45700834 5685093 239809781 5685093 285510615
8 0 45391247 5685093 240202626 5685093 285593873
9 0 45163363 5685093 240504972 5685093 285668335
10 0 44954940 5685093 240810411 5685093 285765351
11 0 44742130 5685093 241096331 5685093 285838461
12 0 44519634 5685093 241398270 5685093 285917904
13 0 44305138 5685093 241684487 5685093 285989625
14 0 44108494 5685093 241972796 5685093 286081290
15 0 43898701 5685093 242266902 5685093 286165603
16 0 43698538 5685093 242545675 5685093 286244213
17 0 43492579 5685093 242834595 5685093 286327174
18 0 43272769 5685093 243139089 5685093 286411858
19 0 43048625 5685093 243446602 5685093 286495227
20 0 42824999 5685093 243743615 5685093 286568614
21 0 42611411 5685093 244041276 5685093 286652687
22 0 42325619 5685093 244419436 5685093 286745055
23 0 42112401 5685093 244703505 5685093 286815906
24 0 41897553 5685093 245001999 5685093 286899552
25 0 41684890 5685093 245293068 5685093 286977958
26 0 41480709 5685093 245583377 5685093 287064086
27 0 41259584 5685093 245878483 5685093 287138067
28 0 41068236 5685093 246160033 5685093 287228269
29 0 40862628 5685093 246447046 5685093 287309674
30 0 40639077 5685093 246743596 5685093 287382673
31 0 40436618 5685093 247036609 5685093 287473227
32 0 40237177 5685093 247318567 5685093 287555744
33 0 40033255 5685093 247605173 5685093 287638428
34 0 39804889 5685093 247912815 5685093 287717704
35 0 39611299 5685093 248195551 5685093 287806850
36 0 39412618 5685093 248478564 5685093 287891182
37 0 39181400 5685093 248781614 5685093 287963014
38 0 38977496 5685093 249074757 5685093 288052253
39 0 38768130 5685093 249356270 5685093 288124400
40 0 38556745 5685093 249657468 5685093 288214213
41 0 38337915 5685093 249947963 5685093 288285878
42 0 38100346 5685093 250282271 5685093 288382617
43 0 37872887 5685093 250593988 5685093 288466875
44 0 37656614 5685093 250884593 5685093 288541207
45 0 37466840 5685093 251162810 5685093 288629650
46 0 37234548 5685093 251467249 5685093 288701797
47 0 37030533 5685093 251754466 5685093 288784999
48 0 36818444 5685093 252038387 5685093 288856831
49 0 36599152 5685093 252341733 5685093 288940885
50 0 36406507 5685093 252628209 5685093 289034716
51 0 36201382 5685093 252918833 5685093 289120215
52 0 35994089 5685093 253215828 5685093 289209917
53 0 35783222 5685093 253499619 5685093 289282841
54 0 35576967 5685093 253789558 5685093 289366525
55 0 35325286 5685093 254129126 5685093 289454412
56 0 35112161 5685093 254414028 5685093 289526189
57 0 34895387 5685093 254721337 5685093 289616724
58 0 34667576 5685093 255022276 5685093 289689852
59 0 34468543 5685093 255305400 5685093 289773943
60 0 34259603 5685093 255587339 5685093 289846942
61 0 34051792 5685093 255880556 5685093 289932348
62 0 33890072 5685093 256164699 5685093 290054771
63 0 33664762 5685093 256478360 5685093 290143122
64 0 33457914 5685093 256775410 5685093 290233324
1 0 44455061 5685100 37396010 5685100 81851071
2 0 43526653 5685100 38407158 5685100 81933811
3 0 43254510 5685100 38765262 5685100 82019772
4 0 43035772 5685100 39063924 5685100 82099696
5 0 42807240 5685100 39379769 5685100 82187009
6 0 42589447 5685100 39671209 5685100 82260656
7 0 42384025 5685100 39962296 5685100 82346321
8 0 42099161 5685100 40331011 5685100 82430172
9 0 41878479 5685100 40622932 5685100 82501411
10 0 41671188 5685100 40926018 5685100 82597206
11 0 41461636 5685100 41208476 5685100 82670112
12 0 41240621 5685100 41512322 5685100 82752943
13 0 41026311 5685100 41797724 5685100 82824035
14 0 40834832 5685100 42083756 5685100 82918588
15 0 40624503 5685100 42377825 5685100 83002328
16 0 40421766 5685100 42659190 5685100 83080956
17 0 40224399 5685100 42944833 5685100 83169232
18 0 39994385 5685100 43247494 5685100 83241879
19 0 39775907 5685100 43550007 5685100 83325914
20 0 39555597 5685100 43842186 5685100 83397783
21 0 39346193 5685100 44135903 5685100 83482096
22 0 39066643 5685100 44506193 5685100 83572836
23 0 38853351 5685100 44790780 5685100 83644131
24 0 38632762 5685100 45095145 5685100 83727907
25 0 38418636 5685100 45387269 5685100 83805905
26 0 38208140 5685100 45696041 5685100 83904181
27 0 37986423 5685100 45989146 5685100 83975569
28 0 37796685 5685100 46267530 5685100 84064215
29 0 37602115 5685100 46550525 5685100 84152640
30 0 37380545 5685100 46844575 5685100 84225120
31 0 37179808 5685100 47136699 5685100 84316507
32 0 36979626 5685100 47418898 5685100 84398524
33 0 36778093 5685100 47705300 5685100 84483393
34 0 36552653 5685100 48012090 5685100 84564743
35 0 36359638 5685100 48295844 5685100 84655482
36 0 36155864 5685100 48585450 5685100 84741314
37 0 35917795 5685100 48895240 5685100 84813035
38 0 35710743 5685100 49190846 5685100 84901589
39 0 35505839 5685100 49468730 5685100 84974569
40 0 35301954 5685100 49765946 5685100 85067900
41 0 35008293 5685100 50133143 5685100 85141436
42 0 34803389 5685100 50424305 5685100 85227694
43 0 34579116 5685100 50733132 5685100 85312248
44 0 34360360 5685100 51025127 5685100 85385487
45 0 34168679 5685100 51307473 5685100 85476152
46 0 33941664 5685100 51608616 5685100 85550280
47 0 33744020 5685100 51893462 5685100 85637482
48 0 33532153 5685100 52179550 5685100 85711703
49 0 33311713 5685100 52485118 5685100 85796831
50 0 33127032 5685100 52776353 5685100 85903385
51 0 32922813 5685100 53065126 5685100 85987939
52 0 32714835 5685100 53363565 5685100 86078400
53 0 32492395 5685100 53660374 5685100 86152769
54 0 32292121 5685100 53945406 5685100 86237527
55 0 32038773 5685100 54282474 5685100 86321247
56 0 31820000 5685100 54572172 5685100 86392172
57 0 31618485 5685100 54865000 5685100 86483485
58 0 30895443 5685100 55661707 5685100 86557150
59 0 30694317 5685100 55948998 5685100 86643315
60 0 30479154 5685100 56237419 5685100 86716573
61 0 30263178 5685100 56536894 5685100 86800072
62 0 30063773 5685100 56821723 5685100 86885496
63 0 29828611 5685100 57137235 5685100 86965846
64 0 29621560 5685100 57434933 5685100 87056493
1 0 58188657 5685106 832048756 5685106 890237413
2 0 56960717 5685106 833382528 5685106 890343245
3 0 56616465 5685106 833840704 5685106 890457169
4 0 56316840 5685106 834248956 5685106 890565796
5 0 56009605 5685106 834667726 5685106 890677331
6 0 55722981 5685106 835060015 5685106 890782996
7 0 55452857 5685106 835446489 5685106 890899346
8 0 55181583 5685106 835828223 5685106 891009806
9 0 54897015 5685106 836205808 5685106 891102823
10 0 54617557 5685106 836602523 5685106 891220080
11 0 54351155 5685106 836978609 5685106 891329764
12 0 54062994 5685106 837375416 5685106 891438410
13 0 53779017 5685106 837753539 5685106 891532556
14 0 53521077 5685106 838134421 5685106 891655498
15 0 53243805 5685106 838523599 5685106 891767404
16 0 52970828 5685106 838898388 5685106 891869216
17 0 52700075 5685106 839283973 5685106 891984048
18 0 52395062 5685106 839682873 5685106 892077935
19 0 52049660 5685106 840139050 5685106 892188710
20 0 51746870 5685106 840537024 5685106 892283894
21 0 51464098 5685106 840931720 5685106 892395818
22 0 51109530 5685106 841408156 5685106 892517686
23 0 50829536 5685106 841785130 5685106 892614666
24 0 50544541 5685106 842180308 5685106 892724849
25 0 50255453 5685106 842571857 5685106 892827310
26 0 49979180 5685106 842957572 5685106 892936752
27 0 49688445 5685106 843342472 5685106 893030917
28 0 49437098 5685106 843716928 5685106 893154026
29 0 49168807 5685106 844096513 5685106 893265320
30 0 48870590 5685106 844488710 5685106 893359300
31 0 48589262 5685106 844879869 5685106 893469131
32 0 48318508 5685106 845258473 5685106 893576981
33 0 48050809 5685106 845635874 5685106 893686683
34 0 47749760 5685106 846040310 5685106 893790070
35 0 47481246 5685106 846419359 5685106 893900605
36 0 47231547 5685106 846800648 5685106 894032195
37 0 46908200 5685106 847220863 5685106 894129063
38 0 46627298 5685106 847617522 5685106 894244820
39 0 46350544 5685106 847991367 5685106 894341911
40 0 46074679 5685106 848387767 5685106 894462446
41 0 45799554 5685106 848764723 5685106 894564277
42 0 45531337 5685106 849143586 5685106 894674923
43 0 45238046 5685106 849548764 5685106 894786810
44 0 44947663 5685106 849934479 5685106 894882142
45 0 44579948 5685106 850419266 5685106 894999214
46 0 44262935 5685106 850830814 5685106 895093749
47 0 43999144 5685106 851206270 5685106 895205414
48 0 43716594 5685106 851584059 5685106 895300653
49 0 43428840 5685106 851990440 5685106 895419280
50 0 43170492 5685106 852369193 5685106 895539685
51 0 42897701 5685106 852752445 5685106 895650146
52 0 42609910 5685106 853151752 5685106 895761662
53 0 42324415 5685106 853531986 5685106 895856401
54 0 42054810 5685106 853911071 5685106 895965881
55 0 41757278 5685106 854319508 5685106 896076786
56 0 41433006 5685106 854737297 5685106 896170303
57 0 41160104 5685106 855128382 5685106 896288486
58 0 40859425 5685106 855523467 5685106 896382892
59 0 40590485 5685106 855903108 5685106 896493593
60 0 40319564 5685106 856283416 5685106 896602980
61 0 40038718 5685106 856675242 5685106 896713960
62 0 39774555 5685106 857049754 5685106 896824309
63 0 39456599 5685106 857472412 5685106 896929011
64 0 39159419 5685106 857885497 5685106 897044916
1 0 44065569 5685113 627126086 5685113 671191655
2 0 43104771 5685113 628171493 5685113 671276264
3 0 42830239 5685113 628535190 5685113 671365429
4 0 42612373 5685113 628834499 5685113 671446872
5 0 42382192 5685113 629151623 5685113 671533815
6 0 42166455 5685113 629446025 5685113 671612480
7 0 41962385 5685113 629733334 5685113 671695719
8 0 41691391 5685113 630088642 5685113 671780033
9 0 41448135 5685113 630406211 5685113 671854346
10 0 41244658 5685113 630718908 5685113 671963566
11 0 41028810 5685113 631006866 5685113 672035676
12 0 40805740 5685113 631310842 5685113 672116582
13 0 40595355 5685113 631594874 5685113 672190229
14 0 40403359 5685113 631881868 5685113 672285227
15 0 40195677 5685113 632174326 5685113 672370003
16 0 39994867 5685113 632454209 5685113 672449076
17 0 39788760 5685113 632743148 5685113 672531908
18 0 39559300 5685113 633045180 5685113 672604480
19 0 39340101 5685113 633346674 5685113 672686775
20 0 39118772 5685113 633638706 5685113 672757478
21 0 38909497 5685113 633931812 5685113 672841309
22 0 38622206 5685113 634308842 5685113 672931048
23 0 38408989 5685113 634593373 5685113 673002362
24 0 38193881 5685113 634892220 5685113 673086101
25 0 37979682 5685113 635182529 5685113 673162211
26 0 37774334 5685113 635471116 5685113 673245450
27 0 37550857 5685113 635766388 5685113 673317245
28 0 37360878 5685113 636046680 5685113 673407558
29 0 37160271 5685113 636329211 5685113 673489482
30 0 36944015 5685113 636618762 5685113 673562777
31 0 36743594 5685113 636912682 5685113 673656276
32 0 36540801 5685113 637198140 5685113 673738941
33 0 36340935 5685113 637481782 5685113 673822717
34 0 36111494 5685113 637788703 5685113 673900197
35 0 35930646 5685113 638069901 5685113 674000547
36 0 35713539 5685113 638369414 5685113 674082953
37 0 35481173 5685113 638672112 5685113 674153285
38 0 35276269 5685113 638964477 5685113 674240746
39 0 35068106 5685113 639246620 5685113 674314726
40 0 34863592 5685113 639541855 5685113 674405447
41 0 34647299 5685113 639829054 5685113 674476353
42 0 34407434 5685113 640155214 5685113 674562648
43 0 34182604 5685113 640465486 5685113 674648090
44 0 33963015 5685113 640758444 5685113 674721459
45 0 33772093 5685113 641039624 5685113 674811717
46 0 33546134 5685113 641337748 5685113 674883882
47 0 33347250 5685113 641622816 5685113 674970066
48 0 33132512 5685113 641909182 5685113 675041694
49 0 32914461 5685113 642213787 5685113 675128248
50 0 32722428 5685113 642500300 5685113 675222728
51 0 32520858 5685113 642788961 5685113 675309819
52 0 32311787 5685113 643087586 5685113 675399373
53 0 32101495 5685113 643371839 5685113 675473334
54 0 31897443 5685113 643657538 5685113 675554981
55 0 31665336 5685113 643974736 5685113 675640072
56 0 31431267 5685113 644280174 5685113 675711441
57 0 31227474 5685113 644574965 5685113 675802439
58 0 30985997 5685113 644887941 5685113 675873938
59 0 30793667 5685113 645176732 5685113 675970399
60 0 30582968 5685113 645458930 5685113 676041898
61 0 30373565 5685113 645752091 5685113 676125656
62 0 30177031 5685113 646033697 5685113 676210728
63 0 29928313 5685113 646363173 5685113 676291486
64 0 29718669 5685113 646661000 5685113 676379669
1 0 43785647 5685120 446870957 5685120 490656604
2 0 42851425 5685120 447897215 5685120 490748640
3 0 42583281 5685120 448248116 5685120 490831397
4 0 42369859 5685120 448541611 5685120 490911470
5 0 42140715 5685120 448856179 5685120 490996894
6 0 41922108 5685120 449147285 5685120 491069393
7 0 41714760 5685120 449437520 5685120 491152280
8 0 41513875 5685120 449721607 5685120 491235482
9 0 41238325 5685120 450068193 5685120 491306518
10 0 41004570 5685120 450396558 5685120 491401128
11 0 40791518 5685120 450680293 5685120 491471811
12 0 40574874 5685120 450980880 5685120 491555754
13 0 40365082 5685120 451261856 5685120 491626938
14 0 40172901 5685120 451545147 5685120 491718048
15 0 39965830 5685120 451836531 5685120 491802361
16 0 39761704 5685120 452117470 5685120 491879174
17 0 39559004 5685120 452402206 5685120 491961210
18 0 39332879 5685120 452701959 5685120 492034838
19 0 39111179 5685120 453005454 5685120 492116633
20 0 38890146 5685120 453297596 5685120 492187742
21 0 38672280 5685120 453598387 5685120 492270667
22 0 38392933 5685120 453968325 5685120 492361258
23 0 38179197 5685120 454253356 5685120 492432553
24 0 37961497 5685120 454554073 5685120 492515570
25 0 37748371 5685120 454843808 5685120 492592179
26 0 37542116 5685120 455134321 5685120 492676437
27 0 37322490 5685120 455438816 5685120 492761306
28 0 37131105 5685120 455720681 5685120 492851786
29 0 36927239 5685120 456006101 5685120 492933340
30 0 36709187 5685120 456295763 5685120 493004950
31 0 36506209 5685120 456587165 5685120 493093374
32 0 36305046 5685120 456867863 5685120 493172909
33 0 36103976 5685120 457152006 5685120 493255982
34 0 35880517 5685120 457458834 5685120 493339351
35 0 35681151 5685120 457740791 5685120 493421942
36 0 35480691 5685120 458023823 5685120 493504514
37 0 35249159 5685120 458325706 5685120 493574865
38 0 35042384 5685120 458618701 5685120 493661085
39 0 34832889 5685120 458900214 5685120 493733103
40 0 34623244 5685120 459199042 5685120 493822286
41 0 34410248 5685120 459483129 5685120 493893377
42 0 34215807 5685120 459762661 5685120 493978468
43 0 33898461 5685120 460162191 5685120 494060652
44 0 33669262 5685120 460463815 5685120 494133077
45 0 33479561 5685120 460744384 5685120 494223945
46 0 33251048 5685120 461046100 5685120 494297148
47 0 33046422 5685120 461333669 5685120 494380091
48 0 32833074 5685120 461619997 5685120 494453071
49 0 32612448 5685120 461922917 5685120 494535365
50 0 32421674 5685120 462206616 5685120 494628290
51 0 32206141 5685120 462506462 5685120 494712603
52 0 32015348 5685120 462797401 5685120 494812749
53 0 31804352 5685120 463081766 5685120 494886118
54 0 31603819 5685120 463365946 5685120 494969765
55 0 31350768 5685120 463702495 5685120 495053263
56 0 31121550 5685120 464003267 5685120 495124817
57 0 30917406 5685120 464297891 5685120 495215297
58 0 30684373 5685120 464603182 5685120 495287555
59 0 30481043 5685120 464889603 5685120 495370646
60 0 30268474 5685120 465173523 5685120 495441997
61 0 30059607 5685120 465464129 5685120 495523736
62 0 29864870 5685120 465742179 5685120 495607049
63 0 29627245 5685120 466058099 5685120 495685344
64 0 29421175 5685120 466355575 5685120 495776750
1 0 47289250 5685127 247160966 5685127 294450216
2 0 46360470 5685127 248168911 5685127 294529381
3 0 46094901 5685127 248519071 5685127 294613972
4 0 45878849 5685127 248814899 5685127 294693748
5 0 45647669 5685127 249128689 5685127 294776358
6 0 45431061 5685127 249417258 5685127 294848319
7 0 45225935 5685127 249706438 5685127 294932373
8 0 45028236 5685127 249990895 5685127 295019131
9 0 44697538 5685127 250390980 5685127 295088518
10 0 44481283 5685127 250695419 5685127 295176702
11 0 44266009 5685127 250980747 5685127 295246756
12 0 44048032 5685127 251281019 5685127 295329051
13 0 43839610 5685127 251561162 5685127 295400772
14 0 43642114 5685127 251851101 5685127 295493215
15 0 43450302 5685127 252145207 5685127 295595509
16 0 43247936 5685127 252424905 5685127 295672841
17 0 43045847 5685127 252709511 5685127 295755358
18 0 42803351 5685127 253022598 5685127 295825949
19 0 42594466 5685127 253328000 5685127 295922466
20 0 42369822 5685127 253622883 5685127 295992705
21 0 42159586 5685127 253915359 5685127 296074945
22 0 41874776 5685127 254290500 5685127 296165276
23 0 41662799 5685127 254573291 5685127 296236090
24 0 41448728 5685127 254870897 5685127 296319625
25 0 41244195 5685127 255167317 5685127 296411512
26 0 41034217 5685127 255460960 5685127 296495177
27 0 40814037 5685127 255752380 5685127 296566417
28 0 40624762 5685127 256030931 5685127 296655693
29 0 40427247 5685127 256314611 5685127 296741858
30 0 40209325 5685127 256603328 5685127 296812653
31 0 40001792 5685127 256895952 5685127 296897744
32 0 39804000 5685127 257174298 5685127 296978298
33 0 39603578 5685127 257457219 5685127 297060797
34 0 39373230 5685127 257765343 5685127 297138573
35 0 39178326 5685127 258047412 5685127 297225738
36 0 38974886 5685127 258334258 5685127 297309144
37 0 38738686 5685127 258640623 5685127 297379309
38 0 38531876 5685127 258934506 5685127 297466382
39 0 38343712 5685127 259213723 5685127 297557435
40 0 38142938 5685127 259508329 5685127 297651267
41 0 37930720 5685127 259792805 5685127 297723525
42 0 37695298 5685127 260112392 5685127 297807690
43 0 37481710 5685127 260421849 5685127 297903559
44 0 37262880 5685127 260712103 5685127 297974983
45 0 37057699 5685127 261007097 5685127 298064796
46 0 36832481 5685127 261304073 5685127 298136554
47 0 36629689 5685127 261588938 5685127 298218627
48 0 36414100 5685127 261875396 5685127 298289496
49 0 36187141 5685127 262185446 5685127 298372587
50 0 35997515 5685127 262471422 5685127 298468937
51 0 35794056 5685127 262760120 5685127 298554176
52 0 35593300 5685127 263061485 5685127 298654785
53 0 35378656 5685127 263349498 5685127 298728154
54 0 35178827 5685127 263634215 5685127 298813042
55 0 34951367 5685127 263946506 5685127 298897873
56 0 34705724 5685127 264264481 5685127 298970205
57 0 34504802 5685127 264557661 5685127 299062463
58 0 34272955 5685127 264860896 5685127 299133851
59 0 34064402 5685127 265152280 5685127 299216682
60 0 33849018 5685127 265439089 5685127 299288107
61 0 33653262 5685127 265732176 5685127 299385438
62 0 33457969 5685127 266011023 5685127 299468992
63 0 33224419 5685127 266323665 5685127 299548084
64 0 33014496 5685127 266620067 5685127 299634563
1 0 44171122 5685134 57219664 5685134 101390786
2 0 43237158 5685134 58232682 5685134 101469840
3 0 42966644 5685134 58588787 5685134 101555431
4 0 42751778 5685134 58884892 5685134 101636670
5 0 42517912 5685134 59201405 5685134 101719317
6 0 42305916 5685134 59490918 5685134 101796834
7 0 42098235 5685134 59782283 5685134 101880518
8 0 41781445 5685134 60181553 5685134 101962998
9 0 41555485 5685134 60480826 5685134 102036311
10 0 41346045 5685134 60780876 5685134 102126921
11 0 41133382 5685134 61065537 5685134 102198919
12 0 40913868 5685134 61367624 5685134 102281492
13 0 40705482 5685134 61647434 5685134 102352916
14 0 40521134 5685134 61935484 5685134 102456618
15 0 40312027 5685134 62227460 5685134 102539487
16 0 40109143 5685134 62507843 5685134 102616986
17 0 39900461 5685134 62798264 5685134 102698725
18 0 39669280 5685134 63099610 5685134 102768890
19 0 39448747 5685134 63401253 5685134 102850000
20 0 39227288 5685134 63693025 5685134 102920313
21 0 39021218 5685134 63983668 5685134 103004886
22 0 38734539 5685134 64359327 5685134 103093866
23 0 38523783 5685134 64640415 5685134 103164198
24 0 38314638 5685134 64935891 5685134 103250529
25 0 38106791 5685134 65222089 5685134 103328880
26 0 37901220 5685134 65510028 5685134 103411248
27 0 37679947 5685134 65801893 5685134 103481840
28 0 37494228 5685134 66079462 5685134 103573690
29 0 37292472 5685134 66364179 5685134 103656651
30 0 37074643 5685134 66653100 5685134 103727743
31 0 36866091 5685134 66943613 5685134 103809704
32 0 36664632 5685134 67226237 5685134 103890869
33 0 36466840 5685134 67507454 5685134 103974294
34 0 36237603 5685134 67814485 5685134 104052088
35 0 36037941 5685134 68096850 5685134 104134791
36 0 35843425 5685134 68379345 5685134 104222770
37 0 35610355 5685134 68683340 5685134 104293695
38 0 35395638 5685134 68983630 5685134 104379268
39 0 35198159 5685134 69266662 5685134 104464821
40 0 34994774 5685134 69560083 5685134 104554857
41 0 34780352 5685134 69844744 5685134 104625096
42 0 34508802 5685134 70200867 5685134 104709669
43 0 34278936 5685134 70513972 5685134 104792908
44 0 34062144 5685134 70802152 5685134 104864296
45 0 33875944 5685134 71079054 5685134 104954998
46 0 33654280 5685134 71373864 5685134 105028144
47 0 33450988 5685134 71659710 5685134 105110698
48 0 33239789 5685134 71941297 5685134 105181086
49 0 33016829 5685134 72247681 5685134 105264510
50 0 32825685 5685134 72531638 5685134 105357323
51 0 32624670 5685134 72818207 5685134 105442877
52 0 32413748 5685134 73113387 5685134 105527135
53 0 32203530 5685134 73396363 5685134 105599893
54 0 32002237 5685134 73680265 5685134 105682502
55 0 31780020 5685134 73985148 5685134 105765168
56 0 31536376 5685134 74301772 5685134 105838148
57 0 31329435 5685134 74597637 5685134 105927072
58 0 31102328 5685134 74895020 5685134 105997348
59 0 30898777 5685134 75183033 5685134 106081810
60 0 30679947 5685134 75474121 5685134 106154068
61 0 30470896 5685134 75768411 5685134 106239307
62 0 30273288 5685134 76050388 5685134 106323676
63 0 30051847 5685134 76363660 5685134 106415507
64 0 29841926 5685134 76660635 5685134 106502561
1 0 44420024 5685140 867113624 5685140 911533648
2 0 43449377 5685140 868165863 5685140 911615240
3 0 43179048 5685140 868520616 5685140 911699664
4 0 42964848 5685140 868814425 5685140 911779273
5 0 42730501 5685140 869133493 5685140 911863994
6 0 42517931 5685140 869424858 5685140 911942789
7 0 42310583 5685140 869715501 5685140 912026084
8 0 41999866 5685140 870108883 5685140 912108749
9 0 41744019 5685140 870436525 5685140 912180544
10 0 41527727 5685140 870743223 5685140 912270950
11 0 41314342 5685140 871028810 5685140 912343152
12 0 41092012 5685140 871332101 5685140 912424113
13 0 40875794 5685140 871622151 5685140 912497945
14 0 40679187 5685140 871911534 5685140 912590721
15 0 40469116 5685140 872205196 5685140 912674312
16 0 40264046 5685140 872487283 5685140 912751329
17 0 40063309 5685140 872772704 5685140 912836013
18 0 39832907 5685140 873073642 5685140 912906549
19 0 39612188 5685140 873376137 5685140 912988325
20 0 39390156 5685140 873668853 5685140 913059009
21 0 39175770 5685140 873965478 5685140 913141248
22 0 38892276 5685140 874339248 5685140 913231524
23 0 38679261 5685140 874623484 5685140 913302745
24 0 38477894 5685140 874918960 5685140 913396854
25 0 38260862 5685140 875212454 5685140 913473316
26 0 38050088 5685140 875504930 5685140 913555018
27 0 37832388 5685140 875795258 5685140 913627646
28 0 37644040 5685140 876074475 5685140 913718515
29 0 37444284 5685140 876358507 5685140 913802791
30 0 37222140 5685140 876651687 5685140 913873827
31 0 37010200 5685140 876946107 5685140 913956307
32 0 36806667 5685140 877230176 5685140 914036843
33 0 36602337 5685140 877517837 5685140 914120174
34 0 36372452 5685140 877826128 5685140 914198580
35 0 36170641 5685140 878110567 5685140 914281208
36 0 35969867 5685140 878399414 5685140 914369281
37 0 35739130 5685140 878701538 5685140 914440668
38 0 35527450 5685140 879001180 5685140 914528630
39 0 35318917 5685140 879280693 5685140 914599610
40 0 35113939 5685140 879576688 5685140 914690627
41 0 34902517 5685140 879862331 5685140 914764848
42 0 34642152 5685140 880208250 5685140 914850402
43 0 34390267 5685140 880543300 5685140 914933567
44 0 34165660 5685140 880838813 5685140 915004473
45 0 33972497 5685140 881121493 5685140 915093990
46 0 33744612 5685140 881420617 5685140 915165229
47 0 33529987 5685140 881719111 5685140 915249098
48 0 33325972 5685140 882006902 5685140 915332874
49 0 33104513 5685140 882310674 5685140 915415187
50 0 32911499 5685140 882596872 5685140 915508371
51 0 32706669 5685140 882884867 5685140 915591536
52 0 32493821 5685140 883181491 5685140 915675312
53 0 32281547 5685140 883465356 5685140 915746903
54 0 32074588 5685140 883754110 5685140 915828698
55 0 31851240 5685140 884062049 5685140 915913289
56 0 31630614 5685140 884353803 5685140 915984417
57 0 31403100 5685140 884670575 5685140 916073675
58 0 31177790 5685140 884967217 5685140 916145007
59 0 30969998 5685140 885259804 5685140 916229802
60 0 30745687 5685140 885555021 5685140 916300708
61 0 30529746 5685140 885854201 5685140 916383947
62 0 30334158 5685140 886133473 5685140 916467631
63 0 30096717 5685140 886449227 5685140 916545944
64 0 29891166 5685140 886745110 5685140 916636276
1 0 43695556 5685147 667044676 5685147 710740232
2 0 42765518 5685147 668054231 5685147 710819749
3 0 42497024 5685147 668407835 5685147 710904859
4 0 42277361 5685147 668706422 5685147 710983783
5 0 42044162 5685147 669024120 5685147 711068282
6 0 41825055 5685147 669313985 5685147 711139040
7 0 41625448 5685147 669603183 5685147 711228631
8 0 41424729 5685147 669885882 5685147 711310611
9 0 41121512 5685147 670259986 5685147 711381498
10 0 40901850 5685147 670569906 5685147 711471756
11 0 40689983 5685147 670853345 5685147 711543328
12 0 40469061 5685147 671156192 5685147 711625253
13 0 40257954 5685147 671439075 5685147 711697029
14 0 40060921 5685147 671726996 5685147 711787917
15 0 39847814 5685147 672026212 5685147 711874026
16 0 39644225 5685147 672307337 5685147 711951562
17 0 39441062 5685147 672595183 5685147 712036245
18 0 39213066 5685147 672894215 5685147 712107281
19 0 38993996 5685147 673197635 5685147 712191631
20 0 38771593 5685147 673489500 5685147 712261093
21 0 38579041 5685147 673778643 5685147 712357684
22 0 38297102 5685147 674148580 5685147 712445682
23 0 38083402 5685147 674433094 5685147 712516496
24 0 37863129 5685147 674734069 5685147 712597198
25 0 37646373 5685147 675026990 5685147 712673363
26 0 37437785 5685147 675318484 5685147 712756269
27 0 37216825 5685147 675609720 5685147 712826545
28 0 37028477 5685147 675891344 5685147 712919821
29 0 36823962 5685147 676177839 5685147 713001801
30 0 36602004 5685147 676468963 5685147 713070967
31 0 36396341 5685147 676759939 5685147 713156280
32 0 36195715 5685147 677042119 5685147 713237834
33 0 35993774 5685147 677327558 5685147 713321332
34 0 35763964 5685147 677635589 5685147 713399553
35 0 35571356 5685147 677916899 5685147 713488255
36 0 35368249 5685147 678201875 5685147 713570124
37 0 35137253 5685147 678505666 5685147 713642919
38 0 34931702 5685147 678800123 5685147 713731825
39 0 34721650 5685147 679081877 5685147 713803527
40 0 34514932 5685147 679377890 5685147 713892822
41 0 34296028 5685147 679667441 5685147 713963469
42 0 34097791 5685147 679949232 5685147 714047023
43 0 33830722 5685147 680302503 5685147 714133225
44 0 33609560 5685147 680593423 5685147 714202983
45 0 33430285 5685147 680874844 5685147 714305129
46 0 33203585 5685147 681172913 5685147 714376498
47 0 33000515 5685147 681459537 5685147 714460052
48 0 32785630 5685147 681746013 5685147 714531643
49 0 32572190 5685147 682048433 5685147 714620623
50 0 32381638 5685147 682332039 5685147 714713677
51 0 32179920 5685147 682617015 5685147 714796935
52 0 31967998 5685147 682912676 5685147 714880674
53 0 31754650 5685147 683196319 5685147 714950969
54 0 31554968 5685147 683481462 5685147 715036430
55 0 31326750 5685147 683792790 5685147 715119540
56 0 31088199 5685147 684102562 5685147 715190761
57 0 30885425 5685147 684395741 5685147 715281166
58 0 30655207 5685147 684698736 5685147 715353943
59 0 30452822 5685147 684986564 5685147 715439386
60 0 30243215 5685147 685268503 5685147 715511718
61 0 30033366 5685147 685560257 5685147 715593623
62 0 29836629 5685147 685840252 5685147 715676881
63 0 29603486 5685147 686153023 5685147 715756509
64 0 29396694 5685147 686447851 5685147 715844545
1 0 50242139 5685154 511667691 5685154 561909830
2 0 49032532 5685154 512959111 5685154 561991643
3 0 48653723 5685154 513422807 5685154 562076530
4 0 48343322 5685154 513813725 5685154 562157047
5 0 48007421 5685154 514233810 5685154 562241231
6 0 47696537 5685154 514617581 5685154 562314118
7 0 47395413 5685154 515001759 5685154 562397172
8 0 47097160 5685154 515382140 5685154 562479300
9 0 46792258 5685154 515759856 5685154 562552114
10 0 46486912 5685154 516158237 5685154 562645149
11 0 46180826 5685154 516537489 5685154 562718315
12 0 45872331 5685154 516938797 5685154 562811128
13 0 45572966 5685154 517311864 5685154 562884830
14 0 45285453 5685154 517691820 5685154 562977273
15 0 44980903 5685154 518079757 5685154 563060660
16 0 44683038 5685154 518455491 5685154 563138529
17 0 44384970 5685154 518836298 5685154 563221268
18 0 44057902 5685154 519234383 5685154 563292285
19 0 43732019 5685154 519642006 5685154 563374025
20 0 43265398 5685154 520180162 5685154 563445560
21 0 42929108 5685154 520600858 5685154 563529966
22 0 42541263 5685154 521078201 5685154 563619464
23 0 42233491 5685154 521457324 5685154 563690815
24 0 41916330 5685154 521856261 5685154 563772591
25 0 41605151 5685154 522245050 5685154 563850201
26 0 41283065 5685154 522651338 5685154 563934403
27 0 41050198 5685154 522955870 5685154 564006068
28 0 40851832 5685154 523243420 5685154 564095252
29 0 40644354 5685154 523532674 5685154 564177028
30 0 40423488 5685154 523827668 5685154 564251156
31 0 40217288 5685154 524123070 5685154 564340358
32 0 40013551 5685154 524409417 5685154 564422968
33 0 39813129 5685154 524691800 5685154 564504929
34 0 39585355 5685154 524997110 5685154 564582465
35 0 39389656 5685154 525279993 5685154 564669649
36 0 39200585 5685154 525565025 5685154 564765610
37 0 38969293 5685154 525867723 5685154 564837016
38 0 38751075 5685154 526175569 5685154 564926644
39 0 38538097 5685154 526459638 5685154 564997735
40 0 38330305 5685154 526759095 5685154 565089400
41 0 38116938 5685154 527043942 5685154 565160880
42 0 37921535 5685154 527321992 5685154 565243527
43 0 37700779 5685154 527624746 5685154 565325525
44 0 37484284 5685154 527913481 5685154 565397765
45 0 37292527 5685154 528196680 5685154 565489207
46 0 37068902 5685154 528492137 5685154 565561039
47 0 36866147 5685154 528776872 5685154 565643019
48 0 36647559 5685154 529066052 5685154 565713611
49 0 36430470 5685154 529366250 5685154 565796720
50 0 36240677 5685154 529651449 5685154 565892126
51 0 36035810 5685154 529941203 5685154 565977013
52 0 35728964 5685154 530335973 5685154 566064937
53 0 35509135 5685154 530626820 5685154 566135955
54 0 35310750 5685154 530908685 5685154 566219435
55 0 35054958 5685154 531251808 5685154 566306766
56 0 34841759 5685154 531537358 5685154 566379117
57 0 34626355 5685154 531842130 5685154 566468485
58 0 34397489 5685154 532142828 5685154 566540317
59 0 34199289 5685154 532424138 5685154 566623427
60 0 33989552 5685154 532704596 5685154 566694148
61 0 33794278 5685154 532996757 5685154 566791035
62 0 33598967 5685154 533277752 5685154 566876719
63 0 33364212 5685154 533592672 5685154 566956884
64 0 33155660 5685154 533888833 5685154 567044493
1 0 47461283 5685161 307221509 5685161 354682792
2 0 46543078 5685161 308221416 5685161 354764494
3 0 46278176 5685161 308571409 5685161 354849585
4 0 46062606 5685161 308866848 5685161 354929454
5 0 45825702 5685161 309187657 5685161 355013359
6 0 45605095 5685161 309479633 5685161 355084728
7 0 45397970 5685161 309770035 5685161 355168005
8 0 45110531 5685161 310152213 5685161 355262744
9 0 44871591 5685161 310462485 5685161 355334076
10 0 44659984 5685161 310768294 5685161 355428278
11 0 44447525 5685161 311051437 5685161 355498962
12 0 44230658 5685161 311355950 5685161 355586608
13 0 44021310 5685161 311639019 5685161 355660329
14 0 43826166 5685161 311925902 5685161 355752068
15 0 43614336 5685161 312220453 5685161 355834789
16 0 43408617 5685161 312504244 5685161 355912861
17 0 43202195 5685161 312793257 5685161 355995452
18 0 42971497 5685161 313094510 5685161 356066007
19 0 42751630 5685161 313397153 5685161 356148783
20 0 42527189 5685161 313691870 5685161 356219059
21 0 42312545 5685161 313989420 5685161 356301965
22 0 42029625 5685161 314360950 5685161 356390575
23 0 41816407 5685161 314645000 5685161 356461407
24 0 41601967 5685161 314943031 5685161 356544998
25 0 41387007 5685161 315234471 5685161 356621478
26 0 41178159 5685161 315525817 5685161 356703976
27 0 40952608 5685161 315822089 5685161 356774697
28 0 40760870 5685161 316102751 5685161 356863621
29 0 40552541 5685161 316395134 5685161 356947675
30 0 40329600 5685161 316690629 5685161 357020229
31 0 40123809 5685161 316983808 5685161 357107617
32 0 39921719 5685161 317268007 5685161 357189726
33 0 39731853 5685161 317554020 5685161 357285873
34 0 39500672 5685161 317863903 5685161 357364575
35 0 39306694 5685161 318146157 5685161 357452851
36 0 39106994 5685161 318431948 5685161 357538942
37 0 38874925 5685161 318734831 5685161 357609756
38 0 38666021 5685161 319029381 5685161 357695402
39 0 38453191 5685161 319314228 5685161 357767419
40 0 38245251 5685161 319612926 5685161 357858177
41 0 38030385 5685161 319899013 5685161 357929398
42 0 37786760 5685161 320229044 5685161 358015804
43 0 37563782 5685161 320534372 5685161 358098154
44 0 37344915 5685161 320826089 5685161 358171004
45 0 37155067 5685161 321105213 5685161 358260280
46 0 36925349 5685161 321406615 5685161 358331964
47 0 36721538 5685161 321693295 5685161 358414833
48 0 36520024 5685161 321978493 5685161 358498517
49 0 36289324 5685161 322281006 5685161 358570330
50 0 36095365 5685161 322567408 5685161 358662773
51 0 35888739 5685161 322856866 5685161 358745605
52 0 35677539 5685161 323156397 5685161 358833936
53 0 35465673 5685161 323439114 5685161 358904787
54 0 35264899 5685161 323722535 5685161 358987434
55 0 35003774 5685161 324068547 5685161 359072321
56 0 34793019 5685161 324351560 5685161 359144579
57 0 34596375 5685161 324651443 5685161 359247818
58 0 34363731 5685161 324956678 5685161 359320409
59 0 34165289 5685161 325239692 5685161 359404981
60 0 33954923 5685161 325524464 5685161 359479387
61 0 33728983 5685161 325833736 5685161 359562719
62 0 33528968 5685161 326118546 5685161 359647514
63 0 33295528 5685161 326432799 5685161 359728327
64 0 33083217 5685161 326733701 5685161 359816918
1 0 43993310 5685168 107550941 5685168 151544251
2 0 43073994 5685168 108550885 5685168 151624879
3 0 42810796 5685168 108904415 5685168 151715211
4 0 42597355 5685168 109199706 5685168 151797061
5 0 42365193 5685168 109514830 5685168 151880023
6 0 42154881 5685168 109802399 5685168 151957280
7 0 41855646 5685168 110183651 5685168 152039297
8 0 41638151 5685168 110485645 5685168 152123796
9 0 41425340 5685168 110771510 5685168 152196850
10 0 41220899 5685168 111069505 5685168 152290404
11 0 41015144 5685168 111350036 5685168 152365180
12 0 40796221 5685168 111651272 5685168 152447493
13 0 40581429 5685168 111937137 5685168 152518566
14 0 40387119 5685168 112223483 5685168 152610602
15 0 40189140 5685168 112518200 5685168 152707340
16 0 39986422 5685168 112799824 5685168 152786246
17 0 39782222 5685168 113086819 5685168 152869041
18 0 39551763 5685168 113388943 5685168 152940706
19 0 39333138 5685168 113691011 5685168 153024149
20 0 39111753 5685168 113983395 5685168 153095148
21 0 38898275 5685168 114280612 5685168 153178887
22 0 38614485 5685168 114654586 5685168 153269071
23 0 38401637 5685168 114938321 5685168 153339958
24 0 38190271 5685168 115238760 5685168 153429031
25 0 37977570 5685168 115528570 5685168 153506140
26 0 37767926 5685168 115822546 5685168 153590472
27 0 37542727 5685168 116118985 5685168 153661712
28 0 37351916 5685168 116399331 5685168 153751247
29 0 37151216 5685168 116682326 5685168 153833542
30 0 36931109 5685168 116973561 5685168 153904670
31 0 36723076 5685168 117264278 5685168 153987354
32 0 36524727 5685168 117546236 5685168 154070963
33 0 36317787 5685168 117834527 5685168 154152314
34 0 36085014 5685168 118145243 5685168 154230257
35 0 35886332 5685168 118426719 5685168 154313051
36 0 35690669 5685168 118710436 5685168 154401105
37 0 35461192 5685168 119011153 5685168 154472345
38 0 35254659 5685168 119304999 5685168 154559658
39 0 35053088 5685168 119591642 5685168 154644730
40 0 34840888 5685168 119895229 5685168 154736117
41 0 34437451 5685168 120369943 5685168 154807394
42 0 34232307 5685168 120658289 5685168 154890596
43 0 34011719 5685168 120962376 5685168 154974095
44 0 33796982 5685168 121252759 5685168 155049741
45 0 33607227 5685168 121533976 5685168 155141203
46 0 33378767 5685168 121834082 5685168 155212849
47 0 33181364 5685168 122114447 5685168 155295811
48 0 32967349 5685168 122400183 5685168 155367532
49 0 32744668 5685168 122705029 5685168 155449697
50 0 32552949 5685168 122991153 5685168 155544102
51 0 32345528 5685168 123281740 5685168 155627268
52 0 32129902 5685168 123580142 5685168 155710044
53 0 31917331 5685168 123864137 5685168 155781468
54 0 31712650 5685168 124152354 5685168 155865004
55 0 31454507 5685168 124498273 5685168 155952780
56 0 31241103 5685168 124782509 5685168 156023612
57 0 31026737 5685168 125086355 5685168 156113092
58 0 30799593 5685168 125386053 5685168 156185646
59 0 30606301 5685168 125666140 5685168 156272441
60 0 30395212 5685168 125948579 5685168 156343791
61 0 30185549 5685168 126241018 5685168 156426567
62 0 29989386 5685168 126521032 5685168 156510418
63 0 29757483 5685168 126832526 5685168 156590009
64 0 29560597 5685168 127130206 5685168 156690803
1 0 43893904 5685174 897241441 5685174 941135345
2 0 42972626 5685174 898241996 5685174 941214622
3 0 42700038 5685174 898600045 5685174 941300083
4 0 42487782 5685174 898892651 5685174 941380433
5 0 42257620 5685174 899207293 5685174 941464913
6 0 42039902 5685174 899496584 5685174 941536486
7 0 41832573 5685174 899788671 5685174 941621244
8 0 41465728 5685174 900240959 5685174 941706687
9 0 41238084 5685174 900540842 5685174 941778926
10 0 41031940 5685174 900844836 5685174 941876776
11 0 40821221 5685174 901128239 5685174 941949460
12 0 40603725 5685174 901427548 5685174 942031273
13 0 40392933 5685174 901709413 5685174 942102346
14 0 40197251 5685174 901996352 5685174 942193603
15 0 40004311 5685174 902287791 5685174 942292102
16 0 39802370 5685174 902568508 5685174 942370878
17 0 39600559 5685174 902854206 5685174 942454765
18 0 39371267 5685174 903155367 5685174 942526634
19 0 39148604 5685174 903461269 5685174 942609873
20 0 38927090 5685174 903754467 5685174 942681557
21 0 38715057 5685174 904050054 5685174 942765111
22 0 38431729 5685174 904421714 5685174 942853443
23 0 38216844 5685174 904705635 5685174 942922479
24 0 37999626 5685174 905004018 5685174 943003644
25 0 37790186 5685174 905290994 5685174 943081180
26 0 37581356 5685174 905582841 5685174 943164197
27 0 37357656 5685174 905878335 5685174 943235991
28 0 37164419 5685174 906160534 5685174 943324953
29 0 36964201 5685174 906443954 5685174 943408155
30 0 36743297 5685174 906735134 5685174 943478431
31 0 36540449 5685174 907025814 5685174 943566263
32 0 36339156 5685174 907308772 5685174 943647928
33 0 36135938 5685174 907594063 5685174 943730001
34 0 35906720 5685174 907903131 5685174 943809851
35 0 35709613 5685174 908187866 5685174 943897479
36 0 35507913 5685174 908472139 5685174 943980052
37 0 35278361 5685174 908773004 5685174 944051365
38 0 35067125 5685174 909070035 5685174 944137160
39 0 34856647 5685174 909351456 5685174 944208103
40 0 34658373 5685174 909650839 5685174 944309212
41 0 34445618 5685174 909934815 5685174 944380433
42 0 34195308 5685174 910268716 5685174 944464024
43 0 33968016 5685174 910579618 5685174 944547634
44 0 33748131 5685174 910870483 5685174 944618614
45 0 33554356 5685174 911153867 5685174 944708223
46 0 33326602 5685174 911453676 5685174 944780278
47 0 33122513 5685174 911740374 5685174 944862887
48 0 32910850 5685174 912023739 5685174 944934589
49 0 32689095 5685174 912327715 5685174 945016810
50 0 32496228 5685174 912612451 5685174 945108679
51 0 32292677 5685174 912899945 5685174 945192622
52 0 32082773 5685174 913196884 5685174 945279657
53 0 31868518 5685174 913482175 5685174 945350693
54 0 31633226 5685174 913799984 5685174 945433210
55 0 31401619 5685174 914115182 5685174 945516801
56 0 31187956 5685174 914399714 5685174 945587670
57 0 30970905 5685174 914706282 5685174 945677187
58 0 30747242 5685174 915001536 5685174 945748778
59 0 30552968 5685174 915278679 5685174 945831647
60 0 30337713 5685174 915566062 5685174 945903775
61 0 30126069 5685174 915860964 5685174 945987033
62 0 29925961 5685174 916144274 5685174 946070235
63 0 29690818 5685174 916457712 5685174 946148530
64 0 29491395 5685174 916756355 5685174 946247750
1 0 47394322 5685181 707517297 5685181 754911619
2 0 46472987 5685181 708517186 5685181 754990173
3 0 46208417 5685181 708868013 5685181 755076430
4 0 45997847 5685181 709164378 5685181 755162225
5 0 45765185 5685181 709480224 5685181 755245409
6 0 45552022 5685181 709772589 5685181 755324611
7 0 45260139 5685181 710160433 5685181 755420572
8 0 45042865 5685181 710462002 5685181 755504867
9 0 44828795 5685181 710748478 5685181 755577273
10 0 44613262 5685181 711053843 5685181 755667105
11 0 44402544 5685181 711336152 5685181 755738696
12 0 44181659 5685181 711638498 5685181 755820157
13 0 43970959 5685181 711920252 5685181 755891211
14 0 43775037 5685181 712208025 5685181 755983062
15 0 43563485 5685181 712503612 5685181 756067097
16 0 43359341 5685181 712784866 5685181 756144207
17 0 43157733 5685181 713071287 5685181 756229020
18 0 42925311 5685181 713374485 5685181 756299796
19 0 42706779 5685181 713676164 5685181 756382943
20 0 42488413 5685181 713965455 5685181 756453868
21 0 42277047 5685181 714260727 5685181 756537774
22 0 41997570 5685181 714631739 5685181 756629309
23 0 41785574 5685181 714915363 5685181 756700937
24 0 41569448 5685181 715214710 5685181 756784158
25 0 41363471 5685181 715501093 5685181 756864564
26 0 41155993 5685181 715793328 5685181 756949321
27 0 40936941 5685181 716086416 5685181 757023357
28 0 40748241 5685181 716364040 5685181 757112281
29 0 40549559 5685181 716645850 5685181 757195409
30 0 40329934 5685181 716936104 5685181 757266038
31 0 40122401 5685181 717226098 5685181 757348499
32 0 39936720 5685181 717507426 5685181 757444146
33 0 39735409 5685181 717793402 5685181 757528811
34 0 39508616 5685181 718101341 5685181 757609957
35 0 39306286 5685181 718385910 5685181 757692196
36 0 39110753 5685181 718672571 5685181 757783324
37 0 38880795 5685181 718974047 5685181 757854842
38 0 38674798 5685181 719270597 5685181 757945395
39 0 38465561 5685181 719552629 5685181 758018190
40 0 38256935 5685181 719850457 5685181 758107392
41 0 37896331 5685181 720281893 5685181 758178224
42 0 37697650 5685181 720566480 5685181 758264130
43 0 37476709 5685181 720873438 5685181 758350147
44 0 37263325 5685181 721160821 5685181 758424146
45 0 37074754 5685181 721441483 5685181 758516237
46 0 36848184 5685181 721745810 5685181 758593994
47 0 36654040 5685181 722026601 5685181 758680641
48 0 36442044 5685181 722310892 5685181 758752936
49 0 36222807 5685181 722615405 5685181 758838212
50 0 36031015 5685181 722901529 5685181 758932544
51 0 35826666 5685181 723191061 5685181 759017727
52 0 35616522 5685181 723486963 5685181 759103485
53 0 35406711 5685181 723771328 5685181 759178039
54 0 35175734 5685181 724086804 5685181 759262538
55 0 34947276 5685181 724401427 5685181 759348703
56 0 34733464 5685181 724688552 5685181 759422016
57 0 34525802 5685181 724999064 5685181 759524866
58 0 34302250 5685181 725294522 5685181 759596772
59 0 34110421 5685181 725570072 5685181 759680493
60 0 33900591 5685181 725851863 5685181 759752454
61 0 33689243 5685181 726145636 5685181 759834879
62 0 33488747 5685181 726429464 5685181 759918211
63 0 33253714 5685181 726744180 5685181 759997894
64 0 33125698 5685181 727043582 5685181 760169280
1 0 29920221 5685188 542291623 5685188 572211844
2 0 29298028 5685188 542969537 5685188 572267565
3 0 29139550 5685188 543187940 5685188 572327490
4 0 28997849 5685188 543386233 5685188 572384082
5 0 28853499 5685188 543589081 5685188 572442580
6 0 28710206 5685188 543783262 5685188 572493468
7 0 28575487 5685188 543976740 5685188 572552227
8 0 28446693 5685188 544165088 5685188 572611781
9 0 28311436 5685188 544353307 5685188 572664743
10 0 28172661 5685188 544554303 5685188 572726964
11 0 28027479 5685188 544748429 5685188 572775908
12 0 27890888 5685188 544944111 5685188 572834999
13 0 27752150 5685188 545132459 5685188 572884609
14 0 27625967 5685188 545323011 5685188 572948978
15 0 27491210 5685188 545517767 5685188 573008977
16 0 27356287 5685188 545705356 5685188 573061643
17 0 27222142 5685188 545895593 5685188 573117735
18 0 27071422 5685188 546095775 5685188 573167197
19 0 26931054 5685188 546295364 5685188 573226418
20 0 26785686 5685188 546489064 5685188 573274750
21 0 26648912 5685188 546684782 5685188 573333694
22 0 26463896 5685188 546931852 5685188 573395748
23 0 26325121 5685188 547119533 5685188 573444654
24 0 26177328 5685188 547323196 5685188 573500524
25 0 26055755 5685188 547508971 5685188 573564726
26 0 25917481 5685188 547703652 5685188 573621133
27 0 25772631 5685188 547897760 5685188 573670391
28 0 25648837 5685188 548082719 5685188 573731556
29 0 25517043 5685188 548272068 5685188 573789111
30 0 25371250 5685188 548470471 5685188 573841721
31 0 25239493 5685188 548661912 5685188 573901405
32 0 25110162 5685188 548848298 5685188 573958460
33 0 24975405 5685188 549039331 5685188 574014736
34 0 24827260 5685188 549243049 5685188 574070309
35 0 24700818 5685188 549430527 5685188 574131345
36 0 24570709 5685188 549619117 5685188 574189826
37 0 24412361 5685188 549827242 5685188 574239603
38 0 24244012 5685188 550055423 5685188 574299435
39 0 24075829 5685188 550273290 5685188 574349119
40 0 23932555 5685188 550479026 5685188 574411581
41 0 23768724 5685188 550692411 5685188 574461135
42 0 23631949 5685188 550887445 5685188 574519394
43 0 23461748 5685188 551115774 5685188 574577522
44 0 23312733 5685188 551313585 5685188 574626318
45 0 23175068 5685188 551512600 5685188 574687668
46 0 23012850 5685188 551723651 5685188 574736501
47 0 22867686 5685188 551926925 5685188 574794611
48 0 22711911 5685188 552132625 5685188 574844536
49 0 22564858 5685188 552348121 5685188 574912979
50 0 22415879 5685188 552562080 5685188 574977959
51 0 22282530 5685188 552755891 5685188 575038421
52 0 22132236 5685188 552963647 5685188 575095883
53 0 21987090 5685188 553158699 5685188 575145789
54 0 21851075 5685188 553352306 5685188 575203381
55 0 21683226 5685188 553577821 5685188 575261047
56 0 22240438 5685188 553808205 5685188 576048643
57 0 22061200 5685188 554022220 5685188 576083420
58 0 21889851 5685188 554224272 5685188 576114123
59 0 21758354 5685188 554420657 5685188 576179011
60 0 21610727 5685188 554618616 5685188 576229343
61 0 21458952 5685188 554829020 5685188 576287972
62 0 21305825 5685188 555030794 5685188 576336619
63 0 21142236 5685188 555251623 5685188 576393859
64 0 20987517 5685188 555455563 5685188 576443080
1 0 44203510 5685195 347385502 5685195 391589012
2 0 43292731 5685195 348378039 5685195 391670770
3 0 43029680 5685195 348729125 5685195 391758805
4 0 42819258 5685195 349021342 5685195 391840600
5 0 42585670 5685195 349338373 5685195 391924043
6 0 42367007 5685195 349631164 5685195 391998171
7 0 42157697 5685195 349924658 5685195 392082355
8 0 41863998 5685195 350302892 5685195 392166890
9 0 41642151 5685195 350597460 5685195 392239611
10 0 41417543 5685195 350917325 5685195 392334868
11 0 41203770 5685195 351205560 5685195 392409330
12 0 40995292 5685195 351511277 5685195 392506569
13 0 40780778 5685195 351798308 5685195 392579086
14 0 40584374 5685195 352087025 5685195 392671399
15 0 40370581 5685195 352386020 5685195 392756601
16 0 40166160 5685195 352669681 5685195 392835841
17 0 39957756 5685195 352959342 5685195 392917098
18 0 39723075 5685195 353264207 5685195 392987282
19 0 39500191 5685195 353569201 5685195 393069392
20 0 39276991 5685195 353863585 5685195 393140576
21 0 39067587 5685195 354158172 5685195 393225759
22 0 38777889 5685195 354536035 5685195 393313924
23 0 38562301 5685195 354822974 5685195 393385275
24 0 38344916 5685195 355124487 5685195 393469403
25 0 38126160 5685195 355420667 5685195 393546827
26 0 37918960 5685195 355711569 5685195 393630529
27 0 37697001 5685195 356005675 5685195 393702676
28 0 37504468 5685195 356288114 5685195 393792582
29 0 37300601 5685195 356574331 5685195 393874932
30 0 37080661 5685195 356868196 5685195 393948857
31 0 36874425 5685195 357161412 5685195 394035837
32 0 36673076 5685195 357444648 5685195 394117724
33 0 36474839 5685195 357727624 5685195 394202463
34 0 36244233 5685195 358035914 5685195 394280147
35 0 36048180 5685195 358321428 5685195 394369608
36 0 35852999 5685195 358611237 5685195 394464236
37 0 35624096 5685195 358913639 5685195 394537735
38 0 35406063 5685195 359222615 5685195 394628678
39 0 35196992 5685195 359504295 5685195 394701287
40 0 34989830 5685195 359801604 5685195 394791434
41 0 34654558 5685195 360209930 5685195 394864488
42 0 34453433 5685195 360497183 5685195 394950616
43 0 34233270 5685195 360802215 5685195 395035485
44 0 34014625 5685195 361094321 5685195 395108946
45 0 33821500 5685195 361377408 5685195 395198908
46 0 33590764 5685195 361678791 5685195 395269555
47 0 33388082 5685195 361964156 5685195 395352238
48 0 33172419 5685195 362251651 5685195 395424070
49 0 32953239 5685195 362553441 5685195 395506680
50 0 32758408 5685195 362840492 5685195 395598900
51 0 32553171 5685195 363129820 5685195 395682991
52 0 32339620 5685195 363430314 5685195 395769934
53 0 32093698 5685195 363748438 5685195 395842136
54 0 31886387 5685195 364039340 5685195 395925727
55 0 31662503 5685195 364350778 5685195 396013281
56 0 31442081 5685195 364644347 5685195 396086428
57 0 31231937 5685195 364944860 5685195 396176797
58 0 31010219 5685195 365238169 5685195 396248388
59 0 30816704 5685195 365514553 5685195 396331257
60 0 30607948 5685195 365796048 5685195 396403996
61 0 30412249 5685195 366090283 5685195 396502532
62 0 30215974 5685195 366371352 5685195 396587326
63 0 29982164 5685195 366683142 5685195 396665306
64 0 29769964 5685195 366981878 5685195 396751842
1 0 56839108 5685202 157729356 5685202 214568464
2 0 55940273 5685202 158731522 5685202 214671795
3 0 55704537 5685202 159081053 5685202 214785590
4 0 55515189 5685202 159376751 5685202 214891940
5 0 55326044 5685202 159695004 5685202 215021048
6 0 55129381 5685202 159987184 5685202 215116565
7 0 54836979 5685202 160390714 5685202 215227693
8 0 54638556 5685202 160697801 5685202 215336357
9 0 54444190 5685202 160984203 5685202 215428393
10 0 54266008 5685202 161287160 5685202 215553168
11 0 54072363 5685202 161574192 5685202 215646555
12 0 53877182 5685202 161878149 5685202 215755331
13 0 53584336 5685202 162269512 5685202 215853848
14 0 53319878 5685202 162654375 5685202 215974253
15 0 53038124 5685202 163047849 5685202 216085973
16 0 52768684 5685202 163419639 5685202 216188323
17 0 52500689 5685202 163800002 5685202 216300691
18 0 52193917 5685202 164200050 5685202 216393967
19 0 51901700 5685202 164602987 5685202 216504687
20 0 51608631 5685202 164990221 5685202 216598852
21 0 51329452 5685202 165381213 5685202 216710665
22 0 50965032 5685202 165863890 5685202 216828922
23 0 50682353 5685202 166239475 5685202 216921828
24 0 50398283 5685202 166632357 5685202 217030640
25 0 50116326 5685202 167016794 5685202 217133120
26 0 49838979 5685202 167404861 5685202 217243840
27 0 49545152 5685202 167793742 5685202 217338894
28 0 49290693 5685202 168166402 5685202 217457095
29 0 49024642 5685202 168544340 5685202 217568982
30 0 48744445 5685202 168932406 5685202 217676851
31 0 48467209 5685202 169324677 5685202 217791886
32 0 48198325 5685202 169699966 5685202 217898291
33 0 47872182 5685202 170135662 5685202 218007844
34 0 47559484 5685202 170552821 5685202 218112305
35 0 47296174 5685202 170932277 5685202 218228451
36 0 47026680 5685202 171312751 5685202 218339431
37 0 46714649 5685202 171717336 5685202 218431985
38 0 46441358 5685202 172106310 5685202 218547668
39 0 46162974 5685202 172480785 5685202 218643759
40 0 45890238 5685202 172874222 5685202 218764460
41 0 45601465 5685202 173256178 5685202 218857643
42 0 45340989 5685202 173627801 5685202 218968790
43 0 45046328 5685202 174032478 5685202 219078806
44 0 44756851 5685202 174416027 5685202 219172878
45 0 44502931 5685202 174790964 5685202 219293895
46 0 44203714 5685202 175184475 5685202 219388189
47 0 43935164 5685202 175564468 5685202 219499632
48 0 43646446 5685202 175945776 5685202 219592222
49 0 43354655 5685202 176347713 5685202 219702368
50 0 43100346 5685202 176723798 5685202 219824144
51 0 42829777 5685202 177103865 5685202 219933642
52 0 42596114 5685202 177500747 5685202 220096861
53 0 42306194 5685202 177887351 5685202 220193545
54 0 42016829 5685202 178302676 5685202 220319505
55 0 41718778 5685202 178711410 5685202 220430188
56 0 41424970 5685202 179105661 5685202 220530631
57 0 41147808 5685202 179503080 5685202 220650888
58 0 40858943 5685202 179887888 5685202 220746831
59 0 40560800 5685202 180296565 5685202 220857365
60 0 40283157 5685202 180668799 5685202 220951956
61 0 40005625 5685202 181058292 5685202 221063917
62 0 39745167 5685202 181429600 5685202 221174767
63 0 39432192 5685202 181846962 5685202 221279154
64 0 39155993 5685202 182240362 5685202 221396355
1 0 57207083 5685208 987519440 5685209 44726523
2 0 56290841 5685208 988540199 5685209 44831040
3 0 56043030 5685208 988900600 5685209 44943630
4 0 55850219 5685208 989198835 5685209 45049054
5 0 55641427 5685208 989518366 5685209 45159793
6 0 55453301 5685208 989809064 5685209 45262365
7 0 55130881 5685208 990243945 5685209 45374826
8 0 54938940 5685208 990547902 5685209 45486842
9 0 54747018 5685208 990835471 5685209 45582489
10 0 54566095 5685208 991137891 5685209 45703986
11 0 54372655 5685208 991426904 5685209 45799559
12 0 54173935 5685208 991731436 5685209 45905371
13 0 53939496 5685208 992061133 5685209 46000629
14 0 53667908 5685208 992453922 5685209 46121830
15 0 53387339 5685208 992848156 5685209 46235495
16 0 53115455 5685208 993226075 5685209 46341530
17 0 52844905 5685208 993607993 5685209 46452898
18 0 52537299 5685208 994011153 5685209 46548452
19 0 52242916 5685208 994415034 5685209 46657950
20 0 51968144 5685208 994799508 5685209 46767652
21 0 51689482 5685208 995190371 5685209 46879853
22 0 51317230 5685208 995683436 5685209 47000666
23 0 51037290 5685208 996059633 5685209 47096923
24 0 50752555 5685208 996457551 5685209 47210106
25 0 50471061 5685208 996841692 5685209 47312753
26 0 50194065 5685208 997228778 5685209 47422843
27 0 49893626 5685208 997623715 5685209 47517341
28 0 49638335 5685208 997997412 5685209 47635747
29 0 49368433 5685208 998378886 5685209 47747319
30 0 49077790 5685208 998765842 5685209 47843632
31 0 48799388 5685208 999156279 5685209 47955667
32 0 48528504 5685208 999534624 5685209 48063128
33 0 48258786 5685208 999914932 5685209 48173718
34 0 47896645 5685209 381849 5685209 48278494
35 0 47636558 5685209 760323 5685209 48396881
36 0 47369581 5685209 1145001 5685209 48514582
37 0 47060143 5685209 1548123 5685209 48608266
38 0 46780722 5685209 1943634 5685209 48724356
39 0 46498098 5685209 2320553 5685209 48818651
40 0 46220750 5685209 2717139 5685209 48937889
41 0 45934793 5685209 3098094 5685209 49032887
42 0 45672631 5685209 3472254 5685209 49144885
43 0 45379655 5685209 3877876 5685209 49257531
44 0 45089975 5685209 4263314 5685209 49353289
45 0 44850517 5685209 4638936 5685209 49489453
46 0 44542782 5685209 5043262 5685209 49586044
47 0 44271880 5685209 5425699 5685209 49697579
48 0 43988551 5685209 5804655 5685209 49793206
49 0 43695631 5685209 6209351 5685209 49904982
50 0 43484450 5685209 6589418 5685209 50073868
51 0 43226047 5685209 6971041 5685209 50197088
52 0 42942496 5685209 7366330 5685209 50308826
53 0 42656336 5685209 7748063 5685209 50404399
54 0 42346045 5685209 8168185 5685209 50514230
55 0 42036532 5685209 8590400 5685209 50626932
56 0 41762296 5685209 8967467 5685209 50729763
57 0 41477672 5685209 9373459 5685209 50851131
58 0 41181085 5685209 9764507 5685209 50945592
59 0 40882498 5685209 10173926 5685209 51056424
60 0 40596244 5685209 10554104 5685209 51150348
61 0 40318046 5685209 10944615 5685209 51262661
62 0 40052347 5685209 11323108 5685209 51375455
63 0 39744056 5685209 11738230 5685209 51482286
64 0 39466431 5685209 12132297 5685209 51598728
1 0 44406895 5685215 787655761 5685215 832062656
2 0 43470913 5685215 788671816 5685215 832142729
3 0 43218621 5685215 789023513 5685215 832242134
4 0 43005163 5685215 789319137 5685215 832324300
5 0 42768796 5685215 789639872 5685215 832408668
6 0 42551134 5685215 789929959 5685215 832481093
7 0 42246343 5685215 790320267 5685215 832566610
8 0 42031939 5685215 790620706 5685215 832652645
9 0 41818036 5685215 790904497 5685215 832722533
10 0 41613688 5685215 791205343 5685215 832819031
11 0 41398044 5685215 791492041 5685215 832890085
12 0 41177400 5685215 791794295 5685215 832971695
13 0 40967811 5685215 792076475 5685215 833044286
14 0 40776185 5685215 792361507 5685215 833137692
15 0 40569726 5685215 792653909 5685215 833223635
16 0 40371415 5685215 792932607 5685215 833304022
17 0 40170345 5685215 793215620 5685215 833385965
18 0 39946238 5685215 793511596 5685215 833457834
19 0 39731835 5685215 793813220 5685215 833545055
20 0 39514005 5685215 794104363 5685215 833618368
21 0 39303750 5685215 794399950 5685215 833703700
22 0 39026088 5685215 794768795 5685215 833794883
23 0 38809500 5685215 795055549 5685215 833865049
24 0 38597059 5685215 795350655 5685215 833947714
25 0 38386303 5685215 795640372 5685215 834026675
26 0 38181419 5685215 795929755 5685215 834111174
27 0 37962589 5685215 796220935 5685215 834183524
28 0 37773333 5685215 796513541 5685215 834286874
29 0 37565319 5685215 796804794 5685215 834370113
30 0 37343916 5685215 797097770 5685215 834441686
31 0 37143383 5685215 797388746 5685215 834532129
32 0 36943775 5685215 797669908 5685215 834613683
33 0 36741927 5685215 797956069 5685215 834697996
34 0 36512913 5685215 798264656 5685215 834777569
35 0 36315620 5685215 798549577 5685215 834865197
36 0 36114624 5685215 798835201 5685215 834949825
37 0 35884777 5685215 799137584 5685215 835022361
38 0 35678002 5685215 799433431 5685215 835111433
39 0 35472265 5685215 799711555 5685215 835183820
40 0 35224529 5685215 800050845 5685215 835275374
41 0 34997182 5685215 800351265 5685215 835348447
42 0 34802538 5685215 800633519 5685215 835436057
43 0 34587022 5685215 800935903 5685215 835522925
44 0 34367638 5685215 801226749 5685215 835594387
45 0 34177845 5685215 801508207 5685215 835686052
46 0 33950461 5685215 801806960 5685215 835757421
47 0 33749946 5685215 802092788 5685215 835842734
48 0 33527302 5685215 802387468 5685215 835914770
49 0 33304565 5685215 802694796 5685215 835999361
50 0 33110680 5685215 802982661 5685215 836093341
51 0 32907183 5685215 803271526 5685215 836178709
52 0 32707613 5685215 803571557 5685215 836279170
53 0 32494913 5685215 803856756 5685215 836351669
54 0 32294492 5685215 804143250 5685215 836437742
55 0 32021534 5685215 804500299 5685215 836521833
56 0 31807130 5685215 804786053 5685215 836593183
57 0 31092161 5685215 805592483 5685215 836684644
58 0 30861814 5685215 805894699 5685215 836756513
59 0 30667170 5685215 806172009 5685215 836839179
60 0 30457100 5685215 806453670 5685215 836910770
61 0 30244733 5685215 806748406 5685215 836993139
62 0 30044255 5685215 807032789 5685215 837077044
63 0 29808278 5685215 807347302 5685215 837155580
64 0 29600393 5685215 807644130 5685215 837244523
1 0 58063104 5685222 592529457 5685222 650592561
2 0 56858682 5685222 593839247 5685222 650697929
3 0 56513484 5685222 594297924 5685222 650811408
4 0 56230712 5685222 594687750 5685222 650918462
5 0 55922403 5685222 595107057 5685222 651029460
6 0 55630853 5685222 595494179 5685222 651125032
7 0 55355987 5685222 595881728 5685222 651237715
8 0 55085604 5685222 596261369 5685222 651346973
9 0 54808146 5685222 596639306 5685222 651447452
10 0 54524596 5685222 597042002 5685222 651566598
11 0 54236731 5685222 597425791 5685222 651662522
12 0 53940792 5685222 597829617 5685222 651770409
13 0 53655872 5685222 598209869 5685222 651865741
14 0 53392988 5685222 598593399 5685222 651986387
15 0 53114140 5685222 598985948 5685222 652100088
16 0 52844534 5685222 599358700 5685222 652203234
17 0 52576725 5685222 599736137 5685222 652312862
18 0 52213454 5685222 600196888 5685222 652410342
19 0 51925885 5685222 600611769 5685222 652537654
20 0 51630464 5685222 601001929 5685222 652632393
21 0 51339304 5685222 601404754 5685222 652744058
22 0 50973810 5685222 601892319 5685222 652866129
23 0 50691575 5685222 602269053 5685222 652960628
24 0 50401636 5685222 602670601 5685222 653072237
25 0 50110641 5685222 603065038 5685222 653175679
26 0 49828109 5685222 603458290 5685222 653286399
27 0 49531671 5685222 603850838 5685222 653382509
28 0 49275767 5685222 604226239 5685222 653502006
29 0 49006680 5685222 604607084 5685222 653613764
30 0 48722574 5685222 604995725 5685222 653718299
31 0 48447542 5685222 605383625 5685222 653831167
32 0 48184195 5685222 605755544 5685222 653939739
33 0 47917070 5685222 606133148 5685222 654050218
34 0 47618613 5685222 606545233 5685222 654163846
35 0 47347952 5685222 606925596 5685222 654273548
36 0 47073938 5685222 607307478 5685222 654381416
37 0 46764666 5685222 607711211 5685222 654475877
38 0 46487931 5685222 608102889 5685222 654590820
39 0 46212084 5685222 608474863 5685222 654686947
40 0 45928960 5685222 608875893 5685222 654804853
41 0 45642224 5685222 609257071 5685222 654899295
42 0 45382951 5685222 609630064 5685222 655013015
43 0 45066994 5685222 610072982 5685222 655139976
44 0 44766722 5685222 610466326 5685222 655233048
45 0 44514875 5685222 610838023 5685222 655352898
46 0 44213232 5685222 611234294 5685222 655447526
47 0 43945312 5685222 611612712 5685222 655558024
48 0 43656816 5685222 611996650 5685222 655653466
49 0 43362341 5685222 612400901 5685222 655763242
50 0 43105642 5685222 612779413 5685222 655885055
51 0 42826758 5685222 613174387 5685222 656001145
52 0 42547800 5685222 613561695 5685222 656109495
53 0 42266028 5685222 613941965 5685222 656207993
54 0 41952034 5685222 614365957 5685222 656317991
55 0 41642169 5685222 614786709 5685222 656428878
56 0 41350026 5685222 615173146 5685222 656523172
57 0 41059514 5685222 615581064 5685222 656640578
58 0 40759333 5685222 615974650 5685222 656733983
59 0 40503894 5685222 616340643 5685222 656844537
60 0 40222881 5685222 616715395 5685222 656938276
61 0 39944775 5685222 617105777 5685222 657050552
62 0 39677668 5685222 617484585 5685222 657162253
63 0 39367693 5685222 617900836 5685222 657268529
64 0 39092291 5685222 618299884 5685222 657392175
1 0 44086272 5685229 426829492 5685229 470915764
2 0 43169789 5685229 427824696 5685229 470994485
3 0 42899961 5685229 428178504 5685229 471078465
4 0 42683798 5685229 428474295 5685229 471158093
5 0 42447932 5685229 428793733 5685229 471241665
6 0 42229121 5685229 429084321 5685229 471313442
7 0 42018884 5685229 429375556 5685229 471394440
8 0 41815758 5685229 429661347 5685229 471477105
9 0 41603818 5685229 429945230 5685229 471549048
10 0 41219362 5685229 430424444 5685229 471643806
11 0 40996681 5685229 430719420 5685229 471716101
12 0 40771741 5685229 431025247 5685229 471796988
13 0 40555819 5685229 431311501 5685229 471867320
14 0 40359193 5685229 431599329 5685229 471958522
15 0 40150382 5685229 431891287 5685229 472041669
16 0 39946182 5685229 432171726 5685229 472117908
17 0 39732167 5685229 432466406 5685229 472198573
18 0 39500487 5685229 432769270 5685229 472269757
19 0 39279787 5685229 433071709 5685229 472351496
20 0 39058291 5685229 433364574 5685229 472422865
21 0 38842943 5685229 433663458 5685229 472506401
22 0 38556911 5685229 434039710 5685229 472596621
23 0 38341230 5685229 434324427 5685229 472665657
24 0 38124550 5685229 434622643 5685229 472747193
25 0 37910942 5685229 434913194 5685229 472824136
26 0 37711816 5685229 435206392 5685229 472918208
27 0 37487820 5685229 435501127 5685229 472988947
28 0 37296361 5685229 435780714 5685229 473077075
29 0 37094995 5685229 436064172 5685229 473159167
30 0 36875073 5685229 436355407 5685229 473230480
31 0 36669892 5685229 436649457 5685229 473319349
32 0 36470283 5685229 436930323 5685229 473400606
33 0 36269269 5685229 437214003 5685229 473483272
34 0 36042051 5685229 437519145 5685229 473561196
35 0 35847684 5685229 437801640 5685229 473649324
36 0 35645299 5685229 438086190 5685229 473731489
37 0 35413193 5685229 438388462 5685229 473801655
38 0 35206159 5685229 438683253 5685229 473889412
39 0 34994608 5685229 438965988 5685229 473960596
40 0 34788130 5685229 439261224 5685229 474049354
41 0 34573356 5685229 439546941 5685229 474120297
42 0 34379230 5685229 439823880 5685229 474203110
43 0 34075180 5685229 440210410 5685229 474285590
44 0 33850222 5685229 440506719 5685229 474356941
45 0 33658651 5685229 440787158 5685229 474445809
46 0 33433618 5685229 441083449 5685229 474517067
47 0 33231251 5685229 441369129 5685229 474600380
48 0 33014718 5685229 441656772 5685229 474671490
49 0 32789389 5685229 441963118 5685229 474752507
50 0 32591485 5685229 442253224 5685229 474844709
51 0 32400100 5685229 442542237 5685229 474942337
52 0 32188456 5685229 442841083 5685229 475029539
53 0 31974423 5685229 443124837 5685229 475099260
54 0 31770446 5685229 443410850 5685229 475181296
55 0 31500006 5685229 443765047 5685229 475265053
56 0 31285344 5685229 444049838 5685229 475335182
57 0 31076162 5685229 444347796 5685229 475423958
58 0 30840573 5685229 444653994 5685229 475494567
59 0 30647689 5685229 444935266 5685229 475582955
60 0 30437193 5685229 445216909 5685229 475654102
61 0 30227511 5685229 445509089 5685229 475736600
62 0 30025719 5685229 445792991 5685229 475818710
63 0 29792204 5685229 446105893 5685229 475898097
64 0 29580709 5685229 446403683 5685229 475984392
1 0 57773683 5685236 201719949 5685236 259493632
2 0 56626335 5685236 202972240 5685236 259598575
3 0 56278471 5685236 203431083 5685236 259709554
4 0 55998013 5685236 203817391 5685236 259815404
5 0 55688092 5685236 204235791 5685236 259923883
6 0 55444875 5685236 204618728 5685236 260063603
7 0 55174732 5685236 205003480 5685236 260178212
8 0 54908663 5685236 205378195 5685236 260286858
9 0 54635297 5685236 205751855 5685236 260387152
10 0 54357970 5685236 206148551 5685236 260506521
11 0 54079030 5685236 206521785 5685236 260600815
12 0 53785888 5685236 206920481 5685236 260706369
13 0 53505244 5685236 207293882 5685236 260799126
14 0 53246934 5685236 207670838 5685236 260917772
15 0 52970532 5685236 208055627 5685236 261026159
16 0 52701834 5685236 208425657 5685236 261127491
17 0 52428746 5685236 208805631 5685236 261234377
18 0 52125381 5685236 209201050 5685236 261326431
19 0 51833794 5685236 209599857 5685236 261433651
20 0 51557225 5685236 209984721 5685236 261541946
21 0 51213695 5685236 210441323 5685236 261655018
22 0 50856831 5685236 210915518 5685236 261772349
23 0 50573132 5685236 211290493 5685236 261863625
24 0 50286286 5685236 211686633 5685236 261972919
25 0 50002328 5685236 212070330 5685236 262072658
26 0 49725482 5685236 212454082 5685236 262179564
27 0 49432950 5685236 212839797 5685236 262272747
28 0 49177510 5685236 213209531 5685236 262387041
29 0 48911737 5685236 213583654 5685236 262495391
30 0 48625243 5685236 213970739 5685236 262595982
31 0 48345674 5685236 214358898 5685236 262704572
32 0 48080198 5685236 214729206 5685236 262809404
33 0 47812628 5685236 215105718 5685236 262918346
34 0 47509615 5685236 215511118 5685236 263020733
35 0 47245546 5685236 215885444 5685236 263130990
36 0 46984588 5685236 216264456 5685236 263249044
37 0 46679630 5685236 216662504 5685236 263342134
38 0 46406858 5685236 217051108 5685236 263457966
39 0 46130696 5685236 217420490 5685236 263551186
40 0 45856091 5685236 217811445 5685236 263667536
41 0 45571818 5685236 218188142 5685236 263759960
42 0 45311842 5685236 218558931 5685236 263870773
43 0 45020662 5685236 218959905 5685236 263980567
44 0 44748703 5685236 219340195 5685236 264088898
45 0 44495375 5685236 219711558 5685236 264206933
46 0 44070698 5685236 220230159 5685236 264300857
47 0 43796944 5685236 220611689 5685236 264408633
48 0 43516671 5685236 220986701 5685236 264503372
49 0 43225510 5685236 221386360 5685236 264611870
50 0 42962904 5685236 221767612 5685236 264730516
51 0 42690649 5685236 222155457 5685236 264846106
52 0 42407192 5685236 222547968 5685236 264955160
53 0 42124901 5685236 222924054 5685236 265048955
54 0 41865146 5685236 223291936 5685236 265157082
55 0 41506690 5685236 223760020 5685236 265266710
56 0 41224639 5685236 224135939 5685236 265360578
57 0 40938941 5685236 224537394 5685236 265476335
58 0 40634428 5685236 224935609 5685236 265570037
59 0 40367971 5685236 225309546 5685236 265677517
60 0 40088365 5685236 225682632 5685236 265770997
61 0 39815610 5685236 226062514 5685236 265878124
62 0 39543171 5685236 226444451 5685236 265987622
63 0 39235936 5685236 226856777 5685236 266092713
64 0 38959071 5685236 227248751 5685236 266207822
1 0 43775888 5685242 997182559 5685243 40958447
2 0 42865312 5685242 998172837 5685243 41038149
3 0 42600780 5685242 998521849 5685243 41122629
4 0 42389025 5685242 998814288 5685243 41203313
5 0 42158438 5685242 999128596 5685243 41287034
6 0 41941052 5685242 999417795 5685243 41358847
7 0 41733038 5685242 999707771 5685243 41440809
8 0 41531448 5685242 999992766 5685243 41524214
9 0 41235269 5685243 361981 5685243 41597250
10 0 41027792 5685243 665901 5685243 41693693
11 0 40817388 5685243 947803 5685243 41765191
12 0 40596818 5685243 1249816 5685243 41846634
13 0 40384563 5685243 1533644 5685243 41918207
14 0 40189936 5685243 1819306 5685243 42009242
15 0 39996737 5685243 2111226 5685243 42107963
16 0 39792222 5685243 2393425 5685243 42185647
17 0 39588226 5685243 2679919 5685243 42268145
18 0 39362434 5685243 2977191 5685243 42339625
19 0 39140790 5685243 3280945 5685243 42421735
20 0 38919682 5685243 3572292 5685243 42491974
21 0 38708798 5685243 3867471 5685243 42576269
22 0 38430488 5685243 4234261 5685243 42664749
23 0 38218251 5685243 4516163 5685243 42734414
24 0 38005792 5685243 4812065 5685243 42817857
25 0 37792889 5685243 5101985 5685243 42894874
26 0 37587189 5685243 5390350 5685243 42977539
27 0 37365175 5685243 5683937 5685243 43049112
28 0 37172974 5685243 5965062 5685243 43138036
29 0 36973681 5685243 6248094 5685243 43221775
30 0 36754926 5685243 6539218 5685243 43294144
31 0 36547375 5685243 6835064 5685243 43382439
32 0 36346564 5685243 7117040 5685243 43463604
33 0 36146105 5685243 7399461 5685243 43545566
34 0 35914831 5685243 7707548 5685243 43622379
35 0 35719427 5685243 7990728 5685243 43710155
36 0 35518579 5685243 8274834 5685243 43793413
37 0 35289954 5685243 8574421 5685243 43864375
38 0 35086587 5685243 8867082 5685243 43953669
39 0 34894943 5685243 9144410 5685243 44039353
40 0 34691077 5685243 9439330 5685243 44130407
41 0 34481358 5685243 9720825 5685243 44202183
42 0 34154253 5685243 10131206 5685243 44285459
43 0 33916110 5685243 10451626 5685243 44367736
44 0 33700817 5685243 10740936 5685243 44441753
45 0 33507857 5685243 11022431 5685243 44530288
46 0 33282899 5685243 11318610 5685243 44601509
47 0 33085828 5685243 11598068 5685243 44683896
48 0 32872110 5685243 11882470 5685243 44754580
49 0 32649003 5685243 12189853 5685243 44838856
50 0 32457303 5685243 12474329 5685243 44931632
51 0 32251252 5685243 12763583 5685243 45014835
52 0 32047495 5685243 13056356 5685243 45103851
53 0 31837908 5685243 13337350 5685243 45175258
54 0 31636059 5685243 13622993 5685243 45259052
55 0 31379786 5685243 13967839 5685243 45347625
56 0 31168827 5685243 14249778 5685243 45418605
57 0 30957739 5685243 14549772 5685243 45507511
58 0 30731946 5685243 14847693 5685243 45579639
59 0 30530264 5685243 15131873 5685243 45662137
60 0 30319491 5685243 15413682 5685243 45733173
61 0 30108884 5685243 15706899 5685243 45815783
62 0 29908091 5685243 15992449 5685243 45900540
63 0 29672096 5685243 16310406 5685243 45982502
64 0 29477803 5685243 16608345 5685243 46086148
1 0 46477986 5685249 811857996 5685249 858335982
2 0 45299453 5685249 813115565 5685249 858415018
3 0 44926978 5685249 813573168 5685249 858500146
4 0 44615836 5685249 813964271 5685249 858580107
5 0 44283527 5685249 814379986 5685249 858663513
6 0 43968608 5685249 814765256 5685249 858733864
7 0 43666742 5685249 815149527 5685249 858816269
8 0 43378489 5685249 815528316 5685249 858906805
9 0 43071383 5685249 815906550 5685249 858977933
10 0 42761389 5685249 816304691 5685249 859066080
11 0 42453468 5685249 816683110 5685249 859136578
12 0 42130327 5685249 817085972 5685249 859216299
13 0 41822665 5685249 817465336 5685249 859288001
14 0 41537115 5685249 817843940 5685249 859381055
15 0 41231122 5685249 818232321 5685249 859463443
16 0 40929590 5685249 818610685 5685249 859540275
17 0 40631022 5685249 818989844 5685249 859620866
18 0 40305342 5685249 819386985 5685249 859692327
19 0 39984478 5685249 819790255 5685249 859774733
20 0 39500857 5685249 820346671 5685249 859847528
21 0 39182937 5685249 820748534 5685249 859931471
22 0 39039291 5685249 821238062 5685249 860277353
23 0 38753056 5685249 821615833 5685249 860368889
24 0 38444265 5685249 822008085 5685249 860452350
25 0 38148771 5685249 822380948 5685249 860529719
26 0 37848703 5685249 822763126 5685249 860611829
27 0 37619929 5685249 823062750 5685249 860682679
28 0 37431025 5685249 823341486 5685249 860772511
29 0 37228788 5685249 823626610 5685249 860855398
30 0 37011255 5685249 823916975 5685249 860928230
31 0 36804352 5685249 824211099 5685249 861015451
32 0 36605966 5685249 824492483 5685249 861098449
33 0 36403693 5685249 824777292 5685249 861180985
34 0 36175141 5685249 825082953 5685249 861258094
35 0 35975756 5685249 825365392 5685249 861341148
36 0 35778389 5685249 825649480 5685249 861427869
37 0 35547930 5685249 825952252 5685249 861500182
38 0 35338675 5685249 826250154 5685249 861588829
39 0 35126568 5685249 826533630 5685249 861660198
40 0 34918257 5685249 826831550 5685249 861749807
41 0 34703242 5685249 827117175 5685249 861820417
42 0 34506247 5685249 827397743 5685249 861903990
43 0 34288010 5685249 827700441 5685249 861988451
44 0 34068625 5685249 827991140 5685249 862059765
45 0 33875406 5685249 828273431 5685249 862148837
46 0 33649429 5685249 828571647 5685249 862221076
47 0 33442211 5685249 828861549 5685249 862303760
48 0 33242806 5685249 829146952 5685249 862389758
49 0 33021478 5685249 829451279 5685249 862472757
50 0 32828148 5685249 829738274 5685249 862566422
51 0 32503154 5685249 830147303 5685249 862650457
52 0 32274807 5685249 830457853 5685249 862732660
53 0 32061052 5685249 830744014 5685249 862805066
54 0 31828130 5685249 831059786 5685249 862887916
55 0 31599041 5685249 831372651 5685249 862971692
56 0 31381989 5685249 831660905 5685249 863042894
57 0 31166456 5685249 831966066 5685249 863132522
58 0 30941979 5685249 832261653 5685249 863203632
59 0 30748076 5685249 832537870 5685249 863285946
60 0 30538098 5685249 832817605 5685249 863355703
61 0 30327916 5685249 833109841 5685249 863437757
62 0 30129068 5685249 833392947 5685249 863522015
63 0 29891036 5685249 833708793 5685249 863599829
64 0 29680521 5685249 834005176 5685249 863685697
1 0 43792111 5685256 586927929 5685256 630720040
2 0 42867164 5685256 587933522 5685256 630800686
3 0 42602818 5685256 588283459 5685256 630886277
4 0 42389470 5685256 588578213 5685256 630967683
5 0 42158789 5685256 588892967 5685256 631051756
6 0 41942645 5685256 589182183 5685256 631124828
7 0 41734463 5685256 589472419 5685256 631206882
8 0 41532060 5685256 589759228 5685256 631291288
9 0 41251787 5685256 590112129 5685256 631363916
10 0 41028532 5685256 590429753 5685256 631458285
11 0 40815833 5685256 590714340 5685256 631530173
12 0 40592670 5685256 591019890 5685256 631612560
13 0 40381415 5685256 591301996 5685256 631683411
14 0 40187937 5685256 591588713 5685256 631776650
15 0 39980904 5685256 591879855 5685256 631860759
16 0 39776500 5685256 592161332 5685256 631937832
17 0 39567059 5685256 592453697 5685256 632020756
18 0 39335119 5685256 592756858 5685256 632091977
19 0 39114994 5685256 593059296 5685256 632174290
20 0 38889442 5685256 593355328 5685256 632244770
21 0 38678965 5685256 593649767 5685256 632328732
22 0 38399266 5685256 594020890 5685256 632420156
23 0 38185029 5685256 594304829 5685256 632489858
24 0 37972256 5685256 594599360 5685256 632571616
25 0 37774723 5685256 594887003 5685256 632661726
26 0 37564542 5685256 595179664 5685256 632744206
27 0 37341749 5685256 595474900 5685256 632816649
28 0 37152493 5685256 595753617 5685256 632906110
29 0 36951978 5685256 596036334 5685256 632988312
30 0 36733409 5685256 596327791 5685256 633061200
31 0 36530098 5685256 596619304 5685256 633149402
32 0 36328471 5685256 596902577 5685256 633231048
33 0 36130531 5685256 597185849 5685256 633316380
34 0 35901387 5685256 597493732 5685256 633395119
35 0 35707779 5685256 597775709 5685256 633483488
36 0 35506746 5685256 598059463 5685256 633566209
37 0 35275176 5685256 598361309 5685256 633636485
38 0 35068144 5685256 598655229 5685256 633723373
39 0 34860796 5685256 598934983 5685256 633795779
40 0 34652874 5685256 599233218 5685256 633886092
41 0 34437544 5685256 599519491 5685256 633957035
42 0 34240696 5685256 599800319 5685256 634041015
43 0 33871406 5685256 600251996 5685256 634123402
44 0 33643762 5685256 600553620 5685256 634197382
45 0 33452395 5685256 600833763 5685256 634286158
46 0 33230696 5685256 601128591 5685256 634359287
47 0 33029922 5685256 601412752 5685256 634442674
48 0 32813852 5685256 601699654 5685256 634513506
49 0 32594560 5685256 602001574 5685256 634596134
50 0 32420711 5685256 602286199 5685256 634706910
51 0 32213937 5685256 602576027 5685256 634789964
52 0 31990423 5685256 602886928 5685256 634877351
53 0 31773761 5685256 603174867 5685256 634948628
54 0 31572690 5685256 603459529 5685256 635032219
55 0 31318842 5685256 603799856 5685256 635118698
56 0 31106717 5685256 604082406 5685256 635189123
57 0 30900702 5685256 604377456 5685256 635278158
58 0 30667670 5685256 604682154 5685256 635349824
59 0 30465414 5685256 604967908 5685256 635433322
60 0 30254844 5685256 605249329 5685256 635504173
61 0 30043533 5685256 605546564 5685256 635590097
62 0 29844630 5685256 605830799 5685256 635675429
63 0 29609560 5685256 606146127 5685256 635755687
64 0 29404231 5685256 606440732 5685256 635844963
1 0 44630280 5685263 431924616 5685263 476554896
2 0 43432006 5685263 433181851 5685263 476613857
3 0 43030069 5685263 433643584 5685263 476673653
4 0 42685001 5685263 434044465 5685263 476729466
5 0 42325767 5685263 434462902 5685263 476788669
6 0 41988089 5685263 434849098 5685263 476837187
7 0 41660317 5685263 435234443 5685263 476894760
8 0 41337823 5685263 435613547 5685263 476951370
9 0 41011607 5685263 435987410 5685263 476999017
10 0 40681853 5685263 436383718 5685263 477065571
11 0 40351267 5685263 436762618 5685263 477113885
12 0 40011514 5685263 437160277 5685263 477171791
13 0 39680354 5685263 437540511 5685263 477220865
14 0 39364175 5685263 437920763 5685263 477284938
15 0 39033681 5685263 438309330 5685263 477343011
16 0 38712797 5685263 438683379 5685263 477396176
17 0 38392878 5685263 439061427 5685263 477454305
18 0 38046884 5685263 439456309 5685263 477503193
19 0 37701816 5685263 439856505 5685263 477558321
20 0 37176234 5685263 440430698 5685263 477606932
21 0 36834906 5685263 440829876 5685263 477664782
22 0 36416673 5685263 441310404 5685263 477727077
23 0 36086347 5685263 441689841 5685263 477776188
24 0 35748538 5685263 442084408 5685263 477832946
25 0 35417026 5685263 442470771 5685263 477887797
26 0 35102976 5685263 442856375 5685263 477959351
27 0 34764520 5685263 443244534 5685263 478009054
28 0 34453192 5685263 443617731 5685263 478070923
29 0 34131512 5685263 443996817 5685263 478128329
30 0 33791352 5685263 444386550 5685263 478177902
31 0 33465340 5685263 444774469 5685263 478239809
32 0 33143938 5685263 445153258 5685263 478297196
33 0 32824648 5685263 445528714 5685263 478353362
34 0 32472840 5685263 445934151 5685263 478406991
35 0 32159104 5685263 446308774 5685263 478467878
36 0 31830462 5685263 446694878 5685263 478525340
37 0 31473414 5685263 447100222 5685263 478573636
38 0 31139698 5685263 447494585 5685263 478634283
39 0 30817204 5685263 447867041 5685263 478684245
40 0 30484451 5685263 448263811 5685263 478748262
41 0 30153975 5685263 448643749 5685263 478797724
42 0 29839352 5685263 449015649 5685263 478855001
43 0 29497155 5685263 449416049 5685263 478913204
44 0 29163771 5685263 449799246 5685263 478963017
45 0 28796872 5685263 450228015 5685263 479024887
46 0 28447582 5685263 450628156 5685263 479075738
47 0 28122920 5685263 451011390 5685263 479134310
48 0 27794520 5685263 451388716 5685263 479183236
49 0 27451156 5685263 451790912 5685263 479242068
50 0 27139828 5685263 452168164 5685263 479307992
51 0 26829333 5685263 452548806 5685263 479378139
52 0 26499970 5685263 452939576 5685263 479439546
53 0 26170142 5685263 453318884 5685263 479489026
54 0 25847333 5685263 453699803 5685263 479547136
55 0 25448860 5685263 454156257 5685263 479605117
56 0 25118421 5685263 454535750 5685263 479654171
57 0 25894425 5685263 454936354 5685263 480830779
58 0 25529487 5685263 455341291 5685263 480870778
59 0 25187809 5685263 455714969 5685263 480902778
60 0 24871611 5685263 456084314 5685263 480955925
61 0 24541932 5685263 456471158 5685263 481013090
62 0 24217493 5685263 456844726 5685263 481062219
63 0 23862148 5685263 457257440 5685263 481119588
64 0 23518877 5685263 457651007 5685263 481169884
1 0 44273805 5685270 227046878 5685270 271320683
2 0 43360359 5685270 228040101 5685270 271400460
3 0 43090531 5685270 228395594 5685270 271486125
4 0 42871479 5685270 228694811 5685270 271566290
5 0 42641429 5685270 229009934 5685270 271651363
6 0 42423914 5685270 229300114 5685270 271724028
7 0 42216436 5685270 229590498 5685270 271806934
8 0 42014995 5685270 229875400 5685270 271890395
9 0 41704446 5685270 230257781 5685270 271962227
10 0 41470320 5685270 230584109 5685270 272054429
11 0 41255454 5685270 230869381 5685270 272124835
12 0 41028588 5685270 231179172 5685270 272207760
13 0 40811962 5685270 231467148 5685270 272279110
14 0 40620040 5685270 231754142 5685270 272374182
15 0 40410118 5685270 232047433 5685270 272457551
16 0 40206584 5685270 232329021 5685270 272535605
17 0 40004737 5685270 232615626 5685270 272620363
18 0 39769907 5685270 232921510 5685270 272691417
19 0 39545819 5685270 233229411 5685270 272775230
20 0 39324527 5685270 233521684 5685270 272846211
21 0 39113735 5685270 233816956 5685270 272930691
22 0 38832444 5685270 234185745 5685270 273018189
23 0 38619595 5685270 234469333 5685270 273088928
24 0 38405488 5685270 234765031 5685270 273170519
25 0 38203900 5685270 235056192 5685270 273260092
26 0 37995126 5685270 235348724 5685270 273343850
27 0 37773093 5685270 235643237 5685270 273416330
28 0 37585282 5685270 235921676 5685270 273506958
29 0 37379933 5685270 236212004 5685270 273591937
30 0 37157826 5685270 236504721 5685270 273662547
31 0 36946830 5685270 236798586 5685270 273745416
32 0 36745001 5685270 237081099 5685270 273826100
33 0 36544820 5685270 237364982 5685270 273909802
34 0 36312286 5685270 237674440 5685270 273986726
35 0 36113217 5685270 237956249 5685270 274069466
36 0 35918257 5685270 238240096 5685270 274158353
37 0 35688762 5685270 238541627 5685270 274230389
38 0 35481802 5685270 238835122 5685270 274316924
39 0 35275787 5685270 239113617 5685270 274389404
40 0 35070273 5685270 239409407 5685270 274479680
41 0 34858739 5685270 239695069 5685270 274553808
42 0 34662911 5685270 239975026 5685270 274637937
43 0 34382157 5685270 240339297 5685270 274721454
44 0 34158327 5685270 240633218 5685270 274791545
45 0 33967386 5685270 240915768 5685270 274883154
46 0 33740890 5685270 241214263 5685270 274955153
47 0 33537894 5685270 241500572 5685270 275038466
48 0 33329805 5685270 241791104 5685270 275120909
49 0 33110309 5685270 242095765 5685270 275206074
50 0 32918609 5685270 242380945 5685270 275299554
51 0 32711428 5685270 242672161 5685270 275383589
52 0 32495969 5685270 242972026 5685270 275467995
53 0 32283195 5685270 243257410 5685270 275540605
54 0 32077236 5685270 243546553 5685270 275623789
55 0 31821000 5685270 243887454 5685270 275708454
56 0 31605782 5685270 244176189 5685270 275781971
57 0 31400804 5685270 244470998 5685270 275871802
58 0 31163142 5685270 244780085 5685270 275943227
59 0 30960794 5685270 245065413 5685270 276026207
60 0 30747724 5685270 245349371 5685270 276097095
61 0 30539728 5685270 245641958 5685270 276181686
62 0 30341879 5685270 245922342 5685270 276264221
63 0 30107420 5685270 246235614 5685270 276343034
64 0 29897573 5685270 246531886 5685270 276429459
