1 0 86094927 1593786 967616945 1593787 53711872
2 0 84029060 1593786 970198228 1593787 54227288
3 0 82617847 1593786 972079117 1593787 54696964
4 0 81246726 1593786 973899729 1593787 55146455
5 0 79900086 1593786 975703879 1593787 55603965
6 0 78553352 1593786 977515659 1593787 56069011
7 0 77208120 1593786 979311901 1593787 56520021
8 0 75661909 1593786 981325603 1593787 56987512
9 0 74270252 1593786 983173955 1593787 57444207
10 0 72405214 1593786 985493706 1593787 57898920
11 0 71110961 1593786 987249098 1593787 58360059
12 0 69813413 1593786 989002693 1593787 58816106
13 0 68415940 1593786 990850805 1593787 59266745
14 0 67087929 1593786 992672029 1593787 59759958
15 0 66993579 1593786 994421106 1593787 61414685
16 0 65714048 1593786 996182738 1593787 61896786
17 0 64437592 1593786 997924000 1593787 62361592
18 0 63158561 1593786 999659133 1593787 62817694
19 0 61693998 1593787 1565688 1593787 63259686
20 0 60409263 1593787 3312451 1593787 63721714
21 0 59018254 1593787 5157303 1593787 64175557
22 0 57716927 1593787 6908510 1593787 64625437
23 0 56408341 1593787 8659735 1593787 65068076
24 0 55065850 1593787 10452903 1593787 65518753
25 0 53770856 1593787 12217054 1593787 65987910
26 0 52520603 1593787 13961020 1593787 66481623
27 0 51163870 1593787 15758781 1593787 66922651
28 0 49888487 1593787 17501951 1593787 67390438
29 0 48600475 1593787 19245917 1593787 67846392
30 0 47222762 1593787 21063622 1593787 68286384
31 0 45935454 1593787 22802995 1593787 68738449
32 0 44647275 1593787 24549943 1593787 69197218
1 0 108967703 1593857 97828564 1593857 206796267
2 0 106724636 1593857 100398939 1593857 207123575
3 0 105044465 1593857 102387438 1593857 207431903
4 0 102950636 1593857 104788983 1593857 207739619
5 0 100873213 1593857 107161715 1593857 208034928
6 0 98796550 1593857 109542909 1593857 208339459
7 0 96631870 1593857 112003694 1593857 208635564
8 0 94575670 1593857 114375092 1593857 208950762
9 0 92478766 1593857 116772953 1593857 209251719
10 0 90368326 1593857 119186868 1593857 209555194
11 0 88255886 1593857 121601173 1593857 209857059
12 0 86270758 1593857 123926609 1593857 210197367
13 0 84276741 1593857 126229657 1593857 210506398
14 0 82237022 1593857 128600166 1593857 210837188
15 0 80163395 1593857 130988490 1593857 211151885
16 0 78137084 1593857 133308222 1593857 211445306
17 0 76108604 1593857 135638936 1593857 211747540
18 0 74109459 1593857 137941224 1593857 212050683
19 0 71987445 1593857 140358380 1593857 212345825
20 0 69952151 1593857 142698353 1593857 212650504
21 0 67830211 1593857 145121510 1593857 212951721
22 0 65810880 1593857 147442501 1593857 213253381
23 0 63773864 1593857 149769882 1593857 213543746
24 0 61694831 1593857 152149446 1593857 213844277
25 0 59682260 1593857 154466956 1593857 214149216
26 0 57692242 1593857 156777634 1593857 214469876
27 0 55615209 1593857 159148958 1593857 214764167
28 0 52940002 1593857 162499540 1593857 215439542
29 0 50889801 1593857 164844513 1593857 215734314
30 0 48888951 1593857 167145820 1593857 216034771
31 0 46874972 1593857 169453497 1593857 216328469
32 0 44811661 1593857 171823969 1593857 216635630
1 0 89622989 1593927 307541020 1593927 397164009
2 0 87694953 1593927 309987064 1593927 397682017
3 0 86174501 1593927 311986303 1593927 398160804
4 0 84816324 1593927 313811582 1593927 398627906
5 0 83479998 1593927 315623621 1593927 399103619
6 0 82147932 1593927 317439622 1593927 399587554
7 0 81710977 1593927 319239754 1593927 400950731
8 0 80279950 1593927 321192049 1593927 401471999
9 0 78905884 1593927 323044568 1593927 401950452
10 0 77534374 1593927 324896106 1593927 402430480
11 0 76245917 1593927 326658276 1593927 402904193
12 0 75152439 1593927 328416000 1593927 403568439
13 0 73820743 1593927 330215854 1593927 404036597
14 0 72498898 1593927 332051707 1593927 404550605
15 0 71202867 1593927 333810136 1593927 405013003
16 0 69905634 1593927 335578342 1593927 405483976
17 0 68623715 1593927 337331048 1593927 405954763
18 0 67354499 1593927 339073292 1593927 406427791
19 0 65976859 1593927 340910349 1593927 406887208
20 0 64701699 1593927 342664296 1593927 407365995
21 0 63332003 1593927 344505538 1593927 407837541
22 0 62031658 1593927 346277800 1593927 408309458
23 0 60722406 1593927 348043728 1593927 408766134
24 0 59445505 1593927 349789972 1593927 409235477
25 0 57968534 1593927 351743063 1593927 409711597
26 0 56764057 1593927 353487103 1593927 410251160
27 0 55428324 1593927 355293290 1593927 410721614
28 0 54147645 1593927 357053830 1593927 411201475
29 0 52866152 1593927 358807277 1593927 411673429
30 0 51518789 1593927 360627464 1593927 412146253
31 0 50183816 1593927 362431891 1593927 412615707
32 0 48900136 1593927 364193561 1593927 413093697
1 0 86273907 1593997 587538621 1593997 673812528
2 0 84341056 1593997 589953277 1593997 674294333
3 0 82833715 1593997 591921739 1593997 674755454
4 0 81488093 1593997 593727222 1593997 675215315
5 0 80160490 1593997 595499391 1593997 675659881
6 0 78835015 1593997 597281634 1593997 676116649
7 0 77509726 1593997 599061785 1593997 676571511
8 0 76114216 1593997 600906471 1593997 677020687
9 0 74754577 1593997 602717565 1593997 677472142
10 0 73383289 1593997 604540418 1593997 677923707
11 0 72094647 1593997 606293106 1593997 678387753
12 0 70803895 1593997 608030387 1593997 678834282
13 0 69517530 1593997 609755039 1593997 679272569
14 0 68078614 1593997 611689631 1593997 679768245
15 0 66846139 1593997 613421115 1593997 680267254
16 0 65546589 1593997 615171859 1593997 680718448
17 0 64266225 1593997 616901455 1593997 681167680
18 0 62985936 1593997 618634365 1593997 681620301
19 0 61304636 1593997 620755157 1593997 682059793
20 0 60012346 1593997 622506734 1593997 682519080
21 0 58648187 1593997 624322069 1593997 682970256
22 0 57360157 1593997 626060702 1593997 683420859
23 0 56056220 1593997 627800482 1593997 683856702
24 0 54779985 1593997 629523430 1593997 684303415
25 0 53398309 1593997 631359857 1593997 684758166
26 0 52151999 1593997 633086861 1593997 685238860
27 0 50804415 1593997 634869974 1593997 685674389
28 0 49521607 1593997 636613199 1593997 686134806
29 0 48256076 1593997 638330906 1593997 686586982
30 0 46271485 1593997 640751711 1593997 687023196
31 0 44955640 1593997 642519084 1593997 687474724
32 0 43678591 1593997 644251624 1593997 687930215
1 0 86808453 1594067 877938526 1594067 964746979
2 0 84670013 1594067 880578049 1594067 965248062
3 0 83244300 1594067 882469549 1594067 965713849
4 0 81856734 1594067 884308161 1594067 966164895
5 0 80498965 1594067 886125755 1594067 966624720
6 0 79128602 1594067 887956516 1594067 967085118
7 0 77767722 1594067 889760832 1594067 967528554
8 0 76341731 1594067 891660369 1594067 968002100
9 0 74948443 1594067 893510167 1594067 968458610
10 0 73543933 1594067 895367890 1594067 968911823
11 0 72230552 1594067 897135114 1594067 969365666
12 0 70920411 1594067 898899172 1594067 969819583
13 0 70460475 1594067 900756118 1594067 971216593
14 0 69149630 1594067 902573101 1594067 971722731
15 0 67848193 1594067 904333196 1594067 972181389
16 0 66550200 1594067 906091291 1594067 972641491
17 0 65227059 1594067 907857942 1594067 973085001
18 0 63936880 1594067 909601871 1594067 973538751
19 0 62542556 1594067 911454501 1594067 973997057
20 0 61235063 1594067 913211189 1594067 974446252
21 0 59861479 1594067 915051709 1594067 974913188
22 0 58543431 1594067 916822822 1594067 975366253
23 0 57215031 1594067 918591028 1594067 975806059
24 0 55791300 1594067 920468695 1594067 976259995
25 0 54468121 1594067 922252531 1594067 976720652
26 0 53193591 1594067 924009589 1594067 977203180
27 0 51826932 1594067 925817517 1594067 977644449
28 0 50535347 1594067 927572760 1594067 978108107
29 0 49232890 1594067 929324634 1594067 978557524
30 0 47860288 1594067 931151968 1594067 979012256
31 0 46539017 1594067 932914193 1594067 979453210
32 0 45231894 1594067 934679677 1594067 979911571
1 0 112848240 1594137 557468825 1594137 670317065
2 0 110741022 1594137 559945962 1594137 670686984
3 0 109055833 1594137 561942923 1594137 670998756
4 0 106945189 1594137 564363950 1594137 671309139
5 0 104858545 1594137 566746884 1594137 671605429
6 0 102772937 1594137 569138227 1594137 671911164
7 0 100592332 1594137 571615141 1594137 672207473
8 0 98509502 1594137 574009835 1594137 672519337
9 0 95797147 1594137 577024610 1594137 672821757
10 0 93681041 1594137 579443636 1594137 673124677
11 0 91568285 1594137 581857497 1594137 673425782
12 0 89536918 1594137 584192970 1594137 673729888
13 0 87519976 1594137 586506610 1594137 674026586
14 0 85474164 1594137 588884137 1594137 674358301
15 0 83272670 1594137 591388514 1594137 674661184
16 0 81226840 1594137 593727746 1594137 674954586
17 0 79201768 1594137 596054590 1594137 675256358
18 0 77200937 1594137 598358841 1594137 675559778
19 0 75071904 1594137 600780461 1594137 675852365
20 0 73053277 1594137 603105452 1594137 676158729
21 0 70936262 1594137 605523609 1594137 676459871
22 0 68898265 1594137 607863600 1594137 676761865
23 0 66104116 1594137 610952299 1594137 677056415
24 0 64046823 1594137 613308642 1594137 677355465
25 0 62041400 1594137 615621837 1594137 677663237
26 0 60075141 1594137 617924663 1594137 677999804
27 0 57938387 1594137 620352560 1594137 678290947
28 0 55901908 1594137 622700347 1594137 678602255
29 0 53883966 1594137 625018524 1594137 678902490
30 0 51871579 1594137 627324572 1594137 679196151
31 0 50271759 1594137 629639434 1594137 679911193
32 0 47656977 1594137 632596413 1594137 680253390
1 0 86931673 1594207 327748402 1594207 414680075
2 0 84881509 1594207 330285501 1594207 415167010
3 0 83450666 1594207 332183427 1594207 415634093
4 0 82078064 1594207 334010169 1594207 416088233
5 0 80733757 1594207 335817078 1594207 416550835
6 0 79377561 1594207 337634709 1594207 417012270
7 0 78026421 1594207 339435618 1594207 417462039
8 0 76596579 1594207 341340229 1594207 417936808
9 0 75213216 1594207 343181064 1594207 418394280
10 0 73810781 1594207 345039305 1594207 418850086
11 0 72499732 1594207 346807808 1594207 419307540
12 0 71194758 1594207 348572292 1594207 419767050
13 0 70485272 1594207 350371775 1594207 420857047
14 0 69183908 1594207 352193777 1594207 421377685
15 0 67886267 1594207 353951242 1594207 421837509
16 0 66573922 1594207 355722523 1594207 422296445
17 0 65263873 1594207 357475711 1594207 422739584
18 0 63974806 1594207 359223121 1594207 423197927
19 0 62595833 1594207 361058863 1594207 423654696
20 0 61291618 1594207 362813791 1594207 424105409
21 0 59896719 1594207 364663033 1594207 424559752
22 0 58593949 1594207 366433424 1594207 425027373
23 0 57275549 1594207 368196797 1594207 425472346
24 0 55981055 1594207 369944597 1594207 425925652
25 0 54618304 1594207 371768987 1594207 426387291
26 0 53354032 1594207 373522490 1594207 426876522
27 0 51985430 1594207 375333991 1594207 427319421
28 0 50699195 1594207 377087328 1594207 427786523
29 0 49401554 1594207 378835997 1594207 428237551
30 0 47923805 1594207 380770570 1594207 428694375
31 0 46602479 1594207 382534240 1594207 429136719
32 0 45297838 1594207 384297705 1594207 429595543
1 0 86922452 1594277 277803210 1594277 364725662
2 0 84881121 1594277 280333531 1594277 365214652
3 0 83471093 1594277 282206661 1594277 365677754
4 0 82126897 1594277 284016626 1594277 366143523
5 0 80765145 1594277 285820758 1594277 366585903
6 0 79419172 1594277 287626278 1594277 367045450
7 0 78076550 1594277 289411780 1594277 367488330
8 0 76623189 1594277 291336428 1594277 367959617
9 0 75245994 1594277 293167762 1594277 368413756
10 0 73398197 1594277 295466106 1594277 368864303
11 0 72097185 1594277 297221498 1594277 369318683
12 0 70793692 1594277 298978001 1594277 369771693
13 0 69996041 1594277 300846686 1594277 370842727
14 0 68702252 1594277 302655799 1594277 371358051
15 0 67423406 1594277 304399876 1594277 371823282
16 0 66125283 1594277 306142250 1594277 372267533
17 0 64827142 1594277 307894530 1594277 372721672
18 0 63551352 1594277 309624645 1594277 373175997
19 0 62174564 1594277 311456461 1594277 373631025
20 0 60880311 1594277 313199705 1594277 374080016
21 0 59518709 1594277 315029261 1594277 374547970
22 0 58212660 1594277 316786653 1594277 374999313
23 0 56896186 1594277 318544174 1594277 375440360
24 0 55554878 1594277 320334362 1594277 375889240
25 0 54260070 1594277 322095309 1594277 376355379
26 0 52992392 1594277 323833867 1594277 376826259
27 0 51657584 1594277 325625888 1594277 377283472
28 0 50376498 1594277 327370613 1594277 377747111
29 0 49083245 1594277 329119079 1594277 378202324
30 0 47637477 1594277 331001931 1594277 378639408
31 0 46329707 1594277 332759767 1594277 379089474
32 0 45047324 1594277 334501011 1594277 379548335
1 0 86451146 1594347 57646240 1594347 144097386
2 0 84426111 1594347 60172598 1594347 144598709
3 0 82991713 1594347 62071376 1594347 145063089
4 0 81621388 1594347 63886952 1594347 145508340
5 0 80280692 1594347 65684083 1594347 145964775
6 0 78937607 1594347 67485233 1594347 146422840
7 0 77602485 1594347 69275180 1594347 146877665
8 0 76191383 1594347 71152476 1594347 147343859
9 0 74832280 1594347 72951126 1594347 147783406
10 0 73421270 1594347 74823257 1594347 148244527
11 0 72104204 1594347 76590833 1594347 148695037
12 0 70792952 1594347 78340984 1594347 149133936
13 0 69384164 1594347 80206614 1594347 149590778
14 0 68069745 1594347 82050134 1594347 150119879
15 0 66799307 1594347 83799137 1594347 150598444
16 0 65491166 1594347 85546862 1594347 151038028
17 0 64193951 1594347 87297809 1594347 151491760
18 0 62912531 1594347 89028461 1594347 151940992
19 0 61535391 1594347 90855388 1594347 152390779
20 0 60235398 1594347 92601558 1594347 152836956
21 0 58857369 1594347 94435874 1594347 153293243
22 0 57557488 1594347 96186321 1594347 153743809
23 0 56245216 1594347 97935454 1594347 154180670
24 0 54962056 1594347 99665198 1594347 154627254
25 0 53613491 1594347 101472736 1594347 155086227
26 0 52342756 1594347 103218721 1594347 155561477
27 0 51006652 1594347 105011501 1594347 156018153
28 0 49719918 1594347 106759022 1594347 156478940
29 0 48428536 1594347 108500155 1594347 156928691
30 0 47072451 1594347 110296009 1594347 157368460
31 0 45767051 1594347 112064400 1594347 157831451
32 0 44487724 1594347 113799533 1594347 158287257
1 0 88922691 1594417 427636457 1594417 516559148
2 0 86883897 1594417 430179352 1594417 517063249
3 0 85442517 1594417 432088463 1594417 517530980
4 0 84073951 1594417 433911409 1594417 517985360
5 0 82727848 1594417 435720040 1594417 518447888
6 0 81381337 1594417 437525524 1594417 518906861
7 0 80029530 1594417 439324007 1594417 519353537
8 0 78602448 1594417 441221562 1594417 519824010
9 0 77410655 1594417 443060638 1594417 520471293
10 0 75486286 1594417 445454072 1594417 520940358
11 0 74164756 1594417 447236575 1594417 521401331
12 0 72864078 1594417 448998133 1594417 521862211
13 0 71498771 1594417 450816079 1594417 522314850
14 0 70190537 1594417 452618729 1594417 522809266
15 0 68897544 1594417 454369954 1594417 523267498
16 0 67587903 1594417 456137327 1594417 523725230
17 0 66284207 1594417 457881885 1594417 524166092
18 0 64997787 1594417 459620611 1594417 524618398
19 0 63569704 1594417 461503648 1594417 525073352
20 0 62284951 1594417 463251651 1594417 525536602
21 0 60904812 1594417 465084374 1594417 525989186
22 0 59598411 1594417 466844655 1594417 526443066
23 0 58284251 1594417 468600491 1594417 526884742
24 0 56948741 1594417 470390104 1594417 527338845
25 0 55642802 1594417 472155922 1594417 527798724
26 0 54384846 1594417 473901091 1594417 528285937
27 0 53035187 1594417 475693019 1594417 528728206
28 0 51751213 1594417 477441781 1594417 529192994
29 0 50461163 1594417 479185377 1594417 529646540
30 0 48757475 1594417 481674180 1594417 530431655
31 0 47470962 1594417 483428109 1594417 530899071
32 0 46191876 1594417 485171797 1594417 531363673
