1 0 33915060 1466185 837325193 1466185 871240253
2 0 32077633 1466185 839830607 1466185 871908240
3 0 30734382 1466185 841813698 1466185 872548080
4 0 29513221 1466185 843664347 1466185 873177568
5 0 28237116 1466185 845583846 1466185 873820962
6 0 27040103 1466185 847428347 1466185 874468450
7 0 25788293 1466185 849286145 1466185 875074438
8 0 23880220 1466185 851816410 1466185 875696630
1 0 37375031 1466219 978350767 1466220 15725798
2 0 34648009 1466219 981736831 1466220 16384840
3 0 32817953 1466219 984193931 1466220 17011884
4 0 31038376 1466219 986606162 1466220 17644538
5 0 29130080 1466219 989121409 1466220 18251489
6 0 27217228 1466219 991669878 1466220 18887106
7 0 25413634 1466219 994088775 1466220 19502409
8 0 23726704 1466219 996492543 1466220 20219247
1 0 28379076 1466253 916828699 1466253 945207775
2 0 26404892 1466253 919299003 1466253 945703895
3 0 24899736 1466253 921280409 1466253 946180145
4 0 23541671 1466253 923113317 1466253 946654988
5 0 22092847 1466253 925031780 1466253 947124627
6 0 20733448 1466253 926859781 1466253 947593229
7 0 19366215 1466253 928690190 1466253 948056405
8 0 18095350 1466253 930570913 1466253 948666263
1 0 29491425 1466288 67469197 1466288 96960622
2 0 27524518 1466288 69994167 1466288 97518685
3 0 25929272 1466288 72079052 1466288 98008324
4 0 24604483 1466288 73930942 1466288 98535425
5 0 23086476 1466288 75920162 1466288 99006638
6 0 21758631 1466288 77772182 1466288 99530813
7 0 20455528 1466288 79667496 1466288 100123024
8 0 19094220 1466288 81585904 1466288 100680124
1 0 32321758 1466321 972063735 1466322 4385493
2 0 29664180 1466321 975318394 1466322 4982574
3 0 27709052 1466321 977857455 1466322 5566507
4 0 25897014 1466321 980476441 1466322 6373455
5 0 24028883 1466321 983031558 1466322 7060441
6 0 22858350 1466321 984887411 1466322 7745761
7 0 21608542 1466321 986780429 1466322 8388971
8 0 20448176 1466321 988612708 1466322 9060884
1 0 37522064 1466355 851640705 1466355 889162769
2 0 34867635 1466355 854952492 1466355 889820127
3 0 33100947 1466355 857422962 1466355 890523909
4 0 31331222 1466355 859834471 1466355 891165693
5 0 29322688 1466355 862465419 1466355 891788107
6 0 27506816 1466355 864904390 1466355 892411206
7 0 25702647 1466355 867322380 1466355 893025027
8 0 23915164 1466355 869724907 1466355 893640071
1 0 39227550 1466389 780180849 1466389 819408399
2 0 36795023 1466389 783450341 1466389 820245364
3 0 34925041 1466389 786006587 1466389 820931628
4 0 33182186 1466389 788442929 1466389 821625115
5 0 31021191 1466389 791227930 1466389 822249121
6 0 29268040 1466389 793678586 1466389 822946626
7 0 27404040 1466389 796176852 1466389 823580892
8 0 25646945 1466389 798607471 1466389 824254416
1 0 28849715 1466423 717295919 1466423 746145634
2 0 26899401 1466423 719774019 1466423 746673420
3 0 25413393 1466423 721749758 1466423 747163151
4 0 24037623 1466423 723587908 1466423 747625531
5 0 22585319 1466423 725513981 1466423 748099300
6 0 21251122 1466423 727346464 1466423 748597586
7 0 19893205 1466423 729175817 1466423 749069022
8 0 18409882 1466423 731114964 1466423 749524846
1 0 29528239 1466457 857039260 1466457 886567499
2 0 27583092 1466457 859544396 1466457 887127488
3 0 26019307 1466457 861600023 1466457 887619330
4 0 24681760 1466457 863464560 1466457 888146320
5 0 23154993 1466457 865465207 1466457 888620200
6 0 21826982 1466457 867320633 1466457 889147615
7 0 20409806 1466457 869220911 1466457 889630717
8 0 19106461 1466457 871140929 1466457 890247390
1 0 37482732 1466492 12513442 1466492 49996174
2 0 35035316 1466492 15745750 1466492 50781066
3 0 33215223 1466492 18193868 1466492 51409091
4 0 31204984 1466492 20821799 1466492 52026783
5 0 29300596 1466492 23343027 1466492 52643623
6 0 27524278 1466492 25755721 1466492 53279999
7 0 25732332 1466492 28162581 1466492 53894913
8 0 23824128 1466492 30668570 1466492 54492698
