1 0 87770947 1466885 362351647 1466885 450122594
2 0 85273310 1466885 365411884 1466885 450685194
3 0 83879949 1466885 367283310 1466885 451163259
4 0 82493124 1466885 369127811 1466885 451620935
5 0 80988432 1466885 371100272 1466885 452088704
6 0 79611699 1466885 372944755 1466885 452556454
7 0 78261800 1466885 374765645 1466885 453027445
8 0 76886586 1466885 376607924 1466885 453494510
9 0 75521242 1466885 378421888 1466885 453943130
10 0 74041901 1466885 380375220 1466885 454417121
11 0 72696705 1466885 382186870 1466885 454883575
12 0 71373269 1466885 383961131 1466885 455334400
13 0 70093497 1466885 385713356 1466885 455806853
14 0 68783319 1466885 387524469 1466885 456307788
15 0 67489696 1466885 389288194 1466885 456777890
16 0 66108186 1466885 391117528 1466885 457225714
17 0 64795156 1466885 392894308 1466885 457689464
18 0 63519663 1466885 394643681 1466885 458163344
19 0 62202244 1466885 396426165 1466885 458628409
20 0 60910103 1466885 398175927 1466885 459086030
21 0 59444001 1466885 400104797 1466885 459548798
22 0 58383763 1466885 401934650 1466885 460318413
23 0 57095252 1466885 403709596 1466885 460804848
24 0 55750833 1466885 405513228 1466885 461264061
25 0 54448026 1466885 407286785 1466885 461734811
26 0 53168551 1466885 409049473 1466885 462218024
27 0 51750263 1466885 410930270 1466885 462680533
28 0 50452604 1466885 412706790 1466885 463159394
29 0 49152611 1466885 414472645 1466885 463625256
30 0 47836303 1466885 416238314 1466885 464074617
31 0 46539459 1466885 417995557 1466885 464535016
32 0 45253928 1466885 419749393 1466885 465003321
1 0 67800950 1466955 102510519 1466955 170311469
2 0 64930247 1466955 105747196 1466955 170677443
3 0 62755993 1466955 108247870 1466955 171003863
4 0 60522814 1466955 110807542 1466955 171330356
5 0 58380579 1466955 113269012 1466955 171649591
6 0 56249843 1466955 115721945 1466955 171971788
7 0 54142440 1466955 118150805 1466955 172293245
8 0 51937520 1466955 120670793 1466955 172608313
9 0 50161758 1466955 122764919 1466955 172926677
10 0 49198759 1466955 124044801 1466955 173243560
11 0 48306758 1466955 125255592 1466955 173562350
12 0 47427405 1466955 126449735 1466955 173877140
13 0 46557217 1466955 127632768 1466955 174189985
14 0 45679383 1466955 128858373 1466955 174537756
15 0 44764253 1466955 130090534 1466955 174854787
16 0 43834104 1466955 131328566 1466955 175162670
17 0 42958862 1466955 132521802 1466955 175480664
18 0 42089602 1466955 133705167 1466955 175794769
19 0 41201341 1466955 134910699 1466955 176112040
20 0 40335043 1466955 136093028 1466955 176428071
21 0 39402228 1466955 137344411 1466955 176746639
22 0 38516616 1466955 138546887 1466955 177063503
23 0 37629541 1466955 139748882 1466955 177378423
24 0 36691300 1466955 140993765 1466955 177685065
25 0 35818114 1466955 142189686 1466955 178007800
26 0 34958908 1466955 143375570 1466955 178334478
27 0 34045778 1466955 144606620 1466955 178652398
28 0 33551436 1466955 145795986 1466955 179347422
29 0 32671805 1466955 146982981 1466955 179654786
30 0 31792673 1466955 148180736 1466955 179973409
31 0 31773693 1466955 149365175 1466955 181138868
32 0 30809915 1466955 150663502 1466955 181473417
1 0 87563619 1467025 66922673 1467025 154486292
2 0 85547973 1467025 69473586 1467025 155021559
3 0 83964782 1467025 71537990 1467025 155502772
4 0 82478089 1467025 73502488 1467025 155980577
5 0 81070876 1467025 75367396 1467025 156438272
6 0 79700718 1467025 77206397 1467025 156907115
7 0 78346300 1467025 79025417 1467025 157371717
8 0 76866754 1467025 80983138 1467025 157849892
9 0 75500262 1467025 82815658 1467025 158315920
10 0 74155993 1467025 84626789 1467025 158782782
11 0 72819759 1467025 86433087 1467025 159252846
12 0 71469674 1467025 88245700 1467025 159715374
13 0 70071073 1467025 90151551 1467025 160222624
14 0 68729302 1467025 92032848 1467025 160762150
15 0 67424013 1467025 93807702 1467025 161231715
16 0 66122354 1467025 95565241 1467025 161687595
17 0 64822156 1467025 97327300 1467025 162149456
18 0 63539034 1467025 99078487 1467025 162617521
19 0 62141765 1467025 100931914 1467025 163073679
20 0 60786681 1467025 102756915 1467025 163543596
21 0 59399763 1467025 104607009 1467025 164006772
22 0 58086974 1467025 106382770 1467025 164469744
23 0 56769593 1467025 108152865 1467025 164922458
24 0 55498655 1467025 109901090 1467025 165399745
25 0 54121996 1467025 111748091 1467025 165870087
26 0 52868668 1467025 113504187 1467025 166372855
27 0 51509066 1467025 115316151 1467025 166825217
28 0 50228091 1467025 117074598 1467025 167302689
29 0 48926894 1467025 118839712 1467025 167766606
30 0 47507515 1467025 120709323 1467025 168216838
31 0 46177522 1467025 122498936 1467025 168676458
32 0 44899454 1467025 124248421 1467025 169147875
1 0 89586617 1467094 967553674 1467095 57140291
2 0 87578175 1467094 970168197 1467095 57746372
3 0 86066038 1467094 972172787 1467095 58238825
4 0 84671732 1467094 974044139 1467095 58715871
5 0 83276908 1467094 975942861 1467095 59219769
6 0 81937564 1467094 977804917 1467095 59742481
7 0 80869639 1467094 979693640 1467095 60563279
8 0 79451205 1467094 981672786 1467095 61123991
9 0 77998159 1467094 983615026 1467095 61613185
10 0 76693777 1467094 985433935 1467095 62127712
11 0 75356840 1467094 987257233 1467095 62614073
12 0 74090569 1467094 989039901 1467095 63130470
13 0 72633319 1467094 990974660 1467095 63607979
14 0 71339159 1467094 992820994 1467095 64160153
15 0 70000408 1467094 994648310 1467095 64648718
16 0 68706378 1467094 996444034 1467095 65150412
17 0 67386348 1467094 998246573 1467095 65632921
18 0 65978135 1467095 161832 1467095 66139967
19 0 64572570 1467095 2051054 1467095 66623624
20 0 63308780 1467095 3824371 1467095 67133151
21 0 61889252 1467095 5722408 1467095 67611660
22 0 60609222 1467095 7510447 1467095 68119669
23 0 59251804 1467095 9346300 1467095 68598104
24 0 57876571 1467095 11218486 1467095 69095057
25 0 56530004 1467095 13050191 1467095 69580195
26 0 55296455 1467095 14832693 1467095 70129148
27 0 53911038 1467095 16705008 1467095 70616046
28 0 52659044 1467095 18485621 1467095 71144665
29 0 51290033 1467095 20346159 1467095 71636192
30 0 49975392 1467095 22160216 1467095 72135608
31 0 48654159 1467095 23970255 1467095 72624414
32 0 47391184 1467095 25748738 1467095 73139922
1 0 89186144 1467164 722120489 1467164 811306633
2 0 86465938 1467164 725386610 1467164 811852548
3 0 84451570 1467164 727883210 1467164 812334780
4 0 82377777 1467164 730418086 1467164 812795863
5 0 80519962 1467164 732752892 1467164 813272854
6 0 79138767 1467164 734602930 1467164 813741697
7 0 77768201 1467164 736437635 1467164 814205836
8 0 76408987 1467164 738275932 1467164 814684919
9 0 74938312 1467164 740212246 1467164 815150558
10 0 73519580 1467164 742096950 1467164 815616530
11 0 72218754 1467164 743869915 1467164 816088669
12 0 70903094 1467164 745642288 1467164 816545382
13 0 69625046 1467164 747398272 1467164 817023318
14 0 68321756 1467164 749206941 1467164 817528697
15 0 66949857 1467164 751049108 1467164 817998965
16 0 65633994 1467164 752824129 1467164 818458123
17 0 64318798 1467164 754603057 1467164 818921855
18 0 63030526 1467164 756356764 1467164 819387290
19 0 61723015 1467164 758149432 1467164 819872447
20 0 61045565 1467164 759916287 1467164 820961852
21 0 59613333 1467164 761833842 1467164 821447175
22 0 58300286 1467164 763618436 1467164 821918722
23 0 56971552 1467164 765401531 1467164 822373083
24 0 55675892 1467164 767162960 1467164 822838852
25 0 54380473 1467164 768930981 1467164 823311454
26 0 52769967 1467164 771035736 1467164 823805703
27 0 51397568 1467164 772872904 1467164 824270472
28 0 50110835 1467164 774642313 1467164 824753148
29 0 48803193 1467164 776418779 1467164 825221972
30 0 47495904 1467164 778183207 1467164 825679111
31 0 46193003 1467164 779953358 1467164 826146361
32 0 45467388 1467164 781787970 1467164 827255358
1 0 86970151 1467234 657167802 1467234 744137953
2 0 85014207 1467234 659670439 1467234 744684646
3 0 83517533 1467234 661642845 1467234 745160378
4 0 82127319 1467234 663498790 1467234 745626109
5 0 80766569 1467234 665331939 1467234 746098508
6 0 79390781 1467234 667176736 1467234 746567517
7 0 78022974 1467234 669008052 1467234 747031026
8 0 76528725 1467234 670979588 1467234 747508313
9 0 75089105 1467234 672884477 1467234 747973582
10 0 73751354 1467234 674690682 1467234 748442036
11 0 72468360 1467234 676454166 1467234 748922526
12 0 71169626 1467234 678223113 1467234 749392739
13 0 69863023 1467234 679989115 1467234 749852138
14 0 69092241 1467234 681920337 1467234 751012578
15 0 67801100 1467234 683698691 1467234 751499791
16 0 66513885 1467234 685461471 1467234 751975356
17 0 65190318 1467234 687241251 1467234 752431569
18 0 63899565 1467234 689000050 1467234 752899615
19 0 62506111 1467234 690863773 1467234 753369884
20 0 61199858 1467234 692632387 1467234 753832245
21 0 59811367 1467234 694487850 1467234 754299217
22 0 58484541 1467234 696281297 1467234 754765838
23 0 57152086 1467234 698064817 1467234 755216903
24 0 55850259 1467234 699830931 1467234 755681190
25 0 54405195 1467234 701745968 1467234 756151163
26 0 53136350 1467234 703518229 1467234 756654579
27 0 51767988 1467234 705341786 1467234 757109774
28 0 50475938 1467234 707109474 1467234 757585412
29 0 49164705 1467234 708887087 1467234 758051792
30 0 47797491 1467234 710722366 1467234 758519857
31 0 46470720 1467234 712500517 1467234 758971237
32 0 45839808 1467234 714267963 1467234 760107771
1 0 92964312 1467304 642217912 1467304 735182224
2 0 90256143 1467304 645517477 1467304 735773620
3 0 88176368 1467304 648092316 1467304 736268684
4 0 86053651 1467304 650730116 1467304 736783767
5 0 84209742 1467304 653065571 1467304 737275313
6 0 82864620 1467304 654932127 1467304 737796747
7 0 81448851 1467304 656842423 1467304 738291274
8 0 80141637 1467304 658707423 1467304 738849060
9 0 78632851 1467304 660715847 1467304 739348698
10 0 77258137 1467304 662609199 1467304 739867336
11 0 75947626 1467304 664454385 1467304 740402011
12 0 74672003 1467304 666256627 1467304 740928630
13 0 73332529 1467304 668077592 1467304 741410121
14 0 72045832 1467304 669918334 1467304 741964166
15 0 70626601 1467304 671827222 1467304 742453823
16 0 69332311 1467304 673642187 1467304 742974498
17 0 67984319 1467304 675466892 1467304 743451211
18 0 66715732 1467304 677247098 1467304 743962830
19 0 65349611 1467304 679095191 1467304 744444802
20 0 64013378 1467304 680943248 1467304 744956626
21 0 62564425 1467304 682874136 1467304 745438561
22 0 61266320 1467304 684685249 1467304 745951569
23 0 59903514 1467304 686529435 1467304 746432949
24 0 58634779 1467304 688311252 1467304 746946031
25 0 57187678 1467304 690251658 1467304 747439336
26 0 55903833 1467304 692080789 1467304 747984622
27 0 54481175 1467304 693974271 1467304 748455446
28 0 53216015 1467304 695768439 1467304 748984454
29 0 51786931 1467304 697674495 1467304 749461426
30 0 50495661 1467304 699482070 1467304 749977731
31 0 49684584 1467304 701373904 1467304 751058488
32 0 48406090 1467304 703184517 1467304 751590607
1 0 57765038 1467374 492374500 1467374 550139538
2 0 56340750 1467374 494188206 1467374 550528956
3 0 55365436 1467374 495487384 1467374 550852820
4 0 54428344 1467374 496736174 1467374 551164518
5 0 53517343 1467374 497960780 1467374 551478123
6 0 52599916 1467374 499199367 1467374 551799283
7 0 51627528 1467374 500486879 1467374 552114407
8 0 50698435 1467374 501728762 1467374 552427197
9 0 49789434 1467374 502953164 1467374 552742598
10 0 48862712 1467374 504191232 1467374 553053944
11 0 47931526 1467374 505433708 1467374 553365234
12 0 46970434 1467374 506699535 1467374 553669969
13 0 46088858 1467374 507896327 1467374 553985185
14 0 45215375 1467374 509113692 1467374 554329067
15 0 44304356 1467374 510336520 1467374 554640876
16 0 43428355 1467374 511526885 1467374 554955240
17 0 42557779 1467374 512711270 1467374 555269049
18 0 41689945 1467374 513889135 1467374 555579080
19 0 40808961 1467374 515083131 1467374 555892092
20 0 39946590 1467374 516253811 1467374 556200401
21 0 39017719 1467374 517491824 1467374 556509543
22 0 38139625 1467374 518684282 1467374 556823907
23 0 37258957 1467374 519866574 1467374 557125531
24 0 36332142 1467374 521102383 1467374 557434525
25 0 35474195 1467374 522279768 1467374 557753963
26 0 34620397 1467374 523458078 1467374 558078475
27 0 33722007 1467374 524671388 1467374 558393395
28 0 33243313 1467374 525848179 1467374 559091492
29 0 32370423 1467374 527025823 1467374 559396246
30 0 31506310 1467374 528204578 1467374 559710888
31 0 31406053 1467374 529381536 1467374 560787589
32 0 30507385 1467374 530670974 1467374 561178359
1 0 115545075 1467444 247596801 1467444 363141876
2 0 113419505 1467444 250146566 1467444 363566071
3 0 111574541 1467444 252324190 1467444 363898731
4 0 109421232 1467444 254795586 1467444 364216818
5 0 107255588 1467444 257285075 1467444 364540663
6 0 105187573 1467444 259717657 1467444 364905230
7 0 102893545 1467444 262334420 1467444 365227965
8 0 100747161 1467444 264807020 1467444 365554181
9 0 98581592 1467444 267322378 1467444 365903970
10 0 96533816 1467444 269719406 1467444 366253222
11 0 94262713 1467444 272313096 1467444 366575809
12 0 92233531 1467444 274677512 1467444 366911043
13 0 90164904 1467444 277074799 1467444 367239703
14 0 88126463 1467444 279493066 1467444 367619529
15 0 85921506 1467444 282022776 1467444 367944282
16 0 83897953 1467444 284381508 1467444 368279461
17 0 81812141 1467444 286786554 1467444 368598695
18 0 79804718 1467444 289134859 1467444 368939577
19 0 77207731 1467444 292051951 1467444 369259682
20 0 75192938 1467444 294407997 1467444 369600935
21 0 72998536 1467444 296921281 1467444 369919817
22 0 71023909 1467444 299274383 1467444 370298292
23 0 68807489 1467444 301805315 1467444 370612804
24 0 66827860 1467444 304151603 1467444 370979463
25 0 64753586 1467444 306556426 1467444 371310012
26 0 62771255 1467444 308901158 1467444 371672413
27 0 60547705 1467444 311446720 1467444 371994425
28 0 58536559 1467444 313810729 1467444 372347288
29 0 56459637 1467444 316219423 1467444 372679060
30 0 54446140 1467444 318565136 1467444 373011276
31 0 51738637 1467444 321591225 1467444 373329862
32 0 49724639 1467444 323951383 1467444 373676022
1 0 90363586 1467514 217782797 1467514 308146383
2 0 88345792 1467514 220405116 1467514 308750908
3 0 86877505 1467514 222376226 1467514 309253731
4 0 85501273 1467514 224242356 1467514 309743629
5 0 84675475 1467514 226194577 1467514 310870052
6 0 83325428 1467514 228060077 1467514 311385505
7 0 81954047 1467514 229954929 1467514 311908976
8 0 80518686 1467514 231885780 1467514 312404466
9 0 78619686 1467514 234300752 1467514 312920438
10 0 77253990 1467514 236144790 1467514 313398780
11 0 75927257 1467514 237985069 1467514 313912326
12 0 74608116 1467514 239784626 1467514 314392742
13 0 73172533 1467514 241721903 1467514 314894436
14 0 71849726 1467514 243562089 1467514 315411815
15 0 70530289 1467514 245394979 1467514 315925268
16 0 69208259 1467514 247194981 1467514 316403240
17 0 67890729 1467514 249009557 1467514 316900286
18 0 66496553 1467514 250877057 1467514 317373610
19 0 65148209 1467514 252735132 1467514 317883341
20 0 63855307 1467514 254514635 1467514 318369942
21 0 62443243 1467514 256420764 1467514 318864007
22 0 61118342 1467514 258220340 1467514 319338682
23 0 59713833 1467514 260125284 1467514 319839117
24 0 58460746 1467514 261936619 1467514 320397365
25 0 57160494 1467514 263762676 1467514 320923170
26 0 55890241 1467514 265546326 1467514 321436567
27 0 54530120 1467514 267419586 1467514 321949706
28 0 53231830 1467514 269205125 1467514 322436955
29 0 51265295 1467514 271728446 1467514 322993741
30 0 49925395 1467514 273550577 1467514 323475972
31 0 48589995 1467514 275377986 1467514 323967981
32 0 47292594 1467514 277158414 1467514 324451008
