1 0 152995139 1467584 517574647 1467584 670569786
2 0 150788961 1467584 520148578 1467584 670937539
3 0 149208510 1467584 522058596 1467584 671267106
4 0 147696059 1467584 523898930 1467584 671594989
5 0 146145755 1467584 525758283 1467584 671904038
6 0 144635044 1467584 527586081 1467584 672221125
7 0 143125703 1467584 529415508 1467584 672541211
8 0 141479550 1467584 531368859 1467584 672848409
9 0 139905284 1467584 533266655 1467584 673171939
10 0 138381314 1467584 535118582 1467584 673499896
11 0 136910603 1467584 536895565 1467584 673806168
12 0 135436409 1467584 538682771 1467584 674119180
13 0 133781516 1467584 540651288 1467584 674432804
14 0 132285471 1467584 542467956 1467584 674753427
15 0 130834240 1467584 544243551 1467584 675077791
16 0 129365213 1467584 546019202 1467584 675384415
17 0 127901723 1467584 547795482 1467584 675697205
18 0 126440437 1467584 549567077 1467584 676007514
19 0 124889097 1467584 551423281 1467584 676312378
20 0 123431458 1467584 553194543 1467584 676626001
21 0 121834841 1467584 555118765 1467584 676953606
22 0 120379388 1467584 556919452 1467584 677298840
23 0 118904509 1467584 558708621 1467584 677613130
24 0 117378743 1467584 560549103 1467584 677927846
25 0 115892087 1467584 562353753 1467584 678245840
26 0 114421245 1467584 564129404 1467584 678550649
27 0 112938256 1467584 565929794 1467584 678868050
28 0 111491210 1467584 567692964 1467584 679184174
29 0 110011091 1467584 569478355 1467584 679489446
30 0 108456807 1467584 571348225 1467584 679805032
31 0 107302163 1467584 573146264 1467584 680448427
32 0 105879061 1467584 574915878 1467584 680794939
33 0 104417256 1467584 576688954 1467584 681106210
34 0 102939099 1467584 578522715 1467584 681461814
35 0 101439629 1467584 580345401 1467584 681785030
36 0 99944510 1467584 582154107 1467584 682098617
37 0 98466372 1467584 583937683 1467584 682404055
38 0 96999809 1467584 585718259 1467584 682718068
39 0 95538096 1467584 587497391 1467584 683035487
40 0 94072569 1467584 589277023 1467584 683349592
41 0 92558802 1467584 591104006 1467584 683662808
42 0 91098571 1467584 592878268 1467584 683976839
43 0 89626916 1467584 594657177 1467584 684284093
44 0 88177018 1467584 596420661 1467584 684597679
45 0 86725305 1467584 598196553 1467584 684921858
46 0 85301777 1467584 599961833 1467584 685263610
47 0 83697531 1467584 601868999 1467584 685566530
48 0 82229689 1467584 603649261 1467584 685878950
49 0 80765533 1467584 605424041 1467584 686189574
50 0 79322709 1467584 607191081 1467584 686513790
51 0 77842905 1467584 608976101 1467584 686819006
52 0 77082068 1467584 610792566 1467584 687874634
53 0 75566023 1467584 612601586 1467584 688167609
54 0 74102589 1467584 614371811 1467584 688474400
55 0 72620488 1467584 616169368 1467584 688789856
56 0 71164017 1467584 617930056 1467584 689094073
57 0 69698860 1467584 619713021 1467584 689411881
58 0 68160742 1467584 621555541 1467584 689716283
59 0 66728900 1467584 623333524 1467584 690062424
60 0 65290020 1467584 625175933 1467584 690465953
61 0 63824605 1467584 626966564 1467584 690791169
62 0 62347411 1467584 628753715 1467584 691101126
63 0 60838107 1467584 630585235 1467584 691423342
64 0 59342155 1467584 632390977 1467584 691733132
1 0 156216688 1467722 827868432 1467722 984085120
2 0 153993121 1467722 830481455 1467722 984474576
3 0 152367856 1467722 832441435 1467722 984809291
4 0 150848757 1467722 834293491 1467722 985142248
5 0 149268343 1467722 836223620 1467722 985491963
6 0 147774910 1467722 838072491 1467722 985847401
7 0 146200589 1467722 839965417 1467722 986166006
8 0 144481251 1467722 842010822 1467722 986492073
9 0 142896226 1467722 843951303 1467722 986847529
10 0 141386571 1467722 845789952 1467722 987176523
11 0 139907693 1467722 847623323 1467722 987531016
12 0 138431444 1467722 849427677 1467722 987859121
13 0 136854308 1467722 851341695 1467722 988196003
14 0 135362726 1467722 853169289 1467722 988532015
15 0 133873144 1467722 855004975 1467722 988878119
16 0 132403005 1467722 856799515 1467722 989202520
17 0 130905257 1467722 858630090 1467722 989535347
18 0 129260252 1467722 860596663 1467722 989856915
19 0 127747227 1467722 862488033 1467722 990235260
20 0 126311254 1467722 864279554 1467722 990590808
21 0 124694805 1467722 866227904 1467722 990922709
22 0 123248573 1467722 868053869 1467722 991302442
23 0 121715603 1467722 869905444 1467722 991621047
24 0 120184504 1467722 871779611 1467722 991964115
25 0 118668885 1467722 873620797 1467722 992289682
26 0 117214543 1467722 875411503 1467722 992626046
27 0 115684722 1467722 877264596 1467722 992949318
28 0 114248379 1467722 879050080 1467722 993298459
29 0 112051200 1467722 881562364 1467722 993613564
30 0 110588247 1467722 883367718 1467722 993955965
31 0 109072313 1467722 885214904 1467722 994287217
32 0 107653064 1467722 886990906 1467722 994643970
33 0 106159518 1467722 888807408 1467722 994966926
34 0 104611234 1467722 890710222 1467722 995321456
35 0 103095615 1467722 892548668 1467722 995644283
36 0 101652662 1467722 894343874 1467722 995996536
37 0 100142877 1467722 896167134 1467722 996310011
38 0 98691775 1467722 897961970 1467722 996653745
39 0 97210712 1467722 899772675 1467722 996983387
40 0 95110123 1467722 902210961 1467722 997321084
41 0 93596246 1467722 904053943 1467722 997650189
42 0 92154496 1467722 905838705 1467722 997993201
43 0 90644248 1467722 907666687 1467722 998310935
44 0 89224053 1467722 909436579 1467722 998660632
45 0 87657825 1467722 911323060 1467722 998980885
46 0 86249092 1467722 913110711 1467722 999359803
47 0 84692253 1467722 914980433 1467722 999672686
48 0 84119042 1467722 916771102 1467723 890144
49 0 82649256 1467722 918598844 1467723 1248100
50 0 80888105 1467722 920724303 1467723 1612408
51 0 79344172 1467722 922583581 1467723 1927753
52 0 77912126 1467722 924366954 1467723 2279080
53 0 76381211 1467722 926219603 1467723 2600814
54 0 74937629 1467722 927998401 1467723 2936030
55 0 73415103 1467722 929842569 1467723 3257672
56 0 71897577 1467722 931701014 1467723 3598591
57 0 70366144 1467722 933551126 1467723 3917270
58 0 68935987 1467722 935333906 1467723 4269893
59 0 67441423 1467722 937148426 1467723 4589849
60 0 66014988 1467722 938987409 1467723 5002397
61 0 64432167 1467722 940892409 1467723 5324576
62 0 62987436 1467722 942695040 1467723 5682476
63 0 61493669 1467722 944520264 1467723 6013933
64 0 60032030 1467722 946323766 1467723 6355796
1 0 151951069 1467861 237769187 1467861 389720256
2 0 149721631 1467861 240384099 1467861 390105730
3 0 148176087 1467861 242269451 1467861 390445538
4 0 146679801 1467861 244094934 1467861 390774735
5 0 145129702 1467861 245954749 1467861 391084451
6 0 143636231 1467861 247771788 1467861 391408019
7 0 142134816 1467861 249590419 1467861 391725235
8 0 140453312 1467861 251581510 1467861 392034822
9 0 138881750 1467861 253478584 1467861 392360334
10 0 137385187 1467861 255305678 1467861 392690865
11 0 135939067 1467861 257071847 1467861 393010914
12 0 134461855 1467861 258866071 1467861 393327926
13 0 132855627 1467861 260789793 1467861 393645420
14 0 131363489 1467861 262599517 1467861 393963006
15 0 129913721 1467861 264373112 1467861 394286833
16 0 128458010 1467861 266146188 1467861 394604198
17 0 126995019 1467861 267914876 1467861 394909895
18 0 125538030 1467861 269686767 1467861 395224797
19 0 123961023 1467861 271572397 1467861 395533420
20 0 122504273 1467861 273341974 1467861 395846247
21 0 120932619 1467861 275234900 1467861 396167519
22 0 119424833 1467861 277048235 1467861 396473068
23 0 117956789 1467861 278840551 1467861 396797340
24 0 116434114 1467861 280676923 1467861 397111037
25 0 114953569 1467861 282471240 1467861 397424809
26 0 113495857 1467861 284241446 1467861 397737303
27 0 112023441 1467861 286026374 1467861 398049815
28 0 110577859 1467861 287786154 1467861 398364013
29 0 109110795 1467861 289557675 1467861 398668470
30 0 107221183 1467861 291760966 1467861 398982149
31 0 105743545 1467861 293553542 1467861 399297087
32 0 104312221 1467861 295307156 1467861 399619377
33 0 102873009 1467861 297059899 1467861 399932908
34 0 101418241 1467861 298873975 1467861 400292216
35 0 99934140 1467861 300707791 1467861 400641931
36 0 98454299 1467861 302503867 1467861 400958166
37 0 96980032 1467861 304294091 1467861 401274123
38 0 95508875 1467861 306077149 1467861 401586024
39 0 94060236 1467861 307838189 1467861 401898425
40 0 92580821 1467861 309622154 1467861 402202975
41 0 91068147 1467861 311463599 1467861 402531746
42 0 89597787 1467861 313248509 1467861 402846296
43 0 88133927 1467861 315025122 1467861 403159049
44 0 86682362 1467861 316799088 1467861 403481450
45 0 85233873 1467861 318560164 1467861 403794037
46 0 83442277 1467861 320662346 1467861 404104623
47 0 81926678 1467861 322506624 1467861 404433302
48 0 80466243 1467861 324279460 1467861 404745703
49 0 79016179 1467861 326046407 1467861 405062586
50 0 77566392 1467861 327809595 1467861 405375987
51 0 76112865 1467861 329578449 1467861 405691314
52 0 74589043 1467861 331427709 1467861 406016752
53 0 73838521 1467861 333240822 1467861 407079343
54 0 72368161 1467861 335007713 1467861 407375874
55 0 70878597 1467861 336816363 1467861 407694960
56 0 69425384 1467861 338575107 1467861 408000491
57 0 67910618 1467861 340406978 1467861 408317596
58 0 66433498 1467861 342187907 1467861 408621405
59 0 64976009 1467861 343971853 1467861 408947862
60 0 63552610 1467861 345772374 1467861 409324984
61 0 62106028 1467861 347554246 1467861 409660274
62 0 60637538 1467861 349337100 1467861 409974638
63 0 58919961 1467861 351990585 1467861 410910546
64 0 57456081 1467861 353786773 1467861 411242854
1 0 149883646 1468000 167805020 1468000 317688666
2 0 147653802 1468000 170397228 1468000 318051030
3 0 146065388 1468000 172304580 1468000 318369968
4 0 144550214 1468000 174151766 1468000 318701980
5 0 142951115 1468000 176074247 1468000 319025362
6 0 141429163 1468000 177914341 1468000 319343504
7 0 139911119 1468000 179754453 1468000 319665572
8 0 138203449 1468000 181775080 1468000 319978529
9 0 136933381 1468000 183688580 1468000 320621961
10 0 135429059 1468000 185529340 1468000 320958399
11 0 133960235 1468000 187314972 1468000 321275207
12 0 132475728 1468000 189116307 1468000 321592035
13 0 130946535 1468000 190964604 1468000 321911139
14 0 129455064 1468000 192771921 1468000 322226985
15 0 127998648 1468000 194552627 1468000 322551275
16 0 126533084 1468000 196336407 1468000 322869491
17 0 125060002 1468000 198114187 1468000 323174189
18 0 123596549 1468000 199893226 1468000 323489775
19 0 121988895 1468000 201815115 1468000 323804010
20 0 120516313 1468000 203590950 1468000 324107263
21 0 118939029 1468000 205489969 1468000 324428998
22 0 117427058 1468000 207315137 1468000 324742195
23 0 115956791 1468000 209112787 1468000 325069578
24 0 114424635 1468000 210957103 1468000 325381738
25 0 112931276 1468000 212763456 1468000 325694732
26 0 111457712 1468000 214548310 1468000 326006022
27 0 109968760 1468000 216352053 1468000 326320813
28 0 108514510 1468000 218119574 1468000 326634084
29 0 107037391 1468000 219913039 1468000 326950430
30 0 105404015 1468000 221850020 1468000 327254035
31 0 103910730 1468000 223657447 1468000 327568177
32 0 102464239 1468000 225430413 1468000 327894652
33 0 100974824 1468000 227227618 1468000 328202442
34 0 99468224 1468000 229048194 1468000 328516418
35 0 97954217 1468000 230913583 1468000 328867800
36 0 96479541 1468000 232701345 1468000 329180886
37 0 94996589 1468000 234496865 1468000 329493454
38 0 93513359 1468000 236293941 1468000 329807300
39 0 92090127 1468000 238064370 1468000 330154497
40 0 90611582 1468000 239862075 1468000 330473657
41 0 89084168 1468000 241709965 1468000 330794133
42 0 87610807 1468000 243497634 1468000 331108441
43 0 86149132 1468000 245276062 1468000 331425194
44 0 84670254 1468000 247057916 1468000 331728170
45 0 83224375 1468000 248826474 1468000 332050849
46 0 81693145 1468000 250677179 1468000 332370324
47 0 80184267 1468000 252501810 1468000 332686077
48 0 78684223 1468000 254315163 1468000 332999386
49 0 77223362 1468000 256092814 1468000 333316176
50 0 75768205 1468000 257867798 1468000 333636003
51 0 74283753 1468000 259663985 1468000 333947738
52 0 72774468 1468000 261493356 1468000 334267824
53 0 71272145 1468000 263312099 1468000 334584244
54 0 69792545 1468000 265095119 1468000 334887664
55 0 68296518 1468000 266906066 1468000 335202584
56 0 66830065 1468000 268684809 1468000 335514874
57 0 65298966 1468000 270537272 1468000 335836238
58 0 63808754 1468000 272333237 1468000 336141991
59 0 62336412 1468000 274135665 1468000 336472077
60 0 60901181 1468000 275950352 1468000 336851533
61 0 59426654 1468000 277741465 1468000 337168119
62 0 57944424 1468000 279544541 1468000 337488965
63 0 55428177 1468000 282377282 1468000 337805459
64 0 54493695 1468000 283616684 1468000 338110379
1 0 151514967 1468138 327099768 1468138 478614735
2 0 149350620 1468138 329612460 1468138 478963080
3 0 147709393 1468138 331575792 1468138 479285185
4 0 146202033 1468138 333404738 1468138 479606771
5 0 144658453 1468138 335258072 1468138 479916525
6 0 143955985 1468138 337068907 1468138 481024892
7 0 142472014 1468138 338886112 1468138 481358126
8 0 140837157 1468138 340828926 1468138 481666083
9 0 139260521 1468138 342724945 1468138 481985466
10 0 137777717 1468138 344532261 1468138 482309978
11 0 136324356 1468138 346289301 1468138 482613657
12 0 134858144 1468138 348064637 1468138 482922781
13 0 133410561 1468138 349822269 1468138 483232830
14 0 131823888 1468138 351719473 1468138 483543361
15 0 130379917 1468138 353482197 1468138 483862114
16 0 128922501 1468138 355243459 1468138 484165960
17 0 127473270 1468138 357001869 1468138 484475139
18 0 126023761 1468138 358757983 1468138 484781744
19 0 124416311 1468138 360666687 1468138 485082998
20 0 122951821 1468138 362438652 1468138 485390473
21 0 121382759 1468138 364321745 1468138 485704504
22 0 119927399 1468138 366114858 1468138 486042257
23 0 118464816 1468138 367887009 1468138 486351825
24 0 117014251 1468138 369648697 1468138 486662948
25 0 115494004 1468138 371483364 1468138 486977368
26 0 114029458 1468138 373249145 1468138 487278603
27 0 112556746 1468138 375032721 1468138 487589467
28 0 111129459 1468138 376775965 1468138 487905424
29 0 109672432 1468138 378545412 1468138 488217844
30 0 108066371 1468138 380458615 1468138 488524986
31 0 106571992 1468138 382262321 1468138 488834313
32 0 105137151 1468138 384016675 1468138 489153826
33 0 103678938 1468138 385778382 1468138 489457320
34 0 102208282 1468138 387592031 1468138 489800313
35 0 100790642 1468138 389353627 1468138 490144269
36 0 99283117 1468138 391194924 1468138 490478041
37 0 97812998 1468138 392968889 1468138 490781887
38 0 96359822 1468138 394733244 1468138 491093066
39 0 94922294 1468138 396482784 1468138 491405078
40 0 93463767 1468138 398252601 1468138 491716368
41 0 90900910 1468138 401124860 1468138 492025770
42 0 89363181 1468138 402973842 1468138 492337023
43 0 87891173 1468138 404746696 1468138 492637869
44 0 86454367 1468138 406491125 1468138 492945492
45 0 85012803 1468138 408247572 1468138 493260375
46 0 83603386 1468138 409993057 1468138 493596443
47 0 82031064 1468138 411870076 1468138 493901140
48 0 80580500 1468138 413630264 1468138 494210764
49 0 79128585 1468138 415391062 1468138 494519647
50 0 77695724 1468138 417142306 1468138 494838030
51 0 76236178 1468138 418902068 1468138 495138246
52 0 74746800 1468138 420711903 1468138 495458703
53 0 73265143 1468138 422500683 1468138 495765826
54 0 71812708 1468138 424253186 1468138 496065894
55 0 70329756 1468138 426047484 1468138 496377240
56 0 68883655 1468138 427801931 1468138 496685586
57 0 67425646 1468138 429568304 1468138 496993950
58 0 65913287 1468138 431398194 1468138 497311481
59 0 64448186 1468138 433172604 1468138 497620790
60 0 62994455 1468138 435001587 1468138 497996042
61 0 61535224 1468138 436776904 1468138 498312128
62 0 60076345 1468138 438555925 1468138 498632270
63 0 58028756 1468138 440919564 1468138 498948320
64 0 57950775 1468138 442735603 1468138 500686378
1 0 151556596 1468276 617270084 1468276 768826680
2 0 149406027 1468276 619777776 1468276 769183803
3 0 147709949 1468276 621800644 1468276 769510593
4 0 146192756 1468276 623625682 1468276 769818438
5 0 145061852 1468276 625474072 1468276 770535924
6 0 143589918 1468276 627281870 1468276 770871788
7 0 142093021 1468276 629098057 1468276 771191078
8 0 140476294 1468276 631035908 1468276 771512202
9 0 138908343 1468276 632919334 1468276 771827677
10 0 137410372 1468276 634731354 1468276 772141726
11 0 135967104 1468276 636487246 1468276 772454350
12 0 134508411 1468276 638251526 1468276 772759937
13 0 133073994 1468276 639994085 1468276 773068079
14 0 131514118 1468276 641881177 1468276 773395295
15 0 130063090 1468276 643636921 1468276 773700011
16 0 128636729 1468276 645375702 1468276 774012431
17 0 127161591 1468276 647153093 1468276 774314684
18 0 125719842 1468276 648907929 1468276 774627771
19 0 124202000 1468276 650737227 1468276 774939227
20 0 122765251 1468276 652485433 1468276 775250684
21 0 121233299 1468276 654362360 1468276 775595659
22 0 119759699 1468276 656152565 1468276 775912264
23 0 118298745 1468276 657917457 1468276 776216202
24 0 116846756 1468276 659679163 1468276 776525919
25 0 115265953 1468276 661571256 1468276 776837209
26 0 113802926 1468276 663335777 1468276 777138703
27 0 112336139 1468276 665117039 1468276 777453178
28 0 110900224 1468276 666861819 1468276 777762043
29 0 109452918 1468276 668620896 1468276 778073814
30 0 107962873 1468276 670414324 1468276 778377197
31 0 106491384 1468276 672195789 1468276 778687173
32 0 105071430 1468276 673941329 1468276 779012759
33 0 103634884 1468276 675704943 1468276 779339827
34 0 102156690 1468276 677494149 1468276 779650839
35 0 100703182 1468276 679255077 1468276 779958259
36 0 99240377 1468276 681071320 1468276 780311697
37 0 97787664 1468276 682840915 1468276 780628579
38 0 96333471 1468276 684601047 1468276 780934518
39 0 94902906 1468276 686348365 1468276 781251271
40 0 93438490 1468276 688114627 1468276 781553117
41 0 92003370 1468276 689863389 1468276 781866759
42 0 90500751 1468276 691676946 1468276 782177697
43 0 89030928 1468276 693455356 1468276 782486284
44 0 87582531 1468276 695211136 1468276 782793667
45 0 86164891 1468276 696946510 1468276 783111401
46 0 84708661 1468276 698710364 1468276 783419025
47 0 83165505 1468276 700554606 1468276 783720111
48 0 81689590 1468276 702340349 1468276 784029939
49 0 80190397 1468276 704148406 1468276 784338803
50 0 78747129 1468276 705907316 1468276 784654445
51 0 77297528 1468276 707668948 1468276 784966476
52 0 75856370 1468276 709415396 1468276 785271766
53 0 73405048 1468276 712176120 1468276 785581168
54 0 71932466 1468276 713948992 1468276 785881458
55 0 70457532 1468276 715737402 1468276 786194934
56 0 69030930 1468276 717473738 1468276 786504668
57 0 67613587 1468276 719228871 1468276 786842458
58 0 66118635 1468276 721024984 1468276 787143619
59 0 65481037 1468276 722800671 1468276 788281708
60 0 64053120 1468276 724583970 1468276 788637090
61 0 62631443 1468276 726328251 1468276 788959694
62 0 61192842 1468276 728081328 1468276 789274170
63 0 59761703 1468276 729821368 1468276 789583071
64 0 56816779 1468276 733091156 1468276 789907935
1 0 144945910 1468414 812872443 1468414 957818353
2 0 142071245 1468414 816142601 1468414 958213846
3 0 139870639 1468414 818668274 1468414 958538913
4 0 137684312 1468414 821190595 1468414 958874907
5 0 135478465 1468414 823723398 1468414 959201863
6 0 133380878 1468414 826144498 1468414 959525376
7 0 131262548 1468414 828614413 1468414 959876961
8 0 129622506 1468414 831215177 1468414 960837683
9 0 127416475 1468414 833764553 1468414 961181028
10 0 125335257 1468414 836210820 1468414 961546077
11 0 123231519 1468414 838632292 1468414 961863811
12 0 121115228 1468414 841092651 1468414 962207879
13 0 119023231 1468414 843505493 1468414 962528724
14 0 116978512 1468414 845882132 1468414 962860644
15 0 114957070 1468414 848287955 1468414 963245025
16 0 112861000 1468414 850732667 1468414 963593667
17 0 110763560 1468414 853142434 1468414 963905994
18 0 108734766 1468414 855511295 1468414 964246061
19 0 106639992 1468414 857930137 1468414 964570129
20 0 104336333 1468414 860565697 1468414 964902030
21 0 102070174 1468414 863156646 1468414 965226820
22 0 100024510 1468414 865536285 1468414 965560795
23 0 97924718 1468414 867968552 1468414 965893270
24 0 95857240 1468414 870382005 1468414 966239245
25 0 93734781 1468414 872826087 1468414 966560868
26 0 91754504 1468414 875144394 1468414 966898898
27 0 90818782 1468414 876400295 1468414 967219077
28 0 89971966 1468414 877586568 1468414 967558534
29 0 89070335 1468414 878809303 1468414 967879638
30 0 88221148 1468414 879988817 1468414 968209965
31 0 86817879 1468414 881712506 1468414 968530385
32 0 85989932 1468414 882898335 1468414 968888267
33 0 85091505 1468414 884106978 1468414 969198483
34 0 84203541 1468414 885336435 1468414 969539976
35 0 83342614 1468414 886547226 1468414 969889840
36 0 82538703 1468414 887731018 1468414 970269721
37 0 81659702 1468414 888942124 1468414 970601826
38 0 80793275 1468414 890157026 1468414 970950301
39 0 79880773 1468414 891390262 1468414 971271035
40 0 79020364 1468414 892581794 1468414 971602158
41 0 78133474 1468414 893792641 1468414 971926115
42 0 77256695 1468414 895015024 1468414 972271719
43 0 76345750 1468414 896246093 1468414 972591843
44 0 75481526 1468414 897442292 1468414 972923818
45 0 74590100 1468414 898652323 1468414 973242423
46 0 73740152 1468414 899849782 1468414 973589934
47 0 72616082 1468414 901295920 1468414 973912002
48 0 71756506 1468414 902494952 1468414 974251458
49 0 70850542 1468414 903723669 1468414 974574211
50 0 70000615 1468414 904915016 1468414 974915631
51 0 69094373 1468414 906140529 1468414 975234902
52 0 68252389 1468414 907328358 1468414 975580747
53 0 67340111 1468414 908560130 1468414 975900241
54 0 66484295 1468414 909748625 1468414 976232920
55 0 65526072 1468414 911024045 1468414 976550117
56 0 64678607 1468414 912210855 1468414 976889462
57 0 63789662 1468414 913424072 1468414 977213734
58 0 62970974 1468414 914606401 1468414 977577375
59 0 62080473 1468414 915825525 1468414 977905998
60 0 61292136 1468414 917035113 1468414 978327249
61 0 60398358 1468414 918257700 1468414 978656058
62 0 59563596 1468414 919443195 1468414 979006791
63 0 58279788 1468414 921049368 1468414 979329156
64 0 57404601 1468414 922261992 1468414 979666593
1 0 149505951 1468552 637439460 1468552 786945411
2 0 147352363 1468552 639964411 1468552 787316774
3 0 145591324 1468552 642054055 1468552 787645379
4 0 144085760 1468552 643888316 1468552 787974076
5 0 142540272 1468552 645756298 1468552 788296570
6 0 141036006 1468552 647579558 1468552 788615564
7 0 139523221 1468552 649411837 1468552 788935058
8 0 137875178 1468552 651378410 1468552 789253588
9 0 136273728 1468552 653291965 1468552 789565693
10 0 134787517 1468552 655117374 1468552 789904891
11 0 133756296 1468552 656890025 1468552 790646321
12 0 132284213 1468552 658683027 1468552 790967240
13 0 130763336 1468552 660522861 1468552 791286197
14 0 129275643 1468552 662338344 1468552 791613987
15 0 127814171 1468552 664117328 1468552 791931499
16 0 126353570 1468552 665895590 1468552 792249160
17 0 124901857 1468552 667672722 1468552 792574579
18 0 123435756 1468552 669448039 1468552 792883795
19 0 121844435 1468552 671354150 1468552 793198585
20 0 120368613 1468552 673136022 1468552 793504635
21 0 118793717 1468552 675036430 1468552 793830147
22 0 117336505 1468552 676845709 1468552 794182214
23 0 115855108 1468552 678639637 1468552 794494745
24 0 114341657 1468552 680467564 1468552 794809221
25 0 112854297 1468552 682272788 1468552 795127085
26 0 111383696 1468552 684049809 1468552 795433505
27 0 109889281 1468552 685861107 1468552 795750388
28 0 108445327 1468552 687627054 1468552 796072381
29 0 106986540 1468552 689401520 1468552 796388060
30 0 105331980 1468552 691362074 1468552 796694054
31 0 103841639 1468552 693167094 1468552 797008733
32 0 102387112 1468552 694943782 1468552 797330894
33 0 100919363 1468552 696719080 1468552 797638443
34 0 99430058 1468552 698556767 1468552 797986825
35 0 97920440 1468552 700385027 1468552 798305467
36 0 96415173 1468552 702202677 1468552 798617850
37 0 94942776 1468552 703990772 1468552 798933548
38 0 93475712 1468552 705771570 1468552 799247282
39 0 92020481 1468552 707542369 1468552 799562850
40 0 90546843 1468552 709336186 1468552 799883029
41 0 87955949 1468552 712275536 1468552 800231485
42 0 86481497 1468552 714073167 1468552 800554664
43 0 85012729 1468552 715858262 1468552 800870991
44 0 83553202 1468552 717626820 1468552 801180022
45 0 82117304 1468552 719387638 1468552 801504942
46 0 80613426 1468552 721218158 1468552 801831584
47 0 79097808 1468552 723049992 1468552 802147800
48 0 77633762 1468552 724820013 1468552 802453775
49 0 76174939 1468552 726590682 1468552 802765621
50 0 74727022 1468552 728355426 1468552 803082448
51 0 72690988 1468552 730712750 1468552 803403738
52 0 71184314 1468552 732531344 1468552 803715658
53 0 69693213 1468552 734338605 1468552 804031818
54 0 68238335 1468552 736101589 1468552 804339924
55 0 66758215 1468552 737894702 1468552 804652917
56 0 65327465 1468552 739647076 1468552 804974541
57 0 64603312 1468552 741485040 1468552 806088352
58 0 63134915 1468552 743248746 1468552 806383661
59 0 61677758 1468552 745031656 1468552 806709414
60 0 60262842 1468552 746835917 1468552 807098759
61 0 58813740 1468552 748619234 1468552 807432974
62 0 57014628 1468552 750731229 1468552 807745857
63 0 55525879 1468552 752541472 1468552 808067351
64 0 54628563 1468552 753749559 1468552 808378122
1 0 153058478 1468691 557559413 1468691 710617891
2 0 150869225 1468691 560129252 1468691 710998477
3 0 149292884 1468691 562043382 1468691 711336266
4 0 147768711 1468691 563880809 1468691 711649520
5 0 146219536 1468691 565745366 1468691 711964902
6 0 144713121 1468691 567576238 1468691 712289359
7 0 143189836 1468691 569407091 1468691 712596927
8 0 141534739 1468691 571381738 1468691 712916477
9 0 139482093 1468691 573755451 1468691 713237544
10 0 137963492 1468691 575593305 1468691 713556797
11 0 136501466 1468691 577369566 1468691 713871032
12 0 135018235 1468691 579158828 1468691 714177063
13 0 133448006 1468691 581042310 1468691 714490316
14 0 131976701 1468691 582849053 1468691 714825754
15 0 130510563 1468691 584623278 1468691 715133841
16 0 129032480 1468691 586415373 1468691 715447853
17 0 127583434 1468691 588187246 1468691 715770680
18 0 126124963 1468691 589951693 1468691 716076656
19 0 124468551 1468691 591922729 1468691 716391280
20 0 123013375 1468691 593698972 1468691 716712347
21 0 121454424 1468691 595593695 1468691 717048119
22 0 119970934 1468691 597402697 1468691 717373631
23 0 118493944 1468691 599189866 1468691 717683810
24 0 116973252 1468691 601022941 1468691 717996193
25 0 115491632 1468691 602816555 1468691 718308187
26 0 114034697 1468691 604589113 1468691 718623810
27 0 112564596 1468691 606371449 1468691 718936045
28 0 111121772 1468691 608127767 1468691 719249539
29 0 109649375 1468691 609912899 1468691 719562274
30 0 107461954 1468691 612408017 1468691 719869971
31 0 106016668 1468691 614201260 1468691 720217928
32 0 104593158 1468691 615961615 1468691 720554773
33 0 103170704 1468691 617718451 1468691 720889155
34 0 101666622 1468691 619538101 1468691 721204723
35 0 100151615 1468691 621366473 1468691 721518088
36 0 98689569 1468691 623148938 1468691 721838507
37 0 97222023 1468691 624922719 1468691 722144742
38 0 95763792 1468691 626692203 1468691 722455995
39 0 94325450 1468691 628446558 1468691 722772008
40 0 92268897 1468691 630821327 1468691 723090224
41 0 90760371 1468691 632635847 1468691 723396218
42 0 89288862 1468691 634421387 1468691 723710249
43 0 87829761 1468691 636189834 1468691 724019595
44 0 86375067 1468691 637954411 1468691 724329478
45 0 84926798 1468691 639724284 1468691 724651082
46 0 83392921 1468691 641571359 1468691 724964280
47 0 81895653 1468691 643372584 1468691 725268237
48 0 80430293 1468691 645150475 1468691 725580768
49 0 78984950 1468691 646909108 1468691 725894058
50 0 77548571 1468691 648673907 1468691 726222478
51 0 75732829 1468691 650798680 1468691 726531509
52 0 74263338 1468691 652578998 1468691 726842336
53 0 72759312 1468691 654398240 1468691 727157552
54 0 71308914 1468691 656159669 1468691 727468583
55 0 69825776 1468691 657953227 1468691 727779003
56 0 68385952 1468691 659709045 1468691 728094997
57 0 66869204 1468691 661549065 1468691 728418269
58 0 65406547 1468691 663315623 1468691 728722170
59 0 63937557 1468691 665101366 1468691 729038923
60 0 62516196 1468691 666909961 1468691 729426157
61 0 61052243 1468691 668691648 1468691 729743891
62 0 59482310 1468691 671075010 1468691 730557320
63 0 58044875 1468691 672859957 1468691 730904832
64 0 56575052 1468691 674645681 1468691 731220733
1 0 148656503 1468829 447313557 1468829 595970060
2 0 146524823 1468829 449823119 1468829 596347942
3 0 144858300 1468829 451810914 1468829 596669214
4 0 143347143 1468829 453651175 1468829 596998318
5 0 141801766 1468829 455516694 1468829 597318460
6 0 140295555 1468829 457341751 1468829 597637306
7 0 138791454 1468829 459167457 1468829 597958911
8 0 137045877 1468829 461237342 1468829 598283219
9 0 135456889 1468829 463142435 1468829 598599324
10 0 133973455 1468829 464958881 1468829 598932336
11 0 132509299 1468829 466733013 1468829 599242312
12 0 131046993 1468829 468513664 1468829 599560657
13 0 129546411 1468829 470330555 1468829 599876966
14 0 128103754 1468829 472139020 1468829 600242774
15 0 126669559 1468829 473910356 1468829 600579915
16 0 125200088 1468829 475702395 1468829 600902483
17 0 123746653 1468829 477477509 1468829 601224162
18 0 122293200 1468829 479249141 1468829 601542341
19 0 120765378 1468829 481098883 1468829 601864261
20 0 119300537 1468829 482871533 1468829 602172070
21 0 117732104 1468829 484761719 1468829 602493823
22 0 116243429 1468829 486561036 1468829 602804465
23 0 114785661 1468829 488344038 1468829 603129699
24 0 113297301 1468829 490152281 1468829 603449582
25 0 111804590 1468829 491962190 1468829 603766780
26 0 110347044 1468829 493733063 1468829 604080107
27 0 108878646 1468829 495520714 1468829 604399360
28 0 107436581 1468829 497277569 1468829 604714150
29 0 105975146 1468829 499055942 1468829 605031088
30 0 104433862 1468829 500909683 1468829 605343545
31 0 102957298 1468829 502699797 1468829 605657095
32 0 101524455 1468829 504463096 1468829 605987551
33 0 100069613 1468829 506227006 1468829 606296619
34 0 98558643 1468829 508053915 1468829 606612558
35 0 97143578 1468829 509819362 1468829 606962940
36 0 95604126 1468829 511673178 1468829 607277304
37 0 94142543 1468829 513457292 1468829 607599835
38 0 92677387 1468829 515236331 1468829 607913718
39 0 91225710 1468829 517003464 1468829 608229174
40 0 89771258 1468829 518782577 1468829 608553835
41 0 88271120 1468829 520605727 1468829 608876847
42 0 86795556 1468829 522398414 1468829 609193970
43 0 85338789 1468829 524171361 1468829 609510150
44 0 83868409 1468829 525947679 1468829 609816088
45 0 84068850 1468829 527699978 1468829 611768828
46 0 82639915 1468829 529490684 1468829 612130599
47 0 81102148 1468829 531352963 1468829 612455111
48 0 79642565 1468829 533134280 1468829 612776845
49 0 78183815 1468829 534910635 1468829 613094450
50 0 76735381 1468829 536678471 1468829 613413852
51 0 76026061 1468829 538454899 1468829 614480960
52 0 74526220 1468829 540254420 1468829 614780640
53 0 73021712 1468829 542079051 1468829 615100763
54 0 71577870 1468829 543849609 1468829 615427479
55 0 70103603 1468829 545640500 1468829 615744103
56 0 68666797 1468829 547398929 1468829 616065726
57 0 67211548 1468829 549172598 1468829 616384146
58 0 65717224 1468829 550984971 1468829 616702195
59 0 64245883 1468829 552774380 1468829 617020263
60 0 62821929 1468829 554592308 1468829 617414237
61 0 61375345 1468829 556375385 1468829 617750730
62 0 59939355 1468829 558144795 1468829 618084150
63 0 58493827 1468829 559903057 1468829 618396884
64 0 56971301 1468829 561749225 1468829 618720526
