1 0 257046801 1468967 667365745 1468967 924412546
2 0 254933547 1468967 669853974 1468967 924787521
3 0 253282893 1468967 671833788 1468967 925116681
4 0 251738886 1468967 673701622 1468967 925440508
5 0 250171749 1468967 675585993 1468967 925757742
6 0 248635742 1468967 677446253 1468967 926081995
7 0 247113068 1468967 679281588 1468967 926394656
8 0 245512081 1468967 681200884 1468967 926712965
9 0 243454214 1468967 683583263 1468967 927037477
10 0 241934798 1468967 685427376 1468967 927362174
11 0 240434272 1468967 687247118 1468967 927681390
12 0 238963357 1468967 689024898 1468967 927988255
13 0 237405072 1468967 690899417 1468967 928304489
14 0 235943453 1468967 692680123 1468967 928623576
15 0 234467074 1468967 694469533 1468967 928936607
16 0 232996435 1468967 696262332 1468967 929258767
17 0 231526630 1468967 698045816 1468967 929572446
18 0 230012567 1468967 699866799 1468967 929879366
19 0 228499949 1468967 701735188 1468967 930235137
20 0 227062865 1468967 703506895 1468967 930569760
21 0 225514914 1468967 705371118 1468967 930886032
22 0 224088664 1468967 707158175 1468967 931246839
23 0 222600915 1468967 708964974 1468967 931565889
24 0 221072463 1468967 710803716 1468967 931876179
25 0 219594066 1468967 712595811 1468967 932189877
26 0 218120039 1468967 714379035 1468967 932499074
27 0 216675401 1468967 716144038 1468967 932819439
28 0 215212966 1468967 717924596 1468967 933137562
29 0 213742217 1468967 719700191 1468967 933442408
30 0 212108656 1468967 721648005 1468967 933756661
31 0 210608926 1468967 723469655 1468967 934078581
32 0 209122454 1468967 725265824 1468967 934388278
33 0 207623132 1468967 727076844 1468967 934699976
34 0 206179383 1468967 728865531 1468967 935044914
35 0 204634431 1468967 730718440 1468967 935352871
36 0 203143830 1468967 732524109 1468967 935667939
37 0 201654951 1468967 734324685 1468967 935979636
38 0 200204758 1468967 736090650 1468967 936295408
39 0 198737416 1468967 737870838 1468967 936608254
40 0 197284722 1468967 739647433 1468967 936932155
41 0 195751029 1468967 741495027 1468967 937246056
42 0 194270595 1468967 743290640 1468967 937561235
43 0 192789087 1468967 745078513 1468967 937867600
44 0 191303949 1468967 746883496 1468967 938187445
45 0 189824015 1468967 748680943 1468967 938504958
46 0 188312785 1468967 750504111 1468967 938816896
47 0 186828555 1468967 752312150 1468967 939140705
48 0 185378119 1468967 754080116 1468967 939458235
49 0 183891112 1468967 755881988 1468967 939773100
50 0 183150626 1468967 757652602 1468967 940803228
51 0 181759671 1468967 759431086 1468967 941190757
52 0 179003040 1468967 762508933 1468967 941511973
53 0 177520143 1468967 764309954 1468967 941830097
54 0 176017746 1468967 766120289 1468967 942138035
55 0 174530442 1468967 767923698 1468967 942454140
56 0 173054064 1468967 769718089 1468967 942772153
57 0 171479316 1468967 771598942 1468967 943078258
58 0 170005789 1468967 773395999 1468967 943401788
59 0 168546096 1468967 775185131 1468967 943731227
60 0 167065476 1468967 776971745 1468967 944037221
61 0 165595504 1468967 778758951 1468967 944354455
62 0 162951574 1468967 781725671 1468967 944677245
63 0 161431863 1468967 783561117 1468967 944992980
64 0 160514604 1468967 784786611 1468967 945301215
65 0 159624732 1468967 785990273 1468967 945615005
66 0 158733897 1468967 787194879 1468967 945928776
67 0 157863507 1468967 788391893 1468967 946255400
68 0 156966450 1468967 789593870 1468967 946560320
69 0 156031930 1468967 790840735 1468967 946872665
70 0 155116782 1468967 792070063 1468967 947186845
71 0 154235077 1468967 793291113 1468967 947526190
72 0 153362298 1468967 794477071 1468967 947839369
73 0 152457167 1468967 795694603 1468967 948151770
74 0 151577369 1468967 796881025 1468967 948458394
75 0 150705739 1468967 798066390 1468967 948772129
76 0 149825144 1468967 799272071 1468967 949097215
77 0 148702518 1468967 800716302 1468967 949418820
78 0 147785906 1468967 801936149 1468967 949722055
79 0 146931348 1468967 803126496 1468967 950057844
80 0 146055718 1468967 804331787 1468967 950387505
81 0 145179012 1468967 805524801 1468967 950703813
82 0 144291973 1468967 806721593 1468967 951013566
83 0 143389214 1468967 807948087 1468967 951337301
84 0 142502805 1468967 809150027 1468967 951652832
85 0 141562176 1468967 810397280 1468967 951959456
86 0 140677470 1468967 811594424 1468967 952271894
87 0 139792006 1468967 812792178 1468967 952584184
88 0 138905208 1468967 813992674 1468967 952897882
89 0 138011374 1468967 815199409 1468967 953210783
90 0 137126742 1468967 816399405 1468967 953526147
91 0 136245593 1468967 817602344 1468967 953847937
92 0 135278871 1468967 818871801 1468967 954150672
93 0 133985471 1468967 820483436 1468967 954468907
94 0 133081228 1468967 821708598 1468967 954789826
95 0 132212764 1468967 822919574 1468967 955132338
96 0 131296115 1468967 824141569 1468967 955437684
97 0 130400948 1468967 825349286 1468967 955750234
98 0 129533372 1468967 826532504 1468967 956065876
99 0 128649518 1468967 827727259 1468967 956376777
100 0 127752406 1468967 828929550 1468967 956681956
101 0 126855294 1468967 830143934 1468967 956999228
102 0 125936831 1468967 831366373 1468967 957303204
103 0 125066995 1468967 832552776 1468967 957619771
104 0 124205754 1468967 833794455 1468967 958000209
105 0 123332659 1468967 834987932 1468967 958320591
106 0 122436287 1468967 836194798 1468967 958631085
107 0 121557860 1468967 837393830 1468967 958951690
108 0 120678748 1468967 838585140 1468967 959263888
109 0 119740914 1468967 839836931 1468967 959577845
110 0 118303590 1468967 841578415 1468967 959882005
111 0 118191518 1468967 842783966 1468967 960975484
112 0 117340516 1468967 843980239 1468967 961320755
113 0 116476959 1468967 845166679 1468967 961643638
114 0 115596235 1468967 846352545 1468967 961948780
115 0 114715122 1468967 847546096 1468967 962261218
116 0 113835307 1468967 848731313 1468967 962566620
117 0 112967287 1468967 849918253 1468967 962885540
118 0 112054804 1468967 851141822 1468967 963196626
119 0 112878658 1468967 852341799 1468967 965220457
120 0 112026916 1468967 853530831 1468967 965557747
121 0 111119786 1468967 854731937 1468967 965851723
122 0 110201896 1468967 855938784 1468967 966140680
123 0 109344597 1468967 857135724 1468967 966480321
124 0 108470485 1468967 858326682 1468967 966797167
125 0 107596409 1468967 859508789 1468967 967105198
126 0 106111716 1468967 861305291 1468967 967417007
127 0 105206734 1468967 862522508 1468967 967729242
128 0 104304918 1468967 863728818 1468967 968033736
1 0 256963261 1469123 82642363 1469123 339605624
2 0 254075225 1469123 85919391 1469123 339994616
3 0 252715121 1469123 88403714 1469123 341118835
4 0 250373834 1469123 91079402 1469123 341453236
5 0 248399483 1469123 93381506 1469123 341780989
6 0 246846532 1469123 95260062 1469123 342106594
7 0 245314469 1469123 97104526 1469123 342418995
8 0 243751018 1469123 98988545 1469123 342739563
9 0 242104105 1469123 100962340 1469123 343066445
10 0 240604912 1469123 102790582 1469123 343395494
11 0 239141627 1469123 104581843 1469123 343723470
12 0 237689192 1469123 106358790 1469123 344047982
13 0 236220887 1469123 108156922 1469123 344377809
14 0 234780452 1469123 109917591 1469123 344698043
15 0 233242167 1469123 111776444 1469123 345018611
16 0 231760992 1469123 113578409 1469123 345339401
17 0 230296206 1469123 115362930 1469123 345659136
18 0 228798568 1469123 117173617 1469123 345972185
19 0 227317116 1469123 118973137 1469123 346290253
20 0 225747960 1469123 120861916 1469123 346609876
21 0 224190139 1469123 122736416 1469123 346926555
22 0 222761149 1469123 124531307 1469123 347292456
23 0 221271622 1469123 126347309 1469123 347618931
24 0 219823058 1469123 128112830 1469123 347935888
25 0 218362105 1469123 129893869 1469123 348255974
26 0 216815487 1469123 131758018 1469123 348573505
27 0 215359719 1469123 133539502 1469123 348899221
28 0 213893006 1469123 135334208 1469123 349227214
29 0 212424943 1469123 137113636 1469123 349538579
30 0 210945823 1469123 138912305 1469123 349858128
31 0 209244801 1469123 140966450 1469123 350211251
32 0 207767033 1469123 142776971 1469123 350544004
33 0 206302395 1469123 144567954 1469123 350870349
34 0 204880700 1469123 146348049 1469123 351228749
35 0 203399100 1469123 148142903 1469123 351542003
36 0 201945294 1469123 149925702 1469123 351870996
37 0 200386862 1469123 151798832 1469123 352185694
38 0 198923890 1469123 153579964 1469123 352503854
39 0 197459029 1469123 155366763 1469123 352825792
40 0 196003262 1469123 157149339 1469123 353152601
41 0 194538549 1469123 158930490 1469123 353469039
42 0 191887323 1469123 161904914 1469123 353792237
43 0 190354260 1469123 163749878 1469123 354104138
44 0 188837753 1469123 165582416 1469123 354420169
45 0 187344819 1469123 167398362 1469123 354743181
46 0 185898255 1469123 169160735 1469123 355058990
47 0 184368840 1469123 171021884 1469123 355390724
48 0 182897110 1469123 172811775 1469123 355708885
49 0 181403287 1469123 174625036 1469123 356028323
50 0 179953629 1469123 176388502 1469123 356342131
51 0 178543416 1469123 178155986 1469123 356699402
52 0 177072111 1469123 179950155 1469123 357022266
53 0 175242739 1469123 182099484 1469123 357342223
54 0 173740935 1469123 183913578 1469123 357654513
55 0 172270946 1469123 185702765 1469123 357973711
56 0 170800918 1469123 187495601 1469123 358296519
57 0 169305392 1469123 189299955 1469123 358605347
58 0 167780403 1469123 191151474 1469123 358931877
59 0 166301117 1469123 192968124 1469123 359269241
60 0 165408060 1469123 194174008 1469123 359582068
61 0 164522263 1469123 195377966 1469123 359900229
62 0 164396617 1469123 196570110 1469123 360966727
63 0 163517912 1469123 197780123 1469123 361298035
64 0 162624930 1469123 198984155 1469123 361609085
65 0 161284659 1469123 200642993 1469123 361927652
66 0 160324863 1469123 201919654 1469123 362244517
67 0 159421788 1469123 203147537 1469123 362569325
68 0 158505640 1469123 204371587 1469123 362877227
69 0 157608564 1469123 205587582 1469123 363196146
70 0 156673915 1469123 206838521 1469123 363512436
71 0 155778840 1469123 208077756 1469123 363856596
72 0 154889746 1469123 209285270 1469123 364175016
73 0 153915728 1469123 210576467 1469123 364492195
74 0 153017023 1469123 211786925 1469123 364803948
75 0 152139003 1469123 212987087 1469123 365126090
76 0 151243855 1469123 214215192 1469123 365459047
77 0 150371371 1469123 215415762 1469123 365787133
78 0 149461482 1469123 216636330 1469123 366097812
79 0 148574036 1469123 217840214 1469123 366414250
80 0 147669850 1469123 219060561 1469123 366730411
81 0 146391319 1469123 220656715 1469123 367048034
82 0 145468726 1469123 221891043 1469123 367359769
83 0 144557244 1469123 223136426 1469123 367693670
84 0 143663020 1469123 224349347 1469123 368012367
85 0 142759241 1469123 225564509 1469123 368323750
86 0 141877314 1469123 226764263 1469123 368641577
87 0 140989461 1469123 227967629 1469123 368957090
88 0 140098793 1469123 229173494 1469123 369272287
89 0 139165089 1469123 230425729 1469123 369590818
90 0 138264921 1469123 231641576 1469123 369906497
91 0 137407531 1469123 232860959 1469123 370268490
92 0 136449346 1469123 234141805 1469123 370591151
93 0 135541678 1469123 235374151 1469123 370915829
94 0 134664455 1469123 236577831 1469123 371242286
95 0 133798712 1469123 237793308 1469123 371592020
96 0 132884082 1469123 239019580 1469123 371903662
97 0 131512386 1469123 240710233 1469123 372222619
98 0 130602034 1469123 241938431 1469123 372540465
99 0 129725828 1469123 243134130 1469123 372859958
100 0 128825846 1469123 244342532 1469123 373168378
101 0 127953400 1469123 245535065 1469123 373488465
102 0 127047844 1469123 246750022 1469123 373797866
103 0 126172916 1469123 247940703 1469123 374113619
104 0 125290452 1469123 249204752 1469123 374495204
105 0 124371599 1469123 250451617 1469123 374823216
106 0 123470543 1469123 251675241 1469123 375145784
107 0 122597005 1469123 252882514 1469123 375479519
108 0 121716503 1469123 254085343 1469123 375801846
109 0 120787280 1469123 255333430 1469123 376120710
110 0 119894835 1469123 256535258 1469123 376430093
111 0 118997111 1469123 257748105 1469123 376745216
112 0 118121795 1469123 258954896 1469123 377076691
113 0 116650972 1469123 260745102 1469123 377396074
114 0 117350144 1469123 261985874 1469123 379336018
115 0 116440939 1469123 263200128 1469123 379641067
116 0 115529493 1469123 264404161 1469123 379933654
117 0 115412015 1469123 265608933 1469123 381020948
118 0 114540143 1469123 266800799 1469123 381340942
119 0 113655974 1469123 268008961 1469123 381664935
120 0 112802102 1469123 269203123 1469123 382005225
121 0 111882805 1469123 270453950 1469123 382336755
122 0 110957972 1469123 271688574 1469123 382646546
123 0 110100785 1469123 272898884 1469123 382999669
124 0 109205691 1469123 274103509 1469123 383309200
125 0 108332189 1469123 275295764 1469123 383627953
126 0 107439706 1469123 276505018 1469123 383944724
127 0 106530594 1469123 277719513 1469123 384250107
128 0 105622890 1469123 278940841 1469123 384563731
1 0 255085035 1469278 197067188 1469278 452152223
2 0 252974650 1469278 199538288 1469278 452512938
3 0 251325997 1469278 201516639 1469278 452842636
4 0 249798101 1469278 203369936 1469278 453168037
5 0 248235131 1469278 205245159 1469278 453480290
6 0 246716087 1469278 207094715 1469278 453810802
7 0 245208950 1469278 208917550 1469278 454126500
8 0 243618110 1469278 210816569 1469278 454434679
9 0 242099806 1469278 212655866 1469278 454755672
10 0 240549262 1469278 214525515 1469278 455074777
11 0 239030106 1469278 216363628 1469278 455393734
12 0 237609060 1469278 218127001 1469278 455736061
13 0 236148051 1469278 219907096 1469278 456055147
14 0 234587434 1469278 221781892 1469278 456369326
15 0 233129407 1469278 223554969 1469278 456684376
16 0 231663973 1469278 225327712 1469278 456991685
17 0 230221241 1469278 227094141 1469278 457315382
18 0 228736918 1469278 228894569 1469278 457631487
19 0 227197578 1469278 230743403 1469278 457940981
20 0 225752736 1469278 232502702 1469278 458255438
21 0 224225136 1469278 234345407 1469278 458570543
22 0 222763404 1469278 236124299 1469278 458887703
23 0 221286508 1469278 237922226 1469278 459208734
24 0 219877201 1469278 239679952 1469278 459557153
25 0 218338991 1469278 241532156 1469278 459871147
26 0 216930463 1469278 243291918 1469278 460222381
27 0 215496324 1469278 245052495 1469278 460548819
28 0 214027871 1469278 246828423 1469278 460856294
29 0 212571844 1469278 248596296 1469278 461168140
30 0 210999948 1469278 250486982 1469278 461486930
31 0 209491071 1469278 252309872 1469278 461800943
32 0 208035636 1469278 254087245 1469278 462122881
33 0 206569497 1469278 255859637 1469278 462429134
34 0 205110489 1469278 257630269 1469278 462740758
35 0 203640185 1469278 259410882 1469278 463051067
36 0 202149565 1469278 261227588 1469278 463377153
37 0 200661539 1469278 263039145 1469278 463700684
38 0 199224900 1469278 264795463 1469278 464020363
39 0 197769872 1469278 266554614 1469278 464324486
40 0 196334826 1469278 268315876 1469278 464650702
41 0 194837726 1469278 270130600 1469278 464968326
42 0 193345070 1469278 271936805 1469278 465281875
43 0 191877951 1469278 273711585 1469278 465589536
44 0 190399868 1469278 275501310 1469278 465901178
45 0 188920138 1469278 277293219 1469278 466213357
46 0 187481592 1469278 279046074 1469278 466527666
47 0 184708535 1469278 282128736 1469278 466837271
48 0 183221137 1469278 283930572 1469278 467151709
49 0 181780018 1469278 285717592 1469278 467497610
50 0 180321268 1469278 287482484 1469278 467803752
51 0 178885241 1469278 289234857 1469278 468120098
52 0 177389491 1469278 291074007 1469278 468463498
53 0 175939501 1469278 292841232 1469278 468780733
54 0 174462289 1469278 294638771 1469278 469101060
55 0 173000614 1469278 296413384 1469278 469413998
56 0 171536032 1469278 298193016 1469278 469729048
57 0 170776509 1469278 299987111 1469278 470763620
58 0 169294631 1469278 301831927 1469278 471126558
59 0 167835529 1469278 303607522 1469278 471443051
60 0 166387705 1469278 305376599 1469278 471764304
61 0 164934901 1469278 307145638 1469278 472080539
62 0 163498114 1469278 308899771 1469278 472397885
63 0 161042180 1469278 311671976 1469278 472714156
64 0 159739613 1469278 313282871 1469278 473022484
65 0 158851112 1469278 314490532 1469278 473341644
66 0 157975832 1469278 315678380 1469278 473654212
67 0 157088720 1469278 316869690 1469278 473958410
68 0 156203108 1469278 318067611 1469278 474270719
69 0 155312329 1469278 319271532 1469278 474583861
70 0 154361032 1469278 320533711 1469278 474894743
71 0 153460142 1469278 321747299 1469278 475207441
72 0 152590919 1469278 322926035 1469278 475516954
73 0 151712825 1469278 324128604 1469278 475841429
74 0 150839916 1469278 325316618 1469278 476156534
75 0 149961303 1469278 326500336 1469278 476461639
76 0 149088320 1469278 327700127 1469278 476788447
77 0 148226448 1469278 328878252 1469278 477104700
78 0 147108025 1469278 330301225 1469278 477409250
79 0 146203135 1469278 331519442 1469278 477722577
80 0 145313487 1469278 332721103 1469278 478034590
81 0 144436429 1469278 333903914 1469278 478340343
82 0 143582687 1469278 335084465 1469278 478667152
83 0 142670149 1469278 336307904 1469278 478978053
84 0 141790610 1469278 337500770 1469278 479291380
85 0 140930165 1469278 338697357 1469278 479627522
86 0 140054330 1469278 339885371 1469278 479939701
87 0 139179179 1469278 341133366 1469278 480312545
88 0 138304253 1469278 342330231 1469278 480634484
89 0 137403733 1469278 343534393 1469278 480938126
90 0 136526065 1469278 344726573 1469278 481252638
91 0 135629675 1469278 345943753 1469278 481573428
92 0 134683508 1469278 347200896 1469278 481884404
93 0 133774118 1469278 348421724 1469278 482195842
94 0 132910450 1469278 349610034 1469278 482520484
95 0 131428664 1469278 351400481 1469278 482829145
96 0 130514033 1469278 352634531 1469278 483148564
97 0 129635496 1469278 353843340 1469278 483478836
98 0 128772289 1469278 355023077 1469278 483795366
99 0 127903362 1469278 356201795 1469278 484105157
100 0 127017824 1469278 357399808 1469278 484417632
101 0 126151674 1469278 358579526 1469278 484731200
102 0 125267284 1469278 359781003 1469278 485048287
103 0 124338857 1469278 361010701 1469278 485349558
104 0 123479171 1469278 362247584 1469278 485726755
105 0 122622780 1469278 363425672 1469278 486048452
106 0 121744963 1469278 364616742 1469278 486361705
107 0 120878166 1469278 365800163 1469278 486678329
108 0 120017461 1469278 366977251 1469278 486994712
109 0 119132662 1469278 368202302 1469278 487334964
110 0 118257957 1469278 369393353 1469278 487651310
111 0 116824652 1469278 371140411 1469278 487965063
112 0 115935207 1469278 372357239 1469278 488292446
113 0 115042279 1469278 373556309 1469278 488598588
114 0 114166000 1469278 374741008 1469278 488907008
115 0 113290869 1469278 375937540 1469278 489228409
116 0 112418700 1469278 377121610 1469278 489540310
117 0 111536810 1469278 378306124 1469278 489842934
118 0 112412311 1469278 379480490 1469278 491892801
119 0 111475885 1469278 380716651 1469278 492192536
120 0 110614217 1469278 381904961 1469278 492519178
121 0 109708920 1469278 383104438 1469278 492813358
122 0 108806567 1469278 384310470 1469278 493117037
123 0 107922844 1469278 385505483 1469278 493428327
124 0 107060138 1469278 386689146 1469278 493749284
125 0 106222932 1469278 387869586 1469278 494092518
126 0 105337209 1469278 389070099 1469278 494407308
127 0 103846442 1469278 390865953 1469278 494712395
128 0 102927293 1469278 392102225 1469278 495029518
1 0 258419820 1469434 817343822 1469435 75763642
2 0 256310175 1469434 819835255 1469435 76145430
3 0 254623967 1469434 821862753 1469435 76486720
4 0 253079071 1469434 823726180 1469435 76805251
5 0 251536879 1469434 825599643 1469435 77136522
6 0 249990780 1469434 827464051 1469435 77454831
7 0 248485420 1469434 829282534 1469435 77767954
8 0 246917858 1469434 831189386 1469435 78107244
9 0 245326018 1469434 833092794 1469435 78418812
10 0 243849307 1469434 834883536 1469435 78732843
11 0 242361909 1469434 836687298 1469435 79049207
12 0 240920178 1469434 838443023 1469435 79363201
13 0 239371153 1469434 840308375 1469435 79679528
14 0 237900811 1469434 842090341 1469435 79991152
15 0 237096475 1469434 843867750 1469435 80964225
16 0 235627004 1469434 845649660 1469435 81276664
17 0 234176328 1469434 847418163 1469435 81594491
18 0 232685191 1469434 849224368 1469435 81909559
19 0 231139221 1469434 851081591 1469435 82220812
20 0 229719749 1469434 852849279 1469435 82569028
21 0 228170945 1469434 854704021 1469435 82874966
22 0 226700140 1469434 856497801 1469435 83197941
23 0 225213965 1469434 858296766 1469435 83510731
24 0 223646200 1469434 860169266 1469435 83815466
25 0 222136729 1469434 861989620 1469435 84126349
26 0 220702758 1469434 863742863 1469435 84445621
27 0 219247878 1469434 865501959 1469435 84749837
28 0 217782814 1469434 867281591 1469435 85064405
29 0 216328768 1469434 869047779 1469435 85376547
30 0 214792224 1469434 870888039 1469435 85680263
31 0 213311253 1469434 872687115 1469435 85998368
32 0 211854911 1469434 874458266 1469435 86313177
33 0 210404310 1469434 876231027 1469435 86635337
34 0 208946820 1469434 877999289 1469435 86946109
35 0 207477681 1469434 879772496 1469435 87250177
36 0 205949137 1469434 881614978 1469435 87564115
37 0 204481092 1469434 883401980 1469435 87883072
38 0 203029435 1469434 885156076 1469435 88185511
39 0 201569408 1469434 886926486 1469435 88495894
40 0 200120788 1469434 888698729 1469435 88819517
41 0 198544096 1469434 890576211 1469435 89120307
42 0 197068143 1469434 892363936 1469435 89432079
43 0 195605154 1469434 894143308 1469435 89748462
44 0 194123294 1469434 895955421 1469435 90078715
45 0 192703951 1469434 897737386 1469435 90441337
46 0 191254053 1469434 899490778 1469435 90744831
47 0 188810193 1469434 902246873 1469435 91057066
48 0 187151929 1469434 904213631 1469435 91365560
49 0 185638163 1469434 906030410 1469435 91668573
50 0 184196301 1469434 907783154 1469435 91979455
51 0 182801533 1469434 909528860 1469435 92330393
52 0 181269358 1469434 911366751 1469435 92636109
53 0 179810813 1469434 913137346 1469435 92948159
54 0 178351841 1469434 914916719 1469435 93268560
55 0 176882777 1469434 916686851 1469435 93569628
56 0 175420825 1469434 918463149 1469435 93883974
57 0 172777524 1469434 921409777 1469435 94187301
58 0 171288997 1469434 923227779 1469435 94516776
59 0 169828063 1469434 925000041 1469435 94828104
60 0 168379258 1469434 926760895 1469435 95140153
61 0 166917193 1469434 928524528 1469435 95441721
62 0 165419742 1469434 930345714 1469435 95765456
63 0 163952678 1469434 932125809 1469435 96078487
64 0 162490206 1469434 933900219 1469435 96390425
65 0 161029327 1469434 935665092 1469435 96694419
66 0 159568115 1469434 937435965 1469435 97004080
67 0 158122994 1469434 939201005 1469435 97323999
68 0 156301715 1469434 941326167 1469435 97627882
69 0 155245088 1469434 942693992 1469435 97939080
70 0 154382253 1469434 943896654 1469435 98278907
71 0 153491196 1469434 945095427 1469435 98586623
72 0 152629824 1469434 946267552 1469435 98897376
73 0 151731416 1469434 947473510 1469435 99204926
74 0 150874358 1469434 948643414 1469435 99517772
75 0 149987061 1469434 949833353 1469435 99820414
76 0 149840008 1469434 951059533 1469435 100899541
77 0 148987617 1469434 952242066 1469435 101229683
78 0 148127393 1469434 953422580 1469435 101549973
79 0 147250170 1469434 954604186 1469435 101854356
80 0 146375853 1469434 955788145 1469435 102163998
81 0 145517518 1469434 956966196 1469435 102483714
82 0 144653276 1469434 958143506 1469435 102796782
83 0 143749682 1469434 959358186 1469435 103107868
84 0 142466095 1469434 960955600 1469435 103421695
85 0 141557410 1469434 962167391 1469435 103724801
86 0 140685261 1469434 963350960 1469435 104036221
87 0 139827684 1469434 964526475 1469435 104354159
88 0 138928980 1469434 965735136 1469435 104664116
89 0 138057052 1469434 966908150 1469435 104965202
90 0 137170865 1469434 968102831 1469435 105273696
91 0 136293475 1469434 969290271 1469435 105583746
92 0 135323365 1469434 970583060 1469435 105906425
93 0 134405734 1469434 971802555 1469435 106208289
94 0 133553881 1469434 972982643 1469435 106536524
95 0 132672879 1469434 974178713 1469435 106851592
96 0 131770026 1469434 975384208 1469435 107154234
97 0 130866118 1469434 976598554 1469435 107464672
98 0 129998043 1469434 977783105 1469435 107781148
99 0 129103967 1469434 978978675 1469435 108082642
100 0 127831269 1469434 980560422 1469435 108391691
101 0 126927251 1469434 981787027 1469435 108714278
102 0 126047360 1469434 982976375 1469435 109023735
103 0 125167395 1469434 984164148 1469435 109331543
104 0 124314764 1469434 985392272 1469435 109707036
105 0 123475669 1469434 986572360 1469435 110048029
106 0 124132341 1469434 987768115 1469435 111900456
107 0 123243989 1469434 988955054 1469435 112199043
108 0 122321933 1469434 990165364 1469435 112487297
109 0 121349711 1469434 991423210 1469435 112772921
110 0 120497024 1469434 992614205 1469435 113111229
111 0 119626855 1469434 993804275 1469435 113431130
112 0 118734687 1469434 995000863 1469435 113735550
113 0 117861168 1469434 996189228 1469435 114050396
114 0 116957463 1469434 997393168 1469435 114350631
115 0 116085665 1469434 998574219 1469435 114659884
116 0 115196127 1469434 999771566 1469435 114967693
117 0 113727471 1469435 1548957 1469435 115276428
118 0 112840692 1469435 2744304 1469435 115584996
119 0 111945412 1469435 3940281 1469435 115885693
120 0 111099799 1469435 5125073 1469435 116224872
121 0 110218075 1469435 6322624 1469435 116540699
122 0 109312741 1469435 7528304 1469435 116841045
123 0 108435906 1469435 8725114 1469435 117161020
124 0 107573757 1469435 9896869 1469435 117470626
125 0 106637442 1469435 11134048 1469435 117771490
126 0 105759478 1469435 12321747 1469435 118081225
127 0 104860995 1469435 13536261 1469435 118397256
128 0 103980345 1469435 14720275 1469435 118700620
1 0 260294299 1469589 47337219 1469589 307631518
2 0 258173545 1469589 49831022 1469589 308004567
3 0 256550094 1469589 51798577 1469589 308348671
4 0 255002810 1469589 53676762 1469589 308679572
5 0 253449154 1469589 55571948 1469589 309021102
6 0 251880815 1469589 57454596 1469589 309335411
7 0 250372641 1469589 59284301 1469589 309656942
8 0 248768524 1469589 61223578 1469589 309992102
9 0 247230517 1469589 63120467 1469589 310350984
10 0 245745915 1469589 64928914 1469589 310674829
11 0 244245538 1469589 66739082 1469589 310984620
12 0 242790991 1469589 68514659 1469589 311305650
13 0 241233374 1469589 70394344 1469589 311627718
14 0 239747922 1469589 72195531 1469589 311943453
15 0 238277598 1469589 73983589 1469589 312261187
16 0 236799239 1469589 75783961 1469589 312583200
17 0 235313730 1469589 77577241 1469589 312890971
18 0 233809649 1469589 79402224 1469589 313211873
19 0 232235938 1469589 81294169 1469589 313530107
20 0 230762356 1469589 83083930 1469589 313846286
21 0 229248182 1469589 84954042 1469589 314202224
22 0 227780137 1469589 86755451 1469589 314535588
23 0 226281072 1469589 88568083 1469589 314849155
24 0 224663901 1469589 90507230 1469589 315171131
25 0 223148967 1469589 92329065 1469589 315478032
26 0 221693848 1469589 94104530 1469589 315798378
27 0 220248968 1469589 95874144 1469589 316123112
28 0 218763071 1469589 97670961 1469589 316434032
29 0 217311025 1469589 99450297 1469589 316761322
30 0 215766166 1469589 101312594 1469589 317078760
31 0 214262658 1469589 103127355 1469589 317390013
32 0 212789558 1469589 104923505 1469589 317713063
33 0 211353105 1469589 106710914 1469589 318064019
34 0 209884059 1469589 108498694 1469589 318382753
35 0 208365218 1469589 110333566 1469589 318698784
36 0 206845636 1469589 112160179 1469589 319005815
37 0 205365536 1469589 113959662 1469589 319325198
38 0 203912231 1469589 115729905 1469589 319642136
39 0 202447259 1469589 117512445 1469589 319959704
40 0 201026991 1469589 119299910 1469589 320326901
41 0 199488428 1469589 121159781 1469589 320648209
42 0 198013049 1469589 122959209 1469589 320972258
43 0 196531190 1469589 124749507 1469589 321280697
44 0 195031866 1469589 126564602 1469589 321596468
45 0 193574562 1469589 128374733 1469589 321949295
46 0 192077980 1469589 130188272 1469589 322266252
47 0 190557047 1469589 132023180 1469589 322580227
48 0 189078501 1469589 133819831 1469589 322898332
49 0 187584105 1469589 135632795 1469589 323216900
50 0 186108855 1469589 137418909 1469589 323527764
51 0 184655384 1469589 139196059 1469589 323851443
52 0 183146747 1469589 141059041 1469589 324205788
53 0 181676664 1469589 142841951 1469589 324518615
54 0 180176749 1469589 144657749 1469589 324834498
55 0 178705926 1469589 146449325 1469589 325155251
56 0 177231140 1469589 148247679 1469589 325478819
57 0 175716669 1469589 150094717 1469589 325811386
58 0 174210420 1469589 151929978 1469589 326140398
59 0 172721357 1469589 153736554 1469589 326457911
60 0 171235868 1469589 155542333 1469589 326778201
61 0 169751100 1469589 157336539 1469589 327087639
62 0 168294907 1469589 159114893 1469589 327409800
63 0 166753233 1469589 160982857 1469589 327736090
64 0 165256503 1469589 162794988 1469589 328051491
65 0 163772717 1469589 164586583 1469589 328359300
66 0 162304616 1469589 166373974 1469589 328678590
67 0 160825182 1469589 168159402 1469589 328984584
68 0 159346025 1469589 169960849 1469589 329306874
69 0 157811314 1469589 171821572 1469589 329632886
70 0 156889240 1469589 173059066 1469589 329948306
71 0 156561006 1469589 174275616 1469589 330836622
72 0 155693522 1469589 175471260 1469589 331164782
73 0 154794132 1469589 176689199 1469589 331483331
74 0 153924298 1469589 177882305 1469589 331806603
75 0 153045203 1469589 179073912 1469589 332119115
76 0 152110129 1469589 180333480 1469589 332443609
77 0 151223016 1469589 181536142 1469589 332759158
78 0 150327701 1469589 182746155 1469589 333073856
79 0 149450996 1469589 183935965 1469589 333386961
80 0 148551069 1469589 185150812 1469589 333701881
81 0 147695696 1469589 186345900 1469589 334041596
82 0 146806417 1469589 187548821 1469589 334355238
83 0 145897565 1469589 188775723 1469589 334673288
84 0 145004990 1469589 189985662 1469589 334990652
85 0 144046545 1469589 191250397 1469589 335296942
86 0 143164044 1469589 192449170 1469589 335613214
87 0 142289950 1469589 193644072 1469589 335934022
88 0 141403634 1469589 194845716 1469589 336249350
89 0 140497633 1469589 196056618 1469589 336554251
90 0 139605928 1469589 197262854 1469589 336868782
91 0 138716186 1469589 198468738 1469589 337184924
92 0 137772816 1469589 199740898 1469589 337513714
93 0 136813927 1469589 201015966 1469589 337829893
94 0 135943593 1469589 202211831 1469589 338155424
95 0 135041258 1469589 203422400 1469589 338463658
96 0 134130960 1469589 204645340 1469589 338776300
97 0 133229293 1469589 205859705 1469589 339088998
98 0 132368532 1469589 207047774 1469589 339416306
99 0 131484031 1469589 208239788 1469589 339723819
100 0 130612659 1469589 209450783 1469589 340063442
101 0 129066911 1469589 211326543 1469589 340393454
102 0 128129115 1469589 212581000 1469589 340710115
103 0 127246002 1469589 213778014 1469589 341024016
104 0 126377334 1469589 215023082 1469589 341400416
105 0 125521110 1469589 216212318 1469589 341733428
106 0 124620961 1469589 217429702 1469589 342050663
107 0 125298966 1469589 218630104 1469589 343929070
108 0 124403650 1469589 219826192 1469589 344229842
109 0 123404226 1469589 221121870 1469589 344526096
110 0 122495650 1469589 222322903 1469589 344818553
111 0 121607557 1469589 223517935 1469589 345125492
112 0 120728333 1469589 224719393 1469589 345447726
113 0 119842554 1469589 225921444 1469589 345763998
114 0 118963461 1469589 227118105 1469589 346081566
115 0 118069773 1469589 228321286 1469589 346391059
116 0 118125699 1469589 229518929 1469589 347644628
117 0 113423549 1469589 233286393 1469589 346709942
118 0 112491697 1469589 234524424 1469589 347016121
119 0 111587678 1469589 235743178 1469589 347330856
120 0 111041318 1469589 236948710 1469589 347990028
121 0 110153076 1469589 238160816 1469589 348313892
122 0 109248835 1469589 239386829 1469589 348635664
123 0 108312260 1469589 240639898 1469589 348952158
124 0 107422092 1469589 241854633 1469589 349276725
125 0 106540887 1469589 243046721 1469589 349587608
126 0 105657312 1469589 244254290 1469589 349911602
127 0 105533592 1469589 245462193 1469589 350995785
128 0 104629313 1469589 246687502 1469589 351316815
1 0 248412752 1469746 132591319 1469746 381004071
2 0 245527233 1469746 135854793 1469746 381382026
3 0 243400590 1469746 138320504 1469746 381721094
4 0 241084116 1469746 140958323 1469746 382042439
5 0 238896029 1469746 143464441 1469746 382360470
6 0 236746238 1469746 145933985 1469746 382680223
7 0 234641557 1469746 148353586 1469746 382995143
8 0 232453415 1469746 150864333 1469746 383317748
9 0 230282012 1469746 153354322 1469746 383636334
10 0 227563492 1469746 156390503 1469746 383953995
11 0 225449310 1469746 158820771 1469746 384270081
12 0 223311908 1469746 161267260 1469746 384579168
13 0 221238244 1469746 163661880 1469746 384900124
14 0 219219135 1469746 166000150 1469746 385219285
15 0 217166657 1469746 168365807 1469746 385532464
16 0 214971255 1469746 170875980 1469746 385847235
17 0 212902073 1469746 173262545 1469746 386164618
18 0 210803910 1469746 175668165 1469746 386472075
19 0 208734932 1469746 178047322 1469746 386782254
20 0 206649454 1469746 180447109 1469746 387096563
21 0 204501293 1469746 182941393 1469746 387442686
22 0 202445129 1469746 185323921 1469746 387769050
23 0 200355410 1469746 187722541 1469746 388077951
24 0 198283506 1469746 190107458 1469746 388390964
25 0 196187695 1469746 192519262 1469746 388706957
26 0 194156012 1469746 194854180 1469746 389010192
27 0 193285159 1469746 196044490 1469746 389329649
28 0 192407639 1469746 197242022 1469746 389649661
29 0 191521712 1469746 198433258 1469746 389954970
30 0 190679321 1469746 199625902 1469746 390305223
31 0 189332792 1469746 201296369 1469746 390629161
32 0 188428791 1469746 202511864 1469746 390940655
33 0 187587048 1469746 203707229 1469746 391294277
34 0 186704936 1469746 204894317 1469746 391599253
35 0 185826730 1469746 206084350 1469746 391911080
36 0 184959118 1469746 207275993 1469746 392235111
37 0 184062154 1469746 208477914 1469746 392540068
38 0 183154486 1469746 209708705 1469746 392863191
39 0 182251615 1469746 210932811 1469746 393184426
40 0 181376688 1469746 212120621 1469746 393497309
41 0 180503537 1469746 213311765 1469746 393815302
42 0 179625555 1469746 214507149 1469746 394132704
43 0 178731925 1469746 215704810 1469746 394436735
44 0 177838071 1469746 216914250 1469746 394752321
45 0 176974254 1469746 218122412 1469746 395096666
46 0 176109679 1469746 219299703 1469746 395409382
47 0 175177586 1469746 220546383 1469746 395723969
48 0 174292029 1469746 221735749 1469746 396027778
49 0 173401880 1469746 222943021 1469746 396344901
50 0 172538378 1469746 224117702 1469746 396656080
51 0 171666339 1469746 225300309 1469746 396966648
52 0 170822226 1469746 226493619 1469746 397315845
53 0 169947410 1469746 227674485 1469746 397621895
54 0 169055724 1469746 228879646 1469746 397935370
55 0 167725602 1469746 230521466 1469746 398247068
56 0 166804120 1469746 231762479 1469746 398566599
57 0 165904749 1469746 232969196 1469746 398873945
58 0 165041265 1469746 234161266 1469746 399202531
59 0 164172726 1469746 235345780 1469746 399518506
60 0 163311743 1469746 236528257 1469746 399840000
61 0 162456389 1469746 237713641 1469746 400170030
62 0 161603536 1469746 238900840 1469746 400504376
63 0 160711535 1469746 240105742 1469746 400817277
64 0 159809479 1469746 241322496 1469746 401131975
65 0 158931829 1469746 242506084 1469746 401437913
66 0 158057105 1469746 243689061 1469746 401746166
67 0 157196362 1469746 244870650 1469746 402067012
68 0 156307473 1469746 246064589 1469746 402372062
69 0 155420674 1469746 247261770 1469746 402682444
70 0 154571895 1469746 248472302 1469746 403044197
71 0 153678283 1469746 249683556 1469746 403361839
72 0 152544582 1469746 251132250 1469746 403676832
73 0 151649452 1469746 252346004 1469746 403995456
74 0 150773155 1469746 253535832 1469746 404308987
75 0 149890560 1469746 254726069 1469746 404616629
76 0 149035873 1469746 255909268 1469746 404945141
77 0 148171613 1469746 257084115 1469746 405255728
78 0 147298926 1469746 258273499 1469746 405572425
79 0 146426665 1469746 259449458 1469746 405876123
80 0 145496905 1469746 260693341 1469746 406190246
81 0 144613460 1469746 261886540 1469746 406500000
82 0 143749421 1469746 263077517 1469746 406826938
83 0 142849920 1469746 264300419 1469746 407150339
84 0 141971770 1469746 265490785 1469746 407462555
85 0 141077899 1469746 266685298 1469746 407763197
86 0 140204249 1469746 267874257 1469746 408078506
87 0 139342359 1469746 269053937 1469746 408396296
88 0 137581763 1469746 271130119 1469746 408711882
89 0 136659226 1469746 272353447 1469746 409012673
90 0 135764058 1469746 273557590 1469746 409321648
91 0 134886482 1469746 274751623 1469746 409638105
92 0 133952667 1469746 276006950 1469746 409959617
93 0 133801226 1469746 277214649 1469746 411015875
94 0 132969631 1469746 278389811 1469746 411359442
95 0 132087203 1469746 279578418 1469746 411665621
96 0 131150704 1469746 280828430 1469746 411979134
97 0 130254943 1469746 282035962 1469746 412290905
98 0 129396497 1469746 283214013 1469746 412610510
99 0 128513551 1469746 284398953 1469746 412912504
100 0 127641383 1469746 285579541 1469746 413220924
101 0 126759178 1469746 286771148 1469746 413530326
102 0 125895769 1469746 287952995 1469746 413848764
103 0 125025508 1469746 289135861 1469746 414161369
104 0 123585443 1469746 290948622 1469746 414534065
105 0 122691331 1469746 292163117 1469746 414854448
106 0 121847940 1469746 293360742 1469746 415208682
107 0 120966865 1469746 294545237 1469746 415512102
108 0 121648370 1469746 295725307 1469746 417373677
109 0 120719444 1469746 296951542 1469746 417670986
110 0 119819869 1469746 298139537 1469746 417959406
111 0 118933108 1469746 299312570 1469746 418245678
112 0 117999997 1469746 300546342 1469746 418546339
113 0 117123903 1469746 301728245 1469746 418852148
114 0 116220198 1469746 302940573 1469746 419160771
115 0 115343678 1469746 304118791 1469746 419462469
116 0 114468344 1469746 305308712 1469746 419777056
117 0 113612545 1469746 306497097 1469746 420109642
118 0 112762413 1469746 307673037 1469746 420435450
119 0 111878912 1469746 308868847 1469746 420747759
120 0 110435422 1469746 310641553 1469746 421076975
121 0 109505514 1469746 311890677 1469746 421396191
122 0 108634160 1469746 313105783 1469746 421739943
123 0 107734604 1469746 314314648 1469746 422049252
124 0 106867102 1469746 315492588 1469746 422359690
125 0 105994027 1469746 316680398 1469746 422674425
126 0 105110451 1469746 317866857 1469746 422977308
127 0 104205710 1469746 319083055 1469746 423288765
128 0 103301691 1469746 320308716 1469746 423610407
1 0 216980678 1469901 112315788 1469901 329296466
2 0 215552724 1469901 114094716 1469901 329647440
3 0 214573502 1469901 115412487 1469901 329985989
4 0 213568726 1469901 116768127 1469901 330336853
5 0 212590208 1469901 118071824 1469901 330662032
6 0 211641744 1469901 119341966 1469901 330983710
7 0 210669060 1469901 120623274 1469901 331292334
8 0 209733152 1469901 121878120 1469901 331611272
9 0 208837318 1469901 123109577 1469901 331946895
10 0 207906447 1469901 124347831 1469901 332254278
11 0 207001243 1469901 125573455 1469901 332574698
12 0 206092076 1469901 126797931 1469901 332890007
13 0 205126076 1469901 128073684 1469901 333199760
14 0 204227371 1469901 129296938 1469901 333524309
15 0 203293130 1469901 130538173 1469901 333831303
16 0 202409388 1469901 131737909 1469901 334147297
17 0 201542016 1469901 132915608 1469901 334457624
18 0 200640460 1469901 134123714 1469901 334764174
19 0 199762662 1469901 135315154 1469901 335077816
20 0 198910678 1469901 136484409 1469901 335395087
21 0 197982067 1469901 137721848 1469901 335703915
22 0 197132565 1469901 138911695 1469901 336044260
23 0 196221693 1469901 140138505 1469901 336360198
24 0 195334581 1469901 141335889 1469901 336670470
25 0 194463543 1469901 142519754 1469901 336983297
26 0 193617652 1469901 143687232 1469901 337304884
27 0 192751910 1469901 144855616 1469901 337607526
28 0 191882093 1469901 146036853 1469901 337918946
29 0 191016999 1469901 147209478 1469901 338226477
30 0 190141682 1469901 148395140 1469901 338536822
31 0 189261811 1469901 149594042 1469901 338855853
32 0 188049908 1469901 151119402 1469901 339169310
33 0 187169666 1469901 152310823 1469901 339480489
34 0 186338664 1469901 153491467 1469901 339830131
35 0 185494199 1469901 154671758 1469901 340165957
36 0 184638475 1469901 155852532 1469901 340491007
37 0 183774344 1469901 157036342 1469901 340810686
38 0 182907138 1469901 158207171 1469901 341114309
39 0 182045618 1469901 159382518 1469901 341428136
40 0 181138988 1469901 160621605 1469901 341760593
41 0 180239412 1469901 161824119 1469901 342063531
42 0 179362856 1469901 163016799 1469901 342379655
43 0 178487132 1469901 164203239 1469901 342690371
44 0 177591020 1469901 165402290 1469901 342993310
45 0 176716222 1469901 166591915 1469901 343308137
46 0 175892127 1469901 167766040 1469901 343658167
47 0 175021459 1469901 168943980 1469901 343965439
48 0 173571154 1469901 170705464 1469901 344276618
49 0 172644801 1469901 171944533 1469901 344589334
50 0 171772929 1469901 173124473 1469901 344897402
51 0 170950205 1469901 174291894 1469901 345242099
52 0 170089480 1469901 175480816 1469901 345570296
53 0 169240220 1469901 176652163 1469901 345892383
54 0 168351866 1469901 177845992 1469901 346197858
55 0 167491161 1469901 179022228 1469901 346513389
56 0 166579624 1469901 180243741 1469901 346823365
57 0 165668734 1469901 181471958 1469901 347140692
58 0 164819769 1469901 182662657 1469901 347482426
59 0 163952971 1469901 183840430 1469901 347793401
60 0 163087395 1469901 185018093 1469901 348105488
61 0 162223152 1469901 186187774 1469901 348410926
62 0 161370428 1469901 187354214 1469901 348724642
63 0 160509038 1469901 188536672 1469901 349045710
64 0 159631092 1469901 189722834 1469901 349353926
65 0 158712517 1469901 190950218 1469901 349662735
66 0 157828571 1469901 192146732 1469901 349975303
67 0 157592632 1469901 193326412 1469901 350919044
68 0 156712297 1469901 194518278 1469901 351230575
69 0 155860795 1469901 195698662 1469901 351559457
70 0 154975164 1469901 196908398 1469901 351883562
71 0 154101903 1469901 198097449 1469901 352199352
72 0 153218088 1469901 199285870 1469901 352503958
73 0 151980630 1469901 200837821 1469901 352818451
74 0 151102814 1469901 202028354 1469901 353131168
75 0 150241794 1469901 203200275 1469901 353442069
76 0 149369736 1469901 204392882 1469901 353762618
77 0 148509383 1469901 205564896 1469901 354074279
78 0 147632919 1469901 206745058 1469901 354377977
79 0 146764640 1469901 207923257 1469901 354687897
80 0 145892453 1469901 209113160 1469901 355005613
81 0 144991785 1469901 210326618 1469901 355318403
82 0 144115432 1469901 211534594 1469901 355650026
83 0 143206894 1469901 212756089 1469901 355962983
84 0 142325782 1469901 213949195 1469901 356274977
85 0 141452095 1469901 215135024 1469901 356587119
86 0 140575279 1469901 216313501 1469901 356888780
87 0 139706128 1469901 217491849 1469901 357197977
88 0 138843997 1469901 218670400 1469901 357514397
89 0 137956551 1469901 219859099 1469901 357815650
90 0 137019366 1469901 221103778 1469901 358123144
91 0 136134976 1469901 222297773 1469901 358432749
92 0 135200161 1469901 223548953 1469901 358749114
93 0 134309216 1469901 224758688 1469901 359067904
94 0 133453788 1469901 225941554 1469901 359395342
95 0 132597767 1469901 227119031 1469901 359716798
96 0 131715229 1469901 228333156 1469901 360048385
97 0 130844357 1469901 229532873 1469901 360377230
98 0 129342109 1469901 231348393 1469901 360690502
99 0 128468570 1469901 232541463 1469901 361010033
100 0 127560772 1469901 233752569 1469901 361313341
101 0 126695012 1469901 234927657 1469901 361622669
102 0 125806918 1469901 236129096 1469901 361936014
103 0 124939342 1469901 237300574 1469901 362239916
104 0 124093674 1469901 238528679 1469901 362622353
105 0 123237616 1469901 239705453 1469901 362943069
106 0 122331634 1469901 240948447 1469901 363280081
107 0 121458947 1469901 242134128 1469901 363593075
108 0 120589686 1469901 243314864 1469901 363904550
109 0 119677705 1469901 244538358 1469901 364216063
110 0 118798962 1469901 245719058 1469901 364518020
111 0 117924720 1469901 246902775 1469901 364827495
112 0 117059792 1469901 248091826 1469901 365151618
113 0 116183828 1469901 249281136 1469901 365464964
114 0 115256568 1469901 250509594 1469901 365766162
115 0 114377382 1469901 251704422 1469901 366081804
116 0 113494195 1469901 252897029 1469901 366391224
117 0 112623619 1469901 254073895 1469901 366697514
118 0 111769210 1469901 255250113 1469901 367019323
119 0 110900098 1469901 256434793 1469901 367334891
120 0 111729619 1469901 257625566 1469901 369355185
121 0 110848820 1469901 258820173 1469901 369668993
122 0 109913154 1469901 260056556 1469901 369969710
123 0 109722861 1469901 261274588 1469901 370997449
124 0 108847841 1469901 262459991 1469901 371307832
125 0 107986006 1469901 263637431 1469901 371623437
126 0 107093375 1469901 264834815 1469901 371928190
127 0 106226763 1469901 266024773 1469901 372251536
128 0 105335039 1469901 267220787 1469901 372555826
1 0 218725606 1470056 552298362 1470056 771023968
2 0 217332744 1470056 554077827 1470056 771410571
3 0 216340597 1470056 555415727 1470056 771756324
4 0 215297988 1470056 556777348 1470056 772075336
5 0 214295526 1470056 558108026 1470056 772403552
6 0 213350544 1470056 559377761 1470056 772728305
7 0 212368452 1470056 560676439 1470056 773044891
8 0 211446766 1470056 561925730 1470056 773372496
9 0 210529303 1470056 563168557 1470056 773697860
10 0 209625506 1470056 564398533 1470056 774024039
11 0 208698024 1470056 565648490 1470056 774346514
12 0 207776394 1470056 566881670 1470056 774658064
13 0 206809579 1470056 568170775 1470056 774980354
14 0 205922059 1470056 569384362 1470056 775306421
15 0 204971838 1470056 570647837 1470056 775619675
16 0 204081058 1470056 571856999 1470056 775938057
17 0 203201039 1470056 573058364 1470056 776259403
18 0 202298352 1470056 574277452 1470056 776575804
19 0 201408351 1470056 575487391 1470056 776895742
20 0 200549831 1470056 576666961 1470056 777216792
21 0 199642016 1470056 577929584 1470056 777571600
22 0 198768384 1470056 579135524 1470056 777903908
23 0 197651091 1470056 580568681 1470056 778219772
24 0 196698962 1470056 581849026 1470056 778547988
25 0 195816942 1470056 583049725 1470056 778866667
26 0 194937033 1470056 584244850 1470056 779181883
27 0 194080476 1470056 585427401 1470056 779507877
28 0 193209326 1470056 586621674 1470056 779831000
29 0 193012922 1470056 587813262 1470056 780826184
30 0 192148568 1470056 589012887 1470056 781161455
31 0 190909518 1470056 590581338 1470056 781490856
32 0 189981796 1470056 591818425 1470056 781800221
33 0 189139906 1470056 593015049 1470056 782154955
34 0 188267015 1470056 594202841 1470056 782469856
35 0 187398642 1470056 595396022 1470056 782794664
36 0 186528197 1470056 596587054 1470056 783115251
37 0 185625974 1470056 597801530 1470056 783427504
38 0 184756343 1470056 598994192 1470056 783750535
39 0 183840804 1470056 600237372 1470056 784078176
40 0 182928767 1470056 601471959 1470056 784400726
41 0 182056821 1470056 602663732 1470056 784720553
42 0 181159264 1470056 603887708 1470056 785046972
43 0 180264134 1470056 605097166 1470056 785361300
44 0 179370781 1470056 606308772 1470056 785679553
45 0 178514594 1470056 607518544 1470056 786033138
46 0 177652629 1470056 608700373 1470056 786353002
47 0 176783943 1470056 609898942 1470056 786682885
48 0 175287416 1470056 611709037 1470056 786996453
49 0 174384693 1470056 612928457 1470056 787313150
50 0 173524284 1470056 614108360 1470056 787632644
51 0 172667911 1470056 615287745 1470056 787955656
52 0 171826984 1470056 616479462 1470056 788306446
53 0 170977186 1470056 617655328 1470056 788632514
54 0 170086091 1470056 618856231 1470056 788942322
55 0 169190368 1470056 620071818 1470056 789262186
56 0 168287293 1470056 621297961 1470056 789585254
57 0 167381885 1470056 622514067 1470056 789895952
58 0 166586178 1470056 623705488 1470056 790291666
59 0 165710954 1470056 624905354 1470056 790616308
60 0 164837175 1470056 626097627 1470056 790934802
61 0 163961766 1470056 627288548 1470056 791250314
62 0 163096283 1470056 628477636 1470056 791573919
63 0 162241430 1470056 629654261 1470056 791895691
64 0 161311614 1470056 630902959 1470056 792214573
65 0 160422799 1470056 632101750 1470056 792524549
66 0 159554000 1470056 633291098 1470056 792845098
67 0 158674869 1470056 634478723 1470056 793153592
68 0 157806905 1470056 635669329 1470056 793476234
69 0 156934366 1470056 636861232 1470056 793795598
70 0 156081624 1470056 638068856 1470056 794150480
71 0 155193363 1470056 639271407 1470056 794464770
72 0 153920092 1470056 640859950 1470056 794780042
73 0 152970555 1470056 642125407 1470056 795095962
74 0 152083757 1470056 643334791 1470056 795418548
75 0 151178997 1470056 644547767 1470056 795726764
76 0 150318402 1470056 645741633 1470056 796060035
77 0 149449253 1470056 646926906 1470056 796376159
78 0 148565548 1470056 648125160 1470056 796690708
79 0 147693509 1470056 649308267 1470056 797001776
80 0 146740361 1470056 650575409 1470056 797315770
81 0 145836082 1470056 651792589 1470056 797628671
82 0 144960822 1470056 652996102 1470056 797956924
83 0 144048618 1470056 654225856 1470056 798274474
84 0 143173894 1470056 655423740 1470056 798597634
85 0 142276930 1470056 656628698 1470056 798905628
86 0 141398558 1470056 657824990 1470056 799223548
87 0 140531945 1470056 659018448 1470056 799550393
88 0 139046104 1470056 660819135 1470056 799865239
89 0 138872070 1470056 662050426 1470056 800922496
90 0 138002310 1470056 663256402 1470056 801258712
91 0 137128457 1470056 664452434 1470056 801580891
92 0 136189567 1470056 665716299 1470056 801905866
93 0 135278326 1470056 666934793 1470056 802213119
94 0 134432602 1470056 668124918 1470056 802557520
95 0 133538563 1470056 669328673 1470056 802867236
96 0 132589545 1470056 670593444 1470056 803182989
97 0 131673896 1470056 671825531 1470056 803499427
98 0 130806950 1470056 673012008 1470056 803818958
99 0 129916504 1470056 674209022 1470056 804125526
100 0 129040836 1470056 675400888 1470056 804441724
101 0 128154317 1470056 676602827 1470056 804757144
102 0 127262185 1470056 677809119 1470056 805071304
103 0 126378203 1470056 679002762 1470056 805380965
104 0 124653070 1470056 681107221 1470056 805760291
105 0 123728477 1470056 682355085 1470056 806083562
106 0 122863957 1470056 683575691 1470056 806439648
107 0 121977955 1470056 684776742 1470056 806754697
108 0 121098435 1470056 685973552 1470056 807071987
109 0 120164842 1470056 687217065 1470056 807381907
110 0 119277693 1470056 688418856 1470056 807696549
111 0 118404877 1470056 689605759 1470056 808010636
112 0 117474043 1470056 690869827 1470056 808343870
113 0 118223788 1470056 692072674 1470056 810296462
114 0 117309658 1470056 693294094 1470056 810603752
115 0 116409416 1470056 694492534 1470056 810901950
116 0 115498822 1470056 695697103 1470056 811195925
117 0 114601284 1470056 696904950 1470056 811506234
118 0 113727986 1470056 698095390 1470056 811823376
119 0 112822504 1470056 699308014 1470056 812130518
120 0 111365458 1470056 701105831 1470056 812471289
121 0 110451551 1470056 702344788 1470056 812796339
122 0 109574104 1470056 703571339 1470056 813145443
123 0 108667807 1470056 704799296 1470056 813467103
124 0 107779547 1470056 705995939 1470056 813775486
125 0 106894527 1470056 707198175 1470056 814092702
126 0 106014970 1470056 708398467 1470056 814413437
127 0 105096247 1470056 709625591 1470056 814721838
128 0 104164025 1470056 710879437 1470056 815043462
1 0 216498260 1470212 312465710 1470212 528963970
2 0 215053214 1470212 314290693 1470212 529343907
3 0 214091307 1470212 315586927 1470212 529678234
4 0 213156288 1470212 316841717 1470212 529998005
5 0 213025217 1470212 318112359 1470212 531137576
6 0 212102531 1470212 319361557 1470212 531464088
7 0 211130198 1470212 320646106 1470212 531776304
8 0 210220234 1470212 321892026 1470212 532112260
9 0 209295789 1470212 323134687 1470212 532430476
10 0 208363789 1470212 324384940 1470212 532748729
11 0 207406326 1470212 325658971 1470212 533065297
12 0 206521788 1470212 326849059 1470212 533370847
13 0 205650379 1470212 328041091 1470212 533691470
14 0 204797655 1470212 329208161 1470212 534005816
15 0 203823581 1470212 330487173 1470212 534310754
16 0 202940247 1470212 331686557 1470212 534626804
17 0 202067708 1470212 332871071 1470212 534938779
18 0 201166262 1470212 334077659 1470212 535243921
19 0 200291206 1470212 335271024 1470212 535562230
20 0 199468389 1470212 336442853 1470212 535911242
21 0 198541185 1470212 337681199 1470212 536222384
22 0 197665776 1470212 338880324 1470212 536546100
23 0 196740126 1470212 340118319 1470212 536858445
24 0 195838700 1470212 341335017 1470212 537173717
25 0 194955995 1470212 342531753 1470212 537487748
26 0 194098660 1470212 343704193 1470212 537802853
27 0 193232547 1470212 344883670 1470212 538116217
28 0 192361545 1470212 346070851 1470212 538432396
29 0 191484933 1470212 347250846 1470212 538735779
30 0 190610969 1470212 348438656 1470212 539049625
31 0 189725764 1470212 349642133 1470212 539367897
32 0 188811726 1470212 350876535 1470212 539688261
33 0 187975853 1470212 352072956 1470212 540048809
34 0 187126666 1470212 353258914 1470212 540385580
35 0 186253794 1470212 354446132 1470212 540699926
36 0 185381885 1470212 355635109 1470212 541016994
37 0 184501477 1470212 356830159 1470212 541331636
38 0 183650215 1470212 358000859 1470212 541651074
39 0 182788750 1470212 359175503 1470212 541964253
40 0 181828529 1470212 360453589 1470212 542282118
41 0 180938805 1470212 361655547 1470212 542594352
42 0 180066322 1470212 362841913 1470212 542908235
43 0 179187487 1470212 364034649 1470212 543222136
44 0 178294616 1470212 365239107 1470212 543533723
45 0 177434170 1470212 366444139 1470212 543878309
46 0 176569798 1470212 367616431 1470212 544186229
47 0 175691796 1470212 368804926 1470212 544496722
48 0 174826332 1470212 369977403 1470212 544803735
49 0 173886554 1470212 371232045 1470212 545118599
50 0 173022071 1470212 372407763 1470212 545429834
51 0 172156051 1470212 373588018 1470212 545744069
52 0 171318104 1470212 374768384 1470212 546086488
53 0 170457713 1470212 375945898 1470212 546403611
54 0 169575193 1470212 377131801 1470212 546706994
55 0 168700174 1470212 378316296 1470212 547016470
56 0 167844449 1470212 379501773 1470212 547346222
57 0 166899986 1470212 380754434 1470212 547654420
58 0 166040262 1470212 381948355 1470212 547988617
59 0 165171964 1470212 383131369 1470212 548303333
60 0 164293204 1470212 384312716 1470212 548605920
61 0 163428962 1470212 385492267 1470212 548921229
62 0 162565163 1470212 386677374 1470212 549242537
63 0 161708829 1470212 387847462 1470212 549556291
64 0 160820883 1470212 389040846 1470212 549861729
65 0 160661478 1470212 390252230 1470212 550913708
66 0 159791384 1470212 391452318 1470212 551243702
67 0 158919957 1470212 392643961 1470212 551563918
68 0 158038955 1470212 393829568 1470212 551868523
69 0 157169750 1470212 395011619 1470212 552181369
70 0 156293619 1470212 396209336 1470212 552502955
71 0 155409507 1470212 397407850 1470212 552817357
72 0 154540783 1470212 398578623 1470212 553119406
73 0 153659004 1470212 399779285 1470212 553438289
74 0 152723596 1470212 401020335 1470212 553743931
75 0 151835724 1470212 402221460 1470212 554057184
76 0 150968760 1470212 403408196 1470212 554376956
77 0 150105703 1470212 404584247 1470212 554689950
78 0 149229498 1470212 405762983 1470212 554992481
79 0 148376644 1470212 406943997 1470212 555320641
80 0 147503069 1470212 408128085 1470212 555631154
81 0 146636696 1470212 409307303 1470212 555943999
82 0 145728473 1470212 410550612 1470212 556279085
83 0 144808288 1470212 411782736 1470212 556591024
84 0 143939268 1470212 412966509 1470212 556905777
85 0 143051396 1470212 414158023 1470212 557209419
86 0 142182894 1470212 415338889 1470212 557521783
87 0 141323059 1470212 416510903 1470212 557833962
88 0 140432077 1470212 417712361 1470212 558144438
89 0 139555131 1470212 418900486 1470212 558455617
90 0 137888367 1470212 420881892 1470212 558770259
91 0 136959496 1470212 422128720 1470212 559088216
92 0 136016089 1470212 423382880 1470212 559398969
93 0 135126106 1470212 424590968 1470212 559717074
94 0 134313603 1470212 425759723 1470212 560073326
95 0 133456602 1470212 426947070 1470212 560403672
96 0 132560656 1470212 428150287 1470212 560710943
97 0 131676785 1470212 429345134 1470212 561021919
98 0 130763118 1470212 430570073 1470212 561333191
99 0 129878486 1470212 431762643 1470212 561641129
100 0 129007207 1470212 432942175 1470212 561949382
101 0 128133113 1470212 434126763 1470212 562259876
102 0 127255334 1470212 435305018 1470212 562560352
103 0 126395573 1470212 436479458 1470212 562875031
104 0 125563886 1470212 437692323 1470212 563256209
105 0 124701327 1470212 438874523 1470212 563575850
106 0 125325056 1470212 440085388 1470212 565410444
107 0 124408945 1470212 441300327 1470212 565709272
108 0 123517111 1470212 442483063 1470212 566000174
109 0 122584054 1470212 443705595 1470212 566289649
110 0 121717275 1470212 444910664 1470212 566627939
111 0 120857347 1470212 446089308 1470212 566946655
112 0 119969976 1470212 447279192 1470212 567249168
113 0 119105770 1470212 448456225 1470212 567561995
114 0 118216529 1470212 449649979 1470212 567866508
115 0 115312881 1470212 452864639 1470212 568177520
116 0 114401048 1470212 454094781 1470212 568495829
117 0 113517194 1470212 455280462 1470212 568797656
118 0 112642507 1470212 456464828 1470212 569107335
119 0 111776469 1470212 457643823 1470212 569420292
120 0 110917337 1470212 458834078 1470212 569751415
121 0 110789062 1470212 460044036 1470212 570833098
122 0 109929857 1470212 461287030 1470212 571216887
123 0 109040800 1470212 462490729 1470212 571531529
124 0 108173594 1470212 463671706 1470212 571845300
125 0 107293723 1470212 464856016 1470212 572149739
126 0 106426981 1470212 466035826 1470212 572462807
127 0 105530646 1470212 467241784 1470212 572772430
128 0 104668941 1470212 468421761 1470212 573090702
1 0 257009877 1470369 157112256 1470369 414122133
2 0 254904826 1470369 159608670 1470369 414513496
3 0 253230414 1470369 161616038 1470369 414846452
4 0 251684704 1470369 163495427 1470369 415180131
5 0 250121289 1470369 165390946 1470369 415512235
6 0 248555227 1470369 167271187 1470369 415826414
7 0 247050312 1470369 169094226 1470369 416144538
8 0 245486028 1470369 171021836 1470369 416507864
9 0 243888299 1470369 172933892 1470369 416822191
10 0 242375330 1470369 174767763 1470369 417143093
11 0 240906543 1470369 176554117 1470369 417460660
12 0 239421535 1470369 178347230 1470369 417768765
13 0 237917564 1470369 180171621 1470369 418089185
14 0 236434094 1470369 181970900 1470369 418404994
15 0 234968511 1470369 183751829 1470369 418720340
16 0 233488670 1470369 185550423 1470369 419039093
17 0 232016309 1470369 187330981 1470369 419347290
18 0 230517283 1470369 189149686 1470369 419666969
19 0 228979183 1470369 191009280 1470369 419988463
20 0 228280067 1470369 192797430 1470369 421077497
21 0 226742393 1470369 194662357 1470369 421404750
22 0 225275718 1470369 196459007 1470369 421734725
23 0 223776655 1470369 198266620 1470369 422043275
24 0 222280518 1470369 200079473 1470369 422359991
25 0 220771917 1470369 201900679 1470369 422672596
26 0 219326390 1470369 203668644 1470369 422995034
27 0 217874418 1470369 205434184 1470369 423308602
28 0 216395817 1470369 207222797 1470369 423618614
29 0 214939105 1470369 208993837 1470369 423932942
30 0 213327285 1470369 210917947 1470369 424245232
31 0 211815426 1470369 212743652 1470369 424559078
32 0 210359009 1470369 214545469 1470369 424904478
33 0 208894297 1470369 216328286 1470369 425222583
34 0 207415123 1470369 218114436 1470369 425529559
35 0 205940799 1470369 219903365 1470369 425844164
36 0 204382830 1470369 221776439 1470369 426159269
37 0 202884507 1470369 223580348 1470369 426464855
38 0 201435869 1470369 225349610 1470369 426785479
39 0 199959860 1470369 227129372 1470369 427089232
40 0 198503462 1470369 228910319 1470369 427413781
41 0 196975122 1470369 230752912 1470369 427728034
42 0 195483559 1470369 232549192 1470369 428032751
43 0 194011939 1470369 234334065 1470369 428346004
44 0 192541597 1470369 236147770 1470369 428689367
45 0 191048608 1470369 237950642 1470369 428999250
46 0 189582933 1470369 239730533 1470369 429313466
47 0 188042777 1470369 241587053 1470369 429629830
48 0 186564955 1470369 243371240 1470369 429936195
49 0 185129371 1470369 245171576 1470369 430300947
50 0 183671382 1470369 246946411 1470369 430617793
51 0 182209595 1470369 248724025 1470369 430933620
52 0 180712958 1470369 250565063 1470369 431278021
53 0 179243709 1470369 252346176 1470369 431589885
54 0 177749664 1470369 254153493 1470369 431903157
55 0 176286507 1470369 255938384 1470369 432224891
56 0 174831406 1470369 257735386 1470369 432566792
57 0 173330861 1470369 259544684 1470369 432875545
58 0 171797594 1470369 261399241 1470369 433196835
59 0 170322235 1470369 263185650 1470369 433507885
60 0 168830448 1470369 264992893 1470369 433823341
61 0 167355219 1470369 266777339 1470369 434132558
62 0 165881228 1470369 268570897 1470369 434452125
63 0 164385647 1470369 270381528 1470369 434767175
64 0 162858028 1470369 272214011 1470369 435072039
65 0 161956972 1470369 273429987 1470369 435386959
66 0 161079582 1470369 274623075 1470369 435702657
67 0 160193876 1470369 275816589 1470369 436010465
68 0 159332653 1470369 277021843 1470369 436354496
69 0 158458632 1470369 278213357 1470369 436671989
70 0 157557224 1470369 279429463 1470369 436986687
71 0 156607206 1470369 280685716 1470369 437292922
72 0 155729648 1470369 281884934 1470369 437614582
73 0 154829999 1470369 283099447 1470369 437929446
74 0 153957923 1470369 284291739 1470369 438249662
75 0 153059719 1470369 285495474 1470369 438555193
76 0 152177607 1470369 286697951 1470369 438875558
77 0 151296235 1470369 287892946 1470369 439189181
78 0 150411382 1470369 289091645 1470369 439503027
79 0 149499955 1470369 290314603 1470369 439814558
80 0 149334680 1470369 291540357 1470369 440875037
81 0 148468105 1470369 292737555 1470369 441205660
82 0 147580104 1470369 293943106 1470369 441523210
83 0 146667381 1470369 295170360 1470369 441837741
84 0 145785639 1470369 296370799 1470369 442156438
85 0 144892656 1470369 297578109 1470369 442470765
86 0 143996804 1470369 298783363 1470369 442780167
87 0 143123765 1470369 299968081 1470369 443091846
88 0 141324503 1470369 302082688 1470369 443407191
89 0 140425391 1470369 303286961 1470369 443712352
90 0 139546316 1470369 304484752 1470369 444031068
91 0 138662241 1470369 305687877 1470369 444350118
92 0 137740333 1470369 306953352 1470369 444693685
93 0 136827794 1470369 308169329 1470369 444997123
94 0 135966071 1470369 309356972 1470369 445323043
95 0 135033700 1470369 310606392 1470369 445640092
96 0 134114829 1470369 311837924 1470369 445952753
97 0 133215384 1470369 313047993 1470369 446263377
98 0 132348234 1470369 314235821 1470369 446584055
99 0 131472455 1470369 315414780 1470369 446887235
100 0 130574398 1470369 316622997 1470369 447197395
101 0 129682971 1470369 317826474 1470369 447509445
102 0 128798748 1470369 319023098 1470369 447821846
103 0 126015302 1470369 322117705 1470369 448133007
104 0 125058043 1470369 323455808 1470369 448513851
105 0 125727863 1470369 324659526 1470369 450387389
106 0 124815066 1470369 325876743 1470369 450691809
107 0 123912713 1470369 327075997 1470369 450988710
108 0 123007176 1470369 328274603 1470369 451281779
109 0 122071601 1470369 329516635 1470369 451588236
110 0 121119305 1470369 330778295 1470369 451897600
111 0 120236988 1470369 331980346 1470369 452217334
112 0 119326265 1470369 333202063 1470369 452528328
113 0 118460542 1470369 334392317 1470369 452852859
114 0 117547912 1470369 335610145 1470369 453158057
115 0 116670577 1470369 336801252 1470369 453471829
116 0 115770835 1470369 338009932 1470369 453780767
117 0 114885390 1470369 339210075 1470369 454095465
118 0 113677913 1470369 340733342 1470369 454411255
119 0 112763709 1470369 341958651 1470369 454722360
120 0 111902578 1470369 343160794 1470369 455063372
121 0 111026335 1470369 344368549 1470369 455394884
122 0 110116834 1470369 345586877 1470369 455703711
123 0 109229629 1470369 346797798 1470369 456027427
124 0 108355239 1470369 347994682 1470369 456349921
125 0 107451312 1470369 349204751 1470369 456656063
126 0 106521368 1470369 350446800 1470369 456968168
127 0 105603274 1470369 351681925 1470369 457285199
128 0 104703459 1470369 352887197 1470369 457590656
