1 0 613006214 5786931 532489220 5786932 145495434
2 0 450594178 5786931 761014249 5786932 211608427
1 0 623260527 5786939 393620397 5786940 16880924
2 0 441929694 5786939 637714582 5786940 79644276
1 0 635927202 5786947 223587938 5786947 859515140
2 0 456956547 5786947 471482405 5786947 928438952
1 0 633510509 5786955 140509072 5786955 774019581
2 0 457475151 5786955 388165119 5786955 845640270
1 0 605047856 5786963 53613061 5786963 658660917
2 0 441315175 5786963 284323832 5786963 725639007
1 0 628176245 5786970 940787462 5786971 568963707
2 0 445555042 5786971 187385866 5786971 632940908
1 0 640078213 5786978 823658151 5786979 463736364
2 0 462130701 5786979 72692288 5786979 534822989
1 0 634083642 5786986 381850146 5786987 15933788
2 0 467833337 5786986 622713122 5786987 90546459
1 0 648968647 5786994 213524975 5786994 862493622
2 0 460505365 5786994 469275842 5786994 929781207
1 0 631870411 5787002 100917180 5787002 732787591
2 0 446634773 5787002 351446978 5787002 798081751
