1 1 204097250 5787009 967409237 5787011 171506487
2 1 42029237 5787010 194267623 5787011 236296860
3 0 889043869 5787010 416879218 5787011 305923087
4 0 738220536 5787010 634516294 5787011 372736830
1 1 209343603 5787018 471993727 5787019 681337330
2 1 23524695 5787018 726116961 5787019 749641656
3 0 859814860 5787018 953161530 5787019 812976390
4 0 711715679 5787019 170876013 5787019 882591692
1 1 172525792 5787026 703088957 5787027 875614749
2 1 6373352 5787026 936401801 5787027 942775153
3 0 853035305 5787027 158572554 5787028 11607859
4 0 709219988 5787027 373841269 5787028 83061257
1 1 181367282 5787034 891626054 5787036 72993336
2 1 6060622 5787035 141877233 5787036 147937855
3 0 855515892 5787035 357621848 5787036 213137740
4 0 698038328 5787035 576885286 5787036 274923614
1 1 199186901 5787043 160757624 5787044 359944525
2 1 27299974 5787043 404410907 5787044 431710881
3 0 868742188 5787043 632227410 5787044 500969598
4 0 726050516 5787043 848920101 5787044 574970617
1 1 188613640 5787051 361055377 5787052 549669017
2 1 25860542 5787051 596924436 5787052 622784978
3 0 866685156 5787051 824703181 5787052 691388337
4 0 721283182 5787052 42235820 5787052 763519002
1 1 198893400 5787059 634241930 5787060 833135330
2 1 33083932 5787059 872526482 5787060 905610414
3 0 882339056 5787060 90925254 5787060 973264310
4 0 732158688 5787060 314943737 5787061 47102425
1 1 210637762 5787068 112036532 5787069 322674294
2 1 48548799 5787068 353494730 5787069 402043529
3 0 899985900 5787068 577484640 5787069 477470540
4 0 746556851 5787068 797500735 5787069 544057586
1 1 188817635 5787076 522638156 5787077 711455791
2 1 136310 5787076 775132559 5787077 775268869
3 0 851909145 5787076 986537481 5787077 838446626
4 0 698788219 5787077 212467208 5787077 911255427
1 1 187179466 5787084 768559254 5787085 955738720
2 1 14681935 5787085 14039954 5787086 28721889
3 0 868602193 5787085 232492061 5787086 101094254
4 0 706182567 5787085 459566102 5787086 165748669
