1 0 16667706 5584934 39079545 5584934 55747251
2 0 14594207 5584934 41745588 5584934 56339795
1 0 12378434 5584941 377075054 5584941 389453488
2 0 10980127 5584941 378913186 5584941 389893313
1 0 12164291 5584948 747525215 5584948 759689506
2 0 10793557 5584948 749414217 5584948 760207774
1 0 16490265 5584956 69021686 5584956 85511951
2 0 14522172 5584956 71575898 5584956 86098070
1 0 15660336 5584963 447325983 5584963 462986319
2 0 14155530 5584963 449415759 5584963 463571289
1 0 16049310 5584970 852191728 5584970 868241038
2 0 14187956 5584970 854640719 5584970 868828675
1 0 15253251 5584978 411840497 5584978 427093748
2 0 13343732 5584978 414240785 5584978 427584517
1 0 15966052 5584985 762182806 5584985 778148858
2 0 14113217 5584985 764621390 5584985 778734607
1 0 12483229 5584993 307191614 5584993 319674843
2 0 11171013 5584993 309046338 5584993 320217351
1 0 15843536 5585000 802059272 5585000 817902808
2 0 14029959 5585000 804460616 5585000 818490575
