1 0 30389911 5585084 361982315 5585084 392372226
2 0 28508706 5585084 364432362 5585084 392941068
3 0 27345395 5585084 366157718 5585084 393503113
4 0 26232841 5585084 367833131 5585084 394065972
5 0 25038549 5585084 369574450 5585084 394612999
6 0 23832442 5585084 371344713 5585084 395177155
7 0 22727222 5585084 373002108 5585084 395729330
8 0 21603725 5585084 374668188 5585084 396271913
1 0 22685482 5585092 806941660 5585092 829627142
2 0 21303101 5585092 808783403 5585092 830086504
3 0 20358655 5585092 810164637 5585092 830523292
4 0 19477191 5585092 811463408 5585092 830940599
5 0 18575337 5585092 812776421 5585092 831351758
6 0 17742556 5585092 814034157 5585092 831776713
7 0 16915461 5585092 815273096 5585092 832188557
8 0 16090957 5585092 816515036 5585092 832605993
1 0 23372210 5585101 217019013 5585101 240391223
2 0 21948755 5585101 218870886 5585101 240819641
3 0 20984144 5585101 220257619 5585101 241241763
4 0 20091327 5585101 221555984 5585101 241647311
5 0 19181288 5585101 222886829 5585101 242068117
6 0 18333508 5585101 224156268 5585101 242489776
7 0 17496561 5585101 225406541 5585101 242903102
8 0 16649558 5585101 226659610 5585101 243309168
1 0 23273711 5585109 677052506 5585109 700326217
2 0 21857405 5585109 678897138 5585109 700754543
3 0 20890312 5585109 680281982 5585109 701172294
4 0 20005644 5585109 681583402 5585109 701589046
5 0 19109753 5585109 682885489 5585109 701995242
6 0 18281176 5585109 684134743 5585109 702415919
7 0 17462691 5585109 685363980 5585109 702826671
8 0 16641336 5585109 686600679 5585109 703242015
1 0 22718389 5585117 847472117 5585117 870190506
2 0 21313785 5585117 849323712 5585117 870637497
3 0 20337063 5585117 850719297 5585117 871056360
4 0 19488690 5585117 851984366 5585117 871473056
5 0 18601244 5585117 853282193 5585117 871883437
6 0 17778648 5585117 854526374 5585117 872305022
7 0 16950534 5585117 855764554 5585117 872715088
8 0 16133661 5585117 856998290 5585117 873131951
1 0 22566207 5585126 286908648 5585126 309474855
2 0 21147307 5585126 288744095 5585126 309891402
3 0 20607799 5585126 290125606 5585126 310733405
4 0 19727130 5585126 291419434 5585126 311146564
5 0 18833703 5585126 292726798 5585126 311560501
6 0 18004107 5585126 293978090 5585126 311982197
7 0 17203029 5585126 295200845 5585126 312403874
8 0 16367471 5585126 296437395 5585126 312804866
1 0 22848571 5585134 707361205 5585134 730209776
2 0 21438802 5585134 709203096 5585134 730641898
3 0 20472320 5585134 710585496 5585134 731057816
4 0 19605244 5585134 711862472 5585134 731467716
5 0 18695427 5585134 713172985 5585134 731868412
6 0 17859405 5585134 714423980 5585134 732283385
7 0 17029939 5585134 715662068 5585134 732692007
8 0 16184919 5585134 716907359 5585134 733092278
1 0 30206508 5585143 159268562 5585143 189475070
2 0 28376190 5585143 161809644 5585143 190185834
3 0 27236563 5585143 163526482 5585143 190763045
4 0 26123196 5585143 165192358 5585143 191315554
5 0 24922792 5585143 166924678 5585143 191847470
6 0 23813979 5585143 168591758 5585143 192405737
7 0 22610891 5585143 170344243 5585143 192955134
8 0 21454228 5585143 172036600 5585143 193490828
1 0 15561560 5585151 302688076 5585151 318249636
2 0 14634633 5585151 303909997 5585151 318544630
3 0 14095773 5585151 304737648 5585151 318833421
4 0 13570727 5585151 305552318 5585151 319123045
5 0 13004312 5585151 306409006 5585151 319413318
6 0 12472841 5585151 307229490 5585151 319702331
7 0 12088607 5585151 308042160 5585151 320130767
8 0 11576820 5585151 308851979 5585151 320428799
1 0 30308876 5585159 492445353 5585159 522754229
2 0 28440652 5585159 494878733 5585159 523319385
3 0 27282340 5585159 496600256 5585159 523882596
4 0 26145028 5585159 498275725 5585159 524420753
5 0 24911551 5585159 500067895 5585159 524979446
6 0 23741833 5585159 501802473 5585159 525544306
7 0 22639224 5585159 503458479 5585159 526097703
8 0 21513430 5585159 505127763 5585159 526641193
