1 0 37056101 5585167 937438290 5585167 974494391
2 0 35618591 5585167 939311644 5585167 974930235
3 0 34560408 5585167 940791782 5585167 975352190
4 0 33692887 5585167 942065388 5585167 975758275
5 0 32851773 5585167 943327216 5585167 976178989
6 0 32026695 5585167 944567212 5585167 976593907
7 0 31172100 5585167 945823670 5585167 976995770
8 0 30378783 5585167 947069294 5585167 977448077
9 0 29553020 5585167 948310104 5585167 977863124
10 0 28723258 5585167 949552285 5585167 978275543
11 0 27824330 5585167 950853890 5585167 978678220
12 0 26988754 5585167 952100144 5585167 979088898
13 0 26170621 5585167 953338010 5585167 979508631
14 0 24829294 5585167 955083496 5585167 979912790
15 0 24143380 5585167 956367824 5585167 980511204
16 0 23287471 5585167 957640633 5585167 980928104
1 0 35810588 5585177 577567281 5585177 613377869
2 0 34273098 5585177 579404265 5585177 613677363
3 0 33124082 5585177 580832887 5585177 613956969
4 0 32140416 5585177 582091344 5585177 614231760
5 0 31157749 5585177 583350710 5585177 614508459
6 0 30183342 5585177 584601686 5585177 614785028
7 0 29203490 5585177 585850070 5585177 615053560
8 0 28265433 5585177 587086788 5585177 615352221
9 0 27304321 5585177 588322598 5585177 615626919
10 0 26342839 5585177 589563445 5585177 615906284
11 0 25222009 5585177 590948567 5585177 616170576
12 0 24251767 5585177 592191433 5585177 616443200
13 0 23297211 5585177 593428947 5585177 616726158
14 0 22468023 5585177 594705997 5585177 617174020
15 0 21476616 5585177 595969473 5585177 617446089
16 0 20481616 5585177 597232375 5585177 617713991
1 0 36842180 5585187 257067055 5585187 293909235
2 0 35421095 5585187 258928261 5585187 294349356
3 0 34408669 5585187 260354420 5585187 294763089
4 0 33522038 5585187 261645247 5585187 295167285
5 0 32680536 5585187 262897316 5585187 295577852
6 0 31858476 5585187 264128386 5585187 295986862
7 0 31016029 5585187 265372622 5585187 296388651
8 0 30223618 5585187 266608969 5585187 296832587
9 0 29404690 5585187 267835964 5585187 297240654
10 0 28570520 5585187 269072904 5585187 297643424
11 0 27706795 5585187 270345751 5585187 298052546
12 0 26855681 5585187 271602894 5585187 298458575
13 0 26040530 5585187 272838945 5585187 298879475
14 0 24712111 5585187 274562375 5585187 299274486
15 0 23819368 5585187 275861351 5585187 299680719
16 0 23019290 5585187 277131068 5585187 300150358
1 0 36979436 5585196 627543256 5585196 664522692
2 0 35512075 5585196 629441072 5585196 664953147
3 0 34469984 5585196 630904470 5585196 665374454
4 0 33601111 5585196 632185409 5585196 665786520
5 0 32744386 5585196 633461219 5585196 666205605
6 0 31910679 5585196 634712140 5585196 666622819
7 0 31056955 5585196 635973005 5585196 667029960
8 0 30245525 5585196 637230000 5585196 667475525
9 0 29405559 5585196 638482699 5585196 667888258
10 0 28573650 5585196 639735675 5585196 668309325
11 0 27617760 5585196 641093076 5585196 668710836
12 0 26763183 5585196 642360256 5585196 669123439
13 0 25932254 5585196 643617936 5585196 669550190
14 0 25036086 5585196 644914115 5585196 669950201
15 0 24215231 5585196 646203128 5585196 670418359
16 0 23358432 5585196 647479771 5585196 670838203
1 0 48198115 5585206 252617962 5585206 300816077
2 0 46373538 5585206 255019825 5585206 301393363
3 0 45167968 5585206 256781477 5585206 301949445
4 0 44052489 5585206 258437279 5585206 302489768
5 0 42839790 5585206 260207653 5585206 303047443
6 0 41730755 5585206 261867215 5585206 303597970
7 0 40605128 5585206 263526165 5585206 304131293
8 0 39553573 5585206 265173653 5585206 304727226
9 0 38458019 5585206 266814456 5585206 305272475
10 0 37357688 5585206 268456573 5585206 305814261
11 0 36245876 5585206 270124097 5585206 306369973
12 0 35111730 5585206 271803825 5585206 306915555
13 0 34025529 5585206 273448146 5585206 307473675
14 0 32864013 5585206 275144503 5585206 308008516
15 0 31745756 5585206 276807509 5585206 308553265
16 0 30621759 5585206 278478181 5585206 309099940
1 0 47317984 5585215 907695516 5585215 955013500
2 0 46050488 5585215 909556593 5585215 955607081
3 0 45152450 5585215 911014732 5585215 956167182
4 0 44283818 5585215 912423909 5585215 956707727
5 0 43161339 5585215 914104341 5585215 957265680
6 0 42052416 5585215 915765735 5585215 957818151
7 0 40893956 5585215 917458037 5585215 958351993
8 0 39817901 5585215 919130006 5585215 958947907
9 0 38619980 5585215 920875843 5585215 959495823
10 0 37539593 5585215 922555330 5585215 960094923
11 0 36462946 5585215 924194503 5585215 960657449
12 0 35358782 5585215 925846472 5585215 961205254
13 0 34266432 5585215 927496571 5585215 961763003
14 0 33095083 5585215 929206169 5585215 962301252
15 0 31859977 5585215 930984783 5585215 962844760
16 0 30704128 5585215 932685048 5585215 963389176
1 0 48587311 5585225 261693514 5585225 310280825
2 0 46734254 5585225 264167412 5585225 310901666
3 0 45522943 5585225 265941101 5585225 311464044
4 0 44406000 5585225 267607737 5585225 312013737
5 0 43293966 5585225 269281316 5585225 312575282
6 0 42113784 5585225 271015784 5585225 313129568
7 0 40967287 5585225 272697271 5585225 313664558
8 0 39891289 5585225 274373665 5585225 314264954
9 0 38781365 5585225 276035801 5585225 314817166
10 0 37670109 5585225 277698677 5585225 315368786
11 0 36563759 5585225 279344813 5585225 315908572
12 0 35289356 5585225 281170131 5585225 316459487
13 0 34152045 5585225 282863599 5585225 317015644
14 0 33018233 5585225 284535345 5585225 317553578
15 0 31912013 5585225 286187907 5585225 318099920
16 0 30758404 5585225 287887190 5585225 318645594
1 0 48482739 5585234 967525362 5585235 16008101
2 0 46975563 5585234 969606675 5585235 16582238
3 0 45631552 5585234 971503750 5585235 17135302
4 0 44499110 5585234 973172460 5585235 17671570
5 0 43393409 5585234 974836669 5585235 18230078
6 0 42307022 5585234 976472027 5585235 18779049
7 0 41187154 5585234 978125811 5585235 19312965
8 0 40136988 5585234 979771225 5585235 19908213
9 0 38994047 5585234 981532395 5585235 20526442
10 0 37888400 5585234 983185587 5585235 21073987
11 0 36801828 5585234 984809834 5585235 21611662
12 0 35702238 5585234 986456451 5585235 22158689
13 0 34600740 5585234 988112235 5585235 22712975
14 0 32820125 5585234 990427840 5585235 23247965
15 0 31685295 5585234 992107271 5585235 23792566
16 0 30553964 5585234 993783758 5585235 24337722
1 0 37804069 5585244 647657564 5585244 685461633
2 0 36404281 5585244 649506436 5585244 685910717
3 0 35337819 5585244 650997390 5585244 686335209
4 0 34479631 5585244 652278607 5585244 686758238
5 0 33615833 5585244 653553342 5585244 687169175
6 0 32779700 5585244 654805726 5585244 687585426
7 0 31917623 5585244 656069721 5585244 687987344
8 0 31117898 5585244 657322475 5585244 688440373
9 0 30286302 5585244 658570563 5585244 688856865
10 0 29442355 5585244 659831595 5585244 689273950
11 0 28528132 5585244 661152088 5585244 689680220
12 0 27725017 5585244 662410917 5585244 690135934
13 0 26880422 5585244 663693078 5585244 690573500
14 0 26011808 5585244 664970443 5585244 690982251
15 0 25174306 5585244 666222734 5585244 691397040
16 0 24315692 5585244 667495173 5585244 691810865
1 0 36564259 5585254 47237250 5585254 83801509
2 0 35147452 5585254 49100864 5585254 84248316
3 0 34099249 5585254 50569725 5585254 84668974
4 0 33231932 5585254 51839757 5585254 85071689
5 0 32397911 5585254 53090326 5585254 85488237
6 0 31582038 5585254 54321432 5585254 85903470
7 0 30721202 5585254 55581186 5585254 86302388
8 0 29934661 5585254 56821182 5585254 86755843
9 0 29105621 5585254 58062140 5585254 87167761
10 0 28277914 5585254 59303487 5585254 87581401
11 0 27371543 5585254 60611240 5585254 87982783
12 0 26524391 5585254 61867291 5585254 88391682
13 0 25701703 5585254 63107953 5585254 88809656
14 0 24846756 5585254 64376744 5585254 89223500
15 0 23988606 5585254 65628961 5585254 89617567
16 0 23177047 5585254 66884363 5585254 90061410
