1 0 66488013 5585263 477707045 5585263 544195058
2 0 65031336 5585263 479607565 5585263 544638901
3 0 64018374 5585263 481043853 5585263 545062227
4 0 63150279 5585263 482327921 5585263 545478200
5 0 62299684 5585263 483609675 5585263 545909359
6 0 61483347 5585263 484867022 5585263 546350369
7 0 60629048 5585263 486134980 5585263 546764028
8 0 59781398 5585263 487399085 5585263 547180483
9 0 58954302 5585263 488645581 5585263 547599883
10 0 58113503 5585263 489905835 5585263 548019338
11 0 57200168 5585263 491259291 5585263 548459459
12 0 56353517 5585263 492512138 5585263 548865655
13 0 55521070 5585263 493767762 5585263 549288832
14 0 54561847 5585263 495141348 5585263 549703195
15 0 53750844 5585263 496402157 5585263 550153001
16 0 52970803 5585263 497625709 5585263 550596512
17 0 52183651 5585263 498832908 5585263 551016559
18 0 51301464 5585263 500132310 5585263 551433774
19 0 50452610 5585263 501394823 5585263 551847433
20 0 49637792 5585263 502626855 5585263 552264647
21 0 48739753 5585263 503941183 5585263 552680936
22 0 47946120 5585263 505160604 5585263 553106724
23 0 47163375 5585263 506382804 5585263 553546179
24 0 46371668 5585263 507588429 5585263 553960097
25 0 45564460 5585263 508813036 5585263 554377496
26 0 44651645 5585263 510127733 5585263 554779378
27 0 43837011 5585263 511358470 5585263 555195481
28 0 43046767 5585263 512578502 5585263 555625269
29 0 42237041 5585263 513797924 5585263 556034965
30 0 41459630 5585263 515004179 5585263 556463809
31 0 40653941 5585263 516228471 5585263 556882412
32 0 39859771 5585263 517435337 5585263 557295108
1 0 77932187 5585275 322646721 5585275 400578908
2 0 75796190 5585275 325077434 5585275 400873624
3 0 74365254 5585275 326791958 5585275 401157212
4 0 72974947 5585275 328455482 5585275 401430429
5 0 71524936 5585275 330191024 5585275 401715960
6 0 70133333 5585275 331862307 5585275 401995640
7 0 68744693 5585275 333524572 5585275 402269265
8 0 67370681 5585275 335174912 5585275 402545593
9 0 66002744 5585275 336821492 5585275 402824236
10 0 64776286 5585275 338468257 5585275 403244543
11 0 63343646 5585275 340200947 5585275 403544593
12 0 61945394 5585275 341869897 5585275 403815291
13 0 60528235 5585275 343563199 5585275 404091434
14 0 59041930 5585275 345326962 5585275 404368892
15 0 57666678 5585275 346971561 5585275 404638239
16 0 56325666 5585275 348592419 5585275 404918085
17 0 54962284 5585275 350240037 5585275 405202321
18 0 53602828 5585275 351875599 5585275 405478427
19 0 52252316 5585275 353492013 5585275 405744329
20 0 50900453 5585275 355118667 5585275 406019120
21 0 49463962 5585275 356831487 5585275 406295449
22 0 48134561 5585275 358440864 5585275 406575425
23 0 46771419 5585275 360102574 5585275 406873993
24 0 45411408 5585275 361739747 5585275 407151155
25 0 44087877 5585275 363338124 5585275 407426001
26 0 42692385 5585275 365000704 5585275 407693089
27 0 41375965 5585275 366591193 5585275 407967158
28 0 40399169 5585275 368206070 5585275 408605239
29 0 39070379 5585275 369816688 5585275 408887067
30 0 37551222 5585275 371604562 5585275 409155784
31 0 36218654 5585275 373215254 5585275 409433908
32 0 34887716 5585275 374813539 5585275 409701255
1 0 65123909 5585287 107571061 5585287 172694970
2 0 63659103 5585287 109468433 5585287 173127536
3 0 62662122 5585287 110886425 5585287 173548547
4 0 61784138 5585287 112169290 5585287 173953428
5 0 60946635 5585287 113433285 5585287 174379920
6 0 60117447 5585287 114680113 5585287 174797560
7 0 59259575 5585287 115937867 5585287 175197442
8 0 58437682 5585287 117180918 5585287 175618600
9 0 57627067 5585287 118419914 5585287 176046981
10 0 56794528 5585287 119666020 5585287 176460548
11 0 55907266 5585287 120991236 5585287 176898502
12 0 55081745 5585287 122230138 5585287 177311883
13 0 54242576 5585287 123468578 5585287 177711154
14 0 52827750 5585287 125294322 5585287 178122072
15 0 51993766 5585287 126540909 5585287 178534675
16 0 51178467 5585287 127763090 5585287 178941557
17 0 50393055 5585287 128960179 5585287 179353234
18 0 49507572 5585287 130254284 5585287 179761856
19 0 49341297 5585287 131502372 5585287 180843669
20 0 48546516 5585287 132726293 5585287 181272809
21 0 47678809 5585287 134006492 5585287 181685301
22 0 46870548 5585287 135225061 5585287 182095609
23 0 46109672 5585287 136439224 5585287 182548896
24 0 45319224 5585287 137645905 5585287 182965129
25 0 44528998 5585287 138845994 5585287 183374992
26 0 43573239 5585287 140200783 5585287 183774022
27 0 42761772 5585287 141419612 5585287 184181384
28 0 41965028 5585287 142636089 5585287 184601117
29 0 41172136 5585287 143846566 5585287 185018702
30 0 40374354 5585287 145046396 5585287 185420750
31 0 39565055 5585287 146260373 5585287 185825428
32 0 38796717 5585287 147449147 5585287 186245864
1 0 71491104 5585299 233053576 5585299 304544680
2 0 69362922 5585299 235479067 5585299 304841989
3 0 67932782 5585299 237192350 5585299 305125132
4 0 66543456 5585299 238856115 5585299 305399571
5 0 65016300 5585299 240671155 5585299 305687455
6 0 63627418 5585299 242340920 5585299 305968338
7 0 62228740 5585299 244008630 5585299 306237370
8 0 60858600 5585299 245662932 5585299 306521532
9 0 59496829 5585299 247306938 5585299 306803767
10 0 58126429 5585299 248957907 5585299 307084336
11 0 56677437 5585299 250702393 5585299 307379830
12 0 55290297 5585299 252368417 5585299 307658714
13 0 53922396 5585299 254014109 5585299 307936505
14 0 52415999 5585299 255797316 5585299 308213315
15 0 51030284 5585299 257454748 5585299 308485032
16 0 49688957 5585299 259077644 5585299 308766601
17 0 48290891 5585299 260751668 5585299 309042559
18 0 46947009 5585299 262375785 5585299 309322794
19 0 45596293 5585299 263992885 5585299 309589178
20 0 44250763 5585299 265616058 5585299 309866821
21 0 42869604 5585299 267319600 5585299 310189204
22 0 41542499 5585299 268937459 5585299 310479958
23 0 40107452 5585299 270667037 5585299 310774489
24 0 38772625 5585299 272282118 5585299 311054743
25 0 37426761 5585299 273902995 5585299 311329756
26 0 36020047 5585299 275578445 5585299 311598492
27 0 34707090 5585299 277169489 5585299 311876579
28 0 33741941 5585299 278780515 5585299 312522456
29 0 32362356 5585299 280444021 5585299 312806377
30 0 31013437 5585299 282065564 5585299 313079001
31 0 29674222 5585299 283680256 5585299 313354478
32 0 28352431 5585299 285268097 5585299 313620528
1 0 69419125 5585311 102337896 5585311 171757021
2 0 67290034 5585311 104747074 5585311 172037108
3 0 65870450 5585311 106447079 5585311 172317529
4 0 64488477 5585311 108099825 5585311 172588302
5 0 63103095 5585311 109767720 5585311 172870815
6 0 61643696 5585311 111502595 5585311 173146291
7 0 60243648 5585311 113170601 5585311 173414249
8 0 58866674 5585311 114827088 5585311 173693762
9 0 57509533 5585311 116461317 5585311 173970850
10 0 56143911 5585311 118102008 5585311 174245919
11 0 54779010 5585311 119762033 5585311 174541043
12 0 53195021 5585311 121623794 5585311 174818815
13 0 51816084 5585311 123268226 5585311 175084310
14 0 50319797 5585311 125040712 5585311 175360509
15 0 48950563 5585311 126683959 5585311 175634522
16 0 47620829 5585311 128285040 5585311 175905869
17 0 46319817 5585311 129864232 5585311 176184049
18 0 44920528 5585311 131544238 5585311 176464766
19 0 43576090 5585311 133152597 5585311 176728687
20 0 42245949 5585311 134759140 5585311 177005089
21 0 40833549 5585311 136444294 5585311 177277843
22 0 39498186 5585311 138049745 5585311 177547931
23 0 38193951 5585311 139655678 5585311 177849629
24 0 36793143 5585311 141329240 5585311 178122383
25 0 35470687 5585311 142926376 5585311 178397063
26 0 34086175 5585311 144580290 5585311 178666465
27 0 32775441 5585311 146162797 5585311 178938238
28 0 31454707 5585311 147766267 5585311 179220974
29 0 30140213 5585311 149363311 5585311 179503524
30 0 27733795 5585311 152033761 5585311 179767556
31 0 27202008 5585311 153029576 5585311 180231584
32 0 26688296 5585311 153832635 5585311 180520931
1 0 87787021 5585322 917752915 5585323 5539936
2 0 86500619 5585322 919609732 5585323 6110351
3 0 85622154 5585322 921042224 5585323 6664378
4 0 84722578 5585322 922479808 5585323 7202386
5 0 83585414 5585322 924177684 5585323 7763098
6 0 82492916 5585322 925818801 5585323 8311717
7 0 81369604 5585322 927474696 5585323 8844300
8 0 80278606 5585322 929119424 5585323 9398030
9 0 79110387 5585322 930836040 5585323 9946427
10 0 78296495 5585322 932573656 5585323 10870151
11 0 77209256 5585322 934239680 5585323 11448936
12 0 76125610 5585322 935873779 5585323 11999389
13 0 75022593 5585322 937504675 5585323 12527268
14 0 73165276 5585322 939904278 5585323 13069554
15 0 71920762 5585322 941709059 5585323 13629821
16 0 70845302 5585322 943322991 5585323 14168293
17 0 69803451 5585322 944906517 5585323 14709968
18 0 68749507 5585322 946502506 5585323 15252013
19 0 67675417 5585322 948102994 5585323 15778411
20 0 66616363 5585322 949702501 5585323 16318864
21 0 65401774 5585322 951460635 5585323 16862409
22 0 64323220 5585322 953074123 5585323 17397343
23 0 63306628 5585322 954676630 5585323 17983258
24 0 62258055 5585322 956266656 5585323 18524711
25 0 61217001 5585322 957848478 5585323 19065479
26 0 60095095 5585322 959495429 5585323 19590524
27 0 59009672 5585322 961166638 5585323 20176310
28 0 57970802 5585322 962780997 5585323 20751799
29 0 56916358 5585322 964391782 5585323 21308140
30 0 55846805 5585322 965985529 5585323 21832334
31 0 54766658 5585322 967585870 5585323 22352528
32 0 53481627 5585322 969183488 5585323 22665115
1 0 85650172 5585334 702646342 5585334 788296514
2 0 83516120 5585334 705073130 5585334 788589250
3 0 82053925 5585334 706814468 5585334 788868393
4 0 80668284 5585334 708471566 5585334 789139850
5 0 79240496 5585334 710196664 5585334 789437160
6 0 77826392 5585334 711889725 5585334 789716117
7 0 76425605 5585334 713559230 5585334 789984835
8 0 75096425 5585334 715209459 5585334 790305884
9 0 73738413 5585334 716843447 5585334 790581860
10 0 72370532 5585334 718486990 5585334 790857522
11 0 70969595 5585334 720180995 5585334 791150590
12 0 69580325 5585334 721846445 5585334 791426770
13 0 68171796 5585334 723522377 5585334 791694173
14 0 66695379 5585334 725274511 5585334 791969890
15 0 65334442 5585334 726902295 5585334 792236737
16 0 64003356 5585334 728514913 5585334 792518269
17 0 62597567 5585334 730199011 5585334 792796578
18 0 61241722 5585334 731832684 5585334 793074406
19 0 59890599 5585334 733454691 5585334 793345290
20 0 58546754 5585334 735072938 5585334 793619692
21 0 57126280 5585334 736768092 5585334 793894372
22 0 55793973 5585334 738376302 5585334 794170275
23 0 54488479 5585334 739981920 5585334 794470399
24 0 53108171 5585334 741637611 5585334 794745782
25 0 51772177 5585334 743244526 5585334 795016703
26 0 50393222 5585334 744899161 5585334 795292383
27 0 49079525 5585334 746485298 5585334 795564823
28 0 47771605 5585334 748091342 5585334 795862947
29 0 46451221 5585334 749683646 5585334 796134867
30 0 44823159 5585334 751584888 5585334 796408047
31 0 43488277 5585334 753198117 5585334 796686394
32 0 42180154 5585334 754780124 5585334 796960278
1 0 86901501 5585346 822538195 5585346 909439696
2 0 84787577 5585346 824932910 5585346 909720487
3 0 83387863 5585346 826636007 5585346 910023870
4 0 82030110 5585346 828284347 5585346 910314457
5 0 80656136 5585346 829943612 5585346 910599748
6 0 79214181 5585346 831666895 5585346 910881076
7 0 77832411 5585346 833320512 5585346 911152923
8 0 76478399 5585346 834951852 5585346 911430251
9 0 75131573 5585346 836576303 5585346 911707876
10 0 73780283 5585346 838215846 5585346 911996129
11 0 72435772 5585346 839851426 5585346 912287198
12 0 71008150 5585346 841556580 5585346 912564730
13 0 69641768 5585346 843189049 5585346 912830817
14 0 68130464 5585346 844973404 5585346 913103868
15 0 66777322 5585346 846602448 5585346 913379770
16 0 65450940 5585346 848201751 5585346 913652691
17 0 64150204 5585346 849777611 5585346 913927815
18 0 62710640 5585346 851492967 5585346 914203607
19 0 61363239 5585346 853105622 5585346 914468861
20 0 60038504 5585346 854704407 5585346 914742911
21 0 58624382 5585346 856393357 5585346 915017739
22 0 57298203 5585346 857990920 5585346 915289123
23 0 56000950 5585346 859589223 5585346 915590173
24 0 54621032 5585346 861247303 5585346 915868335
25 0 53305056 5585346 862837810 5585346 916142866
26 0 51918249 5585346 864489631 5585346 916407880
27 0 50616236 5585346 866064583 5585346 916680819
28 0 49302613 5585346 867659331 5585346 916961944
29 0 47996748 5585346 869248227 5585346 917244975
30 0 46624811 5585346 870887437 5585346 917512248
31 0 45293114 5585346 872493648 5585346 917786762
32 0 43992565 5585346 874066766 5585346 918059331
1 0 63972708 5585358 637874909 5585358 701847617
2 0 62553624 5585358 639736874 5585358 702290498
3 0 61512032 5585358 641203199 5585358 702715231
4 0 60648400 5585358 642471767 5585358 703120167
5 0 59816267 5585358 643736929 5585358 703553196
6 0 58990616 5585358 644978165 5585358 703968781
7 0 58137039 5585358 646233438 5585358 704370477
8 0 57319629 5585358 647476674 5585358 704796303
9 0 56493015 5585358 648718687 5585358 705211702
10 0 55669771 5585358 649954609 5585358 705624380
11 0 54742511 5585358 651324916 5585358 706067427
12 0 53923100 5585358 652558912 5585358 706482012
13 0 53062783 5585358 653816981 5585358 706879764
14 0 52122764 5585358 655169566 5585358 707292330
15 0 51297057 5585358 656405895 5585358 707702952
16 0 50493183 5585358 657616483 5585358 708109666
17 0 49709031 5585358 658816535 5585358 708525566
18 0 48891473 5585358 660047030 5585358 708938503
19 0 48034840 5585358 661298100 5585358 709332940
20 0 47233318 5585358 662515262 5585358 709748580
21 0 47562349 5585358 663793960 5585358 711356309
22 0 46779346 5585358 665013363 5585358 711792709
23 0 46023452 5585358 666222359 5585358 712245811
24 0 45249726 5585358 667421651 5585358 712671377
25 0 44465759 5585358 668617796 5585358 713083555
26 0 43625534 5585358 669858569 5585358 713484103
27 0 42761513 5585358 671130767 5585358 713892280
28 0 41974046 5585358 672341115 5585358 714315161
29 0 41193227 5585358 673541037 5585358 714734264
30 0 40397132 5585358 674734940 5585358 715132072
31 0 39597887 5585358 675943899 5585358 715541786
32 0 38817032 5585358 677133821 5585358 715950853
1 0 65298238 5585370 677794397 5585370 743092635
2 0 63878691 5585370 679648140 5585370 743526831
3 0 62879636 5585370 681068372 5585370 743948008
4 0 62011726 5585370 682342830 5585370 744354556
5 0 61172742 5585370 683608010 5585370 744780752
6 0 60352369 5585370 684846227 5585370 745198596
7 0 59499015 5585370 686102222 5585370 745601237
8 0 58681382 5585370 687352680 5585370 746034062
9 0 57861915 5585370 688589935 5585370 746451850
10 0 57036727 5585370 689829227 5585370 746865954
11 0 56144132 5585370 691160924 5585370 747305056
12 0 55301000 5585370 692406808 5585370 747707808
13 0 54441387 5585370 693680395 5585370 748121782
14 0 53045579 5585370 695488306 5585370 748533885
15 0 52211280 5585370 696736838 5585370 748948118
16 0 51403240 5585370 697955130 5585370 749358370
17 0 50616310 5585370 699152237 5585370 749768547
18 0 49745437 5585370 700465472 5585370 750210909
19 0 48931990 5585370 701702097 5585370 750634087
20 0 48122838 5585370 702920259 5585370 751043097
21 0 47261651 5585370 704195383 5585370 751457034
22 0 46440815 5585370 705424082 5585370 751864897
23 0 45677107 5585370 706641078 5585370 752318185
24 0 44895622 5585370 707834185 5585370 752729807
25 0 44089859 5585370 709050755 5585370 753140614
26 0 43128340 5585370 710411285 5585370 753539625
27 0 42327484 5585370 711621892 5585370 753949376
28 0 41534980 5585370 712834388 5585370 754369368
29 0 40742273 5585370 714046106 5585370 754788379
30 0 39937437 5585370 715246250 5585370 755183687
31 0 39143396 5585370 716460672 5585370 755604068
32 0 38345133 5585370 717653612 5585370 755998745
