1 0 10953708 5589777 476975631 5589777 487929339
2 0 10197721 5589777 477910299 5589777 488108020
3 0 9929208 5589777 478335810 5589777 488265018
4 0 9654675 5589777 478752821 5589777 488407496
1 0 10933190 5589784 667167149 5589784 678100339
2 0 10174277 5589784 668104336 5589784 678278613
3 0 9904208 5589784 668534328 5589784 678438536
4 0 9728712 5589784 668935098 5589784 678663810
1 0 14317831 5589791 771665794 5589791 785983625
2 0 13377218 5589791 772843347 5589791 786220565
3 0 13030318 5589791 773398077 5589791 786428395
4 0 12671399 5589791 773944252 5589791 786615651
1 0 10934023 5589798 926656968 5589798 937590991
2 0 10201388 5589798 927574340 5589798 937775728
3 0 9924949 5589798 928011684 5589798 937936633
4 0 9658620 5589798 928423862 5589798 938082482
1 0 13594881 5589806 41449978 5589806 55044859
2 0 12602807 5589806 42618438 5589806 55221245
3 0 12198481 5589806 43183076 5589806 55381557
4 0 11802673 5589806 43723436 5589806 55526109
1 0 14272276 5589813 261675329 5589813 275947605
2 0 13337923 5589813 262847974 5589813 276185897
3 0 12989948 5589813 263415686 5589813 276405634
4 0 12643732 5589813 263950806 5589813 276594538
1 0 11411495 5589820 326793783 5589820 338205278
2 0 10664786 5589820 327724396 5589820 338389182
3 0 10389106 5589820 328158666 5589820 338547772
4 0 10124518 5589820 328567899 5589820 338692417
1 0 14516550 5589827 448437548 5589827 462954098
2 0 13586752 5589827 449613045 5589827 463199797
3 0 13081687 5589827 450333569 5589827 463415256
4 0 12699583 5589827 450909799 5589827 463609382
1 0 10916523 5589834 577102529 5589834 588019052
2 0 10180962 5589834 578019049 5589834 588200011
3 0 9912133 5589834 578447264 5589834 588359397
4 0 9648490 5589834 578854590 5589834 588503080
1 0 14472809 5589841 741516311 5589841 755989120
2 0 13525178 5589841 742710623 5589841 756235801
3 0 13170296 5589841 743280205 5589841 756450501
4 0 12825858 5589841 743815343 5589841 756641201
