  RSS
 3304
  RSS
 4604
  RSS
 4656
  RSS
 4644
  RSS
 4644
  RSS
 4548
  RSS
 4692
  RSS
 4644
  RSS
 4640
  RSS
 4704
  RSS
 4712
  RSS
 4628
  RSS
 4612
  RSS
 4548
  RSS
 4640
  RSS
 4604
  RSS
 4612
  RSS
 4612
  RSS
 4704
  RSS
 4540
  RSS
 4708
  RSS
 4632
  RSS
 4640
  RSS
 4656
  RSS
 4648
  RSS
 4488
  RSS
 4548
  RSS
 4596
  RSS
 4644
  RSS
 4708
  RSS
 4652
  RSS
 4628
  RSS
 4644
  RSS
 4628
  RSS
 4540
  RSS
 4644
  RSS
 4632
  RSS
 4636
  RSS
 4548
  RSS
 4596
  RSS
 4700
  RSS
 4656
  RSS
 4656
  RSS
 4652
  RSS
 4644
  RSS
 3380
  RSS
 3280
  RSS
 4708
  RSS
 4656
  RSS
 4628
  RSS
 4708
  RSS
 4648
  RSS
 4684
  RSS
 4632
  RSS
 4632
  RSS
 4540
  RSS
 4488
  RSS
 4648
  RSS
 4488
  RSS
 4652
  RSS
 4540
  RSS
 4636
  RSS
 4656
  RSS
 4660
  RSS
 4660
  RSS
 4684
  RSS
 4648
  RSS
 4632
  RSS
 4640
  RSS
 4644
  RSS
 4612
  RSS
 4652
  RSS
 4648
  RSS
 4656
  RSS
 4648
  RSS
 4548
  RSS
 4612
  RSS
 4704
  RSS
 4704
  RSS
 4628
  RSS
 4540
  RSS
 4604
  RSS
 4644
  RSS
 4640
  RSS
 4540
  RSS
 4568
  RSS
 4632
  RSS
 4708
  RSS
 4604
  RSS
 4488
  RSS
 3300
  RSS
 4488
  RSS
 3380
  RSS
 4612
  RSS
 4656
  RSS
 4596
  RSS
 4656
  RSS
 4488
  RSS
 4652
  RSS
 4656
