13568964
13304649
13313721
13363815
13251685
13228685
17059685
13283001
13346629
13338963
13165314
17175777
17397186
13280148
13294037
17208740
13131538
13416538
13417592
13301963
13375371
13312722
17219778
13475296
13311685
13161593
17416760
13308463
13360242
13303833
13332666
13208574
17407927
13490259
17338260
17376110
13226296
13593944
17103889
13383111
17233723
17595852
13401056
13437649
13362277
13268999
13571297
13278222
17519001
13339685
13361518
13258148
13281259
13359852
13230073
13279000
13218074
13303611
13286019
17585296
13466019
13357889
13347018
13313389
13349780
13219259
17551279
13226779
13063963
13365000
13224685
13333647
13258779
17483148
13684649
13362944
13120556
13366315
13238315
13243574
13367203
13216666
13324481
13366537
17119370
17284389
13343888
17507185
13514667
13264703
13447665
17303333
13274277
17071870
17479111
17493890
13480612
17270204
17283186
17503036
