  RSS
 4644
  RSS
 4636
  RSS
 4540
  RSS
 4600
  RSS
 4632
  RSS
 4644
  RSS
 4620
  RSS
 4648
  RSS
 4652
  RSS
 4600
  RSS
 4632
  RSS
 4648
  RSS
 4700
  RSS
 4652
  RSS
 4540
  RSS
 4624
  RSS
 4600
  RSS
 4624
  RSS
 4624
  RSS
 4620
  RSS
 4700
  RSS
 4696
  RSS
 4640
  RSS
 4648
  RSS
 4620
  RSS
 4628
  RSS
 4624
  RSS
 4632
  RSS
 4624
  RSS
 4600
  RSS
 4636
  RSS
 4644
  RSS
 4628
  RSS
 4540
  RSS
 4632
  RSS
 4596
  RSS
 4632
  RSS
 4632
  RSS
 4624
  RSS
 4644
  RSS
 4624
  RSS
 4636
  RSS
 4484
  RSS
 4640
  RSS
 4652
  RSS
 4648
  RSS
 4624
  RSS
 4640
  RSS
 4648
  RSS
 4696
  RSS
 4596
  RSS
 4648
  RSS
 4632
  RSS
 4648
  RSS
 4640
  RSS
 4648
  RSS
 4648
  RSS
 4696
  RSS
 4700
  RSS
 4624
  RSS
 4540
  RSS
 4540
  RSS
 4648
  RSS
 4648
  RSS
 4600
  RSS
 4624
  RSS
 4600
  RSS
 4644
  RSS
 4644
  RSS
 4620
  RSS
 4648
  RSS
 4640
  RSS
 4696
  RSS
 4648
  RSS
 4648
  RSS
 4540
  RSS
 4624
  RSS
 4540
  RSS
 4624
  RSS
 4644
  RSS
 4600
  RSS
 4540
  RSS
 4644
  RSS
 4620
  RSS
 4644
  RSS
 4632
  RSS
 4540
  RSS
 4648
  RSS
 4624
  RSS
 4640
  RSS
 4648
  RSS
 4624
  RSS
 4600
  RSS
 4540
  RSS
 4480
  RSS
 4540
  RSS
 4644
  RSS
 4632
  RSS
 4624
  RSS
 4644
