1 0 14078146 5927486 571169004 5927486 585247150
2 0 12854983 5927486 572520664 5927486 585375647
3 0 12497509 5927486 572976507 5927486 585474016
4 0 12209255 5927486 573374740 5927486 585583995
1 0 10842132 5927493 377448626 5927493 388290758
2 0 9904130 5927493 378487033 5927493 388391163
3 0 9624692 5927493 378842248 5927493 388466940
4 0 9494453 5927493 379139780 5927493 388634233
1 0 14103720 5927500 111533848 5927500 125637568
2 0 12924186 5927500 112834324 5927500 125758510
3 0 12567507 5927500 113287464 5927500 125854971
4 0 12285642 5927500 113680123 5927500 125965765
1 0 13933871 5927506 891548976 5927506 905482847
2 0 12764930 5927506 892838952 5927506 905603882
3 0 12409492 5927506 893290388 5927506 905699880
4 0 12128627 5927506 893679844 5927506 905808471
1 0 13983851 5927513 611751049 5927513 625734900
2 0 12809614 5927513 613046006 5927513 625855620
3 0 12448492 5927513 613506071 5927513 625954563
4 0 12167015 5927513 613899786 5927513 626066801
1 0 10734115 5927520 396627957 5927520 407362072
2 0 9796337 5927520 397660178 5927520 407456515
3 0 9516083 5927520 398014338 5927520 407530421
4 0 9382992 5927520 398312833 5927520 407695825
1 0 14020462 5927527 111536201 5927527 125556663
2 0 12869816 5927527 112809937 5927527 125679753
3 0 12512675 5927527 113263410 5927527 125776085
4 0 12232181 5927527 113654680 5927527 125886861
1 0 10707486 5927533 886774566 5927533 897482052
2 0 9783430 5927533 887792380 5927533 897575810
3 0 9504620 5927533 888143263 5927533 897647883
4 0 9372734 5927533 888438720 5927533 897811454
1 0 14007425 5927540 632047802 5927540 646055227
2 0 12822058 5927540 633353722 5927540 646175780
3 0 12471250 5927540 633803677 5927540 646274927
4 0 12192774 5927540 634192484 5927540 646385258
1 0 10878206 5927547 399682085 5927547 410560291
2 0 9800707 5927547 400856860 5927547 410657567
3 0 9519063 5927547 401211039 5927547 410730102
4 0 9385326 5927547 401509718 5927547 410895044
1 0 11280272 5927554 206859264 5927554 218139536
2 0 10341141 5927554 207890708 5927554 218231849
3 0 10064350 5927554 208240998 5927554 218305348
4 0 9853817 5927554 208536918 5927554 218390735
1 0 14130719 5927560 922202482 5927560 936333201
2 0 12942408 5927560 923512735 5927560 936455143
3 0 12575692 5927560 923977393 5927560 936553085
4 0 12288086 5927560 924376997 5927560 936665083
1 0 11255365 5927567 727175497 5927567 738430862
2 0 10312641 5927567 728213423 5927567 738526064
3 0 10027203 5927567 728574379 5927567 738601582
4 0 9813947 5927567 728870929 5927567 738684876
1 0 10653395 5927574 507159144 5927574 517812539
2 0 9735968 5927574 508170347 5927574 517906315
3 0 9458269 5927574 508522007 5927574 517980276
4 0 9246939 5927574 508820928 5927574 518067867
1 0 10700560 5927581 227592063 5927581 238292623
2 0 9774189 5927581 228613136 5927581 238387325
3 0 9492064 5927581 228970000 5927581 238462064
4 0 9356715 5927581 229268328 5927581 238625043
1 0 14921649 5927587 988419027 5927588 3340676
2 0 13696357 5927587 989769873 5927588 3466230
3 0 13214940 5927587 990353084 5927588 3568024
4 0 12920797 5927587 990758503 5927588 3679300
1 0 13576600 5927594 807185787 5927594 820762387
2 0 12646172 5927594 808242749 5927594 820888921
3 0 12394418 5927594 808593316 5927594 820987734
4 0 12211014 5927594 808891385 5927594 821102399
1 0 11286587 5927601 577052824 5927601 588339411
2 0 10355752 5927601 578079009 5927601 588434761
3 0 10076498 5927601 578432447 5927601 588508945
4 0 9862225 5927601 578731830 5927601 588594055
1 0 14171700 5927608 382505238 5927608 396676938
2 0 12970296 5927608 383831621 5927608 396801917
3 0 12615544 5927608 384285649 5927608 396901193
4 0 12330697 5927608 384680272 5927608 397010969
1 0 14057684 5927615 171461106 5927615 185518790
2 0 12866946 5927615 172772008 5927615 185638954
3 0 12510157 5927615 173226314 5927615 185736471
4 0 12225921 5927615 173619788 5927615 185845709
1 0 11336752 5927621 866599698 5927621 877936450
2 0 10408066 5927621 867624364 5927621 878032430
3 0 10126572 5927621 867979468 5927621 878106040
4 0 9914779 5927621 868276074 5927621 878190853
1 0 11234588 5927628 606649677 5927628 617884265
2 0 10303290 5927628 607674214 5927628 617977504
3 0 10020851 5927628 608029318 5927628 618050169
4 0 9805022 5927628 608327183 5927628 618132205
1 0 14128386 5927635 311868544 5927635 325996930
2 0 12943797 5927635 313172798 5927635 326116595
3 0 12576044 5927635 313638475 5927635 326214519
4 0 12306513 5927635 314031967 5927635 326338480
1 0 14144348 5927642 48242648 5927642 62386996
2 0 12936686 5927642 49571123 5927642 62507809
3 0 12500916 5927642 50104372 5927642 62605288
4 0 12189033 5927642 50526179 5927642 62715212
1 0 14749244 5927648 791804729 5927648 806553973
2 0 13545397 5927648 793131537 5927648 806676934
3 0 13184070 5927648 793591973 5927648 806776043
4 0 12901871 5927648 793992781 5927648 806894652
1 0 60410352 5927655 576900033 5927655 637310385
2 0 59506795 5927655 577927736 5927655 637434531
3 0 59240152 5927655 578281007 5927655 637521159
4 0 59017193 5927655 578578983 5927655 637596176
1 0 13419027 5927662 331889401 5927662 345308428
2 0 12218308 5927662 333185192 5927662 345403500
3 0 11826001 5927662 333652146 5927662 345478147
4 0 11591450 5927662 334052472 5927662 345643922
1 0 14849815 5927669 79530158 5927669 94379973
2 0 13522470 5927669 80978871 5927669 94501341
3 0 13157643 5927669 81440789 5927669 94598432
4 0 12882148 5927669 81835411 5927669 94717559
1 0 10775928 5927675 847585598 5927675 858361526
2 0 9850538 5927675 848607616 5927675 858458154
3 0 9579377 5927675 848952443 5927675 858531820
4 0 9451731 5927675 849245141 5927675 858696872
1 0 10744836 5927682 666916387 5927682 677661223
2 0 9803910 5927682 667952812 5927682 677756722
3 0 9521470 5927682 668310435 5927682 677831905
4 0 9389103 5927682 668607670 5927682 677996773
1 0 60482462 5927689 371668345 5927689 432150807
2 0 59428185 5927689 372847953 5927689 432276138
3 0 59159580 5927689 373203594 5927689 432363174
4 0 58934398 5927689 373503978 5927689 432438376
1 0 14151087 5927696 41873293 5927696 56024380
2 0 12972757 5927696 43177324 5927696 56150081
3 0 12608412 5927696 43640871 5927696 56249283
4 0 12322363 5927696 44038715 5927696 56361078
1 0 14839704 5927702 741687159 5927702 756526863
2 0 13635300 5927702 743016153 5927702 756651453
3 0 13274326 5927702 743476366 5927702 756750692
4 0 12998794 5927702 743868007 5927702 756866801
1 0 10720207 5927709 547000100 5927709 557720307
2 0 9787539 5927709 548029711 5927709 557817250
3 0 9504100 5927709 548387130 5927709 557891230
4 0 9373381 5927709 548681513 5927709 558054894
1 0 10767984 5927716 236981947 5927716 247749931
2 0 9831298 5927716 238014279 5927716 247845577
3 0 9545026 5927716 238375791 5927716 247920817
4 0 9413602 5927716 238672360 5927716 248085962
1 0 14653819 5927723 21563887 5927723 36217706
2 0 13475970 5927723 22862900 5927723 36338870
3 0 13113514 5927723 23321058 5927723 36434572
4 0 12829650 5927723 23717272 5927723 36546922
1 0 14016627 5927729 791364093 5927729 805380720
2 0 12846223 5927729 792655106 5927729 805501329
3 0 12493063 5927729 793104376 5927729 805597439
4 0 12206586 5927729 793509739 5927729 805716325
1 0 11219809 5927736 586672999 5927736 597892808
2 0 10286604 5927736 587700554 5927736 597987158
3 0 10012628 5927736 588047677 5927736 598060305
4 0 9800113 5927736 588345394 5927736 598145507
1 0 13211327 5927743 287009281 5927743 300220608
2 0 12307622 5927743 288037780 5927743 300345402
3 0 12048090 5927743 288395681 5927743 300443771
4 0 11860964 5927743 288694805 5927743 300555769
1 0 10760151 5927750 107071724 5927750 117831875
2 0 9812539 5927750 108112816 5927750 117925355
3 0 9537284 5927750 108461254 5927750 117998538
4 0 9409490 5927750 108755730 5927750 118165220
1 0 14036219 5927756 831661422 5927756 845697641
2 0 12857834 5927756 832961472 5927756 845819306
3 0 12505785 5927756 833411408 5927756 845917193
4 0 12224456 5927756 833803475 5927756 846027931
1 0 10729356 5927763 577053832 5927763 587783188
2 0 9794095 5927763 578084980 5927763 587879075
3 0 9518933 5927763 578434955 5927763 587953888
4 0 9380455 5927763 578736097 5927763 588116552
1 0 14101496 5927770 381801587 5927770 395903083
2 0 12910407 5927770 383112729 5927770 396023136
3 0 12551784 5927770 383568758 5927770 396120542
4 0 12269863 5927770 383960510 5927770 396230373
1 0 10792446 5927777 147005589 5927777 157798035
2 0 9870574 5927777 148022959 5927777 157893533
3 0 9590006 5927777 148377137 5927777 157967143
4 0 9454639 5927777 148678557 5927777 158133196
1 0 14113163 5927783 860979666 5927783 875092829
2 0 12924388 5927783 862291531 5927783 875215919
3 0 12552211 5927783 862759429 5927783 875311640
4 0 12270031 5927783 863153218 5927783 875423249
1 0 13820927 5927790 681853737 5927790 695674664
2 0 12577876 5927790 683192064 5927790 695769940
3 0 12195587 5927790 683650537 5927790 695846124
4 0 11892611 5927790 684040567 5927790 695933178
1 0 14041515 5927797 370834446 5927797 384875961
2 0 12851797 5927797 372146940 5927797 384998737
3 0 12501822 5927797 372593098 5927797 385094920
4 0 12222161 5927797 372985998 5927797 385208159
1 0 13824631 5927804 177062214 5927804 190886845
2 0 12829594 5927804 178180156 5927804 191009750
3 0 12582228 5927804 178529168 5927804 191111396
4 0 12396972 5927804 178827440 5927804 191224412
1 0 14508285 5927810 887203080 5927810 901711365
2 0 13527988 5927810 888307689 5927810 901835677
3 0 13273715 5927810 888658886 5927810 901932601
4 0 13088737 5927810 888955621 5927810 902044358
1 0 10736577 5927817 697020019 5927817 707756596
2 0 9780336 5927817 698070406 5927817 707850742
3 0 9497415 5927817 698428048 5927817 707925463
4 0 9370603 5927817 698725135 5927817 708095738
1 0 11200661 5927824 477116539 5927824 488317200
2 0 10266272 5927824 478143019 5927824 488409291
3 0 9986536 5927824 478496235 5927824 488482771
4 0 9771632 5927824 478796341 5927824 488567973
1 0 14713448 5927831 261262064 5927831 275975512
2 0 13517044 5927831 262583984 5927831 276101028
3 0 13170254 5927831 263038383 5927831 276208637
4 0 12890204 5927831 263432542 5927831 276322746
1 0 14063330 5927838 31862814 5927838 45926144
2 0 12879241 5927838 33168215 5927838 46047456
3 0 12532858 5927838 33613485 5927838 46146343
4 0 12250049 5927838 34006588 5927838 46256637
1 0 10677560 5927844 747122084 5927844 757799644
2 0 9751207 5927844 748139454 5927844 757890661
3 0 9476453 5927844 748489114 5927844 757965567
4 0 9340122 5927844 748789164 5927844 758129286
1 0 14729633 5927851 520827549 5927851 535557182
2 0 13532711 5927851 522146543 5927851 535679254
3 0 13166181 5927851 522610775 5927851 535776956
4 0 12878149 5927851 523009175 5927851 535887324
1 0 10761854 5927858 256903150 5927858 267665004
2 0 9832854 5927858 257923871 5927858 267756725
3 0 9553822 5927858 258276531 5927858 267830353
4 0 9420917 5927858 258574007 5927858 267994924
1 0 10781577 5927864 946985485 5927864 957767062
2 0 9846335 5927864 948013707 5927864 957860042
3 0 9564081 5927864 948368774 5927864 957932855
4 0 9432047 5927864 948663676 5927864 958095723
1 0 10770781 5927871 737116794 5927871 747887575
2 0 9823835 5927871 738156664 5927871 747980499
3 0 9553026 5927871 738503009 5927871 748056035
4 0 9413047 5927871 738808281 5927871 748221328
1 0 14714207 5927878 551580823 5927878 566295030
2 0 13518655 5927878 552898854 5927878 566417509
3 0 13152865 5927878 553360568 5927878 566513433
4 0 12868001 5927878 553756190 5927878 566624191
1 0 11210550 5927885 336838644 5927885 348049194
2 0 10267327 5927885 337875032 5927885 348142359
3 0 9988314 5927885 338231044 5927885 348219358
4 0 9774059 5927885 338530631 5927885 348304690
1 0 14146977 5927892 101209158 5927892 115356135
2 0 12949796 5927892 102528707 5927892 115478503
3 0 12583895 5927892 102993810 5927892 115577705
4 0 12303992 5927892 103391562 5927892 115695554
1 0 11445064 5927898 876888542 5927898 888333606
2 0 10530192 5927898 877898245 5927898 888428437
3 0 10251938 5927898 878249220 5927898 888501158
4 0 10031683 5927898 878553659 5927898 888585342
1 0 10768262 5927905 697023750 5927905 707792012
2 0 9826742 5927905 698059361 5927905 707886103
3 0 9546118 5927905 698416132 5927905 707962250
4 0 9407732 5927905 698715219 5927905 708122951
1 0 11280197 5927912 467228860 5927912 478509057
2 0 10339270 5927912 468264082 5927912 478603352
3 0 10062683 5927912 468615593 5927912 478678276
4 0 9851557 5927912 468913773 5927912 478765330
1 0 10718763 5927919 207136875 5927919 217855638
2 0 9781040 5927919 208170596 5927919 217951636
3 0 9499397 5927919 208526182 5927919 218025579
4 0 9359918 5927919 208828232 5927919 218188150
1 0 11206588 5927925 957176743 5927925 968383331
2 0 10279678 5927925 958197447 5927925 968477125
3 0 9992869 5927925 958557847 5927925 968550716
4 0 9779614 5927925 958856675 5927925 968636289
1 0 14155458 5927932 711873124 5927932 726028582
2 0 12969981 5927932 713183377 5927932 726153358
3 0 12616190 5927932 713637869 5927932 726254059
4 0 12333548 5927932 714032528 5927932 726366076
1 0 13364880 5927939 467114408 5927939 480479288
2 0 12456230 5927939 468146815 5927939 480603045
3 0 12207365 5927939 468497234 5927939 480704599
4 0 12027405 5927939 468790784 5927939 480818189
1 0 14034275 5927946 191540254 5927946 205574529
2 0 12849408 5927946 192847693 5927946 205697101
3 0 12476934 5927946 193317887 5927946 205794821
4 0 12196421 5927946 193707584 5927946 205904005
1 0 14131200 5927953 8273014 5927953 22404214
2 0 12911463 5927953 9611934 5927953 22523397
3 0 12462620 5927953 10158868 5927953 22621488
4 0 12157181 5927953 10576027 5927953 22733208
1 0 60421744 5927959 777123951 5927959 837545695
2 0 59568796 5927959 778133914 5927959 837702710
3 0 59331875 5927959 778482630 5927959 837814505
4 0 59138508 5927959 778775680 5927959 837914188
1 0 13990202 5927966 540890452 5927966 554880654
2 0 12819057 5927966 542181705 5927966 555000762
3 0 12457120 5927966 542641215 5927966 555098335
4 0 12180902 5927966 543030875 5927966 555211777
1 0 14050275 5927973 220768874 5927973 234819149
2 0 12877556 5927973 222063590 5927973 234941146
3 0 12519804 5927973 222519748 5927973 235039552
4 0 12238069 5927973 222913074 5927973 235151143
1 0 10758466 5927979 947139175 5927979 957897641
2 0 9835446 5927979 948155656 5927979 957991102
3 0 9564544 5927979 948502335 5927979 958066879
4 0 9431806 5927979 948804292 5927979 958236098
1 0 14078256 5927986 671758700 5927986 685836956
2 0 12877816 5927986 673083212 5927986 685961028
3 0 12517433 5927986 673541759 5927986 686059192
4 0 12236383 5927986 673934252 5927986 686170635
1 0 14766947 5927993 428719645 5927993 443486592
2 0 13471860 5927993 430138693 5927993 443610553
3 0 13092330 5927993 430616017 5927993 443708347
4 0 12809409 5927993 431007862 5927993 443817271
1 0 64174341 5928000 162039500 5928000 226213841
2 0 62895087 5928000 163429511 5928000 226324598
3 0 62548760 5928000 163887095 5928000 226435855
4 0 62330690 5928000 164291921 5928000 226622611
1 0 11299568 5928006 967009839 5928006 978309407
2 0 10347344 5928006 968055672 5928006 978403016
3 0 10067053 5928006 968410943 5928006 978477996
4 0 9855279 5928006 968708326 5928006 978563605
1 0 10795891 5928013 677406095 5928013 688201986
2 0 9852168 5928013 678444520 5928013 688296688
3 0 9580914 5928013 678791347 5928013 688372261
4 0 9453991 5928013 679089934 5928013 688543925
1 0 11220958 5928020 406943184 5928020 418164142
2 0 10295382 5928020 407975832 5928020 418271214
3 0 10024147 5928020 408328973 5928020 418353120
4 0 9902963 5928020 408629079 5928020 418532042
1 0 7464805 5928027 142629516 5928027 150094321
2 0 6767207 5928027 143394798 5928027 150162005
3 0 6542989 5928027 143670533 5928027 150213522
4 0 6452213 5928027 143884807 5928027 150337020
1 0 11027425 5928034 1625720 5928034 12653145
2 0 9821965 5928034 2926659 5928034 12748624
3 0 9548230 5928034 3273486 5928034 12821716
4 0 9407954 5928034 3580277 5928034 12988231
1 0 10761262 5928040 717413285 5928040 728174547
2 0 9832261 5928040 718434303 5928040 728266564
3 0 9551211 5928040 718789611 5928040 728340822
4 0 9412546 5928040 719095476 5928040 728508022
1 0 14108052 5928047 471868818 5928047 485976870
2 0 12896111 5928047 473205201 5928047 486101312
3 0 12530137 5928047 473667229 5928047 486197366
4 0 12240031 5928047 474071333 5928047 486311364
1 0 14197328 5928054 248399945 5928054 262597273
2 0 12984833 5928054 249737568 5928054 262722401
3 0 12521137 5928054 250299391 5928054 262820528
4 0 12228791 5928054 250709124 5928054 262937915
1 0 11221124 5928061 16610288 5928061 27831412
2 0 10283382 5928061 17640787 5928061 27924169
3 0 10009406 5928061 17989688 5928061 27999094
4 0 9794336 5928061 18286849 5928061 28081185
1 0 13999424 5928067 780248850 5928067 794248274
2 0 12804780 5928067 781564547 5928067 794369327
3 0 12459286 5928067 782008076 5928067 794467362
4 0 12180014 5928067 782398865 5928067 794578879
1 0 14076626 5928074 541308650 5928074 555385276
2 0 12890519 5928074 542615366 5928074 555505885
3 0 12532063 5928074 543070228 5928074 555602291
4 0 12247975 5928074 543465943 5928074 555713918
1 0 11222384 5928081 267068630 5928081 278291014
2 0 10294716 5928081 268089000 5928081 278383716
3 0 10013517 5928081 268443660 5928081 278457177
4 0 9801669 5928081 268741451 5928081 278543120
1 0 11289382 5928088 56689796 5928088 67979178
2 0 10338733 5928088 57735425 5928088 68074158
3 0 10050794 5928088 58096603 5928088 68147397
4 0 9836391 5928088 58394949 5928088 68231340
1 0 11145496 5928094 817072845 5928094 828218341
2 0 10225235 5928094 818085678 5928094 828310913
3 0 9955759 5928094 818430097 5928094 828385856
4 0 9738689 5928094 818731999 5928094 828470688
1 0 10715152 5928101 626813126 5928101 637528278
2 0 9776522 5928101 627845569 5928101 637622091
3 0 9497026 5928101 628197841 5928101 637694867
4 0 9363899 5928101 628495854 5928101 637859753
1 0 13724430 5928108 326990730 5928108 340715160
2 0 12746670 5928108 328088636 5928108 340835306
3 0 12493008 5928108 328441444 5928108 340934452
4 0 12308345 5928108 328735087 5928108 341043432
1 0 10912204 5928115 126746392 5928115 137658596
2 0 9971870 5928115 127783187 5928115 137755057
3 0 9695467 5928115 128140755 5928115 137836222
4 0 9563266 5928115 128442601 5928115 138005867
1 0 10754911 5928121 827202388 5928121 837957299
2 0 9814077 5928121 828237739 5928121 838051816
3 0 9529453 5928121 828597436 5928121 838126889
4 0 9396659 5928121 828895801 5928121 838292460
1 0 10784151 5928128 608344553 5928128 619128704
2 0 9858020 5928128 609366553 5928128 619224573
3 0 9571433 5928128 609726953 5928128 619298386
4 0 9336678 5928128 610127668 5928128 619464346
1 0 14159069 5928135 349364951 5928135 363524020
2 0 12852390 5928135 350794350 5928135 363646740
3 0 12485545 5928135 351258323 5928135 363743868
4 0 12203421 5928135 351651945 5928135 363855366
1 0 13352900 5928142 202184862 5928142 215537762
2 0 12126015 5928142 203508801 5928142 215634816
3 0 11747689 5928142 203964718 5928142 215712407
4 0 11519989 5928142 204358415 5928142 215878404
1 0 14067108 5928148 901757726 5928148 915824834
2 0 12858502 5928148 903086293 5928148 915944795
3 0 12479990 5928148 903563710 5928148 916043700
4 0 12201550 5928148 903957592 5928148 916159142
1 0 10738060 5928155 687178530 5928155 697916590
2 0 9804502 5928155 688205771 5928155 698010273
3 0 9514823 5928155 688570671 5928155 698085494
4 0 9380492 5928155 688867888 5928155 698248380
