  RSS
 4512
  RSS
 4524
  RSS
 4560
  RSS
 4624
  RSS
 4512
  RSS
 4540
  RSS
 4560
  RSS
 4524
  RSS
 4540
  RSS
 4480
  RSS
 4540
  RSS
 4600
  RSS
 4524
  RSS
 4560
  RSS
 4560
  RSS
 4480
  RSS
 4540
  RSS
 4596
  RSS
 4596
  RSS
 4532
  RSS
 4480
  RSS
 4532
  RSS
 4532
  RSS
 4560
  RSS
 4512
  RSS
 4560
  RSS
 4532
  RSS
 4632
  RSS
 4536
  RSS
 4632
  RSS
 4512
  RSS
 4600
  RSS
 4480
  RSS
 4548
  RSS
 4480
  RSS
 4548
  RSS
 4548
  RSS
 4596
  RSS
 4596
  RSS
 4524
  RSS
 4480
  RSS
 4540
  RSS
 4544
  RSS
 4600
  RSS
 4544
  RSS
 4632
  RSS
 4540
  RSS
 4480
  RSS
 4532
  RSS
 4652
  RSS
 4560
  RSS
 4632
  RSS
 4512
  RSS
 4560
  RSS
 4540
  RSS
 4532
  RSS
 4532
  RSS
 4632
  RSS
 4532
  RSS
 4540
  RSS
 4524
  RSS
 4600
  RSS
 4484
  RSS
 4632
  RSS
 4548
  RSS
 4560
  RSS
 4532
  RSS
 4540
  RSS
 4612
  RSS
 4572
  RSS
 4560
  RSS
 4560
  RSS
 4576
  RSS
 4560
  RSS
 4632
  RSS
 4480
  RSS
 4540
  RSS
 4632
  RSS
 4568
  RSS
 4532
  RSS
 4596
  RSS
 4540
  RSS
 4600
  RSS
 4532
  RSS
 4544
  RSS
 4540
  RSS
 4536
  RSS
 4532
  RSS
 4532
  RSS
 4540
  RSS
 4560
  RSS
 4540
  RSS
 4560
  RSS
 4480
  RSS
 4596
  RSS
 4544
  RSS
 4548
  RSS
 4512
  RSS
 4560
  RSS
 4540
