37255758
43116814
38976909
42713630
35520427
33091554
33557962
32983761
33398055
38367668
38785553
37445591
38424557
32880575
43304887
39218724
36072814
33600539
37495761
40046929
43639560
35343148
33130392
38511464
33203999
32867519
39182388
39287351
43860926
43892596
32982019
39570166
32953112
43634258
32915742
33351202
39064889
39506089
32841350
33905777
39708833
32927705
39109553
32901814
32862999
43036742
43315557
32992481
32857352
39650352
43618703
33167425
32984038
39074651
38329758
33671038
32918631
41769427
43044926
33620389
32997740
33370556
42032759
33563262
39999037
33650741
43488795
22776315
43477090
38854555
32752071
39256223
32824370
42021390
33073592
33457943
33047262
34999947
43148962
44019369
42837167
37635518
33070742
43225611
35996684
39320482
41438429
32958279
36665592
32938667
39227501
32919832
36035258
39270648
38695168
32947853
41815944
41573686
33208000
38586331
