13582592
17423185
13414241
17209908
13347315
13384351
13317222
13377277
13234556
13346778
13428019
17326741
13224852
13208593
17670333
13548908
13506667
13341722
13365000
13530871
17316426
13235612
13312463
13349593
13281332
13242203
17383204
13412110
17343648
17771740
13423223
13364777
13345963
17832870
13320907
13248500
13284723
17197870
13237388
13541538
13286648
13301111
13404166
13357981
13243352
17560462
17380555
13317981
13327390
13585443
17346870
13430537
13386667
17326369
13376167
13392240
13187889
16031723
17366722
13322444
13303870
13550796
16060353
13284575
13455407
13336814
17391814
9247833
17619017
13436945
13229148
13314945
13285926
17293185
13434592
13140055
13503131
15569982
17227426
17409147
17196963
13491074
13384982
17405222
13466037
17598685
17292648
13387500
13223814
13362018
13391981
13303388
13318704
13398760
13361055
13412333
16052185
17409556
13508315
13343647
