50007629
44083945
43012480
39444054
39376333
38544407
50483370
39356721
38518925
49837074
46391389
39387295
39485443
38574757
50580092
38321130
39482075
38810389
43149741
38424295
38298349
43591352
44495499
38439150
49894389
38639999
47808016
39521388
49507167
46608094
38625352
46996166
39412371
38455335
38238204
39509796
38222057
51669870
38129664
38553331
38533353
42911406
38520925
38451111
38347204
38661333
26069575
50038925
38499742
42968945
50119963
38242335
47872297
38566370
47487483
42699535
50055703
50482871
47244186
46619872
47008222
46522076
39510761
42864501
38577112
38705314
39604871
38671667
50911741
38334186
39263278
39208461
38591797
38685258
46400054
38181760
42905683
38639462
50041687
38608890
46466224
43397577
38615518
38503371
50621611
50039869
38293480
47654113
46970924
46732426
46340184
38329743
38370979
50494815
39708575
42731572
51013796
44157316
46503166
49737760
