  RSS
 4972
  RSS
 4972
  RSS
 4988
  RSS
 4956
  RSS
 5040
  RSS
 4956
  RSS
 5060
  RSS
 4956
  RSS
 4880
  RSS
 4880
  RSS
 5116
  RSS
 4992
  RSS
 4996
  RSS
 5060
  RSS
 4952
  RSS
 5000
  RSS
 5060
  RSS
 4948
  RSS
 4956
  RSS
 5008
  RSS
 5096
  RSS
 5000
  RSS
 5000
  RSS
 5064
  RSS
 4884
  RSS
 4956
  RSS
 5176
  RSS
 5008
  RSS
 4884
  RSS
 4980
  RSS
 4980
  RSS
 4996
  RSS
 4996
  RSS
 5060
  RSS
 4956
  RSS
 4980
  RSS
 5112
  RSS
 4956
  RSS
 4948
  RSS
 4996
  RSS
 5004
  RSS
 4884
  RSS
 4992
  RSS
 4948
  RSS
 4972
  RSS
 5000
  RSS
 4980
  RSS
 5064
  RSS
 4884
  RSS
 4980
  RSS
 5000
  RSS
 4880
  RSS
 4948
  RSS
 5172
  RSS
 4824
  RSS
 4992
  RSS
 4824
  RSS
 5064
  RSS
 4984
  RSS
 5000
  RSS
 4824
  RSS
 5000
  RSS
 4948
  RSS
 5000
  RSS
 5000
  RSS
 4980
  RSS
 5104
  RSS
 4992
  RSS
 4948
  RSS
 4988
  RSS
 4992
  RSS
 5060
  RSS
 5064
  RSS
 4980
  RSS
 5060
  RSS
 4992
  RSS
 4992
  RSS
 4992
  RSS
 4992
  RSS
 4996
  RSS
 4980
  RSS
 4956
  RSS
 5000
  RSS
 4972
  RSS
 4980
  RSS
 4988
  RSS
 5000
  RSS
 5088
  RSS
 4996
  RSS
 4824
  RSS
 4972
  RSS
 5064
  RSS
 4972
  RSS
 4988
  RSS
 4988
  RSS
 4996
  RSS
 4884
  RSS
 5000
  RSS
 4980
  RSS
 5000
