  RSS
 4540
  RSS
 4540
  RSS
 4564
  RSS
 4572
  RSS
 4620
  RSS
 4572
  RSS
 4640
  RSS
 4572
  RSS
 4496
  RSS
 4496
  RSS
 4496
  RSS
 4588
  RSS
 4584
  RSS
 4640
  RSS
 4524
  RSS
 4600
  RSS
 4640
  RSS
 4560
  RSS
 4572
  RSS
 4612
  RSS
 4468
  RSS
 4408
  RSS
 4608
  RSS
 4648
  RSS
 4444
  RSS
 4572
  RSS
 4536
  RSS
 4616
  RSS
 4444
  RSS
 4552
  RSS
 4552
  RSS
 4584
  RSS
 4584
  RSS
 4640
  RSS
 4572
  RSS
 4572
  RSS
 4480
  RSS
 4572
  RSS
 4560
  RSS
 4584
  RSS
 4608
  RSS
 4444
  RSS
 4588
  RSS
 4560
  RSS
 4540
  RSS
 4608
  RSS
 4552
  RSS
 4648
  RSS
 4444
  RSS
 4552
  RSS
 4600
  RSS
 4496
  RSS
 4560
  RSS
 4936
  RSS
 4384
  RSS
 4588
  RSS
 4384
  RSS
 4648
  RSS
 4572
  RSS
 4600
  RSS
 4384
  RSS
 4600
  RSS
 4560
  RSS
 4600
  RSS
 4608
  RSS
 4572
  RSS
 4460
  RSS
 4588
  RSS
 4560
  RSS
 4564
  RSS
 4588
  RSS
 4640
  RSS
 4648
  RSS
 4572
  RSS
 4640
  RSS
 4588
  RSS
 4588
  RSS
 4588
  RSS
 4588
  RSS
 4584
  RSS
 4572
  RSS
 4572
  RSS
 4600
  RSS
 4540
  RSS
 4572
  RSS
 4564
  RSS
 4600
  RSS
 4440
  RSS
 4584
  RSS
 4384
  RSS
 4540
  RSS
 4648
  RSS
 4540
  RSS
 4564
  RSS
 4584
  RSS
 4584
  RSS
 4444
  RSS
 4608
  RSS
 4572
  RSS
 4600
