  RSS
 5488
  RSS
 5428
  RSS
 5488
  RSS
 5548
  RSS
 5528
  RSS
 5540
  RSS
 5368
  RSS
 5520
  RSS
 5600
  RSS
 5512
  RSS
 5528
  RSS
 5488
  RSS
 5492
  RSS
 5536
  RSS
 5428
  RSS
 5540
  RSS
 5368
  RSS
 5540
  RSS
 5532
  RSS
 5604
  RSS
 5488
  RSS
 5536
  RSS
 5544
  RSS
 5520
  RSS
 5540
  RSS
 5528
  RSS
 5428
  RSS
 5368
  RSS
 5520
  RSS
 5440
  RSS
 5512
  RSS
 5560
  RSS
 5520
  RSS
 5424
  RSS
 5604
  RSS
 5600
  RSS
 5544
  RSS
 5512
  RSS
 5540
  RSS
 5544
  RSS
 5520
  RSS
 5600
  RSS
 5532
  RSS
 5504
  RSS
 5584
  RSS
 5536
  RSS
 5560
  RSS
 5532
  RSS
 5600
  RSS
 5540
  RSS
 5540
  RSS
 5368
  RSS
 5532
  RSS
 5516
  RSS
 5532
  RSS
 5512
  RSS
 5512
  RSS
 5480
  RSS
 5600
  RSS
 5540
  RSS
 5664
  RSS
 5492
  RSS
 5488
  RSS
 5492
  RSS
 5424
  RSS
 5540
  RSS
 5428
  RSS
 5520
  RSS
 5576
  RSS
 5492
  RSS
 5488
  RSS
 5488
  RSS
 5524
  RSS
 5500
  RSS
 5668
  RSS
 5540
  RSS
 5492
  RSS
 5492
  RSS
 5512
  RSS
 5424
  RSS
 5492
  RSS
 5600
  RSS
 5512
  RSS
 5532
  RSS
 5512
  RSS
 5540
  RSS
 5588
  RSS
 5488
  RSS
 5540
  RSS
 5428
  RSS
 5544
  RSS
 5528
  RSS
 5488
  RSS
 5480
  RSS
 5544
  RSS
 5600
  RSS
 5544
  RSS
 5604
  RSS
 5596
  RSS
 5540
