13979629
13381593
9373537
13747000
13545333
17694703
9273166
13574388
13656092
17361296
13433796
13511833
17714798
17737797
13430703
13364963
13453982
17479462
13442556
17505685
13565427
17482980
13562648
13357612
13610851
17756519
13456295
17419612
13572334
13397631
13659648
13494444
17570889
13168333
13404351
13462110
17528870
17557147
13445796
13501222
13406890
17532279
13813333
13257722
16030371
13484000
13532186
13458723
13751202
13472869
13707018
13513536
13363240
17417611
17524741
13420427
13604629
13783888
13524519
13699223
13495408
13512482
13631223
17542797
13513408
13712981
13333777
13601870
13420167
13386297
13456556
13553758
17556630
13691630
13613906
17764056
13489445
13461148
13482666
13493832
13525426
13652926
13633278
17479314
13459371
13496389
13402592
13502648
9403352
13346167
17710204
13615223
13481351
13574852
16386222
13407741
13522611
13544186
13480148
13474777
