  RSS
 6552
  RSS
 6564
  RSS
 6552
  RSS
 6544
  RSS
 6552
  RSS
 6520
  RSS
 6568
  RSS
 6576
  RSS
 6640
  RSS
 6448
  RSS
 6536
  RSS
 6560
  RSS
 6564
  RSS
 6636
  RSS
 6448
  RSS
 6532
  RSS
 6536
  RSS
 6640
  RSS
 6572
  RSS
 6456
  RSS
 6548
  RSS
 6544
  RSS
 6536
  RSS
 6624
  RSS
 6552
  RSS
 6520
  RSS
 6640
  RSS
 6628
  RSS
 6564
  RSS
 6556
  RSS
 6416
  RSS
 6564
  RSS
 6544
  RSS
 6544
  RSS
 6552
  RSS
 6576
  RSS
 6568
  RSS
 6512
  RSS
 6568
  RSS
 6512
  RSS
 6564
  RSS
 6544
  RSS
 6572
  RSS
 6628
  RSS
 6636
  RSS
 6580
  RSS
 6536
  RSS
 6572
  RSS
 6396
  RSS
 6576
  RSS
 6520
  RSS
 6628
  RSS
 6396
  RSS
 6628
  RSS
 6448
  RSS
 6520
  RSS
 6624
  RSS
 6548
  RSS
 6448
  RSS
 6560
  RSS
 6624
  RSS
 6448
  RSS
 6628
  RSS
 6556
  RSS
 6544
  RSS
 6512
  RSS
 6460
  RSS
 6544
  RSS
 6552
  RSS
 6560
  RSS
 6520
  RSS
 6544
  RSS
 6564
  RSS
 6456
  RSS
 6528
  RSS
 6556
  RSS
 6544
  RSS
 6564
  RSS
 6472
  RSS
 6420
  RSS
 6456
  RSS
 6544
  RSS
 6544
  RSS
 6448
  RSS
 6456
  RSS
 6448
  RSS
 6448
  RSS
 6576
  RSS
 6396
  RSS
 6448
  RSS
 6624
  RSS
 6556
  RSS
 6504
  RSS
 6564
  RSS
 6556
  RSS
 6552
  RSS
 6624
  RSS
 6576
  RSS
 6456
  RSS
 6556
