  RSS
 4728
  RSS
 4760
  RSS
 4756
  RSS
 4760
  RSS
 4828
  RSS
 4796
  RSS
 5280
  RSS
 4736
  RSS
 4776
  RSS
 4836
  RSS
 4760
  RSS
 4728
  RSS
 4788
  RSS
 4572
  RSS
 4760
  RSS
 4796
  RSS
 4752
  RSS
 4684
  RSS
 4772
  RSS
 4632
  RSS
 4772
  RSS
 4572
  RSS
 4728
  RSS
 4772
  RSS
 4836
  RSS
 4632
  RSS
 4728
  RSS
 4760
  RSS
 4632
  RSS
 4748
  RSS
 4684
  RSS
 4836
  RSS
 4684
  RSS
 4796
  RSS
 4748
  RSS
 4572
  RSS
 4772
  RSS
 4752
  RSS
 4752
  RSS
 4772
  RSS
 4572
  RSS
 4788
  RSS
 4748
  RSS
 4752
  RSS
 4776
  RSS
 5016
  RSS
 4836
  RSS
 4788
  RSS
 4776
  RSS
 4788
  RSS
 4788
  RSS
 4836
  RSS
 4752
  RSS
 4736
  RSS
 4728
  RSS
 4728
  RSS
 4776
  RSS
 4752
  RSS
 4760
  RSS
 4828
  RSS
 4828
  RSS
 4828
  RSS
 4752
  RSS
 4820
  RSS
 4760
  RSS
 4632
  RSS
 4796
  RSS
 4760
  RSS
 4760
  RSS
 4728
  RSS
 4728
  RSS
 4752
  RSS
 4772
  RSS
 4740
  RSS
 4572
  RSS
 4632
  RSS
 4752
  RSS
 4776
  RSS
 4772
  RSS
 4788
  RSS
 4748
  RSS
 4748
  RSS
 4684
  RSS
 4740
  RSS
 4796
  RSS
 4800
  RSS
 4776
  RSS
 4756
  RSS
 4728
  RSS
 4796
  RSS
 4776
  RSS
 4836
  RSS
 4776
  RSS
 4752
  RSS
 4788
  RSS
 4836
  RSS
 4572
  RSS
 4796
  RSS
 4788
  RSS
 4572
