199322203
160849982
178312423
178806441
185369480
187697906
178555832
188871998
184570128
193850164
186054180
179002462
133636629
181993910
184021948
174595036
179510777
189507442
169423998
178618295
183404089
197691735
178848723
179286480
176754367
170257053
175837092
184388369
189908963
189482499
178734610
178739033
188406980
186527521
179244278
178615169
185722426
179063852
188880554
178783964
165612463
176270958
183676206
191577832
189268892
169730354
185268184
165353482
179080001
178451922
181726736
188782966
169892112
166010295
189253056
189756053
189362243
176859998
174512595
179363479
167296646
190188021
186083795
178333574
178408951
194587742
169139426
178809741
178611831
175262665
178746626
182263868
179182978
178909481
170662534
179841905
189203426
170551427
191466561
173934815
181443555
190749093
179210427
175854963
182320615
188089800
133334426
179447779
187555109
179080776
178969535
165150296
143797368
185347408
184056685
188319330
175890351
185145165
179444813
133114258
