  RSS
12348
  RSS
12420
  RSS
12396
  RSS
12348
  RSS
12320
  RSS
12408
  RSS
12372
  RSS
12404
  RSS
12356
  RSS
12400
  RSS
12352
  RSS
12192
  RSS
12424
  RSS
12408
  RSS
12376
  RSS
12424
  RSS
12316
  RSS
12348
  RSS
12352
  RSS
12192
  RSS
12400
  RSS
12396
  RSS
12184
  RSS
12352
  RSS
12340
  RSS
12328
  RSS
12244
  RSS
12408
  RSS
12400
  RSS
12332
  RSS
12264
  RSS
12368
  RSS
12360
  RSS
12408
  RSS
12356
  RSS
12252
  RSS
12304
  RSS
12412
  RSS
12416
  RSS
12324
  RSS
12428
  RSS
12352
  RSS
12452
  RSS
12388
  RSS
12396
  RSS
12336
  RSS
12244
  RSS
12348
  RSS
12352
  RSS
12400
  RSS
12248
  RSS
12344
  RSS
12332
  RSS
12352
  RSS
12432
  RSS
12412
  RSS
12440
  RSS
12364
  RSS
12364
  RSS
12360
  RSS
12364
  RSS
12316
  RSS
12344
  RSS
12376
  RSS
12432
  RSS
12392
  RSS
12356
  RSS
12244
  RSS
12432
  RSS
12436
  RSS
12340
  RSS
12368
  RSS
12332
  RSS
12240
  RSS
12400
  RSS
12348
  RSS
12408
  RSS
12344
  RSS
12332
  RSS
12236
  RSS
12360
  RSS
12356
  RSS
12364
  RSS
12192
  RSS
12372
  RSS
12376
  RSS
12348
  RSS
12360
  RSS
12380
  RSS
12428
  RSS
12340
  RSS
12236
  RSS
12360
  RSS
12360
  RSS
12236
  RSS
12304
  RSS
12356
  RSS
12316
  RSS
12328
  RSS
12348
