1 0 37802911 1609392 71858608 1609392 109661519
2 0 35329089 1609392 75145155 1609392 110474244
3 0 33440663 1609392 77665291 1609392 111105954
4 0 31478220 1609392 80218334 1609392 111696554
5 0 29477221 1609392 82831765 1609392 112308986
6 0 27316449 1609392 85324901 1609392 112641350
7 0 25148418 1609392 87796371 1609392 112944789
8 0 22905239 1609392 90335692 1609392 113240931
1 0 28727903 1609426 17657868 1609426 46385771
2 0 26611333 1609426 20241170 1609426 46852503
3 0 25131751 1609426 22181539 1609426 47313290
4 0 23708593 1609426 24063947 1609426 47772540
5 0 22215215 1609426 26005780 1609426 48220995
6 0 20796317 1609426 27885058 1609426 48681375
7 0 19378826 1609426 29751558 1609426 49130384
8 0 17864189 1609426 31723557 1609426 49587746
1 0 29889047 1609460 227090481 1609460 256979528
2 0 27855383 1609460 229591062 1609460 257446445
3 0 26252599 1609460 231656207 1609460 257908806
4 0 24816923 1609460 233552837 1609460 258369760
5 0 23330786 1609460 235501447 1609460 258832233
6 0 21910591 1609460 237388521 1609460 259299112
7 0 20557951 1609460 239260540 1609460 259818491
8 0 19157090 1609460 241227761 1609460 260384851
1 0 38099443 1609494 451625939 1609494 489725382
2 0 35587251 1609494 454895153 1609494 490482404
3 0 33696176 1609494 457425660 1609494 491121836
4 0 31808473 1609494 459932129 1609494 491740602
5 0 29718532 1609494 462626095 1609494 492344627
6 0 27822106 1609494 465143139 1609494 492965245
7 0 25944846 1609494 467630535 1609494 493575381
8 0 23901386 1609494 470273761 1609494 494175147
1 0 32090652 1609528 682313029 1609528 714403681
2 0 29287040 1609528 685583169 1609528 714870209
3 0 27209581 1609528 688124027 1609528 715333608
4 0 24830720 1609528 690951231 1609528 715781951
5 0 22890554 1609528 693359647 1609528 716250201
6 0 21452859 1609528 695262666 1609528 716715525
7 0 20025165 1609528 697147407 1609528 717172572
8 0 18579601 1609528 699039314 1609528 717618915
1 0 29010675 1609562 627431304 1609562 656441979
2 0 26963085 1609562 629948070 1609562 656911155
3 0 25376412 1609562 632000956 1609562 657377368
4 0 23937756 1609562 633903196 1609562 657840952
5 0 22430210 1609562 635863566 1609562 658293776
6 0 20973202 1609562 637786639 1609562 658759841
7 0 19544156 1609562 639672936 1609562 659217092
8 0 17959817 1609562 641706285 1609562 659666102
1 0 38296661 1609596 871981158 1609596 910277819
2 0 35668434 1609596 875259502 1609596 910927936
3 0 33738102 1609596 877814248 1609596 911552350
4 0 31657809 1609596 880515529 1609596 912173338
5 0 29471370 1609596 883138033 1609596 912609403
6 0 27267191 1609596 885663669 1609596 912930860
7 0 25078159 1609596 888160991 1609596 913239150
8 0 22805389 1609596 890746107 1609596 913551496
1 0 28824716 1609630 817087135 1609630 845911851
2 0 26802663 1609630 819577012 1609630 846379675
3 0 25152102 1609630 821686897 1609630 846838999
4 0 23716834 1609630 823582397 1609630 847299231
5 0 22224548 1609630 825520341 1609630 847744889
6 0 20798780 1609630 827406045 1609630 848204825
7 0 19406788 1609630 829262490 1609630 848669278
8 0 17901818 1609630 831211063 1609630 849112881
1 0 39078664 1609665 2268291 1609665 41346955
2 0 36378754 1609665 5586726 1609665 41965480
3 0 34455477 1609665 8130510 1609665 42585987
4 0 32478867 1609665 10727145 1609665 43206012
5 0 30451573 1609665 13349908 1609665 43801481
6 0 28547888 1609665 15872026 1609665 44419914
7 0 26660036 1609665 18367755 1609665 45027791
8 0 24607095 1609665 21027036 1609665 45634131
1 0 28855716 1609699 227705206 1609699 256560922
2 0 26702109 1609699 230323711 1609699 257025820
3 0 25213490 1609699 232273543 1609699 257487033
4 0 23771851 1609699 234160007 1609699 257931858
5 0 22280621 1609699 236111191 1609699 258391812
6 0 20858001 1609699 237997172 1609699 258855173
7 0 19438251 1609699 239869284 1609699 259307535
8 0 17919669 1609699 241833357 1609699 259753026
