1 0 93584646 1610094 132762898 1610094 226347544
2 0 90647795 1610094 136022909 1610094 226670704
3 0 88433930 1610094 138551305 1610094 226985235
4 0 86126531 1610094 141155439 1610094 227281970
5 0 83940092 1610094 143653428 1610094 227593520
6 0 81773579 1610094 146133194 1610094 227906773
7 0 79582250 1610094 148627572 1610094 228209822
8 0 77287110 1610094 151226947 1610094 228514057
9 0 75050172 1610094 153773250 1610094 228823422
10 0 72850103 1610094 156279794 1610094 229129897
11 0 70767570 1610094 158698561 1610094 229466131
12 0 68569224 1610094 161203383 1610094 229772607
13 0 66899683 1610094 163630317 1610094 230530000
14 0 64736428 1610094 166125065 1610094 230861493
15 0 62609691 1610094 168548315 1610094 231158006
16 0 60416808 1610094 171052470 1610094 231469278
17 0 58321960 1610094 173453701 1610094 231775661
18 0 56212038 1610094 175869339 1610094 232081377
19 0 54077487 1610094 178297903 1610094 232375390
20 0 51889807 1610094 180789558 1610094 232679365
21 0 49672628 1610094 183309287 1610094 232981915
22 0 47560317 1610094 185730462 1610094 233290779
23 0 45461006 1610094 188152841 1610094 233613847
24 0 43067756 1610094 190852289 1610094 233920045
25 0 40923779 1610094 193300093 1610094 234223872
26 0 38750062 1610094 195768749 1610094 234518811
27 0 36652011 1610094 198168350 1610094 234820361
28 0 34742696 1610094 200753763 1610094 235496459
29 0 32987619 1610094 202814186 1610094 235801805
30 0 32076451 1610094 204028959 1610094 236105410
31 0 31154080 1610094 205246361 1610094 236400441
32 0 30252190 1610094 206448986 1610094 236701176
1 0 88570631 1610164 47229942 1610164 135800573
2 0 86559874 1610164 49697283 1610164 136257157
3 0 84983127 1610164 51735706 1610164 136718833
4 0 83542006 1610164 53620781 1610164 137162787
5 0 82123016 1610164 55504503 1610164 137627519
6 0 80710450 1610164 57370930 1610164 138081380
7 0 79273552 1610164 59250579 1610164 138524131
8 0 77788377 1610164 61196634 1610164 138985011
9 0 76326628 1610164 63112337 1610164 139438965
10 0 74899619 1610164 64990004 1610164 139889623
11 0 73602774 1610164 66815839 1610164 140418613
12 0 72254874 1610164 68619045 1610164 140873919
13 0 70824402 1610164 70491064 1610164 141315466
14 0 69382096 1610164 72384083 1610164 141766179
15 0 68003234 1610164 74203955 1610164 142207189
16 0 66648705 1610164 76029679 1610164 142678384
17 0 65303860 1610164 77828570 1610164 143132430
18 0 63939665 1610164 79644775 1610164 143584440
19 0 62488212 1610164 81533201 1610164 144021413
20 0 61101942 1610164 83368944 1610164 144470886
21 0 59665100 1610164 85254518 1610164 144919618
22 0 58300349 1610164 87075427 1610164 145375776
23 0 56953561 1610164 88895706 1610164 145849267
24 0 55485866 1610164 90811299 1610164 146297165
25 0 54120745 1610164 92626708 1610164 146747453
26 0 52691217 1610164 94490987 1610164 147182204
27 0 51334503 1610164 96296859 1610164 147631362
28 0 49974232 1610164 98121898 1610164 148096130
29 0 48598889 1610164 99941696 1610164 148540585
30 0 47075474 1610164 101912213 1610164 148987687
31 0 45707093 1610164 103726974 1610164 149434067
32 0 44330416 1610164 105553235 1610164 149883651
1 0 94034488 1610233 902781132 1610233 996815620
2 0 91091137 1610233 906048717 1610233 997139854
3 0 88857236 1610233 908600149 1610233 997457385
4 0 86535670 1610233 911223246 1610233 997758916
5 0 84335917 1610233 913741956 1610233 998077873
6 0 82141367 1610233 916243463 1610233 998384830
7 0 79917965 1610233 918772766 1610233 998690731
8 0 77596159 1610233 921406196 1610233 999002355
9 0 75326351 1610233 923985424 1610233 999311775
10 0 73136357 1610233 926487449 1610233 999623806
11 0 71032953 1610233 928925309 1610233 999958262
12 0 69168082 1610233 931453223 1610234 621305
13 0 67020290 1610233 933903157 1610234 923447
14 0 64809203 1610233 936420849 1610234 1230052
15 0 62649431 1610233 938875986 1610234 1525417
16 0 60432622 1610233 941404863 1610234 1837485
17 0 58307959 1610233 943834168 1610234 2142127
18 0 56166872 1610233 946280231 1610234 2447103
19 0 54010876 1610233 948731591 1610234 2742467
20 0 51788957 1610233 951255227 1610234 3044184
21 0 49557167 1610233 953792937 1610234 3350104
22 0 47415689 1610233 956243612 1610234 3659301
23 0 45282620 1610233 958699064 1610234 3981684
24 0 42816279 1610233 961470788 1610234 4287067
25 0 40665487 1610233 963917537 1610234 4583024
26 0 38472956 1610233 966413581 1610234 4886537
27 0 36348052 1610233 968842571 1610234 5190623
28 0 34491848 1610233 971377670 1610234 5869518
29 0 33095542 1610233 973087840 1610234 6183382
30 0 32168560 1610233 974311242 1610234 6479802
31 0 31246578 1610233 975537607 1610234 6784185
32 0 30309615 1610233 976769120 1610234 7078735
1 0 88448818 1610303 877481292 1610303 965930110
2 0 86429042 1610303 879974466 1610303 966403508
3 0 84795129 1610303 882069203 1610303 966864332
4 0 83367694 1610303 883958314 1610303 967326008
5 0 81944092 1610303 885847000 1610303 967791092
6 0 80542249 1610303 887705316 1610303 968247565
7 0 79115666 1610303 889581575 1610303 968697241
8 0 77621973 1610303 891527556 1610303 969149529
9 0 76162630 1610303 893442630 1610303 969605260
10 0 75331054 1610303 895331501 1610303 970662555
11 0 74019302 1610303 897151484 1610303 971170786
12 0 72654125 1610303 898975300 1610303 971629425
13 0 71174098 1610303 900895022 1610303 972069120
14 0 69733459 1610303 902786448 1610303 972519907
15 0 68332468 1610303 904627727 1610303 972960195
16 0 66961605 1610303 906461044 1610303 973422649
17 0 65607799 1610303 908267434 1610303 973875233
18 0 64197159 1610303 910130824 1610303 974327983
19 0 62767743 1610303 911998399 1610303 974766142
20 0 61381862 1610303 913832104 1610303 975213966
21 0 59935094 1610303 915730160 1610303 975665254
22 0 58573805 1610303 917552069 1610303 976125874
23 0 57228129 1610303 919373144 1610303 976601273
24 0 55708343 1610303 921345143 1610303 977053486
25 0 54339389 1610303 923165422 1610303 977504811
26 0 52909379 1610303 925034590 1610303 977943969
27 0 51552905 1610303 926840981 1610303 978393886
28 0 50205987 1610303 928665797 1610303 978871784
29 0 48782181 1610303 930539261 1610303 979321442
30 0 47402875 1610303 932366003 1610303 979768878
31 0 46082826 1610303 934178579 1610303 980261405
32 0 44736352 1610303 935989655 1610303 980726007
1 0 99574119 1610373 712854296 1610373 812428415
2 0 96631973 1610373 716113714 1610373 812745687
3 0 94394665 1610373 718669738 1610373 813064403
4 0 92024896 1610373 721345186 1610373 813370082
5 0 89797216 1610373 723889341 1610373 813686557
6 0 87597296 1610373 726402255 1610373 813999551
7 0 85362618 1610373 728938798 1610373 814301416
8 0 83020941 1610373 731599820 1610373 814620761
9 0 80753967 1610373 734179307 1610373 814933274
10 0 78542287 1610373 736700462 1610373 815242749
11 0 76408033 1610373 739167895 1610373 815575928
12 0 74165632 1610373 741731919 1610373 815897551
13 0 72013747 1610373 744189872 1610373 816203619
14 0 69801588 1610373 746709637 1610373 816511225
15 0 67645110 1610373 749165442 1610373 816810552
16 0 65372969 1610373 751753595 1610373 817126564
17 0 63243826 1610373 754189436 1610373 817433262
18 0 61094386 1610373 756645629 1610373 817740015
19 0 58938909 1610373 759102841 1610373 818041750
20 0 56190741 1610373 762157170 1610373 818347911
21 0 53958043 1610373 764700269 1610373 818658312
22 0 51832881 1610373 767139648 1610373 818972529
23 0 49700070 1610373 769598137 1610373 819298207
24 0 47446096 1610373 772163198 1610373 819609294
25 0 45318267 1610373 774596669 1610373 819914936
26 0 43316583 1610373 777105454 1610373 820422037
27 0 41185607 1610373 779550517 1610373 820736124
28 0 38790764 1610373 782632254 1610373 821423018
29 0 36648751 1610373 785084150 1610373 821732901
30 0 34521014 1610373 787520659 1610373 822041673
31 0 32368759 1610373 789972611 1610373 822341370
32 0 30208080 1610373 792440470 1610373 822648550
1 0 91127172 1610443 617511431 1610443 708638603
2 0 89026213 1610443 620093936 1610443 709120149
3 0 87489668 1610443 622098027 1610443 709587695
4 0 86622370 1610443 624007212 1610443 710629582
5 0 85222157 1610443 625913934 1610443 711136091
6 0 83797704 1610443 627803860 1610443 711601564
7 0 82353806 1610443 629707156 1610443 712060962
8 0 80842557 1610443 631680192 1610443 712522749
9 0 79365956 1610443 633624321 1610443 712990277
10 0 77925873 1610443 635524673 1610443 713450546
11 0 76571029 1610443 637363119 1610443 713934148
12 0 75204389 1610443 639200972 1610443 714405361
13 0 73711789 1610443 641145767 1610443 714857556
14 0 72266798 1610443 643051786 1610443 715318584
15 0 70883250 1610443 644897917 1610443 715781167
16 0 69488648 1610443 646749140 1610443 716237788
17 0 68128637 1610443 648568827 1610443 716697464
18 0 66691536 1610443 650463123 1610443 717154659
19 0 65276267 1610443 652325772 1610443 717602039
20 0 63885072 1610443 654175125 1610443 718060197
21 0 62426064 1610443 656093458 1610443 718519522
22 0 61041757 1610443 657933756 1610443 718975513
23 0 59698136 1610443 659774460 1610443 719472596
24 0 58169572 1610443 661763274 1610443 719932846
25 0 56831117 1610443 663610756 1610443 720441873
26 0 55377034 1610443 665513979 1610443 720891013
27 0 54002190 1610443 667351795 1610443 721353985
28 0 52628458 1610443 669194666 1610443 721823124
29 0 51189189 1610443 671103074 1610443 722292263
30 0 49796532 1610443 672945241 1610443 722741773
31 0 48399985 1610443 674798242 1610443 723198227
32 0 47028845 1610443 676626336 1610443 723655181
1 0 102649299 1610513 781745257 1610513 884394556
2 0 99722042 1610513 784986601 1610513 884708643
3 0 97496992 1610513 787523978 1610513 885020970
4 0 95247684 1610513 790074428 1610513 885322112
5 0 93012283 1610513 792625842 1610513 885638125
6 0 90842751 1610513 795103312 1610513 885946063
7 0 88631535 1610513 797612578 1610513 886244113
8 0 86368357 1610513 800200176 1610513 886568533
9 0 84074809 1610513 802799681 1610513 886874490
10 0 81895147 1610513 805287966 1610513 887183113
11 0 79778985 1610513 807731603 1610513 887510588
12 0 77625508 1610513 810192500 1610513 887818008
13 0 75454736 1610513 812661322 1610513 888116058
14 0 73258797 1610513 815162477 1610513 888421274
15 0 71118727 1610513 817596893 1610513 888715620
16 0 68900863 1610513 820124992 1610513 889025855
17 0 66732646 1610513 822595777 1610513 889328423
18 0 64604855 1610513 825028637 1610513 889633492
19 0 62462155 1610513 827465460 1610513 889927615
20 0 60366400 1610513 829905783 1610513 890272183
21 0 58075426 1610513 832506529 1610513 890581955
22 0 55926023 1610513 834964796 1610513 890890819
23 0 53815675 1610513 837400434 1610513 891216109
24 0 51695643 1610513 839825127 1610513 891520770
25 0 49488834 1610513 842337652 1610513 891826486
26 0 47300450 1610513 844826530 1610513 892126980
27 0 45194010 1610513 847237816 1610513 892431826
28 0 43430766 1610513 849676121 1610513 893106887
29 0 41184755 1610513 852230404 1610513 893415159
30 0 39057481 1610513 854663579 1610513 893721060
31 0 36929708 1610513 857088828 1610513 894018536
32 0 34803415 1610513 859530633 1610513 894334048
1 0 91198336 1610583 757529358 1610583 848727694
2 0 89095137 1610583 760106196 1610583 849201333
3 0 87579333 1610583 762082176 1610583 849661509
4 0 86183045 1610583 763975788 1610583 850158833
5 0 84789035 1610583 765868714 1610583 850657749
6 0 83368692 1610583 767747974 1610583 851116666
7 0 81923924 1610583 769632641 1610583 851556565
8 0 80378436 1610583 771632768 1610583 852011204
9 0 78433048 1610583 774034055 1610583 852467103
10 0 76990280 1610583 775921277 1610583 852911557
11 0 75634769 1610583 777751020 1610583 853385789
12 0 74243722 1610583 779582262 1610583 853825984
13 0 72797991 1610583 781484743 1610583 854282734
14 0 71353205 1610583 783383632 1610583 854736837
15 0 69959657 1610583 785222004 1610583 855181661
16 0 68580925 1610583 787061301 1610583 855642226
17 0 67215414 1610583 788878322 1610583 856093736
18 0 65707073 1610583 790854654 1610583 856561727
19 0 64291490 1610583 792709895 1610583 857001385
20 0 62893592 1610583 794555507 1610583 857449099
21 0 61457415 1610583 796455193 1610583 857912608
22 0 60081960 1610583 798288898 1610583 858370858
23 0 58700580 1610583 800161380 1610583 858861960
24 0 57300534 1610583 802011862 1610583 859312396
25 0 55926375 1610583 803844327 1610583 859770702
26 0 54541235 1610583 805721494 1610583 860262729
27 0 53187410 1610583 807538810 1610583 860726220
28 0 51803325 1610583 809373997 1610583 861177322
29 0 50266985 1610583 811360866 1610583 861627851
30 0 48884641 1610583 813191682 1610583 862076323
31 0 47502057 1610583 815029350 1610583 862531407
32 0 46138769 1610583 816843370 1610583 862982139
1 0 79754559 1610653 672502726 1610653 752257285
2 0 76794728 1610653 675799477 1610653 752594205
3 0 74536161 1610653 678372223 1610653 752908384
4 0 72197725 1610653 681016338 1610653 753214063
5 0 69943324 1610653 683593362 1610653 753536686
6 0 67735405 1610653 686119683 1610653 753855088
7 0 65503188 1610653 688658764 1610653 754161952
8 0 63200863 1610653 691273250 1610653 754474113
9 0 60926685 1610653 693861329 1610653 754788014
10 0 58704673 1610653 696394150 1610653 755098823
11 0 56561566 1610653 698863898 1610653 755425464
12 0 54316091 1610653 701423312 1610653 755739403
13 0 52141670 1610653 703901245 1610653 756042915
14 0 49903992 1610653 706447158 1610653 756351150
15 0 47755311 1610653 708920314 1610653 756675625
16 0 45503911 1610653 711483171 1610653 756987082
17 0 43824110 1610653 713473207 1610653 757297317
18 0 42896906 1610653 714716090 1610653 757612996
19 0 41950091 1610653 715964121 1610653 757914212
20 0 41009850 1610653 717213078 1610653 758222928
21 0 40019906 1610653 718517646 1610653 758537552
22 0 39081647 1610653 719760955 1610653 758842602
23 0 38125407 1610653 721060281 1610653 759185688
24 0 37189369 1610653 722307294 1610653 759496663
25 0 36262942 1610653 723543122 1610653 759806064
26 0 36110113 1610653 724817504 1610653 760927617
27 0 35592622 1610653 726048851 1610653 761641473
28 0 34655159 1610653 727292549 1610653 761947708
29 0 33721232 1610653 728545562 1610653 762266794
30 0 32791824 1610653 729778612 1610653 762570436
31 0 31721828 1610653 731159751 1610653 762881579
32 0 30765438 1610653 732417653 1610653 763183091
1 0 77549398 1610723 617430051 1610723 694979449
2 0 75381811 1610723 619919706 1610723 695301517
3 0 73663029 1610723 621948444 1610723 695611473
4 0 72080208 1610723 623830815 1610723 695911023
5 0 70510832 1610723 625712130 1610723 696222962
6 0 68948399 1610723 627580131 1610723 696528530
7 0 67371670 1610723 629451224 1610723 696822894
8 0 65684240 1610723 631448259 1610723 697132499
9 0 64074271 1610723 633363222 1610723 697437493
10 0 62491154 1610723 635251167 1610723 697742321
11 0 60987850 1610723 637077076 1610723 698064926
12 0 59460195 1610723 638900003 1610723 698360198
13 0 57876225 1610723 640785411 1610723 698661636
14 0 56289738 1610723 642673763 1610723 698963501
15 0 54759378 1610723 644496487 1610723 699255865
16 0 53242630 1610723 646320822 1610723 699563452
17 0 51755085 1610723 648122694 1610723 699877779
18 0 50277669 1610723 649941122 1610723 700218791
19 0 48666627 1610723 651856010 1610723 700522637
20 0 47160508 1610723 653664031 1610723 700824539
21 0 45569483 1610723 655558309 1610723 701127792
22 0 44055753 1610723 657381903 1610723 701437656
23 0 42555524 1610723 659205145 1610723 701760669
24 0 40931222 1610723 661130774 1610723 702061996
25 0 39406178 1610723 662955868 1610723 702362046
26 0 37838726 1610723 664825647 1610723 702664373
27 0 36322756 1610723 666635556 1610723 702958312
28 0 35178019 1610723 668460650 1610723 703638669
29 0 33530496 1610723 670412223 1610723 703942719
30 0 32052728 1610723 672192337 1610723 704245065
31 0 31108913 1610723 673430553 1610723 704539466
32 0 30168765 1610723 674672899 1610723 704841664
