1 0 20519079 1625188 227365978 1625188 247885057
2 0 19771205 1625188 228266386 1625188 248037591
3 0 19474581 1625188 228731544 1625188 248206125
4 0 19197012 1625188 229153388 1625188 248350400
5 0 18944758 1625188 229558065 1625188 248502823
6 0 18713800 1625188 229940446 1625188 248654246
7 0 18375750 1625188 230434011 1625188 248809761
8 0 18134996 1625188 230822707 1625188 248957703
9 0 17926556 1625188 231197514 1625188 249124070
10 0 17675357 1625188 231599840 1625188 249275197
11 0 17439676 1625188 231973592 1625188 249413268
12 0 17192440 1625188 232372158 1625188 249564598
13 0 16955019 1625188 232760039 1625188 249715058
14 0 16724654 1625188 233127550 1625188 249852204
15 0 16576860 1625188 233518117 1625188 250094977
16 0 16345346 1625188 233909368 1625188 250254714
1 0 18869445 1625220 32474581 1625220 51344026
2 0 18100626 1625220 33415452 1625220 51516078
3 0 17828225 1625220 33857554 1625220 51685779
4 0 17540637 1625220 34306120 1625220 51846757
5 0 17271773 1625220 34718426 1625220 51990199
6 0 17044296 1625220 35100863 1625220 52145159
7 0 16798948 1625220 35500004 1625220 52298952
8 0 16558286 1625220 35888996 1625220 52447282
9 0 16354771 1625220 36264989 1625220 52619760
10 0 16096518 1625220 36674962 1625220 52771480
11 0 15855096 1625220 37052455 1625220 52907551
12 0 15608287 1625220 37448780 1625220 53057067
13 0 15369217 1625220 37837532 1625220 53206749
14 0 15150777 1625220 38210969 1625220 53361746
15 0 14899097 1625220 38607220 1625220 53506317
16 0 14658046 1625220 38998250 1625220 53656296
1 0 24916456 1625251 802080301 1625251 826996757
2 0 23964530 1625251 803236316 1625251 827200846
3 0 23595501 1625251 803825304 1625251 827420805
4 0 23213526 1625251 804401034 1625251 827614560
5 0 22878681 1625251 804941764 1625251 827820445
6 0 22582446 1625251 805442902 1625251 828025348
7 0 22259878 1625251 805969114 1625251 828228992
8 0 21945366 1625251 806483548 1625251 828428914
9 0 21675038 1625251 806977742 1625251 828652780
10 0 21345174 1625251 807509306 1625251 828854480
11 0 21033865 1625251 808004389 1625251 829038254
12 0 20708817 1625251 808527545 1625251 829236362
13 0 20395545 1625251 809039998 1625251 829435543
14 0 20106976 1625251 809536322 1625251 829643298
15 0 19625338 1625251 810206549 1625251 829831887
16 0 19320491 1625251 810746039 1625251 830066530
1 0 26269670 1625283 611690355 1625283 637960025
2 0 25308059 1625283 612856166 1625283 638164225
3 0 24945511 1625283 613439599 1625283 638385110
4 0 24588111 1625283 614004680 1625283 638592791
5 0 24244098 1625283 614536874 1625283 638780972
6 0 23946179 1625283 615035512 1625283 638981691
7 0 23622537 1625283 615561316 1625283 639183853
8 0 23299561 1625283 616079603 1625283 639379164
9 0 23030456 1625283 616571500 1625283 639601956
10 0 22706481 1625283 617096805 1625283 639803286
11 0 22392376 1625283 617591425 1625283 639983801
12 0 22112826 1625283 618114340 1625283 640227166
13 0 21795962 1625283 618626923 1625283 640422885
14 0 21487524 1625283 619116376 1625283 640603900
15 0 21192844 1625283 619639903 1625283 640832747
16 0 20832258 1625283 620203355 1625283 641035613
1 0 23308580 1625315 447238528 1625315 470547108
2 0 22607612 1625315 448144677 1625315 470752289
3 0 22386080 1625315 448590557 1625315 470976637
4 0 22166695 1625315 449022456 1625315 471189151
5 0 21950662 1625315 449427226 1625315 471377888
6 0 21767444 1625315 449809496 1625315 471576940
7 0 21483357 1625315 450298931 1625315 471782288
8 0 21273102 1625315 450704201 1625315 471977303
9 0 21122679 1625315 451081749 1625315 472204428
10 0 20927793 1625315 451491871 1625315 472419664
11 0 20737297 1625315 451866160 1625315 472603457
12 0 20544819 1625315 452257504 1625315 472802323
13 0 20359009 1625315 452643107 1625315 473002116
14 0 20158086 1625315 453047933 1625315 473206019
15 0 19807945 1625315 453581774 1625315 473389719
16 0 19480618 1625315 454107264 1625315 473587882
1 0 19574764 1625347 257410674 1625347 276985438
2 0 18829354 1625347 258309804 1625347 277139158
3 0 18551451 1625347 258753555 1625347 277305006
4 0 18273049 1625347 259189269 1625347 277462318
5 0 18008295 1625347 259598316 1625347 277606611
6 0 17780096 1625347 259981160 1625347 277761256
7 0 17335623 1625347 260565797 1625347 277901420
8 0 17102369 1625347 260963400 1625347 278065769
9 0 16896280 1625347 261341300 1625347 278237580
10 0 16645341 1625347 261743922 1625347 278389263
11 0 16405345 1625347 262121100 1625347 278526445
12 0 16153609 1625347 262521111 1625347 278674720
13 0 15918336 1625347 262908029 1625347 278826365
14 0 15684137 1625347 263278392 1625347 278962529
15 0 15448919 1625347 263675607 1625347 279124526
16 0 15199480 1625347 264074358 1625347 279273838
1 0 19474304 1625379 57250637 1625379 76724941
2 0 18715022 1625379 58165397 1625379 76880419
3 0 18432342 1625379 58611407 1625379 77043749
4 0 18140626 1625379 59047343 1625379 77187969
5 0 17886871 1625379 59458150 1625379 77345021
6 0 17653950 1625379 59843235 1625379 77497185
7 0 17313457 1625379 60335410 1625379 77648867
8 0 17061870 1625379 60736976 1625379 77798846
9 0 16855540 1625379 61115210 1625379 77970750
10 0 16598268 1625379 61521794 1625379 78120062
11 0 16356235 1625379 61901287 1625379 78257522
12 0 16104425 1625379 62302779 1625379 78407204
13 0 15867671 1625379 62688123 1625379 78555794
14 0 15628749 1625379 63063209 1625379 78691958
15 0 15396902 1625379 63459979 1625379 78856881
16 0 15146962 1625379 63856712 1625379 79003674
1 0 19420157 1625410 887226805 1625410 906646962
2 0 18668042 1625410 888134806 1625410 906802848
3 0 18392065 1625410 888577205 1625410 906969270
4 0 18107293 1625410 889009289 1625410 907116582
5 0 17851447 1625410 889420262 1625410 907271709
6 0 17623285 1625410 889802736 1625410 907426021
7 0 17276773 1625410 890290430 1625410 907567203
8 0 17037833 1625410 890690608 1625410 907728441
9 0 16835578 1625410 891067489 1625410 907903067
10 0 16584379 1625410 891470352 1625410 908054731
11 0 16349809 1625410 891845011 1625410 908194820
12 0 16101999 1625410 892243133 1625410 908345132
13 0 15863485 1625410 892630181 1625410 908493666
14 0 15625324 1625410 893006099 1625410 908631423
15 0 15387920 1625410 893405629 1625410 908793549
16 0 15140092 1625410 893806084 1625410 908946176
1 0 21543374 1625442 671737599 1625442 693280973
2 0 20531061 1625442 672903761 1625442 693434822
3 0 20120606 1625442 673479268 1625442 693599874
4 0 19706670 1625442 674047794 1625442 693754464
5 0 19312214 1625442 674583006 1625442 693895220
6 0 18959444 1625442 675086496 1625442 694045940
7 0 18574395 1625442 675610671 1625442 694185066
8 0 18219977 1625442 676127346 1625442 694347323
9 0 17892909 1625442 676623207 1625442 694516116
10 0 17513398 1625442 677155974 1625442 694669372
11 0 17157071 1625442 677651113 1625442 694808184
12 0 16780153 1625442 678177232 1625442 694957385
13 0 16415030 1625442 678691759 1625442 695106789
14 0 16074593 1625442 679189471 1625442 695264064
15 0 15688785 1625442 679715591 1625442 695404376
16 0 15152518 1625442 680399151 1625442 695551669
1 0 18867056 1625474 477079528 1625474 495946584
2 0 18129200 1625474 477984566 1625474 496113766
3 0 17853391 1625474 478423131 1625474 496276522
4 0 17575286 1625474 478856604 1625474 496431890
5 0 17308161 1625474 479263170 1625474 496571331
6 0 17075369 1625474 479646385 1625474 496721754
7 0 16768801 1625474 480106765 1625474 496875566
8 0 16504102 1625474 480520183 1625474 497024285
9 0 16297329 1625474 480898749 1625474 497196078
10 0 16043408 1625474 481303408 1625474 497346816
11 0 15804653 1625474 481680753 1625474 497485406
12 0 15555029 1625474 482077263 1625474 497632292
13 0 15315515 1625474 482465885 1625474 497781400
14 0 15096371 1625474 482840915 1625474 497937286
15 0 14840969 1625474 483237555 1625474 498078524
16 0 14589178 1625474 483636177 1625474 498225355
