1 0 50187166 1626124 267861956 1626124 318049122
2 0 49423404 1626124 268798696 1626124 318222100
3 0 49163946 1626124 269227058 1626124 318391004
4 0 48917673 1626124 269620736 1626124 318538409
5 0 48610902 1626124 270086245 1626124 318697147
6 0 48355277 1626124 270498015 1626124 318853292
7 0 48088116 1626124 270907877 1626124 318995993
8 0 47836416 1626124 271313499 1626124 319149915
9 0 47629457 1626124 271694825 1626124 319324282
10 0 47381185 1626124 272090465 1626124 319471650
11 0 47144392 1626124 272479125 1626124 319623517
12 0 46908304 1626124 272867784 1626124 319776088
13 0 46645717 1626124 273269498 1626124 319915215
14 0 46474665 1626124 273649009 1626124 320123674
15 0 46225967 1626124 274038427 1626124 320264394
16 0 45991100 1626124 274426920 1626124 320418020
17 0 45763827 1626124 274804246 1626124 320568073
18 0 45511739 1626124 275195442 1626124 320707181
19 0 45257337 1626124 275602156 1626124 320859493
20 0 45056082 1626124 275972371 1626124 321028453
21 0 44768421 1626124 276401418 1626124 321169839
22 0 44459964 1626124 276868594 1626124 321328558
23 0 44219339 1626124 277259957 1626124 321479296
24 0 43963307 1626124 277653412 1626124 321616719
25 0 43739070 1626124 278027905 1626124 321766975
26 0 43502797 1626124 278422860 1626124 321925657
27 0 43257950 1626124 278807038 1626124 322064988
28 0 43024732 1626124 279191364 1626124 322216096
29 0 42788848 1626124 279577134 1626124 322365982
30 0 42559723 1626124 279946627 1626124 322506350
31 0 42218193 1626124 280450135 1626124 322668328
32 0 41982271 1626124 280847350 1626124 322829621
33 0 41745091 1626124 281236305 1626124 322981396
34 0 41496392 1626124 281627964 1626124 323124356
35 0 41268286 1626124 281999938 1626124 323268224
36 0 41029420 1626124 282389301 1626124 323418721
37 0 40775499 1626124 282788293 1626124 323563792
38 0 40538041 1626124 283176063 1626124 323714104
39 0 40256972 1626124 283609796 1626124 323866768
40 0 40002310 1626124 284001881 1626124 324004191
41 0 39755686 1626124 284397132 1626124 324152818
42 0 39521745 1626124 284781773 1626124 324303518
43 0 39297565 1626124 285162673 1626124 324460238
44 0 39061329 1626124 285549165 1626124 324610494
45 0 38832889 1626124 285927676 1626124 324760565
46 0 38565616 1626124 286346298 1626124 324911914
47 0 38377009 1626124 286722846 1626124 325099855
48 0 38150976 1626124 287090431 1626124 325241407
49 0 37923351 1626124 287468683 1626124 325392034
50 0 37707856 1626124 287846305 1626124 325554161
51 0 37479045 1626124 288215446 1626124 325694491
52 0 37253123 1626124 288595624 1626124 325848747
53 0 37030980 1626124 288975487 1626124 326006467
54 0 36808632 1626124 289336258 1626124 326144890
55 0 36562544 1626124 289732565 1626124 326295109
56 0 36298661 1626124 290146001 1626124 326444662
57 0 36052332 1626124 290542197 1626124 326594529
58 0 35806429 1626124 290926227 1626124 326732656
59 0 35606822 1626124 291291127 1626124 326897949
60 0 35369364 1626124 291679286 1626124 327048650
61 0 35138812 1626124 292060705 1626124 327199517
62 0 34899521 1626124 292436901 1626124 327336422
63 0 34664636 1626124 292821190 1626124 327485826
64 0 34453012 1626124 293195145 1626124 327648157
1 0 52370249 1626426 82875288 1626426 135245537
2 0 51337863 1626426 84083004 1626426 135420867
3 0 50958019 1626426 84635252 1626426 135593271
4 0 50582786 1626426 85156204 1626426 135738990
5 0 50203016 1626426 85691379 1626426 135894395
6 0 49839875 1626426 86196554 1626426 136036429
7 0 49446087 1626426 86741746 1626426 136187833
8 0 49068206 1626426 87271291 1626426 136339497
9 0 48718379 1626426 87772281 1626426 136490660
10 0 48366109 1626426 88290400 1626426 136656509
11 0 48002079 1626426 88807075 1626426 136809154
12 0 47627532 1626426 89320638 1626426 136948170
13 0 47255724 1626426 89841276 1626426 137097000
14 0 46842455 1626426 90424412 1626426 137266867
15 0 46462573 1626426 90942828 1626426 137405401
16 0 46093470 1626426 91461058 1626426 137554528
17 0 45758587 1626426 91961770 1626426 137720357
18 0 45416780 1626426 92440945 1626426 137857725
19 0 45137156 1626426 92867714 1626426 138004870
20 0 44901827 1626426 93247355 1626426 138149182
21 0 44632129 1626426 93672272 1626426 138304401
22 0 44323395 1626426 94132966 1626426 138456361
23 0 44077141 1626426 94523236 1626426 138600377
24 0 43832608 1626426 94917469 1626426 138750077
25 0 43604483 1626426 95296776 1626426 138901259
26 0 43349803 1626426 95697972 1626426 139047775
27 0 43113938 1626426 96083371 1626426 139197309
28 0 42878573 1626426 96469437 1626426 139348010
29 0 42627948 1626426 96858485 1626426 139486433
30 0 42411989 1626426 97227848 1626426 139639837
31 0 42183123 1626426 97617118 1626426 139800241
32 0 41952425 1626426 98008091 1626426 139960516
33 0 41886056 1626426 98400009 1626426 140286065
34 0 41649801 1626426 98789853 1626426 140439654
35 0 41436231 1626426 99162420 1626426 140598651
36 0 41189848 1626426 99553041 1626426 140742889
37 0 40949945 1626426 99950144 1626426 140900089
38 0 40670543 1626426 100379339 1626426 141049882
39 0 40389716 1626426 100809645 1626426 141199361
40 0 40128998 1626426 101206008 1626426 141335006
41 0 39887485 1626426 101610573 1626426 141498058
42 0 39655323 1626426 101999769 1626426 141655092
43 0 39412865 1626426 102380206 1626426 141793071
44 0 39172222 1626426 102768050 1626426 141940272
45 0 38941745 1626426 103147246 1626426 142088991
46 0 38684528 1626426 103553534 1626426 142238062
47 0 38439681 1626426 103935471 1626426 142375152
48 0 38218074 1626426 104304871 1626426 142522945
49 0 37998060 1626426 104678437 1626426 142676497
50 0 37764288 1626426 105058651 1626426 142822939
51 0 37549514 1626426 105421829 1626426 142971343
52 0 37306556 1626426 105810821 1626426 143117377
53 0 37075875 1626426 106191036 1626426 143266911
54 0 36851676 1626426 106558936 1626426 143410612
55 0 36601682 1626426 106956131 1626426 143557813
56 0 36387075 1626426 107319124 1626426 143706199
57 0 36135654 1626426 107706727 1626426 143842381
58 0 35898492 1626426 108091201 1626426 143989693
59 0 35690719 1626426 108455434 1626426 144146153
60 0 35492834 1626426 108831778 1626426 144324612
61 0 35256431 1626426 109205697 1626426 144462128
62 0 35023640 1626426 109587948 1626426 144611588
63 0 34786237 1626426 109973329 1626426 144759566
64 0 34454521 1626426 110438487 1626426 144893008
1 0 71733563 1626727 861237108 1626727 932970671
2 0 70732176 1626727 862466509 1626727 933198685
3 0 70378831 1626727 863032146 1626727 933410977
4 0 70065023 1626727 863546413 1626727 933611436
5 0 69742436 1626727 864074403 1626727 933816839
6 0 69444646 1626727 864575930 1626727 934020576
7 0 69097375 1626727 865110178 1626727 934207553
8 0 68774289 1626727 865634316 1626727 934408605
9 0 68474813 1626727 866135343 1626727 934610156
10 0 68166282 1626727 866649648 1626727 934815930
11 0 67856659 1626727 867158711 1626727 935015370
12 0 67537499 1626727 867659072 1626727 935196571
13 0 67219023 1626727 868176358 1626727 935395381
14 0 66934474 1626727 868672607 1626727 935607081
15 0 66614536 1626727 869178819 1626727 935793355
16 0 66306338 1626727 869695031 1626727 936001369
17 0 65897753 1626727 870300723 1626727 936198476
18 0 65553576 1626727 870831841 1626727 936385417
19 0 65206415 1626727 871375257 1626727 936581672
20 0 64917607 1626727 871865617 1626727 936783224
21 0 64595743 1626727 872382051 1626727 936977794
22 0 64206306 1626727 872969688 1626727 937175994
23 0 63900480 1626727 873484936 1626727 937385416
24 0 63578189 1626727 874005556 1626727 937583745
25 0 63282399 1626727 874499416 1626727 937781815
26 0 62946350 1626727 875020721 1626727 937967071
27 0 62668170 1626727 875506248 1626727 938174418
28 0 62368436 1626727 876005645 1626727 938374081
29 0 62045516 1626727 876511672 1626727 938557188
30 0 61743578 1626727 877012681 1626727 938756259
31 0 61431862 1626727 877523078 1626727 938954940
32 0 61159200 1626727 878022883 1626727 939182083
33 0 60861151 1626727 878501003 1626727 939362154
34 0 60540676 1626727 879019974 1626727 939560650
35 0 60258793 1626727 879508723 1626727 939767516
36 0 59853671 1626727 880114137 1626727 939967808
37 0 59591750 1626727 880658571 1626727 940250321
38 0 59305145 1626727 881157190 1626727 940462335
39 0 58946115 1626727 881714716 1626727 940660831
40 0 58636455 1626727 882205299 1626727 940841754
41 0 57681771 1626727 883355868 1626727 941037639
42 0 57362648 1626727 883872302 1626727 941234950
43 0 57068097 1626727 884372663 1626727 941440760
44 0 56741604 1626727 884878819 1626727 941620423
45 0 56438629 1626727 885373198 1626727 941811827
46 0 56149505 1626727 885860355 1626727 942009860
47 0 55799697 1626727 886404900 1626727 942204597
48 0 55491944 1626727 886902131 1626727 942394075
49 0 55204857 1626727 887398121 1626727 942602978
50 0 54904141 1626727 887910907 1626727 942815048
51 0 54595461 1626727 888398990 1626727 942994451
52 0 54302487 1626727 888889183 1626727 943191670
53 0 54005029 1626727 889382896 1626727 943387925
54 0 53694702 1626727 889873608 1626727 943568310
55 0 53296803 1626727 890482059 1626727 943778862
56 0 53011735 1626727 890966623 1626727 943978358
57 0 52704018 1626727 891472539 1626727 944176557
58 0 52377173 1626727 891983010 1626727 944360183
59 0 52079753 1626727 892479778 1626727 944559531
60 0 51824443 1626727 892981213 1626727 944805656
61 0 51533987 1626727 893455073 1626727 944989060
62 0 51236585 1626727 893957526 1626727 945194111
63 0 50947146 1626727 894447554 1626727 945394700
64 0 50649615 1626727 894943284 1626727 945592899
1 0 50368741 1627029 677639995 1627029 728008736
2 0 49557608 1627029 678621643 1627029 728179251
3 0 49299336 1627029 679047560 1627029 728346896
4 0 49064452 1627029 679437737 1627029 728502189
5 0 48814049 1627029 679843470 1627029 728657519
6 0 48514092 1627029 680301239 1627029 728815331
7 0 48237801 1627029 680719045 1627029 728956846
8 0 47987769 1627029 681121223 1627029 729108992
9 0 47746737 1627029 681503196 1627029 729249933
10 0 47531260 1627029 681898077 1627029 729429337
11 0 47303857 1627029 682280996 1627029 729584853
12 0 47062565 1627029 682660896 1627029 729723461
13 0 46818199 1627029 683057388 1627029 729875587
14 0 46640407 1627029 683436436 1627029 730076843
15 0 46399615 1627029 683821243 1627029 730220858
16 0 46172824 1627029 684207624 1627029 730380448
17 0 45951347 1627029 684582746 1627029 730534093
18 0 45708925 1627029 684963943 1627029 730672868
19 0 45444598 1627029 685376508 1627029 730821106
20 0 45209991 1627029 685748890 1627029 730958881
21 0 44949811 1627029 686168974 1627029 731118785
22 0 44631873 1627029 686638724 1627029 731270597
23 0 44406766 1627029 687022439 1627029 731429205
24 0 44171474 1627029 687408635 1627029 731580109
25 0 43956498 1627029 687777664 1627029 731734162
26 0 43720632 1627029 688166638 1627029 731887270
27 0 43474173 1627029 688558149 1627029 732032322
28 0 43255122 1627029 688925605 1627029 732180727
29 0 43021719 1627029 689310023 1627029 732331742
30 0 42793076 1627029 689676904 1627029 732469980
31 0 42528710 1627029 690097304 1627029 732626014
32 0 42293493 1627029 690499499 1627029 732792992
33 0 42054998 1627029 690888547 1627029 732943545
34 0 41801189 1627029 691279650 1627029 733080839
35 0 41589211 1627029 691652902 1627029 733242113
36 0 41354493 1627029 692038543 1627029 733393036
37 0 41099888 1627029 692428516 1627029 733528404
38 0 40869392 1627029 692814583 1627029 733683975
39 0 40592842 1627029 693239463 1627029 733832305
40 0 40350755 1627029 693630881 1627029 733981636
41 0 39607250 1627029 694509531 1627029 734116781
42 0 39374940 1627029 694891338 1627029 734266278
43 0 39154222 1627029 695270664 1627029 734424886
44 0 38903338 1627029 695658360 1627029 734561698
45 0 38680880 1627029 696027667 1627029 734708547
46 0 38439755 1627029 696428530 1627029 734868285
47 0 38213797 1627029 696808170 1627029 735021967
48 0 37978375 1627029 697182941 1627029 735161316
49 0 37774583 1627029 697541841 1627029 735316424
50 0 37560402 1627029 697916074 1627029 735476476
51 0 37336981 1627029 698275789 1627029 735612770
52 0 37103522 1627029 698660337 1627029 735763859
53 0 36875841 1627029 699038293 1627029 735914134
54 0 36665772 1627029 699404785 1627029 736070557
55 0 36413129 1627029 699793092 1627029 736206221
56 0 36036581 1627029 700318378 1627029 736354959
57 0 35789271 1627029 700715037 1627029 736504308
58 0 35542479 1627029 701096659 1627029 736639138
59 0 35329706 1627029 701461263 1627029 736790969
60 0 35100691 1627029 701839330 1627029 736940021
61 0 34876474 1627029 702212804 1627029 737089278
62 0 34651275 1627029 702574259 1627029 737225534
63 0 34424391 1627029 702952307 1627029 737376698
64 0 34206135 1627029 703319578 1627029 737525713
1 0 65559611 1627331 457111405 1627331 522671016
2 0 64776552 1627331 458119552 1627331 522896104
3 0 64564038 1627331 458542062 1627331 523106100
4 0 64373116 1627331 458934869 1627331 523307985
5 0 63955532 1627331 459558727 1627331 523514259
6 0 63574058 1627331 460141864 1627331 523715922
7 0 63189270 1627331 460710389 1627331 523899659
8 0 62859961 1627331 461247564 1627331 524107525
9 0 62543504 1627331 461745684 1627331 524289188
10 0 62256825 1627331 462262970 1627331 524519795
11 0 61944350 1627331 462773515 1627331 524717865
12 0 61617411 1627331 463281802 1627331 524899213
13 0 61285974 1627331 463808661 1627331 525094635
14 0 60996035 1627331 464308503 1627331 525304538
15 0 60673226 1627331 464812938 1627331 525486164
16 0 60372492 1627331 465319687 1627331 525692179
17 0 60072831 1627331 465816085 1627331 525888916
18 0 59749226 1627331 466321019 1627331 526070245
19 0 59399437 1627331 466864175 1627331 526263612
20 0 59116405 1627331 467356999 1627331 526473404
21 0 58751449 1627331 467909877 1627331 526661326
22 0 58338754 1627331 468519105 1627331 526857859
23 0 58035815 1627331 469027114 1627331 527062929
24 0 57709822 1627331 469532696 1627331 527242518
25 0 57380106 1627331 470057316 1627331 527437422
26 0 57048909 1627331 470586102 1627331 527635011
27 0 56725712 1627331 471099073 1627331 527824785
28 0 56436810 1627331 471580878 1627331 528017688
29 0 56123391 1627331 472087164 1627331 528210555
30 0 55814582 1627331 472574803 1627331 528389385
31 0 55507736 1627331 473082515 1627331 528590251
32 0 55214760 1627331 473590524 1627331 528805284
33 0 54908100 1627331 474096384 1627331 529004484
34 0 54570607 1627331 474613540 1627331 529184147
35 0 54295964 1627331 475100512 1627331 529396476
36 0 53985099 1627331 475608669 1627331 529593768
37 0 53663587 1627331 476124048 1627331 529787635
38 0 53341334 1627331 476634871 1627331 529976205
39 0 53602200 1627331 477159842 1627331 530762042
40 0 53261910 1627331 477697868 1627331 530959778
41 0 52933547 1627331 478204469 1627331 531138016
42 0 52618441 1627331 478717515 1627331 531335956
43 0 52316040 1627331 479224153 1627331 531540193
44 0 52005157 1627331 479730328 1627331 531735485
45 0 51644572 1627331 480283021 1627331 531927593
46 0 51298671 1627331 480820103 1627331 532118774
47 0 51034343 1627331 481324574 1627331 532358917
48 0 50717423 1627331 481824046 1627331 532541469
49 0 50429892 1627331 482303185 1627331 532733077
50 0 50136212 1627331 482803064 1627331 532939276
51 0 49852681 1627331 483282202 1627331 533134883
52 0 49521151 1627331 483791266 1627331 533312417
53 0 49220564 1627331 484291701 1627331 533512265
54 0 48928181 1627331 484777858 1627331 533706039
55 0 48591335 1627331 485291552 1627331 533882887
56 0 48291008 1627331 485783320 1627331 534074328
57 0 47991607 1627331 486274699 1627331 534266306
58 0 47665631 1627331 486777393 1627331 534443024
59 0 47397952 1627331 487258531 1627331 534656483
60 0 47089458 1627331 487759614 1627331 534849072
61 0 46783853 1627331 488260789 1627331 535044642
62 0 46475415 1627331 488746205 1627331 535221620
63 0 46160013 1627331 489253418 1627331 535413431
64 0 45874686 1627331 489739908 1627331 535614594
1 0 58368424 1627633 282307608 1627633 340676032
2 0 57292778 1627633 283513159 1627633 340805937
3 0 56853916 1627633 284062018 1627633 340915934
4 0 56437461 1627633 284576416 1627633 341013877
5 0 56018062 1627633 285102646 1627633 341120708
6 0 55618607 1627633 285609340 1627633 341227947
7 0 55181782 1627633 286141774 1627633 341323556
8 0 54761698 1627633 286673634 1627633 341435332
9 0 54379057 1627633 287171198 1627633 341550255
10 0 53958121 1627633 287688984 1627633 341647105
11 0 53547222 1627633 288203344 1627633 341750566
12 0 53128267 1627633 288717427 1627633 341845694
13 0 52706813 1627633 289240194 1627633 341947007
14 0 52315709 1627633 289747740 1627633 342063449
15 0 51832238 1627633 290326487 1627633 342158725
16 0 51408431 1627633 290853088 1627633 342261519
17 0 51012605 1627633 291353708 1627633 342366313
18 0 50601928 1627633 291860828 1627633 342462756
19 0 50163252 1627633 292405502 1627633 342568754
20 0 49774000 1627633 292898826 1627633 342672826
21 0 49305083 1627633 293463296 1627633 342768379
22 0 48822667 1627633 294062210 1627633 342884877
23 0 48411657 1627633 294576885 1627633 342988542
24 0 47990146 1627633 295093764 1627633 343083910
25 0 47604283 1627633 295585773 1627633 343190056
26 0 47183996 1627633 296109429 1627633 343293425
27 0 46776819 1627633 296610141 1627633 343386960
28 0 46369326 1627633 297121428 1627633 343490754
29 0 45955464 1627633 297638714 1627633 343594178
30 0 45557139 1627633 298131796 1627633 343688935
31 0 45149610 1627633 298645490 1627633 343795100
32 0 44744136 1627633 299162369 1627633 343906505
33 0 44330534 1627633 299677451 1627633 344007985
34 0 43862080 1627633 300239088 1627633 344101168
35 0 43460828 1627633 300740671 1627633 344201499
36 0 43046058 1627633 301260976 1627633 344307034
37 0 42613308 1627633 301788502 1627633 344401810
38 0 42164465 1627633 302337991 1627633 344502456
39 0 41751714 1627633 302856740 1627633 344608454
40 0 41322426 1627633 303388489 1627633 344710915
41 0 40920304 1627633 303883313 1627633 344803617
42 0 40534442 1627633 304378321 1627633 344912763
43 0 40141819 1627633 304874127 1627633 345015946
44 0 39738994 1627633 305380524 1627633 345119518
45 0 39331373 1627633 305881736 1627633 345213109
46 0 38906418 1627633 306419281 1627633 345325699
47 0 38505963 1627633 306929345 1627633 345435308
48 0 38091212 1627633 307437928 1627633 345529140
49 0 37704997 1627633 307925474 1627633 345630471
50 0 37310931 1627633 308430686 1627633 345741617
51 0 36909439 1627633 308925195 1627633 345834634
52 0 36502780 1627633 309433370 1627633 345936150
53 0 36104659 1627633 309935934 1627633 346040593
54 0 35666242 1627633 310475923 1627633 346142165
55 0 35237286 1627633 310998895 1627633 346236181
56 0 34852164 1627633 311486015 1627633 346338179
57 0 35191398 1627633 312000690 1627633 347192088
58 0 34761574 1627633 312508476 1627633 347270050
59 0 34383230 1627633 312990096 1627633 347373326
60 0 33980070 1627633 313496679 1627633 347476749
61 0 33585505 1627633 314000335 1627633 347585840
62 0 33188346 1627633 314491511 1627633 347679857
63 0 32784428 1627633 314997538 1627633 347781966
64 0 32383121 1627633 315491843 1627633 347874964
1 0 67396599 1627935 61984053 1627935 129380652
2 0 66442007 1627935 63180251 1627935 129622258
3 0 66106606 1627935 63735092 1627935 129841698
4 0 65865204 1627935 64250230 1627935 130115434
5 0 65537561 1627935 64788368 1627935 130325929
6 0 65245086 1627935 65290580 1627935 130535666
7 0 64896130 1627935 65826903 1627935 130723033
8 0 64558118 1627935 66365096 1627935 130923214
9 0 64284383 1627935 66868086 1627935 131152469
10 0 63955333 1627935 67386039 1627935 131341372
11 0 63645488 1627935 67893825 1627935 131539313
12 0 63328661 1627935 68401130 1627935 131729791
13 0 63011537 1627935 68918342 1627935 131929879
14 0 62728654 1627935 69420962 1627935 132149616
15 0 62402549 1627935 69929378 1627935 132331927
16 0 62035334 1627935 70494274 1627935 132529608
17 0 61731766 1627935 70995616 1627935 132727382
18 0 61413254 1627935 71499847 1627935 132913101
19 0 61066020 1627935 72043614 1627935 133109634
20 0 60783600 1627935 72534141 1627935 133317741
21 0 60449236 1627935 73050279 1627935 133499515
22 0 60031911 1627935 73654434 1627935 133686345
23 0 59700140 1627935 74167516 1627935 133867656
24 0 59370572 1627935 74693284 1627935 134063856
25 0 59070504 1627935 75189496 1627935 134260000
26 0 58755232 1627935 75709912 1627935 134465144
27 0 58463052 1627935 76197699 1627935 134660751
28 0 58158596 1627935 76699022 1627935 134857618
29 0 57847491 1627935 77206197 1627935 135053688
30 0 57530905 1627935 77702465 1627935 135233370
31 0 57219633 1627935 78211307 1627935 135430940
32 0 56935416 1627935 78712038 1627935 135647454
33 0 56629645 1627935 79206139 1627935 135835784
34 0 56262522 1627935 79770332 1627935 136032854
35 0 55870826 1627935 80350784 1627935 136221610
36 0 55553166 1627935 80872884 1627935 136426050
37 0 55216247 1627935 81391485 1627935 136607732
38 0 54913012 1627935 81899864 1627935 136812876
39 0 54557741 1627935 82451927 1627935 137009668
40 0 53590464 1627935 83599812 1627935 137190276
41 0 53265193 1627935 84123820 1627935 137389013
42 0 52958939 1627935 84627662 1627935 137586601
43 0 52658630 1627935 85140337 1627935 137798967
44 0 52336766 1627935 85642179 1627935 137978945
45 0 52023827 1627935 86149892 1627935 138173719
46 0 51712149 1627935 86659511 1627935 138371660
47 0 51385859 1627935 87168742 1627935 138554601
48 0 51079235 1627935 87662566 1627935 138741801
49 0 50784703 1627935 88161834 1627935 138946537
50 0 50503709 1627935 88664694 1627935 139168403
51 0 50191327 1627935 89159369 1627935 139350696
52 0 49865407 1627935 89684637 1627935 139550044
53 0 49477582 1627935 90278921 1627935 139756503
54 0 49162014 1627935 90782689 1627935 139944703
55 0 49383491 1627935 91306179 1627935 140689670
56 0 49099404 1627935 91792577 1627935 140891981
57 0 48780225 1627935 92308141 1627935 141088366
58 0 48462620 1627935 92805779 1627935 141268399
59 0 48130423 1627935 93334306 1627935 141464729
60 0 47842595 1627935 93839166 1627935 141681761
61 0 47522824 1627935 94340693 1627935 141863517
62 0 47231681 1627935 94828165 1627935 142059846
63 0 46932039 1627935 95323100 1627935 142255139
64 0 46639767 1627935 95813368 1627935 142453135
1 0 70824774 1628236 848664844 1628236 919489618
2 0 69857422 1628236 849859913 1628236 919717335
3 0 69412431 1628236 850527678 1628236 919940109
4 0 69128899 1628236 851051649 1628236 920180548
5 0 68797387 1628236 851590824 1628236 920388211
6 0 68500060 1628236 852094610 1628236 920594670
7 0 68152641 1628236 852628914 1628236 920781555
8 0 67816184 1628236 853165719 1628236 920981903
9 0 67538653 1628236 853667875 1628236 921206528
10 0 67206863 1628236 854192958 1628236 921399821
11 0 66893536 1628236 854702781 1628236 921596317
12 0 66580654 1628236 855213900 1628236 921794554
13 0 66241382 1628236 855735520 1628236 921976902
14 0 65957592 1628236 856236343 1628236 922193935
15 0 65632450 1628236 856748037 1628236 922380487
16 0 65313307 1628236 857263879 1628236 922577186
17 0 65024943 1628236 857761813 1628236 922786756
18 0 64698820 1628236 858268951 1628236 922967771
19 0 64343068 1628236 858819255 1628236 923162323
20 0 64059165 1628236 859310524 1628236 923369689
21 0 63684784 1628236 859869920 1628236 923554704
22 0 63185572 1628236 860576406 1628236 923761978
23 0 62858634 1628236 861100414 1628236 923959048
24 0 62519344 1628236 861622126 1628236 924141470
25 0 62221831 1628236 862116802 1628236 924338633
26 0 61905912 1628236 862640402 1628236 924546314
27 0 61585641 1628236 863141596 1628236 924727237
28 0 61277443 1628236 863648790 1628236 924926233
29 0 60968264 1628236 864156687 1628236 925124951
30 0 60659640 1628236 864649604 1628236 925309244
31 0 60361997 1628236 865159446 1628236 925521443
32 0 60058967 1628236 865672806 1628236 925731773
33 0 59744066 1628236 866184388 1628236 925928454
34 0 59418498 1628236 866696823 1628236 926115321
35 0 59118282 1628236 867184276 1628236 926302558
36 0 58805158 1628236 867694544 1628236 926499702
37 0 58464350 1628236 868224978 1628236 926689328
38 0 58108894 1628236 868776652 1628236 926885546
39 0 57788863 1628236 869292290 1628236 927081153
40 0 57466018 1628236 869826446 1628236 927292464
41 0 57104951 1628236 870365454 1628236 927470405
42 0 56800364 1628236 870865130 1628236 927665494
43 0 56506981 1628236 871365823 1628236 927872804
44 0 56181098 1628236 871871684 1628236 928052782
45 0 55879919 1628236 872366748 1628236 928246667
46 0 55539074 1628236 872903071 1628236 928442145
47 0 55272857 1628236 873408987 1628236 928681844
48 0 54964845 1628236 873899403 1628236 928864248
49 0 54667091 1628236 874394986 1628236 929062077
50 0 54380449 1628236 874895476 1628236 929275925
51 0 54075733 1628236 875384448 1628236 929460181
52 0 53775572 1628236 875887123 1628236 929662695
53 0 53482059 1628236 876385465 1628236 929867524
54 0 54229452 1628236 876871678 1628236 931101130
55 0 53903236 1628236 877391186 1628236 931294422
56 0 53620815 1628236 877872029 1628236 931492844
57 0 53308673 1628236 878383667 1628236 931692340
58 0 52985439 1628236 878889527 1628236 931874966
59 0 52721148 1628236 879374055 1628236 932095203
60 0 52414987 1628236 879878119 1628236 932293106
61 0 52068846 1628236 880422349 1628236 932491195
62 0 51758760 1628236 880912339 1628236 932671099
63 0 51451766 1628236 881416218 1628236 932867984
64 0 51182863 1628236 881907709 1628236 933090572
1 0 50275406 1628538 677347753 1628538 727623159
2 0 49497662 1628538 678300716 1628538 727798378
3 0 49244149 1628538 678721041 1628538 727965190
4 0 49000543 1628538 679108070 1628538 728108613
5 0 48755102 1628538 679509933 1628538 728265035
6 0 48535274 1628538 679891832 1628538 728427106
7 0 48175873 1628538 680393119 1628538 728568992
8 0 47927730 1628538 680804592 1628538 728732322
9 0 47715753 1628538 681186603 1628538 728902356
10 0 47460129 1628538 681580076 1628538 729040205
11 0 47226670 1628538 681969828 1628538 729196498
12 0 46993546 1628538 682354820 1628538 729348366
13 0 46736384 1628538 682750201 1628538 729486585
14 0 46518666 1628538 683134916 1628538 729653582
15 0 46273523 1628538 683522260 1628538 729795783
16 0 46040472 1628538 683904993 1628538 729945465
17 0 45849161 1628538 684284337 1628538 730133498
18 0 45607129 1628538 684667774 1628538 730274903
19 0 45342448 1628538 685082044 1628538 730424492
20 0 45124712 1628538 685456259 1628538 730580971
21 0 44847921 1628538 685872269 1628538 730720190
22 0 44531983 1628538 686344315 1628538 730876298
23 0 44295229 1628538 686730974 1628538 731026203
24 0 44044216 1628538 687120762 1628538 731164978
25 0 43824276 1628538 687490088 1628538 731314364
26 0 43584873 1628538 687886636 1628538 731471509
27 0 43354340 1628538 688254240 1628538 731608580
28 0 43120419 1628538 688637288 1628538 731757707
29 0 42887479 1628538 689019595 1628538 731907074
30 0 42654817 1628538 689387625 1628538 732042442
31 0 42422155 1628538 689774061 1628538 732196216
32 0 42158864 1628538 690214516 1628538 732373380
33 0 41898203 1628538 690611822 1628538 732510025
34 0 41652818 1628538 691005426 1628538 732658244
35 0 41436712 1628538 691375937 1628538 732812649
36 0 41202605 1628538 691764744 1628538 732967349
37 0 40947037 1628538 692163606 1628538 733110643
38 0 40702763 1628538 692558358 1628538 733261121
39 0 40441583 1628538 692972368 1628538 733413951
40 0 40175236 1628538 693375953 1628538 733551189
41 0 39933297 1628538 693768278 1628538 733701575
42 0 39711024 1628538 694147178 1628538 733858202
43 0 39481176 1628538 694527041 1628538 734008217
44 0 39233071 1628538 694912755 1628538 734145826
45 0 39008353 1628538 695285155 1628538 734293508
46 0 38754968 1628538 695686518 1628538 734441486
47 0 38518400 1628538 696066195 1628538 734584595
48 0 38302792 1628538 696438077 1628538 734740869
49 0 38075242 1628538 696816680 1628538 734891922
50 0 37858209 1628538 697191988 1628538 735050197
51 0 37633954 1628538 697553592 1628538 735187546
52 0 37395940 1628538 697940825 1628538 735336765
53 0 37175297 1628538 698323187 1628538 735498484
54 0 36943541 1628538 698690199 1628538 735633740
55 0 36711454 1628538 699082487 1628538 735793941
56 0 36495107 1628538 699445109 1628538 735940216
57 0 36259592 1628538 699829565 1628538 736089157
58 0 35864378 1628538 700360073 1628538 736224451
59 0 35650642 1628538 700734306 1628538 736384948
60 0 35418016 1628538 701115521 1628538 736533537
61 0 35175984 1628538 701492495 1628538 736668479
62 0 34956008 1628538 701859376 1628538 736815384
63 0 34728068 1628538 702239424 1628538 736967492
64 0 34507998 1628538 702613750 1628538 737121748
1 0 55600732 1628840 482610367 1628840 538211099
2 0 54517660 1628840 483814029 1628840 538331689
3 0 54105705 1628840 484355000 1628840 538460705
4 0 53693436 1628840 484865823 1628840 538559259
5 0 53263297 1628840 485401034 1628840 538664331
6 0 52860137 1628840 485911006 1628840 538771143
7 0 52424276 1628840 486444532 1628840 538868808
8 0 51998654 1628840 486974374 1628840 538973028
9 0 51615070 1628840 487475808 1628840 539090878
10 0 51192338 1628840 487998464 1628840 539190802
11 0 50785050 1628840 488510065 1628840 539295115
12 0 50379891 1628840 489019166 1628840 539399057
13 0 49954121 1628840 489539138 1628840 539493259
14 0 49528037 1628840 490081312 1628840 539609349
15 0 49098324 1628840 490605579 1628840 539703903
16 0 48693109 1628840 491113569 1628840 539806678
17 0 48301969 1628840 491607282 1628840 539909251
18 0 47920606 1628840 492118068 1628840 540038674
19 0 47481948 1628840 492665298 1628840 540147246
20 0 47098530 1628840 493156177 1628840 540254707
21 0 46642594 1628840 493706518 1628840 540349112
22 0 46133845 1628840 494314024 1628840 540447869
23 0 45724612 1628840 494826274 1628840 540550886
24 0 45302880 1628840 495341393 1628840 540644273
25 0 44913091 1628840 495832791 1628840 540745882
26 0 44501618 1628840 496352040 1628840 540853658
27 0 44096367 1628840 496851956 1628840 540948323
28 0 43704226 1628840 497356983 1628840 541061209
29 0 43299586 1628840 497865306 1628840 541164892
30 0 42905854 1628840 498353222 1628840 541259076
31 0 42498213 1628840 498865268 1628840 541363481
32 0 42092703 1628840 499385442 1628840 541478145
33 0 41678045 1628840 499893432 1628840 541571477
34 0 41131833 1628840 500540586 1628840 541672419
35 0 40752174 1628840 501032206 1628840 541784380
36 0 40340386 1628840 501545992 1628840 541886378
37 0 39918375 1628840 502065834 1628840 541984209
38 0 39465792 1628840 502620341 1628840 542086133
39 0 39052874 1628840 503135905 1628840 542188779
40 0 38628753 1628840 503662339 1628840 542291092
41 0 38223501 1628840 504162737 1628840 542386238
42 0 37825898 1628840 504662616 1628840 542488514
43 0 37431166 1628840 505163328 1628840 542594494
44 0 37016507 1628840 505670577 1628840 542687084
45 0 36622755 1628840 506165901 1628840 542788656
46 0 36193672 1628840 506695057 1628840 542888729
47 0 35795624 1628840 507190862 1628840 542986486
48 0 35395206 1628840 507696796 1628840 543092002
49 0 35000288 1628840 508194212 1628840 543194500
50 0 34609611 1628840 508695517 1628840 543305128
51 0 34231211 1628840 509177563 1628840 543408774
52 0 33824459 1628840 509691127 1628840 543515586
53 0 33378505 1628840 510239376 1628840 543617881
54 0 32989235 1628840 510727366 1628840 543716601
55 0 32569706 1628840 511247689 1628840 543817395
56 0 32184640 1628840 511733309 1628840 543917949
57 0 31774982 1628840 512242706 1628840 544017688
58 0 31355675 1628840 512753955 1628840 544109630
59 0 30986052 1628840 513235446 1628840 544221498
60 0 30584727 1628840 513738084 1628840 544322811
61 0 30183735 1628840 514233204 1628840 544416939
62 0 29789335 1628840 514729157 1628840 544518492
63 0 29390065 1628840 515232277 1628840 544622342
64 0 28999499 1628840 515723341 1628840 544722840
