1 0 592220358 5663442 428453710 5663443 20674068
2 0 454600332 5663442 634608486 5663443 89208818
1 0 619636141 5663450 109044000 5663450 728680141
2 0 448773498 5663450 349543743 5663450 798317241
1 0 618688920 5663457 919865999 5663458 538554919
2 0 443331695 5663458 167855546 5663458 611187241
1 0 644394959 5663465 811417915 5663466 455812874
2 0 456826480 5663466 69797768 5663466 526624248
1 0 649945801 5663473 413641287 5663474 63587088
2 0 464414968 5663473 666502967 5663474 130917935
1 0 613140883 5663481 255844716 5663481 868985599
2 0 454843113 5663481 478404780 5663481 933247893
1 0 626833053 5663488 933577256 5663489 560410309
2 0 459174847 5663489 171618271 5663489 630793118
1 0 634250268 5663496 523973383 5663497 158223651
2 0 447930282 5663496 788826359 5663497 236756641
1 0 628300641 5663504 340500550 5663504 968801191
2 0 451870635 5663504 586833874 5663505 38704509
1 0 627831837 5663512 191907864 5663512 819739701
2 0 448545310 5663512 435339132 5663512 883884442
