1 -5663700 318130606 5663699 681869394 0 0
2 -5663700 64399443 5663699 935600557 0 0
3 -5663701 847841917 5663700 152158083 0 0
4 -5663701 630445093 5663700 369554907 0 0
5 -5663701 410741200 5663700 589258800 0 0
6 -5663701 198841884 5663700 801158116 0 0
7 -5663702 976135751 5663701 23864249 0 0
8 -5663702 751935850 5663701 248064150 0 0
9 -5663702 535481823 5663701 464518177 0 0
10 -5663702 308331273 5663701 691668727 0 0
11 -5663702 86127779 5663701 913872221 0 0
12 -5663703 857188911 5663702 142811089 0 0
13 -5663703 645748197 5663702 354251803 0 0
14 -5663703 430729365 5663702 569270635 0 0
15 -5663703 201557038 5663702 798442962 0 0
16 -5663704 978741241 5663703 21258759 0 0
1 -5663712 58934039 5663711 941065961 0 0
2 -5663713 815418628 5663712 184581372 0 0
3 -5663713 606571810 5663712 393428190 0 0
4 -5663713 380920065 5663712 619079935 0 0
5 -5663713 173122671 5663712 826877329 0 0
6 -5663714 942782125 5663713 57217875 0 0
7 -5663714 721427596 5663713 278572404 0 0
8 -5663714 500934606 5663713 499065394 0 0
9 -5663714 286978420 5663713 713021580 0 0
10 -5663714 62768871 5663713 937231129 0 0
11 -5663715 851397414 5663714 148602586 0 0
12 -5663715 627911129 5663714 372088871 0 0
13 -5663715 407535507 5663714 592464493 0 0
14 -5663715 196853797 5663714 803146203 0 0
15 -5663716 977420454 5663715 22579546 0 0
16 -5663716 756487213 5663715 243512787 0 0
1 -5663725 258693453 5663724 741306547 0 0
2 -5663725 10213042 5663724 989786958 0 0
3 -5663726 788532259 5663725 211467741 0 0
4 -5663726 570917400 5663725 429082600 0 0
5 -5663726 363485054 5663725 636514946 0 0
6 -5663726 134736015 5663725 865263985 0 0
7 -5663727 925193783 5663726 74806217 0 0
8 -5663727 697208321 5663726 302791679 0 0
9 -5663727 480040009 5663726 519959991 0 0
10 -5663727 265014435 5663726 734985565 0 0
11 -5663727 40059269 5663726 959940731 0 0
12 -5663728 819393578 5663727 180606422 0 0
13 -5663728 598867663 5663727 401132337 0 0
14 -5663728 381297210 5663727 618702790 0 0
15 -5663728 166329228 5663727 833670772 0 0
16 -5663729 937444024 5663728 62555976 0 0
1 -5663738 449696231 5663737 550303769 0 0
2 -5663738 209390888 5663737 790609112 0 0
3 -5663739 989329093 5663738 10670907 0 0
4 -5663739 771328055 5663738 228671945 0 0
5 -5663739 553086633 5663738 446913367 0 0
6 -5663739 330335962 5663738 669664038 0 0
7 -5663739 108843138 5663738 891156862 0 0
8 -5663740 896830915 5663739 103169085 0 0
9 -5663740 681217536 5663739 318782464 0 0
10 -5663740 458091520 5663739 541908480 0 0
11 -5663740 247361217 5663739 752638783 0 0
12 -5663740 23124462 5663739 976875538 0 0
13 -5663741 804494937 5663740 195505063 0 0
14 -5663741 584526991 5663740 415473009 0 0
15 -5663741 368580045 5663740 631419955 0 0
16 -5663741 157407639 5663740 842592361 0 0
1 -5663750 811420448 5663749 188579552 0 0
2 -5663750 566014867 5663749 433985133 0 0
3 -5663750 330174662 5663749 669825338 0 0
4 -5663750 111655152 5663749 888344848 0 0
5 -5663751 897000977 5663750 102999023 0 0
6 -5663751 677009884 5663750 322990116 0 0
7 -5663751 464346616 5663750 535653384 0 0
8 -5663751 245064268 5663750 754935732 0 0
9 -5663751 24515019 5663750 975484981 0 0
10 -5663752 802864752 5663751 197135248 0 0
11 -5663752 568385133 5663751 431614867 0 0
12 -5663752 347402558 5663751 652597442 0 0
13 -5663752 131095395 5663751 868904605 0 0
14 -5663753 907203412 5663752 92796588 0 0
15 -5663753 686290891 5663752 313709109 0 0
16 -5663753 464498405 5663752 535501595 0 0
1 -5663762 378776862 5663761 621223138 0 0
2 -5663762 127867382 5663761 872132618 0 0
3 -5663763 907634144 5663762 92365856 0 0
4 -5663763 680525831 5663762 319474169 0 0
5 -5663763 462379147 5663762 537620853 0 0
6 -5663763 248159927 5663762 751840073 0 0
7 -5663763 28315867 5663762 971684133 0 0
8 -5663764 808453214 5663763 191546786 0 0
9 -5663764 594854575 5663763 405145425 0 0
10 -5663764 367344158 5663763 632655842 0 0
11 -5663764 146802426 5663763 853197574 0 0
12 -5663765 935372246 5663764 64627754 0 0
13 -5663765 723083322 5663764 276916678 0 0
14 -5663765 507104412 5663764 492895588 0 0
15 -5663765 287883100 5663764 712116900 0 0
16 -5663765 79222887 5663764 920777113 0 0
1 -5663775 559835233 5663774 440164767 0 0
2 -5663775 293145029 5663774 706854971 0 0
3 -5663775 81180191 5663774 918819809 0 0
4 -5663776 867100634 5663775 132899366 0 0
5 -5663776 644624937 5663775 355375063 0 0
6 -5663776 433137739 5663775 566862261 0 0
7 -5663776 204117221 5663775 795882779 0 0
8 -5663777 997487376 5663776 2512624 0 0
9 -5663777 775129455 5663776 224870545 0 0
10 -5663777 558350670 5663776 441649330 0 0
11 -5663777 337749735 5663776 662250265 0 0
12 -5663777 127807064 5663776 872192936 0 0
13 -5663778 903623862 5663777 96376138 0 0
14 -5663778 687276977 5663777 312723023 0 0
15 -5663778 469094718 5663777 530905282 0 0
16 -5663778 249214992 5663777 750785008 0 0
1 -5663788 876320630 5663787 123679370 0 0
2 -5663788 658525660 5663787 341474340 0 0
3 -5663788 437183479 5663787 562816521 0 0
4 -5663788 216926351 5663787 783073649 0 0
5 -5663788 2490171 5663787 997509829 0 0
6 -5663789 784456557 5663788 215543443 0 0
7 -5663789 561189560 5663788 438810440 0 0
8 -5663789 351744842 5663788 648255158 0 0
9 -5663789 137270865 5663788 862729135 0 0
10 -5663790 917483321 5663789 82516679 0 0
11 -5663790 697801368 5663789 302198632 0 0
12 -5663790 479432650 5663789 520567350 0 0
13 -5663790 266476941 5663789 733523059 0 0
14 -5663790 55494011 5663789 944505989 0 0
15 -5663791 826506028 5663790 173493972 0 0
16 -5663791 607252456 5663790 392747544 0 0
1 -5663801 972092169 5663800 27907831 0 0
2 -5663801 706870121 5663800 293129879 0 0
3 -5663801 485137780 5663800 514862220 0 0
4 -5663801 266903373 5663800 733096627 0 0
5 -5663801 45426268 5663800 954573732 0 0
6 -5663802 834072010 5663801 165927990 0 0
7 -5663802 608122914 5663801 391877086 0 0
8 -5663802 397283703 5663801 602716297 0 0
9 -5663802 187061165 5663801 812938835 0 0
10 -5663803 967105494 5663802 32894506 0 0
11 -5663803 747498058 5663802 252501942 0 0
12 -5663803 540460164 5663802 459539836 0 0
13 -5663803 320472161 5663802 679527839 0 0
14 -5663803 101838021 5663802 898161979 0 0
15 -5663804 889607539 5663803 110392461 0 0
16 -5663804 669246579 5663803 330753421 0 0
1 -5663813 456258403 5663812 543741597 0 0
2 -5663813 199369069 5663812 800630931 0 0
3 -5663814 982100810 5663813 17899190 0 0
4 -5663814 771398522 5663813 228601478 0 0
5 -5663814 564470607 5663813 435529393 0 0
6 -5663814 348409585 5663813 651590415 0 0
7 -5663814 128468210 5663813 871531790 0 0
8 -5663815 914647813 5663814 85352187 0 0
9 -5663815 697854545 5663814 302145455 0 0
10 -5663815 483017723 5663814 516982277 0 0
11 -5663815 245920316 5663814 754079684 0 0
12 -5663815 16624726 5663814 983375274 0 0
13 -5663816 791448560 5663815 208551440 0 0
14 -5663816 577078617 5663815 422921383 0 0
15 -5663816 355767638 5663815 644232362 0 0
16 -5663816 134209885 5663815 865790115 0 0
