1 -5663826 706728744 5663825 293271256 0 0
2 -5663826 464723928 5663825 535276072 0 0
3 -5663826 255706719 5663825 744293281 0 0
4 -5663826 31740214 5663825 968259786 0 0
5 -5663827 818758319 5663826 181241681 0 0
6 -5663827 597392285 5663826 402607715 0 0
7 -5663827 377412947 5663826 622587053 0 0
8 -5663827 157388795 5663826 842611205 0 0
9 -5663828 941385308 5663827 58614692 0 0
10 -5663828 715104032 5663827 284895968 0 0
11 -5663828 506949454 5663827 493050546 0 0
12 -5663828 288907358 5663827 711092642 0 0
13 -5663828 61593934 5663827 938406066 0 0
14 -5663829 840364582 5663828 159635418 0 0
15 -5663829 620760033 5663828 379239967 0 0
16 -5663829 409309295 5663828 590690705 0 0
17 -5663829 193423732 5663828 806576268 0 0
18 -5663830 993697182 5663829 6302818 0 0
19 -5663830 776446849 5663829 223553151 0 0
20 -5663830 568836187 5663829 431163813 0 0
21 -5663830 353947920 5663829 646052080 0 0
22 -5663830 141056431 5663829 858943569 0 0
23 -5663831 925935928 5663830 74064072 0 0
24 -5663831 699236641 5663830 300763359 0 0
25 -5663831 485154044 5663830 514845956 0 0
26 -5663831 267309499 5663830 732690501 0 0
27 -5663831 45854262 5663830 954145738 0 0
28 -5663832 841145194 5663831 158854806 0 0
29 -5663832 615647255 5663831 384352745 0 0
30 -5663832 396567011 5663831 603432989 0 0
31 -5663832 182223049 5663831 817776951 0 0
32 -5663833 968981770 5663832 31018230 0 0
1 -5663849 841000223 5663848 158999777 0 0
2 -5663849 579061500 5663848 420938500 0 0
3 -5663849 368947014 5663848 631052986 0 0
4 -5663849 158187150 5663848 841812850 0 0
5 -5663850 941182867 5663849 58817133 0 0
6 -5663850 723340006 5663849 276659994 0 0
7 -5663850 494765068 5663849 505234932 0 0
8 -5663850 277440976 5663849 722559024 0 0
9 -5663850 61959941 5663849 938040059 0 0
10 -5663851 840991973 5663850 159008027 0 0
11 -5663851 621577586 5663850 378422414 0 0
12 -5663851 413558357 5663850 586441643 0 0
13 -5663851 198208616 5663850 801791384 0 0
14 -5663852 988120685 5663851 11879315 0 0
15 -5663852 767891739 5663851 232108261 0 0
16 -5663852 546772014 5663851 453227986 0 0
17 -5663852 332568122 5663851 667431878 0 0
18 -5663852 112135995 5663851 887864005 0 0
19 -5663853 892960937 5663852 107039063 0 0
20 -5663853 683241814 5663852 316758186 0 0
21 -5663853 466379638 5663852 533620362 0 0
22 -5663853 257161376 5663852 742838624 0 0
23 -5663853 38371496 5663852 961628504 0 0
24 -5663854 814216031 5663853 185783969 0 0
25 -5663854 598818143 5663853 401181857 0 0
26 -5663854 387972744 5663853 612027256 0 0
27 -5663854 147416715 5663853 852583285 0 0
28 -5663855 922712760 5663854 77287240 0 0
29 -5663855 712550200 5663854 287449800 0 0
30 -5663855 484153147 5663854 515846853 0 0
31 -5663855 256633541 5663854 743366459 0 0
32 -5663855 30214877 5663854 969785123 0 0
1 -5663872 347772826 5663871 652227174 0 0
2 -5663872 113017780 5663871 886982220 0 0
3 -5663873 903548207 5663872 96451793 0 0
4 -5663873 677460054 5663872 322539946 0 0
5 -5663873 471174848 5663872 528825152 0 0
6 -5663873 253889216 5663872 746110784 0 0
7 -5663873 43319238 5663872 956680762 0 0
8 -5663874 827166419 5663873 172833581 0 0
9 -5663874 613060987 5663873 386939013 0 0
10 -5663874 400978444 5663873 599021556 0 0
11 -5663874 183319987 5663873 816680013 0 0
12 -5663875 968263073 5663874 31736927 0 0
13 -5663875 753950090 5663874 246049910 0 0
14 -5663875 540193152 5663874 459806848 0 0
15 -5663875 332030703 5663874 667969297 0 0
16 -5663875 97264342 5663874 902735658 0 0
17 -5663876 882948767 5663875 117051233 0 0
18 -5663876 667362881 5663875 332637119 0 0
19 -5663876 456814902 5663875 543185098 0 0
20 -5663876 241346941 5663875 758653059 0 0
21 -5663876 26873016 5663875 973126984 0 0
22 -5663877 802065414 5663876 197934586 0 0
23 -5663877 577205146 5663876 422794854 0 0
24 -5663877 366173824 5663876 633826176 0 0
25 -5663877 161007393 5663876 838992607 0 0
26 -5663878 942163975 5663877 57836025 0 0
27 -5663878 726201708 5663877 273798292 0 0
28 -5663878 516463529 5663877 483536471 0 0
29 -5663878 298716332 5663877 701283668 0 0
30 -5663878 86327665 5663877 913672335 0 0
31 -5663879 865238901 5663878 134761099 0 0
32 -5663879 653495592 5663878 346504408 0 0
1 -5663896 808826865 5663895 191173135 0 0
2 -5663896 565057560 5663895 434942440 0 0
3 -5663896 341531785 5663895 658468215 0 0
4 -5663896 131409019 5663895 868590981 0 0
5 -5663897 915663358 5663896 84336642 0 0
6 -5663897 706172988 5663896 293827012 0 0
7 -5663897 487936929 5663896 512063071 0 0
8 -5663897 271536596 5663896 728463404 0 0
9 -5663897 30885344 5663896 969114656 0 0
10 -5663898 814251218 5663897 185748782 0 0
11 -5663898 591599667 5663897 408400333 0 0
12 -5663898 364516718 5663897 635483282 0 0
13 -5663898 129742968 5663897 870257032 0 0
14 -5663899 917165303 5663898 82834697 0 0
15 -5663899 701314663 5663898 298685337 0 0
16 -5663899 486915088 5663898 513084912 0 0
17 -5663899 271787897 5663898 728212103 0 0
18 -5663899 43272567 5663898 956727433 0 0
19 -5663900 836696216 5663899 163303784 0 0
20 -5663900 615442713 5663899 384557287 0 0
21 -5663900 397519519 5663899 602480481 0 0
22 -5663900 185418327 5663899 814581673 0 0
23 -5663901 964039938 5663900 35960062 0 0
24 -5663901 732129338 5663900 267870662 0 0
25 -5663901 514153403 5663900 485846597 0 0
26 -5663901 294775329 5663900 705224671 0 0
27 -5663901 84706710 5663900 915293290 0 0
28 -5663902 857728740 5663901 142271260 0 0
29 -5663902 630426998 5663901 369573002 0 0
30 -5663902 407945407 5663901 592054593 0 0
31 -5663902 187353263 5663901 812646737 0 0
32 -5663903 962718897 5663902 37281103 0 0
1 -5663918 191992479 5663917 808007521 0 0
2 -5663919 935170231 5663918 64829769 0 0
3 -5663919 719728101 5663918 280271899 0 0
4 -5663919 494475320 5663918 505524680 0 0
5 -5663919 266147264 5663918 733852736 0 0
6 -5663919 58254196 5663918 941745804 0 0
7 -5663920 843313945 5663919 156686055 0 0
8 -5663920 630888388 5663919 369111612 0 0
9 -5663920 415522757 5663919 584477243 0 0
10 -5663920 206295325 5663919 793704675 0 0
11 -5663921 989197763 5663920 10802237 0 0
12 -5663921 767461787 5663920 232538213 0 0
13 -5663921 539530408 5663920 460469592 0 0
14 -5663921 317314163 5663920 682685837 0 0
15 -5663921 111537408 5663920 888462592 0 0
16 -5663922 889056057 5663921 110943943 0 0
17 -5663922 676744776 5663921 323255224 0 0
18 -5663922 456928449 5663921 543071551 0 0
19 -5663922 237565929 5663921 762434071 0 0
20 -5663922 18758213 5663921 981241787 0 0
21 -5663923 796974831 5663922 203025169 0 0
22 -5663923 578555959 5663922 421444041 0 0
23 -5663923 358872112 5663922 641127888 0 0
24 -5663923 148655421 5663922 851344579 0 0
25 -5663924 930819854 5663923 69180146 0 0
26 -5663924 714143042 5663923 285856958 0 0
27 -5663924 498062609 5663923 501937391 0 0
28 -5663924 281623664 5663923 718376336 0 0
29 -5663924 49193758 5663923 950806242 0 0
30 -5663925 832686110 5663924 167313890 0 0
31 -5663925 626482678 5663924 373517322 0 0
32 -5663925 407275876 5663924 592724124 0 0
1 -5663942 544227636 5663941 455772364 0 0
2 -5663942 315145555 5663941 684854445 0 0
3 -5663942 89026642 5663941 910973358 0 0
4 -5663943 852063541 5663942 147936459 0 0
5 -5663943 629205215 5663942 370794785 0 0
6 -5663943 407092838 5663942 592907162 0 0
7 -5663943 195273436 5663942 804726564 0 0
8 -5663944 977696567 5663943 22303433 0 0
9 -5663944 754504710 5663943 245495290 0 0
10 -5663944 535295334 5663943 464704666 0 0
11 -5663944 317954590 5663943 682045410 0 0
12 -5663944 100527996 5663943 899472004 0 0
13 -5663945 880370193 5663944 119629807 0 0
14 -5663945 663764102 5663944 336235898 0 0
15 -5663945 434094644 5663944 565905356 0 0
16 -5663945 213294538 5663944 786705462 0 0
17 -5663946 991394490 5663945 8605510 0 0
18 -5663946 778297686 5663945 221702314 0 0
19 -5663946 567986829 5663945 432013171 0 0
20 -5663946 352720676 5663945 647279324 0 0
21 -5663946 126978311 5663945 873021689 0 0
22 -5663947 911587623 5663946 88412377 0 0
23 -5663947 691265935 5663946 308734065 0 0
24 -5663947 465198576 5663946 534801424 0 0
25 -5663947 251066513 5663946 748933487 0 0
26 -5663947 42554826 5663946 957445174 0 0
27 -5663948 817183139 5663947 182816861 0 0
28 -5663948 605840746 5663947 394159254 0 0
29 -5663948 380876496 5663947 619123504 0 0
30 -5663948 150583364 5663947 849416636 0 0
31 -5663949 942341987 5663948 57658013 0 0
32 -5663949 721459365 5663948 278540635 0 0
1 -5663965 462877125 5663964 537122875 0 0
2 -5663965 208074967 5663964 791925033 0 0
3 -5663966 985185159 5663965 14814841 0 0
4 -5663966 760487385 5663965 239512615 0 0
5 -5663966 537755519 5663965 462244481 0 0
6 -5663966 317632382 5663965 682367618 0 0
7 -5663966 100833867 5663965 899166133 0 0
8 -5663967 881613899 5663966 118386101 0 0
9 -5663967 657469447 5663966 342530553 0 0
10 -5663967 434398865 5663966 565601135 0 0
11 -5663967 211801163 5663966 788198837 0 0
12 -5663968 990424530 5663967 9575470 0 0
13 -5663968 776385946 5663967 223614054 0 0
14 -5663968 554608043 5663967 445391957 0 0
15 -5663968 338964360 5663967 661035640 0 0
16 -5663968 117107236 5663967 882892764 0 0
17 -5663969 903177669 5663968 96822331 0 0
18 -5663969 677332527 5663968 322667473 0 0
19 -5663969 465061280 5663968 534938720 0 0
20 -5663969 242484411 5663968 757515589 0 0
21 -5663969 10501309 5663968 989498691 0 0
22 -5663970 802813310 5663969 197186690 0 0
23 -5663970 582898336 5663969 417101664 0 0
24 -5663970 350105305 5663969 649894695 0 0
25 -5663970 126187738 5663969 873812262 0 0
26 -5663971 906754773 5663970 93245227 0 0
27 -5663971 688190773 5663970 311809227 0 0
28 -5663971 472896176 5663970 527103824 0 0
29 -5663971 248923128 5663970 751076872 0 0
30 -5663971 26659864 5663970 973340136 0 0
31 -5663972 812237361 5663971 187762639 0 0
32 -5663972 598896634 5663971 401103366 0 0
1 -5663989 945777375 5663988 54222625 0 0
2 -5663989 694461967 5663988 305538033 0 0
3 -5663989 482812004 5663988 517187996 0 0
4 -5663989 263029656 5663988 736970344 0 0
5 -5663989 48489210 5663988 951510790 0 0
6 -5663990 831080448 5663989 168919552 0 0
7 -5663990 604505819 5663989 395494181 0 0
8 -5663990 387501585 5663989 612498415 0 0
9 -5663990 174319651 5663989 825680349 0 0
10 -5663991 953146014 5663990 46853986 0 0
11 -5663991 730135856 5663990 269864144 0 0
12 -5663991 512487468 5663990 487512532 0 0
13 -5663991 294462124 5663990 705537876 0 0
14 -5663991 78139249 5663990 921860751 0 0
15 -5663992 847033834 5663991 152966166 0 0
16 -5663992 627428649 5663991 372571351 0 0
17 -5663992 414180049 5663991 585819951 0 0
18 -5663992 192542680 5663991 807457320 0 0
19 -5663993 974514596 5663992 25485404 0 0
20 -5663993 752849486 5663992 247150514 0 0
21 -5663993 534216802 5663992 465783198 0 0
22 -5663993 322438527 5663992 677561473 0 0
23 -5663993 101492756 5663992 898507244 0 0
24 -5663994 881053271 5663993 118946729 0 0
25 -5663994 661105556 5663993 338894444 0 0
26 -5663994 445314393 5663993 554685607 0 0
27 -5663994 229270308 5663993 770729692 0 0
28 -5663994 8656697 5663993 991343303 0 0
29 -5663995 794835294 5663994 205164706 0 0
30 -5663995 576790265 5663994 423209735 0 0
31 -5663995 350419243 5663994 649580757 0 0
32 -5663995 134834557 5663994 865165443 0 0
1 -5664012 529484925 5664011 470515075 0 0
2 -5664012 281747745 5664011 718252255 0 0
3 -5664012 73770639 5664011 926229361 0 0
4 -5664013 850306211 5664012 149693789 0 0
5 -5664013 632437030 5664012 367562970 0 0
6 -5664013 413545998 5664012 586454002 0 0
7 -5664013 196272621 5664012 803727379 0 0
8 -5664014 963277000 5664013 36723000 0 0
9 -5664014 736751684 5664013 263248316 0 0
10 -5664014 513508103 5664013 486491897 0 0
11 -5664014 287402150 5664013 712597850 0 0
12 -5664014 62031072 5664013 937968928 0 0
13 -5664015 846096207 5664014 153903793 0 0
14 -5664015 627963660 5664014 372036340 0 0
15 -5664015 409475732 5664014 590524268 0 0
16 -5664015 187740568 5664014 812259432 0 0
17 -5664016 972433413 5664015 27566587 0 0
18 -5664016 757918133 5664015 242081867 0 0
19 -5664016 525843031 5664015 474156969 0 0
20 -5664016 301092830 5664015 698907170 0 0
21 -5664016 77225761 5664015 922774239 0 0
22 -5664017 857065308 5664016 142934692 0 0
23 -5664017 641674822 5664016 358325178 0 0
24 -5664017 423234985 5664016 576765015 0 0
25 -5664017 197983479 5664016 802016521 0 0
26 -5664018 979488346 5664017 20511654 0 0
27 -5664018 769302819 5664017 230697181 0 0
28 -5664018 548570876 5664017 451429124 0 0
29 -5664018 323217853 5664017 676782147 0 0
30 -5664018 106593112 5664017 893406888 0 0
31 -5664019 889535731 5664018 110464269 0 0
32 -5664019 671235576 5664018 328764424 0 0
1 -5664035 508820081 5664034 491179919 0 0
2 -5664035 296977287 5664034 703022713 0 0
3 -5664035 80314935 5664034 919685065 0 0
4 -5664036 867418902 5664035 132581098 0 0
5 -5664036 653593182 5664035 346406818 0 0
6 -5664036 436882701 5664035 563117299 0 0
7 -5664036 218252663 5664035 781747337 0 0
8 -5664037 993979786 5664036 6020214 0 0
9 -5664037 777113086 5664036 222886914 0 0
10 -5664037 549007355 5664036 450992645 0 0
11 -5664037 337543943 5664036 662456057 0 0
12 -5664037 120839295 5664036 879160705 0 0
13 -5664038 900161555 5664037 99838445 0 0
14 -5664038 693120005 5664037 306879995 0 0
15 -5664038 473056142 5664037 526943858 0 0
16 -5664038 257641785 5664037 742358215 0 0
17 -5664038 45479645 5664037 954520355 0 0
18 -5664039 830674907 5664038 169325093 0 0
19 -5664039 605423566 5664038 394576434 0 0
20 -5664039 385177726 5664038 614822274 0 0
21 -5664039 166233953 5664038 833766047 0 0
22 -5664040 941701229 5664039 58298771 0 0
23 -5664040 728250835 5664039 271749165 0 0
24 -5664040 508945143 5664039 491054857 0 0
25 -5664040 293971445 5664039 706028555 0 0
26 -5664040 77914248 5664039 922085752 0 0
27 -5664041 857355802 5664040 142644198 0 0
28 -5664041 634221922 5664040 365778078 0 0
29 -5664041 417226150 5664040 582773850 0 0
30 -5664041 192950791 5664040 807049209 0 0
31 -5664042 975015000 5664041 24985000 0 0
32 -5664042 754709827 5664041 245290173 0 0
