1 0 947453783 1517684 781176634 1517685 728630417
2 0 660053837 1517685 151315816 1517685 811369653
1 0 929265526 1517697 660250905 1517698 589516431
2 0 635749238 1517698 28677027 1517698 664426265
1 0 954893489 1517710 955220055 1517711 910113544
2 0 661614400 1517711 325683119 1517711 987297519
1 0 948330302 1517724 179128703 1517725 127459005
2 0 641532569 1517724 561145597 1517725 202678166
1 0 978467287 1517737 240580022 1517738 219047309
2 0 679971300 1517737 622655341 1517738 302626641
1 0 950291504 1517750 487064301 1517751 437355805
2 0 651322859 1517750 862605285 1517751 513928144
1 0 934926026 1517763 765385403 1517764 700311429
2 0 655548999 1517764 128931380 1517764 784480379
1 0 931850352 1517777 39751995 1517777 971602347
2 0 638618582 1517777 412533017 1517778 51151599
1 0 941558957 1517790 289272714 1517791 230831671
2 0 635731100 1517790 676077221 1517791 311808321
1 0 980490755 1517803 527020221 1517804 507510976
2 0 658647579 1517803 922114715 1517804 580762294
