1 1 882515102 1517816 572546024 1517818 455061126
2 1 569977340 1517816 960692022 1517818 530669362
3 1 296997087 1517817 313977104 1517818 610974191
4 0 998207667 1517817 688421702 1517818 686629369
1 1 846378356 1517830 604252214 1517832 450630570
2 1 561778662 1517830 968119812 1517832 529898474
3 1 276770254 1517831 330178705 1517832 606948959
4 0 996147464 1517831 690805237 1517832 686952701
1 1 865775012 1517844 567395776 1517846 433170788
2 1 562233020 1517844 946777906 1517846 509010926
3 1 263494713 1517845 321691752 1517846 585186465
4 0 976127722 1517845 682416688 1517846 658544410
1 1 862024155 1517858 790221891 1517860 652246046
2 1 550624816 1517859 177779287 1517860 728404103
3 1 259100314 1517859 547677229 1517860 806777543
4 0 974455640 1517859 909066486 1517860 883522126
1 1 871203138 1517873 50770611 1517874 921973749
2 1 561234643 1517873 431375622 1517874 992610265
3 1 275751524 1517873 797027313 1517875 72778837
4 0 994813095 1517874 155774397 1517875 150587492
1 1 906490393 1517887 255515050 1517889 162005443
2 1 590582440 1517887 648753482 1517889 239335922
3 1 294128461 1517888 22808860 1517889 316937321
4 0 994779593 1517888 405837787 1517889 400617380
1 1 867085951 1517901 545221363 1517903 412307314
2 1 577416377 1517901 913711034 1517903 491127411
3 1 278708165 1517902 289650097 1517903 568358262
4 0 972719650 1517902 673242530 1517903 645962180
1 1 895058218 1517915 503587883 1517917 398646101
2 1 581443703 1517915 892633561 1517917 474077264
3 1 302491089 1517916 262954677 1517917 565445766
4 1 12586631 1517916 629009043 1517917 641595674
1 1 895195268 1517929 750426673 1517931 645621941
2 1 571779258 1517930 152484839 1517931 724264097
3 1 280549457 1517930 530253458 1517931 810802915
4 0 988133012 1517930 899565130 1517931 887698142
1 1 869644428 1517943 975790131 1517945 845434559
2 1 574401390 1517944 348236668 1517945 922638058
3 1 305921202 1517944 705539443 1517946 11460645
4 1 14060469 1517945 88650643 1517946 102711112
