1 34 537924866 1519577 249389065 1519611 787313931
2 34 272248067 1519577 593854493 1519611 866102560
3 33 973294177 1519577 968480981 1519611 941775158
4 33 697118306 1519578 322935325 1519612 20053631
5 33 410252680 1519578 685302719 1519612 95555399
6 33 139640848 1519579 43157367 1519612 182798215
7 32 865992816 1519579 406868957 1519612 272861773
8 32 578419149 1519579 766674511 1519612 345093660
9 32 295486187 1519580 126911761 1519612 422397948
10 31 992734556 1519580 505727371 1519612 498461927
11 31 712387063 1519580 865819364 1519612 578206427
12 31 433474115 1519581 227198074 1519612 660672189
13 31 144785932 1519581 592603538 1519612 737389470
14 30 862666510 1519581 949950585 1519612 812617095
15 30 582987744 1519582 307808196 1519612 890795940
16 30 305101721 1519582 663367148 1519612 968468869
17 30 26174737 1519583 22681101 1519613 48855838
18 29 747591042 1519583 376953023 1519613 124544065
19 29 464719394 1519583 736606636 1519613 201326030
20 29 190740646 1519584 92955221 1519613 283695867
21 28 911296597 1519584 450769704 1519613 362066301
22 28 625473748 1519584 809756200 1519613 435229948
23 28 351242653 1519585 162502578 1519613 513745231
24 28 80810393 1519585 520075731 1519613 600886124
25 27 807477651 1519585 868769503 1519613 676247154
26 27 529259263 1519586 230280895 1519613 759540158
27 27 235593844 1519586 592563864 1519613 828157708
28 26 955500234 1519586 958946624 1519613 914446858
29 26 672816824 1519587 325640747 1519613 998457571
30 26 381837870 1519587 697935170 1519614 79773040
31 26 97540991 1519588 59338415 1519614 156879406
32 25 817755857 1519588 409703858 1519614 227459715
33 25 543287064 1519588 769414025 1519614 312701089
34 25 268942508 1519589 120526083 1519614 389468591
35 24 985492501 1519589 485718310 1519614 471210811
36 24 699245475 1519589 853174030 1519614 552419505
37 24 416693857 1519590 202706989 1519614 619400846
38 24 140247380 1519590 562679411 1519614 702926791
39 23 840376878 1519590 942478076 1519614 782854954
40 23 557967517 1519591 301538978 1519614 859506495
41 23 265647683 1519591 677730824 1519614 943378507
42 22 979482155 1519592 38081664 1519615 17563819
43 22 700383007 1519592 399479836 1519615 99862843
44 22 402775443 1519592 772785405 1519615 175560848
45 22 112074355 1519593 145289712 1519615 257364067
46 21 828839381 1519593 507660457 1519615 336499838
47 21 546614905 1519593 872223197 1519615 418838102
48 21 250810879 1519594 247046755 1519615 497857634
49 20 966630368 1519594 609773252 1519615 576403620
50 20 686797160 1519594 970670638 1519615 657467798
51 20 387879214 1519595 336574351 1519615 724453565
52 20 114725377 1519595 696204668 1519615 810930045
53 19 832189870 1519596 60744982 1519615 892934852
54 19 566378408 1519596 413184884 1519615 979563292
55 19 293179904 1519596 772940866 1519616 66120770
56 19 12835762 1519597 136043467 1519616 148879229
57 18 724593571 1519597 502924458 1519616 227518029
58 18 442003028 1519597 862611978 1519616 304615006
59 18 171438084 1519598 227441342 1519616 398879426
60 17 883376593 1519598 582166681 1519616 465543274
61 17 621391149 1519598 932463902 1519616 553855051
62 17 326800877 1519599 306652232 1519616 633453109
63 17 40350818 1519599 672263247 1519616 712614065
64 16 758519520 1519600 30422945 1519616 788942465
1 34 696225757 1519922 587904973 1519957 284130730
2 34 398439124 1519922 962101996 1519957 360541120
3 34 110678347 1519923 328522247 1519957 439200594
4 33 839082045 1519923 676568938 1519957 515650983
5 33 559038356 1519924 38980399 1519957 598018755
6 33 277392994 1519924 395180798 1519957 672573792
7 33 513371 1519924 751322310 1519957 751835681
8 32 720678733 1519925 111955380 1519957 832634113
9 32 428211716 1519925 484640156 1519957 912851872
10 32 138580050 1519925 848729065 1519957 987309115
11 31 870962372 1519926 200623032 1519958 71585404
12 31 582899971 1519926 563715165 1519958 146615136
13 31 307426246 1519926 913784075 1519958 221210321
14 31 19284957 1519927 281206678 1519958 300491635
15 30 743155115 1519927 638697775 1519958 381852890
16 30 450267143 1519928 5716274 1519958 455983417
17 30 157154657 1519928 373359669 1519958 530514326
18 29 865738655 1519928 747265699 1519958 613004354
19 29 571972755 1519929 113181999 1519958 685154754
20 29 283936909 1519929 478727510 1519958 762664419
21 28 989824961 1519929 849965759 1519958 839790720
22 28 720805495 1519930 201865227 1519958 922670722
23 28 437926194 1519930 559253159 1519958 997179353
24 28 164161267 1519930 913517006 1519959 77678273
25 27 884139854 1519931 274571625 1519959 158711479
26 27 612249019 1519931 632628526 1519959 244877545
27 27 337554092 1519931 988707911 1519959 326262003
28 27 51681849 1519932 351601957 1519959 403283806
29 26 770525088 1519932 710896592 1519959 481421680
30 26 482396224 1519933 88703897 1519959 571100121
31 26 205688466 1519933 447606967 1519959 653295433
32 25 898363502 1519933 832095954 1519959 730459456
33 25 614302538 1519934 196318030 1519959 810620568
34 25 329328408 1519934 559768120 1519959 889096528
35 25 52179640 1519934 917183127 1519959 969362767
36 24 768456002 1519935 279212932 1519960 47668934
37 24 484384631 1519935 648756587 1519960 133141218
38 24 205222106 1519936 2289949 1519960 207512055
39 23 923336692 1519936 362568844 1519960 285905536
40 23 640951361 1519936 724066733 1519960 365018094
41 23 362526933 1519937 78037420 1519960 440564353
42 23 78610798 1519937 438392092 1519960 517002890
43 22 798940228 1519937 800393879 1519960 599334107
44 22 513665769 1519938 163100022 1519960 676765791
45 22 235531854 1519938 519264221 1519960 754796075
46 21 958335808 1519938 874506828 1519960 832842636
47 21 669148611 1519939 240650848 1519960 909799459
48 21 393070858 1519939 603307752 1519960 996378610
49 21 96048374 1519939 976781755 1519961 72830129
50 20 799836335 1519940 349674419 1519961 149510754
51 20 524944707 1519940 703547701 1519961 228492408
52 20 240235902 1519941 65827724 1519961 306063626
53 19 948343963 1519941 435265679 1519961 383609642
54 19 680698820 1519941 789331865 1519961 470030685
55 19 409155069 1519942 143432995 1519961 552588064
56 19 105751080 1519942 526779155 1519961 632530235
57 18 830691547 1519942 878988397 1519961 709679944
58 18 547577784 1519943 242498100 1519961 790075884
59 18 267685310 1519943 600770092 1519961 868455402
60 17 980130229 1519943 972517260 1519961 952647489
61 17 678968362 1519944 353187252 1519962 32155614
62 17 397052687 1519944 713212987 1519962 110265674
63 17 110549677 1519945 82768403 1519962 193318080
64 16 806239150 1519945 462672817 1519962 268911967
1 34 669567241 1520271 148539469 1520305 818106710
2 34 395608534 1520271 504818905 1520305 900427439
3 34 94174315 1520271 876625552 1520305 970799867
4 33 803200073 1520272 246846028 1520306 50046101
5 33 506633460 1520272 619787783 1520306 126421243
6 33 212486985 1520272 989191960 1520306 201678945
7 32 931045537 1520273 346447543 1520306 277493080
8 32 640049888 1520273 719654312 1520306 359704200
9 32 351222438 1520274 79269089 1520306 430491527
10 32 72749264 1520274 450558452 1520306 523307716
11 31 800934737 1520274 806084662 1520306 607019399
12 31 530792659 1520275 156379419 1520306 687172078
13 31 244532379 1520275 520303242 1520306 764835621
14 30 964387443 1520275 878805541 1520306 843192984
15 30 675018039 1520276 244185928 1520306 919203967
16 30 388859591 1520276 610307781 1520306 999167372
17 30 92346643 1520276 982563328 1520307 74909971
18 29 808899550 1520277 348912806 1520307 157812356
19 29 531579686 1520277 700887457 1520307 232467143
20 29 244287816 1520278 68447356 1520307 312735172
21 28 961160382 1520278 424261672 1520307 385422054
22 28 678504735 1520278 787787632 1520307 466292367
23 28 395862791 1520279 157465045 1520307 553327836
24 28 99964572 1520279 532651757 1520307 632616329
25 27 822067553 1520279 890608994 1520307 712676547
26 27 531107199 1520280 258759937 1520307 789867136
27 27 246918361 1520280 623127825 1520307 870046186
28 26 957054078 1520280 991792832 1520307 948846910
29 26 668682098 1520281 363388671 1520308 32070769
30 26 386664439 1520281 718326893 1520308 104991332
31 26 86562116 1520282 95639823 1520308 182201939
32 25 802900341 1520282 459052860 1520308 261953201
33 25 510115023 1520282 828863233 1520308 338978256
34 25 238162942 1520283 179519633 1520308 417682575
35 24 940568645 1520283 556215963 1520308 496784608
36 24 651671213 1520283 928631101 1520308 580302314
37 24 385627034 1520284 277373705 1520308 663000739
38 24 89772166 1520284 649924117 1520308 739696283
39 23 806803190 1520285 7620490 1520308 814423680
40 23 516670042 1520285 370274301 1520308 886944343
41 23 231515037 1520285 741473740 1520308 972988777
42 22 954579775 1520286 103067888 1520309 57647663
43 22 662015379 1520286 473866187 1520309 135881566
44 22 379484951 1520286 836520054 1520309 216005005
45 22 101161218 1520287 192623198 1520309 293784416
46 21 814134118 1520287 561498036 1520309 375632154
47 21 519752591 1520287 934380868 1520309 454133459
48 21 239450601 1520288 294254771 1520309 533705372
49 20 956652529 1520288 666143642 1520309 622796171
50 20 654385157 1520289 40624887 1520309 695010044
51 20 378891904 1520289 394676943 1520309 773568847
52 20 92997931 1520289 759152256 1520309 852150187
53 19 807750834 1520290 117569244 1520309 925320078
54 19 523310480 1520290 485663338 1520310 8973818
55 19 230060189 1520290 851525457 1520310 81585646
56 18 949709032 1520291 218819622 1520310 168528654
57 18 661021966 1520291 584022124 1520310 245044090
58 18 397250964 1520291 943192468 1520310 340443432
59 18 116901436 1520292 298723477 1520310 415624913
60 17 843088873 1520292 656779620 1520310 499868493
61 17 565584826 1520293 19672817 1520310 585257643
62 17 270880453 1520293 391528762 1520310 662409215
63 16 983611876 1520293 755703600 1520310 739315476
64 16 712025139 1520294 108952746 1520310 820977885
1 34 683085761 1520617 673809026 1520652 356894787
2 34 388354569 1520618 42422563 1520652 430777132
3 34 104661494 1520618 403188902 1520652 507850396
4 33 810711529 1520618 779258477 1520652 589970006
5 33 520763095 1520619 143171199 1520652 663934294
6 33 246957012 1520619 499951653 1520652 746908665
7 32 967100176 1520619 857480630 1520652 824580806
8 32 678729452 1520620 224568419 1520652 903297871
9 32 398991373 1520620 588064575 1520652 987055948
10 32 123058349 1520620 948874673 1520653 71933022
11 31 845443488 1520621 298252699 1520653 143696187
12 31 569783051 1520621 653228578 1520653 223011629
13 31 290434522 1520622 9454950 1520653 299889472
14 31 7667890 1520622 371059181 1520653 378727071
15 30 720954338 1520622 737612740 1520653 458567078
16 30 444621563 1520623 100910733 1520653 545532296
17 30 160138003 1520623 458771481 1520653 618909484
18 29 886030535 1520623 817977685 1520653 704008220
19 29 602557141 1520624 181583598 1520653 784140739
20 29 305822563 1520624 556959465 1520653 862782028
21 29 25308278 1520624 914755770 1520653 940064048
22 28 734019999 1520625 282163183 1520654 16183182
23 28 445605924 1520625 655643495 1520654 101249419
24 28 158888686 1520626 18710660 1520654 177599346
25 27 881112161 1520626 376253081 1520654 257365242
26 27 581639933 1520626 750818909 1520654 332458842
27 27 308571038 1520627 104502498 1520654 413073536
28 27 10338971 1520627 482661070 1520654 493000041
29 26 726512342 1520627 844639275 1520654 571151617
30 26 425822601 1520628 217034201 1520654 642856802
31 26 153595356 1520628 579949813 1520654 733545169
32 25 866153353 1520628 946280433 1520654 812433786
33 25 590580174 1520629 298377480 1520654 888957654
34 25 310179145 1520629 656868568 1520654 967047713
35 25 25386573 1520630 20482444 1520655 45869017
36 24 743508332 1520630 383003027 1520655 126511359
37 24 462603127 1520630 741324804 1520655 203927931
38 24 174017315 1520631 103683186 1520655 277700501
39 23 903042082 1520631 458512069 1520655 361554151
40 23 620039456 1520631 829453542 1520655 449492998
41 23 338974050 1520632 185424754 1520655 524398804
42 23 48152189 1520632 545789065 1520655 593941254
43 22 760796000 1520632 912599527 1520655 673395527
44 22 478985147 1520633 276877890 1520655 755863037
45 22 185736203 1520633 648653125 1520655 834389328
46 21 919159532 1520634 3017535 1520655 922177067
47 21 628643442 1520634 367857962 1520655 996501404
48 21 339920817 1520634 736055637 1520656 75976454
49 21 52022138 1520635 107360548 1520656 159382686
50 20 779328143 1520635 457846794 1520656 237174937
51 20 491919418 1520635 822893846 1520656 314813264
52 20 197349834 1520636 198833980 1520656 396183814
53 19 905866040 1520636 569566588 1520656 475432628
54 19 630958070 1520636 931930785 1520656 562888855
55 19 344946632 1520637 297051429 1520656 641998061
56 19 75059507 1520637 645855985 1520656 720915492
57 18 782448607 1520638 20374833 1520656 802823440
58 18 493110253 1520638 389187515 1520656 882297768
59 18 220942635 1520638 752941464 1520656 973884099
60 17 943192887 1520639 112727490 1520657 55920377
61 17 653692517 1520639 479402770 1520657 133095287
62 17 375528333 1520639 845173715 1520657 220702048
63 17 92772553 1520640 200218964 1520657 292991517
64 16 811355969 1520640 562024951 1520657 373380920
1 34 835103370 1520963 736520129 1520998 571623499
2 34 524574513 1520964 126666963 1520998 651241476
3 34 229703665 1520964 501342599 1520998 731046264
4 33 951763780 1520964 860497651 1520998 812261431
5 33 672241796 1520965 217087013 1520998 889328809
6 33 383522808 1520965 579095305 1520998 962618113
7 33 100795258 1520965 936581001 1520999 37376259
8 32 800257169 1520966 317876415 1520999 118133584
9 32 508667922 1520966 682770299 1520999 191438221
10 32 229955664 1520967 36905468 1520999 266861132
11 31 950379293 1520967 402545078 1520999 352924371
12 31 659581586 1520967 774243236 1520999 433824822
13 31 373024315 1520968 138336395 1520999 511360710
14 31 89909457 1520968 500420946 1520999 590330403
15 30 811064164 1520968 855320229 1520999 666384393
16 30 535389790 1520969 208018186 1520999 743407976
17 30 258780046 1520969 561913267 1520999 820693313
18 29 969964134 1520969 921885007 1520999 891849141
19 29 680714582 1520970 290252601 1520999 970967183
20 29 400429688 1520970 647837350 1521000 48267038
21 29 111558499 1520971 13698215 1521000 125256714
22 28 823490646 1520971 380706225 1521000 204196871
23 28 543982014 1520971 739236919 1521000 283218933
24 28 257862345 1520972 98910702 1521000 356773047
25 27 988774991 1520972 452794857 1521000 441569848
26 27 694956195 1520972 822612589 1521000 517568784
27 27 405448073 1520973 192029552 1521000 597477625
28 27 123938036 1520973 558894027 1521000 682832063
29 26 822738459 1520973 932645793 1521000 755384252
30 26 523540084 1520974 305403819 1521000 828943903
31 26 238670112 1520974 671919672 1521000 910589784
32 25 953418593 1520975 37941164 1521000 991359757
33 25 666921079 1520975 403010804 1521001 69931883
34 25 379622860 1520975 769291605 1521001 148914465
35 25 94385044 1520976 139490867 1521001 233875911
36 24 791418020 1520976 519560417 1521001 310978437
37 24 498222582 1520976 889449277 1521001 387671859
38 24 214333573 1520977 258588430 1521001 472922003
39 23 931458229 1520977 623739717 1521001 555197946
40 23 650597642 1520977 983718790 1521001 634316432
41 23 362546863 1520978 350584191 1521001 713131054
42 23 76592005 1520978 715935900 1521001 792527905
43 22 789453486 1520979 83976315 1521001 873429801
44 22 503632663 1520979 442613267 1521001 946245930
45 22 223198105 1520979 802646339 1521002 25844444
46 21 939333798 1520980 164184160 1521002 103517958
47 21 659218438 1520980 533967448 1521002 193185886
48 21 377342944 1520980 893597973 1521002 270940917
49 21 101476907 1520981 247575516 1521002 349052423
50 20 819399196 1520981 608653475 1521002 428052671
51 20 528920705 1520981 972783356 1521002 501704061
52 20 262837791 1520982 326648642 1521002 589486433
53 19 970867570 1520982 693401175 1521002 664268745
54 19 679299526 1520983 58262912 1521002 737562438
55 19 383444993 1520983 432278506 1521002 815723499
56 19 103069155 1520983 792746070 1521002 895815225
57 18 800775414 1520984 168259228 1521002 969034642
58 18 513303994 1520984 531539218 1521003 44843212
59 18 231007601 1520984 895002409 1521003 126010010
60 17 941215615 1520985 265943267 1521003 207158882
61 17 638450864 1520985 644845618 1521003 283296482
62 17 363662528 1520985 999557184 1521003 363219712
63 17 61067904 1520986 379571809 1521003 440639713
64 16 778607071 1520986 742650692 1521003 521257763
1 34 950879338 1521310 264950752 1521345 215830090
2 34 661328028 1521310 637012947 1521345 298340975
3 34 376689639 1521310 997594960 1521345 374284599
4 34 86701095 1521311 366669585 1521345 453370680
5 33 799784232 1521311 732002616 1521345 531786848
6 33 518571498 1521312 84087888 1521345 602659386
7 33 254806516 1521312 435484506 1521345 690291022
8 32 945246300 1521312 822590500 1521345 767836800
9 32 655243682 1521313 191926379 1521345 847170061
10 32 377012298 1521313 549603745 1521345 926616043
11 32 86800221 1521313 920744218 1521346 7544439
12 31 809469745 1521314 275247572 1521346 84717317
13 31 510109570 1521314 652794216 1521346 162903786
14 31 216304768 1521315 20097949 1521346 236402717
15 30 940558261 1521315 378475394 1521346 319033655
16 30 651848452 1521315 749306799 1521346 401155251
17 30 363063607 1521316 114538517 1521346 477602124
18 30 71504575 1521316 480587905 1521346 552092480
19 29 790782610 1521316 846653144 1521346 637435754
20 29 522413365 1521317 206986588 1521346 729399953
21 29 242950375 1521317 566365735 1521346 809316110
22 28 947397848 1521317 940446947 1521346 887844795
23 28 652045983 1521318 312016745 1521346 964062728
24 28 363722407 1521318 675791862 1521347 39514269
25 28 72299891 1521319 49256679 1521347 121556570
26 27 773688017 1521319 419576445 1521347 193264462
27 27 491029534 1521319 781496210 1521347 272525744
28 27 191412160 1521320 155101765 1521347 346513925
29 26 888343058 1521320 533085529 1521347 421428587
30 26 608313800 1521320 894546785 1521347 502860585
31 26 310768202 1521321 269929267 1521347 580697469
32 26 34643535 1521321 624027555 1521347 658671090
33 25 757044267 1521321 983471128 1521347 740515395
34 25 474313970 1521322 339330548 1521347 813644518
35 25 178872866 1521322 713350521 1521347 892223387
36 24 906509441 1521323 75178157 1521347 981687598
37 24 619099013 1521323 441697999 1521348 60797012
38 24 336389420 1521323 801833224 1521348 138222644
39 24 43221272 1521324 173040252 1521348 216261524
40 23 739184800 1521324 555899847 1521348 295084647
41 23 454195640 1521324 918364101 1521348 372559741
42 23 154722300 1521325 303212473 1521348 457934773
43 22 852239946 1521325 680388605 1521348 532628551
44 22 558420755 1521326 43276759 1521348 601697514
45 22 277522552 1521326 405541628 1521348 683064180
46 21 989063015 1521326 776746433 1521348 765809448
47 21 698086399 1521327 145423713 1521348 843510112
48 21 426962486 1521327 499929623 1521348 926892109
49 21 142713811 1521327 860380806 1521349 3094617
50 20 844174361 1521328 239303460 1521349 83477821
51 20 550465501 1521328 614736182 1521349 165201683
52 20 268019420 1521328 978547318 1521349 246566738
53 19 992431836 1521329 340626283 1521349 333058119
54 19 702508236 1521329 711284080 1521349 413792316
55 19 422636549 1521330 74751352 1521349 497387901
56 19 139472520 1521330 433376237 1521349 572848757
57 18 863560922 1521330 793258690 1521349 656819612
58 18 577797185 1521331 160395723 1521349 738192908
59 18 297596172 1521331 525088156 1521349 822684328
60 17 998811357 1521331 897483789 1521349 896295146
61 17 708924996 1521332 271262766 1521349 980187762
62 17 434065322 1521332 625678771 1521350 59744093
63 17 142948134 1521332 992194094 1521350 135142228
64 16 863348443 1521333 349569466 1521350 212917909
1 34 888334530 1521657 151454327 1521692 39788857
2 34 608308492 1521657 512335597 1521692 120644089
3 34 321273592 1521657 878124549 1521692 199398141
4 34 25764265 1521658 244851297 1521692 270615562
5 33 744447344 1521658 615531728 1521692 359979072
6 33 456600200 1521658 981535453 1521692 438135653
7 33 170931569 1521659 351857409 1521692 522788978
8 32 874307338 1521659 723999162 1521692 598306500
9 32 596102394 1521660 81395149 1521692 677497543
10 32 319954150 1521660 433549053 1521692 753503203
11 32 31643904 1521660 796315731 1521692 827959635
12 31 752010396 1521661 159173647 1521692 911184043
13 31 463458932 1521661 520917845 1521692 984376777
14 31 160336403 1521661 906823940 1521693 67160343
15 30 881823131 1521662 264329536 1521693 146152667
16 30 598889188 1521662 627163897 1521693 226053085
17 30 303278603 1521662 997123601 1521693 300402204
18 30 22765204 1521663 355597011 1521693 378362215
19 29 737144090 1521663 721697161 1521693 458841251
20 29 461491874 1521664 75232704 1521693 536724578
21 29 169765436 1521664 446078020 1521693 615843456
22 28 878299437 1521664 816919373 1521693 695218810
23 28 596799502 1521665 182814971 1521693 779614473
24 28 311097890 1521665 543940996 1521693 855038886
25 28 32461621 1521665 907486881 1521693 939948502
26 27 730203426 1521666 283072048 1521694 13275474
27 27 446119245 1521666 641863341 1521694 87982586
28 27 160071826 1521667 879499 1521694 160951325
29 26 877437449 1521667 362502163 1521694 239939612
30 26 594181808 1521667 721808001 1521694 315989809
31 26 299302431 1521668 93408265 1521694 392710696
32 26 11501471 1521668 455621861 1521694 467123332
33 25 726586900 1521668 814916884 1521694 541503784
34 25 443141873 1521669 181144402 1521694 624286275
35 25 156533649 1521669 546215572 1521694 702749221
36 24 862898582 1521669 919168383 1521694 782066965
37 24 579256078 1521670 280199891 1521694 859455969
38 24 309610669 1521670 639821372 1521694 949432041
39 24 29795183 1521671 2936135 1521695 32731318
40 23 742006556 1521671 369153227 1521695 111159783
41 23 446274882 1521671 739908637 1521695 186183519
42 23 172255615 1521672 100867128 1521695 273122743
43 22 881193534 1521672 463933041 1521695 345126575
44 22 591625016 1521672 829299890 1521695 420924906
45 22 299019279 1521673 209571911 1521695 508591190
46 22 21026628 1521673 562450134 1521695 583476762
47 21 735165241 1521673 928321455 1521695 663486696
48 21 455781747 1521674 291943282 1521695 747725029
49 21 169108801 1521674 659127096 1521695 828235897
50 20 880119495 1521675 27136134 1521695 907255629
51 20 589527293 1521675 406499080 1521695 996026373
52 20 312037280 1521675 767615345 1521696 79652625
53 20 17825594 1521676 138800988 1521696 156626582
54 19 734112628 1521676 507231740 1521696 241344368
55 19 443885197 1521676 878622453 1521696 322507650
56 19 163706977 1521677 238022789 1521696 401729766
57 18 856384139 1521677 618715191 1521696 475099330
58 18 576163939 1521677 977423281 1521696 553587220
59 18 290813653 1521678 343023552 1521696 633837205
60 18 19595443 1521678 703381517 1521696 722976960
61 17 743199297 1521679 67407041 1521696 810606338
62 17 453255638 1521679 434917682 1521696 888173320
63 17 165924428 1521679 802759390 1521696 968683818
64 16 884660248 1521680 164109540 1521697 48769788
1 34 851141837 1522003 32976770 1522037 884118607
2 34 581446303 1522003 380180078 1522037 961626381
3 34 299884741 1522003 744660977 1522038 44545718
4 34 16307069 1522004 108815401 1522038 125122470
5 33 733853581 1522004 468557391 1522038 202410972
6 33 448136839 1522004 831430618 1522038 279567457
7 33 172471978 1522005 182024619 1522038 354496597
8 32 888694199 1522005 538312769 1522038 427006968
9 32 601971218 1522005 907911680 1522038 509882898
10 32 333114411 1522006 263248644 1522038 596363055
11 32 38501176 1522006 634439857 1522038 672941033
12 31 749059692 1522007 1465040 1522038 750524732
13 31 470496313 1522007 363024995 1522038 833521308
14 31 185298506 1522007 724386973 1522038 909685479
15 30 899273902 1522008 88331881 1522038 987605783
16 30 610882028 1522008 458207749 1522039 69089777
17 30 330381667 1522008 813943206 1522039 144324873
18 30 40560284 1522009 180365419 1522039 220925703
19 29 753170428 1522009 547598893 1522039 300769321
20 29 458697117 1522009 923789805 1522039 382486922
21 29 151098745 1522010 302754441 1522039 453853186
22 28 873027393 1522010 662673261 1522039 535700654
23 28 584555150 1522011 22931075 1522039 607486225
24 28 312724974 1522011 376828141 1522039 689553115
25 28 30526425 1522011 732568875 1522039 763095300
26 27 755069004 1522012 90116130 1522039 845185134
27 27 474574367 1522012 450250927 1522039 924825294
28 27 181340420 1522012 818391254 1522039 999731674
29 26 892267264 1522013 185130923 1522040 77398187
30 26 616480683 1522013 543897802 1522040 160378485
31 26 317864805 1522013 919906161 1522040 237770966
32 26 32930346 1522014 278275011 1522040 311205357
33 25 746442695 1522014 646102547 1522040 392545242
34 25 467259476 1522015 8897941 1522040 476157417
35 25 177555184 1522015 375013251 1522040 552568435
36 24 879542886 1522015 753591487 1522040 633134373
37 24 599231172 1522016 114779781 1522040 714010953
38 24 295021383 1522016 497782283 1522040 792803666
39 24 12944110 1522016 861089444 1522040 874033554
40 23 708151073 1522017 242429385 1522040 950580458
41 23 424111301 1522017 608630175 1522041 32741476
42 23 151342144 1522017 958298952 1522041 109641096
43 22 861388227 1522018 323481743 1522041 184869970
44 22 586043305 1522018 684997420 1522041 271040725
45 22 279917036 1522019 61574064 1522041 341491100
46 21 990230317 1522019 433020308 1522041 423250625
47 21 686526019 1522019 813793019 1522041 500319038
48 21 392275520 1522020 184630348 1522041 576905868
49 21 109904696 1522020 547435908 1522041 657340604
50 20 817880468 1522020 919107351 1522041 736987819
51 20 537071856 1522021 279983188 1522041 817055044
52 20 252265526 1522021 643903836 1522041 896169362
53 19 983319905 1522022 2103985 1522041 985423890
54 19 692046274 1522022 366689750 1522042 58736024
55 19 403167152 1522022 738477672 1522042 141644824
56 19 120268821 1522023 99975497 1522042 220244318
57 18 835289772 1522023 464200380 1522042 299490152
58 18 542580334 1522023 838518031 1522042 381098365
59 18 262645354 1522024 192535760 1522042 455181114
60 17 955596288 1522024 585790673 1522042 541386961
61 17 654630419 1522024 955642669 1522042 610273088
62 17 377413793 1522025 314285123 1522042 691698916
63 17 73119581 1522025 694661878 1522042 767781459
64 16 778760306 1522026 59705727 1522042 838466033
1 35 93015449 1522349 641130144 1522384 734145593
2 34 814738714 1522349 999567355 1522384 814306069
3 34 509257251 1522350 378926307 1522384 888183558
4 34 221420888 1522350 742026853 1522384 963447741
5 33 939686906 1522351 96134667 1522385 35821573
6 33 662987567 1522351 452415383 1522385 115402950
7 33 385291785 1522351 809390196 1522385 194681981
8 33 91180674 1522352 179596789 1522385 270777463
9 32 802277183 1522352 545597446 1522385 347874629
10 32 516360098 1522352 910720712 1522385 427080810
11 32 232410586 1522353 269649691 1522385 502060277
12 31 933219370 1522353 647885479 1522385 581104849
13 31 662658079 1522354 4689740 1522385 667347819
14 31 391231748 1522354 358168233 1522385 749399981
15 31 101217132 1522354 732907293 1522385 834124425
16 30 812131182 1522355 97040745 1522385 909171927
17 30 515465400 1522355 477396399 1522385 992861799
18 30 211403926 1522355 854331991 1522386 65735917
19 29 928513727 1522356 224856448 1522386 153370175
20 29 630177717 1522356 612615310 1522386 242793027
21 29 311520028 1522357 5168579 1522386 316688607
22 29 15357975 1522357 376873717 1522386 392231692
23 28 726683148 1522357 746409582 1522386 473092730
24 28 446802464 1522358 106664053 1522386 553466517
25 28 163308888 1522358 475483024 1522386 638791912
26 27 871795541 1522358 844566806 1522386 716362347
27 27 579539005 1522359 213249595 1522386 792788600
28 27 290083119 1522359 579618984 1522386 869702103
29 27 1684583 1522359 953362563 1522386 955047146
30 26 717111712 1522360 327475228 1522387 44586940
31 26 440820162 1522360 688911936 1522387 129732098
32 26 143698740 1522361 69421291 1522387 213120031
33 25 839218590 1522361 451395173 1522387 290613763
34 25 551705296 1522361 814944080 1522387 366649376
35 25 266122371 1522362 178443673 1522387 444566044
36 24 980762535 1522362 542711085 1522387 523473620
37 24 701651966 1522362 902021241 1522387 603673207
38 24 419680712 1522363 263211268 1522387 682891980
39 24 127227587 1522363 627424070 1522387 754651657
40 23 845845156 1522363 989024922 1522387 834870078
41 23 547120524 1522364 362017719 1522387 909138243
42 23 282019960 1522364 716612819 1522387 998632779
43 23 712046 1522365 82132391 1522388 82844437
44 22 707017482 1522365 459720025 1522388 166737507
45 22 420241340 1522365 832647750 1522388 252889090
46 22 122516374 1522366 208033556 1522388 330549930
47 21 832203153 1522366 571393985 1522388 403597138
48 21 536889103 1522366 946447983 1522388 483337086
49 21 228315127 1522367 332905388 1522388 561220515
50 20 944493112 1522367 699565161 1522388 644058273
51 20 662346288 1522368 58958982 1522388 721305270
52 20 364544805 1522368 432539860 1522388 797084665
53 20 67051871 1522368 811757814 1522388 878809685
54 19 784644793 1522369 179043963 1522388 963688756
55 19 493828285 1522369 545823714 1522389 39651999
56 19 200553845 1522369 914388671 1522389 114942516
57 18 896047529 1522370 298710137 1522389 194757666
58 18 603339669 1522370 669541476 1522389 272881145
59 18 306823070 1522371 42542402 1522389 349365472
60 18 26437267 1522371 402105812 1522389 428543079
61 17 746426363 1522371 766352946 1522389 512779309
62 17 444357112 1522372 142047394 1522389 586404506
63 17 164671332 1522372 503474287 1522389 668145619
64 16 870755570 1522372 882033679 1522389 752789249
1 35 20848358 1522695 675882770 1522730 696731128
2 34 703228624 1522696 69691314 1522730 772919938
3 34 418329622 1522696 438386108 1522730 856715730
4 34 140029029 1522696 793978342 1522730 934007371
5 33 858818327 1522697 159633176 1522731 18451503
6 33 567871499 1522697 529143638 1522731 97015137
7 33 285431468 1522697 888087844 1522731 173519312
8 33 2769905 1522698 250399595 1522731 253169500
9 32 725538902 1522698 606977551 1522731 332516453
10 32 436381076 1522698 972907232 1522731 409288308
11 32 147216214 1522699 332372353 1522731 479588567
12 31 855520030 1522699 708856161 1522731 564376191
13 31 575239624 1522700 67673795 1522731 642913419
14 31 299475111 1522700 423255826 1522731 722730937
15 31 11105085 1522700 790423445 1522731 801528530
16 30 709733868 1522701 174245129 1522731 883978997
17 30 395275591 1522701 562956513 1522731 958232104
18 30 96425954 1522701 940294749 1522732 36720703
19 29 818603926 1522702 296997202 1522732 115601128
20 29 540644216 1522702 658043200 1522732 198687416
21 29 244750522 1522703 30338034 1522732 275088556
22 28 944624836 1522703 409363052 1522732 353987888
23 28 665147099 1522703 765662957 1522732 430810056
24 28 386205667 1522704 123983175 1522732 510188842
25 28 88480193 1522704 497686019 1522732 586166212
26 27 795463351 1522704 868743951 1522732 664207302
27 27 520560155 1522705 232334640 1522732 752894795
28 27 229315055 1522705 602216299 1522732 831531354
29 26 931283161 1522705 971369713 1522732 902652874
30 26 652489560 1522706 336389170 1522732 988878730
31 26 363955222 1522706 712762610 1522733 76717832
32 26 73147873 1522707 84795542 1522733 157943415
33 25 762862404 1522707 468640595 1522733 231502999
34 25 494148199 1522707 821780228 1522733 315928427
35 25 208362715 1522708 192959751 1522733 401322466
36 24 919979616 1522708 560796486 1522733 480776102
37 24 620399215 1522708 946860793 1522733 567260008
38 24 338597061 1522709 304052088 1522733 642649149
39 24 50731210 1522709 668744552 1522733 719475762
40 23 778387057 1522710 19383012 1522733 797770069
41 23 488864480 1522710 387807939 1522733 876672419
42 23 195427441 1522710 761569134 1522733 956996575
43 22 914480993 1522711 126947010 1522734 41428003
44 22 628842081 1522711 490490977 1522734 119333058
45 22 342504071 1522711 854299588 1522734 196803659
46 22 62475401 1522712 214197108 1522734 276672509
47 21 771907954 1522712 584391798 1522734 356299752
48 21 487603609 1522712 946360944 1522734 433964553
49 21 221654424 1522713 301275820 1522734 522930244
50 20 927053705 1522713 678434522 1522734 605488227
51 20 652822106 1522714 30321310 1522734 683143416
52 20 368729478 1522714 397430597 1522734 766160075
53 20 83984623 1522714 760468741 1522734 844453364
54 19 792965945 1522715 130114404 1522734 923080349
55 19 506861079 1522715 496370374 1522735 3231453
56 19 218547293 1522715 861375239 1522735 79922532
57 18 933186745 1522716 224842504 1522735 158029249
58 18 637261608 1522716 602681359 1522735 239942967
59 18 350428830 1522716 966389712 1522735 316818542
60 18 69508011 1522717 327253361 1522735 396761372
61 17 774870385 1522717 695405443 1522735 470275828
62 17 485000722 1522718 62761817 1522735 547762539
63 17 204659391 1522718 423776908 1522735 628436299
64 16 925399318 1522718 785373135 1522735 710772453
