1 0 9691903 1215943 586689014 1215943 596380917
2 0 9020546 1215943 587633718 1215943 596654264
1 0 10127006 1215955 366758223 1215955 376885229
2 0 9373854 1215955 367748889 1215955 377122743
1 0 12642586 1215967 171079288 1215967 183721874
2 0 11628624 1215967 172371300 1215967 183999924
1 0 9621812 1215978 976588586 1215978 986210398
2 0 8885697 1215978 977550585 1215978 986436282
1 0 11032674 1215990 786698420 1215990 797731094
2 0 10372186 1215990 787643143 1215990 798015329
1 0 9746754 1216002 596711421 1216002 606458175
2 0 8975213 1216002 597703883 1216002 606679096
1 0 9635515 1216014 406359703 1216014 415995218
2 0 8875012 1216014 407337369 1216014 416212381
1 0 9547147 1216026 176335833 1216026 185882980
2 0 8849772 1216026 177258611 1216026 186108383
1 0 9665052 1216037 986604189 1216037 996269241
2 0 8948807 1216037 987595651 1216037 996544458
1 0 9644274 1216049 786528523 1216049 796172797
2 0 8960621 1216049 787475190 1216049 796435811
