1 0 14522030 1216061 635852057 1216061 650374087
2 0 13610604 1216061 637058274 1216061 650668878
3 0 13234112 1216061 637667354 1216061 650901466
4 0 12874674 1216061 638241769 1216061 651116443
1 0 12934191 1216073 386695994 1216073 399630185
2 0 12259704 1216073 387663475 1216073 399923179
3 0 12115523 1216073 388128854 1216073 400244377
4 0 11904341 1216073 388556828 1216073 400461169
1 0 10999803 1216085 186986406 1216085 197986209
2 0 10265318 1216085 187948461 1216085 198213779
3 0 9967935 1216085 188422581 1216085 198390516
4 0 9782402 1216085 188852517 1216085 198634919
1 0 10937879 1216097 7031392 1216097 17969271
2 0 10240689 1216097 7957393 1216097 18198082
3 0 9955416 1216097 8424199 1216097 18379615
4 0 9685552 1216097 8854153 1216097 18539705
1 0 12858823 1216108 806497557 1216108 819356380
2 0 12178910 1216108 807467093 1216108 819646003
3 0 11947730 1216108 807928621 1216108 819876351
4 0 11779400 1216108 808355872 1216108 820135272
1 0 10998618 1216120 656704357 1216120 667702975
2 0 10266262 1216120 657663023 1216120 667929285
3 0 9978416 1216120 658126810 1216120 668105226
4 0 9705088 1216120 658557709 1216120 668262797
1 0 15177777 1216132 461577226 1216132 476755003
2 0 14324331 1216132 462782628 1216132 477106959
3 0 13901357 1216132 463457004 1216132 477358361
4 0 13569216 1216132 464044677 1216132 477613893
1 0 10975286 1216144 256503916 1216144 267479202
2 0 10260725 1216144 257441676 1216144 267702401
3 0 9975546 1216144 257905981 1216144 267881527
4 0 9707958 1216144 258331288 1216144 268039246
1 0 10997730 1216156 66677177 1216156 77674907
2 0 10278873 1216156 67618714 1216156 77897587
3 0 9990841 1216156 68085761 1216156 78076602
4 0 9816994 1216156 68508067 1216156 78325061
1 0 13717250 1216167 881333089 1216167 895050339
2 0 12736955 1216167 882538491 1216167 895275446
3 0 12311333 1216167 883138091 1216167 895449424
4 0 11904434 1216167 883703283 1216167 895607717
