1 0 75280120 1217433 768233155 1217433 843513275
2 0 74323343 1217433 769529315 1217433 843852658
3 0 73787631 1217433 770337762 1217433 844125393
4 0 73466211 1217433 770920806 1217433 844387017
5 0 73076182 1217433 771545275 1217433 844621457
6 0 72772484 1217433 772116894 1217433 844889378
7 0 72359121 1217433 772746271 1217433 845105392
8 0 72068572 1217433 773318537 1217433 845387109
9 0 71710468 1217433 773910229 1217433 845620697
10 0 71333327 1217433 774553328 1217433 845886655
11 0 70965519 1217433 775158520 1217433 846124039
12 0 70663081 1217433 775703509 1217433 846366590
13 0 70266904 1217433 776328293 1217433 846595197
14 0 69999520 1217433 776877060 1217433 846876580
15 0 69622176 1217433 777471326 1217433 847093502
16 0 69333015 1217433 778024667 1217433 847357682
17 0 68977966 1217433 778608711 1217433 847586677
18 0 68656398 1217433 779172404 1217433 847828802
19 0 68268850 1217433 779791540 1217433 848060390
20 0 67963115 1217433 780394491 1217433 848357606
21 0 67526624 1217433 781063108 1217433 848589732
22 0 67128299 1217433 781714965 1217433 848843264
23 0 66757973 1217433 782318731 1217433 849076704
24 0 66442886 1217433 782875609 1217433 849318495
25 0 66081707 1217433 783463413 1217433 849545120
26 0 65797009 1217433 784019069 1217433 849816078
27 0 66148539 1217433 784636853 1217433 850785392
28 0 65854583 1217433 785173990 1217433 851028573
29 0 65508775 1217433 785777108 1217433 851285883
30 0 65198762 1217433 786329320 1217433 851528082
31 0 64839417 1217433 786932475 1217433 851771892
32 0 64529830 1217433 787519315 1217433 852049145
33 0 64110449 1217433 788168284 1217433 852278733
34 0 63760920 1217433 788761198 1217433 852522118
35 0 63375130 1217433 789380390 1217433 852755520
36 0 63106544 1217433 789910564 1217433 853017108
37 0 62705459 1217433 790550848 1217433 853256307
38 0 62399687 1217433 791096523 1217433 853496210
39 0 62053379 1217433 791669771 1217433 853723150
40 0 61781384 1217433 792201594 1217433 853982978
41 0 61422558 1217433 792770083 1217433 854192641
42 0 61158526 1217433 793296128 1217433 854454654
43 0 60821143 1217433 793868654 1217433 854689797
44 0 60515224 1217433 794415143 1217433 854930367
45 0 60168582 1217433 794986632 1217433 855155214
46 0 59851311 1217433 795560935 1217433 855412246
47 0 59546891 1217433 796139980 1217433 855686871
48 0 59243008 1217433 796690747 1217433 855933755
49 0 58920162 1217433 797239588 1217433 856159750
50 0 58658612 1217433 797776466 1217433 856435078
51 0 58337933 1217433 798338992 1217433 856676925
52 0 58039365 1217433 798881852 1217433 856921217
53 0 57640428 1217433 799520858 1217433 857161286
54 0 57197771 1217433 800221566 1217433 857419337
55 0 56790964 1217433 800837554 1217433 857628518
56 0 56514562 1217433 801369266 1217433 857883828
57 0 56172031 1217433 801935440 1217433 858107471
58 0 55837890 1217433 802513225 1217433 858351115
59 0 55529340 1217433 803069418 1217433 858598758
60 0 55248030 1217433 803606167 1217433 858854197
61 0 54901538 1217433 804179748 1217433 859081286
62 0 54608191 1217433 804712275 1217433 859320466
63 0 54320030 1217433 805280097 1217433 859600127
64 0 54039369 1217433 805832309 1217433 859871678
1 0 59620834 1217555 591701045 1217555 651321879
2 0 58638316 1217555 592945724 1217555 651584040
3 0 58172140 1217555 593607989 1217555 651780129
4 0 57772333 1217555 594177089 1217555 651949422
5 0 57351212 1217555 594807354 1217555 652158566
6 0 56963645 1217555 595361881 1217555 652325526
7 0 56540227 1217555 595987850 1217555 652528077
8 0 56179308 1217555 596561265 1217555 652740573
9 0 55752280 1217555 597154401 1217555 652906681
10 0 55427638 1217555 597716353 1217555 653143991
11 0 54973906 1217555 598368248 1217555 653342154
12 0 54602858 1217555 598909089 1217555 653511947
13 0 54183144 1217555 599531706 1217555 653714850
14 0 53713727 1217555 600220193 1217555 653933920
15 0 53246959 1217555 600851051 1217555 654098010
16 0 52897484 1217555 601404040 1217555 654301524
17 0 52481677 1217555 601993473 1217555 654475150
18 0 52152628 1217555 602485982 1217555 654638610
19 0 51750913 1217555 603086341 1217555 654837254
20 0 51500585 1217555 603506703 1217555 655007288
21 0 51200369 1217555 604007823 1217555 655208192
22 0 50967170 1217555 604503331 1217555 655470501
23 0 50677212 1217555 604969841 1217555 655647053
24 0 50426106 1217555 605396888 1217555 655822994
25 0 50184482 1217555 605842990 1217555 656027472
26 0 49922190 1217555 606267149 1217555 656189339
27 0 49661085 1217555 606726584 1217555 656387669
28 0 49446255 1217555 607145206 1217555 656591461
29 0 49158057 1217555 607599382 1217555 656757439
30 0 48951801 1217555 608005356 1217555 656957157
31 0 48680678 1217555 608460328 1217555 657141006
32 0 48470052 1217555 608885635 1217555 657355687
33 0 48183373 1217555 609336218 1217555 657519591
34 0 47955710 1217555 609768525 1217555 657724235
35 0 47607606 1217555 610303144 1217555 657910750
36 0 47340741 1217555 610735265 1217555 658076006
37 0 47078986 1217555 611203886 1217555 658282872
38 0 46853324 1217555 611626600 1217555 658479924
39 0 46561997 1217555 612079183 1217555 658641180
40 0 46339687 1217555 612495471 1217555 658835158
41 0 46060451 1217555 612948574 1217555 659009025
42 0 45846289 1217555 613370528 1217555 659216817
43 0 45510536 1217555 613867241 1217555 659377777
44 0 45270244 1217555 614301047 1217555 659571291
45 0 44966232 1217555 614794426 1217555 659760658
46 0 44704367 1217555 615254380 1217555 659958747
47 0 44947695 1217555 615700538 1217555 660648233
48 0 44764680 1217555 616104123 1217555 660868803
49 0 44504463 1217555 616538707 1217555 661043170
50 0 44298449 1217555 616945347 1217555 661243796
51 0 44040750 1217555 617374876 1217555 661415626
52 0 43827161 1217555 617786572 1217555 661613733
53 0 43513223 1217555 618279877 1217555 661793100
54 0 43281617 1217555 618673165 1217555 661954782
55 0 43021362 1217555 619129638 1217555 662151000
56 0 42828310 1217555 619518149 1217555 662346459
57 0 42548760 1217555 619960159 1217555 662508919
58 0 42276099 1217555 620425890 1217555 662701989
59 0 42029048 1217555 620855401 1217555 662884449
60 0 41851922 1217555 621265263 1217555 663117185
61 0 41591501 1217555 621687440 1217555 663278941
62 0 41377746 1217555 622099432 1217555 663477178
63 0 41118122 1217555 622533997 1217555 663652119
64 0 40879201 1217555 622932341 1217555 663811542
1 0 50293535 1217677 421735834 1217677 472029369
2 0 49157057 1217677 423031216 1217677 472188273
3 0 48690937 1217677 423618779 1217677 472309716
4 0 48251389 1217677 424175824 1217677 472427213
5 0 47804676 1217677 424737535 1217677 472542211
6 0 47390999 1217677 425273895 1217677 472664894
7 0 46935397 1217677 425831828 1217677 472767225
8 0 46491147 1217677 426388206 1217677 472879353
9 0 46086506 1217677 426910715 1217677 472997221
10 0 45661847 1217677 427450260 1217677 473112107
11 0 45238004 1217677 427985527 1217677 473223531
12 0 44814587 1217677 428519553 1217677 473334140
13 0 44347003 1217677 429087042 1217677 473434045
14 0 43937826 1217677 429613143 1217677 473550969
15 0 43404540 1217677 430254834 1217677 473659374
16 0 42961271 1217677 430806120 1217677 473767391
17 0 42538205 1217677 431337739 1217677 473875944
18 0 42114083 1217677 431873118 1217677 473987201
19 0 41648167 1217677 432448069 1217677 474096236
20 0 41238730 1217677 432963652 1217677 474202382
21 0 40757740 1217677 433550844 1217677 474308584
22 0 40231343 1217677 434185035 1217677 474416378
23 0 39808888 1217677 434724210 1217677 474533098
24 0 39367193 1217677 435265940 1217677 474633133
25 0 38958997 1217677 435782967 1217677 474741964
26 0 38537394 1217677 436318179 1217677 474855573
27 0 38099977 1217677 436855742 1217677 474955719
28 0 37682133 1217677 437385584 1217677 475067717
29 0 37249475 1217677 437928129 1217677 475177604
30 0 36839984 1217677 438439896 1217677 475279880
31 0 36415122 1217677 438975867 1217677 475390989
32 0 35998592 1217677 439518098 1217677 475516690
33 0 35535898 1217677 440095086 1217677 475630984
34 0 35059648 1217677 440673075 1217677 475732723
35 0 34654008 1217677 441194861 1217677 475848869
36 0 34229646 1217677 441736091 1217677 475965737
37 0 33785561 1217677 442281266 1217677 476066827
38 0 33358644 1217677 442822755 1217677 476181399
39 0 32932022 1217677 443358134 1217677 476290156
40 0 32515697 1217677 443884327 1217677 476400024
41 0 32086465 1217677 444410613 1217677 476497078
42 0 31684955 1217677 444935010 1217677 476619965
43 0 31267944 1217677 445467333 1217677 476735277
44 0 30826583 1217677 446009637 1217677 476836220
45 0 30391943 1217677 446553571 1217677 476945514
46 0 29923045 1217677 447131893 1217677 477054938
47 0 29498367 1217677 447670994 1217677 477169361
48 0 28972859 1217677 448298667 1217677 477271526
49 0 28557071 1217677 448827490 1217677 477384561
50 0 27517758 1217677 449983541 1217677 477501299
51 0 26959269 1217677 450643695 1217677 477602964
52 0 26509907 1217677 451204184 1217677 477714091
53 0 26824345 1217677 451738359 1217677 478562704
54 0 26403317 1217677 452246997 1217677 478650314
55 0 26199080 1217677 452569787 1217677 478768867
56 0 26039232 1217677 452832226 1217677 478871458
57 0 25879475 1217677 453107610 1217677 478987085
58 0 25707460 1217677 453381012 1217677 479088472
59 0 25556778 1217677 453638858 1217677 479195636
60 0 25392855 1217677 453903224 1217677 479296079
61 0 25255654 1217677 454163441 1217677 479419095
62 0 25092843 1217677 454426528 1217677 479519371
63 0 24928180 1217677 454697541 1217677 479625721
64 0 24767627 1217677 454956944 1217677 479724571
1 0 59573965 1217799 231964685 1217799 291538650
2 0 58479116 1217799 233225864 1217799 291704980
3 0 58016958 1217799 233816260 1217799 291833218
4 0 57568781 1217799 234373953 1217799 291942734
5 0 57125734 1217799 234938609 1217799 292064343
6 0 56698336 1217799 235480209 1217799 292178545
7 0 56247418 1217799 236037032 1217799 292284450
8 0 55795890 1217799 236607224 1217799 292403114
9 0 55389324 1217799 237138177 1217799 292527501
10 0 54945333 1217799 237686462 1217799 292631795
11 0 54517304 1217799 238224489 1217799 292741793
12 0 54102423 1217799 238751349 1217799 292853772
13 0 53642210 1217799 239314745 1217799 292956955
14 0 53239126 1217799 239842716 1217799 293081842
15 0 52684914 1217799 240511352 1217799 293196266
16 0 52253071 1217799 241054415 1217799 293307486
17 0 51837079 1217799 241582312 1217799 293419391
18 0 51403661 1217799 242118598 1217799 293522259
19 0 50944022 1217799 242689420 1217799 293633442
20 0 50535752 1217799 243216095 1217799 293751847
21 0 50054429 1217799 243802620 1217799 293857049
22 0 49549883 1217799 244427775 1217799 293977658
23 0 49120965 1217799 244966913 1217799 294087878
24 0 48682382 1217799 245507309 1217799 294189691
25 0 48281834 1217799 246027058 1217799 294308892
26 0 47844546 1217799 246577344 1217799 294421890
27 0 47419480 1217799 247103500 1217799 294522980
28 0 46998340 1217799 247634934 1217799 294633274
29 0 46569348 1217799 248175628 1217799 294744976
30 0 46158801 1217799 248689358 1217799 294848159
31 0 45732328 1217799 249231292 1217799 294963620
32 0 45315225 1217799 249770578 1217799 295085803
33 0 44822086 1217799 250365437 1217799 295187523
34 0 44369706 1217799 250927296 1217799 295297002
35 0 43971621 1217799 251445212 1217799 295416833
36 0 43546204 1217799 251988090 1217799 295534294
37 0 43096546 1217799 252539764 1217799 295636310
38 0 42682387 1217799 253077902 1217799 295760289
39 0 42268210 1217799 253607188 1217799 295875398
40 0 41843626 1217799 254134270 1217799 295977896
41 0 41426912 1217799 254660778 1217799 296087690
42 0 41012865 1217799 255190564 1217799 296203429
43 0 40595687 1217799 255718443 1217799 296314130
44 0 40155344 1217799 256260803 1217799 296416147
45 0 39742112 1217799 256785218 1217799 296527330
46 0 39279639 1217799 257356781 1217799 296636420
47 0 38854925 1217799 257890067 1217799 296744992
48 0 38399434 1217799 258465815 1217799 296865249
49 0 37963406 1217799 259011360 1217799 296974766
50 0 37526785 1217799 259566460 1217799 297093245
51 0 37027776 1217799 260166671 1217799 297194447
52 0 36591321 1217799 260712716 1217799 297304037
53 0 36181700 1217799 261237113 1217799 297418813
54 0 36532156 1217799 261736233 1217799 298268389
55 0 36083720 1217799 262278685 1217799 298362405
56 0 35693543 1217799 262781453 1217799 298474996
57 0 35268162 1217799 263309109 1217799 298577271
58 0 34850023 1217799 263837580 1217799 298687603
59 0 34451271 1217799 264336904 1217799 298788175
60 0 34043704 1217799 264859672 1217799 298903376
61 0 33637527 1217799 265376310 1217799 299013837
62 0 33232813 1217799 265890633 1217799 299123446
63 0 32823636 1217799 266412289 1217799 299235925
64 0 32424977 1217799 266922724 1217799 299347701
1 0 51126055 1217921 17118774 1217921 68244829
2 0 50374477 1217921 18088181 1217921 68462658
3 0 50098242 1217921 18549394 1217921 68647636
4 0 49840692 1217921 18963108 1217921 68803800
5 0 49586178 1217921 19383211 1217921 68969389
6 0 49350109 1217921 19790592 1217921 69140701
7 0 48944358 1217921 20350136 1217921 69294494
8 0 48670604 1217921 20793331 1217921 69463935
9 0 48441423 1217921 21199638 1217921 69641061
10 0 48181243 1217921 21612963 1217921 69794206
11 0 47957191 1217921 22017641 1217921 69974832
12 0 48060838 1217921 22415818 1217921 70476656
13 0 47808973 1217921 22838569 1217921 70647542
14 0 47589792 1217921 23240061 1217921 70829853
15 0 47336704 1217921 23644498 1217921 70981202
16 0 47095190 1217921 24049008 1217921 71144198
17 0 46858195 1217921 24446797 1217921 71304992
18 0 46607922 1217921 24851104 1217921 71459026
19 0 46332335 1217921 25290243 1217921 71622578
20 0 46101932 1217921 25690476 1217921 71792408
21 0 45844548 1217921 26100709 1217921 71945257
22 0 45513795 1217921 26589977 1217921 72103772
23 0 45258226 1217921 26997099 1217921 72255325
24 0 45001638 1217921 27415869 1217921 72417507
25 0 44772421 1217921 27806972 1217921 72579393
26 0 44523092 1217921 28211668 1217921 72734760
27 0 44289875 1217921 28605919 1217921 72895794
28 0 44052897 1217921 29006060 1217921 73058957
29 0 43800514 1217921 29408311 1217921 73208825
30 0 43565926 1217921 29802155 1217921 73368081
31 0 43276672 1217921 30261887 1217921 73538559
32 0 43040510 1217921 30672564 1217921 73713074
33 0 42798311 1217921 31066538 1217921 73864849
34 0 42471521 1217921 31553658 1217921 74025179
35 0 42234803 1217921 31972928 1217921 74207731
36 0 41976328 1217921 32399067 1217921 74375395
37 0 41698703 1217921 32835151 1217921 74533854
38 0 41468819 1217921 33224199 1217921 74693018
39 0 41235545 1217921 33618618 1217921 74854163
40 0 40980995 1217921 34022647 1217921 75003642
41 0 40757203 1217921 34412639 1217921 75169842
42 0 40534688 1217921 34802928 1217921 75337616
43 0 40293842 1217921 35192920 1217921 75486762
44 0 40064920 1217921 35582246 1217921 75647166
45 0 39828462 1217921 35977849 1217921 75806311
46 0 39594393 1217921 36373582 1217921 75967975
47 0 39355637 1217921 36769186 1217921 76124823
48 0 39131439 1217921 37160474 1217921 76291913
49 0 38900165 1217921 37552670 1217921 76452835
50 0 38677096 1217921 37945718 1217921 76622814
51 0 38439582 1217921 38332155 1217921 76771737
52 0 38206160 1217921 38725814 1217921 76931974
53 0 37978164 1217921 39120140 1217921 77098304
54 0 37749002 1217921 39498410 1217921 77247412
55 0 37501304 1217921 39905365 1217921 77406669
56 0 37233216 1217921 40331968 1217921 77565184
57 0 36973351 1217921 40740923 1217921 77714274
58 0 36736374 1217921 41136248 1217921 77872622
59 0 36508194 1217921 41553925 1217921 78062119
60 0 36274568 1217921 41950455 1217921 78225023
61 0 36033814 1217921 42339947 1217921 78373761
62 0 35793837 1217921 42741217 1217921 78535054
63 0 35566749 1217921 43129654 1217921 78696403
64 0 35350031 1217921 43515868 1217921 78865899
1 0 51227739 1218042 816969987 1218042 868197726
2 0 50482846 1218042 817933320 1218042 868416166
3 0 50200703 1218042 818396311 1218042 868597014
4 0 49940190 1218042 818815062 1218042 868755252
5 0 49684121 1218042 819237924 1218042 868922045
6 0 49434848 1218042 819652305 1218042 869087153
7 0 49037856 1218042 820201368 1218042 869239224
8 0 48762973 1218042 820648933 1218042 869411906
9 0 48528940 1218042 821047333 1218042 869576273
10 0 48275796 1218042 821462566 1218042 869738362
11 0 48033375 1218042 821871206 1218042 869904581
12 0 48334221 1218042 822273124 1218042 870607345
13 0 48086633 1218042 822698116 1218042 870784749
14 0 47886119 1218042 823097626 1218042 870983745
15 0 47630865 1218042 823503396 1218042 871134261
16 0 47383703 1218042 823913944 1218042 871297647
17 0 47143652 1218042 824315436 1218042 871459088
18 0 46893287 1218042 824716113 1218042 871609400
19 0 46621458 1218042 825149753 1218042 871771211
20 0 46378296 1218042 825549264 1218042 871927560
21 0 46092154 1218042 825998921 1218042 872091075
22 0 45770697 1218042 826479727 1218042 872250424
23 0 45526609 1218042 826886608 1218042 872413217
24 0 45260300 1218042 827299433 1218042 872559733
25 0 45025934 1218042 827693240 1218042 872719174
26 0 44789772 1218042 828098121 1218042 872887893
27 0 44516018 1218042 828517798 1218042 873033816
28 0 44282745 1218042 828910790 1218042 873193535
29 0 44035880 1218042 829317523 1218042 873353403
30 0 43793292 1218042 829707441 1218042 873500733
31 0 43478113 1218042 830189506 1218042 873667619
32 0 43216636 1218042 830621850 1218042 873838486
33 0 42969216 1218042 831028730 1218042 873997946
34 0 42661462 1218042 831483296 1218042 874144758
35 0 42393430 1218042 831911750 1218042 874305180
36 0 42137194 1218042 832328668 1218042 874465862
37 0 41859070 1218042 832762141 1218042 874621211
38 0 41626779 1218042 833165596 1218042 874792375
39 0 41393024 1218042 833560162 1218042 874953186
40 0 41160788 1218042 833949562 1218042 875110350
41 0 40921088 1218042 834336277 1218042 875257365
42 0 40694222 1218042 834721992 1218042 875416214
43 0 40471023 1218042 835110540 1218042 875581563
44 0 40215991 1218042 835510050 1218042 875726041
45 0 39988015 1218042 835897857 1218042 875885872
46 0 39720982 1218042 836323812 1218042 876044794
47 0 39527319 1218042 836717527 1218042 876244846
48 0 39275194 1218042 837119982 1218042 876395176
49 0 39055847 1218042 837498456 1218042 876554303
50 0 38834647 1218042 837892467 1218042 876727114
51 0 38595153 1218042 838277903 1218042 876873056
52 0 38357046 1218042 838675007 1218042 877032053
53 0 38134421 1218042 839065795 1218042 877200216
54 0 37922184 1218042 839438696 1218042 877360880
55 0 37661838 1218042 839846965 1218042 877508803
56 0 37350196 1218042 840317141 1218042 877667337
57 0 37113737 1218042 840714856 1218042 877828593
58 0 36832984 1218042 841141347 1218042 877974331
59 0 36624618 1218042 841525358 1218042 878149976
60 0 36388955 1218042 841921795 1218042 878310750
61 0 36170737 1218042 842313213 1218042 878483950
62 0 35935575 1218042 842701113 1218042 878636688
63 0 35703413 1218042 843091180 1218042 878794593
64 0 35467565 1218042 843492413 1218042 878959978
1 0 54488786 1218164 631924872 1218164 686413658
2 0 53371660 1218164 633206254 1218164 686577914
3 0 52922632 1218164 633789224 1218164 686711856
4 0 52479918 1218164 634343398 1218164 686823316
5 0 52032797 1218164 634905591 1218164 686938388
6 0 51607343 1218164 635443821 1218164 687051164
7 0 51154796 1218164 636000144 1218164 687154940
8 0 50713934 1218164 636557133 1218164 687271067
9 0 50299609 1218164 637092974 1218164 687392583
10 0 49853674 1218164 637640963 1218164 687494637
11 0 49434848 1218164 638174509 1218164 687609357
12 0 49019838 1218164 638699572 1218164 687719410
13 0 48564958 1218164 639255154 1218164 687820112
14 0 48154410 1218164 639787496 1218164 687941906
15 0 47667216 1218164 640375632 1218164 688042848
16 0 47236613 1218164 640917677 1218164 688154290
17 0 46815974 1218164 641447222 1218164 688263196
18 0 46385556 1218164 641982471 1218164 688368027
19 0 45920954 1218164 642558386 1218164 688479340
20 0 45515499 1218164 643080227 1218164 688595726
21 0 45037971 1218164 643662938 1218164 688700909
22 0 44523110 1218164 644309463 1218164 688832573
23 0 44086397 1218164 644857285 1218164 688943682
24 0 43647999 1218164 645396478 1218164 689044477
25 0 43247783 1218164 645912117 1218164 689159900
26 0 42824033 1218164 646445717 1218164 689269750
27 0 42386986 1218164 646986003 1218164 689372989
28 0 41965068 1218164 647517789 1218164 689482857
29 0 41540854 1218164 648055075 1218164 689595929
30 0 41132622 1218164 648565509 1218164 689698131
31 0 40705075 1218164 649107961 1218164 689813036
32 0 40292934 1218164 649640044 1218164 689932978
33 0 40127012 1218164 650267568 1218164 690394580
34 0 39687261 1218164 650822872 1218164 690510133
35 0 39281991 1218164 651342510 1218164 690624501
36 0 38857721 1218164 651880889 1218164 690738610
37 0 38422804 1218164 652424508 1218164 690847312
38 0 37996683 1218164 652960293 1218164 690956976
39 0 37577766 1218164 653490116 1218164 691067882
40 0 37161273 1218164 654019458 1218164 691180731
41 0 36740615 1218164 654543003 1218164 691283618
42 0 36331437 1218164 655067197 1218164 691398634
43 0 35912686 1218164 655600520 1218164 691513206
44 0 35469917 1218164 656143009 1218164 691612926
45 0 35044852 1218164 656676813 1218164 691721665
46 0 34584861 1218164 657257709 1218164 691842570
47 0 34184498 1218164 657798940 1218164 691983438
48 0 33672231 1218164 658413094 1218164 692085325
49 0 33233128 1218164 658963287 1218164 692196415
50 0 32805358 1218164 659509332 1218164 692314690
51 0 32341108 1218164 660076562 1218164 692417670
52 0 31875414 1218164 660653143 1218164 692528557
53 0 31462625 1218164 661181633 1218164 692644258
54 0 31819193 1218164 661681567 1218164 693500760
55 0 31362257 1218164 662225760 1218164 693588017
56 0 30973746 1218164 662726788 1218164 693700534
57 0 30543588 1218164 663257740 1218164 693801328
58 0 30124540 1218164 663785323 1218164 693909863
59 0 29717197 1218164 664292905 1218164 694010102
60 0 29308352 1218164 664817599 1218164 694125951
61 0 28900379 1218164 665337755 1218164 694238134
62 0 28492646 1218164 665854412 1218164 694347058
63 0 28066192 1218164 666380753 1218164 694446945
64 0 27666607 1218164 666890336 1218164 694556943
1 0 83679196 1218286 432439875 1218286 516119071
2 0 82684068 1218286 433919105 1218286 516603173
3 0 82360482 1218286 434664498 1218286 517024980
4 0 81950934 1218286 435414557 1218286 517365491
5 0 81618329 1218286 436129951 1218286 517748280
6 0 81238097 1218286 436861825 1218286 518099922
7 0 80879196 1218286 437582348 1218286 518461544
8 0 80475722 1218286 438342556 1218286 518818278
9 0 80171709 1218286 439026413 1218286 519198122
10 0 79763421 1218286 439779509 1218286 519542930
11 0 79377762 1218286 440543105 1218286 519920867
12 0 79032640 1218286 441287942 1218286 520320582
13 0 78705702 1218286 441997780 1218286 520703482
14 0 78445965 1218286 442726322 1218286 521172287
15 0 78120750 1218286 443421234 1218286 521541984
16 0 77736461 1218286 444152183 1218286 521888644
17 0 77421800 1218286 444847021 1218286 522268821
18 0 77018086 1218286 445587488 1218286 522605574
19 0 76655815 1218286 446324844 1218286 522980659
20 0 76189658 1218286 447038552 1218286 523228210
21 0 75680853 1218286 447793519 1218286 523474372
22 0 75031384 1218286 448622299 1218286 523653683
23 0 74525561 1218286 449323081 1218286 523848642
24 0 73805093 1218286 450213620 1218286 524018713
25 0 73248716 1218286 450962253 1218286 524210969
26 0 72629764 1218286 451775071 1218286 524404835
27 0 72110201 1218286 452479723 1218286 524589924
28 0 71593451 1218286 453172673 1218286 524766124
29 0 71116572 1218286 453842771 1218286 524959343
30 0 70573508 1218286 454552276 1218286 525125784
31 0 70083833 1218286 455237947 1218286 525321780
32 0 69560232 1218286 455948119 1218286 525508351
33 0 69094612 1218286 456609402 1218286 525704014
34 0 68554956 1218286 457315425 1218286 525870381
35 0 68078816 1218286 457981894 1218286 526060710
36 0 67574493 1218286 458664158 1218286 526238651
37 0 67096429 1218286 459341274 1218286 526437703
38 0 66511903 1218286 460091834 1218286 526603737
39 0 66041820 1218286 460779283 1218286 526821103
40 0 65512533 1218286 461484770 1218286 526997303
41 0 65040931 1218286 462139035 1218286 527179966
42 0 64530294 1218286 462826132 1218286 527356426
43 0 64063987 1218286 463491138 1218286 527555125
44 0 63519424 1218286 464200772 1218286 527720196
45 0 63043804 1218286 464866870 1218286 527910674
46 0 62473834 1218286 465610911 1218286 528084745
47 0 62035639 1218286 466272509 1218286 528308148
48 0 61487224 1218286 466989254 1218286 528476478
49 0 61035955 1218286 467631112 1218286 528667067
50 0 60528483 1218286 468334932 1218286 528863415
51 0 60082547 1218286 468976679 1218286 529059226
52 0 59531521 1218286 469695053 1218286 529226574
53 0 58836442 1218286 470587240 1218286 529423682
54 0 58308822 1218286 471289152 1218286 529597974
55 0 57804406 1218286 471976324 1218286 529780730
56 0 57274343 1218286 472677773 1218286 529952116
57 0 56829962 1218286 473336501 1218286 530166463
58 0 56252529 1218286 474085116 1218286 530337645
59 0 55810853 1218286 474739936 1218286 530550789
60 0 55284493 1218286 475446330 1218286 530730823
61 0 54813946 1218286 476110891 1218286 530924837
62 0 54295456 1218286 476798285 1218286 531093741
63 0 53833373 1218286 477452791 1218286 531286164
64 0 53291420 1218286 478177036 1218286 531468456
1 0 51644656 1218408 256839117 1218408 308483773
2 0 50866024 1218408 257835356 1218408 308701380
3 0 50585751 1218408 258289403 1218408 308875154
4 0 50341386 1218408 258705580 1218408 309046966
5 0 50087076 1218408 259127794 1218408 309214870
6 0 49843395 1218408 259539786 1218408 309383181
7 0 49570382 1218408 259969148 1218408 309539530
8 0 49227760 1218408 260476082 1218408 309703842
9 0 48996653 1218408 260882445 1218408 309879098
10 0 48780527 1218408 261307011 1218408 310087538
11 0 48544533 1218408 261720391 1218408 310264924
12 0 48317888 1218408 262127439 1218408 310445327
13 0 48039542 1218408 262556579 1218408 310596121
14 0 47798750 1218408 262970034 1218408 310768784
15 0 47545033 1218408 263383303 1218408 310928336
16 0 47298575 1218408 263795147 1218408 311093722
17 0 47060839 1218408 264195250 1218408 311256089
18 0 46801344 1218408 264608094 1218408 311409438
19 0 46526627 1218408 265045752 1218408 311572379
20 0 46285409 1218408 265447578 1218408 311732987
21 0 45997156 1218408 265893958 1218408 311891114
22 0 45657867 1218408 266397244 1218408 312055111
23 0 45416611 1218408 266811033 1218408 312227644
24 0 45153709 1218408 267222173 1218408 312375882
25 0 44914158 1218408 267623906 1218408 312538064
26 0 44666701 1218408 268039416 1218408 312706117
27 0 44401225 1218408 268453852 1218408 312855077
28 0 44154562 1218408 268862085 1218408 313016647
29 0 43891364 1218408 269274336 1218408 313165700
30 0 43659498 1218408 269670366 1218408 313329864
31 0 43276506 1218408 270215836 1218408 313492342
32 0 43023418 1218408 270653717 1218408 313677135
33 0 42758997 1218408 271066375 1218408 313825372
34 0 42431985 1218408 271555514 1218408 313987499
35 0 42209730 1218408 271966728 1218408 314176458
36 0 41924124 1218408 272403294 1218408 314327418
37 0 41655019 1218408 272832396 1218408 314487415
38 0 41417764 1218408 273240092 1218408 314657856
39 0 41182825 1218408 273635084 1218408 314817909
40 0 40931514 1218408 274034614 1218408 314966128
41 0 40706259 1218408 274419273 1218408 315125532
42 0 40474467 1218408 274810358 1218408 315284825
43 0 40232676 1218408 275205683 1218408 315438359
44 0 39988088 1218408 275610231 1218408 315598319
45 0 39754389 1218408 276004853 1218408 315759242
46 0 39490024 1218408 276431919 1218408 315921943
47 0 39239251 1218408 276830911 1218408 316070162
48 0 39007367 1218408 277218403 1218408 316225770
49 0 38786501 1218408 277607025 1218408 316393526
50 0 38549061 1218408 278003647 1218408 316552708
51 0 38324028 1218408 278389677 1218408 316713705
52 0 38075959 1218408 278800483 1218408 316876442
53 0 37846482 1218408 279195550 1218408 317042032
54 0 37606765 1218408 279584375 1218408 317191140
55 0 37368714 1218408 279990034 1218408 317358748
56 0 37104960 1218408 280414970 1218408 317519930
57 0 36849946 1218408 280820703 1218408 317670649
58 0 36610192 1218408 281220769 1218408 317830961
59 0 36401659 1218408 281602984 1218408 318004643
60 0 36204626 1218408 281998513 1218408 318203139
61 0 35959037 1218408 282393654 1218408 318352691
62 0 35737134 1218408 282775591 1218408 318512725
63 0 35487954 1218408 283190490 1218408 318678444
64 0 35263291 1218408 283574946 1218408 318838237
1 0 51862874 1218530 87224966 1218530 139087840
2 0 51119185 1218530 88192484 1218530 139311669
3 0 50882727 1218530 88631235 1218530 139513962
4 0 50636269 1218530 89034449 1218530 139670718
5 0 50393996 1218530 89447256 1218530 139841252
6 0 50487439 1218530 89845766 1218530 140333205
7 0 50080780 1218530 90436347 1218530 140517127
8 0 49811322 1218530 90885931 1218530 140697253
9 0 49586271 1218530 91294368 1218530 140880639
10 0 49317647 1218530 91716341 1218530 141033988
11 0 49073985 1218530 92129740 1218530 141203725
12 0 48829934 1218530 92539084 1218530 141369018
13 0 48552550 1218530 92969539 1218530 141522089
14 0 48330907 1218530 93373975 1218530 141704882
15 0 48073485 1218530 93787449 1218530 141860934
16 0 47820527 1218530 94202200 1218530 142022727
17 0 47579625 1218530 94608247 1218530 142187872
18 0 47324686 1218530 95015517 1218530 142340203
19 0 47049006 1218530 95456249 1218530 142505255
20 0 46815566 1218530 95861186 1218530 142676752
21 0 46519071 1218530 96310196 1218530 142829267
22 0 46191912 1218530 96798130 1218530 142990042
23 0 45941176 1218530 97212974 1218530 143154150
24 0 45680662 1218530 97623411 1218530 143304073
25 0 45446186 1218530 98022310 1218530 143468496
26 0 45189820 1218530 98437913 1218530 143627733
27 0 44951898 1218530 98852072 1218530 143803970
28 0 44711070 1218530 99256305 1218530 143967375
29 0 44466982 1218530 99666852 1218530 144133834
30 0 44150544 1218530 100134991 1218530 144285535
31 0 43891234 1218530 100567038 1218530 144458272
32 0 43652794 1218530 100984308 1218530 144637102
33 0 43396355 1218530 101395115 1218530 144791470
34 0 43138267 1218530 101816736 1218530 144955003
35 0 42904513 1218530 102211728 1218530 145116241
36 0 42651184 1218530 102622702 1218530 145273886
37 0 42409559 1218530 103037564 1218530 145447123
38 0 42161454 1218530 103449574 1218530 145611028
39 0 41916125 1218530 103860770 1218530 145776895
40 0 41664222 1218530 104265059 1218530 145929281
41 0 41418079 1218530 104672458 1218530 146090537
42 0 41179269 1218530 105077357 1218530 146256626
43 0 40948162 1218530 105482831 1218530 146430993
44 0 40681741 1218530 105901971 1218530 146583712
45 0 40442783 1218530 106306389 1218530 146749172
46 0 40165678 1218530 106745769 1218530 146911447
47 0 39904442 1218530 107157002 1218530 147061444
48 0 39615373 1218530 107601160 1218530 147216533
49 0 39368934 1218530 108019170 1218530 147388104
50 0 39117661 1218530 108434662 1218530 147552323
51 0 38852814 1218530 108873339 1218530 147726153
52 0 38584653 1218530 109305571 1218530 147890224
53 0 38339028 1218530 109716804 1218530 148055832
54 0 38005331 1218530 110207072 1218530 148212403
55 0 37740725 1218530 110635656 1218530 148376381
56 0 37521211 1218530 111018130 1218530 148539341
57 0 37266605 1218530 111422307 1218530 148688912
58 0 37028257 1218530 111823392 1218530 148851649
59 0 36811558 1218530 112202848 1218530 149014406
60 0 36593877 1218530 112596544 1218530 149190421
61 0 36351882 1218530 112989888 1218530 149341770
62 0 36125109 1218530 113380565 1218530 149505674
63 0 35888595 1218530 113781335 1218530 149669930
64 0 35656506 1218530 114168124 1218530 149824630
