1 0 94995216 1218651 897342602 1218651 992337818
2 0 94262656 1218651 898301398 1218651 992564054
3 0 93989088 1218651 898761166 1218651 992750254
4 0 93687501 1218651 899221991 1218651 992909492
5 0 93421024 1218651 899657316 1218651 993078340
6 0 93098068 1218651 900150547 1218651 993248615
7 0 92826666 1218651 900582520 1218651 993409186
8 0 92588467 1218651 900994919 1218651 993583386
9 0 92308805 1218651 901429485 1218651 993738290
10 0 92075885 1218651 901845143 1218651 993921028
11 0 91829352 1218651 902256913 1218651 994086265
12 0 91576561 1218651 902665812 1218651 994242373
13 0 91309955 1218651 903095656 1218651 994405611
14 0 91076293 1218651 903502685 1218651 994578978
15 0 90820427 1218651 903912603 1218651 994733030
16 0 90574673 1218651 904321650 1218651 994896323
17 0 90329271 1218651 904728716 1218651 995057987
18 0 90053035 1218651 905158504 1218651 995211539
19 0 89795189 1218651 905578366 1218651 995373555
20 0 89551767 1218651 905995488 1218651 995547255
21 0 89289717 1218651 906407850 1218651 995697567
22 0 88971760 1218651 906900211 1218651 995871971
23 0 88708635 1218651 907324462 1218651 996033097
24 0 88474177 1218651 907733232 1218651 996207409
25 0 88222552 1218651 908154835 1218651 996377387
26 0 87959705 1218651 908566364 1218651 996526069
27 0 87724637 1218651 908964522 1218651 996689159
28 0 87475141 1218651 909383959 1218651 996859100
29 0 87226406 1218651 909780895 1218651 997007301
30 0 86920133 1218651 910251794 1218651 997171927
31 0 86663472 1218651 910685859 1218651 997349331
32 0 86418051 1218651 911083277 1218651 997501328
33 0 86156259 1218651 911506195 1218651 997662454
34 0 85885913 1218651 911926909 1218651 997812822
35 0 85565826 1218651 912408585 1218651 997974411
36 0 85297665 1218651 912835465 1218651 998133130
37 0 84998615 1218651 913291253 1218651 998289868
38 0 84736287 1218651 913713911 1218651 998450198
39 0 84500144 1218651 914114329 1218651 998614473
40 0 84264278 1218651 914509210 1218651 998773488
41 0 84032356 1218651 914904925 1218651 998937281
42 0 83794806 1218651 915306750 1218651 999101556
43 0 83563718 1218651 915691520 1218651 999255238
44 0 83282871 1218651 916134123 1218651 999416994
45 0 83045839 1218651 916532708 1218651 999578547
46 0 82796769 1218651 916929219 1218651 999725988
47 0 82556867 1218651 917332433 1218651 999889300
48 0 83341352 1218651 917717740 1218652 1059092
49 0 83136429 1218651 918129214 1218652 1265643
50 0 82912489 1218651 918520299 1218652 1432788
51 0 82679772 1218651 918903958 1218652 1583730
52 0 82436314 1218651 919308524 1218652 1744838
53 0 82223225 1218651 919683220 1218652 1906445
54 0 81884047 1218651 920179692 1218652 2063739
55 0 81619570 1218651 920606147 1218652 2225717
56 0 81368483 1218651 921018842 1218652 2387325
57 0 81122024 1218651 921413483 1218652 2535507
58 0 80917584 1218651 921794420 1218652 2712004
59 0 80656145 1218651 922204967 1218652 2861112
60 0 80431649 1218651 922597904 1218652 3029553
61 0 80208468 1218651 922991767 1218652 3200235
62 0 79983287 1218651 923391074 1218652 3374361
63 0 79744015 1218651 923782288 1218652 3526303
64 0 79496223 1218651 924191632 1218652 3687855
65 0 79273338 1218651 924583847 1218652 3857185
66 0 79031844 1218651 924977283 1218652 4009127
67 0 78801977 1218651 925369276 1218652 4171253
68 0 78550908 1218651 925783508 1218652 4334416
69 0 78282192 1218651 926201259 1218652 4483451
70 0 78052751 1218651 926594474 1218652 4647225
71 0 77827774 1218651 926997466 1218652 4825240
72 0 77612111 1218651 927376459 1218652 4988570
73 0 77341191 1218651 927794839 1218652 5136030
74 0 77120677 1218651 928186628 1218652 5307305
75 0 76887441 1218651 928579231 1218652 5466672
76 0 76660390 1218651 928986242 1218652 5646632
77 0 76434820 1218651 929362105 1218652 5796925
78 0 76191936 1218651 929764319 1218652 5956255
79 0 75811981 1218651 930305401 1218652 6117382
80 0 75556967 1218651 930709393 1218652 6266360
81 0 75276547 1218651 931150866 1218652 6427413
82 0 75060606 1218651 931534600 1218652 6595206
83 0 74788296 1218651 931954777 1218652 6743073
84 0 74553449 1218651 932352065 1218652 6905514
85 0 74309806 1218651 932754390 1218652 7064196
86 0 74101884 1218651 933159901 1218652 7261785
87 0 73862685 1218651 933549597 1218652 7412282
88 0 73630578 1218651 933941886 1218652 7572464
89 0 73403064 1218651 934329619 1218652 7732683
90 0 73166014 1218651 934728944 1218652 7894958
91 0 72907556 1218651 935142029 1218652 8049585
92 0 72672283 1218651 935547669 1218652 8219952
93 0 72441324 1218651 935938069 1218652 8379393
94 0 72202532 1218651 936335117 1218652 8537649
95 0 71965389 1218651 936741442 1218652 8706831
96 0 71736189 1218651 937130083 1218652 8866272
97 0 71496953 1218651 937535538 1218652 9032491
98 0 71278976 1218651 937912827 1218652 9191803
99 0 71045499 1218651 938304171 1218652 9349670
100 0 70805764 1218651 938703885 1218652 9509649
101 0 70566509 1218651 939090026 1218652 9656535
102 0 70318847 1218651 939495962 1218652 9814809
103 0 70098741 1218651 939886621 1218652 9985362
104 0 69848708 1218651 940334020 1218652 10182728
105 0 69687767 1218651 940728901 1218652 10416668
106 0 69423328 1218651 941160985 1218652 10584313
107 0 69178647 1218651 941567459 1218652 10746106
108 0 68938763 1218651 941956766 1218652 10895529
109 0 68708230 1218651 942359592 1218652 11067822
110 0 68483272 1218651 942755380 1218652 11238652
111 0 68239813 1218651 943158206 1218652 11398019
112 0 67994930 1218651 943561605 1218652 11556535
113 0 67761934 1218651 943952746 1218652 11714680
114 0 67541216 1218651 944343923 1218652 11885139
115 0 67299166 1218651 944734341 1218652 12033507
116 0 67044948 1218651 945148333 1218652 12193281
117 0 66821582 1218651 945531048 1218652 12352630
118 0 66557791 1218651 945964225 1218652 12522016
119 0 66307425 1218651 946362421 1218652 12669846
120 0 66079801 1218651 946756320 1218652 12836121
121 0 65842971 1218651 947158998 1218652 13001969
122 0 65613495 1218651 947538138 1218652 13151633
123 0 65360110 1218651 947945964 1218652 13306074
124 0 65115394 1218651 948352511 1218652 13467905
125 0 64895212 1218651 948738689 1218652 13633901
126 0 64642976 1218651 949143422 1218652 13786398
127 0 64403944 1218651 949541247 1218652 13945191
128 0 64152764 1218651 949956054 1218652 14108818
1 0 95096482 1218773 707130231 1218773 802226713
2 0 94349978 1218773 708099268 1218773 802449246
3 0 94045909 1218773 708566111 1218773 802612020
4 0 93776489 1218773 709005750 1218773 802782239
5 0 93520180 1218773 709446482 1218773 802966662
6 0 93238721 1218773 709882252 1218773 803120973
7 0 92920820 1218773 710365613 1218773 803286433
8 0 92685381 1218773 710778864 1218773 803464245
9 0 92410701 1218773 711204133 1218773 803614834
10 0 92156743 1218773 711621866 1218773 803778609
11 0 91923303 1218773 712029876 1218773 803953179
12 0 91682011 1218773 712433813 1218773 804115824
13 0 91418127 1218773 712862194 1218773 804280321
14 0 91172262 1218773 713256649 1218773 804428911
15 0 90926897 1218773 713669011 1218773 804595908
16 0 90685883 1218773 714071244 1218773 804757127
17 0 90438332 1218773 714476218 1218773 804914550
18 0 90168152 1218773 714908413 1218773 805076565
19 0 89921675 1218773 715317016 1218773 805238691
20 0 89637032 1218773 715748786 1218773 805385818
21 0 89389334 1218773 716157666 1218773 805547000
22 0 89072840 1218773 716654342 1218773 805727182
23 0 88804234 1218773 717073426 1218773 805877660
24 0 88570350 1218773 717467474 1218773 806037824
25 0 88299114 1218773 717897244 1218773 806196358
26 0 88058304 1218773 718306328 1218773 806364632
27 0 87816068 1218773 718710765 1218773 806526833
28 0 87554111 1218773 719127923 1218773 806682034
29 0 87323245 1218773 719518860 1218773 806842105
30 0 87055805 1218773 719945982 1218773 807001787
31 0 86726053 1218773 720426620 1218773 807152673
32 0 86503001 1218773 720826502 1218773 807329503
33 0 86246098 1218773 721246901 1218773 807492999
34 0 85941901 1218773 721706781 1218773 807648682
35 0 85667888 1218773 722140976 1218773 807808864
36 0 84918217 1218773 723052458 1218773 807970675
37 0 84637371 1218773 723481672 1218773 808119043
38 0 84397894 1218773 723879479 1218773 808277373
39 0 84144714 1218773 724282897 1218773 808427611
40 0 83926811 1218773 724678389 1218773 808605200
41 0 83686982 1218773 725077937 1218773 808764919
42 0 83428524 1218773 725482948 1218773 808911472
43 0 83198529 1218773 725873866 1218773 809072395
44 0 82947885 1218773 726289599 1218773 809237484
45 0 82699909 1218773 726684776 1218773 809384685
46 0 82474302 1218773 727075824 1218773 809550126
47 0 82238899 1218773 727476594 1218773 809715493
48 0 81996459 1218773 727865383 1218773 809861842
49 0 81763723 1218773 728292393 1218773 810056116
50 0 81534987 1218773 728676756 1218773 810211743
51 0 81324787 1218773 729067230 1218773 810392017
52 0 81074717 1218773 729477815 1218773 810552532
53 0 80846000 1218773 729855215 1218773 810701215
54 0 80546913 1218773 730317428 1218773 810864341
55 0 80292103 1218773 730733105 1218773 811025208
56 0 80051034 1218773 731130301 1218773 811181335
57 0 79782780 1218773 731569348 1218773 811352128
58 0 79574599 1218773 731949692 1218773 811524291
59 0 79321567 1218773 732352944 1218773 811674511
60 0 79097405 1218773 732739177 1218773 811836582
61 0 78869909 1218773 733128484 1218773 811998393
62 0 78622802 1218773 733529884 1218773 812152686
63 0 78405048 1218773 733917080 1218773 812322128
64 0 78177515 1218773 734313165 1218773 812490680
65 0 77936909 1218773 734700583 1218773 812637492
66 0 77705488 1218773 735089779 1218773 812795267
67 0 77472566 1218773 735484901 1218773 812957467
68 0 77241903 1218773 735886931 1218773 813128834
69 0 76986520 1218773 736292089 1218773 813278609
70 0 76755469 1218773 736682526 1218773 813437995
71 0 76530140 1218773 737070389 1218773 813600529
72 0 76277756 1218773 737468418 1218773 813746174
73 0 76024464 1218773 737882281 1218773 813906745
74 0 75812672 1218773 738258255 1218773 814070927
75 0 75589584 1218773 738645210 1218773 814234794
76 0 75348830 1218773 739050702 1218773 814399532
77 0 75124000 1218773 739434973 1218773 814558973
78 0 74881912 1218773 739837613 1218773 814719525
79 0 74534641 1218773 740341529 1218773 814876170
80 0 74285627 1218773 740758188 1218773 815043815
81 0 74041744 1218773 741160698 1218773 815202442
82 0 73777342 1218773 741585338 1218773 815362680
83 0 73518977 1218773 741990052 1218773 815509029
84 0 73283184 1218773 742384267 1218773 815667451
85 0 73046337 1218773 742788963 1218773 815835300
86 0 72802175 1218773 743177400 1218773 815979575
87 0 72575661 1218773 743561355 1218773 816137016
88 0 72340351 1218773 743962162 1218773 816302513
89 0 72116299 1218773 744350766 1218773 816467065
90 0 71858008 1218773 744760036 1218773 816618044
91 0 71608162 1218773 745167694 1218773 816775856
92 0 71380277 1218773 745564983 1218773 816945260
93 0 71142578 1218773 745953327 1218773 817095905
94 0 70915156 1218773 746351338 1218773 817266494
95 0 70681458 1218773 746742293 1218773 817423751
96 0 70459054 1218773 747129230 1218773 817588284
97 0 70185134 1218773 747548629 1218773 817733763
98 0 69955786 1218773 747933307 1218773 817889093
99 0 69723772 1218773 748324133 1218773 818047905
100 0 69478795 1218773 748714922 1218773 818193717
101 0 69244726 1218773 749102655 1218773 818347381
102 0 68998620 1218773 749513443 1218773 818512063
103 0 68788253 1218773 749890473 1218773 818678726
104 0 68478648 1218773 750344742 1218773 818823390
105 0 68340243 1218773 750742012 1218773 819082255
106 0 68129099 1218773 751124023 1218773 819253122
107 0 67839716 1218773 751571107 1218773 819410823
108 0 67614517 1218773 751954914 1218773 819569431
109 0 67361503 1218773 752368406 1218773 819729909
110 0 67126119 1218773 752767287 1218773 819893406
111 0 66916919 1218773 753150780 1218773 820067699
112 0 66670813 1218773 753571716 1218773 820242529
113 0 66484483 1218773 753963468 1218773 820447951
114 0 66245248 1218773 754351793 1218773 820597041
115 0 66013437 1218773 754741656 1218773 820755093
116 0 65779349 1218773 755135463 1218773 820914812
117 0 65545816 1218773 755528456 1218773 821074272
118 0 65298654 1218773 755920800 1218773 821219454
119 0 65066974 1218773 756316996 1218773 821383970
120 0 64833923 1218773 756709988 1218773 821543911
121 0 64591095 1218773 757098295 1218773 821689390
122 0 64354080 1218773 757499195 1218773 821853275
123 0 64109567 1218773 757901187 1218773 822010754
124 0 63896441 1218773 758278754 1218773 822175195
125 0 63657002 1218773 758671209 1218773 822328211
126 0 63413006 1218773 759082127 1218773 822495133
127 0 63179585 1218773 759477656 1218773 822657241
128 0 65484669 1218773 759882297 1218773 825366966
1 0 93422013 1218895 516518006 1218895 609940019
2 0 93721896 1218895 517456469 1218895 611178365
3 0 93439679 1218895 517909960 1218895 611349639
4 0 93171740 1218895 518355118 1218895 611526858
5 0 92895801 1218895 518790202 1218895 611686003
6 0 92654417 1218895 519222212 1218895 611876629
7 0 92404718 1218895 519637889 1218895 612042607
8 0 92011762 1218895 520185953 1218895 612197715
9 0 91727527 1218895 520634907 1218895 612362434
10 0 91467533 1218895 521058065 1218895 612525598
11 0 91211075 1218895 521465909 1218895 612676984
12 0 90974394 1218895 521873679 1218895 612848073
13 0 90732251 1218895 522292189 1218895 613024440
14 0 90484644 1218895 522691441 1218895 613176085
15 0 90234520 1218895 523104729 1218895 613339249
16 0 89998635 1218895 523505277 1218895 613503912
17 0 89749937 1218895 523906306 1218895 613656243
18 0 89496219 1218895 524328761 1218895 613824980
19 0 89235336 1218895 524740308 1218895 613975644
20 0 88982433 1218895 525153930 1218895 614136363
21 0 88749567 1218895 525550441 1218895 614300008
22 0 88422573 1218895 526041635 1218895 614464208
23 0 88176263 1218895 526457423 1218895 614633686
24 0 87951731 1218895 526847249 1218895 614798980
25 0 87674366 1218895 527272333 1218895 614946699
26 0 87428371 1218895 527676899 1218895 615105270
27 0 87202356 1218895 528062966 1218895 615265322
28 0 86946213 1218895 528473958 1218895 615420171
29 0 86729384 1218895 528860191 1218895 615589575
30 0 86466815 1218895 529282053 1218895 615748868
31 0 86215561 1218895 529693971 1218895 615909532
32 0 85947677 1218895 530128759 1218895 616076436
33 0 85661350 1218895 530565954 1218895 616227304
34 0 85386429 1218895 531001520 1218895 616387949
35 0 85117490 1218895 531438511 1218895 616556001
36 0 84851365 1218895 531854929 1218895 616706294
37 0 84582630 1218895 532284180 1218895 616866810
38 0 84339246 1218895 532688931 1218895 617028177
39 0 84093973 1218895 533090979 1218895 617184952
40 0 83872996 1218895 533485008 1218895 617358004
41 0 83652851 1218895 533876538 1218895 617529389
42 0 83418264 1218895 534262252 1218895 617680516
43 0 83186583 1218895 534654893 1218895 617841476
44 0 82932328 1218895 535062404 1218895 617994732
45 0 82701000 1218895 535451507 1218895 618152507
46 0 82484134 1218895 535838166 1218895 618322300
47 0 82232749 1218895 536238140 1218895 618470889
48 0 82019736 1218895 536610836 1218895 618630572
49 0 81777554 1218895 537015662 1218895 618793216
50 0 81549615 1218895 537392506 1218895 618942121
51 0 81331248 1218895 537775166 1218895 619106414
52 0 81102401 1218895 538177491 1218895 619279892
53 0 80877146 1218895 538551317 1218895 619428463
54 0 80638651 1218895 538959272 1218895 619597923
55 0 80400692 1218895 539346061 1218895 619746753
56 0 80167049 1218895 539741016 1218895 619908065
57 0 79923239 1218895 540174489 1218895 620097728
58 0 79710817 1218895 540562704 1218895 620273521
59 0 79468173 1218895 540971400 1218895 620439573
60 0 79239289 1218895 541361596 1218895 620600885
61 0 78997646 1218895 541753921 1218895 620751567
62 0 78776502 1218895 542143562 1218895 620920064
63 0 78577006 1218895 542517110 1218895 621094116
64 0 78338085 1218895 542928250 1218895 621266335
65 0 78101404 1218895 543315113 1218895 621416517
66 0 77878501 1218895 543699291 1218895 621577792
67 0 77641821 1218895 544098579 1218895 621740400
68 0 77386326 1218895 544502534 1218895 621888860
69 0 77173255 1218895 544883657 1218895 622056912
70 0 76911371 1218895 545305871 1218895 622217242
71 0 76686024 1218895 545693993 1218895 622380017
72 0 76447880 1218895 546079356 1218895 622527236
73 0 76198052 1218895 546487940 1218895 622685992
74 0 75994094 1218895 546861414 1218895 622855508
75 0 75738876 1218895 547264888 1218895 623003764
76 0 75526140 1218895 547647436 1218895 623173576
77 0 75306737 1218895 548031595 1218895 623338332
78 0 75072481 1218895 548426162 1218895 623498643
79 0 74851338 1218895 548796821 1218895 623648159
80 0 74613880 1218895 549202572 1218895 623816452
81 0 74386476 1218895 549589917 1218895 623976393
82 0 74135370 1218895 549988020 1218895 624123390
83 0 73819617 1218895 550463455 1218895 624283072
84 0 73602770 1218895 550842429 1218895 624445199
85 0 73348756 1218895 551257995 1218895 624606751
86 0 73109538 1218895 551651525 1218895 624761063
87 0 72894098 1218895 552026351 1218895 624920449
88 0 72643918 1218895 552435843 1218895 625079761
89 0 72396330 1218895 552830428 1218895 625226758
90 0 72160113 1218895 553221216 1218895 625381329
91 0 71918487 1218895 553622931 1218895 625541418
92 0 71708362 1218895 554008127 1218895 625716489
93 0 71474496 1218895 554392860 1218895 625867356
94 0 71253408 1218895 554783445 1218895 626036853
95 0 70990710 1218895 555206955 1218895 626197665
96 0 70752214 1218895 555594985 1218895 626347199
97 0 70529163 1218895 555984848 1218895 626514011
98 0 70308148 1218895 556367896 1218895 626676044
99 0 70090783 1218895 556746314 1218895 626837097
100 0 69845714 1218895 557137436 1218895 626983150
101 0 69627810 1218895 557523855 1218895 627151665
102 0 69401611 1218895 557918643 1218895 627320254
103 0 69184967 1218895 558289710 1218895 627474677
104 0 68936916 1218895 558697017 1218895 627633933
105 0 68805845 1218895 559072491 1218895 627878336
106 0 68575701 1218895 559466428 1218895 628042129
107 0 68323280 1218895 559870050 1218895 628193330
108 0 68060433 1218895 560302171 1218895 628362604
109 0 67794271 1218895 560728200 1218895 628522471
110 0 67555035 1218895 561116100 1218895 628671135
111 0 67329837 1218895 561499777 1218895 628829614
112 0 67101063 1218895 561900214 1218895 629001277
113 0 66888660 1218895 562274151 1218895 629162811
114 0 66642665 1218895 562676495 1218895 629319160
115 0 66410687 1218895 563063673 1218895 629474360
116 0 66189766 1218895 563445739 1218895 629635505
117 0 65950789 1218895 563832510 1218895 629783299
118 0 65733442 1218895 564210076 1218895 629943518
119 0 65778125 1218895 564609032 1218895 630387157
120 0 65559148 1218895 565002450 1218895 630561598
121 0 65323060 1218895 565387998 1218895 630711058
122 0 65102343 1218895 565771694 1218895 630874037
123 0 64868773 1218895 566165668 1218895 631034441
124 0 64634982 1218895 566547123 1218895 631182105
125 0 64420356 1218895 566936060 1218895 631356416
126 0 64202453 1218895 567317886 1218895 631520339
127 0 63995123 1218895 567723156 1218895 631718279
128 0 63747814 1218895 568121333 1218895 631869147
1 0 94908149 1219017 296415460 1219017 391323609
2 0 94181646 1219017 297359330 1219017 391540976
3 0 93885262 1219017 297819210 1219017 391704472
4 0 93612100 1219017 298262276 1219017 391874376
5 0 93352791 1219017 298698767 1219017 392051558
6 0 93098129 1219017 299118722 1219017 392216851
7 0 92857653 1219017 299525825 1219017 392383478
8 0 92626064 1219017 299923503 1219017 392549567
9 0 92220239 1219017 300493899 1219017 392714138
10 0 91952207 1219017 300924057 1219017 392876264
11 0 91695990 1219017 301332142 1219017 393028132
12 0 91464587 1219017 301737245 1219017 393201832
13 0 91220944 1219017 302148644 1219017 393369588
14 0 90965912 1219017 302557062 1219017 393522974
15 0 90717138 1219017 302969425 1219017 393686563
16 0 90477884 1219017 303373917 1219017 393851801
17 0 90228963 1219017 303772909 1219017 394001872
18 0 89975356 1219017 304197142 1219017 394172498
19 0 89734269 1219017 304599430 1219017 394333699
20 0 89462014 1219017 305021700 1219017 394483714
21 0 89228704 1219017 305419433 1219017 394648137
22 0 88901526 1219017 305919349 1219017 394820875
23 0 88639512 1219017 306333452 1219017 394972964
24 0 88419758 1219017 306721203 1219017 395140961
25 0 88150541 1219017 307142843 1219017 395293384
26 0 87914934 1219017 307547910 1219017 395462844
27 0 87684901 1219017 307940717 1219017 395625618
28 0 87427814 1219017 308354505 1219017 395782319
29 0 87213040 1219017 308741294 1219017 395954334
30 0 86952471 1219017 309162323 1219017 396114794
31 0 86690809 1219017 309575074 1219017 396265883
32 0 86460962 1219017 309969196 1219017 396430158
33 0 86149968 1219017 310455705 1219017 396605673
34 0 85884658 1219017 310870586 1219017 396755244
35 0 85574480 1219017 311348539 1219017 396923019
36 0 85301929 1219017 311770179 1219017 397072108
37 0 85028527 1219017 312203467 1219017 397231994
38 0 84792588 1219017 312600570 1219017 397393158
39 0 84556481 1219017 312994137 1219017 397550618
40 0 84344374 1219017 313381055 1219017 397725429
41 0 84121712 1219017 313773788 1219017 397895500
42 0 83881809 1219017 314164429 1219017 398046238
43 0 83649147 1219017 314556199 1219017 398205346
44 0 83404799 1219017 314962080 1219017 398366879
45 0 83166416 1219017 315350109 1219017 398516525
46 0 82947419 1219017 315739491 1219017 398686910
47 0 82713165 1219017 316136835 1219017 398850000
48 0 82478355 1219017 316521290 1219017 398999645
49 0 82232416 1219017 316926930 1219017 399159346
50 0 82004271 1219017 317304979 1219017 399309250
51 0 81782646 1219017 317688286 1219017 399470932
52 0 81543650 1219017 318091945 1219017 399635595
53 0 81319303 1219017 318464882 1219017 399784185
54 0 81075827 1219017 318869837 1219017 399945664
55 0 80901793 1219017 319273366 1219017 400175159
56 0 80677019 1219017 319656655 1219017 400333674
57 0 80382359 1219017 320113405 1219017 400495764
58 0 80184584 1219017 320506435 1219017 400691019
59 0 79928127 1219017 320912871 1219017 400840998
60 0 79703724 1219017 321298308 1219017 401002032
61 0 79482543 1219017 321683449 1219017 401165992
62 0 79240825 1219017 322079756 1219017 401320581
63 0 79033348 1219017 322451860 1219017 401485208
64 0 78791963 1219017 322864815 1219017 401656778
65 0 78568746 1219017 323248474 1219017 401817220
66 0 78343917 1219017 323636151 1219017 401980068
67 0 78122643 1219017 324019311 1219017 402141954
68 0 77884129 1219017 324420914 1219017 402305043
69 0 77654985 1219017 324808203 1219017 402463188
70 0 77379936 1219017 325244416 1219017 402624352
71 0 77151015 1219017 325634001 1219017 402785016
72 0 76904593 1219017 326030271 1219017 402934864
73 0 76656894 1219017 326445208 1219017 403102102
74 0 76445380 1219017 326819571 1219017 403264951
75 0 76222421 1219017 327215693 1219017 403438114
76 0 75991944 1219017 327608796 1219017 403600740
77 0 75776041 1219017 327995937 1219017 403771978
78 0 75540249 1219017 328394466 1219017 403934715
79 0 75314884 1219017 328769125 1219017 404084009
80 0 75074999 1219017 329175358 1219017 404250357
81 0 74860151 1219017 329567258 1219017 404427409
82 0 74629471 1219017 329958158 1219017 404587629
83 0 74267959 1219017 330467352 1219017 404735311
84 0 74051833 1219017 330845252 1219017 404897085
85 0 73796784 1219017 331260984 1219017 405057768
86 0 73567547 1219017 331646643 1219017 405214190
87 0 73351570 1219017 332022099 1219017 405373669
88 0 73116778 1219017 332417536 1219017 405534314
89 0 72932485 1219017 332801936 1219017 405734421
90 0 72689842 1219017 333195502 1219017 405885344
91 0 72435995 1219017 333609401 1219017 406045396
92 0 72213759 1219017 333996968 1219017 406210727
93 0 71979560 1219017 334380127 1219017 406359687
94 0 71766045 1219017 334764286 1219017 406530331
95 0 71507550 1219017 335192000 1219017 406699550
96 0 71281703 1219017 335578770 1219017 406860473
97 0 71023727 1219017 335983577 1219017 407007304
98 0 70811119 1219017 336356348 1219017 407167467
99 0 70591772 1219017 336736840 1219017 407328612
100 0 70335944 1219017 337140758 1219017 407476702
101 0 70123447 1219017 337529677 1219017 407653124
102 0 69887285 1219017 337925725 1219017 407813010
103 0 69677234 1219017 338298754 1219017 407975988
104 0 69423905 1219017 338709728 1219017 408133633
105 0 69296445 1219017 339084332 1219017 408380777
106 0 69079172 1219017 339476694 1219017 408555866
107 0 68826214 1219017 339879094 1219017 408705308
108 0 68540071 1219017 340326159 1219017 408866230
109 0 68275317 1219017 340750947 1219017 409026264
110 0 68047673 1219017 341141051 1219017 409188724
111 0 67812937 1219017 341523266 1219017 409336203
112 0 67569312 1219017 341944720 1219017 409514032
113 0 67363964 1219017 342321195 1219017 409685159
114 0 67108080 1219017 342726113 1219017 409834193
115 0 66884159 1219017 343109716 1219017 409993875
116 0 67991026 1219017 343494579 1219017 411485605
117 0 67787622 1219017 343876257 1219017 411663879
118 0 67562868 1219017 344252953 1219017 411815821
119 0 67320040 1219017 344659093 1219017 411979133
120 0 67085766 1219017 345054678 1219017 412140444
121 0 66849344 1219017 345441171 1219017 412290515
122 0 66632035 1219017 345826385 1219017 412458420
123 0 66403224 1219017 346222989 1219017 412626213
124 0 66184580 1219017 346604611 1219017 412789191
125 0 65942252 1219017 346994640 1219017 412936892
126 0 65689238 1219017 347387781 1219017 413077019
127 0 65449279 1219017 347791625 1219017 413240904
128 0 65163341 1219017 348190728 1219017 413354069
1 0 94930408 1219139 56726597 1219139 151657005
2 0 94217329 1219139 57662264 1219139 151879593
3 0 93917186 1219139 58123663 1219139 152040849
4 0 93646321 1219139 58564228 1219139 152210549
5 0 93365845 1219139 59001701 1219139 152367546
6 0 93115758 1219139 59424878 1219139 152540636
7 0 92872096 1219139 59834518 1219139 152706614
8 0 92523861 1219139 60333694 1219139 152857555
9 0 92252774 1219139 60772278 1219139 153025052
10 0 91999408 1219139 61191270 1219139 153190678
11 0 91739118 1219139 61603854 1219139 153342972
12 0 91505696 1219139 62007902 1219139 153513598
13 0 91261645 1219139 62430431 1219139 153692076
14 0 91024799 1219139 62817719 1219139 153842518
15 0 90792728 1219139 63225397 1219139 154018125
16 0 90543808 1219139 63624333 1219139 154168141
17 0 90307516 1219139 64024825 1219139 154332341
18 0 90053799 1219139 64448150 1219139 154501949
19 0 89797230 1219139 64855124 1219139 154652354
20 0 89536198 1219139 65276301 1219139 154812499
21 0 89293609 1219139 65681275 1219139 154974884
22 0 88966857 1219139 66168265 1219139 155135122
23 0 88718399 1219139 66585183 1219139 155303582
24 0 88491829 1219139 66974768 1219139 155466597
25 0 88218872 1219139 67400704 1219139 155619576
26 0 87975099 1219139 67800918 1219139 155776017
27 0 87742917 1219139 68197874 1219139 155940791
28 0 87480479 1219139 68611143 1219139 156091622
29 0 87258650 1219139 69002302 1219139 156260952
30 0 86987433 1219139 69423553 1219139 156410986
31 0 86741049 1219139 69834508 1219139 156575557
32 0 86424555 1219139 70318721 1219139 156743276
33 0 86155171 1219139 70744139 1219139 156899310
34 0 85902694 1219139 71157557 1219139 157060251
35 0 85657718 1219139 71571863 1219139 157229581
36 0 85406649 1219139 71971096 1219139 157377745
37 0 85153265 1219139 72385551 1219139 157538816
38 0 84870103 1219139 72830376 1219139 157700479
39 0 84616460 1219139 73255016 1219139 157871476
40 0 83872012 1219139 74171387 1219139 158043399
41 0 83629498 1219139 74582953 1219139 158212451
42 0 83388965 1219139 74973890 1219139 158362855
43 0 83153637 1219139 75371919 1219139 158525556
44 0 82894901 1219139 75779874 1219139 158674775
45 0 82664961 1219139 76171237 1219139 158836198
46 0 82448132 1219139 76555007 1219139 159003139
47 0 82196193 1219139 76956814 1219139 159153007
48 0 81964919 1219139 77348436 1219139 159313355
49 0 81708869 1219139 77766372 1219139 159475241
50 0 81480669 1219139 78142791 1219139 159623460
51 0 81253711 1219139 78530265 1219139 159783976
52 0 81024327 1219139 78935775 1219139 159960102
53 0 80884293 1219139 79309786 1219139 160194079
54 0 80642260 1219139 79717556 1219139 160359816
55 0 80331618 1219139 80182788 1219139 160514406
56 0 80078585 1219139 80597521 1219139 160676106
57 0 79835831 1219139 81001291 1219139 160837122
58 0 79626299 1219139 81379005 1219139 161005304
59 0 79384859 1219139 81784997 1219139 161169856
60 0 79160863 1219139 82169323 1219139 161330186
61 0 78923016 1219139 82556575 1219139 161479591
62 0 78700890 1219139 82946716 1219139 161647606
63 0 78514042 1219139 83318097 1219139 161832139
64 0 78250047 1219139 83730219 1219139 161980266
65 0 78018274 1219139 84117304 1219139 162135578
66 0 77791334 1219139 84502426 1219139 162293760
67 0 77563820 1219139 84888974 1219139 162452794
68 0 77312547 1219139 85287133 1219139 162599680
69 0 77091570 1219139 85675940 1219139 162767510
70 0 76857316 1219139 86068506 1219139 162925822
71 0 76621357 1219139 86454851 1219139 163076208
72 0 76394269 1219139 86840621 1219139 163234890
73 0 76145589 1219139 87249576 1219139 163395165
74 0 75918945 1219139 87635920 1219139 163554865
75 0 75675542 1219139 88035320 1219139 163710862
76 0 75458287 1219139 88424701 1219139 163882988
77 0 75243606 1219139 88809657 1219139 164053263
78 0 74996740 1219139 89203205 1219139 164199945
79 0 74776190 1219139 89582919 1219139 164359109
80 0 74545639 1219139 89979115 1219139 164524754
81 0 74148775 1219139 90536290 1219139 164685065
82 0 73913206 1219139 90920190 1219139 164833396
83 0 73621526 1219139 91373144 1219139 164994670
84 0 73400050 1219139 91754673 1219139 165154723
85 0 73141184 1219139 92160925 1219139 165302109
86 0 72919763 1219139 92547343 1219139 165467106
87 0 72720322 1219139 92920910 1219139 165641232
88 0 72465050 1219139 93334068 1219139 165799118
89 0 72237406 1219139 93708524 1219139 165945930
90 0 71992355 1219139 94104979 1219139 166097334
91 0 71743953 1219139 94512082 1219139 166256035
92 0 71516401 1219139 94903686 1219139 166420087
93 0 71278832 1219139 95300345 1219139 166579177
94 0 71068262 1219139 95682893 1219139 166751155
95 0 70831229 1219139 96083274 1219139 166914503
96 0 70577012 1219139 96482470 1219139 167059482
97 0 70356146 1219139 96870814 1219139 167226960
98 0 70121225 1219139 97262825 1219139 167384050
99 0 69884174 1219139 97647614 1219139 167531788
100 0 69657752 1219139 98030755 1219139 167688507
101 0 69436849 1219139 98412284 1219139 167849133
102 0 69223002 1219139 98823498 1219139 168046500
103 1 67034795 1219139 99199528 1219140 166234323
104 1 66372845 1219139 99597594 1219140 165970439
105 1 65757245 1219139 99971217 1219140 165728462
106 1 65020371 1219139 100442837 1219140 165463208
107 1 64361439 1219139 100856385 1219140 165217824
108 0 66931176 1219139 101266247 1219139 168197423
109 1 63259053 1219139 101682313 1219140 164941366
110 1 62633806 1219139 102058898 1219140 164692704
111 1 61980727 1219139 102443946 1219140 164424673
112 1 61339942 1219139 102839735 1219140 164179677
113 1 60684752 1219139 103229190 1219140 163913942
114 1 60025079 1219139 103624701 1219140 163649780
115 0 64346800 1219139 104009323 1219139 168356123
116 0 64195470 1219139 104413019 1219139 168608489
117 1 58574071 1219139 104796900 1219140 163370971
118 1 57686273 1219139 105179726 1219140 162865999
119 1 57027749 1219139 105575237 1219140 162602986
120 1 56389132 1219139 105967137 1219140 162356269
121 1 55707053 1219139 106351129 1219140 162058182
122 0 62023716 1219139 106737733 1219139 168761449
123 1 54694535 1219139 107150410 1219140 161844945
124 1 54107639 1219139 107522125 1219140 161629764
125 1 53498670 1219139 107906469 1219140 161405139
126 1 52850664 1219139 108291443 1219140 161142107
127 0 60231066 1219139 108693398 1219139 168924464
128 0 59991515 1219139 109098131 1219139 169089646
1 0 94094979 1219260 851212263 1219260 945307242
2 0 93031333 1219260 852435017 1219260 945466350
3 0 92555434 1219260 853027691 1219260 945583125
4 0 92097018 1219260 853607920 1219260 945704938
5 0 91635378 1219260 854185909 1219260 945821287
6 0 91188257 1219260 854745509 1219260 945933766
7 0 90759265 1219260 855288999 1219260 946048264
8 0 90334755 1219260 855818822 1219260 946153577
9 0 89894930 1219260 856373700 1219260 946268630
10 0 89448643 1219260 856932207 1219260 946380850
11 0 89009115 1219260 857476437 1219260 946485552
12 0 88588808 1219260 858017742 1219260 946606550
13 0 88138502 1219260 858580490 1219260 946718992
14 0 87722232 1219260 859098758 1219260 946820990
15 0 87287871 1219260 859647117 1219260 946934988
16 0 86690327 1219260 860366325 1219260 947056652
17 0 86240243 1219260 860918037 1219260 947158280
18 0 85781122 1219260 861492359 1219260 947273481
19 0 85335020 1219260 862039515 1219260 947374535
20 0 84899102 1219260 862589430 1219260 947488532
21 0 84471963 1219260 863126623 1219260 947598586
22 0 83923807 1219260 863787036 1219260 947710843
23 0 83478815 1219260 864342007 1219260 947820822
24 0 83076157 1219260 864862719 1219260 947938876
25 0 82616554 1219260 865423412 1219260 948039966
26 0 82192137 1219260 865964494 1219260 948156631
27 0 81785903 1219260 866479836 1219260 948265739
28 0 81339468 1219260 867029566 1219260 948369034
29 0 80940494 1219260 867542741 1219260 948483235
30 0 80484041 1219260 868106785 1219260 948590826
31 0 80035141 1219260 868655053 1219260 948690194
32 0 79626038 1219260 869178413 1219260 948804451
33 0 79171473 1219260 869733328 1219260 948904801
34 0 78578725 1219260 870434944 1219260 949013669
35 0 78118772 1219260 871008988 1219260 949127760
36 0 77653207 1219260 871575329 1219260 949228536
37 0 77207900 1219260 872130670 1219260 949338570
38 0 76794390 1219260 872652863 1219260 949447253
39 0 76377880 1219260 873178057 1219260 949555937
40 0 75983554 1219260 873704565 1219260 949688119
41 0 75584007 1219260 874220814 1219260 949804821
42 0 75175347 1219260 874731601 1219260 949906948
43 0 75025295 1219260 875252350 1219260 950277645
44 0 74608469 1219260 875791821 1219260 950400290
45 0 74191626 1219260 876311496 1219260 950503122
46 0 73789393 1219260 876831152 1219260 950620545
47 0 73356605 1219260 877367494 1219260 950724099
48 0 72962206 1219260 877869669 1219260 950831875
49 0 72534603 1219260 878407436 1219260 950942039
50 0 72132333 1219260 878910852 1219260 951043185
51 0 71723601 1219260 879430527 1219260 951154128
52 0 71308812 1219260 879970091 1219260 951278903
53 0 70809063 1219260 880571190 1219260 951380253
54 0 70363015 1219260 881131828 1219260 951494843
55 0 69956042 1219260 881650447 1219260 951606489
56 0 69518551 1219260 882188307 1219260 951706858
57 0 69101947 1219260 882713408 1219260 951815355
58 0 68728307 1219260 883215676 1219260 951943983
59 0 68287223 1219260 883759739 1219260 952046962
60 0 67880249 1219260 884276044 1219260 952156293
61 0 67469850 1219260 884795830 1219260 952265680
62 0 67058209 1219260 885313876 1219260 952372085
63 0 66676976 1219260 885812181 1219260 952489157
64 0 66247096 1219260 886362577 1219260 952609673
65 0 65847344 1219260 886877123 1219260 952724467
66 0 65428353 1219260 887397409 1219260 952825762
67 0 65016472 1219260 887917917 1219260 952934389
68 0 64584369 1219260 888459259 1219260 953043628
69 0 64181507 1219260 888968452 1219260 953149959
70 0 63723960 1219260 889534738 1219260 953258698
71 0 63223377 1219260 890142985 1219260 953366362
72 0 62789479 1219260 890685548 1219260 953475027
73 0 62335839 1219260 891238834 1219260 953574673
74 0 61950217 1219260 891739843 1219260 953690060
75 0 61530114 1219260 892271480 1219260 953801594
76 0 61083271 1219260 892827025 1219260 953910296
77 0 60697779 1219260 893328367 1219260 954026146
78 0 60279268 1219260 893857153 1219260 954136421
79 0 59888498 1219260 894357699 1219260 954246197
80 0 59450025 1219260 894900429 1219260 954350454
81 0 59030810 1219260 895426123 1219260 954456933
82 0 58616578 1219260 895950001 1219260 954566579
83 0 58172086 1219260 896492880 1219260 954664966
84 0 57783076 1219260 896990796 1219260 954773872
85 0 57348252 1219260 897541692 1219260 954889944
86 0 56938055 1219260 898061960 1219260 955000015
87 0 56548359 1219260 898564802 1219260 955113161
88 0 56127794 1219260 899093699 1219260 955221493
89 0 55726413 1219260 899611800 1219260 955338213
90 0 55210311 1219260 900227381 1219260 955437692
91 0 54779023 1219260 900773111 1219260 955552134
92 0 54377254 1219260 901289730 1219260 955666984
93 0 53975299 1219260 901801572 1219260 955776871
94 0 53566825 1219260 902317840 1219260 955884665
95 0 53107759 1219260 902886144 1219260 955993903
96 0 52692546 1219260 903418226 1219260 956110772
97 0 52238239 1219260 903974382 1219260 956212621
98 0 51847914 1219260 904473557 1219260 956321471
99 0 51446422 1219260 904985695 1219260 956432117
100 0 51026041 1219260 905514315 1219260 956540356
101 0 50616068 1219260 906025175 1219260 956641243
102 0 50198891 1219260 906553572 1219260 956752463
103 0 49809750 1219260 907052340 1219260 956862090
104 0 49361518 1219260 907599422 1219260 956960940
105 0 49034877 1219260 908098949 1219260 957133826
106 0 48627884 1219260 908621458 1219260 957249342
107 0 48197689 1219260 909162095 1219260 957359784
108 0 49319667 1219260 909664567 1219260 958984234
109 0 48217189 1219260 910859895 1219260 959077084
110 0 47745142 1219260 911416718 1219260 959161860
111 0 47326669 1219260 911918745 1219260 959245414
112 0 46938158 1219260 912390032 1219260 959328190
113 0 46786809 1219260 912652657 1219260 959439466
114 0 46606979 1219260 912932540 1219260 959539519
115 0 46462704 1219260 913196054 1219260 959658758
116 0 46298707 1219260 913458919 1219260 959757626
117 0 46139915 1219260 913727543 1219260 959867458
118 0 45984140 1219260 913989760 1219260 959973900
119 0 45890938 1219260 914257607 1219260 960148545
120 0 45730959 1219260 914529287 1219260 960260246
121 0 45573018 1219260 914792689 1219260 960365707
122 0 45419206 1219260 915054758 1219260 960473964
123 0 45267709 1219260 915322068 1219260 960589777
124 0 45103546 1219260 915585377 1219260 960688923
125 0 44947271 1219260 915850409 1219260 960797680
126 0 44792719 1219260 916112663 1219260 960905382
127 0 44613962 1219260 916390510 1219260 961004472
128 0 44449243 1219260 916662301 1219260 961111544
1 0 96639873 1219382 702068964 1219382 798708837
2 0 95635947 1219382 703300626 1219382 798936573
3 0 95208641 1219382 703894614 1219382 799103255
4 0 94802723 1219382 704471195 1219382 799273918
5 0 94379176 1219382 705064054 1219382 799443230
6 0 93984851 1219382 705621691 1219382 799606542
7 0 93604487 1219382 706165292 1219382 799769779
8 0 93248216 1219382 706689078 1219382 799937294
9 0 93744929 1219382 707242678 1219382 800987607
10 0 93364585 1219382 707799278 1219382 801163863
11 0 92976110 1219382 708338972 1219382 801315082
12 0 92611321 1219382 708877202 1219382 801488523
13 0 92234143 1219382 709420136 1219382 801654279
14 0 91858262 1219382 709949070 1219382 801807332
15 0 91395438 1219382 710576613 1219382 801972051
16 0 91014705 1219382 711120843 1219382 802135548
17 0 90629527 1219382 711657036 1219382 802286563
18 0 90239979 1219382 712217692 1219382 802457671
19 0 89966947 1219382 712654332 1219382 802621279
20 0 89694767 1219382 713077824 1219382 802772591
21 0 89447791 1219382 713488186 1219382 802935977
22 0 89137019 1219382 713973232 1219382 803110251
23 0 88875672 1219382 714387261 1219382 803262933
24 0 88659361 1219382 714775661 1219382 803435022
25 0 88398441 1219382 715200986 1219382 803599427
26 0 88172649 1219382 715599663 1219382 803772312
27 0 87942098 1219382 715994026 1219382 803936124
28 0 87684140 1219382 716402314 1219382 804086454
29 0 87466292 1219382 716790566 1219382 804256858
30 0 87208261 1219382 717212835 1219382 804421096
31 0 86952154 1219382 717626272 1219382 804578426
32 0 86723195 1219382 718017672 1219382 804740867
33 0 86470571 1219382 718432145 1219382 804902716
34 0 86219132 1219382 718830563 1219382 805049695
35 0 85911193 1219382 719309572 1219382 805220765
36 0 85638754 1219382 719732008 1219382 805370762
37 0 85279150 1219382 720252906 1219382 805532056
38 0 85027766 1219382 720666194 1219382 805693960
39 0 84781696 1219382 721067279 1219382 805848975
40 0 84566108 1219382 721455475 1219382 806021583
41 0 84349816 1219382 721841134 1219382 806190950
42 0 84110802 1219382 722230923 1219382 806341725
43 0 83868048 1219382 722634544 1219382 806502592
44 0 83617053 1219382 723046184 1219382 806663237
45 0 83373909 1219382 723437862 1219382 806811771
46 0 83154580 1219382 723823910 1219382 806978490
47 0 82917807 1219382 724220939 1219382 807138746
48 0 82683219 1219382 724602636 1219382 807285855
49 0 82447538 1219382 725012887 1219382 807460425
50 0 82215765 1219382 725392472 1219382 807608237
51 0 81980788 1219382 725786409 1219382 807767197
52 0 81739645 1219382 726192197 1219382 807931842
53 0 81509408 1219382 726570579 1219382 808079987
54 0 81262580 1219382 726977071 1219382 808239651
55 0 81019289 1219382 727378637 1219382 808397926
56 0 80781145 1219382 727765129 1219382 808546274
57 0 80543001 1219382 728163122 1219382 808706123
58 0 80346338 1219382 728540374 1219382 808886712
59 0 80090788 1219382 728946329 1219382 809037117
60 0 79867940 1219382 729329914 1219382 809197854
61 0 79652205 1219382 729715628 1219382 809367833
62 0 79354913 1219382 730160268 1219382 809515181
63 0 79136084 1219382 730545131 1219382 809681215
64 0 78883645 1219382 730965289 1219382 809848934
65 0 78678908 1219382 731352856 1219382 810031764
66 0 78459968 1219382 731739885 1219382 810199853
67 0 78236028 1219382 732126452 1219382 810362480
68 0 77995996 1219382 732526777 1219382 810522773
69 0 77766537 1219382 732915196 1219382 810681733
70 0 77501672 1219382 733339428 1219382 810841100
71 0 77276954 1219382 733729550 1219382 811006504
72 0 77043052 1219382 734112246 1219382 811155298
73 0 76809519 1219382 734523738 1219382 811333257
74 0 76596745 1219382 734898990 1219382 811495735
75 0 76377490 1219382 735292390 1219382 811669880
76 0 76142939 1219382 735689864 1219382 811832803
77 0 75936129 1219382 736071578 1219382 812007707
78 0 75703151 1219382 736468182 1219382 812171333
79 0 75477859 1219382 736841471 1219382 812319330
80 0 75242180 1219382 737245092 1219382 812487272
81 0 74994814 1219382 737643640 1219382 812638454
82 0 74722430 1219382 738026725 1219382 812749155
83 0 74408362 1219382 738444865 1219382 812853227
84 0 74145886 1219382 738818395 1219382 812964281
85 0 73843169 1219382 739232054 1219382 813075223
86 0 73564157 1219382 739619120 1219382 813183277
87 0 73300661 1219382 739992317 1219382 813292978
88 0 72799041 1219382 740603268 1219382 813402309
89 0 72546231 1219382 740994816 1219382 813541047
90 0 72248053 1219382 741394678 1219382 813642731
91 0 71958039 1219382 741800078 1219382 813758117
92 0 71677341 1219382 742192144 1219382 813869485
93 0 71390235 1219382 742581785 1219382 813972020
94 0 71122111 1219382 742966259 1219382 814088370
95 0 70809469 1219382 743396121 1219382 814205590
96 0 70540437 1219382 743784743 1219382 814325180
97 0 70241518 1219382 744183438 1219382 814424956
98 0 69975300 1219382 744557450 1219382 814532750
99 0 69701158 1219382 744943738 1219382 814644896
100 0 69399793 1219382 745343786 1219382 814743579
101 0 69137539 1219382 745727723 1219382 814865262
102 0 68847026 1219382 746128308 1219382 814975334
103 0 68581494 1219382 746503301 1219382 815084795
104 0 68262852 1219382 746921737 1219382 815184589
105 0 68062338 1219382 747298100 1219382 815360438
106 0 67792084 1219382 747690740 1219382 815482824
107 0 67479146 1219382 748104658 1219382 815583804
108 0 67210188 1219382 748480614 1219382 815690802
109 0 66902972 1219382 748898013 1219382 815800985
110 0 66626014 1219382 749284302 1219382 815910316
111 0 66355556 1219382 749657313 1219382 816012869
112 0 66038118 1219382 750096360 1219382 816134478
113 0 65791438 1219382 750479297 1219382 816270735
114 0 65480666 1219382 750892104 1219382 816372770
115 0 65199764 1219382 751283763 1219382 816483527
116 0 64917399 1219382 751673755 1219382 816591154
117 0 64642626 1219382 752058600 1219382 816701226
118 0 64370039 1219382 752431648 1219382 816801687
119 0 64090341 1219382 752837603 1219382 816927944
120 0 63805218 1219382 753230854 1219382 817036072
121 0 63516464 1219382 753625439 1219382 817141903
122 0 63233728 1219382 754015358 1219382 817249086
123 0 62941605 1219382 754414479 1219382 817356084
124 0 62673091 1219382 754797750 1219382 817470841
125 0 62380282 1219382 755198835 1219382 817579117
126 0 62102565 1219382 755585901 1219382 817688466
127 0 61804423 1219382 755992782 1219382 817797205
128 0 61498318 1219382 756400441 1219382 817898759
1 0 97393265 1219504 501168202 1219504 598561467
2 0 96384451 1219504 502413511 1219504 598797962
3 0 95977885 1219504 503014000 1219504 598991885
4 0 95573504 1219504 503593118 1219504 599166622
5 0 95149753 1219504 504170421 1219504 599320174
6 0 94758205 1219504 504730355 1219504 599488560
7 0 94388990 1219504 505275548 1219504 599664538
8 0 94014997 1219504 505801723 1219504 599816720
9 0 93621857 1219504 506359360 1219504 599981217
10 0 93226809 1219504 506970700 1219504 600197509
11 0 92875538 1219504 507514301 1219504 600389839
12 0 92508675 1219504 508049957 1219504 600558632
13 0 92103312 1219504 508614224 1219504 600717536
14 0 91746856 1219504 509132325 1219504 600879181
15 0 91359716 1219504 509677647 1219504 601037363
16 0 90931743 1219504 510258506 1219504 601190249
17 0 90541565 1219504 510811273 1219504 601352838
18 0 90140573 1219504 511376947 1219504 601517520
19 0 89757821 1219504 511915289 1219504 601673110
20 0 89407179 1219504 512429057 1219504 601836236
21 0 89148537 1219504 512850752 1219504 601999289
22 0 88827654 1219504 513334391 1219504 602162045
23 0 88567826 1219504 513755142 1219504 602322968
24 0 88323423 1219504 514148338 1219504 602471761
25 0 88063558 1219504 514578533 1219504 602642091
26 0 87826340 1219504 514978303 1219504 602804643
27 0 87583401 1219504 515374499 1219504 602957900
28 0 87350294 1219504 515788102 1219504 603138396
29 0 87115743 1219504 516182502 1219504 603298245
30 0 86848008 1219504 516606493 1219504 603454501
31 0 86603142 1219504 517019319 1219504 603622461
32 0 86376072 1219504 517409867 1219504 603785939
33 0 86116356 1219504 517823247 1219504 603939603
34 0 85880786 1219504 518221610 1219504 604102396
35 0 85554421 1219504 518697953 1219504 604252374
36 0 85304964 1219504 519112815 1219504 604417779
37 0 85021562 1219504 519556158 1219504 604577720
38 0 84763789 1219504 519961650 1219504 604725439
39 0 84447462 1219504 520439641 1219504 604887103
40 0 84219911 1219504 520838411 1219504 605058322
41 0 83983563 1219504 521230311 1219504 605213874
42 0 83763327 1219504 521618377 1219504 605381704
43 0 83527609 1219504 522015277 1219504 605542886
44 0 83265522 1219504 522423843 1219504 605689365
45 0 83036008 1219504 522814206 1219504 605850214
46 0 82807290 1219504 523203402 1219504 606010692
47 0 82574332 1219504 523591431 1219504 606165763
48 0 82339411 1219504 523986127 1219504 606325538
49 0 82080563 1219504 524392064 1219504 606472627
50 0 81866808 1219504 524767890 1219504 606634698
51 0 81612240 1219504 525195418 1219504 606807658
52 0 81355986 1219504 525599225 1219504 606955211
53 0 81172582 1219504 525983051 1219504 607155633
54 0 80927253 1219504 526392728 1219504 607319981
55 0 80680739 1219504 526788795 1219504 607469534
56 0 80439892 1219504 527188435 1219504 607628327
57 0 80199897 1219504 527590038 1219504 607789935
58 0 79982271 1219504 527968457 1219504 607950728
59 0 79743405 1219504 528377449 1219504 608120854
60 0 79514151 1219504 528768682 1219504 608282833
61 0 79279656 1219504 529159396 1219504 608439052
62 0 79044753 1219504 529556574 1219504 608601327
63 0 78836738 1219504 529931437 1219504 608768175
64 0 78445505 1219504 530473223 1219504 608918728
65 0 78203491 1219504 530884085 1219504 609087576
66 0 77973996 1219504 531276577 1219504 609250573
67 0 77740056 1219504 531668755 1219504 609408811
68 0 77510153 1219504 532059303 1219504 609569456
69 0 77273306 1219504 532458239 1219504 609731545
70 0 77040366 1219504 532858713 1219504 609899079
71 0 77672854 1219504 533249983 1219504 610922837
72 0 77463858 1219504 533636957 1219504 611100815
73 0 77215918 1219504 534051875 1219504 611267793
74 0 76977293 1219504 534438590 1219504 611415883
75 0 76759334 1219504 534834360 1219504 611593694
76 0 76557172 1219504 535220352 1219504 611777524
77 0 76305750 1219504 535606845 1219504 611912595
78 0 76011868 1219504 536003670 1219504 612015538
79 0 75750484 1219504 536389348 1219504 612139832
80 0 75458359 1219504 536791081 1219504 612249440
81 0 75163810 1219504 537195702 1219504 612359512
82 0 74892519 1219504 537577195 1219504 612469714
83 0 74592839 1219504 537986891 1219504 612579730
84 0 74318530 1219504 538374087 1219504 612692617
85 0 73995351 1219504 538798542 1219504 612793893
86 0 73713968 1219504 539188682 1219504 612902650
87 0 73453195 1219504 539566082 1219504 613019277
88 0 73158664 1219504 539962204 1219504 613120868
89 0 72799431 1219504 540432324 1219504 613231755
90 0 72502844 1219504 540838631 1219504 613341475
91 0 72247293 1219504 541240642 1219504 613487935
92 0 71964521 1219504 541626134 1219504 613590655
93 0 71688026 1219504 542012275 1219504 613700301
94 0 71374069 1219504 542444267 1219504 613818336
95 0 71113463 1219504 542829833 1219504 613943296
96 0 70827117 1219504 543227251 1219504 614054368
97 0 70554845 1219504 543614836 1219504 614169681
98 0 70284961 1219504 544003810 1219504 614288771
99 0 69993170 1219504 544398247 1219504 614391417
100 0 69713176 1219504 544787221 1219504 614500397
101 0 69438644 1219504 545172399 1219504 614611043
102 0 69150983 1219504 545560650 1219504 614711633
103 0 68881674 1219504 545952235 1219504 614833909
104 0 68588845 1219504 546356450 1219504 614945295
105 0 68392850 1219504 546728590 1219504 615121440
106 0 68093282 1219504 547134323 1219504 615227605
107 0 67815454 1219504 547521945 1219504 615337399
108 0 67547107 1219504 547905864 1219504 615452971
109 0 67225187 1219504 548329078 1219504 615554265
110 0 66955470 1219504 548709404 1219504 615664874
111 0 66673569 1219504 549102988 1219504 615776557
112 0 66396000 1219504 549498147 1219504 615894147
113 0 66127042 1219504 549869307 1219504 615996349
114 0 65411519 1219504 550698939 1219504 616110458
115 0 65140191 1219504 551087116 1219504 616227307
116 0 64835826 1219504 551492683 1219504 616328509
117 0 64559128 1219504 551879397 1219504 616438525
118 0 64293596 1219504 552254501 1219504 616548097
119 0 64000917 1219504 552662456 1219504 616663373
120 0 63726496 1219504 553036745 1219504 616763241
121 0 63439058 1219504 553436459 1219504 616875517
122 0 63154655 1219504 553838137 1219504 616992792
123 0 62853273 1219504 554240110 1219504 617093383
124 0 62572852 1219504 554627251 1219504 617200103
125 0 62302876 1219504 555013132 1219504 617316008
126 0 62029029 1219504 555398236 1219504 617427265
127 0 61708961 1219504 555821154 1219504 617530115
128 0 61418523 1219504 556217590 1219504 617636113
1 0 94868313 1219626 306857411 1219626 401725724
2 0 94146809 1219626 307810022 1219626 401956831
3 0 93852260 1219626 308265531 1219626 402117791
4 0 93582746 1219626 308707041 1219626 402289787
5 0 93302529 1219626 309142681 1219626 402445210
6 0 93048516 1219626 309572746 1219626 402621262
7 0 92804002 1219626 309988905 1219626 402792907
8 0 92469231 1219626 310475081 1219626 402944312
9 0 92211514 1219626 310902498 1219626 403114012
10 0 91953834 1219626 311326286 1219626 403280120
11 0 91692876 1219626 311737630 1219626 403430506
12 0 91458528 1219626 312145641 1219626 403604169
13 0 91212071 1219626 312569206 1219626 403781277
14 0 90964612 1219626 312968236 1219626 403932848
15 0 90708043 1219626 313383098 1219626 404091141
16 0 90448641 1219626 313790497 1219626 404239138
17 0 90204442 1219626 314193767 1219626 404398209
18 0 89941188 1219626 314624018 1219626 404565206
19 0 89679748 1219626 315034029 1219626 404713777
20 0 89417716 1219626 315456428 1219626 404874144
21 0 89172814 1219626 315862105 1219626 405034919
22 0 88836876 1219626 316357929 1219626 405194805
23 0 88581473 1219626 316780717 1219626 405362190
24 0 88349274 1219626 317175857 1219626 405525131
25 0 88070169 1219626 317602682 1219626 405672851
26 0 87833210 1219626 318007415 1219626 405840625
27 0 87594529 1219626 318408389 1219626 406002918
28 0 87328239 1219626 318827658 1219626 406155897
29 0 87105298 1219626 319218299 1219626 406323597
30 0 86827619 1219626 319644568 1219626 406472187
31 0 86535680 1219626 320096763 1219626 406632443
32 0 86284666 1219626 320515422 1219626 406800088
33 0 86013265 1219626 320934339 1219626 406947604
34 0 85721956 1219626 321386830 1219626 407108786
35 0 85447183 1219626 321828914 1219626 407276097
36 0 84686513 1219626 322738878 1219626 407425391
37 0 84411555 1219626 323174333 1219626 407585888
38 0 84168837 1219626 323575973 1219626 407744810
39 0 83927009 1219626 323978280 1219626 407905289
40 0 83706050 1219626 324371346 1219626 408077396
41 0 83483258 1219626 324763820 1219626 408247078
42 0 83243393 1219626 325152868 1219626 408396261
43 0 83007749 1219626 325548027 1219626 408555776
44 0 82742717 1219626 325959352 1219626 408702069
45 0 82510295 1219626 326350956 1219626 408861251
46 0 82285133 1219626 326743004 1219626 409028137
47 0 82028823 1219626 327146959 1219626 409175782
48 0 81797550 1219626 327538618 1219626 409336168
49 0 81550889 1219626 327949813 1219626 409500702
50 0 81332596 1219626 328329547 1219626 409662143
51 0 81103452 1219626 328718521 1219626 409821973
52 0 80873457 1219626 329124772 1219626 409998229
53 0 80667610 1219626 329514616 1219626 410182226
54 0 80411281 1219626 329930645 1219626 410341926
55 0 79984179 1219626 330506504 1219626 410490683
56 0 79726758 1219626 330922329 1219626 410649087
57 0 79483947 1219626 331324044 1219626 410807991
58 0 79269841 1219626 331704073 1219626 410973914
59 0 79017216 1219626 332115899 1219626 411133115
60 0 78781314 1219626 332508372 1219626 411289686
61 0 78537170 1219626 332898976 1219626 411436146
62 0 78314619 1219626 333289116 1219626 411603735
63 0 78103956 1219626 333667479 1219626 411771435
64 0 77816961 1219626 334100064 1219626 411917025
65 0 77577669 1219626 334494149 1219626 412071818
66 0 77347656 1219626 334882104 1219626 412229760
67 0 77116161 1219626 335271485 1219626 412387646
68 0 76850814 1219626 335682736 1219626 412533550
69 0 76627744 1219626 336070988 1219626 412698732
70 0 76395563 1219626 336469203 1219626 412864766
71 0 76153420 1219626 336858862 1219626 413012282
72 0 75922258 1219626 337247335 1219626 413169593
73 0 75665189 1219626 337662401 1219626 413327590
74 0 75444934 1219626 338054690 1219626 413499624
75 0 75206549 1219626 338448238 1219626 413654787
76 0 74985277 1219626 338837304 1219626 413822581
77 0 74766799 1219626 339223630 1219626 413990429
78 0 74512434 1219626 339624085 1219626 414136519
79 0 74256309 1219626 340038244 1219626 414294553
80 0 73995036 1219626 340464773 1219626 414459809
81 0 73754096 1219626 340865691 1219626 414619787
82 0 73509768 1219626 341255776 1219626 414765544
83 0 73223514 1219626 341700823 1219626 414924337
84 0 73002370 1219626 342082130 1219626 415084500
85 0 72722709 1219626 342506418 1219626 415229127
86 0 72497250 1219626 342896170 1219626 415393420
87 0 72280051 1219626 343270551 1219626 415550602
88 0 72028482 1219626 343679747 1219626 415708229
89 0 71793542 1219626 344061962 1219626 415855504
90 0 71544158 1219626 344463213 1219626 416007371
91 0 71307663 1219626 344864631 1219626 416172294
92 0 71079353 1219626 345254864 1219626 416334217
93 0 70839895 1219626 345651819 1219626 416491714
94 0 70619806 1219626 346040645 1219626 416660451
95 0 70381940 1219626 346437545 1219626 416819485
96 0 70120112 1219626 346845722 1219626 416965834
97 0 69899245 1219626 347235900 1219626 417135145
98 0 69671083 1219626 347633392 1219626 417304475
99 0 69428755 1219626 348020588 1219626 417449343
100 0 69199611 1219626 348406692 1219626 417606303
101 0 68973042 1219626 348792295 1219626 417765337
102 0 68761176 1219626 349201787 1219626 417962963
103 0 68527532 1219626 349586539 1219626 418114071
104 1 96904834 1219626 349986031 1219627 446890865
105 1 96231292 1219626 350414171 1219627 446645463
106 1 95566101 1219626 350814274 1219627 446380375
107 1 94897206 1219626 351222063 1219627 446119269
108 1 94220053 1219626 351639295 1219627 445859348
109 1 93546529 1219626 352055843 1219627 445602372
110 0 65831492 1219626 352442779 1219626 418274271
111 1 92504976 1219626 352832957 1219627 445337933
112 1 91849266 1219626 353243412 1219627 445092678
113 1 91197519 1219626 353632664 1219627 444830183
114 1 90546884 1219626 354035526 1219627 444582410
115 1 89875046 1219626 354424796 1219627 444299842
116 1 89221244 1219626 354817955 1219627 444039199
117 0 63310245 1219626 355212151 1219626 418522396
118 1 87855863 1219626 355602366 1219627 443458229
119 1 87207023 1219626 356006451 1219627 443213474
120 1 86544981 1219626 356402758 1219627 442947739
121 1 85904882 1219626 356793991 1219627 442698873
122 0 61489502 1219626 357188687 1219626 418678189
123 1 84831311 1219626 357596827 1219627 442428138
124 1 84173046 1219626 357980171 1219627 442153217
125 1 83573854 1219626 358367960 1219627 441941814
126 1 82953162 1219626 358771600 1219627 441724762
127 1 82321082 1219626 359180666 1219627 441501748
128 1 81641448 1219626 359590306 1219627 441231754
1 0 95068421 1219748 126858537 1219748 221926958
2 0 94305325 1219748 127850610 1219748 222155935
3 0 94036163 1219748 128319083 1219748 222355246
4 0 93753057 1219748 128761852 1219748 222514909
5 0 93484248 1219748 129199510 1219748 222683758
6 0 93226401 1219748 129623909 1219748 222850310
7 0 92910296 1219748 130093307 1219748 223003603
8 0 92652023 1219748 130520966 1219748 223172989
9 0 92368992 1219748 130957605 1219748 223326597
10 0 92123811 1219748 131381023 1219748 223504834
11 0 91862576 1219748 131805940 1219748 223668516
12 0 91598377 1219748 132219988 1219748 223818365
13 0 91329253 1219748 132654183 1219748 223983436
14 0 91105461 1219748 133052601 1219748 224158062
15 0 90847318 1219748 133466723 1219748 224314041
16 0 90606304 1219748 133872956 1219748 224479260
17 0 90361031 1219748 134279670 1219748 224640701
18 0 90084499 1219748 134705699 1219748 224790198
19 0 89841745 1219748 135109598 1219748 224951343
20 0 89588269 1219748 135531071 1219748 225119340
21 0 89334903 1219748 135935138 1219748 225270041
22 0 89017928 1219748 136423165 1219748 225441093
23 0 88741804 1219748 136859360 1219748 225601164
24 0 88507419 1219748 137255575 1219748 225762994
25 0 88245461 1219748 137686511 1219748 225931972
26 0 87991726 1219748 138088336 1219748 226080062
27 0 87770471 1219748 138487680 1219748 226258151
28 0 87514827 1219748 138905617 1219748 226420444
29 0 87270054 1219748 139299813 1219748 226569867
30 0 87004115 1219748 139729397 1219748 226733512
31 0 86706751 1219748 140196517 1219748 226903268
32 0 86453014 1219748 140606917 1219748 227059931
33 0 86189020 1219748 141032427 1219748 227221447
34 0 85860637 1219748 141509455 1219748 227370092
35 0 85587235 1219748 141942650 1219748 227529885
36 0 84814565 1219748 142876391 1219748 227690956
37 0 84554756 1219748 143294827 1219748 227849583
38 0 84320094 1219748 143688745 1219748 228008839
39 0 84081894 1219748 144087682 1219748 228169576
40 0 83848584 1219748 144480119 1219748 228328703
41 0 83610626 1219748 144877018 1219748 228487644
42 0 83369130 1219748 145279807 1219748 228648937
43 0 83138339 1219748 145665670 1219748 228804009
44 0 82844289 1219748 146115976 1219748 228960265
45 0 82603145 1219748 146517635 1219748 229120780
46 0 82358188 1219748 146909719 1219748 229267907
47 0 82117155 1219748 147310156 1219748 229427311
48 0 81875160 1219748 147698000 1219748 229573160
49 0 81635220 1219748 148113085 1219748 229748305
50 0 81405206 1219748 148503003 1219748 229908209
51 0 81972510 1219748 148875514 1219748 230848024
52 0 81744236 1219748 149284118 1219748 231028354
53 0 81529166 1219748 149666314 1219748 231195480
54 0 81174952 1219748 150179470 1219748 231354422
55 0 80913271 1219748 150602073 1219748 231515344
56 0 80670461 1219748 151006658 1219748 231677119
57 0 80429448 1219748 151399224 1219748 231828672
58 0 80223840 1219748 151777013 1219748 232000853
59 0 79962419 1219748 152188357 1219748 232150776
60 0 79744239 1219748 152575016 1219748 232319255
61 0 79507261 1219748 152975305 1219748 232482566
62 0 79297081 1219748 153365371 1219748 232662452
63 0 79059622 1219748 153754123 1219748 232813745
64 0 78806553 1219748 154171170 1219748 232977723
65 0 78583409 1219748 154561144 1219748 233144553
66 0 78343395 1219748 154949007 1219748 233292402
67 0 78111159 1219748 155340962 1219748 233452121
68 0 77856294 1219748 155755806 1219748 233612100
69 0 77590744 1219748 156170242 1219748 233760986
70 0 77359525 1219748 156561698 1219748 233921223
71 0 77128086 1219748 156963356 1219748 234091442
72 0 76913164 1219748 157337701 1219748 234250865
73 0 76643299 1219748 157755730 1219748 234399029
74 0 76446469 1219748 158138056 1219748 234584525
75 0 76217011 1219748 158529863 1219748 234746874
76 0 75979590 1219748 158927762 1219748 234907352
77 0 75769242 1219748 159308218 1219748 235077460
78 0 75530487 1219748 159706803 1219748 235237290
79 0 75247548 1219748 160149313 1219748 235396861
80 0 74995591 1219748 160549434 1219748 235545025
81 0 74716096 1219748 160987667 1219748 235703763
82 0 74491674 1219748 161378678 1219748 235870352
83 0 74239549 1219748 161779485 1219748 236019034
84 0 74016480 1219748 162165977 1219748 236182457
85 0 73764411 1219748 162577932 1219748 236342343
86 0 73568081 1219748 162974628 1219748 236542709
87 0 73329067 1219748 163364250 1219748 236693317
88 0 73101683 1219748 163750705 1219748 236852388
89 0 72869539 1219748 164142383 1219748 237011922
90 0 72641636 1219748 164530709 1219748 237172345
91 0 72383808 1219748 164934330 1219748 237318138
92 0 72156942 1219748 165332934 1219748 237489876
93 0 71929280 1219748 165718834 1219748 237648114
94 0 71696766 1219748 166109715 1219748 237806481
95 0 71462197 1219748 166505614 1219748 237967811
96 0 71227294 1219748 166899218 1219748 238126512
97 0 70975817 1219748 167297803 1219748 238273620
98 0 70785728 1219748 167676147 1219748 238461875
99 0 70558140 1219748 168063658 1219748 238621798
100 0 70320441 1219748 168462039 1219748 238782480
101 0 70084316 1219748 168843513 1219748 238927829
102 0 69845913 1219748 169241172 1219748 239087085
103 1 115357914 1219748 169622146 1219749 284980060
104 1 114615244 1219748 170084137 1219749 284699381
105 1 113952720 1219748 170500888 1219749 284453608
106 1 113229623 1219748 170944768 1219749 284174391
107 0 67905396 1219748 171348927 1219748 239254323
108 0 67677159 1219748 171737364 1219748 239414523
109 1 111779077 1219748 172138171 1219749 283917248
110 1 111127053 1219748 172524441 1219749 283651494
111 1 110490361 1219748 172913878 1219749 283404239
112 1 109812411 1219748 173321852 1219749 283134263
113 1 108944465 1219748 173708844 1219749 282653309
114 1 108290718 1219748 174095411 1219749 282386129
115 1 107638954 1219748 174480755 1219749 282119709
116 0 64760568 1219748 174886525 1219748 239647093
117 1 106590252 1219748 175260258 1219749 281850510
118 1 105909266 1219748 175688731 1219749 281597997
119 1 105232631 1219748 176082575 1219749 281315206
120 1 104517478 1219748 176468901 1219749 280986379
121 0 65108395 1219748 176864727 1219748 241973122
122 0 64836400 1219748 177239294 1219748 242075694
123 0 64516240 1219748 177647767 1219748 242164007
124 0 64215746 1219748 178034704 1219748 242250450
125 0 63920900 1219748 178415011 1219748 242335911
126 0 63625850 1219748 178824522 1219748 242450372
127 0 63345652 1219748 179217903 1219748 242563555
128 0 63049842 1219748 179626099 1219748 242675941
