1 0 10976033 5588432 517293558 5588432 528269591
2 0 10233788 5588432 518218670 5588432 528452458
3 0 9968849 5588432 518645273 5588432 528614122
4 0 9700484 5588432 519056302 5588432 528756786
1 0 13479339 5588439 726587074 5588439 740066413
2 0 12804073 5588439 727512631 5588439 740316704
3 0 12585152 5588439 727940956 5588439 740526108
4 0 12367303 5588439 728347597 5588439 740714900
1 0 10956497 5588446 847018975 5588446 857975472
2 0 10226844 5588446 847927569 5588446 858154413
3 0 9955590 5588446 848357394 5588446 858312984
4 0 9695002 5588446 848760961 5588446 858455963
1 0 10960034 5588454 27269438 5588454 38229472
2 0 10224270 5588454 28185309 5588454 38409579
3 0 9942720 5588454 28624764 5588454 38567484
4 0 9762927 5588454 29031460 5588454 38794387
1 0 14121901 5588461 206871824 5588461 220993725
2 0 13361896 5588461 207874565 5588461 221236461
3 0 13139345 5588461 208308816 5588461 221448161
4 0 12918682 5588461 208717864 5588461 221636546
1 0 14329396 5588468 331668805 5588468 345998201
2 0 13398728 5588468 332837357 5588468 346236085
3 0 13047754 5588468 333396309 5588468 346444063
4 0 12700279 5588468 333929984 5588468 346630263
1 0 12950922 5588475 427112566 5588475 440063488
2 0 12280750 5588475 428033252 5588475 440314002
3 0 12060050 5588475 428465911 5588475 440525961
4 0 11843814 5588475 428874162 5588475 440717976
1 0 10949905 5588482 547045517 5588482 557995422
2 0 10198919 5588482 547981907 5588482 558180826
3 0 9920998 5588482 548419325 5588482 558340323
4 0 9658022 5588482 548825669 5588482 558483691
1 0 14897831 5588489 680979820 5588489 695877651
2 0 13970459 5588489 682143798 5588489 696114257
3 0 13634076 5588489 682693714 5588489 696327790
4 0 13284231 5588489 683231852 5588489 696516083
1 0 10870035 5588496 837058007 5588496 847928042
2 0 10134327 5588496 837978193 5588496 848112520
3 0 9867333 5588496 838406055 5588496 848273388
4 0 9603448 5588496 838812011 5588496 848415459
