1 0 23058269 5588575 321795939 5588575 344854208
2 0 21986085 5588575 322974287 5588575 344960372
3 0 21503076 5588575 323573979 5588575 345077055
4 0 21037956 5588575 324139135 5588575 345177091
5 0 20609556 5588575 324672607 5588575 345282163
6 0 20199156 5588575 325186079 5588575 345385235
7 0 19772776 5588575 325717809 5588575 345490585
8 0 19353209 5588575 326238874 5588575 345592083
9 0 18966383 5588575 326744586 5588575 345710969
10 0 18531947 5588575 327282298 5588575 345814245
11 0 18125954 5588575 327782493 5588575 345908447
12 0 17696167 5588575 328313871 5588575 346010038
13 0 17280174 5588575 328831380 5588575 346111554
14 0 17060678 5588575 329328538 5588575 346389216
15 0 16638519 5588575 329859065 5588575 346497584
16 0 16140103 5588575 330451813 5588575 346591916
1 0 25095786 5588582 432101831 5588582 457197617
2 0 24105601 5588582 433296605 5588582 457402206
3 0 23733052 5588582 433889946 5588582 457622998
4 0 23367041 5588582 434463287 5588582 457830328
5 0 23008956 5588582 435007665 5588582 458016621
6 0 22699442 5588582 435517267 5588582 458216709
7 0 22353671 5588582 436044331 5588582 458398002
8 0 22053121 5588582 436557340 5588582 458610461
9 0 21779811 5588582 437058016 5588582 458837827
10 0 21449410 5588582 437589043 5588582 459038453
11 0 21137546 5588582 438083552 5588582 459221098
12 0 20806423 5588582 438610523 5588582 459416946
13 0 20487947 5588582 439125958 5588582 459613905
14 0 20174287 5588582 439619745 5588582 459794032
15 0 19789960 5588582 440253900 5588582 460043860
16 0 19473262 5588582 440778816 5588582 460252078
1 0 25080712 5588589 571766378 5588589 596847090
2 0 24098028 5588589 572973188 5588589 597071216
3 0 23713016 5588589 573578066 5588589 597291082
4 0 23326894 5588589 574155129 5588589 597482023
5 0 22988678 5588589 574695600 5588589 597684278
6 0 22689795 5588589 575202498 5588589 597892293
7 0 22347671 5588589 575731655 5588589 598079326
8 0 22040603 5588589 576251867 5588589 598292470
9 0 21766997 5588589 576751543 5588589 598518540
10 0 21438818 5588589 577282089 5588589 598720907
11 0 21124602 5588589 577779875 5588589 598904477
12 0 20793479 5588589 578309069 5588589 599102548
13 0 20480818 5588589 578822652 5588589 599303470
14 0 20164953 5588589 579319569 5588589 599484522
15 0 19855089 5588589 579845151 5588589 599700240
16 0 19365746 5588589 580536601 5588589 599902347
1 0 26524278 5588596 741852373 5588596 768376651
2 0 25552314 5588596 743028981 5588596 768581295
3 0 25178451 5588596 743623099 5588596 768801550
4 0 24817995 5588596 744192051 5588596 769010046
5 0 24465558 5588596 744733226 5588596 769198784
6 0 24159304 5588596 745245068 5588596 769404372
7 0 23823384 5588596 745786262 5588596 769609646
8 0 23501168 5588596 746308956 5588596 769810124
9 0 23276062 5588596 746809835 5588596 770085897
10 0 22943901 5588596 747350492 5588596 770294393
11 0 22627111 5588596 747851223 5588596 770478334
12 0 22316134 5588596 748373584 5588596 770689718
13 0 22002456 5588596 748888129 5588596 770890585
14 0 21720646 5588596 749385213 5588596 771105859
15 0 21369115 5588596 749917851 5588596 771286966
16 0 20979382 5588596 750507210 5588596 771486592
1 0 19510132 5588603 917205698 5588603 936715830
2 0 18742702 5588603 918125051 5588603 936867753
3 0 18452319 5588603 918578913 5588603 937031232
4 0 18159213 5588603 919018960 5588603 937178173
5 0 17901014 5588603 919427934 5588603 937328948
6 0 17668259 5588603 919809168 5588603 937477427
7 0 17326377 5588603 920299918 5588603 937626295
8 0 17060271 5588603 920712095 5588603 937772366
9 0 16846979 5588603 921093958 5588603 937940937
10 0 16588002 5588603 921501488 5588603 938089490
11 0 16344692 5588603 921881814 5588603 938226506
12 0 16092548 5588603 922280121 5588603 938372669
13 0 15857146 5588603 922665021 5588603 938522167
14 0 15637057 5588603 923040403 5588603 938677460
15 0 15383728 5588603 923436933 5588603 938820661
16 0 15135603 5588603 923830444 5588603 938966047
1 0 19021845 5588611 67025823 5588611 86047668
2 0 18263693 5588611 67953824 5588611 86217517
3 0 17981328 5588611 68404241 5588611 86385569
4 0 17693166 5588611 68840789 5588611 86533955
5 0 17442005 5588611 69246855 5588611 86688860
6 0 17208286 5588611 69633237 5588611 86841523
7 0 16881941 5588611 70111913 5588611 86993854
8 0 16599058 5588611 70544608 5588611 87143666
9 0 16382969 5588611 70931175 5588611 87314144
10 0 16130196 5588611 71334927 5588611 87465123
11 0 15888053 5588611 71714401 5588611 87602454
12 0 15641909 5588611 72111523 5588611 87753432
13 0 15405987 5588611 72497794 5588611 87903781
14 0 15189880 5588611 72871565 5588611 88061445
15 0 14940126 5588611 73267409 5588611 88207535
16 0 14693408 5588611 73663809 5588611 88357217
1 0 23666832 5588618 287022017 5588618 310688849
2 0 22956641 5588618 287937815 5588618 310894456
3 0 22725072 5588618 288389084 5588618 311114156
4 0 22497354 5588618 288825576 5588618 311322930
5 0 22280562 5588618 289232716 5588618 311513278
6 0 22100547 5588618 289618783 5588618 311719330
7 0 21826366 5588618 290078182 5588618 311904548
8 0 21601519 5588618 290512340 5588618 312113859
9 0 21450244 5588618 290891741 5588618 312341985
10 0 21246562 5588618 291297863 5588618 312544425
11 0 21047455 5588618 291681578 5588618 312729033
12 0 20773349 5588618 292151495 5588618 312924844
13 0 20461762 5588618 292669411 5588618 313131173
14 0 20148861 5588618 293166883 5588618 313315744
15 0 19840607 5588618 293698651 5588618 313539258
16 0 19513058 5588618 294223474 5588618 313736532
1 0 20102714 5588625 456897289 5588625 477000003
2 0 19318654 5588625 457835661 5588625 477154315
3 0 19030401 5588625 458289374 5588625 477319775
4 0 18742887 5588625 458733218 5588625 477476105
5 0 18476689 5588625 459142173 5588625 477618862
6 0 18248952 5588625 459521703 5588625 477770655
7 0 18011031 5588625 459913658 5588625 477924689
8 0 17662093 5588625 460410094 5588625 478072187
9 0 17450171 5588625 460795160 5588625 478245331
10 0 17199990 5588625 461198190 5588625 478398180
11 0 16959328 5588625 461576035 5588625 478535363
12 0 16709925 5588625 461974083 5588625 478684008
13 0 16471171 5588625 462362575 5588625 478833746
14 0 16256415 5588625 462737402 5588625 478993817
15 0 16003162 5588625 463133653 5588625 479136815
16 0 15755555 5588625 463530368 5588625 479285923
1 0 21723553 5588632 561620534 5588632 583344087
2 0 20687350 5588632 562812456 5588632 583499806
3 0 20261785 5588632 563408537 5588632 583670322
4 0 19830219 5588632 563985989 5588632 583816208
5 0 19446171 5588632 564523349 5588632 583969520
6 0 19093029 5588632 565031395 5588632 584124424
7 0 18703500 5588632 565558922 5588632 584262422
8 0 18352340 5588632 566071968 5588632 584424308
9 0 18027920 5588632 566569681 5588632 584597601
10 0 17652796 5588632 567096042 5588632 584748838
11 0 17299581 5588632 567587421 5588632 584887002
12 0 16925014 5588632 568112763 5588632 585037777
13 0 16566651 5588632 568621550 5588632 585188201
14 0 16235805 5588632 569114115 5588632 585349920
15 0 15845460 5588632 569639068 5588632 585484528
16 0 15206768 5588632 570428831 5588632 585635599
1 0 25031880 5588639 741762841 5588639 766794721
2 0 24018492 5588639 742980003 5588639 766998495
3 0 23657351 5588639 743563103 5588639 767220454
4 0 23266803 5588639 744161351 5588639 767428154
5 0 22911494 5588639 744705897 5588639 767617391
6 0 22606944 5588639 745214369 5588639 767821313
7 0 22264081 5588639 745742710 5588639 768006791
8 0 21958290 5588639 746258108 5588639 768216398
9 0 21689424 5588639 746753877 5588639 768443301
10 0 21356913 5588639 747283570 5588639 768640483
11 0 21047955 5588639 747776339 5588639 768824294
12 0 20715888 5588639 748306958 5588639 769022846
13 0 20398431 5588639 748821615 5588639 769220046
14 0 20081066 5588639 749320513 5588639 769401579
15 0 19780813 5588639 749847966 5588639 769628779
16 0 19376654 5588639 750451214 5588639 769827868
