1 0 101932283 5588789 912156394 5588790 14088677
2 0 100885618 5588789 913329649 5588790 14215267
3 0 100425757 5588789 913898379 5588790 14324136
4 0 99974024 5588789 914463276 5588790 14437300
5 0 99549865 5588789 915005266 5588790 14555131
6 0 99120966 5588789 915534774 5588790 14655740
7 0 98693085 5588789 916069894 5588790 14762979
8 0 98289722 5588789 916579181 5588790 14868903
9 0 97849453 5588789 917125781 5588790 14975234
10 0 97432405 5588789 917645290 5588790 15077695
11 0 97033172 5588789 918165447 5588790 15198619
12 0 96600921 5588789 918692715 5588790 15293636
13 0 96167707 5588789 919228408 5588790 15396115
14 0 95751548 5588789 919738417 5588790 15489965
15 0 95274483 5588789 920318129 5588790 15592612
16 0 94864194 5588789 920839230 5588790 15703424
17 0 94444073 5588789 921354313 5588790 15798386
18 0 94006285 5588789 921894636 5588790 15900921
19 0 93571719 5588789 922431070 5588790 16002789
20 0 93150523 5588789 922946616 5588790 16097139
21 0 92734938 5588789 923465051 5588790 16199989
22 0 92244318 5588789 924073206 5588790 16317524
23 0 91810474 5588789 924601789 5588790 16412263
24 0 91410593 5588789 925104261 5588790 16514854
25 0 90973731 5588789 925635769 5588790 16609500
26 0 90557034 5588789 926154908 5588790 16711942
27 0 90165913 5588789 926650287 5588790 16816200
28 0 89739884 5588789 927175240 5588790 16915124
29 0 89335280 5588789 927679823 5588790 17015103
30 0 88912936 5588789 928204258 5588790 17117194
31 0 88491592 5588789 928724822 5588790 17216414
32 0 88100655 5588789 929218591 5588790 17319246
33 0 87685182 5588789 929749099 5588790 17434281
34 0 87164673 5588789 930366847 5588790 17531520
35 0 86735311 5588789 930897133 5588790 17632444
36 0 86323615 5588789 931412549 5588790 17736164
37 0 85890308 5588789 931945206 5588790 17835514
38 0 85475760 5588789 932460678 5588790 17936438
39 0 85047953 5588789 932984483 5588790 18032436
40 0 84650424 5588789 933497547 5588790 18147971
41 0 84178878 5588789 934072184 5588790 18251062
42 0 83740774 5588789 934606008 5588790 18346782
43 0 83310616 5588789 935139775 5588790 18450391
44 0 82874383 5588789 935683228 5588790 18557611
45 0 82472872 5588789 936187237 5588790 18660109
46 0 82070713 5588789 936691191 5588790 18761904
47 0 81656999 5588789 937207477 5588790 18864476
48 0 81254599 5588789 937703320 5588790 18957919
49 0 80827163 5588789 938232217 5588790 19059380
50 0 80451651 5588789 938712782 5588790 19164433
51 0 80042696 5588789 939220495 5588790 19263191
52 0 79632926 5588789 939732337 5588790 19365263
53 0 79183897 5588789 940275234 5588790 19459131
54 0 78753313 5588789 940807335 5588790 19560648
55 0 78334098 5588789 941328770 5588790 19662868
56 0 77928254 5588789 941827890 5588790 19756144
57 0 77503355 5588789 942369695 5588790 19873050
58 0 77120362 5588789 942863760 5588790 19984122
59 0 76735628 5588789 943380639 5588790 20116267
60 0 76342969 5588789 943874259 5588790 20217228
61 0 75955940 5588789 944370268 5588790 20326208
62 0 75541225 5588789 944885203 5588790 20426428
63 0 75146436 5588789 945380249 5588790 20526685
64 0 74743426 5588789 945884758 5588790 20628184
65 0 74346285 5588789 946383230 5588790 20729515
66 0 73944088 5588789 946881647 5588790 20825735
67 0 73534281 5588789 947391452 5588790 20925733
68 0 73131197 5588789 947902683 5588790 21033880
69 0 72724370 5588789 948403563 5588790 21127933
70 0 72310805 5588789 948918645 5588790 21229450
71 0 71918756 5588789 949411544 5588790 21330300
72 0 71514690 5588789 949919256 5588790 21433946
73 0 71040384 5588789 950485857 5588790 21526241
74 0 70656150 5588789 950976181 5588790 21632331
75 0 70269491 5588789 951470523 5588790 21740014
76 0 69849776 5588789 951991551 5588790 21841327
77 0 69460784 5588789 952481708 5588790 21942492
78 0 69049977 5588789 952993069 5588790 22043046
79 0 68677781 5588789 953472800 5588790 22150581
80 0 68255159 5588789 953989087 5588790 22244246
81 0 67852092 5588789 954504040 5588790 22356132
82 0 67426933 5588789 955031864 5588790 22458797
83 0 66995997 5588789 955557780 5588790 22553777
84 0 66604301 5588789 956053844 5588790 22658145
85 0 66202531 5588789 956562353 5588790 22764884
86 0 65803630 5588789 957062122 5588790 22865752
87 0 65398601 5588789 957562594 5588790 22961195
88 0 64981999 5588789 958074917 5588790 23056916
89 0 64590210 5588789 958567630 5588790 23157840
90 0 64158439 5588789 959092769 5588790 23251208
91 0 63757373 5588789 959604722 5588790 23362095
92 0 63109034 5588789 960353189 5588790 23462223
93 0 62713300 5588789 960849273 5588790 23562573
94 0 62269031 5588789 961396336 5588790 23665367
95 0 61865427 5588789 961901494 5588790 23766921
96 0 61474527 5588789 962402243 5588790 23876770
97 0 61052201 5588789 962916771 5588790 23968972
98 0 60669672 5588789 963401410 5588790 24071082
99 0 60264735 5588789 963908900 5588790 24173635
100 0 59896297 5588789 964407780 5588790 24304077
101 0 59493805 5588789 964906363 5588790 24400168
102 0 59082554 5588789 965420390 5588790 24502944
103 0 58701450 5588789 965904122 5588790 24605572
104 0 58269495 5588789 966430723 5588790 24700218
105 0 57967130 5588789 966930214 5588790 24897344
106 0 57580415 5588789 967430612 5588790 25011027
107 0 57161701 5588789 967951694 5588790 25113395
108 0 56774560 5588789 968435130 5588790 25209690
109 0 56335550 5588789 968975212 5588790 25310762
110 0 55941669 5588789 969471406 5588790 25413075
111 0 55538250 5588789 969969619 5588790 25507869
112 0 55093666 5588789 970535127 5588790 25628793
113 0 54691840 5588789 971037821 5588790 25729661
114 0 54274274 5588789 971556923 5588790 25831197
115 0 53869041 5588789 972055339 5588790 25924380
116 0 55062129 5588789 972553219 5588790 27615348
117 0 54645137 5588789 973050487 5588790 27695624
118 0 54218979 5588789 973551959 5588790 27770938
119 0 53750155 5588789 974095430 5588790 27845585
120 0 53317625 5588789 974601069 5588790 27918694
121 0 52898207 5588789 975124152 5588790 28022359
122 0 52512900 5588789 975609013 5588790 28121913
123 0 52080815 5588789 976132966 5588790 28213781
124 0 51694249 5588789 976617790 5588790 28312039
125 0 51287312 5588789 977117503 5588790 28404815
126 0 50877875 5588789 977625845 5588790 28503720
127 0 50479605 5588789 978128021 5588790 28607626
128 0 50039779 5588789 978660030 5588790 28699809
1 0 100322313 5588797 96992434 5588797 197314747
2 0 99580643 5588797 97908564 5588797 197489207
3 0 99292574 5588797 98344019 5588797 197636593
4 0 99028894 5588797 98765067 5588797 197793961
5 0 98763992 5588797 99186355 5588797 197950347
6 0 98523626 5588797 99579514 5588797 198103140
7 0 98285223 5588797 99969803 5588797 198255026
8 0 97933507 5588797 100474072 5588797 198407579
9 0 97667326 5588797 100879583 5588797 198546909
10 0 97418331 5588797 101278316 5588797 198696647
11 0 97190169 5588797 101665420 5588797 198855589
12 0 96955340 5588797 102053968 5588797 199009308
13 0 96703604 5588797 102455016 5588797 199158620
14 0 96471220 5588797 102824305 5588797 199295525
15 0 96227854 5588797 103214539 5588797 199442393
16 0 95996395 5588797 103597161 5588797 199593556
17 0 95760214 5588797 103976821 5588797 199737035
18 0 95509237 5588797 104379017 5588797 199888254
19 0 95299520 5588797 104772435 5588797 200071955
20 0 95044340 5588797 105171094 5588797 200215434
21 0 94810177 5588797 105555939 5588797 200366116
22 0 94493554 5588797 106034800 5588797 200528354
23 0 94257261 5588797 106431219 5588797 200688480
24 0 94030766 5588797 106805156 5588797 200835922
25 0 93775085 5588797 107206260 5588797 200981345
26 0 93536645 5588797 107593993 5588797 201130638
27 0 93310927 5588797 107965912 5588797 201276839
28 0 93056043 5588797 108358553 5588797 201414596
29 0 92843844 5588797 108726879 5588797 201570723
30 0 92591866 5588797 109127298 5588797 201719164
31 0 92335242 5588797 109521327 5588797 201856569
32 0 92117894 5588797 109892098 5588797 202009992
33 0 91772790 5588797 110389218 5588797 202162008
34 0 91522368 5588797 110782100 5588797 202304468
35 0 91285558 5588797 111167241 5588797 202452799
36 0 91050692 5588797 111550474 5588797 202601166
37 0 90795308 5588797 111941874 5588797 202737182
38 0 90557423 5588797 112320886 5588797 202878309
39 0 90307132 5588797 112708267 5588797 203015399
40 0 90087618 5588797 113093649 5588797 203181267
41 0 89800901 5588797 113530863 5588797 203331764
42 0 89541351 5588797 113929003 5588797 203470354
43 0 89298003 5588797 114320885 5588797 203618888
44 0 89028989 5588797 114739081 5588797 203768070
45 0 88785661 5588797 115118129 5588797 203903790
46 0 88568035 5588797 115490363 5588797 204058398
47 0 88343558 5588797 115877133 5588797 204220691
48 0 88118895 5588797 116238775 5588797 204357670
49 0 87882233 5588797 116629823 5588797 204512056
50 0 87653386 5588797 116994242 5588797 204647628
51 0 87433816 5588797 117367050 5588797 204800866
52 0 87198099 5588797 117755579 5588797 204953678
53 0 86975121 5588797 118116517 5588797 205091638
54 0 86728626 5588797 118512102 5588797 205240728
55 0 86493685 5588797 118895521 5588797 205389206
56 0 86256079 5588797 119267958 5588797 205524037
57 0 85999251 5588797 119679543 5588797 205678794
58 0 85709922 5588797 120127239 5588797 205837161
59 0 85449354 5588797 120524101 5588797 205973455
60 0 85226302 5588797 120897168 5588797 206123470
61 0 84981455 5588797 121290383 5588797 206271838
62 0 84736293 5588797 121676487 5588797 206412780
63 0 84517093 5588797 122051128 5588797 206568221
64 0 84295634 5588797 122427788 5588797 206723422
65 0 84062009 5588797 122797522 5588797 206859531
66 0 83836606 5588797 123169144 5588797 207005750
67 0 83601277 5588797 123551267 5588797 207152544
68 0 83366300 5588797 123940593 5588797 207306893
69 0 83132082 5588797 124311086 5588797 207443168
70 0 82907012 5588797 124683097 5588797 207590109
71 0 82695979 5588797 125056127 5588797 207752106
72 0 82450965 5588797 125436546 5588797 207887511
73 0 82199044 5588797 125834983 5588797 208034027
74 0 81990622 5588797 126197143 5588797 208187765
75 0 81763108 5588797 126575080 5588797 208338188
76 0 81524964 5588797 126962906 5588797 208487870
77 0 81306524 5588797 127330214 5588797 208636738
78 0 81072510 5588797 127712984 5588797 208785494
79 0 80848348 5588797 128072218 5588797 208920566
80 0 80619740 5588797 128455193 5588797 209074933
81 0 80388282 5588797 128833500 5588797 209221782
82 0 80113546 5588797 129255400 5588797 209368946
83 0 79861792 5588797 129642763 5588797 209504555
84 0 79524447 5588797 130129198 5588797 209653645
85 0 79279544 5588797 130528524 5588797 209808068
86 0 79037085 5588797 130904517 5588797 209941602
87 0 79391264 5588797 131274047 5588797 210665311
88 0 79166324 5588797 131661132 5588797 210827456
89 0 78940606 5588797 132036310 5588797 210976916
90 0 78694036 5588797 132419896 5588797 211113932
91 0 78463170 5588797 132806444 5588797 211269614
92 0 78233637 5588797 133189178 5588797 211422815
93 0 77997364 5588797 133561467 5588797 211558831
94 0 77786738 5588797 133941775 5588797 211728513
95 0 77558316 5588797 134318527 5588797 211876843
96 0 77336617 5588797 134692983 5588797 212029600
97 0 77069455 5588797 135096531 5588797 212165986
98 0 76854033 5588797 135456950 5588797 212310983
99 0 76629945 5588797 135829369 5588797 212459314
100 0 76389006 5588797 136204676 5588797 212593682
101 0 76159547 5588797 136574503 5588797 212734050
102 0 75908088 5588797 136979773 5588797 212887861
103 0 75692000 5588797 137344192 5588797 213036192
104 0 75431487 5588797 137738388 5588797 213169875
105 0 75295674 5588797 138110992 5588797 213406666
106 0 75075716 5588797 138483096 5588797 213558812
107 0 74793128 5588797 138901366 5588797 213694494
108 0 74582317 5588797 139265508 5588797 213847825
109 0 74333618 5588797 139663482 5588797 213997100
110 0 74078215 5588797 140066641 5588797 214144856
111 0 73834905 5588797 140445504 5588797 214280409
112 0 73591613 5588797 140845219 5588797 214436832
113 0 73384025 5588797 141215267 5588797 214599292
114 0 73146548 5588797 141587556 5588797 214734104
115 0 72923367 5588797 141958679 5588797 214882046
116 0 72694797 5588797 142332913 5588797 215027710
117 0 72461190 5588797 142713554 5588797 215174744
118 0 72230658 5588797 143090491 5588797 215321149
119 0 72003495 5588797 143470947 5588797 215474442
120 0 71776851 5588797 143846107 5588797 215622958
121 0 71539208 5588797 144219655 5588797 215758863
122 0 71304157 5588797 144606592 5588797 215910749
123 0 71054606 5588797 145003140 5588797 216057746
124 0 70848110 5588797 145362115 5588797 216210225
125 0 70605966 5588797 145738367 5588797 216344333
126 0 70351971 5588797 146132045 5588797 216484016
127 0 70117420 5588797 146512630 5588797 216630050
128 0 69863406 5588797 146898475 5588797 216761881
1 0 84855512 5588804 218474818 5588804 303330330
2 0 84052750 5588804 219397504 5588804 303450254
3 0 83719423 5588804 219831514 5588804 303550937
4 0 83307023 5588804 220350690 5588804 303657713
5 0 82982363 5588804 220780811 5588804 303763174
6 0 82682072 5588804 221175952 5588804 303858024
7 0 82402633 5588804 221565500 5588804 303968133
8 0 82124898 5588804 221947400 5588804 304072298
9 0 81812459 5588804 222352967 5588804 304165426
10 0 81515742 5588804 222752645 5588804 304268387
11 0 81231989 5588804 223140748 5588804 304372737
12 0 80946160 5588804 223535463 5588804 304481623
13 0 80666629 5588804 223918678 5588804 304585307
14 0 80376319 5588804 224303097 5588804 304679416
15 0 80085380 5588804 224695904 5588804 304781284
16 0 79799608 5588804 225082989 5588804 304882597
17 0 79508780 5588804 225470945 5588804 304979725
18 0 79206582 5588804 225880049 5588804 305086631
19 0 78911921 5588804 226277337 5588804 305189258
20 0 78609149 5588804 226672052 5588804 305281201
21 0 78328340 5588804 227054341 5588804 305382681
22 0 77968568 5588804 227525388 5588804 305493956
23 0 77667574 5588804 227920843 5588804 305588417
24 0 77399783 5588804 228294262 5588804 305694045
25 0 77086955 5588804 228699755 5588804 305786710
26 0 76801405 5588804 229091192 5588804 305892597
27 0 76536521 5588804 229457555 5588804 305994076
28 0 76237786 5588804 229851196 5588804 306088982
29 0 75918644 5588804 230271540 5588804 306190184
30 0 75616002 5588804 230679680 5588804 306295682
31 0 75314766 5588804 231074636 5588804 306389402
32 0 75047402 5588804 231448184 5588804 306495586
33 0 74755258 5588804 231846381 5588804 306601639
34 0 74476245 5588804 232218911 5588804 306695156
35 0 74187677 5588804 232625310 5588804 306812987
36 0 73896627 5588804 233009099 5588804 306905726
37 0 73599669 5588804 233406555 5588804 307006224
38 0 73321619 5588804 233788807 5588804 307110426
39 0 73033253 5588804 234173652 5588804 307206905
40 0 72756352 5588804 234558718 5588804 307315070
41 0 72430394 5588804 234991470 5588804 307421864
42 0 72135196 5588804 235379870 5588804 307515066
43 0 71828350 5588804 235787066 5588804 307615416
44 0 71519875 5588804 236196910 5588804 307716785
45 0 71236287 5588804 236573440 5588804 307809727
46 0 70962219 5588804 236948951 5588804 307911170
47 0 70675928 5588804 237341110 5588804 308017038
48 0 70403452 5588804 237705622 5588804 308109074
49 0 70107198 5588804 238102855 5588804 308210053
50 0 69835611 5588804 238467811 5588804 308303422
51 0 69563282 5588804 238845008 5588804 308408290
52 0 69268361 5588804 239236501 5588804 308504862
53 0 69001515 5588804 239599698 5588804 308601213
54 0 68707280 5588804 239995949 5588804 308703229
55 0 68374990 5588804 240430015 5588804 308805005
56 0 68092588 5588804 240805212 5588804 308897800
57 0 67811723 5588804 241187575 5588804 308999298
58 0 67563894 5588804 241550661 5588804 309114555
59 0 67279344 5588804 241943431 5588804 309222775
60 0 67007109 5588804 242318794 5588804 309325903
61 0 66728557 5588804 242699510 5588804 309428067
62 0 66453137 5588804 243071928 5588804 309525065
63 0 66193049 5588804 243436440 5588804 309629489
64 0 65898962 5588804 243838303 5588804 309737265
65 0 65624597 5588804 244210796 5588804 309835393
66 0 65351269 5588804 244585141 5588804 309936410
67 0 65832685 5588804 244959097 5588804 310791782
68 0 65552561 5588804 245349497 5588804 310902058
69 0 65280177 5588804 245716805 5588804 310996982
70 0 64976184 5588804 246126241 5588804 311102425
71 0 64692651 5588804 246512290 5588804 311204941
72 0 64409638 5588804 246887005 5588804 311296643
73 0 64113756 5588804 247283682 5588804 311397438
74 0 63855167 5588804 247644102 5588804 311499269
75 0 63578357 5588804 248029854 5588804 311608211
76 0 63304252 5588804 248405032 5588804 311709284
77 0 63040591 5588804 248777339 5588804 311817930
78 0 62758021 5588804 249160666 5588804 311918687
79 0 62489175 5588804 249523399 5588804 312012574
80 0 62201699 5588804 249914114 5588804 312115813
81 0 61843261 5588804 250378476 5588804 312221737
82 0 61576674 5588804 250757524 5588804 312334198
83 0 61282327 5588804 251144480 5588804 312426807
84 0 61020369 5588804 251507695 5588804 312528064
85 0 60720727 5588804 251909317 5588804 312630044
86 0 60444251 5588804 252282699 5588804 312726950
87 0 60185330 5588804 252642970 5588804 312828300
88 0 59901613 5588804 253027148 5588804 312928761
89 0 59648988 5588804 253405715 5588804 313054703
90 0 59358919 5588804 253788208 5588804 313147127
91 0 59074739 5588804 254174775 5588804 313249514
92 0 58792356 5588804 254562323 5588804 313354679
93 0 58511601 5588804 254935205 5588804 313446806
94 0 58250310 5588804 255305920 5588804 313556230
95 0 57942982 5588804 255718894 5588804 313661876
96 0 57661969 5588804 256101072 5588804 313763041
97 0 57368697 5588804 256486398 5588804 313855095
98 0 57101091 5588804 256854669 5588804 313955760
99 0 56831096 5588804 257228477 5588804 314059573
100 0 56538379 5588804 257613192 5588804 314151571
101 0 56275032 5588804 257988092 5588804 314263124
102 0 55987835 5588804 258378010 5588804 314365845
103 0 55722561 5588804 258745578 5588804 314468139
104 0 55424122 5588804 259136941 5588804 314561063
105 0 55234515 5588804 259498434 5588804 314732949
106 0 54974501 5588804 259878853 5588804 314853354
107 0 54638915 5588804 260309085 5588804 314948000
108 0 54375846 5588804 260674375 5588804 315050221
109 0 54069704 5588804 261081163 5588804 315150867
110 0 53785709 5588804 261466397 5588804 315252106
111 0 53513566 5588804 261830705 5588804 315344271
112 0 53219979 5588804 262237790 5588804 315457769
113 0 52984446 5588804 262598209 5588804 315582655
114 0 52684211 5588804 262992405 5588804 315676616
115 0 52408606 5588804 263371342 5588804 315779948
116 0 52129555 5588804 263751576 5588804 315881131
117 0 51850264 5588804 264132643 5588804 315982907
118 0 51579733 5588804 264497191 5588804 316076924
119 0 51290886 5588804 264891832 5588804 316182718
120 0 51012150 5588804 265273140 5588804 316285290
121 0 50727748 5588804 265650411 5588804 316378159
122 0 50453772 5588804 266028033 5588804 316481805
123 0 50170721 5588804 266412267 5588804 316582988
124 0 49897819 5588804 266789667 5588804 316687486
125 0 49619787 5588804 267164512 5588804 316784299
126 0 49344645 5588804 267538449 5588804 316883094
127 0 49054391 5588804 267929997 5588804 316984388
128 0 48755100 5588804 268320564 5588804 317075664
1 0 92587441 5588811 357160584 5588811 449748025
2 0 91846251 5588811 358079826 5588811 449926077
3 0 91603293 5588811 358507095 5588811 450110388
4 0 91348168 5588811 358922347 5588811 450270515
5 0 91080359 5588811 359344783 5588811 450425142
6 0 90833159 5588811 359742535 5588811 450575694
7 0 90515184 5588811 360212711 5588811 450727895
8 0 90273540 5588811 360608741 5588811 450882281
9 0 90009953 5588811 361009085 5588811 451019038
10 0 89758198 5588811 361411318 5588811 451169516
11 0 89542943 5588811 361798515 5588811 451341458
12 0 89299670 5588811 362191581 5588811 451491251
13 0 89054933 5588811 362585926 5588811 451640859
14 0 88822735 5588811 362957474 5588811 451780209
15 0 88586980 5588811 363347263 5588811 451934243
16 0 88355094 5588811 363730627 5588811 452085721
17 0 88120414 5588811 364110971 5588811 452231385
18 0 87861437 5588811 364521445 5588811 452382882
19 0 87615905 5588811 364917678 5588811 452533583
20 0 87357207 5588811 365315337 5588811 452672544
21 0 87123692 5588811 365698071 5588811 452821763
22 0 86816846 5588811 366166784 5588811 452983630
23 0 86567796 5588811 366561369 5588811 453129165
24 0 86345169 5588811 366933511 5588811 453278680
25 0 86085915 5588811 367337022 5588811 453422937
26 0 85851049 5588811 367722959 5588811 453574008
27 0 85631312 5588811 368091804 5588811 453723116
28 0 85378244 5588811 368482185 5588811 453860429
29 0 85166877 5588811 368848715 5588811 454015592
30 0 84907585 5588811 369257634 5588811 454165219
31 0 84653627 5588811 369647997 5588811 454301624
32 0 84371429 5588811 370086877 5588811 454458306
33 0 84087509 5588811 370521406 5588811 454608915
34 0 83830791 5588811 370919936 5588811 454750727
35 0 83599351 5588811 371313113 5588811 454912464
36 0 83361504 5588811 371699476 5588811 455060980
37 0 83100176 5588811 372101413 5588811 455201589
38 0 82856957 5588811 372487110 5588811 455344067
39 0 82603388 5588811 372878658 5588811 455482046
40 0 82378430 5588811 373268502 5588811 455646932
41 0 82093306 5588811 373705457 5588811 455798763
42 0 81751516 5588811 374184781 5588811 455936297
43 0 81480391 5588811 374605162 5588811 456085553
44 0 81221970 5588811 375013247 5588811 456235217
45 0 80980475 5588811 375391166 5588811 456371641
46 0 80760497 5588811 375766381 5588811 456526878
47 0 80518910 5588811 376157392 5588811 456676302
48 0 80292969 5588811 376520571 5588811 456813540
49 0 80046455 5588811 376917341 5588811 456963796
50 0 79821719 5588811 377279501 5588811 457101220
51 0 79601631 5588811 377653012 5588811 457254643
52 0 79366042 5588811 378044912 5588811 457410954
53 0 79148861 5588811 378406220 5588811 457555081
54 0 78902903 5588811 378801694 5588811 457704597
55 0 78668092 5588811 379185095 5588811 457853187
56 0 78431985 5588811 379556884 5588811 457988869
57 0 78174676 5588811 379971191 5588811 458145867
58 0 77875884 5588811 380430405 5588811 458306289
59 0 77630723 5588811 380823564 5588811 458454287
60 0 77406616 5588811 381199779 5588811 458606395
61 0 77176194 5588811 381580235 5588811 458756429
62 0 76937699 5588811 381963024 5588811 458900723
63 0 76722444 5588811 382337165 5588811 459059609
64 0 76494263 5588811 382719528 5588811 459213791
65 0 76258841 5588811 383092373 5588811 459351214
66 0 76034345 5588811 383465329 5588811 459499674
67 0 75799980 5588811 383848840 5588811 459648820
68 0 75564947 5588811 384240481 5588811 459805428
69 0 75331377 5588811 384609659 5588811 459941036
70 0 75763184 5588811 384983319 5588811 460746503
71 0 75531392 5588811 385370719 5588811 460902111
72 0 75286878 5588811 385753860 5588811 461040738
73 0 75036457 5588811 386152630 5588811 461189087
74 0 74834053 5588811 386512457 5588811 461346510
75 0 74605188 5588811 386890727 5588811 461495915
76 0 74378247 5588811 387273831 5588811 461652078
77 0 74160121 5588811 387643269 5588811 461803390
78 0 73923644 5588811 388027817 5588811 461951461
79 0 73701574 5588811 388387440 5588811 462089014
80 0 73470764 5588811 388773155 5588811 462243919
81 0 73242787 5588811 389150555 5588811 462393342
82 0 72998977 5588811 389557788 5588811 462556765
83 0 72745574 5588811 389946299 5588811 462691873
84 0 72424802 5588811 390418161 5588811 462842963
85 0 72191363 5588811 390807005 5588811 462998368
86 0 71953866 5588811 391179832 5588811 463133698
87 0 71732315 5588811 391547547 5588811 463279862
88 0 71502616 5588811 391930910 5588811 463433526
89 0 71281972 5588811 392302477 5588811 463584449
90 0 71043551 5588811 392677303 5588811 463720854
91 0 70812518 5588811 393064518 5588811 463877036
92 0 70571059 5588811 393458400 5588811 464029459
93 0 70336156 5588811 393830245 5588811 464166401
94 0 70115012 5588811 394210497 5588811 464325509
95 0 69887554 5588811 394586730 5588811 464474284
96 0 69669521 5588811 394959964 5588811 464629485
97 0 69407414 5588811 395357383 5588811 464764797
98 0 69195122 5588811 395716802 5588811 464911924
99 0 68970663 5588811 396089110 5588811 465059773
100 0 68734168 5588811 396461232 5588811 465195400
101 0 68501376 5588811 396833688 5588811 465335064
102 0 68263825 5588811 397226533 5588811 465490358
103 0 68050866 5588811 397587989 5588811 465638855
104 0 67794167 5588811 397978278 5588811 465772445
105 0 67657040 5588811 398349734 5588811 466006774
106 0 67450193 5588811 398724115 5588811 466174308
107 0 67161142 5588811 399148793 5588811 466309935
108 0 66953665 5588811 399512082 5588811 466465747
109 0 66701225 5588811 399912426 5588811 466613651
110 0 66430045 5588811 400332289 5588811 466762334
111 0 66194198 5588811 400703226 5588811 466897424
112 0 65934702 5588811 401122441 5588811 467057143
113 0 65725280 5588811 401495841 5588811 467221121
114 0 65487693 5588811 401868778 5588811 467356471
115 0 65265548 5588811 402239605 5588811 467505153
116 0 65039886 5588811 402615264 5588811 467655150
117 0 64808501 5588811 402995628 5588811 467804129
118 0 64564450 5588811 403376102 5588811 467940552
119 0 64337455 5588811 403755891 5588811 468093346
120 0 64110793 5588811 404129569 5588811 468240362
121 0 63873778 5588811 404502155 5588811 468375933
122 0 63642856 5588811 404883796 5588811 468526652
123 0 63405491 5588811 405268233 5588811 468673724
124 0 63205532 5588811 405626800 5588811 468832332
125 0 62965480 5588811 406001497 5588811 468966977
126 0 62712430 5588811 406393341 5588811 469105771
127 0 62483786 5588811 406769131 5588811 469252917
128 0 62227939 5588811 407158753 5588811 469386692
1 0 92916898 5588818 557332138 5588818 650249036
2 0 92161875 5588818 558268324 5588818 650430199
3 0 91923379 5588818 558692946 5588818 650616325
4 0 91652607 5588818 559110382 5588818 650762989
5 0 91384409 5588818 559534800 5588818 650919209
6 0 91142117 5588818 559932996 5588818 651075113
7 0 90741531 5588818 560473894 5588818 651215425
8 0 90502480 5588818 560865683 5588818 651368163
9 0 90242819 5588818 561272786 5588818 651515605
10 0 90009009 5588818 561672741 5588818 651681750
11 0 89772772 5588818 562060753 5588818 651833525
12 0 89517999 5588818 562454079 5588818 651972078
13 0 89268985 5588818 562853830 5588818 652122815
14 0 89056970 5588818 563225268 5588818 652282238
15 0 88801143 5588818 563621371 5588818 652422514
16 0 88567053 5588818 564007735 5588818 652574788
17 0 88333965 5588818 564392672 5588818 652726637
18 0 88067082 5588818 564799016 5588818 652866098
19 0 87823494 5588818 565193490 5588818 653016984
20 0 87595776 5588818 565589649 5588818 653185425
21 0 87352928 5588818 565972198 5588818 653325126
22 0 87045472 5588818 566440744 5588818 653486216
23 0 86791069 5588818 566841422 5588818 653632491
24 0 86564147 5588818 567217063 5588818 653781210
25 0 86308208 5588818 567621685 5588818 653929893
26 0 86065638 5588818 568010326 5588818 654075964
27 0 85855698 5588818 568382448 5588818 654238146
28 0 85610424 5588818 568777478 5588818 654387902
29 0 85376577 5588818 569147693 5588818 654524270
30 0 85121563 5588818 569550575 5588818 654672138
31 0 84885975 5588818 569945697 5588818 654831672
32 0 84612221 5588818 570362059 5588818 654974280
33 0 84358115 5588818 570764570 5588818 655122685
34 0 84100824 5588818 571159155 5588818 655259979
35 0 83855680 5588818 571552129 5588818 655407809
36 0 83613777 5588818 571939955 5588818 655553732
37 0 83346726 5588818 572344374 5588818 655691100
38 0 83118361 5588818 572730292 5588818 655848653
39 0 82869790 5588818 573126341 5588818 655996131
40 0 82598907 5588818 573544296 5588818 656143203
41 0 82351115 5588818 573947270 5588818 656298385
42 0 82099194 5588818 574355077 5588818 656454271
43 0 81847885 5588818 574750365 5588818 656598250
44 0 81569056 5588818 575176580 5588818 656745636
45 0 81337616 5588818 575556054 5588818 656893670
46 0 81097509 5588818 575934177 5588818 657031686
47 0 80857754 5588818 576327188 5588818 657184942
48 0 80632685 5588818 576689940 5588818 657322625
49 0 80403486 5588818 577082377 5588818 657485863
50 0 80175972 5588818 577458129 5588818 657634101
51 0 79961086 5588818 577824067 5588818 657785153
52 0 79716443 5588818 578217337 5588818 657933780
53 0 79501484 5588818 578581071 5588818 658082555
54 0 79236618 5588818 578983638 5588818 658220256
55 0 79003160 5588818 579375260 5588818 658378420
56 0 78768646 5588818 579761123 5588818 658529769
57 0 78422133 5588818 580244781 5588818 658666914
58 0 78209119 5588818 580616922 5588818 658826041
59 0 77953013 5588818 581013840 5588818 658966853
60 0 77735073 5588818 581391148 5588818 659126221
61 0 77497670 5588818 581778455 5588818 659276125
62 0 77282581 5588818 582158689 5588818 659441270
63 0 77045956 5588818 582534515 5588818 659580471
64 0 76792572 5588818 582938119 5588818 659730691
65 0 76566113 5588818 583313538 5588818 659879651
66 0 77218786 5588818 583692160 5588818 660910946
67 0 77010050 5588818 584068560 5588818 661078610
68 0 76758869 5588818 584471590 5588818 661230459
69 0 76502485 5588818 584870360 5588818 661372845
70 0 76276285 5588818 585247464 5588818 661523749
71 0 76041383 5588818 585638734 5588818 661680117
72 0 75827887 5588818 586003468 5588818 661831355
73 0 75566077 5588818 586403646 5588818 661969723
74 0 75368840 5588818 586775324 5588818 662144164
75 0 75139973 5588818 587155947 5588818 662295920
76 0 74897923 5588818 587545680 5588818 662443603
77 0 74688908 5588818 587910081 5588818 662598989
78 0 74451412 5588818 588296814 5588818 662748226
79 0 74218491 5588818 588679473 5588818 662897964
80 0 73978273 5588818 589054115 5588818 663032388
81 0 73719408 5588818 589463866 5588818 663183274
82 0 73498004 5588818 589842026 5588818 663340030
83 0 73147530 5588818 590329831 5588818 663477361
84 0 72918015 5588818 590710306 5588818 663628321
85 0 72669279 5588818 591108687 5588818 663777966
86 0 72471357 5588818 591493717 5588818 663965074
87 0 72236398 5588818 591866673 5588818 664103071
88 0 72006070 5588818 592246554 5588818 664252624
89 0 71779722 5588818 592623066 5588818 664402788
90 0 71552578 5588818 592998911 5588818 664551489
91 0 71289343 5588818 593399051 5588818 664688394
92 0 71061847 5588818 593788303 5588818 664850150
93 0 70840221 5588818 594159333 5588818 664999554
94 0 70608244 5588818 594538159 5588818 665146403
95 0 70368452 5588818 594926097 5588818 665294549
96 0 70139623 5588818 595302997 5588818 665442620
97 0 69887683 5588818 595690453 5588818 665578136
98 0 69699002 5588818 596053242 5588818 665752244
99 0 69472376 5588818 596428402 5588818 665900778
100 0 69230844 5588818 596818672 5588818 666049516
101 0 68994385 5588818 597190980 5588818 666185365
102 0 68751001 5588818 597582139 5588818 666333140
103 0 68538265 5588818 597952169 5588818 666490434
104 0 68302713 5588818 598339273 5588818 666641986
105 0 68140013 5588818 598728006 5588818 666868019
106 0 67886222 5588818 599136017 5588818 667022239
107 0 67645559 5588818 599526047 5588818 667171606
108 0 67407119 5588818 599902151 5588818 667309270
109 0 67102921 5588818 600362568 5588818 667465489
110 0 66874074 5588818 600748931 5588818 667623005
111 0 66639893 5588818 601119850 5588818 667759743
112 0 66404971 5588818 601512491 5588818 667917462
113 0 66176883 5588818 601889299 5588818 668066182
114 0 65957073 5588818 602267421 5588818 668224494
115 0 65719465 5588818 602643933 5588818 668363398
116 0 65473396 5588818 603038407 5588818 668511803
117 0 65250511 5588818 603410252 5588818 668660763
118 0 64988424 5588818 603821281 5588818 668809705
119 0 64745188 5588818 604200792 5588818 668945980
120 0 64523729 5588818 604576952 5588818 669100681
121 0 64301622 5588818 604961815 5588818 669263437
122 0 64079868 5588818 605326752 5588818 669406620
123 0 63827391 5588818 605720152 5588818 669547543
124 0 63594395 5588818 606100071 5588818 669694466
125 0 63368010 5588818 606463694 5588818 669831704
126 0 63126348 5588818 606863816 5588818 669990164
127 0 62927019 5588818 607246364 5588818 670173383
128 0 62685579 5588818 607644079 5588818 670329658
1 0 92921731 5588825 706983924 5588825 799905655
2 0 92218059 5588825 707901647 5588825 800119706
3 0 91941861 5588825 708329602 5588825 800271463
4 0 91679366 5588825 708751798 5588825 800431164
5 0 91411575 5588825 709175771 5588825 800587346
6 0 91166486 5588825 709571875 5588825 800738361
7 0 90927620 5588825 709965331 5588825 800892951
8 0 90548387 5588825 710497228 5588825 801045615
9 0 90293410 5588825 710905128 5588825 801198538
10 0 90045063 5588825 711307009 5588825 801352072
11 0 89811789 5588825 711699687 5588825 801511476
12 0 89570961 5588825 712091383 5588825 801662344
13 0 89326373 5588825 712494764 5588825 801821137
14 0 89091970 5588825 712870535 5588825 801962505
15 0 88848104 5588825 713265824 5588825 802113928
16 0 88612553 5588825 713653391 5588825 802265944
17 0 88371762 5588825 714039846 5588825 802411608
18 0 88114581 5588825 714448153 5588825 802562734
19 0 87870882 5588825 714843424 5588825 802714306
20 0 87610887 5588825 715241046 5588825 802851933
21 0 87378447 5588825 715624446 5588825 803002893
22 0 87069563 5588825 716094845 5588825 803164408
23 0 86816235 5588825 716492004 5588825 803308239
24 0 86590721 5588825 716866034 5588825 803456755
25 0 86331874 5588825 717270471 5588825 803602345
26 0 86092638 5588825 717660741 5588825 803753379
27 0 85872901 5588825 718030530 5588825 803903431
28 0 85613610 5588825 718429171 5588825 804042781
29 0 85400391 5588825 718797183 5588825 804197574
30 0 85145099 5588825 719201194 5588825 804346293
31 0 84889752 5588825 719593594 5588825 804483346
32 0 84668053 5588825 719969772 5588825 804637825
33 0 84365410 5588825 720434393 5588825 804799803
34 0 84121619 5588825 720827922 5588825 804949541
35 0 83879272 5588825 721219674 5588825 805098946
36 0 83646832 5588825 721602778 5588825 805249610
37 0 83384411 5588825 722003215 5588825 805387626
38 0 83139712 5588825 722391152 5588825 805530864
39 0 82882753 5588825 722785441 5588825 805668194
40 0 82661128 5588825 723172656 5588825 805833784
41 0 82386615 5588825 723598777 5588825 805985392
42 0 82120453 5588825 724001437 5588825 806121890
43 0 81876550 5588825 724394096 5588825 806270646
44 0 81612555 5588825 724809162 5588825 806421717
45 0 81368689 5588825 725191581 5588825 806560270
46 0 81151267 5588825 725565500 5588825 806716767
47 0 80919550 5588825 725954511 5588825 806874061
48 0 80695295 5588825 726318745 5588825 807014040
49 0 80451152 5588825 726713274 5588825 807164426
50 0 80225304 5588825 727076156 5588825 807301460
51 0 80009623 5588825 727449038 5588825 807458661
52 0 79772423 5588825 727842883 5588825 807615306
53 0 79550075 5588825 728204339 5588825 807754414
54 0 79303858 5588825 728600794 5588825 807904652
55 0 79074640 5588825 728986639 5588825 808061279
56 0 78834052 5588825 729364984 5588825 808199036
57 0 78593131 5588825 729773809 5588825 808366940
58 0 78317321 5588825 730210190 5588825 808527511
59 0 78057937 5588825 730609979 5588825 808667916
60 0 77828719 5588825 730988138 5588825 808816857
61 0 77604871 5588825 731366613 5588825 808971484
62 0 77361746 5588825 731752939 5588825 809114685
63 0 77145047 5588825 732129376 5588825 809274423
64 0 76919163 5588825 732510535 5588825 809429698
65 0 76681630 5588825 732885269 5588825 809566899
66 0 76451522 5588825 733262281 5588825 809713803
67 0 76220731 5588825 733642347 5588825 809863078
68 0 76643389 5588825 734030248 5588825 810673637
69 0 76416060 5588825 734406741 5588825 810822801
70 0 76175305 5588825 734795604 5588825 810970909
71 0 75954384 5588825 735167745 5588825 811122129
72 0 75710240 5588825 735549182 5588825 811259422
73 0 75463838 5588825 735945471 5588825 811409309
74 0 75259916 5588825 736309575 5588825 811569491
75 0 75037142 5588825 736682124 5588825 811719266
76 0 74804683 5588825 737072561 5588825 811877244
77 0 74583781 5588825 737442868 5588825 812026649
78 0 74348081 5588825 737828009 5588825 812176090
79 0 74120696 5588825 738191799 5588825 812312495
80 0 73889293 5588825 738577255 5588825 812466548
81 0 73672834 5588825 738955007 5588825 812627841
82 0 73419321 5588825 739359073 5588825 812778394
83 0 73160696 5588825 739751640 5588825 812912336
84 0 72890164 5588825 740170354 5588825 813060518
85 0 72653983 5588825 740561884 5588825 813215867
86 0 72410859 5588825 740938432 5588825 813349291
87 0 72188159 5588825 741311036 5588825 813499195
88 0 71959181 5588825 741696511 5588825 813655692
89 0 71734131 5588825 742069207 5588825 813803338
90 0 71476543 5588825 742459996 5588825 813936539
91 0 71240917 5588825 742848230 5588825 814089147
92 0 71012218 5588825 743231611 5588825 814243829
93 0 70776685 5588825 743605660 5588825 814382345
94 0 70553263 5588825 743986838 5588825 814540101
95 0 70327934 5588825 744360979 5588825 814688913
96 0 70109439 5588825 744733472 5588825 814842911
97 0 69841722 5588825 745135890 5588825 814977612
98 0 69619244 5588825 745503680 5588825 815122924
99 0 69395193 5588825 745875617 5588825 815270810
100 0 69154623 5588825 746249351 5588825 815403974
101 0 68918757 5588825 746624770 5588825 815543527
102 0 68679410 5588825 747019170 5588825 815698580
103 0 68464469 5588825 747383478 5588825 815847947
104 0 68216696 5588825 747779785 5588825 815996481
105 0 68075533 5588825 748160222 5588825 816235755
106 0 67859481 5588825 748530030 5588825 816389511
107 0 67565746 5588825 748961244 5588825 816526990
108 0 67349601 5588825 749331645 5588825 816681246
109 0 67102051 5588825 749730267 5588825 816832318
110 0 66522969 5588825 750457068 5588825 816980037
111 0 66267140 5588825 750848635 5588825 817115775
112 0 66024516 5588825 751247349 5588825 817271865
113 0 65804316 5588825 751631675 5588825 817435991
114 0 65560395 5588825 752010279 5588825 817570674
115 0 65332991 5588825 752385680 5588825 817718671
116 0 65103533 5588825 752763061 5588825 817866594
117 0 64864760 5588825 753149054 5588825 818013814
118 0 64622523 5588825 753524677 5588825 818147200
119 0 64388639 5588825 753911595 5588825 818300234
120 0 64159995 5588825 754288959 5588825 818448954
121 0 63919296 5588825 754664711 5588825 818584007
122 0 63688023 5588825 755046870 5588825 818734893
123 0 63446360 5588825 755435715 5588825 818882075
124 0 63239106 5588825 755799226 5588825 819038332
125 0 63004202 5588825 756169071 5588825 819173273
126 0 62752374 5588825 756562897 5588825 819315271
127 0 62517897 5588825 756945149 5588825 819463046
128 0 62275512 5588825 757335568 5588825 819611080
1 0 98381110 5588832 841380630 5588832 939761740
2 0 97321815 5588832 842561404 5588832 939883219
3 0 96856361 5588832 843126819 5588832 939983180
4 0 96448332 5588832 843673753 5588832 940122085
5 0 96007562 5588832 844228798 5588832 940236360
6 0 95578607 5588832 844755103 5588832 940333710
7 0 95167578 5588832 845273371 5588832 940440949
8 0 94766474 5588832 845776751 5588832 940543225
9 0 94330223 5588832 846306574 5588832 940636797
10 0 93901990 5588832 846835268 5588832 940737258
11 0 93501850 5588832 847351962 5588832 940853812
12 0 93072709 5588832 847874156 5588832 940946865
13 0 92648051 5588832 848399553 5588832 941047604
14 0 92256373 5588832 848892655 5588832 941149028
15 0 91826252 5588832 849414275 5588832 941240527
16 0 91419741 5588832 849927191 5588832 941346932
17 0 90827196 5588832 850621419 5588832 941448615
18 0 90375502 5588832 851166612 5588832 941542114
19 0 89960472 5588832 851680973 5588832 941641445
20 0 89530721 5588832 852203630 5588832 941734351
21 0 89124062 5588832 852711879 5588832 941835941
22 0 88629793 5588832 853325405 5588832 941955198
23 0 88208783 5588832 853850339 5588832 942059122
24 0 87819587 5588832 854346237 5588832 942165824
25 0 87380576 5588832 854886894 5588832 942267470
26 0 86958973 5588832 855401088 5588832 942360061
27 0 86568425 5588832 855892616 5588832 942461041
28 0 86152729 5588832 856413958 5588832 942566687
29 0 85752070 5588832 856906763 5588832 942658833
30 0 85315411 5588832 857443050 5588832 942758461
31 0 84894771 5588832 857957614 5588832 942852385
32 0 84505742 5588832 858451271 5588832 942957013
33 0 84084768 5588832 858977113 5588832 943061881
34 0 83666517 5588832 859488437 5588832 943154954
35 0 83212914 5588832 860043408 5588832 943256322
36 0 82790885 5588832 860566324 5588832 943357209
37 0 82363171 5588832 861091203 5588832 943454374
38 0 81956382 5588832 861599268 5588832 943555650
39 0 81544446 5588832 862116924 5588832 943661370
40 0 81129842 5588832 862632785 5588832 943762627
41 0 80635388 5588832 863226663 5588832 943862051
42 0 80208155 5588832 863756005 5588832 943964160
43 0 79783237 5588832 864281310 5588832 944064547
44 0 79345283 5588832 864820411 5588832 944165694
45 0 78942661 5588832 865321568 5588832 944264229
46 0 78545132 5588832 865818299 5588832 944363431
47 0 78136435 5588832 866337234 5588832 944473669
48 0 77740610 5588832 866825132 5588832 944565742
49 0 77317784 5588832 867348900 5588832 944666684
50 0 76929792 5588832 867833520 5588832 944763312
51 0 76529577 5588832 868331196 5588832 944860773
52 0 76111511 5588832 868850038 5588832 944961549
53 0 75729796 5588832 869331659 5588832 945061455
54 0 75295267 5588832 869858297 5588832 945153564
55 0 74794591 5588832 870459249 5588832 945253840
56 0 74387561 5588832 870960073 5588832 945347634
57 0 73950255 5588832 871501211 5588832 945451466
58 0 73569614 5588832 871991294 5588832 945560908
59 0 73145585 5588832 872508321 5588832 945653906
60 0 72749222 5588832 873005979 5588832 945755201
61 0 72339341 5588832 873517228 5588832 945856569
62 0 71932052 5588832 874027052 5588832 945959104
63 0 71544282 5588832 874521413 5588832 946065695
64 0 71145419 5588832 875026478 5588832 946171897
65 0 70742890 5588832 875522135 5588832 946265025
66 0 70343934 5588832 876021885 5588832 946365819
67 0 69939090 5588832 876530931 5588832 946470021
68 0 69531301 5588832 877043699 5588832 946575000
69 0 69125013 5588832 877541726 5588832 946666739
70 0 68729964 5588832 878036310 5588832 946766274
71 0 68348638 5588832 878528523 5588832 946877161
72 0 67937405 5588832 879031717 5588832 946969122
73 0 67519228 5588832 879556892 5588832 947076120
74 0 67103217 5588832 880074031 5588832 947177248
75 0 66715095 5588832 880588391 5588832 947303486
76 0 66290548 5588832 881114011 5588832 947404559
77 0 65899295 5588832 881606428 5588832 947505723
78 0 65492804 5588832 882114640 5588832 947607444
79 0 65103366 5588832 882595576 5588832 947698942
80 0 64692282 5588832 883107362 5588832 947799644
81 0 64290752 5588832 883616186 5588832 947906938
82 0 63837483 5588832 884170305 5588832 948007788
83 0 63410676 5588832 884690258 5588832 948100934
84 0 63016165 5588832 885186823 5588832 948202988
85 0 62609432 5588832 885698665 5588832 948308097
86 0 62201828 5588832 886197675 5588832 948399503
87 0 61814317 5588832 886694943 5588832 948509260
88 0 61407881 5588832 887203248 5588832 948611129
89 0 61010739 5588832 887702054 5588832 948712793
90 0 60597303 5588832 888206526 5588832 948803829
91 0 60189125 5588832 888714979 5588832 948904104
92 0 59779503 5588832 889235914 5588832 949015417
93 0 59386881 5588832 889721090 5588832 949107971
94 0 58916335 5588832 890312486 5588832 949228821
95 0 58509472 5588832 890821365 5588832 949330837
96 0 58114276 5588832 891316726 5588832 949431002
97 0 57687599 5588832 891836809 5588832 949524408
98 0 57318439 5588832 892316096 5588832 949634535
99 0 56920521 5588832 892819957 5588832 949740478
100 0 56504269 5588832 893330003 5588832 949834272
101 0 56124221 5588832 893810531 5588832 949934752
102 0 55735598 5588832 894334244 5588832 950069842
103 0 55359420 5588832 894820327 5588832 950179747
104 0 54920484 5588832 895350928 5588832 950271412
105 0 54589971 5588832 895844271 5588832 950434242
106 0 54200350 5588832 896343150 5588832 950543500
107 0 53793505 5588832 896854048 5588832 950647553
108 0 53402624 5588832 897337057 5588832 950739681
109 0 52969187 5588832 897879066 5588832 950848253
110 0 52572028 5588832 898376482 5588832 950948510
111 0 52169370 5588832 898871991 5588832 951041361
112 0 51752321 5588832 899394167 5588832 951146488
113 0 51357107 5588832 899889102 5588832 951246209
114 0 52011336 5588832 900910971 5588832 952922307
115 0 51583269 5588832 901416036 5588832 952999305
116 0 51154203 5588832 901918508 5588832 953072711
117 0 50731340 5588832 902414388 5588832 953145728
118 0 50308552 5588832 902910508 5588832 953219060
119 0 49868765 5588832 903459627 5588832 953328392
120 0 49462457 5588832 903957451 5588832 953419908
121 0 49048280 5588832 904471034 5588832 953519314
122 0 48668991 5588832 904953488 5588832 953622479
123 0 48233258 5588832 905487996 5588832 953721254
124 0 47851710 5588832 905972061 5588832 953823771
125 0 47449940 5588832 906465163 5588832 953915103
126 0 47038985 5588832 906973857 5588832 954012842
127 0 46630695 5588832 907477237 5588832 954107932
128 0 46209149 5588832 907997819 5588832 954206968
1 0 118857150 5588840 47802407 5588840 166659557
2 0 117810244 5588840 48970385 5588840 166780629
3 0 117348882 5588840 49532300 5588840 166881182
4 0 116749504 5588840 50238324 5588840 166987828
5 0 116249329 5588840 50844183 5588840 167093512
6 0 115820967 5588840 51373913 5588840 167194880
7 0 115415715 5588840 51893422 5588840 167309137
8 0 115016149 5588840 52396690 5588840 167412839
9 0 114573805 5588840 52932273 5588840 167506078
10 0 114148128 5588840 53459522 5588840 167607650
11 0 113736858 5588840 53979290 5588840 167716148
12 0 113318088 5588840 54502225 5588840 167820313
13 0 112887300 5588840 55034826 5588840 167922126
14 0 112483955 5588840 55531317 5588840 168015272
15 0 112063926 5588840 56052659 5588840 168116585
16 0 111653675 5588840 56565149 5588840 168218824
17 0 111244904 5588840 57073547 5588840 168318451
18 0 110807172 5588840 57613777 5588840 168420949
19 0 110387254 5588840 58138156 5588840 168525410
20 0 109957225 5588840 58662387 5588840 168619612
21 0 109549844 5588840 59172896 5588840 168722740
22 0 109044131 5588840 59790459 5588840 168834590
23 0 108526993 5588840 60407447 5588840 168934440
24 0 108122185 5588840 60913086 5588840 169035271
25 0 107694749 5588840 61450131 5588840 169144880
26 0 107272258 5588840 61966195 5588840 169238453
27 0 106882006 5588840 62457519 5588840 169339525
28 0 106451921 5588840 62981139 5588840 169433060
29 0 106066558 5588840 63472667 5588840 169539225
30 0 105630436 5588840 64010953 5588840 169641389
31 0 105211407 5588840 64536388 5588840 169747795
32 0 104821322 5588840 65031508 5588840 169852830
33 0 104394330 5588840 65559628 5588840 169953958
34 0 104015781 5588840 66074970 5588840 170090751
35 0 103602734 5588840 66591812 5588840 170194546
36 0 103195315 5588840 67101932 5588840 170297247
37 0 102767250 5588840 67629644 5588840 170396894
38 0 102357517 5588840 68139375 5588840 170496892
39 0 101933988 5588840 68657643 5588840 170591631
40 0 101499866 5588840 69209207 5588840 170709073
41 0 101087041 5588840 69724123 5588840 170811164
42 0 100609364 5588840 70296687 5588840 170906051
43 0 100167836 5588840 70839528 5588840 171007364
44 0 99745788 5588840 71363759 5588840 171109547
45 0 99340425 5588840 71863379 5588840 171203804
46 0 98951376 5588840 72359389 5588840 171310765
47 0 98536533 5588840 72876879 5588840 171413412
48 0 98149392 5588840 73356370 5588840 171505762
49 0 97727733 5588840 73877786 5588840 171605519
50 0 97344370 5588840 74362221 5588840 171706591
51 0 96941711 5588840 74862434 5588840 171804145
52 0 96525718 5588840 75383332 5588840 171909050
53 0 96134708 5588840 75868304 5588840 172003012
54 0 95706827 5588840 76396979 5588840 172103806
55 0 95310612 5588840 76903951 5588840 172214563
56 0 94907305 5588840 77399182 5588840 172306487
57 0 94506349 5588840 77903599 5588840 172409948
58 0 94128968 5588840 78389849 5588840 172518817
59 0 93705939 5588840 78904376 5588840 172610315
60 0 93311002 5588840 79397830 5588840 172708832
61 0 92910065 5588840 79900117 5588840 172810182
62 0 92304817 5588840 80601455 5588840 172906272
63 0 91927065 5588840 81085817 5588840 173012882
64 0 91490092 5588840 81619510 5588840 173109602
65 0 91095266 5588840 82115390 5588840 173210656
66 0 90699588 5588840 82612510 5588840 173312098
67 0 90299707 5588840 83113445 5588840 173413152
68 0 89864974 5588840 83640417 5588840 173505391
69 0 89483536 5588840 84126482 5588840 173610018
70 0 89043063 5588840 84668805 5588840 173711868
71 0 88637423 5588840 85165573 5588840 173802996
72 0 88240967 5588840 85661638 5588840 173902605
73 0 87819050 5588840 86185591 5588840 174004641
74 0 87441964 5588840 86670489 5588840 174112453
75 0 87031916 5588840 87172221 5588840 174204137
76 0 86630312 5588840 87690100 5588840 174320412
77 0 86252745 5588840 88168517 5588840 174421262
78 0 85836161 5588840 88677192 5588840 174513353
79 0 85468576 5588840 89155831 5588840 174624407
80 0 85055157 5588840 89675470 5588840 174730627
81 0 84613351 5588840 90217311 5588840 174830662
82 0 84201432 5588840 90723302 5588840 174924734
83 0 83779959 5588840 91242922 5588840 175022881
84 0 83378299 5588840 91745709 5588840 175124008
85 0 82955456 5588840 92264680 5588840 175220136
86 0 82559704 5588840 92760578 5588840 175320282
87 0 82180989 5588840 93240366 5588840 175421355
88 0 81778108 5588840 93770485 5588840 175548593
89 0 81368634 5588840 94272513 5588840 175641147
90 0 80958642 5588840 94783596 5588840 175742238
91 0 80550834 5588840 95294105 5588840 175844939
92 0 80145861 5588840 95797317 5588840 175943178
93 0 79751368 5588840 96292938 5588840 176044306
94 0 79369023 5588840 96789077 5588840 176158100
95 0 78919995 5588840 97338529 5588840 176258524
96 0 78513207 5588840 97837260 5588840 176350467
97 0 78092085 5588840 98357084 5588840 176449169
98 0 77711592 5588840 98840130 5588840 176551722
99 0 77310432 5588840 99333603 5588840 176644035
100 0 76908366 5588840 99845223 5588840 176753589
101 0 76456023 5588840 100397953 5588840 176853976
102 0 76053160 5588840 100913221 5588840 176966381
103 0 75661056 5588840 101395564 5588840 177056620
104 0 75232731 5588840 101924109 5588840 177156840
105 0 74912959 5588840 102422082 5588840 177335041
106 0 74513430 5588840 102915887 5588840 177429317
107 0 74066382 5588840 103464803 5588840 177531185
108 0 73683038 5588840 103949368 5588840 177632406
109 0 73245565 5588840 104485913 5588840 177731478
110 0 72840350 5588840 104983996 5588840 177824346
111 0 72458135 5588840 105470228 5588840 177928363
112 0 72056402 5588840 106002107 5588840 178058509
113 0 71664446 5588840 106486505 5588840 178150951
114 0 71103494 5588840 107147493 5588840 178250987
115 0 70694150 5588840 107658001 5588840 178352151
116 0 70295064 5588840 108157511 5588840 178452575
117 0 69878888 5588840 108663445 5588840 178542333
118 0 69478969 5588840 109167473 5588840 178646442
119 0 69075403 5588840 109670908 5588840 178746311
120 0 68565375 5588840 110271841 5588840 178837216
121 0 68163142 5588840 110775239 5588840 178938381
122 0 67760317 5588840 111282766 5588840 179043083
123 0 67355379 5588840 111794294 5588840 179149673
124 0 66970979 5588840 112273452 5588840 179244431
125 0 66580875 5588840 112773572 5588840 179354447
126 0 66161902 5588840 113294562 5588840 179456464
127 0 65747447 5588840 113799145 5588840 179546592
128 0 65331085 5588840 114314783 5588840 179645868
1 0 99910211 5588847 256736083 5588847 356646294
2 0 99169244 5588847 257650584 5588847 356819828
3 0 98890433 5588847 258077336 5588847 356967769
4 0 98632791 5588847 258492494 5588847 357125285
5 0 98365406 5588847 258913987 5588847 357279393
6 0 98122133 5588847 259308424 5588847 357430557
7 0 97885194 5588847 259696490 5588847 357581684
8 0 97565477 5588847 260168278 5588847 357733755
9 0 97282408 5588847 260588048 5588847 357870456
10 0 97031413 5588847 260988244 5588847 358019657
11 0 96807695 5588847 261369922 5588847 358177617
12 0 96568070 5588847 261758174 5588847 358326244
13 0 96319278 5588847 262155148 5588847 358474426
14 0 96080339 5588847 262531770 5588847 358612109
15 0 95836991 5588847 262923374 5588847 358760365
16 0 95607736 5588847 263304330 5588847 358912066
17 0 95369129 5588847 263687897 5588847 359057026
18 0 95115153 5588847 264092185 5588847 359207338
19 0 94871676 5588847 264485141 5588847 359356817
20 0 94613255 5588847 264879911 5588847 359493166
21 0 94376482 5588847 265266774 5588847 359643256
22 0 94072024 5588847 265729525 5588847 359801549
23 0 93822103 5588847 266122666 5588847 359944769
24 0 93655921 5588847 266493510 5588847 360149431
25 0 93399296 5588847 266893873 5588847 360293169
26 0 93162004 5588847 267278718 5588847 360440722
27 0 92941916 5588847 267649729 5588847 360591645
28 0 92688273 5588847 268037444 5588847 360725717
29 0 92475536 5588847 268402882 5588847 360878418
30 0 92222467 5588847 268804800 5588847 361027267
31 0 91970749 5588847 269196330 5588847 361167079
32 0 91748049 5588847 269567749 5588847 361315798
33 0 91495795 5588847 269967501 5588847 361463296
34 0 91098099 5588847 270506601 5588847 361604700
35 0 90850604 5588847 270899520 5588847 361750124
36 0 90612126 5588847 271284087 5588847 361896213
37 0 90349835 5588847 271682376 5588847 362032211
38 0 90108080 5588847 272063202 5588847 362171282
39 0 89854678 5588847 272451787 5588847 362306465
40 0 89633664 5588847 272836724 5588847 362470388
41 0 89341632 5588847 273275346 5588847 362616978
42 0 89073137 5588847 273679653 5588847 362752790
43 0 88825475 5588847 274072794 5588847 362898269
44 0 88560832 5588847 274483508 5588847 363044340
45 0 88314003 5588847 274864686 5588847 363178689
46 0 88091100 5588847 275240827 5588847 363331927
47 0 87844383 5588847 275633523 5588847 363477906
48 0 87617979 5588847 275994424 5588847 363612403
49 0 87386577 5588847 276385694 5588847 363772271
50 0 87158339 5588847 276748151 5588847 363906490
51 0 86933770 5588847 277126069 5588847 364059839
52 0 86702589 5588847 277511525 5588847 364214114
53 0 86481538 5588847 277870611 5588847 364352149
54 0 86229357 5588847 278269770 5588847 364499127
55 0 85995769 5588847 278652189 5588847 364647958
56 0 85757903 5588847 279024663 5588847 364782566
57 0 85502427 5588847 279433285 5588847 364935712
58 0 85296171 5588847 279798612 5588847 365094783
59 0 84956141 5588847 280272843 5588847 365228984
60 0 84724442 5588847 280652521 5588847 365376963
61 0 84500372 5588847 281032940 5588847 365533312
62 0 84242506 5588847 281427229 5588847 365669735
63 0 84023436 5588847 281801370 5588847 365824806
64 0 83795478 5588847 282183233 5588847 365978711
65 0 83557482 5588847 282556078 5588847 366113560
66 0 83326449 5588847 282935034 5588847 366261483
67 0 83096564 5588847 283317175 5588847 366413739
68 0 82863217 5588847 283707186 5588847 366570403
69 0 82626499 5588847 284076920 5588847 366703419
70 0 82401504 5588847 284447894 5588847 366849398
71 0 82177286 5588847 284819054 5588847 366996340
72 0 81943438 5588847 285200399 5588847 367143837
73 0 81696017 5588847 285595354 5588847 367291371
74 0 81488724 5588847 285955385 5588847 367444109
75 0 81257247 5588847 286333637 5588847 367590884
76 0 81027974 5588847 286713944 5588847 367741918
77 0 80808904 5588847 287079400 5588847 367888304
78 0 80572816 5588847 287463689 5588847 368036505
79 0 80345024 5588847 287824368 5588847 368169392
80 0 80116046 5588847 288207731 5588847 368323777
81 0 79876792 5588847 288593205 5588847 368469997
82 0 79621555 5588847 288995698 5588847 368617253
83 0 79352690 5588847 289398357 5588847 368751047
84 0 79125806 5588847 289774720 5588847 368900526
85 0 78840571 5588847 290213767 5588847 369054338
86 0 78596335 5588847 290590945 5588847 369187280
87 0 78370783 5588847 290962124 5588847 369332907
88 0 78137380 5588847 291348320 5588847 369485700
89 0 77910032 5588847 291722628 5588847 369632660
90 0 77666649 5588847 292099287 5588847 369765936
91 0 77442689 5588847 292481836 5588847 369924525
92 0 77885644 5588847 292864866 5588847 370750510
93 0 77650760 5588847 293235951 5588847 370886711
94 0 77431690 5588847 293612388 5588847 371044078
95 0 77224194 5588847 293982937 5588847 371207131
96 0 77004679 5588847 294355745 5588847 371360424
97 0 76743147 5588847 294751108 5588847 371494255
98 0 76526873 5588847 295111749 5588847 371638622
99 0 76303766 5588847 295481613 5588847 371785379
100 0 76066493 5588847 295853402 5588847 371919895
101 0 75833146 5588847 296225339 5588847 372058485
102 0 75595854 5588847 296615739 5588847 372211593
103 0 75380543 5588847 296977140 5588847 372357683
104 0 75109344 5588847 297381336 5588847 372490680
105 0 74967421 5588847 297753533 5588847 372720954
106 0 74756351 5588847 298117915 5588847 372874266
107 0 74473875 5588847 298535055 5588847 373008930
108 0 74261860 5588847 298899178 5588847 373161038
109 0 74011514 5588847 299297318 5588847 373308832
110 0 73783666 5588847 299672200 5588847 373455866
111 0 73511338 5588847 300078174 5588847 373589512
112 0 73267250 5588847 300477111 5588847 373744361
113 0 73051828 5588847 300853252 5588847 373905080
114 0 72812888 5588847 301226208 5588847 374039096
115 0 72578373 5588847 301606164 5588847 374184537
116 0 72348100 5588847 301980268 5588847 374328368
117 0 72113401 5588847 302360372 5588847 374473773
118 0 71869183 5588847 302738735 5588847 374607918
119 0 71650002 5588847 303121728 5588847 374771730
120 0 71418803 5588847 303500258 5588847 374919061
121 0 71182233 5588847 303875029 5588847 375057262
122 0 70941608 5588847 304259947 5588847 375201555
123 0 70703816 5588847 304643866 5588847 375347682
124 0 70484525 5588847 305015451 5588847 375499976
125 0 70237973 5588847 305395222 5588847 375633195
126 0 69986441 5588847 305785715 5588847 375772156
127 0 69750853 5588847 306166356 5588847 375917209
128 0 69496876 5588847 306551774 5588847 376048650
1 0 113672489 5588854 407024199 5588854 520696688
2 0 112882818 5588854 407936108 5588854 520818926
3 0 112571324 5588854 408356322 5588854 520927646
4 0 112264033 5588854 408771870 5588854 521035903
5 0 111939373 5588854 409205010 5588854 521144383
6 0 111637398 5588854 409603576 5588854 521240974
7 0 111368050 5588854 409995736 5588854 521363786
8 0 110978780 5588854 410489708 5588854 521468488
9 0 110664730 5588854 410898997 5588854 521563727
10 0 110364922 5588854 411302470 5588854 521667392
11 0 110063668 5588854 411696907 5588854 521760575
12 0 109705471 5588854 412161695 5588854 521867166
13 0 109290201 5588854 412679463 5588854 521969664
14 0 108872653 5588854 413190879 5588854 522063532
15 0 108456958 5588854 413711369 5588854 522168327
16 0 108049798 5588854 414220749 5588854 522270547
17 0 107630936 5588854 414732535 5588854 522363471
18 0 107203018 5588854 415267488 5588854 522470506
19 0 106781359 5588854 415790108 5588854 522571467
20 0 106350330 5588854 416314617 5588854 522664947
21 0 105949042 5588854 416818292 5588854 522767334
22 0 105448662 5588854 417428892 5588854 522877554
23 0 105012318 5588854 417959123 5588854 522971441
24 0 104629566 5588854 418451484 5588854 523081050
25 0 104182130 5588854 418991863 5588854 523173993
26 0 103752601 5588854 419526890 5588854 523279491
27 0 103317128 5588854 420062861 5588854 523379989
28 0 102867266 5588854 420608758 5588854 523476024
29 0 102480958 5588854 421096564 5588854 523577522
30 0 102050300 5588854 421633072 5588854 523683372
31 0 101639512 5588854 422153025 5588854 523792537
32 0 101253611 5588854 422645257 5588854 523898868
33 0 100829119 5588854 423173136 5588854 524002255
34 0 100433275 5588854 423662219 5588854 524095494
35 0 100001320 5588854 424202431 5588854 524203751
36 0 99589217 5588854 424707810 5588854 524297027
37 0 99166428 5588854 425232597 5588854 524399025
38 0 98759492 5588854 425739865 5588854 524499357
39 0 98345055 5588854 426252300 5588854 524597355
40 0 97938618 5588854 426768642 5588854 524707260
41 0 97490312 5588854 427323576 5588854 524813888
42 0 97069894 5588854 427837307 5588854 524907201
43 0 96637698 5588854 428369649 5588854 525007347
44 0 96199762 5588854 428909583 5588854 525109345
45 0 95788807 5588854 429415574 5588854 525204381
46 0 95391352 5588854 429913064 5588854 525304416
47 0 94809159 5588854 430601792 5588854 525410951
48 0 94415555 5588854 431088338 5588854 525503893
49 0 93993674 5588854 431609958 5588854 525603632
50 0 93604719 5588854 432091986 5588854 525696705
51 0 93211726 5588854 432586847 5588854 525798573
52 0 92784363 5588854 433110856 5588854 525895219
53 0 92401834 5588854 433591976 5588854 525993810
54 0 91980119 5588854 434113763 5588854 526093882
55 0 91573960 5588854 434632309 5588854 526206269
56 0 91169357 5588854 435129762 5588854 526299119
57 0 90769383 5588854 435631845 5588854 526401228
58 0 90399297 5588854 436116596 5588854 526515893
59 0 89973657 5588854 436634790 5588854 526608447
60 0 89582887 5588854 437129280 5588854 526712167
61 0 89186654 5588854 437627326 5588854 526813980
62 0 88779254 5588854 438130243 5588854 526909497
63 0 88398391 5588854 438612789 5588854 527011180
64 0 87972676 5588854 439144909 5588854 527117585
65 0 87575610 5588854 439639177 5588854 527214787
66 0 87136599 5588854 440184371 5588854 527320970
67 0 86724163 5588854 440700194 5588854 527424357
68 0 86312522 5588854 441214796 5588854 527527318
69 0 85910067 5588854 441710324 5588854 527620391
70 0 85479909 5588854 442246276 5588854 527726185
71 0 85085972 5588854 442742989 5588854 527828961
72 0 84686053 5588854 443234850 5588854 527920903
73 0 84258283 5588854 443763248 5588854 528021531
74 0 83878346 5588854 444244109 5588854 528122455
75 0 83485761 5588854 444745859 5588854 528231620
76 0 83082565 5588854 445249664 5588854 528332229
77 0 82693850 5588854 445742599 5588854 528436449
78 0 82291746 5588854 446257738 5588854 528549484
79 0 81904735 5588854 446739099 5588854 528643834
80 0 81487113 5588854 447258534 5588854 528745647
81 0 81091269 5588854 447761154 5588854 528852423
82 0 80697183 5588854 448257571 5588854 528954754
83 0 80269970 5588854 448777005 5588854 529046975
84 0 79892717 5588854 449256626 5588854 529149343
85 0 79464411 5588854 449785616 5588854 529250027
86 0 79013864 5588854 450333087 5588854 529346951
87 0 78636927 5588854 450814559 5588854 529451486
88 0 78212342 5588854 451338920 5588854 529551262
89 0 77825015 5588854 451833559 5588854 529658574
90 0 77396635 5588854 452354586 5588854 529751221
91 0 76983605 5588854 452866688 5588854 529850293
92 0 76598705 5588854 453361549 5588854 529960254
93 0 76236490 5588854 453853836 5588854 530090326
94 0 75850794 5588854 454349604 5588854 530200398
95 0 75414968 5588854 454887742 5588854 530302710
96 0 75019587 5588854 455384770 5588854 530404357
97 0 74600984 5588854 455900038 5588854 530501022
98 0 74219398 5588854 456381825 5588854 530601223
99 0 73830387 5588854 456873686 5588854 530704073
100 0 73418543 5588854 457377714 5588854 530796257
101 0 73024514 5588854 457872704 5588854 530897218
102 0 72613095 5588854 458391213 5588854 531004308
103 0 72240250 5588854 458869667 5588854 531109917
104 0 71809166 5588854 459393287 5588854 531202453
105 0 71507745 5588854 459870630 5588854 531378375
106 0 70673076 5588854 460809149 5588854 531482225
107 0 70238121 5588854 461336917 5588854 531575038
108 0 69857814 5588854 461821241 5588854 531679055
109 0 69411989 5588854 462372675 5588854 531784664
110 0 69014311 5588854 462871444 5588854 531885755
111 0 68630412 5588854 463348397 5588854 531978809
112 0 68229788 5588854 463858055 5588854 532087843
113 0 67849592 5588854 464341305 5588854 532190897
114 0 67426804 5588854 464859851 5588854 532286655
115 0 68620782 5588854 465353415 5588854 533974197
116 0 68201086 5588854 465849943 5588854 534051029
117 0 67782427 5588854 466343489 5588854 534125916
118 0 67378508 5588854 466821962 5588854 534200470
119 0 66935850 5588854 467340415 5588854 534276265
120 0 66524914 5588854 467848146 5588854 534373060
121 0 66124754 5588854 468349748 5588854 534474502
122 0 65723669 5588854 468844294 5588854 534567963
123 0 65314047 5588854 469353229 5588854 534667276
124 0 64932759 5588854 469840923 5588854 534773682
125 0 64485507 5588854 470379858 5588854 534865365
126 0 64085867 5588854 470878348 5588854 534964215
127 0 63658801 5588854 471396079 5588854 535054880
128 0 63247549 5588854 471908477 5588854 535156026
