1 1 168096510 5778220 302724937 5778221 470821447
2 1 9468744 5778220 523964142 5778221 533432886
3 0 849133268 5778220 752814548 5778221 601947816
4 0 700738734 5778220 972547908 5778221 673286642
1 1 222008298 5778228 532681117 5778229 754689415
2 1 30911022 5778228 793393692 5778229 824304714
3 0 881228846 5778229 12496632 5778229 893725478
4 0 720899094 5778229 242871138 5778229 963770232
1 1 193758783 5778236 719587831 5778237 913346614
2 1 27133661 5778236 955499829 5778237 982633490
3 0 864672672 5778237 182802013 5778238 47474685
4 0 713103086 5778237 403179632 5778238 116282718
1 1 194780354 5778245 151386993 5778246 346167347
2 0 998344270 5778245 412586624 5778246 410930894
3 0 848763448 5778245 632033533 5778246 480796981
4 0 705309522 5778245 848082444 5778246 553391966
1 1 179928219 5778253 571159024 5778254 751087243
2 1 33472939 5778253 788153712 5778254 821626651
3 0 872286360 5778254 11378643 5778254 883665003
4 0 707814504 5778254 242908449 5778254 950722953
1 1 199370249 5778262 63412442 5778263 262782691
2 1 19844305 5778262 316315688 5778263 336159993
3 0 878389590 5778262 541360954 5778263 419750544
4 0 730035957 5778262 762305440 5778263 492341397
1 1 200048161 5778270 563064282 5778271 763112443
2 1 20880621 5778270 809922666 5778271 830803287
3 0 859622381 5778271 36682676 5778271 896305057
4 0 717298276 5778271 255330716 5778271 972628992
1 1 201287044 5778278 760521109 5778279 961808153
2 1 30998168 5778279 1864103 5778280 32862271
3 0 860204486 5778279 235903964 5778280 96108450
4 0 718332358 5778279 452324594 5778280 170656952
1 1 200117545 5778286 922715929 5778288 122833474
2 1 21963679 5778287 178981122 5778288 200944801
3 0 871329871 5778287 398513010 5778288 269842881
4 0 707094763 5778287 625661691 5778288 332756454
1 1 227776433 5778295 410463783 5778296 638240216
2 1 63072724 5778295 645608433 5778296 708681157
3 0 895837190 5778295 880611473 5778296 776448663
4 0 739086731 5778296 110691470 5778296 849778201
