1 2 402639966 5778303 662822558 5778306 65462524
2 2 219150179 5778303 922010322 5778306 141160501
3 2 51498673 5778304 151371883 5778306 202870556
4 1 901328418 5778304 374505830 5778306 275834248
5 1 734479601 5778304 602887167 5778306 337366768
6 1 573471850 5778304 843353275 5778306 416825125
7 1 414755356 5778305 71040475 5778306 485795831
8 1 270317038 5778305 291144086 5778306 561461124
1 2 330286258 5778313 72207436 5778315 402493694
2 2 147534296 5778313 324634998 5778315 472169294
3 1 996152564 5778313 551091532 5778315 547244096
4 1 837745122 5778313 772049068 5778315 609794190
5 1 688112602 5778313 998850095 5778315 686962697
6 1 542354198 5778314 220221828 5778315 762576026
7 1 385236437 5778314 442323048 5778315 827559485
8 1 232680764 5778314 665302253 5778315 897983017
1 2 353771787 5778322 762988197 5778325 116759984
2 2 173029626 5778323 18396591 5778325 191426217
3 2 33526486 5778323 236440008 5778325 269966494
4 1 877024292 5778323 459329118 5778325 336353410
5 1 716226283 5778323 689113552 5778325 405339835
6 1 560651387 5778323 912593114 5778325 473244501
7 1 407964052 5778324 138843591 5778325 546807643
8 1 244274298 5778324 372646047 5778325 616920345
1 2 337811765 5778332 428284004 5778334 766095769
2 2 165236427 5778332 682334177 5778334 847570604
3 2 2406068 5778332 908691556 5778334 911097624
4 1 852450558 5778333 133707995 5778334 986158553
5 1 688916266 5778333 355947390 5778335 44863656
6 1 547679808 5778333 582937591 5778335 130617399
7 1 399602951 5778333 802990431 5778335 202593382
8 1 247495941 5778334 25577542 5778335 273073483
1 2 323386808 5778342 100891363 5778344 424278171
2 2 149580552 5778342 343397918 5778344 492978470
3 2 603564 5778342 563284350 5778344 563887914
4 1 843203335 5778342 792499175 5778344 635702510
5 1 686116416 5778343 10776561 5778344 696892977
6 1 542032565 5778343 238627743 5778344 780660308
7 1 380497242 5778343 463797416 5778344 844294658
8 1 229163555 5778343 684025897 5778344 913189452
1 2 363635009 5778351 551478198 5778353 915113207
2 2 178029795 5778351 809691141 5778353 987720936
3 2 10224028 5778352 41706894 5778354 51930922
4 1 849466046 5778352 274073456 5778354 123539502
5 1 699375581 5778352 497959944 5778354 197335525
6 1 541437012 5778352 727393335 5778354 268830347
7 1 385829458 5778352 946324058 5778354 332153516
8 1 241192083 5778353 164132966 5778354 405325049
1 2 361716724 5778361 203145981 5778363 564862705
2 2 166618217 5778361 472545760 5778363 639163977
3 2 12573823 5778361 701537822 5778363 714111645
4 1 864488214 5778361 921257157 5778363 785745371
5 1 716862672 5778362 145589133 5778363 862451805
6 1 559803127 5778362 369604041 5778363 929407168
7 1 408581128 5778362 589109954 5778363 997691082
8 1 249323734 5778362 819170941 5778364 68494675
1 2 331032261 5778370 891894950 5778373 222927211
2 2 145355869 5778371 143060100 5778373 288415969
3 1 986318972 5778371 372996642 5778373 359315614
4 1 835581968 5778371 600730851 5778373 436312819
5 1 690341997 5778371 819277184 5778373 509619181
6 1 548421430 5778372 33737423 5778373 582158853
7 1 380675836 5778372 261735590 5778373 642411426
8 1 249329491 5778372 473722316 5778373 723051807
1 2 319186838 5778380 563616243 5778382 882803081
2 2 135703522 5778380 812471800 5778382 948175322
3 1 989536031 5778381 33823507 5778383 23359538
4 1 850102498 5778381 252498445 5778383 102600943
5 1 701878656 5778381 469563912 5778383 171442568
6 1 549976878 5778381 691088486 5778383 241065364
7 1 397910325 5778381 915025184 5778383 312935509
8 1 253248994 5778382 132870304 5778383 386119298
1 2 339300021 5778390 251429670 5778392 590729691
2 2 166385578 5778390 495129536 5778392 661515114
3 2 7237096 5778390 725081051 5778392 732318147
4 1 847138687 5778390 948037892 5778392 795176579
5 1 703519581 5778391 162715453 5778392 866235034
6 1 544528393 5778391 391429064 5778392 935957457
7 1 395380421 5778391 613093576 5778393 8473997
8 1 241621494 5778391 841794149 5778393 83415643
