1 0 10988943 5592899 907356853 5592899 918345796
2 0 10209828 5592899 908319131 5592899 918528959
3 0 9937648 5592899 908750994 5592899 918688642
4 0 9675671 5592899 909159468 5592899 918835139
1 0 10969981 5592907 46957705 5592907 57927686
2 0 10240105 5592907 47872522 5592907 58112627
3 0 9962055 5592907 48315217 5592907 58277272
4 0 9778428 5592907 48726080 5592907 58504508
1 0 11368381 5592914 166656315 5592914 178024696
2 0 10633708 5592914 167571317 5592914 178205025
3 0 10358325 5592914 168003642 5592914 178361967
4 0 10095330 5592914 168406338 5592914 178501668
1 0 10985776 5592921 406737823 5592921 417723599
2 0 10237587 5592921 407666620 5592921 417904207
3 0 9965944 5592921 408098593 5592921 418064537
4 0 9698060 5592921 408508308 5592921 418206368
1 0 10890464 5592928 517023637 5592928 527914101
2 0 10162995 5592928 517931065 5592928 528094060
3 0 9895482 5592928 518358298 5592928 528253780
4 0 9643079 5592928 518757272 5592928 528400351
1 0 10935796 5592935 706786003 5592935 717721799
2 0 10200754 5592935 707703893 5592935 717904647
3 0 9924296 5592935 708141700 5592935 718065996
4 0 9660339 5592935 708549673 5592935 718210012
1 0 7431583 5592942 822217826 5592942 829649409
2 0 6933612 5592942 822838573 5592942 829772185
3 0 6787670 5592942 823102309 5592942 829889979
4 0 6725523 5592942 823365415 5592942 830090938
1 0 10911686 5592949 976919227 5592949 987830913
2 0 10175959 5592949 977839506 5592949 988015465
3 0 9896612 5592949 978278239 5592949 988174851
4 0 9715671 5592949 978684768 5592949 988400439
1 0 13635783 5592957 41642434 5592957 55278217
2 0 12665171 5592957 42803691 5592957 55468862
3 0 12262512 5592957 43367273 5592957 55629785
4 0 11955295 5592957 43901726 5592957 55857021
1 0 11392102 5592964 187241407 5592964 198633509
2 0 10655487 5592964 188159667 5592964 198815154
3 0 10378417 5592964 188596437 5592964 198974854
4 0 10117811 5592964 189000541 5592964 199118352
1 0 11463212 5592971 327002948 5592971 338466160
2 0 10724522 5592971 327923079 5592971 338647601
3 0 10460416 5592971 328362552 5592971 338822968
4 0 10188662 5592971 328778359 5592971 338967021
1 0 7767781 5592978 392194729 5592978 399962510
2 0 7331178 5592978 392830458 5592978 400161636
3 0 7188255 5592978 393097712 5592978 400285967
4 0 7035276 5592978 393362448 5592978 400397724
1 0 11443546 5592985 537018317 5592985 548461863
2 0 10704874 5592985 537943115 5592985 548647989
3 0 10433787 5592985 538374625 5592985 548808412
4 0 10172217 5592985 538781192 5592985 548953409
1 0 14975943 5592992 662269175 5592992 677245118
2 0 14000387 5592992 663485319 5592992 677485706
3 0 13652726 5592992 664051568 5592992 677704294
4 0 13298678 5592992 664596113 5592992 677894791
1 0 14934740 5592999 804139905 5592999 819074645
2 0 14036330 5592999 805265366 5592999 819301696
3 0 13731688 5592999 805786856 5592999 819518544
4 0 13395269 5592999 806310883 5592999 819706152
1 0 10998591 5593007 16826643 5593007 27825234
2 0 10214254 5593007 17792273 5593007 28006527
3 0 9934055 5593007 18229969 5593007 28164024
4 0 9666653 5593007 18639220 5593007 28305873
1 0 15057422 5593014 98575008 5593014 113632430
2 0 14117903 5593014 99751393 5593014 113869296
3 0 13644598 5593014 100434639 5593014 114079237
4 0 13290381 5593014 100979389 5593014 114269770
1 0 10922685 5593021 247063160 5593021 257985845
2 0 10181033 5593021 247985439 5593021 258166472
3 0 9901722 5593021 248424987 5593021 258326709
4 0 9637968 5593021 248829350 5593021 258467318
1 0 14526858 5593028 354647185 5593028 369174043
2 0 13569376 5593028 355830459 5593028 369399835
3 0 13204346 5593028 356405245 5593028 369609591
4 0 12722429 5593028 357075843 5593028 369798272
1 0 11021924 5593035 506771153 5593035 517793077
2 0 10278567 5593035 507697099 5593035 517975666
3 0 10009295 5593035 508128479 5593035 518137774
4 0 9825057 5593035 508541657 5593035 518366714
1 0 14993702 5593042 711616171 5593042 726609873
2 0 13995183 5593042 712854148 5593042 726849331
3 0 13637023 5593042 713423471 5593042 727060494
4 0 13262863 5593042 713988016 5593042 727250879
1 0 11002109 5593049 906934531 5593049 917936640
2 0 10269216 5593049 907849106 5593049 918118322
3 0 9992962 5593049 908289894 5593049 918282856
4 0 9807798 5593049 908703072 5593049 918510870
1 0 14376916 5593057 11328919 5593057 25705835
2 0 13445027 5593057 12496489 5593057 25941516
3 0 13086941 5593057 13066886 5593057 26153827
4 0 12734392 5593057 13608709 5593057 26343101
1 0 15012534 5593064 112137741 5593064 127150275
2 0 14016405 5593064 113370718 5593064 127387123
3 0 13654597 5593064 113943633 5593064 127598230
4 0 13312344 5593064 114478586 5593064 127790930
1 0 10927907 5593071 306900140 5593071 317828047
2 0 10193643 5593071 307817826 5593071 318011469
3 0 9919685 5593071 308253892 5593071 318173577
4 0 9653079 5593071 308663422 5593071 318316501
1 0 14304326 5593078 472203067 5593078 486507393
2 0 13324400 5593078 473416637 5593078 486741037
3 0 12981887 5593078 473970183 5593078 486952070
4 0 12631839 5593078 474508487 5593078 487140326
1 0 10902760 5593085 606896082 5593085 617798842
2 0 10170292 5593085 607809806 5593085 617980098
3 0 9895982 5593085 608243965 5593085 618139947
4 0 9634987 5593085 608647716 5593085 618282703
1 0 14989794 5593092 751280470 5593092 766270264
2 0 14050126 5593092 752455948 5593092 766506074
3 0 13704189 5593092 753016215 5593092 766720404
4 0 13361158 5593092 753551094 5593092 766912252
1 0 13539580 5593099 871953371 5593099 885492951
2 0 12554710 5593099 873122627 5593099 885677337
3 0 12153607 5593099 873685690 5593099 885839297
4 0 11758818 5593099 874225106 5593099 885983924
1 0 10949610 5593106 986706566 5593106 997656176
2 0 10197532 5593106 987639104 5593106 997836636
3 0 9924296 5593106 988072855 5593106 997997151
4 0 9736448 5593106 988482884 5593106 998219332
