1 0 31473912 5593543 347405466 5593543 378879378
2 0 30702352 5593543 348347912 5593543 379050264
3 0 30412746 5593543 348795070 5593543 379207816
4 0 30148566 5593543 349205451 5593543 379354017
5 0 29904033 5593543 349605518 5593543 379509551
6 0 29699575 5593543 349983381 5593543 379682956
7 0 29286619 5593543 350544982 5593543 379831601
8 0 29043365 5593543 350940733 5593543 379984098
9 0 28932348 5593543 351322967 5593543 380255315
10 0 28695223 5593543 351711645 5593543 380406868
11 0 28460875 5593543 352096916 5593543 380557791
12 0 28209380 5593543 352500871 5593543 380710251
13 0 27962274 5593543 352894086 5593543 380856360
14 0 27721630 5593543 353286690 5593543 381008320
15 0 27490561 5593543 353677071 5593543 381167632
16 0 27241083 5593543 354065342 5593543 381306425
17 0 27020587 5593543 354440613 5593543 381461200
18 0 26781111 5593543 354835975 5593543 381617086
19 0 26534856 5593543 355233727 5593543 381768583
20 0 26284324 5593543 355621405 5593543 381905729
21 0 26026569 5593543 356028157 5593543 382054726
22 0 25721649 5593543 356481815 5593543 382203464
23 0 25468135 5593543 356870475 5593543 382338610
24 0 25233954 5593543 357257912 5593543 382491866
25 0 25011070 5593543 357627553 5593543 382638623
26 0 24766760 5593543 358022527 5593543 382789287
27 0 24494857 5593543 358436482 5593543 382931339
28 0 24257991 5593543 358830475 5593543 383088466
29 0 24043458 5593543 359212949 5593543 383256407
30 0 23808407 5593543 359585942 5593543 383394349
31 0 23576263 5593543 359968102 5593543 383544365
32 0 23267861 5593543 360423390 5593543 383691251
1 0 29886330 5593550 547273079 5593550 577159409
2 0 29112678 5593550 548218228 5593550 577330906
3 0 28825869 5593550 548665775 5593550 577491644
4 0 28570095 5593550 549066157 5593550 577636252
5 0 28320212 5593550 549469908 5593550 577790120
6 0 28090938 5593550 549855494 5593550 577946432
7 0 27745593 5593550 550356188 5593550 578101781
8 0 27497764 5593550 550757384 5593550 578255148
9 0 27276342 5593550 551145266 5593550 578421608
10 0 27039235 5593550 551533444 5593550 578572679
11 0 26815036 5593550 551911789 5593550 578726825
12 0 26561263 5593550 552305929 5593550 578867192
13 0 26330822 5593550 552701089 5593550 579031911
14 0 26090938 5593550 553092748 5593550 579183686
15 0 25864313 5593550 553481685 5593550 579345998
16 0 25613966 5593550 553871178 5593550 579485144
17 0 25392581 5593550 554242227 5593550 579634808
18 0 25156493 5593550 554636682 5593550 579793175
19 0 24899775 5593550 555032397 5593550 579932172
20 0 24768648 5593550 555424112 5593550 580192760
21 0 24534208 5593550 555819308 5593550 580353516
22 0 24220547 5593550 556287318 5593550 580507865
23 0 23965978 5593550 556680866 5593550 580646844
24 0 23724576 5593550 557078951 5593550 580803527
25 0 23503598 5593550 557449463 5593550 580953061
26 0 23240936 5593550 557848863 5593550 581089799
27 0 22987348 5593550 558260966 5593550 581248314
28 0 22755316 5593550 558654033 5593550 581409349
29 0 22533264 5593550 559033915 5593550 581567179
30 0 22296527 5593550 559408297 5593550 581704824
31 0 22065180 5593550 559789290 5593550 581854470
32 0 21806963 5593550 560211726 5593550 582018689
1 0 29572114 5593557 696977480 5593557 726549594
2 0 28794443 5593557 697919944 5593557 726714387
3 0 28510411 5593557 698365973 5593557 726876384
4 0 28255194 5593557 698765447 5593557 727020641
5 0 28009773 5593557 699162254 5593557 727172027
6 0 27802906 5593557 699538562 5593557 727341468
7 0 27551411 5593557 699946258 5593557 727497669
8 0 27204584 5593557 700446508 5593557 727651092
9 0 26946867 5593557 700843778 5593557 727790645
10 0 26712705 5593557 701236974 5593557 727949679
11 0 26482043 5593557 701618652 5593557 728100695
12 0 26232399 5593557 702012182 5593557 728244581
13 0 25990737 5593557 702409230 5593557 728399967
14 0 25746501 5593557 702801630 5593557 728548131
15 0 25514097 5593557 703191475 5593557 728705572
16 0 25260602 5593557 703581949 5593557 728842551
17 0 25042458 5593557 703953831 5593557 728996289
18 0 24807944 5593557 704344750 5593557 729152694
19 0 24547856 5593557 704741298 5593557 729289154
20 0 24297768 5593557 705137994 5593557 729435762
21 0 24060069 5593557 705525987 5593557 729586056
22 0 23754964 5593557 705978219 5593557 729733183
23 0 23501209 5593557 706368175 5593557 729869384
24 0 23324008 5593557 706762742 5593557 730086750
25 0 23110142 5593557 707136827 5593557 730246969
26 0 22856221 5593557 707530468 5593557 730386689
27 0 22595874 5593557 707948608 5593557 730544482
28 0 22363563 5593557 708342842 5593557 730706405
29 0 22150586 5593557 708728409 5593557 730878995
30 0 21911757 5593557 709104661 5593557 731016418
31 0 21679447 5593557 709486931 5593557 731166378
32 0 21457266 5593557 709858350 5593557 731315616
1 0 20205252 5593564 852355089 5593564 872560341
2 0 19688799 5593564 852993188 5593564 872681987
3 0 19527024 5593564 853265516 5593564 872792540
4 0 19369861 5593564 853520159 5593564 872890020
5 0 19211419 5593564 853782932 5593564 872994351
6 0 19065366 5593564 854040205 5593564 873105571
7 0 18931368 5593564 854300960 5593564 873232328
8 0 18780224 5593564 854555399 5593564 873335623
9 0 18634688 5593564 854805673 5593564 873440361
10 0 18485728 5593564 855059983 5593564 873545711
11 0 18346287 5593564 855308663 5593564 873654950
12 0 18191309 5593564 855570306 5593564 873761615
13 0 18043200 5593564 855821876 5593564 873865076
14 0 17896110 5593564 856074945 5593564 873971055
15 0 17758317 5593564 856326014 5593564 874084331
16 0 17598134 5593564 856579158 5593564 874177292
17 0 17452303 5593564 856824783 5593564 874277086
18 0 17297214 5593564 857079167 5593564 874376381
19 0 17141698 5593564 857338199 5593564 874479897
20 0 16981720 5593564 857589639 5593564 874571359
21 0 16827908 5593564 857843708 5593564 874671616
22 0 16457896 5593564 858312848 5593564 874770744
23 0 16250048 5593564 858610953 5593564 874861001
24 0 16080866 5593564 858883411 5593564 874964277
25 0 15912647 5593564 859151351 5593564 875063998
26 0 15721539 5593564 859442512 5593564 875164051
27 0 15521044 5593564 859734580 5593564 875255624
28 0 15676929 5593564 860048686 5593564 875725615
29 0 15462119 5593564 860355735 5593564 875817854
30 0 15295566 5593564 860627119 5593564 875922685
31 0 15125680 5593564 860892281 5593564 876017961
32 0 14969443 5593564 861146702 5593564 876116145
1 0 20130494 5593571 982348523 5593572 2479017
2 0 19556913 5593571 983042361 5593572 2599274
3 0 19376120 5593571 983332504 5593572 2708624
4 0 19148049 5593571 983656980 5593572 2805029
5 0 18920239 5593571 983989214 5593572 2909453
6 0 18745854 5593571 984266431 5593572 3012285
7 0 18568228 5593571 984548518 5593572 3116746
8 0 18391582 5593571 984826958 5593572 3218540
9 0 18225955 5593571 985095527 5593572 3321482
10 0 18062125 5593571 985360448 5593572 3422573
11 0 17908035 5593571 985616721 5593572 3524756
12 0 17738039 5593571 985886993 5593572 3625032
13 0 17578079 5593571 986147674 5593572 3725753
14 0 17415471 5593571 986413113 5593572 3828584
15 0 17261937 5593571 986673738 5593572 3935675
16 0 17094921 5593571 986932659 5593572 4027580
17 0 16956479 5593571 987181303 5593572 4137782
18 0 16794908 5593571 987448094 5593572 4243002
19 0 16618430 5593571 987716404 5593572 4334834
20 0 16457637 5593571 987977584 5593572 4435221
21 0 16292640 5593571 988242857 5593572 4535497
22 0 16072681 5593571 988563499 5593572 4636180
23 0 15895518 5593571 988832309 5593572 4727827
24 0 15741039 5593571 989091841 5593572 4832880
25 0 15591764 5593571 989341170 5593572 4932934
26 0 15415489 5593571 989608517 5593572 5024006
27 0 15234289 5593571 989892604 5593572 5126893
28 0 15373027 5593571 990213302 5593572 5586329
29 0 15201568 5593571 990478500 5593572 5680068
30 0 15054812 5593571 990731958 5593572 5786770
31 0 14875907 5593571 991003565 5593572 5879472
32 0 14727484 5593571 991250301 5593572 5977785
1 0 29379377 5593579 186680289 5593579 216059666
2 0 28616854 5593579 187609512 5593579 216226366
3 0 28337229 5593579 188048708 5593579 216385937
4 0 28078253 5593579 188452922 5593579 216531175
5 0 27836054 5593579 188852896 5593579 216688950
6 0 27613206 5593579 189234315 5593579 216847521
7 0 27367600 5593579 189638122 5593579 217005722
8 0 27058587 5593579 190100428 5593579 217159015
9 0 26792685 5593579 190510013 5593579 217302698
10 0 26561911 5593579 190900895 5593579 217462806
11 0 26329767 5593579 191285184 5593579 217614951
12 0 26080994 5593579 191674751 5593579 217755745
13 0 25849554 5593579 192068077 5593579 217917631
14 0 25611632 5593579 192457829 5593579 218069461
15 0 25372063 5593579 192857562 5593579 218229625
16 0 25124364 5593579 193245240 5593579 218369604
17 0 24899553 5593579 193620159 5593579 218519712
18 0 24668428 5593579 194011300 5593579 218679728
19 0 24412896 5593579 194406200 5593579 218819096
20 0 24178881 5593579 194791545 5593579 218970426
21 0 23942219 5593579 195182241 5593579 219124460
22 0 23637429 5593579 195638436 5593579 219275865
23 0 23383600 5593579 196030114 5593579 219413714
24 0 23147456 5593579 196423218 5593579 219570674
25 0 22939183 5593579 196795192 5593579 219734375
26 0 22687576 5593579 197185444 5593579 219873020
27 0 22568930 5593579 197602825 5593579 220171755
28 0 22346990 5593579 197998929 5593579 220345919
29 0 22124753 5593579 198381274 5593579 220506027
30 0 21887925 5593579 198756785 5593579 220644710
31 0 21653910 5593579 199139389 5593579 220793299
32 0 21435081 5593579 199510345 5593579 220945426
1 0 41252026 5593586 361912486 5593586 403164512
2 0 40279562 5593586 363109260 5593586 403388822
3 0 39902347 5593586 363696509 5593586 403598856
4 0 39561742 5593586 364229017 5593586 403790759
5 0 39238749 5593586 364753655 5593586 403992404
6 0 38939013 5593586 365260813 5593586 404199826
7 0 38608594 5593586 365796432 5593586 404405026
8 0 38293636 5593586 366311941 5593586 404605577
9 0 37950087 5593586 366869801 5593586 404819888
10 0 37628759 5593586 367386329 5593586 405015088
11 0 37330117 5593586 367887393 5593586 405217510
12 0 37014364 5593586 368409513 5593586 405423877
13 0 36679648 5593586 368935429 5593586 405615077
14 0 36360654 5593586 369451975 5593586 405812629
15 0 36052104 5593586 369966262 5593586 406018366
16 0 35662056 5593586 370555362 5593586 406217418
17 0 35347488 5593586 371049593 5593586 406397081
18 0 35037235 5593586 371568287 5593586 406605522
19 0 34704703 5593586 372097333 5593586 406802036
20 0 34374006 5593586 372609490 5593586 406983496
21 0 34053623 5593586 373125629 5593586 407179252
22 0 33647149 5593586 373727654 5593586 407374803
23 0 33328248 5593586 374245089 5593586 407573337
24 0 32996920 5593586 374766302 5593586 407763222
25 0 32696944 5593586 375261478 5593586 407958422
26 0 32375062 5593586 375781338 5593586 408156400
27 0 32015050 5593586 376329328 5593586 408344378
28 0 31700352 5593586 376850226 5593586 408550578
29 0 31401080 5593586 377355235 5593586 408756315
30 0 31097289 5593586 377855633 5593586 408952922
31 0 30768666 5593586 378367438 5593586 409136104
32 0 30480190 5593586 378863910 5593586 409344100
1 0 35755387 5593593 497110857 5593593 532866244
2 0 35044771 5593593 498043062 5593593 533087833
3 0 34803535 5593593 498496109 5593593 533299644
4 0 34608002 5593593 498894416 5593593 533502418
5 0 34395820 5593593 499295242 5593593 533691062
6 0 34218657 5593593 499677309 5593593 533895966
7 0 33941588 5593593 500164300 5593593 534105888
8 0 33729277 5593593 500577163 5593593 534306440
9 0 33544410 5593593 500964322 5593593 534508732
10 0 33349932 5593593 501354278 5593593 534704210
11 0 33167139 5593593 501736956 5593593 534904095
12 0 32973328 5593593 502128467 5593593 535101795
13 0 32771128 5593593 502524497 5593593 535295625
14 0 32588743 5593593 502914360 5593593 535503103
15 0 32412543 5593593 503300482 5593593 535713025
16 0 32208861 5593593 503688382 5593593 535897243
17 0 32031902 5593593 504066449 5593593 536098351
18 0 31842201 5593593 504463979 5593593 536306180
19 0 31657612 5593593 504859749 5593593 536517361
20 0 31454208 5593593 505244372 5593593 536698580
21 0 31267397 5593593 505628939 5593593 536896336
22 0 30937903 5593593 506158781 5593593 537096684
23 0 30730241 5593593 506548662 5593593 537278903
24 0 30543263 5593593 506941710 5593593 537484973
25 0 30372692 5593593 507313444 5593593 537686136
26 0 29996310 5593593 507887785 5593593 537884095
27 0 29629946 5593593 508445738 5593593 538075684
28 0 29317563 5593593 508965265 5593593 538282828
29 0 29020772 5593593 509469071 5593593 538489843
30 0 28695482 5593593 509972265 5593593 538667747
31 0 28322100 5593593 510539051 5593593 538861151
32 0 27995217 5593593 511059208 5593593 539054425
1 0 32164677 5593600 641800957 5593600 673965634
2 0 31138881 5593600 642996972 5593600 674135853
3 0 30708519 5593600 643586775 5593600 674295294
4 0 30319434 5593600 644118469 5593600 674437903
5 0 29945440 5593600 644643608 5593600 674589048
6 0 29605595 5593600 645147209 5593600 674752804
7 0 29206213 5593600 645695014 5593600 674901227
8 0 28825887 5593600 646225356 5593600 675051243
9 0 28455431 5593600 646734439 5593600 675189870
10 0 28099253 5593600 647249466 5593600 675348719
11 0 27746685 5593600 647754105 5593600 675500790
12 0 27362415 5593600 648279132 5593600 675641547
13 0 26997866 5593600 648802974 5593600 675800840
14 0 26636169 5593600 649321483 5593600 675957652
15 0 26280990 5593600 649837603 5593600 676118593
16 0 25699279 5593600 650555016 5593600 676254295
17 0 25336267 5593600 651067506 5593600 676403773
18 0 24976589 5593600 651590644 5593600 676567233
19 0 24583337 5593600 652119764 5593600 676703101
20 0 24199585 5593600 652649069 5593600 676848654
21 0 23938923 5593600 653059728 5593600 676998651
22 0 23639262 5593600 653505775 5593600 677145037
23 0 23382730 5593600 653897212 5593600 677279942
24 0 23148030 5593600 654287446 5593600 677435476
25 0 22924942 5593600 654659420 5593600 677584362
26 0 22668762 5593600 655052857 5593600 677721619
27 0 22409785 5593600 655468053 5593600 677877838
28 0 22166031 5593600 655867064 5593600 678033095
29 0 21939202 5593600 656251131 5593600 678190333
30 0 21695409 5593600 656631902 5593600 678327311
31 0 21459302 5593600 657016784 5593600 678476086
32 0 21241455 5593600 657386443 5593600 678627898
1 0 38814256 5593607 778683739 5593607 817497995
2 0 37850441 5593607 779872087 5593607 817722528
3 0 37371358 5593607 780560444 5593607 817931802
4 0 37019901 5593607 781104471 5593607 818124372
5 0 36692463 5593607 781636535 5593607 818328998
6 0 36393709 5593607 782144637 5593607 818538346
7 0 36047697 5593607 782686386 5593607 818734083
8 0 35724517 5593607 783208710 5593607 818933227
9 0 35414320 5593607 783720441 5593607 819134761
10 0 35097214 5593607 784232950 5593607 819330164
11 0 34794591 5593607 784736607 5593607 819531198
12 0 34478411 5593607 785255135 5593607 819733546
13 0 34154528 5593607 785780236 5593607 819934764
14 0 33888163 5593607 786296374 5593607 820184537
15 0 33588002 5593607 786809105 5593607 820397107
16 0 33277934 5593607 787320170 5593607 820598104
17 0 32965199 5593607 787815327 5593607 820780526
18 0 32655112 5593607 788332818 5593607 820987930
19 0 32331896 5593607 788854178 5593607 821186074
20 0 32005217 5593607 789362576 5593607 821367793
21 0 31680204 5593607 789884622 5593607 821564826
22 0 31226213 5593607 790536184 5593607 821762397
23 0 30891256 5593607 791057211 5593607 821948467
24 0 30575428 5593607 791578887 5593607 822154315
25 0 30294267 5593607 792072026 5593607 822366293
26 0 29970681 5593607 792594590 5593607 822565271
27 0 29614095 5593607 793139524 5593607 822753619
28 0 29299323 5593607 793664144 5593607 822963467
29 0 28997681 5593607 794171764 5593607 823169445
30 0 28694575 5593607 794671847 5593607 823366422
31 0 28363525 5593607 795182764 5593607 823546289
32 0 28044995 5593607 795698828 5593607 823743823
1 0 29946718 5593615 17203602 5593615 47150320
2 0 29151659 5593615 18169750 5593615 47321409
3 0 28860849 5593615 18622798 5593615 47483647
4 0 28601743 5593615 19025605 5593615 47627348
5 0 28351303 5593615 19429801 5593615 47781104
6 0 28123252 5593615 19811516 5593615 47934768
7 0 27772407 5593615 20316081 5593615 48088488
8 0 27513152 5593615 20727999 5593615 48241151
9 0 27273768 5593615 21117399 5593615 48391167
10 0 27028976 5593615 21510855 5593615 48539831
11 0 26799574 5593615 21892273 5593615 48691847
12 0 26552893 5593615 22289099 5593615 48841992
13 0 26310101 5593615 22685999 5593615 48996100
14 0 26075680 5593615 23081788 5593615 49157468
15 0 25848221 5593615 23468207 5593615 49316428
16 0 25610373 5593615 23856774 5593615 49467147
17 0 25373878 5593615 24229989 5593615 49603867
18 0 25136697 5593615 24623371 5593615 49760068
19 0 24891720 5593615 25015845 5593615 49907565
20 0 24750704 5593615 25401523 5593615 50152227
21 0 24516505 5593615 25791423 5593615 50307928
22 0 24204604 5593615 26256136 5593615 50460740
23 0 23948349 5593615 26650981 5593615 50599330
24 0 23709946 5593615 27046140 5593615 50756086
25 0 23485228 5593615 27419170 5593615 50904398
26 0 23242825 5593615 27814218 5593615 51057043
27 0 22977793 5593615 28228507 5593615 51206300
28 0 22745946 5593615 28622314 5593615 51368260
29 0 22521782 5593615 29005104 5593615 51526886
30 0 22292416 5593615 29384893 5593615 51677309
31 0 22048607 5593615 29764330 5593615 51812937
32 0 21756149 5593615 30203600 5593615 51959749
1 0 39584649 5593622 212164834 5593622 251749483
2 0 38620945 5593622 213353071 5593622 251974016
3 0 38247600 5593622 213942245 5593622 252189845
4 0 37907810 5593622 214474142 5593622 252381952
5 0 37568946 5593622 215017984 5593622 252586930
6 0 37262396 5593622 215528882 5593622 252791278
7 0 36930273 5593622 216067705 5593622 252997978
8 0 36605464 5593622 216594010 5593622 253199474
9 0 36306506 5593622 217101149 5593622 253407655
10 0 35991105 5593622 217614695 5593622 253605800
11 0 35687814 5593622 218120056 5593622 253807870
12 0 35366135 5593622 218641731 5593622 254007866
13 0 35037326 5593622 219167981 5593622 254205307
14 0 34726074 5593622 219688063 5593622 254414137
15 0 34334988 5593622 220300978 5593622 254635966
16 0 33990550 5593622 220830394 5593622 254820944
17 0 33690982 5593622 221329310 5593622 255020292
18 0 33383542 5593622 221847579 5593622 255231121
19 0 33060326 5593622 222371847 5593622 255432173
20 0 32728944 5593622 222886911 5593622 255615855
21 0 32405931 5593622 223410198 5593622 255816129
22 0 32011698 5593622 224005335 5593622 256017033
23 0 31675686 5593622 224522232 5593622 256197918
24 0 31366154 5593622 225040149 5593622 256406303
25 0 31075345 5593622 225534491 5593622 256609836
26 0 30754814 5593622 226056204 5593622 256811018
27 0 30404765 5593622 226598934 5593622 257003699
28 0 30088197 5593622 227124443 5593622 257212640
29 0 29773388 5593622 227647915 5593622 257421303
30 0 29450912 5593622 228152276 5593622 257603188
31 0 29143510 5593622 228658711 5593622 257802221
32 0 28844776 5593622 229153127 5593622 257997903
1 0 31436857 5593629 376896407 5593629 408333264
2 0 30678927 5593629 377824649 5593629 408503576
3 0 30395617 5593629 378269178 5593629 408664795
4 0 30139325 5593629 378671041 5593629 408810366
5 0 29896923 5593629 379070403 5593629 408967326
6 0 29668446 5593629 379454359 5593629 409122805
7 0 29414913 5593629 379863222 5593629 409278135
8 0 28907978 5593629 380521895 5593629 409429873
9 0 28662297 5593629 380918610 5593629 409580907
10 0 28417858 5593629 381312010 5593629 409729868
11 0 28186733 5593629 381697632 5593629 409884365
12 0 28064679 5593629 382089958 5593629 410154637
13 0 27846832 5593629 382486247 5593629 410333079
14 0 27606725 5593629 382879906 5593629 410486631
15 0 27382729 5593629 383266603 5593629 410649332
16 0 27130030 5593629 383659410 5593629 410789440
17 0 26906479 5593629 384032403 5593629 410938882
18 0 26672094 5593629 384426729 5593629 411098823
19 0 26411099 5593629 384826870 5593629 411237969
20 0 26170771 5593629 385214455 5593629 411385226
21 0 25937626 5593629 385601467 5593629 411539093
22 0 25627281 5593629 386062828 5593629 411690109
23 0 25373507 5593629 386453914 5593629 411827421
24 0 25152290 5593629 386831721 5593629 411984011
25 0 24915535 5593629 387219714 5593629 412135249
26 0 24654391 5593629 387618188 5593629 412272579
27 0 24394729 5593629 388033921 5593629 412428650
28 0 24160789 5593629 388428358 5593629 412589147
29 0 23914349 5593629 388817240 5593629 412731589
30 0 23692280 5593629 389195362 5593629 412887642
31 0 23453524 5593629 389580411 5593629 413033935
32 0 23231158 5593629 389952552 5593629 413183710
1 0 32083641 5593636 551786086 5593636 583869727
2 0 31049550 5593636 552988341 5593636 584037891
3 0 30631261 5593636 553570553 5593636 584201814
4 0 30239749 5593636 554110432 5593636 584350181
5 0 29863665 5593636 554642588 5593636 584506253
6 0 29510912 5593636 555150801 5593636 584661713
7 0 29134400 5593636 555686717 5593636 584821117
8 0 28769407 5593636 556205707 5593636 584975114
9 0 28420635 5593636 556710661 5593636 585131296
10 0 28057087 5593636 557225910 5593636 585282997
11 0 27698168 5593636 557738475 5593636 585436643
12 0 27325934 5593636 558264595 5593636 585590529
13 0 26950719 5593636 558790659 5593636 585741378
14 0 26582299 5593636 559310520 5593636 585892819
15 0 26210899 5593636 559827880 5593636 586038779
16 0 25675557 5593636 560500646 5593636 586176203
17 0 25316712 5593636 561010358 5593636 586327070
18 0 24944645 5593636 561534311 5593636 586478956
19 0 24575485 5593636 562064505 5593636 586639990
20 0 24248788 5593636 562531200 5593636 586779988
21 0 23995922 5593636 562935248 5593636 586931170
22 0 23712613 5593636 563384036 5593636 587096649
23 0 23462229 5593636 563772158 5593636 587234387
24 0 23225826 5593636 564166299 5593636 587392125
25 0 22995737 5593636 564546385 5593636 587542122
26 0 22746557 5593636 564947451 5593636 587694008
27 0 22466969 5593636 565364184 5593636 587831153
28 0 22222455 5593636 565761418 5593636 587983873
29 0 21989978 5593636 566147818 5593636 588137796
30 0 21751612 5593636 566531570 5593636 588283182
31 0 21511690 5593636 566921063 5593636 588432753
32 0 21291399 5593636 567293537 5593636 588584936
1 0 29568095 5593643 647142621 5593643 676710716
2 0 28814703 5593643 648067492 5593643 676882195
3 0 28525597 5593643 648516743 5593643 677042340
4 0 28271490 5593643 648915810 5593643 677187300
5 0 28020329 5593643 649319302 5593643 677339631
6 0 27788184 5593643 649702703 5593643 677490887
7 0 27451209 5593643 650195749 5593643 677646958
8 0 27188363 5593643 650623685 5593643 677812048
9 0 26955996 5593643 651011086 5593643 677967082
10 0 26711594 5593643 651403504 5593643 678115098
11 0 26480913 5593643 651785404 5593643 678266317
12 0 26232029 5593643 652182008 5593643 678414037
13 0 25989255 5593643 652578001 5593643 678567256
14 0 25746574 5593643 652972901 5593643 678719475
15 0 25516579 5593643 653361653 5593643 678878232
16 0 25259658 5593643 653758108 5593643 679017766
17 0 25034013 5593643 654132861 5593643 679166874
18 0 24800536 5593643 654524298 5593643 679324834
19 0 24538338 5593643 654923809 5593643 679462147
20 0 24293417 5593643 655316653 5593643 679610070
21 0 24058476 5593643 655702498 5593643 679760974
22 0 23744482 5593643 656164971 5593643 679909453
23 0 23536098 5593643 656558815 5593643 680094913
24 0 23301824 5593643 656954178 5593643 680256002
25 0 23076903 5593643 657330930 5593643 680407833
26 0 22816704 5593643 657726108 5593643 680542812
27 0 22561652 5593643 658137008 5593643 680698660
28 0 22328490 5593643 658530149 5593643 680858639
29 0 22097531 5593643 658917716 5593643 681015247
30 0 21858962 5593643 659292820 5593643 681151782
31 0 21631207 5593643 659676090 5593643 681307297
32 0 21357693 5593643 660094657 5593643 681452350
1 0 31316118 5593650 801499756 5593650 832815874
2 0 30296379 5593650 802687789 5593650 832984168
3 0 30009328 5593650 803134985 5593650 833144313
4 0 29757777 5593650 803529903 5593650 833287680
5 0 29509023 5593650 803931581 5593650 833440604
6 0 29281063 5593650 804311741 5593650 833592804
7 0 29033532 5593650 804713344 5593650 833746876
8 0 28793499 5593650 805103503 5593650 833897002
9 0 28562392 5593650 805482941 5593650 834045333
10 0 28325452 5593650 805868100 5593650 834193552
11 0 28093068 5593650 806249889 5593650 834342957
12 0 27855054 5593650 806638808 5593650 834493862
13 0 27613688 5593650 807029097 5593650 834642785
14 0 27390081 5593650 807414312 5593650 834804393
15 0 27155288 5593650 807794361 5593650 834949649
16 0 26905257 5593650 808181205 5593650 835086462
17 0 26686279 5593650 808549124 5593650 835235403
18 0 26444154 5593650 808940802 5593650 835384956
19 0 26206195 5593650 809336221 5593650 835542416
20 0 25956367 5593650 809721991 5593650 835678358
21 0 25670168 5593650 810163039 5593650 835833207
22 0 25365193 5593650 810617715 5593650 835982908
23 0 25112142 5593650 811007097 5593650 836119239
24 0 24878016 5593650 811395201 5593650 836273217
25 0 24661780 5593650 811762768 5593650 836424548
26 0 24418266 5593650 812155390 5593650 836573656
27 0 24140938 5593650 812570290 5593650 836711228
28 0 23897461 5593650 812963005 5593650 836860466
29 0 23660632 5593650 813348201 5593650 837008833
30 0 23427933 5593650 813723879 5593650 837151812
31 0 23193604 5593650 814103872 5593650 837297476
32 0 22971997 5593650 814473069 5593650 837445066
1 0 39145954 5593657 940550417 5593657 979696371
2 0 38176750 5593657 941726191 5593657 979902941
3 0 37923717 5593657 942313292 5593657 980237009
4 0 37601964 5593657 942844559 5593657 980446523
5 0 37266360 5593657 943371401 5593657 980637761
6 0 36984105 5593657 943871985 5593657 980856090
7 0 36653981 5593657 944409975 5593657 981063956
8 0 36341099 5593657 944921798 5593657 981262897
9 0 36036104 5593657 945424956 5593657 981461060
10 0 35720184 5593657 945932817 5593657 981653001
11 0 35424597 5593657 946428437 5593657 981853034
12 0 35115232 5593657 946944224 5593657 982059456
13 0 34780887 5593657 947462973 5593657 982243860
14 0 34475615 5593657 947974001 5593657 982449616
15 0 34163232 5593657 948485935 5593657 982649167
16 0 33848460 5593657 948981611 5593657 982830071
17 0 33540244 5593657 949485620 5593657 983025864
18 0 33179788 5593657 950053554 5593657 983233342
19 0 32814738 5593657 950617470 5593657 983432208
20 0 32475449 5593657 951135256 5593657 983610705
21 0 32137584 5593657 951670117 5593657 983807701
22 0 31752759 5593657 952253439 5593657 984006198
23 0 31415413 5593657 952770170 5593657 984185583
24 0 31109012 5593657 953282827 5593657 984391839
25 0 30793518 5593657 953791447 5593657 984584965
26 0 30452153 5593657 954315086 5593657 984767239
27 0 30090938 5593657 954862483 5593657 984953421
28 0 29774370 5593657 955384769 5593657 985159139
29 0 29470116 5593657 955894371 5593657 985364487
30 0 29161622 5593657 956395454 5593657 985557076
31 0 28853905 5593657 956897093 5593657 985750998
32 0 28554652 5593657 957391343 5593657 985945995
1 0 33984180 5593665 121492313 5593665 155476493
2 0 32973254 5593665 122674365 5593665 155647619
3 0 32552854 5593665 123252373 5593665 155805227
4 0 32174084 5593665 123778659 5593665 155952743
5 0 31799850 5593665 124308149 5593665 156107999
6 0 31450449 5593665 124812288 5593665 156262737
7 0 31066475 5593665 125350259 5593665 156416734
8 0 30701000 5593665 125866694 5593665 156567694
9 0 30347118 5593665 126372611 5593665 156719729
10 0 29985921 5593665 126882990 5593665 156868911
11 0 29632724 5593665 127387758 5593665 157020482
12 0 29264713 5593665 127906841 5593665 157171554
13 0 28907978 5593665 128425943 5593665 157333921
14 0 28543004 5593665 128939359 5593665 157482363
15 0 28188844 5593665 129449738 5593665 157638582
16 0 27813758 5593665 129963340 5593665 157777098
17 0 27268676 5593665 130655697 5593665 157924373
18 0 26899961 5593665 131181650 5593665 158081611
19 0 26526522 5593665 131706215 5593665 158232737
20 0 26155030 5593665 132216557 5593665 158371587
21 0 25797611 5593665 132725640 5593665 158523251
22 0 25499116 5593665 133175632 5593665 158674748
23 0 25247176 5593665 133565069 5593665 158812245
24 0 25015774 5593665 133952450 5593665 158968224
25 0 24795444 5593665 134319962 5593665 159115406
26 0 24559004 5593665 134707714 5593665 159266718
27 0 24289398 5593665 135119892 5593665 159409290
28 0 24060476 5593665 135508403 5593665 159568879
29 0 23836592 5593665 135887581 5593665 159724173
30 0 23598077 5593665 136263037 5593665 159861114
31 0 23575208 5593665 136642863 5593665 160218071
32 0 23363341 5593665 137015597 5593665 160378938
1 0 29907830 5593672 296985717 5593672 326893547
2 0 29144677 5593672 297919052 5593672 327063729
3 0 28849517 5593672 298375802 5593672 327225319
4 0 28595040 5593672 298773776 5593672 327368816
5 0 28344211 5593672 299177528 5593672 327521739
6 0 28118734 5593672 299557725 5593672 327676459
7 0 27864257 5593672 299966680 5593672 327830937
8 0 27523911 5593672 300459801 5593672 327983712
9 0 27287064 5593672 300851997 5593672 328139061
10 0 27040568 5593672 301247175 5593672 328287743
11 0 26808110 5593672 301630038 5593672 328438148
12 0 26566096 5593672 302024123 5593672 328590219
13 0 26320601 5593672 302422801 5593672 328743402
14 0 26074772 5593672 302820386 5593672 328895158
15 0 25845517 5593672 303207434 5593672 329052951
16 0 25598096 5593672 303594964 5593672 329193060
17 0 25372563 5593672 303969531 5593672 329342094
18 0 25132048 5593672 304366802 5593672 329498850
19 0 24887665 5593672 304762646 5593672 329650311
20 0 24637243 5593672 305152583 5593672 329789826
21 0 24397877 5593672 305542465 5593672 329940342
22 0 24194103 5593672 306000271 5593672 330194374
23 0 23942645 5593672 306391208 5593672 330333853
24 0 23709371 5593672 306783905 5593672 330493276
25 0 23503209 5593672 307156509 5593672 330659718
26 0 23262972 5593672 307549261 5593672 330812233
27 0 22994330 5593672 307966938 5593672 330961268
28 0 22765871 5593672 308357468 5593672 331123339
29 0 22539283 5593672 308744127 5593672 331283410
30 0 22298102 5593672 309124490 5593672 331422592
31 0 22066254 5593672 309510798 5593672 331577052
32 0 21843277 5593672 309883476 5593672 331726753
1 0 34208212 5593679 431835992 5593679 466044204
2 0 33173288 5593679 433038747 5593679 466212035
3 0 32753295 5593679 433619440 5593679 466372735
4 0 32372895 5593679 434147745 5593679 466520640
5 0 31992365 5593679 434683439 5593679 466675804
6 0 31638613 5593679 435192725 5593679 466831338
7 0 31249805 5593679 435735530 5593679 466985335
8 0 30879497 5593679 436257687 5593679 467137184
9 0 30524652 5593679 436765159 5593679 467289811
10 0 30157696 5593679 437280149 5593679 467437845
11 0 29801017 5593679 437785788 5593679 467586805
12 0 29435135 5593679 438308760 5593679 467743895
13 0 29053587 5593679 438835194 5593679 467888781
14 0 28696816 5593679 439355925 5593679 468052741
15 0 28341841 5593679 439869545 5593679 468211386
16 0 27688075 5593679 440674197 5593679 468362272
17 0 27317601 5593679 441180243 5593679 468497844
18 0 26953811 5593679 441701437 5593679 468655248
19 0 26579892 5593679 442224835 5593679 468804727
20 0 26201492 5593679 442740084 5593679 468941576
21 0 25951477 5593679 443139633 5593679 469091110
22 0 25648928 5593679 443593457 5593679 469242385
23 0 25404377 5593679 443985765 5593679 469390142
24 0 25152975 5593679 444379146 5593679 469532121
25 0 24928904 5593679 444750436 5593679 469679340
26 0 24684501 5593679 445144373 5593679 469828874
27 0 24408692 5593679 445563458 5593679 469972150
28 0 24249343 5593679 445959284 5593679 470208627
29 0 24028050 5593679 446339925 5593679 470367975
30 0 23803499 5593679 446715103 5593679 470518602
31 0 23559819 5593679 447098040 5593679 470657859
32 0 23314120 5593679 447490236 5593679 470804356
1 0 29581984 5593686 597027457 5593686 626609441
2 0 28812666 5593686 597962365 5593686 626775031
3 0 28506375 5593686 598425708 5593686 626932083
4 0 28251102 5593686 598825460 5593686 627076562
5 0 28008625 5593686 599224990 5593686 627233615
6 0 27787555 5593686 599608001 5593686 627395556
7 0 27410970 5593686 600134991 5593686 627545961
8 0 27126660 5593686 600570131 5593686 627696791
9 0 26883590 5593686 600962865 5593686 627846455
10 0 26641836 5593686 601354246 5593686 627996082
11 0 26409951 5593686 601736665 5593686 628146616
12 0 26154956 5593686 602130750 5593686 628285706
13 0 25930219 5593686 602530558 5593686 628460777
14 0 25682705 5593686 602928995 5593686 628611700
15 0 25453210 5593686 603319876 5593686 628773086
16 0 25197936 5593686 603712221 5593686 628910157
17 0 24973366 5593686 604090177 5593686 629063543
18 0 24735815 5593686 604484614 5593686 629220429
19 0 24474061 5593686 604884588 5593686 629358649
20 0 24237788 5593686 605271525 5593686 629509313
21 0 23992292 5593686 605666499 5593686 629658791
22 0 23686150 5593686 606123083 5593686 629809233
23 0 23430525 5593686 606515502 5593686 629946027
24 0 23296583 5593686 606907772 5593686 630204355
25 0 23078476 5593686 607280802 5593686 630359278
26 0 22824462 5593686 607673758 5593686 630498220
27 0 22550893 5593686 608105176 5593686 630656069
28 0 22318545 5593686 608497280 5593686 630815825
29 0 22090772 5593686 608882976 5593686 630973748
30 0 21849406 5593686 609261562 5593686 631110968
31 0 21614541 5593686 609646758 5593686 631261299
32 0 21356230 5593686 610056695 5593686 631412925
1 0 29455228 5593693 806954048 5593693 836409276
2 0 28699556 5593693 807878846 5593693 836578402
3 0 28411562 5593693 808331282 5593693 836742844
4 0 28155104 5593693 808735237 5593693 836890341
5 0 27919052 5593693 809139119 5593693 837058171
6 0 27687742 5593693 809524889 5593693 837212631
7 0 27442024 5593693 809932308 5593693 837374332
8 0 27112882 5593693 810416484 5593693 837529366
9 0 26872886 5593693 810809773 5593693 837682659
10 0 26634224 5593693 811197877 5593693 837832101
11 0 26398784 5593693 811584592 5593693 837983376
12 0 26154252 5593693 811982084 5593693 838136336
13 0 25908127 5593693 812379521 5593693 838287648
14 0 25670501 5593693 812771440 5593693 838441941
15 0 25427525 5593693 813160951 5593693 838588476
16 0 25182159 5593693 813555888 5593693 838738047
17 0 24944090 5593693 813933066 5593693 838877156
18 0 24698131 5593693 814329318 5593693 839027449
19 0 24456543 5593693 814728644 5593693 839185187
20 0 24207399 5593693 815117748 5593693 839325147
21 0 23971849 5593693 815506129 5593693 839477978
22 0 23655077 5593693 815972824 5593693 839627901
23 0 23412210 5593693 816365910 5593693 839778120
24 0 23158086 5593693 816763013 5593693 839921099
25 0 23066199 5593693 817137821 5593693 840204020
26 0 22830000 5593693 817531869 5593693 840361869
27 0 22548930 5593693 817951547 5593693 840500477
28 0 22312583 5593693 818342873 5593693 840655456
29 0 22091513 5593693 818726680 5593693 840818193
30 0 21871109 5593693 819105044 5593693 840976153
31 0 21619170 5593693 819493129 5593693 841112299
32 0 21391119 5593693 819869103 5593693 841260222
1 0 31568039 5593700 997164934 5593701 28732973
2 0 30809924 5593700 998093546 5593701 28903470
3 0 30518670 5593700 998545704 5593701 29064374
4 0 30261250 5593700 998945548 5593701 29206798
5 0 30017439 5593700 999344578 5593701 29362017
6 0 29793962 5593700 999729293 5593701 29523255
7 0 29386580 5593701 286246 5593701 29672826
8 0 29122807 5593701 705164 5593701 29827971
9 0 28882442 5593701 1098434 5593701 29980876
10 0 28748648 5593701 1491816 5593701 30240464
11 0 28518856 5593701 1875549 5593701 30394405
12 0 28266602 5593701 2268301 5593701 30534903
13 0 28032476 5593701 2664201 5593701 30696677
14 0 27790573 5593701 3057101 5593701 30847674
15 0 27556596 5593701 3450001 5593701 31006597
16 0 27303749 5593701 3841587 5593701 31145336
17 0 27076864 5593701 4218117 5593701 31294981
18 0 26841776 5593701 4615128 5593701 31456904
19 0 26582948 5593701 5012657 5593701 31595605
20 0 26343878 5593701 5399224 5593701 31743102
21 0 26097716 5593701 5794383 5593701 31892099
22 0 25784500 5593701 6257245 5593701 32041745
23 0 25529134 5593701 6648775 5593701 32177909
24 0 25299731 5593701 7047101 5593701 32346832
25 0 25070291 5593701 7426779 5593701 32497070
26 0 24810963 5593701 7823308 5593701 32634271
27 0 24543023 5593701 8246634 5593701 32789657
28 0 24308287 5593701 8640441 5593701 32948728
29 0 24082068 5593701 9023990 5593701 33106058
30 0 23843425 5593701 9399001 5593701 33242426
31 0 23605133 5593701 9784068 5593701 33389201
32 0 23334767 5593701 10203579 5593701 33538346
1 0 29565780 5593708 177050215 5593708 206615995
2 0 28803369 5593708 177983327 5593708 206786696
3 0 28512097 5593708 178432466 5593708 206944563
4 0 28267231 5593708 178837385 5593708 207104616
5 0 28003977 5593708 179240118 5593708 207244095
6 0 27773685 5593708 179623018 5593708 207396703
7 0 27457765 5593708 180095509 5593708 207553274
8 0 27179547 5593708 180526298 5593708 207705845
9 0 26934052 5593708 180922809 5593708 207856861
10 0 26695094 5593708 181311079 5593708 208006173
11 0 26459579 5593708 181697554 5593708 208157133
12 0 26212158 5593708 182095398 5593708 208307556
13 0 25966051 5593708 182493539 5593708 208459590
14 0 25721093 5593708 182890161 5593708 208611254
15 0 25486764 5593708 183284339 5593708 208771103
16 0 25226529 5593708 183682794 5593708 208909323
17 0 25002570 5593708 184059417 5593708 209061987
18 0 24762963 5593708 184455224 5593708 209218187
19 0 24512616 5593708 184854050 5593708 209366666
20 0 24257232 5593708 185244154 5593708 209501386
21 0 24012162 5593708 185638869 5593708 209651031
22 0 23707650 5593708 186106471 5593708 209814121
23 0 23452858 5593708 186499575 5593708 209952433
24 0 23255084 5593708 186892845 5593708 210147929
25 0 23032218 5593708 187264690 5593708 210296908
26 0 22787889 5593708 187658979 5593708 210446868
27 0 22518264 5593708 188074546 5593708 210592810
28 0 22280213 5593708 188470075 5593708 210750288
29 0 22048848 5593708 188858623 5593708 210907471
30 0 21806315 5593708 189238246 5593708 211044561
31 0 21567671 5593708 189623980 5593708 211191651
32 0 21282621 5593708 190058897 5593708 211341518
1 0 30235361 5593715 314716488 5593715 344951849
2 0 29530430 5593715 315601934 5593715 345132364
3 0 29289971 5593715 316012167 5593715 345302138
4 0 29052197 5593715 316395716 5593715 345447913
5 0 28817146 5593715 316788301 5593715 345605447
6 0 28587058 5593715 317172942 5593715 345760000
7 0 28350618 5593715 317567046 5593715 345917664
8 0 28118567 5593715 317950464 5593715 346069031
9 0 27904330 5593715 318323402 5593715 346227732
10 0 27668335 5593715 318707283 5593715 346375618
11 0 27446968 5593715 319081036 5593715 346528004
12 0 27207159 5593715 319473417 5593715 346680576
13 0 26970626 5593715 319857169 5593715 346827795
14 0 26422747 5593715 320557230 5593715 346979977
15 0 26126401 5593715 321011907 5593715 347138308
16 0 25850239 5593715 321428251 5593715 347278490
17 0 25598688 5593715 321829170 5593715 347427858
18 0 25336322 5593715 322249514 5593715 347585836
19 0 25060105 5593715 322674617 5593715 347734722
20 0 24783130 5593715 323091479 5593715 347874609
21 0 24528782 5593715 323496157 5593715 348024939
22 0 24155012 5593715 324018332 5593715 348173344
23 0 23878369 5593715 324431658 5593715 348310027
24 0 23649113 5593715 324828188 5593715 348477301
25 0 23313064 5593715 325313753 5593715 348626817
26 0 22992997 5593715 325783836 5593715 348776833
27 0 22711687 5593715 326206199 5593715 348917886
28 0 22449840 5593715 326627913 5593715 349077753
29 0 22204974 5593715 327029165 5593715 349234139
30 0 21966164 5593715 327412639 5593715 349378803
31 0 21731798 5593715 327795928 5593715 349527726
32 0 21501135 5593715 328176625 5593715 349677760
1 0 29708889 5593722 507446972 5593722 537155861
2 0 28949719 5593722 508374417 5593722 537324136
3 0 28673076 5593722 508814668 5593722 537487744
4 0 28408562 5593722 509225346 5593722 537633908
5 0 28161622 5593722 509629172 5593722 537790794
6 0 27862423 5593722 510082497 5593722 537944920
7 0 27574578 5593722 510528099 5593722 538102677
8 0 27327786 5593722 510927573 5593722 538255359
9 0 27089105 5593722 511317733 5593722 538406838
10 0 26840276 5593722 511714040 5593722 538554316
11 0 26591003 5593722 512115014 5593722 538706017
12 0 26359063 5593722 512502507 5593722 538861570
13 0 26102438 5593722 512909444 5593722 539011882
14 0 25865831 5593722 513308381 5593722 539174212
15 0 25631410 5593722 513703021 5593722 539334431
16 0 25385618 5593722 514099459 5593722 539485077
17 0 25146586 5593722 514475840 5593722 539622426
18 0 24909257 5593722 514870444 5593722 539779701
19 0 24656020 5593722 515273159 5593722 539929179
20 0 24503691 5593722 515663114 5593722 540166805
21 0 24264805 5593722 516055626 5593722 540320431
22 0 23948275 5593722 516522413 5593722 540470688
23 0 23686391 5593722 516921276 5593722 540607667
24 0 23448673 5593722 517317824 5593722 540766497
25 0 23224492 5593722 517692373 5593722 540916865
26 0 22976422 5593722 518092810 5593722 541069232
27 0 22704687 5593722 518509154 5593722 541213841
28 0 22454932 5593722 518920017 5593722 541374949
29 0 22225362 5593722 519307380 5593722 541532742
30 0 21997477 5593722 519688947 5593722 541686424
31 0 21708372 5593722 520116587 5593722 541824959
32 0 21471320 5593722 520505580 5593722 541976900
1 0 41171693 5593729 644311925 5593729 685483618
2 0 40198175 5593729 645506217 5593729 685704392
3 0 39818386 5593729 646094836 5593729 685913222
4 0 39498503 5593729 646620641 5593729 686119144
5 0 39176194 5593729 647147687 5593729 686323881
6 0 38881458 5593729 647647733 5593729 686529191
7 0 38550650 5593729 648182519 5593729 686733169
8 0 38237137 5593729 648697695 5593729 686934832
9 0 37935662 5593729 649197352 5593729 687133014
10 0 37625001 5593729 649703009 5593729 687328010
11 0 37201546 5593729 650327405 5593729 687528951
12 0 36869366 5593729 650857914 5593729 687727280
13 0 36540224 5593729 651378608 5593729 687918832
14 0 36224749 5593729 651896042 5593729 688120791
15 0 35922754 5593729 652406737 5593729 688329491
16 0 35601909 5593729 652924671 5593729 688526580
17 0 35280840 5593729 653425681 5593729 688706521
18 0 34948365 5593729 653961726 5593729 688910091
19 0 34617890 5593729 654487772 5593729 689105662
20 0 34286396 5593729 654999892 5593729 689286288
21 0 33968365 5593729 655513790 5593729 689482155
22 0 33561355 5593729 656113704 5593729 689675059
23 0 33221175 5593729 656633195 5593729 689854370
24 0 32999143 5593729 657148148 5593729 690147291
25 0 32706778 5593729 657637620 5593729 690344398
26 0 32384895 5593729 658156833 5593729 690541728
27 0 32039364 5593729 658705897 5593729 690745261
28 0 31723074 5593729 659232905 5593729 690955979
29 0 31428838 5593729 659733859 5593729 691162697
30 0 31039586 5593729 660318904 5593729 691358490
31 0 30705574 5593729 660830542 5593729 691536116
32 0 30381376 5593729 661347070 5593729 691728446
1 0 31196472 5593736 766905126 5593736 798101598
2 0 30448709 5593736 767819775 5593736 798268484
3 0 30170140 5593736 768256489 5593736 798426629
4 0 29915385 5593736 768656760 5593736 798572145
5 0 29675205 5593736 769052826 5593736 798728031
6 0 29450894 5593736 769431616 5593736 798882510
7 0 29201009 5593736 769835201 5593736 799036210
8 0 28860701 5593736 770326673 5593736 799187374
9 0 28620002 5593736 770717518 5593736 799337520
10 0 28381821 5593736 771102955 5593736 799484776
11 0 28154363 5593736 771479596 5593736 799633959
12 0 27916090 5593736 771872755 5593736 799788845
13 0 27662816 5593736 772270081 5593736 799932897
14 0 27490616 5593736 772661611 5593736 800152227
15 0 27276954 5593736 773046418 5593736 800323372
16 0 27064994 5593736 773433152 5593736 800498146
17 0 26839221 5593736 773805256 5593736 800644477
18 0 26608354 5593736 774197286 5593736 800805640
19 0 26363582 5593736 774593352 5593736 800956934
20 0 26117493 5593736 774977475 5593736 801094968
21 0 25885628 5593736 775361523 5593736 801247151
22 0 25576725 5593736 775822478 5593736 801399203
23 0 25366434 5593736 776211748 5593736 801578182
24 0 25151178 5593736 776599463 5593736 801750641
25 0 24926978 5593736 776972938 5593736 801899916
26 0 24690169 5593736 777361467 5593736 802051636
27 0 24422784 5593736 777774608 5593736 802197392
28 0 24191789 5593736 778165156 5593736 802356945
29 0 23963071 5593736 778548334 5593736 802511405
30 0 23771889 5593736 778922790 5593736 802694679
31 0 23528801 5593736 779304450 5593736 802833251
32 0 23289806 5593736 779690794 5593736 802980600
1 0 29313804 5593743 897042222 5593743 926356026
2 0 28568966 5593743 897956297 5593743 926525263
3 0 28281972 5593743 898400955 5593743 926682927
4 0 28027031 5593743 898801041 5593743 926828072
5 0 27779314 5593743 899201978 5593743 926981292
6 0 27561818 5593743 899580063 5593743 927141881
7 0 27307545 5593743 899985685 5593743 927293230
8 0 26857683 5593743 900587285 5593743 927444968
9 0 26616836 5593743 900977611 5593743 927594447
10 0 26378414 5593743 901363678 5593743 927742092
11 0 26157456 5593743 901741115 5593743 927898571
12 0 25927238 5593743 902125571 5593743 928052809
13 0 25677187 5593743 902519693 5593743 928196880
14 0 25437395 5593743 902908445 5593743 928345840
15 0 25210065 5593743 903291346 5593743 928501411
16 0 24976033 5593743 903676153 5593743 928652186
17 0 24741408 5593743 904047368 5593743 928788776
18 0 24504023 5593743 904440917 5593743 928944940
19 0 24274047 5593743 904837372 5593743 929111419
20 0 24027866 5593743 905221698 5593743 929249564
21 0 23787907 5593743 905611654 5593743 929399561
22 0 23479895 5593743 906067349 5593743 929547244
23 0 23239177 5593743 906456083 5593743 929695260
24 0 22990256 5593743 906851575 5593743 929841831
25 0 22767352 5593743 907223791 5593743 929991143
26 0 22593763 5593743 907616098 5593743 930209861
27 0 22326231 5593743 908028479 5593743 930354710
28 0 22095013 5593743 908421342 5593743 930516355
29 0 21868924 5593743 908804354 5593743 930673278
30 0 21645040 5593743 909174810 5593743 930819850
31 0 21401507 5593743 909553062 5593743 930954569
32 0 21164363 5593743 909936481 5593743 931100844
1 0 39050011 5593751 91921978 5593751 130971989
2 0 38083807 5593751 93109992 5593751 131193799
3 0 37716795 5593751 93686111 5593751 131402906
4 0 37394356 5593751 94215861 5593751 131610217
5 0 37053567 5593751 94744462 5593751 131798029
6 0 36747331 5593751 95251175 5593751 131998506
7 0 36400061 5593751 95794627 5593751 132194688
8 0 36085863 5593751 96315173 5593751 132401036
9 0 35779035 5593751 96820127 5593751 132599162
10 0 35456615 5593751 97336543 5593751 132793158
11 0 35152640 5593751 97839626 5593751 132992266
12 0 34827016 5593751 98361857 5593751 133188873
13 0 34495373 5593751 98884422 5593751 133379795
14 0 34173028 5593751 99401764 5593751 133574792
15 0 33867256 5593751 99916550 5593751 133783806
16 0 33461152 5593751 100500725 5593751 133961877
17 0 33159732 5593751 100998049 5593751 134157781
18 0 32845330 5593751 101517743 5593751 134363073
19 0 32516040 5593751 102043011 5593751 134559051
20 0 32194565 5593751 102557964 5593751 134752529
21 0 31873052 5593751 103077251 5593751 134950303
22 0 31470023 5593751 103673999 5593751 135144022
23 0 31131918 5593751 104191008 5593751 135322926
24 0 30815943 5593751 104709368 5593751 135525311
25 0 30517448 5593751 105200915 5593751 135718363
26 0 30187954 5593751 105725479 5593751 135913433
27 0 29830275 5593751 106271358 5593751 136101633
28 0 29520337 5593751 106787589 5593751 136307926
29 0 29218288 5593751 107294227 5593751 136512515
30 0 28894089 5593751 107794700 5593751 136688789
31 0 28581651 5593751 108300412 5593751 136882063
32 0 28257953 5593751 108819384 5593751 137077337
