1 0 111156153 5861797 83027796 5861797 194183949
2 0 109613292 5861797 84896743 5861797 194510035
3 0 108597181 5861797 86203404 5861797 194800585
4 0 107621922 5861797 87457436 5861797 195079358
5 0 106648033 5861797 88716894 5861797 195364927
6 0 105694272 5861797 89953853 5861797 195648125
7 0 104570219 5861797 91361734 5861797 195931953
8 0 103679273 5861797 92619303 5861797 196298576
9 0 102727532 5861797 93860909 5861797 196588441
10 0 101742661 5861797 95116701 5861797 196859362
11 0 100820437 5861797 96354326 5861797 197174763
12 0 99851492 5861797 97593081 5861797 197444573
13 0 98890122 5861797 98831761 5861797 197721883
14 0 97797605 5861797 100213384 5861797 198010989
15 0 96721681 5861797 101566599 5861797 198288280
16 0 95739218 5861797 102819946 5861797 198559164
17 0 94835012 5861797 104016591 5861797 198851603
18 0 93907029 5861797 105221383 5861797 199128412
19 0 92967325 5861797 106429953 5861797 199397278
20 0 92027583 5861797 107645523 5861797 199673106
21 0 91022120 5861797 108927240 5861797 199949360
22 0 90097841 5861797 110176902 5861797 200274743
23 0 89142933 5861797 111416879 5861797 200559812
24 0 88224968 5861797 112612931 5861797 200837899
25 0 87287893 5861797 113825945 5861797 201113838
26 0 86317430 5861797 115073051 5861797 201390481
27 0 85391058 5861797 116268326 5861797 201659384
28 0 84703904 5861797 117489840 5861797 202193744
29 0 83779940 5861797 118692984 5861797 202472924
30 0 82862753 5861797 119886388 5861797 202749141
31 0 81790755 5861797 121226992 5861797 203017747
32 0 80859698 5861797 122434081 5861797 203293779
1 0 111757605 5861808 897607409 5861809 9365014
2 0 110356890 5861808 899488559 5861809 9845449
3 0 109449259 5861808 900892996 5861809 10342255
4 0 108602552 5861808 902157676 5861809 10760228
5 0 107755012 5861808 903430171 5861809 11185183
6 0 106929712 5861808 904677778 5861809 11607490
7 0 106101469 5861808 905928736 5861809 12030205
8 0 105269836 5861808 907180157 5861809 12449993
9 0 104595793 5861808 908422708 5861809 13018501
10 0 103754735 5861808 909667018 5861809 13421753
11 0 102910677 5861808 910986734 5861809 13897411
12 0 102066359 5861808 912238044 5861809 14304403
13 0 101244319 5861808 913474021 5861809 14718340
14 0 100292447 5861808 914828496 5861809 15120943
15 0 98957621 5861808 916577778 5861809 15535399
16 0 98142821 5861808 917817922 5861809 15960743
17 0 97345706 5861808 919024899 5861809 16370605
18 0 96469537 5861808 920328097 5861809 16797634
19 0 95620571 5861808 921578963 5861809 17199534
20 0 94812234 5861808 922797533 5861809 17609767
21 0 93941362 5861808 924079639 5861809 18021001
22 0 93123562 5861808 925297690 5861809 18421252
23 0 92336058 5861808 926509075 5861809 18845133
24 0 91548073 5861808 927718552 5861809 19266625
25 0 90743774 5861808 928921085 5861809 19664859
26 0 90019009 5861808 930284745 5861809 20303754
27 0 89238875 5861808 931503408 5861809 20742283
28 0 88425038 5861808 932716941 5861809 21141979
29 0 87639979 5861808 933925511 5861809 21565490
30 0 86812883 5861808 935126359 5861809 21939242
31 0 85922400 5861808 936339892 5861809 22262292
32 0 85007306 5861808 937533777 5861809 22541083
1 0 132422701 5861820 808031522 5861820 940454223
2 0 130565124 5861820 810210352 5861820 940775476
3 0 129117189 5861820 811976448 5861820 941093637
4 0 127630569 5861820 813738656 5861820 941369225
5 0 126224650 5861820 815429384 5861820 941654034
6 0 124907211 5861820 817094057 5861820 942001268
7 0 123518682 5861820 818766100 5861820 942284782
8 0 122049394 5861820 820510197 5861820 942559591
9 0 120654142 5861820 822196240 5861820 942850382
10 0 119259854 5861820 823864690 5861820 943124544
11 0 117903545 5861820 825538585 5861820 943442130
12 0 116524868 5861820 827191665 5861820 943716533
13 0 115155430 5861820 828846523 5861820 944001953
14 0 112978748 5861820 831293830 5861820 944272578
15 0 111567348 5861820 832992928 5861820 944560276
16 0 110197893 5861820 834631656 5861820 944829549
17 0 109041137 5861820 836238163 5861820 945279300
18 0 107693458 5861820 837858559 5861820 945552017
19 0 106340557 5861820 839488344 5861820 945828901
20 0 104889307 5861820 841206904 5861820 946096211
21 0 103438185 5861820 842933983 5861820 946372168
22 0 102081952 5861820 844570082 5861820 946652034
23 0 100726717 5861820 846197200 5861820 946923917
24 0 99395946 5861820 847813411 5861820 947209357
25 0 98064526 5861820 849423251 5861820 947487777
26 0 96503666 5861820 851254143 5861820 947757809
27 0 95164339 5861820 852869687 5861820 948034026
28 0 93805698 5861820 854496101 5861820 948301799
29 0 92465519 5861820 856116182 5861820 948581701
30 0 91112026 5861820 857745559 5861820 948857585
31 0 89752384 5861820 859375566 5861820 949127950
32 0 88362596 5861820 861039683 5861820 949402279
1 0 111954435 5861832 537531639 5861832 649486074
2 0 111573941 5861832 539427345 5861832 651001286
3 0 111052896 5861832 540875188 5861832 651928084
4 0 110089302 5861832 542140591 5861832 652229893
5 0 109128023 5861832 543396790 5861832 652524813
6 0 108179060 5861832 544626952 5861832 652806012
7 0 107215912 5861832 545870521 5861832 653086433
8 0 106263578 5861832 547103572 5861832 653367150
9 0 105314113 5861832 548329957 5861832 653644070
10 0 104357039 5861832 549561230 5861832 653918269
11 0 103346761 5861832 550882687 5861832 654229448
12 0 102378112 5861832 552127053 5861832 654505165
13 0 101420445 5861832 553359104 5861832 654779549
14 0 100365502 5861832 554685246 5861832 655050748
15 0 99362261 5861832 555961611 5861832 655323872
16 0 98402742 5861832 557197107 5861832 655599849
17 0 97486629 5861832 558383992 5861832 655870621
18 0 96560240 5861832 559585247 5861832 656145487
19 0 95506351 5861832 560913797 5861832 656420148
20 0 94551425 5861832 562132515 5861832 656683940
21 0 93548073 5861832 563409880 5861832 656957953
22 0 92606887 5861832 564617135 5861832 657224022
23 0 91678367 5861832 565822761 5861832 657501128
24 0 90759959 5861832 567020257 5861832 657780216
25 0 89836420 5861832 568209587 5861832 658046007
26 0 89163784 5861832 569455823 5861832 658619607
27 0 88195987 5861832 570701226 5861832 658897213
28 0 87246597 5861832 571915722 5861832 659162319
29 0 86344207 5861832 573108533 5861832 659452740
30 0 85416466 5861832 574303047 5861832 659719513
31 0 84487131 5861832 575505895 5861832 659993026
32 0 83608610 5861832 576698373 5861832 660306983
1 0 113689476 5861844 602725773 5861844 716415249
2 0 111648644 5861844 605194134 5861844 716842778
3 0 110437925 5861844 606898899 5861844 717336824
4 0 109129857 5861844 608571738 5861844 717701595
5 0 107680476 5861844 610384742 5861844 718065218
6 0 106267651 5861844 612083895 5861844 718351546
7 0 105215504 5861844 613421518 5861844 718637022
8 0 104239745 5861844 614679328 5861844 718919073
9 0 103276188 5861844 615921250 5861844 719197438
10 0 102312132 5861844 617160708 5861844 719472840
11 0 101383594 5861844 618412425 5861844 719796019
12 0 100529277 5861844 619657143 5861844 720186420
13 0 99518647 5861844 620967915 5861844 720486562
14 0 98449352 5861844 622307575 5861844 720756927
15 0 97442389 5861844 623592996 5861844 721035385
16 0 96663293 5861844 624832880 5861844 721496173
17 0 95750791 5861844 626029691 5861844 721780482
18 0 94819864 5861844 627238465 5861844 722058329
19 0 93874474 5861844 628451035 5861844 722325509
20 0 92932436 5861844 629669994 5861844 722602430
21 0 91855030 5861844 631015969 5861844 722870999
22 0 90897085 5861844 632249631 5861844 723146716
23 0 89963695 5861844 633465701 5861844 723429396
24 0 89030861 5861844 634677734 5861844 723708595
25 0 88086601 5861844 635898285 5861844 723984886
26 0 87112082 5861844 637149262 5861844 724261344
27 0 86182192 5861844 638346795 5861844 724528987
28 0 85234451 5861844 639568920 5861844 724803371
29 0 84240024 5861844 640845452 5861844 725085476
30 0 83297634 5861844 642055819 5861844 725353453
31 0 82355374 5861844 643273000 5861844 725628374
32 0 81425503 5861844 644479273 5861844 725904776
1 0 111733735 5861856 577864978 5861856 689598713
2 0 110359519 5861856 579767536 5861856 690127055
3 0 109404241 5861856 581177861 5861856 690582102
4 0 108553183 5861856 582447967 5861856 691001150
5 0 107703865 5861856 583721203 5861856 691425068
6 0 106881177 5861856 584964661 5861856 691845838
7 0 106027822 5861856 586233971 5861856 692261793
8 0 105206116 5861856 587488299 5861856 692694415
9 0 104387705 5861856 588730869 5861856 693118574
10 0 103726347 5861856 589972938 5861856 693699285
11 0 102847808 5861856 591312135 5861856 694159943
12 0 102006268 5861856 592557390 5861856 694563658
13 0 101179690 5861856 593799608 5861856 694979298
14 0 100261189 5861856 595124379 5861856 695385568
15 0 98913140 5861856 596884884 5861856 695798024
16 0 98064101 5861856 598134471 5861856 696198572
17 0 97293133 5861856 599333579 5861856 696626712
18 0 96384613 5861856 600650239 5861856 697034852
19 0 95566961 5861856 601882050 5861856 697449011
20 0 94766161 5861856 603100083 5861856 697866244
21 0 93889307 5861856 604388059 5861856 698277366
22 0 93068119 5861856 605609129 5861856 698677248
23 0 92272578 5861856 606826310 5861856 699098888
24 0 91486426 5861856 608033991 5861856 699520417
25 0 90682626 5861856 609239913 5861856 699922539
26 0 89919697 5861856 610547314 5861856 700467011
27 0 89126063 5861856 611753977 5861856 700880040
28 0 88306893 5861856 612969232 5861856 701276125
29 0 87518723 5861856 614175858 5861856 701694581
30 0 86695423 5861856 615374280 5861856 702069703
31 0 85758589 5861856 616587776 5861856 702346365
32 0 84856142 5861856 617779569 5861856 702635711
1 0 132634476 5861868 563176778 5861868 695811254
2 0 130667068 5861868 565608955 5861868 696276023
3 0 129390110 5861868 567313664 5861868 696703774
4 0 128110226 5861868 568976411 5861868 697086637
5 0 126834658 5861868 570738156 5861868 697572814
6 0 125680734 5861868 572404477 5861868 698085211
7 0 124498034 5861868 574076150 5861868 698574184
8 0 123127930 5861868 575723360 5861868 698851290
9 0 121772159 5861868 577367348 5861868 699139507
10 0 120405129 5861868 579004558 5861868 699409687
11 0 118989581 5861868 580733285 5861868 699722866
12 0 117605903 5861868 582389162 5861868 699995065
13 0 116293502 5861868 584035964 5861868 700329466
14 0 114797455 5861868 585809876 5861868 700607331
15 0 112779697 5861868 588104666 5861868 700884363
16 0 111406630 5861868 589754043 5861868 701160673
17 0 109947064 5861868 591496159 5861868 701443223
18 0 108607386 5861868 593112443 5861868 701719829
19 0 107250652 5861868 594736413 5861868 701987065
20 0 105910769 5861868 596351383 5861868 702262152
21 0 104496943 5861868 598042611 5861868 702539554
22 0 103149858 5861868 599658136 5861868 702807994
23 0 101755717 5861868 601343494 5861868 703099211
24 0 100447334 5861868 602937149 5861868 703384483
25 0 99101043 5861868 604549731 5861868 703650774
26 0 97710533 5861868 606214792 5861868 703925325
27 0 96400890 5861868 607801189 5861868 704202079
28 0 95059563 5861868 609409233 5861868 704468796
29 0 93422464 5861868 611325086 5861868 704747550
30 0 92091359 5861868 612930797 5861868 705022156
31 0 90744662 5861868 614542489 5861868 705287151
32 0 89756366 5861868 616123737 5861868 705880103
1 0 102909936 5861880 667790382 5861880 770700318
2 0 101323392 5861880 669668847 5861880 770992239
3 0 100230986 5861880 671097561 5861880 771328547
4 0 99238468 5861880 672367797 5861880 771606265
5 0 98259485 5861880 673632922 5861880 771892407
6 0 97296577 5861880 674878084 5861880 772174661
7 0 96325780 5861880 676132709 5861880 772458489
8 0 95364040 5861880 677376759 5861880 772740799
9 0 94404594 5861880 678612570 5861880 773017164
10 0 93544351 5861880 679849325 5861880 773393676
11 0 92498593 5861880 681212392 5861880 773710985
12 0 91527555 5861880 682455554 5861880 773983109
13 0 90570833 5861880 683692197 5861880 774263030
14 0 89508149 5861880 685025154 5861880 774533303
15 0 88041731 5861880 686770122 5861880 774811853
16 0 87064509 5861880 688016950 5861880 775081459
17 0 86153304 5861880 689217020 5861880 775370324
18 0 85152544 5861880 690495867 5861880 775648411
19 0 84198562 5861880 691727918 5861880 775926480
20 0 83251451 5861880 692950358 5861880 776201809
21 0 82235710 5861880 694232964 5861880 776468674
22 0 81286950 5861880 695457478 5861880 776744428
23 0 80366708 5861880 696670178 5861880 777036886
24 0 79432892 5861880 697877489 5861880 777310381
25 0 78509835 5861880 699075985 5861880 777585820
26 0 77443707 5861880 700417293 5861880 777861000
27 0 76479817 5861880 701647419 5861880 778127236
28 0 75847217 5861880 702554402 5861880 778401619
29 0 75316394 5861880 703366905 5861880 778683299
30 0 74782682 5861880 704168983 5861880 778951665
31 0 74240915 5861880 704985208 5861880 779226123
32 0 73717146 5861880 705783731 5861880 779500877
1 0 91734996 5861892 733130890 5861892 824865886
2 0 91019324 5861892 734472643 5861892 825491967
3 0 90711886 5861892 735368811 5861892 826080697
4 0 90144673 5861892 736216333 5861892 826361006
5 0 89586684 5861892 737055132 5861892 826641816
6 0 89041157 5861892 737879783 5861892 826920940
7 0 88484334 5861892 738715194 5861892 827199528
8 0 87930215 5861892 739548585 5861892 827478800
9 0 87289708 5861892 740482957 5861892 827772665
10 0 86709442 5861892 741342311 5861892 828051753
11 0 86190507 5861892 742177814 5861892 828368321
12 0 85642554 5861892 743005743 5861892 828648297
13 0 85078990 5861892 743839654 5861892 828918644
14 0 84489890 5861892 744706897 5861892 829196787
15 0 83926345 5861892 745538141 5861892 829464486
16 0 83328856 5861892 746412847 5861892 829741703
17 0 83550111 5861892 747267090 5861892 830817201
18 0 83025140 5861892 748075982 5861892 831101122
19 0 82471390 5861892 748899745 5861892 831371135
20 0 81953530 5861892 749693452 5861892 831646982
21 0 81304894 5861892 750616935 5861892 831921829
22 0 80752516 5861892 751436586 5861892 832189102
23 0 80227432 5861892 752242238 5861892 832469670
24 0 79702164 5861892 753045501 5861892 832747665
25 0 79175527 5861892 753846467 5861892 833021994
26 0 78615907 5861892 754683285 5861892 833299192
27 0 78096750 5861892 755477974 5861892 833574724
28 0 77560612 5861892 756281755 5861892 833842367
29 0 77036696 5861892 757085222 5861892 834121918
30 0 76513816 5861892 757883133 5861892 834396949
31 0 75978271 5861892 758682507 5861892 834660778
32 0 75445874 5861892 759490714 5861892 834936588
1 0 111610107 5861904 507802500 5861904 619412607
2 0 110651996 5861904 509665354 5861904 620317350
3 0 109731754 5861904 511095253 5861904 620827007
4 0 109071914 5861904 512361396 5861904 621433310
5 0 108611831 5861904 513619928 5861904 622231759
6 0 107795678 5861904 514856980 5861904 622652658
7 0 106972324 5861904 516097882 5861904 623070206
8 0 106153895 5861904 517333396 5861904 623487291
9 0 105346372 5861904 518559466 5861904 623905838
10 0 104528758 5861904 519788869 5861904 624317627
11 0 103636960 5861904 521141659 5861904 624778619
12 0 102817068 5861904 522379543 5861904 625196611
13 0 102000157 5861904 523610335 5861904 625610492
14 0 101073989 5861904 524935144 5861904 626009133
15 0 100207024 5861904 526216138 5861904 626423162
16 0 99393075 5861904 527444264 5861904 626837339
17 0 98609146 5861904 528635112 5861904 627244258
18 0 97823642 5861904 529830460 5861904 627654102
19 0 96967880 5861904 531097140 5861904 628065020
20 0 96151229 5861904 532310747 5861904 628461976
21 0 95642498 5861904 533578890 5861904 629221388
22 0 94832623 5861904 534786572 5861904 629619195
23 0 94087490 5861904 535986586 5861904 630074076
24 0 93331725 5861904 537180842 5861904 630512567
25 0 92558148 5861904 538368134 5861904 630926282
26 0 91724903 5861904 539612945 5861904 631337848
27 0 90877975 5861904 540861347 5861904 631739322
28 0 89999935 5861904 542068177 5861904 632068112
29 0 89084527 5861904 543266414 5861904 632350941
30 0 88164340 5861904 544455429 5861904 632619769
31 0 87229543 5861904 545665499 5861904 632895042
32 0 86316764 5861904 546853143 5861904 633169907
