1 0 150478958 5861916 533207115 5861916 683686073
2 0 148613178 5861916 535672976 5861916 684286154
3 0 147628400 5861916 537350445 5861916 684978845
4 0 146644659 5861916 538987729 5861916 685632388
5 0 145402700 5861916 540769715 5861916 686172415
6 0 144308869 5861916 542415814 5861916 686724683
7 0 143153131 5861916 544068820 5861916 687221951
8 0 141784583 5861916 545720530 5861916 687505113
9 0 140441497 5861916 547339648 5861916 687781145
10 0 139086411 5861916 548971358 5861916 688057769
11 0 137634364 5861916 550694474 5861916 688328838
12 0 136276482 5861916 552331592 5861916 688608074
13 0 134926951 5861916 553965395 5861916 688892346
14 0 133553588 5861916 555613772 5861916 689167360
15 0 132137596 5861916 557296722 5861916 689434318
16 0 130791714 5861916 558927191 5861916 689718905
17 0 129391110 5861916 560594105 5861916 689985215
18 0 128805232 5861916 562205630 5861916 691010862
19 0 127471535 5861916 563815952 5861916 691287487
20 0 126183540 5861916 565399941 5861916 691583481
21 0 124714974 5861916 567144224 5861916 691859198
22 0 123370166 5861916 568754583 5861916 692124749
23 0 121905009 5861916 570496439 5861916 692401448
24 0 120541904 5861916 572125631 5861916 692667535
25 0 119556515 5861916 573710750 5861916 693267265
26 0 118208040 5861916 575328368 5861916 693536408
27 0 116896917 5861916 576912597 5861916 693809514
28 0 115572164 5861916 578511086 5861916 694083250
29 0 114189374 5861916 580159630 5861916 694349004
30 0 112858955 5861916 581770655 5861916 694629610
31 0 112031026 5861916 582871338 5861916 694902364
32 0 111480221 5861916 583687971 5861916 695168192
33 0 110928510 5861916 584520548 5861916 695449058
34 0 110392389 5861916 585330552 5861916 695722941
35 0 109865381 5861916 586122741 5861916 695988122
36 0 109340390 5861916 586926300 5861916 696266690
37 0 108800938 5861916 587738933 5861916 696539871
38 0 108268318 5861916 588536214 5861916 696804532
39 0 107815771 5861916 589340792 5861916 697156563
40 0 107266207 5861916 590162629 5861916 697428836
41 0 106728328 5861916 590980373 5861916 697708701
42 0 106200542 5861916 591779987 5861916 697980529
43 0 105665422 5861916 592579621 5861916 698245043
44 0 105143172 5861916 593382069 5861916 698525241
45 0 104607460 5861916 594219257 5861916 698826717
46 0 104071896 5861916 595018223 5861916 699090119
47 0 103546017 5861916 595818023 5861916 699364040
48 0 103025989 5861916 596611879 5861916 699637868
49 0 102490258 5861916 597411494 5861916 699901752
50 0 101994176 5861916 598219534 5861916 700213710
51 0 101483982 5861916 599012982 5861916 700496964
52 0 100952436 5861916 599809208 5861916 700761644
53 0 100385927 5861916 600647730 5861916 701033657
54 0 99854178 5861916 601450326 5861916 701304504
55 0 99307299 5861916 602263200 5861916 701570499
56 0 98798143 5861916 603057888 5861916 701856031
57 0 98270393 5861916 603884966 5861916 702155359
58 0 97734292 5861916 604687247 5861916 702421539
59 0 97218432 5861916 605480880 5861916 702699312
60 0 96682534 5861916 606287865 5861916 702970399
61 0 96153229 5861916 607080869 5861916 703234098
62 0 95619758 5861916 607887650 5861916 703507408
63 0 95087916 5861916 608695635 5861916 703783551
64 0 94568962 5861916 609489898 5861916 704058860
1 0 166993170 5861933 352788626 5861933 519781796
2 0 165373663 5861933 355278339 5861933 520652002
3 0 164013817 5861933 356968104 5861933 520981921
4 0 162649991 5861933 358630758 5861933 521280749
5 0 161102927 5861933 360456724 5861933 521559651
6 0 159725342 5861933 362139378 5861933 521864720
7 0 158334960 5861933 363815032 5861933 522149992
8 0 156947375 5861933 365487816 5861933 522435191
9 0 155717879 5861933 367125730 5861933 522843609
10 0 154382275 5861933 368776958 5861933 523159233
11 0 152915673 5861933 370523240 5861933 523438913
12 0 151535087 5861933 372188135 5861933 523723222
13 0 150158334 5861933 373834957 5861933 523993291
14 0 148756657 5861933 375521370 5861933 524278027
15 0 147338535 5861933 377207264 5861933 524545799
16 0 145993116 5861933 378829475 5861933 524822591
17 0 144593050 5861933 380497036 5861933 525090086
18 0 143247389 5861933 382127673 5861933 525375062
19 0 141922728 5861933 383756976 5861933 525679704
20 0 140605772 5861933 385352668 5861933 525958440
21 0 139125170 5861933 387113172 5861933 526238342
22 0 137762936 5861933 388752623 5861933 526515559
23 0 136372684 5861933 390419333 5861933 526792017
24 0 135001654 5861933 392060154 5861933 527061808
25 0 133692660 5861933 393649791 5861933 527342451
26 0 132342036 5861933 395275206 5861933 527617242
27 0 131019339 5861933 396867158 5861933 527886497
28 0 129682530 5861933 398479202 5861933 528161732
29 0 128265076 5861933 400173670 5861933 528438746
30 0 126907897 5861933 401798714 5861933 528706611
31 0 125592181 5861933 403418128 5861933 529010309
32 0 124241910 5861933 405047542 5861933 529289452
33 0 122845973 5861933 406713085 5861933 529559058
34 0 121505590 5861933 408329537 5861933 529835127
35 0 120233966 5861933 409920785 5861933 530154751
36 0 118811622 5861933 411617272 5861933 530428894
37 0 117457295 5861933 413251056 5861933 530708351
38 0 116122653 5861933 414853119 5861933 530975772
39 0 114851344 5861933 416473737 5861933 531325081
40 0 113556849 5861933 418060652 5861933 531617501
41 0 112213207 5861933 419671289 5861933 531884496
42 0 110824400 5861933 421342961 5861933 532167361
43 0 109507017 5861933 422963246 5861933 532470263
44 0 108163487 5861933 424580660 5861933 532744147
45 0 106756384 5861933 426264258 5861933 533020642
46 0 105429093 5861933 427866914 5861933 533296007
47 0 104082137 5861933 429480902 5861933 533563039
48 0 101603534 5861933 432234981 5861933 533838515
49 0 100489667 5861933 433629362 5861933 534119029
50 0 99933862 5861933 434453347 5861933 534387209
51 0 99412131 5861933 435250110 5861933 534662241
52 0 98836753 5861933 436101853 5861933 534938606
53 0 98284930 5861933 436920653 5861933 535205583
54 0 97763199 5861933 437716656 5861933 535479855
55 0 97242060 5861933 438535956 5861933 535778016
56 0 97338170 5861933 439337626 5861933 536675796
57 0 96717311 5861933 440235387 5861933 536952698
58 0 96154229 5861933 441066668 5861933 537220897
59 0 95643516 5861933 441863209 5861933 537506725
60 0 95089322 5861933 442684805 5861933 537774127
61 0 94570092 5861933 443484382 5861933 538054474
62 0 94026047 5861933 444295478 5861933 538321525
63 0 93489963 5861933 445105408 5861933 538595371
64 0 92958529 5861933 445912615 5861933 538871144
1 0 164536808 5861950 117743795 5861950 282280603
2 0 162928153 5861950 119657074 5861950 282585227
3 0 161811766 5861950 121051011 5861950 282862777
4 0 160841062 5861950 122306525 5861950 283147587
5 0 159850839 5861950 123569483 5861950 283420322
6 0 158893654 5861950 124806478 5861950 283700132
7 0 158011337 5861950 126060992 5861950 284072329
8 0 157040244 5861950 127312598 5861950 284352842
9 0 156086169 5861950 128542742 5861950 284628911
10 0 155130650 5861950 129780256 5861950 284910906
11 0 154038781 5861950 131146435 5861950 285185216
12 0 153079447 5861950 132392152 5861950 285471599
13 0 152122687 5861950 133628703 5861950 285751390
14 0 151158019 5861950 134884958 5861950 286042977
15 0 149670566 5861950 136642203 5861950 286312769
16 0 148708380 5861950 137885754 5861950 286594134
17 0 147768472 5861950 139099212 5861950 286867684
18 0 146673992 5861950 140474557 5861950 287148549
19 0 145695103 5861950 141732626 5861950 287427729
20 0 144799304 5861950 142931160 5861950 287730464
21 0 143754620 5861950 144245654 5861950 288000274
22 0 142812045 5861950 145466057 5861950 288278102
23 0 141879526 5861950 146672534 5861950 288552060
24 0 141190261 5861950 147882160 5861950 289072421
25 0 140279666 5861950 149074842 5861950 289354508
26 0 139251593 5861950 150370799 5861950 289622392
27 0 138321610 5861950 151587110 5861950 289908720
28 0 137656012 5861950 152792439 5861950 290448451
29 0 136732196 5861950 153999750 5861950 290731946
30 0 135828213 5861950 155187598 5861950 291015811
31 0 134889471 5861950 156394113 5861950 291283584
32 0 133950655 5861950 157606868 5861950 291557523
33 0 132977192 5861950 158856641 5861950 291833833
34 0 131998061 5861950 160114266 5861950 292112327
35 0 131052672 5861950 161333187 5861950 292385859
36 0 130112207 5861950 162544832 5861950 292657039
37 0 129170707 5861950 163763494 5861950 292934201
38 0 128245817 5861950 164962546 5861950 293208363
39 0 127370222 5861950 166176005 5861950 293546227
40 0 126465275 5861950 167362983 5861950 293828258
41 0 125540608 5861950 168569016 5861950 294109624
42 0 124606125 5861950 169769160 5861950 294375285
43 0 123279131 5861950 171372019 5861950 294651150
44 0 122322816 5861950 172594941 5861950 294917757
45 0 121365778 5861950 173854269 5861950 295220047
46 0 120450221 5861950 175049210 5861950 295499431
47 0 119521831 5861950 176244910 5861950 295766741
48 0 118605422 5861950 177434277 5861950 296039699
49 0 117678420 5861950 178635014 5861950 296313434
50 0 116734420 5861950 179845954 5861950 296580374
51 0 115781827 5861950 181086412 5861950 296868239
52 0 114851955 5861950 182292723 5861950 297144678
53 0 113914528 5861950 183495793 5861950 297410321
54 0 112987841 5861950 184698549 5861950 297686390
55 0 112052396 5861950 185917508 5861950 297969904
56 0 111121283 5861950 187113356 5861950 298234639
57 0 110187097 5861950 188356277 5861950 298543374
58 0 109253967 5861950 189563458 5861950 298817425
59 0 108282318 5861950 190805657 5861950 299087975
60 0 107341206 5861950 192020357 5861950 299361563
61 0 106426019 5861950 193210298 5861950 299636317
62 0 105487092 5861950 194414498 5861950 299901590
63 0 104599757 5861950 195621160 5861950 300220917
64 0 103687348 5861950 196813768 5861950 300501116
1 0 164454828 5861967 217826644 5861967 382281472
2 0 163017021 5861967 219712461 5861967 382729482
3 0 162114334 5861967 221115583 5861967 383229917
4 0 161283516 5861967 222369171 5861967 383652687
5 0 160504809 5861967 223634536 5861967 384139345
6 0 159727620 5861967 224872605 5861967 384600225
7 0 158939597 5861967 226120527 5861967 385060124
8 0 158111076 5861967 227378503 5861967 385489579
9 0 157321942 5861967 228610869 5861967 385932811
10 0 156495347 5861967 229858753 5861967 386354100
11 0 155589826 5861967 231178581 5861967 386768407
12 0 154765897 5861967 232419965 5861967 387185862
13 0 154021670 5861967 233661257 5861967 387682927
14 0 153074096 5861967 234924881 5861967 387998977
15 0 152263147 5861967 236197895 5861967 388461042
16 0 151314906 5861967 237426224 5861967 388741130
17 0 150372979 5861967 238638053 5861967 389011032
18 0 149445071 5861967 239843919 5861967 389288990
19 0 148410219 5861967 241155488 5861967 389565707
20 0 147493532 5861967 242360484 5861967 389854016
21 0 146499291 5861967 243681441 5861967 390180732
22 0 145544069 5861967 244920973 5861967 390465042
23 0 144604401 5861967 246138636 5861967 390743037
24 0 143655789 5861967 247354243 5861967 391010032
25 0 142739455 5861967 248552794 5861967 391292249
26 0 141784046 5861967 249773716 5861967 391557762
27 0 140717196 5861967 251115117 5861967 391832313
28 0 139782862 5861967 252335594 5861967 392118456
29 0 138834472 5861967 253551627 5861967 392386099
30 0 137925211 5861967 254741975 5861967 392667186
31 0 136993598 5861967 255949842 5861967 392943440
32 0 136049468 5861967 257159967 5861967 393209435
33 0 135075856 5861967 258413870 5861967 393489726
34 0 134141522 5861967 259623199 5861967 393764721
35 0 133163577 5861967 260874658 5861967 394038235
36 0 132227205 5861967 262090524 5861967 394317729
37 0 131284445 5861967 263308927 5861967 394593372
38 0 130349945 5861967 264508460 5861967 394858405
39 0 129493349 5861967 265715938 5861967 395209287
40 0 128583311 5861967 266900860 5861967 395484171
41 0 127660346 5861967 268103356 5861967 395763702
42 0 126732253 5861967 269306667 5861967 396038920
43 0 125732104 5861967 270573959 5861967 396306063
44 0 124787048 5861967 271791899 5861967 396578947
45 0 123834788 5861967 273052264 5861967 396887052
46 0 122910860 5861967 274255057 5861967 397165917
47 0 121984526 5861967 275458108 5861967 397442634
48 0 121065969 5861967 276652438 5861967 397718407
49 0 120131672 5861967 277856656 5861967 397988328
50 0 119200152 5861967 279070152 5861967 398270304
51 0 117583607 5861967 280960247 5861967 398543854
52 0 116616588 5861967 282202224 5861967 398818812
53 0 115687662 5861967 283405479 5861967 399093141
54 0 114754012 5861967 284606253 5861967 399360265
55 0 113815660 5861967 285820582 5861967 399636242
56 0 112894528 5861967 287016597 5861967 399911125
57 0 111961842 5861967 288262666 5861967 400224508
58 0 111046693 5861967 289466162 5861967 400512855
59 0 110063618 5861967 290723639 5861967 400787257
60 0 109113988 5861967 291939783 5861967 401053771
61 0 108166912 5861967 293162779 5861967 401329691
62 0 107243467 5861967 294367923 5861967 401611390
63 0 106301077 5861967 295577623 5861967 401878700
64 0 105389557 5861967 296772693 5861967 402162250
1 0 164846062 5861984 8093584 5861984 172939646
2 0 163267054 5861984 9977253 5861984 173244307
3 0 162132056 5861984 11391523 5861984 173523579
4 0 161175408 5861984 12637370 5861984 173812778
5 0 160191759 5861984 13900143 5861984 174091902
6 0 159240684 5861984 15138398 5861984 174379082
7 0 158290535 5861984 16391930 5861984 174682465
8 0 157312017 5861984 17652721 5861984 174964738
9 0 156356238 5861984 18883809 5861984 175240047
10 0 155431811 5861984 20221877 5861984 175653688
11 0 154410366 5861984 21515835 5861984 175926201
12 0 153458403 5861984 22759404 5861984 176217807
13 0 152507606 5861984 23999492 5861984 176507098
14 0 151527143 5861984 25256228 5861984 176783371
15 0 150510199 5861984 26541074 5861984 177051273
16 0 149557846 5861984 27774903 5861984 177332749
17 0 148617420 5861984 28984158 5861984 177601578
18 0 147604753 5861984 30270301 5861984 177875054
19 0 146625511 5861984 31523056 5861984 178148567
20 0 145723899 5861984 32715200 5861984 178439099
21 0 144682122 5861984 34034046 5861984 178716168
22 0 143723362 5861984 35259394 5861984 178982756
23 0 142800231 5861984 36466019 5861984 179266250
24 0 141869045 5861984 37678311 5861984 179547356
25 0 140947266 5861984 38867382 5861984 179814648
26 0 139950284 5861984 40205709 5861984 180155993
27 0 139010116 5861984 41424816 5861984 180434932
28 0 138077578 5861984 42630516 5861984 180708094
29 0 137139410 5861984 43840123 5861984 180979533
30 0 136217391 5861984 45033193 5861984 181250584
31 0 135284871 5861984 46241226 5861984 181526097
32 0 134375610 5861984 47453407 5861984 181829017
33 0 133389776 5861984 48704662 5861984 182094438
34 0 132457664 5861984 49913232 5861984 182370896
35 0 131456923 5861984 51187616 5861984 182644539
36 0 130510812 5861984 52399019 5861984 182909831
37 0 129571496 5861984 53617626 5861984 183189122
38 0 128643865 5861984 54815863 5861984 183459728
39 0 127790677 5861984 56022229 5861984 183812906
40 0 126879546 5861984 57220355 5861984 184099901
41 0 125966248 5861984 58411611 5861984 184377859
42 0 125041524 5861984 59609348 5861984 184650872
43 0 124038691 5861984 60895713 5861984 184934404
44 0 123081987 5861984 62117690 5861984 185199677
45 0 122124708 5861984 63360556 5861984 185485264
46 0 121207651 5861984 64558182 5861984 185765833
47 0 120272262 5861984 65758733 5861984 186030995
48 0 119354686 5861984 66953822 5861984 186308508
49 0 118431962 5861984 68160911 5861984 186592873
50 0 118019915 5861984 69376351 5861984 187396266
51 0 116463073 5861984 71209965 5861984 187673038
52 0 115512961 5861984 72430257 5861984 187943218
53 0 114572553 5861984 73646568 5861984 188219121
54 0 113653107 5861984 74831972 5861984 188485079
55 0 112719253 5861984 76048283 5861984 188767536
56 0 111797512 5861984 77235612 5861984 189033124
57 0 110817068 5861984 78491144 5861984 189308212
58 0 109898640 5861984 79689344 5861984 189587984
59 0 108894584 5861984 80970080 5861984 189864664
60 0 107982971 5861984 82185150 5861984 190168121
61 0 107076785 5861984 83386257 5861984 190463042
62 0 106163357 5861984 84575328 5861984 190738685
63 0 105227263 5861984 85776787 5861984 191004050
64 0 104303225 5861984 86984042 5861984 191287267
1 0 126105376 5862001 52943055 5862001 179048431
2 0 125196929 5862001 54160811 5862001 179357740
3 0 124657643 5862001 54980073 5862001 179637716
4 0 124148060 5862001 55778595 5862001 179926655
5 0 124187818 5862001 56596710 5862001 180784528
6 0 123710772 5862001 57394139 5862001 181104911
7 0 123180837 5862001 58203513 5862001 181384350
8 0 122647162 5862001 59019887 5862001 181667049
9 0 122128172 5862001 59814983 5862001 181943155
10 0 121633606 5862001 60741966 5862001 182375572
11 0 121000118 5862001 61655486 5862001 182655604
12 0 120396611 5862001 62543914 5862001 182940525
13 0 119796530 5862001 63412620 5862001 183209150
14 0 119160653 5862001 64335047 5862001 183495700
15 0 118556646 5862001 65207975 5862001 183764621
16 0 117986193 5862001 66053367 5862001 184039560
17 0 117434666 5862001 66879537 5862001 184314203
18 0 116882250 5862001 67703744 5862001 184585994
19 0 116329224 5862001 68543950 5862001 184873174
20 0 115776030 5862001 69364861 5862001 185140891
21 0 115075025 5862001 70339935 5862001 185414960
22 0 114489202 5862001 71203901 5862001 185693103
23 0 113942472 5862001 72034904 5862001 185977376
24 0 113390038 5862001 72869370 5862001 186259408
25 0 112836807 5862001 73688262 5862001 186525069
26 0 112273522 5862001 74525135 5862001 186798657
27 0 111703218 5862001 75360860 5862001 187064078
28 0 111136283 5862001 76202308 5862001 187338591
29 0 110540425 5862001 77076217 5862001 187616642
30 0 110004490 5862001 77878684 5862001 187883174
31 0 109466944 5862001 78689558 5862001 188156502
32 0 108937787 5862001 79500617 5862001 188438404
33 0 108258634 5862001 80444432 5862001 188703066
34 0 107703737 5862001 81271324 5862001 188975061
35 0 107186653 5862001 82067791 5862001 189254444
36 0 106645015 5862001 82873017 5862001 189518032
37 0 106105673 5862001 83687113 5862001 189792786
38 0 105608053 5862001 84489116 5862001 190097169
39 0 105144451 5862001 85297416 5862001 190441867
40 0 104634664 5862001 86096512 5862001 190731176
41 0 104117581 5862001 86891757 5862001 191009338
42 0 103592998 5862001 87690649 5862001 191283647
43 0 103066137 5862001 88492042 5862001 191558179
44 0 102526110 5862001 89302527 5862001 191828637
45 0 101948622 5862001 90164066 5862001 192112688
46 0 101424131 5862001 90978125 5862001 192402256
47 0 100889122 5862001 91780518 5862001 192669640
48 0 100362040 5862001 92584910 5862001 192946950
49 0 99840642 5862001 93380562 5862001 193221204
50 0 99293559 5862001 94193677 5862001 193487236
51 0 98772476 5862001 94989551 5862001 193762027
52 0 98239116 5862001 95793351 5862001 194032467
53 0 97713719 5862001 96594539 5862001 194308258
54 0 97197673 5862001 97383376 5862001 194581049
55 0 96648165 5862001 98198472 5862001 194846637
56 0 96112822 5862001 99008976 5862001 195121798
57 0 95583647 5862001 99844312 5862001 195427959
58 0 95006510 5862001 100688000 5862001 195694510
59 0 94493686 5862001 101483615 5862001 195977301
60 0 94633998 5862001 102287341 5862001 196921339
61 0 94101508 5862001 103090752 5862001 197192260
62 0 93583258 5862001 103884052 5862001 197467310
63 0 93052380 5862001 104688518 5862001 197740898
64 0 92519167 5862001 105495318 5862001 198014485
1 0 215084349 5862018 68204828 5862018 283289177
2 0 213552081 5862018 70188384 5862018 283740465
3 0 212748152 5862018 71498859 5862018 284247011
4 0 211982166 5862018 72746336 5862018 284728502
5 0 211151144 5862018 74013183 5862018 285164327
6 0 210373714 5862018 75258067 5862018 285631781
7 0 209595933 5862018 76512395 5862018 286108328
8 0 208809206 5862018 77773613 5862018 286582819
9 0 208024406 5862018 79010423 5862018 287034829
10 0 206989074 5862018 80471877 5862018 287460951
11 0 206158459 5862018 81761261 5862018 287919720
12 0 205387714 5862018 82998960 5862018 288386674
13 0 204511175 5862018 84240215 5862018 288751390
14 0 203532879 5862018 85501895 5862018 289034774
15 0 202528064 5862018 86778427 5862018 289306491
16 0 201775282 5862018 88007737 5862018 289783019
17 0 200891353 5862018 89217715 5862018 290109068
18 0 199880206 5862018 90519024 5862018 290399230
19 0 198931724 5862018 91747371 5862018 290679095
20 0 198019555 5862018 92949645 5862018 290969200
21 0 196969223 5862018 94269121 5862018 291238344
22 0 196021241 5862018 95494894 5862018 291516135
23 0 195095332 5862018 96700001 5862018 291795333
24 0 194153720 5862018 97910590 5862018 292064310
25 0 193254089 5862018 99104086 5862018 292358175
26 0 192231645 5862018 100405247 5862018 292636892
27 0 191271422 5862018 101632891 5862018 292904313
28 0 190335236 5862018 102845479 5862018 293180715
29 0 189396401 5862018 104061957 5862018 293458358
30 0 188476437 5862018 105262675 5862018 293739112
31 0 187541640 5862018 106474467 5862018 294016107
32 0 186610250 5862018 107675241 5862018 294285491
33 0 185630674 5862018 108938311 5862018 294568985
34 0 184648193 5862018 110196935 5862018 294845128
35 0 183701822 5862018 111410987 5862018 295112809
36 0 182767765 5862018 112628520 5862018 295396285
37 0 181825431 5862018 113849812 5862018 295675243
38 0 180886097 5862018 115057511 5862018 295943608
39 0 180023316 5862018 116276248 5862018 296299564
40 0 179100907 5862018 117473300 5862018 296574207
41 0 178171425 5862018 118686425 5862018 296857850
42 0 177239238 5862018 119893403 5862018 297132641
43 0 176231923 5862018 121167213 5862018 297399136
44 0 175287812 5862018 122385579 5862018 297673391
45 0 174336422 5862018 123645537 5862018 297981959
46 0 173402088 5862018 124848477 5862018 298250565
47 0 172480568 5862018 126056936 5862018 298537504
48 0 171565492 5862018 127261488 5862018 298826980
49 0 170618325 5862018 128478132 5862018 299096457
50 0 169668805 5862018 129702665 5862018 299371470
51 0 168360552 5862018 131297950 5862018 299658502
52 0 167410347 5862018 132515761 5862018 299926108
53 0 166517827 5862018 133722997 5862018 300240824
54 0 165589752 5862018 134927623 5862018 300517375
55 0 164636214 5862018 136148063 5862018 300784277
56 0 163711935 5862018 137346448 5862018 301058383
57 0 162765767 5862018 138596703 5862018 301362470
58 0 161823747 5862018 139805366 5862018 301629113
59 0 160852766 5862018 141053324 5862018 301906090
60 0 159911172 5862018 142270783 5862018 302181955
61 0 158981616 5862018 143469612 5862018 302451228
62 0 158043225 5862018 144683090 5862018 302726315
63 0 157110150 5862018 145897326 5862018 303007476
64 0 156177815 5862018 147096323 5862018 303274138
1 0 155602937 5862034 763268809 5862034 918871746
2 0 153445978 5862034 765735485 5862034 919181463
3 0 152041707 5862034 767421065 5862034 919462772
4 0 150693455 5862034 769063738 5862034 919757193
5 0 150072615 5862034 770823742 5862034 920896357
6 0 148749325 5862034 772468730 5862034 921218055
7 0 147403035 5862034 774120551 5862034 921523586
8 0 146032023 5862034 775783743 5862034 921815766
9 0 144680530 5862034 777413990 5862034 922094520
10 0 143463867 5862034 779057608 5862034 922521475
11 0 141919118 5862034 780874852 5862034 922793970
12 0 140547236 5862034 782526654 5862034 923073890
13 0 139176280 5862034 784172605 5862034 923348885
14 0 137782584 5862034 785856111 5862034 923638695
15 0 136364740 5862034 787543376 5862034 923908116
16 0 135011025 5862034 789174697 5862034 924185722
17 0 133592514 5862034 790861536 5862034 924454050
18 0 132262780 5862034 792470302 5862034 924733082
19 0 130917952 5862034 794091106 5862034 925009058
20 0 129624699 5862034 795672743 5862034 925297442
21 0 128201040 5862034 797418562 5862034 925619602
22 0 126856120 5862034 799041514 5862034 925897634
23 0 125430314 5862034 800753889 5862034 926184203
24 0 124044099 5862034 802407988 5862034 926452087
25 0 122737679 5862034 804006606 5862034 926744285
26 0 121388889 5862034 805632835 5862034 927021724
27 0 120072969 5862034 807213602 5862034 927286571
28 0 118753161 5862034 808809813 5862034 927562974
29 0 117375279 5862034 810464412 5862034 927839691
30 0 116036062 5862034 812073790 5862034 928109852
31 0 114701236 5862034 813685278 5862034 928386514
32 0 113353001 5862034 815298341 5862034 928651342
33 0 111979046 5862034 816953976 5862034 928933022
34 0 110642866 5862034 818564984 5862034 929207850
35 0 109275392 5862034 820198861 5862034 929474253
36 0 107915029 5862034 821838552 5862034 929753581
37 0 107153024 5862034 822903199 5862034 930056223
38 0 106635312 5862034 823702240 5862034 930337552
39 0 106172061 5862034 824512577 5862034 930684638
40 0 105659108 5862034 825312358 5862034 930971466
41 0 105150617 5862034 826106899 5862034 931257516
42 0 104627608 5862034 826907810 5862034 931535418
43 0 104093267 5862034 827713054 5862034 931806321
44 0 103566258 5862034 828516150 5862034 932082408
45 0 103046509 5862034 829344875 5862034 932391384
46 0 102096619 5862034 830575445 5862034 932672064
47 0 101527999 5862034 831410763 5862034 932938762
48 0 101014657 5862034 832208674 5862034 933223331
49 0 100492241 5862034 833008733 5862034 933500974
50 0 99950473 5862034 833818274 5862034 933768747
51 0 99438630 5862034 834610278 5862034 934048908
52 0 98916177 5862034 835409226 5862034 934325403
53 0 98373577 5862034 836216192 5862034 934589769
54 0 97856160 5862034 837008270 5862034 934864430
55 0 97318578 5862034 837821125 5862034 935139703
56 0 96788606 5862034 838617610 5862034 935406216
57 0 96245746 5862034 839461076 5862034 935706822
58 0 95678719 5862034 840303042 5862034 935981761
59 0 95151636 5862034 841104842 5862034 936256478
60 0 94620109 5862034 841911364 5862034 936531473
61 0 94097989 5862034 842709479 5862034 936807468
62 0 93565888 5862034 843508186 5862034 937074074
63 0 93037861 5862034 844316208 5862034 937354069
64 0 92509056 5862034 845118286 5862034 937627342
1 0 165646473 5862051 868157746 5862052 33804219
2 0 163978393 5862051 870129709 5862052 34108102
3 0 162927486 5862051 871458907 5862052 34386393
4 0 161963652 5862051 872709180 5862052 34672832
5 0 160963301 5862051 873984730 5862052 34948031
6 0 159992708 5862051 875235225 5862052 35227933
7 0 159099891 5862051 876499554 5862052 35599445
8 0 158112280 5862051 877771604 5862052 35883884
9 0 157149298 5862051 879014044 5862052 36163342
10 0 156129410 5862051 880320149 5862052 36449559
11 0 155119613 5862051 881603737 5862052 36723350
12 0 154159020 5862051 882851121 5862052 37010141
13 0 153197131 5862051 884102801 5862052 37299932
14 0 152197445 5862051 885383037 5862052 37580482
15 0 151187760 5862051 886665328 5862052 37853088
16 0 150235760 5862051 887898934 5862052 38134694
17 0 149285018 5862051 889117523 5862052 38402541
18 0 148300463 5862051 890381184 5862052 38681647
19 0 147336406 5862051 891626865 5862052 38963271
20 0 146418997 5862051 892844583 5862052 39263580
21 0 145375480 5862051 894166762 5862052 39542242
22 0 144410646 5862051 895399572 5862052 39810218
23 0 143775250 5862051 896618513 5862052 40393763
24 0 143094393 5862051 897844212 5862052 40938605
25 0 142172817 5862051 899048301 5862052 41221118
26 0 141098763 5862051 900393405 5862052 41492168
27 0 140165669 5862051 901610346 5862052 41776015
28 0 139220038 5862051 902825342 5862052 42045380
29 0 138279223 5862051 904043245 5862052 42322468
30 0 137358926 5862051 905245148 5862052 42604074
31 0 136409239 5862051 906462422 5862052 42871661
32 0 135460127 5862051 907687603 5862052 43147730
33 0 134491627 5862051 908941913 5862052 43433540
34 0 133503589 5862051 910198390 5862052 43701979
35 0 132560533 5862051 911415256 5862052 43975789
36 0 131627088 5862051 912633381 5862052 44260469
37 0 130670012 5862051 913858470 5862052 44528482
38 0 129741289 5862051 915064262 5862052 44805551
39 0 128864879 5862051 916284221 5862052 45149100
40 0 127944378 5862051 917484180 5862052 45428558
41 0 127013599 5862051 918697917 5862052 45711516
42 0 126069487 5862051 919910672 5862052 45980159
43 0 125077765 5862051 921177556 5862052 46255321
44 0 124133745 5862051 922398496 5862052 46532241
45 0 123176967 5862051 923653565 5862052 46830532
46 0 122241873 5862051 924864191 5862052 47106064
47 0 121298391 5862051 926082409 5862052 47380800
48 0 120356704 5862051 927290220 5862052 47646924
49 0 119419926 5862051 928499975 5862052 47919901
50 0 118458740 5862051 929725526 5862052 48184266
51 0 117486295 5862051 930983003 5862052 48469298
52 0 116542479 5862051 932209147 5862052 48751626
53 0 115603108 5862051 933414883 5862052 49017991
54 0 114664255 5862051 934626065 5862052 49290320
55 0 113721088 5862051 935855134 5862052 49576222
56 0 112786401 5862051 937058260 5862052 49844661
57 0 111873659 5862051 938308163 5862052 50181822
58 0 110944121 5862051 939517418 5862052 50461539
59 0 109872641 5862051 940860004 5862052 50732645
60 0 108897566 5862051 942105148 5862052 51002714
61 0 107960250 5862051 943315273 5862052 51275523
62 0 106996916 5862051 944542806 5862052 51539722
63 0 106050508 5862051 945767191 5862052 51817699
64 0 105119562 5862051 946971798 5862052 52091360
1 0 178907652 5862068 628031057 5862068 806938709
2 0 177317200 5862068 629923855 5862068 807241055
3 0 176191332 5862068 631330125 5862068 807521457
4 0 174986966 5862068 632820912 5862068 807807878
5 0 173575863 5862068 634508436 5862068 808084299
6 0 172254091 5862068 636151035 5862068 808405126
7 0 170883431 5862068 637806153 5862068 808689584
8 0 169493068 5862068 639478918 5862068 808971986
9 0 168037206 5862068 641210997 5862068 809248203
10 0 166777803 5862068 642879355 5862068 809657158
11 0 165382682 5862068 644549675 5862068 809932357
12 0 164085502 5862068 646193052 5862068 810278554
13 0 162718435 5862068 647835040 5862068 810553475
14 0 161328294 5862068 649511935 5862068 810840229
15 0 159240129 5862068 651868465 5862068 811108594
16 0 157868099 5862068 653514083 5862068 811382182
17 0 156520810 5862068 655129293 5862068 811650103
18 0 155202853 5862068 656734578 5862068 811937431
19 0 153857619 5862068 658376825 5862068 812234444
20 0 152543902 5862068 659966796 5862068 812510698
21 0 150947524 5862068 661829243 5862068 812776767
22 0 149589624 5862068 663460916 5862068 813050540
23 0 148262538 5862068 665074219 5862068 813336757
24 0 146914711 5862068 666690263 5862068 813604974
25 0 145610457 5862068 668280567 5862068 813891024
26 0 144264352 5862068 669901259 5862068 814165611
27 0 142784621 5862068 671647634 5862068 814432255
28 0 141448608 5862068 673257086 5862068 814705694
29 0 140115689 5862068 674863759 5862068 814979448
30 0 138797917 5862068 676448026 5862068 815245943
31 0 137488516 5862068 678057644 5862068 815546160
32 0 136154466 5862068 679667059 5862068 815821525
33 0 134692086 5862068 681394990 5862068 816087076
34 0 133347722 5862068 683012126 5862068 816359848
35 0 132023636 5862068 684600837 5862068 816624473
36 0 130692660 5862068 686204567 5862068 816897227
37 0 129354834 5862068 687819944 5862068 817174778
38 0 128027433 5862068 689410544 5862068 817437977
39 0 126703401 5862068 691086476 5862068 817789877
40 0 125380796 5862068 692689872 5862068 818070668
41 0 124071673 5862068 694274935 5862068 818346608
42 0 122760493 5862068 695873146 5862068 818633639
43 0 121460166 5862068 697469135 5862068 818929301
44 0 120119672 5862068 699076216 5862068 819195888
45 0 118680662 5862068 700794147 5862068 819474809
46 0 117344946 5862068 702394710 5862068 819739656
47 0 116042285 5862068 703995680 5862068 820037965
48 0 114718272 5862068 705604317 5862068 820322589
49 0 113405483 5862068 707188361 5862068 820593844
50 0 112065656 5862068 708801572 5862068 820867228
51 0 110323910 5862068 711361210 5862068 821685120
52 0 108949084 5862068 713003679 5862068 821952763
53 0 107618312 5862068 714614631 5862068 822232943
54 0 106312670 5862068 716190027 5862068 822502697
55 0 104982528 5862068 717800812 5862068 822783340
56 0 103674164 5862068 719383838 5862068 823058002
57 0 102217672 5862068 721117954 5862068 823335626
58 0 100886215 5862068 722716295 5862068 823602510
59 0 99583017 5862068 724292340 5862068 823875357
60 0 98260560 5862068 725891069 5862068 824151629
61 0 96944566 5862068 727477706 5862068 824422272
62 0 95627406 5862068 729067454 5862068 824694860
63 0 93092916 5862068 731881365 5862068 824974281
64 0 91821643 5862068 733417059 5862068 825238702
