1 0 25683780 5696089 37671208 5696089 63354988
2 0 24159883 5696089 39529525 5696089 63689408
3 0 23362804 5696089 40686578 5696089 64049382
4 0 22728835 5696089 41645652 5696089 64374487
5 0 21914091 5696089 42810464 5696089 64724555
6 0 21037292 5696089 44025312 5696089 65062604
7 0 20120940 5696089 45270288 5696089 65391228
8 0 19299491 5696089 46479692 5696089 65779183
1 0 14466138 5696097 202989106 5696097 217455244
2 0 13307714 5696097 204320619 5696097 217628333
3 0 12789391 5696097 205025291 5696097 217814682
4 0 12321751 5696097 205658520 5696097 217980271
5 0 11867908 5696097 206285045 5696097 218152953
6 0 11424602 5696097 206900959 5696097 218325561
7 0 10962166 5696097 207531503 5696097 218493669
8 0 10553414 5696097 208144677 5696097 218698091
1 0 20331268 5696105 337352583 5696105 357683851
2 0 18748428 5696105 339191659 5696105 357940087
3 0 17945443 5696105 340268287 5696105 358213730
4 0 17229882 5696105 341229899 5696105 358459781
5 0 16561747 5696105 342155604 5696105 358717351
6 0 15908240 5696105 343065476 5696105 358973716
7 0 15222753 5696105 344001421 5696105 359224174
8 0 14615468 5696105 344911312 5696105 359526780
1 0 27663817 5696113 222274399 5696113 249938216
2 0 25849333 5696113 224612707 5696113 250462040
3 0 24920016 5696113 225900202 5696113 250820218
4 0 24022385 5696113 227124438 5696113 251146823
5 0 23130069 5696113 228356211 5696113 251486280
6 0 22248418 5696113 229577226 5696113 251825644
7 0 21233123 5696113 230924663 5696113 252157786
8 0 20399693 5696113 232149826 5696113 252549519
1 0 26487988 5696121 341744671 5696121 368232659
2 0 24526024 5696121 344038184 5696121 368564208
3 0 23606096 5696121 345313346 5696121 368919442
4 0 22717817 5696121 346521897 5696121 369239714
5 0 21841555 5696121 347732819 5696121 369574374
6 0 20973164 5696121 348933889 5696121 369907053
7 0 20060107 5696121 350233124 5696121 370293231
8 0 19211530 5696121 351471527 5696121 370683057
1 0 20309010 5696129 517556763 5696129 537865773
2 0 18787335 5696129 519336878 5696129 538124213
3 0 17977979 5696129 520414043 5696129 538392022
4 0 17280770 5696129 521353433 5696129 538634203
5 0 16614171 5696129 522274694 5696129 538888865
6 0 15965314 5696129 523182417 5696129 539147731
7 0 15261586 5696129 524126418 5696129 539388004
8 0 14650004 5696129 525034531 5696129 539684535
1 0 28149845 5696137 351832617 5696137 379982462
2 0 26263603 5696137 354155629 5696137 380419232
3 0 25341101 5696137 355442439 5696137 380783540
4 0 24444691 5696137 356665583 5696137 381110274
5 0 23557745 5696137 357891671 5696137 381449416
6 0 22684725 5696137 359103407 5696137 381788132
7 0 21713188 5696137 360406142 5696137 382119330
8 0 20867185 5696137 361645193 5696137 382512378
1 0 14352214 5696145 542900794 5696145 557253008
2 0 13219846 5696145 544204381 5696145 557424227
3 0 12702522 5696145 544906072 5696145 557608594
4 0 12229216 5696145 545542060 5696145 557771276
5 0 11777965 5696145 546162845 5696145 557940810
6 0 11337752 5696145 546773481 5696145 558111233
7 0 10876816 5696145 547400136 5696145 558276952
8 0 10470805 5696145 548008588 5696145 558479393
1 0 22929294 5696153 692203474 5696153 715132768
2 0 20851833 5696153 694540300 5696153 715392133
3 0 19824390 5696153 695834961 5696153 715659351
4 0 18856352 5696153 697051494 5696153 715907846
5 0 17884685 5696153 698276119 5696153 716160804
6 0 16932721 5696153 699483764 5696153 716416485
7 0 15747354 5696153 700914663 5696153 716662017
8 0 14816020 5696153 702140658 5696153 716956678
1 0 25672113 5696161 847621742 5696161 873293855
2 0 24188345 5696161 849446393 5696161 873634738
3 0 23450229 5696161 850550298 5696161 874000527
4 0 22824388 5696161 851506040 5696161 874330428
5 0 22042144 5696161 852630278 5696161 874672422
6 0 21154735 5696161 853860755 5696161 875015490
7 0 20235734 5696161 855113231 5696161 875348965
8 0 19415101 5696161 856327153 5696161 875742254
1 0 20321140 5696169 727189954 5696169 747511094
2 0 18776187 5696169 728988124 5696169 747764311
3 0 18072978 5696169 729963717 5696169 748036695
4 0 17246845 5696169 731035605 5696169 748282450
5 0 16568061 5696169 731969476 5696169 748537537
6 0 15905221 5696169 732883978 5696169 748789199
7 0 15214679 5696169 733823405 5696169 749038084
8 0 14596395 5696169 734738776 5696169 749335171
1 0 20422489 5696177 957664470 5696177 978086959
2 0 18892221 5696177 959455974 5696177 978348195
3 0 18069534 5696177 960548379 5696177 978617913
4 0 17369898 5696177 961494269 5696177 978864167
5 0 16701503 5696177 962421159 5696177 979122662
6 0 16042701 5696177 963336327 5696177 979379028
7 0 15355380 5696177 964273051 5696177 979628431
8 0 14734836 5696177 965190608 5696177 979925444
1 0 27434173 5696186 132561912 5696186 159996085
2 0 25602577 5696186 134846870 5696186 160449447
3 0 24672243 5696186 136129179 5696186 160801422
4 0 23788797 5696186 137335008 5696186 161123805
5 0 22913331 5696186 138543875 5696186 161457206
6 0 22052958 5696186 139739575 5696186 161792533
7 0 20956850 5696186 141160974 5696186 162117824
8 0 20134309 5696186 142368748 5696186 162503057
1 0 20305843 5696194 47499706 5696194 67805549
2 0 18768001 5696194 49290876 5696194 68058877
3 0 17970369 5696194 50363837 5696194 68334206
4 0 17257308 5696194 51321745 5696194 68579053
5 0 16590487 5696194 52244043 5696194 68834530
6 0 15923703 5696194 53165063 5696194 69088766
7 0 15243049 5696194 54094953 5696194 69338002
8 0 14633245 5696194 54999640 5696194 69632885
1 0 22695610 5696201 952684114 5696201 975379724
2 0 20559133 5696201 955074530 5696201 975633663
3 0 19537302 5696201 956369801 5696201 975907103
4 0 18561746 5696201 957595203 5696201 976156949
5 0 17593562 5696201 958820160 5696201 976413722
6 0 16555342 5696201 960114931 5696201 976670273
7 0 15503788 5696201 961415980 5696201 976919768
8 0 14656860 5696201 962560828 5696201 977217688
1 0 26313650 5696209 907448555 5696209 933762205
2 0 24861697 5696209 909236687 5696209 934098384
3 0 24118248 5696209 910342369 5696209 934460617
4 0 23481447 5696209 911305757 5696209 934787204
5 0 22752645 5696209 912373533 5696209 935126178
6 0 21877238 5696209 913588138 5696209 935465376
7 0 20967459 5696209 914828521 5696209 935795980
8 0 20147753 5696209 916034979 5696209 936182732
1 0 20963774 5696218 47758053 5696218 68721827
2 0 19403305 5696218 49572091 5696218 68975396
3 0 18542691 5696218 50704088 5696218 69246779
4 0 17855409 5696218 51636347 5696218 69491756
5 0 17187626 5696218 52558088 5696218 69745714
6 0 16557120 5696218 53469681 5696218 70026801
7 0 15905262 5696218 54395478 5696218 70300740
8 0 15295830 5696218 55301571 5696218 70597401
1 0 20373712 5696225 937050710 5696225 957424422
2 0 18843408 5696225 938834249 5696225 957677657
3 0 18140255 5696225 939809304 5696225 957949559
4 0 17331438 5696225 940866635 5696225 958198073
5 0 16646970 5696225 941807598 5696225 958454568
6 0 15990408 5696225 942718340 5696225 958708748
7 0 15305866 5696225 943650840 5696225 958956706
8 0 14692768 5696225 944556618 5696225 959249386
1 0 27379185 5696234 101263395 5696234 128642580
2 0 25387484 5696234 103589275 5696234 128976759
3 0 24464335 5696234 104872398 5696234 129336733
4 0 23570575 5696234 106090430 5696234 129661005
5 0 22689389 5696234 107310239 5696234 129999628
6 0 21878516 5696234 108516993 5696234 130395509
7 0 20982441 5696234 109743562 5696234 130726003
8 0 20063107 5696234 111049795 5696234 131112902
1 0 20940035 5696242 87648852 5696242 108588887
2 0 19336603 5696242 89507816 5696242 108844419
3 0 18513064 5696242 90604961 5696242 109118025
4 0 17818836 5696242 91545332 5696242 109364168
5 0 17151682 5696242 92481573 5696242 109633255
6 0 16481918 5696242 93407277 5696242 109889195
7 0 15848634 5696242 94349555 5696242 110198189
8 0 15225702 5696242 95274870 5696242 110500572
1 0 21026181 5696250 197204054 5696250 218230235
2 0 19484415 5696250 199000223 5696250 218484638
3 0 18775484 5696250 199980352 5696250 218755836
4 0 17948797 5696250 201053516 5696250 219002313
5 0 17270755 5696250 201985442 5696250 219256197
6 0 16612693 5696250 202897980 5696250 219510673
7 0 15928466 5696250 203830628 5696250 219759094
8 0 15445254 5696250 204740073 5696250 220185327
1 0 26306152 5696258 327506062 5696258 353812214
2 0 24843144 5696258 329300934 5696258 354144078
3 0 24104806 5696258 330396376 5696258 354501182
4 0 23469392 5696258 331359246 5696258 354828638
5 0 22725685 5696258 332440595 5696258 355166280
6 0 21845758 5696258 333655756 5696258 355501514
7 0 20947220 5696258 334885584 5696258 355832804
8 0 20129199 5696258 336088912 5696258 356218111
1 0 20339954 5696266 417849654 5696266 438189608
2 0 18799003 5696266 419645045 5696266 438444048
3 0 17996945 5696266 420734468 5696266 438731413
4 0 17300476 5696266 421675635 5696266 438976111
5 0 16627138 5696266 422605061 5696266 439232199
6 0 15968669 5696266 423517173 5696266 439485842
7 0 15280442 5696266 424455266 5696266 439735708
8 0 14702990 5696266 425369063 5696266 440072053
1 0 20703966 5696274 557269774 5696274 577973740
2 0 19164736 5696274 559062813 5696274 578227549
3 0 18380770 5696274 560116422 5696274 578497192
4 0 17647526 5696274 561093773 5696274 578741299
5 0 16971965 5696274 562025255 5696274 578997220
6 0 16312774 5696274 562938941 5696274 579251715
7 0 15631621 5696274 563868163 5696274 579499784
8 0 15017688 5696274 564776701 5696274 579794389
1 0 28143210 5696282 741614816 5696282 769758026
2 0 26277913 5696282 743941530 5696282 770219443
3 0 25364708 5696282 745230857 5696282 770595565
4 0 24470059 5696282 746453555 5696282 770923614
5 0 23580633 5696282 747686012 5696282 771266645
6 0 22697705 5696282 748909470 5696282 771607175
7 0 21714206 5696282 750220963 5696282 771935169
8 0 20855890 5696282 751469401 5696282 772325291
1 0 26523057 5696290 872560960 5696290 899084017
2 0 24537984 5696290 874879526 5696290 899417510
3 0 23623410 5696290 876153816 5696290 899777226
4 0 22901461 5696290 877372496 5696290 900273957
5 0 22054607 5696290 878590787 5696290 900645394
6 0 21191328 5696290 879790245 5696290 900981573
7 0 20189310 5696290 881114127 5696290 901303437
8 0 19363437 5696290 882329677 5696290 901693114
1 0 26759460 5696298 782208864 5696298 808968324
2 0 24781924 5696298 784532838 5696298 809314762
3 0 23844850 5696298 785825238 5696298 809670088
4 0 22953237 5696298 787042826 5696298 809996063
5 0 22176568 5696298 788267894 5696298 810444462
6 0 21297918 5696298 789487500 5696298 810785418
7 0 20289401 5696298 790830622 5696298 811120023
8 0 19439750 5696298 792070913 5696298 811510663
1 0 26679628 5696306 912487853 5696306 939167481
2 0 24674704 5696306 914827326 5696306 939502030
3 0 23746833 5696306 916118023 5696306 939864856
4 0 22921757 5696306 917335925 5696306 940257682
5 0 22037108 5696306 918564438 5696306 940601546
6 0 21170513 5696306 919769174 5696306 940939687
7 0 20172052 5696306 921098796 5696306 941270848
8 0 19347438 5696306 922315754 5696306 941663192
1 0 27370911 5696314 841529518 5696314 868900429
2 0 25397209 5696314 843833751 5696314 869230960
3 0 24480986 5696314 845107115 5696314 869588101
4 0 23604058 5696314 846309629 5696314 869913687
5 0 22799964 5696314 847526512 5696314 870326476
6 0 21927017 5696314 848737563 5696314 870664580
7 0 21027664 5696314 849968317 5696314 870995981
8 0 20113515 5696314 851270273 5696314 871383788
1 0 27276784 5696322 741142452 5696322 768419236
2 0 25254878 5696322 743498610 5696322 768753488
3 0 24334601 5696322 744782492 5696322 769117093
4 0 23437340 5696322 746003672 5696322 769441012
5 0 22561357 5696322 747214649 5696322 769776006
6 0 21748409 5696322 748420607 5696322 770169016
7 0 20864946 5696322 749650064 5696322 770515010
8 0 19964149 5696322 750942557 5696322 770906706
