1 0 31298113 5696330 637321925 5696330 668620038
2 0 29773217 5696330 639109186 5696330 668882403
3 0 28949530 5696330 640175017 5696330 669124547
4 0 28237117 5696330 641145054 5696330 669382171
5 0 27544353 5696330 642092017 5696330 669636370
6 0 26901513 5696330 643006148 5696330 669907661
7 0 26324581 5696330 643930481 5696330 670255062
8 0 25685426 5696330 644834964 5696330 670520390
9 0 25038624 5696330 645736983 5696330 670775607
10 0 24374118 5696330 646643262 5696330 671017380
11 0 23714353 5696330 647555189 5696330 671269542
12 0 23044218 5696330 648474523 5696330 671518741
13 0 22400102 5696330 649370227 5696330 671770329
14 0 21699559 5696330 650316061 5696330 672015620
15 0 20969611 5696330 651296375 5696330 672265986
16 0 20328864 5696330 652202339 5696330 672531203
1 0 43212882 5696339 419315624 5696339 462528506
2 0 41109386 5696339 421776668 5696339 462886054
3 0 40139312 5696339 423081995 5696339 463221307
4 0 39256126 5696339 424310730 5696339 463566856
5 0 38332866 5696339 425577483 5696339 463910349
6 0 37469790 5696339 426795404 5696339 464265194
7 0 36564567 5696339 428034565 5696339 464599132
8 0 35703139 5696339 429249171 5696339 464952310
9 0 34757954 5696339 430533257 5696339 465291211
10 0 33850305 5696339 431767048 5696339 465617353
11 0 32986322 5696339 432977895 5696339 465964217
12 0 32072765 5696339 434223612 5696339 466296377
13 0 31212448 5696339 435423070 5696339 466635518
14 0 30329688 5696339 436631972 5696339 466961660
15 0 29389762 5696339 437918188 5696339 467307950
16 0 28517464 5696339 439133442 5696339 467650906
1 0 41778466 5696348 292210951 5696348 333989417
2 0 39850985 5696348 294499518 5696348 334350503
3 0 38879596 5696348 295800493 5696348 334680089
4 0 38001188 5696348 297025265 5696348 335026453
5 0 37087946 5696348 298279759 5696348 335367705
6 0 36234333 5696348 299494347 5696348 335728680
7 0 35225037 5696348 300829951 5696348 336054988
8 0 34353814 5696348 302053093 5696348 336406907
9 0 33504923 5696348 303258051 5696348 336762974
10 0 32620014 5696348 304475898 5696348 337095912
11 0 31746587 5696348 305688689 5696348 337435276
12 0 30830604 5696348 306938147 5696348 337768751
13 0 29966010 5696348 308141068 5696348 338107078
14 0 29093046 5696348 309347081 5696348 338440127
15 0 27947012 5696348 310832386 5696348 338779398
16 0 27066548 5696348 312050881 5696348 339117429
1 0 43557005 5696357 131525772 5696357 175082777
2 0 41630580 5696357 133809857 5696357 175440437
3 0 40672969 5696357 135091962 5696357 175764931
4 0 39795005 5696357 136309697 5696357 176104702
5 0 38882633 5696357 137562210 5696357 176444843
6 0 38032168 5696357 138771946 5696357 176804114
7 0 37076669 5696357 140051606 5696357 177128275
8 0 36165316 5696357 141317304 5696357 177482620
9 0 35306758 5696357 142514651 5696357 177821409
10 0 34425739 5696357 143727627 5696357 178153366
11 0 33560256 5696357 144930048 5696357 178490304
12 0 32657218 5696357 146167487 5696357 178824705
13 0 31801493 5696357 147360890 5696357 179162383
14 0 30928640 5696357 148564292 5696357 179492932
15 0 29989306 5696357 149840175 5696357 179829481
16 0 29117008 5696357 151118854 5696357 180235862
1 0 31918010 5696366 197886541 5696366 229804551
2 0 30494074 5696366 199633489 5696366 230127563
3 0 29684794 5696366 200707412 5696366 230392206
4 0 29012270 5696366 201637598 5696366 230649868
5 0 28316802 5696366 202590024 5696366 230906826
6 0 27677870 5696366 203499025 5696366 231176895
7 0 27001661 5696366 204420229 5696366 231421890
8 0 26360469 5696366 205325934 5696366 231686403
9 0 25719297 5696366 206220787 5696366 231940084
10 0 25064032 5696366 207122936 5696366 232186968
11 0 24420581 5696366 208018937 5696366 232439518
12 0 23745132 5696366 208942530 5696366 232687662
13 0 23103588 5696366 209835439 5696366 232939027
14 0 22388621 5696366 210797568 5696366 233186189
15 0 21673783 5696366 211764346 5696366 233438129
16 0 21025981 5696366 212672254 5696366 233698235
1 0 33116858 5696375 207416791 5696375 240533649
2 0 31600924 5696375 209200571 5696375 240801495
3 0 30760403 5696375 210288495 5696375 241048898
4 0 30050343 5696375 211256161 5696375 241306504
5 0 29354375 5696375 212209828 5696375 241564203
6 0 28711869 5696375 213125736 5696375 241837605
7 0 28025141 5696375 214054607 5696375 242079748
8 0 27381006 5696375 214964978 5696375 242345984
9 0 26737926 5696375 215863090 5696375 242601016
10 0 26076050 5696375 216773887 5696375 242849937
11 0 25430859 5696375 217676277 5696375 243107136
12 0 24747131 5696375 218609648 5696375 243356779
13 0 24097921 5696375 219511742 5696375 243609663
14 0 23373342 5696375 220486075 5696375 243859417
15 0 22648079 5696375 221464426 5696375 244112505
16 0 21998796 5696375 222369408 5696375 244368204
1 0 42780671 5696384 291952666 5696384 334733337
2 0 40862930 5696384 294219826 5696384 335082756
3 0 39914523 5696384 295492523 5696384 335407046
4 0 39036836 5696384 296711685 5696384 335748521
5 0 38130298 5696384 297957290 5696384 336087588
6 0 37276129 5696384 299167119 5696384 336443248
7 0 36308110 5696384 300456335 5696384 336764445
8 0 35426832 5696384 301684977 5696384 337111809
9 0 34577996 5696384 302874917 5696384 337452913
10 0 33702791 5696384 304079227 5696384 337782018
11 0 32843289 5696384 305274704 5696384 338117993
12 0 31941121 5696384 306506588 5696384 338447709
13 0 31086398 5696384 307696842 5696384 338783240
14 0 30221229 5696384 308888671 5696384 339109900
15 0 29232396 5696384 310213238 5696384 339445634
16 0 28340987 5696384 311439307 5696384 339780294
1 0 42403512 5696393 112364979 5696393 154768491
2 0 40450605 5696393 114677471 5696393 155128076
3 0 39479105 5696393 115977891 5696393 155456996
4 0 38599178 5696393 117202756 5696393 155801934
5 0 37682251 5696393 118461028 5696393 156143279
6 0 36818064 5696393 119684634 5696393 156502698
7 0 35774991 5696393 121055626 5696393 156830617
8 0 34905287 5696393 122278787 5696393 157184074
9 0 34037378 5696393 123489430 5696393 157526808
10 0 33167709 5696393 124693000 5696393 157860709
11 0 32304263 5696393 125897198 5696393 158201461
12 0 31385521 5696393 127151526 5696393 158537047
13 0 30522316 5696393 128351947 5696393 158874263
14 0 29650148 5696393 129555257 5696393 159205405
15 0 28598927 5696393 130944730 5696393 159543657
16 0 27731258 5696393 132167781 5696393 159899039
1 0 40051169 5696401 967603652 5696402 7654821
2 0 38652326 5696401 969355729 5696402 8008055
3 0 37895729 5696401 970436542 5696402 8332271
4 0 37295834 5696401 971375986 5696402 8671820
5 0 36540496 5696401 972467465 5696402 9007961
6 0 35688586 5696401 973673905 5696402 9362491
7 0 34788012 5696401 974895233 5696402 9683245
8 0 33991712 5696401 976089340 5696402 10081052
9 0 33162154 5696401 977271965 5696402 10434119
10 0 32298449 5696401 978464571 5696402 10763020
11 0 31448132 5696401 979651752 5696402 11099884
12 0 30477521 5696401 980956708 5696402 11434229
13 0 29617963 5696401 982154611 5696402 11772574
14 0 28752684 5696401 983345958 5696402 12098642
15 0 27830201 5696401 984604990 5696402 12435191
16 0 26969422 5696401 985800818 5696402 12770240
1 0 31631591 5696411 57351245 5696411 88982836
2 0 30149972 5696411 59094063 5696411 89244035
3 0 29335006 5696411 60150894 5696411 89485900
4 0 28633779 5696411 61105042 5696411 89738821
5 0 27950515 5696411 62044135 5696411 89994650
6 0 27376119 5696411 62953895 5696411 90330014
7 0 26701465 5696411 63871470 5696411 90572935
8 0 26071458 5696411 64766416 5696411 90837874
9 0 25432841 5696411 65657658 5696411 91090499
10 0 24780391 5696411 66556603 5696411 91336994
11 0 24135903 5696411 67454642 5696411 91590545
12 0 23463657 5696411 68375235 5696411 91838892
13 0 22823688 5696411 69267736 5696411 92091424
14 0 22140386 5696411 70197718 5696411 92338104
15 0 21412863 5696411 71175551 5696411 92588414
16 0 20759358 5696411 72081811 5696411 92841169
1 0 31917938 5696419 907555398 5696419 939473336
2 0 30430059 5696419 909308179 5696419 939738238
3 0 29599797 5696419 910386251 5696419 939986048
4 0 29010087 5696419 911343806 5696419 940353893
5 0 28318748 5696419 912292547 5696419 940611295
6 0 27663521 5696419 913211677 5696419 940875198
7 0 26976922 5696419 914143104 5696419 941120026
8 0 26330897 5696419 915053494 5696419 941384391
9 0 25690095 5696419 915951921 5696419 941642016
10 0 25029182 5696419 916864033 5696419 941893215
11 0 24380362 5696419 917768200 5696419 942148562
12 0 23699060 5696419 918698553 5696419 942397613
13 0 23055647 5696419 919599387 5696419 942655034
14 0 22324438 5696419 920578924 5696419 942903362
15 0 21599341 5696419 921559127 5696419 943158468
16 0 20942650 5696419 922470924 5696419 943413574
1 0 31674369 5696428 967959554 5696428 999633923
2 0 30161417 5696428 969747315 5696428 999908732
3 0 29403172 5696428 970836405 5696429 239577
4 0 28724389 5696428 971777054 5696429 501443
5 0 28030421 5696428 972732554 5696429 762975
6 0 27382581 5696428 973655703 5696429 1038284
7 0 26691095 5696428 974592981 5696429 1284076
8 0 26043071 5696428 975511648 5696429 1554719
9 0 25396620 5696428 976415575 5696429 1812195
10 0 24731058 5696428 977331780 5696429 2062838
11 0 24081646 5696428 978239410 5696429 2321056
12 0 23393177 5696428 979180837 5696429 2574014
13 0 22634489 5696428 980196761 5696429 2831250
14 0 21943946 5696428 981136762 5696429 3080708
15 0 21228348 5696428 982109873 5696429 3338221
16 0 20568362 5696428 983025114 5696429 3593476
1 0 37266576 5696438 27295281 5696438 64561857
2 0 35862621 5696438 29051785 5696438 64914406
3 0 35134561 5696438 30103894 5696438 65238455
4 0 34520241 5696438 31056449 5696438 65576690
5 0 33925251 5696438 31992191 5696438 65917442
6 0 33374780 5696438 32896544 5696438 66271324
7 0 32773329 5696438 33817322 5696438 66590651
8 0 32221081 5696438 34718897 5696438 66939978
9 0 31666036 5696438 35608417 5696438 67274453
10 0 31090177 5696438 36512066 5696438 67602243
11 0 30525706 5696438 37410827 5696438 67936533
12 0 29929718 5696438 38336605 5696438 68266323
13 0 29364359 5696438 39234106 5696438 68598465
14 0 28714148 5696438 40209273 5696438 68923421
15 0 28056050 5696438 41202531 5696438 69258581
16 0 27399174 5696438 42193605 5696438 69592779
1 0 33157026 5696447 87757649 5696447 120914675
2 0 31670536 5696447 89512874 5696447 121183410
3 0 30822664 5696447 90608982 5696447 121431646
4 0 30138843 5696447 91552057 5696447 121690900
5 0 29445135 5696447 92504594 5696447 121949729
6 0 28795258 5696447 93424521 5696447 122219779
7 0 28110031 5696447 94354447 5696447 122464478
8 0 27468988 5696447 95265929 5696447 122734917
9 0 26824556 5696447 96165708 5696447 122990264
10 0 26166902 5696447 97074246 5696447 123241148
11 0 25513674 5696447 97981784 5696447 123495458
12 0 24791984 5696447 98955988 5696447 123747972
13 0 24137756 5696447 99866859 5696447 124004615
14 0 23412752 5696447 100841340 5696447 124254092
15 0 22693914 5696447 101816062 5696447 124509976
16 0 22033611 5696447 102731730 5696447 124765341
1 0 33108879 5696456 147276490 5696456 180385369
2 0 31625963 5696456 149038419 5696456 180664382
3 0 30809535 5696456 150101065 5696456 180910600
4 0 30099752 5696456 151070417 5696456 181170169
5 0 29404376 5696456 152024917 5696456 181429293
6 0 28762315 5696456 152942695 5696456 181705010
7 0 28076236 5696456 153873881 5696456 181950117
8 0 27434303 5696456 154783475 5696456 182217778
9 0 26788168 5696456 155684457 5696456 182472625
10 0 26127292 5696456 156594736 5696456 182722028
11 0 25477693 5696456 157501274 5696456 182978967
12 0 24795706 5696456 158434478 5696456 183230184
13 0 24149590 5696456 159335127 5696456 183484717
14 0 23382660 5696456 160349663 5696456 183732323
15 0 22645970 5696456 161341292 5696456 183987262
16 0 21988501 5696456 162254145 5696456 184242646
1 0 42802007 5696465 228834175 5696465 271636182
2 0 40701622 5696465 231285905 5696465 271987527
3 0 39741529 5696465 232571584 5696465 272313113
4 0 38869046 5696465 233782431 5696465 272651477
5 0 37959323 5696465 235027240 5696465 272986563
6 0 37109154 5696465 236231699 5696465 273340853
7 0 36212653 5696465 237447786 5696465 273660439
8 0 35362966 5696465 238646189 5696465 274009155
9 0 34512427 5696465 239830703 5696465 274343130
10 0 33555686 5696465 241113882 5696465 274669568
11 0 32691647 5696465 242309618 5696465 275001265
12 0 31785275 5696465 243544169 5696465 275329444
13 0 30930699 5696465 244732535 5696465 275663234
14 0 30065919 5696465 245920549 5696465 275986468
15 0 29153085 5696465 247185117 5696465 276338202
16 0 28293102 5696465 248378964 5696465 276672066
1 0 31973753 5696474 297554024 5696474 329527777
2 0 30489689 5696474 299305583 5696474 329795272
3 0 29780926 5696474 300375080 5696474 330156006
4 0 29101365 5696474 301327784 5696474 330429149
5 0 28413637 5696474 302274562 5696474 330688199
6 0 27764483 5696474 303193322 5696474 330957805
7 0 27079625 5696474 304125101 5696474 331204726
8 0 26437360 5696474 305036546 5696474 331473906
9 0 25787688 5696474 305943306 5696474 331730994
10 0 25126052 5696474 306856104 5696474 331982156
11 0 24475047 5696474 307764419 5696474 332239466
12 0 23793782 5696474 308697457 5696474 332491239
13 0 23146424 5696474 309602143 5696474 332748567
14 0 22418086 5696474 310580532 5696474 332998618
15 0 21703766 5696474 311551976 5696474 333255742
16 0 21043131 5696474 312470495 5696474 333513626
1 0 31298507 5696483 367504375 5696483 398802882
2 0 29821092 5696483 369247989 5696483 399069081
3 0 29011293 5696483 370302950 5696483 399314243
4 0 28323009 5696483 371247173 5696483 399570182
5 0 27638189 5696483 372188488 5696483 399826677
6 0 27050016 5696483 373096822 5696483 400146838
7 0 26378177 5696483 374017045 5696483 400395222
8 0 25747170 5696483 374915306 5696483 400662476
9 0 25104719 5696483 375810641 5696483 400915360
10 0 24447417 5696483 376717401 5696483 401164818
11 0 23805041 5696483 377613828 5696483 401418869
12 0 23128387 5696483 378539755 5696483 401668142
13 0 22488936 5696483 379432182 5696483 401921118
14 0 21774136 5696483 380392330 5696483 402166466
15 0 21062298 5696483 381356515 5696483 402418813
16 0 20414495 5696483 382258646 5696483 402673141
1 0 41373647 5696492 407165463 5696492 448539110
2 0 39951637 5696492 408946096 5696492 448897733
3 0 39308538 5696492 409916003 5696492 449224541
4 0 38588386 5696492 410975982 5696492 449564368
5 0 37953509 5696492 411948371 5696492 449901880
6 0 37131506 5696492 413197625 5696492 450329131
7 0 36220413 5696492 414432582 5696492 450652995
8 0 35361910 5696492 415639967 5696492 451001877
9 0 34510279 5696492 416833018 5696492 451343297
10 0 33638388 5696492 418035717 5696492 451674105
11 0 32780757 5696492 419232175 5696492 452012932
12 0 31803664 5696492 420545076 5696492 452348740
13 0 30937163 5696492 421749052 5696492 452686215
14 0 30074828 5696492 422939122 5696492 453013950
15 0 29141679 5696492 424208098 5696492 453349777
16 0 28286714 5696492 425402556 5696492 453689270
1 0 43497921 5696501 242262053 5696501 285759974
2 0 41608383 5696501 244546287 5696501 286154670
3 0 40647143 5696501 245837428 5696501 286484571
4 0 39771752 5696501 247058479 5696501 286830231
5 0 38963582 5696501 248316640 5696501 287280222
6 0 38111247 5696501 249534709 5696501 287645956
7 0 37044361 5696501 250928015 5696501 287972376
8 0 36164766 5696501 252160918 5696501 288325684
9 0 35306023 5696501 253362506 5696501 288668529
10 0 34427041 5696501 254575704 5696501 289002745
11 0 33563131 5696501 255781237 5696501 289344368
12 0 32655019 5696501 257024565 5696501 289679584
13 0 31832887 5696501 258229041 5696501 290061928
14 0 30995976 5696501 259433315 5696501 290429291
15 0 29971793 5696501 260797733 5696501 290769526
16 0 29091440 5696501 262020172 5696501 291111612
1 0 41016062 5696510 67869213 5696510 108885275
2 0 39606719 5696510 69629290 5696510 109236009
3 0 38757735 5696510 70801379 5696510 109559114
4 0 38166080 5696510 71732009 5696510 109898089
5 0 37352485 5696510 73061020 5696510 110413505
6 0 36495779 5696510 74274256 5696510 110770035
7 0 35589629 5696510 75499418 5696510 111089047
8 0 34742479 5696510 76695413 5696510 111437892
9 0 33892088 5696510 77881372 5696510 111773460
10 0 33005531 5696510 79093904 5696510 112099435
11 0 32079827 5696510 80354250 5696510 112434077
12 0 31149474 5696510 81615004 5696510 112764478
13 0 30286898 5696510 82810092 5696510 113096990
14 0 29418266 5696510 83997662 5696510 113415928
15 0 28490674 5696510 85265785 5696510 113756459
16 0 27620857 5696510 86467225 5696510 114088082
1 0 31767277 5696518 887458153 5696518 919225430
2 0 30292287 5696518 889198157 5696518 919490444
3 0 29469859 5696518 890264506 5696518 919734365
4 0 28762484 5696518 891224747 5696518 919987231
5 0 28177161 5696518 892175377 5696518 920352538
6 0 27528119 5696518 893089359 5696518 920617478
7 0 26844057 5696518 894015323 5696518 920859380
8 0 26205440 5696518 894920232 5696518 921125672
9 0 25563693 5696518 895814418 5696518 921378111
10 0 24902206 5696518 896723956 5696518 921626162
11 0 24255496 5696518 897623198 5696518 921878694
12 0 23576361 5696518 898551310 5696518 922127671
13 0 22930762 5696518 899447200 5696518 922377962
14 0 22208869 5696518 900415496 5696518 922624365
15 0 21484716 5696518 901390644 5696518 922875360
16 0 20825988 5696518 902298960 5696518 923124948
1 0 31310675 5696527 967617687 5696527 998928362
2 0 29828389 5696527 969363302 5696527 999191691
3 0 28962461 5696527 970473058 5696527 999435519
4 0 28274327 5696527 971421706 5696527 999696033
5 0 27587192 5696527 972366984 5696527 999954176
6 0 27084516 5696527 973275430 5696528 359946
7 0 26402548 5696527 974200301 5696528 602849
8 0 25765912 5696527 975102024 5696528 867936
9 0 25117183 5696527 976004896 5696528 1122079
10 0 24451048 5696527 976911156 5696528 1362204
11 0 23809986 5696527 977804176 5696528 1614162
12 0 23133037 5696527 978730695 5696528 1863732
13 0 22490067 5696527 979630197 5696528 2120264
14 0 21770044 5696527 980589234 5696528 2359278
15 0 21051039 5696527 981563289 5696528 2614328
16 0 20404385 5696527 982462290 5696528 2866675
1 0 41504479 5696536 751470901 5696536 792975380
2 0 39582442 5696536 753744968 5696536 793327410
3 0 38625053 5696536 755031462 5696536 793656515
4 0 37745089 5696536 756253401 5696536 793998490
5 0 36829551 5696536 757508081 5696536 794337632
6 0 35970234 5696536 758724335 5696536 794694569
7 0 35063456 5696536 759958774 5696536 795022230
8 0 34052215 5696536 761326211 5696536 795378426
9 0 33181288 5696536 762535410 5696536 795716698
10 0 32305601 5696536 763739498 5696536 796045099
11 0 31431433 5696536 764951993 5696536 796383426
12 0 30512987 5696536 766202136 5696536 796715123
13 0 29643282 5696536 767408131 5696536 797051413
14 0 28772946 5696536 768606423 5696536 797379369
15 0 27833335 5696536 769885306 5696536 797718641
16 0 26881576 5696536 771172336 5696536 798053912
1 0 31766500 5696545 827335716 5696545 859102216
2 0 30281732 5696545 829086127 5696545 859367859
3 0 29472119 5696545 830139421 5696545 859611540
4 0 28770910 5696545 831096940 5696545 859867850
5 0 28194014 5696545 832045051 5696545 860239065
6 0 27559562 5696545 832956534 5696545 860516096
7 0 26877817 5696545 833880701 5696545 860758518
8 0 26237069 5696545 834788832 5696545 861025901
9 0 25597008 5696545 835683833 5696545 861280841
10 0 24939558 5696545 836590149 5696545 861529707
11 0 24292033 5696545 837493354 5696545 861785387
12 0 23614509 5696545 838421595 5696545 862036104
13 0 22971928 5696545 839317671 5696545 862289599
14 0 22270553 5696545 840266282 5696545 862536835
15 0 21540160 5696545 841251411 5696545 862791571
16 0 20884524 5696545 842161820 5696545 863046344
1 0 35157546 5696554 672521295 5696554 707678841
2 0 33115364 5696554 674833935 5696554 707949299
3 0 32075365 5696554 676120670 5696554 708196035
4 0 31116272 5696554 677340054 5696554 708456326
5 0 30124218 5696554 678594659 5696554 708718877
6 0 29171643 5696554 679813729 5696554 708985372
7 0 27851946 5696554 681377513 5696554 709229459
8 0 26874114 5696554 682620989 5696554 709495103
9 0 26204348 5696554 683548157 5696554 709752505
10 0 25601915 5696554 684461991 5696554 710063906
11 0 24984723 5696554 685367937 5696554 710352660
12 0 24296571 5696554 686308844 5696554 710605415
13 0 23641416 5696554 687219938 5696554 710861354
14 0 22991280 5696554 688122217 5696554 711113497
15 0 22280257 5696554 689089254 5696554 711369511
16 0 21569197 5696554 690058698 5696554 711627895
1 0 31931998 5696563 527372550 5696563 559304548
2 0 30445563 5696563 529124924 5696563 559570487
3 0 29631838 5696563 530182774 5696563 559814612
4 0 28981647 5696563 531137089 5696563 560118736
5 0 28304475 5696563 532090682 5696563 560395157
6 0 27654228 5696563 533007979 5696563 560662207
7 0 26964871 5696563 533939591 5696563 560904462
8 0 26313976 5696563 534856221 5696563 561170197
9 0 25662321 5696563 535764982 5696563 561427303
10 0 24995149 5696563 536674057 5696563 561669206
11 0 24342921 5696563 537577817 5696563 561920738
12 0 23662304 5696563 538508170 5696563 562170474
13 0 23019502 5696563 539410245 5696563 562429747
14 0 22303868 5696563 540368245 5696563 562672113
15 0 21571437 5696563 541352893 5696563 562924330
16 0 20916450 5696563 542264190 5696563 563180640
1 0 41672959 5696572 612634483 5696572 654307442
2 0 39754977 5696572 614908995 5696572 654663972
3 0 38794903 5696572 616195785 5696572 654990688
4 0 37915753 5696572 617413669 5696572 655329422
5 0 37000900 5696572 618672682 5696572 655673582
6 0 36147139 5696572 619884492 5696572 656031631
7 0 35094271 5696572 621264780 5696572 656359051
8 0 34232454 5696572 622479090 5696572 656711544
9 0 33375655 5696572 623680586 5696572 657056241
10 0 32489042 5696572 624898433 5696572 657387475
11 0 31620634 5696572 626104002 5696572 657724636
12 0 30719299 5696572 627339738 5696572 658059037
13 0 29856463 5696572 628540215 5696572 658396678
14 0 28977944 5696572 629748117 5696572 658726061
15 0 27919315 5696572 631141776 5696572 659061091
16 0 27036462 5696572 632361993 5696572 659398455
1 0 35030957 5696581 442563496 5696581 477594453
2 0 33015292 5696581 444850563 5696581 477865855
3 0 31977720 5696581 446134501 5696581 478112221
4 0 31015090 5696581 447353552 5696581 478368642
5 0 30018238 5696581 448606343 5696581 478624581
6 0 29077461 5696581 449816208 5696581 478893669
7 0 27865521 5696581 451271495 5696581 479137016
8 0 26955038 5696581 452450102 5696581 479405140
9 0 26208367 5696581 453451657 5696581 479660024
10 0 25542139 5696581 454366362 5696581 479908501
11 0 24947095 5696581 455273252 5696581 480220347
12 0 24266516 5696581 456207437 5696581 480473953
13 0 23617639 5696581 457111920 5696581 480729559
14 0 22965688 5696581 458011107 5696581 480976795
15 0 22254851 5696581 458978569 5696581 481233420
16 0 21603696 5696581 459885682 5696581 481489378
1 0 31845167 5696590 487494019 5696590 519339186
2 0 30352343 5696590 489251356 5696590 519603699
3 0 29537803 5696590 490308910 5696590 519846713
4 0 28892224 5696590 491264002 5696590 520156226
5 0 28204385 5696590 492219021 5696590 520423406
6 0 27554878 5696590 493132578 5696590 520687456
7 0 26873651 5696590 494058004 5696590 520931655
8 0 26229996 5696590 494966728 5696590 521196724
9 0 25588991 5696590 495868136 5696590 521457127
10 0 24919873 5696590 496780156 5696590 521700029
11 0 24275460 5696590 497679176 5696590 521954636
12 0 23594214 5696590 498610621 5696590 522204835
13 0 22950153 5696590 499513640 5696590 522463793
14 0 22225999 5696590 500480474 5696590 522706473
15 0 21501476 5696590 501457640 5696590 522959116
16 0 20846674 5696590 502369993 5696590 523216667
