1 0 20737633 5572166 211888761 5572166 232626394
2 0 18927777 5572166 214328401 5572166 233256178
3 0 17798373 5572166 216023147 5572166 233821520
4 0 17313918 5572166 217710264 5572166 235024182
1 0 16026128 5572173 794612661 5572173 810638789
2 0 14733263 5572173 796350258 5572173 811083521
3 0 13918519 5572173 797578976 5572173 811497495
4 0 13127293 5572173 798790546 5572173 811917839
1 0 15746355 5572181 357030903 5572181 372777258
2 0 14364806 5572181 358879128 5572181 373243934
3 0 13432584 5572181 360249250 5572181 373681834
4 0 12546304 5572181 361564707 5572181 374111011
1 0 20598839 5572188 942346719 5572188 962945558
2 0 18743558 5572188 944790452 5572188 963534010
3 0 17632060 5572188 946480902 5572188 964112962
4 0 16570469 5572188 948157241 5572188 964727710
1 0 19506211 5572196 487414323 5572196 506920534
2 0 18268345 5572196 489272881 5572196 507541226
3 0 17353974 5572196 490754372 5572196 508108346
4 0 16579895 5572196 492126791 5572196 508706686
1 0 11167940 5572204 32494817 5572204 43662757
2 0 10117719 5572204 33843699 5572204 43961418
3 0 9485157 5572204 34766108 5572204 44251265
4 0 8943241 5572204 35645888 5572204 44589129
1 0 19299529 5572211 647188812 5572211 666488341
2 0 18042682 5572211 649034889 5572211 667077571
3 0 17239865 5572211 650433103 5572211 667672968
4 0 16484434 5572211 651738746 5572211 668223180
1 0 15853816 5572219 167819948 5572219 183673764
2 0 14439213 5572219 169679469 5572219 184118682
3 0 13492212 5572219 171115479 5572219 184607691
4 0 13095238 5572219 172410177 5572219 185505415
1 0 20442471 5572226 970481965 5572226 990924436
2 0 18599209 5572226 972906123 5572226 991505332
3 0 17521415 5572226 974576351 5572226 992097766
4 0 16420268 5572226 976241524 5572226 992661792
1 0 21206253 5572234 832281715 5572234 853487968
2 0 19421879 5572234 834670819 5572234 854092698
3 0 18320678 5572234 836350139 5572234 854670817
4 0 17203198 5572234 838028719 5572234 855231917
1 0 15831706 5572242 367232087 5572242 383063793
2 0 14441528 5572242 369117274 5572242 383558802
3 0 13521137 5572242 370496156 5572242 384017293
4 0 12655801 5572242 371793725 5572242 384449526
1 0 16350122 5572249 957600077 5572249 973950199
2 0 14951851 5572249 959459783 5572249 974411634
3 0 13890056 5572249 960958811 5572249 974848867
4 0 13028498 5572249 962243565 5572249 975272063
1 0 20027164 5572257 547189379 5572257 567216543
2 0 18719040 5572257 549089399 5572257 567808439
3 0 18497230 5572257 550501706 5572257 568998936
4 0 17761299 5572257 551803034 5572257 569564333
1 0 18266975 5572265 421912892 5572265 440179867
2 0 16317437 5572265 424338588 5572265 440656025
3 0 15114941 5572265 426030834 5572265 441145775
4 0 13951851 5572265 427716562 5572265 441668413
1 0 20100403 5572273 257436248 5572273 277536651
2 0 18818650 5572273 259316638 5572273 278135288
3 0 18585191 5572273 260748334 5572273 279333525
4 0 17778021 5572273 262109401 5572273 279887422
1 0 20632079 5572281 81892625 5572281 102524704
2 0 18803891 5572281 84303691 5572281 103107582
3 0 17756799 5572281 85986771 5572281 103743570
4 0 16643079 5572281 87667758 5572281 104310837
1 0 20588209 5572288 638599431 5572288 659187640
2 0 18591653 5572288 641165754 5572288 659757407
3 0 17624709 5572288 642855574 5572288 660480283
4 0 16558488 5572288 644519987 5572288 661078475
1 0 19421731 5572296 227389178 5572296 246810909
2 0 18139699 5572296 229264754 5572296 247404453
3 0 17306308 5572296 230697579 5572296 248003887
4 0 16537970 5572296 232019258 5572296 248557228
1 0 15794428 5572304 47501268 5572304 63295696
2 0 14374918 5572304 49367548 5572304 63742466
3 0 13431102 5572304 50769522 5572304 64200624
4 0 12568377 5572304 52065554 5572304 64633931
1 0 15900371 5572311 626766657 5572311 642667028
2 0 14523840 5572311 628609864 5572311 643133704
3 0 13700134 5572311 629873618 5572311 643573752
4 0 12693116 5572311 631298628 5572311 643991744
1 0 15689227 5572319 197093713 5572319 212782940
2 0 14303937 5572319 198917772 5572319 213221709
3 0 13407158 5572319 200282561 5572319 213689719
4 0 12516304 5572319 201608740 5572319 214125044
1 0 16156496 5572326 997198993 5572327 13355489
2 0 14772096 5572326 999048607 5572327 13820703
3 0 14326696 5572327 431526 5572327 14758222
4 0 13455453 5572327 1729854 5572327 15185307
1 0 15634394 5572334 847642652 5572334 863277046
2 0 14244827 5572334 849474396 5572334 863719223
3 0 13330363 5572334 850842574 5572334 864172937
4 0 12946500 5572334 852108884 5572334 865055384
1 0 20555821 5572342 651417625 5572342 671973446
2 0 18784650 5572342 653803581 5572342 672588231
3 0 17672986 5572342 655480253 5572342 673153239
4 0 16580191 5572342 657152611 5572342 673732802
1 0 15669468 5572350 217169751 5572350 232839219
2 0 14278216 5572350 219004050 5572350 233282266
3 0 13383695 5572350 220355414 5572350 233739109
4 0 13101294 5572350 221648130 5572350 234749424
1 0 15813779 5572358 67644838 5572358 83458617
2 0 14391232 5572358 69533043 5572358 83924275
3 0 13404676 5572358 70954202 5572358 84358878
4 0 12659246 5572358 72244400 5572358 84903646
1 0 18052534 5572365 661901583 5572365 679954117
2 0 16169273 5572365 664292242 5572365 680461515
3 0 14949074 5572365 665964414 5572365 680913488
4 0 13703633 5572365 667627569 5572365 681331202
1 0 15679800 5572373 467302010 5572373 482981810
2 0 14283086 5572373 469140179 5572373 483423265
3 0 13385158 5572373 470524839 5572373 483909997
4 0 12989129 5572373 471817314 5572373 484806443
1 0 18523952 5572381 42228875 5572381 60752827
2 0 16582562 5572381 44644145 5572381 61226707
3 0 15337752 5572381 46333262 5572381 61671014
4 0 14563618 5572381 48013490 5572381 62577108
1 0 15577006 5572388 627323923 5572388 642900929
2 0 14198884 5572388 629139019 5572388 643337903
3 0 13315345 5572388 630495808 5572388 643811153
4 0 12546396 5572388 631777414 5572388 644323810
