1 0 25901073 5572396 461812052 5572396 487713125
2 0 23895074 5572396 464243729 5572396 488138803
3 0 22613209 5572396 465944697 5572396 488557906
4 0 21361399 5572396 467615999 5572396 488977398
5 0 20035035 5572396 469348967 5572396 489384002
6 0 18602154 5572396 471202284 5572396 489804438
7 0 17442472 5572396 472822365 5572396 490264837
8 0 16610450 5572396 474082879 5572396 490693329
1 0 29617245 5572404 647398924 5572404 677016169
2 0 28336936 5572404 649238797 5572404 677575733
3 0 27465489 5572404 650663530 5572404 678129019
4 0 26718021 5572404 651962969 5572404 678680990
5 0 25497469 5572404 653724344 5572404 679221813
6 0 24386991 5572404 655390516 5572404 679777507
7 0 23419639 5572404 657035689 5572404 680455328
8 0 22308696 5572404 658685159 5572404 680993855
1 0 22967610 5572413 37359438 5572413 60327048
2 0 21548099 5572413 39213348 5572413 60761447
3 0 20580098 5572413 40614267 5572413 61194365
4 0 19709467 5572413 41900502 5572413 61609969
5 0 18807465 5572413 43210274 5572413 62017739
6 0 17969184 5572413 44470399 5572413 62439583
7 0 17139904 5572413 45710153 5572413 62850057
8 0 16300215 5572413 46965908 5572413 63266123
1 0 22790391 5572421 217241104 5572421 240031495
2 0 21378880 5572421 219105921 5572421 240484801
3 0 20401935 5572421 220501118 5572421 240903053
4 0 19535896 5572421 221786501 5572421 241322397
5 0 18633913 5572421 223100717 5572421 241734630
6 0 17802187 5572421 224356435 5572421 242158622
7 0 16971499 5572421 225597560 5572421 242569059
8 0 16153070 5572421 226848351 5572421 243001421
1 0 29914369 5572429 652336336 5572429 682250705
2 0 28064163 5572429 654748031 5572429 682812194
3 0 26915629 5572429 656453777 5572429 683369406
4 0 25796797 5572429 658109284 5572429 683906081
5 0 24629431 5572429 659832029 5572429 684461460
6 0 23432119 5572429 661590960 5572429 685023079
7 0 22330547 5572429 663240392 5572429 685570939
8 0 21216698 5572429 664890639 5572429 686107337
1 0 15603691 5572437 792581092 5572437 808184783
2 0 14677172 5572437 793803310 5572437 808480482
3 0 14135718 5572437 794634962 5572437 808770680
4 0 13604099 5572437 795452483 5572437 809056582
5 0 13029702 5572437 796307949 5572437 809337651
6 0 12500027 5572437 797126952 5572437 809626979
7 0 12145237 5572437 797934789 5572437 810080026
8 0 11643024 5572437 798746700 5572437 810389724
1 0 23469397 5572446 247099260 5572446 270568657
2 0 22047738 5572446 248946726 5572446 270994464
3 0 21070127 5572446 250344477 5572446 271414604
4 0 20197846 5572446 251635213 5572446 271833059
5 0 19284067 5572446 252956762 5572446 272240829
6 0 18459749 5572446 254206350 5572446 272666099
7 0 17633838 5572446 255444957 5572446 273078795
8 0 16794002 5572446 256689952 5572446 273483954
1 0 22764335 5572454 677128866 5572454 699893201
2 0 21406565 5572454 678979183 5572454 700385748
3 0 20442657 5572454 680368250 5572454 700810907
4 0 19557191 5572454 681675911 5572454 701233102
5 0 18652597 5572454 682992183 5572454 701644780
6 0 17834594 5572454 684247844 5572454 702082438
7 0 17013313 5572454 685484340 5572454 702497653
8 0 16173588 5572454 686728354 5572454 702901942
1 0 23258827 5572463 137269171 5572463 160527998
2 0 21820353 5572463 139134285 5572463 160954638
3 0 20845798 5572463 140527814 5572463 161373612
4 0 19974313 5572463 141814735 5572463 161789048
5 0 19072367 5572463 143124044 5572463 162196411
6 0 18239346 5572463 144377409 5572463 162616755
7 0 17413157 5572463 145612257 5572463 163025414
8 0 16585210 5572463 146855456 5572463 163440666
1 0 23552376 5572471 337067638 5572471 360620014
2 0 22135662 5572471 338909307 5572471 361044969
3 0 21147310 5572471 340318818 5572471 361466128
4 0 20296234 5572471 341639645 5572471 361935879
5 0 19408102 5572471 342959750 5572471 362367852
6 0 18575358 5572471 344220097 5572471 362795455
7 0 17750985 5572471 345462444 5572471 363213429
8 0 16915907 5572471 346707403 5572471 363623310
1 0 30447786 5572479 501077252 5572479 531525038
2 0 28615986 5572479 503466356 5572479 532082342
3 0 27472229 5572479 505167584 5572479 532639813
4 0 26372898 5572479 506819238 5572479 533192136
5 0 25186513 5572479 508545743 5572479 533732256
6 0 24016794 5572479 510273618 5572479 534290412
7 0 22891907 5572479 511941921 5572479 534833828
8 0 21777243 5572479 513590445 5572479 535367688
1 0 30189216 5572487 672055571 5572487 702244787
2 0 28346268 5572487 674462045 5572487 702808313
3 0 27198586 5572487 676173661 5572487 703372247
4 0 26081404 5572487 677849148 5572487 703930552
5 0 24889814 5572487 679587857 5572487 704477671
6 0 23583505 5572487 681455063 5572487 705038568
7 0 22477507 5572487 683118810 5572487 705596317
8 0 21377658 5572487 684780112 5572487 706157770
1 0 22629171 5572495 877299623 5572495 899928794
2 0 21302234 5572495 879139644 5572495 900441878
3 0 20276512 5572495 880582895 5572495 900859407
4 0 19419471 5572495 881853261 5572495 901272732
5 0 18524822 5572495 883154421 5572495 901679243
6 0 17690726 5572495 884404861 5572495 902095587
7 0 16874297 5572495 885631375 5572495 902505672
8 0 16057424 5572495 886863352 5572495 902920776
1 0 23136792 5572504 27239779 5572504 50376571
2 0 21741743 5572504 29077412 5572504 50819155
3 0 20769447 5572504 30469738 5572504 51239185
4 0 19913166 5572504 31752751 5572504 51665917
5 0 19013646 5572504 33054301 5572504 52067947
6 0 18189976 5572504 34301500 5572504 52491476
7 0 17376750 5572504 35536551 5572504 52913301
8 0 16549729 5572504 36774935 5572504 53324664
1 0 29977757 5572512 451985229 5572512 481962986
2 0 28122699 5572512 454395536 5572512 482518235
3 0 26967573 5572512 456104967 5572512 483072540
4 0 25859352 5572512 457764233 5572512 483623585
5 0 24673837 5572512 459488997 5572512 484162834
6 0 23447915 5572512 461272575 5572512 484720490
7 0 22347603 5572512 462916748 5572512 485264351
8 0 21231623 5572512 464564625 5572512 485796248
1 0 23482359 5572520 877558146 5572520 901040505
2 0 22040700 5572520 879424593 5572520 901465293
3 0 21027609 5572520 880858010 5572520 901885619
4 0 20167180 5572520 882137709 5572520 902304889
5 0 19259920 5572520 883456869 5572520 902716789
6 0 18425676 5572520 884713809 5572520 903139485
7 0 17589172 5572520 885966749 5572520 903555921
8 0 16741855 5572520 887219855 5572520 903961710
1 0 30862240 5572529 81807923 5572529 112670163
2 0 29026237 5572529 84206138 5572529 113232375
3 0 27871388 5572529 85916495 5572529 113787883
4 0 26761928 5572529 87579204 5572529 114341132
5 0 25578968 5572529 89308413 5572529 114887381
6 0 24382324 5572529 91064251 5572529 115446575
7 0 23280715 5572529 92712053 5572529 115992768
8 0 22182569 5572529 94365004 5572529 116547573
1 0 24007128 5572537 517316637 5572537 541323765
2 0 22568580 5572537 519174899 5572537 541743479
3 0 21581635 5572537 520576836 5572537 542158471
4 0 20714818 5572537 521857479 5572537 542572297
5 0 19813872 5572537 523162473 5572537 542976345
6 0 18981239 5572537 524413746 5572537 543394985
7 0 18148607 5572537 525656778 5572537 543805385
8 0 17315622 5572537 526904700 5572537 544220322
1 0 23577913 5572546 2234378 5572546 25812291
2 0 22007831 5572546 4233174 5572546 26241005
3 0 21130533 5572546 5534242 5572546 26664775
4 0 20290697 5572546 6793459 5572546 27084156
5 0 19388231 5572546 8108176 5572546 27496407
6 0 18556043 5572546 9365912 5572546 27921955
7 0 17647394 5572546 10691368 5572546 28338762
8 0 16787058 5572546 11972993 5572546 28760051
1 0 30176142 5572554 441816814 5572554 471992956
2 0 28322695 5572554 444233325 5572554 472556020
3 0 27159605 5572554 445952552 5572554 473112157
4 0 26035330 5572554 447628706 5572554 473664036
5 0 24815909 5572554 449389932 5572554 474205841
6 0 23623134 5572554 451146770 5572554 474769904
7 0 22519989 5572554 452805035 5572554 475325024
8 0 21397880 5572554 454466893 5572554 475864773
1 0 30251493 5572562 612349091 5572562 642600584
2 0 28385102 5572562 614782731 5572562 643167833
3 0 27216549 5572562 616506736 5572562 643723285
4 0 26098403 5572562 618180668 5572562 644279071
5 0 24898833 5572562 619924969 5572562 644823802
6 0 23691355 5572562 621697140 5572562 645388495
7 0 22578450 5572562 623368257 5572562 645946707
8 0 21450508 5572562 625037800 5572562 646488308
1 0 22666264 5572571 76956415 5572571 99622679
2 0 21317418 5572571 78802288 5572571 100119706
3 0 20379936 5572571 80178670 5572571 100558606
4 0 19506748 5572571 81470035 5572571 100976783
5 0 18606302 5572571 82776455 5572571 101382757
6 0 17778354 5572571 84024747 5572571 101803101
7 0 16960110 5572571 85250631 5572571 102210741
8 0 16143755 5572571 86487127 5572571 102630882
1 0 22982535 5572579 557745420 5572579 580727955
2 0 21525840 5572579 559626829 5572579 581152669
3 0 20550155 5572579 561037525 5572579 581587680
4 0 19683207 5572579 562322150 5572579 582005357
5 0 18767484 5572579 563645903 5572579 582413387
6 0 17929444 5572579 564908268 5572579 582837712
7 0 17096071 5572579 566155467 5572579 583251538
8 0 16258938 5572579 567414592 5572579 583673530
1 0 30086459 5572587 688640881 5572587 718727340
2 0 28134457 5572587 691153946 5572587 719288403
3 0 26989350 5572587 692852358 5572587 719841708
4 0 25967424 5572587 694502920 5572587 720470344
5 0 24806149 5572587 696224518 5572587 721030667
6 0 23710670 5572587 697875487 5572587 721586157
7 0 22622301 5572587 699511475 5572587 722133776
8 0 21303659 5572587 701368163 5572587 722671822
1 0 23073590 5572596 97347617 5572596 120421207
2 0 21655931 5572596 99196842 5572596 120852773
3 0 20640949 5572596 100638186 5572596 121279135
4 0 19763688 5572596 101939328 5572596 121703016
5 0 18840705 5572596 103274507 5572596 122115212
6 0 18001794 5572596 104543521 5572596 122545315
7 0 17163495 5572596 105799868 5572596 122963363
8 0 16471600 5572596 107060826 5572596 123532426
1 0 23519692 5572604 547210588 5572604 570730280
2 0 22086385 5572604 549067017 5572604 571153402
3 0 21086977 5572604 550486750 5572604 571573727
4 0 20193957 5572604 551781448 5572604 571975405
5 0 19290381 5572604 553105442 5572604 572395823
6 0 18449656 5572604 554366474 5572604 572816130
7 0 17627524 5572604 555600636 5572604 573228160
8 0 16783151 5572604 556850631 5572604 573633782
1 0 23370176 5572612 707159918 5572612 730530094
2 0 21927258 5572612 709025587 5572612 730952845
3 0 20974165 5572612 710398839 5572612 731373004
4 0 20101515 5572612 711689519 5572612 731791034
5 0 19196884 5572612 713004772 5572612 732201656
6 0 18363695 5572612 714260860 5572612 732624555
7 0 17532322 5572612 715505448 5572612 733037770
8 0 16689374 5572612 716751962 5572612 733441336
1 0 22718522 5572621 157185683 5572621 179904205
2 0 21355844 5572621 159022593 5572621 180378437
3 0 20387491 5572621 160411086 5572621 180798577
4 0 19493211 5572621 161705692 5572621 181198903
5 0 18600672 5572621 163014686 5572621 181615358
6 0 17769076 5572621 164269311 5572621 182038387
7 0 16950221 5572621 165500714 5572621 182450935
8 0 16113829 5572621 166739265 5572621 182853094
1 0 23624746 5572629 597378076 5572629 621002822
2 0 22214475 5572629 599214450 5572629 621428925
3 0 21204347 5572629 600648404 5572629 621852751
4 0 20331992 5572629 601941973 5572629 622273965
5 0 19426972 5572629 603258911 5572629 622685883
6 0 18589358 5572629 604521573 5572629 623110931
7 0 17762948 5572629 605761846 5572629 623524794
8 0 16937259 5572629 607007249 5572629 623944508
1 0 22830038 5572638 27112498 5572638 49942536
2 0 21470452 5572638 28969038 5572638 50439490
3 0 20477119 5572638 30378289 5572638 50855408
4 0 19602709 5572638 31668358 5572638 51271067
5 0 18698560 5572638 32979222 5572638 51677782
6 0 17868297 5572638 34229236 5572638 52097533
7 0 17046886 5572638 35464380 5572638 52511266
8 0 16213994 5572638 36698357 5572638 52912351
