1 0 36506358 5572646 197552931 5572646 234059289
2 0 35093013 5572646 199415915 5572646 234508928
3 0 34045625 5572646 200882536 5572646 234928161
4 0 33194011 5572646 202151494 5572646 235345505
5 0 32344824 5572646 203407396 5572646 235752220
6 0 31521598 5572646 204644781 5572646 236166379
7 0 30688318 5572646 205892109 5572646 236580427
8 0 29883611 5572646 207136067 5572646 237019678
9 0 29068478 5572646 208364600 5572646 237433078
10 0 28241234 5572646 209607503 5572646 237848737
11 0 27349862 5572646 210903238 5572646 238253100
12 0 26511859 5572646 212152733 5572646 238664592
13 0 25693374 5572646 213388525 5572646 239081899
14 0 24817501 5572646 214668835 5572646 239486336
15 0 23969425 5572646 215925700 5572646 239895125
16 0 23185309 5572646 217186899 5572646 240372208
1 0 36576560 5572655 837484981 5572655 874061541
2 0 35159660 5572655 839334132 5572655 874493792
3 0 34105903 5572655 840805752 5572655 874911655
4 0 33249641 5572655 842066988 5572655 875316629
5 0 32416971 5572655 843315724 5572655 875732695
6 0 31600578 5572655 844542961 5572655 876143539
7 0 30750798 5572655 845791456 5572655 876542254
8 0 29956128 5572655 847031729 5572655 876987857
9 0 29134143 5572655 848263688 5572655 877397831
10 0 28309288 5572655 849499350 5572655 877808638
11 0 27384157 5572655 850823381 5572655 878207538
12 0 26539877 5572655 852072913 5572655 878612790
13 0 25729095 5572655 853313612 5572655 879042707
14 0 24859575 5572655 854585792 5572655 879445367
15 0 23989146 5572655 855861991 5572655 879851137
16 0 23216920 5572655 857124467 5572655 880341387
1 0 49031976 5572665 252364979 5572665 301396955
2 0 47200937 5572665 254810081 5572665 302011018
3 0 45989181 5572665 256580678 5572665 302569859
4 0 44871091 5572665 258235851 5572665 303106942
5 0 43760167 5572665 259907746 5572665 303667913
6 0 42519690 5572665 261700694 5572665 304220384
7 0 41389507 5572665 263368200 5572665 304757707
8 0 40346416 5572665 265019336 5572665 305365752
9 0 39248455 5572665 266666657 5572665 305915112
10 0 38137476 5572665 268327237 5572665 306464713
11 0 37047829 5572665 269958948 5572665 307006777
12 0 35864703 5572665 271690563 5572665 307555266
13 0 34764686 5572665 273349940 5572665 308114626
14 0 33018422 5572665 275631898 5572665 308650320
15 0 31893610 5572665 277300385 5572665 309193995
16 0 30777872 5572665 278960021 5572665 309737893
1 0 36457118 5572674 917361489 5572674 953818607
2 0 35038441 5572674 919199270 5572674 954237711
3 0 33945239 5572674 920717371 5572674 954662610
4 0 33102699 5572674 921977644 5572674 955080343
5 0 32260881 5572674 923227751 5572674 955488632
6 0 31448526 5572674 924451746 5572674 955900272
7 0 30600005 5572674 925698908 5572674 956298913
8 0 29813760 5572674 926935237 5572674 956748997
9 0 28991886 5572674 928168492 5572674 957160378
10 0 28185402 5572674 929401728 5572674 957587130
11 0 27292085 5572674 930698352 5572674 957990437
12 0 26446304 5572674 931953218 5572674 958399522
13 0 25616690 5572674 933189269 5572674 958805959
14 0 24757318 5572674 934472189 5572674 959229507
15 0 23902222 5572674 935725462 5572674 959627684
16 0 23094125 5572674 936984569 5572674 960078694
1 0 36949016 5572684 587070672 5572684 624019688
2 0 35500766 5572684 588936841 5572684 624437607
3 0 34500913 5572684 590361889 5572684 624862802
4 0 33619504 5572684 591646272 5572684 625265776
5 0 32778019 5572684 592900916 5572684 625678935
6 0 31955590 5572684 594131930 5572684 626087520
7 0 31100403 5572684 595382147 5572684 626482550
8 0 30302381 5572684 596627309 5572684 626929690
9 0 29472710 5572684 597869768 5572684 627342478
10 0 28639375 5572684 599113707 5572684 627753082
11 0 27722966 5572684 600433442 5572684 628156408
12 0 26858240 5572684 601703993 5572684 628562233
13 0 26030349 5572684 602941562 5572684 628971911
14 0 24686726 5572684 604694252 5572684 629380978
15 0 23839705 5572684 605946728 5572684 629786433
16 0 23050922 5572684 607197113 5572684 630248035
1 0 36471525 5572693 987475478 5572694 23947003
2 0 35045848 5572693 989330166 5572694 24376014
3 0 34032737 5572693 990755917 5572694 24788654
4 0 33178197 5572693 992013857 5572694 25192054
5 0 32336047 5572693 993273611 5572694 25609658
6 0 31513081 5572693 994507236 5572694 26020317
7 0 30671744 5572693 995748399 5572694 26420143
8 0 29887796 5572693 996979431 5572694 26867227
9 0 29067848 5572693 998207631 5572694 27275479
10 0 28231845 5572693 999450052 5572694 27681897
11 0 27241326 5572694 840526 5572694 28081852
12 0 26392212 5572694 2097225 5572694 28489437
13 0 25573154 5572694 3330220 5572694 28903374
14 0 24701040 5572694 4602475 5572694 29303515
15 0 23855519 5572694 5854248 5572694 29709767
16 0 23063830 5572694 7101261 5572694 30165091
1 0 48597670 5572703 402288165 5572703 450885835
2 0 46772592 5572703 404714213 5572703 451486805
3 0 45563485 5572703 406489069 5572703 452052554
4 0 44317583 5572703 408159167 5572703 452476750
5 0 42932682 5572703 409837377 5572703 452770059
6 0 41448692 5572703 411603677 5572703 453052369
7 0 40036107 5572703 413287090 5572703 453323197
8 0 38684836 5572703 414946633 5572703 453631469
9 0 37310750 5572703 416601566 5572703 453912316
10 0 35926609 5572703 418267572 5572703 454194181
11 0 34565153 5572703 419905245 5572703 454470398
12 0 33106829 5572703 421641749 5572703 454748578
13 0 31734169 5572703 423298700 5572703 455032869
14 0 30313065 5572703 424992817 5572703 455305882
15 0 28903555 5572703 426679600 5572703 455583155
16 0 27481507 5572703 428374791 5572703 455856298
1 0 50117604 5572713 41671081 5572713 91788685
2 0 48258547 5572713 44110887 5572713 92369434
3 0 47045569 5572713 45887558 5572713 92933127
4 0 45916590 5572713 47564045 5572713 93480635
5 0 44802185 5572713 49245088 5572713 94047273
6 0 43597189 5572713 51010111 5572713 94607300
7 0 42447025 5572713 52721320 5572713 95168345
8 0 41367286 5572713 54388511 5572713 95755797
9 0 40262769 5572713 56046721 5572713 96309490
10 0 39121235 5572713 57727782 5572713 96849017
11 0 38039199 5572713 59371548 5572713 97410747
12 0 36706595 5572713 61258179 5572713 97964774
13 0 35545672 5572713 62983277 5572713 98528949
14 0 34396638 5572713 64675949 5572713 99072587
15 0 33284491 5572713 66343474 5572713 99627965
16 0 32197234 5572713 68036757 5572713 100233991
1 0 46883072 5572722 407221204 5572722 454104276
2 0 45613244 5572722 409079910 5572722 454693154
3 0 44636688 5572722 410608586 5572722 455245274
4 0 43891646 5572722 411887932 5572722 455779578
5 0 42775963 5572722 413559438 5572722 456335401
6 0 41686095 5572722 415197611 5572722 456883706
7 0 40569671 5572722 416845636 5572722 457415307
8 0 39519913 5572722 418487828 5572722 458007741
9 0 38382249 5572722 420191870 5572722 458574119
10 0 37238881 5572722 421877802 5572722 459116683
11 0 36145438 5572722 423505531 5572722 459650969
12 0 35095699 5572722 425150667 5572722 460246366
13 0 34028552 5572722 426793025 5572722 460821577
14 0 32875536 5572722 428487457 5572722 461362993
15 0 31712855 5572722 430193480 5572722 461906335
16 0 30567542 5572722 431880912 5572722 462448454
1 0 36440970 5572731 817294092 5572731 853735062
2 0 35041422 5572731 819139743 5572731 854181165
3 0 34038681 5572731 820564124 5572731 854602805
4 0 33192401 5572731 821828934 5572731 855021335
5 0 32349601 5572731 823080022 5572731 855429623
6 0 31541191 5572731 824303628 5572731 855844819
7 0 30700429 5572731 825543994 5572731 856244423
8 0 29916147 5572731 826776619 5572731 856692766
9 0 29098477 5572731 828006485 5572731 857104962
10 0 28279844 5572731 829236685 5572731 857516529
11 0 27399212 5572731 830520846 5572731 857920058
12 0 26562320 5572731 831766064 5572731 858328384
13 0 25749076 5572731 832996041 5572731 858745117
14 0 24896129 5572731 834264110 5572731 859160239
15 0 24031645 5572731 835523605 5572731 859555250
16 0 23185754 5572731 836778526 5572731 859964280
1 0 39060125 5572741 212549682 5572741 251609807
2 0 37089773 5572741 214953174 5572741 252042947
3 0 35746076 5572741 216712808 5572741 252458884
4 0 34499247 5572741 218362111 5572741 252861358
5 0 33006127 5572741 220273390 5572741 253279517
6 0 31715873 5572741 221974266 5572741 253690139
7 0 30687447 5572741 223405573 5572741 254093020
8 0 29897240 5572741 224655920 5572741 254553160
9 0 29073570 5572741 225893119 5572741 254966689
10 0 28236512 5572741 227130040 5572741 255366552
11 0 27422989 5572741 228357018 5572741 255780007
12 0 26595727 5572741 229594995 5572741 256190722
13 0 25664152 5572741 230943470 5572741 256607622
14 0 24787743 5572741 232220242 5572741 257007985
15 0 23952184 5572741 233460904 5572741 257413088
16 0 23090256 5572741 234731510 5572741 257821766
1 0 37690743 5572750 571974106 5572750 609664849
2 0 36198382 5572750 573996291 5572750 610194673
3 0 35282047 5572750 575349729 5572750 610631776
4 0 34435526 5572750 576604946 5572750 611040472
5 0 33593245 5572750 577867534 5572750 611460779
6 0 32772224 5572750 579106751 5572750 611878975
7 0 31805779 5572750 580479207 5572750 612284986
8 0 30986312 5572750 581750832 5572750 612737144
9 0 30161864 5572750 582992772 5572750 613154636
10 0 29311788 5572750 584245193 5572750 613556981
11 0 28500506 5572750 585475763 5572750 613976269
12 0 27665485 5572750 586723628 5572750 614389113
13 0 26834075 5572750 587975068 5572750 614809143
14 0 25943647 5572750 589270303 5572750 615213950
15 0 25040368 5572750 590583908 5572750 615624276
16 0 24181772 5572750 591853959 5572750 616035731
1 0 48302008 5572759 969465638 5572760 17767646
2 0 46320287 5572759 972036756 5572760 18357043
3 0 45113531 5572759 973800705 5572760 18914236
4 0 43998607 5572759 975453693 5572760 19452300
5 0 42965089 5572759 977114310 5572760 20079399
6 0 41917164 5572759 978749576 5572760 20666740
7 0 40688317 5572759 980512210 5572760 21200527
8 0 39602152 5572759 982193641 5572760 21795793
9 0 38504617 5572759 983834389 5572760 22339006
10 0 37407804 5572759 985477043 5572760 22884847
11 0 36311065 5572759 987106254 5572760 23417319
12 0 35207252 5572759 988753742 5572760 23960994
13 0 34081996 5572759 990448895 5572760 24530891
14 0 32903406 5572759 992163641 5572760 25067047
15 0 31781335 5572759 993824795 5572760 25606130
16 0 30677707 5572759 995471894 5572760 26149601
1 0 36684076 5572769 57862384 5572769 94546460
2 0 35224363 5572769 59748978 5572769 94973341
3 0 34176401 5572769 61215099 5572769 95391500
4 0 33332602 5572769 62485575 5572769 95818177
5 0 32467692 5572769 63752422 5572769 96220114
6 0 31641189 5572769 64992936 5572769 96634125
7 0 30792556 5572769 66246302 5572769 97038858
8 0 29989424 5572769 67493278 5572769 97482702
9 0 29160346 5572769 68736070 5572769 97896416
10 0 28325140 5572769 69989269 5572769 98314409
11 0 27376121 5572769 71339725 5572769 98715846
12 0 26534858 5572769 72590091 5572769 99124949
13 0 25729040 5572769 73837531 5572769 99566571
14 0 24862667 5572769 75116526 5572769 99979193
15 0 24382453 5572769 76382817 5572769 100765270
16 0 23526692 5572769 77654293 5572769 101180985
1 0 37206419 5572778 457452988 5572778 494659407
2 0 35754205 5572778 459333749 5572778 495087954
3 0 34710798 5572778 460797741 5572778 495508539
4 0 33847851 5572778 462074495 5572778 495922346
5 0 32991089 5572778 463348175 5572778 496339264
6 0 32161994 5572778 464595244 5572778 496757238
7 0 31306510 5572778 465859202 5572778 497165712
8 0 30501840 5572778 467113271 5572778 497615111
9 0 29680003 5572778 468353804 5572778 498033807
10 0 28843963 5572778 469612095 5572778 498456058
11 0 27939647 5572778 470919015 5572778 498858662
12 0 27097255 5572778 472175881 5572778 499273136
13 0 26276789 5572778 473422617 5572778 499699406
14 0 24953054 5572778 475189436 5572778 500142490
15 0 24110162 5572778 476459764 5572778 500569926
16 0 23253105 5572778 477737925 5572778 500991030
1 0 36521061 5572787 887591191 5572787 924112252
2 0 35133884 5572787 889426212 5572787 924560096
3 0 34107661 5572787 890869130 5572787 924976791
4 0 33269233 5572787 892124366 5572787 925393599
5 0 32426730 5572787 893372713 5572787 925799443
6 0 31609986 5572787 894602412 5572787 926212398
7 0 30769853 5572787 895842704 5572787 926612557
8 0 29980942 5572787 897079014 5572787 927059956
9 0 29160791 5572787 898313065 5572787 927473856
10 0 28332862 5572787 899557190 5572787 927890052
11 0 27406564 5572787 900890314 5572787 928296878
12 0 26567580 5572787 902136531 5572787 928704111
13 0 25758391 5572787 903362601 5572787 929120992
14 0 24910759 5572787 904626596 5572787 929537355
15 0 24030367 5572787 905902758 5572787 929933125
16 0 23588931 5572787 907166271 5572787 930755202
1 0 37653132 5572797 507495752 5572797 545148884
2 0 36227159 5572797 509355273 5572797 545582432
3 0 35152753 5572797 510850245 5572797 546002998
4 0 34291344 5572797 512119443 5572797 546410787
5 0 33451785 5572797 513380438 5572797 546832223
6 0 32628689 5572797 514614860 5572797 547243549
7 0 31790094 5572797 515870244 5572797 547660338
8 0 30987331 5572797 517113258 5572797 548100589
9 0 30164957 5572797 518353457 5572797 548518414
10 0 29310251 5572797 519609693 5572797 548919944
11 0 28412564 5572797 520923409 5572797 549335973
12 0 27556376 5572797 522190478 5572797 549746854
13 0 26771779 5572797 523439048 5572797 550210827
14 0 25908148 5572797 524720357 5572797 550628505
15 0 25065367 5572797 525975500 5572797 551040867
16 0 24211809 5572797 527239458 5572797 551451267
1 0 36592430 5572807 117665143 5572807 154257573
2 0 35170383 5572807 119510793 5572807 154681176
3 0 34152161 5572807 120955822 5572807 155107983
4 0 33311584 5572807 122216132 5572807 155527716
5 0 32465674 5572807 123468442 5572807 155934116
6 0 31648559 5572807 124698549 5572807 156347108
7 0 30802131 5572807 125942433 5572807 156744564
8 0 30018978 5572807 127174003 5572807 157192981
9 0 29202530 5572807 128403647 5572807 157606177
10 0 28375120 5572807 129642272 5572807 158017392
11 0 27480488 5572807 130939470 5572807 158419958
12 0 26643449 5572807 132188465 5572807 158831914
13 0 25819982 5572807 133420757 5572807 159240739
14 0 24959573 5572807 134692881 5572807 159652454
15 0 24158680 5572807 135943154 5572807 160101834
16 0 23625264 5572807 137203001 5572807 160828265
1 0 36983849 5572816 477420323 5572816 514404172
2 0 35566671 5572816 479265178 5572816 514831849
3 0 34523710 5572816 480721984 5572816 515245694
4 0 33649059 5572816 481997720 5572816 515646779
5 0 32807186 5572816 483255844 5572816 516063030
6 0 31978498 5572816 484492858 5572816 516471356
7 0 31124921 5572816 485741613 5572816 516866534
8 0 30326213 5572816 486988238 5572816 517314451
9 0 29495822 5572816 488225696 5572816 517721518
10 0 28650448 5572816 489477710 5572816 518128158
11 0 27749947 5572816 490779908 5572816 518529855
12 0 26907777 5572816 492027570 5572816 518935347
13 0 26085329 5572816 493263455 5572816 519348784
14 0 24716947 5572816 495030311 5572816 519747258
15 0 23909925 5572816 496286213 5572816 520196138
16 0 23078515 5572816 497541245 5572816 520619760
1 0 49873757 5572825 848735178 5572825 898608935
2 0 47803166 5572825 851378833 5572825 899181999
3 0 46586930 5572825 853151429 5572825 899738359
4 0 45846499 5572825 854807750 5572825 900654249
5 0 44747316 5572825 856474386 5572825 901221702
6 0 43654947 5572825 858116133 5572825 901771080
7 0 42547504 5572825 859773973 5572825 902321477
8 0 41347453 5572825 861555421 5572825 902902874
9 0 40244436 5572825 863205539 5572825 903449975
10 0 39117106 5572825 864865952 5572825 903983058
11 0 38029848 5572825 866498811 5572825 904528659
12 0 36922258 5572825 868150576 5572825 905072834
13 0 35823426 5572825 869807768 5572825 905631194
14 0 34525450 5572825 871640993 5572825 906166443
15 0 33397008 5572825 873310443 5572825 906707451
16 0 32256030 5572825 874995856 5572825 907251886
1 0 48371285 5572835 451957237 5572835 500328522
2 0 46592300 5572835 454350340 5572835 500942640
3 0 45395099 5572835 456108197 5572835 501503296
4 0 44293805 5572835 457770481 5572835 502064286
5 0 43172956 5572835 459436116 5572835 502609072
6 0 41901702 5572835 461259434 5572835 503161136
7 0 40761315 5572835 462935496 5572835 503696811
8 0 39710076 5572835 464582483 5572835 504292559
9 0 38619615 5572835 466225749 5572835 504845364
10 0 37502765 5572835 467889607 5572835 505392372
11 0 36408675 5572835 469521058 5572835 505929733
12 0 35211030 5572835 471261989 5572835 506473019
13 0 34103032 5572835 472923476 5572835 507026508
14 0 32953535 5572835 474623056 5572835 507576591
15 0 31816649 5572835 476287636 5572835 508104285
16 0 30676096 5572835 477972160 5572835 508648256
1 0 48448209 5572844 822334981 5572844 870783190
2 0 46614985 5572844 824750028 5572844 871365013
3 0 45395896 5572844 826524792 5572844 871920688
4 0 44278306 5572844 828181131 5572844 872459437
5 0 43162511 5572844 829854878 5572844 873017389
6 0 41837925 5572844 831729806 5572844 873567731
7 0 40702946 5572844 833397886 5572844 874100832
8 0 39646521 5572844 835050522 5572844 874697043
9 0 38554560 5572844 836694436 5572844 875248996
10 0 37453895 5572844 838348572 5572844 875802467
11 0 36364304 5572844 839978023 5572844 876342327
12 0 35187937 5572844 841701917 5572844 876889854
13 0 34110792 5572844 843341719 5572844 877452511
14 0 32939554 5572844 845049391 5572844 877988945
15 0 31809464 5572844 846723749 5572844 878533213
16 0 30680244 5572844 848403107 5572844 879083351
1 0 47424543 5572854 157694821 5572854 205119364
2 0 46147178 5572854 159566212 5572854 205713390
3 0 45212307 5572854 161064647 5572854 206276954
4 0 44321564 5572854 162495917 5572854 206817481
5 0 43193492 5572854 164187256 5572854 207380748
6 0 42092569 5572854 165842632 5572854 207935201
7 0 40951793 5572854 167521527 5572854 208473320
8 0 39892461 5572854 169184237 5572854 209076698
9 0 38711020 5572854 170919075 5572854 209630095
10 0 37631633 5572854 172598673 5572854 210230306
11 0 36543672 5572854 174245883 5572854 210789555
12 0 35438526 5572854 175901760 5572854 211340286
13 0 34308676 5572854 177594136 5572854 211902812
14 0 33192049 5572854 179267401 5572854 212459450
15 0 31922258 5572854 181067497 5572854 212989755
16 0 30758946 5572854 182776021 5572854 213534967
1 0 36556672 5572863 827512123 5572863 864068795
2 0 35154753 5572863 829363959 5572863 864518712
3 0 34109402 5572863 830829543 5572863 864938945
4 0 33276547 5572863 832085094 5572863 865361641
5 0 32432804 5572863 833336255 5572863 865769059
6 0 31615023 5572863 834568677 5572863 866183700
7 0 30765261 5572863 835821487 5572863 866586748
8 0 29975313 5572863 837061519 5572863 867036832
9 0 29150273 5572863 838301570 5572863 867451843
10 0 28315343 5572863 839548381 5572863 867863724
11 0 27408397 5572863 840860912 5572863 868269309
12 0 26557691 5572863 842118888 5572863 868676579
13 0 25741280 5572863 843353551 5572863 869094831
14 0 24869964 5572863 844628693 5572863 869498657
15 0 24021850 5572863 845888503 5572863 869910353
16 0 23226549 5572863 847150258 5572863 870376807
1 0 36511672 5572873 197350971 5572873 233862643
2 0 35087051 5572873 199208214 5572873 234295265
3 0 34063014 5572873 200647002 5572873 234710016
4 0 33203382 5572873 201909534 5572873 235112916
5 0 32367935 5572873 203161659 5572873 235529594
6 0 31545450 5572873 204395673 5572873 235941123
7 0 30695763 5572873 205645742 5572873 236341505
8 0 29904611 5572873 206886867 5572873 236791478
9 0 29080755 5572873 208122363 5572873 237203118
10 0 28233382 5572873 209365673 5572873 237599055
11 0 27267807 5572873 210745407 5572873 238013214
12 0 26421064 5572873 212000143 5572873 238421207
13 0 25587505 5572873 213246601 5572873 238834106
14 0 24717447 5572873 214516244 5572873 239233691
15 0 23875907 5572873 215762999 5572873 239638906
16 0 25197253 5572873 217019383 5572873 242216636
1 0 50889942 5572882 821262461 5572882 872152403
2 0 49041605 5572882 823691787 5572882 872733392
3 0 47820869 5572882 825477346 5572882 873298215
4 0 46701353 5572882 827159444 5572882 873860797
5 0 45566578 5572882 828843228 5572882 874409806
6 0 44385674 5572882 830580177 5572882 874965851
7 0 43220992 5572882 832281071 5572882 875502063
8 0 42155715 5572882 833945059 5572882 876100774
9 0 41060551 5572882 835597861 5572882 876658412
10 0 39933238 5572882 837261460 5572882 877194698
11 0 38837777 5572882 838914059 5572882 877751836
12 0 37649800 5572882 840655341 5572882 878305141
13 0 36520506 5572882 842349439 5572882 878869945
14 0 34757354 5572882 844652711 5572882 879410065
15 0 33623578 5572882 846331180 5572882 879954758
16 0 32533247 5572882 848030685 5572882 880563932
1 0 44623058 5572892 231920161 5572892 276543219
2 0 42503264 5572892 234333857 5572892 276837121
3 0 41005070 5572892 236114694 5572892 277119764
4 0 39619597 5572892 237775070 5572892 277394667
5 0 38223845 5572892 239454150 5572892 277677995
6 0 36715557 5572892 241241969 5572892 277957526
7 0 35304028 5572892 242923271 5572892 278227299
8 0 33955831 5572892 244579055 5572892 278534886
9 0 32583875 5572892 246231191 5572892 278815066
10 0 31208346 5572892 247886030 5572892 279094376
11 0 29841963 5572892 249525852 5572892 279367815
12 0 28389712 5572892 251255764 5572892 279645476
13 0 27167754 5572892 252947158 5572892 280114912
14 0 25800631 5572892 254613257 5572892 280413888
15 0 24428508 5572892 256264875 5572892 280693383
16 0 23014165 5572892 257948602 5572892 280962767
1 0 36586949 5572901 877145256 5572901 913732205
2 0 35193197 5572901 878993722 5572901 914186919
3 0 34184883 5572901 880420399 5572901 914605282
4 0 33309510 5572901 881700709 5572901 915010219
5 0 32467415 5572901 882960185 5572901 915427600
6 0 31640578 5572901 884200755 5572901 915841333
7 0 30780390 5572901 885459750 5572901 916240140
8 0 29987146 5572901 886705171 5572901 916692317
9 0 29162679 5572901 887943667 5572901 917106346
10 0 28305621 5572901 889201162 5572901 917506783
11 0 27404101 5572901 890519934 5572901 917924035
12 0 26553043 5572901 891781021 5572901 918334064
13 0 25734595 5572901 893018443 5572901 918753038
14 0 24859982 5572901 894300900 5572901 919160882
15 0 24025312 5572901 895546081 5572901 919571393
16 0 23171180 5572901 896808946 5572901 919980126
1 0 39100698 5572911 562759341 5572911 601860039
2 0 37136642 5572911 565174185 5572911 602310827
3 0 35793890 5572911 566938837 5572911 602732727
4 0 34535468 5572911 568605047 5572911 603140515
5 0 33103661 5572911 570457735 5572911 603561396
6 0 31827426 5572911 572153055 5572911 603980481
7 0 30842019 5572911 573555399 5572911 604397418
8 0 30017997 5572911 574820616 5572911 604838613
9 0 29184845 5572911 576069075 5572911 605253920
10 0 28334825 5572911 577324051 5572911 605658876
11 0 27513729 5572911 578563565 5572911 606077294
12 0 26675670 5572911 579817227 5572911 606492897
13 0 25754354 5572911 581160684 5572911 606915038
14 0 24889611 5572911 582430808 5572911 607320419
15 0 24057256 5572911 583676007 5572911 607733263
16 0 23193124 5572911 584950946 5572911 608144070
1 0 35017034 5572920 903008667 5572920 938025701
2 0 32888017 5572920 905433530 5572920 938321547
3 0 31382972 5572920 907223959 5572920 938606931
4 0 29994312 5572920 908888799 5572920 938883111
5 0 28522914 5572920 910645599 5572920 939168513
6 0 27136255 5572920 912313253 5572920 939449508
7 0 25738096 5572920 913982722 5572920 939720818
8 0 24429601 5572920 915642895 5572920 940072496
9 0 23077201 5572920 917294864 5572920 940372065
10 0 21683004 5572920 918960463 5572920 940643467
11 0 20127551 5572920 920801596 5572920 940929147
12 0 18803410 5572920 922404695 5572920 941208105
13 0 18199661 5572920 923294790 5572920 941494451
14 0 17605987 5572920 924163181 5572920 941769168
15 0 17044813 5572920 925003443 5572920 942048256
16 0 16469545 5572920 925856261 5572920 942325806
