1 0 68616742 5572930 272614596 5572930 341231338
2 0 66468838 5572930 275063939 5572930 341532777
3 0 65027549 5572930 276792870 5572930 341820419
4 0 63607335 5572930 278490116 5572930 342097451
5 0 62129103 5572930 280257806 5572930 342386909
6 0 60698445 5572930 281970681 5572930 342669126
7 0 59288508 5572930 283660279 5572930 342948787
8 0 57893607 5572930 285336656 5572930 343230263
9 0 56512318 5572930 286999199 5572930 343511517
10 0 55120307 5572930 288673779 5572930 343794086
11 0 53696556 5572930 290394469 5572930 344091025
12 0 52286620 5572930 292085530 5572930 344372150
13 0 50860220 5572930 293783869 5572930 344644089
14 0 49361470 5572930 295563262 5572930 344924732
15 0 47991904 5572930 297214860 5572930 345206764
16 0 46651336 5572930 298845441 5572930 345496777
17 0 45276250 5572930 300500503 5572930 345776753
18 0 43913220 5572930 302142324 5572930 346055544
19 0 42571467 5572930 303765442 5572930 346336909
20 0 41214270 5572930 305392375 5572930 346606645
21 0 39773797 5572930 307112047 5572930 346885844
22 0 38432896 5572930 308738702 5572930 347171598
23 0 37046737 5572930 310424207 5572930 347470944
24 0 35679503 5572930 312070028 5572930 347749531
25 0 34343713 5572930 313684739 5572930 348028452
26 0 32927887 5572930 315372004 5572930 348299891
27 0 31598820 5572930 316979733 5572930 348578553
28 0 30257085 5572930 318607388 5572930 348864473
29 0 28595450 5572930 320555000 5572930 349150450
30 0 27194235 5572930 322228765 5572930 349423000
31 0 26539951 5572930 323162322 5572930 349702273
32 0 26485044 5572930 323970363 5572930 350455407
1 0 64263601 5572942 287316453 5572942 351580054
2 0 62847238 5572942 289178400 5572942 352025638
3 0 61865071 5572942 290579652 5572942 352444723
4 0 61004976 5572942 291843036 5572942 352848012
5 0 60173677 5572942 293097994 5572942 353271671
6 0 59353989 5572942 294331452 5572942 353685441
7 0 58496041 5572942 295588540 5572942 354084581
8 0 57660871 5572942 296842258 5572942 354503129
9 0 56843090 5572942 298073735 5572942 354916825
10 0 56021347 5572942 299302971 5572942 355324318
11 0 55150826 5572942 300605169 5572942 355755995
12 0 54306249 5572942 301848646 5572942 356154895
13 0 53462320 5572942 303099586 5572942 356561906
14 0 52525393 5572942 304445246 5572942 356970639
15 0 51706890 5572942 305675056 5572942 357381946
16 0 50900942 5572942 306883256 5572942 357784198
17 0 50120234 5572942 308069882 5572942 358190116
18 0 49339712 5572942 309261582 5572942 358601294
19 0 48436784 5572942 310557243 5572942 358994027
20 0 47614484 5572942 311784702 5572942 359399186
21 0 46750427 5572942 313058326 5572942 359808753
22 0 45988922 5572942 314269785 5572942 360258707
23 0 45243973 5572942 315471559 5572942 360715532
24 0 44468080 5572942 316655556 5572942 361123636
25 0 43682632 5572942 317860218 5572942 361542850
26 0 42836869 5572942 319100677 5572942 361937546
27 0 41988033 5572942 320417412 5572942 362405445
28 0 41194826 5572942 321635056 5572942 362829882
29 0 40412878 5572942 322834200 5572942 363247078
30 0 39610208 5572942 324029807 5572942 363640015
31 0 38809741 5572942 325234377 5572942 364044118
32 0 38026996 5572942 326425133 5572942 364452129
1 0 65147381 5572954 97562134 5572954 162709515
2 0 63727611 5572954 99415155 5572954 163142766
3 0 62737147 5572954 100824963 5572954 163562110
4 0 61803091 5572954 102164197 5572954 163967288
5 0 60966791 5572954 103438451 5572954 164405242
6 0 60140177 5572954 104682465 5572954 164822642
7 0 59291786 5572954 105932071 5572954 165223857
8 0 58468282 5572954 107176474 5572954 165644756
9 0 57646372 5572954 108411414 5572954 166057786
10 0 56820776 5572954 109648447 5572954 166469223
11 0 55933274 5572954 110971496 5572954 166904770
12 0 55080198 5572954 112223139 5572954 167303337
13 0 54242101 5572954 113474635 5572954 167716736
14 0 52824332 5572954 115301693 5572954 168126025
15 0 51995440 5572954 116542244 5572954 168537684
16 0 51193418 5572954 117752388 5572954 168945806
17 0 50410117 5572954 118943348 5572954 169353465
18 0 49549392 5572954 120201769 5572954 169751161
19 0 48752278 5572954 121448931 5572954 170201209
20 0 47961811 5572954 122667482 5572954 170629293
21 0 47097253 5572954 123944088 5572954 171041341
22 0 46290083 5572954 125157806 5572954 171447889
23 0 45530283 5572954 126365376 5572954 171895659
24 0 44757056 5572954 127549465 5572954 172306521
25 0 43958515 5572954 128757165 5572954 172715680
26 0 43023662 5572954 130089270 5572954 173112932
27 0 42208252 5572954 131314062 5572954 173522314
28 0 41435173 5572954 132521336 5572954 173956509
29 0 40652670 5572954 133723054 5572954 174375724
30 0 39855277 5572954 134916995 5572954 174772272
31 0 39056959 5572954 136124250 5572954 175181209
32 0 38272640 5572954 137315524 5572954 175588164
1 0 64774147 5572966 127547653 5572966 192321800
2 0 63365913 5572966 129406230 5572966 192772143
3 0 62376080 5572966 130816315 5572966 193192395
4 0 61522577 5572966 132077069 5572966 193599646
5 0 60693222 5572966 133335342 5572966 194028564
6 0 59876293 5572966 134566689 5572966 194442982
7 0 59033069 5572966 135812110 5572966 194845179
8 0 58220194 5572966 137047421 5572966 195267615
9 0 57406580 5572966 138273898 5572966 195680478
10 0 56592762 5572966 139500153 5572966 196092915
11 0 55700722 5572966 140828573 5572966 196529295
12 0 54884127 5572966 142059179 5572966 196943306
13 0 54055105 5572966 143287453 5572966 197342558
14 0 52643298 5572966 145109345 5572966 197752643
15 0 51819462 5572966 146346359 5572966 198165821
16 0 51020643 5572966 147552114 5572966 198572757
17 0 50242768 5572966 148738500 5572966 198981268
18 0 49454339 5572966 149935403 5572966 199389742
19 0 48566374 5572966 151222324 5572966 199788698
20 0 47800314 5572966 152440931 5572966 200241245
21 0 46953534 5572966 153709333 5572966 200662867
22 0 46147678 5572966 154921607 5572966 201069285
23 0 45389396 5572966 156125844 5572966 201515240
24 0 44604651 5572966 157322655 5572966 201927306
25 0 43841351 5572966 158510447 5572966 202351798
26 0 43004589 5572966 159745702 5572966 202750291
27 0 42163512 5572966 160994938 5572966 203158450
28 0 41376860 5572966 162201323 5572966 203578183
29 0 40601263 5572966 163396930 5572966 203998193
30 0 39805778 5572966 164588908 5572966 204394686
31 0 39012496 5572966 165791275 5572966 204803771
32 0 38237511 5572966 166975790 5572966 205213301
1 0 64136992 5572978 197536558 5572978 261673550
2 0 62683500 5572978 199411005 5572978 262094505
3 0 61682167 5572978 200830793 5572978 262512960
4 0 60817831 5572978 202097029 5572978 262914860
5 0 59979532 5572978 203361191 5572978 263340723
6 0 59144251 5572978 204607297 5572978 263751548
7 0 58286137 5572978 205862922 5572978 264149059
8 0 57468857 5572978 207101843 5572978 264570700
9 0 56648242 5572978 208333654 5572978 264981896
10 0 55824313 5572978 209566334 5572978 265390647
11 0 54917848 5572978 210911828 5572978 265829676
12 0 54101271 5572978 212154157 5572978 266255428
13 0 53261972 5572978 213392596 5572978 266654568
14 0 52327730 5572978 214740979 5572978 267068709
15 0 51487375 5572978 215975808 5572978 267463183
16 0 50696612 5572978 217181841 5572978 267878453
17 0 49924201 5572978 218367059 5572978 268291260
18 0 49141085 5572978 219558556 5572978 268699641
19 0 48148567 5572978 220945623 5572978 269094190
20 0 47343878 5572978 222160674 5572978 269504552
21 0 46488524 5572978 223423262 5572978 269911786
22 0 45756148 5572978 224629110 5572978 270385258
23 0 44994181 5572978 225834087 5572978 270828268
24 0 44202641 5572978 227034120 5572978 271236761
25 0 43423859 5572978 228220265 5572978 271644124
26 0 42589541 5572978 229455168 5572978 272044709
27 0 41709298 5572978 230742348 5572978 272451646
28 0 40911887 5572978 231958140 5572978 272870027
29 0 40124272 5572978 233154377 5572978 273278649
30 0 39341268 5572978 234342429 5572978 273683697
31 0 38553949 5572978 235537925 5572978 274091874
32 0 37765649 5572978 236738218 5572978 274503867
1 0 78476633 5572990 332724675 5572990 411201308
2 0 76345617 5572990 335153667 5572990 411499284
3 0 74922532 5572990 336871376 5572990 411793908
4 0 73532761 5572990 338535419 5572990 412068180
5 0 72050993 5572990 340304812 5572990 412355805
6 0 70653871 5572990 341984225 5572990 412638096
7 0 69249526 5572990 343658324 5572990 412907850
8 0 67874089 5572990 345320478 5572990 413194567
9 0 66490208 5572990 346973558 5572990 413463766
10 0 65128695 5572990 348622491 5572990 413751186
11 0 63718500 5572990 350330940 5572990 414049440
12 0 62304896 5572990 352014798 5572990 414319694
13 0 60932422 5572990 353665915 5572990 414598337
14 0 58842072 5572990 356037556 5572990 414879628
15 0 57432543 5572990 357715747 5572990 415148290
16 0 56090790 5572990 359340106 5572990 415430896
17 0 54675519 5572990 361036223 5572990 415711742
18 0 53334674 5572990 362652767 5572990 415987441
19 0 51991495 5572990 364264163 5572990 416255658
20 0 50645594 5572990 365888281 5572990 416533875
21 0 49211955 5572990 367596989 5572990 416808944
22 0 47870258 5572990 369220311 5572990 417090569
23 0 46383508 5572990 371004074 5572990 417387582
24 0 45047680 5572990 372614063 5572990 417661743
25 0 43715946 5572990 374213181 5572990 417929127
26 0 42318694 5572990 375900242 5572990 418218936
27 0 41360342 5572990 377492916 5572990 418853258
28 0 40012941 5572990 379108460 5572990 419121401
29 0 38625781 5572990 380781615 5572990 419407396
30 0 37290140 5572990 382383140 5572990 419673280
31 0 35952924 5572990 383995073 5572990 419947997
32 0 35148438 5572990 385586081 5572990 420734519
1 0 52935608 5573002 432279901 5573002 485215509
2 0 50812017 5573002 434702097 5573002 485514114
3 0 49385322 5573002 436412435 5573002 485797757
4 0 48008199 5573002 438071127 5573002 486079326
5 0 46621558 5573002 439746559 5573002 486368117
6 0 45154790 5573002 441489822 5573002 486644612
7 0 43755297 5573002 443160551 5573002 486915848
8 0 42375027 5573002 444817649 5573002 487192676
9 0 41008163 5573002 446453323 5573002 487461486
10 0 39645410 5573002 448099144 5573002 487744554
11 0 38270270 5573002 449768168 5573002 488038438
12 0 36706373 5573002 451600838 5573002 488307211
13 0 35774501 5573002 452807149 5573002 488581650
14 0 35124106 5573002 453734391 5573002 488858497
15 0 34544635 5573002 454579301 5573002 489123936
16 0 34010367 5573002 455393934 5573002 489404301
17 0 33492136 5573002 456190901 5573002 489683037
18 0 32950257 5573002 457006645 5573002 489956902
19 0 32448359 5573002 457821093 5573002 490269452
20 0 31912796 5573002 458635540 5573002 490548336
21 0 31323028 5573002 459499765 5573002 490822793
22 0 30746873 5573002 460356434 5573002 491103307
23 0 30214494 5573002 461186789 5573002 491401283
24 0 29680374 5573002 461996237 5573002 491676611
25 0 29155439 5573002 462799148 5573002 491954587
26 0 28572395 5573002 463651095 5573002 492223490
27 0 28047718 5573002 464450729 5573002 492498447
28 0 27888129 5573002 465258417 5573002 493146546
29 0 27364009 5573002 466068328 5573002 493432337
30 0 26829204 5573002 466868221 5573002 493697425
31 0 26288344 5573002 467684594 5573002 493972938
32 0 25750799 5573002 468489394 5573002 494240193
1 0 87308171 5573014 507595394 5573014 594903565
2 0 86021307 5573014 509454266 5573014 595475573
3 0 85153138 5573014 510882869 5573014 596036007
4 0 84325542 5573014 512248529 5573014 596574071
5 0 83209840 5573014 513924665 5573014 597134505
6 0 82129231 5573014 515556949 5573014 597686180
7 0 81008382 5573014 517206992 5573014 598215374
8 0 79919624 5573014 518849554 5573014 598769178
9 0 78771331 5573014 520548634 5573014 599319965
10 0 77657407 5573014 522204418 5573014 599861825
11 0 76648907 5573014 523858369 5573014 600507276
12 0 75560908 5573014 525497172 5573014 601058080
13 0 74472522 5573014 527134956 5573014 601607478
14 0 72633760 5573014 529516800 5573014 602150560
15 0 71465300 5573014 531235435 5573014 602700735
16 0 70384024 5573014 532857960 5573014 603241984
17 0 69332024 5573014 534453820 5573014 603785844
18 0 68274803 5573014 536051883 5573014 604326686
19 0 67192991 5573014 537662741 5573014 604855732
20 0 66118158 5573014 539275471 5573014 605393629
21 0 64839794 5573014 541099677 5573014 605939471
22 0 63755610 5573014 542721499 5573014 606477109
23 0 62734240 5573014 544332710 5573014 607066950
24 0 61671204 5573014 545937162 5573014 607608366
25 0 60620502 5573014 547534539 5573014 608155041
26 0 59491431 5573014 549188008 5573014 608679439
27 0 58373451 5573014 550844089 5573014 609217540
28 0 57308971 5573014 552463762 5573014 609772733
29 0 56310878 5573014 554067066 5573014 610377944
30 0 55249009 5573014 555660851 5573014 610909860
31 0 54182343 5573014 557271340 5573014 611453683
32 0 53135474 5573014 558856884 5573014 611992358
1 0 65702036 5573026 567400935 5573026 633102971
2 0 64280582 5573026 569254770 5573026 633535352
3 0 63288638 5573026 570672151 5573026 633960789
4 0 62416246 5573026 571945035 5573026 634361281
5 0 61574966 5573026 573208178 5573026 634783144
6 0 60762722 5573026 574447229 5573026 635209951
7 0 59916515 5573026 575697502 5573026 635614017
8 0 59078956 5573026 576947683 5573026 636026639
9 0 58262527 5573026 578184123 5573026 636446650
10 0 57436265 5573026 579419970 5573026 636856235
11 0 56568596 5573026 580718890 5573026 637287486
12 0 55724870 5573026 581968386 5573026 637693256
13 0 54886775 5573026 583216937 5573026 638103712
14 0 53941571 5573026 584570374 5573026 638511945
15 0 53097438 5573026 585828740 5573026 638926178
16 0 52295045 5573026 587037273 5573026 639332318
17 0 51516709 5573026 588224417 5573026 639741126
18 0 52181511 5573026 589425154 5573026 641606665
19 0 51350007 5573026 590692335 5573026 642042342
20 0 50541856 5573026 591913941 5573026 642455797
21 0 49672779 5573026 593197436 5573026 642870215
22 0 48880684 5573026 594399228 5573026 643279912
23 0 48135382 5573026 595610706 5573026 643746088
24 0 47356545 5573026 596800221 5573026 644156766
25 0 46562634 5573026 598006476 5573026 644569110
26 0 45707890 5573026 599256416 5573026 644964306
27 0 44865629 5573026 600504633 5573026 645370262
28 0 44068273 5573026 601724740 5573026 645793013
29 0 43289009 5573026 602922533 5573026 646211542
30 0 42493561 5573026 604114548 5573026 646608109
31 0 41695761 5573026 605318525 5573026 647014286
32 0 40908109 5573026 606513892 5573026 647422001
1 0 54290730 5573038 567550215 5573038 621840945
2 0 52715371 5573038 569418254 5573038 622133625
3 0 51608022 5573038 570807802 5573038 622415824
4 0 50618577 5573038 572066427 5573038 622685004
5 0 49645131 5573038 573321608 5573038 622966739
6 0 48695835 5573038 574549677 5573038 623245512
7 0 47717853 5573038 575793580 5573038 623511433
8 0 46750223 5573038 577033853 5573038 623784076
9 0 45808684 5573038 578264701 5573038 624073385
10 0 44850776 5573038 579500030 5573038 624350806
11 0 43832703 5573038 580807839 5573038 624640542
12 0 42863036 5573038 582056315 5573038 624919351
13 0 41899999 5573038 583284181 5573038 625184180
14 0 40848406 5573038 584609083 5573038 625457489
15 0 39855554 5573038 585870430 5573038 625725984
16 0 38923554 5573038 587080814 5573038 626004368
17 0 38006108 5573038 588269922 5573038 626276030
18 0 37075810 5573038 589476733 5573038 626552543
19 0 35730112 5573038 591086333 5573038 626816445
20 0 34776224 5573038 592313587 5573038 627089811
21 0 33785890 5573038 593579897 5573038 627365787
22 0 32864037 5573038 594778912 5573038 627642949
23 0 31950091 5573038 595983741 5573038 627933832
24 0 31031756 5573038 597178867 5573038 628210623
25 0 30116143 5573038 598367938 5573038 628484081
26 0 29147457 5573038 599607989 5573038 628755446
27 0 28154199 5573038 600867965 5573038 629022164
28 0 27661207 5573038 601998704 5573038 629659911
29 0 27128199 5573038 602803837 5573038 629932036
30 0 27306491 5573038 603594378 5573038 630900869
31 0 26786705 5573038 604392659 5573038 631179364
32 0 26268234 5573038 605185755 5573038 631453989
1 0 85650239 5573050 402524644 5573050 488174883
2 0 83536983 5573050 404934358 5573050 488471341
3 0 82038381 5573050 406720825 5573050 488759206
4 0 80636203 5573050 408395553 5573050 489031756
5 0 79196990 5573050 410123002 5573050 489319992
6 0 77803756 5573050 411797490 5573050 489601246
7 0 76412356 5573050 413464014 5573050 489876370
8 0 75369635 5573050 415112206 5573050 490481841
9 0 74011753 5573050 416759786 5573050 490771539
10 0 72653500 5573050 418397682 5573050 491051182
11 0 71256952 5573050 420093095 5573050 491350047
12 0 69853478 5573050 421765804 5573050 491619282
13 0 68491559 5573050 423406700 5573050 491898259
14 0 66990847 5573050 425197240 5573050 492188087
15 0 65598205 5573050 426857617 5573050 492455822
16 0 64272471 5573050 428463457 5573050 492735928
17 0 62908996 5573050 430103223 5573050 493012219
18 0 61545262 5573050 431741045 5573050 493286307
19 0 60194843 5573050 433359903 5573050 493554746
20 0 58854757 5573050 434974484 5573050 493829241
21 0 57425820 5573050 436680416 5573050 494106236
22 0 56101364 5573050 438287182 5573050 494388546
23 0 54783332 5573050 439900745 5573050 494684077
24 0 53228546 5573050 441733248 5573050 494961794
25 0 51902145 5573050 443337829 5573050 495239974
26 0 50504727 5573050 445004409 5573050 495509136
27 0 49189233 5573050 446594620 5573050 495783853
28 0 47864035 5573050 448206553 5573050 496070588
29 0 46537449 5573050 449806116 5573050 496343565
30 0 45143049 5573050 451475770 5573050 496618819
31 0 43796518 5573050 453098388 5573050 496894906
32 0 42478172 5573050 454692729 5573050 497170901
1 0 65350950 5573062 187602391 5573062 252953341
2 0 63875682 5573062 189496503 5573062 253372185
3 0 62888107 5573062 190909681 5573062 253797788
4 0 62019179 5573062 192189250 5573062 254208429
5 0 61173565 5573062 193459189 5573062 254632754
6 0 60345951 5573062 194703962 5573062 255049913
7 0 59502245 5573062 195965216 5573062 255467461
8 0 58675075 5573062 197218082 5573062 255893157
9 0 57841035 5573062 198469133 5573062 256310168
10 0 57003032 5573062 199721906 5573062 256724938
11 0 56106863 5573062 201057307 5573062 257164170
12 0 55265990 5573062 202315395 5573062 257581385
13 0 54414858 5573062 203568871 5573062 257983729
14 0 53468783 5573062 204928753 5573062 258397536
15 0 52623447 5573062 206189841 5573062 258813288
16 0 51808518 5573062 207413670 5573062 259222188
17 0 51028051 5573062 208608370 5573062 259636421
18 0 50267065 5573062 209823273 5573062 260090338
19 0 49412654 5573062 211100176 5573062 260512830
20 0 48540800 5573062 212387041 5573062 260927841
21 0 47648872 5573062 213693609 5573062 261342481
22 0 46831833 5573062 214920345 5573062 261752178
23 0 46071736 5573062 216135452 5573062 262207188
24 0 45269083 5573062 217351689 5573062 262620772
25 0 44477024 5573062 218558759 5573062 263035783
26 0 43620040 5573062 219816365 5573062 263436405
27 0 42761538 5573062 221087434 5573062 263848972
28 0 41959127 5573062 222314652 5573062 264273779
29 0 41171197 5573062 223525815 5573062 264697012
30 0 40382175 5573062 224732681 5573062 265114856
31 0 39584782 5573062 225942066 5573062 265526848
32 0 38786871 5573062 227150636 5573062 265937507
1 0 62501060 5573074 272347691 5573074 334848751
2 0 60386562 5573074 274755276 5573074 335141838
3 0 58968402 5573074 276452393 5573074 335420795
4 0 57585040 5573074 278107195 5573074 335692235
5 0 56205547 5573074 279768220 5573074 335973767
6 0 54738297 5573074 281511076 5573074 336249373
7 0 53354173 5573074 283169583 5573074 336523756
8 0 51989662 5573074 284806719 5573074 336796381
9 0 50634058 5573074 286435596 5573074 337069654
10 0 49300230 5573074 288059103 5573074 337359333
11 0 47949349 5573074 289700868 5573074 337650217
12 0 46510024 5573074 291405744 5573074 337915768
13 0 45152604 5573074 293038788 5573074 338191392
14 0 43655521 5573074 294808996 5573074 338464517
15 0 42270936 5573074 296459187 5573074 338730123
16 0 40948479 5573074 298061509 5573074 339009988
17 0 39643763 5573074 299639646 5573074 339283409
18 0 38250603 5573074 301305116 5573074 339555719
19 0 36916036 5573074 302906678 5573074 339822714
20 0 35618411 5573074 304508871 5573074 340127282
21 0 34216437 5573074 306195395 5573074 340411832
22 0 32896610 5573074 307795828 5573074 340692438
23 0 31587412 5573074 309395817 5573074 340983229
24 0 30105847 5573074 311149118 5573074 341254965
25 0 28943258 5573074 312585702 5573074 341528960
26 0 28362454 5573074 313428908 5573074 341791362
27 0 27837371 5573074 314224634 5573074 342062005
28 0 27676152 5573074 315025471 5573074 342701623
29 0 27155161 5573074 315824068 5573074 342979229
30 0 26625134 5573074 316616423 5573074 343241557
31 0 26100422 5573074 317415501 5573074 343515923
32 0 25576098 5573074 318209634 5573074 343785732
1 0 65944013 5573086 387477946 5573086 453421959
2 0 64506040 5573086 389349837 5573086 453855877
3 0 63508559 5573086 390776292 5573086 454284851
4 0 62645038 5573086 392044361 5573086 454689399
5 0 61810591 5573086 393303911 5573086 455114502
6 0 60995847 5573086 394538203 5573086 455534050
7 0 60148677 5573086 395788069 5573086 455936746
8 0 59326878 5573086 397029916 5573086 456356794
9 0 58521356 5573086 398254930 5573086 456776286
10 0 57702149 5573086 399487037 5573086 457189186
11 0 56783443 5573086 400835716 5573086 457619159
12 0 55940126 5573086 402083655 5573086 458023781
13 0 55114067 5573086 403322892 5573086 458436959
14 0 54189362 5573086 404668404 5573086 458857766
15 0 53336433 5573086 405924584 5573086 459261017
16 0 52538652 5573086 407137728 5573086 459676380
17 0 52934330 5573086 408320706 5573086 461255036
18 0 52184029 5573086 409518480 5573086 461702509
19 0 51281324 5573086 410820678 5573086 462102002
20 0 50474801 5573086 412036026 5573086 462510827
21 0 49630095 5573086 413297243 5573086 462927338
22 0 48845406 5573086 414501869 5573086 463347275
23 0 48079013 5573086 415709661 5573086 463788674
24 0 47306323 5573086 416893695 5573086 464200018
25 0 46512616 5573086 418097191 5573086 464609807
26 0 45668225 5573086 419341797 5573086 465010022
27 0 44726408 5573086 420696939 5573086 465423347
28 0 43934756 5573086 421907546 5573086 465842302
29 0 43140253 5573086 423110246 5573086 466250499
30 0 42357675 5573086 424304446 5573086 466662121
31 0 41561282 5573086 425508405 5573086 467069687
32 0 40788370 5573086 426692846 5573086 467481216
1 0 77531483 5573098 482755700 5573098 560287183
2 0 75436393 5573098 485159136 5573098 560595529
3 0 74029567 5573098 486849383 5573098 560878950
4 0 72658963 5573098 488491778 5573098 561150741
5 0 71109232 5573098 490331392 5573098 561440624
6 0 69711796 5573098 492006805 5573098 561718601
7 0 68324840 5573098 493664163 5573098 561989003
8 0 66971198 5573098 495301244 5573098 562272442
9 0 65621242 5573098 496928473 5573098 562549715
10 0 64267971 5573098 498572387 5573098 562840358
11 0 62867719 5573098 500267966 5573098 563135685
12 0 61488763 5573098 501924880 5573098 563413643
13 0 60127103 5573098 503558220 5573098 563685323
14 0 58624650 5573098 505333946 5573098 563958596
15 0 57240527 5573098 506995934 5573098 564236461
16 0 55892960 5573098 508618015 5573098 564510975
17 0 54518504 5573098 510267206 5573098 564785710
18 0 53168585 5573098 511893009 5573098 565061594
19 0 51829184 5573098 513502479 5573098 565331663
20 0 50483616 5573098 515119412 5573098 565603028
21 0 49073031 5573098 516807066 5573098 565880097
22 0 47738056 5573098 518415962 5573098 566154018
23 0 46358915 5573098 520095690 5573098 566454605
24 0 44992977 5573098 521735308 5573098 566728285
25 0 43678391 5573098 523331463 5573098 567009854
26 0 42204419 5573098 525071486 5573098 567275905
27 0 40887276 5573098 526664216 5573098 567551492
28 0 39934553 5573098 528271501 5573098 568206054
29 0 38608356 5573098 529871008 5573098 568479364
30 0 37223437 5573098 531531218 5573098 568754655
31 0 35882980 5573098 533140929 5573098 569023909
32 0 34574690 5573098 534721399 5573098 569296089
1 0 85329227 5573110 511673133 5573110 597002360
2 0 83218526 5573110 514077477 5573110 597296003
3 0 81794830 5573110 515781631 5573110 597576461
4 0 80420615 5573110 517434137 5573110 597854752
5 0 79036603 5573110 519105106 5573110 598141709
6 0 77578260 5573110 520842389 5573110 598420649
7 0 76176564 5573110 522515413 5573110 598691977
8 0 74803423 5573110 524167586 5573110 598971009
9 0 73440707 5573110 525807630 5573110 599248337
10 0 72079733 5573110 527449340 5573110 599529073
11 0 70722129 5573110 529102253 5573110 599824382
12 0 69232416 5573110 530889794 5573110 600122210
13 0 67862700 5573110 532550930 5573110 600413630
14 0 65747369 5573110 534943682 5573110 600691051
15 0 64334174 5573110 536624150 5573110 600958324
16 0 62991624 5573110 538249065 5573110 601240689
17 0 61674890 5573110 539838109 5573110 601512999
18 0 60261304 5573110 541524430 5573110 601785734
19 0 58919126 5573110 543142418 5573110 602061544
20 0 57579002 5573110 544755518 5573110 602334520
21 0 56164196 5573110 546443060 5573110 602607256
22 0 54835072 5573110 548055790 5573110 602890862
23 0 53521356 5573110 549662204 5573110 603183560
24 0 51862553 5573110 551607057 5573110 603469610
25 0 50536560 5573110 553211601 5573110 603748161
26 0 49148437 5573110 554866959 5573110 604015396
27 0 47847887 5573110 556441782 5573110 604289669
28 0 46525226 5573110 558050493 5573110 604575719
29 0 45204233 5573110 559644148 5573110 604848381
30 0 43826554 5573110 561294803 5573110 605121357
31 0 42490431 5573110 562912754 5573110 605403185
32 0 41184437 5573110 564492095 5573110 605676532
1 0 66798980 5573122 347629324 5573122 414428304
2 0 65381839 5573122 349488142 5573122 414869981
3 0 64383598 5573122 350911504 5573122 415295102
4 0 63516873 5573122 352188851 5573122 415705724
5 0 62694815 5573122 353455123 5573122 416149938
6 0 61864497 5573122 354705693 5573122 416570190
7 0 61007124 5573122 355970095 5573122 416977219
8 0 60177214 5573122 357223201 5573122 417400415
9 0 59348210 5573122 358471308 5573122 417819518
10 0 58521929 5573122 359713100 5573122 418235029
11 0 57644391 5573122 361032056 5573122 418676447
12 0 56791332 5573122 362288311 5573122 419079643
13 0 55962810 5573122 363533973 5573122 419496783
14 0 55019976 5573122 364890040 5573122 419910016
15 0 54222120 5573122 366154980 5573122 420377100
16 0 53417080 5573122 367375513 5573122 420792593
17 0 52631002 5573122 368573805 5573122 421204807
18 0 51834369 5573122 369785079 5573122 421619448
19 0 50860294 5573122 371161331 5573122 422021625
20 0 50037625 5573122 372394678 5573122 422432303
21 0 49170177 5573122 373676155 5573122 422846332
22 0 48356489 5573122 374901243 5573122 423257732
23 0 47589614 5573122 376118017 5573122 423707631
24 0 46805573 5573122 377316124 5573122 424121697
25 0 46009088 5573122 378530472 5573122 424539560
26 0 45149790 5573122 379790244 5573122 424940034
27 0 44261880 5573122 381090109 5573122 425351989
28 0 43473969 5573122 382318327 5573122 425792296
29 0 42685132 5573122 383529619 5573122 426214751
30 0 41881350 5573122 384734560 5573122 426615910
31 0 41074347 5573122 385952852 5573122 427027199
32 0 40289362 5573122 387148459 5573122 427437821
1 0 64181750 5573134 419429776 5573134 483611526
2 0 62652501 5573134 421394665 5573134 484047166
3 0 61777073 5573134 422691511 5573134 484468584
4 0 60929070 5573134 423942729 5573134 484871799
5 0 60097067 5573134 425204353 5573134 485301420
6 0 59274120 5573134 426444219 5573134 485718339
7 0 58423006 5573134 427704677 5573134 486127683
8 0 57607077 5573134 428956376 5573134 486563453
9 0 56633724 5573134 430346239 5573134 486979963
10 0 55764278 5573134 431627104 5573134 487391382
11 0 54953181 5573134 432875563 5573134 487828744
12 0 54108234 5573134 434121336 5573134 488229570
13 0 53271971 5573134 435367850 5573134 488639821
14 0 52326878 5573134 436729861 5573134 489056739
15 0 51453228 5573134 438002597 5573134 489455825
16 0 50649631 5573134 439227556 5573134 489877187
17 0 50637150 5573134 440512754 5573134 491149904
18 0 49835480 5573134 441738787 5573134 491574267
19 0 49017199 5573134 442955597 5573134 491972796
20 0 48216233 5573134 444171204 5573134 492387437
21 0 47349267 5573134 445456569 5573134 492805836
22 0 46552652 5573134 446675047 5573134 493227699
23 0 45770944 5573134 447894450 5573134 493665394
24 0 44976552 5573134 449103187 5573134 494079739
25 0 44111957 5573134 450378552 5573134 494490509
26 0 43242936 5573134 451658065 5573134 494901001
27 0 42442117 5573134 452857691 5573134 495299808
28 0 41649225 5573134 454073002 5573134 495722227
29 0 40846499 5573134 455282498 5573134 496128997
30 0 40059607 5573134 456480086 5573134 496539693
31 0 39270788 5573134 457692286 5573134 496963074
32 0 38470655 5573134 458903745 5573134 497374400
1 0 69901144 5573146 462634167 5573146 532535311
2 0 67774683 5573146 465057863 5573146 532832546
3 0 66323451 5573146 466796294 5573146 533119745
4 0 64927274 5573146 468469299 5573146 533396573
5 0 63423060 5573146 470260970 5573146 533684030
6 0 62009087 5573146 471955512 5573146 533964599
7 0 60604483 5573146 473639555 5573146 534244038
8 0 59211842 5573146 475312376 5573146 534524218
9 0 57834128 5573146 476969919 5573146 534804047
10 0 56457449 5573146 478631407 5573146 535088856
11 0 54978496 5573146 480409429 5573146 535387925
12 0 53577558 5573146 482103435 5573146 535680993
13 0 52192270 5573146 483763274 5573146 535955544
14 0 50652483 5573146 485581222 5573146 536233705
15 0 49269786 5573146 487242895 5573146 536512681
16 0 47907405 5573146 488884160 5573146 536791565
17 0 46431859 5573146 490638979 5573146 537070838
18 0 45062217 5573146 492286930 5573146 537349147
19 0 43698761 5573146 493927807 5573146 537626568
20 0 42330453 5573146 495572147 5573146 537902600
21 0 40883999 5573146 497296874 5573146 538180873
22 0 39537375 5573146 498922992 5573146 538460367
23 0 38107735 5573146 500659386 5573146 538767121
24 0 36742853 5573146 502301670 5573146 539044523
25 0 35403582 5573146 503922399 5573146 539325981
26 0 33915295 5573146 505680329 5573146 539595624
27 0 32552339 5573146 507323521 5573146 539875860
28 0 31281769 5573146 508956213 5573146 540237982
29 0 29317102 5573146 511213819 5573146 540530921
30 0 27991516 5573146 512808715 5573146 540800231
31 0 27385750 5573146 513696939 5573146 541082689
32 0 26853186 5573146 514507887 5573146 541361073
1 0 64997272 5573158 277461216 5573158 342458488
2 0 63546096 5573158 279333699 5573158 342879795
3 0 62550965 5573158 280748451 5573158 343299416
4 0 61681111 5573158 282026705 5573158 343707816
5 0 60840238 5573158 283291163 5573158 344131401
6 0 60010198 5573158 284537658 5573158 344547856
7 0 59148140 5573158 285800986 5573158 344949126
8 0 58319007 5573158 287048982 5573158 345367989
9 0 57493227 5573158 288286125 5573158 345779352
10 0 56663205 5573158 289530880 5573158 346194085
11 0 55780925 5573158 290850929 5573158 346631854
12 0 54942848 5573158 292104406 5573158 347047254
13 0 54079142 5573158 293368642 5573158 347447784
14 0 53133178 5573158 294728857 5573158 347862035
15 0 52272527 5573158 295990297 5573158 348262824
16 0 51474931 5573158 297207015 5573158 348681946
17 0 50694112 5573158 298397863 5573158 349091975
18 0 49906776 5573158 299598618 5573158 349505394
19 0 49015902 5573158 300888817 5573158 349904719
20 0 48260010 5573158 302114238 5573158 350374248
21 0 47403896 5573158 303393270 5573158 350797166
22 0 46618688 5573158 304612266 5573158 351230954
23 0 45847202 5573158 305821614 5573158 351668816
24 0 45056458 5573158 307026165 5573158 352082623
25 0 44269935 5573158 308226421 5573158 352496356
26 0 43353638 5573158 309542878 5573158 352896516
27 0 42504024 5573158 310804854 5573158 353308878
28 0 41710816 5573158 312019610 5573158 353730426
29 0 40919720 5573158 313217902 5573158 354137622
30 0 40132457 5573158 314415769 5573158 354548226
31 0 39334453 5573158 315624413 5573158 354958866
32 0 38556653 5573158 316817613 5573158 355374266
1 0 65941273 5573169 797355586 5573169 863296859
2 0 64484337 5573169 799230662 5573169 863714999
3 0 63471190 5573169 800662672 5573169 864133862
4 0 62616594 5573169 801933130 5573169 864549724
5 0 61795073 5573169 803192273 5573169 864987346
6 0 60966199 5573169 804433102 5573169 865399301
7 0 60118696 5573169 805692486 5573169 865811182
8 0 59279731 5573169 806941870 5573169 866221601
9 0 58453931 5573169 808178736 5573169 866632667
10 0 57636372 5573169 809414917 5573169 867051289
11 0 56759407 5573169 810726115 5573169 867485522
12 0 55925792 5573169 811973277 5573169 867899069
13 0 55087531 5573169 813218216 5573169 868305747
14 0 54152844 5573169 814562951 5573169 868715795
15 0 53281398 5573169 815833149 5573169 869114547
16 0 52487876 5573169 817052515 5573169 869540391
17 0 51702593 5573169 818246327 5573169 869948920
18 0 51839647 5573169 819448878 5573169 871288525
19 0 50930960 5573169 820763798 5573169 871694758
20 0 50107049 5573169 821998035 5573169 872105084
21 0 49243528 5573169 823274363 5573169 872517891
22 0 48450691 5573169 824489785 5573169 872940476
23 0 47675724 5573169 825699855 5573169 873375579
24 0 46882850 5573169 826904073 5573169 873786923
25 0 46100271 5573169 828098977 5573169 874199248
26 0 45249195 5573169 829347268 5573169 874596463
27 0 44406155 5573169 830598078 5573169 875004233
28 0 43625892 5573169 831812463 5573169 875438355
29 0 42835425 5573169 833012385 5573169 875847810
30 0 42048791 5573169 834206030 5573169 876254821
31 0 41250085 5573169 835417655 5573169 876667740
32 0 40430618 5573169 836648762 5573169 877079380
1 0 64376061 5573181 838061173 5573181 902437234
2 0 62952977 5573181 839924249 5573181 902877226
3 0 61963884 5573181 841337982 5573181 903301866
4 0 61109419 5573181 842604940 5573181 903714359
5 0 60263286 5573181 843884972 5573181 904148258
6 0 59431431 5573181 845137226 5573181 904568657
7 0 58584743 5573181 846400073 5573181 904984816
8 0 57741907 5573181 847658772 5573181 905400679
9 0 56911330 5573181 848908971 5573181 905820301
10 0 55987810 5573181 850253446 5573181 906241256
11 0 55126548 5573181 851555237 5573181 906681785
12 0 54290008 5573181 852809639 5573181 907099647
13 0 53450487 5573181 854059875 5573181 907510362
14 0 52494764 5573181 855428035 5573181 907922799
15 0 51649021 5573181 856686215 5573181 908335236
16 0 50833739 5573181 857914359 5573181 908748098
17 0 50040161 5573181 859119170 5573181 909159331
18 0 49143363 5573181 860429868 5573181 909573231
19 0 48297342 5573181 861683326 5573181 909980668
20 0 47530708 5573181 862913451 5573181 910444159
21 0 46662261 5573181 864197020 5573181 910859281
22 0 45844721 5573181 865426645 5573181 911271366
23 0 45071014 5573181 866650233 5573181 911721247
24 0 44278547 5573181 867867507 5573181 912146054
25 0 43488876 5573181 869076059 5573181 912564935
26 0 42585763 5573181 870377979 5573181 912963742
27 0 41768445 5573181 871603641 5573181 913372086
28 0 40968627 5573181 872830248 5573181 913798875
29 0 40177660 5573181 874043133 5573181 914220793
30 0 39367768 5573181 875250073 5573181 914617841
31 0 38557208 5573181 876474625 5573181 915031833
32 0 37762909 5573181 877678991 5573181 915441900
1 0 66089344 5573193 742489852 5573193 808579196
2 0 64138196 5573193 744874066 5573193 809012262
3 0 62865608 5573193 746563868 5573193 809429476
4 0 61639409 5573193 748201708 5573193 809841117
5 0 60443227 5573193 749861307 5573193 810304534
6 0 58898441 5573193 751829104 5573193 810727545
7 0 57847442 5573193 753294743 5573193 811142185
8 0 57008735 5573193 754546368 5573193 811555103
9 0 56192010 5573193 755775641 5573193 811967651
10 0 55370488 5573193 757014007 5573193 812384495
11 0 54567040 5573193 758247373 5573193 812814413
12 0 53746352 5573193 759479443 5573193 813225795
13 0 52860553 5573193 760769160 5573193 813629713
14 0 51911775 5573193 762126671 5573193 814038446
15 0 51064272 5573193 763385740 5573193 814450012
16 0 50260898 5573193 764599218 5573193 814860116
17 0 49480524 5573193 765789677 5573193 815270201
18 0 48692168 5573193 766990340 5573193 815682508
19 0 47890646 5573193 768193762 5573193 816084408
20 0 47095364 5573193 769398703 5573193 816494067
21 0 46138975 5573193 770765844 5573193 816904819
22 0 45334415 5573193 771979766 5573193 817314181
23 0 44576078 5573193 773182095 5573193 817758173
24 0 43800093 5573193 774382017 5573193 818182110
25 0 43027625 5573193 775572403 5573193 818600028
26 0 42174974 5573193 776820713 5573193 818995687
27 0 41387990 5573193 778014616 5573193 819402606
28 0 40604725 5573193 779218113 5573193 819822838
29 0 39981719 5573193 780470682 5573193 820452401
30 0 39176271 5573193 781681974 5573193 820858245
31 0 38375027 5573193 782891155 5573193 821266182
32 0 37595171 5573193 784078152 5573193 821673323
1 0 63909403 5573205 757530454 5573205 821439857
2 0 62518744 5573205 759373160 5573205 821891904
3 0 61532207 5573205 760782597 5573205 822314804
4 0 60673815 5573205 762055018 5573205 822728833
5 0 59835146 5573205 763321420 5573205 823156566
6 0 59006902 5573205 764566286 5573205 823573188
7 0 58167658 5573205 765820226 5573205 823987884
8 0 57340841 5573205 767061295 5573205 824402136
9 0 56525022 5573205 768294180 5573205 824819202
10 0 55710241 5573205 769527860 5573205 825238101
11 0 54808795 5573205 770865224 5573205 825674019
12 0 53984977 5573205 772108849 5573205 826093826
13 0 53160437 5573205 773340993 5573205 826501430
14 0 52236732 5573205 774680690 5573205 826917422
15 0 51381674 5573205 775947574 5573205 827329248
16 0 50581762 5573205 777159015 5573205 827740777
17 0 49803259 5573205 778347807 5573205 828151066
18 0 49016143 5573205 779547378 5573205 828563521
19 0 48142549 5573205 780825224 5573205 828967773
20 0 47331805 5573205 782048127 5573205 829379932
21 0 46462172 5573205 783329215 5573205 829791387
22 0 45707946 5573205 784550229 5573205 830258175
23 0 44960978 5573205 785757910 5573205 830718888
24 0 44168196 5573205 786962888 5573205 831131084
25 0 43388711 5573205 788160977 5573205 831549688
26 0 42550875 5573205 789414064 5573205 831964939
27 0 41703242 5573205 790673208 5573205 832376450
28 0 40916757 5573205 791887796 5573205 832804553
29 0 40134105 5573205 793090292 5573205 833224397
30 0 39329342 5573205 794292400 5573205 833621742
31 0 38532264 5573205 795508007 5573205 834040271
32 0 37752297 5573205 796698355 5573205 834450652
1 0 64110122 5573217 802747347 5573217 866857469
2 0 62695722 5573217 804601831 5573217 867297553
3 0 61828702 5573217 805892955 5573217 867721657
4 0 60988421 5573217 807145265 5573217 868133686
5 0 60148344 5573217 808414075 5573217 868562419
6 0 59324378 5573217 809656144 5573217 868980522
7 0 58334359 5573217 811064063 5573217 869398422
8 0 57484153 5573217 812329113 5573217 869813266
9 0 57973662 5573217 813568812 5573217 871542474
10 0 57157992 5573217 814822678 5573217 871980670
11 0 56356007 5573217 816068784 5573217 872424791
12 0 55529708 5573217 817314187 5573217 872843895
13 0 54699890 5573217 818562701 5573217 873262591
14 0 53741703 5573217 819934824 5573217 873676527
15 0 52817925 5573217 821260391 5573217 874078316
16 0 52017384 5573217 822484758 5573217 874502142
17 0 51229806 5573217 823685235 5573217 874915041
18 0 50432062 5573217 824899157 5573217 875331219
19 0 49621910 5573217 826113301 5573217 875735211
20 0 48816110 5573217 827333001 5573217 876149111
21 0 47954016 5573217 828613569 5573217 876567585
22 0 47149382 5573217 829833565 5573217 876982947
23 0 46317286 5573217 831119671 5573217 877436957
24 0 45528523 5573217 832325945 5573217 877854468
25 0 44704409 5573217 833554070 5573217 878258479
26 0 43860128 5573217 834814010 5573217 878674138
27 0 43076791 5573217 836014154 5573217 879090945
28 0 42280639 5573217 837235983 5573217 879516622
29 0 41485377 5573217 838445275 5573217 879930652
30 0 40763149 5573217 839646975 5573217 880410124
31 0 39864554 5573217 840961266 5573217 880825820
32 0 39066718 5573217 842176891 5573217 881243609
1 0 63914644 5573229 887377581 5573229 951292225
2 0 62487319 5573229 889238139 5573229 951725458
3 0 61517151 5573229 890628669 5573229 952145820
4 0 60657131 5573229 891900349 5573229 952557480
5 0 59818517 5573229 893168029 5573229 952986546
6 0 58996273 5573229 894406117 5573229 953402390
7 0 58147140 5573229 895668520 5573229 953815660
8 0 57326989 5573229 896916496 5573229 954243485
9 0 56506337 5573229 898151196 5573229 954657533
10 0 55687630 5573229 899387636 5573229 955075266
11 0 54765852 5573229 900744647 5573229 955510499
12 0 53917645 5573229 902005179 5573229 955922824
13 0 53073420 5573229 903254249 5573229 956327669
14 0 52133733 5573229 904605650 5573229 956739383
15 0 51285712 5573229 905864182 5573229 957149894
16 0 50480950 5573229 907079418 5573229 957560368
17 0 49698039 5573229 908274766 5573229 957972805
18 0 48906904 5573229 909476763 5573229 958383667
19 0 47990570 5573229 910794590 5573229 958785160
20 0 47172437 5573229 912022030 5573229 959194467
21 0 46310397 5573229 913294488 5573229 959604885
22 0 45518746 5573229 914522909 5573229 960041655
23 0 44779260 5573229 915732072 5573229 960511332
24 0 43989922 5573229 916932198 5573229 960922120
25 0 43209251 5573229 918127824 5573229 961337075
26 0 42362397 5573229 919372523 5573229 961734920
27 0 41516265 5573229 920624777 5573229 962141042
28 0 40722372 5573229 921843884 5573229 962566256
29 0 39927053 5573229 923057362 5573229 962984415
30 0 39130290 5573229 924252321 5573229 963382611
31 0 38355601 5573229 925452947 5573229 963808548
32 0 37562356 5573229 926655573 5573229 964217929
1 0 64862793 5573241 947829155 5573242 12691948
2 0 63424893 5573241 949702435 5573242 13127328
3 0 62435042 5573241 951110742 5573242 13545784
4 0 61573317 5573241 952377255 5573242 13950572
5 0 60738370 5573241 953635880 5573242 14374250
6 0 59918366 5573241 954871394 5573242 14789760
7 0 59078437 5573241 956112575 5573242 15191012
8 0 58259045 5573241 957352089 5573242 15611134
9 0 57451042 5573241 958576603 5573242 16027645
10 0 56623706 5573241 959813561 5573242 16437267
11 0 55743370 5573241 961143203 5573242 16886573
12 0 54911627 5573241 962388328 5573242 17299955
13 0 54076735 5573241 963621564 5573242 17698299
14 0 52663890 5573241 965442790 5573242 18106680
15 0 51802665 5573241 966713174 5573242 18515839
16 0 50989848 5573241 967932058 5573242 18921906
17 0 50204047 5573241 969127536 5573242 19331583
18 0 49356304 5573241 970387624 5573242 19743928
19 0 48562967 5573241 971617008 5573242 20179975
20 0 47780241 5573241 972825004 5573242 20605245
21 0 46924183 5573241 974094962 5573242 21019145
22 0 46123919 5573241 975303088 5573242 21427007
23 0 45368971 5573241 976503510 5573242 21872481
24 0 44585208 5573241 977699765 5573242 22284973
25 0 43796556 5573241 978903076 5573242 22699632
26 0 42852462 5573241 980245125 5573242 23097587
27 0 42052125 5573241 981455066 5573242 23507191
28 0 41269028 5573241 982660451 5573242 23929479
29 0 40489080 5573241 983862021 5573242 24351101
30 0 39692484 5573241 985055499 5573242 24747983
31 0 38905443 5573241 986251236 5573242 25156679
32 0 38128994 5573241 987440399 5573242 25569393
1 0 65113770 5573253 747404693 5573253 812518463
2 0 63684204 5573253 749272973 5573253 812957177
3 0 62714778 5573253 750667410 5573253 813382188
4 0 61849461 5573253 751942516 5573253 813791977
5 0 61004328 5573253 753216863 5573253 814221191
6 0 60172251 5573253 754467173 5573253 814639424
7 0 59312267 5573253 755731983 5573253 815044250
8 0 58486597 5573253 756983274 5573253 815469871
9 0 57672687 5573253 758223362 5573253 815896049
10 0 56842739 5573253 759468061 5573253 816310800
11 0 55854498 5573253 760894387 5573253 816748885
12 0 55013291 5573253 762151271 5573253 817164562
13 0 54168788 5573253 763400766 5573253 817569554
14 0 52727815 5573253 765255343 5573253 817983158
15 0 51887442 5573253 766512412 5573253 818399854
16 0 51070846 5573253 767738074 5573253 818808920
17 0 50278509 5573253 768942607 5573253 819221116
18 0 49397544 5573253 770235824 5573253 819633368
19 0 48586540 5573253 771482727 5573253 820069267
20 0 47780000 5573253 772713463 5573253 820493463
21 0 46911164 5573253 773996773 5573253 820907937
22 0 46099161 5573253 775218713 5573253 821317874
23 0 45333156 5573253 776438320 5573253 821771476
24 0 44534542 5573253 777653482 5573253 822188024
25 0 43740093 5573253 778860127 5573253 822600220
26 0 42814111 5573253 780192009 5573253 823006120
27 0 41990182 5573253 781427560 5573253 823417742
28 0 41189419 5573253 782648278 5573253 823837697
29 0 40404934 5573253 783860848 5573253 824265782
30 0 39600244 5573253 785063678 5573253 824663922
31 0 38790500 5573253 786283470 5573253 825073970
32 0 38019978 5573253 787484114 5573253 825504092
1 0 84191508 5573265 527859773 5573265 612051281
2 0 82900661 5573265 529705239 5573265 612605900
3 0 81958142 5573265 531202933 5573265 613161075
4 0 80926439 5573265 532770293 5573265 613696732
5 0 79811829 5573265 534438781 5573265 614250610
6 0 78737923 5573265 536076195 5573265 614814118
7 0 77616593 5573265 537726127 5573265 615342720
8 0 76533538 5573265 539362671 5573265 615896209
9 0 75314580 5573265 541126638 5573265 616441218
10 0 74222008 5573265 542758941 5573265 616980949
11 0 73162638 5573265 544397540 5573265 617560178
12 0 72088529 5573265 546019343 5573265 618107872
13 0 70988457 5573265 547649368 5573265 618637825
14 0 69755573 5573265 549423446 5573265 619179019
15 0 68503800 5573265 551200302 5573265 619704102
16 0 67547225 5573265 552814161 5573265 620361386
17 0 66521503 5573265 554390891 5573265 620912394
18 0 65475689 5573265 555978547 5573265 621454236
19 0 64410523 5573265 557571184 5573265 621981707
20 0 63327600 5573265 559193153 5573265 622520753
21 0 62081993 5573265 560977194 5573265 623059187
22 0 61020420 5573265 562586905 5573265 623607325
23 0 59986976 5573265 564193005 5573265 624179981
24 0 58935941 5573265 565783401 5573265 624719342
25 0 57897034 5573265 567364779 5573265 625261813
26 0 56789888 5573265 569003545 5573265 625793433
27 0 55581818 5573265 570752105 5573265 626333923
28 0 54529856 5573265 572357279 5573265 626887135
29 0 53473487 5573265 573950323 5573265 627423810
30 0 52444524 5573265 575530794 5573265 627975318
31 0 51394785 5573265 577117838 5573265 628512623
32 0 50355045 5573265 578694420 5573265 629049465
1 0 68799701 5573277 572496698 5573277 641296399
2 0 66799368 5573277 574935930 5573277 641735298
3 0 65507226 5573277 576649009 5573277 642156235
4 0 64250823 5573277 578316182 5573277 642567005
5 0 63001865 5573277 579987484 5573277 642989349
6 0 61540244 5573277 581867412 5573277 643407656
7 0 60469597 5573277 583351051 5573277 643820648
8 0 59645964 5573277 584613009 5573277 644258973
9 0 58821924 5573277 585852745 5573277 644674669
10 0 58002161 5573277 587091482 5573277 645093643
11 0 57189566 5573277 588338847 5573277 645528413
12 0 56363414 5573277 589579528 5573277 645942942
13 0 55466283 5573277 590883411 5573277 646349694
14 0 54503949 5573277 592258922 5573277 646762871
15 0 53657612 5573277 593503844 5573277 647161456
16 0 52864498 5573277 594722636 5573277 647587134
17 0 52082049 5573277 595917651 5573277 647999700
18 0 51288138 5573277 597124962 5573277 648413100
19 0 50480745 5573277 598337995 5573277 648818740
20 0 49677149 5573277 599553213 5573277 649230362
21 0 48500838 5573277 601140109 5573277 649640947
22 0 48230862 5573277 602373697 5573277 650604559
23 0 47479339 5573277 603586897 5573277 651066236
24 0 46700779 5573277 604781541 5573277 651482320
25 0 45892257 5573277 605992482 5573277 651884739
26 0 45050106 5573277 607245199 5573277 652295305
27 0 44264472 5573277 608444566 5573277 652709038
28 0 43481821 5573277 609660117 5573277 653141938
29 0 42637503 5573277 610920131 5573277 653557634
30 0 41841592 5573277 612125423 5573277 653967015
31 0 41057440 5573277 613336697 5573277 654394137
32 0 40271269 5573277 614534675 5573277 654805944
