1 0 626856744 5625322 560436482 5625323 187293226
2 0 445182193 5625322 804065451 5625323 249247644
1 0 610593487 5625330 412743456 5625331 23336943
2 0 458282007 5625330 631133278 5625331 89415285
1 0 652831118 5625338 286964805 5625338 939795923
2 0 449910050 5625338 558167064 5625339 8077114
1 0 612270178 5625346 160667626 5625346 772937804
2 0 443342911 5625346 395844676 5625346 839187587
1 0 635604824 5625354 99631933 5625354 735236757
2 0 444293671 5625354 355601768 5625354 799895439
1 0 645239073 5625362 11002413 5625362 656241486
2 0 460663168 5625362 263121707 5625362 723784875
1 0 610038330 5625369 884144392 5625370 494182722
2 0 436247931 5625370 123624214 5625370 559872145
1 0 630011112 5625377 748914690 5625378 378925802
2 0 449961364 5625377 995618232 5625378 445579596
1 0 618549396 5625385 622931930 5625386 241481326
2 0 443668145 5625385 862511159 5625386 306179304
1 0 597979737 5625393 532715883 5625394 130695620
2 0 454466151 5625393 744832227 5625394 199298378
1 0 640523900 5625401 133064779 5625401 773588679
2 0 454561501 5625401 388547419 5625401 843108920
1 0 621674154 5625408 761246849 5625409 382921003
2 0 450864644 5625409 11773450 5625409 462638094
1 0 603771908 5625416 372566803 5625416 976338711
2 0 447183655 5625416 604777111 5625417 51960766
1 0 596267102 5625423 942116060 5625424 538383162
2 0 448554130 5625424 161245109 5625424 609799239
1 0 665744195 5625431 604445410 5625432 270189605
2 0 461987791 5625431 878758444 5625432 340746235
1 0 626028981 5625439 452177964 5625440 78206945
2 0 459965494 5625439 685515400 5625440 145480894
1 0 600112735 5625447 306208180 5625447 906320915
2 0 443407169 5625447 532096197 5625447 975503366
1 0 642159777 5625454 962164035 5625455 604323812
2 0 458714647 5625455 214294829 5625455 673009476
1 0 634919596 5625462 633140298 5625463 268059894
2 0 447753386 5625462 889089226 5625463 336842612
1 0 634291588 5625470 256651323 5625470 890942911
2 0 459929699 5625470 503464233 5625470 963393932
1 0 628422845 5625478 154208275 5625478 782631120
2 0 453498669 5625478 401339272 5625478 854837941
1 0 623238662 5625486 13734908 5625486 636973570
2 0 440524593 5625486 262653872 5625486 703178465
1 0 628320958 5625493 928542765 5625494 556863723
2 0 462658426 5625494 169825481 5625494 632483907
1 0 614791836 5625501 763249020 5625502 378040856
2 0 445327968 5625502 2298980 5625502 447626948
1 0 612101718 5625509 400805619 5625510 12907337
2 0 437587090 5625509 640808247 5625510 78395337
1 0 618549710 5625517 351177230 5625517 969726940
2 0 446802125 5625517 589604757 5625518 36406882
1 0 612786242 5625524 960272647 5625525 573058889
2 0 443642406 5625525 201472123 5625525 645114529
1 0 622626969 5625532 564103476 5625533 186730445
2 0 438298819 5625532 813169048 5625533 251467867
1 0 639330144 5625540 493557359 5625541 132887503
2 0 430991860 5625540 764746470 5625541 195738330
1 0 606907387 5625548 414738728 5625549 21646115
2 0 443856068 5625548 642883574 5625549 86739642
