1 1 189040860 5625556 7978658 5625557 197019518
2 0 994972536 5625556 270513446 5625557 265485982
3 0 838511318 5625556 488731030 5625557 327242348
4 0 693088841 5625556 706509159 5625557 399598000
1 1 164352961 5625564 232702191 5625565 397055152
2 0 997039998 5625564 472290049 5625565 469330047
3 0 840063456 5625564 693955106 5625565 534018562
4 0 685369335 5625564 908616274 5625565 593985609
1 1 227856572 5625572 494717983 5625573 722574555
2 1 23829414 5625572 765245605 5625573 789075019
3 0 858137068 5625572 993037328 5625573 851174396
4 0 707519095 5625573 220643591 5625573 928162686
1 1 196732200 5625580 753512167 5625581 950244367
2 1 9681321 5625581 11447169 5625582 21128490
3 0 854643484 5625581 232626606 5625582 87270090
4 0 713408042 5625581 441253995 5625582 154662037
1 1 174220521 5625589 258422255 5625590 432642776
2 1 8514528 5625589 497901263 5625590 506415791
3 0 850601614 5625589 722197883 5625590 572799497
4 0 704352301 5625589 935811200 5625590 640163501
1 1 183987137 5625597 403164979 5625598 587152116
2 0 996693097 5625597 658866448 5625598 655559545
3 0 840215509 5625597 884791871 5625598 725007380
4 0 691306874 5625598 105151267 5625598 796458141
1 1 150816988 5625605 632437630 5625606 783254618
2 1 5175886 5625605 852545309 5625606 857721195
3 0 837538836 5625606 82553435 5625606 920092271
4 0 692972214 5625606 299535375 5625606 992507589
1 1 184880140 5625613 840946052 5625615 25826192
2 1 2079776 5625614 93858443 5625615 95938219
3 0 844182084 5625614 318890161 5625615 163072245
4 0 689924103 5625614 537262816 5625615 227186919
1 1 185471573 5625622 78682252 5625623 264153825
2 1 3867576 5625622 332680660 5625623 336548236
3 0 860864037 5625622 547599730 5625623 408463767
4 0 717166065 5625622 761832961 5625623 478999026
1 1 196731533 5625630 560950496 5625631 757682029
2 1 11802986 5625630 812020680 5625631 823823666
3 0 855044107 5625631 36439057 5625631 891483164
4 0 707244247 5625631 252749676 5625631 959993923
1 1 163242074 5625639 29059278 5625640 192301352
2 0 997216624 5625639 265632617 5625640 262849241
3 0 856867647 5625639 484101955 5625640 340969602
4 0 702442373 5625639 700439185 5625640 402881558
1 1 204002418 5625647 548463636 5625648 752466054
2 1 17721414 5625647 804331398 5625648 822052812
3 0 857750019 5625648 33524188 5625648 891274207
4 0 700921401 5625648 255568108 5625648 956489509
1 1 166036837 5625655 905813360 5625657 71850197
2 1 5155645 5625656 136297181 5625657 141452826
3 0 848238472 5625656 362914166 5625657 211152638
4 0 697787903 5625656 582660443 5625657 280448346
1 1 165675585 5625664 406834018 5625665 572509603
2 0 997182292 5625664 642596223 5625665 639778515
3 0 838461652 5625664 866020267 5625665 704481919
4 0 705791645 5625665 69000538 5625665 774792183
1 1 181947656 5625672 643583068 5625673 825530724
2 1 6393715 5625672 892027818 5625673 898421533
3 0 860625541 5625673 101443490 5625673 962069031
4 0 708414374 5625673 321131713 5625674 29546087
1 1 203439558 5625681 133848905 5625682 337288463
2 1 15360810 5625681 386921181 5625682 402281991
3 0 861400545 5625681 612979751 5625682 474380296
4 0 714287766 5625681 832541032 5625682 546828798
1 1 176043913 5625689 351012962 5625690 527056875
2 1 2286198 5625689 599068979 5625690 601355177
3 0 853018125 5625689 817616742 5625690 670634867
4 0 705874884 5625690 35558997 5625690 741433881
1 1 205289524 5625697 843943102 5625699 49232626
2 1 15393216 5625698 101303022 5625699 116696238
3 0 855468580 5625698 332035320 5625699 187503900
4 0 707304988 5625698 546822133 5625699 254127121
1 1 160978264 5625706 342204180 5625707 503182444
2 1 15846856 5625706 555351876 5625707 571198732
3 0 872562044 5625706 771097690 5625707 643659734
4 0 715857274 5625706 994038576 5625707 709895850
1 1 170566421 5625714 837823881 5625716 8390302
2 1 5901038 5625715 76719900 5625716 82620938
3 0 859940942 5625715 288928964 5625716 148869906
4 0 710979938 5625715 509940626 5625716 220920564
1 1 199113174 5625723 324819981 5625724 523933155
2 1 14616471 5625723 577378915 5625724 591995386
3 0 863929313 5625723 801538575 5625724 665467888
4 0 723078419 5625724 15141077 5625724 738219496
1 1 209761516 5625731 824698418 5625733 34459934
2 1 26079483 5625732 79074356 5625733 105153839
3 0 862770335 5625732 313372181 5625733 176142516
4 0 715333673 5625732 529516729 5625733 244850402
1 1 229108623 5625740 63486985 5625741 292595608
2 1 27503420 5625740 331923461 5625741 359426881
3 0 875251939 5625740 556970919 5625741 432222858
4 0 713908181 5625740 789514258 5625741 503422439
1 1 175899304 5625748 271299436 5625749 447198740
2 1 5264069 5625748 507209102 5625749 512473171
3 0 854297397 5625748 725191931 5625749 579489328
4 0 705748664 5625748 949722824 5625749 655471488
1 1 144630953 5625756 796642905 5625757 941273858
2 0 989387065 5625757 24494311 5625758 13881376
3 0 841767628 5625757 242082851 5625758 83850479
4 0 705657629 5625757 446035789 5625758 151693418
1 1 159478477 5625765 264988439 5625766 424466916
2 0 995582876 5625765 500745830 5625766 496328706
3 0 848895849 5625765 718310037 5625766 567205886
4 0 701208118 5625765 937724413 5625766 638932531
1 1 230504431 5625773 457725500 5625774 688229931
2 1 43901841 5625773 719689150 5625774 763590991
3 0 891327865 5625773 942624629 5625774 833952494
4 0 738394472 5625774 166254168 5625774 904648640
1 1 171822786 5625781 924974184 5625783 96796970
2 1 24959040 5625782 144578612 5625783 169537652
3 0 865586912 5625782 369306743 5625783 234893655
4 0 712438838 5625782 591060650 5625783 303499488
1 1 180802344 5625790 141205090 5625791 322007434
2 1 4308141 5625790 388426845 5625791 392734986
3 0 868125273 5625790 602723982 5625791 470849255
4 0 722651631 5625790 817921047 5625791 540572678
1 1 205335949 5625798 523973085 5625799 729309034
2 1 27487716 5625798 770611850 5625799 798099566
3 0 865620319 5625798 999644772 5625799 865265091
4 0 713964476 5625799 220920985 5625799 934885461
