1 2 311917860 5625807 4469877 5625809 316387737
2 2 129919277 5625807 252728742 5625809 382648019
3 1 983025754 5625807 473630813 5625809 456656567
4 1 839189211 5625807 691758917 5625809 530948128
5 1 677383461 5625807 916238867 5625809 593622328
6 1 530628250 5625808 132410599 5625809 663038849
7 1 372551673 5625808 353463038 5625809 726014711
8 1 225321933 5625808 576193039 5625809 801514972
1 2 368272732 5625816 751025224 5625819 119297956
2 2 173847007 5625817 10542197 5625819 184389204
3 2 30956502 5625817 222757632 5625819 253714134
4 1 870207252 5625817 452490263 5625819 322697515
5 1 714559797 5625817 673630311 5625819 388190108
6 1 564677903 5625817 898822396 5625819 463500299
7 1 404509253 5625818 128157553 5625819 532666806
8 1 249830723 5625818 349743557 5625819 599574280
1 2 361601021 5625826 424206178 5625828 785807199
2 2 177649381 5625826 679563302 5625828 857212683
3 2 17891484 5625826 907275377 5625828 925166861
4 1 868546746 5625827 125971082 5625828 994517828
5 1 709797959 5625827 358511069 5625829 68309028
6 1 548672122 5625827 585877966 5625829 134550088
7 1 403194165 5625827 809907054 5625829 213101219
8 1 239447803 5625828 38060807 5625829 277508610
1 2 320675088 5625836 122019309 5625838 442694397
2 2 152327828 5625836 360456114 5625838 512783942
3 2 256900 5625836 583857843 5625838 584114743
4 1 844715942 5625836 806734360 5625838 651450302
5 1 696551332 5625837 25969276 5625838 722520608
6 1 534499846 5625837 251604112 5625838 786103958
7 1 391846929 5625837 466345964 5625838 858192893
8 1 233864646 5625837 699777953 5625838 933642599
1 2 329713217 5625845 801229449 5625848 130942666
2 2 137165921 5625846 62541889 5625848 199707810
3 1 993582800 5625846 279684677 5625848 273267477
4 1 846369579 5625846 506798949 5625848 353168528
5 1 680832287 5625846 736005664 5625848 416837951
6 1 529309275 5625846 969484115 5625848 498793390
7 1 371715577 5625847 190533925 5625848 562249502
8 1 213988715 5625847 417491922 5625848 631480637
1 2 352533521 5625855 171620483 5625857 524154004
2 2 174068151 5625855 422415117 5625857 596483268
3 2 33716693 5625855 634242632 5625857 667959325
4 1 872960072 5625855 859519790 5625857 732479862
5 1 713167896 5625856 91815245 5625857 804983141
6 1 572022768 5625856 311799425 5625857 883822193
7 1 410635547 5625856 548754609 5625857 959390156
8 1 239989552 5625856 782976473 5625858 22966025
1 2 308739807 5625864 822413978 5625867 131153785
2 2 136560673 5625865 64314423 5625867 200875096
3 1 994385119 5625865 281584746 5625867 275969865
4 1 840765904 5625865 504899143 5625867 345665047
5 1 694574479 5625865 722375833 5625867 416950312
6 1 547354979 5625865 944319015 5625867 491673994
7 1 407065168 5625866 165643060 5625867 572708228
8 1 242786279 5625866 392522817 5625867 635309096
1 2 351395616 5625874 245080515 5625876 596476131
2 2 162400013 5625874 506160867 5625876 668560880
3 2 21430900 5625874 721624371 5625876 743055271
4 1 854868849 5625874 955818643 5625876 810687492
5 1 702975787 5625875 179929007 5625876 882904794
6 1 557516015 5625875 397767227 5625876 955283242
7 1 395975335 5625875 628231289 5625877 24206624
8 1 240049644 5625875 852544594 5625877 92594238
1 2 320159819 5625883 893150300 5625886 213310119
2 2 141274717 5625884 135586957 5625886 276861674
3 1 984525189 5625884 359511510 5625886 344036699
4 1 836670350 5625884 579472802 5625886 416143152
5 1 689549201 5625884 803367596 5625886 492916797
6 1 533779729 5625885 21932970 5625886 555712699
7 1 379100293 5625885 245451419 5625886 624551712
8 1 226873904 5625885 462855277 5625886 689729181
1 2 314438887 5625893 607998284 5625895 922437171
2 2 142324550 5625893 853284203 5625895 995608753
3 1 998640022 5625894 70347623 5625896 68987645
4 1 835186192 5625894 304579283 5625896 139765475
5 1 689860658 5625894 522445465 5625896 212306123
6 1 540459107 5625894 741062282 5625896 281521389
7 1 383863854 5625894 970697619 5625896 354561473
8 1 236381119 5625895 185281140 5625896 421662259
1 2 315028839 5625903 13629504 5625905 328658343
2 2 140780818 5625903 250696019 5625905 391476837
3 1 989609892 5625903 473501611 5625905 463111503
4 1 837939049 5625903 698023208 5625905 535962257
5 1 691542275 5625903 913387604 5625905 604929879
6 1 539644177 5625904 142512820 5625905 682156997
7 1 394536657 5625904 359295486 5625905 753832143
8 1 238704706 5625904 581721658 5625905 820426364
1 2 317351648 5625912 488298789 5625914 805650437
2 2 137985536 5625912 730863796 5625914 868849332
3 1 991429006 5625912 950664295 5625914 942093301
4 1 840482613 5625913 171233816 5625915 11716429
5 1 688013136 5625913 390653656 5625915 78666792
6 1 542540253 5625913 608930201 5625915 151470454
7 1 392936502 5625913 828443983 5625915 221380485
8 1 224478708 5625914 63373556 5625915 287852264
1 2 325393296 5625921 864795915 5625924 190189211
2 2 134604117 5625922 122132613 5625924 256736730
3 1 990355360 5625922 332439860 5625924 322795220
4 1 842202989 5625922 552110250 5625924 394313239
5 1 691997119 5625922 771987396 5625924 463984515
6 1 519990520 5625923 12611086 5625924 532601606
7 1 382366641 5625923 230276754 5625924 612643395
8 1 237724576 5625923 444213194 5625924 681937770
1 2 330759865 5625931 391784664 5625933 722544529
2 2 157137629 5625931 635963715 5625933 793101344
3 1 991137993 5625931 871334854 5625933 862472847
4 1 838994399 5625932 88009818 5625933 927004217
5 1 697761716 5625932 311183014 5625934 8944730
6 1 556031505 5625932 526317821 5625934 82349326
7 1 380160718 5625932 762937714 5625934 143098432
8 1 231241676 5625932 986121151 5625934 217362827
1 2 259951777 5625940 844857771 5625943 104809548
2 2 106899496 5625941 66068967 5625943 172968463
3 1 976033011 5625941 276911797 5625943 252944808
4 1 816096542 5625941 503651335 5625943 319747877
5 1 667091928 5625941 718814863 5625943 385906791
6 1 518620934 5625941 934989669 5625943 453610603
7 1 370168216 5625942 153413231 5625943 523581447
8 1 223548133 5625942 370416151 5625943 593964284
1 2 273389253 5625950 271203258 5625952 544592511
2 2 109478078 5625950 508040352 5625952 617518430
3 1 965829439 5625950 727347545 5625952 693176984
4 1 807811343 5625950 956032806 5625952 763844149
5 1 663728064 5625951 173505422 5625952 837233486
6 1 524039908 5625951 385572637 5625952 909612545
7 1 377866501 5625951 604039272 5625952 981905773
8 1 226570002 5625951 822314410 5625953 48884412
1 2 285442752 5625959 723552731 5625962 8995483
2 2 129891907 5625959 950952053 5625962 80843960
3 1 968081510 5625960 180945327 5625962 149026837
4 1 813161800 5625960 401727253 5625962 214889053
5 1 661508846 5625960 619068537 5625962 280577383
6 1 518717728 5625960 836802685 5625962 355520413
7 1 369931739 5625961 53112915 5625962 423044654
8 1 218018326 5625961 277401832 5625962 495420158
1 2 305794120 5625969 163318489 5625971 469112609
2 2 146529324 5625969 403264192 5625971 549793516
3 1 975247100 5625969 637824272 5625971 613071372
4 1 820926287 5625969 861121206 5625971 682047493
5 1 671892710 5625970 79187515 5625971 751080225
6 1 517968389 5625970 302986663 5625971 820955052
7 1 364982089 5625970 526428669 5625971 891410758
8 1 216209248 5625970 747253445 5625971 963462693
1 2 235860904 5625978 884694593 5625981 120555497
2 2 98550890 5625979 90824676 5625981 189375566
3 1 949143042 5625979 308838208 5625981 257981250
4 1 793812119 5625979 529192937 5625981 323005056
5 1 649997557 5625979 742715755 5625981 392713312
6 1 512581674 5625979 953509771 5625981 466091445
7 1 367897610 5625980 168540210 5625981 536437820
8 1 218794386 5625980 382716497 5625981 601510883
1 2 265881631 5625988 333442334 5625990 599323965
2 2 76386094 5625988 591770477 5625990 668156571
3 1 925644140 5625988 806573550 5625990 732217690
4 1 751748299 5625989 36786079 5625990 788534378
5 1 612293046 5625989 248407043 5625990 860700089
6 1 467358430 5625989 466017805 5625990 933376235
7 1 337532927 5625989 670430623 5625991 7963550
8 1 179706604 5625989 896219420 5625991 75926024
1 2 252936702 5625997 959682389 5626000 212619091
2 2 77907862 5625998 206209397 5626000 284117259
3 1 939867732 5625998 418020635 5626000 357888367
4 1 783262108 5625998 638743414 5626000 422005522
5 1 640346586 5625998 849280212 5626000 489626798
6 1 495840537 5625999 62391556 5626000 558232093
7 1 353563836 5625999 275440772 5626000 629004608
8 1 199852605 5625999 493518413 5626000 693371018
1 2 311705141 5626007 389017228 5626009 700722369
2 2 121023477 5626007 652178486 5626009 773201963
3 1 973308432 5626007 864116759 5626009 837425191
4 1 824820845 5626008 86261826 5626009 911082671
5 1 670740657 5626008 312626593 5626009 983367250
6 1 519349605 5626008 526998988 5626010 46348593
7 1 386315883 5626008 745854689 5626010 132170572
8 1 239025977 5626008 968111180 5626010 207137157
1 2 275888428 5626017 97817340 5626019 373705768
2 2 79079118 5626017 360658289 5626019 439737407
3 1 935290260 5626017 573102904 5626019 508393164
4 1 783579714 5626017 796993624 5626019 580573338
5 1 635555451 5626018 12792197 5626019 648347648
6 1 489100346 5626018 229580195 5626019 718680541
7 1 352172047 5626018 433651761 5626019 785823808
8 1 210263691 5626018 641656440 5626019 851920131
1 2 319648513 5626026 603601885 5626028 923250398
2 2 139812169 5626026 848772936 5626028 988585105
3 1 998574042 5626027 67908910 5626029 66482952
4 1 857364710 5626027 283213566 5626029 140578276
5 1 694621014 5626027 503409317 5626029 198030331
6 1 565384408 5626027 716635214 5626029 282019622
7 1 404444198 5626027 943789467 5626029 348233665
8 1 253002313 5626028 161686890 5626029 414689203
1 2 274584952 5626036 31620526 5626038 306205478
2 2 116413099 5626036 257379693 5626038 373792792
3 1 970724609 5626036 474871345 5626038 445595954
4 1 811135226 5626036 700875786 5626038 512011012
5 1 673614511 5626036 911205218 5626038 584819729
6 1 518061869 5626037 132573262 5626038 650635131
7 1 365300935 5626037 351655959 5626038 716956894
8 1 224422375 5626037 567434569 5626038 791856944
1 2 287482641 5626045 474732630 5626047 762215271
2 2 101530187 5626045 730829943 5626047 832360130
3 1 955720829 5626045 943209078 5626047 898929907
4 1 808885175 5626046 156103963 5626047 964989138
5 1 663807858 5626046 372175457 5626048 35983315
6 1 506707578 5626046 602461781 5626048 109169359
7 1 356985773 5626046 821374778 5626048 178360551
8 1 210391189 5626047 42882227 5626048 253273416
1 2 343026787 5626055 144005597 5626057 487032384
2 2 151452437 5626055 405470052 5626057 556922489
3 2 8509192 5626055 620915798 5626057 629424990
4 1 867502005 5626055 830960254 5626057 698462259
5 1 719130582 5626056 45795048 5626057 764925630
6 1 565549885 5626056 269352052 5626057 834901937
7 1 412845673 5626056 491759854 5626057 904605527
8 1 243658411 5626056 732727353 5626057 976385764
1 2 331910176 5626064 873705954 5626067 205616130
2 2 143647191 5626065 128509569 5626067 272156760
3 1 983977976 5626065 365626805 5626067 349604781
4 1 824764679 5626065 593024924 5626067 417789603
5 1 678636975 5626065 808706850 5626067 487343825
6 1 529180425 5626066 28464942 5626067 557645367
7 1 368017737 5626066 254758988 5626067 622776725
8 1 208130878 5626066 482555211 5626067 690686089
1 2 301477587 5626074 597354811 5626076 898832398
2 2 123876406 5626074 849886319 5626076 973762725
3 1 975492521 5626075 63420081 5626077 38912602
4 1 816552571 5626075 288635888 5626077 105188459
5 1 665544290 5626075 511020506 5626077 176564796
6 1 525671804 5626075 722227292 5626077 247899096
7 1 372015108 5626075 946467580 5626077 318482688
8 1 217118658 5626076 171018214 5626077 388136872
1 2 303357461 5626084 254052508 5626086 557409969
2 2 120304287 5626084 508450538 5626086 628754825
3 1 964290912 5626084 734718659 5626086 699009571
4 1 817741586 5626084 951427307 5626086 769168893
5 1 667227481 5626085 167389895 5626086 834617376
6 1 511868594 5626085 389927955 5626086 901796549
7 1 367717687 5626085 603184407 5626086 970902094
8 1 209120082 5626085 827234884 5626087 36354966
