1 -5626094 67865816 5626093 932134184 0 0
2 -5626095 816412288 5626094 183587712 0 0
3 -5626095 596091632 5626094 403908368 0 0
4 -5626095 367749790 5626094 632250210 0 0
5 -5626095 135656535 5626094 864343465 0 0
6 -5626096 912425099 5626095 87574901 0 0
7 -5626096 687719432 5626095 312280568 0 0
8 -5626096 469735825 5626095 530264175 0 0
9 -5626096 252190563 5626095 747809437 0 0
10 -5626096 26761501 5626095 973238499 0 0
11 -5626097 811179072 5626096 188820928 0 0
12 -5626097 578499588 5626096 421500412 0 0
13 -5626097 355364576 5626096 644635424 0 0
14 -5626097 127503763 5626096 872496237 0 0
15 -5626098 904441842 5626097 95558158 0 0
16 -5626098 687227666 5626097 312772334 0 0
1 -5626107 775652279 5626106 224347721 0 0
2 -5626107 528863276 5626106 471136724 0 0
3 -5626107 320997484 5626106 679002516 0 0
4 -5626107 94737159 5626106 905262841 0 0
5 -5626108 867251190 5626107 132748810 0 0
6 -5626108 650305102 5626107 349694898 0 0
7 -5626108 429655415 5626107 570344585 0 0
8 -5626108 209123022 5626107 790876978 0 0
9 -5626109 997666370 5626108 2333630 0 0
10 -5626109 779707134 5626108 220292866 0 0
11 -5626109 560317850 5626108 439682150 0 0
12 -5626109 344230875 5626108 655769125 0 0
13 -5626109 126842776 5626108 873157224 0 0
14 -5626110 909825300 5626109 90174700 0 0
15 -5626110 679444089 5626109 320555911 0 0
16 -5626110 468139360 5626109 531860640 0 0
1 -5626120 798608713 5626119 201391287 0 0
2 -5626120 561334609 5626119 438665391 0 0
3 -5626120 340810883 5626119 659189117 0 0
4 -5626120 127077217 5626119 872922783 0 0
5 -5626121 912361180 5626120 87638820 0 0
6 -5626121 691312760 5626120 308687240 0 0
7 -5626121 485079030 5626120 514920970 0 0
8 -5626121 268844669 5626120 731155331 0 0
9 -5626121 47630363 5626120 952369637 0 0
10 -5626122 836407947 5626121 163592053 0 0
11 -5626122 607870054 5626121 392129946 0 0
12 -5626122 397315366 5626121 602684634 0 0
13 -5626122 171691197 5626121 828308803 0 0
14 -5626123 960379116 5626122 39620884 0 0
15 -5626123 744962611 5626122 255037389 0 0
16 -5626123 525400533 5626122 474599467 0 0
1 -5626132 135314845 5626131 864685155 0 0
2 -5626133 922184798 5626132 77815202 0 0
3 -5626133 701969936 5626132 298030064 0 0
4 -5626133 490559061 5626132 509440939 0 0
5 -5626133 261844467 5626132 738155533 0 0
6 -5626133 46863231 5626132 953136769 0 0
7 -5626134 838375950 5626133 161624050 0 0
8 -5626134 607359102 5626133 392640898 0 0
9 -5626134 397078799 5626133 602921201 0 0
10 -5626134 178197209 5626133 821802791 0 0
11 -5626135 963635021 5626134 36364979 0 0
12 -5626135 741828207 5626134 258171793 0 0
13 -5626135 531891379 5626134 468108621 0 0
14 -5626135 316630167 5626134 683369833 0 0
15 -5626135 85672836 5626134 914327164 0 0
16 -5626136 862030353 5626135 137969647 0 0
1 -5626145 242483954 5626144 757516046 0 0
2 -5626146 997362717 5626145 2637283 0 0
3 -5626146 776928248 5626145 223071752 0 0
4 -5626146 549539259 5626145 450460741 0 0
5 -5626146 337507136 5626145 662492864 0 0
6 -5626146 115495993 5626145 884504007 0 0
7 -5626147 895324278 5626146 104675722 0 0
8 -5626147 680158380 5626146 319841620 0 0
9 -5626147 462967944 5626146 537032056 0 0
10 -5626147 247492347 5626146 752507653 0 0
11 -5626147 32701941 5626146 967298059 0 0
12 -5626148 815476988 5626147 184523012 0 0
13 -5626148 608410348 5626147 391589652 0 0
14 -5626148 381299039 5626147 618700961 0 0
15 -5626148 167462782 5626147 832537218 0 0
16 -5626149 954369660 5626148 45630340 0 0
1 -5626158 575884370 5626157 424115630 0 0
2 -5626158 333550933 5626157 666449067 0 0
3 -5626158 115814119 5626157 884185881 0 0
4 -5626159 907962826 5626158 92037174 0 0
5 -5626159 680263898 5626158 319736102 0 0
6 -5626159 465838912 5626158 534161088 0 0
7 -5626159 251725772 5626158 748274228 0 0
8 -5626159 41765981 5626158 958234019 0 0
9 -5626160 825943113 5626159 174056887 0 0
10 -5626160 614421888 5626159 385578112 0 0
11 -5626160 393446651 5626159 606553349 0 0
12 -5626160 172880333 5626159 827119667 0 0
13 -5626161 952608398 5626160 47391602 0 0
14 -5626161 737474425 5626160 262525575 0 0
15 -5626161 527111864 5626160 472888136 0 0
16 -5626161 313524547 5626160 686475453 0 0
1 -5626171 665864350 5626170 334135650 0 0
2 -5626171 400704426 5626170 599295574 0 0
3 -5626171 200658712 5626170 799341288 0 0
4 -5626172 980025340 5626171 19974660 0 0
5 -5626172 767027549 5626171 232972451 0 0
6 -5626172 555936761 5626171 444063239 0 0
7 -5626172 337048430 5626171 662951570 0 0
8 -5626172 114716756 5626171 885283244 0 0
9 -5626173 897550560 5626172 102449440 0 0
10 -5626173 676917929 5626172 323082071 0 0
11 -5626173 459268076 5626172 540731924 0 0
12 -5626173 236643147 5626172 763356853 0 0
13 -5626173 19022682 5626172 980977318 0 0
14 -5626174 794664989 5626173 205335011 0 0
15 -5626174 570590847 5626173 429409153 0 0
16 -5626174 351887421 5626173 648112579 0 0
1 -5626184 974137636 5626183 25862364 0 0
2 -5626184 744440059 5626183 255559941 0 0
3 -5626184 519540025 5626183 480459975 0 0
4 -5626184 292187387 5626183 707812613 0 0
5 -5626184 73339111 5626183 926660889 0 0
6 -5626185 850220321 5626184 149779679 0 0
7 -5626185 631236363 5626184 368763637 0 0
8 -5626185 418368978 5626184 581631022 0 0
9 -5626185 203067341 5626184 796932659 0 0
10 -5626186 989268195 5626185 10731805 0 0
11 -5626186 782566714 5626185 217433286 0 0
12 -5626186 564181078 5626185 435818922 0 0
13 -5626186 351219695 5626185 648780305 0 0
14 -5626186 133420215 5626185 866579785 0 0
15 -5626187 920954044 5626186 79045956 0 0
16 -5626187 693242616 5626186 306757384 0 0
1 -5626196 236734723 5626195 763265277 0 0
2 -5626196 12947668 5626195 987052332 0 0
3 -5626197 795339906 5626196 204660094 0 0
4 -5626197 560173986 5626196 439826014 0 0
5 -5626197 331796108 5626196 668203892 0 0
6 -5626197 111671041 5626196 888328959 0 0
7 -5626198 900378682 5626197 99621318 0 0
8 -5626198 669263650 5626197 330736350 0 0
9 -5626198 459231361 5626197 540768639 0 0
10 -5626198 239303624 5626197 760696376 0 0
11 -5626198 17761305 5626197 982238695 0 0
12 -5626199 804777922 5626198 195222078 0 0
13 -5626199 574990106 5626198 425009894 0 0
14 -5626199 353260069 5626198 646739931 0 0
15 -5626199 136345202 5626198 863654798 0 0
16 -5626200 917484797 5626199 82515203 0 0
1 -5626209 465098902 5626208 534901098 0 0
2 -5626209 207983571 5626208 792016429 0 0
3 -5626210 998803803 5626209 1196197 0 0
4 -5626210 777232244 5626209 222767756 0 0
5 -5626210 561070826 5626209 438929174 0 0
6 -5626210 336337585 5626209 663662415 0 0
7 -5626210 113992336 5626209 886007664 0 0
8 -5626211 895030692 5626210 104969308 0 0
9 -5626211 667150768 5626210 332849232 0 0
10 -5626211 450469767 5626210 549530233 0 0
11 -5626211 232805989 5626210 767194011 0 0
12 -5626211 7372408 5626210 992627592 0 0
13 -5626212 772456705 5626211 227543295 0 0
14 -5626212 555785371 5626211 444214629 0 0
15 -5626212 342584159 5626211 657415841 0 0
16 -5626212 125746179 5626211 874253821 0 0
1 -5626222 775998639 5626221 224001361 0 0
2 -5626222 537569168 5626221 462430832 0 0
3 -5626222 312280196 5626221 687719804 0 0
4 -5626222 104198316 5626221 895801684 0 0
5 -5626223 886923770 5626222 113076230 0 0
6 -5626223 668858036 5626222 331141964 0 0
7 -5626223 449368272 5626222 550631728 0 0
8 -5626223 227025061 5626222 772974939 0 0
9 -5626223 12987086 5626222 987012914 0 0
10 -5626224 793007349 5626223 206992651 0 0
11 -5626224 574433347 5626223 425566653 0 0
12 -5626224 348421758 5626223 651578242 0 0
13 -5626224 132146250 5626223 867853750 0 0
14 -5626225 906816334 5626224 93183666 0 0
15 -5626225 680859004 5626224 319140996 0 0
16 -5626225 457279260 5626224 542720740 0 0
1 -5626234 46199995 5626233 953800005 0 0
2 -5626235 793274475 5626234 206725525 0 0
3 -5626235 569617677 5626234 430382323 0 0
4 -5626235 353936251 5626234 646063749 0 0
5 -5626235 137740000 5626234 862260000 0 0
6 -5626236 914205292 5626235 85794708 0 0
7 -5626236 694680585 5626235 305319415 0 0
8 -5626236 474756792 5626235 525243208 0 0
9 -5626236 248880738 5626235 751119262 0 0
10 -5626236 30174108 5626235 969825892 0 0
11 -5626237 800559845 5626236 199440155 0 0
12 -5626237 585316411 5626236 414683589 0 0
13 -5626237 363061179 5626236 636938821 0 0
14 -5626237 144591656 5626236 855408344 0 0
15 -5626238 927787954 5626237 72212046 0 0
16 -5626238 708591703 5626237 291408297 0 0
1 -5626247 520967167 5626246 479032833 0 0
2 -5626247 254636652 5626246 745363348 0 0
3 -5626247 38743674 5626246 961256326 0 0
4 -5626248 818326446 5626247 181673554 0 0
5 -5626248 602251879 5626247 397748121 0 0
6 -5626248 377154144 5626247 622845856 0 0
7 -5626248 160666084 5626247 839333916 0 0
8 -5626249 941402390 5626248 58597610 0 0
9 -5626249 718261453 5626248 281738547 0 0
10 -5626249 506060259 5626248 493939741 0 0
11 -5626249 291171985 5626248 708828015 0 0
12 -5626249 72196174 5626248 927803826 0 0
13 -5626250 846848463 5626249 153151537 0 0
14 -5626250 624797690 5626249 375202310 0 0
15 -5626250 410367871 5626249 589632129 0 0
16 -5626250 198109289 5626249 801890711 0 0
1 -5626260 802788309 5626259 197211691 0 0
2 -5626260 551162839 5626259 448837161 0 0
3 -5626260 336124160 5626259 663875840 0 0
4 -5626260 113348235 5626259 886651765 0 0
5 -5626261 893861897 5626260 106138103 0 0
6 -5626261 684383764 5626260 315616236 0 0
7 -5626261 461592561 5626260 538407439 0 0
8 -5626261 237085037 5626260 762914963 0 0
9 -5626261 8226853 5626260 991773147 0 0
10 -5626262 793388893 5626261 206611107 0 0
11 -5626262 579362899 5626261 420637101 0 0
12 -5626262 356119463 5626261 643880537 0 0
13 -5626262 138975027 5626261 861024973 0 0
14 -5626263 921552818 5626262 78447182 0 0
15 -5626263 685870129 5626262 314129871 0 0
16 -5626263 469847950 5626262 530152050 0 0
1 -5626272 69565950 5626271 930434050 0 0
2 -5626273 816052737 5626272 183947263 0 0
3 -5626273 594115555 5626272 405884445 0 0
4 -5626273 376774456 5626272 623225544 0 0
5 -5626273 159492207 5626272 840507793 0 0
6 -5626274 947288198 5626273 52711802 0 0
7 -5626274 725848637 5626273 274151363 0 0
8 -5626274 499196209 5626273 500803791 0 0
9 -5626274 277796869 5626273 722203131 0 0
10 -5626274 58124942 5626273 941875058 0 0
11 -5626275 832298183 5626274 167701817 0 0
12 -5626275 608946101 5626274 391053899 0 0
13 -5626275 394844998 5626274 605155002 0 0
14 -5626275 181116943 5626274 818883057 0 0
15 -5626276 962769955 5626275 37230045 0 0
16 -5626276 740487724 5626275 259512276 0 0
1 -5626285 245601610 5626284 754398390 0 0
2 -5626286 998617648 5626285 1382352 0 0
3 -5626286 781756317 5626285 218243683 0 0
4 -5626286 558839579 5626285 441160421 0 0
5 -5626286 335283149 5626285 664716851 0 0
6 -5626286 112569260 5626285 887430740 0 0
7 -5626287 894990350 5626286 105009650 0 0
8 -5626287 665408716 5626286 334591284 0 0
9 -5626287 447213002 5626286 552786998 0 0
10 -5626287 219839865 5626286 780160135 0 0
11 -5626287 5874444 5626286 994125556 0 0
12 -5626288 778167887 5626287 221832113 0 0
13 -5626288 567920453 5626287 432079547 0 0
14 -5626288 341120379 5626287 658879621 0 0
15 -5626288 127373491 5626287 872626509 0 0
16 -5626289 911665492 5626288 88334508 0 0
1 -5626298 588879346 5626297 411120654 0 0
2 -5626298 321921565 5626297 678078435 0 0
3 -5626298 103767388 5626297 896232612 0 0
4 -5626299 882007148 5626298 117992852 0 0
5 -5626299 657355164 5626298 342644836 0 0
6 -5626299 436270355 5626298 563729645 0 0
7 -5626299 221260491 5626298 778739509 0 0
8 -5626300 997465565 5626299 2534435 0 0
9 -5626300 775247926 5626299 224752074 0 0
10 -5626300 547977286 5626299 452022714 0 0
11 -5626300 326494485 5626299 673505515 0 0
12 -5626300 101036905 5626299 898963095 0 0
13 -5626301 882358219 5626300 117641781 0 0
14 -5626301 661071933 5626300 338928067 0 0
15 -5626301 439266878 5626300 560733122 0 0
16 -5626301 223755245 5626300 776244755 0 0
1 -5626311 817004957 5626310 182995043 0 0
2 -5626311 557922031 5626310 442077969 0 0
3 -5626311 341831520 5626310 658168480 0 0
4 -5626311 117282664 5626310 882717336 0 0
5 -5626312 899507850 5626311 100492150 0 0
6 -5626312 678560317 5626311 321439683 0 0
7 -5626312 463463287 5626311 536536713 0 0
8 -5626312 246356183 5626311 753643817 0 0
9 -5626312 35647814 5626311 964352186 0 0
10 -5626313 821282178 5626312 178717822 0 0
11 -5626313 604092502 5626312 395907498 0 0
12 -5626313 380370556 5626312 619629444 0 0
13 -5626313 142383632 5626312 857616368 0 0
14 -5626314 921051921 5626313 78948079 0 0
15 -5626314 708459716 5626313 291540284 0 0
16 -5626314 481551699 5626313 518448301 0 0
1 -5626323 88548233 5626322 911451767 0 0
2 -5626324 839243924 5626323 160756076 0 0
3 -5626324 608691864 5626323 391308136 0 0
4 -5626324 387939660 5626323 612060340 0 0
5 -5626324 155936997 5626323 844063003 0 0
6 -5626325 932413696 5626324 67586304 0 0
7 -5626325 714825804 5626324 285174196 0 0
8 -5626325 497234950 5626324 502765050 0 0
9 -5626325 282920647 5626324 717079353 0 0
10 -5626325 57616527 5626324 942383473 0 0
11 -5626326 832393572 5626325 167606428 0 0
12 -5626326 625515355 5626325 374484645 0 0
13 -5626326 406256809 5626325 593743191 0 0
14 -5626326 190152001 5626325 809847999 0 0
15 -5626327 976795551 5626326 23204449 0 0
16 -5626327 748816350 5626326 251183650 0 0
1 -5626336 542842874 5626335 457157126 0 0
2 -5626336 298228849 5626335 701771151 0 0
3 -5626336 77420813 5626335 922579187 0 0
4 -5626337 861361635 5626336 138638365 0 0
5 -5626337 630118217 5626336 369881783 0 0
6 -5626337 412531288 5626336 587468712 0 0
7 -5626337 206894492 5626336 793105508 0 0
8 -5626338 987056550 5626337 12943450 0 0
9 -5626338 775366587 5626337 224633413 0 0
10 -5626338 558292094 5626337 441707906 0 0
11 -5626338 336620740 5626337 663379260 0 0
12 -5626338 120713614 5626337 879286386 0 0
13 -5626339 890574880 5626338 109425120 0 0
14 -5626339 667386073 5626338 332613927 0 0
15 -5626339 449235321 5626338 550764679 0 0
16 -5626339 224670040 5626338 775329960 0 0
1 -5626349 755319513 5626348 244680487 0 0
2 -5626349 522321386 5626348 477678614 0 0
3 -5626349 299341279 5626348 700658721 0 0
4 -5626349 89529690 5626348 910470310 0 0
5 -5626350 873740728 5626349 126259272 0 0
6 -5626350 654676216 5626349 345323784 0 0
7 -5626350 425937233 5626349 574062767 0 0
8 -5626350 208310620 5626349 791689380 0 0
9 -5626351 987562287 5626350 12437713 0 0
10 -5626351 767467386 5626350 232532614 0 0
11 -5626351 538826735 5626350 461173265 0 0
12 -5626351 318184381 5626350 681815619 0 0
13 -5626351 94520435 5626350 905479565 0 0
14 -5626352 866610937 5626351 133389063 0 0
15 -5626352 645074581 5626351 354925419 0 0
16 -5626352 426997014 5626351 573002986 0 0
1 -5626362 862107965 5626361 137892035 0 0
2 -5626362 609473050 5626361 390526950 0 0
3 -5626362 387952713 5626361 612047287 0 0
4 -5626362 168597206 5626361 831402794 0 0
5 -5626363 952130238 5626362 47869762 0 0
6 -5626363 740080245 5626362 259919755 0 0
7 -5626363 527986975 5626362 472013025 0 0
8 -5626363 308818558 5626362 691181442 0 0
9 -5626363 96346257 5626362 903653743 0 0
10 -5626364 878495223 5626363 121504777 0 0
11 -5626364 657430951 5626363 342569049 0 0
12 -5626364 437072277 5626363 562927723 0 0
13 -5626364 215935784 5626363 784064216 0 0
14 -5626365 998929234 5626364 1070766 0 0
15 -5626365 779665170 5626364 220334830 0 0
16 -5626365 571669417 5626364 428330583 0 0
1 -5626374 361114951 5626373 638885049 0 0
2 -5626374 147691909 5626373 852308091 0 0
3 -5626375 932046834 5626374 67953166 0 0
4 -5626375 698457385 5626374 301542615 0 0
5 -5626375 472013360 5626374 527986640 0 0
6 -5626375 252109900 5626374 747890100 0 0
7 -5626375 36643118 5626374 963356882 0 0
8 -5626376 820182502 5626375 179817498 0 0
9 -5626376 602862291 5626375 397137709 0 0
10 -5626376 370669798 5626375 629330202 0 0
11 -5626376 136749855 5626375 863250145 0 0
12 -5626377 918064669 5626376 81935331 0 0
13 -5626377 698534554 5626376 301465446 0 0
14 -5626377 475555243 5626376 524444757 0 0
15 -5626377 271949947 5626376 728050053 0 0
16 -5626377 50108745 5626376 949891255 0 0
1 -5626387 445792624 5626386 554207376 0 0
2 -5626387 213917995 5626386 786082005 0 0
3 -5626388 995340085 5626387 4659915 0 0
4 -5626388 781085114 5626387 218914886 0 0
5 -5626388 563876808 5626387 436123192 0 0
6 -5626388 342023902 5626387 657976098 0 0
7 -5626388 118099202 5626387 881900798 0 0
8 -5626389 903466830 5626388 96533170 0 0
9 -5626389 686218895 5626388 313781105 0 0
10 -5626389 463159568 5626388 536840432 0 0
11 -5626389 244110648 5626388 755889352 0 0
12 -5626389 20112670 5626388 979887330 0 0
13 -5626390 802139342 5626389 197860658 0 0
14 -5626390 577249511 5626389 422750489 0 0
15 -5626390 364887060 5626389 635112940 0 0
16 -5626390 145571886 5626389 854428114 0 0
1 -5626400 725079740 5626399 274920260 0 0
2 -5626400 497347868 5626399 502652132 0 0
3 -5626400 283332911 5626399 716667089 0 0
4 -5626400 71967368 5626399 928032632 0 0
5 -5626401 841119443 5626400 158880557 0 0
6 -5626401 610684547 5626400 389315453 0 0
7 -5626401 396724959 5626400 603275041 0 0
8 -5626401 180156123 5626400 819843877 0 0
9 -5626402 962108981 5626401 37891019 0 0
10 -5626402 749619330 5626401 250380670 0 0
11 -5626402 533159769 5626401 466840231 0 0
12 -5626402 315653173 5626401 684346827 0 0
13 -5626402 96298499 5626401 903701501 0 0
14 -5626403 872485704 5626402 127514296 0 0
15 -5626403 651335322 5626402 348664678 0 0
16 -5626403 436854356 5626402 563145644 0 0
1 -5626413 865648701 5626412 134351299 0 0
2 -5626413 617612535 5626412 382387465 0 0
3 -5626413 399678336 5626412 600321664 0 0
4 -5626413 168082424 5626412 831917576 0 0
5 -5626414 952349924 5626413 47650076 0 0
6 -5626414 735368966 5626413 264631034 0 0
7 -5626414 522868167 5626413 477131833 0 0
8 -5626414 298008594 5626413 701991406 0 0
9 -5626414 81642773 5626413 918357227 0 0
10 -5626415 866282193 5626414 133717807 0 0
11 -5626415 655985816 5626414 344014184 0 0
12 -5626415 438424979 5626414 561575021 0 0
13 -5626415 227967679 5626414 772032321 0 0
14 -5626415 5762502 5626414 994237498 0 0
15 -5626416 791274758 5626415 208725242 0 0
16 -5626416 571760809 5626415 428239191 0 0
1 -5626425 88485650 5626424 911514350 0 0
2 -5626426 848615261 5626425 151384739 0 0
3 -5626426 620395620 5626425 379604380 0 0
4 -5626426 391318070 5626425 608681930 0 0
5 -5626426 167432739 5626425 832567261 0 0
6 -5626427 954760424 5626426 45239576 0 0
7 -5626427 738095349 5626426 261904651 0 0
8 -5626427 523761101 5626426 476238899 0 0
9 -5626427 308792681 5626426 691207319 0 0
10 -5626427 90783760 5626426 909216240 0 0
11 -5626428 856114794 5626427 143885206 0 0
12 -5626428 642293296 5626427 357706704 0 0
13 -5626428 425003751 5626427 574996249 0 0
14 -5626428 203771612 5626427 796228388 0 0
15 -5626429 986642453 5626428 13357547 0 0
16 -5626429 771100765 5626428 228899235 0 0
1 -5626438 703006496 5626437 296993504 0 0
2 -5626438 438683297 5626437 561316703 0 0
3 -5626438 229124665 5626437 770875335 0 0
4 -5626438 24379946 5626437 975620054 0 0
5 -5626439 803318100 5626438 196681900 0 0
6 -5626439 588168886 5626438 411831114 0 0
7 -5626439 343409568 5626438 656590432 0 0
8 -5626439 125801084 5626438 874198916 0 0
9 -5626440 910461485 5626439 89538515 0 0
10 -5626440 695032850 5626439 304967150 0 0
11 -5626440 483753584 5626439 516246416 0 0
12 -5626440 274008215 5626439 725991785 0 0
13 -5626440 55932370 5626439 944067630 0 0
14 -5626441 833163648 5626440 166836352 0 0
15 -5626441 604705808 5626440 395294192 0 0
16 -5626441 376399873 5626440 623600127 0 0
1 -5626450 165732965 5626449 834267035 0 0
2 -5626451 906720908 5626450 93279092 0 0
3 -5626451 681651043 5626450 318348957 0 0
4 -5626451 467600180 5626450 532399820 0 0
5 -5626451 247349948 5626450 752650052 0 0
6 -5626451 19400618 5626450 980599382 0 0
7 -5626452 804326773 5626451 195673227 0 0
8 -5626452 590374704 5626451 409625296 0 0
9 -5626452 367089343 5626451 632910657 0 0
10 -5626452 155539248 5626451 844460752 0 0
11 -5626453 937781638 5626452 62218362 0 0
12 -5626453 719792902 5626452 280207098 0 0
13 -5626453 505151734 5626452 494848266 0 0
14 -5626453 288189128 5626452 711810872 0 0
15 -5626453 68345297 5626452 931654703 0 0
16 -5626454 850469707 5626453 149530293 0 0
1 -5626463 498762501 5626462 501237499 0 0
2 -5626463 287580659 5626462 712419341 0 0
3 -5626463 61588162 5626462 938411838 0 0
4 -5626464 840308098 5626463 159691902 0 0
5 -5626464 622867389 5626463 377132611 0 0
6 -5626464 409891987 5626463 590108013 0 0
7 -5626464 193241764 5626463 806758236 0 0
8 -5626465 971090716 5626464 28909284 0 0
9 -5626465 747475139 5626464 252524861 0 0
10 -5626465 527455700 5626464 472544300 0 0
11 -5626465 296991582 5626464 703008418 0 0
12 -5626465 65143953 5626464 934856047 0 0
13 -5626466 844447933 5626465 155552067 0 0
14 -5626466 618806301 5626465 381193699 0 0
15 -5626466 396474942 5626465 603525058 0 0
16 -5626466 185271285 5626465 814728715 0 0
