1 -5627176 166149433 5627175 833850567 0 0
2 -5627177 911650504 5627176 88349496 0 0
3 -5627177 689212062 5627176 310787938 0 0
4 -5627177 465886302 5627176 534113698 0 0
5 -5627177 247454691 5627176 752545309 0 0
6 -5627177 37216870 5627176 962783130 0 0
7 -5627178 816479969 5627177 183520031 0 0
8 -5627178 598578218 5627177 401421782 0 0
9 -5627178 380415269 5627177 619584731 0 0
10 -5627178 157760459 5627177 842239541 0 0
11 -5627179 942018075 5627178 57981925 0 0
12 -5627179 730746125 5627178 269253875 0 0
13 -5627179 512661877 5627178 487338123 0 0
14 -5627179 296066824 5627178 703933176 0 0
15 -5627179 81244218 5627178 918755782 0 0
16 -5627180 873461035 5627179 126538965 0 0
17 -5627180 645727266 5627179 354272734 0 0
18 -5627180 424345562 5627179 575654438 0 0
19 -5627180 213487511 5627179 786512489 0 0
20 -5627181 990068642 5627180 9931358 0 0
21 -5627181 772368887 5627180 227631113 0 0
22 -5627181 553098921 5627180 446901079 0 0
23 -5627181 337069764 5627180 662930236 0 0
24 -5627181 114720634 5627180 885279366 0 0
25 -5627182 877433508 5627181 122566492 0 0
26 -5627182 653454187 5627181 346545813 0 0
27 -5627182 422878915 5627181 577121085 0 0
28 -5627182 203587005 5627181 796412995 0 0
29 -5627183 980740680 5627182 19259320 0 0
30 -5627183 749218446 5627182 250781554 0 0
31 -5627183 527481378 5627182 472518622 0 0
32 -5627183 300318746 5627182 699681254 0 0
33 -5627183 74372387 5627182 925627613 0 0
34 -5627184 853552579 5627183 146447421 0 0
35 -5627184 637115152 5627183 362884848 0 0
36 -5627184 406335495 5627183 593664505 0 0
37 -5627184 185718091 5627183 814281909 0 0
38 -5627185 970451160 5627184 29548840 0 0
39 -5627185 739378305 5627184 260621695 0 0
40 -5627185 523196373 5627184 476803627 0 0
41 -5627185 303483840 5627184 696516160 0 0
42 -5627185 76770922 5627184 923229078 0 0
43 -5627186 862326549 5627185 137673451 0 0
44 -5627186 636965827 5627185 363034173 0 0
45 -5627186 408792880 5627185 591207120 0 0
46 -5627186 196167806 5627185 803832194 0 0
47 -5627187 976014504 5627186 23985496 0 0
48 -5627187 755992681 5627186 244007319 0 0
49 -5627187 532997488 5627186 467002512 0 0
50 -5627187 317438580 5627186 682561420 0 0
51 -5627187 88106933 5627186 911893067 0 0
52 -5627188 857345905 5627187 142654095 0 0
53 -5627188 644968493 5627187 355031507 0 0
54 -5627188 423962281 5627187 576037719 0 0
55 -5627188 202650667 5627187 797349333 0 0
56 -5627189 978338591 5627188 21661409 0 0
57 -5627189 757273047 5627188 242726953 0 0
58 -5627189 535830621 5627188 464169379 0 0
59 -5627189 311231495 5627188 688768505 0 0
60 -5627189 95558700 5627188 904441300 0 0
61 -5627190 872752207 5627189 127247793 0 0
62 -5627190 653606774 5627189 346393226 0 0
63 -5627190 430051295 5627189 569948705 0 0
64 -5627190 210157451 5627189 789842549 0 0
1 -5627220 59281680 5627219 940718320 0 0
2 -5627221 813973792 5627220 186026208 0 0
3 -5627221 597315197 5627220 402684803 0 0
4 -5627221 377198463 5627220 622801537 0 0
5 -5627221 161423203 5627220 838576797 0 0
6 -5627222 938094696 5627221 61905304 0 0
7 -5627222 716447528 5627221 283552472 0 0
8 -5627222 499338497 5627221 500661503 0 0
9 -5627222 285686549 5627221 714313451 0 0
10 -5627222 58018809 5627221 941981191 0 0
11 -5627223 840934648 5627222 159065352 0 0
12 -5627223 626431197 5627222 373568803 0 0
13 -5627223 413806155 5627222 586193845 0 0
14 -5627223 186158415 5627222 813841585 0 0
15 -5627224 967804536 5627223 32195464 0 0
16 -5627224 750918945 5627223 249081055 0 0
17 -5627224 538723506 5627223 461276494 0 0
18 -5627224 316003136 5627223 683996864 0 0
19 -5627224 96805162 5627223 903194838 0 0
20 -5627225 873937961 5627224 126062039 0 0
21 -5627225 649550956 5627224 350449044 0 0
22 -5627225 432154689 5627224 567845311 0 0
23 -5627225 210026567 5627224 789973433 0 0
24 -5627226 987417268 5627225 12582732 0 0
25 -5627226 771944205 5627225 228055795 0 0
26 -5627226 537561796 5627225 462438204 0 0
27 -5627226 308845668 5627225 691154332 0 0
28 -5627226 84386812 5627225 915613188 0 0
29 -5627227 877134298 5627226 122865702 0 0
30 -5627227 650168489 5627226 349831511 0 0
31 -5627227 436914736 5627226 563085264 0 0
32 -5627227 211522805 5627226 788477195 0 0
33 -5627228 991207000 5627227 8793000 0 0
34 -5627228 762055510 5627227 237944490 0 0
35 -5627228 540610467 5627227 459389533 0 0
36 -5627228 314106501 5627227 685893499 0 0
37 -5627228 101162150 5627227 898837850 0 0
38 -5627229 875047787 5627228 124952213 0 0
39 -5627229 654323860 5627228 345676140 0 0
40 -5627229 430652637 5627228 569347363 0 0
41 -5627229 208977524 5627228 791022476 0 0
42 -5627230 974519745 5627229 25480255 0 0
43 -5627230 759972090 5627229 240027910 0 0
44 -5627230 528753787 5627229 471246213 0 0
45 -5627230 314254150 5627229 685745850 0 0
46 -5627230 87101529 5627229 912898471 0 0
47 -5627231 867873481 5627230 132126519 0 0
48 -5627231 638770453 5627230 361229547 0 0
49 -5627231 432667879 5627230 567332121 0 0
50 -5627231 198639629 5627230 801360371 0 0
51 -5627232 985470596 5627231 14529404 0 0
52 -5627232 766758594 5627231 233241406 0 0
53 -5627232 556442525 5627231 443557475 0 0
54 -5627232 349019051 5627231 650980949 0 0
55 -5627232 121218572 5627231 878781428 0 0
56 -5627233 899719696 5627232 100280304 0 0
57 -5627233 677976973 5627232 322023027 0 0
58 -5627233 454428265 5627232 545571735 0 0
59 -5627233 228944372 5627232 771055628 0 0
60 -5627233 6804786 5627232 993195214 0 0
61 -5627234 776080436 5627233 223919564 0 0
62 -5627234 556996477 5627233 443003523 0 0
63 -5627234 334850169 5627233 665149831 0 0
64 -5627234 112863191 5627233 887136809 0 0
1 -5627266 779053540 5627265 220946460 0 0
2 -5627266 564978094 5627265 435021906 0 0
3 -5627266 338032891 5627265 661967109 0 0
4 -5627266 118834708 5627265 881165292 0 0
5 -5627267 893720821 5627266 106279179 0 0
6 -5627267 676534471 5627266 323465529 0 0
7 -5627267 457391657 5627266 542608343 0 0
8 -5627267 239595929 5627266 760404071 0 0
9 -5627267 22002512 5627266 977997488 0 0
10 -5627268 806576702 5627267 193423298 0 0
11 -5627268 587127413 5627267 412872587 0 0
12 -5627268 361814271 5627267 638185729 0 0
13 -5627268 136834178 5627267 863165822 0 0
14 -5627269 924978227 5627268 75021773 0 0
15 -5627269 707639398 5627268 292360602 0 0
16 -5627269 494213383 5627268 505786617 0 0
17 -5627269 279064902 5627268 720935098 0 0
18 -5627269 56258268 5627268 943741732 0 0
19 -5627270 842463094 5627269 157536906 0 0
20 -5627270 631733140 5627269 368266860 0 0
21 -5627270 418428549 5627269 581571451 0 0
22 -5627270 204622042 5627269 795377958 0 0
23 -5627271 987272138 5627270 12727862 0 0
24 -5627271 769686424 5627270 230313576 0 0
25 -5627271 545430521 5627270 454569479 0 0
26 -5627271 332719234 5627270 667280766 0 0
27 -5627271 118470661 5627270 881529339 0 0
28 -5627272 895957614 5627271 104042386 0 0
29 -5627272 681908444 5627271 318091556 0 0
30 -5627272 459105717 5627271 540894283 0 0
31 -5627272 247956808 5627271 752043192 0 0
32 -5627272 19065992 5627271 980934008 0 0
33 -5627273 800093582 5627272 199906418 0 0
34 -5627273 576282559 5627272 423717441 0 0
35 -5627273 337315304 5627272 662684696 0 0
36 -5627273 104804686 5627272 895195314 0 0
37 -5627274 887875589 5627273 112124411 0 0
38 -5627274 672159209 5627273 327840791 0 0
39 -5627274 444423890 5627273 555576110 0 0
40 -5627274 221621589 5627273 778378411 0 0
41 -5627274 10682861 5627273 989317139 0 0
42 -5627275 785377014 5627274 214622986 0 0
43 -5627275 569494656 5627274 430505344 0 0
44 -5627275 360898198 5627274 639101802 0 0
45 -5627275 131620390 5627274 868379610 0 0
46 -5627276 914389391 5627275 85610609 0 0
47 -5627276 703445903 5627275 296554097 0 0
48 -5627276 482093093 5627275 517906907 0 0
49 -5627276 264394510 5627275 735605490 0 0
50 -5627276 46992144 5627275 953007856 0 0
51 -5627277 837489092 5627276 162510908 0 0
52 -5627277 620714213 5627276 379285787 0 0
53 -5627277 401437771 5627276 598562229 0 0
54 -5627277 168207129 5627276 831792871 0 0
55 -5627278 953056943 5627277 46943057 0 0
56 -5627278 727364473 5627277 272635527 0 0
57 -5627278 515175546 5627277 484824454 0 0
58 -5627278 303070098 5627277 696929902 0 0
59 -5627278 82172279 5627277 917827721 0 0
60 -5627279 852787361 5627278 147212639 0 0
61 -5627279 636761524 5627278 363238476 0 0
62 -5627279 414586192 5627278 585413808 0 0
63 -5627279 197602780 5627278 802397220 0 0
64 -5627280 992146429 5627279 7853571 0 0
1 -5627311 639103133 5627310 360896867 0 0
2 -5627311 393211854 5627310 606788146 0 0
3 -5627311 167455641 5627310 832544359 0 0
4 -5627312 957991399 5627311 42008601 0 0
5 -5627312 745584583 5627311 254415417 0 0
6 -5627312 532185471 5627311 467814529 0 0
7 -5627312 308439775 5627311 691560225 0 0
8 -5627312 85278309 5627311 914721691 0 0
9 -5627313 867546815 5627312 132453185 0 0
10 -5627313 648458588 5627312 351541412 0 0
11 -5627313 418752005 5627312 581247995 0 0
12 -5627313 221205279 5627312 778794721 0 0
13 -5627314 991522343 5627313 8477657 0 0
14 -5627314 773422782 5627313 226577218 0 0
15 -5627314 553653067 5627313 446346933 0 0
16 -5627314 334334992 5627313 665665008 0 0
17 -5627314 113110341 5627313 886889659 0 0
18 -5627315 889803748 5627314 110196252 0 0
19 -5627315 673438765 5627314 326561235 0 0
20 -5627315 450386464 5627314 549613536 0 0
21 -5627315 239397658 5627314 760602342 0 0
22 -5627315 26613737 5627314 973386263 0 0
23 -5627316 811962203 5627315 188037797 0 0
24 -5627316 593740255 5627315 406259745 0 0
25 -5627316 375722118 5627315 624277882 0 0
26 -5627316 157977865 5627315 842022135 0 0
27 -5627317 928729439 5627316 71270561 0 0
28 -5627317 721986034 5627316 278013966 0 0
29 -5627317 508519367 5627316 491480633 0 0
30 -5627317 289260920 5627316 710739080 0 0
31 -5627317 47151106 5627316 952848894 0 0
32 -5627318 831556998 5627317 168443002 0 0
33 -5627318 608172980 5627317 391827020 0 0
34 -5627318 387122566 5627317 612877434 0 0
35 -5627318 157589979 5627317 842410021 0 0
36 -5627319 944103534 5627318 55896466 0 0
37 -5627319 726353466 5627318 273646534 0 0
38 -5627319 496556587 5627318 503443413 0 0
39 -5627319 279545839 5627318 720454161 0 0
40 -5627319 59145987 5627318 940854013 0 0
41 -5627320 835817319 5627319 164182681 0 0
42 -5627320 623656868 5627319 376343132 0 0
43 -5627320 400082631 5627319 599917369 0 0
44 -5627320 177310102 5627319 822689898 0 0
45 -5627321 951509518 5627320 48490482 0 0
46 -5627321 734360512 5627320 265639488 0 0
47 -5627321 494035869 5627320 505964131 0 0
48 -5627321 265903884 5627320 734096116 0 0
49 -5627321 41143688 5627320 958856312 0 0
50 -5627322 825782686 5627321 174217314 0 0
51 -5627322 600481426 5627321 399518574 0 0
52 -5627322 390407176 5627321 609592824 0 0
53 -5627322 157521614 5627321 842478386 0 0
54 -5627323 941605826 5627322 58394174 0 0
55 -5627323 726407450 5627322 273592550 0 0
56 -5627323 504190354 5627322 495809646 0 0
57 -5627323 267322534 5627322 732677466 0 0
58 -5627323 46557540 5627322 953442460 0 0
59 -5627324 810110212 5627323 189889788 0 0
60 -5627324 597292865 5627323 402707135 0 0
61 -5627324 366789684 5627323 633210316 0 0
62 -5627324 137154172 5627323 862845828 0 0
63 -5627325 923604691 5627324 76395309 0 0
64 -5627325 705832882 5627324 294167118 0 0
1 -5627356 14206545 5627355 985793455 0 0
2 -5627357 790940743 5627356 209059257 0 0
3 -5627357 579485830 5627356 420514170 0 0
4 -5627357 358690222 5627356 641309778 0 0
5 -5627357 140266181 5627356 859733819 0 0
6 -5627358 916324910 5627357 83675090 0 0
7 -5627358 700874960 5627357 299125040 0 0
8 -5627358 481993891 5627357 518006109 0 0
9 -5627358 265040062 5627357 734959938 0 0
10 -5627358 46069550 5627357 953930450 0 0
11 -5627359 827094685 5627358 172905315 0 0
12 -5627359 604028990 5627358 395971010 0 0
13 -5627359 388617318 5627358 611382682 0 0
14 -5627359 169631842 5627358 830368158 0 0
15 -5627360 946966195 5627359 53033805 0 0
16 -5627360 730932164 5627359 269067836 0 0
17 -5627360 515334348 5627359 484665652 0 0
18 -5627360 287533334 5627359 712466666 0 0
19 -5627360 77309397 5627359 922690603 0 0
20 -5627361 864805837 5627360 135194163 0 0
21 -5627361 642175004 5627360 357824996 0 0
22 -5627361 426456726 5627360 573543274 0 0
23 -5627361 201245516 5627360 798754484 0 0
24 -5627362 983408593 5627361 16591407 0 0
25 -5627362 765210287 5627361 234789713 0 0
26 -5627362 552290938 5627361 447709062 0 0
27 -5627362 337551438 5627361 662448562 0 0
28 -5627362 117284228 5627361 882715772 0 0
29 -5627363 890120628 5627362 109879372 0 0
30 -5627363 677347165 5627362 322652835 0 0
31 -5627363 458058787 5627362 541941213 0 0
32 -5627363 243332046 5627362 756667954 0 0
33 -5627363 32198330 5627362 967801670 0 0
34 -5627364 815542496 5627363 184457504 0 0
35 -5627364 596748720 5627363 403251280 0 0
36 -5627364 367236738 5627363 632763262 0 0
37 -5627364 146002304 5627363 853997696 0 0
38 -5627365 923088921 5627364 76911079 0 0
39 -5627365 701263072 5627364 298736928 0 0
40 -5627365 478729515 5627364 521270485 0 0
41 -5627365 266891775 5627364 733108225 0 0
42 -5627365 55256920 5627364 944743080 0 0
43 -5627366 835700454 5627365 164299546 0 0
44 -5627366 591441509 5627365 408558491 0 0
45 -5627366 378806580 5627365 621193420 0 0
46 -5627366 167009043 5627365 832990957 0 0
47 -5627367 939538059 5627366 60461941 0 0
48 -5627367 724757393 5627366 275242607 0 0
49 -5627367 497419129 5627366 502580871 0 0
50 -5627367 281100566 5627366 718899434 0 0
51 -5627367 65321529 5627366 934678471 0 0
52 -5627368 853399846 5627367 146600154 0 0
53 -5627368 619061510 5627367 380938490 0 0
54 -5627368 401708244 5627367 598291756 0 0
55 -5627368 181896043 5627367 818103957 0 0
56 -5627369 970827010 5627368 29172990 0 0
57 -5627369 754800330 5627368 245199670 0 0
58 -5627369 532514989 5627368 467485011 0 0
59 -5627369 298107599 5627368 701892401 0 0
60 -5627369 80077308 5627368 919922692 0 0
61 -5627370 864283957 5627369 135716043 0 0
62 -5627370 645998282 5627369 354001718 0 0
63 -5627370 415315303 5627369 584684697 0 0
64 -5627370 196592229 5627369 803407771 0 0
1 -5627402 409533386 5627401 590466614 0 0
2 -5627402 169795852 5627401 830204148 0 0
3 -5627403 945446732 5627402 54553268 0 0
4 -5627403 737825317 5627402 262174683 0 0
5 -5627403 517778560 5627402 482221440 0 0
6 -5627403 301689341 5627402 698310659 0 0
7 -5627403 88644083 5627402 911355917 0 0
8 -5627404 874773359 5627403 125226641 0 0
9 -5627404 645152449 5627403 354847551 0 0
10 -5627404 419737571 5627403 580262429 0 0
11 -5627404 206771904 5627403 793228096 0 0
12 -5627405 990023327 5627404 9976673 0 0
13 -5627405 780509465 5627404 219490535 0 0
14 -5627405 552311936 5627404 447688064 0 0
15 -5627405 333859520 5627404 666140480 0 0
16 -5627405 106581714 5627404 893418286 0 0
17 -5627406 887394182 5627405 112605818 0 0
18 -5627406 676692602 5627405 323307398 0 0
19 -5627406 451362149 5627405 548637851 0 0
20 -5627406 220381486 5627405 779618514 0 0
21 -5627406 8676017 5627405 991323983 0 0
22 -5627407 795807163 5627406 204192837 0 0
23 -5627407 578993661 5627406 421006339 0 0
24 -5627407 361652872 5627406 638347128 0 0
25 -5627407 145897053 5627406 854102947 0 0
26 -5627408 925563746 5627407 74436254 0 0
27 -5627408 718538578 5627407 281461422 0 0
28 -5627408 497266400 5627407 502733600 0 0
29 -5627408 289541431 5627407 710458569 0 0
30 -5627408 58580527 5627407 941419473 0 0
31 -5627409 846114702 5627408 153885298 0 0
32 -5627409 637632710 5627408 362367290 0 0
33 -5627409 411699934 5627408 588300066 0 0
34 -5627409 195520715 5627408 804479285 0 0
35 -5627410 970385647 5627409 29614353 0 0
36 -5627410 757659382 5627409 242340618 0 0
37 -5627410 546559291 5627409 453440709 0 0
38 -5627410 336138186 5627409 663861814 0 0
39 -5627410 125900338 5627409 874099662 0 0
40 -5627411 910612566 5627410 89387434 0 0
41 -5627411 683212706 5627410 316787294 0 0
42 -5627411 473180557 5627410 526819443 0 0
43 -5627411 247197986 5627410 752802014 0 0
44 -5627411 23320190 5627410 976679810 0 0
45 -5627412 810891697 5627411 189108303 0 0
46 -5627412 591208470 5627411 408791530 0 0
47 -5627412 364079587 5627411 635920413 0 0
48 -5627412 151574188 5627411 848425812 0 0
49 -5627413 927309269 5627412 72690731 0 0
50 -5627413 710172532 5627412 289827468 0 0
51 -5627413 487377826 5627412 512622174 0 0
52 -5627413 266049426 5627412 733950574 0 0
53 -5627413 54622118 5627412 945377882 0 0
54 -5627414 837010112 5627413 162989888 0 0
55 -5627414 615828468 5627413 384171532 0 0
56 -5627414 399593140 5627413 600406860 0 0
57 -5627414 179213907 5627413 820786093 0 0
58 -5627415 956865397 5627414 43134603 0 0
59 -5627415 745285591 5627414 254714409 0 0
60 -5627415 540227775 5627414 459772225 0 0
61 -5627415 307900656 5627414 692099344 0 0
62 -5627415 76438890 5627414 923561110 0 0
63 -5627416 862522499 5627415 137477501 0 0
64 -5627416 637406541 5627415 362593459 0 0
1 -5627447 249108677 5627446 750891323 0 0
2 -5627447 4611079 5627446 995388921 0 0
3 -5627448 790570169 5627447 209429831 0 0
4 -5627448 575589166 5627447 424410834 0 0
5 -5627448 343855069 5627447 656144931 0 0
6 -5627448 127463222 5627447 872536778 0 0
7 -5627449 911375887 5627448 88624113 0 0
8 -5627449 707896427 5627448 292103573 0 0
9 -5627449 493086235 5627448 506913765 0 0
10 -5627449 268959847 5627448 731040153 0 0
11 -5627449 56714625 5627448 943285375 0 0
12 -5627450 838170040 5627449 161829960 0 0
13 -5627450 602716921 5627449 397283079 0 0
14 -5627450 390596826 5627449 609403174 0 0
15 -5627450 167325497 5627449 832674503 0 0
16 -5627451 944397438 5627450 55602562 0 0
17 -5627451 720389826 5627450 279610174 0 0
18 -5627451 516886625 5627450 483113375 0 0
19 -5627451 289722924 5627450 710277076 0 0
20 -5627451 77971711 5627450 922028289 0 0
21 -5627452 859016004 5627451 140983996 0 0
22 -5627452 648848466 5627451 351151534 0 0
23 -5627452 431162513 5627451 568837487 0 0
24 -5627452 211863941 5627451 788136059 0 0
25 -5627453 991340023 5627452 8659977 0 0
26 -5627453 768609887 5627452 231390113 0 0
27 -5627453 556711528 5627452 443288472 0 0
28 -5627453 347481231 5627452 652518769 0 0
29 -5627453 130472025 5627452 869527975 0 0
30 -5627454 908192843 5627453 91807157 0 0
31 -5627454 698507054 5627453 301492946 0 0
32 -5627454 494767210 5627453 505232790 0 0
33 -5627454 283867777 5627453 716132223 0 0
34 -5627454 75271061 5627453 924728939 0 0
35 -5627455 867276333 5627454 132723667 0 0
36 -5627455 647579491 5627454 352420509 0 0
37 -5627455 436443304 5627454 563556696 0 0
38 -5627455 219071122 5627454 780928878 0 0
39 -5627455 2437704 5627454 997562296 0 0
40 -5627456 780240002 5627455 219759998 0 0
41 -5627456 564146649 5627455 435853351 0 0
42 -5627456 342544046 5627455 657455954 0 0
43 -5627456 128556597 5627455 871443403 0 0
44 -5627457 907148028 5627456 92851972 0 0
45 -5627457 691491222 5627456 308508778 0 0
46 -5627457 477893266 5627456 522106734 0 0
47 -5627457 267827503 5627456 732172497 0 0
48 -5627457 61755961 5627456 938244039 0 0
49 -5627458 827191898 5627457 172808102 0 0
50 -5627458 619054561 5627457 380945439 0 0
51 -5627458 402139945 5627457 597860055 0 0
52 -5627458 187290494 5627457 812709506 0 0
53 -5627459 968408673 5627458 31591327 0 0
54 -5627459 761966435 5627458 238033565 0 0
55 -5627459 550088020 5627458 449911980 0 0
56 -5627459 334537526 5627458 665462474 0 0
57 -5627459 118623780 5627458 881376220 0 0
58 -5627460 907355502 5627459 92644498 0 0
59 -5627460 691860137 5627459 308139863 0 0
60 -5627460 473713932 5627459 526286068 0 0
61 -5627460 258783612 5627459 741216388 0 0
62 -5627460 40211563 5627459 959788437 0 0
63 -5627461 817466834 5627460 182533166 0 0
64 -5627461 594642273 5627460 405357727 0 0
1 -5627493 592531647 5627492 407468353 0 0
2 -5627493 331861478 5627492 668138522 0 0
3 -5627493 122705861 5627492 877294139 0 0
4 -5627494 903692892 5627493 96307108 0 0
5 -5627494 690492963 5627493 309507037 0 0
6 -5627494 472981725 5627493 527018275 0 0
7 -5627494 253461580 5627493 746538420 0 0
8 -5627494 37118339 5627493 962881661 0 0
9 -5627495 828146682 5627494 171853318 0 0
10 -5627495 607087529 5627494 392912471 0 0
11 -5627495 397800711 5627494 602199289 0 0
12 -5627495 181599375 5627494 818400625 0 0
13 -5627496 971311983 5627495 28688017 0 0
14 -5627496 752584657 5627495 247415343 0 0
15 -5627496 540787312 5627495 459212688 0 0
16 -5627496 316453943 5627495 683546057 0 0
17 -5627496 106463860 5627495 893536140 0 0
18 -5627497 879066807 5627496 120933193 0 0
19 -5627497 657046691 5627496 342953309 0 0
20 -5627497 443302808 5627496 556697192 0 0
21 -5627497 224754275 5627496 775245725 0 0
22 -5627497 8636326 5627496 991363674 0 0
23 -5627498 791960979 5627497 208039021 0 0
24 -5627498 578907602 5627497 421092398 0 0
25 -5627498 354457235 5627497 645542765 0 0
26 -5627498 130871277 5627497 869128723 0 0
27 -5627499 907234691 5627498 92765309 0 0
28 -5627499 692986521 5627498 307013479 0 0
29 -5627499 486345580 5627498 513654420 0 0
30 -5627499 271929969 5627498 728070031 0 0
31 -5627499 60039977 5627498 939960023 0 0
32 -5627500 848890860 5627499 151109140 0 0
33 -5627500 634475508 5627499 365524492 0 0
34 -5627500 415276061 5627499 584723939 0 0
35 -5627500 203459679 5627499 796540321 0 0
36 -5627501 994990401 5627500 5009599 0 0
37 -5627501 776493422 5627500 223506578 0 0
38 -5627501 556695115 5627500 443304885 0 0
39 -5627501 343378150 5627500 656621850 0 0
40 -5627501 129621842 5627500 870378158 0 0
41 -5627502 910108085 5627501 89891915 0 0
42 -5627502 691964525 5627501 308035475 0 0
43 -5627502 478354270 5627501 521645730 0 0
44 -5627502 267863011 5627501 732136989 0 0
45 -5627502 51296903 5627501 948703097 0 0
46 -5627503 831327321 5627502 168672679 0 0
47 -5627503 618118465 5627502 381881535 0 0
48 -5627503 401389416 5627502 598610584 0 0
49 -5627503 176794533 5627502 823205467 0 0
50 -5627504 958682602 5627503 41317398 0 0
51 -5627504 737345527 5627503 262654473 0 0
52 -5627504 528220169 5627503 471779831 0 0
53 -5627504 319143754 5627503 680856246 0 0
54 -5627504 105307816 5627503 894692184 0 0
55 -5627505 895254568 5627504 104745432 0 0
56 -5627505 677322170 5627504 322677830 0 0
57 -5627505 457987521 5627504 542012479 0 0
58 -5627505 242911089 5627504 757088911 0 0
59 -5627505 20151060 5627504 979848940 0 0
60 -5627506 797792264 5627505 202207736 0 0
61 -5627506 581379542 5627505 418620458 0 0
62 -5627506 368702879 5627505 631297121 0 0
63 -5627506 155929607 5627505 844070393 0 0
64 -5627507 929071155 5627506 70928845 0 0
1 -5627539 568229399 5627538 431770601 0 0
2 -5627539 330067137 5627538 669932863 0 0
3 -5627539 121162013 5627538 878837987 0 0
4 -5627540 914803766 5627539 85196234 0 0
5 -5627540 707123878 5627539 292876122 0 0
6 -5627540 493184829 5627539 506815171 0 0
7 -5627540 288193001 5627539 711806999 0 0
8 -5627540 78463522 5627539 921536478 0 0
9 -5627541 856689768 5627540 143310232 0 0
10 -5627541 631536651 5627540 368463349 0 0
11 -5627541 415299460 5627540 584700540 0 0
12 -5627541 199522890 5627540 800477110 0 0
13 -5627542 982841003 5627541 17158997 0 0
14 -5627542 766256763 5627541 233743237 0 0
15 -5627542 554002034 5627541 445997966 0 0
16 -5627542 341766175 5627541 658233825 0 0
17 -5627542 119628928 5627541 880371072 0 0
18 -5627543 905429550 5627542 94570450 0 0
19 -5627543 675560096 5627542 324439904 0 0
20 -5627543 455599252 5627542 544400748 0 0
21 -5627543 244430873 5627542 755569127 0 0
22 -5627543 34687505 5627542 965312495 0 0
23 -5627544 819205299 5627543 180794701 0 0
24 -5627544 603219103 5627543 396780897 0 0
25 -5627544 390792044 5627543 609207956 0 0
26 -5627544 176149897 5627543 823850103 0 0
27 -5627545 958291792 5627544 41708208 0 0
28 -5627545 737200173 5627544 262799827 0 0
29 -5627545 526041553 5627544 473958447 0 0
30 -5627545 288071898 5627544 711928102 0 0
31 -5627545 66960539 5627544 933039461 0 0
32 -5627546 846525278 5627545 153474722 0 0
33 -5627546 626955686 5627545 373044314 0 0
34 -5627546 410031600 5627545 589968400 0 0
35 -5627546 199736019 5627545 800263981 0 0
36 -5627547 981477939 5627546 18522061 0 0
37 -5627547 759399709 5627546 240600291 0 0
38 -5627547 533511106 5627546 466488894 0 0
39 -5627547 322006863 5627546 677993137 0 0
40 -5627547 96312441 5627546 903687559 0 0
41 -5627548 887130635 5627547 112869365 0 0
42 -5627548 672089847 5627547 327910153 0 0
43 -5627548 454809509 5627547 545190491 0 0
44 -5627548 238233897 5627547 761766103 0 0
45 -5627548 18008929 5627547 981991071 0 0
46 -5627549 813402371 5627548 186597629 0 0
47 -5627549 590657412 5627548 409342588 0 0
48 -5627549 372456591 5627548 627543409 0 0
49 -5627549 160876164 5627548 839123836 0 0
50 -5627550 947292904 5627549 52707096 0 0
51 -5627550 718670555 5627549 281329445 0 0
52 -5627550 509503305 5627549 490496695 0 0
53 -5627550 289886602 5627549 710113398 0 0
54 -5627550 76742352 5627549 923257648 0 0
55 -5627551 857629492 5627550 142370508 0 0
56 -5627551 642971623 5627550 357028377 0 0
57 -5627551 429715171 5627550 570284829 0 0
58 -5627551 205622256 5627550 794377744 0 0
59 -5627552 980456861 5627551 19543139 0 0
60 -5627552 757095599 5627551 242904401 0 0
61 -5627552 544078698 5627551 455921302 0 0
62 -5627552 318757621 5627551 681242379 0 0
63 -5627552 101281656 5627551 898718344 0 0
64 -5627553 872987393 5627552 127012607 0 0
1 -5627584 296238245 5627583 703761755 0 0
2 -5627584 44507104 5627583 955492896 0 0
3 -5627585 832036506 5627584 167963494 0 0
4 -5627585 622173971 5627584 377826029 0 0
5 -5627585 409560412 5627584 590439588 0 0
6 -5627585 196949502 5627584 803050498 0 0
7 -5627586 985361443 5627585 14638557 0 0
8 -5627586 770359559 5627585 229640441 0 0
9 -5627586 551739558 5627585 448260442 0 0
10 -5627586 331413755 5627585 668586245 0 0
11 -5627586 107266245 5627585 892733755 0 0
12 -5627587 887447359 5627586 112552641 0 0
13 -5627587 670369106 5627586 329630894 0 0
14 -5627587 453078154 5627586 546921846 0 0
15 -5627587 243080917 5627586 756919083 0 0
16 -5627587 20904593 5627586 979095407 0 0
17 -5627588 805578178 5627587 194421822 0 0
18 -5627588 581888752 5627587 418111248 0 0
19 -5627588 364930201 5627587 635069799 0 0
20 -5627588 151351864 5627587 848648136 0 0
21 -5627589 938893895 5627588 61106105 0 0
22 -5627589 726538665 5627588 273461335 0 0
23 -5627589 496102866 5627588 503897134 0 0
24 -5627589 283467604 5627588 716532396 0 0
25 -5627589 66938064 5627588 933061936 0 0
26 -5627590 853447003 5627589 146552997 0 0
27 -5627590 636954628 5627589 363045372 0 0
28 -5627590 423867800 5627589 576132200 0 0
29 -5627590 197120562 5627589 802879438 0 0
30 -5627591 980744814 5627590 19255186 0 0
31 -5627591 764695135 5627590 235304865 0 0
32 -5627591 542217094 5627590 457782906 0 0
33 -5627591 334347891 5627590 665652109 0 0
34 -5627591 116777573 5627590 883222427 0 0
35 -5627592 898317475 5627591 101682525 0 0
36 -5627592 666718920 5627591 333281080 0 0
37 -5627592 445912404 5627591 554087596 0 0
38 -5627592 230416047 5627591 769583953 0 0
39 -5627592 19498734 5627591 980501266 0 0
40 -5627593 806826213 5627592 193173787 0 0
41 -5627593 589076843 5627592 410923157 0 0
42 -5627593 381887664 5627592 618112336 0 0
43 -5627593 164349087 5627592 835650913 0 0
44 -5627594 951255055 5627593 48744945 0 0
45 -5627594 729755829 5627593 270244171 0 0
46 -5627594 518922682 5627593 481077318 0 0
47 -5627594 310381546 5627593 689618454 0 0
48 -5627594 103960094 5627593 896039906 0 0
49 -5627595 879585255 5627594 120414745 0 0
50 -5627595 658931087 5627594 341068913 0 0
51 -5627595 440943036 5627594 559056964 0 0
52 -5627595 226385403 5627594 773614597 0 0
53 -5627595 17054708 5627594 982945292 0 0
54 -5627596 793550316 5627595 206449684 0 0
55 -5627596 574422582 5627595 425577418 0 0
56 -5627596 344466403 5627595 655533597 0 0
57 -5627596 123586221 5627595 876413779 0 0
58 -5627597 907147863 5627596 92852137 0 0
59 -5627597 687604341 5627596 312395659 0 0
60 -5627597 471355647 5627596 528644353 0 0
61 -5627597 256274911 5627596 743725089 0 0
62 -5627597 40702352 5627596 959297648 0 0
63 -5627598 830998924 5627597 169001076 0 0
64 -5627598 587407778 5627597 412592222 0 0
1 -5627630 229477412 5627629 770522588 0 0
2 -5627631 990405364 5627630 9594636 0 0
3 -5627631 780240942 5627630 219759058 0 0
4 -5627631 557362240 5627630 442637760 0 0
5 -5627631 339544980 5627630 660455020 0 0
6 -5627631 129204968 5627630 870795032 0 0
7 -5627632 909177546 5627631 90822454 0 0
8 -5627632 695850776 5627631 304149224 0 0
9 -5627632 467116090 5627631 532883910 0 0
10 -5627632 245333663 5627631 754666337 0 0
11 -5627632 27524477 5627631 972475523 0 0
12 -5627633 821924247 5627632 178075753 0 0
13 -5627633 604595311 5627632 395404689 0 0
14 -5627633 399683143 5627632 600316857 0 0
15 -5627633 173823348 5627632 826176652 0 0
16 -5627634 960007439 5627633 39992561 0 0
17 -5627634 744279676 5627633 255720324 0 0
18 -5627634 534169401 5627633 465830599 0 0
19 -5627634 318067905 5627633 681932095 0 0
20 -5627634 111006388 5627633 888993612 0 0
21 -5627635 892458827 5627634 107541173 0 0
22 -5627635 676558493 5627634 323441507 0 0
23 -5627635 466466144 5627634 533533856 0 0
24 -5627635 252733826 5627634 747266174 0 0
25 -5627635 36201541 5627634 963798459 0 0
26 -5627636 821070212 5627635 178929788 0 0
27 -5627636 597956365 5627635 402043635 0 0
28 -5627636 381250695 5627635 618749305 0 0
29 -5627636 167198142 5627635 832801858 0 0
30 -5627637 947406252 5627636 52593748 0 0
31 -5627637 736362272 5627636 263637728 0 0
32 -5627637 519626491 5627636 480373509 0 0
33 -5627637 307812526 5627636 692187474 0 0
34 -5627637 89244409 5627636 910755591 0 0
35 -5627638 877226466 5627637 122773534 0 0
36 -5627638 654343170 5627637 345656830 0 0
37 -5627638 426541263 5627637 573458737 0 0
38 -5627638 211504210 5627637 788495790 0 0
39 -5627639 991854520 5627638 8145480 0 0
40 -5627639 785512619 5627638 214487381 0 0
41 -5627639 565849726 5627638 434150274 0 0
42 -5627639 347312961 5627638 652687039 0 0
43 -5627639 137294980 5627638 862705020 0 0
44 -5627640 925906062 5627639 74093938 0 0
45 -5627640 710038932 5627639 289961068 0 0
46 -5627640 488209357 5627639 511790643 0 0
47 -5627640 265855200 5627639 734144800 0 0
48 -5627640 52763443 5627639 947236557 0 0
49 -5627641 834092309 5627640 165907691 0 0
50 -5627641 615950499 5627640 384049501 0 0
51 -5627641 390410383 5627640 609589617 0 0
52 -5627641 158573125 5627640 841426875 0 0
53 -5627642 941173578 5627641 58826422 0 0
54 -5627642 719276986 5627641 280723014 0 0
55 -5627642 499205323 5627641 500794677 0 0
56 -5627642 285203436 5627641 714796564 0 0
57 -5627642 73931608 5627641 926068392 0 0
58 -5627643 851133885 5627642 148866115 0 0
59 -5627643 623674267 5627642 376325733 0 0
60 -5627643 396788583 5627642 603211417 0 0
61 -5627643 180361092 5627642 819638908 0 0
62 -5627644 960212634 5627643 39787366 0 0
63 -5627644 738442169 5627643 261557831 0 0
64 -5627644 517596243 5627643 482403757 0 0
1 -5627676 479944013 5627675 520055987 0 0
2 -5627676 242914757 5627675 757085243 0 0
3 -5627676 26750167 5627675 973249833 0 0
4 -5627677 819379413 5627676 180620587 0 0
5 -5627677 599873552 5627676 400126448 0 0
6 -5627677 391520927 5627676 608479073 0 0
7 -5627677 177330652 5627676 822669348 0 0
8 -5627678 958287042 5627677 41712958 0 0
9 -5627678 746568387 5627677 253431613 0 0
10 -5627678 543088078 5627677 456911922 0 0
11 -5627678 319259391 5627677 680740609 0 0
12 -5627678 100761770 5627677 899238230 0 0
13 -5627679 884154596 5627678 115845404 0 0
14 -5627679 661516793 5627678 338483207 0 0
15 -5627679 452578364 5627678 547421636 0 0
16 -5627679 249466882 5627678 750533118 0 0
17 -5627679 36085017 5627678 963914983 0 0
18 -5627680 819024388 5627679 180975612 0 0
19 -5627680 602898316 5627679 397101684 0 0
20 -5627680 390409509 5627679 609590491 0 0
21 -5627680 179647170 5627679 820352830 0 0
22 -5627681 960362323 5627680 39637677 0 0
23 -5627681 747323600 5627680 252676400 0 0
24 -5627681 537313302 5627680 462686698 0 0
25 -5627681 328220080 5627680 671779920 0 0
26 -5627681 111475593 5627680 888524407 0 0
27 -5627682 892096507 5627681 107903493 0 0
28 -5627682 678663699 5627681 321336301 0 0
29 -5627682 461844788 5627681 538155212 0 0
30 -5627682 260119242 5627681 739880758 0 0
31 -5627682 32912710 5627681 967087290 0 0
32 -5627683 810534106 5627682 189465894 0 0
33 -5627683 595390552 5627682 404609448 0 0
34 -5627683 379948133 5627682 620051867 0 0
35 -5627683 166956799 5627682 833043201 0 0
36 -5627684 942233498 5627683 57766502 0 0
37 -5627684 719086390 5627683 280913610 0 0
38 -5627684 490220851 5627683 509779149 0 0
39 -5627684 275354385 5627683 724645615 0 0
40 -5627684 47203537 5627683 952796463 0 0
41 -5627685 818217501 5627684 181782499 0 0
42 -5627685 607441069 5627684 392558931 0 0
43 -5627685 383687546 5627684 616312454 0 0
44 -5627685 169327236 5627684 830672764 0 0
45 -5627686 956586767 5627685 43413233 0 0
46 -5627686 743010591 5627685 256989409 0 0
47 -5627686 516065498 5627685 483934502 0 0
48 -5627686 300529248 5627685 699470752 0 0
49 -5627686 87483192 5627685 912516808 0 0
50 -5627687 869445025 5627686 130554975 0 0
51 -5627687 647607725 5627686 352392275 0 0
52 -5627687 434993513 5627686 565006487 0 0
53 -5627687 214016383 5627686 785983617 0 0
54 -5627688 991439393 5627687 8560607 0 0
55 -5627688 777017566 5627687 222982434 0 0
56 -5627688 557742274 5627687 442257726 0 0
57 -5627688 348928176 5627687 651071824 0 0
58 -5627688 138131152 5627687 861868848 0 0
59 -5627689 918733621 5627688 81266379 0 0
60 -5627689 703066910 5627688 296933090 0 0
61 -5627689 479302869 5627688 520697131 0 0
62 -5627689 262868431 5627688 737131569 0 0
63 -5627689 53462751 5627688 946537249 0 0
64 -5627690 836143904 5627689 163856096 0 0
1 -5627721 179818031 5627720 820181969 0 0
2 -5627722 935460058 5627721 64539942 0 0
3 -5627722 717343132 5627721 282656868 0 0
4 -5627722 501669197 5627721 498330803 0 0
5 -5627722 287530029 5627721 712469971 0 0
6 -5627722 76744688 5627721 923255312 0 0
7 -5627723 860584522 5627722 139415478 0 0
8 -5627723 637974864 5627722 362025136 0 0
9 -5627723 424019545 5627722 575980455 0 0
10 -5627723 197494387 5627722 802505613 0 0
11 -5627724 987078909 5627723 12921091 0 0
12 -5627724 774798689 5627723 225201311 0 0
13 -5627724 561532838 5627723 438467162 0 0
14 -5627724 349192211 5627723 650807789 0 0
15 -5627724 138054210 5627723 861945790 0 0
16 -5627725 907297445 5627724 92702555 0 0
17 -5627725 692391422 5627724 307608578 0 0
18 -5627725 477069128 5627724 522930872 0 0
19 -5627725 265823462 5627724 734176538 0 0
20 -5627725 47982105 5627724 952017895 0 0
21 -5627726 845594477 5627725 154405523 0 0
22 -5627726 629385811 5627725 370614189 0 0
23 -5627726 411351198 5627725 588648802 0 0
24 -5627726 193574931 5627725 806425069 0 0
25 -5627727 978398024 5627726 21601976 0 0
26 -5627727 750751294 5627726 249248706 0 0
27 -5627727 537694365 5627726 462305635 0 0
28 -5627727 317613161 5627726 682386839 0 0
29 -5627727 106675304 5627726 893324696 0 0
30 -5627728 896259863 5627727 103740137 0 0
31 -5627728 670123086 5627727 329876914 0 0
32 -5627728 455325653 5627727 544674347 0 0
33 -5627728 238098580 5627727 761901420 0 0
34 -5627728 27697527 5627727 972302473 0 0
35 -5627729 807338439 5627728 192661561 0 0
36 -5627729 591823408 5627728 408176592 0 0
37 -5627729 373968013 5627728 626031987 0 0
38 -5627729 156804717 5627728 843195283 0 0
39 -5627730 945890452 5627729 54109548 0 0
40 -5627730 710014172 5627729 289985828 0 0
41 -5627730 495538158 5627729 504461842 0 0
42 -5627730 278718263 5627729 721281737 0 0
43 -5627730 65982106 5627729 934017894 0 0
44 -5627731 849618795 5627730 150381205 0 0
45 -5627731 629141597 5627730 370858403 0 0
46 -5627731 423277645 5627730 576722355 0 0
47 -5627731 196834374 5627730 803165626 0 0
48 -5627732 981066644 5627731 18933356 0 0
49 -5627732 755683853 5627731 244316147 0 0
50 -5627732 533199970 5627731 466800030 0 0
51 -5627732 308277707 5627731 691722293 0 0
52 -5627732 100746842 5627731 899253158 0 0
53 -5627733 888120146 5627732 111879854 0 0
54 -5627733 674150586 5627732 325849414 0 0
55 -5627733 454201490 5627732 545798510 0 0
56 -5627733 240117006 5627732 759882994 0 0
57 -5627733 17583143 5627732 982416857 0 0
58 -5627734 807417419 5627733 192582581 0 0
59 -5627734 594553079 5627733 405446921 0 0
60 -5627734 367274916 5627733 632725084 0 0
61 -5627734 141867644 5627733 858132356 0 0
62 -5627735 911843624 5627734 88156376 0 0
63 -5627735 686508684 5627734 313491316 0 0
64 -5627735 467551365 5627734 532448635 0 0
1 -5627767 775871464 5627766 224128536 0 0
2 -5627767 525292308 5627766 474707692 0 0
3 -5627767 308508225 5627766 691491775 0 0
4 -5627767 96464054 5627766 903535946 0 0
5 -5627768 873895171 5627767 126104829 0 0
6 -5627768 655964943 5627767 344035057 0 0
7 -5627768 442759941 5627767 557240059 0 0
8 -5627768 226501163 5627767 773498837 0 0
9 -5627768 12713431 5627767 987286569 0 0
10 -5627769 788865739 5627768 211134261 0 0
11 -5627769 573904974 5627768 426095026 0 0
12 -5627769 347441219 5627768 652558781 0 0
13 -5627769 134766782 5627768 865233218 0 0
14 -5627770 921411597 5627769 78588403 0 0
15 -5627770 709581273 5627769 290418727 0 0
16 -5627770 500909242 5627769 499090758 0 0
17 -5627770 287846701 5627769 712153299 0 0
18 -5627770 66823493 5627769 933176507 0 0
19 -5627771 837413553 5627770 162586447 0 0
20 -5627771 620035240 5627770 379964760 0 0
21 -5627771 400935237 5627770 599064763 0 0
22 -5627771 193733567 5627770 806266433 0 0
23 -5627772 972033687 5627771 27966313 0 0
24 -5627772 761495894 5627771 238504106 0 0
25 -5627772 547336225 5627771 452663775 0 0
26 -5627772 336545196 5627771 663454804 0 0
27 -5627772 115283123 5627771 884716877 0 0
28 -5627773 900459947 5627772 99540053 0 0
29 -5627773 686295870 5627772 313704130 0 0
30 -5627773 459176998 5627772 540823002 0 0
31 -5627773 252732259 5627772 747267741 0 0
32 -5627773 30257078 5627772 969742922 0 0
33 -5627774 807342442 5627773 192657558 0 0
34 -5627774 597055664 5627773 402944336 0 0
35 -5627774 377326783 5627773 622673217 0 0
36 -5627774 167114781 5627773 832885219 0 0
37 -5627775 951890242 5627774 48109758 0 0
38 -5627775 728477412 5627774 271522588 0 0
39 -5627775 518391796 5627774 481608204 0 0
40 -5627775 297356977 5627774 702643023 0 0
41 -5627775 77262548 5627774 922737452 0 0
42 -5627776 864156007 5627775 135843993 0 0
43 -5627776 647683010 5627775 352316990 0 0
44 -5627776 431679931 5627775 568320069 0 0
45 -5627776 204423117 5627775 795576883 0 0
46 -5627777 991540979 5627776 8459021 0 0
47 -5627777 777997909 5627776 222002091 0 0
48 -5627777 563413692 5627776 436586308 0 0
49 -5627777 346257930 5627776 653742070 0 0
50 -5627777 137140352 5627776 862859648 0 0
51 -5627778 925868739 5627777 74131261 0 0
52 -5627778 705024842 5627777 294975158 0 0
53 -5627778 494552326 5627777 505447674 0 0
54 -5627778 276632171 5627777 723367829 0 0
55 -5627778 46999050 5627777 953000950 0 0
56 -5627779 823883973 5627778 176116027 0 0
57 -5627779 599668843 5627778 400331157 0 0
58 -5627779 383089163 5627778 616910837 0 0
59 -5627779 165969400 5627778 834030600 0 0
60 -5627780 958344608 5627779 41655392 0 0
61 -5627780 746833149 5627779 253166851 0 0
62 -5627780 534435557 5627779 465564443 0 0
63 -5627780 309120818 5627779 690879182 0 0
64 -5627780 89728875 5627779 910271125 0 0
1 -5627813 853342200 5627812 146657800 0 0
2 -5627813 614515563 5627812 385484437 0 0
3 -5627813 389183823 5627812 610816177 0 0
4 -5627813 172754731 5627812 827245269 0 0
5 -5627814 957261640 5627813 42738360 0 0
6 -5627814 729150507 5627813 270849493 0 0
7 -5627814 514461901 5627813 485538099 0 0
8 -5627814 301763017 5627813 698236983 0 0
9 -5627814 87239483 5627813 912760517 0 0
10 -5627815 866781281 5627814 133218719 0 0
11 -5627815 650648628 5627814 349351372 0 0
12 -5627815 435229387 5627814 564770613 0 0
13 -5627815 218812740 5627814 781187260 0 0
14 -5627815 8030913 5627814 991969087 0 0
15 -5627816 797083515 5627815 202916485 0 0
16 -5627816 579497593 5627815 420502407 0 0
17 -5627816 362877430 5627815 637122570 0 0
18 -5627816 147559429 5627815 852440571 0 0
19 -5627817 933894082 5627816 66105918 0 0
20 -5627817 722184976 5627816 277815024 0 0
21 -5627817 507793809 5627816 492206191 0 0
22 -5627817 292622897 5627816 707377103 0 0
23 -5627817 86010288 5627816 913989712 0 0
24 -5627818 880055742 5627817 119944258 0 0
25 -5627818 663211157 5627817 336788843 0 0
26 -5627818 440260706 5627817 559739294 0 0
27 -5627818 229335363 5627817 770664637 0 0
28 -5627818 10136230 5627817 989863770 0 0
29 -5627819 781050522 5627818 218949478 0 0
30 -5627819 567965886 5627818 432034114 0 0
31 -5627819 358194577 5627818 641805423 0 0
32 -5627819 141961833 5627818 858038167 0 0
33 -5627820 930754070 5627819 69245930 0 0
34 -5627820 709128853 5627819 290871147 0 0
35 -5627820 495471653 5627819 504528347 0 0
36 -5627820 286497126 5627819 713502874 0 0
37 -5627820 66279586 5627819 933720414 0 0
38 -5627821 848922492 5627820 151077508 0 0
39 -5627821 632723100 5627820 367276900 0 0
40 -5627821 418554336 5627820 581445664 0 0
41 -5627821 209267610 5627820 790732390 0 0
42 -5627822 987336732 5627821 12663268 0 0
43 -5627822 774465536 5627821 225534464 0 0
44 -5627822 554778098 5627821 445221902 0 0
45 -5627822 346546167 5627821 653453833 0 0
46 -5627822 128783359 5627821 871216641 0 0
47 -5627823 916958163 5627822 83041837 0 0
48 -5627823 695148041 5627822 304851959 0 0
49 -5627823 479469509 5627822 520530491 0 0
50 -5627823 257105416 5627822 742894584 0 0
51 -5627823 31385535 5627822 968614465 0 0
52 -5627824 814385027 5627823 185614973 0 0
53 -5627824 594322225 5627823 405677775 0 0
54 -5627824 371250812 5627823 628749188 0 0
55 -5627824 158704962 5627823 841295038 0 0
56 -5627825 933702845 5627824 66297155 0 0
57 -5627825 722730150 5627824 277269850 0 0
58 -5627825 509122950 5627824 490877050 0 0
59 -5627825 302189940 5627824 697810060 0 0
60 -5627825 87612868 5627824 912387132 0 0
61 -5627826 857034855 5627825 142965145 0 0
62 -5627826 646716093 5627825 353283907 0 0
63 -5627826 428666827 5627825 571333173 0 0
64 -5627826 215251216 5627825 784748784 0 0
1 -5627858 457997483 5627857 542002517 0 0
2 -5627858 203913555 5627857 796086445 0 0
3 -5627859 983801382 5627858 16198618 0 0
4 -5627859 761501749 5627858 238498251 0 0
5 -5627859 540807235 5627858 459192765 0 0
6 -5627859 332028999 5627858 667971001 0 0
7 -5627859 119221912 5627858 880778088 0 0
8 -5627860 897287476 5627859 102712524 0 0
9 -5627860 690221912 5627859 309778088 0 0
10 -5627860 473977463 5627859 526022537 0 0
11 -5627860 253928381 5627859 746071619 0 0
12 -5627860 35052166 5627859 964947834 0 0
13 -5627861 821451945 5627860 178548055 0 0
14 -5627861 614660357 5627860 385339643 0 0
15 -5627861 396604220 5627860 603395780 0 0
16 -5627861 171997315 5627860 828002685 0 0
17 -5627862 959797106 5627861 40202894 0 0
18 -5627862 741420826 5627861 258579174 0 0
19 -5627862 528466538 5627861 471533462 0 0
20 -5627862 305431030 5627861 694568970 0 0
21 -5627862 88216155 5627861 911783845 0 0
22 -5627863 873464344 5627862 126535656 0 0
23 -5627863 660593073 5627862 339406927 0 0
24 -5627863 442976390 5627862 557023610 0 0
25 -5627863 221308728 5627862 778691272 0 0
26 -5627863 3329848 5627862 996670152 0 0
27 -5627864 782806164 5627863 217193836 0 0
28 -5627864 564778525 5627863 435221475 0 0
29 -5627864 355708220 5627863 644291780 0 0
30 -5627864 137261090 5627863 862738910 0 0
31 -5627865 917188342 5627864 82811658 0 0
32 -5627865 707963391 5627864 292036609 0 0
33 -5627865 488897476 5627864 511102524 0 0
34 -5627865 268619824 5627864 731380176 0 0
35 -5627865 50571779 5627864 949428221 0 0
36 -5627866 831355422 5627865 168644578 0 0
37 -5627866 615329858 5627865 384670142 0 0
38 -5627866 397714601 5627865 602285399 0 0
39 -5627866 184314062 5627865 815685938 0 0
40 -5627867 972360958 5627866 27639042 0 0
41 -5627867 738667038 5627866 261332962 0 0
42 -5627867 529416218 5627866 470583782 0 0
43 -5627867 312599853 5627866 687400147 0 0
44 -5627867 106434994 5627866 893565006 0 0
45 -5627868 877361358 5627867 122638642 0 0
46 -5627868 656378163 5627867 343621837 0 0
47 -5627868 452462262 5627867 547537738 0 0
48 -5627868 231466734 5627867 768533266 0 0
49 -5627868 9462152 5627867 990537848 0 0
50 -5627869 796841690 5627868 203158310 0 0
51 -5627869 579035029 5627868 420964971 0 0
52 -5627869 366683878 5627868 633316122 0 0
53 -5627869 155057287 5627868 844942713 0 0
54 -5627870 936693618 5627869 63306382 0 0
55 -5627870 722644072 5627869 277355928 0 0
56 -5627870 514737022 5627869 485262978 0 0
57 -5627870 306058488 5627869 693941512 0 0
58 -5627870 67500973 5627869 932499027 0 0
59 -5627871 839347301 5627870 160652699 0 0
60 -5627871 610758989 5627870 389241011 0 0
61 -5627871 399352579 5627870 600647421 0 0
62 -5627871 183369884 5627870 816630116 0 0
63 -5627872 970133601 5627871 29866399 0 0
64 -5627872 752495547 5627871 247504453 0 0
1 -5627903 487445938 5627902 512554062 0 0
2 -5627903 240597206 5627902 759402794 0 0
3 -5627903 27379403 5627902 972620597 0 0
4 -5627904 809257042 5627903 190742958 0 0
5 -5627904 593209329 5627903 406790671 0 0
6 -5627904 387553292 5627903 612446708 0 0
7 -5627904 168471394 5627903 831528606 0 0
8 -5627905 938373498 5627904 61626502 0 0
9 -5627905 720414061 5627904 279585939 0 0
10 -5627905 490382922 5627904 509617078 0 0
11 -5627905 278269821 5627904 721730179 0 0
12 -5627905 59221885 5627904 940778115 0 0
13 -5627906 848803381 5627905 151196619 0 0
14 -5627906 631674725 5627905 368325275 0 0
15 -5627906 418335739 5627905 581664261 0 0
16 -5627906 200941383 5627905 799058617 0 0
17 -5627907 976299441 5627906 23700559 0 0
18 -5627907 755274653 5627906 244725347 0 0
19 -5627907 536735282 5627906 463264718 0 0
20 -5627907 323712272 5627906 676287728 0 0
21 -5627907 104631170 5627906 895368830 0 0
22 -5627908 887474107 5627907 112525893 0 0
23 -5627908 679757997 5627907 320242003 0 0
24 -5627908 462616711 5627907 537383289 0 0
25 -5627908 247660107 5627907 752339893 0 0
26 -5627908 37476913 5627907 962523087 0 0
27 -5627909 828569177 5627908 171430823 0 0
28 -5627909 614635998 5627908 385364002 0 0
29 -5627909 400582433 5627908 599417567 0 0
30 -5627909 177517405 5627908 822482595 0 0
31 -5627910 967339952 5627909 32660048 0 0
32 -5627910 753775007 5627909 246224993 0 0
33 -5627910 535164174 5627909 464835826 0 0
34 -5627910 316371012 5627909 683628988 0 0
35 -5627910 104266947 5627909 895733053 0 0
36 -5627911 890216418 5627910 109783582 0 0
37 -5627911 660379942 5627910 339620058 0 0
38 -5627911 451450374 5627910 548549626 0 0
39 -5627911 226763636 5627910 773236364 0 0
40 -5627911 9226190 5627910 990773810 0 0
41 -5627912 792538655 5627911 207461345 0 0
42 -5627912 566976544 5627911 433023456 0 0
43 -5627912 353694242 5627911 646305758 0 0
44 -5627912 136446162 5627911 863553838 0 0
45 -5627913 919157156 5627912 80842844 0 0
46 -5627913 712842668 5627912 287157332 0 0
47 -5627913 487611533 5627912 512388467 0 0
48 -5627913 280397599 5627912 719602401 0 0
49 -5627913 57283017 5627912 942716983 0 0
50 -5627914 831293358 5627913 168706642 0 0
51 -5627914 618364308 5627913 381635692 0 0
52 -5627914 410340797 5627913 589659203 0 0
53 -5627914 193335230 5627913 806664770 0 0
54 -5627915 976478791 5627914 23521209 0 0
55 -5627915 761854495 5627914 238145505 0 0
56 -5627915 537099258 5627914 462900742 0 0
57 -5627915 324130616 5627914 675869384 0 0
58 -5627915 106321546 5627914 893678454 0 0
59 -5627916 888516365 5627915 111483635 0 0
60 -5627916 671578112 5627915 328421888 0 0
61 -5627916 446629786 5627915 553370214 0 0
62 -5627916 226057823 5627915 773942177 0 0
63 -5627916 13895999 5627915 986104001 0 0
64 -5627917 788556236 5627916 211443764 0 0
1 -5627949 525383013 5627948 474616987 0 0
2 -5627949 288745459 5627948 711254541 0 0
3 -5627949 61004184 5627948 938995816 0 0
4 -5627950 847771231 5627949 152228769 0 0
5 -5627950 620220990 5627949 379779010 0 0
6 -5627950 387578991 5627949 612421009 0 0
7 -5627950 174083821 5627949 825916179 0 0
8 -5627951 957443802 5627950 42556198 0 0
9 -5627951 749650470 5627950 250349530 0 0
10 -5627951 530169504 5627950 469830496 0 0
11 -5627951 317552910 5627950 682447090 0 0
12 -5627951 98836467 5627950 901163533 0 0
13 -5627952 883427036 5627951 116572964 0 0
14 -5627952 657493672 5627951 342506328 0 0
15 -5627952 444511011 5627951 555488989 0 0
16 -5627952 228912676 5627951 771087324 0 0
17 -5627952 6984774 5627951 993015226 0 0
18 -5627953 784925689 5627952 215074311 0 0
19 -5627953 571107877 5627952 428892123 0 0
20 -5627953 347240474 5627952 652759526 0 0
21 -5627953 126991800 5627952 873008200 0 0
22 -5627954 896846570 5627953 103153430 0 0
23 -5627954 681371325 5627953 318628675 0 0
24 -5627954 466715973 5627953 533284027 0 0
25 -5627954 250637536 5627953 749362464 0 0
26 -5627954 29449509 5627953 970550491 0 0
27 -5627955 809847286 5627954 190152714 0 0
28 -5627955 573970255 5627954 426029745 0 0
29 -5627955 367691080 5627954 632308920 0 0
30 -5627955 151570903 5627954 848429097 0 0
31 -5627956 921426598 5627955 78573402 0 0
32 -5627956 697193406 5627955 302806594 0 0
33 -5627956 480597793 5627955 519402207 0 0
34 -5627956 253770593 5627955 746229407 0 0
35 -5627956 37255498 5627955 962744502 0 0
36 -5627957 832750438 5627956 167249562 0 0
37 -5627957 616815572 5627956 383184428 0 0
38 -5627957 397673303 5627956 602326697 0 0
39 -5627957 176554127 5627956 823445873 0 0
40 -5627958 939830445 5627957 60169555 0 0
41 -5627958 722064632 5627957 277935368 0 0
42 -5627958 506831679 5627957 493168321 0 0
43 -5627958 275384676 5627957 724615324 0 0
44 -5627958 57135428 5627957 942864572 0 0
45 -5627959 832183249 5627958 167816751 0 0
46 -5627959 619157996 5627958 380842004 0 0
47 -5627959 417173611 5627958 582826389 0 0
48 -5627959 182159156 5627958 817840844 0 0
49 -5627960 975090607 5627959 24909393 0 0
50 -5627960 754549956 5627959 245450044 0 0
51 -5627960 539312022 5627959 460687978 0 0
52 -5627960 323252010 5627959 676747990 0 0
53 -5627960 93042596 5627959 906957404 0 0
54 -5627961 863992049 5627960 136007951 0 0
55 -5627961 651049868 5627960 348950132 0 0
56 -5627961 420651327 5627960 579348673 0 0
57 -5627961 203249377 5627960 796750623 0 0
58 -5627962 975787078 5627961 24212922 0 0
59 -5627962 753200059 5627961 246799941 0 0
60 -5627962 537320988 5627961 462679012 0 0
61 -5627962 321668321 5627961 678331679 0 0
62 -5627962 105522959 5627961 894477041 0 0
63 -5627963 888029955 5627962 111970045 0 0
64 -5627963 671052813 5627962 328947187 0 0
1 -5627995 960130821 5627994 39869179 0 0
2 -5627995 716144903 5627994 283855097 0 0
3 -5627995 503091408 5627994 496908592 0 0
4 -5627995 281731920 5627994 718268080 0 0
5 -5627995 72528206 5627994 927471794 0 0
6 -5627996 847380603 5627995 152619397 0 0
7 -5627996 631998670 5627995 368001330 0 0
8 -5627996 410933306 5627995 589066694 0 0
9 -5627996 198308230 5627995 801691770 0 0
10 -5627997 980846743 5627996 19153257 0 0
11 -5627997 763125224 5627996 236874776 0 0
12 -5627997 541692034 5627996 458307966 0 0
13 -5627997 318081032 5627996 681918968 0 0
14 -5627997 102953021 5627996 897046979 0 0
15 -5627998 884957840 5627997 115042160 0 0
16 -5627998 668614092 5627997 331385908 0 0
17 -5627998 451439193 5627997 548560807 0 0
18 -5627998 227371033 5627997 772628967 0 0
19 -5627998 13671958 5627997 986328042 0 0
20 -5627999 798522132 5627998 201477868 0 0
21 -5627999 584612505 5627998 415387495 0 0
22 -5627999 371157666 5627998 628842334 0 0
23 -5627999 148695846 5627998 851304154 0 0
24 -5628000 930077011 5627999 69922989 0 0
25 -5628000 712093071 5627999 287906929 0 0
26 -5628000 480352461 5627999 519647539 0 0
27 -5628000 276107321 5627999 723892679 0 0
28 -5628000 55168159 5627999 944831841 0 0
29 -5628001 839554341 5628000 160445659 0 0
30 -5628001 611992617 5628000 388007383 0 0
31 -5628001 396515260 5628000 603484740 0 0
32 -5628001 175677651 5628000 824322349 0 0
33 -5628002 961031704 5628001 38968296 0 0
34 -5628002 752474681 5628001 247525319 0 0
35 -5628002 529898827 5628001 470101173 0 0
36 -5628002 310817685 5628001 689182315 0 0
37 -5628002 81957114 5628001 918042886 0 0
38 -5628003 856213633 5628002 143786367 0 0
39 -5628003 635624279 5628002 364375721 0 0
40 -5628003 418784077 5628002 581215923 0 0
41 -5628003 193869285 5628002 806130715 0 0
42 -5628004 976214894 5628003 23785106 0 0
43 -5628004 754941904 5628003 245058096 0 0
44 -5628004 536465066 5628003 463534934 0 0
45 -5628004 314441571 5628003 685558429 0 0
46 -5628004 92907623 5628003 907092377 0 0
47 -5628005 883592022 5628004 116407978 0 0
48 -5628005 662671674 5628004 337328326 0 0
49 -5628005 450806471 5628004 549193529 0 0
50 -5628005 230554703 5628004 769445297 0 0
51 -5628006 997198383 5628005 2801617 0 0
52 -5628006 766918172 5628005 233081828 0 0
53 -5628006 549366779 5628005 450633221 0 0
54 -5628006 321520949 5628005 678479051 0 0
55 -5628006 102391493 5628005 897608507 0 0
56 -5628007 884529958 5628006 115470042 0 0
57 -5628007 681308317 5628006 318691683 0 0
58 -5628007 465015234 5628006 534984766 0 0
59 -5628007 244598302 5628006 755401698 0 0
60 -5628007 33289201 5628006 966710799 0 0
61 -5628008 817348371 5628007 182651629 0 0
62 -5628008 606866383 5628007 393133617 0 0
63 -5628008 377290159 5628007 622709841 0 0
64 -5628008 160204832 5628007 839795168 0 0
1 -5628039 79670423 5628038 920329577 0 0
2 -5628040 834765076 5628039 165234924 0 0
3 -5628040 614600250 5628039 385399750 0 0
4 -5628040 408692658 5628039 591307342 0 0
5 -5628040 185130024 5628039 814869976 0 0
6 -5628041 974596278 5628040 25403722 0 0
7 -5628041 754914998 5628040 245085002 0 0
8 -5628041 525799672 5628040 474200328 0 0
9 -5628041 312961116 5628040 687038884 0 0
10 -5628041 90198227 5628040 909801773 0 0
11 -5628042 877672110 5628041 122327890 0 0
12 -5628042 668438525 5628041 331561475 0 0
13 -5628042 454274272 5628041 545725728 0 0
14 -5628042 233921245 5628041 766078755 0 0
15 -5628042 11579218 5628041 988420782 0 0
16 -5628043 797659405 5628042 202340595 0 0
17 -5628043 585395635 5628042 414604365 0 0
18 -5628043 358581285 5628042 641418715 0 0
19 -5628043 141496197 5628042 858503803 0 0
20 -5628044 924590199 5628043 75409801 0 0
21 -5628044 705497093 5628043 294502907 0 0
22 -5628044 487703037 5628043 512296963 0 0
23 -5628044 273872167 5628043 726127833 0 0
24 -5628044 60735080 5628043 939264920 0 0
25 -5628045 842656529 5628044 157343471 0 0
26 -5628045 613201561 5628044 386798439 0 0
27 -5628045 388151103 5628044 611848897 0 0
28 -5628045 167652876 5628044 832347124 0 0
29 -5628046 942376552 5628045 57623448 0 0
30 -5628046 726757252 5628045 273242748 0 0
31 -5628046 503265635 5628045 496734365 0 0
32 -5628046 283161085 5628045 716838915 0 0
33 -5628046 65885760 5628045 934114240 0 0
34 -5628047 841338127 5628046 158661873 0 0
35 -5628047 608623830 5628046 391376170 0 0
36 -5628047 381047715 5628046 618952285 0 0
37 -5628047 169457340 5628046 830542660 0 0
38 -5628048 944972094 5628047 55027906 0 0
39 -5628048 725887822 5628047 274112178 0 0
40 -5628048 506249485 5628047 493750515 0 0
41 -5628048 268123863 5628047 731876137 0 0
42 -5628048 43782411 5628047 956217589 0 0
43 -5628049 832714989 5628048 167285011 0 0
44 -5628049 608278871 5628048 391721129 0 0
45 -5628049 386187951 5628048 613812049 0 0
46 -5628049 166522022 5628048 833477978 0 0
47 -5628050 949488952 5628049 50511048 0 0
48 -5628050 732220775 5628049 267779225 0 0
49 -5628050 507020543 5628049 492979457 0 0
50 -5628050 287766699 5628049 712233301 0 0
51 -5628050 60926756 5628049 939073244 0 0
52 -5628051 840969092 5628050 159030908 0 0
53 -5628051 626680619 5628050 373319381 0 0
54 -5628051 409148188 5628050 590851812 0 0
55 -5628051 199354908 5628050 800645092 0 0
56 -5628052 975687758 5628051 24312242 0 0
57 -5628052 755258010 5628051 244741990 0 0
58 -5628052 538321864 5628051 461678136 0 0
59 -5628052 315268665 5628051 684731335 0 0
60 -5628052 98697550 5628051 901302450 0 0
61 -5628053 888583239 5628052 111416761 0 0
62 -5628053 666987273 5628052 333012727 0 0
63 -5628053 447380602 5628052 552619398 0 0
64 -5628053 217490253 5628052 782509747 0 0
1 -5628085 966637376 5628084 33362624 0 0
2 -5628085 717062596 5628084 282937404 0 0
3 -5628085 496696976 5628084 503303024 0 0
4 -5628085 266693276 5628084 733306724 0 0
5 -5628085 57578669 5628084 942421331 0 0
6 -5628086 843189326 5628085 156810674 0 0
7 -5628086 627738004 5628085 372261996 0 0
8 -5628086 402728711 5628085 597271289 0 0
9 -5628086 179498218 5628085 820501782 0 0
10 -5628087 973304871 5628086 26695129 0 0
11 -5628087 741733070 5628086 258266930 0 0
12 -5628087 526609816 5628086 473390184 0 0
13 -5628087 313214658 5628086 686785342 0 0
14 -5628087 77614303 5628086 922385697 0 0
15 -5628088 858591325 5628087 141408675 0 0
16 -5628088 648659214 5628087 351340786 0 0
17 -5628088 427997229 5628087 572002771 0 0
18 -5628088 205545351 5628087 794454649 0 0
19 -5628089 982050993 5628088 17949007 0 0
20 -5628089 738629524 5628088 261370476 0 0
21 -5628089 522522732 5628088 477477268 0 0
22 -5628089 305307738 5628088 694692262 0 0
23 -5628089 83219113 5628088 916780887 0 0
24 -5628090 862220541 5628089 137779459 0 0
25 -5628090 648691035 5628089 351308965 0 0
26 -5628090 437795997 5628089 562204003 0 0
27 -5628090 226887460 5628089 773112540 0 0
28 -5628091 999073682 5628090 926318 0 0
29 -5628091 781745783 5628090 218254217 0 0
30 -5628091 550812119 5628090 449187881 0 0
31 -5628091 338282908 5628090 661717092 0 0
32 -5628091 109098989 5628090 890901011 0 0
33 -5628092 903063584 5628091 96936416 0 0
34 -5628092 675987773 5628091 324012227 0 0
35 -5628092 456426416 5628091 543573584 0 0
36 -5628092 227257922 5628091 772742078 0 0
37 -5628092 10176611 5628091 989823389 0 0
38 -5628093 790144263 5628092 209855737 0 0
39 -5628093 561996565 5628092 438003435 0 0
40 -5628093 341381153 5628092 658618847 0 0
41 -5628093 123853739 5628092 876146261 0 0
42 -5628094 903613542 5628093 96386458 0 0
43 -5628094 687330994 5628093 312669006 0 0
44 -5628094 467756192 5628093 532243808 0 0
45 -5628094 247893637 5628093 752106363 0 0
46 -5628094 34907120 5628093 965092880 0 0
47 -5628095 818137951 5628094 181862049 0 0
48 -5628095 598331042 5628094 401668958 0 0
49 -5628095 386610928 5628094 613389072 0 0
50 -5628095 161353769 5628094 838646231 0 0
51 -5628096 954160033 5628095 45839967 0 0
52 -5628096 732913243 5628095 267086757 0 0
53 -5628096 516365719 5628095 483634281 0 0
54 -5628096 297119688 5628095 702880312 0 0
55 -5628096 77214411 5628095 922785589 0 0
56 -5628097 850603333 5628096 149396667 0 0
57 -5628097 635926977 5628096 364073023 0 0
58 -5628097 418906405 5628096 581093595 0 0
59 -5628097 197112978 5628096 802887022 0 0
60 -5628098 972301607 5628097 27698393 0 0
61 -5628098 756129335 5628097 243870665 0 0
62 -5628098 538020820 5628097 461979180 0 0
63 -5628098 304607072 5628097 695392928 0 0
64 -5628098 83032382 5628097 916967618 0 0
1 -5628130 837302341 5628129 162697659 0 0
2 -5628130 620541060 5628129 379458940 0 0
3 -5628130 399875759 5628129 600124241 0 0
4 -5628130 171332957 5628129 828667043 0 0
5 -5628131 951525621 5628130 48474379 0 0
6 -5628131 738990743 5628130 261009257 0 0
7 -5628131 529383310 5628130 470616690 0 0
8 -5628131 311594771 5628130 688405229 0 0
9 -5628131 81281872 5628130 918718128 0 0
10 -5628132 856538536 5628131 143461464 0 0
11 -5628132 643583406 5628131 356416594 0 0
12 -5628132 417663092 5628131 582336908 0 0
13 -5628132 197670427 5628131 802329573 0 0
14 -5628133 992299489 5628132 7700511 0 0
15 -5628133 778164789 5628132 221835211 0 0
16 -5628133 566128753 5628132 433871247 0 0
17 -5628133 347522340 5628132 652477660 0 0
18 -5628133 141190735 5628132 858809265 0 0
19 -5628134 933832057 5628133 66167943 0 0
20 -5628134 715337438 5628133 284662562 0 0
21 -5628134 498063407 5628133 501936593 0 0
22 -5628134 276354589 5628133 723645411 0 0
23 -5628134 52717343 5628133 947282657 0 0
24 -5628135 841339073 5628134 158660927 0 0
25 -5628135 629740659 5628134 370259341 0 0
26 -5628135 417934971 5628134 582065029 0 0
27 -5628135 204554997 5628134 795445003 0 0
28 -5628136 977148211 5628135 22851789 0 0
29 -5628136 766905049 5628135 233094951 0 0
30 -5628136 539370746 5628135 460629254 0 0
31 -5628136 327021420 5628135 672978580 0 0
32 -5628136 114845017 5628135 885154983 0 0
33 -5628137 903123697 5628136 96876303 0 0
34 -5628137 682237623 5628136 317762377 0 0
35 -5628137 460310271 5628136 539689729 0 0
36 -5628137 237029297 5628136 762970703 0 0
37 -5628137 36739487 5628136 963260513 0 0
38 -5628138 816689693 5628137 183310307 0 0
39 -5628138 600755600 5628137 399244400 0 0
40 -5628138 377129354 5628137 622870646 0 0
41 -5628138 153744104 5628137 846255896 0 0
42 -5628139 933353094 5628138 66646906 0 0
43 -5628139 715862530 5628138 284137470 0 0
44 -5628139 488883069 5628138 511116931 0 0
45 -5628139 274624648 5628138 725375352 0 0
46 -5628139 66887607 5628138 933112393 0 0
47 -5628140 849726777 5628139 150273223 0 0
48 -5628140 628163160 5628139 371836840 0 0
49 -5628140 410987127 5628139 589012873 0 0
50 -5628140 194346121 5628139 805653879 0 0
51 -5628141 974013814 5628140 25986186 0 0
52 -5628141 758595563 5628140 241404437 0 0
53 -5628141 540993242 5628140 459006758 0 0
54 -5628141 317848487 5628140 682151513 0 0
55 -5628141 93619141 5628140 906380859 0 0
56 -5628142 862489276 5628141 137510724 0 0
57 -5628142 645985842 5628141 354014158 0 0
58 -5628142 417324986 5628141 582675014 0 0
59 -5628142 200047214 5628141 799952786 0 0
60 -5628143 981546576 5628142 18453424 0 0
61 -5628143 765725444 5628142 234274556 0 0
62 -5628143 536078588 5628142 463921412 0 0
63 -5628143 320821501 5628142 679178499 0 0
64 -5628143 96705653 5628142 903294347 0 0
1 -5628175 996849676 5628174 3150324 0 0
2 -5628175 743933048 5628174 256066952 0 0
3 -5628175 529948900 5628174 470051100 0 0
4 -5628175 314907956 5628174 685092044 0 0
5 -5628175 98110990 5628174 901889010 0 0
6 -5628176 886795347 5628175 113204653 0 0
7 -5628176 657471096 5628175 342528904 0 0
8 -5628176 435792238 5628175 564207762 0 0
9 -5628176 214269730 5628175 785730270 0 0
10 -5628176 2557577 5628175 997442423 0 0
11 -5628177 783112530 5628176 216887470 0 0
12 -5628177 575768054 5628176 424231946 0 0
13 -5628177 348148400 5628176 651851600 0 0
14 -5628177 135784499 5628176 864215501 0 0
15 -5628178 909263806 5628177 90736194 0 0
16 -5628178 694255714 5628177 305744286 0 0
17 -5628178 467051071 5628177 532948929 0 0
18 -5628178 254526229 5628177 745473771 0 0
19 -5628178 25642172 5628177 974357828 0 0
20 -5628179 808336715 5628178 191663285 0 0
21 -5628179 596692375 5628178 403307625 0 0
22 -5628179 373580767 5628178 626419233 0 0
23 -5628179 148757616 5628178 851242384 0 0
24 -5628180 935882447 5628179 64117553 0 0
25 -5628180 723514694 5628179 276485306 0 0
26 -5628180 507395752 5628179 492604248 0 0
27 -5628180 287507825 5628179 712492175 0 0
28 -5628180 75208552 5628179 924791448 0 0
29 -5628181 849141443 5628180 150858557 0 0
30 -5628181 616060020 5628180 383939980 0 0
31 -5628181 405769248 5628180 594230752 0 0
32 -5628181 187049909 5628180 812950091 0 0
33 -5628182 970465291 5628181 29534709 0 0
34 -5628182 748445292 5628181 251554708 0 0
35 -5628182 530264499 5628181 469735501 0 0
36 -5628182 310787971 5628181 689212029 0 0
37 -5628182 92603012 5628181 907396988 0 0
38 -5628183 857096893 5628182 142903107 0 0
39 -5628183 646438127 5628182 353561873 0 0
40 -5628183 421328871 5628182 578671129 0 0
41 -5628183 206424166 5628182 793575834 0 0
42 -5628184 988712957 5628183 11287043 0 0
43 -5628184 771274039 5628183 228725961 0 0
44 -5628184 550940990 5628183 449059010 0 0
45 -5628184 327011119 5628183 672988881 0 0
46 -5628184 116259188 5628183 883740812 0 0
47 -5628185 891031082 5628184 108968918 0 0
48 -5628185 667023083 5628184 332976917 0 0
49 -5628185 444676497 5628184 555323503 0 0
50 -5628185 214000159 5628184 785999841 0 0
51 -5628186 994982141 5628185 5017859 0 0
52 -5628186 772597353 5628185 227402647 0 0
53 -5628186 545509503 5628185 454490497 0 0
54 -5628186 332816775 5628185 667183225 0 0
55 -5628186 111493097 5628185 888506903 0 0
56 -5628187 889628928 5628186 110371072 0 0
57 -5628187 668786314 5628186 331213686 0 0
58 -5628187 452515986 5628186 547484014 0 0
59 -5628187 241779832 5628186 758220168 0 0
60 -5628187 25995828 5628186 974004172 0 0
61 -5628188 799852221 5628187 200147779 0 0
62 -5628188 566784908 5628187 433215092 0 0
63 -5628188 346994201 5628187 653005799 0 0
64 -5628188 118049812 5628187 881950188 0 0
1 -5628220 647051419 5628219 352948581 0 0
2 -5628220 415114585 5628219 584885415 0 0
3 -5628220 193053049 5628219 806946951 0 0
4 -5628221 976781813 5628220 23218187 0 0
5 -5628221 760529835 5628220 239470165 0 0
6 -5628221 546893643 5628220 453106357 0 0
7 -5628221 317388152 5628220 682611848 0 0
8 -5628221 97041547 5628220 902958453 0 0
9 -5628222 876725016 5628221 123274984 0 0
10 -5628222 652728534 5628221 347271466 0 0
11 -5628222 433622647 5628221 566377353 0 0
12 -5628222 207420021 5628221 792579979 0 0
13 -5628223 990046046 5628222 9953954 0 0
14 -5628223 768557036 5628222 231442964 0 0
15 -5628223 554801290 5628222 445198710 0 0
16 -5628223 339146357 5628222 660853643 0 0
17 -5628223 120280928 5628222 879719072 0 0
18 -5628224 900757789 5628223 99242211 0 0
19 -5628224 687194465 5628223 312805535 0 0
20 -5628224 467203909 5628223 532796091 0 0
21 -5628224 238914026 5628223 761085974 0 0
22 -5628224 19625642 5628223 980374358 0 0
23 -5628225 797096670 5628224 202903330 0 0
24 -5628225 581496662 5628224 418503338 0 0
25 -5628225 365993355 5628224 634006645 0 0
26 -5628225 141113297 5628224 858886703 0 0
27 -5628226 924651250 5628225 75348750 0 0
28 -5628226 713119147 5628225 286880853 0 0
29 -5628226 496440233 5628225 503559767 0 0
30 -5628226 283110997 5628225 716889003 0 0
31 -5628226 57543119 5628225 942456881 0 0
32 -5628227 837359363 5628226 162640637 0 0
33 -5628227 617756725 5628226 382243275 0 0
34 -5628227 400752447 5628226 599247553 0 0
35 -5628227 177224493 5628226 822775507 0 0
36 -5628228 953083848 5628227 46916152 0 0
37 -5628228 732089977 5628227 267910023 0 0
38 -5628228 515754871 5628227 484245129 0 0
39 -5628228 298330971 5628227 701669029 0 0
40 -5628228 82346359 5628227 917653641 0 0
41 -5628229 856455486 5628228 143544514 0 0
42 -5628229 637810534 5628228 362189466 0 0
43 -5628229 419542187 5628228 580457813 0 0
44 -5628229 199146286 5628228 800853714 0 0
45 -5628230 968160249 5628229 31839751 0 0
46 -5628230 748553871 5628229 251446129 0 0
47 -5628230 517029937 5628229 482970063 0 0
48 -5628230 296233877 5628229 703766123 0 0
49 -5628230 76932178 5628229 923067822 0 0
50 -5628231 865931677 5628230 134068323 0 0
51 -5628231 648754235 5628230 351245765 0 0
52 -5628231 427549720 5628230 572450280 0 0
53 -5628231 187974583 5628230 812025417 0 0
54 -5628232 957305022 5628231 42694978 0 0
55 -5628232 742695347 5628231 257304653 0 0
56 -5628232 528959545 5628231 471040455 0 0
57 -5628232 314373981 5628231 685626019 0 0
58 -5628232 97674826 5628231 902325174 0 0
59 -5628233 875414719 5628232 124585281 0 0
60 -5628233 649257870 5628232 350742130 0 0
61 -5628233 425073188 5628232 574926812 0 0
62 -5628233 200369923 5628232 799630077 0 0
63 -5628234 986406903 5628233 13593097 0 0
64 -5628234 773551751 5628233 226448249 0 0
1 -5628265 336349085 5628264 663650915 0 0
2 -5628265 87252218 5628264 912747782 0 0
3 -5628266 870675301 5628265 129324699 0 0
4 -5628266 654886036 5628265 345113964 0 0
5 -5628266 434063087 5628265 565936913 0 0
6 -5628266 211518189 5628265 788481811 0 0
7 -5628266 1518279 5628265 998481721 0 0
8 -5628267 787018102 5628266 212981898 0 0
9 -5628267 569885177 5628266 430114823 0 0
10 -5628267 360015839 5628266 639984161 0 0
11 -5628267 141725806 5628266 858274194 0 0
12 -5628268 920622029 5628267 79377971 0 0
13 -5628268 707013835 5628267 292986165 0 0
14 -5628268 492155831 5628267 507844169 0 0
15 -5628268 273570933 5628267 726429067 0 0
16 -5628268 57055163 5628267 942944837 0 0
17 -5628269 845752315 5628268 154247685 0 0
18 -5628269 617656131 5628268 382343869 0 0
19 -5628269 403978475 5628268 596021525 0 0
20 -5628269 176115305 5628268 823884695 0 0
21 -5628270 953861012 5628269 46138988 0 0
22 -5628270 737093803 5628269 262906197 0 0
23 -5628270 517318168 5628269 482681832 0 0
24 -5628270 302886581 5628269 697113419 0 0
25 -5628270 85481180 5628269 914518820 0 0
26 -5628271 854917727 5628270 145082273 0 0
27 -5628271 644816338 5628270 355183662 0 0
28 -5628271 428886205 5628270 571113795 0 0
29 -5628271 206448842 5628270 793551158 0 0
30 -5628272 991043181 5628271 8956819 0 0
31 -5628272 771517078 5628271 228482922 0 0
32 -5628272 537193454 5628271 462806546 0 0
33 -5628272 296310212 5628271 703689788 0 0
34 -5628272 80067993 5628271 919932007 0 0
35 -5628273 871588870 5628272 128411130 0 0
36 -5628273 653289688 5628272 346710312 0 0
37 -5628273 436857065 5628272 563142935 0 0
38 -5628273 220961099 5628272 779038901 0 0
39 -5628273 17333774 5628272 982666226 0 0
40 -5628274 794590879 5628273 205409121 0 0
41 -5628274 569452270 5628273 430547730 0 0
42 -5628274 351627413 5628273 648372587 0 0
43 -5628274 141686077 5628273 858313923 0 0
44 -5628275 909467988 5628274 90532012 0 0
45 -5628275 694746296 5628274 305253704 0 0
46 -5628275 484802422 5628274 515197578 0 0
47 -5628275 263429557 5628274 736570443 0 0
48 -5628275 35653441 5628274 964346559 0 0
49 -5628276 807552702 5628275 192447298 0 0
50 -5628276 584405074 5628275 415594926 0 0
51 -5628276 367122355 5628275 632877645 0 0
52 -5628276 139325258 5628275 860674742 0 0
53 -5628277 922911208 5628276 77088792 0 0
54 -5628277 708194424 5628276 291805576 0 0
55 -5628277 494333845 5628276 505666155 0 0
56 -5628277 256941926 5628276 743058074 0 0
57 -5628277 46733965 5628276 953266035 0 0
58 -5628278 830641780 5628277 169358220 0 0
59 -5628278 608572465 5628277 391427535 0 0
60 -5628278 398567241 5628277 601432759 0 0
61 -5628278 167110341 5628277 832889659 0 0
62 -5628279 936837086 5628278 63162914 0 0
63 -5628279 717866177 5628278 282133823 0 0
64 -5628279 490819103 5628278 509180897 0 0
1 -5628311 69305661 5628310 930694339 0 0
2 -5628312 829264976 5628311 170735024 0 0
3 -5628312 624752371 5628311 375247629 0 0
4 -5628312 395870349 5628311 604129651 0 0
5 -5628312 176383375 5628311 823616625 0 0
6 -5628313 959101693 5628312 40898307 0 0
7 -5628313 731603460 5628312 268396540 0 0
8 -5628313 516499144 5628312 483500856 0 0
9 -5628313 297213629 5628312 702786371 0 0
10 -5628313 85332032 5628312 914667968 0 0
11 -5628314 870894000 5628313 129106000 0 0
12 -5628314 646206474 5628313 353793526 0 0
13 -5628314 432615594 5628313 567384406 0 0
14 -5628314 216304542 5628313 783695458 0 0
15 -5628315 989647015 5628314 10352985 0 0
16 -5628315 765490868 5628314 234509132 0 0
17 -5628315 557948375 5628314 442051625 0 0
18 -5628315 340798505 5628314 659201495 0 0
19 -5628315 121120942 5628314 878879058 0 0
20 -5628316 890839205 5628315 109160795 0 0
21 -5628316 666932572 5628315 333067428 0 0
22 -5628316 457433041 5628315 542566959 0 0
23 -5628316 231858846 5628315 768141154 0 0
24 -5628316 19176190 5628315 980823810 0 0
25 -5628317 800550977 5628316 199449023 0 0
26 -5628317 579577234 5628316 420422766 0 0
27 -5628317 355702174 5628316 644297826 0 0
28 -5628317 127514139 5628316 872485861 0 0
29 -5628318 904543322 5628317 95456678 0 0
30 -5628318 681296954 5628317 318703046 0 0
31 -5628318 446802296 5628317 553197704 0 0
32 -5628318 235956031 5628317 764043969 0 0
33 -5628318 16433353 5628317 983566647 0 0
34 -5628319 799101949 5628318 200898051 0 0
35 -5628319 571753991 5628318 428246009 0 0
36 -5628319 351841969 5628318 648158031 0 0
37 -5628319 131131647 5628318 868868353 0 0
38 -5628320 914896815 5628319 85103185 0 0
39 -5628320 693832185 5628319 306167815 0 0
40 -5628320 467989236 5628319 532010764 0 0
41 -5628320 249059306 5628319 750940694 0 0
42 -5628320 27722181 5628319 972277819 0 0
43 -5628321 805609348 5628320 194390652 0 0
44 -5628321 589171242 5628320 410828758 0 0
45 -5628321 373186147 5628320 626813853 0 0
46 -5628321 140803023 5628320 859196977 0 0
47 -5628322 924413621 5628321 75586379 0 0
48 -5628322 707203548 5628321 292796452 0 0
49 -5628322 499259544 5628321 500740456 0 0
50 -5628322 284627035 5628321 715372965 0 0
51 -5628322 70874416 5628321 929125584 0 0
52 -5628323 851546402 5628322 148453598 0 0
53 -5628323 630932207 5628322 369067793 0 0
54 -5628323 410115813 5628322 589884187 0 0
55 -5628323 194510321 5628322 805489679 0 0
56 -5628324 971906553 5628323 28093447 0 0
57 -5628324 757309043 5628323 242690957 0 0
58 -5628324 539040268 5628323 460959732 0 0
59 -5628324 316197689 5628323 683802311 0 0
60 -5628324 99083133 5628323 900916867 0 0
61 -5628325 889761969 5628324 110238031 0 0
62 -5628325 657605952 5628324 342394048 0 0
63 -5628325 435882186 5628324 564117814 0 0
64 -5628325 217062513 5628324 782937487 0 0
1 -5628356 110005729 5628355 889994271 0 0
2 -5628357 859478090 5628356 140521910 0 0
3 -5628357 641305775 5628356 358694225 0 0
4 -5628357 426734301 5628356 573265699 0 0
5 -5628357 211343065 5628356 788656935 0 0
6 -5628358 996141491 5628357 3858509 0 0
7 -5628358 773947974 5628357 226052026 0 0
8 -5628358 553774993 5628357 446225007 0 0
9 -5628358 340815248 5628357 659184752 0 0
10 -5628358 114962632 5628357 885037368 0 0
11 -5628359 896686412 5628358 103313588 0 0
12 -5628359 682851887 5628358 317148113 0 0
13 -5628359 453906014 5628358 546093986 0 0
14 -5628359 228588665 5628358 771411335 0 0
15 -5628360 997134653 5628359 2865347 0 0
16 -5628360 780446274 5628359 219553726 0 0
17 -5628360 546399440 5628359 453600560 0 0
18 -5628360 329290606 5628359 670709394 0 0
19 -5628360 103582635 5628359 896417365 0 0
20 -5628361 876390933 5628360 123609067 0 0
21 -5628361 648853459 5628360 351146541 0 0
22 -5628361 434712643 5628360 565287357 0 0
23 -5628361 214465256 5628360 785534744 0 0
24 -5628362 992039613 5628361 7960387 0 0
25 -5628362 766823819 5628361 233176181 0 0
26 -5628362 551730632 5628361 448269368 0 0
27 -5628362 333814646 5628361 666185354 0 0
28 -5628362 115382096 5628361 884617904 0 0
29 -5628363 897420222 5628362 102579778 0 0
30 -5628363 677534532 5628362 322465468 0 0
31 -5628363 454624287 5628362 545375713 0 0
32 -5628363 230699523 5628362 769300477 0 0
33 -5628363 19071032 5628362 980928968 0 0
34 -5628364 811010881 5628363 188989119 0 0
35 -5628364 596257818 5628363 403742182 0 0
36 -5628364 382818008 5628363 617181992 0 0
37 -5628364 158308107 5628363 841691893 0 0
38 -5628365 941164774 5628364 58835226 0 0
39 -5628365 719290768 5628364 280709232 0 0
40 -5628365 506721905 5628364 493278095 0 0
41 -5628365 286817919 5628364 713182081 0 0
42 -5628365 70627346 5628364 929372654 0 0
43 -5628366 850585362 5628365 149414638 0 0
44 -5628366 637267957 5628365 362732043 0 0
45 -5628366 427089716 5628365 572910284 0 0
46 -5628366 204219137 5628365 795780863 0 0
47 -5628367 986687273 5628366 13312727 0 0
48 -5628367 767353351 5628366 232646649 0 0
49 -5628367 552381292 5628366 447618708 0 0
50 -5628367 333264420 5628366 666735580 0 0
51 -5628367 114689132 5628366 885310868 0 0
52 -5628368 888323155 5628367 111676845 0 0
53 -5628368 663143044 5628367 336856956 0 0
54 -5628368 446952674 5628367 553047326 0 0
55 -5628368 228390719 5628367 771609281 0 0
56 -5628368 13367031 5628367 986632969 0 0
57 -5628369 797569802 5628368 202430198 0 0
58 -5628369 583768813 5628368 416231187 0 0
59 -5628369 357803995 5628368 642196005 0 0
60 -5628369 132533979 5628368 867466021 0 0
61 -5628370 916469199 5628369 83530801 0 0
62 -5628370 690101185 5628369 309898815 0 0
63 -5628370 470981296 5628369 529018704 0 0
64 -5628370 258207010 5628369 741792990 0 0
1 -5628402 740723427 5628401 259276573 0 0
2 -5628402 508319302 5628401 491680698 0 0
3 -5628402 301062395 5628401 698937605 0 0
4 -5628402 89352960 5628401 910647040 0 0
5 -5628403 872639562 5628402 127360438 0 0
6 -5628403 654739094 5628402 345260906 0 0
7 -5628403 438865662 5628402 561134338 0 0
8 -5628403 221007156 5628402 778992844 0 0
9 -5628403 891803 5628402 999108197 0 0
10 -5628404 783254181 5628403 216745819 0 0
11 -5628404 569305621 5628403 430694379 0 0
12 -5628404 362869828 5628403 637130172 0 0
13 -5628404 144587404 5628403 855412596 0 0
14 -5628405 930122613 5628404 69877387 0 0
15 -5628405 707988223 5628404 292011777 0 0
16 -5628405 493236641 5628404 506763359 0 0
17 -5628405 267060104 5628404 732939896 0 0
18 -5628405 44748495 5628404 955251505 0 0
19 -5628406 832837156 5628405 167162844 0 0
20 -5628406 620107462 5628405 379892538 0 0
21 -5628406 408294325 5628405 591705675 0 0
22 -5628406 198873607 5628405 801126393 0 0
23 -5628407 980082044 5628406 19917956 0 0
24 -5628407 764661159 5628406 235338841 0 0
25 -5628407 547456677 5628406 452543323 0 0
26 -5628407 326585727 5628406 673414273 0 0
27 -5628407 111166139 5628406 888833861 0 0
28 -5628408 891536221 5628407 108463779 0 0
29 -5628408 668275130 5628407 331724870 0 0
30 -5628408 451925318 5628407 548074682 0 0
31 -5628408 227337474 5628407 772662526 0 0
32 -5628408 18455616 5628407 981544384 0 0
33 -5628409 801671923 5628408 198328077 0 0
34 -5628409 588250408 5628408 411749592 0 0
35 -5628409 373079500 5628408 626920500 0 0
36 -5628409 161315751 5628408 838684249 0 0
37 -5628410 948556631 5628409 51443369 0 0
38 -5628410 731638311 5628409 268361689 0 0
39 -5628410 519038448 5628409 480961552 0 0
40 -5628410 306545509 5628409 693454491 0 0
41 -5628410 87387638 5628409 912612362 0 0
42 -5628411 878120824 5628410 121879176 0 0
43 -5628411 656384242 5628410 343615758 0 0
44 -5628411 434229667 5628410 565770333 0 0
45 -5628411 222667914 5628410 777332086 0 0
46 -5628411 1310325 5628410 998689675 0 0
47 -5628412 783854292 5628411 216145708 0 0
48 -5628412 556252301 5628411 443747699 0 0
49 -5628412 327583903 5628411 672416097 0 0
50 -5628412 115022835 5628411 884977165 0 0
51 -5628413 899076719 5628412 100923281 0 0
52 -5628413 679363988 5628412 320636012 0 0
53 -5628413 470392817 5628412 529607183 0 0
54 -5628413 249240075 5628412 750759925 0 0
55 -5628413 27681101 5628412 972318899 0 0
56 -5628414 815728577 5628413 184271423 0 0
57 -5628414 590426320 5628413 409573680 0 0
58 -5628414 367227710 5628413 632772290 0 0
59 -5628414 151380925 5628413 848619075 0 0
60 -5628415 926135408 5628414 73864592 0 0
61 -5628415 687888596 5628414 312111404 0 0
62 -5628415 458325381 5628414 541674619 0 0
63 -5628415 230757111 5628414 769242889 0 0
64 -5628415 10024898 5628414 989975102 0 0
1 -5628448 878223421 5628447 121776579 0 0
2 -5628448 655772407 5628447 344227593 0 0
3 -5628448 436553167 5628447 563446833 0 0
4 -5628448 206107931 5628447 793892069 0 0
5 -5628449 997098463 5628448 2901537 0 0
6 -5628449 770773540 5628448 229226460 0 0
7 -5628449 557783072 5628448 442216928 0 0
8 -5628449 339561832 5628448 660438168 0 0
9 -5628449 125292147 5628448 874707853 0 0
10 -5628450 909212626 5628449 90787374 0 0
11 -5628450 699557707 5628449 300442293 0 0
12 -5628450 474029121 5628449 525970879 0 0
13 -5628450 254555996 5628449 745444004 0 0
14 -5628450 43643045 5628449 956356955 0 0
15 -5628451 826789001 5628450 173210999 0 0
16 -5628451 598368469 5628450 401631531 0 0
17 -5628451 383077451 5628450 616922549 0 0
18 -5628451 161277629 5628450 838722371 0 0
19 -5628452 943270625 5628451 56729375 0 0
20 -5628452 721446877 5628451 278553123 0 0
21 -5628452 503473724 5628451 496526276 0 0
22 -5628452 296632642 5628451 703367358 0 0
23 -5628452 77227072 5628451 922772928 0 0
24 -5628453 862750798 5628452 137249202 0 0
25 -5628453 646044233 5628452 353955767 0 0
26 -5628453 435602736 5628452 564397264 0 0
27 -5628453 218141167 5628452 781858833 0 0
28 -5628453 4899037 5628452 995100963 0 0
29 -5628454 784809887 5628453 215190113 0 0
30 -5628454 566190783 5628453 433809217 0 0
31 -5628454 337261889 5628453 662738111 0 0
32 -5628454 122628267 5628453 877371733 0 0
33 -5628455 911660521 5628454 88339479 0 0
34 -5628455 698880420 5628454 301119580 0 0
35 -5628455 486909766 5628454 513090234 0 0
36 -5628455 264637379 5628454 735362621 0 0
37 -5628455 43668893 5628454 956331107 0 0
38 -5628456 826565261 5628455 173434739 0 0
39 -5628456 613596404 5628455 386403596 0 0
40 -5628456 387846062 5628455 612153938 0 0
41 -5628456 174244809 5628455 825755191 0 0
42 -5628457 947206288 5628456 52793712 0 0
43 -5628457 733736089 5628456 266263911 0 0
44 -5628457 528597475 5628456 471402525 0 0
45 -5628457 303899373 5628456 696100627 0 0
46 -5628457 88811796 5628456 911188204 0 0
47 -5628458 872124045 5628457 127875955 0 0
48 -5628458 648203170 5628457 351796830 0 0
49 -5628458 429804877 5628457 570195123 0 0
50 -5628458 214418953 5628457 785581047 0 0
51 -5628459 994007494 5628458 5992506 0 0
52 -5628459 767439630 5628458 232560370 0 0
53 -5628459 531475090 5628458 468524910 0 0
54 -5628459 309559899 5628458 690440101 0 0
55 -5628459 103348787 5628458 896651213 0 0
56 -5628460 890211803 5628459 109788197 0 0
57 -5628460 668746160 5628459 331253840 0 0
58 -5628460 445648787 5628459 554351213 0 0
59 -5628460 238485767 5628459 761514233 0 0
60 -5628460 14545151 5628459 985454849 0 0
61 -5628461 806536405 5628460 193463595 0 0
62 -5628461 578185816 5628460 421814184 0 0
63 -5628461 354112461 5628460 645887539 0 0
64 -5628461 138588670 5628460 861411330 0 0
1 -5628494 868437366 5628493 131562634 0 0
2 -5628494 613792413 5628493 386207587 0 0
3 -5628494 390673022 5628493 609326978 0 0
4 -5628494 177923253 5628493 822076747 0 0
5 -5628495 967303074 5628494 32696926 0 0
6 -5628495 739337291 5628494 260662709 0 0
7 -5628495 527095365 5628494 472904635 0 0
8 -5628495 313026769 5628494 686973231 0 0
9 -5628495 89191243 5628494 910808757 0 0
10 -5628496 872090907 5628495 127909093 0 0
11 -5628496 663343526 5628495 336656474 0 0
12 -5628496 446636553 5628495 553363447 0 0
13 -5628496 232351461 5628495 767648539 0 0
14 -5628496 17140441 5628495 982859559 0 0
15 -5628497 798516671 5628496 201483329 0 0
16 -5628497 586869529 5628496 413130471 0 0
17 -5628497 368584474 5628496 631415526 0 0
18 -5628497 138698042 5628496 861301958 0 0
19 -5628498 925980384 5628497 74019616 0 0
20 -5628498 708163987 5628497 291836013 0 0
21 -5628498 473573254 5628497 526426746 0 0
22 -5628498 257094961 5628497 742905039 0 0
23 -5628498 43838332 5628497 956161668 0 0
24 -5628499 835125080 5628498 164874920 0 0
25 -5628499 616532735 5628498 383467265 0 0
26 -5628499 394437195 5628498 605562805 0 0
27 -5628499 174549762 5628498 825450238 0 0
28 -5628500 958607442 5628499 41392558 0 0
29 -5628500 736864618 5628499 263135382 0 0
30 -5628500 517019073 5628499 482980927 0 0
31 -5628500 294031087 5628499 705968913 0 0
32 -5628500 81181042 5628499 918818958 0 0
33 -5628501 849009208 5628500 150990792 0 0
34 -5628501 637427695 5628500 362572305 0 0
35 -5628501 421922848 5628500 578077152 0 0
36 -5628501 215986675 5628500 784013325 0 0
37 -5628502 991589233 5628501 8410767 0 0
38 -5628502 767207773 5628501 232792227 0 0
39 -5628502 555722962 5628501 444277038 0 0
40 -5628502 322304707 5628501 677695293 0 0
41 -5628502 106495791 5628501 893504209 0 0
42 -5628503 888003943 5628502 111996057 0 0
43 -5628503 669252360 5628502 330747640 0 0
44 -5628503 448652774 5628502 551347226 0 0
45 -5628503 219254240 5628502 780745760 0 0
46 -5628504 996879261 5628503 3120739 0 0
47 -5628504 778268842 5628503 221731158 0 0
48 -5628504 555223023 5628503 444776977 0 0
49 -5628504 344702139 5628503 655297861 0 0
50 -5628504 127384955 5628503 872615045 0 0
51 -5628505 908579113 5628504 91420887 0 0
52 -5628505 686859715 5628504 313140285 0 0
53 -5628505 475372070 5628504 524627930 0 0
54 -5628505 256568432 5628504 743431568 0 0
55 -5628505 29709926 5628504 970290074 0 0
56 -5628506 809481870 5628505 190518130 0 0
57 -5628506 590233703 5628505 409766297 0 0
58 -5628506 373308197 5628505 626691803 0 0
59 -5628506 157573798 5628505 842426202 0 0
60 -5628507 945539590 5628506 54460410 0 0
61 -5628507 726935781 5628506 273064219 0 0
62 -5628507 490053090 5628506 509946910 0 0
63 -5628507 279880533 5628506 720119467 0 0
64 -5628507 58326409 5628506 941673591 0 0
