1 0 958170100 5884326 810467838 5884327 768637938
2 0 814502812 5884326 996364617 5884327 810867429
3 0 699904983 5884327 163477986 5884327 863382969
4 0 574538485 5884327 329843517 5884327 904382002
1 0 982436129 5884334 904769755 5884335 887205884
2 0 821712029 5884335 114563107 5884335 936275136
3 0 701585730 5884335 281466924 5884335 983052654
4 0 587060381 5884335 444924621 5884336 31985002
1 0 926890941 5884343 48143387 5884343 975034328
2 0 815346148 5884343 210529789 5884344 25875937
3 0 709871854 5884343 372712749 5884344 82584603
4 0 591931032 5884343 533901710 5884344 125832742
1 0 959022102 5884351 14966568 5884351 973988670
2 0 811793437 5884351 208127526 5884352 19920963
3 0 706835650 5884351 371167749 5884352 78003399
4 0 584095159 5884351 536229582 5884352 120324741
1 0 947791292 5884359 145793510 5884360 93584802
2 0 813139301 5884359 329067633 5884360 142206934
3 0 707997055 5884359 485535108 5884360 193532163
4 0 582494596 5884359 661006896 5884360 243501492
1 0 959983474 5884367 122633060 5884368 82616534
2 0 823993969 5884367 316731853 5884368 140725822
3 0 693589213 5884367 486722668 5884368 180311881
4 0 583492948 5884367 644956907 5884368 228449855
1 0 988801529 5884374 995046501 5884375 983848030
2 0 816966378 5884375 212509247 5884376 29475625
3 0 689295959 5884375 387955572 5884376 77251531
4 0 573227565 5884375 549751448 5884376 122979013
1 0 988803751 5884383 125745521 5884384 114549272
2 0 828280260 5884383 330542447 5884384 158822707
3 0 699121239 5884383 505873738 5884384 204994977
4 0 576070216 5884383 677432746 5884384 253502962
1 0 988899417 5884391 215367343 5884392 204266760
2 0 829891767 5884391 414822499 5884392 244714266
3 0 712152737 5884391 581909850 5884392 294062587
4 0 605467076 5884391 741338862 5884392 346805938
1 0 972458519 5884399 172170825 5884400 144629344
2 0 812553627 5884399 384225579 5884400 196779206
3 0 700858003 5884399 542650999 5884400 243509002
4 0 577743203 5884399 708923310 5884400 286666513
