1 1 847908900 5884407 275073290 5884409 122982190
2 1 692619163 5884407 472480058 5884409 165099221
3 1 583978075 5884407 633716018 5884409 217694093
4 1 473373819 5884407 792829685 5884409 266203504
5 1 358894322 5884407 956300974 5884409 315195296
6 1 245451472 5884408 118693023 5884409 364144495
7 1 131317560 5884408 282477992 5884409 413795552
8 1 7940840 5884408 451234719 5884409 459175559
1 1 878613717 5884416 375277164 5884418 253890881
2 1 716877433 5884416 584142348 5884418 301019781
3 1 600204124 5884416 748541583 5884418 348745707
4 1 484385393 5884416 908422142 5884418 392807535
5 1 353972858 5884417 79551733 5884418 433524591
6 1 238038054 5884417 245120909 5884418 483158963
7 1 122933513 5884417 404423794 5884418 527357307
8 1 1781214 5884417 580800639 5884418 582581853
1 1 843178229 5884425 172494385 5884427 15672614
2 1 693808104 5884425 367344256 5884427 61152360
3 1 569462419 5884425 534869451 5884427 104331870
4 1 450444544 5884425 703109447 5884427 153553991
5 1 342563645 5884425 860571015 5884427 203134660
6 1 221101981 5884426 26606145 5884427 247708126
7 1 107203195 5884426 193246097 5884427 300449292
8 0 980183060 5884426 362495779 5884427 342678839
1 1 897304018 5884434 264841943 5884436 162145961
2 1 727969579 5884434 485558092 5884436 213527671
3 1 599928518 5884434 655429892 5884436 255358410
4 1 476860792 5884434 825785497 5884436 302646289
5 1 361939229 5884434 997313858 5884436 359253087
6 1 234804893 5884435 167676407 5884436 402481300
7 1 118432005 5884435 332323378 5884436 450755383
8 1 6192595 5884435 496438303 5884436 502630898
1 1 852156154 5884443 375785268 5884445 227941422
2 1 708015858 5884443 566546956 5884445 274562814
3 1 580583879 5884443 738924042 5884445 319507921
4 1 462998236 5884443 902877803 5884445 365876039
5 1 351971729 5884444 61388185 5884445 413359914
6 1 238514675 5884444 221613627 5884445 460128302
7 1 115058512 5884444 391868826 5884445 506927338
8 0 996536182 5884444 557388021 5884445 553924203
1 1 819281230 5884452 188089284 5884454 7370514
2 1 701811344 5884452 361129228 5884454 62940572
3 1 589042536 5884452 521947659 5884454 110990195
4 1 472000494 5884452 693990436 5884454 165990930
5 1 353702586 5884452 857697943 5884454 211400529
6 1 228811412 5884453 22676889 5884454 251488301
7 1 109972495 5884453 189295768 5884454 299268263
8 1 8272556 5884453 344678226 5884454 352950782
1 1 870094136 5884461 75105983 5884462 945200119
2 1 705723271 5884461 282690802 5884462 988414073
3 1 584656785 5884461 448278941 5884463 32935726
4 1 467395542 5884461 613697953 5884463 81093495
5 1 350282372 5884461 778331498 5884463 128613870
6 1 238577619 5884461 936299093 5884463 174876712
7 1 118862108 5884462 102832621 5884463 221694729
8 0 997782196 5884462 266182986 5884463 263965182
1 1 831274488 5884469 925278332 5884471 756552820
2 1 683766439 5884470 119265238 5884471 803031677
3 1 564709897 5884470 282236388 5884471 846946285
4 1 448747112 5884470 446785120 5884471 895532232
5 1 333987027 5884470 609618328 5884471 943605355
6 1 208801507 5884470 781926212 5884471 990727719
7 1 95303158 5884470 942354150 5884472 37657308
8 0 971393891 5884471 110704533 5884472 82098424
1 1 887829232 5884478 745375297 5884480 633204529
2 1 736118798 5884478 942553292 5884480 678672090
3 1 628012551 5884479 104500665 5884480 732513216
4 1 501067509 5884479 273524665 5884480 774592174
5 1 390672842 5884479 440103433 5884480 830776275
6 1 265303602 5884479 607395207 5884480 872698809
7 1 140809051 5884479 775557686 5884480 916366737
8 1 38008317 5884479 927492968 5884480 965501285
1 1 871945009 5884487 915311692 5884489 787256701
2 1 721241297 5884488 114102564 5884489 835343861
3 1 606693357 5884488 276343135 5884489 883036492
4 1 487918384 5884488 439783332 5884489 927701716
5 1 377627678 5884488 596560283 5884489 974187961
6 1 267602931 5884488 754246883 5884490 21849814
7 1 152593739 5884488 914671896 5884490 67265635
8 1 36056262 5884489 75659416 5884490 111715678
