1 9 184741780 5884755 763785416 5884764 948527196
2 9 47230038 5884755 956128477 5884765 3358515
3 8 923063285 5884756 124982906 5884765 48046191
4 8 810284874 5884756 288877410 5884765 99162284
5 8 695442241 5884756 455483475 5884765 150925716
6 8 579312707 5884756 623331627 5884765 202644334
7 8 466236191 5884756 788033560 5884765 254269751
8 8 341889829 5884756 959750418 5884765 301640247
9 8 234139452 5884757 114514150 5884765 348653602
10 8 122551740 5884757 280637612 5884765 403189352
11 8 1645315 5884757 453063104 5884765 454708419
12 7 895447835 5884757 603865577 5884765 499313412
13 7 783256300 5884757 769447513 5884765 552703813
14 7 659310543 5884757 938091039 5884765 597401582
15 7 557429519 5884758 91158766 5884765 648588285
16 7 428903737 5884758 265857511 5884765 694761248
17 7 305075571 5884758 431667757 5884765 736743328
18 7 195114179 5884758 590795889 5884765 785910068
19 7 77231105 5884758 755598635 5884765 832829740
20 6 953993575 5884758 922332160 5884765 876325735
21 6 839180145 5884759 87293923 5884765 926474068
22 6 723287033 5884759 250044875 5884765 973331908
23 6 598067559 5884759 425945968 5884766 24013527
24 6 478164522 5884759 593227057 5884766 71391579
25 6 361533423 5884759 758353353 5884766 119886776
26 6 248558163 5884759 921154637 5884766 169712800
27 6 135453554 5884760 79316453 5884766 214770007
28 6 12481612 5884760 249638818 5884766 262120430
29 5 893620722 5884760 410428307 5884766 304049029
30 5 768652336 5884760 582892354 5884766 351544690
31 5 652380341 5884760 745463365 5884766 397843706
32 5 528372289 5884760 919308034 5884766 447680323
1 9 171366364 5884788 733063131 5884797 904429495
2 9 32750863 5884788 916339402 5884797 949090265
3 8 905409798 5884789 93956946 5884797 999366744
4 8 797122782 5884789 248751087 5884798 45873869
5 8 668646405 5884789 422222894 5884798 90869299
6 8 552633979 5884789 587179936 5884798 139813915
7 8 434528073 5884789 750112794 5884798 184640867
8 8 325016969 5884789 906766196 5884798 231783165
9 8 209980913 5884790 69898272 5884798 279879185
10 8 95098373 5884790 231271159 5884798 326369532
11 7 970448202 5884790 402236662 5884798 372684864
12 7 851807713 5884790 571074594 5884798 422882307
13 7 739373757 5884790 730721847 5884798 470095604
14 7 620900969 5884790 897671981 5884798 518572950
15 7 503686825 5884791 62574542 5884798 566261367
16 7 397281032 5884791 222652306 5884798 619933338
17 7 280553637 5884791 386426241 5884798 666979878
18 7 159857781 5884791 553175378 5884798 713033159
19 7 45943370 5884791 711690042 5884798 757633412
20 6 921532676 5884791 880980817 5884798 802513493
21 6 809668727 5884792 42891768 5884798 852560495
22 6 697047144 5884792 202822664 5884798 899869808
23 6 588852923 5884792 358529806 5884798 947382729
24 6 473736849 5884792 520595625 5884798 994332474
25 6 356675591 5884792 686149193 5884799 42824784
26 6 239031935 5884792 842780966 5884799 81812901
27 6 122601535 5884793 10863986 5884799 133465521
28 6 4490056 5884793 176920489 5884799 181410545
29 5 884148248 5884793 348902639 5884799 233050887
30 5 775311371 5884793 507641947 5884799 282953318
31 5 658673475 5884793 674690320 5884799 333363795
32 5 539293037 5884793 843045928 5884799 382338965
1 9 75174533 5884821 18222811 5884830 93397344
2 8 946204054 5884821 190541827 5884830 136745881
3 8 831986074 5884821 353506667 5884830 185492741
4 8 718256881 5884821 518508951 5884830 236765832
5 8 613477223 5884821 672614236 5884830 286091459
6 8 502645328 5884821 836306007 5884830 338951335
7 8 379129190 5884822 1270143 5884830 380399333
8 8 258281316 5884822 164122597 5884830 422403913
9 8 145627639 5884822 323554208 5884830 469181847
10 8 37962907 5884822 483481679 5884830 521444586
11 7 913033795 5884822 652918991 5884830 565952786
12 7 798515098 5884822 813660577 5884830 612175675
13 7 685121325 5884822 973327146 5884830 658448471
14 7 573376540 5884823 132059640 5884830 705436180
15 7 457464999 5884823 295416621 5884830 752881620
16 7 349407607 5884823 456056561 5884830 805464168
17 7 219840193 5884823 632584332 5884830 852424525
18 7 104002966 5884823 786578119 5884830 890581085
19 6 989065499 5884823 960540160 5884830 949605659
20 6 877651374 5884824 114748184 5884830 992399558
21 6 757719649 5884824 281717838 5884831 39437487
22 6 624379474 5884824 457679267 5884831 82058741
23 6 505881963 5884824 625407926 5884831 131289889
24 6 390360063 5884824 788170548 5884831 178530611
25 6 264963516 5884824 962702541 5884831 227666057
26 6 145041124 5884825 132229166 5884831 277270290
27 6 28920772 5884825 295904234 5884831 324825006
28 5 917578127 5884825 453013018 5884831 370591145
29 5 797185152 5884825 616962970 5884831 414148122
30 5 685767138 5884825 778063160 5884831 463830298
31 5 570785487 5884825 942268366 5884831 513053853
32 5 445986928 5884826 110364703 5884831 556351631
1 9 81560972 5884853 842627232 5884862 924188204
2 8 950316792 5884854 21006062 5884862 971322854
3 8 834499064 5884854 182452488 5884863 16951552
4 8 715196271 5884854 354406624 5884863 69602895
5 8 590658854 5884854 515150841 5884863 105809695
6 8 479444558 5884854 678256810 5884863 157701368
7 8 356948324 5884854 839863271 5884863 196811595
8 8 235875565 5884855 8792093 5884863 244667658
9 8 124585510 5884855 169529070 5884863 294114580
10 8 9167163 5884855 332766129 5884863 341933292
11 7 894418247 5884855 496417755 5884863 390836002
12 7 771974124 5884855 661684054 5884863 433658178
13 7 660564034 5884855 820775932 5884863 481339966
14 7 531542128 5884855 999531496 5884863 531073624
15 7 429763079 5884856 163029680 5884863 592792759
16 7 311433675 5884856 331503641 5884863 642937316
17 7 201180972 5884856 483667556 5884863 684848528
18 7 86705958 5884856 645957430 5884863 732663388
19 6 963300094 5884856 813282357 5884863 776582451
20 6 848128797 5884856 977938575 5884863 826067372
21 6 722980336 5884857 148342944 5884863 871323280
22 6 607030221 5884857 322900216 5884863 929930437
23 6 486422563 5884857 488354549 5884863 974777112
24 6 367426432 5884857 651413778 5884864 18840210
25 6 258637219 5884857 810532915 5884864 69170134
26 6 157459214 5884857 965204617 5884864 122663831
27 6 25327292 5884858 147741999 5884864 173069291
28 5 906558971 5884858 308502882 5884864 215061853
29 5 781916389 5884858 480754291 5884864 262670680
30 5 676392707 5884858 637169145 5884864 313561852
31 5 554414630 5884858 805961323 5884864 360375953
32 5 448402032 5884858 962822465 5884864 411224497
1 9 104237747 5884887 105556005 5884896 209793752
2 8 956959071 5884887 299980424 5884896 256939495
3 8 840578538 5884887 462487109 5884896 303065647
4 8 725657217 5884887 624671653 5884896 350328870
5 8 606649732 5884887 788998693 5884896 395648425
6 8 487677913 5884887 957333084 5884896 445010997
7 8 363355436 5884888 127641253 5884896 490996689
8 8 249871846 5884888 291249252 5884896 541121098
9 8 126132173 5884888 456722011 5884896 582854184
10 8 8923617 5884888 620656837 5884896 629580454
11 7 888974057 5884888 784902379 5884896 673876436
12 7 778812703 5884888 946042831 5884896 724855534
13 7 666231523 5884889 106425149 5884896 772656672
14 7 558797931 5884889 264347644 5884896 823145575
15 7 440022071 5884889 432553371 5884896 872575442
16 7 310943998 5884889 602810744 5884896 913754742
17 7 197832514 5884889 762887290 5884896 960719804
18 7 78825973 5884889 927572750 5884897 6398723
19 6 965917485 5884890 87376264 5884897 53293749
20 6 848683355 5884890 250894709 5884897 99578064
21 6 737865828 5884890 409597966 5884897 147463794
22 6 623580754 5884890 574123151 5884897 197703905
23 6 514963684 5884890 732152070 5884897 247115754
24 6 396957681 5884890 896826270 5884897 293783951
25 6 283746605 5884891 58972278 5884897 342718883
26 6 173478345 5884891 217757515 5884897 391235860
27 6 55061423 5884891 378591788 5884897 433653211
28 5 934713352 5884891 545218452 5884897 479931804
29 5 836620529 5884891 696304964 5884897 532925493
30 5 708282664 5884891 868133419 5884897 576416083
31 5 587502230 5884892 36588197 5884897 624090427
32 5 477526280 5884892 195265751 5884897 672792031
1 9 3316652 5884919 448242097 5884928 451558749
2 8 887174297 5884919 609349903 5884928 496524200
3 8 775468360 5884919 770519041 5884928 545987401
4 8 662349837 5884919 933226743 5884928 595576580
5 8 549814785 5884920 92859392 5884928 642674177
6 8 429116516 5884920 261554370 5884928 690670886
7 8 315855440 5884920 416850304 5884928 732705744
8 8 202307723 5884920 581344361 5884928 783652084
9 8 84824505 5884920 748879046 5884928 833703551
10 7 958432990 5884920 915515527 5884928 873948517
11 7 862498386 5884921 69303007 5884928 931801393
12 7 749335290 5884921 224398352 5884928 973733642
13 7 636566075 5884921 386052908 5884929 22618983
14 7 520809787 5884921 551277396 5884929 72087183
15 7 415151272 5884921 706350649 5884929 121501921
16 7 300349837 5884921 862248349 5884929 162598186
17 7 184345924 5884922 27744110 5884929 212090034
18 7 64428955 5884922 193152891 5884929 257581846
19 6 949805591 5884922 353879982 5884929 303685573
20 6 836610570 5884922 516009602 5884929 352620172
21 6 726289457 5884922 680425217 5884929 406714674
22 6 616110379 5884922 833194217 5884929 449304596
23 6 494206300 5884923 6329315 5884929 500535615
24 6 383388400 5884923 163424475 5884929 546812875
25 6 276531446 5884923 318860517 5884929 595391963
26 6 161147336 5884923 482925731 5884929 644073067
27 6 35076630 5884923 653125163 5884929 688201793
28 5 927412042 5884923 806128325 5884929 733540367
29 5 808459796 5884923 972943635 5884929 781403431
30 5 696084185 5884924 131474619 5884929 827558804
31 5 571786910 5884924 301790919 5884929 873577829
32 5 453041456 5884924 464244941 5884929 917286397
1 9 119725322 5884952 309934858 5884961 429660180
2 8 966980968 5884952 511065118 5884961 478046086
3 8 859648558 5884952 669290646 5884961 528939204
4 8 743922381 5884952 831720354 5884961 575642735
5 8 627934096 5884952 991822107 5884961 619756203
6 8 513488005 5884953 152977302 5884961 666465307
7 8 399304279 5884953 314523139 5884961 713827418
8 8 282854503 5884953 481587279 5884961 764441782
9 8 170268174 5884953 642446535 5884961 812714709
10 8 60594233 5884953 801342922 5884961 861937155
11 7 947220029 5884953 961632059 5884961 908852088
12 7 828490463 5884954 129296355 5884961 957786818
13 7 711501752 5884954 292653065 5884962 4154817
14 7 595411989 5884954 457839740 5884962 53251729
15 7 472608702 5884954 625526739 5884962 98135441
16 7 366597972 5884954 782968652 5884962 149566624
17 7 242458544 5884954 951514487 5884962 193973031
18 7 136657975 5884955 106910865 5884962 243568840
19 7 17155090 5884955 271932395 5884962 289087485
20 6 906941716 5884955 435804910 5884962 342746626
21 6 796738100 5884955 595885126 5884962 392623226
22 6 680501135 5884955 756342909 5884962 436844044
23 6 558212450 5884955 923659026 5884962 481871476
24 6 441136872 5884956 92800571 5884962 533937443
25 6 315248883 5884956 266020337 5884962 581269220
26 6 192848998 5884956 430846778 5884962 623695776
27 6 75972026 5884956 597777606 5884962 673749632
28 5 966544414 5884956 756464867 5884962 723009281
29 5 851169081 5884956 917289106 5884962 768458187
30 5 733142039 5884957 85060862 5884962 818202901
31 5 613676986 5884957 248078153 5884962 861755139
32 5 489184824 5884957 415254217 5884962 904439041
1 9 140528598 5884985 75693458 5884994 216222056
2 8 974910892 5884985 290913751 5884994 265824643
3 8 853822702 5884985 457422681 5884994 311245383
4 8 744144929 5884985 612148424 5884994 356293353
5 8 627793743 5884985 777338897 5884994 405132640
6 8 509816087 5884985 941122878 5884994 450938965
7 8 389899227 5884986 102834361 5884994 492733588
8 8 280252157 5884986 263073926 5884994 543326083
9 8 148971843 5884986 438422764 5884994 587394607
10 8 33747766 5884986 600125580 5884994 633873346
11 7 923492798 5884986 763373053 5884994 686865851
12 7 815091074 5884986 924234292 5884994 739325366
13 7 697682222 5884987 86378045 5884994 784060267
14 7 580627013 5884987 248757626 5884994 829384639
15 7 464893537 5884987 412156892 5884994 877050429
16 7 343256654 5884987 574765895 5884994 918022549
17 7 236552324 5884987 736915110 5884994 973467434
18 7 103832094 5884987 911397705 5884995 15229799
19 6 992312169 5884988 70945932 5884995 63258101
20 6 872319014 5884988 240562563 5884995 112881577
21 6 759464336 5884988 398344879 5884995 157809215
22 6 646625936 5884988 560952771 5884995 207578707
23 6 518977425 5884988 730934209 5884995 249911634
24 6 405754180 5884988 887101741 5884995 292855921
25 6 264513683 5884989 71420873 5884995 335934556
26 6 155634338 5884989 233234132 5884995 388868470
27 6 39425409 5884989 396764858 5884995 436190267
28 5 930400604 5884989 552992018 5884995 483392622
29 5 811738442 5884989 720819979 5884995 532558421
30 5 684037654 5884989 891969766 5884995 576007420
31 5 569585581 5884990 52156129 5884995 621741710
32 5 458990657 5884990 207972704 5884995 666963361
1 9 150303966 5885017 792626289 5885026 942930255
2 9 4886084 5885017 989576945 5885026 994463029
3 8 879866189 5885018 159220373 5885027 39086562
4 8 771472630 5885018 314776028 5885027 86248658
5 8 642850284 5885018 483142480 5885027 125992764
6 8 529659538 5885018 645639301 5885027 175298839
7 8 417839397 5885018 807775628 5885027 225615025
8 8 302249621 5885018 972201691 5885027 274451312
9 8 180164726 5885019 143277759 5885027 323442485
10 8 66263975 5885019 305192072 5885027 371456047
11 7 939545650 5885019 475941405 5885027 415487055
12 7 822391700 5885019 641549538 5885027 463941238
13 7 712496614 5885019 801491944 5885027 513988558
14 7 589583198 5885019 973264295 5885027 562847493
15 7 478035792 5885020 133708617 5885027 611744409
16 7 361315908 5885020 294671264 5885027 655987172
17 7 241783577 5885020 461193509 5885027 702977086
18 7 136748733 5885020 619543779 5885027 756292512
19 7 20850519 5885020 783125876 5885027 803976395
20 6 912519774 5885020 935708087 5885027 848227861
21 6 797662467 5885021 95569531 5885027 893231998
22 6 685200836 5885021 259048982 5885027 944249818
23 6 561854911 5885021 431144530 5885027 992999441
24 6 447611869 5885021 587720648 5885028 35332517
25 6 326966485 5885021 752970454 5885028 79936939
26 6 212272859 5885021 917441165 5885028 129714024
27 6 89125225 5885022 83676527 5885028 172801752
28 5 974154383 5885022 248937222 5885028 223091605
29 5 867805157 5885022 408696483 5885028 276501640
30 5 749688058 5885022 567374673 5885028 317062731
31 5 634507738 5885022 736501351 5885028 371009089
32 5 522764020 5885022 893335630 5885028 416099650
1 9 123067578 5885050 15713386 5885059 138780964
2 8 965346610 5885050 221462601 5885059 186809211
3 8 840703560 5885050 392601113 5885059 233304673
4 8 716375169 5885050 561642683 5885059 278017852
5 8 601061796 5885050 725433962 5885059 326495758
6 8 491266948 5885050 882473442 5885059 373740390
7 8 383406860 5885051 39836509 5885059 423243369
8 8 271165725 5885051 201703269 5885059 472868994
9 8 156537487 5885051 358761841 5885059 515299328
10 8 42770287 5885051 523664804 5885059 566435091
11 7 929456376 5885051 682588915 5885059 612045291
12 7 814278129 5885051 841914278 5885059 656192407
13 7 701016791 5885052 1574135 5885059 702590926
14 7 584936172 5885052 166921534 5885059 751857706
15 7 468962533 5885052 329803126 5885059 798765659
16 7 354879691 5885052 488329264 5885059 843208955
17 7 241557669 5885052 647514074 5885059 889071743
18 7 117999839 5885052 817725881 5885059 935725720
19 7 8212287 5885052 975182761 5885059 983395048
20 6 888462700 5885053 143784506 5885060 32247206
21 6 770233547 5885053 309577396 5885060 79810943
22 6 650743530 5885053 475780130 5885060 126523660
23 6 520547435 5885053 645043140 5885060 165590575
24 6 390902348 5885053 821907952 5885060 212810300
25 6 264228131 5885053 992661398 5885060 256889529
26 6 159655760 5885054 152682396 5885060 312338156
27 6 40440551 5885054 323605746 5885060 364046297
28 5 930002735 5885054 482837351 5885060 412840086
29 5 806863396 5885054 647101974 5885060 453965370
30 5 702193119 5885054 800814794 5885060 503007913
31 5 563163004 5885054 988357295 5885060 551520299
32 5 448770558 5885055 149266369 5885060 598036927
