1 18 187382079 5885082 576672925 5885100 764055004
2 18 33022697 5885082 780584675 5885100 813607372
3 17 921393624 5885082 941644525 5885100 863038149
4 17 811455259 5885083 96372865 5885100 907828124
5 17 700177105 5885083 258491732 5885100 958668837
6 17 590835415 5885083 415351550 5885101 6186965
7 17 482032770 5885083 575486066 5885101 57518836
8 17 362901041 5885083 742637209 5885101 105538250
9 17 259004249 5885083 902975480 5885101 161979729
10 17 139693301 5885084 71243603 5885101 210936904
11 17 23011526 5885084 233090883 5885101 256102409
12 16 894052093 5885084 410327133 5885101 304379226
13 16 786660440 5885084 569771107 5885101 356431547
14 16 670393528 5885084 731337595 5885101 401731123
15 16 544699866 5885084 898743679 5885101 443443545
16 16 440684780 5885085 56631107 5885101 497315887
17 16 343344902 5885085 208960991 5885101 552305893
18 16 223164118 5885085 375294039 5885101 598458157
19 16 111845910 5885085 537343463 5885101 649189373
20 15 994640292 5885085 697782122 5885101 692422414
21 15 881896369 5885085 865605512 5885101 747501881
22 15 764049283 5885086 28839840 5885101 792889123
23 15 652439043 5885086 190569863 5885101 843008906
24 15 539963781 5885086 344941172 5885101 884904953
25 15 429593333 5885086 506428588 5885101 936021921
26 15 310317569 5885086 669639880 5885101 979957449
27 15 191297412 5885086 838690377 5885102 29987789
28 15 80001944 5885087 377345 5885102 80379289
29 14 954586092 5885087 165764133 5885102 120350225
30 14 839620007 5885087 332443396 5885102 172063403
31 14 716091231 5885087 501657242 5885102 217748473
32 14 605696338 5885087 664855422 5885102 270551760
33 14 489279169 5885087 830076732 5885102 319355901
34 14 368851650 5885087 993845235 5885102 362696885
35 14 254348760 5885088 157412520 5885102 411761280
36 14 143788092 5885088 313191858 5885102 456979950
37 14 28422107 5885088 476406946 5885102 504829053
38 13 909358099 5885088 638871696 5885102 548229795
39 13 795432199 5885088 802326520 5885102 597758719
40 13 683811588 5885088 959856011 5885102 643667599
41 13 567319698 5885089 121013785 5885102 688333483
42 13 446300930 5885089 289233372 5885102 735534302
43 13 334610988 5885089 450815786 5885102 785426774
44 13 221455832 5885089 611798527 5885102 833254359
45 13 103542951 5885089 773501365 5885102 877044316
46 12 991616994 5885089 941571140 5885102 933188134
47 12 875568615 5885090 99842598 5885102 975411213
48 12 755304073 5885090 263942725 5885103 19246798
49 12 641028605 5885090 431106702 5885103 72135307
50 12 520649658 5885090 599324622 5885103 119974280
51 12 401397247 5885090 768805425 5885103 170202672
52 12 270621569 5885090 937466615 5885103 208088184
53 12 145884519 5885091 111829031 5885103 257713550
54 12 33263150 5885091 275053581 5885103 308316731
55 11 903835835 5885091 444208169 5885103 348044004
56 11 795913858 5885091 607212428 5885103 403126286
57 11 687406912 5885091 774148612 5885103 461555524
58 11 569664398 5885091 941202369 5885103 510866767
59 11 449353042 5885092 106458937 5885103 555811979
60 11 332188554 5885092 271233440 5885103 603421994
61 11 235018765 5885092 426974909 5885103 661993674
62 11 119970664 5885092 592677746 5885103 712648410
63 10 995657957 5885092 765175827 5885103 760833784
64 10 879317676 5885092 924973127 5885103 804290803
1 18 138452698 5885136 372857874 5885154 511310572
2 17 995545801 5885136 566296305 5885154 561842106
3 17 870831194 5885136 738613594 5885154 609444788
4 17 770018547 5885136 895845369 5885154 665863916
5 17 651410826 5885137 55556487 5885154 706967313
6 17 537026044 5885137 219279122 5885154 756305166
7 17 428721814 5885137 382623339 5885154 811345153
8 17 309994984 5885137 543168126 5885154 853163110
9 17 201945732 5885137 702547250 5885154 904492982
10 17 91237454 5885137 862934893 5885154 954172347
11 16 971554419 5885138 23887636 5885154 995442055
12 16 860357004 5885138 184440608 5885155 44797612
13 16 743616803 5885138 351639641 5885155 95256444
14 16 613652461 5885138 531208276 5885155 144860737
15 16 507845370 5885138 684620216 5885155 192465586
16 16 398782007 5885138 843654605 5885155 242436612
17 16 275117547 5885139 16114133 5885155 291231680
18 16 155926411 5885139 177444183 5885155 333370594
19 16 37954659 5885139 343061505 5885155 381016164
20 15 922440990 5885139 508879990 5885155 431320980
21 15 814471977 5885139 664899677 5885155 479371654
22 15 694592242 5885139 833752920 5885155 528345162
23 15 577867540 5885139 998396187 5885155 576263727
24 15 451505668 5885140 167113173 5885155 618618841
25 15 337674802 5885140 329110063 5885155 666784865
26 15 208596832 5885140 508254057 5885155 716850889
27 15 96062330 5885140 662902974 5885155 758965304
28 14 981742380 5885140 825810254 5885155 807552634
29 14 863941643 5885140 990620351 5885155 854561994
30 14 747150351 5885141 155191044 5885155 902341395
31 14 636042452 5885141 318096028 5885155 954138480
32 14 523141753 5885141 479802331 5885156 2944084
33 14 398999839 5885141 640753815 5885156 39753654
34 14 287762534 5885141 804618522 5885156 92381056
35 14 171059777 5885141 962916463 5885156 133976240
36 14 55758067 5885142 121461677 5885156 177219744
37 13 943984237 5885142 285548898 5885156 229533135
38 13 823977079 5885142 448720321 5885156 272697400
39 13 715019176 5885142 610906449 5885156 325925625
40 13 605438674 5885142 772262184 5885156 377700858
41 13 493853692 5885142 934282851 5885156 428136543
42 13 378273487 5885143 102689658 5885156 480963145
43 13 252430549 5885143 270534050 5885156 522964599
44 13 140325688 5885143 432432682 5885156 572758370
45 13 22163198 5885143 595290519 5885156 617453717
46 12 902143780 5885143 761406629 5885156 663550409
47 12 784051587 5885143 925479387 5885156 709530974
48 12 664786321 5885144 91831918 5885156 756618239
49 12 554676700 5885144 256704828 5885156 811381528
50 12 438005424 5885144 415603702 5885156 853609126
51 12 316304149 5885144 582712404 5885156 899016553
52 12 194381675 5885144 754662737 5885156 949044412
53 12 75632103 5885144 923103877 5885156 998735980
54 11 953470986 5885145 88595775 5885157 42066761
55 11 845306180 5885145 253467556 5885157 98773736
56 11 739960468 5885145 412821144 5885157 152781612
57 11 629846922 5885145 574066381 5885157 203913303
58 11 508883225 5885145 742714721 5885157 251597946
59 11 379767460 5885145 913648869 5885157 293416329
60 11 259663136 5885146 82692498 5885157 342355634
61 11 146601551 5885146 246178416 5885157 392779967
62 11 24300028 5885146 413348524 5885157 437648552
63 10 913115224 5885146 575320951 5885157 488436175
64 10 808813827 5885146 730673947 5885157 539487774
1 18 181963046 5885190 175748960 5885208 357712006
2 18 23586846 5885190 381300499 5885208 404887345
3 17 905463114 5885190 547022839 5885208 452485953
4 17 791787337 5885190 711723864 5885208 503511201
5 17 659733514 5885190 892012876 5885208 551746390
6 17 551026033 5885191 45265579 5885208 596291612
7 17 435122241 5885191 209459096 5885208 644581337
8 17 319900251 5885191 367261177 5885208 687161428
9 17 195069960 5885191 536202179 5885208 731272139
10 17 87176907 5885191 698678858 5885208 785855765
11 16 973490944 5885191 860453124 5885208 833944068
12 16 857763297 5885192 23525403 5885208 881288700
13 16 751010649 5885192 178188339 5885208 929198988
14 16 632724883 5885192 341738942 5885208 974463825
15 16 519709148 5885192 504080438 5885209 23789586
16 16 395564160 5885192 673371896 5885209 68936056
17 16 276417651 5885192 842032070 5885209 118449721
18 16 156649116 5885193 9418861 5885209 166067977
19 16 39927210 5885193 173377697 5885209 213304907
20 15 929203932 5885193 332401274 5885209 261605206
21 15 818776520 5885193 492231724 5885209 311008244
22 15 696622845 5885193 655797401 5885209 352420246
23 15 568914849 5885193 834844584 5885209 403759433
24 15 452204183 5885193 995339337 5885209 447543520
25 15 342032580 5885194 153765981 5885209 495798561
26 15 240284468 5885194 312497563 5885209 552782031
27 15 106948429 5885194 488201012 5885209 595149441
28 14 991420555 5885194 641323922 5885209 632744477
29 14 884232749 5885194 804727694 5885209 688960443
30 14 776327140 5885194 963580886 5885209 739908026
31 14 661206000 5885195 124195692 5885209 785401692
32 14 548946751 5885195 279004570 5885209 827951321
33 14 440390119 5885195 436611432 5885209 877001551
34 14 319795507 5885195 604179423 5885209 923974930
35 14 201321504 5885195 773564602 5885209 974886106
36 14 88364639 5885195 934854192 5885210 23218831
37 13 963475829 5885196 102845694 5885210 66321523
38 13 848595167 5885196 265355131 5885210 113950298
39 13 730272847 5885196 428708034 5885210 158980881
40 13 609026913 5885196 596483429 5885210 205510342
41 13 501616463 5885196 752744594 5885210 254361057
42 13 390642468 5885196 912848836 5885210 303491304
43 13 292571749 5885197 72286757 5885210 364858506
44 13 173407426 5885197 242595178 5885210 416002604
45 13 50938350 5885197 410770620 5885210 461708970
46 12 930584993 5885197 580208891 5885210 510793884
47 12 801329322 5885197 752174244 5885210 553503566
48 12 686768246 5885197 917076877 5885210 603845123
49 12 562855622 5885198 82171878 5885210 645027500
50 12 444909720 5885198 252874921 5885210 697784641
51 12 316295314 5885198 432291042 5885210 748586356
52 12 199328857 5885198 597153676 5885210 796482533
53 12 79264384 5885198 765745592 5885210 845009976
54 11 960220799 5885198 927063515 5885210 887284314
55 11 839672095 5885199 88733616 5885210 928405711
56 11 730985908 5885199 258252015 5885210 989237923
57 11 622505496 5885199 417387071 5885211 39892567
58 11 495256324 5885199 595282017 5885211 90538341
59 11 389521064 5885199 753022618 5885211 142543682
60 11 271182855 5885199 921604756 5885211 192787611
61 11 154460448 5885200 82875699 5885211 237336147
62 11 34366438 5885200 251132251 5885211 285498689
63 10 920632292 5885200 413577578 5885211 334209870
64 10 806594724 5885200 569907872 5885211 376502596
1 18 175418074 5885243 346748809 5885261 522166883
2 18 20436198 5885243 545730750 5885261 566166948
3 17 890173600 5885243 722554680 5885261 612728280
4 17 780361009 5885243 877116397 5885261 657477406
5 17 661431290 5885244 45581484 5885261 707012774
6 17 541286263 5885244 216299824 5885261 757586087
7 17 426063383 5885244 383242069 5885261 809305452
8 17 313400659 5885244 541722620 5885261 855123279
9 17 200900747 5885244 702456481 5885261 903357228
10 17 79017659 5885244 863881662 5885261 942899321
11 16 952123609 5885245 41063215 5885261 993186824
12 16 840656549 5885245 199822316 5885262 40478865
13 16 717557779 5885245 367857911 5885262 85415690
14 16 609207327 5885245 524788176 5885262 133995503
15 16 497672101 5885245 685593480 5885262 183265581
16 16 377445444 5885245 851250082 5885262 228695526
17 16 259247713 5885246 13660800 5885262 272908513
18 16 136541308 5885246 187048831 5885262 323590139
19 16 14527907 5885246 358560046 5885262 373087953
20 15 884655080 5885246 535426808 5885262 420081888
21 15 768842378 5885246 697698955 5885262 466541333
22 15 653255875 5885246 862598460 5885262 515854335
23 15 532770909 5885247 30582056 5885262 563352965
24 15 415106150 5885247 196818628 5885262 611924778
25 15 291419095 5885247 361967610 5885262 653386705
26 15 181528689 5885247 522645917 5885262 704174606
27 15 66530658 5885247 683283520 5885262 749814178
28 14 954836675 5885247 842666721 5885262 797503396
29 14 841226803 5885248 6122049 5885262 847348852
30 14 719131495 5885248 173117997 5885262 892249492
31 14 601567215 5885248 333168519 5885262 934735734
32 14 485185284 5885248 500196150 5885262 985381434
33 14 365765093 5885248 663165729 5885263 28930822
34 14 277208659 5885248 810836205 5885263 88044864
35 14 143446849 5885248 982564804 5885263 126011653
36 14 31406706 5885249 151634102 5885263 183040808
37 13 928797627 5885249 303992638 5885263 232790265
38 13 805243534 5885249 469349375 5885263 274592909
39 13 687339945 5885249 633353934 5885263 320693879
40 13 576629203 5885249 787204479 5885263 363833682
41 13 456125255 5885249 954218686 5885263 410343941
42 13 342468384 5885250 119289539 5885263 461757923
43 13 216954568 5885250 286511482 5885263 503466050
44 13 93150497 5885250 460912476 5885263 554062973
45 12 975112669 5885250 625184864 5885263 600297533
46 12 864768124 5885250 783097333 5885263 647865457
47 12 748009255 5885250 949529032 5885263 697538287
48 12 628678304 5885251 113772049 5885263 742450353
49 12 513850047 5885251 277278673 5885263 791128720
50 12 395861700 5885251 443591152 5885263 839452852
51 12 277440973 5885251 609907871 5885263 887348844
52 12 167206055 5885251 770613381 5885263 937819436
53 12 52829382 5885251 934783585 5885263 987612967
54 11 940979662 5885252 92308135 5885264 33287797
55 11 829112238 5885252 250980924 5885264 80093162
56 11 712639493 5885252 410423790 5885264 123063283
57 11 579951959 5885252 592648564 5885264 172600523
58 11 477130736 5885252 747940156 5885264 225070892
59 11 362317015 5885252 911781978 5885264 274098993
60 11 246509017 5885253 77396599 5885264 323905616
61 11 123065680 5885253 245706503 5885264 368772183
62 11 8025779 5885253 412677062 5885264 420702841
63 10 885855881 5885253 576757231 5885264 462613112
64 10 767102789 5885253 735474334 5885264 502577123
1 18 181932437 5885297 255148307 5885315 437080744
2 18 38895651 5885297 442785647 5885315 481681298
3 17 910890510 5885297 612597802 5885315 523488312
4 17 799981882 5885297 772777619 5885315 572759501
5 17 692144604 5885297 931763921 5885315 623908525
6 17 566147463 5885298 101241860 5885315 667389323
7 17 449002415 5885298 268138977 5885315 717141392
8 17 332883236 5885298 431275442 5885315 764158678
9 17 227357286 5885298 582774273 5885315 810131559
10 17 116558989 5885298 749776444 5885315 866335433
11 17 600456 5885298 914605859 5885315 915206315
12 16 888334891 5885299 73598586 5885315 961933477
13 16 769665130 5885299 242477111 5885316 12142241
14 16 658846334 5885299 403675464 5885316 62521798
15 16 544509622 5885299 562140165 5885316 106649787
16 16 444051299 5885299 718672309 5885316 162723608
17 16 326249930 5885299 879061141 5885316 205311071
18 16 211009050 5885300 42075719 5885316 253084769
19 16 83900855 5885300 208983447 5885316 292884302
20 15 973457033 5885300 374335556 5885316 347792589
21 15 856673220 5885300 535832959 5885316 392506179
22 15 743684778 5885300 699645005 5885316 443329783
23 15 626250125 5885300 862621695 5885316 488871820
24 15 518049780 5885301 16999324 5885316 535049104
25 15 392938862 5885301 190092936 5885316 583031798
26 15 280599187 5885301 351037146 5885316 631636333
27 15 168688411 5885301 511980653 5885316 680669064
28 15 54879967 5885301 677829086 5885316 732709053
29 14 943813749 5885301 836429673 5885316 780243422
30 14 833602294 5885301 992175702 5885316 825777996
31 14 715746889 5885302 157323833 5885316 873070722
32 14 599312031 5885302 326787699 5885316 926099730
33 14 466613811 5885302 505276617 5885316 971890428
34 14 361620017 5885302 661101960 5885317 22721977
35 14 243691853 5885302 819038912 5885317 62730765
36 14 130135961 5885302 983149525 5885317 113285486
37 14 17974930 5885303 145516950 5885317 163491880
38 13 910288575 5885303 299101242 5885317 209389817
39 13 797838217 5885303 466013729 5885317 263851946
40 13 698569835 5885303 622798461 5885317 321368296
41 13 572192293 5885303 792141273 5885317 364333566
42 13 438189652 5885303 954331812 5885317 392521464
43 13 337325040 5885304 110590869 5885317 447915909
44 13 228668389 5885304 274083568 5885317 502751957
45 13 107849724 5885304 441878872 5885317 549728596
46 12 996311479 5885304 602977005 5885317 599288484
47 12 893723584 5885304 759180785 5885317 652904369
48 12 776816420 5885304 924425933 5885317 701242353
49 12 665467059 5885305 88860430 5885317 754327489
50 12 550509933 5885305 252105560 5885317 802615493
51 12 441743246 5885305 411468837 5885317 853212083
52 12 330543328 5885305 574106941 5885317 904650269
53 12 204845551 5885305 748029908 5885317 952875459
54 12 87782557 5885305 913817546 5885318 1600103
55 11 960748027 5885306 83061360 5885318 43809387
56 11 860499904 5885306 238370027 5885318 98869931
57 11 732483503 5885306 406092481 5885318 138575984
58 11 623119568 5885306 565605125 5885318 188724693
59 11 505833116 5885306 732785385 5885318 238618501
60 11 390363776 5885306 893430805 5885318 283794581
61 11 269858087 5885307 62695100 5885318 332553187
62 11 140484620 5885307 237263277 5885318 377747897
63 11 32212776 5885307 395785032 5885318 427997808
64 10 918693789 5885307 557058477 5885318 475752266
1 18 179032942 5885350 325579569 5885368 504612511
2 18 27332096 5885350 521325480 5885368 548657576
3 17 918716591 5885350 681365560 5885368 600082151
4 17 804426933 5885350 842347863 5885368 646774796
5 17 691814726 5885351 2128688 5885368 693943414
6 17 576292646 5885351 161662555 5885368 737955201
7 17 459828919 5885351 323614580 5885368 783443499
8 17 341654703 5885351 491015856 5885368 832670559
9 17 218772076 5885351 661185487 5885368 879957563
10 17 110172368 5885351 817971738 5885368 928144106
11 16 987789046 5885351 984423717 5885368 972212763
12 16 870416835 5885352 150268429 5885369 20685264
13 16 764735758 5885352 304207437 5885369 68943195
14 16 661532892 5885352 463371200 5885369 124904092
15 16 545603747 5885352 624378076 5885369 169981823
16 16 432350772 5885352 784772724 5885369 217123496
17 16 320113651 5885352 942764786 5885369 262878437
18 16 202483074 5885353 106221339 5885369 308704413
19 16 83153010 5885353 271559264 5885369 354712274
20 15 965989239 5885353 439461623 5885369 405450862
21 15 851341699 5885353 598986712 5885369 450328411
22 15 723809548 5885353 771515040 5885369 495324588
23 15 602017938 5885353 939128015 5885369 541145953
24 15 487720299 5885354 102075596 5885369 589795895
25 15 362748304 5885354 272832327 5885369 635580631
26 15 242958360 5885354 438216603 5885369 681174963
27 15 137740514 5885354 594872542 5885369 732613056
28 15 11656651 5885354 763205356 5885369 774862007
29 14 903266845 5885354 922275158 5885369 825542003
30 14 774620382 5885355 98965500 5885369 873585882
31 14 656182006 5885355 263445663 5885369 919627669
32 14 538495782 5885355 431012417 5885369 969508199
33 14 427862352 5885355 592454100 5885370 20316452
34 14 304844265 5885355 755339997 5885370 60184262
35 14 186664568 5885355 924845363 5885370 111509931
36 14 71706108 5885356 86553578 5885370 158259686
37 13 951888961 5885356 254806282 5885370 206695243
38 13 845256956 5885356 412995008 5885370 258251964
39 13 716072744 5885356 581262859 5885370 297335603
40 13 587423577 5885356 758126550 5885370 345550127
41 13 494729922 5885356 908519940 5885370 403249862
42 13 379861756 5885357 74176693 5885370 454038449
43 13 258587210 5885357 240523544 5885370 499110754
44 13 152426141 5885357 400411960 5885370 552838101
45 13 42472791 5885357 559227062 5885370 601699853
46 12 928344427 5885357 719697356 5885370 648041783
47 12 816319300 5885357 879809157 5885370 696128457
48 12 702030531 5885358 41629037 5885370 743659568
49 12 589110847 5885358 204432510 5885370 793543357
50 12 473957909 5885358 368977561 5885370 842935470
51 12 360791397 5885358 529158971 5885370 889950368
52 12 248636865 5885358 693122867 5885370 941759732
53 12 120129140 5885358 863934467 5885370 984063607
54 12 3002943 5885359 30949324 5885371 33952267
55 11 884462050 5885359 197288971 5885371 81751021
56 11 775478718 5885359 353005243 5885371 128483961
57 11 641694573 5885359 531995431 5885371 173690004
58 11 530690946 5885359 692362357 5885371 223053303
59 11 417285568 5885359 849508917 5885371 266794485
60 11 287748918 5885360 24869895 5885371 312618813
61 11 177900103 5885360 182971511 5885371 360871614
62 11 72547259 5885360 336509750 5885371 409057009
63 10 953003070 5885360 507190686 5885371 460193756
64 10 847746947 5885360 658576724 5885371 506323671
1 18 95724479 5885404 285662209 5885422 381386688
2 17 945377699 5885404 491451452 5885422 436829151
3 17 836522606 5885404 650762935 5885422 487285541
4 17 713009823 5885404 829733070 5885422 542742893
5 17 604021695 5885404 988297104 5885422 592318799
6 17 489879811 5885405 149205687 5885422 639085498
7 17 373811001 5885405 310869737 5885422 684680738
8 17 266577730 5885405 471253348 5885422 737831078
9 17 144150167 5885405 633993971 5885422 778144138
10 17 31727918 5885405 796480043 5885422 828207961
11 16 916009416 5885405 959808636 5885422 875818052
12 16 806233136 5885406 121327449 5885422 927560585
13 16 690022681 5885406 282002980 5885422 972025661
14 16 574885723 5885406 441756048 5885423 16641771
15 16 466519990 5885406 603638113 5885423 70158103
16 16 352589973 5885406 762736230 5885423 115326203
17 16 236870453 5885406 924413261 5885423 161283714
18 16 128713623 5885407 83159533 5885423 211873156
19 16 5485614 5885407 252920413 5885423 258406027
20 15 891544485 5885407 410114640 5885423 301659125
21 15 782135347 5885407 576894854 5885423 359030201
22 15 670033295 5885407 732465222 5885423 402498517
23 15 558731414 5885407 898087865 5885423 456819279
24 15 454437180 5885408 54281906 5885423 508719086
25 15 334432517 5885408 214555168 5885423 548987685
26 15 219924215 5885408 381021702 5885423 600945917
27 15 115381059 5885408 538244465 5885423 653625524
28 14 998323489 5885408 700928700 5885423 699252189
29 14 877748929 5885408 869163795 5885423 746912724
30 14 764826986 5885409 27245486 5885423 792072472
31 14 661993131 5885409 183059572 5885423 845052703
32 14 543844860 5885409 346033987 5885423 889878847
33 14 433691328 5885409 511637741 5885423 945329069
34 14 312517187 5885409 679901094 5885423 992418281
35 14 205549984 5885409 838658939 5885424 44208923
36 14 94158697 5885409 997610429 5885424 91769126
37 13 974186626 5885410 161565215 5885424 135751841
38 13 850477829 5885410 328846975 5885424 179324804
39 13 740050672 5885410 491351547 5885424 231402219
40 13 615639759 5885410 663281386 5885424 278921145
41 13 491801093 5885410 829099989 5885424 320901082
42 13 368004556 5885411 2904683 5885424 370909239
43 13 253266258 5885411 169501215 5885424 422767473
44 13 139076653 5885411 333438445 5885424 472515098
45 13 23395632 5885411 501695631 5885424 525091263
46 12 909154602 5885411 657975616 5885424 567130218
47 12 794300121 5885411 820993548 5885424 615293669
48 12 681345252 5885411 984812706 5885424 666157958
49 12 559154019 5885412 151822342 5885424 710976361
50 12 446726029 5885412 313118918 5885424 759844947
51 12 329284707 5885412 473545177 5885424 802829884
52 12 223594147 5885412 629525111 5885424 853119258
53 12 110019179 5885412 789852853 5885424 899872032
54 11 991114921 5885412 959245370 5885424 950360291
55 11 860391311 5885413 132099063 5885424 992490374
56 11 746112300 5885413 297131199 5885425 43243499
57 11 624697274 5885413 467217055 5885425 91914329
58 11 512161083 5885413 629105360 5885425 141266443
59 11 403536485 5885413 788054462 5885425 191590947
60 11 284373825 5885413 949397092 5885425 233770917
61 11 170002667 5885414 113590503 5885425 283593170
62 11 47849748 5885414 285795708 5885425 333645456
63 10 926876437 5885414 449254466 5885425 376130903
64 10 811566964 5885414 612585707 5885425 424152671
1 18 216665424 5885457 415546776 5885475 632212200
2 18 57856506 5885457 623262558 5885475 681119064
3 17 951203148 5885457 782480044 5885475 733683192
4 17 831499776 5885457 947923876 5885475 779423652
5 17 715793494 5885458 111251508 5885475 827045002
6 17 597085011 5885458 278144461 5885475 875229472
7 17 489845349 5885458 432459520 5885475 922304869
8 17 379249565 5885458 599090812 5885475 978340377
9 17 266579746 5885458 754746642 5885476 21326388
10 17 158008110 5885458 915284603 5885476 73292713
11 17 44552009 5885459 73481552 5885476 118033561
12 16 935346422 5885459 233560670 5885476 168907092
13 16 812598921 5885459 396269498 5885476 208868419
14 16 698305298 5885459 566283486 5885476 264588784
15 16 587307504 5885459 721093924 5885476 308401428
16 16 467874515 5885459 886634773 5885476 354509288
17 16 353221955 5885460 44112681 5885476 397334636
18 16 236978425 5885460 206260575 5885476 443239000
19 16 120790950 5885460 372398264 5885476 493189214
20 16 3662399 5885460 539250274 5885476 542912673
21 15 890305037 5885460 701894807 5885476 592199844
22 15 775979527 5885460 862108237 5885476 638087764
23 15 674581182 5885461 13711051 5885476 688292233
24 15 539309156 5885461 193257082 5885476 732566238
25 15 423324695 5885461 359778969 5885476 783103664
26 15 305211700 5885461 521526018 5885476 826737718
27 15 192458012 5885461 682536452 5885476 874994464
28 15 80544641 5885461 838729421 5885476 919274062
29 14 968043652 5885461 997152181 5885476 965195833
30 14 859458905 5885462 152303317 5885477 11762222
31 14 741694403 5885462 321122438 5885477 62816841
32 14 619604613 5885462 488965373 5885477 108569986
33 14 503326750 5885462 651438891 5885477 154765641
34 14 381682303 5885462 823009164 5885477 204691467
35 14 271500233 5885462 979208781 5885477 250709014
36 14 135387574 5885463 167932641 5885477 303320215
37 14 25380520 5885463 320106462 5885477 345486982
38 13 900994587 5885463 492833251 5885477 393827838
39 13 780902999 5885463 661597577 5885477 442500576
40 13 669617062 5885463 828013928 5885477 497630990
41 13 554508529 5885463 989577444 5885477 544085973
42 13 434796081 5885464 159721856 5885477 594517937
43 13 305972676 5885464 330449293 5885477 636421969
44 13 192293449 5885464 492466764 5885477 684760213
45 13 83217693 5885464 649071946 5885477 732289639
46 12 969806369 5885464 811055140 5885477 780861509
47 12 864677445 5885464 968282293 5885477 832959738
48 12 745587598 5885465 129293523 5885477 874881121
49 12 633054851 5885465 289727264 5885477 922782115
50 12 526751023 5885465 447470000 5885477 974221023
51 12 411403162 5885465 612564950 5885478 23968112
52 12 305138038 5885465 768712400 5885478 73850438
53 12 200310794 5885465 931483987 5885478 131794781
54 12 69872993 5885466 105479307 5885478 175352300
55 11 955244395 5885466 267594239 5885478 222838634
56 11 841196065 5885466 427542489 5885478 268738554
57 11 728262714 5885466 590816825 5885478 319079539
58 11 603718801 5885466 762323452 5885478 366042253
59 11 495351698 5885466 923833210 5885478 419184908
60 11 385105112 5885467 87710460 5885478 472815572
61 11 274557549 5885467 249842836 5885478 524400385
62 11 148825937 5885467 422678030 5885478 571503967
63 11 25839810 5885467 592608372 5885478 618448182
64 10 904441469 5885467 759900003 5885478 664341472
1 18 175476876 5885511 435402902 5885529 610879778
2 18 34065371 5885511 622759715 5885529 656825086
3 17 912777804 5885511 789180345 5885529 701958149
4 17 802836767 5885511 949573754 5885529 752410521
5 17 691396814 5885512 112167862 5885529 803564676
6 17 576231763 5885512 277219221 5885529 853450984
7 17 478883898 5885512 435375913 5885529 914259811
8 17 365485999 5885512 596806451 5885529 962292450
9 17 241293710 5885512 771563332 5885530 12857042
10 17 125229287 5885512 929696098 5885530 54925385
11 17 7254845 5885513 92316280 5885530 99571125
12 16 885693839 5885513 259193976 5885530 144887815
13 16 759305072 5885513 431138150 5885530 190443222
14 16 634660365 5885513 602550687 5885530 237211052
15 16 520450074 5885513 762546622 5885530 282996696
16 16 400787626 5885513 931852457 5885530 332640083
17 16 301801736 5885514 91863021 5885530 393664757
18 16 190566426 5885514 253108655 5885530 443675081
19 16 56252808 5885514 430301435 5885530 486554243
20 15 943985943 5885514 589021950 5885530 533007893
21 15 826028260 5885514 755181288 5885530 581209548
22 15 713799765 5885514 912484348 5885530 626284113
23 15 602257073 5885515 72075438 5885530 674332511
24 15 493341775 5885515 231043004 5885530 724384779
25 15 383002134 5885515 393434005 5885530 776436139
26 15 269400869 5885515 551764397 5885530 821165266
27 15 151026229 5885515 722193397 5885530 873219626
28 15 36548666 5885515 879718730 5885530 916267396
29 14 923043566 5885516 44984770 5885530 968028336
30 14 807441653 5885516 208099017 5885531 15540670
31 14 691863146 5885516 367718552 5885531 59581698
32 14 574307770 5885516 530428288 5885531 104736058
33 14 462188681 5885516 686065304 5885531 148253985
34 14 346662322 5885516 854430342 5885531 201092664
35 14 230244536 5885517 23486793 5885531 253731329
36 14 107912859 5885517 193194843 5885531 301107702
37 13 992232021 5885517 350968246 5885531 343200267
38 13 887436166 5885517 512305452 5885531 399741618
39 13 757033141 5885517 686552806 5885531 443585947
40 13 629302454 5885517 862518850 5885531 491821304
41 13 516650986 5885518 24947573 5885531 541598559
42 13 408809835 5885518 181598293 5885531 590408128
43 13 295405789 5885518 339662430 5885531 635068219
44 13 172454051 5885518 510325388 5885531 682779439
45 13 60338183 5885518 672457617 5885531 732795800
46 12 948253501 5885518 831486107 5885531 779739608
47 12 833675421 5885518 995106400 5885531 828781821
48 12 720670015 5885519 149859896 5885531 870529911
49 12 603725089 5885519 316432375 5885531 920157464
50 12 479534262 5885519 482973077 5885531 962507339
51 12 378275934 5885519 644454021 5885532 22729955
52 12 260806129 5885519 812682321 5885532 73488450
53 12 138205606 5885519 984846029 5885532 123051635
54 12 13927115 5885520 150922887 5885532 164850002
55 11 905154592 5885520 311854953 5885532 217009545
56 11 787864637 5885520 475049939 5885532 262914576
57 11 666747789 5885520 642808526 5885532 309556315
58 11 555687792 5885520 800736203 5885532 356423995
59 11 442607332 5885520 969904152 5885532 412511484
60 11 323157805 5885521 128703165 5885532 451860970
61 11 217516039 5885521 290968243 5885532 508484282
62 11 101914867 5885521 451019603 5885532 552934470
63 10 983677744 5885521 618045166 5885532 601722910
64 10 874112625 5885521 779029009 5885532 653141634
1 18 83297288 5885564 902975029 5885582 986272317
2 17 934067466 5885565 99985088 5885583 34052554
3 17 825314479 5885565 251203651 5885583 76518130
4 17 698980249 5885565 427660408 5885583 126640657
5 17 582987360 5885565 591202352 5885583 174189712
6 17 468435168 5885565 751189936 5885583 219625104
7 17 346183860 5885565 918058262 5885583 264242122
8 17 236816015 5885566 77063735 5885583 313879750
9 17 121194158 5885566 239284536 5885583 360478694
10 17 9418858 5885566 397231029 5885583 406649887
11 16 893531320 5885566 557002839 5885583 450534159
12 16 777231512 5885566 725469320 5885583 502700832
13 16 661851965 5885566 882735992 5885583 544587957
14 16 528086224 5885567 62795238 5885583 590881462
15 16 408464830 5885567 224586844 5885583 633051674
16 16 304593106 5885567 383796442 5885583 688389548
17 16 184792511 5885567 545571160 5885583 730363671
18 16 72588978 5885567 705917126 5885583 778506104
19 15 955425853 5885567 868624289 5885583 824050142
20 15 843113322 5885568 23278769 5885583 866392091
21 15 729083602 5885568 186677789 5885583 915761391
22 15 606025124 5885568 358242694 5885583 964267818
23 15 488357175 5885568 525707323 5885584 14064498
24 15 375185512 5885568 685186491 5885584 60372003
25 15 257790985 5885568 848512901 5885584 106303886
26 15 146451232 5885569 12360598 5885584 158811830
27 15 28402549 5885569 179939300 5885584 208341849
28 14 914325682 5885569 340999382 5885584 255325064
29 14 803976392 5885569 502272405 5885584 306248797
30 14 684425422 5885569 671039122 5885584 355464544
31 14 570637364 5885569 833513085 5885584 404150449
32 14 444569312 5885570 4636480 5885584 449205792
33 14 330210246 5885570 172848114 5885584 503058360
34 14 206503614 5885570 338357039 5885584 544860653
35 14 88439561 5885570 502208329 5885584 590647890
36 13 962223754 5885570 669658699 5885584 631882453
37 13 857383416 5885570 825315531 5885584 682698947
38 13 737777540 5885570 995636163 5885584 733413703
39 13 625678062 5885571 152674302 5885584 778352364
40 13 512842319 5885571 318216245 5885584 831058564
41 13 388862229 5885571 483468212 5885584 872330441
42 13 279804063 5885571 641938862 5885584 921742925
43 13 169192556 5885571 804807540 5885584 974000096
44 13 57694955 5885571 963279523 5885585 20974478
45 12 944822083 5885572 122557083 5885585 67379166
46 12 812970306 5885572 296985490 5885585 109955796
47 12 711729476 5885572 453500213 5885585 165229689
48 12 594613739 5885572 615326189 5885585 209939928
49 12 487383354 5885572 774630878 5885585 262014232
50 12 373898012 5885572 936566759 5885585 310464771
51 12 244788573 5885573 103575583 5885585 348364156
52 12 132448098 5885573 263989733 5885585 396437831
53 12 29514855 5885573 421081575 5885585 450596430
54 11 901911556 5885573 593874234 5885585 495785790
55 11 786184385 5885573 756516787 5885585 542701172
56 11 673946427 5885573 920840327 5885585 594786754
57 11 560835430 5885574 81894780 5885585 642730210
58 11 444547140 5885574 249425205 5885585 693972345
59 11 329620195 5885574 414638266 5885585 744258461
60 11 215627771 5885574 576831549 5885585 792459320
61 11 101561273 5885574 739920816 5885585 841482089
62 10 985373277 5885574 899743089 5885585 885116366
63 10 875494571 5885575 61814134 5885585 937308705
64 10 759410796 5885575 229491889 5885585 988902685
