1 0 11814146 5704867 537695329 5704867 549509475
2 0 10248694 5704867 539517424 5704867 549766118
1 0 11625835 5704874 987341892 5704874 998967727
2 0 10115160 5704874 989107599 5704874 999222759
1 0 15544465 5704882 438486662 5704882 454031127
2 0 13415708 5704882 440958690 5704882 454374398
1 0 16090046 5704889 934935458 5704889 951025504
2 0 14261378 5704889 937104583 5704889 951365961
1 0 8167086 5704897 252655785 5704897 260822871
2 0 7060329 5704897 253980260 5704897 261040589
1 0 15386671 5704904 568811302 5704904 584197973
2 0 13297118 5704904 571243126 5704904 584540244
1 0 11699593 5704911 907595438 5704911 919295031
2 0 10166234 5704911 909386570 5704911 919552804
1 0 12048790 5704919 357226169 5704919 369274959
2 0 10539022 5704919 358989099 5704919 369528121
1 0 11571429 5704926 647490616 5704926 659062045
2 0 10065143 5704926 649253416 5704926 659318559
1 0 14224082 5704934 117785793 5704934 132009875
2 0 12766869 5704934 119582740 5704934 132349609
