1 0 14699943 5704941 547631894 5704941 562331837
2 0 13153362 5704941 549452618 5704941 562605980
3 0 12338304 5704941 550534653 5704941 562872957
4 0 11702593 5704941 551477395 5704941 563179988
1 0 16989456 5704949 62468766 5704949 79458222
2 0 14948569 5704949 64782037 5704949 79730606
3 0 13942921 5704949 66053846 5704949 79996767
4 0 13125641 5704949 67261286 5704949 80386927
1 0 15156454 5704956 527331834 5704956 542488288
2 0 13636057 5704956 529123115 5704956 542759172
3 0 12801665 5704956 530222113 5704956 543023778
4 0 12140900 5704956 531185650 5704956 543326550
1 0 19907363 5704964 232454587 5704964 252361950
2 0 17905272 5704964 234819153 5704964 252724425
3 0 16977290 5704964 236104425 5704964 253081715
4 0 16162769 5704964 237325994 5704964 253488763
1 0 15163787 5704971 937455741 5704971 952619528
2 0 13651371 5704971 939242133 5704971 952893504
3 0 12843886 5704971 940321224 5704971 953165110
4 0 12198843 5704971 941274650 5704971 953473493
1 0 15303507 5704979 667386859 5704979 682690366
2 0 13781943 5704979 669189436 5704979 682971379
3 0 12868738 5704979 670372914 5704979 683241652
4 0 12197287 5704979 671352433 5704979 683549720
1 0 15182695 5704987 117651852 5704987 132834547
2 0 13648057 5704987 119459503 5704987 133107560
3 0 12804555 5704987 120571704 5704987 133376259
4 0 12161289 5704987 121514927 5704987 133676216
1 0 14576317 5704994 847398956 5704994 861975273
2 0 13043680 5704994 849203014 5704994 862246694
3 0 12239269 5704994 850272883 5704994 862512152
4 0 11589652 5704994 851224735 5704994 862814387
1 0 15169917 5705002 317571570 5705002 332741487
2 0 13632260 5705002 319383721 5705002 333015981
3 0 12793647 5705002 320492496 5705002 333286143
4 0 12146955 5705002 321442682 5705002 333589637
1 0 14685667 5705010 7552090 5705010 22237757
2 0 13161140 5705010 9352223 5705010 22513363
3 0 12351081 5705010 10431888 5705010 22782969
4 0 11708186 5705010 11379740 5705010 23087926
