1 0 32153485 5705098 57900621 5705098 90054106
2 0 30675421 5705098 59671958 5705098 90347379
3 0 29809252 5705098 60787029 5705098 90596281
4 0 29123524 5705098 61732808 5705098 90856332
5 0 28428723 5705098 62685660 5705098 91114383
6 0 27783050 5705098 63603439 5705098 91386489
7 0 27090748 5705098 64540366 5705098 91631114
8 0 26446964 5705098 65452885 5705098 91899849
9 0 25804679 5705098 66352906 5705098 92157585
10 0 25150062 5705098 67267333 5705098 92417395
11 0 24485297 5705098 68187038 5705098 92672335
12 0 23808180 5705098 69116465 5705098 92924645
13 0 23110138 5705098 70069780 5705098 93179918
14 0 22413040 5705098 71016077 5705098 93429117
15 0 21692480 5705098 71992410 5705098 93684890
16 0 21030178 5705098 72908911 5705098 93939089
1 0 31410092 5705107 97875900 5705107 129285992
2 0 29901750 5705107 99647811 5705107 129549561
3 0 29064211 5705107 100729161 5705107 129793372
4 0 28503962 5705107 101662458 5705107 130166420
5 0 27829105 5705107 102611014 5705107 130440119
6 0 27181006 5705107 103525589 5705107 130706595
7 0 26494426 5705107 104453683 5705107 130948109
8 0 25854272 5705107 105364499 5705107 131218771
9 0 25207820 5705107 106264001 5705107 131471821
10 0 24548759 5705107 107171132 5705107 131719891
11 0 23902623 5705107 108072004 5705107 131974627
12 0 23220191 5705107 109002727 5705107 132222918
13 0 22567593 5705107 109909210 5705107 132476803
14 0 21842347 5705107 110884858 5705107 132727205
15 0 21134602 5705107 111847895 5705107 132982497
16 0 20481521 5705107 112756008 5705107 133237529
1 0 31319742 5705116 188587623 5705116 219907365
2 0 29809234 5705116 190451791 5705116 220261025
3 0 29060877 5705116 191445495 5705116 220506372
4 0 28394760 5705116 192369070 5705116 220763830
5 0 27700996 5705116 193318774 5705116 221019770
6 0 27051712 5705116 194234460 5705116 221286172
7 0 26368373 5705116 195159758 5705116 221528131
8 0 25739755 5705116 196064019 5705116 221803774
9 0 25092879 5705116 196963094 5705116 222055973
10 0 24433743 5705116 197868447 5705116 222302190
11 0 23786570 5705116 198767338 5705116 222553908
12 0 23110750 5705116 199693746 5705116 222804496
13 0 22404151 5705116 200653099 5705116 223057250
14 0 21759367 5705116 201556656 5705116 223316023
15 0 21041177 5705116 202515360 5705116 223556537
16 0 20392022 5705116 203419806 5705116 223811828
1 0 31856547 5705125 12915085 5705125 44771632
2 0 30069340 5705125 14968824 5705125 45038164
3 0 29328817 5705125 15954805 5705125 45283622
4 0 28675922 5705125 16880306 5705125 45556228
5 0 27979880 5705125 17832362 5705125 45812242
6 0 27328725 5705125 18751512 5705125 46080237
7 0 26636757 5705125 19687290 5705125 46324047
8 0 25920696 5705125 20670161 5705125 46590857
9 0 25260764 5705125 21586625 5705125 46847389
10 0 24593740 5705125 22503404 5705125 47097144
11 0 23936882 5705125 23415627 5705125 47352509
12 0 23246765 5705125 24355869 5705125 47602634
13 0 22578981 5705125 25279148 5705125 47858129
14 0 21916994 5705125 26190075 5705125 48107069
15 0 21203156 5705125 27158668 5705125 48361824
16 0 20547261 5705125 28071632 5705125 48618893
1 0 31410685 5705133 827567665 5705133 858978350
2 0 29903066 5705133 829340835 5705133 859243901
3 0 29060526 5705133 830428129 5705133 859488655
4 0 28373742 5705133 831372723 5705133 859746465
5 0 27741939 5705133 832318020 5705133 860059959
6 0 27114600 5705133 833231669 5705133 860346269
7 0 26428706 5705133 834163540 5705133 860592246
8 0 25784273 5705133 835072116 5705133 860856389
9 0 25142211 5705133 835972932 5705133 861115143
10 0 24483520 5705133 836881656 5705133 861365176
11 0 23835198 5705133 837784954 5705133 861620152
12 0 23153768 5705133 838716380 5705133 861870148
13 0 22501557 5705133 839623289 5705133 862124846
14 0 21701905 5705133 840684566 5705133 862386471
15 0 20969586 5705133 841659825 5705133 862629411
16 0 20317858 5705133 842566419 5705133 862884277
1 0 42026782 5705142 618876953 5705142 660903735
2 0 39974431 5705142 621279686 5705142 661254117
3 0 39015375 5705142 622563310 5705142 661578685
4 0 38132577 5705142 623785435 5705142 661918012
5 0 37212558 5705142 625043374 5705142 662255932
6 0 36360110 5705142 626253407 5705142 662613517
7 0 35459184 5705142 627474624 5705142 662933808
8 0 34611162 5705142 628675250 5705142 663286412
9 0 33762475 5705142 629861005 5705142 663623480
10 0 32805085 5705142 631144833 5705142 663949918
11 0 31940528 5705142 632344625 5705142 664285153
12 0 31048322 5705142 633570435 5705142 664618757
13 0 30195041 5705142 634762469 5705142 664957510
14 0 29333262 5705142 635950279 5705142 665283541
15 0 28410186 5705142 637210978 5705142 665621164
16 0 27546870 5705142 638407381 5705142 665954251
1 0 31879066 5705151 477458241 5705151 509337307
2 0 30353446 5705151 479253337 5705151 509606783
3 0 29515407 5705151 480336038 5705151 509851445
4 0 28905140 5705151 481302465 5705151 510207605
5 0 28218819 5705151 482253225 5705151 510472044
6 0 27571536 5705151 483167522 5705151 510739058
7 0 26886789 5705151 484095042 5705151 510981831
8 0 26248208 5705151 485003062 5705151 511251270
9 0 25607129 5705151 485904211 5705151 511511340
10 0 24943733 5705151 486811639 5705151 511755372
11 0 24300449 5705151 487710492 5705151 512010941
12 0 23624555 5705151 488637789 5705151 512262344
13 0 22985845 5705151 489537309 5705151 512523154
14 0 22257451 5705151 490507976 5705151 512765427
15 0 21540353 5705151 491476162 5705151 513016515
16 0 20887662 5705151 492383774 5705151 513271436
1 0 31347520 5705160 327472032 5705160 358819552
2 0 29847733 5705160 329233332 5705160 359081065
3 0 28997083 5705160 330327959 5705160 359325042
4 0 28295911 5705160 331285367 5705160 359581278
5 0 27603184 5705160 332233497 5705160 359836681
6 0 27060323 5705160 333152443 5705160 360212766
7 0 26393744 5705160 334079425 5705160 360473169
8 0 25751200 5705160 334986834 5705160 360738034
9 0 25108601 5705160 335884725 5705160 360993326
10 0 24448928 5705160 336790023 5705160 361238951
11 0 23799347 5705160 337694080 5705160 361493427
12 0 23117601 5705160 338625488 5705160 361743089
13 0 22472113 5705160 339524360 5705160 361996473
14 0 21777794 5705160 340479286 5705160 362257080
15 0 21046992 5705160 341449935 5705160 362496927
16 0 20393097 5705160 342357603 5705160 362750700
1 0 41465367 5705169 422265735 5705169 463731102
2 0 39555328 5705169 424525193 5705169 464080521
3 0 38598069 5705169 425806428 5705169 464404497
4 0 37725289 5705169 427018479 5705169 464743768
5 0 36816102 5705169 428264419 5705169 465080521
6 0 35960767 5705169 429465748 5705169 465426515
7 0 34973489 5705169 430774205 5705169 465747694
8 0 34117135 5705169 431981108 5705169 466098243
9 0 33262355 5705169 433171789 5705169 466434144
10 0 32396316 5705169 434359896 5705169 466756212
11 0 31548461 5705169 435550615 5705169 467099076
12 0 30652793 5705169 436776888 5705169 467429681
13 0 29807827 5705169 437957903 5705169 467765730
14 0 28954398 5705169 439146177 5705169 468100575
15 0 27869901 5705169 440555835 5705169 468425736
16 0 26980288 5705169 441780405 5705169 468760693
1 0 33859343 5705178 292727749 5705178 326587092
2 0 31848067 5705178 295003613 5705178 326851680
3 0 30814678 5705178 296283423 5705178 327098101
4 0 29856697 5705178 297497881 5705178 327354578
5 0 28859271 5705178 298752672 5705178 327611943
6 0 27921251 5705178 299962687 5705178 327883938
7 0 26706033 5705178 301421067 5705178 328127100
8 0 25745682 5705178 302646284 5705178 328391966
9 0 25085194 5705178 303563137 5705178 328648331
10 0 24421559 5705178 304475453 5705178 328897012
11 0 23771404 5705178 305378714 5705178 329150118
12 0 23085306 5705178 306314974 5705178 329400280
13 0 22436003 5705178 307217180 5705178 329653183
14 0 21775904 5705178 308124644 5705178 329900548
15 0 21121139 5705178 309091533 5705178 330212672
16 0 20475226 5705178 309997127 5705178 330472353
