1 0 122741228 5705295 68538592 5705295 191279820
2 0 121050612 5705295 70413501 5705295 191464113
3 0 120214850 5705295 71423056 5705295 191637906
4 0 119320181 5705295 72500240 5705295 191820421
5 0 118210962 5705295 73789845 5705295 192000807
6 0 117157296 5705295 75006489 5705295 192163785
7 0 116099057 5705295 76237132 5705295 192336189
8 0 115061503 5705295 77442887 5705295 192504390
9 0 114035874 5705295 78641476 5705295 192677350
10 0 113009208 5705295 79846138 5705295 192855346
11 0 111850211 5705295 81169206 5705295 193019417
12 0 110805361 5705295 82387905 5705295 193193266
13 0 109772862 5705295 83584253 5705295 193357115
14 0 108752603 5705295 84788027 5705295 193540630
15 0 107711159 5705295 85992023 5705295 193703182
16 0 106692327 5705295 87190537 5705295 193882864
17 0 105680346 5705295 88391922 5705295 194072268
18 0 104621088 5705295 89615214 5705295 194236302
19 0 103304279 5705295 91104038 5705295 194408317
20 0 102247299 5705295 92327533 5705295 194574832
21 0 101137783 5705295 93610231 5705295 194748014
22 0 100108413 5705295 94808172 5705295 194916585
23 0 99102913 5705295 95985039 5705295 195087952
24 0 98074137 5705295 97184757 5705295 195258894
25 0 97061008 5705295 98365475 5705295 195426483
26 0 96053564 5705295 99545027 5705295 195598591
27 0 94909493 5705295 100851873 5705295 195761366
28 0 93906863 5705295 102029925 5705295 195936788
29 0 92904419 5705295 103208051 5705295 196112470
30 0 91892494 5705295 104388399 5705295 196280893
31 0 90887272 5705295 105566155 5705295 196453427
32 0 89839051 5705295 106787076 5705295 196626127
33 0 88824163 5705295 107977035 5705295 196801198
34 0 87815367 5705295 109155013 5705295 196970380
35 0 86728517 5705295 110417397 5705295 197145914
36 0 85705925 5705295 111613393 5705295 197319318
37 0 84668778 5705295 112816666 5705295 197485444
38 0 83661982 5705295 113995515 5705295 197657497
39 0 82646130 5705295 115174493 5705295 197820623
40 0 81639983 5705295 116357285 5705295 197997268
41 0 80653020 5705295 117523819 5705295 198176839
42 0 79659206 5705295 118691741 5705295 198350947
43 0 78638188 5705295 119891422 5705295 198529610
44 0 76907202 5705295 121784942 5705295 198692144
45 0 75902110 5705295 122966290 5705295 198868400
46 0 74814371 5705295 124222378 5705295 199036749
47 0 73815056 5705295 125392115 5705295 199207171
48 0 72808779 5705295 126562408 5705295 199371187
49 0 71804946 5705295 127738441 5705295 199543387
50 0 70821687 5705295 128906197 5705295 199727884
51 0 69753373 5705295 130144174 5705295 199897547
52 0 69287234 5705295 131378151 5705295 200665385
53 0 68288345 5705295 132551666 5705295 200840011
54 0 67297994 5705295 133715273 5705295 201013267
55 0 66262476 5705295 134917732 5705295 201180208
56 0 66050165 5705295 136078822 5705295 202128987
57 0 65024722 5705295 137251225 5705295 202275947
58 0 64003703 5705295 138427574 5705295 202431277
59 0 62956057 5705295 139646754 5705295 202602811
60 0 61891336 5705295 140884250 5705295 202775586
61 0 60865670 5705295 142077579 5705295 202943249
62 0 59858948 5705295 143255316 5705295 203114264
63 0 58853152 5705295 144425183 5705295 203278335
64 0 57827986 5705295 145622179 5705295 203450165
1 0 99699847 5705309 772867755 5705309 872567602
2 0 98216524 5705309 774618555 5705309 872835079
3 0 97503093 5705309 775592055 5705309 873095148
4 0 96851734 5705309 776506890 5705309 873358624
5 0 96131081 5705309 777471409 5705309 873602490
6 0 95451520 5705309 778386614 5705309 873838134
7 0 94703793 5705309 779310560 5705309 874014353
8 0 93900586 5705309 780278245 5705309 874178831
9 0 93147748 5705309 781202376 5705309 874350124
10 0 92417911 5705309 782111451 5705309 874529362
11 0 91656906 5705309 783037378 5705309 874694284
12 0 90922328 5705309 783944324 5705309 874866652
13 0 90188563 5705309 784841215 5705309 875029778
14 0 89466188 5705309 785743531 5705309 875209719
15 0 88726924 5705309 786649125 5705309 875376049
16 0 88006549 5705309 787545738 5705309 875552287
17 0 87282970 5705309 788450388 5705309 875733358
18 0 86522818 5705309 789376870 5705309 875899688
19 0 85135899 5705309 790935434 5705309 876071333
20 0 84381006 5705309 791853416 5705309 876234422
21 0 83601965 5705309 792816546 5705309 876418511
22 0 82865183 5705309 793722881 5705309 876588064
23 0 82159547 5705309 794601254 5705309 876760801
24 0 81427950 5705309 795503422 5705309 876931372
25 0 80706816 5705309 796390146 5705309 877096962
26 0 79994625 5705309 797274111 5705309 877268736
27 0 79269750 5705309 798163483 5705309 877433233
28 0 78569171 5705309 799039429 5705309 877608600
29 0 77858388 5705309 799922987 5705309 877781375
30 0 77086772 5705309 800864062 5705309 877950834
31 0 76375768 5705309 801749119 5705309 878124887
32 0 75630207 5705309 802669065 5705309 878299272
33 0 74908110 5705309 803564622 5705309 878472732
34 0 74192327 5705309 804447420 5705309 878639747
35 0 73486155 5705309 805325163 5705309 878811318
36 0 72780428 5705309 806208850 5705309 878989278
37 0 72039701 5705309 807111666 5705309 879151367
38 0 71330215 5705309 807994094 5705309 879324309
39 0 70611375 5705309 808876430 5705309 879487805
40 0 69901426 5705309 809764913 5705309 879666339
41 0 69042665 5705309 810786486 5705309 879829151
42 0 68370252 5705309 811664451 5705309 880034703
43 0 67675228 5705309 812566286 5705309 880241514
44 0 66960556 5705309 813444362 5705309 880404918
45 0 66267328 5705309 814327475 5705309 880594803
46 0 65492713 5705309 815266032 5705309 880758745
47 0 64787227 5705309 816144311 5705309 880931538
48 0 64069851 5705309 817026517 5705309 881096368
49 0 63351772 5705309 817916611 5705309 881268383
50 0 62653081 5705309 818798817 5705309 881451898
51 0 61953520 5705309 819669430 5705309 881622950
52 0 61177923 5705309 820617746 5705309 881795669
53 0 60455326 5705309 821504914 5705309 881960240
54 0 59751283 5705309 822380639 5705309 882131922
55 0 59009520 5705309 823287066 5705309 882296586
56 0 58312625 5705309 824162087 5705309 882474712
57 0 57615972 5705309 825037996 5705309 882653968
58 0 56893430 5705309 825924646 5705309 882818076
59 0 56157889 5705309 826834388 5705309 882992277
60 0 55436124 5705309 827719075 5705309 883155199
61 0 54721267 5705309 828609003 5705309 883330270
62 0 54010577 5705309 829483153 5705309 883493730
63 0 53268146 5705309 830404099 5705309 883672245
64 0 52538346 5705309 831306711 5705309 883845057
1 0 102284244 5705324 428001508 5705324 530285752
2 0 100787734 5705324 429766716 5705324 530554450
3 0 99937380 5705324 430875473 5705324 530812853
4 0 99258782 5705324 431813177 5705324 531071959
5 0 98558665 5705324 432781696 5705324 531340361
6 0 97893048 5705324 433689605 5705324 531582653
7 0 97221135 5705324 434615124 5705324 531836259
8 0 96552667 5705324 435528718 5705324 532081385
9 0 95897808 5705324 436436257 5705324 532334065
10 0 95237061 5705324 437359832 5705324 532596893
11 0 94573037 5705324 438278648 5705324 532851685
12 0 93922790 5705324 439187409 5705324 533110199
13 0 93211562 5705324 440139058 5705324 533350620
14 0 92544390 5705324 441068836 5705324 533613226
15 0 91870754 5705324 441984764 5705324 533855518
16 0 91231192 5705324 442892932 5705324 534124124
17 0 90591074 5705324 443794656 5705324 534385730
18 0 89891513 5705324 444735527 5705324 534627040
19 0 89123936 5705324 445755933 5705324 534879869
20 0 88434041 5705324 446694675 5705324 535128716
21 0 87726721 5705324 447655657 5705324 535382378
22 0 87078863 5705324 448552733 5705324 535631596
23 0 86452671 5705324 449430661 5705324 535883332
24 0 85714610 5705324 450427994 5705324 536142604
25 0 85055253 5705324 451326940 5705324 536382193
26 0 84429616 5705324 452207294 5705324 536636910
27 0 83787184 5705324 453090796 5705324 536877980
28 0 83181010 5705324 453964113 5705324 537145123
29 0 82555244 5705324 454842411 5705324 537397655
30 0 81920126 5705324 455727635 5705324 537647761
31 0 81291360 5705324 456609341 5705324 537900701
32 0 80636355 5705324 457522934 5705324 538159289
33 0 80000385 5705324 458416047 5705324 538416432
34 0 79369063 5705324 459296679 5705324 538665742
35 0 78711890 5705324 460219847 5705324 538931737
36 0 78063514 5705324 461121867 5705324 539185381
37 0 77399712 5705324 462033294 5705324 539433006
38 0 76772946 5705324 462914703 5705324 539687649
39 0 76129402 5705324 463797057 5705324 539926459
40 0 76315658 5705324 464683855 5705324 540999513
41 0 75682818 5705324 465564783 5705324 541247601
42 0 75069310 5705324 466436397 5705324 541505707
43 0 74443934 5705324 467328991 5705324 541772925
44 0 73814390 5705324 468202734 5705324 542017124
45 0 73197439 5705324 469084254 5705324 542281693
46 0 72063775 5705324 470466376 5705324 542530151
47 0 71395880 5705324 471391211 5705324 542787091
48 0 70759577 5705324 472272083 5705324 543031660
49 0 70125941 5705324 473160900 5705324 543286841
50 0 69516211 5705324 474040661 5705324 543556872
51 0 68890890 5705324 474917293 5705324 543808183
52 0 68249365 5705324 475813683 5705324 544063048
53 0 67612043 5705324 476693056 5705324 544305099
54 0 66987036 5705324 477571595 5705324 544558631
55 0 66323846 5705324 478476596 5705324 544800442
56 0 65709876 5705324 479351413 5705324 545061289
57 0 65050907 5705324 480270340 5705324 545321247
58 0 64395123 5705324 481167860 5705324 545562983
59 0 63734968 5705324 482082047 5705324 545817015
60 0 63103332 5705324 482967715 5705324 546071047
61 0 62470214 5705324 483853847 5705324 546324061
62 0 61837022 5705324 484736386 5705324 546573408
63 0 61229257 5705324 485607369 5705324 546836626
64 0 60575287 5705324 486520000 5705324 547095287
1 0 99359243 5705339 67940729 5705339 167299972
2 0 97880864 5705339 69685659 5705339 167566523
3 0 97057768 5705339 70769250 5705339 167827018
4 0 96392262 5705339 71694251 5705339 168086513
5 0 95693405 5705339 72657918 5705339 168351323
6 0 95031177 5705339 73569715 5705339 168600892
7 0 94362930 5705339 74492568 5705339 168855498
8 0 93703683 5705339 75396403 5705339 169100086
9 0 93064177 5705339 76289979 5705339 169354156
10 0 92421096 5705339 77196073 5705339 169617169
11 0 91740979 5705339 78115834 5705339 169856813
12 0 91137250 5705339 79021150 5705339 170158400
13 0 90493947 5705339 79913263 5705339 170407210
14 0 89761887 5705339 80912429 5705339 170674316
15 0 89100103 5705339 81821560 5705339 170921663
16 0 88463263 5705339 82718729 5705339 171181992
17 0 87822201 5705339 83623638 5705339 171445839
18 0 87145362 5705339 84542287 5705339 171687649
19 0 85932366 5705339 86028315 5705339 171960681
20 0 85246712 5705339 86956112 5705339 172202824
21 0 84543244 5705339 87914520 5705339 172457764
22 0 83891330 5705339 88816670 5705339 172708000
23 0 83266416 5705339 89694246 5705339 172960662
24 0 82569133 5705339 90650968 5705339 173220101
25 0 81930108 5705339 91535396 5705339 173465504
26 0 81305675 5705339 92415176 5705339 173720851
27 0 80659076 5705339 93302919 5705339 173961995
28 0 80051013 5705339 94178032 5705339 174229045
29 0 79428655 5705339 95055719 5705339 174484374
30 0 78802167 5705339 95932480 5705339 174734647
31 0 78183494 5705339 96806945 5705339 174990439
32 0 77526487 5705339 97722132 5705339 175248619
33 0 76887888 5705339 98614800 5705339 175502688
34 0 76259308 5705339 99492524 5705339 175751832
35 0 75538746 5705339 100466988 5705339 176005734
36 0 74921962 5705339 101349138 5705339 176271100
37 0 74263697 5705339 102248750 5705339 176512447
38 0 73635782 5705339 103129512 5705339 176765294
39 0 72996795 5705339 104009791 5705339 177006586
40 0 72383399 5705339 104891219 5705339 177274618
41 0 71754170 5705339 105763814 5705339 177517984
42 0 71140959 5705339 106633279 5705339 177774238
43 0 70520230 5705339 107527781 5705339 178048011
44 0 69887130 5705339 108404524 5705339 178291654
45 0 69274198 5705339 109283174 5705339 178557372
46 0 68541304 5705339 110259378 5705339 178800682
47 0 67898187 5705339 111155564 5705339 179053751
48 0 67262217 5705339 112033826 5705339 179296043
49 0 66637525 5705339 112918568 5705339 179556093
50 0 66025333 5705339 113795589 5705339 179820922
51 0 65643970 5705339 114661017 5705339 180304987
52 0 65014871 5705339 115557537 5705339 180572408
53 0 64379716 5705339 116435243 5705339 180814959
54 0 63763005 5705339 117305319 5705339 181068324
55 0 63105703 5705339 118204265 5705339 181309968
56 0 62502676 5705339 119069768 5705339 181572444
57 0 61889837 5705339 119945103 5705339 181834940
58 0 61205553 5705339 120871789 5705339 182077342
59 0 60549992 5705339 121782809 5705339 182332801
60 0 59908189 5705339 122667292 5705339 182575481
61 0 59277719 5705339 123551294 5705339 182829013
62 0 58644083 5705339 124426815 5705339 183070898
63 0 58035946 5705339 125297854 5705339 183333800
64 0 57400366 5705339 126187226 5705339 183587592
1 0 100977380 5705353 502657875 5705353 603635255
2 0 98968918 5705353 504933962 5705353 603902880
3 0 97937159 5705353 506222086 5705353 604159245
4 0 96985751 5705353 507430545 5705353 604416296
5 0 95972826 5705353 508707484 5705353 604680310
6 0 95017918 5705353 509912535 5705353 604930453
7 0 93945456 5705353 511241844 5705353 605187300
8 0 93006511 5705353 512423451 5705353 605429962
9 0 92356190 5705353 513325934 5705353 605682124
10 0 91712536 5705353 514234398 5705353 605946934
11 0 91029622 5705353 515158881 5705353 606188503
12 0 90377727 5705353 516065049 5705353 606442776
13 0 89720221 5705353 516963458 5705353 606683679
14 0 89080382 5705353 517867552 5705353 606947934
15 0 88417949 5705353 518772480 5705353 607190429
16 0 87781388 5705353 519668870 5705353 607450258
17 0 86957625 5705353 520754535 5705353 607712160
18 0 86264638 5705353 521689851 5705353 607954489
19 0 85497634 5705353 522712332 5705353 608209966
20 0 84803702 5705353 523647092 5705353 608450794
21 0 84092901 5705353 524611870 5705353 608704771
22 0 83440080 5705353 525528982 5705353 608969062
23 0 82813147 5705353 526409966 5705353 609223113
24 0 82173419 5705353 527302412 5705353 609475831
25 0 81536115 5705353 528180007 5705353 609716122
26 0 80913332 5705353 529057212 5705353 609970544
27 0 80329268 5705353 529941122 5705353 610270390
28 0 79652392 5705353 530881234 5705353 610533626
29 0 79022552 5705353 531764754 5705353 610787306
30 0 78395009 5705353 532644589 5705353 611039598
31 0 77770371 5705353 533524351 5705353 611294722
32 0 77107199 5705353 534442111 5705353 611549310
33 0 76466822 5705353 535336502 5705353 611803324
34 0 75777224 5705353 536216041 5705353 611993265
35 0 75075959 5705353 537095895 5705353 612171854
36 0 74377806 5705353 537970600 5705353 612348406
37 0 73642375 5705353 538868787 5705353 612511162
38 0 72932666 5705353 539750567 5705353 612683233
39 0 71971888 5705353 540874824 5705353 612846712
40 0 71253105 5705353 541770270 5705353 613023375
41 0 70539952 5705353 542646605 5705353 613186557
42 0 69843798 5705353 543514589 5705353 613358387
43 0 69129626 5705353 544410202 5705353 613539828
44 0 68415381 5705353 545286463 5705353 613701844
45 0 67706857 5705353 546172280 5705353 613879137
46 0 66940186 5705353 547113262 5705353 614053448
47 0 66231441 5705353 547992486 5705353 614223927
48 0 65513250 5705353 548872599 5705353 614385849
49 0 64782671 5705353 549773805 5705353 614556476
50 0 64028445 5705353 550707713 5705353 614736158
51 0 63323235 5705353 551581234 5705353 614904469
52 0 62597509 5705353 552477235 5705353 615074744
53 0 61871059 5705353 553366256 5705353 615237315
54 0 61165776 5705353 554241165 5705353 615406941
55 0 60427457 5705353 555143648 5705353 615571105
56 0 59732062 5705353 556014780 5705353 615746842
57 0 59029261 5705353 556894671 5705353 615923932
58 0 58300571 5705353 557785172 5705353 616085743
59 0 57557159 5705353 558700100 5705353 616257259
60 0 56832450 5705353 559588065 5705353 616420515
61 0 55772230 5705353 560818097 5705353 616590327
62 0 55047243 5705353 561705395 5705353 616752638
63 0 54356201 5705353 562576934 5705353 616933135
64 0 53633029 5705353 563470658 5705353 617103687
1 0 94872069 5705368 167975107 5705368 262847176
2 0 93287599 5705368 169743870 5705368 263031469
3 0 92363172 5705368 170847942 5705368 263211114
4 0 91527317 5705368 171864349 5705368 263391666
5 0 90709128 5705368 172864997 5705368 263574125
6 0 89952366 5705368 173794775 5705368 263747141
7 0 89188861 5705368 174735517 5705368 263924378
8 0 88433653 5705368 175657611 5705368 264091264
9 0 87692056 5705368 176572797 5705368 264264853
10 0 86956070 5705368 177489502 5705368 264445572
11 0 86181751 5705368 178429799 5705368 264611550
12 0 85428450 5705368 179357171 5705368 264785621
13 0 84587447 5705368 180363578 5705368 264951025
14 0 83829388 5705368 181304801 5705368 265134189
15 0 83077050 5705368 182225654 5705368 265302704
16 0 82338194 5705368 183143544 5705368 265481738
17 0 81599892 5705368 184062342 5705368 265662234
18 0 80803444 5705368 185025787 5705368 265829231
19 0 79953053 5705368 186052008 5705368 266005061
20 0 79204142 5705368 186966509 5705368 266170651
21 0 78403323 5705368 187954880 5705368 266358203
22 0 77657374 5705368 188872640 5705368 266530014
23 0 76943406 5705368 189761309 5705368 266704715
24 0 76141792 5705368 190736327 5705368 266878119
25 0 75407842 5705368 191636218 5705368 267044060
26 0 74689263 5705368 192530368 5705368 267219631
27 0 73956425 5705368 193431481 5705368 267387906
28 0 73248476 5705368 194318445 5705368 267566921
29 0 72527267 5705368 195214169 5705368 267741436
30 0 71803929 5705368 196111393 5705368 267915322
31 0 71088609 5705368 197002376 5705368 268090985
32 0 70336196 5705368 197931137 5705368 268267333
33 0 69605988 5705368 198835527 5705368 268441515
34 0 68885242 5705368 199729344 5705368 268614586
35 0 68016352 5705368 200771435 5705368 268787787
36 0 67296365 5705368 201669418 5705368 268965783
37 0 66547102 5705368 202584623 5705368 269131725
38 0 65829318 5705368 203479014 5705368 269308332
39 0 65091647 5705368 204382238 5705368 269473885
40 0 64370457 5705368 205284073 5705368 269654530
41 0 63651878 5705368 206171611 5705368 269823489
42 0 62977076 5705368 207058317 5705368 270035393
43 0 62265608 5705368 207970337 5705368 270235945
44 0 61543455 5705368 208858172 5705368 270401627
45 0 60832431 5705368 209750174 5705368 270582605
46 0 59997576 5705368 210764081 5705368 270761657
47 0 59272275 5705368 211664027 5705368 270936302
48 0 58539474 5705368 212562769 5705368 271102243
49 0 57800062 5705368 213477956 5705368 271278018
50 0 57096019 5705368 214368791 5705368 271464810
51 0 56384404 5705368 215252533 5705368 271636937
52 0 55645936 5705368 216166701 5705368 271812637
53 0 54915560 5705368 217063407 5705368 271978967
54 0 54204666 5705368 217949094 5705368 272153760
55 0 53455792 5705368 218864447 5705368 272320239
56 0 52753212 5705368 219745190 5705368 272498402
57 0 51981004 5705368 220697487 5705368 272678491
58 0 51240074 5705368 221603599 5705368 272843673
59 0 50490514 5705368 222527989 5705368 273018503
60 0 49755954 5705368 223428565 5705368 273184519
61 0 49032560 5705368 224329363 5705368 273361923
62 0 49135669 5705368 225219328 5705368 274354997
63 0 48395479 5705368 226107978 5705368 274503457
64 0 47642030 5705368 227017757 5705368 274659787
1 0 102743495 5705382 827890025 5705382 930633520
2 0 101260283 5705382 829642843 5705382 930903126
3 0 100408521 5705382 830755730 5705382 931164251
4 0 99730960 5705382 831691805 5705382 931422765
5 0 99022214 5705382 832669027 5705382 931691241
6 0 98359559 5705382 833585066 5705382 931944625
7 0 97688646 5705382 834513345 5705382 932201991
8 0 97019511 5705382 835426531 5705382 932446042
9 0 96375764 5705382 836326014 5705382 932701778
10 0 95729702 5705382 837237997 5705382 932967699
11 0 95038585 5705382 838172405 5705382 933210990
12 0 94379208 5705382 839087944 5705382 933467152
13 0 93720461 5705382 839989742 5705382 933710203
14 0 92977753 5705382 840999482 5705382 933977235
15 0 92321210 5705382 841913317 5705382 934234527
16 0 91683129 5705382 842815948 5705382 934499077
17 0 91039919 5705382 843723246 5705382 934763165
18 0 90351340 5705382 844656598 5705382 935007938
19 0 89567947 5705382 845694875 5705382 935262822
20 0 88891552 5705382 846615469 5705382 935507021
21 0 88179195 5705382 847583636 5705382 935762831
22 0 87521707 5705382 848491508 5705382 936013215
23 0 86891757 5705382 849376380 5705382 936268137
24 0 86163159 5705382 850366250 5705382 936529409
25 0 85502764 5705382 851271826 5705382 936774590
26 0 84874202 5705382 852156976 5705382 937031178
27 0 84228807 5705382 853047385 5705382 937276192
28 0 83615262 5705382 853924610 5705382 937539872
29 0 82985978 5705382 854811667 5705382 937797645
30 0 82351452 5705382 855698021 5705382 938049473
31 0 81725020 5705382 856581078 5705382 938306098
32 0 81063458 5705382 857497950 5705382 938561408
33 0 80422712 5705382 858395951 5705382 938818663
34 0 79792371 5705382 859279657 5705382 939072028
35 0 79057126 5705382 860269342 5705382 939326468
36 0 78419768 5705382 861169214 5705382 939588982
37 0 77754669 5705382 862079012 5705382 939833681
38 0 77631671 5705382 862969162 5705382 940600833
39 0 77007701 5705382 863860627 5705382 940868328
40 0 76382861 5705382 864751480 5705382 941134341
41 0 75751817 5705382 865627853 5705382 941379670
42 0 75131514 5705382 866506540 5705382 941638054
43 0 74497415 5705382 867410004 5705382 941907419
44 0 73864001 5705382 868290451 5705382 942154452
45 0 73244976 5705382 869175156 5705382 942420132
46 0 72500878 5705382 870165101 5705382 942665979
47 0 71805429 5705382 871122379 5705382 942927808
48 0 71156904 5705382 872016103 5705382 943173007
49 0 70522805 5705382 872909771 5705382 943432576
50 0 69909280 5705382 873793532 5705382 943702812
51 0 69287513 5705382 874668368 5705382 943955881
52 0 68640932 5705382 875572555 5705382 944213487
53 0 68001649 5705382 876456834 5705382 944458483
54 0 67378364 5705382 877335040 5705382 944713404
55 0 66720894 5705382 878239116 5705382 944960010
56 0 66107166 5705382 879115395 5705382 945222561
57 0 65498048 5705382 879993360 5705382 945491408
58 0 64795283 5705382 880942676 5705382 945737959
59 0 64134109 5705382 881859437 5705382 945993546
60 0 63489011 5705382 882749216 5705382 946238227
61 0 62857782 5705382 883641310 5705382 946499092
62 0 62222942 5705382 884520183 5705382 946743125
63 0 61614509 5705382 885395759 5705382 947010268
64 0 60980466 5705382 886298316 5705382 947278782
1 0 80013849 5705397 188014658 5705397 268028507
2 0 78436008 5705397 189776458 5705397 268212466
3 0 77515822 5705397 190876104 5705397 268391926
4 0 76764855 5705397 191802827 5705397 268567682
5 0 75982146 5705397 192767143 5705397 268749289
6 0 75236661 5705397 193680625 5705397 268917286
7 0 74482879 5705397 194609515 5705397 269092394
8 0 73741263 5705397 195517091 5705397 269258354
9 0 73018110 5705397 196412870 5705397 269430980
10 0 72289161 5705397 197320001 5705397 269609162
11 0 71535749 5705397 198239280 5705397 269775029
12 0 70800374 5705397 199146356 5705397 269946730
13 0 70858687 5705397 200088172 5705397 270946859
14 0 70106720 5705397 201027858 5705397 271134578
15 0 69362382 5705397 201939063 5705397 271301445
16 0 68569527 5705397 202910489 5705397 271480016
17 0 67843984 5705397 203817065 5705397 271661049
18 0 67075518 5705397 204748917 5705397 271824435
19 0 66223182 5705397 205774602 5705397 271997784
20 0 65475418 5705397 206685492 5705397 272160910
21 0 64682730 5705397 207650622 5705397 272333352
22 0 63940392 5705397 208572901 5705397 272513293
23 0 63227590 5705397 209456311 5705397 272683901
24 0 62446716 5705397 210410163 5705397 272856879
25 0 61725674 5705397 211294276 5705397 273019950
26 0 61017057 5705397 212174056 5705397 273191113
27 0 60292997 5705397 213060558 5705397 273353555
28 0 59598306 5705397 213932671 5705397 273530977
29 0 58888579 5705397 214813006 5705397 273701585
30 0 58169833 5705397 215700360 5705397 273870193
31 0 57461125 5705397 216581417 5705397 274042542
32 0 56715823 5705397 217499178 5705397 274215001
33 0 55995948 5705397 218391606 5705397 274387554
34 0 55278869 5705397 219276422 5705397 274555291
35 0 54447255 5705397 220279996 5705397 274727251
36 0 53722139 5705397 221182238 5705397 274904377
37 0 52990005 5705397 222078314 5705397 275068319
38 0 52277610 5705397 222959872 5705397 275237482
39 0 51559865 5705397 223843188 5705397 275403053
40 0 50849470 5705397 224731098 5705397 275580568
41 0 50136114 5705397 225608266 5705397 275744380
42 0 49439793 5705397 226477306 5705397 275917099
43 0 48722307 5705397 227374085 5705397 276096392
44 0 48011098 5705397 228247513 5705397 276258611
45 0 47308167 5705397 229126867 5705397 276435034
46 0 46483349 5705397 230115348 5705397 276598697
47 0 45768511 5705397 231014924 5705397 276783435
48 0 45065543 5705397 231880815 5705397 276946358
49 0 44629309 5705397 232489656 5705397 277118965
50 0 44222280 5705397 233078163 5705397 277300443
51 0 43807307 5705397 233662430 5705397 277469737
52 0 43380519 5705397 234261548 5705397 277642067
53 0 42955656 5705397 234849148 5705397 277804804
54 0 42543146 5705397 235433563 5705397 277976709
55 0 42099431 5705397 236041219 5705397 278140650
56 0 42456776 5705397 236623856 5705397 279080632
57 0 42017489 5705397 237209974 5705397 279227463
58 0 41586701 5705397 237797648 5705397 279384349
59 0 41143597 5705397 238409230 5705397 279552827
60 0 40721846 5705397 239001700 5705397 279723546
61 0 40294798 5705397 239592856 5705397 279887654
62 0 39884343 5705397 240212029 5705397 280096372
63 0 39463092 5705397 240804611 5705397 280267703
64 0 39034971 5705397 241405210 5705397 280440181
1 0 100556093 5705411 397712196 5705411 498268289
2 0 99084843 5705411 399447367 5705411 498532210
3 0 98206767 5705411 400582920 5705411 498789687
4 0 97537797 5705411 401516014 5705411 499053811
5 0 96838608 5705411 402479458 5705411 499318066
6 0 96162472 5705411 403399015 5705411 499561487
7 0 95510910 5705411 404318868 5705411 499829778
8 0 96706591 5705411 405221277 5705411 501927868
9 0 96087955 5705411 406118186 5705411 502206141
10 0 95450559 5705411 407019836 5705411 502470395
11 0 94772201 5705411 407941134 5705411 502713335
12 0 94127381 5705411 408839135 5705411 502966516
13 0 93477689 5705411 409731341 5705411 503209030
14 0 92736240 5705411 410737692 5705411 503473932
15 0 92068104 5705411 411648823 5705411 503716927
16 0 91430283 5705411 412545306 5705411 503975589
17 0 90795072 5705411 413446827 5705411 504241899
18 0 90120974 5705411 414362809 5705411 504483783
19 0 89357303 5705411 415380272 5705411 504737575
20 0 88694371 5705411 416284792 5705411 504979163
21 0 87989921 5705411 417242737 5705411 505232658
22 0 87346452 5705411 418136609 5705411 505483061
23 0 86726112 5705411 419010352 5705411 505736464
24 0 86090235 5705411 419898761 5705411 505988996
25 0 85359359 5705411 420870706 5705411 506230065
26 0 84733205 5705411 421749485 5705411 506482690
27 0 84089791 5705411 422634635 5705411 506724426
28 0 83478432 5705411 423505564 5705411 506983996
29 0 82851629 5705411 424385251 5705411 507236880
30 0 82226123 5705411 425261919 5705411 507488042
31 0 81604467 5705411 426138459 5705411 507742926
32 0 80959980 5705411 427050830 5705411 508010810
33 0 80311028 5705411 427954684 5705411 508265712
34 0 79687004 5705411 428828667 5705411 508515671
35 0 79076218 5705411 429698355 5705411 508774573
36 0 78323715 5705411 430705465 5705411 509029180
37 0 77665338 5705411 431603356 5705411 509268694
38 0 77039313 5705411 432481080 5705411 509520393
39 0 76405454 5705411 433357230 5705411 509762684
40 0 75821743 5705411 434236769 5705411 510058512
41 0 75211736 5705411 435105179 5705411 510316915
42 0 74599543 5705411 435974200 5705411 510573743
43 0 73971907 5705411 436866146 5705411 510838053
44 0 73344253 5705411 437734907 5705411 511079160
45 0 72728393 5705411 438610502 5705411 511338895
46 0 72035036 5705411 439545114 5705411 511580150
47 0 71371141 5705411 440462875 5705411 511834016
48 0 70731671 5705411 441342692 5705411 512074363
49 0 70101924 5705411 442224416 5705411 512326340
50 0 69489454 5705411 443100640 5705411 512590094
51 0 68869725 5705411 443969846 5705411 512839571
52 0 68233200 5705411 444860125 5705411 513093325
53 0 67600083 5705411 445736090 5705411 513336173
54 0 66983130 5705411 446606945 5705411 513590075
55 0 66321995 5705411 447509502 5705411 513831497
56 0 65736525 5705411 448370837 5705411 514107362
57 0 65123665 5705411 449243451 5705411 514367116
58 0 64448975 5705411 450160581 5705411 514609556
59 0 63780173 5705411 451082527 5705411 514862700
60 0 63130241 5705411 451975621 5705411 515105862
61 0 62500456 5705411 452858494 5705411 515358950
62 0 61872708 5705411 453728422 5705411 515601130
63 0 61262090 5705411 454600628 5705411 515862718
64 0 60625639 5705411 455491000 5705411 516116639
1 0 103338522 5705426 67804742 5705426 171143264
2 0 101850050 5705426 69557598 5705426 171407648
3 0 100992548 5705426 70674429 5705426 171666977
4 0 100319227 5705426 71609097 5705426 171928324
5 0 99617963 5705426 72575930 5705426 172193893
6 0 98953141 5705426 73494080 5705426 172447221
7 0 98286488 5705426 74417951 5705426 172704439
8 0 97613834 5705426 75334841 5705426 172948675
9 0 96968623 5705426 76232936 5705426 173201559
10 0 96318969 5705426 77147270 5705426 173466239
11 0 95642204 5705426 78070809 5705426 173713013
12 0 94987142 5705426 78979866 5705426 173967008
13 0 94345765 5705426 79875719 5705426 174221484
14 0 93571391 5705426 80917718 5705426 174489109
15 0 92902681 5705426 81835442 5705426 174738123
16 0 92267304 5705426 82732647 5705426 174999951
17 0 91619965 5705426 83641463 5705426 175261428
18 0 90928551 5705426 84574372 5705426 175502923
19 0 89701538 5705426 86061510 5705426 175763048
20 0 89035532 5705426 86970049 5705426 176005581
21 0 88328490 5705426 87933623 5705426 176262113
22 0 87674113 5705426 88839458 5705426 176513571
23 0 87049569 5705426 89718553 5705426 176768122
24 0 86313009 5705426 90714423 5705426 177027432
25 0 85668447 5705426 91600517 5705426 177268964
26 0 85039996 5705426 92484797 5705426 177524793
27 0 84393897 5705426 93372095 5705426 177765992
28 0 83786056 5705426 94246690 5705426 178032746
29 0 83159235 5705426 95128303 5705426 178287538
30 0 82527968 5705426 96008787 5705426 178536755
31 0 81905110 5705426 96886974 5705426 178792084
32 0 81248252 5705426 97803308 5705426 179051560
33 0 80608708 5705426 98697625 5705426 179306333
34 0 79979202 5705426 99577627 5705426 179556829
35 0 79250012 5705426 100560942 5705426 179810954
36 0 78855390 5705426 101443777 5705426 180299167
37 0 78208921 5705426 102344519 5705426 180553440
38 0 77594247 5705426 103227873 5705426 180822120
39 0 76953999 5705426 104111579 5705426 181065578
40 0 76331955 5705426 104996692 5705426 181328647
41 0 75702079 5705426 105869212 5705426 181571291
42 0 75086887 5705426 106741066 5705426 181827953
43 0 74454287 5705426 107637235 5705426 182091522
44 0 73822577 5705426 108511755 5705426 182334332
45 0 73205125 5705426 109391850 5705426 182596975
46 0 72466120 5705426 110374832 5705426 182840952
47 0 71829262 5705426 111266667 5705426 183095929
48 0 71188978 5705426 112150761 5705426 183339739
49 0 70551287 5705426 113043670 5705426 183594957
50 0 69936761 5705426 113925857 5705426 183862618
51 0 69315124 5705426 114797304 5705426 184112428
52 0 68666562 5705426 115699158 5705426 184365720
53 0 68029111 5705426 116578808 5705426 184607919
54 0 67411456 5705426 117451384 5705426 184862840
55 0 66752006 5705426 118352811 5705426 185104817
56 0 66146183 5705426 119219314 5705426 185365497
57 0 65490789 5705426 120136463 5705426 185627252
58 0 64837949 5705426 121037594 5705426 185875543
59 0 64181591 5705426 121947688 5705426 186129279
60 0 63541548 5705426 122831116 5705426 186372664
61 0 62912430 5705426 123715544 5705426 186627974
62 0 62294423 5705426 124590342 5705426 186884765
63 0 61685990 5705426 125465511 5705426 187151501
64 0 61046076 5705426 126360439 5705426 187406515
