1 0 13607969 5590539 324239953 5590539 337847922
2 0 12667134 5590539 325402580 5590539 338069714
1 0 12801076 5590546 429382495 5590546 442183571
2 0 11728577 5590546 430683804 5590546 442412381
1 0 6669117 5590553 502254366 5590553 508923483
2 0 6118497 5590553 502953261 5590553 509071758
1 0 13638153 5590560 696111437 5590560 709749590
2 0 12708097 5590560 697268730 5590560 709976827
1 0 12591840 5590567 860631783 5590567 873223623
2 0 11633876 5590567 861812854 5590567 873446730
1 0 9643301 5590574 996726853 5590575 6370154
2 0 8883149 5590574 997660965 5590575 6544114
1 0 6505990 5590582 22059291 5590582 28565281
2 0 6035017 5590582 22684224 5590582 28719241
1 0 10963240 5590589 326450333 5590589 337413573
2 0 10265105 5590589 327375519 5590589 337640624
1 0 9638099 5590596 506817564 5590596 516455663
2 0 8850298 5590596 507773047 5590596 516623345
1 0 9591655 5590603 676932551 5590603 686524206
2 0 8831965 5590603 677864738 5590603 686696703
1 0 12244957 5590610 781437585 5590610 793682542
2 0 11233494 5590610 782617822 5590610 793851316
1 0 12949685 5590617 940376316 5590617 953326001
2 0 11990351 5590617 941560905 5590617 953551256
1 0 12506100 5590625 121286147 5590625 133792247
2 0 11550303 5590625 122465440 5590625 134015743
1 0 9564914 5590632 356612212 5590632 366177126
2 0 8804484 5590632 357545065 5590632 366349549
1 0 6529305 5590639 511962759 5590639 518492064
2 0 6042572 5590639 512603933 5590639 518646505
1 0 9667005 5590646 726485472 5590646 736152477
2 0 8940630 5590646 727427454 5590646 736368084
1 0 12478730 5590653 892075902 5590653 904554632
2 0 11520508 5590653 893261676 5590653 904782184
1 0 9640043 5590661 66697081 5590661 76337124
2 0 8883464 5590661 67626268 5590661 76509732
1 0 12567692 5590668 231741152 5590668 244308844
2 0 11574747 5590668 232909056 5590668 244483803
1 0 9617821 5590675 456715633 5590675 466333454
2 0 8881686 5590675 457668190 5590675 466549876
1 0 10004573 5590682 566752917 5590682 576757490
2 0 9207088 5590682 567723269 5590682 576930357
1 0 6690412 5590689 661730121 5590689 668420533
2 0 6184033 5590689 662360146 5590689 668544179
1 0 12423194 5590696 871192514 5590696 883615708
2 0 11409343 5590696 872380603 5590696 883789946
1 0 9601246 5590704 27061844 5590704 36663090
2 0 8861724 5590704 27969734 5590704 36831458
1 0 6980759 5590711 202086511 5590711 209067270
2 0 6379492 5590711 202807739 5590711 209187231
1 0 12644319 5590718 371625718 5590718 384270037
2 0 11696079 5590718 372798936 5590718 384495015
1 0 12971073 5590725 481244090 5590725 494215163
2 0 12015775 5590725 482427457 5590725 494443232
1 0 12780502 5590732 664355509 5590732 677136011
2 0 11810242 5590732 665552042 5590732 677362284
1 0 12620672 5590739 800543073 5590739 813163745
2 0 11648376 5590739 801739032 5590739 813387408
1 0 6703208 5590746 932212696 5590746 938915904
2 0 6142608 5590746 932921331 5590746 939063939
