1 0 11031794 5590754 47368861 5590754 58400655
2 0 10290956 5590754 48291936 5590754 58582892
3 0 10018905 5590754 48725354 5590754 58744259
4 0 9745688 5590754 49139124 5590754 58884812
1 0 11008146 5590761 257005884 5590761 268014030
2 0 10234569 5590761 257959347 5590761 268193916
3 0 9954036 5590761 258399395 5590761 268353431
4 0 9770762 5590761 258807406 5590761 268578168
1 0 14505137 5590768 388816815 5590768 403321952
2 0 13569969 5590768 389992645 5590768 403562614
3 0 13105125 5590768 390670355 5590768 403775480
4 0 12751540 5590768 391219881 5590768 403971421
1 0 7604081 5590775 492124068 5590775 499728149
2 0 7025665 5590775 492821000 5590775 499846665
3 0 6841020 5590775 493113013 5590775 499954033
4 0 6801281 5590775 493381526 5590775 500182807
1 0 10997072 5590782 616822841 5590782 627819913
2 0 10258271 5590782 617742250 5590782 628000521
3 0 9985054 5590782 618173834 5590782 628158888
4 0 9717097 5590782 618585289 5590782 628302386
1 0 11018591 5590789 766515566 5590789 777534157
2 0 10270363 5590789 767445364 5590789 777715727
3 0 9991850 5590789 767885337 5590789 777877187
4 0 9722245 5590789 768298329 5590789 778020574
1 0 14486840 5590796 861211144 5590796 875697984
2 0 13494007 5590796 862444473 5590796 875938480
3 0 13152625 5590796 863000444 5590796 876153069
4 0 12788650 5590796 863558785 5590796 876347435
1 0 13700577 5590803 987106911 5590804 807488
2 0 13000647 5590803 988047226 5590804 1047873
3 0 12782187 5590803 988476441 5590804 1258628
4 0 12567043 5590803 988882915 5590804 1449958
1 0 10966591 5590811 197035361 5590811 208001952
2 0 10225698 5590811 197960381 5590811 208186079
3 0 9953925 5590811 198392447 5590811 208346372
4 0 9684949 5590811 198803235 5590811 208488184
1 0 15002294 5590818 310636103 5590818 325638397
2 0 14036220 5590818 311841247 5590818 325877467
3 0 13683560 5590818 312403440 5590818 326087000
4 0 13332936 5590818 312942727 5590818 326275663
1 0 11055034 5590825 506722984 5590825 517778018
2 0 10311363 5590825 507649615 5590825 517960978
3 0 10042590 5590825 508084773 5590825 518127363
4 0 9776021 5590825 508496525 5590825 518272546
1 0 10879389 5590832 636970699 5590832 647850088
2 0 10138274 5590832 637891348 5590832 648029622
3 0 9873483 5590832 638318710 5590832 648192193
4 0 9606857 5590832 638728555 5590832 648335412
1 0 11002128 5590839 817043755 5590839 828045883
2 0 10266475 5590839 817962849 5590839 828229324
3 0 9990239 5590839 818399452 5590839 828389691
4 0 9721522 5590839 818813889 5590839 828535411
1 0 14373064 5590846 991045714 5590847 5418778
2 0 13439879 5590846 992217321 5590847 5657200
3 0 13081182 5590846 992791940 5590847 5873122
4 0 12728725 5590846 993335115 5590847 6063840
1 0 14375584 5590854 171589470 5590854 185965054
2 0 13415139 5590854 172780929 5590854 186196068
3 0 13065089 5590854 173343382 5590854 186408471
4 0 12699800 5590854 173894168 5590854 186593968
1 0 14489933 5590861 288379393 5590861 302869326
2 0 13549932 5590861 289554853 5590861 303104785
3 0 13104699 5590861 290209452 5590861 303314151
4 0 12720040 5590861 290783756 5590861 303503796
1 0 14224382 5590868 391312495 5590868 405536877
2 0 13364288 5590868 392410159 5590868 405774447
3 0 13018034 5590868 392963927 5590868 405981961
4 0 12668930 5590868 393501676 5590868 406170606
1 0 10944277 5590875 537261751 5590875 548206028
2 0 10213365 5590875 538174863 5590875 548388228
3 0 9941980 5590875 538602541 5590875 548544521
4 0 9752707 5590875 539016144 5590875 548768851
1 0 10935777 5590882 646863291 5590882 657799068
2 0 10202680 5590882 647776792 5590882 657979472
3 0 9922000 5590882 648216358 5590882 658138358
4 0 9660468 5590882 648623628 5590882 658284096
1 0 10990684 5590889 797129639 5590889 808120323
2 0 10241327 5590889 798063844 5590889 808305171
3 0 9969406 5590889 798495299 5590889 808464705
4 0 9710078 5590889 798899217 5590889 808609295
1 0 11051942 5590896 887028351 5590896 898080293
2 0 10309067 5590896 887952704 5590896 898261771
3 0 10029665 5590896 888392788 5590896 898422453
4 0 9851001 5590896 888802151 5590896 898653152
1 0 10931240 5590904 67216222 5590904 78147462
2 0 10196143 5590904 68135408 5590904 78331551
3 0 9929537 5590904 68561196 5590904 78490733
4 0 9666078 5590904 68967152 5590904 78633230
1 0 11007017 5590911 217059913 5590911 228066930
2 0 10235401 5590911 218012877 5590911 228248278
3 0 9961499 5590911 218446998 5590911 228408497
4 0 9785984 5590911 218852083 5590911 228638067
1 0 11025091 5590918 316818035 5590918 327843126
2 0 10285363 5590918 317741611 5590918 328026974
3 0 10015758 5590918 318172954 5590918 328188712
4 0 9751503 5590918 318582484 5590918 328333987
1 0 11019165 5590925 406741095 5590925 417760260
2 0 10284085 5590925 407657412 5590925 417941497
3 0 10002887 5590925 408099052 5590925 418101939
4 0 9732707 5590925 408513970 5590925 418246677
1 0 14877907 5590932 561912838 5590932 576790745
2 0 13926055 5590932 563105834 5590932 577031889
3 0 13580876 5590932 563666157 5590932 577247033
4 0 13238734 5590932 564198295 5590932 577437029
1 0 14441082 5590939 740797077 5590939 755238159
2 0 13469563 5590939 742004017 5590939 755473580
3 0 13125218 5590939 742559414 5590939 755684632
4 0 12783280 5590939 743089756 5590939 755873036
1 0 10938500 5590946 917002675 5590946 927941175
2 0 10206235 5590946 917916510 5590946 928122745
3 0 9938018 5590946 918344891 5590946 928282909
4 0 9757466 5590946 918751865 5590946 928509331
1 0 13657189 5590954 141808823 5590954 155466012
2 0 12667078 5590954 142978912 5590954 155645990
3 0 12264882 5590954 143540920 5590954 155805802
4 0 11864260 5590954 144083910 5590954 155948170
1 0 15244863 5590961 294185246 5590961 309430109
2 0 14236512 5590961 295422111 5590961 309658623
3 0 13904666 5590961 295968805 5590961 309873471
4 0 13591283 5590961 296583738 5590961 310175021
