1 0 510580026 5764556 845575292 5764557 356155318
2 0 353549627 5764557 49014187 5764557 402563814
1 0 495938500 5764564 385592597 5764564 881531097
2 0 354829491 5764564 573000289 5764564 927829780
1 0 497669709 5764572 102416956 5764572 600086665
2 0 359852807 5764572 285773296 5764572 645626103
1 0 481168420 5764579 832836435 5764580 314004855
2 0 368617330 5764580 157274 5764580 368774604
1 0 510543194 5764587 560864790 5764588 71407984
2 0 342994970 5764587 771011784 5764588 114006754
1 0 501397603 5764595 342126794 5764595 843524397
2 0 368991323 5764595 531522541 5764595 900513864
1 0 517728098 5764603 89315666 5764603 607043764
2 0 368514498 5764603 284463326 5764603 652977824
1 0 504586396 5764610 842974864 5764611 347561260
2 0 368315817 5764611 31519960 5764611 399835777
1 0 479154013 5764618 355490880 5764618 834644893
2 0 350137078 5764618 528994828 5764618 879131906
1 0 526087573 5764626 122897491 5764626 648985064
2 0 371168302 5764626 321095279 5764626 692263581
