1 0 949466153 5764633 836873550 5764634 786339703
2 0 795869894 5764634 37350148 5764634 833220042
3 0 671747813 5764634 210723635 5764634 882471448
4 0 563456088 5764634 361655703 5764634 925111791
1 0 951534708 5764642 32254210 5764642 983788918
2 0 804894356 5764642 221851732 5764643 26746088
3 0 685416486 5764642 397222460 5764643 82638946
4 0 573794156 5764642 557427542 5764643 131221698
1 0 960649076 5764649 985277397 5764650 945926473
2 0 809209499 5764650 187752792 5764650 996962291
3 0 687571150 5764650 353475957 5764651 41047107
4 0 570657159 5764650 512349415 5764651 83006574
1 0 933605298 5764657 922885201 5764658 856490499
2 0 805881912 5764658 98293207 5764658 904175119
3 0 690630205 5764658 261011112 5764658 951641317
4 0 572024318 5764658 422434524 5764658 994458842
1 0 943910885 5764665 895715634 5764666 839626519
2 0 805095853 5764666 82002327 5764666 887098180
3 0 688450763 5764666 245144818 5764666 933595581
4 0 577120336 5764666 406123904 5764666 983244240
1 0 962092438 5764673 877606121 5764674 839698559
2 0 797129833 5764674 89458898 5764674 886588731
3 0 690419505 5764674 249514168 5764674 939933673
4 0 584563976 5764674 404599974 5764674 989163950
1 0 931891125 5764681 858615125 5764682 790506250
2 0 799147500 5764682 29816170 5764682 828963670
3 0 693605502 5764682 185459466 5764682 879064968
4 0 581594161 5764682 346748065 5764682 928342226
1 0 951043105 5764690 43163670 5764690 994206775
2 0 810985689 5764690 230942280 5764691 41927969
3 0 694756592 5764690 389514948 5764691 84271540
4 0 593520737 5764690 539051838 5764691 132572575
1 0 947380932 5764698 5811827 5764698 953192759
2 0 804841024 5764698 202984375 5764699 7825399
3 0 690057716 5764698 359864296 5764699 49922012
4 0 563573790 5764698 529570184 5764699 93143974
1 0 933439097 5764706 195796290 5764707 129235387
2 0 789853875 5764706 379533475 5764707 169387350
3 0 682020512 5764706 535316120 5764707 217336632
4 0 560626714 5764706 698462185 5764707 259088899
