1 36 448519970 5765547 895689131 5765584 344209101
2 36 293173411 5765548 101032472 5765584 394205883
3 36 182342103 5765548 260955652 5765584 443297755
4 36 56805604 5765548 434939331 5765584 491744935
5 35 944465528 5765548 600528407 5765584 544993935
6 35 832760496 5765548 758594917 5765584 591355413
7 35 724370162 5765548 919502208 5765584 643872370
8 35 616313693 5765549 71189613 5765584 687503306
9 35 493174612 5765549 240514249 5765584 733688861
10 35 370529948 5765549 410785942 5765584 781315890
11 35 259309277 5765549 568237908 5765584 827547185
12 35 146524007 5765549 728191642 5765584 874715649
13 35 41206930 5765549 882716570 5765584 923923500
14 34 933719895 5765550 38207535 5765584 971927430
15 34 818261895 5765550 201271805 5765585 19533700
16 34 703631324 5765550 362636013 5765585 66267337
17 34 588867756 5765550 527118109 5765585 115985865
18 34 484575754 5765550 682815014 5765585 167390768
19 34 363456673 5765550 842782823 5765585 206239496
20 34 237898970 5765551 19666153 5765585 257565123
21 34 123944240 5765551 178383336 5765585 302327576
22 34 3967841 5765551 349747379 5765585 353715220
23 33 890429602 5765551 512755446 5765585 403185048
24 33 776150748 5765551 672667440 5765585 448818188
25 33 667898207 5765551 833307533 5765585 501205740
26 33 554387227 5765551 996380636 5765585 550767863
27 33 433655380 5765552 162327519 5765585 595982899
28 33 312470820 5765552 329693802 5765585 642164622
29 33 207025265 5765552 486726479 5765585 693751744
30 33 100344843 5765552 652724066 5765585 753068909
31 32 988159339 5765552 814787520 5765585 802946859
32 32 876437474 5765552 976632868 5765585 853070342
33 32 757246821 5765553 144313868 5765585 901560689
34 32 643688712 5765553 303828240 5765585 947516952
35 32 539705778 5765553 463459314 5765586 3165092
36 32 412860043 5765553 636564862 5765586 49424905
37 32 294919090 5765553 795746388 5765586 90665478
38 32 180738381 5765553 962043802 5765586 142782183
39 32 73588821 5765554 129415696 5765586 203004517
40 31 957706550 5765554 295858293 5765586 253564843
41 31 842284384 5765554 458556532 5765586 300840916
42 31 738175786 5765554 623270642 5765586 361446428
43 31 626045280 5765554 777170414 5765586 403215694
44 31 515039532 5765554 937310608 5765586 452350140
45 31 383390589 5765555 111709484 5765586 495100073
46 31 274655836 5765555 276438038 5765586 551093874
47 31 164170078 5765555 436974428 5765586 601144506
48 31 57730301 5765555 595295341 5765586 653025642
49 30 931342743 5765555 771416148 5765586 702758891
50 30 800031146 5765555 946030057 5765586 746061203
51 30 680525277 5765556 120764667 5765586 801289944
52 30 563306958 5765556 280062506 5765586 843369464
53 30 448509778 5765556 443922058 5765586 892431836
54 30 329316348 5765556 613634112 5765586 942950460
55 30 209203434 5765556 779238076 5765586 988441510
56 30 93200593 5765556 945898927 5765587 39099520
57 29 985861535 5765557 101052510 5765587 86914045
58 29 866413054 5765557 266292369 5765587 132705423
59 29 758964554 5765557 423351398 5765587 182315952
60 29 639614552 5765557 592646701 5765587 232261253
61 29 531458140 5765557 750611324 5765587 282069464
62 29 421319894 5765557 908162603 5765587 329482497
63 29 303306107 5765558 74750808 5765587 378056915
64 29 184569279 5765558 243609138 5765587 428178417
65 29 63089798 5765558 407814683 5765587 470904481
66 28 944117751 5765558 577461461 5765587 521579212
67 28 824823379 5765558 742737356 5765587 567560735
68 28 700642872 5765558 911529280 5765587 612172152
69 28 575323776 5765559 88442665 5765587 663766441
70 28 465540691 5765559 252756245 5765587 718296936
71 28 345294168 5765559 417017678 5765587 762311846
72 28 237601525 5765559 581374572 5765587 818976097
73 28 90476813 5765559 763430843 5765587 853907656
74 27 981844854 5765559 930276636 5765587 912121490
75 27 867018546 5765560 92047911 5765587 959066457
76 27 747857319 5765560 253789464 5765588 1646783
77 27 621777477 5765560 429127786 5765588 50905263
78 27 496724933 5765560 598035225 5765588 94760158
79 27 380177527 5765560 765140902 5765588 145318429
80 27 270535530 5765560 929367873 5765588 199903403
81 27 161822925 5765561 90491678 5765588 252314603
82 27 44266946 5765561 257020495 5765588 301287441
83 26 921025644 5765561 423962046 5765588 344987690
84 26 812042285 5765561 588469844 5765588 400512129
85 26 700482269 5765561 749120510 5765588 449602779
86 26 584610702 5765561 907752066 5765588 492362768
87 26 468312754 5765562 71242180 5765588 539554934
88 26 350950993 5765562 243774127 5765588 594725120
89 26 238944300 5765562 403486644 5765588 642430944
90 26 116769221 5765562 574975684 5765588 691744905
91 25 992597605 5765562 742633424 5765588 735231029
92 25 868977959 5765562 910168093 5765588 779146052
93 25 754591624 5765563 71145550 5765588 825737174
94 25 639522340 5765563 239655793 5765588 879178133
95 25 529100691 5765563 396773673 5765588 925874364
96 25 425672839 5765563 555199362 5765588 980872201
97 25 300167359 5765563 724031284 5765589 24198643
98 25 184583435 5765563 888938353 5765589 73521788
99 25 71640574 5765564 51434930 5765589 123075504
100 24 941145000 5765564 229358129 5765589 170503129
101 24 827197287 5765564 388478231 5765589 215675518
102 24 702466458 5765564 561192879 5765589 263659337
103 24 589085179 5765564 719500273 5765589 308585452
104 24 469249668 5765564 886428527 5765589 355678195
105 24 355922647 5765565 41388095 5765589 397310742
106 24 245193485 5765565 210712805 5765589 455906290
107 24 407199145 5765565 379255122 5765589 786454267
108 29 334460032 5765565 549601739 5765594 884061771
109 29 234541876 5765565 704904615 5765594 939446491
110 29 106077338 5765565 876270620 5765594 982347958
111 29 225014830 5765566 46901676 5765595 271916506
112 28 825449330 5765566 203931520 5765595 29380850
113 28 935343765 5765566 381553411 5765595 316897176
114 28 526955539 5765566 548905787 5765595 75861326
115 23 37285063 5765566 706753264 5765589 744038327
116 22 820255401 5765566 875446207 5765589 695701608
117 28 331790510 5765567 31480922 5765595 363271432
118 28 203628411 5765567 199549359 5765595 403177770
119 27 771602029 5765567 355609424 5765595 127211453
120 27 657119530 5765567 519169129 5765595 176288659
121 27 536778934 5765567 686163049 5765595 222941983
122 27 748973650 5765567 862762310 5765595 611735960
123 21 465708053 5765568 33170963 5765589 498879016
124 21 346413439 5765568 197284510 5765589 543697949
125 21 230779387 5765568 367510851 5765589 598290238
126 27 160599281 5765568 542983521 5765595 703582802
127 27 37084800 5765568 712404267 5765595 749489067
128 26 925152606 5765568 873904639 5765595 799057245
1 36 507966096 5765653 605083024 5765690 113049120
2 36 360493743 5765653 795789413 5765690 156283156
3 36 240538658 5765653 968959423 5765690 209498081
4 36 128078400 5765654 131531646 5765690 259610046
5 36 10948764 5765654 296980094 5765690 307928858
6 35 876905033 5765654 471358637 5765690 348263670
7 35 770315610 5765654 630884750 5765690 401200360
8 35 663058200 5765654 789867891 5765690 452926091
9 35 546127320 5765654 958239526 5765690 504366846
10 35 436231958 5765655 117001005 5765690 553232963
11 35 315164728 5765655 281976573 5765690 597141301
12 35 208115759 5765655 436469797 5765690 644585556
13 35 91349190 5765655 602313349 5765690 693662539
14 34 981039633 5765655 757492634 5765690 738532267
15 34 848160584 5765655 941018675 5765690 789179259
16 34 741822786 5765656 98604268 5765690 840427054
17 34 618289935 5765656 273044050 5765690 891333985
18 34 503457942 5765656 438564034 5765690 942021976
19 34 392456194 5765656 590826799 5765690 983282993
20 34 279912492 5765656 754315024 5765691 34227516
21 34 164959798 5765656 914939561 5765691 79899359
22 34 51696924 5765657 74834519 5765691 126531443
23 33 951956468 5765657 226723347 5765691 178679815
24 33 826725463 5765657 396452290 5765691 223177753
25 33 724424350 5765657 551252324 5765691 275676674
26 33 608807705 5765657 714449054 5765691 323256759
27 33 482793863 5765657 885633211 5765691 368427074
28 33 363212772 5765658 53819757 5765691 417032529
29 33 256783753 5765658 213745085 5765691 470528838
30 33 145614749 5765658 370766558 5765691 516381307
31 33 34886884 5765658 529792532 5765691 564679416
32 32 914716009 5765658 705457588 5765691 620173597
33 32 789993994 5765658 879337529 5765691 669331523
34 32 667196093 5765659 41817439 5765691 709013532
35 32 563969960 5765659 201319645 5765691 765289605
36 32 445794770 5765659 365237121 5765691 811031891
37 32 331345769 5765659 528295910 5765691 859641679
38 32 214135320 5765659 691871374 5765691 906006694
39 32 108162664 5765659 851452634 5765691 959615298
40 31 989546963 5765660 15385166 5765692 4932129
41 31 877282219 5765660 175927908 5765692 53210127
42 31 750670943 5765660 345620204 5765692 96291147
43 31 644328183 5765660 503714917 5765692 148043100
44 31 522733038 5765660 667992701 5765692 190725739
45 31 404507051 5765660 835305467 5765692 239812518
46 31 287964720 5765660 996777766 5765692 284742486
47 31 177185392 5765661 156690224 5765692 333875616
48 31 65005944 5765661 317955008 5765692 382960952
49 30 958001306 5765661 479938150 5765692 437939456
50 30 827442641 5765661 652524003 5765692 479966644
51 30 714359134 5765661 812615439 5765692 526974573
52 30 603495216 5765661 972504916 5765692 576000132
53 30 480871849 5765662 140986863 5765692 621858712
54 30 368025652 5765662 302643511 5765692 670669163
55 30 256515321 5765662 462690799 5765692 719206120
56 30 150974730 5765662 626136136 5765692 777110866
57 30 32253531 5765662 787353792 5765692 819607323
58 29 914953510 5765662 953170548 5765692 868124058
59 29 806930669 5765663 111145690 5765692 918076359
60 29 696508446 5765663 271885984 5765692 968394430
61 29 560889059 5765663 452576188 5765693 13465247
62 29 429873569 5765663 632699013 5765693 62572582
63 29 322384385 5765663 798303273 5765693 120687658
64 29 207175806 5765663 963291452 5765693 170467258
65 29 98871526 5765664 117979506 5765693 216851032
66 28 972908313 5765664 286893409 5765693 259801722
67 28 854556052 5765664 461391856 5765693 315947908
68 28 742695393 5765664 620350406 5765693 363045799
69 28 619549832 5765664 786071441 5765693 405621273
70 28 486370047 5765664 965144657 5765693 451514704
71 28 371098914 5765665 131862007 5765693 502960921
72 28 250010573 5765665 293067497 5765693 543078070
73 28 125854438 5765665 465563241 5765693 591417679
74 28 13551546 5765665 624158093 5765693 637709639
75 27 881254432 5765665 797102680 5765693 678357112
76 27 772438458 5765665 961927973 5765693 734366431
77 27 659619613 5765666 124374347 5765693 783993960
78 27 543494829 5765666 289095605 5765693 832590434
79 27 425329138 5765666 450478295 5765693 875807433
80 27 312472830 5765666 613172331 5765693 925645161
81 27 196562914 5765666 783131899 5765693 979694813
82 27 78941954 5765666 941916470 5765694 20858424
83 26 957581637 5765667 111066535 5765694 68648172
84 26 832744718 5765667 282663610 5765694 115408328
85 26 721736376 5765667 441160446 5765694 162896822
86 26 610035288 5765667 606518285 5765694 216553573
87 26 487524993 5765667 773492556 5765694 261017549
88 26 374946014 5765667 934088853 5765694 309034867
89 26 254168186 5765668 106316454 5765694 360484640
90 26 141403451 5765668 261024878 5765694 402428329
91 26 22011043 5765668 436406291 5765694 458417334
92 25 913519637 5765668 593211713 5765694 506731350
93 25 794836270 5765668 758467295 5765694 553303565
94 25 679248087 5765668 924829004 5765694 604077091
95 25 569946549 5765669 83117287 5765694 653063836
96 25 455583843 5765669 253002876 5765694 708586719
97 25 327539945 5765669 425560971 5765694 753100916
98 25 200267683 5765669 599812293 5765694 800079976
99 25 77741054 5765669 766759454 5765694 844500508
100 24 965111816 5765669 931558859 5765694 896670675
101 24 853144253 5765670 92216284 5765694 945360537
102 24 736097152 5765670 255612807 5765694 991709959
103 24 625272438 5765670 419380471 5765695 44652909
104 24 496751234 5765670 590634905 5765695 87386139
105 24 378463990 5765670 759545808 5765695 138009798
106 24 250951991 5765670 931030533 5765695 181982524
107 24 139587545 5765671 93382205 5765695 232969750
108 24 7194042 5765671 270575159 5765695 277769201
109 23 891163349 5765671 440514672 5765695 331678021
110 23 771937882 5765671 604407371 5765695 376345253
111 23 660921504 5765671 765806190 5765695 426727694
112 23 544252749 5765671 929951588 5765695 474204337
113 23 422370053 5765672 104797085 5765695 527167138
114 23 303380025 5765672 271820245 5765695 575200270
115 23 188467701 5765672 442945051 5765695 631412752
116 23 69451988 5765672 607169226 5765695 676621214
117 22 946674291 5765672 773030314 5765695 719704605
118 22 828539710 5765672 939033086 5765695 767572796
119 22 716382686 5765673 102797565 5765695 819180251
120 22 590373789 5765673 279056535 5765695 869430324
121 22 480436853 5765673 434510446 5765695 914947299
122 22 351926798 5765673 609864896 5765695 961791694
123 22 230783126 5765673 782386621 5765696 13169747
124 22 121242886 5765673 941815514 5765696 63058400
125 21 993497447 5765674 114276369 5765696 107773816
126 21 873536808 5765674 280566117 5765696 154102925
127 21 764020309 5765674 442147581 5765696 206167890
128 21 644000838 5765674 605065020 5765696 249065858
1 36 315083580 5765760 395603325 5765796 710686905
2 36 166718650 5765760 590423009 5765796 757141659
3 36 64371760 5765760 742688404 5765796 807060164
4 35 944165385 5765760 909359700 5765796 853525085
5 35 830674997 5765761 71616577 5765796 902291574
6 35 729526806 5765761 224275595 5765796 953802401
7 35 613143009 5765761 388546361 5765797 1689370
8 35 486887616 5765761 562026401 5765797 48914017
9 35 367954958 5765761 729874787 5765797 97829745
10 35 253159076 5765761 892652876 5765797 145811952
11 35 141000441 5765762 51657499 5765797 192657940
12 35 24567477 5765762 216350202 5765797 240917679
13 34 890243492 5765762 393661135 5765797 283904627
14 34 782207559 5765762 546671090 5765797 328878649
15 34 668977925 5765762 714330905 5765797 383308830
16 34 537309799 5765762 890894963 5765797 428204762
17 34 419602100 5765763 62973362 5765797 482575462
18 34 304122916 5765763 228015836 5765797 532138752
19 34 186415494 5765763 392587782 5765797 579003276
20 34 72995438 5765763 553224745 5765797 626220183
21 33 960645825 5765763 712874652 5765797 673520477
22 33 845486875 5765763 874017976 5765797 719504851
23 33 724658179 5765764 40938637 5765797 765596816
24 33 604636540 5765764 210244755 5765797 814881295
25 33 491203651 5765764 370612019 5765797 861815670
26 33 389301031 5765764 526617771 5765797 915918802
27 33 261214431 5765764 699607413 5765797 960821844
28 33 141691432 5765764 870546612 5765798 12238044
29 33 26549074 5765765 28418533 5765798 54967607
30 32 906693822 5765765 193568098 5765798 100261920
31 32 802095085 5765765 349498462 5765798 151593547
32 32 684421034 5765765 516446956 5765798 200867990
33 32 554279008 5765765 692340138 5765798 246619146
34 32 439293130 5765765 853408648 5765798 292701778
35 32 318974034 5765766 24724951 5765798 343698985
36 32 202883009 5765766 186357006 5765798 389240015
37 32 92664394 5765766 343035838 5765798 435700232
38 31 978279430 5765766 504162866 5765798 482442296
39 31 872043686 5765766 661403780 5765798 533447466
40 31 755559001 5765766 822609677 5765798 578168678
41 31 645814563 5765766 985083569 5765798 630898132
42 31 534392507 5765767 148628589 5765798 683021096
43 31 411847082 5765767 321191925 5765798 733039007
44 31 296647245 5765767 485283138 5765798 781930383
45 31 197507813 5765767 640255132 5765798 837762945
46 31 75807670 5765767 804630544 5765798 880438214
47 30 961848698 5765767 963210970 5765798 925059668
48 30 852415976 5765768 129844508 5765798 982260484
49 30 729188397 5765768 301845131 5765799 31033528
50 30 622147556 5765768 463962345 5765799 86109901
51 30 510154123 5765768 622328627 5765799 132482750
52 30 391168040 5765768 789991997 5765799 181160037
53 30 272205068 5765768 954805549 5765799 227010617
54 30 154301446 5765769 118350033 5765799 272651479
55 30 42207644 5765769 279848109 5765799 322055753
56 29 937143730 5765769 436400147 5765799 373543877
57 29 820130906 5765769 597297013 5765799 417427919
58 29 714732110 5765769 751995752 5765799 466727862
59 29 610367832 5765769 913083095 5765799 523450927
60 29 488394212 5765770 78196308 5765799 566590520
61 29 373418443 5765770 242699867 5765799 616118310
62 29 253689800 5765770 416561715 5765799 670251515
63 29 137718661 5765770 579609541 5765799 717328202
64 29 29671581 5765770 735443536 5765799 765115117
65 28 920311265 5765770 893846929 5765799 814158194
66 28 807724489 5765771 52857163 5765799 860581652
67 28 691841997 5765771 221140577 5765799 912982574
68 28 576333331 5765771 386048480 5765799 962381811
69 28 458561374 5765771 553061751 5765800 11623125
70 28 353354093 5765771 713905913 5765800 67260006
71 28 234805798 5765771 874638189 5765800 109443987
72 28 117968083 5765772 42582554 5765800 160550637
73 28 382734 5765772 209494512 5765800 209877246
74 27 890832810 5765772 366156789 5765800 256989599
75 27 772571659 5765772 529878750 5765800 302450409
76 27 659914607 5765772 694102665 5765800 354017272
77 27 546328109 5765772 853232934 5765800 399561043
78 27 423635354 5765773 24118615 5765800 447753969
79 27 307476978 5765773 185853928 5765800 493330906
80 27 192457748 5765773 353014789 5765800 545472537
81 27 73795086 5765773 523356609 5765800 597151695
82 26 953160403 5765773 692657431 5765800 645817834
83 26 842504389 5765773 852342485 5765800 694846874
84 26 722080629 5765774 23566160 5765800 745646789
85 26 597115156 5765774 192947906 5765800 790063062
86 26 489752766 5765774 351541129 5765800 841293895
87 26 371572761 5765774 512929189 5765800 884501950
88 26 250092094 5765774 682952812 5765800 933044906
89 26 133983626 5765774 849517146 5765800 983500772
90 26 20630753 5765775 16997224 5765801 37627977
91 25 910688373 5765775 174771462 5765801 85459835
92 25 798066600 5765775 342708030 5765801 140774630
93 25 679869558 5765775 506202329 5765801 186071887
94 25 563731959 5765775 669594649 5765801 233326608
95 25 448875671 5765775 835386516 5765801 284262187
96 25 341865218 5765775 992241586 5765801 334106804
97 25 227030429 5765776 152712663 5765801 379743092
98 25 108643353 5765776 323088724 5765801 431732077
99 24 989645975 5765776 489794537 5765801 479440512
100 24 881135254 5765776 647088914 5765801 528224168
101 24 758635236 5765776 809632582 5765801 568267818
102 24 653191218 5765776 975819220 5765801 629010438
103 24 535462927 5765777 141788696 5765801 677251623
104 24 422124407 5765777 304637136 5765801 726761543
105 24 305492336 5765777 467321709 5765801 772814045
106 24 193934838 5765777 625669936 5765801 819604774
107 24 84009014 5765777 786045589 5765801 870054603
108 23 963003098 5765777 956062342 5765801 919065440
109 23 847598616 5765778 121355663 5765801 968954279
110 23 719823825 5765778 294547079 5765802 14370904
111 23 596149013 5765778 465180599 5765802 61329612
112 23 494471630 5765778 623719100 5765802 118190730
113 23 383972186 5765778 783368359 5765802 167340545
114 23 279953198 5765778 943344204 5765802 223297402
115 23 169252259 5765779 112083054 5765802 281335313
116 23 50740889 5765779 268126324 5765802 318867213
117 22 938622364 5765779 434602161 5765802 373224525
118 22 833154310 5765779 593064293 5765802 426218603
119 22 703350148 5765779 768496113 5765802 471846261
120 22 586346752 5765779 938072077 5765802 524418829
121 22 475096526 5765780 102276881 5765802 577373407
122 22 357554768 5765780 268748866 5765802 626303634
123 22 241024455 5765780 433069594 5765802 674094049
124 22 119522159 5765780 603779705 5765802 723301864
125 21 980740534 5765780 792272172 5765802 773012706
126 21 876505901 5765780 946631325 5765802 823137226
127 21 753919866 5765781 121725502 5765802 875645368
128 21 631852489 5765781 291607757 5765802 923460246
1 36 231818775 5765867 644913438 5765903 876732213
2 36 91272605 5765867 839322035 5765903 930594640
3 35 985169574 5765867 995068960 5765903 980238534
4 35 865034637 5765868 159027825 5765904 24062462
5 35 743786109 5765868 322250704 5765904 66036813
6 35 642393342 5765868 473317253 5765904 115710595
7 35 517603991 5765868 647511929 5765904 165115920
8 35 414668289 5765868 803099598 5765904 217767887
9 35 308932604 5765868 952820764 5765904 261753368
10 35 188991274 5765869 124186270 5765904 313177544
11 35 77805041 5765869 281839030 5765904 359644071
12 34 957573605 5765869 448133537 5765904 405707142
13 34 842482537 5765869 612368453 5765904 454850990
14 34 729907219 5765869 775952029 5765904 505859248
15 34 614390604 5765869 943462791 5765904 557853395
16 34 500868136 5765870 106266437 5765904 607134573
17 34 387187504 5765870 268141786 5765904 655329290
18 34 275721703 5765870 423144058 5765904 698865761
19 34 162748465 5765870 583040166 5765904 745788631
20 34 59168980 5765870 736121103 5765904 795290083
21 33 953171966 5765870 895790548 5765904 848962514
22 33 845964918 5765871 54561528 5765904 900526446
23 33 725480321 5765871 222710723 5765904 948191044
24 33 615921909 5765871 382910399 5765904 998832308
25 33 481100132 5765871 568722767 5765905 49822899
26 33 368749440 5765871 730838166 5765905 99587606
27 33 252247138 5765871 897472075 5765905 149719213
28 33 130071461 5765872 65665399 5765905 195736860
29 33 18287850 5765872 232116755 5765905 250404605
30 32 895402631 5765872 400764718 5765905 296167349
31 32 768808906 5765872 574554401 5765905 343363307
32 32 663242531 5765872 729926648 5765905 393169179
33 32 551795173 5765872 892042659 5765905 443837832
34 32 444968914 5765873 47288538 5765905 492257452
35 32 339195210 5765873 202636897 5765905 541832107
36 32 231783203 5765873 361801296 5765905 593584499
37 32 127161274 5765873 522773328 5765905 649934602
38 32 19112631 5765873 682055132 5765905 701167763
39 31 896993156 5765873 849415971 5765905 746409127
40 31 789180935 5765874 6519056 5765905 795699991
41 31 668326640 5765874 172669474 5765905 840996114
42 31 538263702 5765874 349903389 5765905 888167091
43 31 429795844 5765874 507658351 5765905 937454195
44 31 321647498 5765874 670457609 5765905 992105107
45 31 211975423 5765874 831258625 5765906 43234048
46 31 97768856 5765874 991920719 5765906 89689575
47 30 978264277 5765875 163175227 5765906 141439504
48 30 865013713 5765875 318777895 5765906 183791608
49 30 752966125 5765875 481337879 5765906 234304004
50 30 644767003 5765875 638914937 5765906 283681940
51 30 535225258 5765875 801643418 5765906 336868676
52 30 430346149 5765875 959272475 5765906 389618624
53 30 305149156 5765876 131128065 5765906 436277221
54 30 196192067 5765876 286440220 5765906 482632287
55 30 72711284 5765876 460426474 5765906 533137758
56 29 962037171 5765876 623378210 5765906 585415381
57 29 854235059 5765876 777332521 5765906 631567580
58 29 732246842 5765876 948817987 5765906 681064829
59 29 614218365 5765877 111651763 5765906 725870128
60 29 505138370 5765877 271697053 5765906 776835423
61 29 391534848 5765877 434905951 5765906 826440799
62 29 267405837 5765877 602880964 5765906 870286801
63 29 157800667 5765877 762519799 5765906 920320466
64 29 43357050 5765877 922451757 5765906 965808807
65 28 937574550 5765878 84175868 5765907 21750418
66 28 814676015 5765878 249933886 5765907 64609901
67 28 699753388 5765878 413447685 5765907 113201073
68 28 600722670 5765878 566263591 5765907 166986261
69 28 481740526 5765878 733055256 5765907 214795782
70 28 365668234 5765878 897409911 5765907 263078145
71 28 249365096 5765879 62127003 5765907 311492099
72 28 131625837 5765879 229569989 5765907 361195826
73 28 13820577 5765879 396079956 5765907 409900533
74 27 893107836 5765879 564631736 5765907 457739572
75 27 791721402 5765879 719273497 5765907 510994899
76 27 668245490 5765879 886157160 5765907 554402650
77 27 562195827 5765880 51006102 5765907 613201929
78 27 441203814 5765880 214362367 5765907 655566181
79 27 331343092 5765880 372604765 5765907 703947857
80 27 234151006 5765880 527316136 5765907 761467142
81 27 115177899 5765880 688933730 5765907 804111629
82 26 995683450 5765880 850978520 5765907 846661970
83 26 881921412 5765881 15774389 5765907 897695801
84 26 767337835 5765881 176388094 5765907 943725929
85 26 657137287 5765881 336112131 5765907 993249418
86 26 529295362 5765881 513878574 5765908 43173936
87 26 421306329 5765881 672409096 5765908 93715425
88 26 301118707 5765881 842459293 5765908 143578000
89 26 193809346 5765882 2499028 5765908 196308374
90 26 79168307 5765882 173112714 5765908 252281021
91 25 983248772 5765882 333485424 5765908 316734196
92 25 865678156 5765882 502737692 5765908 368415848
93 25 755655883 5765882 655856759 5765908 411512642
94 25 638343430 5765882 832709385 5765908 471052815
95 25 518909997 5765882 999334887 5765908 518244884
96 25 397387456 5765883 163410676 5765908 560798132
97 25 276696639 5765883 331928995 5765908 608625634
98 25 158751290 5765883 498956063 5765908 657707353
99 25 30358802 5765883 673989834 5765908 704348636
100 24 919523711 5765883 832848257 5765908 752371968
101 24 799668490 5765883 999224115 5765908 798892605
102 24 683558292 5765884 161895394 5765908 845453686
103 24 561457872 5765884 335167439 5765908 896625311
104 24 439545875 5765884 508932715 5765908 948478590
105 29 850611723 5765884 672340962 5765914 522952685
106 29 732650504 5765884 839745356 5765914 572395860
107 30 190139039 5765885 638760 5765915 190777799
108 24 277921041 5765885 166213504 5765909 444134545
109 24 67331559 5765885 332852357 5765909 400183916
110 29 120450584 5765885 492014552 5765914 612465136
111 29 13128038 5765885 654711330 5765914 667839368
112 23 174219922 5765885 823392534 5765908 997612456
113 23 62438256 5765885 991478064 5765909 53916320
114 28 608331011 5765886 154057548 5765914 762388559
115 28 481423606 5765886 323658439 5765914 805082045
116 28 507033761 5765886 486452808 5765914 993486569
117 22 708027979 5765886 644949961 5765909 352977940
118 22 486628752 5765886 811046398 5765909 297675150
119 27 883566011 5765886 969579235 5765914 853145246
120 27 770170282 5765887 132063017 5765914 902233299
121 27 749693385 5765887 293898811 5765915 43592196
122 21 637161844 5765887 466035062 5765909 103196906
123 21 539608542 5765887 623302386 5765909 162910928
124 27 539749428 5765887 794253696 5765915 334003124
125 21 300885823 5765887 958163507 5765909 259049330
126 21 82639908 5765888 122762435 5765909 205402343
127 27 100857237 5765888 279954482 5765915 380811719
128 26 974996313 5765888 454481967 5765915 429478280
1 36 786233702 5765974 455120782 5766011 241354484
2 36 632243427 5765974 664437958 5766011 296681385
3 36 509371779 5765974 838020055 5766011 347391834
4 36 395789607 5765975 1580616 5766011 397370223
5 36 290216157 5765975 158995235 5766011 449211392
6 36 179980608 5765975 319922307 5766011 499902915
7 36 63145941 5765975 487020821 5766011 550166762
8 35 952937076 5765975 651222722 5766011 604159798
9 35 843689342 5765975 809828393 5766011 653517735
10 35 737078393 5765975 973512636 5766011 710591029
11 35 626248318 5765976 141595632 5766011 767843950
12 35 506649961 5765976 307837958 5766011 814487919
13 35 393065178 5765976 469681513 5766011 862746691
14 35 260775853 5765976 652190167 5766011 912966020
15 35 138975925 5765976 822893596 5766011 961869521
16 35 31721895 5765976 975637524 5766012 7359419
17 34 914535179 5765977 144915534 5766012 59450713
18 34 807963654 5765977 302643703 5766012 110607357
19 34 689615201 5765977 471265188 5766012 160880389
20 34 565925290 5765977 644042782 5766012 209968072
21 34 442236360 5765977 810690267 5766012 252926627
22 34 330923868 5765977 976490731 5766012 307414599
23 34 220436102 5765978 138645132 5766012 359081234
24 34 112619008 5765978 299614686 5766012 412233694
25 34 5048688 5765978 459262078 5766012 464310766
26 33 896974432 5765978 620807306 5766012 517781738
27 33 783204578 5765978 784947023 5766012 568151601
28 33 671769773 5765978 944153776 5766012 615923549
29 33 549283210 5765979 113257993 5766012 662541203
30 33 429018625 5765979 282762610 5766012 711781235
31 33 327261845 5765979 436130619 5766012 763392464
32 33 222648784 5765979 595083488 5766012 817732272
33 33 98459494 5765979 765200631 5766012 863660125
34 32 974271240 5765979 933109463 5766012 907380703
35 32 864295131 5765980 92782336 5766012 957077467
36 32 749249764 5765980 257250621 5766013 6500385
37 32 633398745 5765980 420772201 5766013 54170946
38 32 524379451 5765980 575351484 5766013 99730935
39 32 395134698 5765980 749342130 5766013 144476828
40 32 285132034 5765980 910334831 5766013 195466865
41 32 174791894 5765981 73012334 5766013 247804228
42 32 65908431 5765981 228618135 5766013 294526566
43 31 947045598 5765981 395910608 5766013 342956206
44 31 815361372 5765981 573989807 5766013 389351179
45 31 704564629 5765981 734631089 5766013 439195718
46 31 594428745 5765981 898008857 5766013 492437602
47 31 483791592 5765982 61877968 5766013 545669560
48 31 367311918 5765982 223189126 5766013 590501044
49 31 254255737 5765982 390760186 5766013 645015923
50 31 134648917 5765982 556049974 5766013 690698891
51 31 11065355 5765982 725847846 5766013 736913201
52 30 882198763 5765982 898119986 5766013 780318749
53 30 766410114 5765983 65860580 5766013 832270694
54 30 647578908 5765983 236121999 5766013 883700907
55 30 527901849 5765983 409893500 5766013 937795349
56 30 410901870 5765983 573027606 5766013 983929476
57 30 301713839 5765983 732931438 5766014 34645277
58 30 170487660 5765983 912961138 5766014 83448798
59 30 45003060 5765984 85874100 5766014 130877160
60 29 919927694 5765984 257538103 5766014 177465797
61 29 800162969 5765984 433012166 5766014 233175135
62 29 681445503 5765984 593674280 5766014 275119783
63 29 580181565 5765984 761327858 5766014 341509423
64 29 452222715 5765984 932008602 5766014 384231317
65 29 338195496 5765985 96806862 5766014 435002358
66 29 214843597 5765985 268148723 5766014 482992320
67 29 98799007 5765985 427818505 5766014 526617512
68 28 975584587 5765985 594824298 5766014 570408885
69 28 862381704 5765985 759401822 5766014 621783526
70 28 746501242 5765985 920638666 5766014 667139908
71 28 623215879 5765986 91152524 5766014 714368403
72 28 498449247 5765986 261164410 5766014 759613657
73 28 380623524 5765986 429308423 5766014 809931947
74 28 281094461 5765986 581685877 5766014 862780338
75 28 160063371 5765986 755471934 5766014 915535305
76 28 19766731 5765986 942788628 5766014 962555359
77 27 907917563 5765987 102667128 5766015 10584691
78 27 793234042 5765987 268854214 5766015 62088256
79 27 680078028 5765987 432970598 5766015 113048626
80 27 561871292 5765987 595468161 5766015 157339453
81 27 454444839 5765987 752689247 5766015 207134086
82 27 333796502 5765987 919632263 5766015 253428765
83 27 211711599 5765988 84795776 5766015 296507375
84 27 90886801 5765988 254506168 5766015 345392969
85 26 971628549 5765988 422777308 5766015 394405857
86 26 861661624 5765988 586001264 5766015 447662888
87 26 741196543 5765988 757082556 5766015 498279099
88 26 635345893 5765988 917020518 5766015 552366411
89 26 508838960 5765989 81791094 5766015 590630054
90 26 396224085 5765989 242942681 5766015 639166766
91 26 275978628 5765989 417538167 5766015 693516795
92 26 149287569 5765989 592251744 5766015 741539313
93 26 40091148 5765989 753569643 5766015 793660791
94 25 922744325 5765989 919253349 5766015 841997674
95 25 811763844 5765990 76805559 5766015 888569403
96 25 691236819 5765990 251856370 5766015 943093189
97 25 571627202 5765990 421539318 5766015 993166520
98 25 447798424 5765990 591771477 5766016 39569901
99 25 320856239 5765990 764189671 5766016 85045910
100 25 206608913 5765990 927753954 5766016 134362867
101 25 85675006 5765991 98183351 5766016 183858357
102 24 975863116 5765991 257286939 5766016 233150055
103 24 856613253 5765991 426412452 5766016 283025705
104 24 738329759 5765991 592570725 5766016 330900484
105 24 626668218 5765991 758350819 5766016 385019037
106 24 498821699 5765991 932146357 5766016 430968056
107 24 386682796 5765992 98280148 5766016 484962944
108 24 263508672 5765992 265292441 5766016 528801113
109 24 138272808 5765992 434639803 5766016 572912611
110 24 11184090 5765992 605063051 5766016 616247141
111 23 884659861 5765992 782729314 5766016 667389175
112 23 773021300 5765992 947573907 5766016 720595207
113 23 653922378 5765993 109241763 5766016 763164141
114 23 542947805 5765993 269089837 5766016 812037642
115 23 421443057 5765993 440580807 5766016 862023864
116 23 294042919 5765993 611056295 5766016 905099214
117 23 185262046 5765993 769959332 5766016 955221378
118 23 58635578 5765993 946767370 5766017 5402948
119 22 947966223 5765994 112299116 5766017 60265339
120 22 823125203 5765994 283854437 5766017 106979640
121 22 690047651 5765994 463044468 5766017 153092119
122 22 577949062 5765994 628057780 5766017 206006842
123 22 472921231 5765994 789419511 5766017 262340742
124 22 355665849 5765994 949657801 5766017 305323650
125 22 243948716 5765995 114819832 5766017 358768548
126 22 122066938 5765995 286888939 5766017 408955877
127 22 10720872 5765995 448862141 5766017 459583013
128 21 885702134 5765995 618062320 5766017 503764454
1 36 705296553 5766080 787033553 5766117 492330106
2 36 543198166 5766081 113921 5766117 543312087
3 36 435628160 5766081 157296324 5766117 592924484
4 36 325414664 5766081 313195548 5766117 638610212
5 36 204231890 5766081 483348155 5766117 687580045
6 36 98298223 5766081 642826720 5766117 741124943
7 35 981374259 5766081 811885663 5766117 793259922
8 35 870327501 5766081 971314321 5766117 841641822
9 35 756206949 5766082 132938049 5766117 889144998
10 35 641744920 5766082 292557945 5766117 934302865
11 35 525361669 5766082 460540130 5766117 985901799
12 35 406102082 5766082 624454649 5766118 30556731
13 35 273098287 5766082 805049989 5766118 78148276
14 35 165286636 5766082 963414500 5766118 128701136
15 35 36736887 5766083 139642662 5766118 176379549
16 34 915244249 5766083 311005155 5766118 226249404
17 34 800260749 5766083 479101486 5766118 279362235
18 34 672756018 5766083 657407535 5766118 330163553
19 34 559357082 5766083 825931395 5766118 385288477
20 34 443661985 5766083 993260499 5766118 436922484
21 34 334890703 5766084 147390533 5766118 482281236
22 34 216749059 5766084 316292923 5766118 533041982
23 34 102406343 5766084 476265423 5766118 578671766
24 33 990113016 5766084 636420753 5766118 626533769
25 33 881759096 5766084 799429901 5766118 681188997
26 33 772786912 5766084 955360253 5766118 728147165
27 33 651608619 5766085 121159997 5766118 772768616
28 33 540103204 5766085 282003073 5766118 822106277
29 33 412945503 5766085 452625395 5766118 865570898
30 33 308995854 5766085 614639746 5766118 923635600
31 33 195233906 5766085 776872074 5766118 972105980
32 33 74552030 5766085 944898129 5766119 19450159
33 32 957765768 5766086 114611707 5766119 72377475
34 32 845849711 5766086 277094902 5766119 122944613
35 32 739136910 5766086 433407136 5766119 172544046
36 32 621560422 5766086 594922070 5766119 216482492
37 32 505395981 5766086 759487633 5766119 264883614
38 32 385647144 5766086 929061307 5766119 314708451
39 32 270685754 5766087 93849089 5766119 364534843
40 32 159428112 5766087 249139879 5766119 408567991
41 32 42643738 5766087 415940993 5766119 458584731
42 31 922002472 5766087 583133767 5766119 505136239
43 31 809155081 5766087 742697182 5766119 551852263
44 31 692067824 5766087 907436334 5766119 599504158
45 31 578629629 5766088 74419593 5766119 653049222
46 31 459461855 5766088 243893584 5766119 703355439
47 31 343954328 5766088 411113765 5766119 755068093
48 31 226179010 5766088 574430147 5766119 800609157
49 31 106509523 5766088 746799343 5766119 853308866
50 30 991246547 5766088 909145077 5766119 900391624
51 30 858077069 5766089 82531995 5766119 940609064
52 30 744835203 5766089 252465163 5766119 997300366
53 30 652766983 5766089 397569568 5766120 50336551
54 30 530998368 5766089 571200982 5766120 102199350
55 30 428901148 5766089 732631510 5766120 161532658
56 30 311781873 5766089 895136167 5766120 206918040
57 30 189176330 5766090 64251738 5766120 253428068
58 30 66052758 5766090 234428975 5766120 300481733
59 29 951715432 5766090 392617860 5766120 344333292
60 29 836562823 5766090 555349439 5766120 391912262
61 29 721656119 5766090 721042481 5766120 442698600
62 29 598364773 5766090 889825836 5766120 488190609
63 29 494189109 5766091 45039351 5766120 539228460
64 29 373610140 5766091 211011091 5766120 584621231
65 29 251582382 5766091 376893889 5766120 628476271
66 29 126911339 5766091 555153717 5766120 682065056
67 29 9781860 5766091 721151032 5766120 730932892
68 28 887546254 5766091 886556283 5766120 774102537
69 28 768817731 5766092 54288213 5766120 823105944
70 28 656270371 5766092 218624096 5766120 874894467
71 28 534187799 5766092 387949682 5766120 922137481
72 28 417799714 5766092 550389636 5766120 968189350
73 28 290372481 5766092 724213917 5766121 14586398
74 28 182086247 5766092 887003624 5766121 69089871
75 28 75727420 5766093 41232749 5766121 116960169
76 27 961843807 5766093 199604001 5766121 161447808
77 27 840498389 5766093 365653666 5766121 206152055
78 27 712398113 5766093 541242618 5766121 253640731
79 27 593947770 5766093 709973289 5766121 303921059
80 27 483302653 5766093 872759385 5766121 356062038
81 27 372317301 5766094 35005565 5766121 407322866
82 27 257802922 5766094 202299189 5766121 460102111
83 27 139190323 5766094 366379928 5766121 505570251
84 27 25197489 5766094 527115118 5766121 552312607
85 26 901186287 5766094 698587997 5766121 599774284
86 26 790933811 5766094 863330020 5766121 654263831
87 26 674999531 5766095 22657755 5766121 697657286
88 26 554734333 5766095 192650884 5766121 747385217
89 26 438833869 5766095 363925267 5766121 802759136
90 26 321132550 5766095 535198891 5766121 856331441
91 26 201972164 5766095 701202835 5766121 903174999
92 26 81772352 5766095 870434146 5766121 952206498
93 25 967004257 5766096 30965487 5766121 997969744
94 25 849982998 5766096 195527162 5766122 45510160
95 25 728925500 5766096 365059040 5766122 93984540
96 25 610746726 5766096 532392015 5766122 143138741
97 25 487814761 5766096 705621622 5766122 193436383
98 25 375939853 5766096 867671157 5766122 243611010
99 25 257673043 5766097 37820099 5766122 295493142
100 25 129112090 5766097 212676768 5766122 341788858
101 25 18479621 5766097 374585399 5766122 393065020
102 24 905563027 5766097 539715637 5766122 445278664
103 24 794062944 5766097 696074593 5766122 490137537
104 24 674964076 5766097 859315292 5766122 534279368
105 24 555034539 5766098 30187108 5766122 585221647
106 24 449000706 5766098 187017296 5766122 636018002
107 24 332513586 5766098 347406326 5766122 679919912
108 24 203807340 5766098 522933557 5766122 726740897
109 24 80484643 5766098 690894131 5766122 771378774
110 23 959174908 5766098 861476657 5766122 820651565
111 23 851432496 5766099 23349307 5766122 874781803
112 23 717618771 5766099 207755021 5766122 925373792
113 23 587901285 5766099 379882185 5766122 967783470
114 23 481834768 5766099 541516747 5766123 23351515
115 23 361696900 5766099 713209642 5766123 74906542
116 23 257337093 5766099 872342972 5766123 129680065
117 23 120623309 5766100 52699373 5766123 173322682
118 23 134856 5766100 222575727 5766123 222710583
119 22 886771234 5766100 396498468 5766123 283269702
120 22 754413241 5766100 572039754 5766123 326452995
121 22 640519702 5766100 737333286 5766123 377852988
122 22 518376390 5766100 901542189 5766123 419918579
123 22 405513832 5766101 63987162 5766123 469500994
124 22 291836697 5766101 223990939 5766123 515827636
125 22 178580720 5766101 388477671 5766123 567058391
126 22 44795809 5766101 569773980 5766123 614569789
127 21 936212895 5766101 731419671 5766123 667632566
128 21 810913456 5766101 902952050 5766123 713865506
1 36 325884353 5766187 994872091 5766224 320756444
2 36 170585024 5766188 192868037 5766224 363453061
3 36 48312621 5766188 363331289 5766224 411643910
4 35 939509173 5766188 522146034 5766224 461655207
5 35 825947405 5766188 679213015 5766224 505160420
6 35 699864998 5766188 852576158 5766224 552441156
7 35 588798387 5766189 8616992 5766224 597415379
8 35 474451670 5766189 170861915 5766224 645313585
9 35 359348801 5766189 335470516 5766224 694819317
10 35 239913179 5766189 498556756 5766224 738469935
11 35 122008824 5766189 662727810 5766224 784736634
12 35 22046657 5766189 812003287 5766224 834049944
13 34 898518481 5766189 987947530 5766224 886466011
14 34 790690995 5766190 144952624 5766224 935643619
15 34 657270020 5766190 312930163 5766224 970200183
16 34 555738567 5766190 474888054 5766225 30626621
17 34 431343277 5766190 642254659 5766225 73597936
18 34 316513440 5766190 808496582 5766225 125010022
19 34 208162964 5766190 964821170 5766225 172984134
20 34 103478217 5766191 124319088 5766225 227797305
21 33 989099946 5766191 292657268 5766225 281757214
22 33 875595140 5766191 453918542 5766225 329513682
23 33 766451660 5766191 615059596 5766225 381511256
24 33 648235200 5766191 773161762 5766225 421396962
25 33 534820540 5766191 938822900 5766225 473643440
26 33 411881761 5766192 111054767 5766225 522936528
27 33 307887797 5766192 269419261 5766225 577307058
28 33 201801705 5766192 421225600 5766225 623027305
29 33 77640226 5766192 592944495 5766225 670584721
30 32 965747704 5766192 749306138 5766225 715053842
31 32 857376230 5766192 909292565 5766225 766668795
32 32 732426598 5766193 80658152 5766225 813084750
33 32 621548391 5766193 240689005 5766225 862237396
34 32 494976698 5766193 409085628 5766225 904062326
35 32 388472558 5766193 565900948 5766225 954373506
36 32 273967474 5766193 728004429 5766226 1971903
37 32 157466612 5766193 889020967 5766226 46487579
38 32 41349854 5766194 55616124 5766226 96965978
39 31 940820456 5766194 212383166 5766226 153203622
40 31 822120709 5766194 382237948 5766226 204358657
41 31 711691660 5766194 541424483 5766226 253116143
42 31 592344870 5766194 701334875 5766226 293679745
43 31 477563716 5766194 865578372 5766226 343142088
44 31 353566827 5766195 35605724 5766226 389172551
45 31 245907857 5766195 202596170 5766226 448504027
46 31 131805746 5766195 361513007 5766226 493318753
47 31 25262979 5766195 522665764 5766226 547928743
48 30 902855207 5766195 690930872 5766226 593786079
49 30 791263459 5766195 853304329 5766226 644567788
50 30 674022203 5766196 15835413 5766226 689857616
51 30 570530748 5766196 174034485 5766226 744565233
52 30 449348269 5766196 337704993 5766226 787053262
53 30 328099365 5766196 505485517 5766226 833584882
54 30 222254750 5766196 662189968 5766226 884444718
55 30 104689797 5766196 823081749 5766226 927771546
56 29 998122715 5766196 984533501 5766226 982656216
57 29 883896070 5766197 147354135 5766227 31250205
58 29 763377319 5766197 313923126 5766227 77300445
59 29 642659332 5766197 480493043 5766227 123152375
60 29 522373595 5766197 645343214 5766227 167716809
61 29 395418167 5766197 820940186 5766227 216358353
62 29 272968620 5766197 987698543 5766227 260667163
63 29 161709660 5766198 151895671 5766227 313605331
64 29 51948136 5766198 311743916 5766227 363692052
65 28 935618086 5766198 474170780 5766227 409788866
66 28 814569901 5766198 642713475 5766227 457283376
67 28 696539605 5766198 806624255 5766227 503163860
68 28 574435088 5766198 972406353 5766227 546841441
69 28 457173906 5766199 141717127 5766227 598891033
70 28 344411345 5766199 300760850 5766227 645172195
71 28 220739801 5766199 472938533 5766227 693678334
72 28 108994073 5766199 632787945 5766227 741782018
73 27 990108848 5766199 803084181 5766227 793193029
74 27 867316380 5766199 974376474 5766227 841692854
75 27 761624078 5766200 132962742 5766227 894586820
76 27 643518209 5766200 299242349 5766227 942760558
77 27 539776426 5766200 462748489 5766228 2524915
78 27 412555743 5766200 633272648 5766228 45828391
79 27 293415781 5766200 796717234 5766228 90133015
80 27 183653110 5766200 968173449 5766228 151826559
81 27 69325782 5766201 130613905 5766228 199939687
82 26 944662904 5766201 298136860 5766228 242799764
83 26 821301502 5766201 472359802 5766228 293661304
84 26 710695605 5766201 628409636 5766228 339105241
85 26 594340296 5766201 795266103 5766228 389606399
86 26 475740399 5766201 963394028 5766228 439134427
87 26 359902024 5766202 128693135 5766228 488595159
88 26 256306757 5766202 287122665 5766228 543429422
89 26 146710212 5766202 448834190 5766228 595544402
90 26 30027687 5766202 604554771 5766228 634582458
91 25 910439086 5766202 782819360 5766228 693258446
92 25 785448621 5766202 950905268 5766228 736353889
93 25 659481879 5766203 125647478 5766228 785129357
94 25 535718133 5766203 297991065 5766228 833709198
95 25 417387842 5766203 467508576 5766228 884896418
96 25 297821889 5766203 632925458 5766228 930747347
97 25 188565114 5766203 794362415 5766228 982927529
98 25 78141937 5766203 952988256 5766229 31130193
99 24 962644555 5766204 113202310 5766229 75846865
100 24 849975956 5766204 280457862 5766229 130433818
101 24 735769162 5766204 438845634 5766229 174614796
102 24 610139765 5766204 612922801 5766229 223062566
103 24 495550331 5766204 777747213 5766229 273297544
104 24 382701790 5766204 935694697 5766229 318396487
105 24 270272705 5766205 99563349 5766229 369836054
106 29 459068843 5766205 266844586 5766234 725913429
107 29 329660054 5766205 442724441 5766234 772384495
108 29 232663423 5766205 592698684 5766234 825362107
109 29 98868751 5766205 765972736 5766234 864841487
110 28 985272798 5766205 929224122 5766234 914496920
111 29 62138469 5766206 93128995 5766235 155267464
112 28 947908917 5766206 251907575 5766235 199816492
113 23 341993259 5766206 424476399 5766229 766469658
114 23 125585337 5766206 592669046 5766229 718254383
115 28 211546601 5766206 754011874 5766234 965558475
116 22 506870956 5766206 916725640 5766229 423596596
117 22 396987008 5766207 79209244 5766229 476196252
118 28 55591711 5766207 247881048 5766235 303472759
119 27 944198625 5766207 405019102 5766235 349217727
120 27 824937443 5766207 573223822 5766235 398161265
121 27 704849740 5766207 741367062 5766235 446216802
122 21 764012243 5766207 907962608 5766229 671974851
123 21 548592545 5766208 75586616 5766229 624179161
124 27 391499707 5766208 242670598 5766235 634170305
125 27 292148676 5766208 393443585 5766235 685592261
126 20 976946143 5766208 551527678 5766229 528473821
127 20 859192842 5766208 718339516 5766229 577532358
128 26 945720514 5766208 886184169 5766235 831904683
1 36 159660419 5766293 822908679 5766329 982569098
2 36 19426588 5766294 12627428 5766330 32054016
3 35 909848059 5766294 173106626 5766330 82954685
4 35 799440269 5766294 328085351 5766330 127525620
5 35 684335121 5766294 497330516 5766330 181665637
6 35 578040995 5766294 654400369 5766330 232441364
7 35 466748814 5766294 813024786 5766330 279773600
8 35 361150879 5766294 974606926 5766330 335757805
9 35 245956398 5766295 131961182 5766330 377917580
10 35 128714105 5766295 298397121 5766330 427111226
11 35 10598642 5766295 467205405 5766330 477804047
12 34 900823322 5766295 621984041 5766330 522807363
13 34 788893986 5766295 782328130 5766330 571222116
14 34 676314069 5766295 945567684 5766330 621881753
15 34 560730356 5766296 111031789 5766330 671762145
16 34 439664392 5766296 282942368 5766330 722606760
17 34 328324285 5766296 441108775 5766330 769433060
18 34 201489151 5766296 612640564 5766330 814129715
19 34 88253968 5766296 776281277 5766330 864535245
20 33 972359020 5766296 939262910 5766330 911621930
21 33 863004617 5766297 92618388 5766330 955623005
22 33 754675307 5766297 252744573 5766331 7419880
23 33 643266405 5766297 409274270 5766331 52540675
24 33 526897391 5766297 577709320 5766331 104606711
25 33 417781577 5766297 732799840 5766331 150581417
26 33 301275659 5766297 893975172 5766331 195250831
27 33 184968644 5766298 58097488 5766331 243066132
28 33 70685666 5766298 219243080 5766331 289928746
29 32 950928270 5766298 381688186 5766331 332616456
30 32 838180134 5766298 541744021 5766331 379924155
31 32 720007876 5766298 706468492 5766331 426476368
32 32 609444478 5766298 863559456 5766331 473003934
33 32 496531492 5766299 27186614 5766331 523718106
34 32 383909613 5766299 184881937 5766331 568791550
35 32 266186699 5766299 353288006 5766331 619474705
36 32 144151606 5766299 521614688 5766331 665766294
37 32 28625446 5766299 682719597 5766331 711345043
38 31 913992511 5766299 847724396 5766331 761716907
39 31 803801180 5766300 9368942 5766331 813170122
40 31 692193061 5766300 165848602 5766331 858041663
41 31 570116929 5766300 332655276 5766331 902772205
42 31 467220038 5766300 487037271 5766331 954257309
43 31 355194017 5766300 650294177 5766332 5488194
44 31 237427900 5766300 819726283 5766332 57154183
45 31 117091664 5766300 986934467 5766332 104026131
46 31 14622189 5766301 144314592 5766332 158936781
47 30 897917478 5766301 303205523 5766332 201123001
48 30 789010345 5766301 464310542 5766332 253320887
49 30 665939252 5766301 636186584 5766332 302125836
50 30 543659977 5766301 803363399 5766332 347023376
51 30 424670198 5766301 972315606 5766332 396985804
52 30 299488069 5766302 143955394 5766332 443443463
53 30 184953151 5766302 302848102 5766332 487801253
54 30 62127572 5766302 477066786 5766332 539194358
55 29 942192087 5766302 640833738 5766332 583025825
56 29 799407581 5766302 825711595 5766332 625119176
57 29 691269711 5766302 983213626 5766332 674483337
58 29 573415817 5766303 143102131 5766332 716517948
59 29 464266319 5766303 306404498 5766332 770670817
60 29 358455184 5766303 462144635 5766332 820599819
61 29 246632975 5766303 624307006 5766332 870939981
62 29 129830803 5766303 783616558 5766332 913447361
63 29 8668988 5766303 953108571 5766332 961777559
64 28 893407732 5766304 122574491 5766333 15982223
65 28 776988090 5766304 286015171 5766333 63003261
66 28 667056087 5766304 452375223 5766333 119431310
67 28 550585168 5766304 612953789 5766333 163538957
68 28 426037028 5766304 793533911 5766333 219570939
69 28 312609441 5766304 950269085 5766333 262878526
70 28 199630550 5766305 111274125 5766333 310904675
71 28 83953376 5766305 278520382 5766333 362473758
72 27 967023965 5766305 442030394 5766333 409054359
73 27 846106887 5766305 611371780 5766333 457478667
74 27 733234457 5766305 775088029 5766333 508322486
75 27 623061088 5766305 931903813 5766333 554964901
76 27 511940218 5766306 89088238 5766333 601028456
77 27 400112139 5766306 255657027 5766333 655769166
78 27 278708256 5766306 420777564 5766333 699485820
79 27 166640681 5766306 577226818 5766333 743867499
80 27 38162558 5766306 751383374 5766333 789545932
81 26 916590733 5766306 913076401 5766333 829667134
82 26 815022890 5766307 75550321 5766333 890573211
83 26 689797078 5766307 243970316 5766333 933767394
84 26 577906074 5766307 404364904 5766333 982270978
85 26 459032884 5766307 570694383 5766334 29727267
86 26 341819459 5766307 734320467 5766334 76139926
87 26 233613702 5766307 897578817 5766334 131192519
88 26 115031545 5766308 67025348 5766334 182056893
89 26 7977099 5766308 216249458 5766334 224226557
90 25 886101484 5766308 389675157 5766334 275776641
91 25 755825061 5766308 569454294 5766334 325279355
92 25 630697209 5766308 737408131 5766334 368105340
93 25 519870815 5766308 899178675 5766334 419049490
94 25 406274343 5766309 57062606 5766334 463336949
95 25 281046215 5766309 233151015 5766334 514197230
96 25 170062195 5766309 395952299 5766334 566014494
97 25 49371095 5766309 574777472 5766334 624148567
98 24 936097375 5766309 739212208 5766334 675309583
99 24 827451311 5766309 895033029 5766334 722484340
100 24 706144241 5766310 62489357 5766334 768633598
101 24 604144961 5766310 218520637 5766334 822665598
102 24 465276531 5766310 399965298 5766334 865241829
103 24 363161105 5766310 555944339 5766334 919105444
104 24 255523485 5766310 716288076 5766334 971811561
105 24 151458503 5766310 871782607 5766335 23241110
106 24 25858383 5766311 47229268 5766335 73087651
107 23 907310576 5766311 217252530 5766335 124563106
108 23 787677456 5766311 381148498 5766335 168825954
109 23 674603344 5766311 537524253 5766335 212127597
110 23 555375791 5766311 710869342 5766335 266245133
111 23 441775207 5766311 876216802 5766335 317992009
112 23 334392083 5766312 35755128 5766335 370147211
113 23 213384007 5766312 203456433 5766335 416840440
114 23 95863256 5766312 367787374 5766335 463650630
115 22 994576907 5766312 527515345 5766335 522092252
116 22 876569405 5766312 690633420 5766335 567202825
117 22 759451128 5766312 856590757 5766335 616041885
118 22 651688825 5766313 16722554 5766335 668411379
119 22 514267738 5766313 201131772 5766335 715399510
120 22 398533342 5766313 362849891 5766335 761383233
121 22 285306418 5766313 528699212 5766335 814005630
122 22 163505375 5766313 693652142 5766335 857157517
123 22 39473893 5766313 862475018 5766335 901948911
124 21 927123749 5766314 24438429 5766335 951562178
125 21 823953527 5766314 184787593 5766336 8741120
126 21 704852102 5766314 355883649 5766336 60735751
127 21 590238852 5766314 516796339 5766336 107035191
128 21 468107074 5766314 689260408 5766336 157367482
1 35 934925565 5766402 274960417 5766438 209885982
2 35 805018745 5766402 454454042 5766438 259472787
3 35 700740025 5766402 612090701 5766438 312830726
4 35 590477769 5766402 767026187 5766438 357503956
5 35 468199270 5766402 932720105 5766438 400919375
6 35 358065641 5766403 96458428 5766438 454524069
7 35 233675182 5766403 262596226 5766438 496271408
8 35 121186096 5766403 422261588 5766438 543447684
9 35 7562531 5766403 584722806 5766438 592285337
10 34 894075260 5766403 741152857 5766438 635228117
11 34 795433158 5766403 897645537 5766438 693078695
12 34 682755186 5766404 56441341 5766438 739196527
13 34 555472355 5766404 223362180 5766438 778834535
14 34 450337745 5766404 380436830 5766438 830774575
15 34 340479924 5766404 532626738 5766438 873106662
16 34 229842859 5766404 692771165 5766438 922614024
17 34 124767784 5766404 846286993 5766438 971054777
18 34 13829002 5766405 6978447 5766439 20807449
19 33 902378064 5766405 163566329 5766439 65944393
20 33 784876293 5766405 332758144 5766439 117634437
21 33 672293264 5766405 488162455 5766439 160455719
22 33 560818400 5766405 651799373 5766439 212617773
23 33 453081041 5766405 811190740 5766439 264271781
24 33 328274719 5766405 981045340 5766439 309320059
25 33 211383196 5766406 151169323 5766439 362552519
26 33 98526894 5766406 305692225 5766439 404219119
27 32 996413431 5766406 458744746 5766439 455158177
28 32 884675756 5766406 622935358 5766439 507611114
29 32 777924027 5766406 780968861 5766439 558892888
30 32 656583420 5766406 949810201 5766439 606393621
31 32 544401791 5766407 109512655 5766439 653914446
32 32 437407973 5766407 261818690 5766439 699226663
33 32 320168975 5766407 425798880 5766439 745967855
34 32 204188824 5766407 589396132 5766439 793584956
35 32 100809550 5766407 743026550 5766439 843836100
36 31 980651698 5766407 911415603 5766439 892067301
37 31 877764546 5766408 63476420 5766439 941240966
38 31 760797894 5766408 225131023 5766439 985928917
39 31 652468990 5766408 387942068 5766440 40411058
40 31 532845333 5766408 549389378 5766440 82234711
41 31 422281673 5766408 711085129 5766440 133366802
42 31 323208265 5766408 861117761 5766440 184326026
43 31 216094875 5766409 21437871 5766440 237532746
44 31 95003781 5766409 186921829 5766440 281925610
45 30 992477141 5766409 341568783 5766440 334045924
46 30 865400083 5766409 522193925 5766440 387594008
47 30 754440729 5766409 681851305 5766440 436292034
48 30 643446911 5766409 847630017 5766440 491076928
49 30 522463297 5766410 9859202 5766440 532322499
50 30 407620773 5766410 173466176 5766440 581086949
51 30 287903931 5766410 341982282 5766440 629886213
52 30 177722117 5766410 499096247 5766440 676818364
53 30 63062330 5766410 661689740 5766440 724752070
54 29 951405432 5766410 827063885 5766440 778469317
55 29 829348745 5766410 994113037 5766440 823461782
56 29 711008786 5766411 164287093 5766440 875295879
57 29 592642030 5766411 330414391 5766440 923056421
58 29 473774340 5766411 498691427 5766440 972465767
59 29 358023703 5766411 665327290 5766441 23350993
60 29 237920739 5766411 831440533 5766441 69361272
61 29 133821090 5766411 988894547 5766441 122715637
62 29 11711626 5766412 155869181 5766441 167580807
63 28 903212726 5766412 310467081 5766441 213679807
64 28 782080410 5766412 477113222 5766441 259193632
65 28 673903281 5766412 636194206 5766441 310097487
66 28 555026554 5766412 797764310 5766441 352790864
67 28 436033013 5766412 962866609 5766441 398899622
68 28 320859810 5766413 122933464 5766441 443793274
69 28 200983639 5766413 287296942 5766441 488280581
70 28 97287056 5766413 445370223 5766441 542657279
71 27 979618825 5766413 603582945 5766441 583201770
72 27 873441973 5766413 763483340 5766441 636925313
73 27 757280566 5766413 935711636 5766441 692992202
74 27 646496837 5766414 90772343 5766441 737269180
75 27 531278542 5766414 255788865 5766441 787067407
76 27 412969786 5766414 417479949 5766441 830449735
77 27 293326388 5766414 583154181 5766441 876480569
78 27 188932077 5766414 736218351 5766441 925150428
79 27 80022628 5766414 892909842 5766441 972932470
80 26 964231733 5766415 55664795 5766442 19896528
81 26 851054863 5766415 217864277 5766442 68919140
82 26 735595887 5766415 376419900 5766442 112015787
83 26 624351870 5766415 539865711 5766442 164217581
84 26 505591956 5766415 703104210 5766442 208696166
85 26 380182942 5766415 874123455 5766442 254306397
86 26 279391232 5766416 30081608 5766442 309472840
87 26 165913942 5766416 188508974 5766442 354422916
88 26 48008678 5766416 351170207 5766442 399178885
89 25 930862474 5766416 519396651 5766442 450259125
90 25 815038301 5766416 675728205 5766442 490766506
91 25 708731193 5766416 832106609 5766442 540837802
92 25 586126275 5766417 1923080 5766442 588049355
93 25 472963239 5766417 164332891 5766442 637296130
94 25 363132511 5766417 322651889 5766442 685784400
95 25 255933641 5766417 479816057 5766442 735749698
96 25 145325149 5766417 644511530 5766442 789836679
97 25 33570346 5766417 803646439 5766442 837216785
98 24 923284015 5766417 962686442 5766442 885970457
99 24 796423695 5766418 137600133 5766442 934023828
100 24 688636318 5766418 299821485 5766442 988457803
101 24 570876477 5766418 466124187 5766443 37000664
102 24 449460408 5766418 632418593 5766443 81879001
103 24 331684753 5766418 802378098 5766443 134062851
104 24 213608010 5766418 971257864 5766443 184865874
105 24 93686710 5766419 137743915 5766443 231430625
106 23 976125958 5766419 305299742 5766443 281425700
107 23 854463874 5766419 470362375 5766443 324826249
108 23 752851994 5766419 625999349 5766443 378851343
109 23 640847455 5766419 783218552 5766443 424066007
110 23 525626826 5766419 947436182 5766443 473063008
111 23 431409568 5766420 99126192 5766443 530535760
112 23 301107941 5766420 276195306 5766443 577303247
113 23 186357230 5766420 442943722 5766443 629300952
114 23 81607315 5766420 597948745 5766443 679556060
115 22 957371798 5766420 762154949 5766443 719526747
116 22 851282242 5766420 923952790 5766443 775235032
117 22 745501513 5766421 78622059 5766443 824123572
118 22 626848059 5766421 248534750 5766443 875382809
119 22 515757132 5766421 410132336 5766443 925889468
120 22 401532114 5766421 571283208 5766443 972815322
121 22 294704535 5766421 732199343 5766444 26903878
122 22 181235911 5766421 896658635 5766444 77894546
123 22 64298648 5766422 62685120 5766444 126983768
124 21 962616788 5766422 218880639 5766444 181497427
125 21 840121089 5766422 383906884 5766444 224027973
126 21 731267714 5766422 551071200 5766444 282338914
127 21 615403449 5766422 711663397 5766444 327066846
128 21 508147525 5766422 875342666 5766444 383490191
1 36 124393702 5766509 759550662 5766545 883944364
2 35 978732673 5766509 954725424 5766545 933458097
3 35 870746225 5766510 112612524 5766545 983358749
4 35 761955458 5766510 271585548 5766546 33541006
5 35 631717755 5766510 447572813 5766546 79290568
6 35 512624809 5766510 614865349 5766546 127490158
7 35 413298201 5766510 769796485 5766546 183094686
8 35 298449546 5766510 930887229 5766546 229336775
9 35 184133863 5766511 89927141 5766546 274061004
10 35 69815292 5766511 255328231 5766546 325143523
11 34 951182412 5766511 419860411 5766546 371042823
12 34 841882488 5766511 575516515 5766546 417399003
13 34 734178553 5766511 737898939 5766546 472077492
14 34 621779927 5766511 898166513 5766546 519946440
15 34 516440005 5766512 54538714 5766546 570978719
16 34 401165229 5766512 215374296 5766546 616539525
17 34 289835102 5766512 377653518 5766546 667488620
18 34 184465994 5766512 533519452 5766546 717985446
19 34 61846576 5766512 701058669 5766546 762905245
20 33 937483134 5766512 870741847 5766546 808224981
21 33 824555815 5766513 31652076 5766546 856207891
22 33 717696939 5766513 189379141 5766546 907076080
23 33 605744676 5766513 352272685 5766546 958017361
24 33 484619693 5766513 522680016 5766547 7299709
25 33 365507303 5766513 687539542 5766547 53046845
26 33 271951940 5766513 842810301 5766547 114762241
27 33 163808309 5766514 2032987 5766547 165841296
28 33 56522274 5766514 161757479 5766547 218279753
29 32 950697379 5766514 320972924 5766547 271670303
30 32 827482675 5766514 485520845 5766547 313003520
31 32 709498968 5766514 650461110 5766547 359960078
32 32 597572167 5766514 813790868 5766547 411363035
33 32 476957841 5766514 973637784 5766547 450595625
34 32 368521976 5766515 132112020 5766547 500633996
35 32 240608045 5766515 304011583 5766547 544619628
36 32 138306732 5766515 455241769 5766547 593548501
37 32 27037326 5766515 615185497 5766547 642222823
38 31 897265115 5766515 793573810 5766547 690838925
39 31 791632586 5766515 949287857 5766547 740920443
40 31 671724637 5766516 115507895 5766547 787232532
41 31 558545210 5766516 273747192 5766547 832292402
42 31 441345099 5766516 438626681 5766547 879971780
43 31 341611110 5766516 592101677 5766547 933712787
44 31 230283835 5766516 752728781 5766547 983012616
45 31 106702027 5766516 920722212 5766548 27424239
46 30 993555990 5766517 82504036 5766548 76060026
47 30 884706928 5766517 239380710 5766548 124087638
48 30 765086898 5766517 398245366 5766548 163332264
49 30 659371390 5766517 561531606 5766548 220902996
50 30 546859859 5766517 725092860 5766548 271952719
51 30 424521065 5766517 893023163 5766548 317544228
52 30 311930480 5766518 57500511 5766548 369430991
53 30 198567391 5766518 215185725 5766548 413753116
54 30 86922103 5766518 374711795 5766548 461633898
55 29 971549922 5766518 541650356 5766548 513200278
56 29 849218035 5766518 712553141 5766548 561771176
57 29 739159255 5766518 872291614 5766548 611450869
58 29 625553744 5766519 29347211 5766548 654900955
59 29 502721626 5766519 202210330 5766548 704931956
60 29 384666290 5766519 361879952 5766548 746546242
61 29 261497438 5766519 539890624 5766548 801388062
62 29 149713801 5766519 702846944 5766548 852560745
63 29 32244917 5766519 871504919 5766548 903749836
64 28 910164544 5766520 41513239 5766548 951677783
65 28 793739919 5766520 202106511 5766548 995846430
66 28 664968763 5766520 372214995 5766549 37183758
67 28 552551156 5766520 538182797 5766549 90733953
68 28 442685373 5766520 700137914 5766549 142823287
69 28 325055510 5766520 860159326 5766549 185214836
70 28 219063914 5766521 16824708 5766549 235888622
71 28 86476365 5766521 182002932 5766549 268479297
72 27 980547195 5766521 350542260 5766549 331089455
73 27 867102792 5766521 511325288 5766549 378428080
74 27 734632000 5766521 684723897 5766549 419355897
75 27 619458370 5766521 850342706 5766549 469801076
76 27 485366682 5766522 32948163 5766549 518314845
77 27 380993741 5766522 184334883 5766549 565328624
78 27 266030312 5766522 349363628 5766549 615393940
79 27 160151398 5766522 503382059 5766549 663533457
80 27 46412538 5766522 666744724 5766549 713157262
81 26 944171336 5766522 816611638 5766549 760782974
82 26 824387014 5766522 984628550 5766549 809015564
83 26 713556711 5766523 144489984 5766549 858046695
84 26 598011976 5766523 305358973 5766549 903370949
85 26 490302931 5766523 462753396 5766549 953056327
86 26 378076839 5766523 621202763 5766549 999279602
87 26 252671750 5766523 793641242 5766550 46312992
88 26 128786559 5766523 969431196 5766550 98217755
89 26 15266880 5766524 129803398 5766550 145070278
90 25 909685462 5766524 283814754 5766550 193500216
91 25 788282187 5766524 457431619 5766550 245713806
92 25 675717990 5766524 617970114 5766550 293688104
93 25 560437751 5766524 780477980 5766550 340915731
94 25 441977331 5766524 950952865 5766550 392930196
95 25 327444115 5766525 115503767 5766550 442947882
96 25 215101637 5766525 282092391 5766550 497194028
97 25 104240686 5766525 442737292 5766550 546977978
98 24 990933595 5766525 601066587 5766550 592000182
99 24 896220532 5766525 757277958 5766550 653498490
100 24 782406932 5766525 923120096 5766550 705527028
101 24 661928252 5766526 86049658 5766550 747977910
102 24 550017506 5766526 254096996 5766550 804114502
103 24 435936764 5766526 415765414 5766550 851702178
104 24 309031203 5766526 593061192 5766550 902092395
105 24 205673669 5766526 757379284 5766550 963052953
106 24 89210618 5766526 913872206 5766551 3082824
107 23 972732809 5766527 79590142 5766551 52322951
108 23 847498161 5766527 250999251 5766551 98497412
109 23 739007981 5766527 405311547 5766551 144319528
110 23 640293325 5766527 558206072 5766551 198499397
111 23 527144379 5766527 716447517 5766551 243591896
112 23 412331854 5766527 879672666 5766551 292004520
113 23 292512495 5766528 51679023 5766551 344191518
114 23 172024241 5766528 221416848 5766551 393441089
115 23 63574098 5766528 382750273 5766551 446324371
116 22 947512947 5766528 544985144 5766551 492498091
117 22 834080878 5766528 718453733 5766551 552534611
118 22 706211742 5766528 891515941 5766551 597727683
119 22 594055371 5766529 52754349 5766551 646809720
120 22 472108089 5766529 224802946 5766551 696911035
121 22 350144992 5766529 391142908 5766551 741287900
122 22 243275004 5766529 542755291 5766551 786030295
123 22 128035338 5766529 709893238 5766551 837928576
124 22 8693100 5766529 877545176 5766551 886238276
125 21 902335770 5766530 37776621 5766551 940112391
126 21 768178177 5766530 212635036 5766551 980813213
127 21 654661386 5766530 382705337 5766552 37366723
128 21 535046079 5766530 553306423 5766552 88352502
