1 68 878568269 1558564 191366378 1558633 69934647
2 68 579322529 1558564 566658302 1558633 145980831
3 68 322412204 1558564 905427197 1558633 227839401
4 68 46377308 1558565 268610487 1558633 314987795
5 67 771178580 1558565 635015863 1558633 406194443
6 67 507185486 1558565 983289203 1558633 490474689
7 67 223712679 1558566 341876675 1558633 565589354
8 66 955685016 1558566 693118160 1558633 648803176
9 66 685718297 1558567 43875637 1558633 729593934
10 66 409207447 1558567 404148539 1558633 813355986
11 66 153515562 1558567 746085021 1558633 899600583
12 65 874379966 1558568 101842308 1558633 976222274
13 65 619413085 1558568 443632571 1558634 63045656
14 65 346809696 1558568 790785636 1558634 137595332
15 65 76747553 1558569 141535576 1558634 218283129
16 64 811498965 1558569 484772884 1558634 296271849
17 64 545417819 1558569 828709772 1558634 374127591
18 64 269013337 1558570 184037289 1558634 453050626
19 64 3135225 1558570 534575251 1558634 537710476
20 63 723115425 1558570 891504885 1558634 614620310
21 63 452001451 1558571 241636133 1558634 693637584
22 63 186296815 1558571 589750273 1558634 776047088
23 62 918293022 1558571 936920875 1558634 855213897
24 62 649846811 1558572 290751921 1558634 940598732
25 62 364935847 1558572 653942989 1558635 18878836
26 62 90609584 1558573 5552097 1558635 96161681
27 61 815403930 1558573 359314145 1558635 174718075
28 61 546297973 1558573 713586738 1558635 259884711
29 61 248160655 1558574 82245644 1558635 330406299
30 60 980930866 1558574 429984475 1558635 410915341
31 60 724491457 1558574 769120679 1558635 493612136
32 60 447850240 1558575 125845668 1558635 573695908
33 60 170186209 1558575 482952632 1558635 653138841
34 59 913889205 1558575 823715545 1558635 737604750
35 59 640506868 1558576 172141604 1558635 812648472
36 59 373153302 1558576 526640415 1558635 899793717
37 59 113333793 1558576 876802737 1558635 990136530
38 58 842628294 1558577 226445790 1558636 69074084
39 58 553469875 1558577 594883441 1558636 148353316
40 58 290711998 1558577 942952081 1558636 233664079
41 58 8053712 1558578 302824880 1558636 310878592
42 57 728622401 1558578 664810341 1558636 393432742
43 57 440055396 1558579 36640667 1558636 476696063
44 57 172377874 1558579 399515296 1558636 571893170
45 56 906526316 1558579 742896657 1558636 649422973
46 56 640215119 1558580 90540454 1558636 730755573
47 56 358400558 1558580 452703652 1558636 811104210
48 56 92688330 1558580 800349986 1558636 893038316
49 55 802630170 1558581 164477943 1558636 967108113
50 55 531814450 1558581 516814000 1558637 48628450
51 55 273073864 1558581 862030529 1558637 135104393
52 54 994852011 1558582 218706594 1558637 213558605
53 54 725178565 1558582 569296777 1558637 294475342
54 54 461226506 1558582 911745805 1558637 372972311
55 54 180716086 1558583 271259685 1558637 451975771
56 53 913185673 1558583 617775281 1558637 530960954
57 53 655832356 1558583 957797745 1558637 613630101
58 53 359823405 1558584 333570271 1558637 693393676
59 53 71444749 1558584 696274533 1558637 767719282
60 52 802804079 1558585 48707977 1558637 851512056
61 52 531319835 1558585 399850113 1558637 931169948
62 52 230968227 1558585 776058408 1558638 7026635
63 51 971160273 1558586 120757059 1558638 91917332
64 51 699667807 1558586 471056322 1558638 170724129
65 51 430036897 1558586 827633167 1558638 257670064
66 51 159327045 1558587 183019757 1558638 342346802
67 50 880351298 1558587 542931944 1558638 423283242
68 50 606276309 1558587 902432805 1558638 508709114
69 50 327934754 1558588 256409219 1558638 584343973
70 50 50586346 1558588 614679623 1558638 665265969
71 49 763090506 1558588 977577512 1558638 740668018
72 49 498311576 1558589 332043712 1558638 830355288
73 49 222996851 1558589 687744870 1558638 910741721
74 48 946675589 1558590 49613149 1558638 996288738
75 48 659724813 1558590 414988526 1558639 74713339
76 48 374225749 1558590 778610326 1558639 152836075
77 48 102982741 1558591 137477792 1558639 240460533
78 47 822109754 1558591 498907116 1558639 321016870
79 47 543367929 1558591 858685676 1558639 402053605
80 47 274290600 1558592 209659834 1558639 483950434
81 46 990958069 1558592 571995714 1558639 562953783
82 46 716812098 1558592 929220491 1558639 646032589
83 46 443259598 1558593 280404330 1558639 723663928
84 46 170931092 1558593 632632426 1558639 803563518
85 45 891332025 1558593 996945453 1558639 888277478
86 45 607200749 1558594 355236338 1558639 962437087
87 45 337129089 1558594 708281770 1558640 45410859
88 45 63210466 1558595 60817971 1558640 124028437
89 44 788158143 1558595 418430962 1558640 206589105
90 44 511143266 1558595 781454459 1558640 292597725
91 44 227972675 1558596 142726712 1558640 370699387
92 43 964896730 1558596 487464343 1558640 452361073
93 43 697852807 1558596 831829222 1558640 529682029
94 43 418467531 1558597 192669576 1558640 611137107
95 43 124784385 1558597 566385717 1558640 691170102
96 42 851852263 1558597 919166209 1558640 771018472
97 42 576387133 1558598 279022212 1558640 855409345
98 42 308303192 1558598 626181796 1558640 934484988
99 42 32286018 1558598 985572956 1558641 17858974
100 41 773926054 1558599 331890853 1558641 105816907
101 41 492704352 1558599 691802132 1558641 184506484
102 41 222669376 1558600 41494426 1558641 264163802
103 40 941758149 1558600 399933086 1558641 341691235
104 40 663710550 1558600 761341263 1558641 425051813
105 40 405644953 1558601 107796582 1558641 513441535
106 40 123971906 1558601 471834541 1558641 595806447
107 39 840992850 1558601 832610044 1558641 673602894
108 39 548045949 1558602 212653265 1558641 760699214
109 39 270058517 1558602 567837377 1558641 837895894
110 39 1575825 1558602 921651609 1558641 923227434
111 38 717973855 1558603 287183853 1558642 5157708
112 38 419047256 1558603 662599960 1558642 81647216
113 38 150886058 1558604 9941281 1558642 160827339
114 37 866077148 1558604 376493857 1558642 242571005
115 37 594348538 1558604 727809193 1558642 322157731
116 37 317001334 1558605 86971191 1558642 403972525
117 37 33115035 1558605 449979651 1558642 483094686
118 36 767250181 1558605 801122602 1558642 568372783
119 36 477445979 1558606 171476882 1558642 648922861
120 36 211032432 1558606 522245340 1558642 733277772
121 35 932137869 1558606 884857141 1558642 816995010
122 35 651225957 1558607 249277332 1558642 900503289
123 35 379946949 1558607 611046465 1558642 990993414
124 35 94007135 1558607 975261308 1558643 69268443
125 34 815721431 1558608 340275618 1558643 155997049
126 34 524333537 1558608 709732490 1558643 234066027
127 34 247104516 1558609 62545852 1558643 309650368
128 33 980802745 1558609 418950478 1558643 399753223
1 68 681149780 1558957 452130031 1559026 133279811
2 68 389440577 1558957 821434415 1559026 210874992
3 68 118541267 1558958 169138014 1559026 287679281
4 67 854689358 1558958 509218853 1559026 363908211
5 67 590607936 1558958 852952954 1559026 443560890
6 67 330728709 1558959 195086198 1559026 525814907
7 67 57716551 1558959 550957472 1559026 608674023
8 66 773632237 1558959 913929886 1559026 687562123
9 66 502917591 1558960 262639261 1559026 765556852
10 66 237984721 1558960 609152050 1559026 847136771
11 65 963000176 1558960 967889305 1559026 930889481
12 65 687245258 1558961 322483677 1559027 9728935
13 65 406526212 1558961 692550620 1559027 99076832
14 65 121467158 1558962 57950469 1559027 179417627
15 64 850242152 1558962 411349327 1559027 261591479
16 64 581238398 1558962 769390559 1559027 350628957
17 64 308314184 1558963 125814358 1559027 434128542
18 64 36800016 1558963 472608567 1559027 509408583
19 63 745914742 1558963 839633384 1559027 585548126
20 63 491377079 1558964 181538705 1559027 672915784
21 63 228552150 1558964 532570443 1559027 761122593
22 62 956150129 1558964 879941011 1559027 836091140
23 62 672520566 1558965 240114312 1559027 912634878
24 62 391731431 1558965 601294408 1559027 993025839
25 62 121093172 1558965 951240963 1559028 72334135
26 61 844249811 1558966 309244473 1559028 153494284
27 61 576513997 1558966 660268710 1559028 236782707
28 61 300355234 1558967 18662360 1559028 319017594
29 61 26616554 1558967 372487895 1559028 399104449
30 60 758142569 1558967 718646875 1559028 476789444
31 60 482985268 1558968 71974364 1559028 554959632
32 60 204632677 1558968 432698729 1559028 637331406
33 59 931693686 1558968 783411398 1559028 715105084
34 59 664579526 1558969 132691373 1559028 797270899
35 59 393393334 1558969 481182437 1559028 874575771
36 59 128111713 1558969 835316169 1559028 963427882
37 58 865036752 1558970 177859089 1559029 42895841
38 58 593570176 1558970 527521242 1559029 121091418
39 58 325835972 1558970 875988344 1559029 201824316
40 58 40655737 1558971 241737573 1559029 282393310
41 57 766138684 1558971 594999452 1559029 361138136
42 57 489203696 1558971 951810207 1559029 441013903
43 57 211508501 1558972 304331359 1559029 515839860
44 56 936920837 1558972 656759032 1559029 593679869
45 56 655024816 1558973 28024266 1559029 683049082
46 56 393607805 1558973 369505725 1559029 763113530
47 56 117853757 1558973 719823716 1559029 837677473
48 55 825801321 1558974 88336763 1559029 914138084
49 55 553314895 1558974 441267315 1559029 994582210
50 55 277150115 1558974 798334712 1559030 75484827
51 55 13303780 1558975 141855928 1559030 155159708
52 54 738634249 1558975 499185709 1559030 237819958
53 54 457511379 1558975 862630187 1559030 320141566
54 54 187261447 1558976 207863166 1559030 395124613
55 53 901365022 1558976 567608807 1559030 468973829
56 53 639062510 1558976 919670450 1559030 558732960
57 53 375375025 1558977 275145193 1559030 650520218
58 53 98839011 1558977 628129929 1559030 726968940
59 52 817101060 1558977 990370782 1559030 807471842
60 52 551954771 1558978 336832736 1559030 888787507
61 52 290039640 1558978 682865070 1559030 972904710
62 52 10724921 1558979 39790859 1559031 50515780
63 51 742209511 1558979 390408048 1559031 132617559
64 51 452535011 1558979 755321052 1559031 207856063
65 51 177296380 1558980 108899239 1559031 286195619
66 50 911794800 1558980 466228002 1559031 378022802
67 50 648864671 1558980 811885453 1559031 460750124
68 50 362059857 1558981 173381116 1559031 535440973
69 50 102482884 1558981 520317136 1559031 622800020
70 49 829451692 1558981 873351074 1559031 702802766
71 49 548282453 1558982 229265734 1559031 777548187
72 49 270117063 1558982 591872617 1559031 861989680
73 48 990151172 1558982 959669491 1559031 949820663
74 48 725472799 1558983 307895059 1559032 33367858
75 48 457652636 1558983 657704541 1559032 115357177
76 48 197852631 1558984 969187 1559032 198821818
77 47 925336466 1558984 356705128 1559032 282041594
78 47 654392473 1558984 708495294 1559032 362887767
79 47 382851604 1558985 71066862 1559032 453918466
80 47 101118062 1558985 429653044 1559032 530771106
81 46 820387352 1558985 789075377 1559032 609462729
82 46 546203070 1558986 140128965 1559032 686332035
83 46 277064155 1558986 492738614 1559032 769802769
84 45 990026363 1558986 859311827 1559032 849338190
85 45 720605397 1558987 211000217 1559032 931605614
86 45 435988930 1558987 579032975 1559033 15021905
87 45 153095002 1558987 940397196 1559033 93492198
88 44 885575667 1558988 287990813 1559033 173566480
89 44 612945596 1558988 641749959 1559033 254695555
90 44 355653876 1558988 988722459 1559033 344376335
91 44 61927142 1558989 359333611 1559033 421260753
92 43 782376612 1558989 720723443 1559033 503100055
93 43 499747884 1558990 83292844 1559033 583040728
94 43 240019360 1558990 432477708 1559033 672497068
95 42 964008651 1558990 787384313 1559033 751392964
96 42 682320701 1558991 147716461 1559033 830037162
97 42 405951593 1558991 499976469 1559033 905928062
98 42 117211243 1558991 869095372 1559033 986306615
99 41 851783663 1558992 221451693 1559034 73235356
100 41 561217532 1558992 592740037 1559034 153957569
101 41 279806447 1558992 955652616 1559034 235459063
102 40 997075851 1558993 315349609 1559034 312425460
103 40 722658593 1558993 670908387 1559034 393566980
104 40 450298388 1558994 22050213 1559034 472348601
105 40 176312567 1558994 376694804 1559034 553007371
106 39 892816707 1558994 739668567 1559034 632485274
107 39 615811129 1558995 101684516 1559034 717495645
108 39 340404892 1558995 459260883 1559034 799665775
109 39 63844768 1558995 818480275 1559034 882325043
110 38 799776013 1558996 173132292 1559034 972908305
111 38 514957328 1558996 538233310 1559035 53190638
112 38 265469329 1558996 877476866 1559035 142946195
113 37 996039233 1558997 235071808 1559035 231111041
114 37 715728554 1558997 596482823 1559035 312211377
115 37 448812521 1558997 945247454 1559035 394059975
116 37 177900659 1558998 302169908 1559035 480070567
117 36 895251153 1558998 671241572 1559035 566492725
118 36 618504201 1558999 32708845 1559035 651213046
119 36 351654112 1558999 379618271 1559035 731272383
120 36 74379225 1558999 729490455 1559035 803869680
121 35 801565919 1559000 92116909 1559035 893682828
122 35 513538832 1559000 460678638 1559035 974217470
123 35 259910209 1559000 809233273 1559036 69143482
124 34 990832552 1559001 156114903 1559036 146947455
125 34 701268903 1559001 525023903 1559036 226292806
126 34 437179298 1559001 872644111 1559036 309823409
127 34 163372770 1559002 224142355 1559036 387515125
128 33 873719549 1559002 595304330 1559036 469023879
1 68 797404799 1559349 531963463 1559418 329368262
2 68 499963169 1559349 911328445 1559418 411291614
3 68 231600659 1559350 263002669 1559418 494603328
4 67 961947324 1559350 612751763 1559418 574699087
5 67 683728987 1559350 969643293 1559418 653372280
6 67 413101262 1559351 319815898 1559418 732917160
7 67 135670837 1559351 672910446 1559418 808581283
8 66 881053023 1559352 21907925 1559418 902960948
9 66 608433411 1559352 377777586 1559418 986210997
10 66 338803372 1559352 726138077 1559419 64941449
11 66 71118109 1559353 78615711 1559419 149733820
12 65 798905859 1559353 426465565 1559419 225371424
13 65 533248889 1559353 775763372 1559419 309012261
14 65 265523034 1559354 122828000 1559419 388351034
15 64 989910240 1559354 470923941 1559419 460834181
16 64 738017893 1559354 806864896 1559419 544882789
17 64 467106007 1559355 156250553 1559419 623356560
18 64 176456376 1559355 529011681 1559419 705468057
19 63 917359187 1559355 874473044 1559419 791832231
20 63 608594684 1559356 261180143 1559419 869774827
21 63 341045067 1559356 606588099 1559419 947633166
22 63 67976668 1559356 964675031 1559420 32651699
23 62 784271920 1559357 326683961 1559420 110955881
24 62 516748561 1559357 677967248 1559420 194715809
25 62 239329413 1559358 38013068 1559420 277342481
26 61 961814970 1559358 392919525 1559420 354734495
27 61 693986710 1559358 738526700 1559420 432513410
28 61 412420754 1559359 100453057 1559420 512873811
29 61 150924167 1559359 444420041 1559420 595344208
30 60 865110386 1559359 810735314 1559420 675845700
31 60 586865717 1559360 168965817 1559420 755831534
32 60 305349223 1559360 528845788 1559420 834195011
33 60 32794147 1559360 881847838 1559420 914641985
34 59 759368292 1559361 237742016 1559420 997110308
35 59 490600310 1559361 589474553 1559421 80074863
36 59 213341047 1559361 947611670 1559421 160952717
37 58 924083852 1559362 312636004 1559421 236719856
38 58 653077932 1559362 663012863 1559421 316090795
39 58 373722099 1559363 21293829 1559421 395015928
40 58 114005311 1559363 364933467 1559421 478938778
41 57 847969516 1559363 715599025 1559421 563568541
42 57 568442576 1559364 67375320 1559421 635817896
43 57 285416222 1559364 427493398 1559421 712909620
44 56 990671522 1559364 802716627 1559421 793388149
45 56 712383873 1559365 161118645 1559421 873502518
46 56 441613299 1559365 512169566 1559421 953782865
47 56 169713600 1559365 867813360 1559422 37526960
48 55 888960721 1559366 225319803 1559422 114280524
49 55 624631838 1559366 579939043 1559422 204570881
50 55 359200809 1559366 927981448 1559422 287182257
51 55 90584101 1559367 278372252 1559422 368956353
52 54 809743261 1559367 643630192 1559422 453373453
53 54 548263155 1559367 991176625 1559422 539439780
54 54 285972899 1559368 333580269 1559422 619553168
55 54 9905744 1559368 689685091 1559422 699590835
56 53 740018820 1559369 38064897 1559422 778083717
57 53 470837494 1559369 386509775 1559422 857347269
58 53 193427364 1559369 742413083 1559422 935840447
59 52 921912417 1559370 101675233 1559423 23587650
60 52 663572584 1559370 441892086 1559423 105464670
61 52 394218705 1559370 789994693 1559423 184213398
62 52 124755218 1559371 139390386 1559423 264145604
63 51 862195949 1559371 487529270 1559423 349725219
64 51 585298773 1559371 845674386 1559423 430973159
65 51 324889036 1559372 194307501 1559423 519196537
66 51 52751470 1559372 550478600 1559423 603230070
67 50 778433207 1559372 910762508 1559423 689195715
68 50 511827479 1559373 255324850 1559423 767152329
69 50 238410810 1559373 611360692 1559423 849771502
70 49 959715890 1559373 962482778 1559423 922198668
71 49 705907729 1559374 307319874 1559424 13227603
72 49 434099306 1559374 654941694 1559424 89041000
73 49 182063166 1559374 997552926 1559424 179616092
74 48 908311039 1559375 349728288 1559424 258039327
75 48 633345121 1559375 704364009 1559424 337709130
76 48 348459786 1559376 64780210 1559424 413239996
77 48 86081457 1559376 409068354 1559424 495149811
78 47 812661436 1559376 763989551 1559424 576650987
79 47 543578423 1559377 111537780 1559424 655116203
80 47 245283459 1559377 492892463 1559424 738175922
81 46 951740014 1559377 859540672 1559424 811280686
82 46 691010099 1559378 209648277 1559424 900658376
83 46 411632749 1559378 565864393 1559424 977497142
84 46 129250012 1559378 930836006 1559425 60086018
85 45 845802093 1559379 298492437 1559425 144294530
86 45 576524621 1559379 648919295 1559425 225443916
87 45 313668932 1559379 991952037 1559425 305620969
88 45 21937784 1559380 357799559 1559425 379737343
89 44 760970522 1559380 708335377 1559425 469305899
90 44 476387421 1559381 71358102 1559425 547745523
91 44 196085625 1559381 431782618 1559425 627868243
92 43 909341178 1559381 801180496 1559425 710521674
93 43 655349576 1559382 137637607 1559425 792987183
94 43 365354895 1559382 502379335 1559425 867734230
95 43 84248394 1559382 865469206 1559425 949717600
96 42 808210831 1559383 223317012 1559426 31527843
97 42 520750212 1559383 585974355 1559426 106724567
98 42 246836941 1559383 946792011 1559426 193628952
99 41 970646030 1559384 297640527 1559426 268286557
100 41 697358062 1559384 652029771 1559426 349387833
101 41 422564363 1559385 8376644 1559426 430941007
102 41 162204366 1559385 353045743 1559426 515250109
103 40 884276562 1559385 709709554 1559426 593986116
104 40 596847073 1559386 80121579 1559426 676968652
105 40 333405376 1559386 436356417 1559426 769761793
106 40 44154071 1559386 805049345 1559426 849203416
107 39 768922770 1559387 159761657 1559426 928684427
108 39 493278848 1559387 519828031 1559427 13106879
109 39 221098377 1559387 873346088 1559427 94444465
110 38 939831749 1559388 235797731 1559427 175629480
111 38 675566031 1559388 586468510 1559427 262034541
112 38 373823801 1559388 959153602 1559427 332977403
113 38 99763923 1559389 324884088 1559427 424648011
114 37 819748974 1559389 683602766 1559427 503351740
115 37 544834593 1559390 39153969 1559427 583988562
116 37 266690257 1559390 395263401 1559427 661953658
117 36 997671021 1559390 747515353 1559427 745186374
118 36 717196785 1559391 104532472 1559427 821729257
119 36 454365836 1559391 454379267 1559427 908745103
120 36 189909752 1559391 799236492 1559427 989146244
121 35 924366875 1559392 143703669 1559428 68070544
122 35 630743246 1559392 513629870 1559428 144373116
123 35 353170195 1559392 874208327 1559428 227378522
124 35 92693274 1559393 219194272 1559428 311887546
125 34 822665299 1559393 580886595 1559428 403551894
126 34 546502665 1559393 933162917 1559428 479665582
127 34 361123081 1559394 287580031 1559428 648703112
128 33 923194757 1559394 634746618 1559428 557941375
1 68 546971029 1559742 738611539 1559811 285582568
2 68 275494661 1559743 89864021 1559811 365358682
3 68 8572890 1559743 452527374 1559811 461100264
4 67 735113284 1559743 811539464 1559811 546652748
5 67 450286269 1559744 164448654 1559811 614734923
6 67 191893758 1559744 508583978 1559811 700477736
7 66 921910585 1559744 855225123 1559811 777135708
8 66 656540451 1559745 198938825 1559811 855479276
9 66 384163119 1559745 544577176 1559811 928740295
10 66 111524719 1559745 895722419 1559812 7247138
11 65 835825046 1559746 252666456 1559812 88491502
12 65 585656226 1559746 592792025 1559812 178448251
13 65 327986387 1559746 941121730 1559812 269108117
14 65 70422750 1559747 282825323 1559812 353248073
15 64 798420763 1559747 632630111 1559812 431050874
16 64 538261620 1559747 982913982 1559812 521175602
17 64 265023953 1559748 336322866 1559812 601346819
18 63 967355096 1559748 712517010 1559812 679872106
19 63 688076473 1559749 75149771 1559812 763226244
20 63 428265602 1559749 422592826 1559812 850858428
21 63 157378260 1559749 774088711 1559812 931466971
22 62 891179975 1559750 122651078 1559813 13831053
23 62 633505932 1559750 462112826 1559813 95618758
24 62 350662934 1559750 817878220 1559813 168541154
25 62 93947799 1559751 159723051 1559813 253670850
26 61 821551950 1559751 517539312 1559813 339091262
27 61 543701225 1559751 872290670 1559813 415991895
28 61 267815148 1559752 222624336 1559813 490439484
29 61 1831563 1559752 571618880 1559813 573450443
30 60 730268105 1559752 933682355 1559813 663950460
31 60 453001720 1559753 288410973 1559813 741412693
32 60 187101764 1559753 631100732 1559813 818202496
33 59 904307450 1559753 999179812 1559813 903487262
34 59 632723881 1559754 346696607 1559813 979420488
35 59 351895104 1559754 709971299 1559814 61866403
36 59 65595785 1559755 71818741 1559814 137414526
37 58 775646147 1559755 445030684 1559814 220676831
38 58 508319551 1559755 794787714 1559814 303107265
39 58 244651939 1559756 141271640 1559814 385923579
40 57 965551980 1559756 512643730 1559814 478195710
41 57 685747905 1559756 876873996 1559814 562621901
42 57 413426980 1559757 233633278 1559814 647060258
43 57 159068910 1559757 574306261 1559814 733375171
44 56 885276884 1559757 935399107 1559814 820675991
45 56 617689830 1559758 281238212 1559814 898928042
46 56 340353189 1559758 640607739 1559814 980960928
47 56 51278645 1559759 10851981 1559815 62130626
48 55 778131422 1559759 366346324 1559815 144477746
49 55 501474118 1559759 719624600 1559815 221098718
50 55 228564483 1559760 74477919 1559815 303042402
51 54 953716664 1559760 428415477 1559815 382132141
52 54 673394876 1559760 789087072 1559815 462481948
53 54 404097004 1559761 139739602 1559815 543836606
54 54 142499741 1559761 480555879 1559815 623055620
55 53 866119302 1559761 834541215 1559815 700660517
56 53 600446360 1559762 181358986 1559815 781805346
57 53 328004604 1559762 534833258 1559815 862837862
58 53 57413795 1559762 886709486 1559815 944123281
59 52 793917383 1559763 233022823 1559816 26940206
60 52 508935650 1559763 597813559 1559816 106749209
61 52 249932762 1559763 947796306 1559816 197729068
62 51 966264021 1559764 305765176 1559816 272029197
63 51 695258460 1559764 661996893 1559816 357255353
64 51 418530399 1559765 15387870 1559816 433918269
65 51 167877701 1559765 350723476 1559816 518601177
66 50 882654990 1559765 725052453 1559816 607707443
67 50 622920174 1559766 70094462 1559816 693014636
68 50 358971289 1559766 418830104 1559816 777801393
69 50 91738173 1559766 762847226 1559816 854585399
70 49 849526349 1559767 98115592 1559816 947641941
71 49 564761351 1559767 468658143 1559817 33419494
72 49 280430660 1559767 828432810 1559817 108863470
73 49 13166693 1559768 177555185 1559817 190721878
74 48 739170708 1559768 526591876 1559817 265762584
75 48 461301003 1559768 882795872 1559817 344096875
76 48 191515641 1559769 240623077 1559817 432138718
77 47 917422491 1559769 595462581 1559817 512885072
78 47 654739935 1559769 938937621 1559817 593677556
79 47 378772618 1559770 292937327 1559817 671709945
80 47 92396856 1559770 660636525 1559817 753033381
81 46 828587618 1559771 15380420 1559817 843968038
82 46 554472987 1559771 371060186 1559817 925533173
83 46 279129900 1559771 728226404 1559818 7356304
84 46 4610074 1559772 90566243 1559818 95176317
85 45 723956311 1559772 450661423 1559818 174617734
86 45 446050384 1559772 811187687 1559818 257238071
87 45 172047660 1559773 172197515 1559818 344245175
88 44 902501978 1559773 528532064 1559818 431034042
89 44 642769567 1559773 870251953 1559818 513021520
90 44 371714581 1559774 226024717 1559818 597739298
91 44 89947748 1559774 584443392 1559818 674391140
92 43 802686448 1559774 951324365 1559818 754010813
93 43 524096830 1559775 309245291 1559818 833342121
94 43 243785913 1559775 675597460 1559818 919383373
95 42 950581506 1559776 47020234 1559818 997601740
96 42 682373002 1559776 396528027 1559819 78901029
97 42 395879057 1559776 761237339 1559819 157116396
98 42 124212750 1559777 117109063 1559819 241321813
99 41 846231769 1559777 477963932 1559819 324195701
100 41 578212779 1559777 829744940 1559819 407957719
101 41 306182035 1559778 187752845 1559819 493934880
102 41 30028740 1559778 545826601 1559819 575855341
103 40 747974005 1559778 908956055 1559819 656930060
104 40 473055928 1559779 263358993 1559819 736414921
105 40 194130002 1559779 616019021 1559819 810149023
106 39 927899496 1559779 965141877 1559819 893041373
107 39 644277774 1559780 332806298 1559819 977084072
108 46 906719079 1559780 687080776 1559827 593799855
109 39 1629573 1559781 57777286 1559820 59406859
110 46 589388289 1559781 413437774 1559828 2826063
111 47 382005293 1559781 767808361 1559829 149813654
112 38 416389366 1559782 130829002 1559820 547218368
113 46 574782404 1559782 494958696 1559829 69741100
114 46 875825620 1559782 842830854 1559829 718656474
115 36 941153771 1559783 192974801 1559820 134128572
116 45 370541945 1559783 537324861 1559828 907866806
117 47 371056520 1559783 892065570 1559831 263122090
118 36 216115840 1559784 252506835 1559820 468622675
119 43 299650829 1559784 613319797 1559827 912970626
120 42 842036288 1559784 982876052 1559827 824912340
121 44 621412240 1559785 341679960 1559829 963092200
122 34 529165048 1559785 692111661 1559820 221276709
123 44 241058751 1559786 52976621 1559830 294035372
124 33 976922348 1559786 409321559 1559820 386243907
125 44 18682946 1559786 760716630 1559830 779399576
126 42 772630486 1559787 109518344 1559829 882148830
127 40 189627133 1559787 478538831 1559827 668165964
128 32 476305821 1559787 827328119 1559820 303633940
1 68 345087808 1560133 315512020 1560201 660599828
2 68 43240239 1560133 703545689 1560201 746785928
3 67 777915034 1560134 51657320 1560201 829572354
4 67 504106957 1560134 405407952 1560201 909514909
5 67 229716575 1560134 757182234 1560201 986898809
6 66 959438614 1560135 109717835 1560202 69156449
7 66 681024312 1560135 472053707 1560202 153078019
8 66 421599491 1560135 812873869 1560202 234473360
9 66 146004930 1560136 163493007 1560202 309497937
10 65 871282296 1560136 516809722 1560202 388092018
11 65 605126606 1560136 863151258 1560202 468277864
12 65 336955493 1560137 208080247 1560202 545035740
13 65 76006573 1560137 553095716 1560202 629102289
14 64 817010189 1560137 895454885 1560202 712465074
15 64 553141732 1560138 236517765 1560202 789659497
16 64 270249628 1560138 592935456 1560202 863185084
17 63 994330943 1560138 952593770 1560202 946924713
18 63 722929671 1560139 301777787 1560203 24707458
19 63 444041396 1560139 658898539 1560203 102939935
20 63 171435517 1560140 10250663 1560203 181686180
21 62 904953334 1560140 358642733 1560203 263596067
22 62 631308790 1560140 706254707 1560203 337563497
23 62 362226287 1560141 56551740 1560203 418778027
24 62 88505856 1560141 405227082 1560203 493732938
25 61 827377087 1560141 751719393 1560203 579096480
26 61 570090892 1560142 85269270 1560203 655360162
27 61 302599858 1560142 432889318 1560203 735489176
28 61 26010835 1560142 792612797 1560203 818623632
29 60 764334447 1560143 137691561 1560203 902026008
30 60 504189807 1560143 483777010 1560203 987966817
31 60 230006960 1560143 835108448 1560204 65115408
32 59 965136301 1560144 186780621 1560204 151916922
33 59 690650403 1560144 537003433 1560204 227653836
34 59 421214925 1560144 886471297 1560204 307686222
35 59 149820486 1560145 237700553 1560204 387521039
36 58 871886692 1560145 598540436 1560204 470427128
37 58 577844472 1560145 966707806 1560204 544552278
38 58 303384759 1560146 327695242 1560204 631080001
39 58 22331304 1560146 686636736 1560204 708968040
40 57 746204901 1560147 43476957 1560204 789681858
41 57 452816798 1560147 415272719 1560204 868089517
42 57 163294507 1560147 782399165 1560204 945693672
43 56 888898682 1560148 138759710 1560205 27658392
44 56 626932707 1560148 492416418 1560205 119349125
45 56 357810206 1560148 839638436 1560205 197448642
46 56 88953383 1560149 189307130 1560205 278260513
47 55 832340564 1560149 529893833 1560205 362234397
48 55 575661894 1560149 874307647 1560205 449969541
49 55 307869607 1560150 222820696 1560205 530690303
50 55 39841658 1560150 571635202 1560205 611476860
51 54 750844394 1560150 939333285 1560205 690177679
52 54 470187024 1560151 301115372 1560205 771302396
53 54 195835346 1560151 654089186 1560205 849924532
54 53 909947504 1560152 17770144 1560205 927717648
55 53 643121864 1560152 369242395 1560206 12364259
56 53 363483567 1560152 729892559 1560206 93376126
57 53 100072806 1560153 74879158 1560206 174951964
58 52 815266702 1560153 437718651 1560206 252985353
59 52 546822686 1560153 790274436 1560206 337097122
60 52 281499073 1560154 136591176 1560206 418090249
61 52 140551 1560154 492149810 1560206 492290361
62 51 733808976 1560154 840475844 1560206 574284820
63 51 457315525 1560155 190861227 1560206 648176752
64 51 180887480 1560155 549486209 1560206 730373689
65 50 900962984 1560155 905864420 1560206 806827404
66 50 637913605 1560156 261161781 1560206 899075386
67 50 334064557 1560156 641763094 1560206 975827651
68 50 55948767 1560157 444149 1560207 56392916
69 49 774288917 1560157 356208242 1560207 130497159
70 49 489193152 1560157 719233564 1560207 208426716
71 49 218777545 1560158 69566467 1560207 288344012
72 48 947269997 1560158 421755666 1560207 369025663
73 48 665977917 1560158 774361469 1560207 440339386
74 48 390650832 1560159 131921564 1560207 522572396
75 48 113953922 1560159 493715151 1560207 607669073
76 47 840339582 1560159 852690200 1560207 693029782
77 47 585396192 1560160 193056334 1560207 778452526
78 47 316370411 1560160 547100793 1560207 863471204
79 47 18764927 1560160 919206420 1560207 937971347
80 46 747185028 1560161 286197609 1560208 33382637
81 46 457770606 1560161 655128687 1560208 112899293
82 46 184237746 1560162 11353808 1560208 195591554
83 45 902583210 1560162 367739185 1560208 270322395
84 45 629793465 1560162 724468796 1560208 354262261
85 45 364998860 1560163 71560743 1560208 436559603
86 45 75354979 1560163 437775837 1560208 513130816
87 44 823377162 1560163 775759591 1560208 599136753
88 44 532253200 1560164 142755002 1560208 675008202
89 44 268317486 1560164 492274735 1560208 760592221
90 43 981589901 1560164 856192132 1560208 837782033
91 43 707724121 1560165 211162611 1560208 918886732
92 43 429371243 1560165 574259932 1560209 3631175
93 43 160091004 1560165 927030157 1560209 87121161
94 42 897948162 1560166 270578358 1560209 168526520
95 42 623160696 1560166 625978366 1560209 249139062
96 42 357115061 1560166 979488354 1560209 336603415
97 42 86710824 1560167 331353079 1560209 418063903
98 41 808116063 1560167 692183869 1560209 500299932
99 41 515556036 1560168 62469661 1560209 578025697
100 41 244213558 1560168 413217963 1560209 657431521
101 40 977223941 1560168 762444794 1560209 739668735
102 40 704033815 1560169 117357996 1560209 821391811
103 40 439364596 1560169 463161728 1560209 902526324
104 40 135626416 1560169 841775339 1560209 977401755
105 39 866356510 1560170 187959007 1560210 54315517
106 39 599263024 1560170 539416814 1560210 138679838
107 39 321608966 1560170 899042017 1560210 220650983
108 39 47295213 1560171 256110751 1560210 303405964
109 38 787832708 1560171 595843323 1560210 383676031
110 38 500634485 1560171 964028488 1560210 464662973
111 38 236381240 1560172 311445299 1560210 547826539
112 37 959884048 1560172 665937584 1560210 625821632
113 37 673298460 1560173 20847175 1560210 694145635
114 37 407040403 1560173 388339243 1560210 795379646
115 37 124206668 1560173 744965301 1560210 869171969
116 36 859159661 1560174 94887396 1560210 954047057
117 36 590874309 1560174 447771379 1560211 38645688
118 36 329906612 1560174 793057231 1560211 122963843
119 36 58224919 1560175 145414594 1560211 203639513
120 35 792475315 1560175 494355301 1560211 286830616
121 35 522498607 1560175 846137083 1560211 368635690
122 35 257044812 1560176 192665707 1560211 449710519
123 34 987532947 1560176 544605838 1560211 532138785
124 34 710829445 1560176 900935512 1560211 611764957
125 34 436494637 1560177 256578459 1560211 693073096
126 34 151692348 1560177 621708240 1560211 773400588
127 33 889053868 1560177 968743818 1560211 857797686
128 33 620148417 1560178 318434974 1560211 938583391
1 68 717486644 1560531 611114730 1560600 328601374
2 68 446676010 1560531 961947880 1560600 408623890
3 68 177822115 1560532 310087009 1560600 487909124
4 67 916181468 1560532 646827156 1560600 563008624
5 67 642706016 1560533 313587 1560600 643019603
6 67 387799017 1560533 338543094 1560600 726342111
7 67 108135203 1560533 696419514 1560600 804554717
8 66 822482968 1560534 58348634 1560600 880831602
9 66 559839602 1560534 402032052 1560600 961871654
10 66 288064319 1560534 758861882 1560601 46926201
11 66 17667547 1560535 111775362 1560601 129442909
12 65 744999690 1560535 467193867 1560601 212193557
13 65 476452141 1560535 812232834 1560601 288684975
14 65 201376813 1560536 166391993 1560601 367768806
15 64 900736222 1560536 541115345 1560601 441851567
16 64 637455682 1560536 886808910 1560601 524264592
17 64 377121898 1560537 231187001 1560601 608308899
18 64 101813871 1560537 582330385 1560601 684144256
19 63 850806480 1560537 915897909 1560601 766704389
20 63 553557324 1560538 290578983 1560601 844136307
21 63 266480784 1560538 655201661 1560601 921682445
22 62 981038120 1560539 19317256 1560602 355376
23 62 713201354 1560539 370792357 1560602 83993711
24 62 439652754 1560539 719224406 1560602 158877160
25 62 161573373 1560540 77705629 1560602 239279002
26 61 892192507 1560540 431162302 1560602 323354809
27 61 615292232 1560540 788965483 1560602 404257715
28 61 343273566 1560541 142910202 1560602 486183768
29 61 72789796 1560541 491369861 1560602 564159657
30 60 801372154 1560541 841783446 1560602 643155600
31 60 522070482 1560542 200939489 1560602 723009971
32 60 239901199 1560542 558700745 1560602 798601944
33 59 972006600 1560542 909604505 1560602 881611105
34 59 692182660 1560543 263609538 1560602 955792198
35 59 431908024 1560543 607946314 1560603 39854338
36 59 163303736 1560543 957208810 1560603 120512546
37 58 893532471 1560544 311458541 1560603 204991012
38 58 621971591 1560544 661228342 1560603 283199933
39 58 349064035 1560545 13273209 1560603 362337244
40 58 76688913 1560545 365536220 1560603 442225133
41 57 811129047 1560545 715701105 1560603 526830152
42 57 534929203 1560546 72335013 1560603 607264216
43 57 261459657 1560546 427071383 1560603 688531040
44 56 983133022 1560546 782435352 1560603 765568374
45 56 717097460 1560547 129339635 1560603 846437095
46 56 437065636 1560547 485632215 1560603 922697851
47 56 166004840 1560547 835530106 1560604 1534946
48 55 903411805 1560548 171873797 1560604 75285602
49 55 634360506 1560548 521233495 1560604 155594001
50 55 365727404 1560548 871762428 1560604 237489832
51 55 99389664 1560549 213686252 1560604 313075916
52 54 821070399 1560549 572626040 1560604 393696439
53 54 547387395 1560549 923287786 1560604 470675181
54 54 285428272 1560550 267588601 1560604 553016873
55 54 5172619 1560550 625604222 1560604 630776841
56 53 733629035 1560550 974964327 1560604 708593362
57 53 468846470 1560551 319317362 1560604 788163832
58 53 179064371 1560551 683925707 1560604 862990078
59 52 917056288 1560552 28488331 1560604 945544619
60 52 649996173 1560552 380843933 1560605 30840106
61 52 369947367 1560552 739961551 1560605 109908918
62 52 113316642 1560553 85623783 1560605 198940425
63 51 844566856 1560553 433592767 1560605 278159623
64 51 584189556 1560553 776607403 1560605 360796959
65 51 311875618 1560554 129272202 1560605 441147820
66 51 50112548 1560554 473507925 1560605 523620473
67 50 777673113 1560554 841545240 1560605 619218353
68 50 511644441 1560555 185116661 1560605 696761102
69 50 245751322 1560555 528733766 1560605 774485088
70 49 974406865 1560555 883922239 1560605 858329104
71 49 712621425 1560556 228290552 1560605 940911977
72 49 434668541 1560556 585848960 1560606 20517501
73 49 170852585 1560556 930560600 1560606 101413185
74 48 885742971 1560557 296024687 1560606 181767658
75 48 605517242 1560557 652776962 1560606 258294204
76 48 338115504 1560557 997179145 1560606 335294649
77 48 81722311 1560558 343588937 1560606 425311248
78 47 813864805 1560558 699542450 1560606 513407255
79 47 529294383 1560559 70162252 1560606 599456635
80 47 256688840 1560559 416716670 1560606 673405510
81 46 973311635 1560559 782852430 1560606 756164065
82 46 705286150 1560560 127975432 1560606 833261582
83 46 436480403 1560560 484959888 1560606 921440291
84 46 162460480 1560560 842958917 1560607 5419397
85 45 867288746 1560561 216541457 1560607 83830203
86 45 566121221 1560561 601028619 1560607 167149840
87 45 273299460 1560561 972906489 1560607 246205949
88 44 996305947 1560562 322694603 1560607 319000550
89 44 719928939 1560562 685804385 1560607 405733324
90 44 434504700 1560563 57140710 1560607 491645410
91 44 155015291 1560563 414284366 1560607 569299657
92 43 866749441 1560563 787874444 1560607 654623885
93 43 593274970 1560564 147448220 1560607 740723190
94 43 312389718 1560564 510526816 1560607 822916534
95 43 38833969 1560564 858207843 1560607 897041812
96 42 762078933 1560565 215394795 1560607 977473728
97 42 488140026 1560565 568227128 1560608 56367154
98 42 203122224 1560565 929508982 1560608 132631206
99 41 931020171 1560566 282716104 1560608 213736275
100 41 648136142 1560566 648748607 1560608 296884749
101 41 379591871 1560566 997513019 1560608 377104890
102 41 123819851 1560567 349072285 1560608 472892136
103 40 855342542 1560567 697693422 1560608 553035964
104 40 589596013 1560568 48595756 1560608 638191769
105 40 317409924 1560568 407061850 1560608 724471774
106 40 16766019 1560568 778729539 1560608 795495558
107 39 745965552 1560569 132746404 1560608 878711956
108 39 474065216 1560569 484674422 1560608 958739638
109 39 186681664 1560569 852732792 1560609 39414456
110 38 886631859 1560570 226656344 1560609 113288203
111 38 610057855 1560570 582162533 1560609 192220388
112 38 350179953 1560570 928647286 1560609 278827239
113 38 76823258 1560571 282956479 1560609 359779737
114 37 790185653 1560571 652946201 1560609 443131854
115 37 522116947 1560572 8524962 1560609 530641909
116 37 217138182 1560572 391111772 1560609 608249954
117 36 943070667 1560572 751167001 1560609 694237668
118 36 653487676 1560573 119820082 1560609 773307758
119 36 377357090 1560573 476919184 1560609 854276274
120 36 99696663 1560573 836549052 1560609 936245715
121 35 809718607 1560574 205803861 1560610 15522468
122 35 514047845 1560574 577514642 1560610 91562487
123 35 238712632 1560574 938222137 1560610 176934769
124 34 959156150 1560575 301657171 1560610 260813321
125 34 682000491 1560575 661029525 1560610 343030016
126 34 414848342 1560576 14125260 1560610 428973602
127 34 126619583 1560576 381798657 1560610 508418240
128 33 842264713 1560576 745811476 1560610 588076189
1 68 362940273 1560925 411730870 1560993 774671143
2 68 82328066 1560925 774934831 1560993 857262897
3 67 807936164 1560926 129019747 1560993 936955911
4 67 531011923 1560926 490443353 1560994 21455276
5 67 255841981 1560926 835772327 1560994 91614308
6 66 983261230 1560927 188935075 1560994 172196305
7 66 711690404 1560927 542138766 1560994 253829170
8 66 459759828 1560927 886565294 1560994 346325122
9 66 180535205 1560928 244740630 1560994 425275835
10 65 912942542 1560928 594361243 1560994 507303785
11 65 647694557 1560928 941936747 1560994 589631304
12 65 373940699 1560929 292390695 1560994 666331394
13 65 106588366 1560929 636944165 1560994 743532531
14 64 833157669 1560929 990579625 1560994 823737294
15 64 560506660 1560930 340807374 1560994 901314034
16 64 288444491 1560930 696823030 1560994 985267521
17 64 25440592 1560931 37517222 1560995 62957814
18 63 739342825 1560931 402590165 1560995 141932990
19 63 470332913 1560931 746111969 1560995 216444882
20 63 213105717 1560932 89758975 1560995 302864692
21 62 936037942 1560932 443310696 1560995 379348638
22 62 649621811 1560932 808714003 1560995 458335814
23 62 390586668 1560933 157102547 1560995 547689215
24 62 134940257 1560933 497436301 1560995 632376558
25 61 846226892 1560933 866550648 1560995 712777540
26 61 566199878 1560934 222543507 1560995 788743385
27 61 308245585 1560934 567266566 1560995 875512151
28 61 36351359 1560934 916147729 1560995 952499088
29 60 768945823 1560935 265910264 1560996 34856087
30 60 492664848 1560935 621615796 1560996 114280644
31 60 218676958 1560935 969812361 1560996 188489319
32 59 950423513 1560936 322046533 1560996 272470046
33 59 681799556 1560936 669838255 1560996 351637811
34 59 410084549 1560937 23278015 1560996 433362564
35 59 143680938 1560937 373311674 1560996 516992612
36 58 877680135 1560937 719718941 1560996 597399076
37 58 599779951 1560938 77688002 1560996 677467953
38 58 336205971 1560938 428027507 1560996 764233478
39 58 60687796 1560938 779994666 1560996 840682462
40 57 796123520 1560939 126998273 1560996 923121793
41 57 524102759 1560939 485243885 1560997 9346644
42 57 251042796 1560939 834612168 1560997 85654964
43 56 977259939 1560940 192163941 1560997 169423880
44 56 717942970 1560940 536848388 1560997 254791358
45 56 446777303 1560940 888011174 1560997 334788477
46 56 177954796 1560941 235277294 1560997 413232090
47 55 906194012 1560941 587114603 1560997 493308615
48 55 641229929 1560941 939973282 1560997 581203211
49 55 373875411 1560942 286921204 1560997 660796615
50 55 106458672 1560942 634047438 1560997 740506110
51 54 829999998 1560942 989838133 1560997 819838131
52 54 550982817 1560943 349491180 1560997 900473997
53 54 265362282 1560943 713058596 1560997 978420878
54 54 2316385 1560944 62132940 1560998 64449325
55 53 718162526 1560944 419576511 1560998 137739037
56 53 442022511 1560944 781041190 1560998 223063701
57 53 175525940 1560945 127113814 1560998 302639754
58 52 894751924 1560945 493214791 1560998 387966715
59 52 625119247 1560945 843548481 1560998 468667728
60 52 359451566 1560946 192636992 1560998 552088558
61 52 81734805 1560946 553038802 1560998 634773607
62 51 798070900 1560946 910861087 1560998 708931987
63 51 534179427 1560947 259589734 1560998 793769161
64 51 262482660 1560947 616905344 1560998 879388004
65 50 980534166 1560947 975070790 1560998 955604956
66 50 708148228 1560948 325375165 1560999 33523393
67 50 442410179 1560948 676153624 1560999 118563803
68 50 172762095 1560949 23290709 1560999 196052804
69 49 900610652 1560949 375797764 1560999 276408416
70 49 617033467 1560949 738102056 1560999 355135523
71 49 347091741 1560950 87975291 1560999 435067032
72 49 71497662 1560950 442670322 1560999 514167984
73 48 791668589 1560950 798126987 1560999 589795576
74 48 523565902 1560951 148016314 1560999 671582216
75 48 235887019 1560951 514623078 1560999 750510097
76 47 968542872 1560951 865860713 1560999 834403585
77 47 703201538 1560952 217606301 1560999 920807839
78 47 431734601 1560952 569699289 1561000 1433890
79 47 160160610 1560952 922630762 1561000 82791372
80 46 882958303 1560953 279894465 1561000 162852768
81 46 605971639 1560953 632942287 1561000 238913926
82 46 322759910 1560953 997343371 1561000 320103281
83 46 57023344 1560954 343982502 1561000 401005846
84 45 784548463 1560954 697968917 1561000 482517380
85 45 517471904 1560955 51225531 1561000 568697435
86 45 234001532 1560955 415129884 1561000 649131416
87 44 969571348 1560955 762528481 1561000 732099829
88 44 703740968 1560956 117039349 1561000 820780317
89 44 426843229 1560956 477332716 1561000 904175945
90 44 152750232 1560956 829308299 1561000 982058531
91 43 870331044 1560957 190705533 1561001 61036577
92 43 606941655 1560957 540072259 1561001 147013914
93 43 332908416 1560957 894596015 1561001 227504431
94 43 70230883 1560958 242794171 1561001 313025054
95 42 772654877 1560958 613031049 1561001 385685926
96 42 502762576 1560958 963301184 1561001 466063760
97 42 210136401 1560959 328070408 1561001 538206809
98 41 935707650 1560959 682931732 1561001 618639382
99 41 677653399 1560960 32749338 1561001 710402737
100 41 397454242 1560960 385067062 1561001 782521304
101 41 129000284 1560960 735797743 1561001 864798027
102 40 851734145 1560961 101275546 1561001 953009691
103 40 581931177 1560961 455528492 1561002 37459669
104 40 307904382 1560961 807831106 1561002 115735488
105 40 45050520 1560962 154450829 1561002 199501349
106 39 747753416 1560962 533200709 1561002 280954125
107 39 494493849 1560962 875072135 1561002 369565984
108 39 217202266 1560963 238650919 1561002 455853185
109 38 940425933 1560963 595908918 1561002 536334851
110 38 669393969 1560963 953650445 1561002 623044414
111 38 393268253 1560964 305240683 1561002 698508936
112 38 119436232 1560964 663543440 1561002 782979672
113 37 835155395 1560965 28138741 1561002 863294136
114 37 557537912 1560965 386981172 1561002 944519084
115 37 271267595 1560965 756080812 1561003 27348407
116 37 18830679 1560966 97979275 1561003 116809954
117 36 732117242 1560966 462496596 1561003 194613838
118 36 457546792 1560966 816260551 1561003 273807343
119 36 185451423 1560967 173399052 1561003 358850475
120 35 912197855 1560967 525299488 1561003 437497343
121 35 637811624 1560967 883085587 1561003 520897211
122 35 349503180 1560968 252746216 1561003 602249396
123 35 72167968 1560968 612880141 1561003 685048109
124 34 799340781 1560968 964013591 1561003 763354372
125 34 535953558 1560969 312768699 1561003 848722257
126 34 262836322 1560969 662041703 1561003 924878025
127 33 989805583 1560970 20289275 1561004 10094858
128 33 704999774 1560970 388733280 1561004 93733054
1 68 928342765 1561319 987853911 1561388 916196676
2 68 619488274 1561320 376367616 1561388 995855890
3 68 358345190 1561320 723550586 1561389 81895776
4 68 81825053 1561321 81365516 1561389 163190569
5 67 810854031 1561321 432900845 1561389 243754876
6 67 549959869 1561321 772988285 1561389 322948154
7 67 274075109 1561322 126720294 1561389 400795403
8 67 10663014 1561322 474758858 1561389 485421872
9 66 734685125 1561322 825765735 1561389 560450860
10 66 484302296 1561323 169630861 1561389 653933157
11 66 218689337 1561323 521850714 1561389 740540051
12 65 949017900 1561323 877801180 1561389 826819080
13 65 683157872 1561324 222316349 1561389 905474221
14 65 413947112 1561324 567317120 1561389 981264232
15 65 145480559 1561324 918202166 1561390 63682725
16 64 857512422 1561325 289405873 1561390 146918295
17 64 593730853 1561325 633707009 1561390 227437862
18 64 320813406 1561325 983775496 1561390 304588902
19 64 45381952 1561326 338909922 1561390 384291874
20 63 776836252 1561326 697071605 1561390 473907857
21 63 505223410 1561327 51364658 1561390 556588068
22 63 226169988 1561327 410112681 1561390 636282669
23 62 952494130 1561327 764403679 1561390 716897809
24 62 676073806 1561328 126494433 1561390 802568239
25 62 399555466 1561328 479558454 1561390 879113920
26 62 113692992 1561328 843601763 1561390 957294755
27 61 850514726 1561329 202196585 1561391 52711311
28 61 566675324 1561329 567609200 1561391 134284524
29 61 302865015 1561329 916470989 1561391 219336004
30 61 25517301 1561330 272614414 1561391 298131715
31 60 753478782 1561330 626298479 1561391 379777261
32 60 467910673 1561330 987701190 1561391 455611863
33 60 190823695 1561331 346134645 1561391 536958340
34 59 887264047 1561331 723279329 1561391 610543376
35 59 621320427 1561332 82939630 1561391 704260057
36 59 351415681 1561332 433353592 1561391 784769273
37 59 86259157 1561332 793951097 1561391 880210254
38 58 814540779 1561333 139916182 1561391 954456961
39 58 547485552 1561333 487434607 1561392 34920159
40 58 282372305 1561333 839497463 1561392 121869768
41 58 8398082 1561334 193564336 1561392 201962418
42 57 729043649 1561334 552301636 1561392 281345285
43 57 454900874 1561334 907428136 1561392 362329010
44 57 190443744 1561335 252535256 1561392 442979000
45 56 923251649 1561335 601489505 1561392 524741154
46 56 657755224 1561335 952850264 1561392 610605488
47 56 369504779 1561336 322903418 1561392 692408197
48 56 103831265 1561336 675004329 1561392 778835594
49 55 824873787 1561337 42617198 1561392 867490985
50 55 539098257 1561337 410707853 1561392 949806110
51 55 264056962 1561337 769805128 1561393 33862090
52 54 989637581 1561338 128369839 1561393 118007420
53 54 713695785 1561338 485958606 1561393 199654391
54 54 432052360 1561338 847440630 1561393 279492990
55 54 168814428 1561339 194176886 1561393 362991314
56 53 882326042 1561339 556975125 1561393 439301167
57 53 598012279 1561339 923932766 1561393 521945045
58 53 335772439 1561340 272509504 1561393 608281943
59 53 73193459 1561340 619021245 1561393 692214704
60 52 804464745 1561340 967675037 1561393 772139782
61 52 533458392 1561341 329719476 1561393 863177868
62 52 251989703 1561341 692985818 1561393 944975521
63 51 974404420 1561342 54303402 1561394 28707822
64 51 715578552 1561342 406198131 1561394 121776683
65 51 444054505 1561342 757005473 1561394 201059978
66 51 172474365 1561343 113023493 1561394 285497858
67 50 896697492 1561343 471822273 1561394 368519765
68 50 625866709 1561343 826792368 1561394 452659077
69 50 349407924 1561344 181430562 1561394 530838486
70 50 73818066 1561344 536079849 1561394 609897915
71 49 803667417 1561344 885910674 1561394 689578091
72 49 532229553 1561345 238162247 1561394 770391800
73 49 254976394 1561345 595781995 1561394 850758389
74 48 963517326 1561345 968445654 1561394 931962980
75 48 694198253 1561346 328950346 1561395 23148599
76 48 408930047 1561346 692281093 1561395 101211140
77 48 131545206 1561347 52667657 1561395 184212863
78 47 867479847 1561347 398525466 1561395 266005313
79 47 588850251 1561347 764098597 1561395 352948848
80 47 315425944 1561348 117564295 1561395 432990239
81 47 43834527 1561348 467499451 1561395 511333978
82 46 755356809 1561348 830518186 1561395 585874995
83 46 478335090 1561349 191192170 1561395 669527260
84 46 203133651 1561349 546391798 1561395 749525449
85 45 926133617 1561349 905890286 1561395 832023903
86 45 658176945 1561350 261743475 1561395 919920420
87 45 388393881 1561350 610693206 1561395 999087087
88 45 97436434 1561350 975737142 1561396 73173576
89 44 808727201 1561351 344821519 1561396 153548720
90 44 531228547 1561351 706107121 1561396 237335668
91 44 264195227 1561352 56158311 1561396 320353538
92 43 979550767 1561352 419109659 1561396 398660426
93 43 689697854 1561352 786322627 1561396 476020481
94 43 415050070 1561353 142491606 1561396 557541676
95 43 123365229 1561353 512899272 1561396 636264501
96 42 820420383 1561353 892450520 1561396 712870903
97 42 535875774 1561354 251015322 1561396 786891096
98 42 272440958 1561354 598086145 1561396 870527103
99 42 1238923 1561354 947695769 1561396 948934692
100 41 725900283 1561355 303834286 1561397 29734569
101 41 468271632 1561355 654823588 1561397 123095220
102 41 185987812 1561356 13619701 1561397 199607513
103 40 911663690 1561356 366372320 1561397 278036010
104 40 638843242 1561356 723272544 1561397 362115786
105 40 370017531 1561357 72291143 1561397 442308674
106 40 92449676 1561357 432826333 1561397 525276009
107 39 824074697 1561357 785452677 1561397 609527374
108 39 526733705 1561358 162538917 1561397 689272622
109 39 271485305 1561358 506076789 1561397 777562094
110 38 977048758 1561358 882853609 1561397 859902367
111 38 699019930 1561359 246768678 1561397 945788608
112 38 435681316 1561359 588478141 1561398 24159457
113 38 144886698 1561359 953899274 1561398 98785972
114 37 853289541 1561360 328706502 1561398 181996043
115 37 596513578 1561360 674610309 1561398 271123887
116 37 310177892 1561361 38475824 1561398 348653716
117 37 23342679 1561361 409068467 1561398 432411146
118 36 743441609 1561361 769645823 1561398 513087432
119 36 467509222 1561362 133301564 1561398 600810786
120 36 192021547 1561362 484444122 1561398 676465669
121 35 914313491 1561362 844119514 1561398 758433005
122 35 651880767 1561363 191296593 1561398 843177360
123 35 379132577 1561363 550374608 1561398 929507185
124 35 109974466 1561363 894501283 1561399 4475749
125 34 843570745 1561364 249076552 1561399 92647297
126 34 568346548 1561364 602977982 1561399 171324530
127 34 293689969 1561364 960565285 1561399 254255254
128 34 31308226 1561365 309185428 1561399 340493654
1 68 736687500 1561714 421629005 1561783 158316505
2 68 452255618 1561714 788251790 1561783 240507408
3 68 171397260 1561715 144921897 1561783 316319157
4 67 914171702 1561715 486945567 1561783 401117269
5 67 655584300 1561715 834277763 1561783 489862063
6 67 390519357 1561716 178008696 1561783 568528053
7 67 115019709 1561716 536269828 1561783 651289537
8 66 846953879 1561716 884747410 1561783 731701289
9 66 582894251 1561717 228230847 1561783 811125098
10 66 319233095 1561717 579686667 1561783 898919762
11 66 62964148 1561717 919792578 1561783 982756726
12 65 791213613 1561718 267951443 1561784 59165056
13 65 535433989 1561718 603358260 1561784 138792249
14 65 253434598 1561718 964065622 1561784 217500220
15 64 988941329 1561719 313320299 1561784 302261628
16 64 706120286 1561719 672819037 1561784 378939323
17 64 431066556 1561720 29083652 1561784 460150208
18 64 144775358 1561720 389511261 1561784 534286619
19 63 882074129 1561720 737027250 1561784 619101379
20 63 613959394 1561721 83156821 1561784 697116215
21 63 357275880 1561721 425763665 1561784 783039545
22 63 98239913 1561721 764129868 1561784 862369781
23 62 824602469 1561722 119312579 1561784 943915048
24 62 555926986 1561722 465861994 1561785 21788980
25 62 286748327 1561722 820619545 1561785 107367872
26 62 10153052 1561723 174863015 1561785 185016067
27 61 738231631 1561723 523602443 1561785 261834074
28 61 459394234 1561723 887169953 1561785 346564187
29 61 197448489 1561724 231755703 1561785 429204192
30 60 936133012 1561724 572676819 1561785 508809831
31 60 670484949 1561724 916207738 1561785 586692687
32 60 391987953 1561725 272589480 1561785 664577433
33 60 105435964 1561725 630947129 1561785 736383093
34 59 831763134 1561725 991048484 1561785 822811618
35 59 563434143 1561726 331231782 1561785 894665925
36 59 290280562 1561726 689572060 1561785 979852622
37 59 13525142 1561727 43185727 1561786 56710869
38 58 740000512 1561727 395357255 1561786 135357767
39 58 481168337 1561727 741750932 1561786 222919269
40 58 209675241 1561728 89974518 1561786 299649759
41 57 935641565 1561728 444071342 1561786 379712907
42 57 668500329 1561728 796023486 1561786 464523815
43 57 393164493 1561729 152905181 1561786 546069674
44 57 108391155 1561729 517462728 1561786 625853883
45 56 826000493 1561729 879439047 1561786 705439540
46 56 553893150 1561730 232673221 1561786 786566371
47 56 267692692 1561730 598396467 1561786 866089159
48 55 996753605 1561730 945093045 1561786 941846650
49 55 722483007 1561731 299916596 1561787 22399603
50 55 433771839 1561731 669919796 1561787 103691635
51 55 153402953 1561732 27184651 1561787 180587604
52 54 865318032 1561732 392203540 1561787 257521572
53 54 601278865 1561732 738987469 1561787 340266334
54 54 329549404 1561733 96342711 1561787 425892115
55 54 47805322 1561733 462798924 1561787 510604246
56 53 775326171 1561733 827390970 1561787 602717141
57 53 506788630 1561734 174243582 1561787 681032212
58 53 226826866 1561734 535055405 1561787 761882271
59 52 954350474 1561734 886370487 1561787 840720961
60 52 668636377 1561735 248330676 1561787 916967053
61 52 382101537 1561735 616015773 1561787 998117310
62 52 112773047 1561735 967947287 1561788 80720334
63 51 855206255 1561736 312542740 1561788 167748995
64 51 605520662 1561736 652593392 1561788 258114054
65 51 344563602 1561736 998634780 1561788 343198382
66 51 86106346 1561737 343569226 1561788 429675572
67 50 826206692 1561737 689705945 1561788 515912637
68 50 556573061 1561738 36340691 1561788 592913752
69 50 293132697 1561738 387252873 1561788 680385570
70 50 11261896 1561738 744808852 1561788 756070748
71 49 741330382 1561739 92856163 1561788 834186545
72 49 464163025 1561739 449239980 1561788 913403005
73 49 194913479 1561739 798528878 1561788 993442357
74 48 925658488 1561740 151774904 1561789 77433392
75 48 638928337 1561740 520986822 1561789 159915159
76 48 369897953 1561740 874228663 1561789 244126616
77 48 93763651 1561741 240779226 1561789 334542877
78 47 809344974 1561741 598627958 1561789 407972932
79 47 518971911 1561741 976511968 1561789 495483879
80 47 226293043 1561742 345763608 1561789 572056651
81 46 956751539 1561742 695159615 1561789 651911154
82 46 671267086 1561743 68400993 1561789 739668079
83 46 400345406 1561743 432733395 1561789 833078801
84 46 111135209 1561743 796099780 1561789 907234989
85 45 836655987 1561744 145689228 1561789 982345215
86 45 569475233 1561744 498088807 1561790 67564040
87 45 293955680 1561744 852682898 1561790 146638578
88 45 11163823 1561745 216220612 1561790 227384435
89 44 734102928 1561745 574918439 1561790 309021367
90 44 458861034 1561745 934119812 1561790 392980846
91 44 190192680 1561746 282911720 1561790 473104400
92 43 898527662 1561746 650768202 1561790 549295864
93 43 609137396 1561747 16057975 1561790 625195371
94 43 332255572 1561747 375251144 1561790 707506716
95 43 49966150 1561747 742738707 1561790 792704857
96 42 781591605 1561748 89755612 1561790 871347217
97 42 506782889 1561748 447257240 1561790 954040129
98 42 234037799 1561748 799566265 1561791 33604064
99 41 973240274 1561749 154790622 1561791 128030896
100 41 688578416 1561749 515230415 1561791 203808831
101 41 409221103 1561749 872553620 1561791 281774723
102 41 118594750 1561750 241537099 1561791 360131849
103 40 839596023 1561750 601980836 1561791 441576859
104 40 557779591 1561750 964306407 1561791 522085998
105 40 292304953 1561751 328793084 1561791 621098037
106 40 13391631 1561751 686232324 1561791 699623955
107 39 720480175 1561752 58649532 1561791 779129707
108 39 442273246 1561752 419188138 1561791 861461384
109 39 174321694 1561752 771975820 1561791 946297514
110 38 878464108 1561753 142983445 1561792 21447553
111 38 609050972 1561753 490728892 1561792 99779864
112 38 325852234 1561753 857273103 1561792 183125337
113 38 54610931 1561754 209938898 1561792 264549829
114 37 789292345 1561754 562863800 1561792 352156145
115 37 488816350 1561754 939837420 1561792 428653770
116 37 212129393 1561755 292456198 1561792 504585591
117 36 943545426 1561755 647362487 1561792 590907913
118 36 650960926 1561756 20045616 1561792 671006542
119 36 369704243 1561756 384360055 1561792 754064298
120 36 92409761 1561756 744117398 1561792 836527159
121 35 818077054 1561757 96399738 1561792 914476792
122 35 550414698 1561757 455824292 1561793 6238990
123 35 275938458 1561757 815622300 1561793 91560758
124 35 15613498 1561758 167806272 1561793 183419770
125 34 739001873 1561758 532063805 1561793 271065678
126 34 463511800 1561758 888416103 1561793 351927903
127 34 189219147 1561759 242688553 1561793 431907700
128 33 926294404 1561759 592765158 1561793 519059562
1 68 416995149 1562105 527192537 1562173 944187686
2 68 125946937 1562105 892790059 1562174 18736996
3 67 854265109 1562106 247504365 1562174 101769474
4 67 599762075 1562106 587898192 1562174 187660267
5 67 318079200 1562106 944635274 1562174 262714474
6 67 57999219 1562107 294986018 1562174 352985237
7 66 786992897 1562107 640354432 1562174 427347329
8 66 518124032 1562107 988635549 1562174 506759581
9 66 245391982 1562108 341845349 1562174 587237331
10 65 982276764 1562108 685030269 1562174 667307033
11 65 708561623 1562109 40640095 1562174 749201718
12 65 448695861 1562109 378601394 1562174 827297255
13 65 183035582 1562109 721107346 1562174 904142928
14 64 905295574 1562110 77227996 1562174 982523570
15 64 625029135 1562110 432568050 1562175 57597185
16 64 377854329 1562110 775601751 1562175 153456080
17 64 105722491 1562111 128637016 1562175 234359507
18 63 842631958 1562111 469630812 1562175 312262770
19 63 579213968 1562111 816233647 1562175 395447615
20 63 313134104 1562112 153719178 1562175 466853282
21 63 43244667 1562112 506708259 1562175 549952926
22 62 775709646 1562112 857660028 1562175 633369674
23 62 514122121 1562113 197836895 1562175 711959016
24 62 239423906 1562113 547919700 1562175 787343606
25 61 991043125 1562113 891969158 1562175 883012283
26 61 705115832 1562114 249342858 1562175 954458690
27 61 435182210 1562114 602299217 1562176 37481427
28 61 154790810 1562114 961066001 1562176 115856811
29 60 875413279 1562115 322856244 1562176 198269523
30 60 609820368 1562115 669801925 1562176 279622293
31 60 322731117 1562116 28589652 1562176 351320769
32 60 52841272 1562116 377965952 1562176 430807224
33 59 764864816 1562116 750872812 1562176 515737628
34 59 487643946 1562117 103270164 1562176 590914110
35 59 205836092 1562117 471281842 1562176 677117934
36 58 939003410 1562117 822929042 1562176 761932452
37 58 674662272 1562118 169028090 1562176 843690362
38 58 405011885 1562118 528087405 1562176 933099290
39 58 126244101 1562118 886667267 1562177 12911368
40 57 851623829 1562119 243070467 1562177 94694296
41 57 579461436 1562119 600742271 1562177 180203707
42 57 305296748 1562119 954497208 1562177 259793956
43 57 30289465 1562120 310590803 1562177 340880268
44 56 750194096 1562120 669548768 1562177 419742864
45 56 470661865 1562121 23380666 1562177 494042531
46 56 194023373 1562121 385370091 1562177 579393464
47 55 922116567 1562121 742701087 1562177 664817654
48 55 639644448 1562122 106773175 1562177 746417623
49 55 366498389 1562122 465036376 1562177 831534765
50 55 100214103 1562122 820761330 1562177 920975433
51 54 817118478 1562123 177552318 1562177 994670796
52 54 554571268 1562123 522667978 1562178 77239246
53 54 255985703 1562123 899379098 1562178 155364801
54 53 984224690 1562124 252214442 1562178 236439132
55 53 727930322 1562124 595348418 1562178 323278740
56 53 448474829 1562124 955256161 1562178 403730990
57 53 177242196 1562125 313151572 1562178 490393768
58 52 914935610 1562125 662118158 1562178 577053768
59 52 640550686 1562126 19099476 1562178 659650162
60 52 360560704 1562126 374711747 1562178 735272451
61 52 80414892 1562126 742029068 1562178 822443960
62 51 818022863 1562127 82455949 1562178 900478812
63 51 526007782 1562127 449151967 1562178 975159749
64 51 252807206 1562127 806321022 1562179 59128228
65 50 971216570 1562128 165106657 1562179 136323227
66 50 680877233 1562128 538728170 1562179 219605403
67 50 409485065 1562128 888556387 1562179 298041452
68 50 132863814 1562129 247638183 1562179 380501997
69 49 855668686 1562129 604270526 1562179 459939212
70 49 582019192 1562129 962331712 1562179 544350904
71 49 306672286 1562130 317638378 1562179 624310664
72 49 22409849 1562130 674271796 1562179 696681645
73 48 750849259 1562131 28467835 1562179 779317094
74 48 475857643 1562131 382819130 1562179 858676773
75 48 206436326 1562131 735102206 1562179 941538532
76 47 914696573 1562132 110212264 1562180 24908837
77 47 645412049 1562132 463813204 1562180 109225253
78 47 358975730 1562132 824625503 1562180 183601233
79 47 108393287 1562133 169208118 1562180 277601405
80 46 831669075 1562133 521822058 1562180 353491133
81 46 545724302 1562133 879957446 1562180 425681748
82 46 282820968 1562134 231929677 1562180 514750645
83 46 9612114 1562134 583800650 1562180 593412764
84 45 737715660 1562134 936642512 1562180 674358172
85 45 464413641 1562135 289917031 1562180 754330672
86 45 201978391 1562135 639910967 1562180 841889358
87 44 927230678 1562135 988648575 1562180 915879253
88 44 654501332 1562136 343105461 1562180 997606793
89 44 382974594 1562136 697450941 1562181 80425535
90 44 112809606 1562137 41650897 1562181 154460503
91 43 837314314 1562137 395694698 1562181 233009012
92 43 563246958 1562137 748606447 1562181 311853405
93 43 309244489 1562138 95274559 1562181 404519048
94 43 32237227 1562138 449221047 1562181 481458274
95 42 757072095 1562138 807033090 1562181 564105185
96 42 490195840 1562139 154949214 1562181 645145054
97 42 219340180 1562139 509249214 1562181 728589394
98 41 952729569 1562139 863328162 1562181 816057731
99 41 661845021 1562140 227064145 1562181 888909166
100 41 381537193 1562140 589616448 1562181 971153641
101 41 120905686 1562140 933389560 1562182 54295246
102 40 827578297 1562141 306188089 1562182 133766386
103 40 565378803 1562141 652396246 1562182 217775049
104 40 309715700 1562142 3379310 1562182 313095010
105 40 48784459 1562142 342931634 1562182 391716093
106 39 772051506 1562142 704296404 1562182 476347910
107 39 473289093 1562143 77262652 1562182 550551745
108 39 191319890 1562143 436875252 1562182 628195142
109 38 934268425 1562143 782778249 1562182 717046674
110 38 665856867 1562144 133522410 1562182 799379277
111 38 386715479 1562144 496405688 1562182 883121167
112 38 111786899 1562144 857073897 1562182 968860796
113 37 824204009 1562145 225084445 1562183 49288454
114 37 545435392 1562145 582572198 1562183 128007590
115 37 266083250 1562145 944774470 1562183 210857720
116 36 998112608 1562146 293058587 1562183 291171195
117 36 704656944 1562146 663916691 1562183 368573635
118 36 441870053 1562147 9885464 1562183 451755517
119 36 147140581 1562147 382083189 1562183 529223770
120 35 862540207 1562147 750694244 1562183 613234451
121 35 582438208 1562148 112718076 1562183 695156284
122 35 318229865 1562148 459128951 1562183 777358816
123 35 48295243 1562148 807974594 1562183 856269837
124 34 777823131 1562149 163392850 1562183 941215981
125 34 501702297 1562149 517481594 1562184 19183891
126 34 221986569 1562149 874741092 1562184 96727661
127 33 945637146 1562150 232138124 1562184 177775270
128 33 651764712 1562150 599291522 1562184 251056234
