1 0 15181421 5882435 87375548 5882435 102556969
2 0 13632987 5882435 89190051 5882435 102823038
3 0 12820094 5882435 90270087 5882435 103090181
4 0 12166921 5882435 91222236 5882435 103389157
1 0 15093645 5882442 777057019 5882442 792150664
2 0 13564358 5882442 778859338 5882442 792423696
3 0 12867149 5882442 779820635 5882442 792687784
4 0 12123219 5882442 780862374 5882442 792985593
1 0 15123811 5882450 237542228 5882450 252666039
2 0 13592747 5882450 239344898 5882450 252937645
3 0 12725596 5882450 240476377 5882450 253201973
4 0 12082127 5882450 241422174 5882450 253504301
1 0 14771799 5882457 917277227 5882457 932049026
2 0 13220328 5882457 919102193 5882457 932322521
3 0 12400010 5882457 920193395 5882457 932593405
4 0 11824039 5882457 921159507 5882457 932983546
1 0 19721485 5882465 531842037 5882465 551563522
2 0 17715763 5882465 534204678 5882465 551920441
3 0 16783261 5882465 535484118 5882465 552267379
4 0 15967443 5882465 536697225 5882465 552664668
1 0 17199605 5882473 121684905 5882473 138884510
2 0 15127867 5882473 124028194 5882473 139156061
3 0 14116793 5882473 125307152 5882473 139423945
4 0 13297234 5882473 126523166 5882473 139820400
1 0 14748096 5882480 767118111 5882480 781866207
2 0 13222105 5882480 768917041 5882480 782139146
3 0 12518415 5882480 769886634 5882480 782405049
4 0 11769688 5882480 771023261 5882480 782792949
1 0 14805558 5882488 387484714 5882488 402290272
2 0 13246235 5882488 389317624 5882488 402563859
3 0 12394399 5882488 390436196 5882488 402830595
4 0 11812613 5882488 391410493 5882488 403223106
1 0 14678134 5882495 832132725 5882495 846810859
2 0 12988314 5882495 834093059 5882495 847081373
3 0 12291383 5882495 835057189 5882495 847348572
4 0 11767652 5882495 835974820 5882495 847742472
1 0 19441471 5882503 455580113 5882503 475021584
2 0 17368436 5882503 458013197 5882503 475381633
3 0 16405027 5882503 459330803 5882503 475735830
4 0 15426287 5882503 460708851 5882503 476135138
