1 0 20324344 5882510 937121074 5882510 957445418
2 0 18764391 5882510 938932707 5882510 957697098
3 0 18060886 5882510 939909966 5882510 957970852
4 0 17266012 5882510 940949484 5882510 958215496
5 0 16594432 5882510 941878078 5882510 958472510
6 0 15938444 5882510 942788950 5882510 958727394
7 0 15258772 5882510 943717636 5882510 958976408
8 0 14805706 5882510 944624360 5882510 959430066
1 0 20565080 5882519 27211000 5882519 47776080
2 0 19014368 5882519 29027855 5882519 48042223
3 0 18222623 5882519 30091243 5882519 48313866
4 0 17488304 5882519 31073576 5882519 48561880
5 0 16801317 5882519 32020892 5882519 48822209
6 0 16134922 5882519 32951171 5882519 49086093
7 0 15431972 5882519 33898524 5882519 49330496
8 0 14962777 5882519 34822025 5882519 49784802
1 0 20334214 5882526 886879926 5882526 907214140
2 0 18798279 5882526 888670597 5882526 907468876
3 0 18095441 5882526 889649226 5882526 907744667
4 0 17256197 5882526 890735651 5882526 907991848
5 0 16561766 5882526 891684929 5882526 908246695
6 0 15907185 5882526 892600727 5882526 908507912
7 0 15223438 5882526 893535784 5882526 908759222
8 0 14765855 5882526 894447674 5882526 909213529
1 0 20875667 5882534 707231496 5882534 728107163
2 0 19324492 5882534 709046851 5882534 728371343
3 0 18533396 5882534 710106794 5882534 728640190
4 0 17811094 5882534 711077443 5882534 728888537
5 0 17132385 5882534 712012944 5882534 729145329
6 0 16468434 5882534 712939075 5882534 729407509
7 0 15775928 5882534 713876854 5882534 729652782
8 0 15379713 5882534 714788485 5882534 730168198
1 0 20786390 5882542 727186890 5882542 747973280
2 0 19243734 5882542 728983041 5882542 748226775
3 0 18540822 5882542 729962930 5882542 748503752
4 0 17736281 5882542 731012855 5882542 748749136
5 0 17066423 5882542 731941060 5882542 749007483
6 0 16407065 5882542 732856395 5882542 749263460
7 0 15720263 5882542 733792989 5882542 749513252
8 0 15259734 5882542 734707787 5882542 749967521
1 0 20344473 5882550 856998019 5882550 877342492
2 0 18800187 5882550 858795411 5882550 877595598
3 0 18095385 5882550 859775171 5882550 877870556
4 0 17287586 5882550 860827651 5882550 878115237
5 0 16593266 5882550 861779022 5882550 878372288
6 0 15927370 5882550 862700320 5882550 878627690
7 0 15241179 5882550 863634914 5882550 878876093
8 0 14775299 5882550 864551656 5882550 879326955
1 0 14026035 5882558 712486169 5882558 726512204
2 0 12904445 5882558 713808718 5882558 726713163
3 0 12365974 5882558 714539371 5882558 726905345
4 0 11881575 5882558 715195229 5882558 727076804
5 0 11520730 5882558 715835106 5882558 727355836
6 0 11075905 5882558 716453854 5882558 727529759
7 0 10610618 5882558 717097712 5882558 727708330
8 0 10197273 5882558 717717886 5882558 727915159
1 0 20163346 5882566 857343545 5882566 877506891
2 0 18649486 5882566 859108549 5882566 877758035
3 0 17837075 5882566 860190325 5882566 878027400
4 0 17134533 5882566 861136066 5882566 878270599
5 0 16471767 5882566 862050994 5882566 878522761
6 0 15826447 5882566 862947773 5882566 878774220
7 0 15152607 5882566 863866775 5882566 879019382
8 0 14703318 5882566 864763740 5882566 879467058
1 0 26790335 5882574 858521081 5882574 885311416
2 0 24653689 5882574 860997165 5882574 885650854
3 0 23717003 5882574 862297622 5882574 886014625
4 0 22821464 5882574 863524044 5882574 886345508
5 0 21936740 5882574 864749058 5882574 886685798
6 0 21064997 5882574 865960702 5882574 887025699
7 0 20158644 5882574 867196512 5882574 887355156
8 0 19346028 5882574 868399435 5882574 887745463
1 0 20346010 5882582 767030052 5882582 787376062
2 0 18810001 5882582 768820352 5882582 787630353
3 0 18110533 5882582 769801000 5882582 787911533
4 0 17318733 5882582 770841147 5882582 788159880
5 0 16631598 5882582 771783685 5882582 788415283
6 0 15965647 5882582 772707872 5882582 788673519
7 0 15272512 5882582 773650132 5882582 788922644
8 0 14807354 5882582 774567059 5882582 789374413
