1 0 207508102 5882934 207425365 5882934 414933467
2 0 205883836 5882934 209241313 5882934 415125149
3 0 204984335 5882934 210292589 5882934 415276924
4 0 204186257 5882934 211254275 5882934 415440532
5 0 203447437 5882934 212169202 5882934 415616639
6 0 202691951 5882934 213091185 5882934 415783136
7 0 201932003 5882934 214037556 5882934 415969559
8 0 201292236 5882934 214938947 5882934 416231183
9 0 200563639 5882934 215844578 5882934 416408217
10 0 199869301 5882934 216743061 5882934 416612362
11 0 199132018 5882934 217654303 5882934 416786321
12 0 198402568 5882934 218549435 5882934 416952003
13 0 197646323 5882934 219479177 5882934 417125500
14 0 196853024 5882934 220441603 5882934 417294627
15 0 196124278 5882934 221344808 5882934 417469086
16 0 195321478 5882934 222319031 5882934 417640509
17 0 194591769 5882934 223224607 5882934 417816376
18 0 193841876 5882934 224141182 5882934 417983058
19 0 193057261 5882934 225101831 5882934 418159092
20 0 192291312 5882934 226035721 5882934 418327033
21 0 191492827 5882934 227014610 5882934 418507437
22 0 190761730 5882934 227917593 5882934 418679323
23 0 190059465 5882934 228804225 5882934 418863690
24 0 189351775 5882934 229678134 5882934 419029909
25 0 188537438 5882934 230667968 5882934 419205406
26 0 187826470 5882934 231546340 5882934 419372810
27 0 187400866 5882934 232427824 5882934 419828690
28 0 186715750 5882934 233328825 5882934 420044575
29 0 186003837 5882934 234238475 5882934 420242312
30 0 185282444 5882934 235126143 5882934 420408587
31 0 184569308 5882934 236014979 5882934 420584287
32 0 183858822 5882934 236887981 5882934 420746803
33 0 183159483 5882934 237771001 5882934 420930484
34 0 182445663 5882934 238653115 5882934 421098778
35 0 181717585 5882934 239551801 5882934 421269386
36 0 180918821 5882934 240540357 5882934 421459178
37 0 180175225 5882934 241455395 5882934 421630620
38 0 179474293 5882934 242329027 5882934 421803320
39 0 178764065 5882934 243202789 5882934 421966854
40 0 178041986 5882934 244096994 5882934 422138980
41 0 177324537 5882934 244977274 5882934 422301811
42 0 176616716 5882934 245861295 5882934 422478011
43 0 175866786 5882934 246777500 5882934 422644286
44 0 175152744 5882934 247667594 5882934 422820338
45 0 174432998 5882934 248553207 5882934 422986205
46 0 173740271 5882934 249421987 5882934 423162258
47 0 172964340 5882934 250364044 5882934 423328384
48 0 172268205 5882934 251251379 5882934 423519584
49 0 171551163 5882934 252144251 5882934 423695414
50 0 170839454 5882934 253030124 5882934 423869578
51 0 170178134 5882934 253902903 5882934 424081037
52 0 169463702 5882934 254786813 5882934 424250515
53 0 168763808 5882934 255670574 5882934 424434382
54 0 168040450 5882934 256565169 5882934 424605619
55 0 167333316 5882934 257452726 5882934 424786042
56 0 166601701 5882934 258347394 5882934 424949095
57 0 165865732 5882934 259270155 5882934 425135887
58 0 165116190 5882934 260185416 5882934 425301606
59 0 164385742 5882934 261097250 5882934 425482992
60 0 163676106 5882934 261971401 5882934 425647507
61 0 162960158 5882934 262858143 5882934 425818301
62 0 162246985 5882934 263743960 5882934 425990945
63 0 161532036 5882934 264633295 5882934 426165331
64 0 160797531 5882934 265531316 5882934 426328847
65 0 160090507 5882934 266414429 5882934 426504936
66 0 159387317 5882934 267298838 5882934 426686155
67 0 158685070 5882934 268168211 5882934 426853281
68 0 157949176 5882934 269074824 5882934 427024000
69 0 157237375 5882934 269949233 5882934 427186608
70 0 156451667 5882934 270906549 5882934 427358216
71 0 155717403 5882934 271812643 5882934 427530046
72 0 155022546 5882934 272682534 5882934 427705080
73 0 154287319 5882934 273580943 5882934 427868262
74 0 153587369 5882934 274451649 5882934 428039018
75 0 152870901 5882934 275338447 5882934 428209348
76 0 152150044 5882934 276234949 5882934 428384993
77 0 151455428 5882934 277099840 5882934 428555268
78 0 150730922 5882934 277994898 5882934 428725820
79 0 150031380 5882934 278867178 5882934 428898558
80 0 149311912 5882934 279754494 5882934 429066406
81 0 148528408 5882934 280709606 5882934 429238014
82 0 147827051 5882934 281586349 5882934 429413400
83 0 147124971 5882934 282465203 5882934 429590174
84 0 146368615 5882934 283396834 5882934 429765449
85 0 145645907 5882934 284291150 5882934 429937057
86 0 146149527 5882934 285177522 5882934 431327049
87 0 146304838 5882934 286061747 5882934 432366585
88 0 145598963 5882934 286943304 5882934 432542267
89 0 144904439 5882934 287816973 5882934 432721412
90 0 144163527 5882934 288721030 5882934 432884557
91 0 143451355 5882934 289603940 5882934 433055295
92 0 142685258 5882934 290533089 5882934 433218347
93 0 141976012 5882934 291412480 5882934 433388492
94 0 141266303 5882934 292283779 5882934 433550082
95 0 140552817 5882934 293173706 5882934 433726523
96 0 139829423 5882934 294060412 5882934 433889835
97 0 139084826 5882934 294975506 5882934 434060332
98 0 138377246 5882934 295845712 5882934 434222958
99 0 137666908 5882934 296729121 5882934 434396029
100 0 136943847 5882934 297614753 5882934 434558600
101 0 136254045 5882934 298487755 5882934 434741800
102 0 135519855 5882934 299384424 5882934 434904279
103 0 134776332 5882934 300300092 5882934 435076424
104 0 134046049 5882934 301193575 5882934 435239624
105 0 133333267 5882934 302078021 5882934 435411288
106 0 132616724 5882934 302958727 5882934 435575451
107 0 131919719 5882934 303844581 5882934 435764300
108 0 131189437 5882934 304738749 5882934 435928186
109 0 130450005 5882934 305647992 5882934 436097997
110 0 129748482 5882934 306520864 5882934 436269346
111 0 128983403 5882934 307449588 5882934 436432991
112 0 128254750 5882934 308349849 5882934 436604599
113 0 127547338 5882934 309224628 5882934 436771966
114 0 126807592 5882934 310141426 5882934 436949018
115 0 126072865 5882934 311040206 5882934 437113071
116 0 125351342 5882934 311931948 5882934 437283290
117 0 124644058 5882934 312803747 5882934 437447805
118 0 123928201 5882934 313689323 5882934 437617524
119 0 123221566 5882934 314565955 5882934 437787521
120 0 122521654 5882934 315436623 5882934 437958277
121 0 121785779 5882934 316335958 5882934 438121737
122 0 121079959 5882934 317214053 5882934 438294012
123 0 120367916 5882934 318100555 5882934 438468471
124 0 119597542 5882934 319034278 5882934 438631820
125 0 118905610 5882934 319903651 5882934 438809261
126 0 118132513 5882934 320840282 5882934 438972795
127 0 117403491 5882934 321747857 5882934 439151348
128 0 116674485 5882934 322639489 5882934 439313974
1 0 211050684 5882956 947394223 5882957 158444907
2 0 209596582 5882956 949208855 5882957 158805437
3 0 208886169 5882956 950289280 5882957 159175449
4 0 208341457 5882956 951268206 5882957 159609663
5 0 207749301 5882956 952202022 5882957 159951323
6 0 207262699 5882956 953142134 5882957 160404833
7 0 206614064 5882956 954101745 5882957 160715809
8 0 206071203 5882956 955021358 5882957 161092561
9 0 205510918 5882956 955941359 5882957 161452277
10 0 205075833 5882956 956849157 5882957 161924990
11 0 204533307 5882956 957770584 5882957 162303891
12 0 203920632 5882956 958686623 5882957 162607255
13 0 203351255 5882956 959633975 5882957 162985230
14 0 202715026 5882956 960604920 5882957 163319946
15 0 202216813 5882956 961508681 5882957 163725494
16 0 201607732 5882956 962495292 5882957 164103024
17 0 201047168 5882956 963403312 5882957 164450480
18 0 200436550 5882956 964351794 5882957 164788344
19 0 199821061 5882956 965341702 5882957 165162763
20 0 199784784 5882956 966240185 5882957 166024969
21 0 199084890 5882956 967221370 5882957 166306260
22 0 198351830 5882956 968135779 5882957 166487609
23 0 197635806 5882956 969037799 5882957 166673605
24 0 196913634 5882956 969925783 5882957 166839417
25 0 195973429 5882956 971039651 5882957 167013080
26 0 195257165 5882956 971925560 5882957 167182725
27 0 194540863 5882956 972817229 5882957 167358092
28 0 193803859 5882956 973726156 5882957 167530015
29 0 193061095 5882956 974643324 5882957 167704419
30 0 192328423 5882956 975542215 5882957 167870638
31 0 191610326 5882956 976436661 5882957 168046987
32 0 190892525 5882956 977319922 5882957 168212447
33 0 190166723 5882956 978221091 5882957 168387814
34 0 189455570 5882956 979116444 5882957 168572014
35 0 188693510 5882956 980056279 5882957 168749789
36 0 187957283 5882956 980973539 5882957 168930822
37 0 187203464 5882956 981893355 5882957 169096819
38 0 186493477 5882956 982775598 5882957 169269075
39 0 185782675 5882956 983655230 5882957 169437905
40 0 185059707 5882956 984559028 5882957 169618735
41 0 184353184 5882956 985441567 5882957 169794751
42 0 183619364 5882956 986350068 5882957 169969432
43 0 183922877 5882956 987271366 5882957 171194243
44 0 183202335 5882956 988171312 5882957 171373647
45 0 182473552 5882956 989069258 5882957 171542810
46 0 181779232 5882956 989944001 5882957 171723233
47 0 180980247 5882956 990910520 5882957 171890767
48 0 180267557 5882956 991797318 5882957 172064875
49 0 179548162 5882956 992702135 5882957 172250297
50 0 178822546 5882956 993594989 5882957 172417535
51 0 178168614 5882956 994469046 5882957 172637660
52 0 177439702 5882956 995367122 5882957 172806824
53 0 176722530 5882956 996260309 5882957 172982839
54 0 175986914 5882956 997162644 5882957 173149558
55 0 175265409 5882956 998058590 5882957 173323999
56 0 174527201 5882956 998963388 5882957 173490589
57 0 173779418 5882956 999895260 5882957 173674678
58 0 173005396 5882957 835038 5882957 173840434
59 0 172285242 5882957 1749207 5882957 174034449
60 0 171567552 5882957 2633357 5882957 174200909
61 0 170846195 5882957 3529266 5882957 174375461
62 0 170153468 5882957 4426823 5882957 174580291
63 0 169432314 5882957 5312733 5882957 174745047
64 0 168698865 5882957 6220808 5882957 174919673
65 0 167953953 5882957 7131939 5882957 175085892
66 0 167234708 5882957 8026885 5882957 175261593
67 0 166523961 5882957 8903258 5882957 175427219
68 0 165789660 5882957 9819056 5882957 175608716
69 0 164354243 5882957 11420211 5882957 175774454
70 0 163595813 5882957 12351323 5882957 175947136
71 0 162852474 5882957 13262547 5882957 176115021
72 0 162151414 5882957 14139956 5882957 176291370
73 0 161412279 5882957 15046958 5882957 176459237
74 0 160713866 5882957 15925108 5882957 176638974
75 0 160006731 5882957 16815166 5882957 176821897
76 0 159273078 5882957 17714797 5882957 176987875
77 0 158580999 5882957 18591373 5882957 177172372
78 0 157847660 5882957 19491949 5882957 177339609
79 0 157087693 5882957 20427302 5882957 177514995
80 0 156362800 5882957 21324729 5882957 177687529
81 0 155634201 5882957 22233213 5882957 177867414
82 0 154922419 5882957 23112066 5882957 178034485
83 0 154209450 5882957 24011976 5882957 178221426
84 0 153431076 5882957 24955810 5882957 178386886
85 0 152698572 5882957 25862589 5882957 178561161
86 0 151989640 5882957 26742721 5882957 178732361
87 0 151278728 5882957 27627204 5882957 178905932
88 0 150546945 5882957 28531984 5882957 179078929
89 0 149841218 5882957 29412578 5882957 179253796
90 0 148748053 5882957 30680425 5882957 179428478
91 0 148007863 5882957 31588723 5882957 179596586
92 0 147294951 5882957 32481354 5882957 179776305
93 0 146575149 5882957 33366912 5882957 179942061
94 0 145911347 5882957 34243969 5882957 180155316
95 0 145189379 5882957 35143045 5882957 180332424
96 0 144472559 5882957 36033769 5882957 180506328
97 0 143723740 5882957 36950289 5882957 180674029
98 0 143022437 5882957 37829736 5882957 180852173
99 0 142298377 5882957 38720738 5882957 181019115
100 0 141574261 5882957 39617536 5882957 181191797
101 0 140809480 5882957 40554814 5882957 181364294
102 0 140073030 5882957 41466205 5882957 181539235
103 0 139369321 5882957 42350003 5882957 181719324
104 0 138638649 5882957 43246264 5882957 181884913
105 0 137915736 5882957 44143859 5882957 182059595
106 0 137193047 5882957 45032027 5882957 182225074
107 0 136471838 5882957 45928603 5882957 182400441
108 0 135750536 5882957 46827568 5882957 182578104
109 0 135030069 5882957 47728754 5882957 182758823
110 0 134312656 5882957 48610164 5882957 182922820
111 0 133543911 5882957 49557757 5882957 183101668
112 0 131845869 5882957 51421815 5882957 183267684
113 0 131115290 5882957 52337353 5882957 183452643
114 0 130394025 5882957 53229041 5882957 183623066
115 0 129683594 5882957 54119172 5882957 183802766
116 0 128958071 5882957 55018581 5882957 183976652
117 0 128245307 5882957 55896657 5882957 184141964
118 0 127529691 5882957 56787418 5882957 184317109
119 0 126806482 5882957 57676161 5882957 184482643
120 0 126101939 5882957 58554811 5882957 184656750
121 0 126716317 5882957 59453998 5882957 186170315
122 0 125955572 5882957 60389777 5882957 186345349
123 0 125227714 5882957 61283983 5882957 186511697
124 0 124457044 5882957 62231039 5882957 186688083
125 0 123741317 5882957 63111726 5882957 186853043
126 0 123026163 5882957 64003210 5882957 187029373
127 0 122294806 5882957 64913026 5882957 187207832
128 0 121575746 5882957 65805546 5882957 187381292
1 0 211104647 5882980 7315119 5882980 218419766
2 0 209441123 5882980 9172547 5882980 218613670
3 0 208517362 5882980 10249046 5882980 218766408
4 0 207687378 5882980 11250286 5882980 218937664
5 0 206938447 5882980 12181158 5882980 219119605
6 0 206175832 5882980 13118770 5882980 219294602
7 0 205399995 5882980 14077733 5882980 219477728
8 0 204659175 5882980 14993772 5882980 219652947
9 0 204023557 5882980 15913366 5882980 219936923
10 0 204022372 5882980 16827515 5882980 220849887
11 0 203288016 5882980 17748461 5882980 221036477
12 0 202553030 5882980 18657851 5882980 221210881
13 0 201789321 5882980 19601723 5882980 221391044
14 0 200978540 5882980 20582408 5882980 221560948
15 0 200249443 5882980 21489539 5882980 221738982
16 0 199443846 5882980 22471947 5882980 221915793
17 0 198706508 5882980 23384282 5882980 222090790
18 0 197925838 5882980 24335153 5882980 222260991
19 0 196668824 5882980 25768904 5882980 222437728
20 0 195922912 5882980 26682313 5882980 222605225
21 0 195135167 5882980 27660591 5882980 222795758
22 0 194385756 5882980 28580147 5882980 222965903
23 0 193678065 5882980 29483094 5882980 223161159
24 0 192864840 5882980 30464723 5882980 223329563
25 0 192129854 5882980 31375762 5882980 223505616
26 0 191416163 5882980 32257412 5882980 223673575
27 0 190703659 5882980 33146932 5882980 223850591
28 0 189970376 5882980 34054545 5882980 224024921
29 0 189229889 5882980 34972491 5882980 224202380
30 0 188505699 5882980 35878067 5882980 224383766
31 0 188139854 5882980 36773809 5882980 224913663
32 0 187431015 5882980 37658941 5882980 225089956
33 0 186710585 5882980 38557683 5882980 225268268
34 0 185991357 5882980 39452389 5882980 225443746
35 0 185144522 5882980 40477684 5882980 225622206
36 0 184447608 5882980 41372594 5882980 225820202
37 0 183693937 5882980 42300817 5882980 225994754
38 0 182975173 5882980 43184171 5882980 226159344
39 0 182262741 5882980 44068451 5882980 226331192
40 0 181531330 5882980 44974174 5882980 226505504
41 0 180809177 5882980 45862565 5882980 226671742
42 0 180094190 5882980 46757567 5882980 226851757
43 0 179332704 5882980 47683642 5882980 227016346
44 0 178606921 5882980 48583700 5882980 227190621
45 0 177876658 5882980 49478849 5882980 227355507
46 0 177133245 5882980 50407999 5882980 227541244
47 0 176383204 5882980 51322222 5882980 227705426
48 0 175675754 5882980 52208595 5882980 227884349
49 0 174943193 5882980 53113504 5882980 228056697
50 0 174222929 5882980 54007839 5882980 228230768
51 0 173512202 5882980 54884804 5882980 228397006
52 0 172819585 5882980 55782454 5882980 228602039
53 0 172110765 5882980 56676196 5882980 228786961
54 0 171372149 5882980 57582217 5882980 228954366
55 0 170650403 5882980 58478459 5882980 229128862
56 0 169912028 5882980 59381368 5882980 229293396
57 0 169105451 5882980 60360442 5882980 229465893
58 0 168376761 5882980 61257518 5882980 229634279
59 0 167641478 5882980 62171668 5882980 229813146
60 0 166924381 5882980 63053225 5882980 229977606
61 0 166244208 5882980 63949838 5882980 230194046
62 0 165526944 5882980 64846414 5882980 230373358
63 0 164817475 5882980 65728472 5882980 230545947
64 0 164078767 5882980 66632381 5882980 230711148
65 0 163365502 5882980 67525327 5882980 230890829
66 0 162647831 5882980 68419310 5882980 231067141
67 0 161936751 5882980 69295683 5882980 231232434
68 0 161161173 5882980 70246961 5882980 231408134
69 0 160428557 5882980 71144778 5882980 231573335
70 0 159711275 5882980 72055168 5882980 231766443
71 0 158967454 5882980 72970059 5882980 231937513
72 0 158266209 5882980 73846894 5882980 232113103
73 0 157525834 5882980 74753766 5882980 232279600
74 0 156811958 5882980 75640231 5882980 232452189
75 0 156079305 5882980 76544344 5882980 232623649
76 0 155346208 5882980 77450975 5882980 232797183
77 0 154642351 5882980 78324847 5882980 232967198
78 0 153913290 5882980 79228812 5882980 233142102
79 0 153164230 5882980 80151647 5882980 233315877
80 0 152405855 5882980 81073463 5882980 233479318
81 0 151671277 5882980 81981186 5882980 233652463
82 0 150949623 5882980 82869874 5882980 233819497
83 0 150236581 5882980 83760042 5882980 233996623
84 0 149456095 5882980 84705136 5882980 234161231
85 0 148727276 5882980 85610489 5882980 234337765
86 0 148008086 5882980 86496028 5882980 234504114
87 0 147289821 5882980 87387826 5882980 234677647
88 0 146578150 5882980 88276772 5882980 234854922
89 0 145878015 5882980 89158552 5882980 235036567
90 0 145083010 5882980 90117720 5882980 235200730
91 0 144341969 5882980 91032962 5882980 235374931
92 0 143614816 5882980 91929926 5882980 235544742
93 0 142903644 5882980 92818651 5882980 235722295
94 0 142199342 5882980 93696005 5882980 235895347
95 0 141477190 5882980 94598117 5882980 236075307
96 0 140756888 5882980 95491008 5882980 236247896
97 0 139999809 5882980 96415602 5882980 236415411
98 0 139277175 5882980 97311363 5882980 236588538
99 0 138549115 5882980 98203457 5882980 236752572
100 0 137823813 5882980 99101811 5882980 236925624
101 0 137117808 5882980 99983702 5882980 237101510
102 0 135922460 5882980 101355361 5882980 237277821
103 0 135198751 5882980 102243437 5882980 237442188
104 0 134478912 5882980 103133958 5882980 237612870
105 0 133757389 5882980 104021571 5882980 237778960
106 0 133056051 5882980 104906980 5882980 237963031
107 0 132339064 5882980 105801371 5882980 238140435
108 0 131606170 5882980 106698613 5882980 238304783
109 0 130879147 5882980 107599078 5882980 238478225
110 0 130170586 5882980 108474932 5882980 238645518
111 0 129417137 5882980 109404137 5882980 238821274
112 0 128629763 5882980 110356656 5882980 238986419
113 0 129049514 5882980 111253288 5882980 240302802
114 0 128329860 5882980 112149549 5882980 240479409
115 0 127606615 5882980 113045458 5882980 240652073
116 0 126872999 5882980 113942626 5882980 240815625
117 0 126160531 5882980 114829147 5882980 240989678
118 0 125434489 5882980 115722482 5882980 241156971
119 0 124720836 5882980 116615002 5882980 241335838
120 0 124017331 5882980 117494967 5882980 241512298
121 0 123269548 5882980 118414950 5882980 241684498
122 0 122546506 5882980 119301230 5882980 241847736
123 0 119774687 5882980 122249045 5882980 242023732
124 0 118918333 5882980 123268415 5882980 242186748
125 0 118208569 5882980 124154750 5882980 242363319
126 0 117475730 5882980 125051474 5882980 242527204
127 0 116746059 5882980 125963864 5882980 242709923
128 0 116016665 5882980 126857033 5882980 242873698
1 0 202072668 5883002 419514377 5883002 621587045
2 0 200361293 5883002 421419563 5883002 621780856
3 0 199545215 5883002 422387916 5883002 621933131
4 0 198783101 5883002 423315787 5883002 622098888
5 0 198042021 5883002 424235900 5883002 622277921
6 0 197285962 5883002 425157845 5883002 622443807
7 0 196515772 5883002 426102976 5883002 622618748
8 0 195790415 5883002 427006589 5883002 622797004
9 0 195056058 5883002 427920683 5883002 622976741
10 0 194482088 5883002 428818814 5883002 623300902
11 0 193741972 5883002 429734649 5883002 623476621
12 0 192939228 5883002 430704538 5883002 623643766
13 0 192165798 5883002 431650298 5883002 623816096
14 0 191427646 5883002 432552929 5883002 623980575
15 0 190704195 5883002 433449765 5883002 624153960
16 0 189904414 5883002 434421987 5883002 624326401
17 0 189173372 5883002 435327137 5883002 624500509
18 0 188431905 5883002 436235657 5883002 624667562
19 0 187650438 5883002 437197176 5883002 624847614
20 0 186885045 5883002 438128307 5883002 625013352
21 0 186090208 5883002 439110418 5883002 625200626
22 0 185307667 5883002 440064400 5883002 625372067
23 0 184568236 5883002 440990309 5883002 625558545
24 0 183855527 5883002 441868348 5883002 625723875
25 0 183136004 5883002 442762998 5883002 625899002
26 0 182427017 5883002 443636982 5883002 626063999
27 0 181719030 5883002 444520928 5883002 626239958
28 0 180992006 5883002 445420282 5883002 626412288
29 0 180256484 5883002 446331246 5883002 626587730
30 0 179536941 5883002 447220359 5883002 626757300
31 0 178838436 5883002 448107509 5883002 626945945
32 0 178130709 5883002 448983474 5883002 627114183
33 0 177417296 5883002 449868643 5883002 627285939
34 0 177025526 5883002 450800903 5883002 627826429
35 0 176293613 5883002 451708442 5883002 628002055
36 0 175617162 5883002 452582463 5883002 628199625
37 0 174880047 5883002 453494964 5883002 628375011
38 0 174170023 5883002 454372559 5883002 628542582
39 0 173471814 5883002 455245876 5883002 628717690
40 0 172748976 5883002 456140896 5883002 628889872
41 0 172028859 5883002 457024528 5883002 629053387
42 0 171317354 5883002 457912085 5883002 629229439
43 0 170566146 5883002 458828957 5883002 629395103
44 0 169843604 5883002 459723811 5883002 629567415
45 0 169066989 5883002 460664497 5883002 629731486
46 0 168376335 5883002 461537666 5883002 629914001
47 0 167693255 5883002 462438964 5883002 630132219
48 0 167002564 5883002 463312318 5883002 630314882
49 0 166276838 5883002 464210245 5883002 630487083
50 0 165564517 5883002 465094414 5883002 630658931
51 0 164863030 5883002 465960713 5883002 630823743
52 0 164183320 5883002 466849252 5883002 631032572
53 0 163475908 5883002 467738124 5883002 631214032
54 0 162744403 5883002 468634274 5883002 631378677
55 0 162029454 5883002 469519831 5883002 631549285
56 0 160833272 5883002 470879510 5883002 631712782
57 0 160060786 5883002 471824696 5883002 631885482
58 0 159351281 5883002 472698087 5883002 632049368
59 0 158633573 5883002 473593459 5883002 632227032
60 0 157926493 5883002 474464702 5883002 632391195
61 0 157213303 5883002 475351648 5883002 632564951
62 0 156491723 5883002 476242169 5883002 632733892
63 0 155791125 5883002 477113449 5883002 632904574
64 0 155060491 5883002 478009358 5883002 633069849
65 0 154360504 5883002 478891008 5883002 633251512
66 0 153640277 5883002 479775158 5883002 633415435
67 0 152893014 5883002 480696511 5883002 633589525
68 0 152152193 5883002 481609291 5883002 633761484
69 0 151438337 5883002 482487237 5883002 633925574
70 0 150701129 5883002 483395257 5883002 634096386
71 0 149974716 5883002 484302592 5883002 634277308
72 0 149272915 5883002 485178094 5883002 634451009
73 0 148548483 5883002 486075263 5883002 634623746
74 0 147848237 5883002 486947728 5883002 634795965
75 0 147131454 5883002 487836952 5883002 634968406
76 0 146396783 5883002 488745139 5883002 635141922
77 0 145685611 5883002 489625659 5883002 635311270
78 0 144913551 5883002 490569660 5883002 635483211
79 0 144201102 5883002 491447829 5883002 635648931
80 0 143484949 5883002 492335386 5883002 635820335
81 0 142753481 5883002 493238684 5883002 635992165
82 0 142036643 5883002 494119260 5883002 636155903
83 0 141325860 5883002 495006336 5883002 636332196
84 0 140553430 5883002 495941763 5883002 636495193
85 0 139829999 5883002 496840561 5883002 636670560
86 0 139117826 5883002 497716360 5883002 636834186
87 0 138404506 5883002 498601047 5883002 637005553
88 0 137690649 5883002 499485790 5883002 637176439
89 0 136057847 5883002 501298367 5883002 637356214
90 0 135289768 5883002 502231072 5883002 637520840
91 0 134586356 5883002 503115907 5883002 637702263
92 0 133867906 5883002 503998539 5883002 637866445
93 0 133161938 5883002 504880078 5883002 638042016
94 0 132467358 5883002 505748265 5883002 638215623
95 0 131750242 5883002 506637304 5883002 638387546
96 0 131057144 5883002 507518417 5883002 638575561
97 0 130309657 5883002 508434160 5883002 638743817
98 0 129605079 5883002 509312402 5883002 638917481
99 0 128832130 5883002 510248774 5883002 639080904
100 0 128099458 5883002 511151461 5883002 639250919
101 0 127401267 5883002 512023815 5883002 639425082
102 0 126679929 5883002 512920502 5883002 639600431
103 0 125967128 5883002 513798096 5883002 639765224
104 0 125256363 5883002 514680043 5883002 639936406
105 0 124578783 5883002 515561230 5883002 640140013
106 0 123878019 5883002 516438158 5883002 640316177
107 0 123172069 5883002 517321586 5883002 640493655
108 0 122442564 5883002 518213773 5883002 640656337
109 0 121725967 5883002 519110756 5883002 640836723
110 0 122041220 5883002 519981240 5883002 642022460
111 0 120917556 5883002 521276512 5883002 642194068
112 0 120285271 5883002 522071775 5883002 642357046
113 0 119869260 5883002 522665301 5883002 642534561
114 0 119454545 5883002 523254198 5883002 642708743
115 0 119033813 5883002 523845464 5883002 642879277
116 0 118602062 5883002 524441490 5883002 643043552
117 0 118193070 5883002 525022590 5883002 643215660
118 0 117770762 5883002 525611561 5883002 643382323
119 0 117356566 5883002 526200235 5883002 643556801
120 0 116939315 5883002 526781539 5883002 643720854
121 0 116524360 5883002 527378972 5883002 643903332
122 0 116084775 5883002 527980239 5883002 644065014
123 0 115672487 5883002 528568561 5883002 644241048
124 0 115210310 5883002 529193846 5883002 644404156
125 0 114805837 5883002 529776353 5883002 644582190
126 0 114342104 5883002 530403527 5883002 644745631
127 0 113916020 5883002 531011478 5883002 644927498
128 0 113488361 5883002 531603023 5883002 645091384
1 0 211643972 5883024 887689377 5883025 99333349
2 0 210005632 5883024 889524398 5883025 99530030
3 0 209039761 5883024 890642822 5883025 99682583
4 0 208251739 5883024 891599748 5883025 99851487
5 0 207546956 5883024 892524768 5883025 100071724
6 0 206795692 5883024 893457399 5883025 100253091
7 0 206017318 5883024 894413418 5883025 100430736
8 0 205282276 5883024 895326512 5883025 100608788
9 0 204647195 5883024 896245865 5883025 100893060
10 0 203945875 5883024 897150182 5883025 101096057
11 0 203214648 5883024 898072757 5883025 101287405
12 0 202476069 5883024 898985592 5883025 101461661
13 0 201714750 5883024 899923630 5883025 101638380
14 0 200860173 5883024 900947148 5883025 101807321
15 0 200124964 5883024 901859909 5883025 101984873
16 0 199312628 5883024 902845020 5883025 102157648
17 0 198559642 5883024 903772706 5883025 102332348
18 0 197790879 5883024 904708633 5883025 102499512
19 0 196506866 5883024 906168772 5883025 102675638
20 0 195747435 5883024 907094126 5883025 102841561
21 0 194952228 5883024 908069293 5883025 103021521
22 0 194208668 5883024 908989349 5883025 103198017
23 0 193493774 5883024 909894351 5883025 103388125
24 0 192660641 5883024 910896184 5883025 103556825
25 0 191921599 5883024 911811982 5883025 103733581
26 0 191209575 5883024 912693577 5883025 103903152
27 0 190493571 5883024 913585967 5883025 104079538
28 0 189754899 5883024 914498284 5883025 104253183
29 0 189012858 5883024 915417507 5883025 104430365
30 0 188290816 5883024 916316842 5883025 104607658
31 0 187913415 5883024 917214677 5883025 105128092
32 0 187203539 5883024 918098550 5883025 105302089
33 0 186490923 5883024 918991107 5883025 105482030
34 0 185770918 5883024 919884590 5883025 105655508
35 0 184983544 5883024 920850443 5883025 105833987
36 0 184313723 5883024 921732408 5883025 106046131
37 0 183568922 5883024 922652705 5883025 106221627
38 0 182855917 5883024 923534689 5883025 106390606
39 0 182150690 5883024 924416024 5883025 106566714
40 0 181411278 5883024 925322118 5883025 106733396
41 0 180694124 5883024 926213583 5883025 106907707
42 0 179980785 5883024 927108085 5883025 107088870
43 0 179225374 5883024 928027438 5883025 107252812
44 0 178497702 5883024 928927921 5883025 107425623
45 0 177766901 5883024 929826071 5883025 107592972
46 0 176982804 5883024 930784072 5883025 107766876
47 0 176235504 5883024 931695536 5883025 107931040
48 0 175527554 5883024 932582242 5883025 108109796
49 0 174791771 5883024 933490799 5883025 108282570
50 0 174067766 5883024 934389023 5883025 108456789
51 0 173393038 5883024 935268692 5883025 108661730
52 0 172668885 5883024 936169379 5883025 108838264
53 0 171940657 5883024 937063455 5883025 109004112
54 0 171219375 5883024 937965771 5883025 109185146
55 0 170500981 5883024 938859514 5883025 109360495
56 0 169766698 5883024 939757886 5883025 109524584
57 0 168955492 5883024 940743867 5883025 109699359
58 0 168230357 5883024 941634499 5883025 109864856
59 0 167531611 5883024 942543315 5883025 110074926
60 0 166834142 5883024 943425688 5883025 110259830
61 0 166116397 5883024 944320041 5883025 110436438
62 0 165396151 5883024 945217765 5883025 110613916
63 0 164687312 5883024 946101841 5883025 110789153
64 0 163950622 5883024 947003750 5883025 110954372
65 0 163234654 5883024 947899252 5883025 111133906
66 0 162490927 5883024 948808365 5883025 111299292
67 0 161792014 5883024 949681404 5883025 111473418
68 0 160990177 5883024 950647349 5883025 111637526
69 0 160282654 5883024 951530184 5883025 111812838
70 0 159551112 5883024 952448352 5883025 111999464
71 0 158809810 5883024 953360706 5883025 112170516
72 0 158108398 5883024 954238615 5883025 112347013
73 0 157368208 5883024 955145117 5883025 112513325
74 0 156656239 5883024 956028545 5883025 112684784
75 0 155935791 5883024 956919750 5883025 112855541
76 0 155204859 5883024 957823363 5883025 113028222
77 0 154502021 5883024 958698161 5883025 113200182
78 0 153768868 5883024 959604959 5883025 113373827
79 0 152999215 5883024 960539942 5883025 113539157
80 0 152268137 5883024 961444184 5883025 113712321
81 0 151526781 5883024 962353889 5883025 113880670
82 0 150808090 5883024 963245521 5883025 114053611
83 0 150093826 5883024 964137615 5883025 114231441
84 0 149315396 5883024 965081968 5883025 114397364
85 0 148597557 5883024 965987210 5883025 114584767
86 0 147880237 5883024 966869268 5883025 114749505
87 0 147157584 5883024 967764751 5883025 114922335
88 0 146448431 5883024 968654290 5883025 115102721
89 0 145734500 5883024 969548403 5883025 115282903
90 0 144932385 5883024 970514515 5883025 115446900
91 0 144209713 5883024 971411072 5883025 115620785
92 0 143487059 5883024 972304704 5883025 115791763
93 0 142777129 5883024 973190613 5883025 115967742
94 0 142063179 5883024 974070448 5883025 116133627
95 0 141336823 5883024 974974783 5883025 116311606
96 0 140618039 5883024 975868952 5883025 116486991
97 0 139861072 5883024 976792638 5883025 116653710
98 0 139152085 5883024 977674974 5883025 116827059
99 0 138424284 5883024 978566809 5883025 116991093
100 0 137704242 5883024 979461181 5883025 117165423
101 0 137916961 5883024 980388552 5883025 118305513
102 0 137174882 5883024 981303424 5883025 118478306
103 0 136452210 5883024 982189908 5883025 118642118
104 0 135735279 5883024 983080169 5883025 118815448
105 0 135012218 5883024 983971486 5883025 118983704
106 0 134295195 5883024 984861413 5883025 119156608
107 0 133574023 5883024 985754082 5883025 119328105
108 0 132847148 5883024 986654713 5883025 119501861
109 0 132113847 5883024 987554159 5883025 119668006
110 0 131411730 5883024 988439587 5883025 119851317
111 0 130681558 5883024 989365107 5883025 120046665
112 0 129896554 5883024 990336663 5883025 120233217
113 0 129164734 5883024 991239128 5883025 120403862
114 0 128455470 5883024 992129000 5883025 120584470
115 0 127721503 5883024 993027742 5883025 120749245
116 0 126992312 5883024 993931133 5883025 120923445
117 0 126274400 5883024 994814876 5883025 121089276
118 0 125555561 5883024 995708711 5883025 121264272
119 0 124842279 5883024 996593157 5883025 121435436
120 0 124136440 5883024 997472585 5883025 121609025
121 0 123398824 5883024 998375309 5883025 121774133
122 0 122682800 5883024 999263589 5883025 121946389
123 0 121920166 5883025 191979 5883025 122112145
124 0 121134422 5883025 1151442 5883025 122285864
125 0 120425194 5883025 2030204 5883025 122455398
126 0 119700857 5883025 2931742 5883025 122632599
127 0 118977962 5883025 3846411 5883025 122824373
128 0 118252976 5883025 4744023 5883025 122996999
1 0 203587493 5883047 252391818 5883047 455979311
2 0 201721120 5883047 254689516 5883047 456410636
3 0 200744509 5883047 255955140 5883047 456699649
4 0 199822138 5883047 257180006 5883047 457002144
5 0 199022208 5883047 258390113 5883047 457412321
6 0 198197020 5883047 259613220 5883047 457810240
7 0 197017913 5883047 261071359 5883047 458089272
8 0 196190816 5883047 262290448 5883047 458481264
9 0 195325906 5883047 263495722 5883047 458821628
10 0 194601642 5883047 264691792 5883047 459293434
11 0 193739251 5883047 265900973 5883047 459640224
12 0 192882156 5883047 267092932 5883047 459975088
13 0 192978043 5883047 268328465 5883047 461306508
14 0 192220113 5883047 269519887 5883047 461740000
15 0 191241668 5883047 270834733 5883047 462076401
16 0 190772529 5883047 272134153 5883047 462906682
17 0 189928045 5883047 273330223 5883047 463258268
18 0 189111782 5883047 274544923 5883047 463656705
19 0 187994026 5883047 275841472 5883047 463835498
20 0 186953174 5883047 277046191 5883047 463999365
21 0 185845769 5883047 278325389 5883047 464171158
22 0 184809196 5883047 279532422 5883047 464341618
23 0 183685902 5883047 280839694 5883047 464525596
24 0 182677587 5883047 282011802 5883047 464689389
25 0 181656681 5883047 283203427 5883047 464860108
26 0 180657829 5883047 284365554 5883047 465023383
27 0 179658496 5883047 285535828 5883047 465194324
28 0 178632070 5883047 286730732 5883047 465362802
29 0 177596627 5883047 287935987 5883047 465532614
30 0 176580442 5883047 289116410 5883047 465696852
31 0 175484296 5883047 290383608 5883047 465867904
32 0 174463296 5883047 291568864 5883047 466032160
33 0 173453352 5883047 292749638 5883047 466202990
34 0 172445297 5883047 293927931 5883047 466373228
35 0 171424297 5883047 295120557 5883047 466544854
36 0 170435964 5883047 296286072 5883047 466722036
37 0 169400910 5883047 297495012 5883047 466895922
38 0 168400095 5883047 298666787 5883047 467066882
39 0 167404761 5883047 299824247 5883047 467229008
40 0 166329875 5883047 301076019 5883047 467405894
41 0 165321227 5883047 302247701 5883047 467568928
42 0 164325263 5883047 303425976 5883047 467751239
43 0 163276302 5883047 304639953 5883047 467916255
44 0 162259543 5883047 305827597 5883047 468087140
45 0 161245043 5883047 307005946 5883047 468250989
46 0 160267339 5883047 308161091 5883047 468428430
47 0 159246877 5883047 309351920 5883047 468598797
48 0 157677166 5883047 311092684 5883047 468769850
49 0 156643444 5883047 312303347 5883047 468946791
50 0 155629277 5883047 313480566 5883047 469109843
51 0 154686222 5883047 314635488 5883047 469321710
52 0 153680666 5883047 315808133 5883047 469488799
53 0 152670259 5883047 316990630 5883047 469660889
54 0 151648704 5883047 318175219 5883047 469823923
55 0 150691185 5883047 319346123 5883047 470037308
56 0 149529466 5883047 320694190 5883047 470223656
57 0 148465709 5883047 321937833 5883047 470403542
58 0 147804980 5883047 322761133 5883047 470566113
59 0 147374635 5883047 323364585 5883047 470739220
60 0 146953310 5883047 323947685 5883047 470900995
61 0 146533244 5883047 324537211 5883047 471070455
62 0 146136881 5883047 325133885 5883047 471270766
63 0 145717167 5883047 325718374 5883047 471435541
64 0 145289804 5883047 326318215 5883047 471608019
65 0 144864849 5883047 326905056 5883047 471769905
66 0 144456191 5883047 327497822 5883047 471954013
67 0 144036921 5883047 328080200 5883047 472117121
68 0 143609058 5883047 328684930 5883047 472293988
69 0 143186048 5883047 329269363 5883047 472455411
70 0 142751352 5883047 329875352 5883047 472626704
71 0 142274509 5883047 330515414 5883047 472789923
72 0 141843795 5883047 331118347 5883047 472962142
73 0 141414247 5883047 331719521 5883047 473133768
74 0 141007773 5883047 332301492 5883047 473309265
75 0 140595892 5883047 332891888 5883047 473487780
76 0 140166474 5883047 333484803 5883047 473651277
77 0 139761001 5883047 334066625 5883047 473827626
78 0 139327619 5883047 334665170 5883047 473992789
79 0 138916182 5883047 335250048 5883047 474166230
80 0 138494209 5883047 335841592 5883047 474335801
81 0 138069976 5883047 336441322 5883047 474511298
82 0 137649725 5883047 337024496 5883047 474674221
83 0 137223177 5883047 337621874 5883047 474845051
84 0 136757649 5883047 338250195 5883047 475007844
85 0 136332268 5883047 338849684 5883047 475181952
86 0 135921016 5883047 339429655 5883047 475350671
87 0 135313510 5883047 340209288 5883047 475522798
88 0 134863221 5883047 340827240 5883047 475690461
89 0 134459062 5883047 341406377 5883047 475865439
90 0 134025607 5883047 342010792 5883047 476036399
91 0 133620633 5883047 342599596 5883047 476220229
92 0 133210586 5883047 343187881 5883047 476398467
93 0 132791704 5883047 343774389 5883047 476566093
94 0 132380230 5883047 344356378 5883047 476736608
95 0 131934461 5883047 344965200 5883047 476899661
96 0 131517580 5883047 345553633 5883047 477071213
97 0 131065237 5883047 346175047 5883047 477240284
98 0 130655800 5883047 346761111 5883047 477416911
99 0 130231105 5883047 347350488 5883047 477581593
100 0 129807779 5883047 347944107 5883047 477751886
101 0 129393527 5883047 348527411 5883047 477920938
102 0 128971536 5883047 349123640 5883047 478095176
103 0 128560950 5883047 349710759 5883047 478271709
104 0 128092070 5883047 350342284 5883047 478434354
105 0 127671523 5883047 350934847 5883047 478606370
106 0 127249512 5883047 351523466 5883047 478772978
107 0 126838963 5883047 352109511 5883047 478948474
108 0 126404824 5883047 352707555 5883047 479112379
109 0 125989554 5883047 353306507 5883047 479296061
110 0 125575654 5883047 353886903 5883047 479462557
111 0 126607412 5883047 354507781 5883047 481115193
112 0 125841723 5883047 355109918 5883047 480951641
113 0 125588228 5883047 355696814 5883047 481285042
114 0 125175902 5883047 356288581 5883047 481464483
115 0 124762299 5883047 356880255 5883047 481642554
116 0 124339195 5883047 357478781 5883047 481817976
117 0 123930148 5883047 358058177 5883047 481988325
118 0 123492786 5883047 358663166 5883047 482155952
119 0 123071867 5883047 359254618 5883047 482326485
120 0 122653154 5883047 359836551 5883047 482489705
121 0 121725689 5883047 360939531 5883047 482665220
122 0 121291493 5883047 361536020 5883047 482827513
123 0 120874927 5883047 362126861 5883047 483001788
124 0 120408528 5883047 362755312 5883047 483163840
125 0 119997536 5883047 363336931 5883047 483334467
126 0 119580951 5883047 363925401 5883047 483506352
127 0 119154589 5883047 364529519 5883047 483684108
128 0 118736856 5883047 365117601 5883047 483854457
1 0 182143802 5883069 417491343 5883069 599635145
2 0 180602849 5883069 419332068 5883069 599934917
3 0 180797327 5883069 420459899 5883069 601257226
4 0 180140209 5883069 421424511 5883069 601564720
5 0 179565405 5883069 422346160 5883069 601911565
6 0 179037063 5883069 423283439 5883069 602320502
7 0 178432464 5883069 424235717 5883069 602668181
8 0 177894362 5883069 425151441 5883069 603045803
9 0 177288503 5883069 426071961 5883069 603360464
10 0 176803365 5883069 426983999 5883069 603787364
11 0 176220561 5883069 427911426 5883069 604131987
12 0 175767069 5883069 428820983 5883069 604588052
13 0 175178302 5883069 429761633 5883069 604939935
14 0 174481185 5883069 430789132 5883069 605270317
15 0 173904326 5883069 431708115 5883069 605612441
16 0 173292152 5883069 432691208 5883069 605983360
17 0 172720570 5883069 433603228 5883069 606323798
18 0 172170507 5883069 434550376 5883069 606720883
19 0 171509333 5883069 435521877 5883069 607031210
20 0 170834698 5883069 436427453 5883069 607262151
21 0 170115711 5883069 437417027 5883069 607532738
22 0 169369188 5883069 438337676 5883069 607706864
23 0 168657535 5883069 439236530 5883069 607894065
24 0 167898549 5883069 440172531 5883069 608071080
25 0 167146397 5883069 441099143 5883069 608245540
26 0 166428114 5883069 441982682 5883069 608410796
27 0 165642017 5883069 442942146 5883069 608584163
28 0 164904180 5883069 443850258 5883069 608754438
29 0 164158674 5883069 444767945 5883069 608926619
30 0 163426614 5883069 445665984 5883069 609092598
31 0 162703220 5883069 446563041 5883069 609266261
32 0 161985252 5883069 447447006 5883069 609432258
33 0 161739664 5883069 448347971 5883069 610087635
34 0 161026604 5883069 449241213 5883069 610267817
35 0 160158786 5883069 450283342 5883069 610442128
36 0 159434485 5883069 451190343 5883069 610624828
37 0 158761794 5883069 452039605 5883069 610801399
38 0 158340747 5883069 452635205 5883069 610975952
39 0 157914476 5883069 453225213 5883069 611139689
40 0 157487614 5883069 453830479 5883069 611318093
41 0 157056344 5883069 454426450 5883069 611482794
42 0 156629241 5883069 455026605 5883069 611655846
43 0 156173528 5883069 455647297 5883069 611820825
44 0 155736888 5883069 456258804 5883069 611995692
45 0 155301877 5883069 456861367 5883069 612163244
46 0 154894440 5883069 457447190 5883069 612341630
47 0 154451356 5883069 458055382 5883069 612506738
48 0 154034216 5883069 458647000 5883069 612681216
49 0 153606428 5883069 459253822 5883069 612860250
50 0 153174583 5883069 459851978 5883069 613026561
51 0 152725462 5883069 460476022 5883069 613201484
52 0 152318322 5883069 461083603 5883069 613401925
53 0 151896645 5883069 461683536 5883069 613580181
54 0 151456356 5883069 462288692 5883069 613745048
55 0 151030272 5883069 462887736 5883069 613918008
56 0 150592039 5883069 463489651 5883069 614081690
57 0 150142862 5883069 464118954 5883069 614261816
58 0 149714333 5883069 464711406 5883069 614425739
59 0 149275415 5883069 465322987 5883069 614598402
60 0 148849775 5883069 465912439 5883069 614762214
61 0 148438338 5883069 466509854 5883069 614948192
62 0 148041198 5883069 467107805 5883069 615149003
63 0 147615040 5883069 467697331 5883069 615312371
64 0 147188861 5883069 468302691 5883069 615491552
65 0 146756685 5883069 468901716 5883069 615658401
66 0 146331582 5883069 469500205 5883069 615831787
67 0 145872127 5883069 470123675 5883069 615995802
68 0 145430802 5883069 470745423 5883069 616176225
69 0 145003662 5883069 471336930 5883069 616340592
70 0 144556726 5883069 471957196 5883069 616513922
71 0 144107438 5883069 472572259 5883069 616679697
72 0 143704353 5883069 473157396 5883069 616861749
73 0 143266065 5883069 473762570 5883069 617028635
74 0 142855313 5883069 474352337 5883069 617207650
75 0 142434506 5883069 474954233 5883069 617388739
76 0 141992755 5883069 475559833 5883069 617552588
77 0 141579078 5883069 476145377 5883069 617724455
78 0 141137919 5883069 476751496 5883069 617889415
79 0 140722779 5883069 477342781 5883069 618065560
80 0 140292343 5883069 477943103 5883069 618235446
81 0 139856999 5883069 478552943 5883069 618409942
82 0 139426377 5883069 479147784 5883069 618574161
83 0 139006662 5883069 479743755 5883069 618750417
84 0 138498468 5883069 480418835 5883069 618917303
85 0 138060495 5883069 481031712 5883069 619092207
86 0 137650836 5883069 481622590 5883069 619273426
87 0 137225697 5883069 482224319 5883069 619450016
88 0 136800741 5883069 482819290 5883069 619620031
89 0 136384434 5883069 483409705 5883069 619794139
90 0 135939461 5883069 484036026 5883069 619975487
91 0 136141476 5883069 484640700 5883069 620782176
92 0 135723539 5883069 485239800 5883069 620963339
93 0 135292640 5883069 485835826 5883069 621128466
94 0 134882406 5883069 486424704 5883069 621307110
95 0 134439397 5883069 487032859 5883069 621472256
96 0 134012331 5883069 487634255 5883069 621646586
97 0 133555468 5883069 488255207 5883069 621810675
98 0 133142347 5883069 488845714 5883069 621988061
99 0 132708725 5883069 489444147 5883069 622152872
100 0 132256919 5883069 490069395 5883069 622326314
101 0 131822204 5883069 490675273 5883069 622497477
102 0 131389583 5883069 491281095 5883069 622670678
103 0 130972665 5883069 491876528 5883069 622849193
104 0 130541210 5883069 492473924 5883069 623015134
105 0 130118588 5883069 493071043 5883069 623189631
106 0 129691022 5883069 493663587 5883069 623354609
107 0 129263401 5883069 494264520 5883069 623527921
108 0 128828723 5883069 494872676 5883069 623701399
109 0 128405769 5883069 495474479 5883069 623880248
110 0 127980628 5883069 496064061 5883069 624044689
111 0 127541063 5883069 496689197 5883069 624230260
112 0 127092497 5883069 497303704 5883069 624396201
113 0 126666337 5883069 497903064 5883069 624569401
114 0 126243586 5883069 498496590 5883069 624740176
115 0 125827464 5883069 499093375 5883069 624920839
116 0 125398787 5883069 499697382 5883069 625096169
117 0 124936704 5883069 500323092 5883069 625259796
118 0 124509637 5883069 500922322 5883069 625431959
119 0 124077257 5883069 501518570 5883069 625595827
120 0 123661023 5883069 502108874 5883069 625769897
121 0 123224791 5883069 502715122 5883069 625939913
122 0 122802817 5883069 503310518 5883069 626113335
123 0 122368881 5883069 503908488 5883069 626277369
124 0 121910668 5883069 504545143 5883069 626455811
125 0 121489545 5883069 505131651 5883069 626621196
126 0 121074054 5883069 505730769 5883069 626804823
127 0 120639728 5883069 506341276 5883069 626981004
128 0 120214070 5883069 506940228 5883069 627154298
1 0 180737513 5883092 77281872 5883092 258019385
2 0 179114525 5883092 79096431 5883092 258210956
3 0 178175691 5883092 80185095 5883092 258360786
4 0 177373928 5883092 81152911 5883092 258526839
5 0 176635257 5883092 82068986 5883092 258704243
6 0 175877049 5883092 82994691 5883092 258871740
7 0 175109360 5883092 83936636 5883092 259045996
8 0 174376299 5883092 84842064 5883092 259218363
9 0 173752126 5883092 85755028 5883092 259507154
10 0 173060268 5883092 86649234 5883092 259709502
11 0 172325745 5883092 87559402 5883092 259885147
12 0 172297893 5883092 88456552 5883092 260754445
13 0 171561610 5883092 89388535 5883092 260950145
14 0 170771885 5883092 90345702 5883092 261117587
15 0 170043751 5883092 91251592 5883092 261295343
16 0 169268561 5883092 92225574 5883092 261494135
17 0 168536890 5883092 93131668 5883092 261668558
18 0 167789811 5883092 94045003 5883092 261834814
19 0 166524409 5883092 95485661 5883092 262010070
20 0 165772701 5883092 96402644 5883092 262175345
21 0 164974511 5883092 97375219 5883092 262349730
22 0 164238396 5883092 98283202 5883092 262521598
23 0 163523779 5883092 99182926 5883092 262706705
24 0 162760997 5883092 100112520 5883092 262873517
25 0 162006678 5883092 101040928 5883092 263047606
26 0 161313228 5883092 101909079 5883092 263222307
27 0 160605538 5883092 102791710 5883092 263397248
28 0 159879588 5883092 103689305 5883092 263568893
29 0 159140917 5883092 104601232 5883092 263742149
30 0 158746851 5883092 105493826 5883092 264240677
31 0 158038549 5883092 106378643 5883092 264417192
32 0 157331672 5883092 107254868 5883092 264586540
33 0 156618409 5883092 108142258 5883092 264760667
34 0 155905385 5883092 109029205 5883092 264934590
35 0 155180898 5883092 109928855 5883092 265109753
36 0 154412060 5883092 110903874 5883092 265315934
37 0 153666945 5883092 111822042 5883092 265488987
38 0 153224583 5883092 112427975 5883092 265652558
39 0 152808738 5883092 113016427 5883092 265825165
40 0 152371914 5883092 113617804 5883092 265989718
41 0 151963736 5883092 114208312 5883092 266172048
42 0 151548170 5883092 114802708 5883092 266350878
43 0 151095067 5883092 115420345 5883092 266515412
44 0 150667020 5883092 116021111 5883092 266688131
45 0 150236213 5883092 116615341 5883092 266851554
46 0 149825165 5883092 117198663 5883092 267023828
47 0 149388654 5883092 117799245 5883092 267187899
48 0 148977792 5883092 118386808 5883092 267364600
49 0 148546022 5883092 118986167 5883092 267532189
50 0 148126160 5883092 119578915 5883092 267705075
51 0 147675150 5883092 120206422 5883092 267881572
52 0 147254787 5883092 120829484 5883092 268084271
53 0 146827092 5883092 121423510 5883092 268250602
54 0 146404062 5883092 122024129 5883092 268428191
55 0 145986052 5883092 122616951 5883092 268603003
56 0 145551800 5883092 123214644 5883092 268766444
57 0 145100753 5883092 123838651 5883092 268939404
58 0 144680816 5883092 124423399 5883092 269104215
59 0 144256306 5883092 125025443 5883092 269281749
60 0 143835721 5883092 125610210 5883092 269445931
61 0 143420248 5883092 126202717 5883092 269622965
62 0 142997718 5883092 126795077 5883092 269792795
63 0 142587745 5883092 127379214 5883092 269966959
64 0 142191067 5883092 127977499 5883092 270168566
65 0 141786556 5883092 128570377 5883092 270356933
66 0 141357119 5883092 129164088 5883092 270521207
67 0 140949127 5883092 129745133 5883092 270694260
68 0 140465951 5883092 130393158 5883092 270859109
69 0 140059033 5883092 130980813 5883092 271039846
70 0 139620041 5883092 131591487 5883092 271211528
71 0 139172141 5883092 132209124 5883092 271381265
72 0 138766056 5883092 132789280 5883092 271555336
73 0 138325231 5883092 133393676 5883092 271718907
74 0 137915388 5883092 133974461 5883092 271889849
75 0 137492062 5883092 134567913 5883092 272059975
76 0 137064422 5883092 135167624 5883092 272232046
77 0 136655114 5883092 135745595 5883092 272400709
78 0 136228808 5883092 136344676 5883092 272573484
79 0 135813501 5883092 136926832 5883092 272740333
80 0 135392138 5883092 137520988 5883092 272913126
81 0 134953165 5883092 138123754 5883092 273076919
82 0 134533950 5883092 138714947 5883092 273248897
83 0 134122162 5883092 139304380 5883092 273426542
84 0 133656318 5883092 139933980 5883092 273590298
85 0 133186790 5883092 140575412 5883092 273762202
86 0 132764131 5883092 141161531 5883092 273925662
87 0 132355047 5883092 141755297 5883092 274110344
88 0 131935444 5883092 142344490 5883092 274279934
89 0 131530396 5883092 142926368 5883092 274456764
90 0 131098514 5883092 143533635 5883092 274632149
91 0 130685948 5883092 144125494 5883092 274811442
92 0 130256475 5883092 144719575 5883092 274976050
93 0 129841094 5883092 145307768 5883092 275148862
94 0 129409824 5883092 145903035 5883092 275312859
95 0 128987054 5883092 146502857 5883092 275489911
96 0 128568117 5883092 147094698 5883092 275662815
97 0 128115237 5883092 147711371 5883092 275826608
98 0 127701819 5883092 148296694 5883092 275998513
99 0 127274697 5883092 148887479 5883092 276162176
100 0 126853594 5883092 149481542 5883092 276335136
101 0 126403640 5883092 150103382 5883092 276507022
102 0 125963555 5883092 150715556 5883092 276679111
103 0 125537081 5883092 151306286 5883092 276843367
104 0 125121830 5883092 151894293 5883092 277016123
105 0 124702448 5883092 152486727 5883092 277189175
106 0 124284790 5883092 153076438 5883092 277361228
107 0 123859779 5883092 153671686 5883092 277531465
108 0 123435380 5883092 154269082 5883092 277704462
109 0 124049499 5883092 154868978 5883092 278918477
110 0 123638079 5883092 155452079 5883092 279090158
111 0 123184366 5883092 156069845 5883092 279254211
112 0 122749134 5883092 156676500 5883092 279425634
113 0 122336678 5883092 157258804 5883092 279595482
114 0 121920131 5883092 157854052 5883092 279774183
115 0 121506027 5883092 158445134 5883092 279951161
116 0 121120293 5883092 159043771 5883092 280164064
117 0 120692987 5883092 159644852 5883092 280337839
118 0 120227625 5883092 160273007 5883092 280500632
119 0 119814689 5883092 160863181 5883092 280677870
120 0 119396418 5883092 161443930 5883092 280840348
121 0 118970278 5883092 162040826 5883092 281011104
122 0 118548564 5883092 162627741 5883092 281176305
123 0 118129516 5883092 163219637 5883092 281349153
124 0 117669173 5883092 163843181 5883092 281512354
125 0 117267310 5883092 164423041 5883092 281690351
126 0 116837967 5883092 165014733 5883092 281852700
127 0 116416159 5883092 165621481 5883092 282037640
128 0 115986001 5883092 166214433 5883092 282200434
1 0 193829844 5883114 872162712 5883115 65992556
2 0 191681383 5883114 874507039 5883115 66188422
3 0 190549553 5883114 875789996 5883115 66339549
4 0 189483684 5883114 877023436 5883115 66507120
5 0 188441851 5883114 878240932 5883115 66682783
6 0 187380538 5883114 879469057 5883115 66849595
7 0 186214986 5883114 880811717 5883115 67026703
8 0 185172987 5883114 882028676 5883115 67201663
9 0 184246485 5883114 883244561 5883115 67491046
10 0 183261226 5883114 884439798 5883115 67701024
11 0 182221912 5883114 885659645 5883115 67881557
12 0 181194746 5883114 886854308 5883115 68049054
13 0 180128025 5883114 888095452 5883115 68223477
14 0 179104748 5883114 889288244 5883115 68392992
15 0 177968029 5883114 890602053 5883115 68570082
16 0 176842402 5883114 891900843 5883115 68743245
17 0 175818143 5883114 893101562 5883115 68919705
18 0 174769051 5883114 894318613 5883115 69087664
19 0 173651868 5883114 895610645 5883115 69262513
20 0 171984733 5883114 897445277 5883115 69430010
21 0 170862272 5883114 898745012 5883115 69607284
22 0 169814921 5883114 899969767 5883115 69784688
23 0 168717794 5883114 901255095 5883115 69972889
24 0 167766442 5883114 902430813 5883115 70197255
25 0 166747220 5883114 903626550 5883115 70373770
26 0 165742257 5883114 904797084 5883115 70539341
27 0 164732776 5883114 905980747 5883115 70713523
28 0 163699980 5883114 907183632 5883115 70883612
29 0 162661555 5883114 908397202 5883115 71058757
30 0 161651296 5883114 909587495 5883115 71238791
31 0 160632482 5883114 911122022 5883115 71754504
32 0 159620797 5883114 912301463 5883115 71922260
33 0 158610723 5883114 913487848 5883115 72098571
34 0 157607853 5883114 914666215 5883115 72274068
35 0 156602947 5883114 915865914 5883115 72468861
36 0 155635853 5883114 917031911 5883115 72667764
37 0 154593799 5883114 918253092 5883115 72846891
38 0 153593058 5883114 919423774 5883115 73016832
39 0 152531578 5883114 920659751 5883115 73191329
40 0 151496912 5883114 921868728 5883115 73365640
41 0 150844868 5883114 922689232 5883115 73534100
42 0 150415451 5883114 923300646 5883115 73716097
43 0 149957885 5883114 923925449 5883115 73883334
44 0 149531281 5883114 924528105 5883115 74059386
45 0 149099401 5883114 925124723 5883115 74224124
46 0 148683983 5883114 925713638 5883115 74397621
47 0 148243065 5883114 926321497 5883115 74564562
48 0 147830221 5883114 926911060 5883115 74741281
49 0 147396989 5883114 927518641 5883115 74915630
50 0 146975385 5883114 928113427 5883115 75088812
51 0 146553467 5883114 928701379 5883115 75254846
52 0 146161919 5883114 929298034 5883115 75459953
53 0 145739390 5883114 929900597 5883115 75639987
54 0 144938645 5883114 930867357 5883115 75806002
55 0 144512227 5883114 931467438 5883115 75979665
56 0 144077217 5883114 932071001 5883115 76148218
57 0 143627873 5883114 932695897 5883115 76323770
58 0 143206363 5883114 933285385 5883115 76491748
59 0 142797445 5883114 933886578 5883115 76684023
60 0 142379100 5883114 934472197 5883115 76851297
61 0 141957461 5883114 935066074 5883115 77023535
62 0 141533098 5883114 935665378 5883115 77198476
63 0 141122699 5883114 936252663 5883115 77375362
64 0 140685596 5883114 936854837 5883115 77540433
65 0 140261362 5883114 937457530 5883115 77718892
66 0 139842574 5883114 938048648 5883115 77891222
67 0 139422267 5883114 938633934 5883115 78056201
68 0 138986312 5883114 939246163 5883115 78232475
69 0 138561005 5883114 939836078 5883115 78397083
70 0 138083940 5883114 940495232 5883115 78579172
71 0 137639004 5883114 941109276 5883115 78748280
72 0 137225770 5883114 941700451 5883115 78926221
73 0 136781224 5883114 942310161 5883115 79091385
74 0 136365287 5883114 942898039 5883115 79263326
75 0 135933925 5883114 943498954 5883115 79432879
76 0 135505377 5883114 944104758 5883115 79610135
77 0 135088681 5883114 944691543 5883115 79780224
78 0 134650800 5883114 945301569 5883115 79952369
79 0 135044034 5883114 945890576 5883115 80934610
80 0 134613171 5883114 946488880 5883115 81102051
81 0 134178902 5883114 947097683 5883115 81276585
82 0 133760743 5883114 947681931 5883115 81442674
83 0 133338529 5883114 948283272 5883115 81621801
84 0 132882112 5883114 948917834 5883115 81799946
85 0 132451194 5883114 949521693 5883115 81972887
86 0 131990239 5883114 950146497 5883115 82136736
87 0 131556543 5883114 950753300 5883115 82309843
88 0 131906573 5883114 951365215 5883115 83271788
89 0 131495155 5883114 951954889 5883115 83450044
90 0 131050812 5883114 952562933 5883115 83613745
91 0 130626728 5883114 953160255 5883115 83786983
92 0 130198051 5883114 953752577 5883115 83950628
93 0 129775114 5883114 954348640 5883115 84123754
94 0 129354769 5883114 954935000 5883115 84289769
95 0 128932537 5883114 955534229 5883115 84466766
96 0 128499841 5883114 956131163 5883115 84631004
97 0 128055553 5883114 956747466 5883115 84803019
98 0 127628728 5883114 957337029 5883115 84965757
99 0 127208273 5883114 957931036 5883115 85139309
100 0 126775578 5883114 958528784 5883115 85304362
101 0 126370418 5883114 959119218 5883115 85489636
102 0 125930704 5883114 959724447 5883115 85655151
103 0 125302401 5883114 960524914 5883115 85827315
104 0 124865853 5883114 961125792 5883115 85991645
105 0 124445528 5883114 961718521 5883115 86164049
106 0 124019536 5883114 962309158 5883115 86328694
107 0 123605544 5883114 962903110 5883115 86508654
108 0 123177274 5883114 963497266 5883115 86674540
109 0 122755264 5883114 964101717 5883115 86856981
110 0 122336141 5883114 964685244 5883115 87021385
111 0 121870373 5883114 965323972 5883115 87194345
112 0 121427566 5883114 965930757 5883115 87358323
113 0 121012815 5883114 966522246 5883115 87535061
114 0 120589692 5883114 967122717 5883115 87712409
115 0 120158386 5883114 967719335 5883115 87877721
116 0 119729838 5883114 968320472 5883115 88050310
117 0 119310124 5883114 968903850 5883115 88213974
118 0 118886280 5883114 969500209 5883115 88386489
119 0 118426530 5883114 970131697 5883115 88558227
120 0 117997278 5883114 970733038 5883115 88730316
121 0 117554675 5883114 971339749 5883115 88894424
122 0 117137405 5883114 971929905 5883115 89067310
123 0 116708246 5883114 972524653 5883115 89232899
124 0 116246107 5883114 973159308 5883115 89405415
125 0 115824560 5883114 973750074 5883115 89574634
126 0 115400846 5883114 974347285 5883115 89748131
127 0 114990112 5883114 974959459 5883115 89949571
128 0 114600971 5883114 975553430 5883115 90154401
1 0 179880641 5883137 907217160 5883138 87097801
2 0 178263820 5883137 909024311 5883138 87288131
3 0 177445687 5883137 909992978 5883138 87438665
4 0 176529352 5883137 911076921 5883138 87606273
5 0 175782144 5883137 912000441 5883138 87782585
6 0 175024881 5883137 912925775 5883138 87950656
7 0 174252857 5883137 913872758 5883138 88125615
8 0 173521557 5883137 914779259 5883138 88300816
9 0 172899346 5883137 915689446 5883138 88588792
10 0 172203100 5883137 916589207 5883138 88792307
11 0 171461687 5883137 917507579 5883138 88969266
12 0 170726109 5883137 918410914 5883138 89137023
13 0 169962790 5883137 919349748 5883138 89312538
14 0 169176027 5883137 920303267 5883138 89479294
15 0 168431114 5883137 921221769 5883138 89652883
16 0 167627426 5883137 922199287 5883138 89826713
17 0 166950605 5883137 923106011 5883138 90056616
18 0 166197971 5883137 924040438 5883138 90238409
19 0 165416152 5883137 925000161 5883138 90416313
20 0 164672370 5883137 925907774 5883138 90580144
21 0 163873218 5883137 926879719 5883138 90752937
22 0 163134398 5883137 927789850 5883138 90924248
23 0 162425523 5883137 928681963 5883138 91107486
24 0 161712259 5883137 929563298 5883138 91275557
25 0 160933384 5883137 930517540 5883138 91450924
26 0 160219213 5883137 931400671 5883138 91619884
27 0 159510781 5883137 932284729 5883138 91795510
28 0 158778721 5883137 933187638 5883138 91966359
29 0 158036697 5883137 934106547 5883138 92143244
30 0 157634334 5883137 934997123 5883138 92631457
31 0 156923255 5883137 935883088 5883138 92806343
32 0 156221361 5883137 936755905 5883138 92977266
33 0 155508670 5883137 937644666 5883138 93153336
34 0 154796369 5883137 938530742 5883138 93327111
35 0 154071291 5883137 939432706 5883138 93503997
36 0 153230454 5883137 940474039 5883138 93704493
37 0 152476838 5883137 941404077 5883138 93880915
38 0 151902275 5883137 942146434 5883138 94048709
39 0 151492504 5883137 942732886 5883138 94225390
40 0 151067938 5883137 943332097 5883138 94400035
41 0 150639632 5883137 943926697 5883138 94566329
42 0 150239028 5883137 944521315 5883138 94760343
43 0 149789648 5883137 945138785 5883138 94928433
44 0 149369619 5883137 945738107 5883138 95107726
45 0 148941515 5883137 946331263 5883138 95272778
46 0 148530987 5883137 946914270 5883138 95445257
47 0 148095679 5883137 947516463 5883138 95612142
48 0 147684909 5883137 948104545 5883138 95789454
49 0 147256528 5883137 948704941 5883138 95961469
50 0 146833777 5883137 949300541 5883138 96134318
51 0 146429340 5883137 949881271 5883138 96310611
52 0 145999312 5883137 950521073 5883138 96520385
53 0 145582708 5883137 951119210 5883138 96701918
54 0 145148919 5883137 951718718 5883138 96867637
55 0 144726243 5883137 952313762 5883138 97040005
56 0 144290120 5883137 952912770 5883138 97202890
57 0 143838111 5883137 953537369 5883138 97375480
58 0 143414396 5883137 954127395 5883138 97541791
59 0 142984386 5883137 954732550 5883138 97716936
60 0 142563282 5883137 955317299 5883138 97880581
61 0 142146438 5883137 955910751 5883138 98057189
62 0 141723577 5883137 956503517 5883138 98227094
63 0 141308936 5883137 957089988 5883138 98398924
64 0 140875148 5883137 957688606 5883138 98563754
65 0 140459008 5883137 958282243 5883138 98741251
66 0 140049589 5883137 958876251 5883138 98925840
67 0 139632856 5883137 959456703 5883138 99089559
68 0 138706707 5883137 960555775 5883138 99262482
69 0 138254697 5883137 961182837 5883138 99437534
70 0 137815427 5883137 961795122 5883138 99610549
71 0 137364843 5883137 962416629 5883138 99781472
72 0 136950424 5883137 963003637 5883138 99954061
73 0 136793020 5883137 963609014 5883138 100402034
74 0 136386898 5883137 964191429 5883138 100578327
75 0 135969813 5883137 964784659 5883138 100754472
76 0 135542877 5883137 965385481 5883138 100928358
77 0 135132311 5883137 965967007 5883138 101099318
78 0 134701170 5883137 966570941 5883138 101272111
79 0 134287271 5883137 967159355 5883138 101446626
80 0 133861871 5883137 967749400 5883138 101611271
81 0 133434101 5883137 968350926 5883138 101785027
82 0 133016498 5883137 968934711 5883138 101951209
83 0 132597747 5883137 969531663 5883138 102129410
84 0 132846687 5883137 970197317 5883138 103044004
85 0 132397120 5883137 970817954 5883138 103215074
86 0 131974276 5883137 971403647 5883138 103377923
87 0 131552747 5883137 971995580 5883138 103548327
88 0 131133070 5883137 972586662 5883138 103719732
89 0 130733781 5883137 973165614 5883138 103899395
90 0 130292845 5883137 973769880 5883138 104062725
91 0 129880650 5883137 974367739 5883138 104248389
92 0 129449750 5883137 974961876 5883138 104411626
93 0 129033461 5883137 975548736 5883138 104582197
94 0 128615284 5883137 976133021 5883138 104748305
95 0 128182162 5883137 976744862 5883138 104927024
96 0 127754337 5883137 977337073 5883138 105091410
97 0 127301215 5883137 977963006 5883138 105264221
98 0 126880094 5883137 978548439 5883138 105428533
99 0 126460657 5883137 979140169 5883138 105600826
100 0 126028536 5883137 979736250 5883138 105764786
101 0 125094498 5883137 980852248 5883138 105946746
102 0 124644987 5883137 981467033 5883138 106112020
103 0 124227848 5883137 982056151 5883138 106283999
104 0 123800189 5883137 982647955 5883138 106448144
105 0 123380622 5883137 983240574 5883138 106621196
106 0 122954871 5883137 983829896 5883138 106784767
107 0 122542379 5883137 984421922 5883138 106964301
108 0 122112572 5883137 985016948 5883138 107129520
109 0 121681339 5883137 985618511 5883138 107299850
110 0 121264162 5883137 986200648 5883138 107464810
111 0 120817411 5883137 986820711 5883138 107638122
112 0 120379586 5883137 987422070 5883138 107801656
113 0 119968371 5883137 988009392 5883138 107977763
114 0 119556083 5883137 988600381 5883138 108156464
115 0 119131832 5883137 989190092 5883138 108321924
116 0 118718580 5883137 989787322 5883138 108505902
117 0 118258884 5883137 990411792 5883138 108670676
118 0 117822671 5883137 991021317 5883138 108843988
119 0 117401808 5883137 991611732 5883138 109013540
120 0 116989186 5883137 992198814 5883138 109188000
121 0 116557564 5883137 992798914 5883138 109356478
122 0 116143461 5883137 993384366 5883138 109527827
123 0 115718413 5883137 993974781 5883138 109693194
124 0 115262829 5883137 994601473 5883138 109864302
125 0 114878577 5883137 995187962 5883138 110066539
126 0 114463549 5883137 995783265 5883138 110246814
127 0 114032519 5883137 996393180 5883138 110425699
128 0 113603453 5883137 996985928 5883138 110589381
