1 1 189204167 5618987 483535752 5618988 672739919
2 1 17851316 5618987 724928904 5618988 742780220
3 0 862016360 5618987 944276821 5618988 806293181
4 0 710309531 5618988 164231725 5618988 874541256
1 1 201574848 5618995 980971864 5618997 182546712
2 1 4104966 5618996 241373588 5618997 245478554
3 0 862981271 5618996 456109869 5618997 319091140
4 0 713631823 5618996 669586433 5618997 383218256
1 1 169386935 5619004 252058444 5619005 421445379
2 1 13573329 5619004 479160828 5619005 492734157
3 0 868002088 5619004 692842704 5619005 560844792
4 0 719602195 5619004 913498986 5619005 633101181
1 1 174882836 5619012 502749824 5619013 677632660
2 1 7305636 5619012 734580898 5619013 741886534
3 0 860795966 5619012 952242182 5619013 813038148
4 0 706853769 5619013 176888261 5619013 883742030
1 1 160559886 5619020 721680160 5619021 882240046
2 1 19068678 5619020 942530052 5619021 961598730
3 0 862848228 5619021 163864545 5619022 26712773
4 0 707823402 5619021 390104762 5619022 97928164
1 1 151566466 5619029 172660319 5619030 324226785
2 1 2871855 5619029 390459769 5619030 393331624
3 0 844573127 5619029 614655728 5619030 459228855
4 0 697916404 5619029 832551657 5619030 530468061
1 1 209446611 5619037 661500949 5619038 870947560
2 1 17096334 5619037 921627997 5619038 938724331
3 0 856587832 5619038 149446705 5619039 6034537
4 0 700786724 5619038 377950899 5619039 78737623
1 1 174803281 5619045 887224560 5619047 62027841
2 1 2375557 5619046 130356630 5619047 132732187
3 0 854785165 5619046 345779385 5619047 200564550
4 0 704479528 5619046 567147787 5619047 271627315
1 1 171925616 5619054 120658092 5619055 292583708
2 1 2230840 5619054 360310820 5619055 362541660
3 0 852070533 5619054 580252250 5619055 432322783
4 0 705989798 5619054 796354289 5619055 502344087
1 1 170645829 5619062 360815228 5619063 531461057
2 1 8442412 5619062 597679899 5619063 606122311
3 0 858620358 5619062 814270021 5619063 672890379
4 0 696530459 5619063 39324597 5619063 735855056
