1 2 309014490 5619070 869222014 5619073 178236504
2 2 111980983 5619071 131559895 5619073 243540878
3 1 964744195 5619071 348659620 5619073 313403815
4 1 809841549 5619071 568424314 5619073 378265863
5 1 656478931 5619071 792543686 5619073 449022617
6 1 517766298 5619072 12518116 5619073 530284414
7 1 371635396 5619072 227959928 5619073 599595324
8 1 221348683 5619072 453801824 5619073 675150507
1 2 326290120 5619080 323435287 5619082 649725407
2 2 117736365 5619080 601242065 5619082 718978430
3 1 970557501 5619080 815787671 5619082 786345172
4 1 823806277 5619081 33292371 5619082 857098648
5 1 674608524 5619081 251434078 5619082 926042602
6 1 525139610 5619081 462814707 5619082 987954317
7 1 371968376 5619081 681128040 5619083 53096416
8 1 218567684 5619081 912592109 5619083 131159793
1 2 342300275 5619089 713248313 5619092 55548588
2 2 146277433 5619089 983017427 5619092 129294860
3 1 991735983 5619090 208100542 5619092 199836525
4 1 844481435 5619090 428960217 5619092 273441652
5 1 692471178 5619090 651305513 5619092 343776691
6 1 542008208 5619090 871677919 5619092 413686127
7 1 391401038 5619091 90185397 5619092 481586435
8 1 246944788 5619091 305759764 5619092 552704552
1 2 316662520 5619099 85472053 5619101 402134573
2 2 137289997 5619099 335390038 5619101 472680035
3 1 996280238 5619099 546857223 5619101 543137461
4 1 844109967 5619099 772980800 5619101 617090767
5 1 696773530 5619099 991885105 5619101 688658635
6 1 546059082 5619100 215729707 5619101 761788789
7 1 397483613 5619100 428661994 5619101 826145607
8 1 247637225 5619100 653645592 5619101 901282817
1 2 291531275 5619108 763345086 5619111 54876361
2 2 111131103 5619109 21855486 5619111 132986589
3 1 969305878 5619109 230167064 5619111 199472942
4 1 800270735 5619109 462237920 5619111 262508655
5 1 648249293 5619109 684257667 5619111 332506960
6 1 488789675 5619109 911362561 5619111 400152236
7 1 343080689 5619110 121585325 5619111 464666014
8 1 206489718 5619110 332537372 5619111 539027090
1 2 348023859 5619118 243187957 5619120 591211816
2 2 170895440 5619118 490985799 5619120 661881239
3 2 32172120 5619118 702988975 5619120 735161095
4 1 870836536 5619118 930926724 5619120 801763260
5 1 714122440 5619119 158946416 5619120 873068856
6 1 572261753 5619119 367378195 5619120 939639948
7 1 383679992 5619119 626127999 5619121 9807991
8 1 235401664 5619119 842175878 5619121 77577542
1 2 325422343 5619127 693125770 5619130 18548113
2 2 129067523 5619127 960409194 5619130 89476717
3 1 975561831 5619128 177977451 5619130 153539282
4 1 824860603 5619128 407070143 5619130 231930746
5 1 658485317 5619128 633870895 5619130 292356212
6 1 507664592 5619128 859501281 5619130 367165873
7 1 358448689 5619129 73041169 5619130 431489858
8 1 206940348 5619129 302731349 5619130 509671697
1 2 298411577 5619137 369131417 5619139 667542994
2 2 114050551 5619137 620193644 5619139 734244195
3 1 964854111 5619137 839360706 5619139 804214817
4 1 808474415 5619138 68367270 5619139 876841685
5 1 665666336 5619138 281921326 5619139 947587662
6 1 500140422 5619138 508743820 5619140 8884242
7 1 345268161 5619138 733164673 5619140 78432834
8 1 219051403 5619138 933055539 5619140 152106942
1 2 312985665 5619147 66940116 5619149 379925781
2 2 135002131 5619147 315680016 5619149 450682147
3 1 990783207 5619147 532614510 5619149 523397717
4 1 826904670 5619147 762296506 5619149 589201176
5 1 670856171 5619147 990159907 5619149 661016078
6 1 521470770 5619148 211153825 5619149 732624595
7 1 369118888 5619148 432619456 5619149 801738344
8 1 227726190 5619148 649863592 5619149 877589782
1 2 302093338 5619156 463393462 5619158 765486800
2 2 110034806 5619156 718857349 5619158 828892155
3 1 979569849 5619156 929096338 5619158 908666187
4 1 814721495 5619157 158797150 5619158 973518645
5 1 656830289 5619157 385759069 5619159 42589358
6 1 514205985 5619157 600530288 5619159 114736273
7 1 372211575 5619157 813396951 5619159 185608526
8 1 218228389 5619158 34627328 5619159 252855717
