1 -5619293 555380474 5619292 444619526 0 0
2 -5619293 337121885 5619292 662878115 0 0
3 -5619293 131259195 5619292 868740805 0 0
4 -5619294 908085216 5619293 91914784 0 0
5 -5619294 693383024 5619293 306616976 0 0
6 -5619294 481014566 5619293 518985434 0 0
7 -5619294 257557999 5619293 742442001 0 0
8 -5619294 54749679 5619293 945250321 0 0
9 -5619295 839480552 5619294 160519448 0 0
10 -5619295 627267036 5619294 372732964 0 0
11 -5619295 404149408 5619294 595850592 0 0
12 -5619295 188386179 5619294 811613821 0 0
13 -5619296 960276940 5619295 39723060 0 0
14 -5619296 752255198 5619295 247744802 0 0
15 -5619296 534920869 5619295 465079131 0 0
16 -5619296 329887312 5619295 670112688 0 0
17 -5619296 107004549 5619295 892995451 0 0
18 -5619297 892983900 5619296 107016100 0 0
19 -5619297 670347781 5619296 329652219 0 0
20 -5619297 457699661 5619296 542300339 0 0
21 -5619297 232277390 5619296 767722610 0 0
22 -5619297 6382906 5619296 993617094 0 0
23 -5619298 787514884 5619297 212485116 0 0
24 -5619298 570677750 5619297 429322250 0 0
25 -5619298 349630971 5619297 650369029 0 0
26 -5619298 122166164 5619297 877833836 0 0
27 -5619299 911844316 5619298 88155684 0 0
28 -5619299 704437470 5619298 295562530 0 0
29 -5619299 487846479 5619298 512153521 0 0
30 -5619299 262636574 5619298 737363426 0 0
31 -5619299 48974992 5619298 951025008 0 0
32 -5619300 830393316 5619299 169606684 0 0
1 -5619316 846961070 5619315 153038930 0 0
2 -5619316 636773126 5619315 363226874 0 0
3 -5619316 420427260 5619315 579572740 0 0
4 -5619316 212349054 5619315 787650946 0 0
5 -5619317 996564863 5619316 3435137 0 0
6 -5619317 782060240 5619316 217939760 0 0
7 -5619317 571501913 5619316 428498087 0 0
8 -5619317 358423060 5619316 641576940 0 0
9 -5619317 142289616 5619316 857710384 0 0
10 -5619318 939088875 5619317 60911125 0 0
11 -5619318 719789785 5619317 280210215 0 0
12 -5619318 508207034 5619317 491792966 0 0
13 -5619318 287412139 5619317 712587861 0 0
14 -5619318 76492616 5619317 923507384 0 0
15 -5619319 859537760 5619318 140462240 0 0
16 -5619319 637537239 5619318 362462761 0 0
17 -5619319 433862730 5619318 566137270 0 0
18 -5619319 207406218 5619318 792593782 0 0
19 -5619320 990938187 5619319 9061813 0 0
20 -5619320 776416767 5619319 223583233 0 0
21 -5619320 560514985 5619319 439485015 0 0
22 -5619320 348662035 5619319 651337965 0 0
23 -5619320 129675754 5619319 870324246 0 0
24 -5619321 921365775 5619320 78634225 0 0
25 -5619321 707939020 5619320 292060980 0 0
26 -5619321 490311678 5619320 509688322 0 0
27 -5619321 280116641 5619320 719883359 0 0
28 -5619321 57394337 5619320 942605663 0 0
29 -5619322 837963194 5619321 162036806 0 0
30 -5619322 621675826 5619321 378324174 0 0
31 -5619322 407684434 5619321 592315566 0 0
32 -5619322 186382937 5619321 813617063 0 0
1 -5619339 421378447 5619338 578621553 0 0
2 -5619339 184547700 5619338 815452300 0 0
3 -5619340 966995189 5619339 33004811 0 0
4 -5619340 749386307 5619339 250613693 0 0
5 -5619340 534179678 5619339 465820322 0 0
6 -5619340 326471501 5619339 673528499 0 0
7 -5619340 119352591 5619339 880647409 0 0
8 -5619341 901575787 5619340 98424213 0 0
9 -5619341 686676559 5619340 313323441 0 0
10 -5619341 471475059 5619340 528524941 0 0
11 -5619341 249631312 5619340 750368688 0 0
12 -5619341 26168650 5619340 973831350 0 0
13 -5619342 797419680 5619341 202580320 0 0
14 -5619342 573916908 5619341 426083092 0 0
15 -5619342 339118161 5619341 660881839 0 0
16 -5619342 118793959 5619341 881206041 0 0
17 -5619343 892623996 5619342 107376004 0 0
18 -5619343 684675213 5619342 315324787 0 0
19 -5619343 470414380 5619342 529585620 0 0
20 -5619343 260423617 5619342 739576383 0 0
21 -5619343 50752680 5619342 949247320 0 0
22 -5619344 835461811 5619343 164538189 0 0
23 -5619344 618567250 5619343 381432750 0 0
24 -5619344 395787853 5619343 604212147 0 0
25 -5619344 169353173 5619343 830646827 0 0
26 -5619345 951851474 5619344 48148526 0 0
27 -5619345 730403738 5619344 269596262 0 0
28 -5619345 522094721 5619344 477905279 0 0
29 -5619345 303236677 5619344 696763323 0 0
30 -5619345 78774349 5619344 921225651 0 0
31 -5619346 869265595 5619345 130734405 0 0
32 -5619346 653936596 5619345 346063404 0 0
1 -5619362 406537028 5619361 593462972 0 0
2 -5619362 157595857 5619361 842404143 0 0
3 -5619363 944271784 5619362 55728216 0 0
4 -5619363 730184948 5619362 269815052 0 0
5 -5619363 516789135 5619362 483210865 0 0
6 -5619363 293813760 5619362 706186240 0 0
7 -5619363 80652720 5619362 919347280 0 0
8 -5619364 865529070 5619363 134470930 0 0
9 -5619364 647921724 5619363 352078276 0 0
10 -5619364 428024810 5619363 571975190 0 0
11 -5619364 205772292 5619363 794227708 0 0
12 -5619365 990424348 5619364 9575652 0 0
13 -5619365 756875021 5619364 243124979 0 0
14 -5619365 540571615 5619364 459428385 0 0
15 -5619365 335924195 5619364 664075805 0 0
16 -5619365 99426312 5619364 900573688 0 0
17 -5619366 876305846 5619365 123694154 0 0
18 -5619366 651833924 5619365 348166076 0 0
19 -5619366 429592832 5619365 570407168 0 0
20 -5619366 218950283 5619365 781049717 0 0
21 -5619366 287197 5619365 999712803 0 0
22 -5619367 782618538 5619366 217381462 0 0
23 -5619367 571637995 5619366 428362005 0 0
24 -5619367 360238071 5619366 639761929 0 0
25 -5619367 147721261 5619366 852278739 0 0
26 -5619368 916498779 5619367 83501221 0 0
27 -5619368 696408424 5619367 303591576 0 0
28 -5619368 481509343 5619367 518490657 0 0
29 -5619368 261686983 5619367 738313017 0 0
30 -5619368 40115600 5619367 959884400 0 0
31 -5619369 817934561 5619368 182065439 0 0
32 -5619369 601913741 5619368 398086259 0 0
1 -5619386 762284871 5619385 237715129 0 0
2 -5619386 496745692 5619385 503254308 0 0
3 -5619386 281205122 5619385 718794878 0 0
4 -5619386 66168635 5619385 933831365 0 0
5 -5619387 849105131 5619386 150894869 0 0
6 -5619387 620544988 5619386 379455012 0 0
7 -5619387 399860680 5619386 600139320 0 0
8 -5619387 188021800 5619386 811978200 0 0
9 -5619388 979224623 5619387 20775377 0 0
10 -5619388 764466094 5619387 235533906 0 0
11 -5619388 550643770 5619387 449356230 0 0
12 -5619388 340415916 5619387 659584084 0 0
13 -5619388 126320633 5619387 873679367 0 0
14 -5619389 910636381 5619388 89363619 0 0
15 -5619389 694118940 5619388 305881060 0 0
16 -5619389 480429428 5619388 519570572 0 0
17 -5619389 257482847 5619388 742517153 0 0
18 -5619389 47149365 5619388 952850635 0 0
19 -5619390 819573037 5619389 180426963 0 0
20 -5619390 610193056 5619389 389806944 0 0
21 -5619390 393467545 5619389 606532455 0 0
22 -5619390 178217117 5619389 821782883 0 0
23 -5619391 964422811 5619390 35577189 0 0
24 -5619391 744465230 5619390 255534770 0 0
25 -5619391 526621776 5619390 473378224 0 0
26 -5619391 297271463 5619390 702728537 0 0
27 -5619391 72806206 5619390 927193794 0 0
28 -5619392 846812367 5619391 153187633 0 0
29 -5619392 637127984 5619391 362872016 0 0
30 -5619392 421006425 5619391 578993575 0 0
31 -5619392 197650296 5619391 802349704 0 0
32 -5619393 963985784 5619392 36014216 0 0
1 -5619409 457551124 5619408 542448876 0 0
2 -5619409 217328882 5619408 782671118 0 0
3 -5619409 4429021 5619408 995570979 0 0
4 -5619410 794286498 5619409 205713502 0 0
5 -5619410 583046791 5619409 416953209 0 0
6 -5619410 366290058 5619409 633709942 0 0
7 -5619410 153283865 5619409 846716135 0 0
8 -5619411 933512928 5619410 66487072 0 0
9 -5619411 720573420 5619410 279426580 0 0
10 -5619411 497395250 5619410 502604750 0 0
11 -5619411 269367892 5619410 730632108 0 0
12 -5619411 53163055 5619410 946836945 0 0
13 -5619412 823126198 5619411 176873802 0 0
14 -5619412 606840659 5619411 393159341 0 0
15 -5619412 381850782 5619411 618149218 0 0
16 -5619412 164358691 5619411 835641309 0 0
17 -5619413 951189316 5619412 48810684 0 0
18 -5619413 741272159 5619412 258727841 0 0
19 -5619413 507358503 5619412 492641497 0 0
20 -5619413 291560252 5619412 708439748 0 0
21 -5619413 71992940 5619412 928007060 0 0
22 -5619414 858831899 5619413 141168101 0 0
23 -5619414 651992722 5619413 348007278 0 0
24 -5619414 436522741 5619413 563477259 0 0
25 -5619414 221776359 5619413 778223641 0 0
26 -5619414 2085569 5619413 997914431 0 0
27 -5619415 784558016 5619414 215441984 0 0
28 -5619415 555634193 5619414 444365807 0 0
29 -5619415 344346283 5619414 655653717 0 0
30 -5619415 122926932 5619414 877073068 0 0
31 -5619416 903595931 5619415 96404069 0 0
32 -5619416 690188024 5619415 309811976 0 0
1 -5619432 6234102 5619431 993765898 0 0
2 -5619433 747711810 5619432 252288190 0 0
3 -5619433 519378586 5619432 480621414 0 0
4 -5619433 296156860 5619432 703843140 0 0
5 -5619433 69584419 5619432 930415581 0 0
6 -5619434 846706464 5619433 153293536 0 0
7 -5619434 621575441 5619433 378424559 0 0
8 -5619434 405977796 5619433 594022204 0 0
9 -5619434 187246505 5619433 812753495 0 0
10 -5619435 977451604 5619434 22548396 0 0
11 -5619435 763628592 5619434 236371408 0 0
12 -5619435 542512068 5619434 457487932 0 0
13 -5619435 325718001 5619434 674281999 0 0
14 -5619435 117724011 5619434 882275989 0 0
15 -5619436 890175865 5619435 109824135 0 0
16 -5619436 667177542 5619435 332822458 0 0
17 -5619436 438508140 5619435 561491860 0 0
18 -5619436 217981475 5619435 782018525 0 0
19 -5619436 7773600 5619435 992226400 0 0
20 -5619437 777925386 5619436 222074614 0 0
21 -5619437 566308259 5619436 433691741 0 0
22 -5619437 355881481 5619436 644118519 0 0
23 -5619437 129746939 5619436 870253061 0 0
24 -5619438 914000833 5619437 85999167 0 0
25 -5619438 695281375 5619437 304718625 0 0
26 -5619438 486787061 5619437 513212939 0 0
27 -5619438 267428986 5619437 732571014 0 0
28 -5619438 50485958 5619437 949514042 0 0
29 -5619439 836981014 5619438 163018986 0 0
30 -5619439 620946266 5619438 379053734 0 0
31 -5619439 401650911 5619438 598349089 0 0
32 -5619439 188343224 5619438 811656776 0 0
1 -5619456 452277639 5619455 547722361 0 0
2 -5619456 214463869 5619455 785536131 0 0
3 -5619457 994496822 5619456 5503178 0 0
4 -5619457 774230448 5619456 225769552 0 0
5 -5619457 558204865 5619456 441795135 0 0
6 -5619457 334170598 5619456 665829402 0 0
7 -5619457 125953778 5619456 874046222 0 0
8 -5619458 897694367 5619457 102305633 0 0
9 -5619458 686773171 5619457 313226829 0 0
10 -5619458 467409039 5619457 532590961 0 0
11 -5619458 257245737 5619457 742754263 0 0
12 -5619458 46766051 5619457 953233949 0 0
13 -5619459 824295514 5619458 175704486 0 0
14 -5619459 613090897 5619458 386909103 0 0
15 -5619459 390745950 5619458 609254050 0 0
16 -5619459 167260525 5619458 832739475 0 0
17 -5619460 949665897 5619459 50334103 0 0
18 -5619460 726952050 5619459 273047950 0 0
19 -5619460 497493698 5619459 502506302 0 0
20 -5619460 283476559 5619459 716523441 0 0
21 -5619460 69031262 5619459 930968738 0 0
22 -5619461 863508521 5619460 136491479 0 0
23 -5619461 643811303 5619460 356188697 0 0
24 -5619461 425670111 5619460 574329889 0 0
25 -5619461 200054021 5619460 799945979 0 0
26 -5619462 994771406 5619461 5228594 0 0
27 -5619462 781884450 5619461 218115550 0 0
28 -5619462 570947384 5619461 429052616 0 0
29 -5619462 341178816 5619461 658821184 0 0
30 -5619462 120431209 5619461 879568791 0 0
31 -5619463 893796731 5619462 106203269 0 0
32 -5619463 679535745 5619462 320464255 0 0
1 -5619479 106924630 5619478 893075370 0 0
2 -5619480 882104358 5619479 117895642 0 0
3 -5619480 672239845 5619479 327760155 0 0
4 -5619480 453606569 5619479 546393431 0 0
5 -5619480 229809630 5619479 770190370 0 0
6 -5619480 17145429 5619479 982854571 0 0
7 -5619481 793869091 5619480 206130909 0 0
8 -5619481 587093947 5619480 412906053 0 0
9 -5619481 367436412 5619480 632563588 0 0
10 -5619481 158177036 5619480 841822964 0 0
11 -5619482 940889069 5619481 59110931 0 0
12 -5619482 712878745 5619481 287121255 0 0
13 -5619482 511103341 5619481 488896659 0 0
14 -5619482 283938520 5619481 716061480 0 0
15 -5619482 63880178 5619481 936119822 0 0
16 -5619483 843632265 5619482 156367735 0 0
17 -5619483 627827381 5619482 372172619 0 0
18 -5619483 418063718 5619482 581936282 0 0
19 -5619483 194807325 5619482 805192675 0 0
20 -5619484 986073772 5619483 13926228 0 0
21 -5619484 760996708 5619483 239003292 0 0
22 -5619484 547270156 5619483 452729844 0 0
23 -5619484 323001429 5619483 676998571 0 0
24 -5619484 104376746 5619483 895623254 0 0
25 -5619485 878841950 5619484 121158050 0 0
26 -5619485 657181526 5619484 342818474 0 0
27 -5619485 437634841 5619484 562365159 0 0
28 -5619485 230546851 5619484 769453149 0 0
29 -5619485 8483213 5619484 991516787 0 0
30 -5619486 791573960 5619485 208426040 0 0
31 -5619486 574794539 5619485 425205461 0 0
32 -5619486 363798750 5619485 636201250 0 0
1 -5619503 779874704 5619502 220125296 0 0
2 -5619503 540804029 5619502 459195971 0 0
3 -5619503 320574689 5619502 679425311 0 0
4 -5619503 101105743 5619502 898894257 0 0
5 -5619504 887783664 5619503 112216336 0 0
6 -5619504 666105259 5619503 333894741 0 0
7 -5619504 450662256 5619503 549337744 0 0
8 -5619504 226492230 5619503 773507770 0 0
9 -5619504 7413814 5619503 992586186 0 0
10 -5619505 785521486 5619504 214478514 0 0
11 -5619505 567533827 5619504 432466173 0 0
12 -5619505 338199416 5619504 661800584 0 0
13 -5619505 126043982 5619504 873956018 0 0
14 -5619506 910061322 5619505 89938678 0 0
15 -5619506 694837908 5619505 305162092 0 0
16 -5619506 467320574 5619505 532679426 0 0
17 -5619506 246447987 5619505 753552013 0 0
18 -5619506 17834155 5619505 982165845 0 0
19 -5619507 801578056 5619506 198421944 0 0
20 -5619507 580576916 5619506 419423084 0 0
21 -5619507 350440371 5619506 649559629 0 0
22 -5619507 131606949 5619506 868393051 0 0
23 -5619508 919150095 5619507 80849905 0 0
24 -5619508 707754795 5619507 292245205 0 0
25 -5619508 493080889 5619507 506919111 0 0
26 -5619508 283113340 5619507 716886660 0 0
27 -5619508 57765670 5619507 942234330 0 0
28 -5619509 841367129 5619508 158632871 0 0
29 -5619509 624264379 5619508 375735621 0 0
30 -5619509 409718878 5619508 590281122 0 0
31 -5619509 178231044 5619508 821768956 0 0
32 -5619510 957927761 5619509 42072239 0 0
