1 -5619526 341889894 5619525 658110106 0 0
2 -5619526 100510613 5619525 899489387 0 0
3 -5619527 882176200 5619526 117823800 0 0
4 -5619527 664805418 5619526 335194582 0 0
5 -5619527 443149011 5619526 556850989 0 0
6 -5619527 234493974 5619526 765506026 0 0
7 -5619527 24968880 5619526 975031120 0 0
8 -5619528 806702354 5619527 193297646 0 0
9 -5619528 583561142 5619527 416438858 0 0
10 -5619528 367154934 5619527 632845066 0 0
11 -5619528 144810281 5619527 855189719 0 0
12 -5619529 928370055 5619528 71629945 0 0
13 -5619529 714568522 5619528 285431478 0 0
14 -5619529 493335848 5619528 506664152 0 0
15 -5619529 277068823 5619528 722931177 0 0
16 -5619529 60919165 5619528 939080835 0 0
17 -5619530 852482143 5619529 147517857 0 0
18 -5619530 635153601 5619529 364846399 0 0
19 -5619530 404194922 5619529 595805078 0 0
20 -5619530 177407703 5619529 822592297 0 0
21 -5619531 959018587 5619530 40981413 0 0
22 -5619531 744710137 5619530 255289863 0 0
23 -5619531 531666737 5619530 468333263 0 0
24 -5619531 320763075 5619530 679236925 0 0
25 -5619531 107346942 5619530 892653058 0 0
26 -5619532 888839661 5619531 111160339 0 0
27 -5619532 673334067 5619531 326665933 0 0
28 -5619532 453731899 5619531 546268101 0 0
29 -5619532 237362783 5619531 762637217 0 0
30 -5619532 7372087 5619531 992627913 0 0
31 -5619533 784209226 5619532 215790774 0 0
32 -5619533 562814870 5619532 437185130 0 0
33 -5619533 351775192 5619532 648224808 0 0
34 -5619533 125268283 5619532 874731717 0 0
35 -5619534 904265123 5619533 95734877 0 0
36 -5619534 677311555 5619533 322688445 0 0
37 -5619534 461116566 5619533 538883434 0 0
38 -5619534 240977593 5619533 759022407 0 0
39 -5619534 14772586 5619533 985227414 0 0
40 -5619535 795977033 5619534 204022967 0 0
41 -5619535 567463550 5619534 432536450 0 0
42 -5619535 345883864 5619534 654116136 0 0
43 -5619535 125289307 5619534 874710693 0 0
44 -5619536 904462441 5619535 95537559 0 0
45 -5619536 686920235 5619535 313079765 0 0
46 -5619536 469837188 5619535 530162812 0 0
47 -5619536 250616162 5619535 749383838 0 0
48 -5619536 35670982 5619535 964329018 0 0
49 -5619537 813975094 5619536 186024906 0 0
50 -5619537 586986694 5619536 413013306 0 0
51 -5619537 374426673 5619536 625573327 0 0
52 -5619537 158657620 5619536 841342380 0 0
53 -5619538 940430909 5619537 59569091 0 0
54 -5619538 725973831 5619537 274026169 0 0
55 -5619538 508176779 5619537 491823221 0 0
56 -5619538 298654739 5619537 701345261 0 0
57 -5619538 79599895 5619537 920400105 0 0
58 -5619539 858347425 5619538 141652575 0 0
59 -5619539 639425152 5619538 360574848 0 0
60 -5619539 416078999 5619538 583921001 0 0
61 -5619539 206676587 5619538 793323413 0 0
62 -5619540 984220583 5619539 15779417 0 0
63 -5619540 766099592 5619539 233900408 0 0
64 -5619540 556677328 5619539 443322672 0 0
1 -5619570 529452650 5619569 470547350 0 0
2 -5619570 280754892 5619569 719245108 0 0
3 -5619570 66964393 5619569 933035607 0 0
4 -5619571 854538296 5619570 145461704 0 0
5 -5619571 630993904 5619570 369006096 0 0
6 -5619571 418781117 5619570 581218883 0 0
7 -5619571 200839288 5619570 799160712 0 0
8 -5619572 986988458 5619571 13011542 0 0
9 -5619572 760037870 5619571 239962130 0 0
10 -5619572 546978432 5619571 453021568 0 0
11 -5619572 333712664 5619571 666287336 0 0
12 -5619572 109873538 5619571 890126462 0 0
13 -5619573 892545919 5619572 107454081 0 0
14 -5619573 673967639 5619572 326032361 0 0
15 -5619573 451631114 5619572 548368886 0 0
16 -5619573 237398828 5619572 762601172 0 0
17 -5619573 28836047 5619572 971163953 0 0
18 -5619574 807484689 5619573 192515311 0 0
19 -5619574 590204644 5619573 409795356 0 0
20 -5619574 363935654 5619573 636064346 0 0
21 -5619574 156195099 5619573 843804901 0 0
22 -5619575 939565838 5619574 60434162 0 0
23 -5619575 718246720 5619574 281753280 0 0
24 -5619575 507299836 5619574 492700164 0 0
25 -5619575 298693778 5619574 701306222 0 0
26 -5619575 74090739 5619574 925909261 0 0
27 -5619576 850683048 5619575 149316952 0 0
28 -5619576 631548334 5619575 368451666 0 0
29 -5619576 413008590 5619575 586991410 0 0
30 -5619576 200609473 5619575 799390527 0 0
31 -5619577 984974620 5619576 15025380 0 0
32 -5619577 770061087 5619576 229938913 0 0
33 -5619577 561149257 5619576 438850743 0 0
34 -5619577 343872064 5619576 656127936 0 0
35 -5619577 118469799 5619576 881530201 0 0
36 -5619578 905841779 5619577 94158221 0 0
37 -5619578 702400681 5619577 297599319 0 0
38 -5619578 487478610 5619577 512521390 0 0
39 -5619578 267307878 5619577 732692122 0 0
40 -5619578 53363401 5619577 946636599 0 0
41 -5619579 841027949 5619578 158972051 0 0
42 -5619579 633049176 5619578 366950824 0 0
43 -5619579 419325195 5619578 580674805 0 0
44 -5619579 201210202 5619578 798789798 0 0
45 -5619580 969207041 5619579 30792959 0 0
46 -5619580 751829480 5619579 248170520 0 0
47 -5619580 526461733 5619579 473538267 0 0
48 -5619580 299456571 5619579 700543429 0 0
49 -5619580 78695146 5619579 921304854 0 0
50 -5619581 859194142 5619580 140805858 0 0
51 -5619581 653166296 5619580 346833704 0 0
52 -5619581 438640589 5619580 561359411 0 0
53 -5619581 204299286 5619580 795700714 0 0
54 -5619582 987651803 5619581 12348197 0 0
55 -5619582 756618643 5619581 243381357 0 0
56 -5619582 546614574 5619581 453385426 0 0
57 -5619582 334645800 5619581 665354200 0 0
58 -5619582 119282683 5619581 880717317 0 0
59 -5619583 900043711 5619582 99956289 0 0
60 -5619583 691919236 5619582 308080764 0 0
61 -5619583 480884798 5619582 519115202 0 0
62 -5619583 260869729 5619582 739130271 0 0
63 -5619583 26039861 5619582 973960139 0 0
64 -5619584 812662447 5619583 187337553 0 0
1 -5619616 619617452 5619615 380382548 0 0
2 -5619616 385696862 5619615 614303138 0 0
3 -5619616 163909566 5619615 836090434 0 0
4 -5619617 952093789 5619616 47906211 0 0
5 -5619617 733584062 5619616 266415938 0 0
6 -5619617 516874672 5619616 483125328 0 0
7 -5619617 300470813 5619616 699529187 0 0
8 -5619617 85396652 5619616 914603348 0 0
9 -5619618 868162123 5619617 131837877 0 0
10 -5619618 641441863 5619617 358558137 0 0
11 -5619618 413406239 5619617 586593761 0 0
12 -5619618 205595850 5619617 794404150 0 0
13 -5619619 976776573 5619618 23223427 0 0
14 -5619619 761151663 5619618 238848337 0 0
15 -5619619 540046188 5619618 459953812 0 0
16 -5619619 321148468 5619618 678851532 0 0
17 -5619619 99771127 5619618 900228873 0 0
18 -5619620 878958905 5619619 121041095 0 0
19 -5619620 658608842 5619619 341391158 0 0
20 -5619620 440466256 5619619 559533744 0 0
21 -5619620 228621609 5619619 771378391 0 0
22 -5619620 13396358 5619619 986603642 0 0
23 -5619621 796430287 5619620 203569713 0 0
24 -5619621 575701471 5619620 424298529 0 0
25 -5619621 349609718 5619620 650390282 0 0
26 -5619621 131614352 5619620 868385648 0 0
27 -5619622 909519987 5619621 90480013 0 0
28 -5619622 688877762 5619621 311122238 0 0
29 -5619622 468682289 5619621 531317711 0 0
30 -5619622 247275022 5619621 752724978 0 0
31 -5619622 38717185 5619621 961282815 0 0
32 -5619623 826116033 5619622 173883967 0 0
33 -5619623 606408513 5619622 393591487 0 0
34 -5619623 385296630 5619622 614703370 0 0
35 -5619623 171641628 5619622 828358372 0 0
36 -5619624 957588633 5619623 42411367 0 0
37 -5619624 734179144 5619623 265820856 0 0
38 -5619624 518785174 5619623 481214826 0 0
39 -5619624 300543720 5619623 699456280 0 0
40 -5619624 69437041 5619623 930562959 0 0
41 -5619625 854674614 5619624 145325386 0 0
42 -5619625 634360976 5619624 365639024 0 0
43 -5619625 419555680 5619624 580444320 0 0
44 -5619625 196572832 5619624 803427168 0 0
45 -5619626 982648815 5619625 17351185 0 0
46 -5619626 767067682 5619625 232932318 0 0
47 -5619626 549243849 5619625 450756151 0 0
48 -5619626 327203372 5619625 672796628 0 0
49 -5619626 114666590 5619625 885333410 0 0
50 -5619627 877175251 5619626 122824749 0 0
51 -5619627 664880964 5619626 335119036 0 0
52 -5619627 444787896 5619626 555212104 0 0
53 -5619627 228945730 5619626 771054270 0 0
54 -5619627 17455076 5619626 982544924 0 0
55 -5619628 799125697 5619627 200874303 0 0
56 -5619628 581322272 5619627 418677728 0 0
57 -5619628 358303905 5619627 641696095 0 0
58 -5619628 136599626 5619627 863400374 0 0
59 -5619629 925789886 5619628 74210114 0 0
60 -5619629 692381582 5619628 307618418 0 0
61 -5619629 468150368 5619628 531849632 0 0
62 -5619629 252185057 5619628 747814943 0 0
63 -5619629 29926176 5619628 970073824 0 0
64 -5619630 817185157 5619629 182814843 0 0
1 -5619661 256591042 5619660 743408958 0 0
2 -5619662 999191812 5619661 808188 0 0
3 -5619662 795140427 5619661 204859573 0 0
4 -5619662 569043210 5619661 430956790 0 0
5 -5619662 359831346 5619661 640168654 0 0
6 -5619662 131131232 5619661 868868768 0 0
7 -5619663 915374397 5619662 84625603 0 0
8 -5619663 700947667 5619662 299052333 0 0
9 -5619663 487545659 5619662 512454341 0 0
10 -5619663 278929025 5619662 721070975 0 0
11 -5619663 54319632 5619662 945680368 0 0
12 -5619664 840979604 5619663 159020396 0 0
13 -5619664 629294453 5619663 370705547 0 0
14 -5619664 427517914 5619663 572482086 0 0
15 -5619664 212689358 5619663 787310642 0 0
16 -5619665 983791823 5619664 16208177 0 0
17 -5619665 776985877 5619664 223014123 0 0
18 -5619665 560745773 5619664 439254227 0 0
19 -5619665 341567187 5619664 658432813 0 0
20 -5619665 127155327 5619664 872844673 0 0
21 -5619666 907258532 5619665 92741468 0 0
22 -5619666 689279293 5619665 310720707 0 0
23 -5619666 478799101 5619665 521200899 0 0
24 -5619666 275512479 5619665 724487521 0 0
25 -5619666 62579277 5619665 937420723 0 0
26 -5619667 842907589 5619666 157092411 0 0
27 -5619667 631000275 5619666 368999725 0 0
28 -5619667 421944260 5619666 578055740 0 0
29 -5619667 196585325 5619666 803414675 0 0
30 -5619668 983971598 5619667 16028402 0 0
31 -5619668 777201393 5619667 222798607 0 0
32 -5619668 555976011 5619667 444023989 0 0
33 -5619668 333457653 5619667 666542347 0 0
34 -5619668 121668782 5619667 878331218 0 0
35 -5619669 908210367 5619668 91789633 0 0
36 -5619669 708593066 5619668 291406934 0 0
37 -5619669 491253482 5619668 508746518 0 0
38 -5619669 270764994 5619668 729235006 0 0
39 -5619669 47408041 5619668 952591959 0 0
40 -5619670 832179992 5619669 167820008 0 0
41 -5619670 617911111 5619669 382088889 0 0
42 -5619670 400125369 5619669 599874631 0 0
43 -5619670 179795692 5619669 820204308 0 0
44 -5619671 953428535 5619670 46571465 0 0
45 -5619671 739181487 5619670 260818513 0 0
46 -5619671 520569556 5619670 479430444 0 0
47 -5619671 297941811 5619670 702058189 0 0
48 -5619671 79032127 5619670 920967873 0 0
49 -5619672 858518362 5619671 141481638 0 0
50 -5619672 633370645 5619671 366629355 0 0
51 -5619672 416367740 5619671 583632260 0 0
52 -5619672 197584998 5619671 802415002 0 0
53 -5619673 965898310 5619672 34101690 0 0
54 -5619673 747156234 5619672 252843766 0 0
55 -5619673 520457972 5619672 479542028 0 0
56 -5619673 304907095 5619672 695092905 0 0
57 -5619673 86437310 5619672 913562690 0 0
58 -5619674 867308686 5619673 132691314 0 0
59 -5619674 636553240 5619673 363446760 0 0
60 -5619674 418624500 5619673 581375500 0 0
61 -5619674 206640373 5619673 793359627 0 0
62 -5619675 988956869 5619674 11043131 0 0
63 -5619675 776939335 5619674 223060665 0 0
64 -5619675 554471124 5619674 445528876 0 0
1 -5619707 815644454 5619706 184355546 0 0
2 -5619707 565904859 5619706 434095141 0 0
3 -5619707 340741660 5619706 659258340 0 0
4 -5619707 111640849 5619706 888359151 0 0
5 -5619708 897102527 5619707 102897473 0 0
6 -5619708 690390542 5619707 309609458 0 0
7 -5619708 481148974 5619707 518851026 0 0
8 -5619708 257478877 5619707 742521123 0 0
9 -5619708 42319160 5619707 957680840 0 0
10 -5619709 827131720 5619708 172868280 0 0
11 -5619709 609242516 5619708 390757484 0 0
12 -5619709 377053503 5619708 622946497 0 0
13 -5619709 163106263 5619708 836893737 0 0
14 -5619710 948311779 5619709 51688221 0 0
15 -5619710 738960714 5619709 261039286 0 0
16 -5619710 523793218 5619709 476206782 0 0
17 -5619710 307011512 5619709 692988488 0 0
18 -5619710 96622280 5619709 903377720 0 0
19 -5619711 877972776 5619710 122027224 0 0
20 -5619711 667347566 5619710 332652434 0 0
21 -5619711 450651674 5619710 549348326 0 0
22 -5619711 238077964 5619710 761922036 0 0
23 -5619711 32570289 5619710 967429711 0 0
24 -5619712 810063523 5619711 189936477 0 0
25 -5619712 605538682 5619711 394461318 0 0
26 -5619712 390904121 5619711 609095879 0 0
27 -5619712 175397447 5619711 824602553 0 0
28 -5619713 958103195 5619712 41896805 0 0
29 -5619713 740263583 5619712 259736417 0 0
30 -5619713 521658595 5619712 478341405 0 0
31 -5619713 306630579 5619712 693369421 0 0
32 -5619713 86462954 5619712 913537046 0 0
33 -5619714 865413346 5619713 134586654 0 0
34 -5619714 652087501 5619713 347912499 0 0
35 -5619714 432894469 5619713 567105531 0 0
36 -5619714 212919359 5619713 787080641 0 0
37 -5619714 748901 5619713 999251099 0 0
38 -5619715 774046434 5619714 225953566 0 0
39 -5619715 556797681 5619714 443202319 0 0
40 -5619715 344397598 5619714 655602402 0 0
41 -5619715 119105031 5619714 880894969 0 0
42 -5619716 897287177 5619715 102712823 0 0
43 -5619716 679173144 5619715 320826856 0 0
44 -5619716 470612081 5619715 529387919 0 0
45 -5619716 239722359 5619715 760277641 0 0
46 -5619716 18099927 5619715 981900073 0 0
47 -5619717 808170816 5619716 191829184 0 0
48 -5619717 592551515 5619716 407448485 0 0
49 -5619717 383266743 5619716 616733257 0 0
50 -5619717 160355595 5619716 839644405 0 0
51 -5619718 939255469 5619717 60744531 0 0
52 -5619718 714208379 5619717 285791621 0 0
53 -5619718 499438061 5619717 500561939 0 0
54 -5619718 270500839 5619717 729499161 0 0
55 -5619718 60673597 5619717 939326403 0 0
56 -5619719 839520638 5619718 160479362 0 0
57 -5619719 616943632 5619718 383056368 0 0
58 -5619719 395438346 5619718 604561654 0 0
59 -5619719 180295684 5619718 819704316 0 0
60 -5619720 966125300 5619719 33874700 0 0
61 -5619720 748666643 5619719 251333357 0 0
62 -5619720 534058581 5619719 465941419 0 0
63 -5619720 313262635 5619719 686737365 0 0
64 -5619720 94537483 5619719 905462517 0 0
1 -5619752 415815244 5619751 584184756 0 0
2 -5619752 169609897 5619751 830390103 0 0
3 -5619753 956131925 5619752 43868075 0 0
4 -5619753 748717619 5619752 251282381 0 0
5 -5619753 536630269 5619752 463369731 0 0
6 -5619753 316446792 5619752 683553208 0 0
7 -5619753 93516180 5619752 906483820 0 0
8 -5619754 872070689 5619753 127929311 0 0
9 -5619754 653907989 5619753 346092011 0 0
10 -5619754 427259983 5619753 572740017 0 0
11 -5619754 207485220 5619753 792514780 0 0
12 -5619755 995417407 5619754 4582593 0 0
13 -5619755 781946843 5619754 218053157 0 0
14 -5619755 568003972 5619754 431996028 0 0
15 -5619755 345856049 5619754 654143951 0 0
16 -5619755 124327041 5619754 875672959 0 0
17 -5619756 904607166 5619755 95392834 0 0
18 -5619756 695599852 5619755 304400148 0 0
19 -5619756 479409579 5619755 520590421 0 0
20 -5619756 257242675 5619755 742757325 0 0
21 -5619756 46859497 5619755 953140503 0 0
22 -5619757 827698131 5619756 172301869 0 0
23 -5619757 609893350 5619756 390106650 0 0
24 -5619757 393175401 5619756 606824599 0 0
25 -5619757 180965072 5619756 819034928 0 0
26 -5619758 965261160 5619757 34738840 0 0
27 -5619758 733859353 5619757 266140647 0 0
28 -5619758 517542785 5619757 482457215 0 0
29 -5619758 297250032 5619757 702749968 0 0
30 -5619758 81705006 5619757 918294994 0 0
31 -5619759 861279421 5619758 138720579 0 0
32 -5619759 647531103 5619758 352468897 0 0
33 -5619759 444705100 5619758 555294900 0 0
34 -5619759 220558140 5619758 779441860 0 0
35 -5619760 996290090 5619759 3709910 0 0
36 -5619760 786405385 5619759 213594615 0 0
37 -5619760 567400793 5619759 432599207 0 0
38 -5619760 357467829 5619759 642532171 0 0
39 -5619760 128651586 5619759 871348414 0 0
40 -5619761 915966025 5619760 84033975 0 0
41 -5619761 700400480 5619760 299599520 0 0
42 -5619761 486643328 5619760 513356672 0 0
43 -5619761 257518923 5619760 742481077 0 0
44 -5619761 48574423 5619760 951425577 0 0
45 -5619762 835454740 5619761 164545260 0 0
46 -5619762 613025545 5619761 386974455 0 0
47 -5619762 404994435 5619761 595005565 0 0
48 -5619762 186265838 5619761 813734162 0 0
49 -5619763 957132674 5619762 42867326 0 0
50 -5619763 745806884 5619762 254193116 0 0
51 -5619763 520780182 5619762 479219818 0 0
52 -5619763 301142342 5619762 698857658 0 0
53 -5619763 91378894 5619762 908621106 0 0
54 -5619764 872681518 5619763 127318482 0 0
55 -5619764 634994531 5619763 365005469 0 0
56 -5619764 411173603 5619763 588826397 0 0
57 -5619764 186545059 5619763 813454941 0 0
58 -5619765 952841073 5619764 47158927 0 0
59 -5619765 729486080 5619764 270513920 0 0
60 -5619765 515562319 5619764 484437681 0 0
61 -5619765 295841537 5619764 704158463 0 0
62 -5619765 81286825 5619764 918713175 0 0
63 -5619766 863411935 5619765 136588065 0 0
64 -5619766 656563395 5619765 343436605 0 0
1 -5619798 592683773 5619797 407316227 0 0
2 -5619798 334049729 5619797 665950271 0 0
3 -5619798 119238725 5619797 880761275 0 0
4 -5619799 905627792 5619798 94372208 0 0
5 -5619799 696923934 5619798 303076066 0 0
6 -5619799 481189614 5619798 518810386 0 0
7 -5619799 267864138 5619798 732135862 0 0
8 -5619799 56656808 5619798 943343192 0 0
9 -5619800 844402776 5619799 155597224 0 0
10 -5619800 626340388 5619799 373659612 0 0
11 -5619800 406278944 5619799 593721056 0 0
12 -5619800 182493051 5619799 817506949 0 0
13 -5619801 967411497 5619800 32588503 0 0
14 -5619801 758646010 5619800 241353990 0 0
15 -5619801 540057910 5619800 459942090 0 0
16 -5619801 326087224 5619800 673912776 0 0
17 -5619801 116378459 5619800 883621541 0 0
18 -5619802 906647287 5619801 93352713 0 0
19 -5619802 701340403 5619801 298659597 0 0
20 -5619802 493827727 5619801 506172273 0 0
21 -5619802 280529140 5619801 719470860 0 0
22 -5619802 60374235 5619801 939625765 0 0
23 -5619803 844506325 5619802 155493675 0 0
24 -5619803 628079092 5619802 371920908 0 0
25 -5619803 415601230 5619802 584398770 0 0
26 -5619803 198351141 5619802 801648859 0 0
27 -5619804 991454824 5619803 8545176 0 0
28 -5619804 766923352 5619803 233076648 0 0
29 -5619804 561136978 5619803 438863022 0 0
30 -5619804 361531877 5619803 638468123 0 0
31 -5619804 139189772 5619803 860810228 0 0
32 -5619805 912065181 5619804 87934819 0 0
33 -5619805 697220308 5619804 302779692 0 0
34 -5619805 477681669 5619804 522318331 0 0
35 -5619805 261511598 5619804 738488402 0 0
36 -5619805 48486709 5619804 951513291 0 0
37 -5619806 835406414 5619805 164593586 0 0
38 -5619806 611169603 5619805 388830397 0 0
39 -5619806 388653445 5619805 611346555 0 0
40 -5619806 177701888 5619805 822298112 0 0
41 -5619807 960251822 5619806 39748178 0 0
42 -5619807 748718980 5619806 251281020 0 0
43 -5619807 536558556 5619806 463441444 0 0
44 -5619807 319827384 5619806 680172616 0 0
45 -5619807 100197896 5619806 899802104 0 0
46 -5619808 884803162 5619807 115196838 0 0
47 -5619808 671593128 5619807 328406872 0 0
48 -5619808 461735403 5619807 538264597 0 0
49 -5619808 243826049 5619807 756173951 0 0
50 -5619808 33184986 5619807 966815014 0 0
51 -5619809 806943249 5619808 193056751 0 0
52 -5619809 587192429 5619808 412807571 0 0
53 -5619809 366710049 5619808 633289951 0 0
54 -5619809 153271705 5619808 846728295 0 0
55 -5619810 942280852 5619809 57719148 0 0
56 -5619810 716983413 5619809 283016587 0 0
57 -5619810 496585846 5619809 503414154 0 0
58 -5619810 274449477 5619809 725550523 0 0
59 -5619810 61064225 5619809 938935775 0 0
60 -5619811 850941356 5619810 149058644 0 0
61 -5619811 632327015 5619810 367672985 0 0
62 -5619811 419593343 5619810 580406657 0 0
63 -5619811 206258311 5619810 793741689 0 0
64 -5619812 982965242 5619811 17034758 0 0
1 -5619844 575711342 5619843 424288658 0 0
2 -5619844 337201350 5619843 662798650 0 0
3 -5619844 128259422 5619843 871740578 0 0
4 -5619845 907202829 5619844 92797171 0 0
5 -5619845 700346307 5619844 299653693 0 0
6 -5619845 490112273 5619844 509887727 0 0
7 -5619845 277929979 5619844 722070021 0 0
8 -5619845 67118956 5619844 932881044 0 0
9 -5619846 843747332 5619845 156252668 0 0
10 -5619846 636569667 5619845 363430333 0 0
11 -5619846 422882660 5619845 577117340 0 0
12 -5619846 222295929 5619845 777704071 0 0
13 -5619847 997088506 5619846 2911494 0 0
14 -5619847 766762548 5619846 233237452 0 0
15 -5619847 553537810 5619846 446462190 0 0
16 -5619847 338050503 5619846 661949497 0 0
17 -5619847 131023558 5619846 868976442 0 0
18 -5619848 908149517 5619847 91850483 0 0
19 -5619848 683520491 5619847 316479509 0 0
20 -5619848 464698282 5619847 535301718 0 0
21 -5619848 250759410 5619847 749240590 0 0
22 -5619848 26830888 5619847 973169112 0 0
23 -5619849 811422006 5619848 188577994 0 0
24 -5619849 592106381 5619848 407893619 0 0
25 -5619849 383783645 5619848 616216355 0 0
26 -5619849 173360411 5619848 826639589 0 0
27 -5619850 951535054 5619849 48464946 0 0
28 -5619850 729273891 5619849 270726109 0 0
29 -5619850 509857250 5619849 490142750 0 0
30 -5619850 300855841 5619849 699144159 0 0
31 -5619850 73402718 5619849 926597282 0 0
32 -5619851 862880486 5619850 137119514 0 0
33 -5619851 654051093 5619850 345948907 0 0
34 -5619851 434830966 5619850 565169034 0 0
35 -5619851 217410195 5619850 782589805 0 0
36 -5619851 1467414 5619850 998532586 0 0
37 -5619852 777418858 5619851 222581142 0 0
38 -5619852 565814461 5619851 434185539 0 0
39 -5619852 352583779 5619851 647416221 0 0
40 -5619852 131036158 5619851 868963842 0 0
41 -5619853 926184321 5619852 73815679 0 0
42 -5619853 705714069 5619852 294285931 0 0
43 -5619853 478289816 5619852 521710184 0 0
44 -5619853 268099207 5619852 731900793 0 0
45 -5619853 55625159 5619852 944374841 0 0
46 -5619854 841253776 5619853 158746224 0 0
47 -5619854 623311125 5619853 376688875 0 0
48 -5619854 407936334 5619853 592063666 0 0
49 -5619854 197392639 5619853 802607361 0 0
50 -5619855 987161494 5619854 12838506 0 0
51 -5619855 770006774 5619854 229993226 0 0
52 -5619855 558806257 5619854 441193743 0 0
53 -5619855 342126509 5619854 657873491 0 0
54 -5619855 130652998 5619854 869347002 0 0
55 -5619856 911339503 5619855 88660497 0 0
56 -5619856 685280354 5619855 314719646 0 0
57 -5619856 470473738 5619855 529526262 0 0
58 -5619856 254132576 5619855 745867424 0 0
59 -5619856 37458958 5619855 962541042 0 0
60 -5619857 818586732 5619856 181413268 0 0
61 -5619857 606831022 5619856 393168978 0 0
62 -5619857 386910316 5619856 613089684 0 0
63 -5619857 170899926 5619856 829100074 0 0
64 -5619858 957076180 5619857 42923820 0 0
1 -5619890 536552307 5619889 463447693 0 0
2 -5619890 282264643 5619889 717735357 0 0
3 -5619890 56348269 5619889 943651731 0 0
4 -5619891 837862480 5619890 162137520 0 0
5 -5619891 622543521 5619890 377456479 0 0
6 -5619891 405372818 5619890 594627182 0 0
7 -5619891 199350095 5619890 800649905 0 0
8 -5619892 987314482 5619891 12685518 0 0
9 -5619892 759541698 5619891 240458302 0 0
10 -5619892 541589269 5619891 458410731 0 0
11 -5619892 320877669 5619891 679122331 0 0
12 -5619892 82308474 5619891 917691526 0 0
13 -5619893 866827092 5619892 133172908 0 0
14 -5619893 654172973 5619892 345827027 0 0
15 -5619893 437253599 5619892 562746401 0 0
16 -5619893 220868271 5619892 779131729 0 0
17 -5619893 8650032 5619892 991349968 0 0
18 -5619894 790528310 5619893 209471690 0 0
19 -5619894 578117408 5619893 421882592 0 0
20 -5619894 368489658 5619893 631510342 0 0
21 -5619894 149392010 5619893 850607990 0 0
22 -5619895 944554042 5619894 55445958 0 0
23 -5619895 729365303 5619894 270634697 0 0
24 -5619895 514654629 5619894 485345371 0 0
25 -5619895 298862252 5619894 701137748 0 0
26 -5619895 86782067 5619894 913217933 0 0
27 -5619896 871707011 5619895 128292989 0 0
28 -5619896 664399811 5619895 335600189 0 0
29 -5619896 448355883 5619895 551644117 0 0
30 -5619896 239690801 5619895 760309199 0 0
31 -5619896 30153494 5619895 969846506 0 0
32 -5619897 810621576 5619896 189378424 0 0
33 -5619897 584329338 5619896 415670662 0 0
34 -5619897 368726848 5619896 631273152 0 0
35 -5619897 148594422 5619896 851405578 0 0
36 -5619898 940726121 5619897 59273879 0 0
37 -5619898 731635880 5619897 268364120 0 0
38 -5619898 522413290 5619897 477586710 0 0
39 -5619898 309398436 5619897 690601564 0 0
40 -5619898 88956368 5619897 911043632 0 0
41 -5619899 876308267 5619898 123691733 0 0
42 -5619899 653190285 5619898 346809715 0 0
43 -5619899 440656238 5619898 559343762 0 0
44 -5619899 218465628 5619898 781534372 0 0
45 -5619900 997978005 5619899 2021995 0 0
46 -5619900 779908782 5619899 220091218 0 0
47 -5619900 558567286 5619899 441432714 0 0
48 -5619900 335704818 5619899 664295182 0 0
49 -5619900 124227158 5619899 875772842 0 0
50 -5619901 901831978 5619900 98168022 0 0
51 -5619901 686969751 5619900 313030249 0 0
52 -5619901 459170394 5619900 540829606 0 0
53 -5619901 245314426 5619900 754685574 0 0
54 -5619901 26331886 5619900 973668114 0 0
55 -5619902 807710322 5619901 192289678 0 0
56 -5619902 588842169 5619901 411157831 0 0
57 -5619902 381749539 5619901 618250461 0 0
58 -5619902 169394932 5619901 830605068 0 0
59 -5619903 957254118 5619902 42745882 0 0
60 -5619903 730554906 5619902 269445094 0 0
61 -5619903 497712234 5619902 502287766 0 0
62 -5619903 264416404 5619902 735583596 0 0
63 -5619903 38732488 5619902 961267512 0 0
64 -5619904 824015425 5619903 175984575 0 0
1 -5619936 944445833 5619935 55554167 0 0
2 -5619936 696644512 5619935 303355488 0 0
3 -5619936 485502734 5619935 514497266 0 0
4 -5619936 263173404 5619935 736826596 0 0
5 -5619936 44435174 5619935 955564826 0 0
6 -5619937 827669204 5619936 172330796 0 0
7 -5619937 611098823 5619936 388901177 0 0
8 -5619937 394531294 5619936 605468706 0 0
9 -5619937 169264703 5619936 830735297 0 0
10 -5619938 960493400 5619937 39506600 0 0
11 -5619938 743215754 5619937 256784246 0 0
12 -5619938 527358138 5619937 472641862 0 0
13 -5619938 311238563 5619937 688761437 0 0
14 -5619938 98845457 5619937 901154543 0 0
15 -5619939 876893546 5619938 123106454 0 0
16 -5619939 665347905 5619938 334652095 0 0
17 -5619939 447411512 5619938 552588488 0 0
18 -5619939 227517470 5619938 772482530 0 0
19 -5619939 7127419 5619938 992872581 0 0
20 -5619940 794543501 5619939 205456499 0 0
21 -5619940 566775531 5619939 433224469 0 0
22 -5619940 356588439 5619939 643411561 0 0
23 -5619940 140654472 5619939 859345528 0 0
24 -5619941 927527120 5619940 72472880 0 0
25 -5619941 722552765 5619940 277447235 0 0
26 -5619941 499459320 5619940 500540680 0 0
27 -5619941 277398447 5619940 722601553 0 0
28 -5619941 60775493 5619940 939224507 0 0
29 -5619942 847914729 5619941 152085271 0 0
30 -5619942 627076704 5619941 372923296 0 0
31 -5619942 402727541 5619941 597272459 0 0
32 -5619942 180657614 5619941 819342386 0 0
33 -5619943 956176527 5619942 43823473 0 0
34 -5619943 734586128 5619942 265413872 0 0
35 -5619943 517508608 5619942 482491392 0 0
36 -5619943 310936430 5619942 689063570 0 0
37 -5619943 105338680 5619942 894661320 0 0
38 -5619944 885710596 5619943 114289404 0 0
39 -5619944 657338989 5619943 342661011 0 0
40 -5619944 445937641 5619943 554062359 0 0
41 -5619944 228140801 5619943 771859199 0 0
42 -5619944 18506162 5619943 981493838 0 0
43 -5619945 804522252 5619944 195477748 0 0
44 -5619945 590061183 5619944 409938817 0 0
45 -5619945 364706205 5619944 635293795 0 0
46 -5619945 139068899 5619944 860931101 0 0
47 -5619946 918909159 5619945 81090841 0 0
48 -5619946 712652698 5619945 287347302 0 0
49 -5619946 487484087 5619945 512515913 0 0
50 -5619946 256733635 5619945 743266365 0 0
51 -5619946 31272288 5619945 968727712 0 0
52 -5619947 812848849 5619946 187151151 0 0
53 -5619947 608158970 5619946 391841030 0 0
54 -5619947 376429258 5619946 623570742 0 0
55 -5619947 164557086 5619946 835442914 0 0
56 -5619948 945166628 5619947 54833372 0 0
57 -5619948 724739392 5619947 275260608 0 0
58 -5619948 502623058 5619947 497376942 0 0
59 -5619948 285745293 5619947 714254707 0 0
60 -5619948 73730828 5619947 926269172 0 0
61 -5619949 845364202 5619948 154635798 0 0
62 -5619949 622225183 5619948 377774817 0 0
63 -5619949 401320900 5619948 598679100 0 0
64 -5619949 187707613 5619948 812292387 0 0
