1 43 217336741 5619978 422688402 5620021 640025143
2 43 57511272 5619978 662287228 5620021 719798500
3 42 911211887 5619978 887343101 5620021 798554988
4 42 760331586 5619979 106072961 5620021 866404547
5 42 633247049 5619979 307676323 5620021 940923372
6 42 491039644 5619979 523850879 5620022 14890523
7 42 352072308 5619979 740829790 5620022 92902098
8 42 210470039 5619979 962571761 5620022 173041800
9 42 70080841 5619980 172307825 5620022 242388666
10 41 917944396 5619980 394042667 5620022 311987063
11 41 767093188 5619980 610231852 5620022 377325040
12 41 620236535 5619980 827938879 5620022 448175414
13 41 480447270 5619981 44133471 5620022 524580741
14 41 331097366 5619981 263560134 5620022 594657500
15 41 195398526 5619981 468582173 5620022 663980699
16 41 53717610 5619981 688043724 5620022 741761334
17 40 914927308 5619981 904877860 5620022 819805168
18 40 777069637 5619982 119377132 5620022 896446769
19 40 624950618 5619982 345912385 5620022 970863003
20 40 484098855 5619982 558698318 5620023 42797173
21 40 341478216 5619982 774530510 5620023 116008726
22 40 196670173 5619982 996784953 5620023 193455126
23 40 48537506 5619983 217282744 5620023 265820250
24 39 909779593 5619983 434081677 5620023 343861270
25 39 758491041 5619983 658451673 5620023 416942714
26 39 615592296 5619983 870732301 5620023 486324597
27 39 473627793 5619984 86734082 5620023 560361875
28 39 328015247 5619984 301914175 5620023 629929422
29 39 189518976 5619984 521763070 5620023 711282046
30 39 40381810 5619984 742579392 5620023 782961202
31 38 899525083 5619984 959284086 5620023 858809169
32 38 752068478 5619985 174707433 5620023 926775911
33 38 609143401 5619985 385692937 5620023 994836338
34 38 458853089 5619985 609455334 5620024 68308423
35 38 320743459 5619985 825183824 5620024 145927283
36 38 169935157 5619986 41605968 5620024 211541125
37 38 10679900 5619986 270948428 5620024 281628328
38 37 871206314 5619986 489673770 5620024 360880084
39 37 726371290 5619986 710994675 5620024 437365965
40 37 573653506 5619986 934407189 5620024 508060695
41 37 423767131 5619987 152349342 5620024 576116473
42 37 281140195 5619987 368547768 5620024 649687963
43 37 130153842 5619987 589709453 5620024 719863295
44 36 986770458 5619987 811071135 5620024 797841593
45 36 846356852 5619988 27064861 5620024 873421713
46 36 714871266 5619988 238090457 5620024 952961723
47 36 558506400 5619988 463416103 5620025 21922503
48 36 417887132 5619988 681472290 5620025 99359422
49 36 269908147 5619988 899538904 5620025 169447051
50 36 131507190 5619989 111726441 5620025 243233631
51 36 697389 5619989 310137158 5620025 310834547
52 35 852685534 5619989 541518674 5620025 394204208
53 35 706150875 5619989 758635990 5620025 464786865
54 35 558950803 5619989 979316981 5620025 538267784
55 35 417821692 5619990 198756865 5620025 616578557
56 35 261637489 5619990 422896533 5620025 684534022
57 35 104688523 5619990 643389157 5620025 748077680
58 34 947656318 5619990 873393531 5620025 821049849
59 34 793956495 5619991 91340554 5620025 885297049
60 34 659853458 5619991 302315002 5620025 962168460
61 34 517843808 5619991 517885736 5620026 35729544
62 34 357800788 5619991 748593208 5620026 106393996
63 34 202770026 5619991 972588175 5620026 175358201
64 34 52020945 5619992 195572901 5620026 247593846
65 33 901674913 5619992 419248429 5620026 320923342
66 33 753834481 5619992 640308876 5620026 394143357
67 33 608650112 5619992 853629707 5620026 462279819
68 33 445240654 5619993 85789375 5620026 531030029
69 33 292491628 5619993 310653233 5620026 603144861
70 33 145069615 5619993 529429815 5620026 674499430
71 33 2945931 5619993 747805700 5620026 750751631
72 32 868434327 5619993 954095920 5620026 822530247
73 32 713001369 5619994 179757727 5620026 892759096
74 32 567821463 5619994 395658028 5620026 963479491
75 32 428537096 5619994 613100727 5620027 41637823
76 32 284313357 5619994 835292357 5620027 119605714
77 32 141905325 5619995 47238306 5620027 189143631
78 31 990260946 5619995 272094294 5620027 262355240
79 31 837435014 5619995 493494420 5620027 330929434
80 31 687758469 5619995 722164226 5620027 409922695
81 31 540710486 5619995 939288061 5620027 479998547
82 31 391301714 5619996 161986570 5620027 553288284
83 31 246703537 5619996 378771763 5620027 625475300
84 31 88429688 5619996 602633158 5620027 691062846
85 30 932754939 5619996 834453276 5620027 767208215
86 30 778916045 5619997 56544852 5620027 835460897
87 30 625950171 5619997 282044199 5620027 907994370
88 30 491963242 5619997 489578600 5620027 981541842
89 30 335527323 5619997 718598825 5620028 54126148
90 30 183907979 5619997 934698309 5620028 118606288
91 30 41587891 5619998 150543982 5620028 192131873
92 29 885044306 5619998 382706075 5620028 267750381
93 29 730209856 5619998 601244180 5620028 331454036
94 29 590233261 5619998 823478494 5620028 413711755
95 29 447432458 5619999 40286835 5620028 487719293
96 29 311794894 5619999 261031695 5620028 572826589
97 29 165491823 5619999 482133364 5620028 647625187
98 29 24357972 5619999 697994351 5620028 722352323
99 28 883566910 5619999 915064483 5620028 798631393
100 28 731817459 5620000 145200225 5620028 877017684
101 28 580046341 5620000 373672035 5620028 953718376
102 28 433249760 5620000 587445062 5620029 20694822
103 28 296277017 5620000 802914131 5620029 99191148
104 28 149400846 5620001 22696953 5620029 172097799
105 28 2574544 5620001 247160430 5620029 249734974
106 27 855105568 5620001 462180378 5620029 317285946
107 27 712266267 5620001 685521801 5620029 397788068
108 27 559692275 5620001 908985130 5620029 468677405
109 27 421355872 5620002 128793692 5620029 550149564
110 27 264236297 5620002 349766678 5620029 614002975
111 27 114629658 5620002 574671739 5620029 689301397
112 26 965252551 5620002 799741557 5620029 764994108
113 26 822196346 5620003 11373475 5620029 833569821
114 26 663517690 5620003 242630918 5620029 906148608
115 26 523207286 5620003 456185393 5620029 979392679
116 26 363154192 5620003 682303376 5620030 45457568
117 26 225196448 5620003 898944016 5620030 124140464
118 26 69184834 5620004 123400456 5620030 192585290
119 25 918365439 5620004 347293314 5620030 265658753
120 25 779399418 5620004 564897714 5620030 344297132
121 25 628372676 5620004 792227415 5620030 420600091
122 25 479508393 5620005 17849074 5620030 497357467
123 25 347336746 5620005 227288199 5620030 574624945
124 25 216905789 5620005 439735787 5620030 656641576
125 25 65289187 5620005 662829974 5620030 728119161
126 24 933898618 5620005 879457244 5620030 813355862
127 24 779956151 5620006 101953665 5620030 881909816
128 24 632245495 5620006 326630008 5620030 958875503
1 43 431163776 5620104 770692508 5620148 201856284
2 43 268910611 5620105 12612978 5620148 281523589
3 43 122187695 5620105 228778702 5620148 350966397
4 42 971984585 5620105 451211310 5620148 423195895
5 42 828154096 5620105 664808508 5620148 492962604
6 42 682646158 5620105 876668386 5620148 559314544
7 42 540339809 5620106 92869313 5620148 633209122
8 42 401280492 5620106 312669914 5620148 713950406
9 42 249208806 5620106 528962339 5620148 778171145
10 42 102373095 5620106 748476335 5620148 850849430
11 41 954872490 5620106 966282362 5620148 921154852
12 41 812134538 5620107 191147499 5620149 3282037
13 41 668712876 5620107 400889768 5620149 69602644
14 41 519048495 5620107 624526262 5620149 143574757
15 41 374091437 5620107 849170921 5620149 223262358
16 41 224641645 5620108 72606733 5620149 297248378
17 41 68225130 5620108 292234431 5620149 360459561
18 40 911459512 5620108 521936478 5620149 433395990
19 40 779416398 5620108 725056833 5620149 504473231
20 40 633136679 5620108 942059967 5620149 575196646
21 40 490867236 5620109 161294209 5620149 652161445
22 40 338610330 5620109 383218011 5620149 721828341
23 40 194534235 5620109 597221646 5620149 791755881
24 40 39650712 5620109 818326334 5620149 857977046
25 39 893103533 5620110 40344932 5620149 933448465
26 39 745498004 5620110 258411454 5620150 3909458
27 39 608041046 5620110 472773971 5620150 80815017
28 39 458048728 5620110 691414538 5620150 149463266
29 39 295007447 5620110 926148697 5620150 221156144
30 39 136107109 5620111 155686118 5620150 291793227
31 38 987399286 5620111 373551088 5620150 360950374
32 38 841624796 5620111 587931438 5620150 429556234
33 38 689197171 5620111 809393509 5620150 498590680
34 38 547629938 5620112 27508197 5620150 575138135
35 38 396087741 5620112 253310965 5620150 649398706
36 38 252354733 5620112 466800831 5620150 719155564
37 38 106324045 5620112 683102034 5620150 789426079
38 37 966611036 5620112 900618586 5620150 867229622
39 37 810294576 5620113 122683293 5620150 932977869
40 37 662860099 5620113 342692687 5620151 5552786
41 37 514612304 5620113 560858282 5620151 75470586
42 37 361475710 5620113 789908064 5620151 151383774
43 37 216390209 5620114 7068862 5620151 223459071
44 37 63387872 5620114 225960277 5620151 289348149
45 36 916595939 5620114 448840932 5620151 365436871
46 36 779696489 5620114 662612164 5620151 442308653
47 36 612706208 5620114 893000606 5620151 505706814
48 36 469831517 5620115 103202589 5620151 573034106
49 36 319614036 5620115 330621587 5620151 650235623
50 36 170949157 5620115 551354652 5620151 722303809
51 36 24587641 5620115 768775816 5620151 793363457
52 35 877048944 5620115 985651972 5620151 862700916
53 35 729402249 5620116 212426685 5620151 941828934
54 35 583112141 5620116 432508114 5620152 15620255
55 35 422328651 5620116 661703653 5620152 84032304
56 35 277188613 5620116 873870748 5620152 151059361
57 35 122348163 5620117 102796606 5620152 225144769
58 34 978491860 5620117 323038959 5620152 301530819
59 34 832201492 5620117 541105740 5620152 373307232
60 34 680155637 5620117 762967452 5620152 443123089
61 34 511156263 5620118 1925162 5620152 513081425
62 34 365469958 5620118 218265568 5620152 583735526
63 34 223205811 5620118 429782527 5620152 652988338
64 34 81787353 5620118 651304318 5620152 733091671
65 33 927651204 5620118 873169363 5620152 800820567
66 33 775189728 5620119 99615323 5620152 874805051
67 33 630061948 5620119 319443480 5620152 949505428
68 33 487157518 5620119 532381467 5620153 19538985
69 33 334346029 5620119 758867908 5620153 93213937
70 33 180829054 5620119 983749786 5620153 164578840
71 33 19126304 5620120 211945899 5620153 231072203
72 32 875766548 5620120 434561263 5620153 310327811
73 32 731210462 5620120 651384253 5620153 382594715
74 32 577370938 5620120 877033746 5620153 454404684
75 32 431465414 5620121 89406059 5620153 520871473
76 32 278966531 5620121 312986646 5620153 591953177
77 32 134341335 5620121 535438606 5620153 669779941
78 31 991766306 5620121 748700162 5620153 740466468
79 31 849664211 5620121 963552948 5620153 813217159
80 31 702157643 5620122 189947446 5620153 892105089
81 31 570766351 5620122 402791417 5620153 973557768
82 31 412700867 5620122 628180526 5620154 40881393
83 31 274264799 5620122 839104606 5620154 113369405
84 31 117157482 5620123 67146833 5620154 184304315
85 30 983399863 5620123 273274391 5620154 256674254
86 30 840787204 5620123 492156825 5620154 332944029
87 30 694852903 5620123 705585285 5620154 400438188
88 30 555377798 5620123 921184612 5620154 476562410
89 30 400770547 5620124 143397502 5620154 544168049
90 30 247965817 5620124 361064958 5620154 609030775
91 30 88772687 5620124 593148444 5620154 681921131
92 29 957416598 5620124 801691513 5620154 759108111
93 29 812346485 5620125 19564872 5620154 831911357
94 29 653817880 5620125 250742004 5620154 904559884
95 29 500753952 5620125 472890840 5620154 973644792
96 29 336173292 5620125 705027398 5620155 41200690
97 29 198352193 5620125 917820296 5620155 116172489
98 29 40915383 5620126 146370254 5620155 187285637
99 28 887852565 5620126 363993711 5620155 251846276
100 28 738669714 5620126 595781239 5620155 334450953
101 28 585635118 5620126 819301864 5620155 404936982
102 28 423030089 5620127 62716936 5620155 485747025
103 28 269128675 5620127 291138527 5620155 560267202
104 28 114813289 5620127 512965165 5620155 627778454
105 27 962313035 5620127 736599029 5620155 698912064
106 27 814711377 5620127 958860270 5620155 773571647
107 27 665853444 5620128 182845813 5620155 848699257
108 27 505731720 5620128 418043278 5620155 923774998
109 27 356657478 5620128 636717400 5620155 993374878
110 27 213073708 5620128 859927383 5620156 73001091
111 27 68733766 5620129 80273271 5620156 149007037
112 26 915751596 5620129 303171537 5620156 218923133
113 26 764796480 5620129 528136118 5620156 292932598
114 26 623590110 5620129 746854387 5620156 370444497
115 26 482008358 5620129 961532010 5620156 443540368
116 26 336362164 5620130 187087319 5620156 523449483
117 26 187515101 5620130 413185786 5620156 600700887
118 26 42801333 5620130 636135885 5620156 678937218
119 25 902052140 5620130 852822600 5620156 754874740
120 25 763064526 5620131 71687200 5620156 834751726
121 25 616067263 5620131 292014866 5620156 908082129
122 25 470130481 5620131 508103462 5620156 978233943
123 25 309233290 5620131 734172059 5620157 43405349
124 25 157773980 5620131 961708573 5620157 119482553
125 25 10818994 5620132 180449620 5620157 191268614
126 24 862532829 5620132 400861359 5620157 263394188
127 24 711224720 5620132 622850642 5620157 334075362
128 24 561099053 5620132 850275528 5620157 411374581
1 43 569530134 5620226 476804062 5620270 46334196
2 43 389272412 5620226 731531667 5620270 120804079
3 43 240711418 5620226 955063682 5620270 195775100
4 43 102929577 5620227 171132316 5620270 274061893
5 42 954083292 5620227 388837217 5620270 342920509
6 42 802031104 5620227 611655801 5620270 413686905
7 42 656561331 5620227 828720880 5620270 485282211
8 42 503781841 5620228 50178137 5620270 553959978
9 42 356620599 5620228 267346103 5620270 623966702
10 42 201659150 5620228 491514791 5620270 693173941
11 42 60768478 5620228 705908197 5620270 766676675
12 41 914898749 5620228 922625357 5620270 837524106
13 41 772720266 5620229 140361109 5620270 913081375
14 41 628773317 5620229 364622351 5620270 993395668
15 41 482079234 5620229 580474693 5620271 62553927
16 41 334756828 5620229 800078114 5620271 134834942
17 41 187238814 5620230 16830181 5620271 204068995
18 41 47526916 5620230 229487212 5620271 277014128
19 40 900705965 5620230 450690788 5620271 351396753
20 40 735488538 5620230 682804978 5620271 418293516
21 40 595595792 5620230 900699467 5620271 496295259
22 40 447232850 5620231 123554902 5620271 570787752
23 40 308821169 5620231 333779756 5620271 642600925
24 40 165481671 5620231 546835817 5620271 712317488
25 40 10681848 5620231 771212335 5620271 781894183
26 39 866724843 5620231 982677795 5620271 849402638
27 39 723301533 5620232 203905945 5620271 927207478
28 39 570720483 5620232 424768936 5620271 995489419
29 39 428017936 5620232 640563798 5620272 68581734
30 39 283771344 5620232 853299309 5620272 137070653
31 39 136663416 5620233 71690345 5620272 208353761
32 38 990484619 5620233 287716628 5620272 278201247
33 38 842137604 5620233 502070868 5620272 344208472
34 38 698788865 5620233 718172391 5620272 416961256
35 38 556642901 5620233 937770405 5620272 494413306
36 38 413633212 5620234 153453732 5620272 567086944
37 38 259448488 5620234 378740252 5620272 638188740
38 38 102638870 5620234 602939606 5620272 705578476
39 37 958966248 5620234 822623211 5620272 781589459
40 37 799470587 5620235 48170503 5620272 847641090
41 37 662918389 5620235 259294026 5620272 922212415
42 37 503658890 5620235 484081721 5620272 987740611
43 37 356061674 5620235 701926471 5620273 57988145
44 37 205160816 5620235 925164436 5620273 130325252
45 37 56255551 5620236 149878744 5620273 206134295
46 36 881820980 5620236 388955398 5620273 270776378
47 36 747009640 5620236 599479542 5620273 346489182
48 36 595360758 5620236 821634935 5620273 416995693
49 36 451043131 5620237 36631441 5620273 487674572
50 36 306732077 5620237 255912831 5620273 562644908
51 36 134831625 5620237 492667028 5620273 627498653
52 35 982322705 5620237 721971806 5620273 704294511
53 35 847705231 5620237 931833796 5620273 779539027
54 35 699206440 5620238 146129019 5620273 845335459
55 35 557005236 5620238 366214061 5620273 923219297
56 35 415073194 5620238 580369268 5620273 995442462
57 35 267548329 5620238 794421625 5620274 61969954
58 35 117295144 5620239 21119563 5620274 138414707
59 34 983173069 5620239 239753539 5620274 222926608
60 34 828044344 5620239 465299128 5620274 293343472
61 34 660297334 5620239 702840422 5620274 363137756
62 34 519839894 5620239 921588692 5620274 441428586
63 34 366509693 5620240 148251038 5620274 514760731
64 34 225962181 5620240 357991493 5620274 583953674
65 34 72912621 5620240 586143349 5620274 659055970
66 33 920695935 5620240 808182318 5620274 728878253
67 33 769382696 5620241 33579169 5620274 802961865
68 33 621827240 5620241 247479454 5620274 869306694
69 33 473313319 5620241 463604329 5620274 936917648
70 33 313113837 5620241 697935848 5620275 11049685
71 33 173148444 5620241 914302421 5620275 87450865
72 33 30650745 5620242 133734883 5620275 164385628
73 32 880564168 5620242 361086605 5620275 241650773
74 32 740352723 5620242 582032835 5620275 322385558
75 32 580979078 5620242 812922806 5620275 393901884
76 32 424553433 5620243 39693206 5620275 464246639
77 32 264849442 5620243 268500994 5620275 533350436
78 32 124130581 5620243 491827420 5620275 615958001
79 31 970572753 5620243 719702096 5620275 690274849
80 31 807529620 5620243 951831267 5620275 759360887
81 31 656616484 5620244 176777608 5620275 833394092
82 31 513493816 5620244 388313215 5620275 901807031
83 31 360226538 5620244 612971062 5620275 973197600
84 31 205404790 5620244 842356709 5620276 47761499
85 31 45005830 5620245 69014055 5620276 114019885
86 30 900827347 5620245 281442776 5620276 182270123
87 30 758475738 5620245 502298804 5620276 260774542
88 30 606627010 5620245 723083073 5620276 329710083
89 30 463574210 5620245 945997785 5620276 409571995
90 30 319885256 5620246 162983532 5620276 482868788
91 30 169755254 5620246 383223516 5620276 552978770
92 30 28674029 5620246 599602978 5620276 628277007
93 29 862733208 5620246 836647929 5620276 699381137
94 29 710241713 5620247 62738915 5620276 772980628
95 29 556441983 5620247 292074101 5620276 848516084
96 29 388689862 5620247 525728503 5620276 914418365
97 29 234675358 5620247 753101484 5620276 987776842
98 29 95317287 5620247 967687072 5620277 63004359
99 28 926391632 5620248 204609803 5620277 131001435
100 28 780711567 5620248 422268908 5620277 202980475
101 28 627023408 5620248 653194990 5620277 280218398
102 28 485753872 5620248 867299365 5620277 353053237
103 28 330374708 5620249 89210466 5620277 419585174
104 28 175411240 5620249 314074808 5620277 489486048
105 28 29386458 5620249 540080759 5620277 569467217
106 27 886299863 5620249 754375112 5620277 640674975
107 27 740801332 5620249 972049198 5620277 712850530
108 27 578194060 5620250 204031113 5620277 782225173
109 27 432786786 5620250 426449741 5620277 859236527
110 27 274947944 5620250 654059922 5620277 929007866
111 27 133488560 5620250 872164241 5620278 5652801
112 26 980874641 5620251 101462409 5620278 82337050
113 26 841250594 5620251 313163698 5620278 154414292
114 26 699060259 5620251 532741324 5620278 231801583
115 26 550518469 5620251 752689979 5620278 303208448
116 26 398577723 5620251 974705911 5620278 373283634
117 26 246927490 5620252 195671122 5620278 442598612
118 26 104413218 5620252 414827292 5620278 519240510
119 25 945476285 5620252 638714320 5620278 584190605
120 25 809841331 5620252 857962451 5620278 667803782
121 25 667273800 5620253 77510799 5620278 744784599
122 25 525605900 5620253 292502195 5620278 818108095
123 25 370074832 5620253 522928990 5620278 893003822
124 25 220003532 5620253 745796740 5620278 965800272
125 25 69100971 5620253 962883763 5620279 31984734
126 24 927799676 5620254 181513017 5620279 109312693
127 24 777912410 5620254 400813481 5620279 178725891
128 24 623448063 5620254 629302682 5620279 252750745
1 43 564339581 5620348 471963595 5620392 36303176
2 43 384483980 5620348 722664016 5620392 107147996
3 43 248620195 5620348 938483675 5620392 187103870
4 43 111971888 5620349 151178632 5620392 263150520
5 42 971501262 5620349 370152066 5620392 341653328
6 42 818153134 5620349 592501400 5620392 410654534
7 42 681012688 5620349 808422464 5620392 489435152
8 42 536469138 5620350 16423508 5620392 552892646
9 42 398341247 5620350 229601271 5620392 627942518
10 42 245631107 5620350 452344024 5620392 697975131
11 42 101124686 5620350 675633822 5620392 776758508
12 41 940682096 5620350 907770031 5620392 848452127
13 41 792919328 5620351 129030922 5620392 921950250
14 41 652333594 5620351 339021892 5620392 991355486
15 41 505832672 5620351 553412207 5620393 59244879
16 41 359329288 5620351 774603229 5620393 133932517
17 41 217262006 5620351 986357815 5620393 203619821
18 41 63584644 5620352 210462172 5620393 274046816
19 40 903702377 5620352 443711509 5620393 347413886
20 40 764455469 5620352 651422040 5620393 415877509
21 40 621682090 5620352 872435602 5620393 494117692
22 40 472846805 5620353 88562625 5620393 561409430
23 40 339932651 5620353 302641575 5620393 642574226
24 40 179294046 5620353 528315737 5620393 707609783
25 40 39927641 5620353 740561480 5620393 780489121
26 39 886768157 5620353 964367158 5620393 851135315
27 39 734222367 5620354 183101281 5620393 917323648
28 39 583639094 5620354 404324414 5620393 987963508
29 39 424999823 5620354 628253145 5620394 53252968
30 39 283073799 5620354 843891325 5620394 126965124
31 39 130632136 5620355 62229548 5620394 192861684
32 38 998422931 5620355 272194945 5620394 270617876
33 38 853279948 5620355 489862069 5620394 343142017
34 38 699923987 5620355 713019333 5620394 412943320
35 38 551532507 5620355 929722457 5620394 481254964
36 38 401449097 5620356 151685428 5620394 553134525
37 38 251283817 5620356 379808211 5620394 631092028
38 38 108934189 5620356 592726349 5620394 701660538
39 37 952528748 5620356 819924371 5620394 772453119
40 37 800192786 5620357 36460813 5620394 836653599
41 37 663840547 5620357 252137974 5620394 915978521
42 37 521061760 5620357 462124982 5620394 983186742
43 37 375105273 5620357 677937085 5620395 53042358
44 37 225340949 5620357 903139718 5620395 128480667
45 37 74514275 5620358 124411109 5620395 198925384
46 36 919675507 5620358 349934607 5620395 269610114
47 36 776805185 5620358 566192795 5620395 342997980
48 36 623937770 5620358 799038935 5620395 422976705
49 36 487366332 5620359 9534044 5620395 496900376
50 36 337522787 5620359 233360351 5620395 570883138
51 36 192540319 5620359 447980365 5620395 640520684
52 36 70170637 5620359 646116313 5620395 716286950
53 35 924559829 5620359 865916176 5620395 790476005
54 35 766214774 5620360 92915221 5620395 859129995
55 35 621069550 5620360 313271518 5620395 934341068
56 35 466950307 5620360 534607982 5620396 1558289
57 35 327127577 5620360 754144460 5620396 81272037
58 35 176748153 5620360 979917898 5620396 156666051
59 35 22293027 5620361 200808278 5620396 223101305
60 34 870699903 5620361 419922579 5620396 290622482
61 34 723587271 5620361 638579704 5620396 362166975
62 34 581011869 5620361 856070980 5620396 437082849
63 34 433639334 5620362 73834584 5620396 507473918
64 34 290666904 5620362 285572577 5620396 576239481
65 34 159846988 5620362 495205962 5620396 655052950
66 34 458194 5620362 722285301 5620396 722743495
67 33 855388746 5620362 945822039 5620396 801210785
68 33 691286280 5620363 175549274 5620396 866835554
69 33 541058353 5620363 397019995 5620396 938078348
70 33 400686855 5620363 613210573 5620397 13897428
71 33 245901161 5620363 840838291 5620397 86739452
72 33 99298390 5620364 60433602 5620397 159731992
73 32 960188535 5620364 282266020 5620397 242454555
74 32 806012218 5620364 502141363 5620397 308153581
75 32 652928567 5620364 728917430 5620397 381845997
76 32 509600568 5620364 945684979 5620397 455285547
77 32 364611749 5620365 159040257 5620397 523652006
78 32 221470709 5620365 382660679 5620397 604131388
79 32 71841827 5620365 601205991 5620397 673047818
80 31 913704306 5620365 830503197 5620397 744207503
81 31 770472972 5620366 47557888 5620397 818030860
82 31 618679853 5620366 270929555 5620397 889609408
83 31 482503425 5620366 483446812 5620397 965950237
84 31 325675288 5620366 710656760 5620398 36332048
85 31 158890297 5620366 943246979 5620398 102137276
86 31 19934569 5620367 161150155 5620398 181084724
87 30 875301002 5620367 373381769 5620398 248682771
88 30 716943503 5620367 606035172 5620398 322978675
89 30 571696873 5620367 822691334 5620398 394388207
90 30 421628888 5620368 44269349 5620398 465898237
91 30 277139022 5620368 262432112 5620398 539571134
92 30 114070685 5620368 487579080 5620398 601649765
93 29 981414285 5620368 700718844 5620398 682133129
94 29 826532222 5620368 922119288 5620398 748651510
95 29 676632845 5620369 152995613 5620398 829628458
96 29 530612822 5620369 372229931 5620398 902842753
97 29 362700111 5620369 605152737 5620398 967852848
98 29 216280966 5620369 825415813 5620399 41696779
99 29 65996077 5620370 48235139 5620399 114231216
100 28 922426324 5620370 262824172 5620399 185250496
101 28 765774979 5620370 488478204 5620399 254253183
102 28 608651198 5620370 714505119 5620399 323156317
103 28 465047463 5620370 938629569 5620399 403677032
104 28 319382527 5620371 158629613 5620399 478012140
105 28 180272155 5620371 382711100 5620399 562983255
106 28 10150206 5620371 620162304 5620399 630312510
107 27 859080573 5620371 848641691 5620399 707722264
108 27 706213991 5620372 72692272 5620399 778906263
109 27 561951417 5620372 292119327 5620399 854070744
110 27 409720657 5620372 514755971 5620399 924476628
111 27 266368418 5620372 736471169 5620400 2839587
112 27 104992864 5620372 965384067 5620400 70376931
113 26 963326206 5620373 183487424 5620400 146813630
114 26 809777452 5620373 411195122 5620400 220972574
115 26 656694318 5620373 641787545 5620400 298481863
116 26 526396708 5620373 841416633 5620400 367813341
117 26 381914287 5620374 65915279 5620400 447829566
118 26 241386421 5620374 278815751 5620400 520202172
119 26 88026886 5620374 500316212 5620400 588343098
120 25 945843792 5620374 715347237 5620400 661191029
121 25 794387924 5620374 934994900 5620400 729382824
122 25 642003223 5620375 158029721 5620400 800032944
123 25 485581003 5620375 380831140 5620400 866412143
124 25 347860661 5620375 597888590 5620400 945749251
125 25 190686658 5620375 823330386 5620401 14017044
126 25 44667524 5620376 52217581 5620401 96885105
127 24 903872498 5620376 262423695 5620401 166296193
128 24 743939194 5620376 496266799 5620401 240205993
1 43 428585347 5620472 333299071 5620515 761884418
2 43 245749262 5620472 590943226 5620515 836692488
3 43 94548002 5620472 811624209 5620515 906172211
4 42 948279949 5620473 27938808 5620515 976218757
5 42 805085431 5620473 241639845 5620516 46725276
6 42 657278943 5620473 461392918 5620516 118671861
7 42 508451713 5620473 682802091 5620516 191253804
8 42 364350602 5620473 895496905 5620516 259847507
9 42 215258803 5620474 115835505 5620516 331094308
10 42 71144543 5620474 332352120 5620516 403496663
11 41 917683529 5620474 550938807 5620516 468622336
12 41 759425491 5620474 779011006 5620516 538436497
13 41 634603303 5620474 977709022 5620516 612312325
14 41 479411043 5620475 202586427 5620516 681997470
15 41 332980733 5620475 420995803 5620516 753976536
16 41 200172839 5620475 633022426 5620516 833195265
17 41 53434665 5620475 845730888 5620516 899165553
18 40 908100168 5620476 65430981 5620516 973531149
19 40 755394770 5620476 287567140 5620517 42961910
20 40 609925183 5620476 513056552 5620517 122981735
21 40 464877626 5620476 726841124 5620517 191718750
22 40 316020971 5620476 946698603 5620517 262719574
23 40 167164502 5620477 168435881 5620517 335600383
24 40 828798 5620477 402796612 5620517 403625410
25 39 853421766 5620477 625709831 5620517 479131597
26 39 701196526 5620477 855614884 5620517 556811410
27 39 557023673 5620478 71534936 5620517 628558609
28 39 409085059 5620478 291612262 5620517 700697321
29 39 250038424 5620478 522970919 5620517 773009343
30 39 96922423 5620478 743274704 5620517 840197127
31 38 948072287 5620478 965159405 5620517 913231692
32 38 792374962 5620479 189941349 5620517 982316311
33 38 646769637 5620479 411698608 5620518 58468245
34 38 492772984 5620479 635248556 5620518 128021540
35 38 335214676 5620479 863059277 5620518 198273953
36 38 179098581 5620480 87449858 5620518 266548439
37 38 31234131 5620480 321760404 5620518 352994535
38 37 887817173 5620480 541883823 5620518 429700996
39 37 737324289 5620480 764933243 5620518 502257532
40 37 586307323 5620480 982800684 5620518 569108007
41 37 447785127 5620481 200919584 5620518 648704711
42 37 314027344 5620481 409049574 5620518 723076918
43 37 160758937 5620481 637283640 5620518 798042577
44 37 14157501 5620481 855608258 5620518 869765759
45 36 870419068 5620482 73118817 5620518 943537885
46 36 711427156 5620482 307778079 5620519 19205235
47 36 556580407 5620482 534560894 5620519 91141301
48 36 407761919 5620482 753222191 5620519 160984110
49 36 251799600 5620482 973249462 5620519 225049062
50 36 111549344 5620483 188686133 5620519 300235477
51 35 961924500 5620483 410041029 5620519 371965529
52 35 818249343 5620483 629957377 5620519 448206720
53 35 674717424 5620483 851449789 5620519 526167213
54 35 525158190 5620484 72646965 5620519 597805155
55 35 378223094 5620484 288597756 5620519 666820850
56 35 234207128 5620484 507805173 5620519 742012301
57 35 96696544 5620484 714963922 5620519 811660466
58 34 949778077 5620484 929398055 5620519 879176132
59 34 804371785 5620485 150537436 5620519 954909221
60 34 660283895 5620485 371263547 5620520 31547442
61 34 520606053 5620485 595146545 5620520 115752598
62 34 370304982 5620485 812706380 5620520 183011362
63 34 214292108 5620486 33210106 5620520 247502214
64 34 52982924 5620486 267108456 5620520 320091380
65 33 897149120 5620486 492687904 5620520 389837024
66 33 741773438 5620486 714173778 5620520 455947216
67 33 602955747 5620486 926755761 5620520 529711508
68 33 451052520 5620487 150784126 5620520 601836646
69 33 291945369 5620487 376416795 5620520 668362164
70 33 144243472 5620487 592659580 5620520 736903052
71 33 5858773 5620487 809269082 5620520 815127855
72 32 853876603 5620488 36469925 5620520 890346528
73 32 699347368 5620488 261579474 5620520 960926842
74 32 551468288 5620488 483237901 5620521 34706189
75 32 394653670 5620488 708785256 5620521 103438926
76 32 253380914 5620488 920960061 5620521 174340975
77 32 103830642 5620489 141003018 5620521 244833660
78 31 961396316 5620489 359791108 5620521 321187424
79 31 812717991 5620489 575321852 5620521 388039843
80 31 667833209 5620489 795171849 5620521 463005058
81 31 534845394 5620490 6405263 5620521 541250657
82 31 380239511 5620490 230086672 5620521 610326183
83 31 235678113 5620490 448870299 5620521 684548412
84 31 81233931 5620490 680291362 5620521 761525293
85 30 921186946 5620490 912156231 5620521 833343177
86 30 771021391 5620491 133521403 5620521 904542794
87 30 627747282 5620491 353957260 5620521 981704542
88 30 480062940 5620491 571753573 5620522 51816513
89 30 331475152 5620491 794313298 5620522 125788450
90 30 193983400 5620491 998738634 5620522 192722034
91 30 26464237 5620492 235719261 5620522 262183498
92 29 876327292 5620492 458486630 5620522 334813922
93 29 722467027 5620492 683675233 5620522 406142260
94 29 573391915 5620492 909195588 5620522 482587503
95 29 428185619 5620493 134715963 5620522 562901582
96 29 270840288 5620493 359232670 5620522 630072958
97 29 121308647 5620493 582661398 5620522 703970045
98 28 977134185 5620493 795743445 5620522 772877630
99 28 826067331 5620494 21166895 5620522 847234226
100 28 695707134 5620494 233180221 5620522 928887355
101 28 546085234 5620494 449789519 5620522 995874753
102 28 395689590 5620494 672658442 5620523 68348032
103 28 252144172 5620494 890356182 5620523 142500354
104 28 100737029 5620495 112992794 5620523 213729823
105 27 941329736 5620495 339867514 5620523 281197250
106 27 798763504 5620495 560419331 5620523 359182835
107 27 627655926 5620495 793093518 5620523 420749444
108 27 493467595 5620496 10958626 5620523 504426221
109 35 284028209 5620496 237617016 5620531 521645225
110 36 951653331 5620496 459994337 5620533 411647668
111 36 635807265 5620496 676316177 5620533 312123442
112 26 676101485 5620496 894552481 5620523 570653966
113 35 277839170 5620497 125027523 5620532 402866693
114 36 565458351 5620497 347814059 5620533 913272410
115 32 928116601 5620497 580725130 5620530 508841731
116 33 789167457 5620497 803267374 5620531 592434831
117 25 904976026 5620498 27283831 5620523 932259857
118 25 398393410 5620498 242764983 5620523 641158393
119 33 282460916 5620498 461120988 5620531 743581904
120 33 353774530 5620498 682912968 5620532 36687498
121 32 900583989 5620498 912846557 5620531 813430546
122 24 726424591 5620499 132689610 5620523 859114201
123 33 476529641 5620499 349938173 5620532 826467814
124 24 143856483 5620499 569444769 5620523 713301252
125 30 792669232 5620499 784673925 5620530 577343157
126 32 246969425 5620500 4114873 5620532 251084298
127 31 151605539 5620500 229738857 5620531 381344396
128 23 343639763 5620500 445353931 5620523 788993694
1 43 207102084 5620595 107298785 5620638 314400869
2 43 48586869 5620595 340189928 5620638 388776797
3 42 898547072 5620595 562521117 5620638 461068189
4 42 754138950 5620595 776008728 5620638 530147678
5 42 609362464 5620595 993582578 5620638 602945042
6 42 463545404 5620596 211519441 5620638 675064845
7 42 321673272 5620596 430044422 5620638 751717694
8 42 176830046 5620596 644426128 5620638 821256174
9 42 29126800 5620596 861104439 5620638 890231239
10 41 892085079 5620597 71751306 5620638 963836385
11 41 747104319 5620597 286222584 5620639 33326903
12 41 601533052 5620597 502404534 5620639 103937586
13 41 470891472 5620597 705049382 5620639 175940854
14 41 317286333 5620597 931836063 5620639 249122396
15 41 163348423 5620598 153221399 5620639 316569822
16 41 19800822 5620598 373130836 5620639 392931658
17 40 893834657 5620598 588366267 5620639 482200924
18 40 745483144 5620598 800836619 5620639 546319763
19 40 589382070 5620599 24802981 5620639 614185051
20 40 443124482 5620599 239450941 5620639 682575423
21 40 299359089 5620599 458925386 5620639 758284475
22 40 163913449 5620599 677337796 5620639 841251245
23 40 19819340 5620599 893483487 5620639 913302827
24 39 872775506 5620600 104579235 5620639 977354741
25 39 730924207 5620600 316571466 5620640 47495673
26 39 595101501 5620600 529028873 5620640 124130374
27 39 454993837 5620600 748346136 5620640 203339973
28 39 314309757 5620600 959098927 5620640 273408684
29 39 152586083 5620601 190840035 5620640 343426118
30 39 3719024 5620601 409427145 5620640 413146169
31 38 859468362 5620601 625617206 5620640 485085568
32 38 700343788 5620601 851549569 5620640 551893357
33 38 544407377 5620602 78815779 5620640 623223156
34 38 399613577 5620602 293048987 5620640 692662564
35 38 254698650 5620602 509143920 5620640 763842570
36 38 103734055 5620602 732759530 5620640 836493585
37 37 982483988 5620602 940993052 5620640 923477040
38 37 847378140 5620603 152456033 5620640 999834173
39 37 697310214 5620603 376875536 5620641 74185750
40 37 553123199 5620603 591075133 5620641 144198332
41 37 402754168 5620603 812644225 5620641 215398393
42 37 262365990 5620604 30273593 5620641 292639583
43 37 115915220 5620604 243028217 5620641 358943437
44 36 977375804 5620604 455468181 5620641 432843985
45 36 831611226 5620604 674320007 5620641 505931233
46 36 683773167 5620604 890743731 5620641 574516898
47 36 540809332 5620605 103148436 5620641 643957768
48 36 397969256 5620605 316427828 5620641 714397084
49 36 241941218 5620605 539099047 5620641 781040265
50 36 94707666 5620605 756715786 5620641 851423452
51 35 946271543 5620605 976050697 5620641 922322240
52 35 800419967 5620606 192701712 5620641 993121679
53 35 661861607 5620606 399546667 5620642 61408274
54 35 512971123 5620606 626015298 5620642 138986421
55 35 368225600 5620606 839784774 5620642 208010374
56 35 228255100 5620607 59647860 5620642 287902960
57 35 79162508 5620607 278120175 5620642 357282683
58 34 940485077 5620607 485186941 5620642 425672018
59 34 783995195 5620607 710600981 5620642 494596176
60 34 645148786 5620607 923423992 5620642 568572778
61 34 486154154 5620608 147221173 5620642 633375327
62 34 354684165 5620608 356994055 5620642 711678220
63 34 205405409 5620608 582121156 5620642 787526565
64 34 61577388 5620608 800752542 5620642 862329930
65 33 905948342 5620609 26151434 5620642 932099776
66 33 759675051 5620609 243267570 5620643 2942621
67 33 591618123 5620609 477912588 5620643 69530711
68 33 446525902 5620609 699783896 5620643 146309798
69 33 301566956 5620609 918948236 5620643 220515192
70 33 167445756 5620610 134833710 5620643 302279466
71 33 18160335 5620610 359433875 5620643 377594210
72 32 869774305 5620610 581576104 5620643 451350409
73 32 737318037 5620610 793371431 5620643 530689468
74 32 590560235 5620611 925892 5620643 591486127
75 32 438349887 5620611 231336543 5620643 669686430
76 32 289694454 5620611 447121500 5620643 736815954
77 32 132915782 5620611 672407801 5620643 805323583
78 31 978776932 5620611 899505994 5620643 878282926
79 31 838740858 5620612 113720147 5620643 952461005
80 31 683895632 5620612 336735508 5620644 20631140
81 31 529046276 5620612 562619780 5620644 91666056
82 31 392582490 5620612 774553363 5620644 167135853
83 31 239706449 5620612 997366080 5620644 237072529
84 31 94469694 5620613 213302220 5620644 307771914
85 30 938889555 5620613 438551818 5620644 377441373
86 30 782438433 5620613 663398441 5620644 445836874
87 30 626237342 5620613 885610873 5620644 511848215
88 30 457045658 5620614 135505480 5620644 592551138
89 30 317416855 5620614 345678726 5620644 663095581
90 30 173198192 5620614 562899990 5620644 736098182
91 30 29253840 5620614 782804890 5620644 812058730
92 29 854834048 5620615 20119673 5620644 874953721
93 29 707130727 5620615 232848946 5620644 939979673
94 29 560034932 5620615 455675162 5620645 15710094
95 29 418382815 5620615 673265419 5620645 91648234
96 29 258328777 5620615 902524795 5620645 160853572
97 29 104814063 5620616 125814244 5620645 230628307
98 28 956626511 5620616 348194672 5620645 304821183
99 28 815440515 5620616 558060405 5620645 373500920
100 28 648889504 5620616 790224042 5620645 439113546
101 28 496203441 5620617 17218423 5620645 513421864
102 28 353196312 5620617 228373928 5620645 581570240
103 28 207759135 5620617 451072499 5620645 658831634
104 28 59614045 5620617 666171579 5620645 725785624
105 27 917681821 5620617 878033535 5620645 795715356
106 27 757224977 5620618 108038489 5620645 865263466
107 27 615730486 5620618 324850835 5620645 940581321
108 27 454326918 5620618 556090248 5620646 10417166
109 27 303464674 5620618 777586748 5620646 81051422
110 27 149617374 5620619 5873494 5620646 155490868
111 26 995258046 5620619 235351995 5620646 230610041
112 26 843824294 5620619 457893550 5620646 301717844
113 26 697988254 5620619 673118147 5620646 371106401
114 26 536698295 5620619 903216711 5620646 439915006
115 26 398749943 5620620 118208331 5620646 516958274
116 26 259411264 5620620 332345800 5620646 591757064
117 26 103002918 5620620 560048075 5620646 663050993
118 25 943970900 5620620 789741905 5620646 733712805
119 25 783917695 5620621 18385700 5620646 802303395
120 25 628210244 5620621 253325619 5620646 881535863
121 25 472785769 5620621 480885286 5620646 953671055
122 25 326201742 5620621 695511579 5620647 21713321
123 25 191180059 5620621 909833266 5620647 101013325
124 25 32045005 5620622 136408432 5620647 168453437
125 24 876168020 5620622 370915211 5620647 247083231
126 24 737447368 5620622 592054773 5620647 329502141
127 24 580810711 5620622 810326981 5620647 391137692
128 24 435888877 5620623 31742371 5620647 467631248
1 43 31995605 5620717 664765053 5620760 696760658
2 42 864607149 5620717 899698192 5620760 764305341
3 42 740143902 5620718 105757178 5620760 845901080
4 42 579581356 5620718 335251936 5620760 914833292
5 42 430779539 5620718 558342182 5620760 989121721
6 42 285767818 5620718 775201969 5620761 60969787
7 42 147871930 5620718 989080088 5620761 136952018
8 42 11425756 5620719 201307571 5620761 212733327
9 41 866938619 5620719 415975324 5620761 282913943
10 41 724135042 5620719 632971942 5620761 357106984
11 41 581481982 5620719 844178296 5620761 425660278
12 41 439341838 5620720 52232245 5620761 491574083
13 41 299180288 5620720 263548652 5620761 562728940
14 41 133600798 5620720 487050002 5620761 620650800
15 41 2116848 5620720 696201967 5620761 698318815
16 40 860688246 5620720 912212214 5620761 772900460
17 40 709627008 5620721 134947059 5620761 844574067
18 40 559123907 5620721 352380558 5620761 911504465
19 40 418327035 5620721 570733187 5620761 989060222
20 40 260414885 5620721 792385275 5620762 52800160
21 40 114501181 5620722 14614852 5620762 129116033
22 39 970738142 5620722 226503396 5620762 197241538
23 39 820816104 5620722 444793083 5620762 265609187
24 39 665130691 5620722 673191028 5620762 338321719
25 39 520450095 5620722 890723857 5620762 411173952
26 39 380766332 5620723 101188595 5620762 481954927
27 39 233803295 5620723 322859127 5620762 556662422
28 39 91253585 5620723 536405493 5620762 627659078
29 38 946172959 5620723 750502590 5620762 696675549
30 38 807924669 5620723 959716869 5620762 767641538
31 38 661089724 5620724 181143386 5620762 842233110
32 38 514944209 5620724 393068727 5620762 908012936
33 38 362734621 5620724 618776999 5620762 981511620
34 38 210116189 5620724 838080648 5620763 48196837
35 38 79926011 5620725 44083949 5620763 124009960
36 37 932974419 5620725 267458338 5620763 200432757
37 37 799637243 5620725 472706024 5620763 272343267
38 37 646533820 5620725 693775936 5620763 340309756
39 37 502145866 5620725 905763405 5620763 407909271
40 37 368242756 5620726 115504693 5620763 483747449
41 37 211370791 5620726 337958951 5620763 549329742
42 37 76923469 5620726 544521779 5620763 621445248
43 36 927166058 5620726 766339789 5620763 693505847
44 36 784899047 5620726 987307741 5620763 772206788
45 36 636310892 5620727 203426208 5620763 839737100
46 36 496744812 5620727 410024332 5620763 906769144
47 36 353207454 5620727 629687937 5620763 982895391
48 36 200839646 5620727 851775035 5620764 52614681
49 36 56394897 5620728 64875928 5620764 121270825
50 35 913354585 5620728 283890823 5620764 197245408
51 35 760187515 5620728 505327155 5620764 265514670
52 35 617930818 5620728 717858299 5620764 335789117
53 35 480730232 5620728 931840231 5620764 412570463
54 35 335148467 5620729 148291117 5620764 483439584
55 35 186293465 5620729 362654987 5620764 548948452
56 35 48880327 5620729 577376165 5620764 626256492
57 34 902870756 5620729 792289172 5620764 695159928
58 34 755326952 5620730 6234346 5620764 761561298
59 34 609661559 5620730 223474051 5620764 833135610
60 34 464617006 5620730 439618647 5620764 904235653
61 34 306441732 5620730 672911224 5620764 979352956
62 34 162833393 5620730 889287445 5620765 52120838
63 34 25913690 5620731 100243804 5620765 126157494
64 33 888249724 5620731 312185569 5620765 200435293
65 33 733017377 5620731 536087263 5620765 269104640
66 33 587490148 5620731 753036104 5620765 340526252
67 33 433103026 5620731 981461696 5620765 414564722
68 33 281999603 5620732 205458481 5620765 487458084
69 33 135565743 5620732 416030883 5620765 551596626
70 32 981894755 5620732 643526752 5620765 625421507
71 32 835325639 5620732 860355131 5620765 695680770
72 32 691700504 5620733 79855628 5620765 771556132
73 32 557172146 5620733 284311754 5620765 841483900
74 32 408817617 5620733 505484943 5620765 914302560
75 32 265389664 5620733 721730370 5620765 987120034
76 32 124219725 5620733 938951650 5620766 63171375
77 31 977567628 5620734 152185170 5620766 129752798
78 31 836261525 5620734 368883663 5620766 205145188
79 31 679917383 5620734 591452956 5620766 271370339
80 31 533068067 5620734 808590848 5620766 341658915
81 31 394206753 5620735 27102437 5620766 421309190
82 31 241395250 5620735 254815154 5620766 496210404
83 31 87482731 5620735 483001639 5620766 570484370
84 30 943329050 5620735 701314084 5620766 644643134
85 30 789624009 5620735 921583104 5620766 711207113
86 30 631532585 5620736 150172267 5620766 781704852
87 30 501441997 5620736 358897426 5620766 860339423
88 30 356982878 5620736 581398460 5620766 938381338
89 30 200217670 5620736 805404282 5620767 5621952
90 30 54411595 5620737 23885520 5620767 78297115
91 29 900907735 5620737 247652531 5620767 148560266
92 29 756278434 5620737 465232767 5620767 221511201
93 29 614510673 5620737 687125127 5620767 301635800
94 29 456802538 5620737 908761715 5620767 365564253
95 29 306609154 5620738 136500264 5620767 443109418
96 29 163825226 5620738 350831152 5620767 514656378
97 29 5189461 5620738 573534905 5620767 578724366
98 28 841717284 5620738 812929795 5620767 654647079
99 28 700955652 5620739 32497236 5620767 733452888
100 28 537729731 5620739 261954290 5620767 799684021
101 28 397650198 5620739 477614876 5620767 875265074
102 28 256134561 5620739 695833656 5620767 951968217
103 28 89991101 5620739 929032697 5620768 19023798
104 27 950042880 5620740 149678358 5620768 99721238
105 27 791859940 5620740 377784178 5620768 169644118
106 27 646876312 5620740 594536522 5620768 241412834
107 27 494207380 5620740 814934318 5620768 309141698
108 27 346597782 5620741 36459685 5620768 383057467
109 27 196587747 5620741 254949515 5620768 451537262
110 27 43457195 5620741 474429938 5620768 517887133
111 26 894593694 5620741 697764698 5620768 592358392
112 26 745316274 5620741 917725483 5620768 663041757
113 26 591810784 5620742 143886154 5620768 735696938
114 26 442742602 5620742 360532944 5620768 803275546
115 26 292481313 5620742 577917313 5620768 870398626
116 26 143923213 5620742 804196963 5620768 948120176
117 25 995163192 5620743 19440983 5620769 14604175
118 25 858305656 5620743 233809296 5620769 92114952
119 25 718053959 5620743 446331403 5620769 164385362
120 25 567604598 5620743 666019193 5620769 233623791
121 25 417337031 5620743 895778649 5620769 313115680
122 25 267940057 5620744 117768175 5620769 385708232
123 25 118069853 5620744 341810347 5620769 459880200
124 24 969683844 5620744 563997609 5620769 533681453
125 24 804117372 5620744 797174651 5620769 601292023
126 24 658345592 5620745 16763072 5620769 675108664
127 24 507432351 5620745 236499028 5620769 743931379
128 24 362118822 5620745 452193261 5620769 814312083
1 43 210089960 5620842 63520793 5620885 273610753
2 43 44666636 5620842 308218046 5620885 352884682
3 42 901735471 5620842 521208254 5620885 422943725
4 42 747961339 5620842 745224888 5620885 493186227
5 42 607371465 5620842 957521516 5620885 564892981
6 42 465923551 5620843 171635388 5620885 637558939
7 42 318650966 5620843 394956276 5620885 713607242
8 42 174457936 5620843 605039648 5620885 779497584
9 42 29712230 5620843 821660289 5620885 851372519
10 41 886688957 5620844 40531610 5620885 927220567
11 41 738583091 5620844 264871479 5620886 3454570
12 41 591401098 5620844 485347419 5620886 76748517
13 41 453461934 5620844 696366163 5620886 149828097
14 41 300123220 5620844 915083413 5620886 215206633
15 41 163234797 5620845 130701609 5620886 293936406
16 41 10874601 5620845 352334695 5620886 363209296
17 40 876420837 5620845 568003501 5620886 444424338
18 40 732455005 5620845 781186076 5620886 513641081
19 40 593037277 5620845 998155932 5620886 591193209
20 40 449043725 5620846 212699370 5620886 661743095
21 40 309714604 5620846 426870112 5620886 736584716
22 40 165411336 5620846 643353903 5620886 808765239
23 40 10141750 5620846 862622421 5620886 872764171
24 39 867201401 5620847 78562926 5620886 945764327
25 39 727356290 5620847 292459802 5620887 19816092
26 39 585217963 5620847 510517379 5620887 95735342
27 39 447541221 5620847 723736434 5620887 171277655
28 39 309343394 5620847 936431055 5620887 245774449
29 39 168608190 5620848 153827570 5620887 322435760
30 39 25266903 5620848 378146939 5620887 403413842
31 38 872001096 5620848 596553547 5620887 468554643
32 38 735404537 5620848 816624124 5620887 552028661
33 38 601806460 5620849 21220949 5620887 623027409
34 38 450638354 5620849 238734518 5620887 689372872
35 38 311783133 5620849 452941999 5620887 764725132
36 38 168261739 5620849 664284404 5620887 832546143
37 38 25174614 5620849 873394979 5620887 898569593
38 37 864752124 5620850 103756552 5620887 968508676
39 37 730175269 5620850 312802924 5620888 42978193
40 37 575922294 5620850 542051295 5620888 117973589
41 37 427489490 5620850 761384312 5620888 188873802
42 37 279727766 5620850 979497092 5620888 259224858
43 37 131708121 5620851 197677241 5620888 329385362
44 36 994026342 5620851 412645708 5620888 406672050
45 36 847747999 5620851 635210461 5620888 482958460
46 36 693566486 5620851 853763640 5620888 547330126
47 36 557154201 5620852 65585851 5620888 622740052
48 36 426846453 5620852 275241934 5620888 702088387
49 36 264903176 5620852 507278476 5620888 772181652
50 36 121295968 5620852 729040374 5620888 850336342
51 35 982772297 5620852 941995156 5620888 924767453
52 35 828067293 5620853 165878478 5620888 993945771
53 35 690679767 5620853 376853556 5620889 67533323
54 35 542176762 5620853 599704433 5620889 141881195
55 35 399150710 5620853 812052208 5620889 211202918
56 35 250533353 5620854 30884401 5620889 281417754
57 35 120104847 5620854 243732500 5620889 363837347
58 34 967036815 5620854 468954889 5620889 435991704
59 34 813700749 5620854 690598660 5620889 504299409
60 34 676394019 5620854 903976063 5620889 580370082
61 34 527686515 5620855 130761332 5620889 658447847
62 34 382699408 5620855 348525192 5620889 731224600
63 34 242083275 5620855 565643990 5620889 807727265
64 34 101481735 5620855 782103170 5620889 883584905
65 33 945479792 5620856 5371763 5620889 950851555
66 33 814223894 5620856 215029791 5620890 29253685
67 33 668344895 5620856 429787262 5620890 98132157
68 33 522220290 5620856 650898597 5620890 173118887
69 33 373033777 5620856 870185689 5620890 243219466
70 33 223863617 5620857 85793792 5620890 309657409
71 33 83516276 5620857 301919312 5620890 385435588
72 32 947889347 5620857 513862909 5620890 461752256
73 32 797980089 5620857 740604289 5620890 538584378
74 32 642528322 5620857 971522370 5620890 614050692
75 32 484146257 5620858 199122438 5620890 683268695
76 32 345696547 5620858 412435917 5620890 758132464
77 32 195971637 5620858 636046985 5620890 832018622
78 32 41486075 5620858 862389909 5620890 903875984
79 31 890272618 5620859 84102993 5620890 974375611
80 31 740856499 5620859 303213051 5620891 44069550
81 31 589028221 5620859 526373626 5620891 115401847
82 31 435279404 5620859 747157523 5620891 182436927
83 31 296663827 5620859 969835126 5620891 266498953
84 31 141573164 5620860 194397195 5620891 335970359
85 31 4472670 5620860 412760377 5620891 417233047
86 30 855773464 5620860 635336704 5620891 491110168
87 30 713772783 5620860 848566370 5620891 562339153
88 30 555086335 5620861 72561189 5620891 627647524
89 30 408288463 5620861 286811985 5620891 695100448
90 30 272085898 5620861 510849877 5620891 782935775
91 30 128745297 5620861 723903083 5620891 852648380
92 29 988329623 5620861 952743295 5620891 941072918
93 29 831412494 5620862 176347603 5620892 7760097
94 29 699947600 5620862 384568935 5620892 84516535
95 29 543749069 5620862 613356648 5620892 157105717
96 29 396552224 5620862 829753830 5620892 226306054
97 29 255803612 5620863 42749759 5620892 298553371
98 29 85211143 5620863 283252663 5620892 368463806
99 28 953356922 5620863 489761083 5620892 443118005
100 28 806100227 5620863 712900584 5620892 519000811
101 28 666084231 5620863 927191397 5620892 593275628
102 28 513345488 5620864 155633653 5620892 668979141
103 28 361061014 5620864 376225165 5620892 737286179
104 28 211571601 5620864 598410314 5620892 809981915
105 28 74059577 5620864 812494261 5620892 886553838
106 27 934176801 5620865 28547356 5620892 962724157
107 27 788896514 5620865 245571192 5620893 34467706
108 27 642754131 5620865 463744434 5620893 106498565
109 27 500031389 5620865 683072876 5620893 183104265
110 27 344245739 5620865 912731536 5620893 256977275
111 27 190358091 5620866 131481970 5620893 321840061
112 27 39297336 5620866 357954318 5620893 397251654
113 26 893048307 5620866 578765344 5620893 471813651
114 26 740690057 5620866 802317635 5620893 543007692
115 26 595591136 5620867 23246807 5620893 618837943
116 26 441596213 5620867 242084258 5620893 683680471
117 26 295570402 5620867 462780583 5620893 758350985
118 26 145871048 5620867 682691570 5620893 828562618
119 25 982011120 5620867 913266861 5620893 895277981
120 25 830651130 5620868 136192496 5620893 966843626
121 25 687241086 5620868 348564289 5620894 35805375
122 25 522716541 5620868 581311299 5620894 104027840
123 25 371613139 5620868 802539317 5620894 174152456
124 25 231713327 5620869 20596579 5620894 252309906
125 25 82889419 5620869 241563158 5620894 324452577
126 24 942123418 5620869 453587735 5620894 395711153
127 24 795242401 5620869 675845697 5620894 471088098
128 24 639724154 5620869 896671205 5620894 536395359
1 43 59354824 5620963 543055117 5621006 602409941
2 42 891996370 5620963 783047548 5621006 675043918
3 42 742295572 5620963 997795166 5621006 740090738
4 42 602020638 5620964 209683910 5621006 811704548
5 42 453113621 5620964 430067388 5621006 883181009
6 42 323514768 5620964 636091037 5621006 959605805
7 42 169495106 5620964 853294220 5621007 22789326
8 42 21298428 5620965 69856860 5621007 91155288
9 41 884914848 5620965 279668217 5621007 164583065
10 41 740485045 5620965 502615851 5621007 243100896
11 41 604247147 5620965 714234119 5621007 318481266
12 41 461742957 5620965 922996403 5621007 384739360
13 41 309946254 5620966 146068386 5621007 456014640
14 41 169290882 5620966 360688765 5621007 529979647
15 41 33257573 5620966 573013576 5621007 606271149
16 40 890723995 5620966 782697602 5621007 673421597
17 40 728045899 5620967 18966564 5621007 747012463
18 40 579907499 5620967 237985177 5621007 817892676
19 40 444402551 5620967 449463818 5621007 893866369
20 40 304474553 5620967 662141586 5621007 966616139
21 40 150647165 5620967 882360066 5621008 33007231
22 40 11532654 5620968 100252737 5621008 111785391
23 39 859748746 5620968 320246888 5621008 179995634
24 39 714527514 5620968 536182965 5621008 250710479
25 39 582538390 5620968 749459203 5621008 331997593
26 39 440591597 5620968 957752032 5621008 398343629
27 39 287132128 5620969 178439355 5621008 465571483
28 39 139595624 5620969 393030846 5621008 532626470
29 38 987627497 5620969 615240401 5621008 602867898
30 38 834244101 5620969 838710469 5621008 672954570
31 38 684641320 5620970 59571141 5621008 744212461
32 38 529329699 5620970 282798547 5621008 812128246
33 38 387273464 5620970 502169061 5621008 889442525
34 38 248132157 5620970 718133064 5621008 966265221
35 38 104291585 5620970 928090455 5621009 32382040
36 37 961893522 5620971 142423470 5621009 104316992
37 37 814306482 5620971 367245865 5621009 181552347
38 37 654034157 5620971 599051798 5621009 253085955
39 37 507457839 5620971 822833601 5621009 330291440
40 37 371345994 5620972 26483905 5621009 397829899
41 37 224932173 5620972 247587091 5621009 472519264
42 37 78864938 5620972 462928309 5621009 541793247
43 36 936321823 5620972 678266805 5621009 614588628
44 36 798841467 5620972 888911350 5621009 687752817
45 36 644971079 5620973 111073813 5621009 756044892
46 36 497478870 5620973 332732192 5621009 830211062
47 36 364011699 5620973 540762341 5621009 904774040
48 36 209897094 5620973 762966173 5621009 972863267
49 36 65677232 5620973 973940713 5621010 39617945
50 35 913553165 5620974 195133489 5621010 108686654
51 35 772403746 5620974 412049715 5621010 184453461
52 35 635333493 5620974 624006348 5621010 259339841
53 35 489035577 5620974 837295011 5621010 326330588
54 35 348549257 5620975 52845040 5621010 401394297
55 35 190387875 5620975 275737341 5621010 466125216
56 35 49809094 5620975 493455441 5621010 543264535
57 34 895190684 5620975 711528182 5621010 606718866
58 34 750074912 5620975 931572166 5621010 681647078
59 34 594538556 5620976 153431319 5621010 747969875
60 34 453326824 5620976 363298897 5621010 816625721
61 34 305397178 5620976 581465156 5621010 886862334
62 34 165985840 5620976 795922223 5621010 961908063
63 34 16206802 5620977 12131333 5621011 28338135
64 33 871490247 5620977 230427829 5621011 101918076
65 33 724427067 5620977 442781806 5621011 167208873
66 33 588864305 5620977 648442443 5621011 237306748
67 33 434893493 5620977 875887142 5621011 310780635
68 33 307561839 5620978 92806997 5621011 400368836
69 33 150612452 5620978 317079421 5621011 467691873
70 33 5719380 5620978 537184570 5621011 542903950
71 32 858253875 5620978 754234256 5621011 612488131
72 32 713236843 5620978 967803914 5621011 681040757
73 32 558026165 5620979 193243483 5621011 751269648
74 32 390821727 5620979 430649702 5621011 821471429
75 32 248250298 5620979 653003216 5621011 901253514
76 32 89171192 5620979 889697374 5621011 978868566
77 31 956446340 5620980 99254162 5621012 55700502
78 31 803180942 5620980 320342533 5621012 123523475
79 31 664365499 5620980 537237130 5621012 201602629
80 31 507094044 5620980 762624459 5621012 269718503
81 31 360546670 5620980 978170469 5621012 338717139
82 31 216479546 5620981 193447485 5621012 409927031
83 31 61506476 5620981 420406118 5621012 481912594
84 30 921148932 5620981 641832742 5621012 562981674
85 30 789833239 5620981 849609785 5621012 639443024
86 30 637281994 5620982 72596547 5621012 709878541
87 30 480173575 5620982 295267370 5621012 775440945
88 30 328226077 5620982 524731402 5621012 852957479
89 30 195688556 5620982 737684923 5621012 933373479
90 30 44831502 5620982 963686130 5621013 8517632
91 29 885163554 5620983 185940054 5621013 71103608
92 29 731582846 5620983 412722191 5621013 144305037
93 29 576402595 5620983 633354681 5621013 209757276
94 29 428315415 5620983 859107855 5621013 287423270
95 29 273993332 5620984 74008915 5621013 348002247
96 29 140112280 5620984 285094674 5621013 425206954
97 28 984498980 5620984 501944012 5621013 486442992
98 28 843235564 5620984 718204528 5621013 561440092
99 28 693722189 5620984 943339639 5621013 637061828
100 28 557204760 5620985 162743949 5621013 719948709
101 28 393104561 5620985 399875265 5621013 792979826
102 28 252470114 5620985 611104448 5621013 863574562
103 28 84523338 5620985 846223320 5621013 930746658
104 27 951997075 5620986 55915994 5621014 7913069
105 27 785190408 5620986 292701594 5621014 77892002
106 27 630888010 5620986 520115645 5621014 151003655
107 27 483970439 5620986 737664915 5621014 221635354
108 27 349391900 5620986 948382051 5621014 297773951
109 27 208475867 5620987 164471551 5621014 372947418
110 27 59005398 5620987 386796474 5621014 445801872
111 26 921131382 5620987 600575239 5621014 521706621
112 26 765315252 5620987 820506243 5621014 585821495
113 26 620730287 5620988 45410821 5621014 666141108
114 26 472702477 5620988 259941776 5621014 732644253
115 26 330285711 5620988 477915409 5621014 808201120
116 26 173558840 5620988 704292219 5621014 877851059
117 26 24674305 5620988 931263890 5621014 955938195
118 25 874848436 5620989 148120505 5621015 22968941
119 25 730024418 5620989 367317745 5621015 97342163
120 25 587090163 5620989 586273451 5621015 173363614
121 25 428453678 5620989 810694150 5621015 239147828
122 25 297882898 5620990 25190791 5621015 323073689
123 25 145705109 5620990 248339161 5621015 394044270
124 25 6703503 5620990 464607177 5621015 471310680
125 24 860592955 5620990 682756157 5621015 543349112
126 24 699795139 5620990 910706847 5621015 610501986
127 24 558777386 5620991 132620406 5621015 691397792
128 24 400872999 5620991 357555132 5621015 758428131
1 43 109180395 5621086 999633993 5621130 108814388
2 42 939914236 5621087 239916139 5621130 179830375
3 42 789165681 5621087 462534129 5621130 251699810
4 42 646279703 5621087 676918012 5621130 323197715
5 42 508911234 5621087 883899901 5621130 392811135
6 42 359684040 5621088 107908624 5621130 467592664
7 42 222950856 5621088 318970550 5621130 541921406
8 42 73910824 5621088 531091326 5621130 605002150
9 41 929086660 5621088 753508708 5621130 682595368
10 41 766846576 5621088 986336158 5621130 753182734
11 41 631705807 5621089 191656763 5621130 823362570
12 41 475294986 5621089 419500342 5621130 894795328
13 41 347128440 5621089 624510342 5621130 971638782
14 41 192092630 5621089 855867967 5621131 47960597
15 41 48375223 5621090 74525660 5621131 122900883
16 40 899441060 5621090 290447403 5621131 189888463
17 40 738439194 5621090 524955229 5621131 263394423
18 40 592695417 5621090 742791714 5621131 335487131
19 40 442259523 5621090 960763123 5621131 403022646
20 40 307062347 5621091 169348872 5621131 476411219
21 40 164396773 5621091 389542332 5621131 553939105
22 40 18254354 5621091 604635702 5621131 622890056
23 39 872071382 5621091 819703238 5621131 691774620
24 39 733650563 5621092 31337986 5621131 764988549
25 39 592650735 5621092 242827422 5621131 835478157
26 39 455989586 5621092 454179842 5621131 910169428
27 39 306433195 5621092 669120899 5621131 975554094
28 39 163070836 5621092 887814073 5621132 50884909
29 39 17812180 5621093 107396433 5621132 125208613
30 38 870873795 5621093 322782408 5621132 193656203
31 38 731240665 5621093 540582024 5621132 271822689
32 38 591882881 5621093 746015590 5621132 337898471
33 38 446716760 5621093 961337696 5621132 408054456
34 38 294252014 5621094 183547082 5621132 477799096
35 38 151684845 5621094 396707191 5621132 548392036
36 38 10788645 5621094 616051019 5621132 626839664
37 37 874457583 5621094 823270404 5621132 697727987
38 37 712631955 5621095 52908912 5621132 765540867
39 37 570512870 5621095 266634733 5621132 837147603
40 37 418525560 5621095 485019245 5621132 903544805
41 37 267938427 5621095 709603940 5621132 977542367
42 37 124717993 5621095 928241688 5621133 52959681
43 36 976218174 5621096 146386353 5621133 122604527
44 36 815415526 5621096 383543853 5621133 198959379
45 36 669197035 5621096 604273674 5621133 273470709
46 36 527896787 5621096 820498522 5621133 348395309
47 36 375036938 5621097 44771278 5621133 419808216
48 36 217794706 5621097 270360176 5621133 488154882
49 36 63030891 5621097 492805003 5621133 555835894
50 35 934491686 5621097 698913556 5621133 633405242
51 35 767789573 5621097 933174331 5621133 700963904
52 35 622962816 5621098 154926485 5621133 777889301
53 35 479059560 5621098 371514253 5621133 850573813
54 35 334884977 5621098 580461587 5621133 915346564
55 35 162775648 5621098 820920452 5621133 983696100
56 35 12082703 5621099 43409667 5621134 55492370
57 34 852281777 5621099 262595572 5621134 114877349
58 34 703897494 5621099 488083953 5621134 191981447
59 34 551631393 5621099 706957493 5621134 258588886
60 34 409387199 5621099 928769183 5621134 338156382
61 34 255806158 5621100 155016903 5621134 410823061
62 34 109735517 5621100 372425044 5621134 482160561
63 33 962216828 5621100 591512118 5621134 553728946
64 33 799754026 5621100 819416454 5621134 619170480
65 33 660065397 5621101 32673246 5621134 692738643
66 33 512661187 5621101 249242663 5621134 761903850
67 33 355693247 5621101 473021316 5621134 828714563
68 33 213279631 5621101 689719915 5621134 902999546
69 33 62717035 5621101 906366885 5621134 969083920
70 32 907959294 5621102 131440145 5621135 39399439
71 32 765931893 5621102 342690400 5621135 108622293
72 32 630211006 5621102 552910951 5621135 183121957
73 32 486564634 5621102 774677161 5621135 261241795
74 32 331776357 5621102 993615385 5621135 325391742
75 32 187229058 5621103 209306817 5621135 396535875
76 32 45318840 5621103 423139395 5621135 468458235
77 31 898811077 5621103 643687034 5621135 542498111
78 31 764225965 5621103 858754070 5621135 622980035
79 31 622895884 5621104 73007585 5621135 695903469
80 31 459421618 5621104 303627020 5621135 763048638
81 31 320116445 5621104 523892720 5621135 844009165
82 31 168248096 5621104 746125476 5621135 914373572
83 31 28595966 5621104 962622634 5621135 991218600
84 30 893455882 5621105 178700522 5621136 72156404
85 30 747359853 5621105 395695319 5621136 143055172
86 30 594745257 5621105 618230570 5621136 212975827
87 30 459071183 5621105 839670693 5621136 298741876
88 30 315854008 5621106 58445661 5621136 374299669
89 30 165101361 5621106 278306997 5621136 443408358
90 30 20578339 5621106 494735212 5621136 515313551
91 29 877781989 5621106 706816915 5621136 584598904
92 29 716838474 5621106 936096893 5621136 652935367
93 29 577709722 5621107 150207892 5621136 727917614
94 29 441015575 5621107 361964452 5621136 802980027
95 29 290005025 5621107 582782771 5621136 872787796
96 29 156352692 5621107 791655366 5621136 948008058
97 29 7270716 5621108 13920011 5621137 21190727
98 28 851499310 5621108 236376596 5621137 87875906
99 28 706337225 5621108 451034918 5621137 157372143
100 28 555107975 5621108 672574761 5621137 227682736
101 28 411179091 5621108 890451634 5621137 301630725
102 28 264253724 5621109 109078420 5621137 373332144
103 28 113941384 5621109 325429747 5621137 439371131
104 27 970028591 5621109 552530488 5621137 522559079
105 27 820370368 5621109 767027257 5621137 587397625
106 27 670822606 5621109 992457991 5621137 663280597
107 27 520400897 5621110 212668747 5621137 733069644
108 27 371510252 5621110 434807801 5621137 806318053
109 27 234020285 5621110 648571362 5621137 882591647
110 27 78045030 5621110 874663417 5621137 952708447
111 26 928419621 5621111 94804138 5621138 23223759
112 26 782935766 5621111 309547624 5621138 92483390
113 26 644772312 5621111 524745584 5621138 169517896
114 26 495237882 5621111 743866324 5621138 239104206
115 26 356292220 5621111 959963508 5621138 316255728
116 26 213077397 5621112 171342501 5621138 384419898
117 26 53583170 5621112 401596887 5621138 455180057
118 25 918630768 5621112 613069749 5621138 531700517
119 25 762853805 5621112 838833125 5621138 601686930
120 25 624295878 5621113 51728405 5621138 676024283
121 25 483151979 5621113 273752498 5621138 756904477
122 25 318952523 5621113 503625299 5621138 822577822
123 25 172773828 5621113 722873647 5621138 895647475
124 25 17140456 5621113 945568302 5621138 962708758
125 24 872521270 5621114 163540303 5621139 36061573
126 24 726782659 5621114 383393955 5621139 110176614
127 24 572233174 5621114 609989760 5621139 182222934
128 24 427136200 5621114 823093296 5621139 250229496
