1 0 13835224 5680625 447227182 5680625 461062406
2 0 12926519 5680625 448259792 5680625 461186311
3 0 12686856 5680625 448597323 5680625 461284179
4 0 12505027 5680625 448890984 5680625 461396011
1 0 10734948 5680632 277099431 5680632 287834379
2 0 9811391 5680632 278129208 5680632 287940599
3 0 9530322 5680632 278486072 5680632 288016394
4 0 9313900 5680632 278787529 5680632 288101429
1 0 11201273 5680639 57110829 5680639 68312102
2 0 10279938 5680639 58126236 5680639 68406174
3 0 10003795 5680639 58480841 5680639 68484636
4 0 9790540 5680639 58782446 5680639 68572986
1 0 10810021 5680645 857248926 5680645 868058947
2 0 9862001 5680645 858290129 5680645 868152130
3 0 9577562 5680645 858649585 5680645 868227147
4 0 9444398 5680645 858949839 5680645 868394237
1 0 14191940 5680652 658764643 5680652 672956583
2 0 12882927 5680652 660195561 5680652 673078488
3 0 12510915 5680652 660668626 5680652 673179541
4 0 12225531 5680652 661065675 5680652 673291206
1 0 10697394 5680659 477199396 5680659 487896790
2 0 9754263 5680659 478235210 5680659 487989473
3 0 9474194 5680659 478589574 5680659 488063768
4 0 9358159 5680659 478885180 5680659 488243339
1 0 10822261 5680666 297037937 5680666 307860198
2 0 9866353 5680666 298090417 5680666 307956770
3 0 9592080 5680666 298440059 5680666 308032139
4 0 9460972 5680666 298738294 5680666 308199266
1 0 13998869 5680673 91522059 5680673 105520928
2 0 12812724 5680673 92828257 5680673 105640981
3 0 12453601 5680673 93281675 5680673 105735276
4 0 12170847 5680673 93673945 5680673 105844792
1 0 12669541 5680679 886669465 5680679 899339006
2 0 11738707 5680679 887725704 5680679 899464411
3 0 11487045 5680679 888075864 5680679 899562909
4 0 11301771 5680679 888370822 5680679 899672593
1 0 12619691 5680686 676824980 5680686 689444671
2 0 11717411 5680686 677847795 5680686 689565206
3 0 11451268 5680686 678210343 5680686 689661611
4 0 11259402 5680686 678509893 5680686 689769295
