1 0 34826351 5680829 503018921 5680829 537845272
2 0 33648447 5680829 504302156 5680829 537950603
3 0 33339823 5680829 504742259 5680829 538082082
4 0 33029218 5680829 505164992 5680829 538194210
5 0 32735242 5680829 505556040 5680829 538291282
6 0 32483691 5680829 505936366 5680829 538420057
7 0 32197566 5680829 506322637 5680829 538520203
8 0 31927905 5680829 506703389 5680829 538631294
9 0 31636559 5680829 507087789 5680829 538724348
10 0 31379619 5680829 507464208 5680829 538843827
11 0 31096513 5680829 507870571 5680829 538967084
12 0 30773556 5680829 508298156 5680829 539071712
13 0 30506450 5680829 508678797 5680829 539185247
14 0 30220326 5680829 509060956 5680829 539281282
15 0 29940239 5680829 509448819 5680829 539389058
16 0 29655688 5680829 509827831 5680829 539483519
17 0 29266214 5680829 510328507 5680829 539594721
18 0 28978423 5680829 510735129 5680829 539713552
19 0 28675706 5680829 511132325 5680829 539808031
20 0 28412674 5680829 511504911 5680829 539917585
21 0 28199974 5680829 511909422 5680829 540109396
22 0 27855407 5680829 512376839 5680829 540232246
23 0 27572393 5680829 512757647 5680829 540330040
24 0 27332028 5680829 513129084 5680829 540461112
25 0 27043941 5680829 513530280 5680829 540574221
26 0 26711336 5680829 513962513 5680829 540673849
27 0 26462933 5680829 514338302 5680829 540801235
28 0 26175364 5680829 514733036 5680829 540908400
29 0 25919850 5680829 515106177 5680829 541026027
30 0 25634040 5680829 515485800 5680829 541119840
31 0 25356861 5680829 515871533 5680829 541228394
32 0 25084458 5680829 516252989 5680829 541337447
1 0 35646910 5680836 318417554 5680836 354064464
2 0 34449950 5680836 319720123 5680836 354170073
3 0 34020384 5680836 320265224 5680836 354285608
4 0 33674353 5680836 320723808 5680836 354398161
5 0 33367082 5680836 321124633 5680836 354491715
6 0 33102087 5680836 321512274 5680836 354614361
7 0 32812888 5680836 321902230 5680836 354715118
8 0 32540523 5680836 322285019 5680836 354825542
9 0 32249140 5680836 322671049 5680836 354920189
10 0 32006959 5680836 323049468 5680836 355056427
11 0 31722186 5680836 323458590 5680836 355180776
12 0 31394248 5680836 323888860 5680836 355283108
13 0 31123309 5680836 324270149 5680836 355393458
14 0 30840203 5680836 324653790 5680836 355493993
15 0 30552894 5680836 325049671 5680836 355602565
16 0 30264991 5680836 325431924 5680836 355696915
17 0 29998626 5680836 325805509 5680836 355804135
18 0 29713909 5680836 326206983 5680836 355920892
19 0 29407285 5680836 326607846 5680836 356015131
20 0 29137013 5680836 326986413 5680836 356123426
21 0 28834055 5680836 327385035 5680836 356219090
22 0 28456544 5680836 327871526 5680836 356328070
23 0 28161290 5680836 328260204 5680836 356421494
24 0 27912554 5680836 328634586 5680836 356547140
25 0 27618689 5680836 329039671 5680836 356658360
26 0 27274474 5680836 329479718 5680836 356754192
27 0 27007330 5680836 329856656 5680836 356863986
28 0 26661133 5680836 330310221 5680836 356971354
29 0 26400526 5680836 330687585 5680836 357088111
30 0 26110680 5680836 331072559 5680836 357183239
31 0 25827759 5680836 331464885 5680836 357292644
32 0 25544653 5680836 331855989 5680836 357400642
1 0 35164733 5680843 92611659 5680843 127776392
2 0 33963497 5680843 93916838 5680843 127880335
3 0 33628225 5680843 94365515 5680843 127993740
4 0 33319175 5680843 94786081 5680843 128105256
5 0 33025829 5680843 95174833 5680843 128200662
6 0 32766167 5680843 95560918 5680843 128327085
7 0 32475154 5680843 95945893 5680843 128421047
8 0 32216547 5680843 96326423 5680843 128542970
9 0 31927535 5680843 96709119 5680843 128636654
10 0 31665076 5680843 97091427 5680843 128756503
11 0 31383489 5680843 97501586 5680843 128885075
12 0 31061755 5680843 97925337 5680843 128987092
13 0 30794259 5680843 98301034 5680843 129095293
14 0 30506246 5680843 98682527 5680843 129188773
15 0 30224493 5680843 99073297 5680843 129297790
16 0 29939275 5680843 99453920 5680843 129393195
17 0 29667706 5680843 99833839 5680843 129501545
18 0 29316973 5680843 100300737 5680843 129617710
19 0 29006663 5680843 100705471 5680843 129712134
20 0 28737464 5680843 101083390 5680843 129820854
21 0 28430563 5680843 101484030 5680843 129914593
22 0 28132179 5680843 101961688 5680843 130093867
23 0 27831759 5680843 102362940 5680843 130194699
24 0 27580986 5680843 102744618 5680843 130325604
25 0 27289307 5680843 103146684 5680843 130435991
26 0 26950960 5680843 103579973 5680843 130530933
27 0 26699094 5680843 103955318 5680843 130654412
28 0 26407267 5680843 104352032 5680843 130759299
29 0 26152901 5680843 104725155 5680843 130878056
30 0 25862889 5680843 105109166 5680843 130972055
31 0 25577598 5680843 105501492 5680843 131079090
32 0 25294861 5680843 105890967 5680843 131185828
1 0 34921238 5680849 922078732 5680849 956999970
2 0 33734204 5680849 923369745 5680849 957103949
3 0 33398563 5680849 923821699 5680849 957220262
4 0 33081106 5680849 924249191 5680849 957330297
5 0 32774944 5680849 924649684 5680849 957424628
6 0 32512579 5680849 925032695 5680849 957545274
7 0 32232029 5680849 925414947 5680849 957646976
8 0 31964942 5680849 925790940 5680849 957755882
9 0 31678428 5680849 926172507 5680849 957850935
10 0 31421489 5680849 926549389 5680849 957970878
11 0 31139067 5680849 926958067 5680849 958097134
12 0 30814944 5680849 927390448 5680849 958205392
13 0 30543690 5680849 927769681 5680849 958313371
14 0 30249621 5680849 928155063 5680849 958404684
15 0 29961349 5680849 928551000 5680849 958512349
16 0 29673188 5680849 928932085 5680849 958605273
17 0 29408637 5680849 929305856 5680849 958714493
18 0 29121772 5680849 929710256 5680849 958832028
19 0 28667225 5680849 930257690 5680849 958924915
20 0 28386064 5680849 930647109 5680849 959033173
21 0 28083551 5680849 931044657 5680849 959128208
22 0 27706854 5680849 931531667 5680849 959238521
23 0 27417748 5680849 931916252 5680849 959334000
24 0 27164790 5680849 932291504 5680849 959456294
25 0 26868592 5680849 932695126 5680849 959563718
26 0 26526895 5680849 933131155 5680849 959658050
27 0 26259677 5680849 933506741 5680849 959766418
28 0 25968535 5680849 933903011 5680849 959871546
29 0 25709039 5680849 934281838 5680849 959990877
30 0 25512006 5680849 934661516 5680849 960173522
31 0 25246974 5680849 935054082 5680849 960301056
32 0 24969701 5680849 935440483 5680849 960410184
1 0 26808259 5680856 688279539 5680856 715087798
2 0 25875054 5680856 689293261 5680856 715168315
3 0 25617782 5680856 689637180 5680856 715254962
4 0 25377657 5680856 689960674 5680856 715338331
5 0 25065052 5680856 690344352 5680856 715409404
6 0 24863592 5680856 690638199 5680856 715501791
7 0 24649818 5680856 690928786 5680856 715578604
8 0 24445174 5680856 691217243 5680856 715662417
9 0 24226030 5680856 691507497 5680856 715733527
10 0 24033070 5680856 691793159 5680856 715826229
11 0 23813186 5680856 692107912 5680856 715921098
12 0 23562839 5680856 692436054 5680856 715998893
13 0 23372416 5680856 692725030 5680856 716097446
14 0 23151365 5680856 693014858 5680856 716166223
15 0 22940480 5680856 693308741 5680856 716249221
16 0 22724003 5680856 693595643 5680856 716319646
17 0 22516118 5680856 693884823 5680856 716400941
18 0 22303843 5680856 694184670 5680856 716488513
19 0 22064459 5680856 694492942 5680856 716557401
20 0 21867574 5680856 694771955 5680856 716639529
21 0 21641097 5680856 695070579 5680856 716711676
22 0 21356657 5680856 695437813 5680856 716794470
23 0 21135180 5680856 695728382 5680856 716863562
24 0 20948591 5680856 696010821 5680856 716959412
25 0 20726428 5680856 696314704 5680856 717041132
26 0 20470155 5680856 696641735 5680856 717111890
27 0 20268326 5680856 696924470 5680856 717192796
28 0 20036479 5680856 697236705 5680856 717273184
29 0 19850093 5680856 697517737 5680856 717367830
30 0 19637005 5680856 697801861 5680856 717438866
31 0 19432286 5680856 698092523 5680856 717524809
32 0 19225160 5680856 698380832 5680856 717605992
1 0 28285399 5680863 486851946 5680863 515137345
2 0 27346194 5680863 487873186 5680863 515219380
3 0 27094180 5680863 488214069 5680863 515308249
4 0 26857573 5680863 488537137 5680863 515394710
5 0 26634096 5680863 488832631 5680863 515466727
6 0 26444303 5680863 489118478 5680863 515562781
7 0 26230585 5680863 489408843 5680863 515639428
8 0 26022312 5680863 489700337 5680863 515722649
9 0 25806890 5680863 489989054 5680863 515795944
10 0 25502043 5680863 490386010 5680863 515888053
11 0 25283881 5680863 490698559 5680863 515982440
12 0 25030755 5680863 491028739 5680863 516059494
13 0 24831500 5680863 491315363 5680863 516146863
14 0 24613486 5680863 491605172 5680863 516218658
15 0 24400156 5680863 491901519 5680863 516301675
16 0 24181919 5680863 492190069 5680863 516371988
17 0 23981831 5680863 492474934 5680863 516456765
18 0 23778649 5680863 492781447 5680863 516560096
19 0 23545394 5680863 493085682 5680863 516631076
20 0 23339546 5680863 493372417 5680863 516711963
21 0 23114383 5680863 493669912 5680863 516784295
22 0 22823685 5680863 494045405 5680863 516869090
23 0 22605412 5680863 494334214 5680863 516939626
24 0 22419638 5680863 494615912 5680863 517035550
25 0 22200179 5680863 494923166 5680863 517123345
26 0 21942110 5680863 495254326 5680863 517196436
27 0 21740558 5680863 495537710 5680863 517278268
28 0 21525432 5680863 495834001 5680863 517359433
29 0 21333565 5680863 496114959 5680863 517448524
30 0 21116717 5680863 496404583 5680863 517521300
31 0 20901444 5680863 496702670 5680863 517604114
32 0 20696892 5680863 496989331 5680863 517686223
1 0 35455506 5680870 272557739 5680870 308013245
2 0 34289750 5680870 273831641 5680870 308121391
3 0 33960515 5680870 274277707 5680870 308238222
4 0 33643503 5680870 274706810 5680870 308350313
5 0 33340638 5680870 275106710 5680870 308447348
6 0 33080106 5680870 275489314 5680870 308569420
7 0 32793056 5680870 275876529 5680870 308669585
8 0 32518487 5680870 276261133 5680870 308779620
9 0 32224325 5680870 276650848 5680870 308875173
10 0 31964756 5680870 277032674 5680870 308997430
11 0 31668224 5680870 277452667 5680870 309120891
12 0 31332898 5680870 277890399 5680870 309223297
13 0 31070717 5680870 278272040 5680870 309342757
14 0 30778389 5680870 278656422 5680870 309434811
15 0 30491173 5680870 279055155 5680870 309546328
16 0 30198437 5680870 279442926 5680870 309641363
17 0 29929239 5680870 279820437 5680870 309749676
18 0 29599300 5680870 280283651 5680870 309882951
19 0 29285787 5680870 280693847 5680870 309979634
20 0 29133087 5680870 281076062 5680870 310209149
21 0 28830203 5680870 281476277 5680870 310306480
22 0 28473803 5680870 281948842 5680870 310422645
23 0 28181068 5680870 282337501 5680870 310518569
24 0 27927442 5680870 282717828 5680870 310645270
25 0 27635633 5680870 283122542 5680870 310758175
26 0 27296658 5680870 283555701 5680870 310852359
27 0 27027515 5680870 283934990 5680870 310962505
28 0 26734002 5680870 284334779 5680870 311068781
29 0 26476247 5680870 284711772 5680870 311188019
30 0 26181493 5680870 285100580 5680870 311282073
31 0 25899943 5680870 285493406 5680870 311393349
32 0 25623763 5680870 285879621 5680870 311503384
1 0 26460877 5680877 57053814 5680877 83514691
2 0 25515895 5680877 58078221 5680877 83594116
3 0 25264418 5680877 58418381 5680877 83682799
4 0 25031089 5680877 58738209 5680877 83769298
5 0 24810223 5680877 59033203 5680877 83843426
6 0 24617096 5680877 59319976 5680877 83937072
7 0 24408119 5680877 59610970 5680877 84019089
8 0 24205493 5680877 59898002 5680877 84103495
9 0 23899518 5680877 60276661 5680877 84176179
10 0 23696577 5680877 60571730 5680877 84268307
11 0 23483748 5680877 60884224 5680877 84367972
12 0 23226345 5680877 61220088 5680877 84446433
13 0 23028627 5680877 61508027 5680877 84536654
14 0 22812575 5680877 61796929 5680877 84609504
15 0 22600542 5680877 62093887 5680877 84694429
16 0 22386231 5680877 62380826 5680877 84767057
17 0 22185642 5680877 62665969 5680877 84851611
18 0 21972961 5680877 62970963 5680877 84943924
19 0 21742539 5680877 63274180 5680877 85016719
20 0 21560265 5680877 63555804 5680877 85116069
21 0 21337195 5680877 63853539 5680877 85190734
22 0 21043756 5680877 64230291 5680877 85274047
23 0 20823056 5680877 64523842 5680877 85346898
24 0 20638819 5680877 64804984 5680877 85443803
25 0 20419305 5680877 65107627 5680877 85526932
26 0 20167550 5680877 65436602 5680877 85604152
27 0 19970684 5680877 65719356 5680877 85690040
28 0 19754558 5680877 66016610 5680877 85771168
29 0 19565543 5680877 66297049 5680877 85862592
30 0 19351973 5680877 66581877 5680877 85933850
31 0 19146421 5680877 66871409 5680877 86017830
32 0 18942499 5680877 67157422 5680877 86099921
1 0 26494395 5680883 857038062 5680883 883532457
2 0 25562819 5680883 858048877 5680883 883611696
3 0 25307806 5680883 858388630 5680883 883696436
4 0 25071922 5680883 858706642 5680883 883778564
5 0 24848352 5680883 859002359 5680883 883850711
6 0 24653892 5680883 859289465 5680883 883943357
7 0 24441081 5680883 859579589 5680883 884020670
8 0 24236770 5680883 859865806 5680883 884102576
9 0 23927147 5680883 860246095 5680883 884173242
10 0 23721632 5680883 860543645 5680883 884265277
11 0 23515543 5680883 860856658 5680883 884372201
12 0 23261270 5680883 861188318 5680883 884449588
13 0 23055052 5680883 861477016 5680883 884532068
14 0 22847093 5680883 861767863 5680883 884614956
15 0 22637189 5680883 862060709 5680883 884697898
16 0 22421434 5680883 862347648 5680883 884769082
17 0 22219271 5680883 862629773 5680883 884849044
18 0 22008645 5680883 862929582 5680883 884938227
19 0 21771316 5680883 863237317 5680883 885008633
20 0 21571727 5680883 863518201 5680883 885089928
21 0 21346250 5680883 863814769 5680883 885161019
22 0 21057903 5680883 864183596 5680883 885241499
23 0 20838594 5680883 864474312 5680883 885312906
24 0 20650578 5680883 864756770 5680883 885407348
25 0 20429489 5680883 865059413 5680883 885488902
26 0 20169346 5680883 865389573 5680883 885558919
27 0 19964499 5680883 865677734 5680883 885642233
28 0 19749039 5680883 865972470 5680883 885721509
29 0 19554265 5680883 866255687 5680883 885809952
30 0 19324825 5680883 866556163 5680883 885880988
31 0 19112792 5680883 866850083 5680883 885962875
32 0 18909481 5680883 867139466 5680883 886048947
1 0 28442785 5680890 667052215 5680890 695495000
2 0 27503006 5680890 668071789 5680890 695574795
3 0 27240530 5680890 668418967 5680890 695659497
4 0 27000015 5680890 668742165 5680890 695742180
5 0 26770945 5680890 669041734 5680890 695812679
6 0 26567949 5680890 669334302 5680890 695902251
7 0 26353009 5680890 669624204 5680890 695977213
8 0 26147476 5680890 669911606 5680890 696059082
9 0 25820834 5680890 670307821 5680890 696128655
10 0 25618152 5680890 670599242 5680890 696217394
11 0 25399101 5680890 670911291 5680890 696310392
12 0 25148012 5680890 671243193 5680890 696391205
13 0 24942721 5680890 671531835 5680890 696474556
14 0 24723039 5680890 671821608 5680890 696544647
15 0 24508839 5680890 672117936 5680890 696626775
16 0 24293121 5680890 672402782 5680890 696695903
17 0 24107143 5680890 672681444 5680890 696788587
18 0 23895999 5680890 672981049 5680890 696877048
19 0 23662299 5680890 673284340 5680890 696946639
20 0 23459896 5680890 673567594 5680890 697027490
21 0 23230863 5680890 673868218 5680890 697099081
22 0 22946961 5680890 674233489 5680890 697180450
23 0 22730336 5680890 674521372 5680890 697251708
24 0 22543728 5680890 674801737 5680890 697345465
25 0 22326732 5680890 675102547 5680890 697429279
26 0 22070626 5680890 675428985 5680890 697499611
27 0 21870333 5680890 675712850 5680890 697583183
28 0 21651874 5680890 676011752 5680890 697663626
29 0 21455619 5680890 676295802 5680890 697751421
30 0 21241178 5680890 676579704 5680890 697820882
31 0 21026886 5680890 676873995 5680890 697900881
32 0 20804983 5680890 677178489 5680890 697983472
