1 0 30339324 5680897 432503957 5680897 462843281
2 0 29669003 5680897 433230647 5680897 462899650
3 0 29494395 5680897 433464087 5680897 462958482
4 0 29309953 5680897 433703824 5680897 463013777
5 0 29134309 5680897 433935560 5680897 463069869
6 0 28964312 5680897 434156445 5680897 463120757
7 0 28821315 5680897 434357015 5680897 463178330
8 0 28688706 5680897 434560697 5680897 463249403
9 0 28536228 5680897 434762674 5680897 463298902
10 0 28381953 5680897 434978355 5680897 463360308
11 0 28233955 5680897 435174593 5680897 463408548
12 0 28088755 5680897 435376718 5680897 463465473
13 0 27947627 5680897 435567141 5680897 463514768
14 0 27818852 5680897 435759341 5680897 463578193
15 0 27680058 5680897 435955319 5680897 463635377
16 0 27541561 5680897 436146167 5680897 463687728
17 0 27397656 5680897 436346941 5680897 463744597
18 0 27247066 5680897 436545123 5680897 463792189
19 0 27099291 5680897 436749804 5680897 463849095
20 0 26946683 5680897 436951004 5680897 463897687
21 0 26800389 5680897 437157315 5680897 463957704
22 0 26597689 5680897 437420162 5680897 464017851
23 0 26454341 5680897 437611843 5680897 464066184
24 0 26301713 5680897 437821988 5680897 464123701
25 0 26165364 5680897 438013095 5680897 464178459
26 0 26024200 5680897 438212425 5680897 464236625
27 0 25877611 5680897 438409254 5680897 464286865
28 0 25749242 5680897 438598825 5680897 464348067
29 0 25618041 5680897 438790544 5680897 464408585
30 0 25462229 5680897 438994244 5680897 464456473
31 0 25327083 5680897 439186240 5680897 464513323
32 0 25192345 5680897 439376811 5680897 464569156
33 0 25069329 5680897 439568066 5680897 464637395
34 0 24918110 5680897 439777099 5680897 464695209
35 0 24784353 5680897 439967614 5680897 464751967
36 0 24589727 5680897 440219443 5680897 464809170
37 0 24419878 5680897 440439180 5680897 464859058
38 0 24284713 5680897 440635232 5680897 464919945
39 0 24146828 5680897 440822098 5680897 464968926
40 0 24008368 5680897 441022761 5680897 465031129
41 0 23866870 5680897 441214369 5680897 465081239
42 0 23736262 5680897 441403902 5680897 465140164
43 0 23578672 5680897 441618139 5680897 465196811
44 0 23435859 5680897 441808784 5680897 465244643
45 0 23306769 5680897 441998521 5680897 465305290
46 0 23153347 5680897 442200813 5680897 465354160
47 0 23015108 5680897 442396828 5680897 465411936
48 0 22871055 5680897 442591343 5680897 465462398
49 0 22714317 5680897 442805006 5680897 465519323
50 0 22590542 5680897 442996354 5680897 465586896
51 0 22456100 5680897 443188369 5680897 465644469
52 0 22318824 5680897 443383051 5680897 465701875
53 0 22176883 5680897 443573325 5680897 465750208
54 0 22041571 5680897 443764414 5680897 465805985
55 0 21890055 5680897 443972243 5680897 465862298
56 0 21739613 5680897 444171221 5680897 465910834
57 0 22354398 5680897 444364699 5680897 466719097
58 0 22192031 5680897 444562343 5680897 466754374
59 0 22032090 5680897 444752747 5680897 466784837
60 0 21891351 5680897 444942614 5680897 466833965
61 0 21745631 5680897 445144444 5680897 466890075
62 0 21598153 5680897 445339310 5680897 466937463
63 0 21427563 5680897 445567362 5680897 466994925
64 0 21247622 5680897 445795228 5680897 467042850
1 0 62573853 5680904 260989745 5680904 323563598
2 0 61405152 5680904 262263462 5680904 323668614
3 0 61059806 5680904 262719621 5680904 323779427
4 0 60779163 5680904 263107725 5680904 323886888
5 0 60476280 5680904 263519069 5680904 323995349
6 0 60190934 5680904 263904950 5680904 324095884
7 0 59914068 5680904 264290758 5680904 324204826
8 0 59642537 5680904 264671436 5680904 324313973
9 0 59361856 5680904 265046170 5680904 324408026
10 0 59093306 5680904 265439144 5680904 324532450
11 0 58805255 5680904 265827063 5680904 324632318
12 0 58527502 5680904 266228685 5680904 324756187
13 0 58248174 5680904 266604770 5680904 324852944
14 0 57991104 5680904 266981449 5680904 324972553
15 0 57714906 5680904 267366645 5680904 325081551
16 0 57445892 5680904 267736453 5680904 325182345
17 0 57176730 5680904 268112872 5680904 325289602
18 0 56870255 5680904 268511753 5680904 325382008
19 0 56582167 5680904 268909413 5680904 325491580
20 0 56292970 5680904 269292720 5680904 325585690
21 0 56015826 5680904 269680843 5680904 325696669
22 0 55598352 5680904 270214907 5680904 325813259
23 0 55308025 5680904 270597418 5680904 325905443
24 0 55025660 5680904 270988170 5680904 326013830
25 0 54746738 5680904 271369608 5680904 326116346
26 0 54473540 5680904 271752193 5680904 326225733
27 0 54183656 5680904 272136001 5680904 326319657
28 0 53929920 5680904 272507846 5680904 326437766
29 0 53664889 5680904 272882690 5680904 326547579
30 0 53375912 5680904 273266239 5680904 326642151
31 0 53095473 5680904 273655454 5680904 326750927
32 0 52825460 5680904 274035169 5680904 326860629
33 0 52557761 5680904 274414921 5680904 326972682
34 0 52256137 5680904 274819395 5680904 327075532
35 0 51991827 5680904 275193499 5680904 327185326
36 0 51729295 5680904 275568585 5680904 327297880
37 0 51438653 5680904 275967151 5680904 327405804
38 0 51146287 5680904 276374496 5680904 327520783
39 0 50871737 5680904 276744118 5680904 327615855
40 0 50601205 5680904 277132926 5680904 327734131
41 0 50313080 5680904 277513271 5680904 327826351
42 0 50054807 5680904 277881394 5680904 327936201
43 0 49764054 5680904 278279997 5680904 328044051
44 0 49471670 5680904 278664953 5680904 328136623
45 0 49217193 5680904 279036613 5680904 328253806
46 0 48916495 5680904 279429791 5680904 328346286
47 0 48649500 5680904 279804136 5680904 328453636
48 0 48312785 5680904 280232720 5680904 328545505
49 0 48016550 5680904 280640101 5680904 328656651
50 0 47754666 5680904 281022168 5680904 328776834
51 0 47486023 5680904 281401272 5680904 328887295
52 0 47199268 5680904 281795839 5680904 328995107
53 0 46923051 5680904 282172925 5680904 329095976
54 0 46656241 5680904 282550955 5680904 329207196
55 0 46311118 5680904 283005835 5680904 329316953
56 0 46028531 5680904 283383661 5680904 329412192
57 0 45738536 5680904 283792080 5680904 329530616
58 0 45436153 5680904 284187350 5680904 329623503
59 0 45174269 5680904 284557565 5680904 329731834
60 0 44895849 5680904 284927910 5680904 329823759
61 0 44633372 5680904 285314070 5680904 329947442
62 0 45258212 5680904 285690637 5680904 330948849
63 0 44952940 5680904 286105796 5680904 331058736
64 0 44679964 5680904 286497307 5680904 331177271
1 0 44681149 5680911 97306869 5680911 141988018
2 0 43761407 5680911 98306554 5680911 142067961
3 0 43498726 5680911 98656103 5680911 142154829
4 0 43284527 5680911 98952875 5680911 142237402
5 0 43051050 5680911 99270721 5680911 142321771
6 0 42832460 5680911 99561809 5680911 142394269
7 0 42628835 5680911 99851599 5680911 142480434
8 0 42344859 5680911 100220611 5680911 142565470
9 0 42119307 5680911 100517106 5680911 142636413
10 0 41911052 5680911 100821618 5680911 142732670
11 0 41692779 5680911 101113835 5680911 142806614
12 0 41469449 5680911 101419126 5680911 142888575
13 0 41255935 5680911 101705898 5680911 142961833
14 0 41062123 5680911 101993708 5680911 143055831
15 0 40849331 5680911 102290869 5680911 143140200
16 0 40644076 5680911 102574234 5680911 143218310
17 0 40437468 5680911 102862488 5680911 143299956
18 0 40206732 5680911 103164223 5680911 143370955
19 0 39990922 5680911 103466365 5680911 143457287
20 0 39773000 5680911 103757545 5680911 143530545
21 0 39564873 5680911 104051762 5680911 143616635
22 0 39277268 5680911 104428773 5680911 143706041
23 0 39078123 5680911 104712194 5680911 143790317
24 0 38857053 5680911 105017559 5680911 143874612
25 0 38641354 5680911 105312979 5680911 143954333
26 0 38433173 5680911 105605992 5680911 144039165
27 0 38216491 5680911 105899524 5680911 144116015
28 0 38023384 5680911 106181852 5680911 144205236
29 0 37818147 5680911 106471013 5680911 144289160
30 0 37598595 5680911 106761860 5680911 144360455
31 0 37395433 5680911 107054724 5680911 144450157
32 0 37193807 5680911 107337886 5680911 144531693
33 0 36993125 5680911 107622899 5680911 144616024
34 0 36759481 5680911 107935412 5680911 144694893
35 0 36565689 5680911 108219480 5680911 144785169
36 0 36364600 5680911 108504642 5680911 144869242
37 0 36132104 5680911 108810099 5680911 144942203
38 0 35925701 5680911 109104038 5680911 145029739
39 0 35718038 5680911 109384996 5680911 145103034
40 0 35509393 5680911 109685509 5680911 145194902
41 0 35298286 5680911 109968300 5680911 145266586
42 0 35054161 5680911 110297757 5680911 145351918
43 0 34833388 5680911 110602343 5680911 145435731
44 0 34615058 5680911 110892727 5680911 145507785
45 0 34418970 5680911 111178999 5680911 145597969
46 0 34193788 5680911 111476494 5680911 145670282
47 0 34003811 5680911 111762970 5680911 145766781
48 0 33789092 5680911 112049872 5680911 145838964
49 0 33567133 5680911 112356089 5680911 145923222
50 0 33359693 5680911 112657046 5680911 146016739
51 0 33155290 5680911 112948818 5680911 146104108
52 0 32943775 5680911 113248368 5680911 146192143
53 0 32731612 5680911 113532770 5680911 146264382
54 0 32529709 5680911 113818598 5680911 146348307
55 0 32300750 5680911 114131611 5680911 146432361
56 0 32062976 5680911 114441272 5680911 146504248
57 0 31854869 5680911 114738155 5680911 146593024
58 0 31132271 5680911 115532752 5680911 146665023
59 0 30933239 5680911 115818468 5680911 146751707
60 0 30717872 5680911 116106111 5680911 146823983
61 0 30503098 5680911 116404772 5680911 146907870
62 0 30299676 5680911 116690804 5680911 146990480
63 0 30062310 5680911 117007206 5680911 147069516
64 0 29849814 5680911 117307015 5680911 147156829
1 0 56763535 5680917 917261722 5680917 974025257
2 0 55864088 5680917 918265648 5680917 974129736
3 0 55616223 5680917 918624919 5680917 974241142
4 0 55422559 5680917 918923414 5680917 974345973
5 0 55216526 5680917 919241019 5680917 974457545
6 0 55020900 5680917 919531254 5680917 974552154
7 0 54842440 5680917 919820397 5680917 974662837
8 0 54582983 5680917 920191501 5680917 974774484
9 0 54372209 5680917 920493662 5680917 974865871
10 0 54195786 5680917 920796453 5680917 974992239
11 0 54004716 5680917 921082984 5680917 975087700
12 0 53804775 5680917 921388775 5680917 975193550
13 0 53610741 5680917 921676381 5680917 975287122
14 0 53418634 5680917 921991930 5680917 975410564
15 0 53140361 5680917 922383701 5680917 975524062
16 0 52867310 5680917 922758398 5680917 975625708
17 0 52598501 5680917 923137613 5680917 975736114
18 0 52292285 5680917 923537494 5680917 975829779
19 0 51992457 5680917 923945153 5680917 975937610
20 0 51708665 5680917 924337239 5680917 976045904
21 0 51427301 5680917 924728379 5680917 976155680
22 0 51053844 5680917 925218815 5680917 976272659
23 0 50768980 5680917 925599826 5680917 976368806
24 0 50480652 5680917 925997411 5680917 976478063
25 0 50195009 5680917 926386311 5680917 976581320
26 0 49919921 5680917 926770027 5680917 976689948
27 0 49628890 5680917 927153908 5680917 976782798
28 0 49373727 5680917 927525624 5680917 976899351
29 0 49107844 5680917 927900894 5680917 977008738
30 0 48817275 5680917 928285869 5680917 977103144
31 0 48546299 5680917 928673250 5680917 977219549
32 0 48276674 5680917 929049651 5680917 977326325
33 0 48010272 5680917 929426699 5680917 977436971
34 0 47697407 5680917 929842210 5680917 977539617
35 0 47262082 5680917 930398051 5680917 977660133
36 0 46980588 5680917 930789766 5680917 977770354
37 0 46672538 5680917 931191240 5680917 977863778
38 0 46394524 5680917 931585863 5680917 977980387
39 0 46114548 5680917 931961059 5680917 978075607
40 0 45841757 5680917 932353200 5680917 978194957
41 0 45552836 5680917 932735212 5680917 978288048
42 0 45289934 5680917 933106223 5680917 978396157
43 0 44997402 5680917 933507568 5680917 978504970
44 0 44710852 5680917 933886764 5680917 978597616
45 0 44464134 5680917 934265442 5680917 978729576
46 0 44165621 5680917 934657417 5680917 978823038
47 0 43879053 5680917 935054668 5680917 978933721
48 0 43592836 5680917 935434624 5680917 979027460
49 0 43295564 5680917 935839357 5680917 979134921
50 0 43043123 5680917 936215999 5680917 979259122
51 0 42773684 5680917 936595584 5680917 979369268
52 0 42498152 5680917 936986836 5680917 979484988
53 0 42221472 5680917 937361218 5680917 979582690
54 0 41952551 5680917 937740359 5680917 979692910
55 0 41612983 5680917 938189573 5680917 979802556
56 0 41323581 5680917 938572529 5680917 979896110
57 0 41081289 5680917 938973429 5680917 980054718
58 0 40782833 5680917 939374995 5680917 980157828
59 0 40521764 5680917 939746062 5680917 980267826
60 0 40201696 5680917 940159295 5680917 980360991
61 0 39915626 5680917 940554881 5680917 980470507
62 0 39654575 5680917 940926152 5680917 980580727
63 0 39344489 5680917 941340681 5680917 980685170
64 0 39064679 5680917 941737470 5680917 980802149
1 0 44060975 5680924 746951801 5680924 791012776
2 0 43153251 5680924 747939690 5680924 791092941
3 0 42881034 5680924 748297646 5680924 791178680
4 0 42666075 5680924 748592697 5680924 791258772
5 0 42444968 5680924 748912857 5680924 791357825
6 0 42226731 5680924 749203556 5680924 791430287
7 0 42025495 5680924 749490346 5680924 791515841
8 0 41823517 5680924 749777063 5680924 791600580
9 0 41535096 5680924 750136853 5680924 791671949
10 0 41315823 5680924 750453069 5680924 791768892
11 0 41103179 5680924 750739619 5680924 791842798
12 0 40882830 5680924 751041966 5680924 791924796
13 0 40666371 5680924 751328794 5680924 791995165
14 0 40468819 5680924 751617696 5680924 792086515
15 0 40256954 5680924 751914412 5680924 792171366
16 0 40048438 5680924 752202148 5680924 792250586
17 0 39846090 5680924 752488513 5680924 792334603
18 0 39616132 5680924 752791192 5680924 792407324
19 0 39397302 5680924 753095724 5680924 792493026
20 0 39177159 5680924 753389329 5680924 792566488
21 0 38957644 5680924 753692713 5680924 792650357
22 0 38668131 5680924 754072965 5680924 792741096
23 0 38451116 5680924 754360478 5680924 792811594
24 0 38233454 5680924 754660306 5680924 792893760
25 0 38019421 5680924 754950671 5680924 792970092
26 0 37810961 5680924 755242073 5680924 793053034
27 0 37589021 5680924 755535734 5680924 793124755
28 0 37399192 5680924 755814747 5680924 793213939
29 0 37193585 5680924 756102649 5680924 793296234
30 0 36984922 5680924 756396829 5680924 793381751
31 0 36780314 5680924 756690953 5680924 793471267
32 0 36579263 5680924 756973281 5680924 793552544
33 0 36379267 5680924 757256220 5680924 793635487
34 0 36151177 5680924 757568826 5680924 793720003
35 0 35951941 5680924 757853061 5680924 793805002
36 0 35749278 5680924 758139389 5680924 793888667
37 0 35517968 5680924 758441161 5680924 793959129
38 0 35309749 5680924 758736730 5680924 794046479
39 0 35101272 5680924 759017465 5680924 794118737
40 0 34890368 5680924 759317589 5680924 794207957
41 0 34675595 5680924 759603991 5680924 794279586
42 0 34485839 5680924 759880819 5680924 794366658
43 0 34210955 5680924 760242183 5680924 794453138
44 0 33990940 5680924 760533363 5680924 794524303
45 0 33803222 5680924 760813154 5680924 794616376
46 0 33577763 5680924 761110334 5680924 794688097
47 0 33375582 5680924 761395180 5680924 794770762
48 0 33163233 5680924 761679879 5680924 794843112
49 0 32940904 5680924 761985521 5680924 794926425
50 0 32750222 5680924 762268905 5680924 795019127
51 0 32541542 5680924 762562436 5680924 795103978
52 0 32343027 5680924 762851097 5680924 795194124
53 0 32133178 5680924 763134500 5680924 795267678
54 0 31943090 5680924 763419124 5680924 795362214
55 0 31684187 5680924 763761618 5680924 795445805
56 0 31467247 5680924 764051371 5680924 795518618
57 0 31258806 5680924 764350292 5680924 795609098
58 0 31016459 5680924 764665582 5680924 795682041
59 0 30815296 5680924 764950836 5680924 795766132
60 0 30605634 5680924 765233497 5680924 795839131
61 0 30398804 5680924 765523714 5680924 795922518
62 0 30199696 5680924 765808394 5680924 796008090
63 0 29969256 5680924 766124314 5680924 796093570
64 0 29763945 5680924 766422846 5680924 796186791
1 0 44678778 5680931 557609771 5680931 602288549
2 0 43756017 5680931 558612160 5680931 602368177
3 0 43488430 5680931 558965542 5680931 602453972
4 0 43273712 5680931 559259870 5680931 602533582
5 0 43040587 5680931 559580271 5680931 602620858
6 0 42819702 5680931 559873969 5680931 602693671
7 0 42513911 5680931 560261999 5680931 602775910
8 0 42283879 5680931 560574308 5680931 602858187
9 0 42068883 5680931 560862284 5680931 602931167
10 0 41861035 5680931 561164945 5680931 603025980
11 0 41637761 5680931 561462588 5680931 603100349
12 0 41426006 5680931 561769230 5680931 603195236
13 0 41211510 5680931 562056484 5680931 603267994
14 0 41011106 5680931 562348553 5680931 603359659
15 0 40798962 5680931 562644362 5680931 603443324
16 0 40598188 5680931 562924801 5680931 603522989
17 0 40398191 5680931 563211259 5680931 603609450
18 0 40164307 5680931 563515383 5680931 603679690
19 0 39943403 5680931 563820933 5680931 603764336
20 0 39718445 5680931 564118501 5680931 603836946
21 0 39507690 5680931 564412977 5680931 603920667
22 0 39222047 5680931 564789174 5680931 604011221
23 0 39004643 5680931 565076947 5680931 604081590
24 0 38778889 5680931 565385644 5680931 604164533
25 0 38560485 5680931 565680843 5680931 604241328
26 0 38350248 5680931 565973930 5680931 604324178
27 0 38128845 5680931 566266702 5680931 604395547
28 0 37937608 5680931 566546197 5680931 604483805
29 0 37735945 5680931 566832673 5680931 604568618
30 0 37514634 5680931 567124316 5680931 604638950
31 0 37309971 5680931 567417366 5680931 604727337
32 0 37109789 5680931 567699398 5680931 604809187
33 0 36905312 5680931 567985133 5680931 604890445
34 0 36673779 5680931 568293572 5680931 604967351
35 0 36477876 5680931 568578122 5680931 605055998
36 0 36275842 5680931 568863524 5680931 605139366
37 0 36058180 5680931 569166833 5680931 605225013
38 0 35835832 5680931 569475531 5680931 605311363
39 0 35624743 5680931 569758211 5680931 605382954
40 0 35334527 5680931 570140278 5680931 605474805
41 0 35107846 5680931 570438661 5680931 605546507
42 0 34909812 5680931 570720230 5680931 605630042
43 0 34687169 5680931 571025576 5680931 605712745
44 0 34468487 5680931 571316275 5680931 605784762
45 0 34279268 5680931 571596177 5680931 605875445
46 0 34053143 5680931 571895801 5680931 605948944
47 0 33848924 5680931 572187166 5680931 606036090
48 0 33628558 5680931 572479383 5680931 606107941
49 0 33405525 5680931 572784488 5680931 606190013
50 0 33210659 5680931 573071260 5680931 606281919
51 0 33003885 5680931 573360922 5680931 606364807
52 0 32796185 5680931 573657787 5680931 606453972
53 0 32576763 5680931 573947874 5680931 606524637
54 0 32341101 5680931 574266331 5680931 606607432
55 0 32110716 5680931 574581584 5680931 606692300
56 0 31415489 5680931 575347792 5680931 606763281
57 0 31188437 5680931 575665675 5680931 606854112
58 0 30966293 5680931 575959281 5680931 606925574
59 0 30772056 5680931 576236757 5680931 607008813
60 0 30561801 5680931 576520122 5680931 607081923
61 0 30361471 5680931 576813080 5680931 607174551
62 0 30167159 5680931 577092260 5680931 607259419
63 0 29928886 5680931 577410254 5680931 607339140
64 0 29719391 5680931 577708081 5680931 607427472
1 0 32463302 5680938 352493164 5680938 384956466
2 0 31770964 5680938 353240390 5680938 385011354
3 0 31591004 5680938 353479886 5680938 385070890
4 0 31402951 5680938 353723789 5680938 385126740
5 0 31233918 5680938 353952192 5680938 385186110
6 0 31077328 5680938 354158707 5680938 385236035
7 0 30930016 5680938 354364758 5680938 385294774
8 0 30788871 5680938 354564643 5680938 385353514
9 0 30635707 5680938 354766899 5680938 385402606
10 0 30492413 5680938 354975673 5680938 385468086
11 0 30339250 5680938 355179650 5680938 385518900
12 0 30200159 5680938 355377295 5680938 385577454
13 0 30061236 5680938 355567014 5680938 385628250
14 0 29933165 5680938 355759269 5680938 385692434
15 0 29793759 5680938 355956155 5680938 385749914
16 0 29654670 5680938 356147373 5680938 385802043
17 0 29516912 5680938 356341833 5680938 385858745
18 0 29356972 5680938 356550569 5680938 385907541
19 0 29211159 5680938 356753603 5680938 385964762
20 0 29059162 5680938 356954895 5680938 386014057
21 0 28920369 5680938 357152780 5680938 386073149
22 0 28716335 5680938 357418757 5680938 386135092
23 0 28576652 5680938 357609587 5680938 386186239
24 0 28427248 5680938 357816805 5680938 386244053
25 0 28299584 5680938 358010005 5680938 386309589
26 0 28165809 5680938 358202427 5680938 386368236
27 0 28020977 5680938 358398424 5680938 386419401
28 0 27893351 5680938 358588605 5680938 386481956
29 0 27759650 5680938 358780157 5680938 386539807
30 0 27602782 5680938 358985820 5680938 386588602
31 0 27470932 5680938 359178965 5680938 386649897
32 0 27332528 5680938 359375276 5680938 386707804
33 0 27201474 5680938 359563717 5680938 386765191
34 0 27042125 5680938 359777176 5680938 386819301
35 0 26911813 5680938 359969172 5680938 386880985
36 0 26674836 5680938 360264185 5680938 386939021
37 0 26502024 5680938 360486311 5680938 386988335
38 0 26366120 5680938 360682659 5680938 387048779
39 0 26228344 5680938 360871730 5680938 387100074
40 0 26091013 5680938 361071578 5680938 387162591
41 0 25945738 5680938 361266778 5680938 387212516
42 0 25815945 5680938 361454700 5680938 387270645
43 0 25662726 5680938 361665770 5680938 387328496
44 0 25518302 5680938 361859119 5680938 387377421
45 0 25390638 5680938 362047930 5680938 387438568
46 0 25238529 5680938 362250204 5680938 387488733
47 0 25101255 5680938 362444348 5680938 387545603
48 0 24964386 5680938 362638771 5680938 387603157
49 0 24816537 5680938 362846878 5680938 387663415
50 0 24679281 5680938 363049059 5680938 387728340
51 0 24545506 5680938 363239963 5680938 387785469
52 0 24392656 5680938 363453200 5680938 387845856
53 0 24251345 5680938 363644122 5680938 387895467
54 0 24117310 5680938 363837600 5680938 387954910
55 0 23963276 5680938 364048837 5680938 388012113
56 0 23815760 5680938 364246796 5680938 388062556
57 0 23685781 5680938 364439274 5680938 388125055
58 0 23535950 5680938 364637474 5680938 388173424
59 0 23403731 5680938 364827711 5680938 388231442
60 0 23260826 5680938 365019726 5680938 388280552
61 0 23117384 5680938 365222130 5680938 388339514
62 0 22964350 5680938 365434311 5680938 388398661
63 0 22783502 5680938 365671010 5680938 388454512
64 0 22633652 5680938 365882655 5680938 388516307
1 0 47751610 5680945 147277131 5680945 195028741
2 0 46836627 5680945 148271631 5680945 195108258
3 0 46565113 5680945 148630273 5680945 195195386
4 0 46353265 5680945 148927823 5680945 195281088
5 0 46119862 5680945 149245965 5680945 195365827
6 0 45896089 5680945 149542700 5680945 195438789
7 0 45685519 5680945 149836250 5680945 195521769
8 0 45314619 5680945 150292223 5680945 195606842
9 0 45082271 5680945 150597440 5680945 195679711
10 0 44866997 5680945 150907934 5680945 195774931
11 0 44651630 5680945 151196040 5680945 195847670
12 0 44428227 5680945 151502127 5680945 195930354
13 0 44214157 5680945 151788325 5680945 196002482
14 0 44013161 5680945 152081097 5680945 196094258
15 0 43797443 5680945 152379721 5680945 196177164
16 0 43588577 5680945 152666938 5680945 196255515
17 0 43380488 5680945 152959007 5680945 196339495
18 0 43135474 5680945 153276427 5680945 196411901
19 0 42925737 5680945 153583014 5680945 196508751
20 0 42703981 5680945 153878231 5680945 196582212
21 0 42494134 5680945 154173910 5680945 196668044
22 0 42215232 5680945 154543366 5680945 196758598
23 0 42003921 5680945 154826009 5680945 196829930
24 0 41785554 5680945 155126448 5680945 196912002
25 0 41572781 5680945 155417461 5680945 196990242
26 0 41360285 5680945 155711900 5680945 197072185
27 0 41135511 5680945 156007450 5680945 197142961
28 0 40944182 5680945 156288463 5680945 197232645
29 0 40743925 5680945 156573477 5680945 197317402
30 0 40521930 5680945 156867045 5680945 197388975
31 0 40317692 5680945 157160966 5680945 197478658
32 0 40119974 5680945 157440701 5680945 197560675
33 0 39918664 5680945 157725751 5680945 197644415
34 0 39685483 5680945 158036671 5680945 197722154
35 0 39487801 5680945 158321129 5680945 197808930
36 0 39287360 5680945 158605457 5680945 197892817
37 0 39050698 5680945 158912692 5680945 197963390
38 0 38840758 5680945 159210353 5680945 198051111
39 0 38628928 5680945 159495404 5680945 198124332
40 0 38415784 5680945 159797916 5680945 198213700
41 0 38152178 5680945 160132021 5680945 198284199
42 0 37950977 5680945 160418146 5680945 198369123
43 0 37741685 5680945 160723492 5680945 198465177
44 0 37523560 5680945 161013616 5680945 198537176
45 0 37333730 5680945 161292370 5680945 198626100
46 0 37094012 5680945 161604364 5680945 198698376
47 0 36891516 5680945 161889766 5680945 198781282
48 0 36677298 5680945 162178520 5680945 198855818
49 0 36453709 5680945 162484552 5680945 198938261
50 0 36259158 5680945 162772694 5680945 199031852
51 0 36054698 5680945 163061874 5680945 199116572
52 0 35839480 5680945 163366017 5680945 199205497
53 0 35624336 5680945 163653104 5680945 199277440
54 0 35380581 5680945 163979524 5680945 199360105
55 0 35145419 5680945 164299629 5680945 199445048
56 0 34928608 5680945 164586383 5680945 199514991
57 0 34713353 5680945 164892044 5680945 199605397
58 0 34483728 5680945 165192612 5680945 199676340
59 0 34288361 5680945 165470940 5680945 199759301
60 0 34076254 5680945 165753972 5680945 199830226
61 0 33872313 5680945 166047911 5680945 199920224
62 0 34124364 5680945 166332313 5680945 200456677
63 0 33912849 5680945 166646085 5680945 200558934
64 0 33710594 5680945 166944542 5680945 200655136
1 0 44111586 5680951 947531792 5680951 991643378
2 0 43197436 5680951 948526255 5680951 991723691
3 0 42928829 5680951 948881823 5680951 991810652
4 0 42714926 5680951 949178836 5680951 991893762
5 0 42477635 5680951 949500959 5680951 991978594
6 0 42257916 5680951 949792750 5680951 992050666
7 0 41936959 5680951 950198280 5680951 992135239
8 0 41719556 5680951 950499922 5680951 992219478
9 0 41504634 5680951 950785787 5680951 992290421
10 0 41299360 5680951 951088782 5680951 992388142
11 0 41085771 5680951 951374665 5680951 992460436
12 0 40863016 5680951 951679382 5680951 992542398
13 0 40648705 5680951 951966562 5680951 992615267
14 0 40453265 5680951 952254519 5680951 992707784
15 0 40240750 5680951 952551569 5680951 992792319
16 0 40035068 5680951 952836027 5680951 992871095
17 0 39831498 5680951 953123244 5680951 992954742
18 0 39600169 5680951 953426720 5680951 993026889
19 0 39376877 5680951 953733510 5680951 993110387
20 0 39153492 5680951 954030375 5680951 993183867
21 0 38935145 5680951 954332073 5680951 993267218
22 0 38654483 5680951 954702548 5680951 993357031
23 0 38433543 5680951 954993820 5680951 993427363
24 0 38211324 5680951 955311333 5680951 993522657
25 0 37993385 5680951 955607438 5680951 993600823
26 0 37783648 5680951 955902803 5680951 993686451
27 0 37558615 5680951 956199427 5680951 993758042
28 0 37362878 5680951 956484681 5680951 993847559
29 0 37158029 5680951 956771639 5680951 993929668
30 0 36938182 5680951 957063022 5680951 994001204
31 0 36735038 5680951 957355350 5680951 994090388
32 0 36530300 5680951 957642808 5680951 994173108
33 0 36329082 5680951 957927636 5680951 994256718
34 0 36104642 5680951 958238519 5680951 994343161
35 0 35903998 5680951 958525476 5680951 994429474
36 0 35701909 5680951 958811323 5680951 994513232
37 0 35471154 5680951 959117854 5680951 994589008
38 0 35263602 5680951 959415330 5680951 994678932
39 0 35053809 5680951 959696992 5680951 994750801
40 0 34805925 5680951 960035856 5680951 994841781
41 0 34579633 5680951 960335276 5680951 994914909
42 0 34385748 5680951 960613919 5680951 994999667
43 0 34163159 5680951 960920469 5680951 995083628
44 0 33944830 5680951 961210112 5680951 995154942
45 0 33755649 5680951 961488680 5680951 995244329
46 0 33530875 5680951 961786638 5680951 995317513
47 0 33327101 5680951 962076225 5680951 995403326
48 0 33105717 5680951 962369534 5680951 995475251
49 0 32898961 5680951 962674010 5680951 995572971
50 0 32709612 5680951 962957098 5680951 995666710
51 0 32490135 5680951 963262277 5680951 995752412
52 0 32284213 5680951 963557179 5680951 995841392
53 0 32069606 5680951 963844322 5680951 995913928
54 0 31839888 5680951 964157112 5680951 995997000
55 0 31601040 5680951 964480162 5680951 996081202
56 0 31387155 5680951 964766064 5680951 996153219
57 0 31165030 5680951 965079114 5680951 996244144
58 0 30939256 5680951 965378275 5680951 996317531
59 0 30744186 5680951 965658455 5680951 996402641
60 0 30531986 5680951 965944820 5680951 996476806
61 0 30321676 5680951 966239962 5680951 996561638
62 0 30125364 5680951 966521883 5680951 996647247
63 0 29891498 5680951 966835970 5680951 996727468
64 0 29688576 5680951 967133631 5680951 996822207
1 0 44651538 5680958 747435849 5680958 792087387
2 0 43724277 5680958 748442145 5680958 792166422
3 0 43447783 5680958 748803286 5680958 792251069
4 0 43229269 5680958 749102873 5680958 792332142
5 0 42991643 5680958 749424590 5680958 792416233
6 0 42774518 5680958 749715454 5680958 792489972
7 0 42504059 5680958 750071985 5680958 792576044
8 0 42272045 5680958 750388646 5680958 792660691
9 0 42059920 5680958 750677307 5680958 792737227
10 0 41848071 5680958 750980672 5680958 792828743
11 0 41630964 5680958 751269722 5680958 792900686
12 0 41403135 5680958 751580957 5680958 792984092
13 0 41189287 5680958 751867674 5680958 793056961
14 0 40993773 5680958 752157705 5680958 793151478
15 0 40784480 5680958 752453052 5680958 793237532
16 0 40594651 5680958 752734324 5680958 793328975
17 0 40384580 5680958 753026467 5680958 793411047
18 0 40155159 5680958 753328387 5680958 793483546
19 0 39932477 5680958 753636104 5680958 793568581
20 0 39710612 5680958 753930394 5680958 793641006
21 0 39499930 5680958 754226130 5680958 793726060
22 0 39217306 5680958 754598549 5680958 793815855
23 0 39001366 5680958 754885858 5680958 793887224
24 0 38779314 5680958 755189612 5680958 793968926
25 0 38558392 5680958 755486606 5680958 794044998
26 0 38346840 5680958 755781064 5680958 794127904
27 0 38124826 5680958 756074484 5680958 794199310
28 0 37928219 5680958 756360238 5680958 794288457
29 0 37726112 5680958 756650047 5680958 794376159
30 0 37506690 5680958 756945838 5680958 794452528
31 0 37298009 5680958 757240277 5680958 794538286
32 0 37095734 5680958 757523013 5680958 794618747
33 0 36890590 5680958 757812026 5680958 794702616
34 0 36657724 5680958 758123816 5680958 794781540
35 0 36459912 5680958 758411441 5680958 794871353
36 0 36258565 5680958 758696935 5680958 794955500
37 0 36025514 5680958 759002837 5680958 795028351
38 0 35814240 5680958 759302257 5680958 795116497
39 0 35604207 5680958 759585326 5680958 795189533
40 0 35409081 5680958 759883265 5680958 795292346
41 0 35042717 5680958 760322053 5680958 795364770
42 0 34837055 5680958 760614325 5680958 795451380
43 0 34612614 5680958 760925171 5680958 795537785
44 0 34392877 5680958 761217592 5680958 795610469
45 0 34202567 5680958 761499401 5680958 795701968
46 0 33975607 5680958 761799544 5680958 795775151
47 0 33774870 5680958 762085965 5680958 795860835
48 0 33568856 5680958 762375774 5680958 795944630
49 0 33325490 5680958 762691379 5680958 796016869
50 0 33131697 5680958 762978874 5680958 796110571
51 0 32923201 5680958 763276813 5680958 796200014
52 0 32712112 5680958 763576326 5680958 796288438
53 0 32496135 5680958 763864839 5680958 796360974
54 0 32248417 5680958 764197796 5680958 796446213
55 0 32011903 5680958 764520345 5680958 796532248
56 0 31323268 5680958 765281238 5680958 796604506
57 0 31096550 5680958 765601103 5680958 796697653
58 0 30873795 5680958 765896505 5680958 796770300
59 0 30680373 5680958 766176129 5680958 796856502
60 0 30467655 5680958 766460142 5680958 796927797
61 0 30252121 5680958 766759915 5680958 797012036
62 0 30054625 5680958 767041835 5680958 797096460
63 0 29815852 5680958 767361477 5680958 797177329
64 0 29602818 5680958 767662046 5680958 797264864
