1 1 850790883 1726818 296970916 1726820 147761799
2 1 559407018 1726818 670759700 1726820 230166718
3 1 278298085 1726819 28213930 1726820 306512015
4 1 13452631 1726819 372883946 1726820 386336577
1 1 856526865 1726832 518630400 1726834 375157265
2 1 540338092 1726832 912728383 1726834 453066475
3 1 259984977 1726833 273144556 1726834 533129533
4 0 983967463 1726833 633265327 1726834 617232790
1 1 842733040 1726846 689490243 1726848 532223283
2 1 559953694 1726847 52730824 1726848 612684518
3 1 262472707 1726847 430731767 1726848 693204474
4 0 980457679 1726847 787472456 1726848 767930135
1 1 874332408 1726860 618380264 1726862 492712672
2 1 551424692 1726861 26316145 1726862 577740837
3 1 276975333 1726861 376809103 1726862 653784436
4 1 3899502 1726861 729068490 1726862 732967992
1 1 833717031 1726874 872947078 1726876 706664109
2 1 534923383 1726875 247993727 1726876 782917110
3 1 248693308 1726875 609073924 1726876 857767232
4 0 973791901 1726875 960936153 1726876 934728054
1 1 830937232 1726888 767174998 1726890 598112230
2 1 545115242 1726889 132310246 1726890 677425488
3 1 269535681 1726889 490146988 1726890 759682669
4 0 994501055 1726889 842804886 1726890 837305941
1 1 844699985 1726902 708408099 1726904 553108084
2 1 564044855 1726903 77879153 1726904 641924008
3 1 279044757 1726903 442359043 1726904 721403800
4 1 3609452 1726903 797508856 1726904 801118308
1 1 833158615 1726916 665580005 1726918 498738620
2 1 535047307 1726917 36623157 1726918 571670464
3 1 263856662 1726917 392422216 1726918 656278878
4 0 993848290 1726917 743476071 1726918 737324361
1 1 847321804 1726930 574785120 1726932 422106924
2 1 548303366 1726930 959070200 1726932 507373566
3 1 274561269 1726931 309769211 1726932 584330480
4 1 2038853 1726931 661637291 1726932 663676144
1 1 805098827 1726944 854258608 1726946 659357435
2 1 526627879 1726945 208615658 1726946 735243537
3 1 251799285 1726945 563271499 1726946 815070784
4 0 975311724 1726945 919972652 1726946 895284376
