1 8 724422551 1727318 518913249 1727327 243335800
2 8 413671914 1727318 905278530 1727327 318950444
3 8 127689722 1727319 275309814 1727327 402999536
4 7 855642647 1727319 630604181 1727327 486246828
5 7 575313457 1727319 985125580 1727327 560439037
6 7 293989859 1727320 348857598 1727327 642847457
7 7 20599904 1727320 709972647 1727327 730572551
8 6 744869846 1727321 59169020 1727327 804038866
9 6 476136189 1727321 415992746 1727327 892128935
10 6 203476238 1727321 769827159 1727327 973303397
11 5 929123061 1727322 133119111 1727328 62242172
12 5 651670259 1727322 487911468 1727328 139581727
13 5 369750044 1727322 852840906 1727328 222590950
14 5 98025575 1727323 211570465 1727328 309596040
15 4 817929157 1727323 569615648 1727328 387544805
16 4 510436159 1727323 950585850 1727328 461022009
1 8 615915103 1727361 211150198 1727369 827065301
2 8 333141255 1727361 575064601 1727369 908205856
3 8 52910414 1727361 928214453 1727369 981124867
4 7 780627845 1727362 280491952 1727370 61119797
5 7 488759452 1727362 648775529 1727370 137534981
6 7 218026463 1727363 4249633 1727370 222276096
7 6 943396810 1727363 356384431 1727370 299781241
8 6 649622047 1727363 727445028 1727370 377067075
9 6 376120834 1727364 81850671 1727370 457971505
10 6 100000858 1727364 430491666 1727370 530492524
11 5 829068151 1727364 786682237 1727370 615750388
12 5 558136723 1727365 136359490 1727370 694496213
13 5 276219729 1727365 494042458 1727370 770262187
14 5 7840899 1727365 843256109 1727370 851097008
15 4 728178361 1727366 205129070 1727370 933307431
16 4 439253967 1727366 574257371 1727371 13511338
1 8 551133397 1727403 302250002 1727411 853383399
2 8 285008283 1727403 651683130 1727411 936691413
3 8 6377466 1727404 7753370 1727412 14130836
4 7 722520399 1727404 367281525 1727412 89801924
5 7 452451398 1727404 717006332 1727412 169457730
6 7 191773307 1727405 60800607 1727412 252573914
7 6 907289511 1727405 415017661 1727412 322307172
8 6 652701876 1727405 759457960 1727412 412159836
9 6 374635568 1727406 116220001 1727412 490855569
10 6 95895994 1727406 471340149 1727412 567236143
11 5 815503026 1727406 824232247 1727412 639735273
12 5 541036111 1727407 175866554 1727412 716902665
13 5 268691431 1727407 522630605 1727412 791322036
14 4 982179379 1727407 894047491 1727412 876226870
15 4 698265591 1727408 252563480 1727412 950829071
16 4 421311686 1727408 608315801 1727413 29627487
1 8 549045087 1727445 399250067 1727453 948295154
2 8 262613978 1727445 762067361 1727454 24681339
3 7 984519854 1727446 116749184 1727454 101269038
4 7 721814970 1727446 466322365 1727454 188137335
5 7 445937321 1727446 817457905 1727454 263395226
6 7 171649624 1727447 168191230 1727454 339840854
7 6 885499065 1727447 536785838 1727454 422284903
8 6 596735075 1727447 906082766 1727454 502817841
9 6 322360879 1727448 257047994 1727454 579408873
10 6 50719945 1727448 606803672 1727454 657523617
11 5 767766083 1727448 961842487 1727454 729608570
12 5 501196032 1727449 309882161 1727454 811078193
13 5 234231563 1727449 662102791 1727454 896334354
14 4 951284960 1727450 19198511 1727454 970483471
15 4 671734846 1727450 372646932 1727455 44381778
16 4 389730466 1727450 729834520 1727455 119564986
1 8 541576011 1727487 887503584 1727496 429079595
2 8 243208244 1727488 268661615 1727496 511869859
3 7 970872972 1727488 620656990 1727496 591529962
4 7 670201490 1727488 992862602 1727496 663064092
5 7 392600116 1727489 347922640 1727496 740522756
6 7 123273176 1727489 699322544 1727496 822595720
7 6 849127068 1727490 47218110 1727496 896345178
8 6 578897273 1727490 402841248 1727496 981738521
9 6 294189797 1727490 758826860 1727497 53016657
10 6 37790438 1727491 103648337 1727497 141438775
11 5 757668242 1727491 454966336 1727497 212634578
12 5 471706383 1727491 821753164 1727497 293459547
13 5 194660591 1727492 176121697 1727497 370782288
14 4 918231843 1727492 526713025 1727497 444944868
15 4 642684744 1727492 880389256 1727497 523074000
16 4 348825445 1727493 250733812 1727497 599559257
1 8 565400365 1727529 957333056 1727538 522733421
2 8 268564197 1727530 334172764 1727538 602736961
3 7 991574071 1727530 691171986 1727538 682746057
4 7 723994651 1727531 33710359 1727538 757705010
5 7 443057657 1727531 392691876 1727538 835749533
6 7 160979944 1727531 747727118 1727538 908707062
7 6 882165964 1727532 102531346 1727538 984697310
8 6 606765067 1727532 452106212 1727539 58871279
9 6 328333876 1727532 811626274 1727539 139960150
10 6 60261243 1727533 157870446 1727539 218131689
11 5 792517364 1727533 501011844 1727539 293529208
12 5 521000038 1727533 849509991 1727539 370510029
13 5 236163897 1727534 208395936 1727539 444559833
14 4 967822140 1727534 554032101 1727539 521854241
15 4 659474049 1727534 933256262 1727539 592730311
16 4 372874238 1727535 297977631 1727539 670851869
1 8 541958246 1727572 139290636 1727580 681248882
2 8 270349330 1727572 485385755 1727580 755735085
3 7 978625267 1727572 853410041 1727580 832035308
4 7 704572381 1727573 203352159 1727580 907924540
5 7 433939649 1727573 549862511 1727580 983802160
6 7 168798775 1727573 898650874 1727581 67449649
7 6 894973661 1727574 246649160 1727581 141622821
8 6 621077641 1727574 600932231 1727581 222009872
9 6 336822786 1727574 958898453 1727581 295721239
10 6 62636957 1727575 318935116 1727581 381572073
11 5 782495540 1727575 670205894 1727581 452701434
12 5 508055882 1727576 24553131 1727581 532609013
13 5 235153307 1727576 381494113 1727581 616647420
14 4 961428099 1727576 730573915 1727581 692002014
15 4 687090587 1727577 78973027 1727581 766063614
16 4 429029279 1727577 427928868 1727581 856958147
1 8 628278387 1727614 836785051 1727623 465063438
2 8 340075701 1727615 208285325 1727623 548361026
3 8 52075362 1727615 575751159 1727623 627826521
4 7 769319014 1727615 937477253 1727623 706796267
5 7 492376665 1727616 294742877 1727623 787119542
6 7 230145919 1727616 636547709 1727623 866693628
7 6 951255496 1727616 992477119 1727623 943732615
8 6 667806810 1727617 354699184 1727624 22505994
9 6 397617589 1727617 704766226 1727624 102383815
10 6 118195787 1727618 61739931 1727624 179935718
11 5 845482207 1727618 423790981 1727624 269273188
12 5 565658210 1727618 783319691 1727624 348977901
13 5 292551620 1727619 131898317 1727624 424449937
14 5 19242125 1727619 483317074 1727624 502559199
15 4 742509069 1727619 843374181 1727624 585883250
16 4 479679445 1727620 193142303 1727624 672821748
1 8 570845577 1727657 318409065 1727665 889254642
2 8 264473780 1727657 698215474 1727665 962689254
3 7 972393705 1727658 66412757 1727666 38806462
4 7 690064756 1727658 421824418 1727666 111889174
5 7 409461330 1727658 782862210 1727666 192323540
6 7 132017045 1727659 131919846 1727666 263936891
7 6 848304568 1727659 494182114 1727666 342486682
8 6 588911545 1727659 837834447 1727666 426745992
9 6 317957412 1727660 186390037 1727666 504347449
10 6 33622539 1727660 548860302 1727666 582482841
11 5 752926152 1727660 905413773 1727666 658339925
12 5 490971437 1727661 254627184 1727666 745598621
13 5 220937102 1727661 597542827 1727666 818479929
14 4 931132243 1727661 967958956 1727666 899091199
15 4 655649273 1727662 322814627 1727666 978463900
16 4 383503071 1727662 669436773 1727667 52939844
1 8 612237644 1727699 607349396 1727708 219587040
2 8 326623556 1727699 971999969 1727708 298623525
3 8 51700260 1727700 322105066 1727708 373805326
4 7 794599228 1727700 665237447 1727708 459836675
5 7 487931085 1727701 42287169 1727708 530218254
6 7 202035613 1727701 404938652 1727708 606974265
7 6 926475089 1727701 755704847 1727708 682179936
8 6 655575844 1727702 104985145 1727708 760560989
9 6 355676181 1727702 478959575 1727708 834635756
10 6 86890543 1727702 826548554 1727708 913439097
11 5 811518219 1727703 180182082 1727708 991700301
12 5 540608956 1727703 525416737 1727709 66025693
13 5 267437811 1727703 881463070 1727709 148900881
14 4 986693147 1727704 235701364 1727709 222394511
15 4 704200942 1727704 602039813 1727709 306240755
16 4 418677482 1727704 961005793 1727709 379683275
