1 34 237093749 1728574 226442755 1728608 463536504
2 33 974923631 1728574 574520873 1728608 549444504
3 33 711833531 1728574 921103631 1728608 632937162
4 33 438264135 1728575 273410556 1728608 711674691
5 33 153688526 1728575 633612383 1728608 787300909
6 32 880637786 1728575 992068318 1728608 872706104
7 32 589206143 1728576 366496184 1728608 955702327
8 32 322226285 1728576 716102383 1728609 38328668
9 32 56997560 1728577 62311352 1728609 119308912
10 31 780807122 1728577 411719074 1728609 192526196
11 31 509452423 1728577 762035685 1728609 271488108
12 31 230595462 1728578 118574639 1728609 349170101
13 30 954361043 1728578 468776883 1728609 423137926
14 30 684579221 1728578 817510432 1728609 502089653
15 30 404440007 1728579 169082575 1728609 573522582
16 30 123392349 1728579 531494618 1728609 654886967
17 29 857861093 1728579 877482258 1728609 735343351
18 29 585438081 1728580 232879864 1728609 818317945
19 29 298044453 1728580 596597826 1728609 894642279
20 29 29415719 1728580 939747244 1728609 969162963
21 28 773396964 1728581 286557997 1728610 59954961
22 28 492059329 1728581 646505903 1728610 138565232
23 28 207440146 1728582 8048149 1728610 215488295
24 27 932682995 1728582 362538494 1728610 295221489
25 27 655279692 1728582 718123355 1728610 373403047
26 27 385327854 1728583 68424523 1728610 453752377
27 27 124057756 1728583 412217020 1728610 536274776
28 26 858133063 1728583 764514815 1728610 622647878
29 26 573221108 1728584 125547701 1728610 698768809
30 26 312388316 1728584 466950726 1728610 779339042
31 26 21663957 1728584 833220768 1728610 854884725
32 25 755863428 1728585 182808042 1728610 938671470
33 25 448852069 1728585 564191199 1728611 13043268
34 25 174965808 1728585 921035869 1728611 96001677
35 24 901843791 1728586 267031213 1728611 168875004
36 24 630022880 1728586 622577463 1728611 252600343
37 24 363894338 1728586 976394859 1728611 340289197
38 24 78341045 1728587 340091692 1728611 418432737
39 23 799019111 1728587 704223351 1728611 503242462
40 23 512765054 1728588 70625835 1728611 583390889
41 23 215285546 1728588 438831174 1728611 654116720
42 22 929768104 1728588 802409065 1728611 732177169
43 22 653606424 1728589 157310606 1728611 810917030
44 22 384222798 1728589 507686217 1728611 891909015
45 22 111997339 1728589 855202845 1728611 967200184
46 21 834079786 1728590 214127308 1728612 48207094
47 21 547711748 1728590 573952254 1728612 121664002
48 21 257956277 1728590 939553661 1728612 197509938
49 20 993392612 1728591 285084144 1728612 278476756
50 20 722508793 1728591 641806298 1728612 364315091
51 20 445842327 1728591 994702470 1728612 440544797
52 20 164311826 1728592 360681481 1728612 524993307
53 19 884939708 1728592 713965017 1728612 598904725
54 19 616619376 1728593 57789236 1728612 674408612
55 19 350642944 1728593 410882627 1728612 761525571
56 19 76326858 1728593 763608580 1728612 839935438
57 18 788607977 1728594 132261299 1728612 920869276
58 18 503840519 1728594 496078834 1728612 999919353
59 18 236765034 1728594 846198190 1728613 82963224
60 17 959200863 1728595 199991919 1728613 159192782
61 17 685176993 1728595 554739667 1728613 239916660
62 17 412128754 1728595 903411088 1728613 315539842
63 17 118100809 1728596 268608300 1728613 386709109
64 16 847464726 1728596 621677821 1728613 469142547
1 34 474161375 1728919 881067059 1728954 355228434
2 34 207318681 1728920 235408203 1728954 442726884
3 33 931085855 1728920 589770199 1728954 520856054
4 33 657999023 1728920 943166714 1728954 601165737
5 33 379747902 1728921 301373469 1728954 681121371
6 33 114577268 1728921 651851707 1728954 766428975
7 32 844934907 1728921 999484092 1728954 844418999
8 32 570861983 1728922 358320335 1728954 929182318
9 32 298067960 1728922 701471974 1728954 999539934
10 32 23863483 1728923 59348402 1728955 83211885
11 31 751188847 1728923 416271237 1728955 167460084
12 31 484986585 1728923 769026320 1728955 254012905
13 31 204372270 1728924 123790475 1728955 328162745
14 30 924860062 1728924 482931971 1728955 407792033
15 30 654078648 1728924 838671570 1728955 492750218
16 30 372994509 1728925 197620310 1728955 570614819
17 30 89173626 1728925 561637508 1728955 650811134
18 29 812063854 1728925 920964907 1728955 733028761
19 29 535378461 1728926 281541209 1728955 816919670
20 29 248068646 1728926 650879322 1728955 898947968
21 28 975747281 1728926 998645668 1728955 974392949
22 28 702110163 1728927 359070028 1728956 61180191
23 28 409346325 1728927 732639336 1728956 141985661
24 28 128574771 1728928 93765720 1728956 222340491
25 27 853081912 1728928 448738852 1728956 301820764
26 27 565181959 1728928 810194322 1728956 375376281
27 27 270869725 1728929 189081786 1728956 459951511
28 27 1839314 1728929 537244365 1728956 539083679
29 26 704950684 1728929 912148389 1728956 617099073
30 26 416736646 1728930 275676226 1728956 692412872
31 26 135203312 1728930 634319379 1728956 769522691
32 25 868599650 1728930 985710877 1728956 854310527
33 25 592012775 1728931 342413198 1728956 934425973
34 25 306965008 1728931 700876448 1728957 7841456
35 25 28086677 1728932 62684263 1728957 90770940
36 24 738834492 1728932 429608867 1728957 168443359
37 24 470032485 1728932 780625557 1728957 250658042
38 24 202232717 1728933 127309943 1728957 329542660
39 23 911102902 1728933 495084790 1728957 406187692
40 23 643376874 1728933 842876450 1728957 486253324
41 23 372288873 1728934 192287468 1728957 564576341
42 23 113053050 1728934 538278831 1728957 651331881
43 22 837045441 1728934 892154503 1728957 729199944
44 22 552006045 1728935 254235793 1728957 806241838
45 22 267642932 1728935 616462322 1728957 884105254
46 21 990268442 1728935 978757164 1728957 969025606
47 21 710560331 1728936 338062361 1728958 48622692
48 21 440525625 1728936 701741917 1728958 142267542
49 21 156687595 1728937 62863522 1728958 219551117
50 20 876218146 1728937 422664487 1728958 298882633
51 20 593915401 1728937 775865561 1728958 369780962
52 20 316004830 1728938 132296257 1728958 448301087
53 20 44798943 1728938 487333851 1728958 532132794
54 19 777907286 1728938 838883013 1728958 616790299
55 19 492721652 1728939 201138875 1728958 693860527
56 19 221428415 1728939 557364964 1728958 778793379
57 18 948280695 1728939 907625410 1728958 855906105
58 18 670670043 1728940 266582206 1728958 937252249
59 18 361121975 1728940 657490863 1728959 18612838
60 18 97622531 1728941 10254038 1728959 107876569
61 17 818473779 1728941 367636254 1728959 186110033
62 17 534331514 1728941 723398333 1728959 257729847
63 17 249219304 1728942 91221031 1728959 340440335
64 16 976394281 1728942 452655446 1728959 429049727
1 33 945414893 1729265 903560838 1729299 848975731
2 33 661202925 1729266 271591680 1729299 932794605
3 33 383428906 1729266 627167504 1729300 10596410
4 33 116288070 1729266 979797923 1729300 96085993
5 32 845426269 1729267 323307092 1729300 168733361
6 32 561651441 1729267 685691284 1729300 247342725
7 32 297724320 1729268 32126175 1729300 329850495
8 32 3783688 1729268 396863396 1729300 400647084
9 31 749803967 1729268 732225890 1729300 482029857
10 31 476724228 1729269 79367230 1729300 556091458
11 31 215093914 1729269 428162519 1729300 643256433
12 30 938904680 1729269 780521757 1729300 719426437
13 30 674849154 1729270 121326572 1729300 796175726
14 30 396104655 1729270 475849620 1729300 871954275
15 30 125502718 1729270 824890072 1729300 950392790
16 29 853169613 1729271 175191035 1729301 28360648
17 29 583168165 1729271 522586870 1729301 105755035
18 29 305668289 1729271 876363859 1729301 182032148
19 29 47008307 1729272 217035195 1729301 264043502
20 28 775454593 1729272 562621028 1729301 338075621
21 28 512469343 1729272 905597115 1729301 418066458
22 28 234328868 1729273 262216123 1729301 496544991
23 27 964284571 1729273 609111930 1729301 573396501
24 27 692003112 1729273 955837537 1729301 647840649
25 27 425503281 1729274 307351848 1729301 732855129
26 27 154880772 1729274 662510273 1729301 817391045
27 26 866901877 1729275 26518378 1729301 893420255
28 26 595625862 1729275 377710732 1729301 973336594
29 26 322462625 1729275 729424853 1729302 51887478
30 26 50353625 1729276 79470933 1729302 129824558
31 25 760916980 1729276 445066804 1729302 205983784
32 25 470369895 1729276 810400402 1729302 280770297
33 25 205767398 1729277 160461741 1729302 366229139
34 24 935884745 1729277 502650584 1729302 438535329
35 24 672733072 1729277 846026756 1729302 518759828
36 24 394894814 1729278 198616953 1729302 593511767
37 24 122071681 1729278 553554345 1729302 675626026
38 23 852876995 1729278 894763837 1729302 747640832
39 23 592272977 1729279 237716536 1729302 829989513
40 23 316727877 1729279 591399027 1729302 908126904
41 23 34168692 1729279 948139384 1729302 982308076
42 22 751417659 1729280 312932270 1729303 64349929
43 22 483069272 1729280 659724950 1729303 142794222
44 22 209858554 1729281 8825585 1729303 218684139
45 21 942825289 1729281 353038686 1729303 295863975
46 21 664535744 1729281 712605562 1729303 377141306
47 21 394177766 1729282 59343817 1729303 453521583
48 21 120922049 1729282 408767316 1729303 529689365
49 20 852910396 1729282 755419388 1729303 608329784
50 20 580426441 1729283 110917751 1729303 691344192
51 20 320411078 1729283 449336723 1729303 769747801
52 20 46740035 1729283 801082066 1729303 847822101
53 19 773318728 1729284 150129239 1729303 923447967
54 19 476639650 1729284 529061814 1729304 5701464
55 19 209176931 1729284 868531432 1729304 77708363
56 18 942285239 1729285 219909319 1729304 162194558
57 18 651497917 1729285 589300431 1729304 240798348
58 18 382946163 1729285 935920133 1729304 318866296
59 18 103351532 1729286 303002345 1729304 406353877
60 17 826913931 1729286 652788078 1729304 479702009
61 17 555516289 1729287 5464144 1729304 560980433
62 17 278965339 1729287 361300741 1729304 640266080
63 17 14139736 1729287 703918261 1729304 718057997
64 16 721774740 1729288 73743439 1729304 795518179
1 34 148780652 1729610 637883803 1729644 786664455
2 33 862160935 1729611 9878494 1729644 872039429
3 33 581784077 1729611 372072190 1729644 953856267
4 33 307999759 1729611 722908180 1729645 30907939
5 33 25541164 1729612 81510724 1729645 107051888
6 32 738159461 1729612 445895785 1729645 184055246
7 32 462696380 1729612 801010414 1729645 263706794
8 32 184625940 1729613 155667886 1729645 340293826
9 31 911763030 1729613 501433734 1729645 413196764
10 31 640269519 1729613 848186229 1729645 488455748
11 31 373436973 1729614 195396957 1729645 568833930
12 31 103369990 1729614 545658125 1729645 649028115
13 30 833387301 1729614 895894720 1729645 729282021
14 30 561613222 1729615 242166280 1729645 803779502
15 30 286776572 1729615 607218532 1729645 893995104
16 30 22584586 1729615 950348949 1729645 972933535
17 29 744596775 1729616 301543655 1729646 46140430
18 29 473913970 1729616 646815642 1729646 120729612
19 29 218602960 1729616 992077852 1729646 210680812
20 28 938544208 1729617 347258480 1729646 285802688
21 28 658643583 1729617 705330311 1729646 363973894
22 28 370325417 1729618 66858779 1729646 437184196
23 28 88141446 1729618 429769961 1729646 517911407
24 27 807849087 1729618 784911276 1729646 592760363
25 27 531063678 1729619 134739323 1729646 665803001
26 27 249321385 1729619 495818188 1729646 745139573
27 26 967027732 1729619 855101459 1729646 822129191
28 26 689758481 1729620 211137423 1729646 900895904
29 26 398834624 1729620 583111985 1729646 981946609
30 26 119970053 1729620 941856896 1729647 61826949
31 25 830952567 1729621 307685947 1729647 138638514
32 25 558056676 1729621 662132497 1729647 220189173
33 25 285131693 1729622 6501094 1729647 291632787
34 25 7537448 1729622 368705920 1729647 376243368
35 24 733597077 1729622 718898571 1729647 452495648
36 24 461651649 1729623 75503097 1729647 537154746
37 24 187694464 1729623 423465069 1729647 611159533
38 23 917243450 1729623 775484889 1729647 692728339
39 23 648013710 1729624 120444271 1729647 768457981
40 23 365501265 1729624 482935739 1729647 848437004
41 23 81748973 1729624 835637971 1729647 917386944
42 22 804997065 1729625 200918958 1729648 5916023
43 22 535170781 1729625 552064498 1729648 87235279
44 22 256692072 1729625 912542246 1729648 169234318
45 21 990173316 1729626 261452255 1729648 251625571
46 21 713066562 1729626 609890329 1729648 322956891
47 21 433643538 1729626 962786724 1729648 396430262
48 21 143222283 1729627 336630490 1729648 479852773
49 20 868197007 1729627 694844541 1729648 563041548
50 20 585989575 1729628 54241143 1729648 640230718
51 20 300609277 1729628 414922943 1729648 715532220
52 20 29811957 1729628 768040370 1729648 797852327
53 19 760058708 1729629 112937124 1729648 872995832
54 19 491783783 1729629 457975819 1729648 949759602
55 19 206805330 1729629 818973390 1729649 25778720
56 18 938349778 1729630 175559010 1729649 113908788
57 18 669488105 1729630 524024898 1729649 193513003
58 18 390414926 1729630 884977211 1729649 275392137
59 18 107914258 1729631 241149727 1729649 349063985
60 17 841501722 1729631 591554819 1729649 433056541
61 17 561611060 1729631 949546411 1729649 511157471
62 17 292701276 1729632 298749118 1729649 591450394
63 17 25535144 1729632 648074675 1729649 673609819
64 16 757958094 1729633 1569947 1729649 759528041
1 34 24100701 1729956 540808029 1729990 564908730
2 33 713206084 1729956 929946851 1729990 643152935
3 33 441507095 1729957 281969133 1729990 723476228
4 33 175807287 1729957 634471591 1729990 810278878
5 32 896061917 1729957 992516849 1729990 888578766
6 32 628933729 1729958 341588910 1729990 970522639
7 32 371454594 1729958 688375924 1729991 59830518
8 32 104130187 1729959 41318318 1729991 145448505
9 31 835776727 1729959 387377808 1729991 223154535
10 31 566257862 1729959 743468882 1729991 309726744
11 31 297681980 1729960 90871828 1729991 388553808
12 31 12296146 1729960 452539367 1729991 464835513
13 30 730533056 1729960 805562297 1729991 536095353
14 30 457109027 1729961 160902922 1729991 618011949
15 30 173257145 1729961 526128281 1729991 699385426
16 29 884933553 1729961 897843885 1729991 782777438
17 29 618305577 1729962 242779842 1729991 861085419
18 29 350005764 1729962 592590407 1729991 942596171
19 29 92274282 1729962 936217778 1729992 28492060
20 28 820089506 1729963 282532116 1729992 102621622
21 28 541419727 1729963 637675226 1729992 179094953
22 28 271027232 1729963 992595693 1729992 263622925
23 28 3341351 1729964 340830493 1729992 344171844
24 27 720425691 1729964 699009489 1729992 419435180
25 27 466175049 1729965 36658606 1729992 502833655
26 27 184026060 1729965 396376442 1729992 580402502
27 26 916204014 1729965 743457228 1729992 659661242
28 26 650178786 1729966 85597053 1729992 735775839
29 26 395678853 1729966 424434980 1729992 820113833
30 26 115623416 1729966 782301630 1729992 897925046
31 25 850751369 1729967 125868632 1729992 976620001
32 25 573773982 1729967 477480219 1729993 51254201
33 25 299064200 1729967 829625128 1729993 128689328
34 25 25600598 1729968 181770037 1729993 207370635
35 24 745671732 1729968 540890830 1729993 286562562
36 24 472390422 1729968 893742911 1729993 366133333
37 24 200231665 1729969 241717846 1729993 441949511
38 23 912063163 1729969 607713486 1729993 519776649
39 23 636964573 1729969 962626824 1729993 599591397
40 23 373420186 1729970 310306801 1729993 683726987
41 23 85110704 1729970 675669399 1729993 760780103
42 22 815112294 1729971 28906602 1729993 844018896
43 22 553612553 1729971 374323530 1729993 927936083
44 22 284391219 1729971 721470241 1729994 5861460
45 22 8327353 1729972 75405782 1729994 83733135
46 21 738181353 1729972 424025352 1729994 162206705
47 21 462375869 1729972 781434308 1729994 243810177
48 21 174020259 1729973 148947975 1729994 322968234
49 20 898526808 1729973 502231084 1729994 400757892
50 20 634706222 1729973 849045190 1729994 483751412
51 20 376188237 1729974 193474008 1729994 569662245
52 20 107279880 1729974 548918705 1729994 656198585
53 19 827055187 1729974 911852590 1729994 738907777
54 19 562115622 1729975 257170040 1729994 819285662
55 19 287286379 1729975 609168471 1729994 896454850
56 19 8789171 1729975 962602466 1729994 971391637
57 18 728180392 1729976 317028739 1729995 45209131
58 18 447907107 1729976 677029070 1729995 124936177
59 18 165229221 1729977 47730989 1729995 212960210
60 17 880898662 1729977 411858370 1729995 292757032
61 17 609085954 1729977 767751503 1729995 376837457
62 17 338425871 1729978 120418791 1729995 458844662
63 17 66985932 1729978 469983492 1729995 536969424
64 16 794207799 1729978 822928367 1729995 617136166
1 34 210083315 1730303 751238857 1730337 961322172
2 33 922691205 1730304 117887689 1730338 40578894
3 33 637874675 1730304 472983022 1730338 110857697
4 33 373594210 1730304 819735147 1730338 193329357
5 33 106218470 1730305 172667727 1730338 278886197
6 32 847005480 1730305 512288194 1730338 359293674
7 32 579444301 1730305 863286940 1730338 442731241
8 32 283741667 1730306 242618637 1730338 526360304
9 31 988953552 1730306 612277003 1730338 601230555
10 31 706056818 1730306 967869290 1730338 673926108
11 31 431787360 1730307 322031957 1730338 753819317
12 31 159633770 1730307 678563040 1730338 838196810
13 30 891669708 1730308 23174337 1730338 914844045
14 30 607153246 1730308 380274650 1730338 987427896
15 30 330021493 1730308 739197687 1730339 69219180
16 30 47741469 1730309 96565217 1730339 144306686
17 29 774573305 1730309 444758333 1730339 219331638
18 29 481947908 1730309 818029944 1730339 299977852
19 29 195687017 1730310 180536874 1730339 376223891
20 28 933654674 1730310 528876524 1730339 462531198
21 28 670752182 1730310 870657616 1730339 541409798
22 28 394434227 1730311 228397880 1730339 622832107
23 28 135022500 1730311 569757702 1730339 704780202
24 27 878577401 1730311 914572995 1730339 793150396
25 27 611381473 1730312 262577910 1730339 873959383
26 27 334551455 1730312 618355990 1730339 952907445
27 27 64035258 1730312 972688357 1730340 36723615
28 26 780355001 1730313 332287215 1730340 112642216
29 26 485810993 1730313 701790454 1730340 187601447
30 26 219678971 1730314 46599172 1730340 266278143
31 25 942291593 1730314 408522355 1730340 350813948
32 25 665971453 1730314 759350327 1730340 425321780
33 25 375463459 1730315 128020786 1730340 503484245
34 25 105953688 1730315 478909164 1730340 584862852
35 24 802151970 1730315 856593523 1730340 658745493
36 24 545582781 1730316 197213211 1730340 742795992
37 24 268830223 1730316 556964603 1730340 825794826
38 23 990864560 1730316 912811570 1730340 903676130
39 23 705148084 1730317 277650752 1730340 982798836
40 23 423972187 1730317 637954429 1730341 61926616
41 23 151201589 1730317 986321634 1730341 137523223
42 22 886392671 1730318 328824619 1730341 215217290
43 22 625865854 1730318 674837870 1730341 300703724
44 22 332742430 1730319 44409182 1730341 377151612
45 22 55913967 1730319 395769273 1730341 451683240
46 21 778664271 1730319 752042510 1730341 530706781
47 21 505593476 1730320 105254954 1730341 610848430
48 21 235306737 1730320 454234277 1730341 689541014
49 20 968741427 1730320 797999627 1730341 766741054
50 20 674638651 1730321 168337535 1730341 842976186
51 20 392883524 1730321 528065390 1730341 920948914
52 20 115358519 1730321 880866972 1730341 996225491
53 19 834965625 1730322 240215371 1730342 75180996
54 19 558673985 1730322 603119720 1730342 161793705
55 19 280274682 1730322 948176878 1730342 228451560
56 19 7639101 1730323 303956383 1730342 311595484
57 18 737263401 1730323 658114365 1730342 395377766
58 18 460009354 1730324 13786465 1730342 473795819
59 18 190692115 1730324 363567791 1730342 554259906
60 17 914557990 1730324 720258705 1730342 634816695
61 17 642750300 1730325 65381510 1730342 708131810
62 17 354684907 1730325 432480703 1730342 787165610
63 17 75758429 1730325 787408429 1730342 863166858
64 16 801578674 1730326 139997478 1730342 941576152
1 34 139466037 1730648 49224500 1730682 188690537
2 33 861118048 1730648 405081763 1730682 266199811
3 33 599436810 1730648 751532061 1730682 350968871
4 33 322670623 1730649 105219903 1730682 427890526
5 33 38918461 1730649 469621501 1730682 508539962
6 32 759768506 1730649 824026274 1730682 583794780
7 32 485217017 1730650 182846850 1730682 668063867
8 32 223314523 1730650 528987543 1730682 752302066
9 31 952076211 1730650 879151028 1730682 831227239
10 31 677983029 1730651 231871518 1730682 909854547
11 31 398686761 1730651 585568935 1730682 984255696
12 31 113223485 1730651 945891167 1730683 59114652
13 30 848037166 1730652 289013714 1730683 137050880
14 30 588151763 1730652 631768658 1730683 219920421
15 30 301181163 1730652 998806408 1730683 299987571
16 30 27082536 1730653 351874374 1730683 378956910
17 29 754390252 1730653 701729920 1730683 456120172
18 29 495278297 1730654 41884044 1730683 537162341
19 29 228847059 1730654 392869679 1730683 621716738
20 28 975149628 1730654 734755251 1730683 709904879
21 28 683801540 1730655 108066397 1730683 791867937
22 28 410919759 1730655 461109826 1730683 872029585
23 28 156482639 1730655 798953328 1730683 955435967
24 27 884692819 1730656 151063535 1730684 35756354
25 27 599415038 1730656 522630234 1730684 122045272
26 27 333724248 1730656 865177737 1730684 198901985
27 27 63743597 1730657 217311535 1730684 281055132
28 26 781860768 1730657 578838615 1730684 360699383
29 26 511667196 1730657 927151987 1730684 438819183
30 26 237443755 1730658 276950276 1730684 514394031
31 25 973644058 1730658 626155594 1730684 599799652
32 25 683292562 1730658 991898202 1730684 675190764
33 25 414707568 1730659 342093983 1730684 756801551
34 25 132998237 1730659 699405459 1730684 832403696
35 24 868658031 1730660 42407157 1730684 911065188
36 24 594841269 1730660 391302963 1730684 986144232
37 24 325172242 1730660 745990526 1730685 71162768
38 24 43133749 1730661 104612181 1730685 147745930
39 23 778159741 1730661 449412381 1730685 227572122
40 23 496918179 1730661 807083220 1730685 304001399
41 23 235099277 1730662 160832746 1730685 395932023
42 22 950708738 1730662 524105403 1730685 474814141
43 22 674170677 1730662 871088320 1730685 545258997
44 22 402574668 1730663 225339336 1730685 627914004
45 22 135291464 1730663 574900833 1730685 710192297
46 21 846720395 1730663 941026397 1730685 787746792
47 21 549578253 1730664 322182947 1730685 871761200
48 21 285608039 1730664 677592757 1730685 963200796
49 21 17230487 1730665 26622171 1730686 43852658
50 20 751494178 1730665 371805049 1730686 123299227
51 20 480067167 1730665 719520729 1730686 199587896
52 20 204860839 1730666 71968799 1730686 276829638
53 19 924858955 1730666 432928427 1730686 357787382
54 19 665724853 1730666 778673331 1730686 444398184
55 19 372890534 1730667 147221014 1730686 520111548
56 19 106527979 1730667 493520630 1730686 600048609
57 18 832635069 1730667 850509242 1730686 683144311
58 18 558175079 1730668 206831663 1730686 765006742
59 18 303173359 1730668 550030505 1730686 853203864
60 18 40389476 1730668 900338098 1730686 940727574
61 17 763800045 1730669 254946515 1730687 18746560
62 17 478950423 1730669 617347466 1730687 96297889
63 17 193275965 1730669 983762284 1730687 177038249
64 16 908034813 1730670 343703024 1730687 251737837
1 34 13272874 1730994 107812563 1731028 121085437
2 33 737615703 1730994 462372259 1731028 199987962
3 33 484250081 1730994 800638660 1731028 284888741
4 33 207737186 1730995 154321650 1731028 362058836
5 32 947014022 1730995 492075820 1731028 439089842
6 32 676318292 1730995 835955760 1731028 512274052
7 32 403365771 1730996 196309122 1731028 599674893
8 32 124238742 1730996 553101015 1731028 677339757
9 31 861780852 1730996 894991068 1731028 756771920
10 31 582000909 1730997 251199528 1731028 833200437
11 31 304761417 1730997 613423612 1731028 918185029
12 31 33832507 1730997 963051348 1731028 996883855
13 30 776652699 1730998 302965069 1731029 79617768
14 30 487280128 1730998 667284631 1731029 154564759
15 30 214264628 1730999 17177658 1731029 231442286
16 29 938630827 1730999 371002220 1731029 309633047
17 29 661830029 1730999 726067388 1731029 387897417
18 29 387760698 1731000 82238497 1731029 469999195
19 29 122446734 1731000 433251317 1731029 555698051
20 28 855838406 1731000 777056444 1731029 632894850
21 28 583943829 1731001 128726418 1731029 712670247
22 28 319068114 1731001 477303453 1731029 796371567
23 28 49271071 1731001 826702008 1731029 875973079
24 27 780846223 1731002 177122469 1731029 957968692
25 27 503291385 1731002 523598118 1731030 26889503
26 27 219217562 1731002 887634556 1731030 106852118
27 26 938125478 1731003 242502468 1731030 180627946
28 26 673145785 1731003 588647198 1731030 261792983
29 26 408233369 1731003 934708781 1731030 342942150
30 26 114479771 1731004 304694548 1731030 419174319
31 25 847836536 1731004 652778573 1731030 500615109
32 25 564245426 1731005 9874220 1731030 574119646
33 25 299625652 1731005 353532961 1731030 653158613
34 25 15869787 1731005 716168000 1731030 732037787
35 24 734520670 1731006 73532475 1731030 808053145
36 24 453885004 1731006 429107595 1731030 882992599
37 24 182570008 1731006 781696681 1731030 964266689
38 23 897456816 1731007 146290831 1731031 43747647
39 23 628492460 1731007 493551816 1731031 122044276
40 23 355803417 1731007 847202974 1731031 203006391
41 23 84734897 1731008 194224039 1731031 278958936
42 22 807307724 1731008 558333123 1731031 365640847
43 22 533164523 1731008 910374276 1731031 443538799
44 22 256611296 1731009 258242786 1731031 514854082
45 22 690686 1731009 603528866 1731031 604219552
46 21 722766170 1731009 965462493 1731031 688228663
47 21 444621621 1731010 313550722 1731031 758172343
48 21 177843093 1731010 660669914 1731031 838513007
49 20 898485216 1731011 9552442 1731031 908037658
50 20 637284616 1731011 355478343 1731031 992762959
51 20 360814887 1731011 700478465 1731032 61293352
52 20 85219289 1731012 60765327 1731032 145984616
53 19 819468111 1731012 404197350 1731032 223665461
54 19 541221879 1731012 755207356 1731032 296429235
55 19 275356314 1731013 109708331 1731032 385064645
56 19 5985855 1731013 452483570 1731032 458469425
57 18 727362260 1731013 811437255 1731032 538799515
58 18 462466528 1731014 155438711 1731032 617905239
59 18 187197665 1731014 515388895 1731032 702586560
60 17 922910977 1731014 854212266 1731032 777123243
61 17 660325219 1731015 211059233 1731032 871384452
62 17 377875531 1731015 567531225 1731032 945406756
63 17 94939817 1731015 927064454 1731033 22004271
64 16 820327551 1731016 282931717 1731033 103259268
1 34 26109144 1731339 448657290 1731373 474766434
2 33 731256938 1731339 818380488 1731373 549637426
3 33 461352451 1731340 164689826 1731373 626042277
4 33 183674616 1731340 513753962 1731373 697428578
5 32 913024625 1731340 868938590 1731373 781963215
6 32 643261099 1731341 217970282 1731373 861231381
7 32 369488503 1731341 571717401 1731373 941205904
8 32 111010295 1731341 911069244 1731374 22079539
9 31 831540790 1731342 268189909 1731374 99730699
10 31 550207841 1731342 626637733 1731374 176845574
11 31 283640901 1731342 972583299 1731374 256224200
12 31 19038386 1731343 322716063 1731374 341754449
13 30 736953099 1731343 681035871 1731374 417988970
14 30 463124671 1731344 28811198 1731374 491935869
15 30 200467969 1731344 369172392 1731374 569640361
16 29 912630683 1731344 726908748 1731374 639539431
17 29 638345781 1731345 83877009 1731374 722222790
18 29 338174474 1731345 456975975 1731374 795150449
19 29 60006297 1731345 811062717 1731374 871069014
20 28 782766601 1731346 162697932 1731374 945464533
21 28 509478088 1731346 520866021 1731375 30344109
22 28 237845542 1731346 870742975 1731375 108588517
23 27 956078898 1731347 228006951 1731375 184085849
24 27 698761241 1731347 572528564 1731375 271289805
25 27 439203313 1731347 907778820 1731375 346982133
26 27 157781643 1731348 260927599 1731375 418709242
27 26 886999692 1731348 616214114 1731375 503213806
28 26 634934157 1731348 954313388 1731375 589247545
29 26 369640895 1731349 300415730 1731375 670056625
30 26 96053258 1731349 651121315 1731375 747174573
31 25 817427885 1731350 1918955 1731375 819346840
32 25 530341622 1731350 367628397 1731375 897970019
33 25 253962242 1731350 719461072 1731375 973423314
34 24 964031774 1731351 85463879 1731376 49495653
35 24 680245298 1731351 447233157 1731376 127478455
36 24 409061225 1731351 793346573 1731376 202407798
37 24 139034426 1731352 143679573 1731376 282713999
38 23 864937188 1731352 495058312 1731376 359995500
39 23 584833825 1731352 851642802 1731376 436476627
40 23 307856291 1731353 210173662 1731376 518029953
41 23 18029525 1731353 580307555 1731376 598337080
42 22 750645286 1731353 929087956 1731376 679733242
43 22 467848234 1731354 279488733 1731376 747336967
44 22 198867934 1731354 630968877 1731376 829836811
45 21 932442510 1731354 980841664 1731376 913284174
46 21 668382726 1731355 326243852 1731376 994626578
47 21 408282105 1731355 672007515 1731377 80289620
48 21 144235115 1731356 17720531 1731377 161955646
49 20 874697048 1731356 371850383 1731377 246547431
50 20 609944351 1731356 712645957 1731377 322590308
51 20 353999149 1731357 48645976 1731377 402645125
52 20 78442921 1731357 404347150 1731377 482790071
53 19 799400260 1731357 760932862 1731377 560333122
54 19 523690516 1731358 119111395 1731377 642801911
55 19 270773626 1731358 467902962 1731377 738676588
56 18 990978813 1731358 837713770 1731377 828692583
57 18 719961237 1731359 193219614 1731377 913180851
58 18 464115904 1731359 533313683 1731377 997429587
59 18 188183553 1731359 894870003 1731378 83053556
60 17 927745198 1731360 237417376 1731378 165162574
61 17 662597267 1731360 582620087 1731378 245217354
62 17 393309899 1731360 927381639 1731378 320691538
63 17 104618203 1731361 296796640 1731378 401414843
64 16 837949358 1731361 650944732 1731378 488894090
1 34 157679720 1731685 198085427 1731719 355765147
2 33 842632925 1731685 590202616 1731719 432835541
3 33 568675073 1731685 945162415 1731719 513837488
4 33 307205294 1731686 293855224 1731719 601060518
5 33 41265267 1731686 644501330 1731719 685766597
6 32 745919534 1731687 13488301 1731719 759407835
7 32 485437735 1731687 353996492 1731719 839434227
8 32 226872936 1731687 696961691 1731719 923834627
9 31 960564473 1731688 38042574 1731719 998607047
10 31 684610345 1731688 391858358 1731720 76468703
11 31 403110435 1731688 750873986 1731720 153984421
12 31 111424260 1731689 117260712 1731720 228684972
13 30 854401431 1731689 458364336 1731720 312765767
14 30 584486927 1731689 808231030 1731720 392717957
15 30 319384996 1731690 157271740 1731720 476656736
16 30 58927289 1731690 496218480 1731720 555145769
17 29 786254579 1731690 851238685 1731720 637493264
18 29 510375449 1731691 202146434 1731720 712521883
19 29 239244523 1731691 553454378 1731720 792698901
20 28 963413615 1731691 908373437 1731720 871787052
21 28 696839472 1731692 262355070 1731720 959194542
22 28 421069895 1731692 611208988 1731721 32278883
23 28 151531383 1731692 963268214 1731721 114799597
24 27 874681754 1731693 321955626 1731721 196637380
25 27 597379559 1731693 668676400 1731721 266055959
26 27 322297896 1731694 21357447 1731721 343655343
27 27 51392447 1731694 367715302 1731721 419107749
28 26 781103987 1731694 721179464 1731721 502283451
29 26 513423439 1731695 64296141 1731721 577719580
30 26 252802773 1731695 401820926 1731721 654623699
31 25 980577609 1731695 751956708 1731721 732534317
32 25 691916617 1731696 121076584 1731721 812993201
33 25 421055742 1731696 477251082 1731721 898306824
34 25 152902721 1731696 826743321 1731721 979646042
35 24 866766143 1731697 181847043 1731722 48613186
36 24 594115561 1731697 537729103 1731722 131844664
37 24 307006408 1731697 911036898 1731722 218043306
38 24 31121982 1731698 264723222 1731722 295845204
39 23 755781028 1731698 617261346 1731722 373042374
40 23 490420935 1731698 969506309 1731722 459927244
41 23 216954055 1731699 322599292 1731722 539553347
42 22 937289091 1731699 681596532 1731722 618885623
43 22 649628097 1731700 43111019 1731722 692739116
44 22 375899426 1731700 397319573 1731722 773218999
45 22 106794091 1731700 746445782 1731722 853239873
46 21 833583002 1731701 108354521 1731722 941937523
47 21 563391373 1731701 457704947 1731723 21096320
48 21 299708710 1731701 809639861 1731723 109348571
49 21 4513437 1731702 179657238 1731723 184170675
50 20 734024740 1731702 526743653 1731723 260768393
51 20 446415153 1731702 902816487 1731723 349231640
52 20 175512020 1731703 245758760 1731723 421270780
53 19 891918354 1731703 605702407 1731723 497620761
54 19 620532674 1731703 967395224 1731723 587927898
55 19 360172687 1731704 311007170 1731723 671179857
56 19 95115922 1731704 658049493 1731723 753165415
57 18 820539601 1731705 12923405 1731723 833463006
58 18 560071654 1731705 359612883 1731723 919684537
59 18 270091668 1731705 721169832 1731723 991261500
60 18 5104272 1731706 74281889 1731724 79386161
61 17 725401364 1731706 431808472 1731724 157209836
62 17 448905321 1731706 786276799 1731724 235182120
63 17 173805657 1731707 134514377 1731724 308320034
64 16 894479928 1731707 495424524 1731724 389904452
