1 0 12881245 5879480 312276941 5879480 325158186
2 0 11685045 5879480 313579806 5879480 325264851
1 0 9597601 5879487 107562519 5879487 117160120
2 0 8638805 5879487 108603814 5879487 117242619
1 0 6722154 5879493 792144330 5879493 798866484
2 0 6081444 5879493 792848539 5879493 798929983
1 0 9562102 5879500 597157878 5879500 606719980
2 0 8659470 5879500 598185211 5879500 606844681
1 0 12403884 5879507 351837977 5879507 364241861
2 0 11215072 5879507 353132268 5879507 364347340
1 0 9573955 5879514 167149613 5879514 176723568
2 0 8652230 5879514 168193298 5879514 176845528
1 0 9585028 5879520 957250156 5879520 966835184
2 0 8673804 5879520 958285193 5879520 966958997
1 0 13416920 5879527 661117836 5879527 674534756
2 0 12204257 5879527 662433886 5879527 674638143
1 0 9574843 5879534 427324076 5879534 436898919
2 0 8626639 5879534 428353334 5879534 436979973
1 0 13021243 5879541 161886692 5879541 174907935
2 0 11753543 5879541 163262593 5879541 175016136
