1 0 9016872 5879615 642811727 5879615 651828599
2 0 8319107 5879615 643566380 5879615 651885487
3 0 8120591 5879615 643822265 5879615 651942856
4 0 7947836 5879615 644044705 5879615 651992541
5 0 7782561 5879615 644272812 5879615 652055373
6 0 7723395 5879615 644471290 5879615 652194685
7 0 7568102 5879615 644676156 5879615 652244258
8 0 7422067 5879615 644879486 5879615 652301553
1 0 13133166 5879622 347286024 5879622 360419190
2 0 12148666 5879622 348351153 5879622 360499819
3 0 11874060 5879622 348712498 5879622 360586558
4 0 11645639 5879622 349012103 5879622 360657742
5 0 11438124 5879622 349311635 5879622 360749759
6 0 11231591 5879622 349601185 5879622 360832776
7 0 11019613 5879622 349885106 5879622 360904719
8 0 10866393 5879622 350277988 5879622 361144381
1 0 18021559 5879629 140960203 5879629 158981762
2 0 16786859 5879629 142301271 5879629 159088130
3 0 16447420 5879629 142760337 5879629 159207757
4 0 16137889 5879629 143164126 5879629 159302015
5 0 15856932 5879629 143568766 5879629 159425698
6 0 15578270 5879629 143959259 5879629 159537529
7 0 15289423 5879629 144344234 5879629 159633657
8 0 15017484 5879629 144727060 5879629 159744544
1 0 13109667 5879635 946933583 5879635 960043250
2 0 12148407 5879635 947986471 5879635 960134878
3 0 11876801 5879635 948343538 5879635 960220339
4 0 11647990 5879635 948644866 5879635 960292856
5 0 11440439 5879635 948946638 5879635 960387077
6 0 11230590 5879635 949238874 5879635 960469464
7 0 11014113 5879635 949528276 5879635 960542389
8 0 10963836 5879635 949814993 5879635 960778829
1 0 13831931 5879642 727324987 5879642 741156918
2 0 12887523 5879642 728351838 5879642 741239361
3 0 12621231 5879642 728704684 5879642 741325915
4 0 12396421 5879642 729002326 5879642 741398747
5 0 12192721 5879642 729301210 5879642 741493931
6 0 11991632 5879642 729589186 5879642 741580818
7 0 11777877 5879642 729874773 5879642 741652650
8 0 11428605 5879642 730308617 5879642 741737222
1 0 13019298 5879649 477316689 5879649 490335987
2 0 12073075 5879649 478343244 5879649 490416319
3 0 11813783 5879649 478687905 5879649 490501688
4 0 11589584 5879649 478985121 5879649 490574705
5 0 11383161 5879649 479286116 5879649 490669277
6 0 11176961 5879649 479577148 5879649 490754109
7 0 10961428 5879649 479864661 5879649 490826089
8 0 10808024 5879649 480255265 5879649 491063289
1 0 18235314 5879656 231957287 5879656 250192601
2 0 16986522 5879656 233319595 5879656 250306117
3 0 16637065 5879656 233782902 5879656 250419967
4 0 16330256 5879656 234187802 5879656 250518058
5 0 16055836 5879656 234585257 5879656 250641093
6 0 15778173 5879656 234973695 5879656 250751868
7 0 15488531 5879656 235359873 5879656 250848404
8 0 15214758 5879656 235742773 5879656 250957531
1 0 13840691 5879662 967350275 5879662 981190966
2 0 12870579 5879662 968401367 5879662 981271946
3 0 12603176 5879662 968756379 5879662 981359555
4 0 12371144 5879662 969061466 5879662 981432610
5 0 12167407 5879662 969359201 5879662 981526608
6 0 11963207 5879662 969647696 5879662 981610903
7 0 11746637 5879662 969936098 5879662 981682735
8 0 11429216 5879662 970337017 5879662 981766233
1 0 13198017 5879669 747361223 5879669 760559240
2 0 12238294 5879669 748403130 5879669 760641424
3 0 11975929 5879669 748752901 5879669 760728830
4 0 11746433 5879669 749055581 5879669 760802014
5 0 11537770 5879669 749357446 5879669 760895216
6 0 11328941 5879669 749649514 5879669 760978455
7 0 11115093 5879669 749936416 5879669 761051509
8 0 10940559 5879669 750346279 5879669 761286838
1 0 13192222 5879676 537288692 5879676 550480914
2 0 12186054 5879676 538378895 5879676 550564949
3 0 11923985 5879676 538729907 5879676 550653892
4 0 11697007 5879676 539030383 5879676 550727390
5 0 11494863 5879676 539326544 5879676 550821407
6 0 11292552 5879676 539613798 5879676 550906350
7 0 11081167 5879676 539898663 5879676 550979830
8 0 10942984 5879676 540271675 5879676 551214659
