1 0 134689235 5879886 582769874 5879886 717459109
2 0 133378240 5879886 584160460 5879886 717538700
3 0 132969969 5879886 584604582 5879886 717574551
4 0 132590791 5879886 585018222 5879886 717609013
5 0 132277186 5879886 585403771 5879886 717680957
6 0 131984525 5879886 585802041 5879886 717786566
7 0 131636439 5879886 586209126 5879886 717845565
8 0 131317036 5879886 586588416 5879886 717905452
9 0 130982265 5879886 586983631 5879886 717965896
10 0 130658660 5879886 587357790 5879886 718016450
11 0 130398331 5879886 587749080 5879886 718147411
12 0 130064875 5879886 588131739 5879886 718196614
13 0 129698511 5879886 588557657 5879886 718256168
14 0 129366388 5879886 588938724 5879886 718305112
15 0 129100466 5879886 589318236 5879886 718418702
16 0 128733862 5879886 589734302 5879886 718468164
17 0 128359794 5879886 590177276 5879886 718537070
18 0 127987505 5879886 590600046 5879886 718587551
19 0 127608161 5879886 591037630 5879886 718645791
20 0 127281240 5879886 591414420 5879886 718695660
21 0 127029485 5879886 591811098 5879886 718840583
22 0 126597808 5879886 592293552 5879886 718891360
23 0 126264982 5879886 592688970 5879886 718953952
24 0 125931654 5879886 593071519 5879886 719003173
25 0 125590253 5879886 593473160 5879886 719063413
26 0 125255277 5879886 593858727 5879886 719114004
27 0 124944765 5879886 594227757 5879886 719172522
28 0 124677788 5879886 594637768 5879886 719315556
29 0 124366813 5879886 595015261 5879886 719382074
30 0 124015152 5879886 595417013 5879886 719432165
31 0 123635733 5879886 595855209 5879886 719490942
32 0 123308776 5879886 596233054 5879886 719541830
33 0 122970709 5879886 596628972 5879886 719599681
34 0 122633585 5879886 597016632 5879886 719650217
35 0 122297517 5879886 597416180 5879886 719713697
36 0 122080151 5879886 597789247 5879886 719869398
37 0 121723064 5879886 598206999 5879886 719930063
38 0 121381219 5879886 598599732 5879886 719980951
39 0 121335035 5879886 598971929 5879886 720306964
40 0 120992392 5879886 599365978 5879886 720358370
41 0 120674084 5879886 599748304 5879886 720422388
42 0 120280979 5879886 600192500 5879886 720473479
43 0 119957949 5879886 600580622 5879886 720538571
44 0 119605214 5879886 600984337 5879886 720589551
45 0 119277831 5879886 601369793 5879886 720647624
46 0 119090150 5879886 601741841 5879886 720831991
47 0 118735490 5879886 602161945 5879886 720897435
48 0 118408866 5879886 602539605 5879886 720948471
49 0 118080280 5879886 602926023 5879886 721006303
50 0 117745527 5879886 603310590 5879886 721056117
51 0 117424902 5879886 603689621 5879886 721114523
52 0 117082057 5879886 604082002 5879886 721164059
53 0 116748248 5879886 604479310 5879886 721227558
54 0 116404940 5879886 604874988 5879886 721279928
55 0 116079113 5879886 605258999 5879886 721338112
56 0 115697805 5879886 605690343 5879886 721388148
57 0 115357737 5879886 606089317 5879886 721447054
58 0 115033409 5879886 606463218 5879886 721496627
59 0 114615639 5879886 606943728 5879886 721559367
60 0 114280738 5879886 607328795 5879886 721609533
61 0 114139852 5879886 607720732 5879886 721860584
62 0 113809376 5879886 608104225 5879886 721913601
63 0 113502326 5879886 608466848 5879886 721969174
64 0 113153184 5879886 608866378 5879886 722019562
65 0 112832024 5879886 609244926 5879886 722076950
66 0 112506585 5879886 609625308 5879886 722131893
67 0 112197961 5879886 609990135 5879886 722188096
68 0 111778007 5879886 610462033 5879886 722240040
69 0 111477549 5879886 610829823 5879886 722307372
70 0 111148000 5879886 611210112 5879886 722358112
71 0 110809154 5879886 611606327 5879886 722415481
72 0 110473141 5879886 611997931 5879886 722471072
73 0 110135351 5879886 612394739 5879886 722530090
74 0 109834542 5879886 612758417 5879886 722592959
75 0 109488048 5879886 613155410 5879886 722643458
76 0 109168647 5879886 613539884 5879886 722708531
77 0 108848393 5879886 613909396 5879886 722757789
78 0 108729822 5879886 614307796 5879886 723037618
79 0 108422383 5879886 614670419 5879886 723092802
80 0 108100481 5879886 615051338 5879886 723151819
81 0 107747858 5879886 615454942 5879886 723202800
82 0 107436808 5879886 615827435 5879886 723264243
83 0 107099296 5879886 616215187 5879886 723314483
84 0 106782653 5879886 616595940 5879886 723378593
85 0 106436456 5879886 616993099 5879886 723429555
86 0 106121702 5879886 617370185 5879886 723491887
87 0 105778468 5879886 617763603 5879886 723542071
88 0 105452252 5879886 618147207 5879886 723599459
89 0 105127462 5879886 618521867 5879886 723649329
90 0 104790857 5879886 618920304 5879886 723711161
91 0 104453751 5879886 619306427 5879886 723760178
92 0 104119461 5879886 619699105 5879886 723818566
93 0 103748671 5879886 620121542 5879886 723870213
94 0 103445400 5879886 620490701 5879886 723936101
95 0 103096276 5879886 620890361 5879886 723986637
96 0 102766727 5879886 621283428 5879886 724050155
97 0 102420271 5879886 621678772 5879886 724099043
98 0 102375697 5879886 622047821 5879886 724423518
99 0 102046444 5879886 622431629 5879886 724478073
100 0 101723487 5879886 622813640 5879886 724537127
101 0 101359993 5879886 623225855 5879886 724585848
102 0 101023148 5879886 623627440 5879886 724650588
103 0 100695969 5879886 624004396 5879886 724700365
104 0 100365863 5879886 624388297 5879886 724754160
105 0 100036351 5879886 624766734 5879886 724803085
106 0 99711505 5879886 625148857 5879886 724860362
107 0 99378771 5879886 625531683 5879886 724910454
108 0 99077258 5879886 625896843 5879886 724974101
109 0 98718949 5879886 626305391 5879886 725024340
110 0 98404362 5879886 626676366 5879886 725080728
111 0 98078683 5879886 627050452 5879886 725129135
112 0 97731301 5879886 627455870 5879886 725187171
113 0 97414380 5879886 627823197 5879886 725237577
114 0 97093831 5879886 628205986 5879886 725299817
115 0 96756115 5879886 628594275 5879886 725350390
116 0 96425010 5879886 628982064 5879886 725407074
117 0 96093942 5879886 629363076 5879886 725457018
118 0 95749318 5879886 629762828 5879886 725512146
119 0 95398251 5879886 630182950 5879886 725581201
120 0 95089257 5879886 630548276 5879886 725637533
121 0 94756744 5879886 630942269 5879886 725699013
122 0 94745337 5879886 631307392 5879886 726052729
123 0 94414325 5879886 631700144 5879886 726114469
124 0 94076016 5879886 632088174 5879886 726164190
125 0 93771133 5879886 632452778 5879886 726223911
126 0 93438676 5879886 632835827 5879886 726274503
127 0 93098182 5879886 633238727 5879886 726336909
128 0 92753003 5879886 633633812 5879886 726386815
1 0 118419125 5879893 397428444 5879893 515847569
2 0 117502956 5879893 398455907 5879893 515958863
3 0 117263424 5879893 398797493 5879893 516060917
4 0 117173500 5879893 399105987 5879893 516279487
5 0 117073206 5879893 399404574 5879893 516477780
6 0 116939374 5879893 399705384 5879893 516644758
7 0 116679675 5879893 400100247 5879893 516779922
8 0 116532659 5879893 400423667 5879893 516956326
9 0 116405440 5879893 400730754 5879893 517136194
10 0 116253424 5879893 401016286 5879893 517269710
11 0 116366145 5879893 401316039 5879893 517682184
12 0 116243165 5879893 401606571 5879893 517849736
13 0 116102279 5879893 401925213 5879893 518027492
14 0 115937689 5879893 402211449 5879893 518149138
15 0 115830321 5879893 402494314 5879893 518324635
16 0 115635991 5879893 402808697 5879893 518444688
17 0 115583121 5879893 403092285 5879893 518675406
18 0 115457513 5879893 403386631 5879893 518844144
19 0 115272534 5879893 403704144 5879893 518976678
20 0 115154481 5879893 403988972 5879893 519143453
21 0 115046723 5879893 404281967 5879893 519328690
22 0 114787191 5879893 404661719 5879893 519448910
23 0 114679619 5879893 404955010 5879893 519634629
24 0 114517474 5879893 405239301 5879893 519756775
25 0 114378773 5879893 405554777 5879893 519933550
26 0 115218776 5879893 405845049 5879893 521063825
27 0 115127963 5879893 406124451 5879893 521252414
28 0 115027761 5879893 406427705 5879893 521455466
29 0 114936800 5879893 406708737 5879893 521645537
30 0 114801821 5879893 407012065 5879893 521813886
31 0 114597454 5879893 407348614 5879893 521946068
32 0 114418995 5879893 407634275 5879893 522053270
33 0 114215869 5879893 407930085 5879893 522145954
34 0 114110982 5879893 408219005 5879893 522329987
35 0 113915708 5879893 408515648 5879893 522431356
36 0 113727859 5879893 408798236 5879893 522526095
37 0 113473475 5879893 409113063 5879893 522586538
38 0 113260460 5879893 409409428 5879893 522669888
39 0 113070131 5879893 409691015 5879893 522761146
40 0 112861727 5879893 409990862 5879893 522852589
41 0 112592825 5879893 410348170 5879893 522940995
42 0 112384402 5879893 410649998 5879893 523034400
43 0 112177925 5879893 410940196 5879893 523118121
44 0 111968336 5879893 411243765 5879893 523212101
45 0 111724766 5879893 411539463 5879893 523264229
46 0 111537696 5879893 411819143 5879893 523356839
47 0 111319737 5879893 412134378 5879893 523454115
48 0 111135722 5879893 412417595 5879893 523553317
49 0 110922263 5879893 412714867 5879893 523637130
50 0 110723803 5879893 413007825 5879893 523731628
51 0 110526566 5879893 413289301 5879893 523815867
52 0 110318663 5879893 413587592 5879893 523906255
53 0 110113907 5879893 413889587 5879893 524003494
54 0 109900577 5879893 414184674 5879893 524085251
55 0 109668434 5879893 414476020 5879893 524144454
56 0 109445308 5879893 414781700 5879893 524227008
57 0 109229035 5879893 415096342 5879893 524325377
58 0 109032372 5879893 415376559 5879893 524408931
59 0 109471289 5879893 415741090 5879893 525212379
60 0 109263700 5879893 416038529 5879893 525302229
61 0 109077185 5879893 416332894 5879893 525410079
62 0 108874189 5879893 416618888 5879893 525493077
63 0 108694210 5879893 416895217 5879893 525589427
64 0 108475733 5879893 417199878 5879893 525675611
65 0 108277589 5879893 417497854 5879893 525775443
66 0 108075185 5879893 417784497 5879893 525859682
67 0 107887448 5879893 418062640 5879893 525950088
68 0 107665730 5879893 418368819 5879893 526034549
69 0 107481511 5879893 418644055 5879893 526125566
70 0 107249015 5879893 418929661 5879893 526178676
71 0 107049204 5879893 419226785 5879893 526275989
72 0 106851226 5879893 419509298 5879893 526360524
73 0 106642564 5879893 419809385 5879893 526451949
74 0 106360643 5879893 420174286 5879893 526534929
75 0 106139554 5879893 420480984 5879893 526620538
76 0 105935706 5879893 420769923 5879893 526705629
77 0 105726210 5879893 421047233 5879893 526773443
78 0 105515362 5879893 421343931 5879893 526859293
79 0 105333217 5879893 421618519 5879893 526951736
80 0 105127517 5879893 421907458 5879893 527034975
81 0 104914558 5879893 422211749 5879893 527126307
82 0 104715673 5879893 422501725 5879893 527217398
83 0 104516620 5879893 422789572 5879893 527306192
84 0 104322383 5879893 423076159 5879893 527398542
85 0 104076888 5879893 423374542 5879893 527451430
86 0 103894762 5879893 423655704 5879893 527550466
87 0 103746061 5879893 423954772 5879893 527700833
88 0 103508694 5879893 424259582 5879893 527768276
89 0 103315865 5879893 424542947 5879893 527858812
90 0 103069925 5879893 424847849 5879893 527917774
91 0 102834614 5879893 425134103 5879893 527968717
92 0 102592878 5879893 425432338 5879893 528025216
93 0 102353716 5879893 425721240 5879893 528074956
94 0 102137239 5879893 425997105 5879893 528134344
95 0 101910965 5879893 426286785 5879893 528197750
96 0 101666006 5879893 426582002 5879893 528248008
97 0 101428326 5879893 426878515 5879893 528306841
98 0 101210996 5879893 427155066 5879893 528366062
99 0 100979667 5879893 427444579 5879893 528424246
100 0 100743894 5879893 427732499 5879893 528476393
101 0 101075388 5879893 428041327 5879893 529116715
102 0 100831873 5879893 428342118 5879893 529173991
103 0 100606489 5879893 428625316 5879893 529231805
104 0 100365844 5879893 428914682 5879893 529280526
105 0 100138052 5879893 429200436 5879893 529338488
106 0 99897946 5879893 429489227 5879893 529387173
107 0 99671173 5879893 429779295 5879893 529450468
108 0 99404899 5879893 430094290 5879893 529499189
109 0 99144830 5879893 430411821 5879893 529556651
110 0 98909724 5879893 430697482 5879893 529607206
111 0 98695024 5879893 430975718 5879893 529670742
112 0 98415547 5879893 431304953 5879893 529720500
113 0 98203088 5879893 431580281 5879893 529783369
114 0 97966148 5879893 431865479 5879893 529831627
115 0 97725727 5879893 432161029 5879893 529886756
116 0 97486898 5879893 432449765 5879893 529936663
117 0 97254254 5879893 432741204 5879893 529995458
118 0 97984889 5879893 433030217 5879893 531015106
119 0 97763171 5879893 433317934 5879893 531081105
120 0 97535174 5879893 433596485 5879893 531131659
121 0 97287031 5879893 433903720 5879893 531190751
122 0 97059869 5879893 434181492 5879893 531241361
123 0 96820447 5879893 434477339 5879893 531297786
124 0 96577767 5879893 434770296 5879893 531348063
125 0 96361251 5879893 435049810 5879893 531411061
126 0 96122460 5879893 435340230 5879893 531462690
127 0 95874168 5879893 435646354 5879893 531520522
128 0 95623413 5879893 435947497 5879893 531570910
1 0 120775804 5879900 152524513 5879900 273300317
2 0 119541586 5879900 153838174 5879900 273379760
3 0 119215537 5879900 154279758 5879900 273495295
4 0 118901727 5879900 154688640 5879900 273590367
5 0 118692046 5879900 155083336 5879900 273775382
6 0 118405200 5879900 155486236 5879900 273891436
7 0 118101279 5879900 155883914 5879900 273985193
8 0 117835469 5879900 156273796 5879900 274109265
9 0 117561345 5879900 156669696 5879900 274231041
10 0 117264332 5879900 157050559 5879900 274314891
11 0 117223592 5879900 157446274 5879900 274669866
12 0 116924097 5879900 157832267 5879900 274756364
13 0 116635084 5879900 158247408 5879900 274882492
14 0 116339904 5879900 158625531 5879900 274965435
15 0 116087649 5879900 158999376 5879900 275087025
16 0 115756915 5879900 159415442 5879900 275172357
17 0 115510567 5879900 159791861 5879900 275302428
18 0 115142334 5879900 160281074 5879900 275423408
19 0 114826950 5879900 160719974 5879900 275546924
20 0 114530733 5879900 161098689 5879900 275629422
21 0 114241869 5879900 161487052 5879900 275728921
22 0 113866912 5879900 161975895 5879900 275842807
23 0 113599788 5879900 162368795 5879900 275968583
24 0 113305219 5879900 162747307 5879900 276052526
25 0 113012798 5879900 163161003 5879900 276173801
26 0 112751895 5879900 163538052 5879900 276289947
27 0 112473863 5879900 163910786 5879900 276384649
28 0 112594065 5879900 164317426 5879900 276911491
29 0 112348903 5879900 164690308 5879900 277039211
30 0 112035575 5879900 165086042 5879900 277121617
31 0 111761802 5879900 165524886 5879900 277286688
32 0 111454568 5879900 165914767 5879900 277369335
33 0 111182202 5879900 166314056 5879900 277496258
34 0 110875893 5879900 166704771 5879900 277580664
35 0 110604991 5879900 167102449 5879900 277707440
36 0 110308403 5879900 167484183 5879900 277792586
37 0 109983039 5879900 167900657 5879900 277883696
38 0 109709341 5879900 168287668 5879900 277997009
39 0 109461363 5879900 168660069 5879900 278121432
40 0 109175627 5879900 169058025 5879900 278233652
41 0 108918207 5879900 169444332 5879900 278362539
42 0 108643508 5879900 169842121 5879900 278485629
43 0 108293218 5879900 170279058 5879900 278572276
44 0 108009020 5879900 170686476 5879900 278695496
45 0 107723748 5879900 171085598 5879900 278809346
46 0 107440493 5879900 171459851 5879900 278900344
47 0 107135369 5879900 171884380 5879900 279019749
48 0 106887337 5879900 172262169 5879900 279149506
49 0 106619823 5879900 172654199 5879900 279274022
50 0 106322902 5879900 173043118 5879900 279366020
51 0 106036464 5879900 173416259 5879900 279452723
52 0 105760709 5879900 173815956 5879900 279576665
53 0 105487844 5879900 174212689 5879900 279700533
54 0 105217385 5879900 174606812 5879900 279824197
55 0 104952057 5879900 174997712 5879900 279949769
56 0 106153572 5879900 175441926 5879900 281595498
57 0 105832819 5879900 175823567 5879900 281656386
58 0 105496584 5879900 176211597 5879900 281708181
59 0 105090110 5879900 176687607 5879900 281777717
60 0 104766931 5879900 177060026 5879900 281826957
61 0 104439659 5879900 177453963 5879900 281893622
62 0 104600193 5879900 177836327 5879900 282436520
63 0 104300199 5879900 178200894 5879900 282501093
64 0 103949742 5879900 178600887 5879900 282550629
65 0 103626137 5879900 178987454 5879900 282613591
66 0 103291550 5879900 179371521 5879900 282663071
67 0 102980538 5879900 179738921 5879900 282719459
68 0 102445343 5879900 180324948 5879900 282770291
69 0 102128164 5879900 180699367 5879900 282827531
70 0 101798948 5879900 181078471 5879900 282877419
71 0 101458436 5879900 181482149 5879900 282940585
72 0 101131627 5879900 181858827 5879900 282990454
73 0 100791782 5879900 182255264 5879900 283047046
74 0 100478232 5879900 182618757 5879900 283096989
75 0 100133090 5879900 183018546 5879900 283151636
76 0 99793781 5879900 183406632 5879900 283200413
77 0 99491638 5879900 183772070 5879900 283263708
78 0 99140016 5879900 184173784 5879900 283313800
79 0 98831725 5879900 184540241 5879900 283371966
80 0 98500083 5879900 184922067 5879900 283422150
81 0 98171200 5879900 185321060 5879900 283492260
82 0 97839540 5879900 185705441 5879900 283544981
83 0 97521879 5879900 186086249 5879900 283608128
84 0 97184662 5879900 186482724 5879900 283667386
85 0 96842520 5879900 186872976 5879900 283715496
86 0 96522471 5879900 187249950 5879900 283772421
87 0 96173533 5879900 187647758 5879900 283821291
88 0 95849058 5879900 188034102 5879900 283883160
89 0 95531082 5879900 188404873 5879900 283935955
90 0 95187976 5879900 188804274 5879900 283992250
91 0 94855076 5879900 189186970 5879900 284042046
92 0 94520897 5879900 189580500 5879900 284101397
93 0 94190903 5879900 189961345 5879900 284152248
94 0 93830076 5879900 190379467 5879900 284209543
95 0 93500545 5879900 190763071 5879900 284263616
96 0 93165977 5879900 191155267 5879900 284321244
97 0 92831075 5879900 191547668 5879900 284378743
98 0 92512507 5879900 191915402 5879900 284427909
99 0 92184680 5879900 192302321 5879900 284487001
100 0 91849371 5879900 192688258 5879900 284537629
101 0 91514803 5879900 193098584 5879900 284613387
102 0 91162143 5879900 193502299 5879900 284664442
103 0 90852205 5879900 193872773 5879900 284724978
104 0 90514007 5879900 194259840 5879900 284773847
105 0 90188143 5879900 194642611 5879900 284830754
106 0 89856112 5879900 195031048 5879900 284887160
107 0 89519174 5879900 195430985 5879900 284950159
108 0 89204772 5879900 195797201 5879900 285001973
109 0 88856797 5879900 196204193 5879900 285060990
110 0 88533544 5879900 196579316 5879900 285112860
111 0 88224327 5879900 196946550 5879900 285170877
112 0 87866000 5879900 197366691 5879900 285232691
113 0 87549098 5879900 197735073 5879900 285284171
114 0 87234456 5879900 198112566 5879900 285347022
115 0 86890962 5879900 198505392 5879900 285396354
116 0 86566542 5879900 198888385 5879900 285454927
117 0 86236048 5879900 199268508 5879900 285504556
118 0 85914610 5879900 199654852 5879900 285569462
119 0 85548561 5879900 200079159 5879900 285627720
120 0 85219937 5879900 200467597 5879900 285687534
121 0 84869277 5879900 200868386 5879900 285737663
122 0 84557691 5879900 201238786 5879900 285796477
123 0 84217530 5879900 201634057 5879900 285851587
124 0 83888610 5879900 202027068 5879900 285915678
125 0 83609670 5879900 202366655 5879900 285976325
126 0 83449766 5879900 202576577 5879900 286026343
127 0 83304621 5879900 202785147 5879900 286089768
128 0 83154105 5879900 202985125 5879900 286139230
1 0 120514216 5879906 932228038 5879907 52742254
2 0 119259332 5879906 933560458 5879907 52819790
3 0 118858599 5879906 933996783 5879907 52855382
4 0 118486717 5879906 934402053 5879907 52888770
5 0 118180796 5879906 934786269 5879907 52967065
6 0 117886432 5879906 935189020 5879907 53075452
7 0 117552623 5879906 935583272 5879907 53135895
8 0 117226462 5879906 935970673 5879907 53197135
9 0 116887875 5879906 936368462 5879907 53256337
10 0 116619918 5879906 936742473 5879907 53362391
11 0 116307386 5879906 937132985 5879907 53440371
12 0 115973262 5879906 937516756 5879907 53490018
13 0 115615584 5879906 937934211 5879907 53549795
14 0 115292090 5879906 938309482 5879907 53601572
15 0 115047724 5879906 938681808 5879907 53729532
16 0 114682842 5879906 939098282 5879907 53781124
17 0 114367792 5879906 939476479 5879907 53844271
18 0 114029409 5879906 939865379 5879907 53894788
19 0 113598214 5879906 940355666 5879907 53953880
20 0 113270775 5879906 940734956 5879907 54005731
21 0 113027390 5879906 941124986 5879907 54152376
22 0 112595102 5879906 941610051 5879907 54205153
23 0 112265386 5879906 942005970 5879907 54271356
24 0 111940429 5879906 942381074 5879907 54321503
25 0 111578547 5879906 942800825 5879907 54379372
26 0 111248757 5879906 943184522 5879907 54433279
27 0 110933133 5879906 943558404 5879907 54491537
28 0 110666286 5879906 943964989 5879907 54631275
29 0 110360329 5879906 944336945 5879907 54697274
30 0 110013427 5879906 944734253 5879907 54747680
31 0 109633841 5879906 945172245 5879907 54806086
32 0 109304959 5879906 945551886 5879907 54856845
33 0 108967984 5879906 945947638 5879907 54915622
34 0 108631360 5879906 946334779 5879907 54966139
35 0 108293052 5879906 946734012 5879907 55027064
36 0 108070463 5879906 947110783 5879907 55181246
37 0 107729765 5879906 947523128 5879907 55252893
38 0 107390624 5879906 947913287 5879907 55303911
39 0 107081648 5879906 948284336 5879907 55365984
40 0 106742784 5879906 948677384 5879907 55420168
41 0 106420197 5879906 949065210 5879907 55485407
42 0 106064722 5879906 949471425 5879907 55536147
43 0 105742913 5879906 949853640 5879907 55596553
44 0 105342680 5879906 950305021 5879907 55647701
45 0 105125721 5879906 950696347 5879907 55822068
46 0 104803819 5879906 951070118 5879907 55873937
47 0 104444140 5879906 951493518 5879907 55937658
48 0 104119702 5879906 951867752 5879907 55987454
49 0 103786671 5879906 952257337 5879907 56044008
50 0 103450899 5879906 952644182 5879907 56095081
51 0 103135053 5879906 953017231 5879907 56152284
52 0 102790653 5879906 953413297 5879907 56203950
53 0 102457399 5879906 953810105 5879907 56267504
54 0 102110517 5879906 954208764 5879907 56319281
55 0 101779300 5879906 954599776 5879907 56379076
56 0 101521749 5879906 955046990 5879907 56568739
57 0 101207922 5879906 955424427 5879907 56632349
58 0 100871483 5879906 955810902 5879907 56682385
59 0 100457880 5879906 956287782 5879907 56745662
60 0 100135478 5879906 956660979 5879907 56796457
61 0 99805947 5879906 957051083 5879907 56857030
62 0 99476547 5879906 957431927 5879907 56908474
63 0 99174996 5879906 957801180 5879907 56976176
64 0 98825040 5879906 958201302 5879907 57026342
65 0 98504435 5879906 958583480 5879907 57087915
66 0 98159404 5879906 958984677 5879907 57144081
67 0 97853150 5879906 959351207 5879907 57204357
68 0 97505250 5879906 959755903 5879907 57261153
69 0 97266068 5879906 960219599 5879907 57485667
70 0 96930222 5879906 960607314 5879907 57537536
71 0 96587543 5879906 961011566 5879907 57599109
72 0 96261383 5879906 961393392 5879907 57654775
73 0 95922445 5879906 961790588 5879907 57713033
74 0 95611672 5879906 962154119 5879907 57765791
75 0 95280623 5879906 962545297 5879907 57825920
76 0 94940259 5879906 962938512 5879907 57878771
77 0 94630283 5879906 963303635 5879907 57933918
78 0 94287012 5879906 963704998 5879907 57992010
79 0 93978314 5879906 964072046 5879907 58050360
80 0 93646450 5879906 964454243 5879907 58100693
81 0 93299660 5879906 964858921 5879907 58158581
82 0 92970999 5879906 965238636 5879907 58209635
83 0 92643468 5879906 965625277 5879907 58268745
84 0 92520692 5879906 966006289 5879907 58526981
85 0 92186421 5879906 966395411 5879907 58581832
86 0 91864668 5879906 966775441 5879907 58640109
87 0 91521636 5879906 967169879 5879907 58691515
88 0 91211161 5879906 967551279 5879907 58762440
89 0 90895870 5879906 967916976 5879907 58812846
90 0 90545432 5879906 968338246 5879907 58883678
91 0 90211846 5879906 968725572 5879907 58937418
92 0 89875518 5879906 969119769 5879907 58995287
93 0 89542969 5879906 969502984 5879907 59045953
94 0 89233716 5879906 969871551 5879907 59105267
95 0 88861316 5879906 970295506 5879907 59156822
96 0 88540118 5879906 970682073 5879907 59222191
97 0 88188735 5879906 971084566 5879907 59273301
98 0 87879241 5879906 971453874 5879907 59333115
99 0 87549154 5879906 971834552 5879907 59383706
100 0 87224864 5879906 972217860 5879907 59442724
101 0 87083348 5879906 972628130 5879907 59711478
102 0 86747021 5879906 973033382 5879907 59780403
103 0 86429045 5879906 973402338 5879907 59831383
104 0 86098607 5879906 973790146 5879907 59888753
105 0 85765205 5879906 974173139 5879907 59938344
106 0 85435786 5879906 974560224 5879907 59996010
107 0 85157143 5879906 974949680 5879907 60106823
108 0 84853167 5879906 975317914 5879907 60171081
109 0 84496469 5879906 975728240 5879907 60224709
110 0 84185938 5879906 976100270 5879907 60286208
111 0 83860777 5879906 976475097 5879907 60335874
112 0 83479784 5879906 976915015 5879907 60394799
113 0 83155827 5879906 977289693 5879907 60445520
114 0 82848962 5879906 977670964 5879907 60519926
115 0 82506932 5879906 978062697 5879907 60569629
116 0 82181364 5879906 978447190 5879907 60628554
117 0 81850500 5879906 978829757 5879907 60680257
118 0 81512450 5879906 979223491 5879907 60735941
119 0 81171734 5879906 979612947 5879907 60784681
120 0 80860018 5879906 979983162 5879907 60843180
121 0 80358248 5879906 980540356 5879907 60898604
122 0 80315212 5879906 980914812 5879907 61230024
123 0 79974626 5879906 981310249 5879907 61284875
124 0 79637096 5879906 981705445 5879907 61342541
125 0 79312009 5879906 982082179 5879907 61394188
126 0 79062013 5879906 982390044 5879907 61452057
127 0 78848443 5879906 982657539 5879907 61505982
128 0 78700354 5879906 982861794 5879907 61562148
1 0 120592011 5879913 742604741 5879913 863196752
2 0 119312998 5879913 743931013 5879913 863244011
3 0 118898857 5879913 744380949 5879913 863279806
4 0 118582826 5879913 744788312 5879913 863371138
5 0 118257962 5879913 745179823 5879913 863437785
6 0 117910357 5879913 745579890 5879913 863490247
7 0 117572862 5879913 745977624 5879913 863550486
8 0 117247628 5879913 746366376 5879913 863614004
9 0 116983170 5879913 746760628 5879913 863743798
10 0 116661490 5879913 747141047 5879913 863802537
11 0 116332663 5879913 747529632 5879913 863862295
12 0 116002855 5879913 747910051 5879913 863912906
13 0 115645361 5879913 748326266 5879913 863971627
14 0 115321200 5879913 748700611 5879913 864021811
15 0 115086316 5879913 749074067 5879913 864160383
16 0 114722397 5879913 749494429 5879913 864216826
17 0 114399217 5879913 749876608 5879913 864275825
18 0 113990706 5879913 750335062 5879913 864325768
19 0 113619490 5879913 750765814 5879913 864385304
20 0 113292330 5879913 751143381 5879913 864435711
21 0 113046020 5879913 751533707 5879913 864579727
22 0 112610324 5879913 752027605 5879913 864637929
23 0 112275423 5879913 752419783 5879913 864695206
24 0 111950910 5879913 752794536 5879913 864745446
25 0 111590472 5879913 753214695 5879913 864805167
26 0 111256738 5879913 753599391 5879913 864856129
27 0 110940521 5879913 753975755 5879913 864916276
28 0 110678082 5879913 754383340 5879913 865061422
29 0 110376254 5879913 754756518 5879913 865132772
30 0 110027927 5879913 755155511 5879913 865183438
31 0 109649323 5879913 755592614 5879913 865241937
32 0 109323422 5879913 755969107 5879913 865292529
33 0 108985187 5879913 756365044 5879913 865350231
34 0 108649211 5879913 756757778 5879913 865406989
35 0 108396772 5879913 757157585 5879913 865554357
36 0 108075185 5879913 757530690 5879913 865605875
37 0 107718618 5879913 757946793 5879913 865665411
38 0 107375568 5879913 758340675 5879913 865716243
39 0 107060259 5879913 758715705 5879913 865775964
40 0 106720191 5879913 759107605 5879913 865827796
41 0 106396735 5879913 759494431 5879913 865891166
42 0 106140220 5879913 759890443 5879913 866030663
43 0 105718025 5879913 760373415 5879913 866091440
44 0 105364549 5879913 760776945 5879913 866141494
45 0 105030167 5879913 761170678 5879913 866200845
46 0 104708932 5879913 761541727 5879913 866250659
47 0 104356624 5879913 761959849 5879913 866316473
48 0 104029981 5879913 762337657 5879913 866367638
49 0 103788245 5879913 762724798 5879913 866513043
50 0 103456511 5879913 763109624 5879913 866566135
51 0 103136942 5879913 763487395 5879913 866624337
52 0 102790541 5879913 763883814 5879913 866674355
53 0 102453177 5879913 764285862 5879913 866739039
54 0 102106850 5879913 764681484 5879913 866788334
55 0 101777634 5879913 765069496 5879913 866847130
56 0 101378641 5879913 765521673 5879913 866900314
57 0 101158515 5879913 765903351 5879913 867061866
58 0 100824207 5879913 766289714 5879913 867113921
59 0 100412566 5879913 766764761 5879913 867177327
60 0 100084072 5879913 767143384 5879913 867227456
61 0 99753486 5879913 767536821 5879913 867290307
62 0 99419140 5879913 767921018 5879913 867340158
63 0 99106516 5879913 768288400 5879913 867394916
64 0 98759116 5879913 768687966 5879913 867447082
65 0 98536675 5879913 769075959 5879913 867612634
66 0 98207218 5879913 769457878 5879913 867665096
67 0 97896964 5879913 769827909 5879913 867724873
68 0 97494879 5879913 770281900 5879913 867776779
69 0 97186403 5879913 770650097 5879913 867836500
70 0 96858891 5879913 771027627 5879913 867886518
71 0 96524285 5879913 771426898 5879913 867951183
72 0 96200663 5879913 771801520 5879913 868002183
73 0 95960463 5879913 772200717 5879913 868161180
74 0 95646562 5879913 772568080 5879913 868214642
75 0 95304197 5879913 772969981 5879913 868274178
76 0 94954278 5879913 773372436 5879913 868326714
77 0 94639950 5879913 773742355 5879913 868382305
78 0 94299271 5879913 774142181 5879913 868441452
79 0 94070256 5879913 774512749 5879913 868583005
80 0 93741355 5879913 774894353 5879913 868635708
81 0 93402398 5879913 775294290 5879913 868696688
82 0 93069053 5879913 775677005 5879913 868746058
83 0 92748911 5879913 776057479 5879913 868806390
84 0 92424287 5879913 776438232 5879913 868862519
85 0 92093292 5879913 776830188 5879913 868923480
86 0 91769984 5879913 777206236 5879913 868976220
87 0 91540340 5879913 777600081 5879913 869140421
88 0 91212772 5879913 777981259 5879913 869194031
89 0 90895648 5879913 778358104 5879913 869253752
90 0 90554729 5879913 778756726 5879913 869311455
91 0 90234920 5879913 779132386 5879913 869367306
92 0 89893481 5879913 779524620 5879913 869418101
93 0 89570024 5879913 779908335 5879913 869478359
94 0 89216383 5879913 780313105 5879913 869529488
95 0 88893537 5879913 780696394 5879913 869589931
96 0 88671356 5879913 781089424 5879913 869760780
97 0 88334566 5879913 781486917 5879913 869821483
98 0 88015071 5879913 781857688 5879913 869872759
99 0 87678652 5879913 782254847 5879913 869933499
100 0 87348084 5879913 782637007 5879913 869985091
101 0 87075792 5879913 783047055 5879913 870122847
102 0 86728373 5879913 783451381 5879913 870179754
103 0 86413193 5879913 783826800 5879913 870239993
104 0 86080718 5879913 784211330 5879913 870292048
105 0 85758483 5879913 784592564 5879913 870351047
106 0 85556746 5879913 784982260 5879913 870539006
107 0 85229011 5879913 785371068 5879913 870600079
108 0 84909591 5879913 785741487 5879913 870651078
109 0 84563320 5879913 786152850 5879913 870716170
110 0 84238863 5879913 786528250 5879913 870767113
111 0 83928295 5879913 786897336 5879913 870825631
112 0 83563560 5879913 787313255 5879913 870876815
113 0 83255473 5879913 787680785 5879913 870936258
114 0 82925443 5879913 788061963 5879913 870987406
115 0 82594301 5879913 788456715 5879913 871051016
116 0 82260232 5879913 788843060 5879913 871103292
117 0 81933627 5879913 789228553 5879913 871162180
118 0 81748483 5879913 789615064 5879913 871363547
119 0 81421489 5879913 789998798 5879913 871420287
120 0 81054014 5879913 790417327 5879913 871471341
121 0 80717390 5879913 790817450 5879913 871534840
122 0 80381526 5879913 791202276 5879913 871583802
123 0 80046403 5879913 791596898 5879913 871643301
124 0 79703687 5879913 791989743 5879913 871693430
125 0 79412747 5879913 792338737 5879913 871751484
126 0 79255176 5879913 792546807 5879913 871801983
127 0 79111568 5879913 792754951 5879913 871866519
128 0 78955293 5879913 792960929 5879913 871916222
1 0 117959875 5879920 507766958 5879920 625726833
2 0 116961670 5879920 508810884 5879920 625772554
3 0 116733934 5879920 509153229 5879920 625887163
4 0 116496549 5879920 509459520 5879920 625956069
5 0 116316386 5879920 509751292 5879920 626067678
6 0 116000188 5879920 510151155 5879920 626151343
7 0 115862616 5879920 510472798 5879920 626335414
8 0 115627065 5879920 510771570 5879920 626398635
9 0 115423514 5879920 511070064 5879920 626493578
10 0 115224591 5879920 511354559 5879920 626579150
11 0 115113130 5879920 511651017 5879920 626764147
12 0 114913281 5879920 511936549 5879920 626849830
13 0 114690823 5879920 512251672 5879920 626942495
14 0 114456550 5879920 512536241 5879920 626992791
15 0 114270312 5879920 512817625 5879920 627087937
16 0 114136871 5879920 513133304 5879920 627270175
17 0 113958817 5879920 513419207 5879920 627378024
18 0 113747970 5879920 513714312 5879920 627462282
19 0 113515975 5879920 514038880 5879920 627554855
20 0 113310422 5879920 514325838 5879920 627636260
21 0 113217332 5879920 514618129 5879920 627835461
22 0 112893467 5879920 514996215 5879920 627889682
23 0 112695619 5879920 515289987 5879920 627985606
24 0 112497160 5879920 515570778 5879920 628067938
25 0 112276645 5879920 515884124 5879920 628160769
26 0 112174591 5879920 516169860 5879920 628344451
27 0 111986910 5879920 516450058 5879920 628436968
28 0 111733229 5879920 516755868 5879920 628489097
29 0 111590361 5879920 517036270 5879920 628626631
30 0 111373199 5879920 517338357 5879920 628711556
31 0 111268053 5879920 517671480 5879920 628939533
32 0 111069686 5879920 517954123 5879920 629023809
33 0 110861597 5879920 518253470 5879920 629115067
34 0 110618768 5879920 518547761 5879920 629166529
35 0 110410698 5879920 518849218 5879920 629259916
36 0 110214979 5879920 519129343 5879920 629344322
37 0 110104296 5879920 519443022 5879920 629547318
38 0 109894893 5879920 519740257 5879920 629635150
39 0 109666952 5879920 520060048 5879920 629727000
40 0 109437919 5879920 520372283 5879920 629810202
41 0 109241312 5879920 520667481 5879920 629908793
42 0 109021927 5879920 520969827 5879920 629991754
43 0 108887911 5879920 521258100 5879920 630146011
44 0 108794691 5879920 521564520 5879920 630359211
45 0 108595343 5879920 521858681 5879920 630454024
46 0 108397290 5879920 522139936 5879920 630537226
47 0 108177350 5879920 522456615 5879920 630633965
48 0 107978835 5879920 522739573 5879920 630718408
49 0 107774746 5879920 523031567 5879920 630806313
50 0 107530565 5879920 523327562 5879920 630858127
51 0 107345717 5879920 523607779 5879920 630953496
52 0 107295032 5879920 523908033 5879920 631203065
53 0 107091999 5879920 524208694 5879920 631300693
54 0 106844004 5879920 524507929 5879920 631351933
55 0 106645786 5879920 524799442 5879920 631445228
56 0 106391531 5879920 525138288 5879920 631529819
57 0 106195034 5879920 525427283 5879920 631622317
58 0 106026667 5879920 525711926 5879920 631738593
59 0 105761505 5879920 526078141 5879920 631839646
60 0 105725266 5879920 526369339 5879920 632094605
61 0 105492269 5879920 526665260 5879920 632157529
62 0 105285606 5879920 526956107 5879920 632241713
63 0 105097703 5879920 527234620 5879920 632332323
64 0 104878096 5879920 527536929 5879920 632415025
65 0 104680265 5879920 527827054 5879920 632507319
66 0 104448974 5879920 528116048 5879920 632565022
67 0 104268421 5879920 528391710 5879920 632660131
68 0 104048295 5879920 528697501 5879920 632745796
69 0 104050018 5879920 528973662 5879920 633023680
70 0 103853781 5879920 529256675 5879920 633110456
71 0 103647766 5879920 529555281 5879920 633203047
72 0 103408826 5879920 529849720 5879920 633258546
73 0 103069369 5879920 530279694 5879920 633349063
74 0 102876725 5879920 530557911 5879920 633434636
75 0 102672080 5879920 530856128 5879920 633528208
76 0 102466473 5879920 531144548 5879920 633611021
77 0 102279384 5879920 531419117 5879920 633698501
78 0 102215867 5879920 531718982 5879920 633934849
79 0 102036296 5879920 531995181 5879920 634031477
80 0 101823096 5879920 532292361 5879920 634115457
81 0 101613248 5879920 532593503 5879920 634206751
82 0 101413030 5879920 532876720 5879920 634289750
83 0 101217366 5879920 533165437 5879920 634382803
84 0 101012629 5879920 533457765 5879920 634470394
85 0 100806633 5879920 533754408 5879920 634561041
86 0 100575637 5879920 534037440 5879920 634613077
87 0 100365086 5879920 534340934 5879920 634706020
88 0 100423029 5879920 534632299 5879920 635055328
89 0 100238440 5879920 534910016 5879920 635148456
90 0 99995833 5879920 535208455 5879920 635204288
91 0 99799059 5879920 535497320 5879920 635296379
92 0 99584600 5879920 535795093 5879920 635379693
93 0 99387752 5879920 536083143 5879920 635470895
94 0 99187552 5879920 536365915 5879920 635553467
95 0 98986389 5879920 536666891 5879920 635653280
96 0 98782207 5879920 536954479 5879920 635736686
97 0 98581137 5879920 537252418 5879920 635833555
98 0 98383585 5879920 537533376 5879920 635916961
99 0 98396566 5879920 537820148 5879920 636216714
100 0 98192792 5879920 538109698 5879920 636302490
101 0 97969314 5879920 538423193 5879920 636392507
102 0 97716394 5879920 538727724 5879920 636444118
103 0 97532767 5879920 539008923 5879920 636541690
104 0 97327308 5879920 539296528 5879920 636623836
105 0 97128071 5879920 539584208 5879920 636712279
106 0 96921408 5879920 539873999 5879920 636795407
107 0 96686153 5879920 540200271 5879920 636886424
108 0 96451213 5879920 540487025 5879920 636938238
109 0 96234810 5879920 540799519 5879920 637034329
110 0 96038517 5879920 541079403 5879920 637117920
111 0 96103886 5879920 541355787 5879920 637459673
112 0 95845131 5879920 541668615 5879920 637513746
113 0 95659820 5879920 541943961 5879920 637603781
114 0 95452175 5879920 542234160 5879920 637686335
115 0 95248643 5879920 542536117 5879920 637784760
116 0 95010332 5879920 542824279 5879920 637834611
117 0 94817336 5879920 543108236 5879920 637925572
118 0 94563489 5879920 543411934 5879920 637975423
119 0 94330603 5879920 543699837 5879920 638030440
120 0 94105423 5879920 543973720 5879920 638079143
121 0 93876649 5879920 544271808 5879920 638148457
122 0 93652580 5879920 544553302 5879920 638205882
123 0 93407251 5879920 544848130 5879920 638255381
124 0 93339548 5879920 545135069 5879920 638474617
125 0 93112589 5879920 545413027 5879920 638525616
126 0 92881908 5879920 545700911 5879920 638582819
127 0 92631246 5879920 546007257 5879920 638638503
128 0 92394824 5879920 546302178 5879920 638697002
1 0 130224761 5879927 242712137 5879927 372936898
2 0 128949173 5879927 244060816 5879927 373009989
3 0 128527439 5879927 244518734 5879927 373046173
4 0 128154798 5879927 244926134 5879927 373080932
5 0 127842508 5879927 245320441 5879927 373162949
6 0 127553532 5879927 245720156 5879927 373273688
7 0 127215260 5879927 246119482 5879927 373334742
8 0 126884007 5879927 246513790 5879927 373397797
9 0 126544605 5879927 246911894 5879927 373456499
10 0 126269647 5879927 247293535 5879927 373563182
11 0 125942469 5879927 247686490 5879927 373628959
12 0 125605216 5879927 248073520 5879927 373678736
13 0 125247223 5879927 248491253 5879927 373738476
14 0 124919358 5879927 248869635 5879927 373788993
15 0 124601567 5879927 249245758 5879927 373847325
16 0 124312443 5879927 249666417 5879927 373978860
17 0 123941913 5879927 250101983 5879927 374043896
18 0 123584660 5879927 250509476 5879927 374094136
19 0 123217760 5879927 250934412 5879927 374152172
20 0 122893340 5879927 251318479 5879927 374211819
21 0 122562049 5879927 251715639 5879927 374277688
22 0 122207704 5879927 252200000 5879927 374407704
23 0 121878877 5879927 252594863 5879927 374473740
24 0 121555919 5879927 252968912 5879927 374524831
25 0 121199037 5879927 253385256 5879927 374584293
26 0 120862414 5879927 253772286 5879927 374634700
27 0 120544827 5879927 254148724 5879927 374693551
28 0 120185481 5879927 254558809 5879927 374744290
29 0 119963485 5879927 254937191 5879927 374900676
30 0 119615937 5879927 255337072 5879927 374953009
31 0 119235814 5879927 255777675 5879927 375013489
32 0 118911486 5879927 256153965 5879927 375065451
33 0 118573641 5879927 256553476 5879927 375127117
34 0 118233610 5879927 256945598 5879927 375179208
35 0 117898931 5879927 257344869 5879927 375243800
36 0 117570233 5879927 257724418 5879927 375294651
37 0 117213925 5879927 258141299 5879927 375355224
38 0 116984577 5879927 258539625 5879927 375524202
39 0 116673305 5879927 258912285 5879927 375585590
40 0 116328589 5879927 259308944 5879927 375637533
41 0 116003892 5879927 259697770 5879927 375701662
42 0 115616269 5879927 260136207 5879927 375752476
43 0 115280645 5879927 260530218 5879927 375810863
44 0 114927523 5879927 260935488 5879927 375863011
45 0 114607583 5879927 261327463 5879927 375935046
46 0 114284904 5879927 261701993 5879927 375986897
47 0 113917078 5879927 262132263 5879927 376049341
48 0 113720396 5879927 262507626 5879927 376228022
49 0 113378440 5879927 262907785 5879927 376286225
50 0 113044242 5879927 263293278 5879927 376337520
51 0 112720322 5879927 263675771 5879927 376396093
52 0 112379328 5879927 264066968 5879927 376446296
53 0 112040557 5879927 264470183 5879927 376510740
54 0 111694008 5879927 264868416 5879927 376562424
55 0 111361032 5879927 265258594 5879927 376619626
56 0 110963280 5879927 265708234 5879927 376671514
57 0 110642638 5879927 266088449 5879927 376731087
58 0 110304367 5879927 266477016 5879927 376781383
59 0 109894689 5879927 266952804 5879927 376847493
60 0 109717989 5879927 267335204 5879927 377053193
61 0 109386254 5879927 267730345 5879927 377116599
62 0 109052075 5879927 268115764 5879927 377167839
63 0 108739877 5879927 268487405 5879927 377227282
64 0 108384013 5879927 268894453 5879927 377278466
65 0 108055445 5879927 269281946 5879927 377337391
66 0 107723210 5879927 269671384 5879927 377394594
67 0 107375383 5879927 270079543 5879927 377454926
68 0 107004927 5879927 270499831 5879927 377504758
69 0 106692692 5879927 270870102 5879927 377562794
70 0 106364438 5879927 271250744 5879927 377615182
71 0 106036815 5879927 271647033 5879927 377683848
72 0 105716044 5879927 272024766 5879927 377740810
73 0 105376068 5879927 272423870 5879927 377799938
74 0 105224441 5879927 272807030 5879927 378031471
75 0 104892558 5879927 273204986 5879927 378097544
76 0 104557324 5879927 273593497 5879927 378150821
77 0 104247348 5879927 273960675 5879927 378208023
78 0 103901910 5879927 274363927 5879927 378265837
79 0 103589082 5879927 274734772 5879927 378323854
80 0 103255162 5879927 275120821 5879927 378375983
81 0 102907872 5879927 275527184 5879927 378435056
82 0 102584674 5879927 275904029 5879927 378488703
83 0 102264958 5879927 276284744 5879927 378549702
84 0 101939705 5879927 276665959 5879927 378605664
85 0 101606859 5879927 277057915 5879927 378664774
86 0 101287180 5879927 277437667 5879927 378724847
87 0 100939557 5879927 277835697 5879927 378775254
88 0 100617136 5879927 278218153 5879927 378835289
89 0 100492713 5879927 278593961 5879927 379086674
90 0 100174719 5879927 278990620 5879927 379165339
91 0 99847688 5879927 279370965 5879927 379218653
92 0 99512935 5879927 279763680 5879927 379276615
93 0 99020017 5879927 280305689 5879927 379325706
94 0 98705394 5879927 280681163 5879927 379386557
95 0 98371048 5879927 281064786 5879927 379435834
96 0 98046017 5879927 281454149 5879927 379500166
97 0 97692727 5879927 281865660 5879927 379558387
98 0 97379862 5879927 282237061 5879927 379616923
99 0 97048221 5879927 282618683 5879927 379666904
100 0 96723967 5879927 283003491 5879927 379727458
101 0 96363937 5879927 283412650 5879927 379776587
102 0 96027610 5879927 283813976 5879927 379841586
103 0 95707042 5879927 284187617 5879927 379894659
104 0 95379232 5879927 284570833 5879927 379950065
105 0 96065943 5879927 284951344 5879927 381017287
106 0 95764633 5879927 285337004 5879927 381101637
107 0 95687134 5879927 285723682 5879927 381410816
108 0 95388492 5879927 286091638 5879927 381480130
109 0 95026554 5879927 286503501 5879927 381530055
110 0 94708782 5879927 286878346 5879927 381587128
111 0 94385659 5879927 287251098 5879927 381636757
112 0 94034979 5879927 287659165 5879927 381694144
113 0 93714226 5879927 288029232 5879927 381743458
114 0 93391954 5879927 288413577 5879927 381805531
115 0 93050683 5879927 288805070 5879927 381855753
116 0 92724466 5879927 289189563 5879927 381914029
117 0 92389843 5879927 289573778 5879927 381963621
118 0 92060423 5879927 289960549 5879927 382020972
119 0 91680282 5879927 290389967 5879927 382070249
120 0 91349325 5879927 290778719 5879927 382128044
121 0 91006220 5879927 291177434 5879927 382183654
122 0 90695893 5879927 291545408 5879927 382241301
123 0 90358232 5879927 291938827 5879927 382297059
124 0 90025405 5879927 292328820 5879927 382354225
125 0 89706873 5879927 292695258 5879927 382402131
126 0 89382639 5879927 293076399 5879927 382459038
127 0 89045663 5879927 293477818 5879927 382523481
128 0 88711318 5879927 293873625 5879927 382584943
1 0 119050503 5879934 47397222 5879934 166447725
2 0 118126297 5879934 48435333 5879934 166561630
3 0 117885746 5879934 48778123 5879934 166663869
4 0 117802803 5879934 49082154 5879934 166884957
5 0 117706194 5879934 49376834 5879934 167083028
6 0 117572400 5879934 49678347 5879934 167250747
7 0 117408365 5879934 49975157 5879934 167383522
8 0 117176092 5879934 50383168 5879934 167559260
9 0 117049761 5879934 50684588 5879934 167734349
10 0 116884727 5879934 50969953 5879934 167854680
11 0 116774378 5879934 51270929 5879934 168045307
12 0 116901449 5879934 51558535 5879934 168459984
13 0 116764988 5879934 51872363 5879934 168637351
14 0 116658324 5879934 52154117 5879934 168812441
15 0 116510252 5879934 52435223 5879934 168945475
16 0 116354237 5879934 52753328 5879934 169107565
17 0 116260739 5879934 53039193 5879934 169299932
18 0 116084835 5879934 53334113 5879934 169418948
19 0 115943930 5879934 53650737 5879934 169594667
20 0 115787951 5879934 53931751 5879934 169719702
21 0 115678564 5879934 54224949 5879934 169903513
22 0 115525029 5879934 54604424 5879934 170129453
23 0 115334608 5879934 54898714 5879934 170233322
24 0 115128537 5879934 55178506 5879934 170307043
25 0 114900171 5879934 55490426 5879934 170390597
26 0 114687361 5879934 55776309 5879934 170463670
27 0 114487197 5879934 56058767 5879934 170545964
28 0 114706416 5879934 56362539 5879934 171068955
29 0 114573806 5879934 56640183 5879934 171213989
30 0 114440012 5879934 56939307 5879934 171379319
31 0 114243480 5879934 57267578 5879934 171511058
32 0 114124704 5879934 57551647 5879934 171676351
33 0 113959059 5879934 57847512 5879934 171806571
34 0 113801469 5879934 58140211 5879934 171941680
35 0 113604454 5879934 58440742 5879934 172045196
36 0 113377292 5879934 58721885 5879934 172099177
37 0 113158018 5879934 59033361 5879934 172191379
38 0 112948633 5879934 59325689 5879934 172274322
39 0 112760877 5879934 59603795 5879934 172364672
40 0 112570639 5879934 59898901 5879934 172469540
41 0 112319255 5879934 60239450 5879934 172558705
42 0 112103833 5879934 60546852 5879934 172650685
43 0 111867967 5879934 60833087 5879934 172701054
44 0 111684508 5879934 61138896 5879934 172823404
45 0 111442031 5879934 61433335 5879934 172875366
46 0 111257609 5879934 61717015 5879934 172974624
47 0 111405624 5879934 62037917 5879934 173443541
48 0 111222627 5879934 62322412 5879934 173545039
49 0 111012890 5879934 62614666 5879934 173627556
50 0 110781562 5879934 62905882 5879934 173687444
51 0 110582713 5879934 63191581 5879934 173774294
52 0 110373754 5879934 63491612 5879934 173865366
53 0 110159777 5879934 63793125 5879934 173952902
54 0 109952614 5879934 64089379 5879934 174041993
55 0 109747969 5879934 64379411 5879934 174127380
56 0 109499881 5879934 64719812 5879934 174219693
57 0 109293218 5879934 65008196 5879934 174301414
58 0 108597898 5879934 65763608 5879934 174361506
59 0 108307199 5879934 66142897 5879934 174450096
60 0 108116203 5879934 66425003 5879934 174541206
61 0 107904151 5879934 66720479 5879934 174624630
62 0 107704395 5879934 67006937 5879934 174711332
63 0 107510566 5879934 67283524 5879934 174794090
64 0 107299051 5879934 67585352 5879934 174884403
65 0 107112610 5879934 67872162 5879934 174984772
66 0 106919836 5879934 68157564 5879934 175077400
67 0 106698340 5879934 68433929 5879934 175132269
68 0 106497196 5879934 68736090 5879934 175233286
69 0 106303607 5879934 69023344 5879934 175326951
70 0 106103962 5879934 69306135 5879934 175410097
71 0 105899744 5879934 69607500 5879934 175507244
72 0 106190090 5879934 69890403 5879934 176080493
73 0 105897558 5879934 70280525 5879934 176178083
74 0 105665655 5879934 70562594 5879934 176228249
75 0 105459104 5879934 70868588 5879934 176327692
76 0 105254607 5879934 71157861 5879934 176412468
77 0 105073389 5879934 71435059 5879934 176508448
78 0 104857781 5879934 71734739 5879934 176592520
79 0 104675173 5879934 72010401 5879934 176685574
80 0 104469547 5879934 72301525 5879934 176771072
81 0 104259904 5879934 72603056 5879934 176862960
82 0 104055185 5879934 72889773 5879934 176944958
83 0 103855522 5879934 73184212 5879934 177039734
84 0 103618396 5879934 73472578 5879934 177090974
85 0 103414752 5879934 73767554 5879934 177182306
86 0 103212367 5879934 74051789 5879934 177264156
87 0 103004389 5879934 74350802 5879934 177355191
88 0 102793078 5879934 74644112 5879934 177437190
89 0 102598453 5879934 74929606 5879934 177528059
90 0 102350512 5879934 75230379 5879934 177580891
91 0 102166960 5879934 75516781 5879934 177683741
92 0 101943816 5879934 75823646 5879934 177767462
93 0 101748524 5879934 76110751 5879934 177859275
94 0 101558230 5879934 76384469 5879934 177942699
95 0 101367938 5879934 76672130 5879934 178040068
96 0 101157757 5879934 76965365 5879934 178123122
97 0 100954205 5879934 77259730 5879934 178213935
98 0 100728413 5879934 77536151 5879934 178264564
99 0 101095202 5879934 77821831 5879934 178917033
100 0 100863798 5879934 78109567 5879934 178973365
101 0 100619896 5879934 78416839 5879934 179036735
102 0 100370364 5879934 78714796 5879934 179085160
103 0 100142645 5879934 78995199 5879934 179137844
104 0 99905095 5879934 79281878 5879934 179186973
105 0 99674747 5879934 79568484 5879934 179243231
106 0 99435343 5879934 79855609 5879934 179290952
107 0 99002463 5879934 80344396 5879934 179346859
108 0 98777615 5879934 80624483 5879934 179402098
109 0 98524675 5879934 80934107 5879934 179458782
110 0 98290957 5879934 81216639 5879934 179507596
111 0 98068868 5879934 81495412 5879934 179564280
112 0 97806984 5879934 81807240 5879934 179614224
113 0 97590174 5879934 82081401 5879934 179671575
114 0 97357715 5879934 82367507 5879934 179725222
115 0 97103849 5879934 82678205 5879934 179782054
116 0 96874575 5879934 82964589 5879934 179839164
117 0 96640302 5879934 83251287 5879934 179891589
118 0 96402862 5879934 83537967 5879934 179940829
119 0 96173866 5879934 83824758 5879934 179998624
120 0 96243976 5879934 84100401 5879934 180344377
121 0 96003036 5879934 84400285 5879934 180403321
122 0 95775263 5879934 84677705 5879934 180452968
123 0 95537211 5879934 84972626 5879934 180509837
124 0 95305086 5879934 85262602 5879934 180567688
125 0 95079738 5879934 85536653 5879934 180616391
126 0 94856297 5879934 85822907 5879934 180679204
127 0 94602321 5879934 86125864 5879934 180728185
128 0 94745411 5879934 86421173 5879934 181166584
1 0 124078040 5879940 782330290 5879940 906408330
2 0 122849191 5879940 783670155 5879940 906519346
3 0 122446848 5879940 784109961 5879940 906556809
4 0 122195370 5879940 784514769 5879940 906710139
5 0 121974431 5879940 784906724 5879940 906881155
6 0 121660936 5879940 785304106 5879940 906965042
7 0 121392811 5879940 785695377 5879940 907088188
8 0 121152482 5879940 786084870 5879940 907237352
9 0 120845118 5879940 786481677 5879940 907326795
10 0 120580271 5879940 786861355 5879940 907441626
11 0 120282943 5879940 787253422 5879940 907536365
12 0 120014355 5879940 787634897 5879940 907649252
13 0 119900690 5879940 788054204 5879940 907954894
14 0 119637806 5879940 788431901 5879940 908069707
15 0 119387571 5879940 788806560 5879940 908194131
16 0 119054095 5879940 789224719 5879940 908278814
17 0 118857469 5879940 789598120 5879940 908455589
18 0 118584252 5879940 789986983 5879940 908571235
19 0 118190667 5879940 790470585 5879940 908661252
20 0 117895672 5879940 790848245 5879940 908743917
21 0 117635695 5879940 791237312 5879940 908873007
22 0 117257201 5879940 791729322 5879940 908986523
23 0 116990188 5879940 792122629 5879940 909112817
24 0 116699730 5879940 792496308 5879940 909196038
25 0 116401032 5879940 792916263 5879940 909317295
26 0 116108742 5879940 793293052 5879940 909401794
27 0 115861949 5879940 793662342 5879940 909524291
28 0 115544437 5879940 794063945 5879940 909608382
29 0 115299682 5879940 794435050 5879940 909734732
30 0 115018688 5879940 794830857 5879940 909849545
31 0 115262350 5879940 795269497 5879940 910531847
32 0 115005706 5879940 795644139 5879940 910649845
33 0 114704434 5879940 796034891 5879940 910739325
34 0 114402421 5879940 796419810 5879940 910822231
35 0 114133574 5879940 796817876 5879940 910951450
36 0 113840672 5879940 797194166 5879940 911034838
37 0 113553344 5879940 797604362 5879940 911157706
38 0 113250997 5879940 797990670 5879940 911241667
39 0 113005150 5879940 798360385 5879940 911365535
40 0 112726860 5879940 798753396 5879940 911480256
41 0 112465864 5879940 799141871 5879940 911607735
42 0 112202017 5879940 799539826 5879940 911741843
43 0 111936818 5879940 799919375 5879940 911856193
44 0 111573658 5879940 800373626 5879940 911947284
45 0 111293978 5879940 800767100 5879940 912061078
46 0 111042834 5879940 801140464 5879940 912183298
47 0 110709525 5879940 801560401 5879940 912269926
48 0 110460993 5879940 801938523 5879940 912399516
49 0 110157721 5879940 802324424 5879940 912482145
50 0 109901392 5879940 802708787 5879940 912610179
51 0 109648693 5879940 803079225 5879940 912727918
52 0 109383050 5879940 803476551 5879940 912859601
53 0 109106481 5879940 803873877 5879940 912980358
54 0 108829856 5879940 804270462 5879940 913100318
55 0 108536232 5879940 804656622 5879940 913192854
56 0 108211053 5879940 805097447 5879940 913308500
57 0 107924540 5879940 805474273 5879940 913398813
58 0 107658600 5879940 805857692 5879940 913516292
59 0 107320958 5879940 806321628 5879940 913642586
60 0 107024371 5879940 806699769 5879940 913724140
61 0 106763969 5879940 807089984 5879940 913853953
62 0 106502047 5879940 807472385 5879940 913974432
63 0 106263459 5879940 807837341 5879940 914100800
64 0 105976520 5879940 808238389 5879940 914214909
65 0 105692396 5879940 808620382 5879940 914312778
66 0 105394549 5879940 809001523 5879940 914396072
67 0 105098350 5879940 809367480 5879940 914465830
68 0 104742246 5879940 809774083 5879940 914516329
69 0 104842652 5879940 810256593 5879940 915099245
70 0 104519102 5879940 810636308 5879940 915155410
71 0 104168627 5879940 811048153 5879940 915216780
72 0 103842448 5879940 811423775 5879940 915266223
73 0 103506639 5879940 811817416 5879940 915324055
74 0 103208238 5879940 812179150 5879940 915387388
75 0 102865059 5879940 812570754 5879940 915435813
76 0 102545046 5879940 812951914 5879940 915496960
77 0 102228440 5879940 813318463 5879940 915546903
78 0 101890947 5879940 813713344 5879940 915604291
79 0 101570842 5879940 814082467 5879940 915653309
80 0 101245495 5879940 814465090 5879940 915710585
81 0 100894410 5879940 814865249 5879940 915759659
82 0 100577712 5879940 815243131 5879940 915820843
83 0 100237792 5879940 815632902 5879940 915870694
84 0 99912224 5879940 816015765 5879940 915927989
85 0 99573118 5879940 816403777 5879940 915976895
86 0 99253625 5879940 816780251 5879940 916033876
87 0 98909853 5879940 817173207 5879940 916083060
88 0 98577100 5879940 817556941 5879940 916134041
89 0 98260957 5879940 817927675 5879940 916188632
90 0 97915260 5879940 818329723 5879940 916244983
91 0 97583341 5879940 818709882 5879940 916293223
92 0 97260402 5879940 819101616 5879940 916362018
93 0 96930631 5879940 819480479 5879940 916411110
94 0 96606044 5879940 819862102 5879940 916468146
95 0 96237679 5879940 820284317 5879940 916521996
96 0 95906797 5879940 820671569 5879940 916578366
97 0 95558433 5879940 821070432 5879940 916628865
98 0 95247013 5879940 821438629 5879940 916685642
99 0 94919945 5879940 821824436 5879940 916744381
100 0 94587451 5879940 822205874 5879940 916793325
101 0 94246291 5879940 822613829 5879940 916860120
102 0 93898093 5879940 823014341 5879940 916912434
103 0 93587358 5879940 823382630 5879940 916969988
104 0 93251901 5879940 823768642 5879940 917020543
105 0 92931500 5879940 824148023 5879940 917079523
106 0 92597228 5879940 824532461 5879940 917129689
107 0 92270382 5879940 824920732 5879940 917191114
108 0 91964740 5879940 825287095 5879940 917251835
109 0 91615950 5879940 825693643 5879940 917309593
110 0 91299178 5879940 826061229 5879940 917360407
111 0 90986498 5879940 826431519 5879940 917418017
112 0 90619265 5879940 826848196 5879940 917467461
113 0 90310325 5879940 827218838 5879940 917529163
114 0 89993887 5879940 827599460 5879940 917593347
115 0 89654949 5879940 827987786 5879940 917642735
116 0 89328122 5879940 828372631 5879940 917700753
117 0 88994832 5879940 828766994 5879940 917761826
118 0 88665708 5879940 829158283 5879940 917823991
119 0 88332603 5879940 829541091 5879940 917873694
120 0 88020256 5879940 829910455 5879940 917930711
121 0 87633467 5879940 830347688 5879940 917981155
122 0 87322658 5879940 830716662 5879940 918039320
123 0 86982424 5879940 831107118 5879940 918089542
124 0 86663651 5879940 831487556 5879940 918151207
125 0 86343194 5879940 831859327 5879940 918202521
126 0 86028775 5879940 832240838 5879940 918269613
127 0 85685151 5879940 832645831 5879940 918330982
128 0 85342231 5879940 833037842 5879940 918380073
1 0 118119408 5879947 517472169 5879947 635591577
2 0 117105575 5879947 518552149 5879947 635657724
3 0 116808655 5879947 518899809 5879947 635708464
4 0 116627232 5879947 519208970 5879947 635836202
5 0 116424809 5879947 519502910 5879947 635927719
6 0 116197462 5879947 519803645 5879947 636001107
7 0 115859450 5879947 520225952 5879947 636085402
8 0 115635639 5879947 520534705 5879947 636170344
9 0 115515604 5879947 520839811 5879947 636355415
10 0 115315275 5879947 521125102 5879947 636440377
11 0 115108760 5879947 521419078 5879947 636527838
12 0 114887949 5879947 521712184 5879947 636600133
13 0 114654083 5879947 522029789 5879947 636683872
14 0 114442328 5879947 522315580 5879947 636757908
15 0 114362514 5879947 522598186 5879947 636960700
16 0 114128166 5879947 522913699 5879947 637041865
17 0 113902968 5879947 523198545 5879947 637101513
18 0 113659860 5879947 523490966 5879947 637150826
19 0 113400736 5879947 523808886 5879947 637209622
20 0 113167962 5879947 524093511 5879947 637261473
21 0 113028205 5879947 524385931 5879947 637414136
22 0 112698804 5879947 524775591 5879947 637474395
23 0 112460235 5879947 525071233 5879947 637531468
24 0 112228331 5879947 525353395 5879947 637581726
25 0 112029538 5879947 525665982 5879947 637695520
26 0 111796302 5879947 525950458 5879947 637746760
27 0 111572825 5879947 526232675 5879947 637805500
28 0 111367903 5879947 526535021 5879947 637902924
29 0 111144759 5879947 526816979 5879947 637961738
30 0 110893856 5879947 527118399 5879947 638012255
31 0 110660897 5879947 527450375 5879947 638111272
32 0 110427457 5879947 527733277 5879947 638160734
33 0 110220386 5879947 528029124 5879947 638249510
34 0 110012687 5879947 528321266 5879947 638333953
35 0 109792468 5879947 528618187 5879947 638410655
36 0 109609676 5879947 528899996 5879947 638509672
37 0 109370661 5879947 529215509 5879947 638586170
38 0 109198720 5879947 529508893 5879947 638707613
39 0 108997853 5879947 529788758 5879947 638786611
40 0 108757265 5879947 530133215 5879947 638890480
41 0 108545065 5879947 530432691 5879947 638977756
42 0 108345532 5879947 530733963 5879947 639079495
43 0 108161591 5879947 531019124 5879947 639180715
44 0 107968224 5879947 531322100 5879947 639290324
45 0 107751710 5879947 531616502 5879947 639368212
46 0 107584676 5879947 531896108 5879947 639480784
47 0 107350180 5879947 532212565 5879947 639562745
48 0 107170553 5879947 532493264 5879947 639663817
49 0 106977854 5879947 532784647 5879947 639762501
50 0 106780209 5879947 533076679 5879947 639856888
51 0 106595675 5879947 533355211 5879947 639950886
52 0 106419234 5879947 533652076 5879947 640071310
53 0 106204312 5879947 533948496 5879947 640152808
54 0 107105574 5879947 534243324 5879947 641348898
55 0 106914706 5879947 534532449 5879947 641447155
56 0 106703266 5879947 534851554 5879947 641554820
57 0 106505991 5879947 535148882 5879947 641654873
58 0 106324458 5879947 535429747 5879947 641754205
59 0 106056685 5879947 535798092 5879947 641854777
60 0 105856726 5879947 536090513 5879947 641947239
61 0 105655748 5879947 536387748 5879947 642043496
62 0 105468567 5879947 536676835 5879947 642145402
63 0 105272515 5879947 536953052 5879947 642225567
64 0 105077221 5879947 537254825 5879947 642332046
65 0 104890762 5879947 537541708 5879947 642432470
66 0 104702951 5879947 537825999 5879947 642528950
67 0 104532694 5879947 538099606 5879947 642632300
68 0 104319532 5879947 538403489 5879947 642723021
69 0 104145609 5879947 538679280 5879947 642824889
70 0 103957224 5879947 538962219 5879947 642919443
71 0 103742542 5879947 539263103 5879947 643005645
72 0 103564083 5879947 539546560 5879947 643110643
73 0 103362253 5879947 539846259 5879947 643208512
74 0 103150165 5879947 540163660 5879947 643313825
75 0 102945168 5879947 540467821 5879947 643412989
76 0 102739634 5879947 540767668 5879947 643507302
77 0 102578601 5879947 541044755 5879947 643623356
78 0 102364290 5879947 541342509 5879947 643706799
79 0 102192459 5879947 541619893 5879947 643812352
80 0 102006870 5879947 541905221 5879947 643912091
81 0 101783818 5879947 542207864 5879947 643991682
82 0 101599377 5879947 542497118 5879947 644096495
83 0 101413659 5879947 542782464 5879947 644196123
84 0 101221163 5879947 543068014 5879947 644289177
85 0 101023796 5879947 543359861 5879947 644383657
86 0 100838688 5879947 543645300 5879947 644483988
87 0 100638784 5879947 543941091 5879947 644579875
88 0 100444288 5879947 544228938 5879947 644673226
89 0 100259995 5879947 544509858 5879947 644769853
90 0 100063480 5879947 544808779 5879947 644872259
91 0 99875298 5879947 545094718 5879947 644970016
92 0 99680154 5879947 545392027 5879947 645072181
93 0 99489435 5879947 545678504 5879947 645167939
94 0 99312883 5879947 545955128 5879947 645268011
95 0 99122867 5879947 546240901 5879947 645363768
96 0 98930501 5879947 546531099 5879947 645461600
97 0 98718356 5879947 546823946 5879947 645542302
98 0 98550248 5879947 547099274 5879947 645649522
99 0 98346956 5879947 547400028 5879947 645746984
100 0 98154960 5879947 547687763 5879947 645842723
101 0 97982907 5879947 547997165 5879947 645980072
102 0 97749670 5879947 548302456 5879947 646052126
103 0 97540267 5879947 548589802 5879947 646130069
104 0 97347789 5879947 548878649 5879947 646226438
105 0 97155848 5879947 549164829 5879947 646320677
106 0 96962500 5879947 549453471 5879947 646415971
107 0 96772911 5879947 549739707 5879947 646512618
108 0 96466490 5879947 550140200 5879947 646606690
109 0 96239773 5879947 550471471 5879947 646711244
110 0 96053961 5879947 550749985 5879947 646803946
111 0 95875557 5879947 551025961 5879947 646901518
112 0 95657302 5879947 551341029 5879947 646998331
113 0 95475453 5879947 551618561 5879947 647094014
114 0 95279383 5879947 551910463 5879947 647189846
115 0 95068313 5879947 552208939 5879947 647277252
116 0 94887390 5879947 552496471 5879947 647383861
117 0 94703690 5879947 552780151 5879947 647483841
118 0 94503471 5879947 553070775 5879947 647574246
119 0 94309938 5879947 553358918 5879947 647668856
120 0 94128811 5879947 553634784 5879947 647763595
121 0 93931740 5879947 553936297 5879947 647868037
122 0 93762614 5879947 554225680 5879947 647988294
123 0 93540526 5879947 554524156 5879947 648064682
124 0 93342696 5879947 554812003 5879947 648154699
125 0 93166681 5879947 555094053 5879947 648260734
126 0 92972166 5879947 555382233 5879947 648354399
127 0 92779818 5879947 555684653 5879947 648464471
128 0 92584580 5879947 555980204 5879947 648564784
