1 -5644772 535684527 5644771 464315473 0 0
2 -5644772 279017142 5644771 720982858 0 0
3 -5644772 51316760 5644771 948683240 0 0
4 -5644773 833743968 5644772 166256032 0 0
5 -5644773 606378394 5644772 393621606 0 0
6 -5644773 379247556 5644772 620752444 0 0
7 -5644773 168017554 5644772 831982446 0 0
8 -5644774 944624573 5644773 55375427 0 0
9 -5644774 720684213 5644773 279315787 0 0
10 -5644774 509577894 5644773 490422106 0 0
11 -5644774 297411947 5644773 702588053 0 0
12 -5644774 69085964 5644773 930914036 0 0
13 -5644775 845919331 5644774 154080669 0 0
14 -5644775 625653552 5644774 374346448 0 0
15 -5644775 397021483 5644774 602978517 0 0
16 -5644775 168380969 5644774 831619031 0 0
1 -5644784 275555795 5644783 724444205 0 0
2 -5644784 23751303 5644783 976248697 0 0
3 -5644785 797772184 5644784 202227816 0 0
4 -5644785 577659773 5644784 422340227 0 0
5 -5644785 357116313 5644784 642883687 0 0
6 -5644785 131716518 5644784 868283482 0 0
7 -5644786 907130596 5644785 92869404 0 0
8 -5644786 681677523 5644785 318322477 0 0
9 -5644786 464170082 5644785 535829918 0 0
10 -5644786 247912099 5644785 752087901 0 0
11 -5644786 24744818 5644785 975255182 0 0
12 -5644787 811906142 5644786 188093858 0 0
13 -5644787 597335313 5644786 402664687 0 0
14 -5644787 374295048 5644786 625704952 0 0
15 -5644787 153538499 5644786 846461501 0 0
16 -5644788 943334386 5644787 56665614 0 0
1 -5644797 546666121 5644796 453333879 0 0
2 -5644797 300684225 5644796 699315775 0 0
3 -5644797 81007286 5644796 918992714 0 0
4 -5644798 860494586 5644797 139505414 0 0
5 -5644798 647690816 5644797 352309184 0 0
6 -5644798 430459407 5644797 569540593 0 0
7 -5644798 216877448 5644797 783122552 0 0
8 -5644798 2572892 5644797 997427108 0 0
9 -5644799 794242892 5644798 205757108 0 0
10 -5644799 578749950 5644798 421250050 0 0
11 -5644799 356546540 5644798 643453460 0 0
12 -5644799 131335075 5644798 868664925 0 0
13 -5644800 897162738 5644799 102837262 0 0
14 -5644800 681018289 5644799 318981711 0 0
15 -5644800 467744029 5644799 532255971 0 0
16 -5644800 245330456 5644799 754669544 0 0
1 -5644809 526033335 5644808 473966665 0 0
2 -5644809 277098123 5644808 722901877 0 0
3 -5644809 55708050 5644808 944291950 0 0
4 -5644810 831247589 5644809 168752411 0 0
5 -5644810 620746258 5644809 379253742 0 0
6 -5644810 400909804 5644809 599090196 0 0
7 -5644810 184905502 5644809 815094498 0 0
8 -5644811 964004827 5644810 35995173 0 0
9 -5644811 751058246 5644810 248941754 0 0
10 -5644811 527749541 5644810 472250459 0 0
11 -5644811 306990141 5644810 693009859 0 0
12 -5644811 99520533 5644810 900479467 0 0
13 -5644812 883458861 5644811 116541139 0 0
14 -5644812 658009122 5644811 341990878 0 0
15 -5644812 437507828 5644811 562492172 0 0
16 -5644812 217491637 5644811 782508363 0 0
1 -5644821 396953667 5644820 603046333 0 0
2 -5644821 163039195 5644820 836960805 0 0
3 -5644822 944676159 5644821 55323841 0 0
4 -5644822 725503359 5644821 274496641 0 0
5 -5644822 505367466 5644821 494632534 0 0
6 -5644822 283995059 5644821 716004941 0 0
7 -5644822 62903184 5644821 937096816 0 0
8 -5644823 845207154 5644822 154792846 0 0
9 -5644823 629476698 5644822 370523302 0 0
10 -5644823 402263658 5644822 597736342 0 0
11 -5644823 185592257 5644822 814407743 0 0
12 -5644824 956504937 5644823 43495063 0 0
13 -5644824 733940571 5644823 266059429 0 0
14 -5644824 509499257 5644823 490500743 0 0
15 -5644824 294553584 5644823 705446416 0 0
16 -5644824 67319433 5644823 932680567 0 0
1 -5644834 486972346 5644833 513027654 0 0
2 -5644834 260167243 5644833 739832757 0 0
3 -5644834 43747300 5644833 956252700 0 0
4 -5644835 824484428 5644834 175515572 0 0
5 -5644835 601215982 5644834 398784018 0 0
6 -5644835 386871908 5644834 613128092 0 0
7 -5644835 162053269 5644834 837946731 0 0
8 -5644836 944163019 5644835 55836981 0 0
9 -5644836 722701799 5644835 277298201 0 0
10 -5644836 508667942 5644835 491332058 0 0
11 -5644836 295051188 5644835 704948812 0 0
12 -5644836 67027571 5644835 932972429 0 0
13 -5644837 839242856 5644836 160757144 0 0
14 -5644837 611243220 5644836 388756780 0 0
15 -5644837 388341378 5644836 611658622 0 0
16 -5644837 174614534 5644836 825385466 0 0
1 -5644847 846355657 5644846 153644343 0 0
2 -5644847 603166135 5644846 396833865 0 0
3 -5644847 392960984 5644846 607039016 0 0
4 -5644847 167220992 5644846 832779008 0 0
5 -5644848 944252522 5644847 55747478 0 0
6 -5644848 717727358 5644847 282272642 0 0
7 -5644848 491240731 5644847 508759269 0 0
8 -5644848 274222355 5644847 725777645 0 0
9 -5644848 56206849 5644847 943793151 0 0
10 -5644849 837274341 5644848 162725659 0 0
11 -5644849 628686457 5644848 371313543 0 0
12 -5644849 404073832 5644848 595926168 0 0
13 -5644849 182744239 5644848 817255761 0 0
14 -5644850 965624735 5644849 34375265 0 0
15 -5644850 737105794 5644849 262894206 0 0
16 -5644850 517537946 5644849 482462054 0 0
1 -5644859 233049354 5644858 766950646 0 0
2 -5644860 968651520 5644859 31348480 0 0
3 -5644860 749045117 5644859 250954883 0 0
4 -5644860 518045518 5644859 481954482 0 0
5 -5644860 301635927 5644859 698364073 0 0
6 -5644860 83899490 5644859 916100510 0 0
7 -5644861 850338790 5644860 149661210 0 0
8 -5644861 627113306 5644860 372886694 0 0
9 -5644861 405015690 5644860 594984310 0 0
10 -5644861 186476731 5644860 813523269 0 0
11 -5644862 966604333 5644861 33395667 0 0
12 -5644862 746696399 5644861 253303601 0 0
13 -5644862 530224421 5644861 469775579 0 0
14 -5644862 306324597 5644861 693675403 0 0
15 -5644862 68569808 5644861 931430192 0 0
16 -5644863 852174457 5644862 147825543 0 0
1 -5644872 526458202 5644871 473541798 0 0
2 -5644872 271728820 5644871 728271180 0 0
3 -5644872 51885088 5644871 948114912 0 0
4 -5644873 820244779 5644872 179755221 0 0
5 -5644873 609439473 5644872 390560527 0 0
6 -5644873 382817367 5644872 617182633 0 0
7 -5644873 150211501 5644872 849788499 0 0
8 -5644874 939796817 5644873 60203183 0 0
9 -5644874 718117749 5644873 281882251 0 0
10 -5644874 491389682 5644873 508610318 0 0
11 -5644874 271409879 5644873 728590121 0 0
12 -5644874 56170489 5644873 943829511 0 0
13 -5644875 828216629 5644874 171783371 0 0
14 -5644875 619341084 5644874 380658916 0 0
15 -5644875 397654646 5644874 602345354 0 0
16 -5644875 177861691 5644874 822138309 0 0
1 -5644885 935736410 5644884 64263590 0 0
2 -5644885 689342966 5644884 310657034 0 0
3 -5644885 466619232 5644884 533380768 0 0
4 -5644885 236510357 5644884 763489643 0 0
5 -5644885 17460630 5644884 982539370 0 0
6 -5644886 797710174 5644885 202289826 0 0
7 -5644886 559016088 5644885 440983912 0 0
8 -5644886 347594238 5644885 652405762 0 0
9 -5644886 127194869 5644885 872805131 0 0
10 -5644887 908371192 5644886 91628808 0 0
11 -5644887 677168486 5644886 322831514 0 0
12 -5644887 464462308 5644886 535537692 0 0
13 -5644887 234153307 5644886 765846693 0 0
14 -5644887 16740012 5644886 983259988 0 0
15 -5644888 793802634 5644887 206197366 0 0
16 -5644888 568530984 5644887 431469016 0 0
1 -5644897 282220114 5644896 717779886 0 0
2 -5644897 42032073 5644896 957967927 0 0
3 -5644898 822946976 5644897 177053024 0 0
4 -5644898 607273131 5644897 392726869 0 0
5 -5644898 395729301 5644897 604270699 0 0
6 -5644898 180838349 5644897 819161651 0 0
7 -5644899 965294427 5644898 34705573 0 0
8 -5644899 740694376 5644898 259305624 0 0
9 -5644899 520354746 5644898 479645254 0 0
10 -5644899 305313889 5644898 694686111 0 0
11 -5644899 82702894 5644898 917297106 0 0
12 -5644900 874971050 5644899 125028950 0 0
13 -5644900 654709085 5644899 345290915 0 0
14 -5644900 427135238 5644899 572864762 0 0
15 -5644900 191666647 5644899 808333353 0 0
16 -5644901 971193520 5644900 28806480 0 0
1 -5644910 590377379 5644909 409622621 0 0
2 -5644910 339231653 5644909 660768347 0 0
3 -5644910 116956022 5644909 883043978 0 0
4 -5644911 890363008 5644910 109636992 0 0
5 -5644911 668035897 5644910 331964103 0 0
6 -5644911 451395754 5644910 548604246 0 0
7 -5644911 230611022 5644910 769388978 0 0
8 -5644912 997031341 5644911 2968659 0 0
9 -5644912 775823171 5644911 224176829 0 0
10 -5644912 562864572 5644911 437135428 0 0
11 -5644912 341231874 5644911 658768126 0 0
12 -5644912 124507085 5644911 875492915 0 0
13 -5644913 907689279 5644912 92310721 0 0
14 -5644913 678764253 5644912 321235747 0 0
15 -5644913 456917910 5644912 543082090 0 0
16 -5644913 240899404 5644912 759100596 0 0
1 -5644923 893164597 5644922 106835403 0 0
2 -5644923 631660248 5644922 368339752 0 0
3 -5644923 419365451 5644922 580634549 0 0
4 -5644923 198846213 5644922 801153787 0 0
5 -5644924 985886929 5644923 14113071 0 0
6 -5644924 760430246 5644923 239569754 0 0
7 -5644924 542339167 5644923 457660833 0 0
8 -5644924 324317772 5644923 675682228 0 0
9 -5644924 104553317 5644923 895446683 0 0
10 -5644925 883791010 5644924 116208990 0 0
11 -5644925 667035278 5644924 332964722 0 0
12 -5644925 442560354 5644924 557439646 0 0
13 -5644925 231306297 5644924 768693703 0 0
14 -5644926 998501620 5644925 1498380 0 0
15 -5644926 779599964 5644925 220400036 0 0
16 -5644926 557426202 5644925 442573798 0 0
1 -5644935 256416384 5644934 743583616 0 0
2 -5644936 996597762 5644935 3402238 0 0
3 -5644936 766226577 5644935 233773423 0 0
4 -5644936 553117129 5644935 446882871 0 0
5 -5644936 325244805 5644935 674755195 0 0
6 -5644936 102447554 5644935 897552446 0 0
7 -5644937 869498269 5644936 130501731 0 0
8 -5644937 647041845 5644936 352958155 0 0
9 -5644937 410966359 5644936 589033641 0 0
10 -5644937 186226311 5644936 813773689 0 0
11 -5644938 967121769 5644937 32878231 0 0
12 -5644938 741977710 5644937 258022290 0 0
13 -5644938 505327419 5644937 494672581 0 0
14 -5644938 295352579 5644937 704647421 0 0
15 -5644938 68558847 5644937 931441153 0 0
16 -5644939 852668487 5644938 147331513 0 0
1 -5644948 622899612 5644947 377100388 0 0
2 -5644948 378842532 5644947 621157468 0 0
3 -5644948 163966338 5644947 836033662 0 0
4 -5644949 934684652 5644948 65315348 0 0
5 -5644949 706073657 5644948 293926343 0 0
6 -5644949 486174334 5644948 513825666 0 0
7 -5644949 250944017 5644948 749055983 0 0
8 -5644949 21831161 5644948 978168839 0 0
9 -5644950 795483605 5644949 204516395 0 0
10 -5644950 576280529 5644949 423719471 0 0
11 -5644950 356157062 5644949 643842938 0 0
12 -5644950 128121649 5644949 871878351 0 0
13 -5644951 896826240 5644950 103173760 0 0
14 -5644951 671145265 5644950 328854735 0 0
15 -5644951 448972355 5644950 551027645 0 0
16 -5644951 227153197 5644950 772846803 0 0
1 -5644961 926365080 5644960 73634920 0 0
2 -5644961 690074450 5644960 309925550 0 0
3 -5644961 468562749 5644960 531437251 0 0
4 -5644961 248656463 5644960 751343537 0 0
5 -5644961 32711012 5644960 967288988 0 0
6 -5644962 806260569 5644961 193739431 0 0
7 -5644962 580906477 5644961 419093523 0 0
8 -5644962 365249502 5644961 634750498 0 0
9 -5644962 138817540 5644961 861182460 0 0
10 -5644963 922088807 5644962 77911193 0 0
11 -5644963 688517756 5644962 311482244 0 0
12 -5644963 458791503 5644962 541208497 0 0
13 -5644963 237448707 5644962 762551293 0 0
14 -5644963 7775621 5644962 992224379 0 0
15 -5644964 793170515 5644963 206829485 0 0
16 -5644964 570275951 5644963 429724049 0 0
1 -5644973 243030102 5644972 756969898 0 0
2 -5644974 999657251 5644973 342749 0 0
3 -5644974 767066311 5644973 232933689 0 0
4 -5644974 526946028 5644973 473053972 0 0
5 -5644974 307783099 5644973 692216901 0 0
6 -5644974 90029329 5644973 909970671 0 0
7 -5644975 876798420 5644974 123201580 0 0
8 -5644975 648461124 5644974 351538876 0 0
9 -5644975 429390527 5644974 570609473 0 0
10 -5644975 208873049 5644974 791126951 0 0
11 -5644976 976869690 5644975 23130310 0 0
12 -5644976 743338971 5644975 256661029 0 0
13 -5644976 526738458 5644975 473261542 0 0
14 -5644976 311328941 5644975 688671059 0 0
15 -5644976 90420952 5644975 909579048 0 0
16 -5644977 871711940 5644976 128288060 0 0
1 -5644986 522898436 5644985 477101564 0 0
2 -5644986 268067092 5644985 731932908 0 0
3 -5644986 56129992 5644985 943870008 0 0
4 -5644987 842988193 5644986 157011807 0 0
5 -5644987 621953002 5644986 378046998 0 0
6 -5644987 398719426 5644986 601280574 0 0
7 -5644987 179603107 5644986 820396893 0 0
8 -5644988 969357754 5644987 30642246 0 0
9 -5644988 744761907 5644987 255238093 0 0
10 -5644988 528785975 5644987 471214025 0 0
11 -5644988 298669359 5644987 701330641 0 0
12 -5644988 79519226 5644987 920480774 0 0
13 -5644989 854206948 5644988 145793052 0 0
14 -5644989 645260275 5644988 354739725 0 0
15 -5644989 416980829 5644988 583019171 0 0
16 -5644989 204430519 5644988 795569481 0 0
1 -5644999 883832383 5644998 116167617 0 0
2 -5644999 627413258 5644998 372586742 0 0
3 -5644999 411483081 5644998 588516919 0 0
4 -5644999 190528186 5644998 809471814 0 0
5 -5645000 967526756 5644999 32473244 0 0
6 -5645000 739501199 5644999 260498801 0 0
7 -5645000 523857036 5644999 476142964 0 0
8 -5645000 305834492 5644999 694165508 0 0
9 -5645000 85925262 5644999 914074738 0 0
10 -5645001 855659026 5645000 144340974 0 0
11 -5645001 640425502 5645000 359574498 0 0
12 -5645001 422516419 5645000 577483581 0 0
13 -5645001 204665501 5645000 795334499 0 0
14 -5645002 977310617 5645001 22689383 0 0
15 -5645002 750310577 5645001 249689423 0 0
16 -5645002 539396508 5645001 460603492 0 0
1 -5645011 66950420 5645010 933049580 0 0
2 -5645012 810663140 5645011 189336860 0 0
3 -5645012 592619705 5645011 407380295 0 0
4 -5645012 370277427 5645011 629722573 0 0
5 -5645012 148244660 5645011 851755340 0 0
6 -5645013 921513835 5645012 78486165 0 0
7 -5645013 702835449 5645012 297164551 0 0
8 -5645013 492431128 5645012 507568872 0 0
9 -5645013 275425895 5645012 724574105 0 0
10 -5645013 46099398 5645012 953900602 0 0
11 -5645014 818941932 5645013 181058068 0 0
12 -5645014 608199339 5645013 391800661 0 0
13 -5645014 384694305 5645013 615305695 0 0
14 -5645014 157583524 5645013 842416476 0 0
15 -5645015 931936067 5645014 68063933 0 0
16 -5645015 717422916 5645014 282577084 0 0
1 -5645024 395341700 5645023 604658300 0 0
2 -5645024 151853599 5645023 848146401 0 0
3 -5645025 937420463 5645024 62579537 0 0
4 -5645025 718349286 5645024 281650714 0 0
5 -5645025 505945075 5645024 494054925 0 0
6 -5645025 287333722 5645024 712666278 0 0
7 -5645025 68194046 5645024 931805954 0 0
8 -5645026 849246014 5645025 150753986 0 0
9 -5645026 635471403 5645025 364528597 0 0
10 -5645026 411211991 5645025 588788009 0 0
11 -5645026 186097744 5645025 813902256 0 0
12 -5645027 971711199 5645026 28288801 0 0
13 -5645027 757883162 5645026 242116838 0 0
14 -5645027 541778891 5645026 458221109 0 0
15 -5645027 320105041 5645026 679894959 0 0
16 -5645027 104285913 5645026 895714087 0 0
1 -5645037 885137462 5645036 114862538 0 0
2 -5645037 615933756 5645036 384066244 0 0
3 -5645037 400865833 5645036 599134167 0 0
4 -5645037 183919095 5645036 816080905 0 0
5 -5645038 963231909 5645037 36768091 0 0
6 -5645038 746959509 5645037 253040491 0 0
7 -5645038 526927218 5645037 473072782 0 0
8 -5645038 301746673 5645037 698253327 0 0
9 -5645038 74414521 5645037 925585479 0 0
10 -5645039 864007028 5645038 135992972 0 0
11 -5645039 632264293 5645038 367735707 0 0
12 -5645039 417285220 5645038 582714780 0 0
13 -5645039 190032548 5645038 809967452 0 0
14 -5645040 974386025 5645039 25613975 0 0
15 -5645040 753436325 5645039 246563675 0 0
16 -5645040 526714198 5645039 473285802 0 0
1 -5645049 169218407 5645048 830781593 0 0
2 -5645050 927900130 5645049 72099870 0 0
3 -5645050 707545620 5645049 292454380 0 0
4 -5645050 491239719 5645049 508760281 0 0
5 -5645050 265386259 5645049 734613741 0 0
6 -5645050 44032231 5645049 955967769 0 0
7 -5645051 820435357 5645050 179564643 0 0
8 -5645051 604911404 5645050 395088596 0 0
9 -5645051 387322804 5645050 612677196 0 0
10 -5645051 165504637 5645050 834495363 0 0
11 -5645052 947665394 5645051 52334606 0 0
12 -5645052 731317105 5645051 268682895 0 0
13 -5645052 514664617 5645051 485335383 0 0
14 -5645052 294445864 5645051 705554136 0 0
15 -5645052 65459962 5645051 934540038 0 0
16 -5645053 848026545 5645052 151973455 0 0
1 -5645062 554055572 5645061 445944428 0 0
2 -5645062 320608513 5645061 679391487 0 0
3 -5645062 90314949 5645061 909685051 0 0
4 -5645063 875129691 5645062 124870309 0 0
5 -5645063 657294594 5645062 342705406 0 0
6 -5645063 436870268 5645062 563129732 0 0
7 -5645063 208408096 5645062 791591904 0 0
8 -5645064 989587295 5645063 10412705 0 0
9 -5645064 777378017 5645063 222621983 0 0
10 -5645064 560789045 5645063 439210955 0 0
11 -5645064 324370653 5645063 675629347 0 0
12 -5645064 105839402 5645063 894160598 0 0
13 -5645065 892681790 5645064 107318210 0 0
14 -5645065 664776495 5645064 335223505 0 0
15 -5645065 452739103 5645064 547260897 0 0
16 -5645065 232464552 5645064 767535448 0 0
1 -5645075 839289717 5645074 160710283 0 0
2 -5645075 590982771 5645074 409017229 0 0
3 -5645075 376224799 5645074 623775201 0 0
4 -5645075 160768895 5645074 839231105 0 0
5 -5645076 950422283 5645075 49577717 0 0
6 -5645076 726575724 5645075 273424276 0 0
7 -5645076 509161654 5645075 490838346 0 0
8 -5645076 286898416 5645075 713101584 0 0
9 -5645076 76680024 5645075 923319976 0 0
10 -5645077 857323935 5645076 142676065 0 0
11 -5645077 624419733 5645076 375580267 0 0
12 -5645077 406707465 5645076 593292535 0 0
13 -5645077 193666015 5645076 806333985 0 0
14 -5645078 975521162 5645077 24478838 0 0
15 -5645078 739281708 5645077 260718292 0 0
16 -5645078 521218983 5645077 478781017 0 0
1 -5645087 187390533 5645086 812609467 0 0
2 -5645088 966387973 5645087 33612027 0 0
3 -5645088 746760220 5645087 253239780 0 0
4 -5645088 527184245 5645087 472815755 0 0
5 -5645088 298138486 5645087 701861514 0 0
6 -5645088 76224943 5645087 923775057 0 0
7 -5645089 857293937 5645088 142706063 0 0
8 -5645089 638675794 5645088 361324206 0 0
9 -5645089 427603175 5645088 572396825 0 0
10 -5645089 208925330 5645088 791074670 0 0
11 -5645090 995052283 5645089 4947717 0 0
12 -5645090 774955650 5645089 225044350 0 0
13 -5645090 557092549 5645089 442907451 0 0
14 -5645090 337844918 5645089 662155082 0 0
15 -5645090 117342497 5645089 882657503 0 0
16 -5645091 908819125 5645090 91180875 0 0
1 -5645100 336675865 5645099 663324135 0 0
2 -5645100 97092156 5645099 902907844 0 0
3 -5645101 880467455 5645100 119532545 0 0
4 -5645101 670789752 5645100 329210248 0 0
5 -5645101 455716152 5645100 544283848 0 0
6 -5645101 237965009 5645100 762034991 0 0
7 -5645101 21887390 5645100 978112610 0 0
8 -5645102 809265614 5645101 190734386 0 0
9 -5645102 599612614 5645101 400387386 0 0
10 -5645102 388242887 5645101 611757113 0 0
11 -5645102 172842126 5645101 827157874 0 0
12 -5645103 956580084 5645102 43419916 0 0
13 -5645103 741620111 5645102 258379889 0 0
14 -5645103 523388496 5645102 476611504 0 0
15 -5645103 307674666 5645102 692325334 0 0
16 -5645103 90520494 5645102 909479506 0 0
1 -5645113 656409961 5645112 343590039 0 0
2 -5645113 406331634 5645112 593668366 0 0
3 -5645113 189187922 5645112 810812078 0 0
4 -5645114 964860440 5645113 35139560 0 0
5 -5645114 757484080 5645113 242515920 0 0
6 -5645114 525753571 5645113 474246429 0 0
7 -5645114 296194132 5645113 703805868 0 0
8 -5645114 77460136 5645113 922539864 0 0
9 -5645115 854406851 5645114 145593149 0 0
10 -5645115 630563674 5645114 369436326 0 0
11 -5645115 407160340 5645114 592839660 0 0
12 -5645115 181449161 5645114 818550839 0 0
13 -5645116 974939266 5645115 25060734 0 0
14 -5645116 733884748 5645115 266115252 0 0
15 -5645116 515453524 5645115 484546476 0 0
16 -5645116 303347901 5645115 696652099 0 0
1 -5645125 245408176 5645124 754591824 0 0
2 -5645126 985980468 5645125 14019532 0 0
3 -5645126 768100694 5645125 231899306 0 0
4 -5645126 555125087 5645125 444874913 0 0
5 -5645126 337341997 5645125 662658003 0 0
6 -5645126 103631282 5645125 896368718 0 0
7 -5645127 875114840 5645126 124885160 0 0
8 -5645127 664434115 5645126 335565885 0 0
9 -5645127 441169980 5645126 558830020 0 0
10 -5645127 222801549 5645126 777198451 0 0
11 -5645127 6538188 5645126 993461812 0 0
12 -5645128 795502525 5645127 204497475 0 0
13 -5645128 578831636 5645127 421168364 0 0
14 -5645128 357226043 5645127 642773957 0 0
15 -5645128 135411325 5645127 864588675 0 0
16 -5645129 922935652 5645128 77064348 0 0
1 -5645138 365917973 5645137 634082027 0 0
2 -5645138 95677154 5645137 904322846 0 0
3 -5645139 878532753 5645138 121467247 0 0
4 -5645139 639516693 5645138 360483307 0 0
5 -5645139 417128724 5645138 582871276 0 0
6 -5645139 206736844 5645138 793263156 0 0
7 -5645140 986616925 5645139 13383075 0 0
8 -5645140 773040919 5645139 226959081 0 0
9 -5645140 555238234 5645139 444761766 0 0
10 -5645140 334631121 5645139 665368879 0 0
11 -5645140 109564796 5645139 890435204 0 0
12 -5645141 886190272 5645140 113809728 0 0
13 -5645141 655430648 5645140 344569352 0 0
14 -5645141 420219349 5645140 579780651 0 0
15 -5645141 198993617 5645140 801006383 0 0
16 -5645142 987178985 5645141 12821015 0 0
