1 -5645847 692402257 5645846 307597743 0 0
2 -5645847 428948623 5645846 571051377 0 0
3 -5645847 210772366 5645846 789227634 0 0
4 -5645848 998991230 5645847 1008770 0 0
5 -5645848 786695751 5645847 213304249 0 0
6 -5645848 554428220 5645847 445571780 0 0
7 -5645848 336316109 5645847 663683891 0 0
8 -5645848 120842857 5645847 879157143 0 0
9 -5645849 907041703 5645848 92958297 0 0
10 -5645849 686984202 5645848 313015798 0 0
11 -5645849 482066456 5645848 517933544 0 0
12 -5645849 251877720 5645848 748122280 0 0
13 -5645849 45958566 5645848 954041434 0 0
14 -5645850 818178562 5645849 181821438 0 0
15 -5645850 601293151 5645849 398706849 0 0
16 -5645850 384283834 5645849 615716166 0 0
17 -5645850 153806695 5645849 846193305 0 0
18 -5645851 928724900 5645850 71275100 0 0
19 -5645851 710312758 5645850 289687242 0 0
20 -5645851 498791728 5645850 501208272 0 0
21 -5645851 266571251 5645850 733428749 0 0
22 -5645851 51477510 5645850 948522490 0 0
23 -5645852 839103681 5645851 160896319 0 0
24 -5645852 615805204 5645851 384194796 0 0
25 -5645852 402223305 5645851 597776695 0 0
26 -5645852 175604279 5645851 824395721 0 0
27 -5645853 958945067 5645852 41054933 0 0
28 -5645853 727303005 5645852 272696995 0 0
29 -5645853 518249522 5645852 481750478 0 0
30 -5645853 288441203 5645852 711558797 0 0
31 -5645853 64152078 5645852 935847922 0 0
32 -5645854 840039746 5645853 159960254 0 0
33 -5645854 607285816 5645853 392714184 0 0
34 -5645854 396530327 5645853 603469673 0 0
35 -5645854 176383736 5645853 823616264 0 0
36 -5645855 949600621 5645854 50399379 0 0
37 -5645855 727652155 5645854 272347845 0 0
38 -5645855 498454437 5645854 501545563 0 0
39 -5645855 270324717 5645854 729675283 0 0
40 -5645855 51372381 5645854 948627619 0 0
41 -5645856 834706132 5645855 165293868 0 0
42 -5645856 606610374 5645855 393389626 0 0
43 -5645856 389478875 5645855 610521125 0 0
44 -5645856 178967325 5645855 821032675 0 0
45 -5645857 962281743 5645856 37718257 0 0
46 -5645857 730499277 5645856 269500723 0 0
47 -5645857 506117227 5645856 493882773 0 0
48 -5645857 282957988 5645856 717042012 0 0
49 -5645857 64913154 5645856 935086846 0 0
50 -5645858 845448272 5645857 154551728 0 0
51 -5645858 624384975 5645857 375615025 0 0
52 -5645858 394812504 5645857 605187496 0 0
53 -5645858 180453397 5645857 819546603 0 0
54 -5645859 957808853 5645858 42191147 0 0
55 -5645859 752720554 5645858 247279446 0 0
56 -5645859 531192692 5645858 468807308 0 0
57 -5645859 311944120 5645858 688055880 0 0
58 -5645859 84302150 5645858 915697850 0 0
59 -5645860 863337833 5645859 136662167 0 0
60 -5645860 643998023 5645859 356001977 0 0
61 -5645860 426787488 5645859 573212512 0 0
62 -5645860 204775116 5645859 795224884 0 0
63 -5645861 987064238 5645860 12935762 0 0
64 -5645861 755973333 5645860 244026667 0 0
1 -5645891 978908699 5645890 21091301 0 0
2 -5645891 728876534 5645890 271123466 0 0
3 -5645891 498604982 5645890 501395018 0 0
4 -5645891 274843642 5645890 725156358 0 0
5 -5645891 51663365 5645890 948336635 0 0
6 -5645892 831389479 5645891 168610521 0 0
7 -5645892 613233441 5645891 386766559 0 0
8 -5645892 401066403 5645891 598933597 0 0
9 -5645892 190538075 5645891 809461925 0 0
10 -5645893 973338279 5645892 26661721 0 0
11 -5645893 759505883 5645892 240494117 0 0
12 -5645893 547040017 5645892 452959983 0 0
13 -5645893 335610206 5645892 664389794 0 0
14 -5645893 113832774 5645892 886167226 0 0
15 -5645894 897411833 5645893 102588167 0 0
16 -5645894 675937154 5645893 324062846 0 0
17 -5645894 465708172 5645893 534291828 0 0
18 -5645894 251668410 5645893 748331590 0 0
19 -5645894 34376967 5645893 965623033 0 0
20 -5645895 821341760 5645894 178658240 0 0
21 -5645895 598580401 5645894 401419599 0 0
22 -5645895 384219256 5645894 615780744 0 0
23 -5645895 160085219 5645894 839914781 0 0
24 -5645896 944850182 5645895 55149818 0 0
25 -5645896 727076601 5645895 272923399 0 0
26 -5645896 490389409 5645895 509610591 0 0
27 -5645896 271742733 5645895 728257267 0 0
28 -5645896 54254812 5645895 945745188 0 0
29 -5645897 832232717 5645896 167767283 0 0
30 -5645897 597308271 5645896 402691729 0 0
31 -5645897 378294842 5645896 621705158 0 0
32 -5645897 151522854 5645896 848477146 0 0
33 -5645898 931144765 5645897 68855235 0 0
34 -5645898 705117782 5645897 294882218 0 0
35 -5645898 489184777 5645897 510815223 0 0
36 -5645898 269160774 5645897 730839226 0 0
37 -5645898 48778075 5645897 951221925 0 0
38 -5645899 816519393 5645898 183480607 0 0
39 -5645899 599012343 5645898 400987657 0 0
40 -5645899 382829306 5645898 617170694 0 0
41 -5645899 170494900 5645898 829505100 0 0
42 -5645900 947805929 5645899 52194071 0 0
43 -5645900 729406358 5645899 270593642 0 0
44 -5645900 508272321 5645899 491727679 0 0
45 -5645900 290352260 5645899 709647740 0 0
46 -5645900 81367792 5645899 918632208 0 0
47 -5645901 847598342 5645900 152401658 0 0
48 -5645901 640285565 5645900 359714435 0 0
49 -5645901 423361764 5645900 576638236 0 0
50 -5645901 210950730 5645900 789049270 0 0
51 -5645902 981015560 5645901 18984440 0 0
52 -5645902 768569212 5645901 231430788 0 0
53 -5645902 534791670 5645901 465208330 0 0
54 -5645902 315423395 5645901 684576605 0 0
55 -5645902 100412021 5645901 899587979 0 0
56 -5645903 882168577 5645902 117831423 0 0
57 -5645903 659241277 5645902 340758723 0 0
58 -5645903 425599306 5645902 574400694 0 0
59 -5645903 200189237 5645902 799810763 0 0
60 -5645904 965625172 5645903 34374828 0 0
61 -5645904 737842444 5645903 262157556 0 0
62 -5645904 522893198 5645903 477106802 0 0
63 -5645904 298118339 5645903 701881661 0 0
64 -5645904 85432051 5645903 914567949 0 0
1 -5645937 314681101 5645936 685318899 0 0
2 -5645937 86066164 5645936 913933836 0 0
3 -5645938 861466134 5645937 138533866 0 0
4 -5645938 653368778 5645937 346631222 0 0
5 -5645938 435998613 5645937 564001387 0 0
6 -5645938 228452821 5645937 771547179 0 0
7 -5645938 7091101 5645937 992908899 0 0
8 -5645939 784660790 5645938 215339210 0 0
9 -5645939 563675989 5645938 436324011 0 0
10 -5645939 353442283 5645938 646557717 0 0
11 -5645939 133502055 5645938 866497945 0 0
12 -5645940 920689194 5645939 79310806 0 0
13 -5645940 698194403 5645939 301805597 0 0
14 -5645940 483394246 5645939 516605754 0 0
15 -5645940 263739586 5645939 736260414 0 0
16 -5645940 47297571 5645939 952702429 0 0
17 -5645941 826650745 5645940 173349255 0 0
18 -5645941 610220470 5645940 389779530 0 0
19 -5645941 398400053 5645940 601599947 0 0
20 -5645941 180714080 5645940 819285920 0 0
21 -5645942 959183307 5645941 40816693 0 0
22 -5645942 747027786 5645941 252972214 0 0
23 -5645942 536423198 5645941 463576802 0 0
24 -5645942 322556597 5645941 677443403 0 0
25 -5645942 102560630 5645941 897439370 0 0
26 -5645943 872972026 5645942 127027974 0 0
27 -5645943 658048279 5645942 341951721 0 0
28 -5645943 445545449 5645942 554454551 0 0
29 -5645943 222620480 5645942 777379520 0 0
30 -5645943 8824378 5645942 991175622 0 0
31 -5645944 795307548 5645943 204692452 0 0
32 -5645944 566880497 5645943 433119503 0 0
33 -5645944 332277043 5645943 667722957 0 0
34 -5645944 117290037 5645943 882709963 0 0
35 -5645945 898658377 5645944 101341623 0 0
36 -5645945 685948236 5645944 314051764 0 0
37 -5645945 471223077 5645944 528776923 0 0
38 -5645945 256732433 5645944 743267567 0 0
39 -5645945 38405637 5645944 961594363 0 0
40 -5645946 828491204 5645945 171508796 0 0
41 -5645946 607529828 5645945 392470172 0 0
42 -5645946 383386789 5645945 616613211 0 0
43 -5645946 167332526 5645945 832667474 0 0
44 -5645947 948221263 5645946 51778737 0 0
45 -5645947 726922375 5645946 273077625 0 0
46 -5645947 507023720 5645946 492976280 0 0
47 -5645947 289116547 5645946 710883453 0 0
48 -5645947 66335205 5645946 933664795 0 0
49 -5645948 834987893 5645947 165012107 0 0
50 -5645948 617262828 5645947 382737172 0 0
51 -5645948 397380320 5645947 602619680 0 0
52 -5645948 184768400 5645947 815231600 0 0
53 -5645949 954196370 5645948 45803630 0 0
54 -5645949 738692429 5645948 261307571 0 0
55 -5645949 513615575 5645948 486384425 0 0
56 -5645949 265284395 5645948 734715605 0 0
57 -5645949 46080671 5645948 953919329 0 0
58 -5645950 821933670 5645949 178066330 0 0
59 -5645950 600716484 5645949 399283516 0 0
60 -5645950 373134454 5645949 626865546 0 0
61 -5645950 146776641 5645949 853223359 0 0
62 -5645951 925871542 5645950 74128458 0 0
63 -5645951 712222159 5645950 287777841 0 0
64 -5645951 482983327 5645950 517016673 0 0
1 -5645983 999937616 5645982 62384 0 0
2 -5645983 756868282 5645982 243131718 0 0
3 -5645983 539080808 5645982 460919192 0 0
4 -5645983 327402536 5645982 672597464 0 0
5 -5645983 102605860 5645982 897394140 0 0
6 -5645984 887310914 5645983 112689086 0 0
7 -5645984 666635198 5645983 333364802 0 0
8 -5645984 429910301 5645983 570089699 0 0
9 -5645984 217250324 5645983 782749676 0 0
10 -5645985 988783310 5645984 11216690 0 0
11 -5645985 772629250 5645984 227370750 0 0
12 -5645985 559300231 5645984 440699769 0 0
13 -5645985 341537553 5645984 658462447 0 0
14 -5645985 117112130 5645984 882887870 0 0
15 -5645986 900007551 5645985 99992449 0 0
16 -5645986 681715958 5645985 318284042 0 0
17 -5645986 471587989 5645985 528412011 0 0
18 -5645986 255244137 5645985 744755863 0 0
19 -5645986 26750438 5645985 973249562 0 0
20 -5645987 818565508 5645986 181434492 0 0
21 -5645987 601695702 5645986 398304298 0 0
22 -5645987 380705715 5645986 619294285 0 0
23 -5645987 162329715 5645986 837670285 0 0
24 -5645988 946036973 5645987 53963027 0 0
25 -5645988 724377294 5645987 275622706 0 0
26 -5645988 510390435 5645987 489609565 0 0
27 -5645988 298887178 5645987 701112822 0 0
28 -5645988 96516065 5645987 903483935 0 0
29 -5645989 869446579 5645988 130553421 0 0
30 -5645989 651159208 5645988 348840792 0 0
31 -5645989 438626766 5645988 561373234 0 0
32 -5645989 217891940 5645988 782108060 0 0
33 -5645989 28116 5645988 999971884 0 0
34 -5645990 786778169 5645989 213221831 0 0
35 -5645990 574576036 5645989 425423964 0 0
36 -5645990 350276536 5645989 649723464 0 0
37 -5645990 127546821 5645989 872453179 0 0
38 -5645991 919082618 5645990 80917382 0 0
39 -5645991 699925671 5645990 300074329 0 0
40 -5645991 486434191 5645990 513565809 0 0
41 -5645991 256847956 5645990 743152044 0 0
42 -5645991 36713897 5645990 963286103 0 0
43 -5645992 825043457 5645991 174956543 0 0
44 -5645992 610120504 5645991 389879496 0 0
45 -5645992 397048147 5645991 602951853 0 0
46 -5645992 183536871 5645991 816463129 0 0
47 -5645993 964892377 5645992 35107623 0 0
48 -5645993 746202161 5645992 253797839 0 0
49 -5645993 518069232 5645992 481930768 0 0
50 -5645993 311233332 5645992 688766668 0 0
51 -5645993 91903980 5645992 908096020 0 0
52 -5645994 883183985 5645993 116816015 0 0
53 -5645994 662034574 5645993 337965426 0 0
54 -5645994 448977420 5645993 551022580 0 0
55 -5645994 237152205 5645993 762847795 0 0
56 -5645994 17229383 5645993 982770617 0 0
57 -5645995 799378114 5645994 200621886 0 0
58 -5645995 578010707 5645994 421989293 0 0
59 -5645995 367931497 5645994 632068503 0 0
60 -5645995 157316112 5645994 842683888 0 0
61 -5645996 942861113 5645995 57138887 0 0
62 -5645996 727581408 5645995 272418592 0 0
63 -5645996 512719361 5645995 487280639 0 0
64 -5645996 304134160 5645995 695865840 0 0
1 -5646028 103057867 5646027 896942133 0 0
2 -5646029 865908865 5646028 134091135 0 0
3 -5646029 639400738 5646028 360599262 0 0
4 -5646029 429159197 5646028 570840803 0 0
5 -5646029 208548868 5646028 791451132 0 0
6 -5646030 995287253 5646029 4712747 0 0
7 -5646030 774835309 5646029 225164691 0 0
8 -5646030 568063778 5646029 431936222 0 0
9 -5646030 349942846 5646029 650057154 0 0
10 -5646030 140065724 5646029 859934276 0 0
11 -5646031 925586447 5646030 74413553 0 0
12 -5646031 698208503 5646030 301791497 0 0
13 -5646031 489132310 5646030 510867690 0 0
14 -5646031 273317669 5646030 726682331 0 0
15 -5646031 60479528 5646030 939520472 0 0
16 -5646032 842237988 5646031 157762012 0 0
17 -5646032 620557975 5646031 379442025 0 0
18 -5646032 407436617 5646031 592563383 0 0
19 -5646032 195252575 5646031 804747425 0 0
20 -5646033 980913110 5646032 19086890 0 0
21 -5646033 764938527 5646032 235061473 0 0
22 -5646033 545262606 5646032 454737394 0 0
23 -5646033 327853606 5646032 672146394 0 0
24 -5646033 106090613 5646032 893909387 0 0
25 -5646034 886533467 5646033 113466533 0 0
26 -5646034 668482109 5646033 331517891 0 0
27 -5646034 457650319 5646033 542349681 0 0
28 -5646034 246971267 5646033 753028733 0 0
29 -5646034 28944297 5646033 971055703 0 0
30 -5646035 823128599 5646034 176871401 0 0
31 -5646035 609809337 5646034 390190663 0 0
32 -5646035 396843920 5646034 603156080 0 0
33 -5646035 185720766 5646034 814279234 0 0
34 -5646036 961755499 5646035 38244501 0 0
35 -5646036 762081408 5646035 237918592 0 0
36 -5646036 546047012 5646035 453952988 0 0
37 -5646036 336283184 5646035 663716816 0 0
38 -5646036 119126957 5646035 880873043 0 0
39 -5646037 915914432 5646036 84085568 0 0
40 -5646037 688242679 5646036 311757321 0 0
41 -5646037 473026971 5646036 526973029 0 0
42 -5646037 258821355 5646036 741178645 0 0
43 -5646037 45022343 5646036 954977657 0 0
44 -5646038 831423920 5646037 168576080 0 0
45 -5646038 616975031 5646037 383024969 0 0
46 -5646038 392778972 5646037 607221028 0 0
47 -5646038 176488636 5646037 823511364 0 0
48 -5646039 962408369 5646038 37591631 0 0
49 -5646039 745871871 5646038 254128129 0 0
50 -5646039 531629701 5646038 468370299 0 0
51 -5646039 305040057 5646038 694959943 0 0
52 -5646039 94182508 5646038 905817492 0 0
53 -5646040 877780044 5646039 122219956 0 0
54 -5646040 661556503 5646039 338443497 0 0
55 -5646040 455468810 5646039 544531190 0 0
56 -5646040 236993366 5646039 763006634 0 0
57 -5646040 30057282 5646039 969942718 0 0
58 -5646041 813323195 5646040 186676805 0 0
59 -5646041 611910229 5646040 388089771 0 0
60 -5646041 392889203 5646040 607110797 0 0
61 -5646041 177216226 5646040 822783774 0 0
62 -5646042 968581247 5646041 31418753 0 0
63 -5646042 754913362 5646041 245086638 0 0
64 -5646042 547031591 5646041 452968409 0 0
1 -5646075 459707341 5646074 540292659 0 0
2 -5646075 214941479 5646074 785058521 0 0
3 -5646075 3498459 5646074 996501541 0 0
4 -5646076 788438951 5646075 211561049 0 0
5 -5646076 575724936 5646075 424275064 0 0
6 -5646076 344111736 5646075 655888264 0 0
7 -5646076 116648478 5646075 883351522 0 0
8 -5646077 911200624 5646076 88799376 0 0
9 -5646077 686150135 5646076 313849865 0 0
10 -5646077 470261383 5646076 529738617 0 0
11 -5646077 247442909 5646076 752557091 0 0
12 -5646077 25675507 5646076 974324493 0 0
13 -5646078 817982009 5646077 182017991 0 0
14 -5646078 602684006 5646077 397315994 0 0
15 -5646078 384014602 5646077 615985398 0 0
16 -5646078 158014260 5646077 841985740 0 0
17 -5646079 946958159 5646078 53041841 0 0
18 -5646079 736725913 5646078 263274087 0 0
19 -5646079 516357374 5646078 483642626 0 0
20 -5646079 294704877 5646078 705295123 0 0
21 -5646079 71007937 5646078 928992063 0 0
22 -5646080 856510696 5646079 143489304 0 0
23 -5646080 638552798 5646079 361447202 0 0
24 -5646080 426988576 5646079 573011424 0 0
25 -5646080 207232304 5646079 792767696 0 0
26 -5646081 994892263 5646080 5107737 0 0
27 -5646081 772825145 5646080 227174855 0 0
28 -5646081 562492493 5646080 437507507 0 0
29 -5646081 336398597 5646080 663601403 0 0
30 -5646081 117244740 5646080 882755260 0 0
31 -5646082 895397358 5646081 104602642 0 0
32 -5646082 684386774 5646081 315613226 0 0
33 -5646082 458258731 5646081 541741269 0 0
34 -5646082 240985209 5646081 759014791 0 0
35 -5646082 11210827 5646081 988789173 0 0
36 -5646083 788284743 5646082 211715257 0 0
37 -5646083 577678688 5646082 422321312 0 0
38 -5646083 358367185 5646082 641632815 0 0
39 -5646083 144843315 5646082 855156685 0 0
40 -5646084 925939841 5646083 74060159 0 0
41 -5646084 707502488 5646083 292497512 0 0
42 -5646084 487373685 5646083 512626315 0 0
43 -5646084 270091663 5646083 729908337 0 0
44 -5646084 53371426 5646083 946628574 0 0
45 -5646085 826791244 5646084 173208756 0 0
46 -5646085 613670125 5646084 386329875 0 0
47 -5646085 399577062 5646084 600422938 0 0
48 -5646085 179036507 5646084 820963493 0 0
49 -5646086 962054164 5646085 37945836 0 0
50 -5646086 739826530 5646085 260173470 0 0
51 -5646086 524186977 5646085 475813023 0 0
52 -5646086 297710792 5646085 702289208 0 0
53 -5646086 78616619 5646085 921383381 0 0
54 -5646087 859355651 5646086 140644349 0 0
55 -5646087 643095091 5646086 356904909 0 0
56 -5646087 423383355 5646086 576616645 0 0
57 -5646087 214770541 5646086 785229459 0 0
58 -5646087 1404241 5646086 998595759 0 0
59 -5646088 789065016 5646087 210934984 0 0
60 -5646088 576256910 5646087 423743090 0 0
61 -5646088 357286104 5646087 642713896 0 0
62 -5646088 145650772 5646087 854349228 0 0
63 -5646089 930837592 5646088 69162408 0 0
64 -5646089 709074061 5646088 290925939 0 0
1 -5646120 170218819 5646119 829781181 0 0
2 -5646121 927442937 5646120 72557063 0 0
3 -5646121 718877881 5646120 281122119 0 0
4 -5646121 505276530 5646120 494723470 0 0
5 -5646121 294171169 5646120 705828831 0 0
6 -5646121 78176677 5646120 921823323 0 0
7 -5646122 863101761 5646121 136898239 0 0
8 -5646122 639878533 5646121 360121467 0 0
9 -5646122 423990428 5646121 576009572 0 0
10 -5646122 211488260 5646121 788511740 0 0
11 -5646123 994146256 5646122 5853744 0 0
12 -5646123 783783548 5646122 216216452 0 0
13 -5646123 560355232 5646122 439644768 0 0
14 -5646123 348768158 5646122 651231842 0 0
15 -5646123 132078383 5646122 867921617 0 0
16 -5646124 908330295 5646123 91669705 0 0
17 -5646124 699047807 5646123 300952193 0 0
18 -5646124 477386458 5646123 522613542 0 0
19 -5646124 257422984 5646123 742577016 0 0
20 -5646124 44672469 5646123 955327531 0 0
21 -5646125 831897547 5646124 168102453 0 0
22 -5646125 620990219 5646124 379009781 0 0
23 -5646125 392717364 5646124 607282636 0 0
24 -5646125 165622356 5646124 834377644 0 0
25 -5646126 949420183 5646125 50579817 0 0
26 -5646126 737468356 5646125 262531644 0 0
27 -5646126 528401161 5646125 471598839 0 0
28 -5646126 311838995 5646125 688161005 0 0
29 -5646126 87848392 5646125 912151608 0 0
30 -5646127 873111914 5646126 126888086 0 0
31 -5646127 644135905 5646126 355864095 0 0
32 -5646127 413297875 5646126 586702125 0 0
33 -5646127 203678097 5646126 796321903 0 0
34 -5646128 999620938 5646127 379062 0 0
35 -5646128 774322194 5646127 225677806 0 0
36 -5646128 562360941 5646127 437639059 0 0
37 -5646128 335277045 5646127 664722955 0 0
38 -5646128 131734321 5646127 868265679 0 0
39 -5646129 910202321 5646128 89797679 0 0
40 -5646129 705198957 5646128 294801043 0 0
41 -5646129 478188393 5646128 521811607 0 0
42 -5646129 262573023 5646128 737426977 0 0
43 -5646129 38751381 5646128 961248619 0 0
44 -5646130 826441542 5646129 173558458 0 0
45 -5646130 604135538 5646129 395864462 0 0
46 -5646130 396240155 5646129 603759845 0 0
47 -5646130 185687191 5646129 814312809 0 0
48 -5646131 972062303 5646130 27937697 0 0
49 -5646131 744284289 5646130 255715711 0 0
50 -5646131 526902582 5646130 473097418 0 0
51 -5646131 309737020 5646130 690262980 0 0
52 -5646131 98474662 5646130 901525338 0 0
53 -5646132 887489817 5646131 112510183 0 0
54 -5646132 679942797 5646131 320057203 0 0
55 -5646132 457388927 5646131 542611073 0 0
56 -5646132 242527562 5646131 757472438 0 0
57 -5646132 33775176 5646131 966224824 0 0
58 -5646133 812681464 5646132 187318536 0 0
59 -5646133 594649639 5646132 405350361 0 0
60 -5646133 387716589 5646132 612283411 0 0
61 -5646133 168503509 5646132 831496491 0 0
62 -5646134 951975008 5646133 48024992 0 0
63 -5646134 728508637 5646133 271491363 0 0
64 -5646134 517035190 5646133 482964810 0 0
1 -5646166 106026 5646165 999893974 0 0
2 -5646167 756944484 5646166 243055516 0 0
3 -5646167 547270447 5646166 452729553 0 0
4 -5646167 319109181 5646166 680890819 0 0
5 -5646167 102795990 5646166 897204010 0 0
6 -5646168 890741517 5646167 109258483 0 0
7 -5646168 684383585 5646167 315616415 0 0
8 -5646168 478111855 5646167 521888145 0 0
9 -5646168 263694481 5646167 736305519 0 0
10 -5646168 47449715 5646167 952550285 0 0
11 -5646169 836738975 5646168 163261025 0 0
12 -5646169 613314140 5646168 386685860 0 0
13 -5646169 402680936 5646168 597319064 0 0
14 -5646169 186853236 5646168 813146764 0 0
15 -5646170 977152514 5646169 22847486 0 0
16 -5646170 756916656 5646169 243083344 0 0
17 -5646170 543744425 5646169 456255575 0 0
18 -5646170 327086297 5646169 672913703 0 0
19 -5646170 112423612 5646169 887576388 0 0
20 -5646171 890219402 5646170 109780598 0 0
21 -5646171 675853378 5646170 324146622 0 0
22 -5646171 460015049 5646170 539984951 0 0
23 -5646171 247410104 5646170 752589896 0 0
24 -5646171 31310909 5646170 968689091 0 0
25 -5646172 801991831 5646171 198008169 0 0
26 -5646172 583388406 5646171 416611594 0 0
27 -5646172 370896421 5646171 629103579 0 0
28 -5646172 147254164 5646171 852745836 0 0
29 -5646173 929749958 5646172 70250042 0 0
30 -5646173 707417490 5646172 292582510 0 0
31 -5646173 483451350 5646172 516548650 0 0
32 -5646173 260906164 5646172 739093836 0 0
33 -5646173 38702898 5646172 961297102 0 0
34 -5646174 820045362 5646173 179954638 0 0
35 -5646174 587055297 5646173 412944703 0 0
36 -5646174 367561202 5646173 632438798 0 0
37 -5646174 151638078 5646173 848361922 0 0
38 -5646175 927729844 5646174 72270156 0 0
39 -5646175 714275266 5646174 285724734 0 0
40 -5646175 496611971 5646174 503388029 0 0
41 -5646175 268249875 5646174 731750125 0 0
42 -5646175 46056868 5646174 953943132 0 0
43 -5646176 837157428 5646175 162842572 0 0
44 -5646176 625705535 5646175 374294465 0 0
45 -5646176 405050870 5646175 594949130 0 0
46 -5646176 187586182 5646175 812413818 0 0
47 -5646177 982250046 5646176 17749954 0 0
48 -5646177 759259146 5646176 240740854 0 0
49 -5646177 527332228 5646176 472667772 0 0
50 -5646177 311671414 5646176 688328586 0 0
51 -5646177 96523497 5646176 903476503 0 0
52 -5646178 868936905 5646177 131063095 0 0
53 -5646178 654523568 5646177 345476432 0 0
54 -5646178 435595852 5646177 564404148 0 0
55 -5646178 211465381 5646177 788534619 0 0
56 -5646179 995476110 5646178 4523890 0 0
57 -5646179 761200309 5646178 238799691 0 0
58 -5646179 546272259 5646178 453727741 0 0
59 -5646179 328202156 5646178 671797844 0 0
60 -5646179 116961612 5646178 883038388 0 0
61 -5646180 901649384 5646179 98350616 0 0
62 -5646180 693716259 5646179 306283741 0 0
63 -5646180 480667377 5646179 519332623 0 0
64 -5646180 267142486 5646179 732857514 0 0
1 -5646212 757342262 5646211 242657738 0 0
2 -5646212 504211719 5646211 495788281 0 0
3 -5646212 297195317 5646211 702804683 0 0
4 -5646212 77015309 5646211 922984691 0 0
5 -5646213 869418529 5646212 130581471 0 0
6 -5646213 649198003 5646212 350801997 0 0
7 -5646213 427362525 5646212 572637475 0 0
8 -5646213 216570731 5646212 783429269 0 0
9 -5646214 995183467 5646213 4816533 0 0
10 -5646214 772963385 5646213 227036615 0 0
11 -5646214 554548937 5646213 445451063 0 0
12 -5646214 347521424 5646213 652478576 0 0
13 -5646214 109410694 5646213 890589306 0 0
14 -5646215 894552827 5646214 105447173 0 0
15 -5646215 682004714 5646214 317995286 0 0
16 -5646215 468001016 5646214 531998984 0 0
17 -5646215 244676640 5646214 755323360 0 0
18 -5646215 31117860 5646214 968882140 0 0
19 -5646216 816840260 5646215 183159740 0 0
20 -5646216 608734342 5646215 391265658 0 0
21 -5646216 391782125 5646215 608217875 0 0
22 -5646216 168697578 5646215 831302422 0 0
23 -5646217 962946819 5646216 37053181 0 0
24 -5646217 741991418 5646216 258008582 0 0
25 -5646217 524342510 5646216 475657490 0 0
26 -5646217 299945951 5646216 700054049 0 0
27 -5646217 88128675 5646216 911871325 0 0
28 -5646218 866108682 5646217 133891318 0 0
29 -5646218 649954043 5646217 350045957 0 0
30 -5646218 437758997 5646217 562241003 0 0
31 -5646218 207178405 5646217 792821595 0 0
32 -5646219 987406648 5646218 12593352 0 0
33 -5646219 766332545 5646218 233667455 0 0
34 -5646219 556597805 5646218 443402195 0 0
35 -5646219 345167855 5646218 654832145 0 0
36 -5646219 134939291 5646218 865060709 0 0
37 -5646220 925105719 5646219 74894281 0 0
38 -5646220 710640512 5646219 289359488 0 0
39 -5646220 503000269 5646219 496999731 0 0
40 -5646220 288755724 5646219 711244276 0 0
41 -5646220 68124687 5646219 931875313 0 0
42 -5646221 850144489 5646220 149855511 0 0
43 -5646221 639484729 5646220 360515271 0 0
44 -5646221 424020207 5646220 575979793 0 0
45 -5646221 202816366 5646220 797183634 0 0
46 -5646222 987389657 5646221 12610343 0 0
47 -5646222 773241259 5646221 226758741 0 0
48 -5646222 563049657 5646221 436950343 0 0
49 -5646222 339859630 5646221 660140370 0 0
50 -5646222 124101317 5646221 875898683 0 0
51 -5646223 910249764 5646222 89750236 0 0
52 -5646223 679732652 5646222 320267348 0 0
53 -5646223 462029134 5646222 537970866 0 0
54 -5646223 242305210 5646222 757694790 0 0
55 -5646223 26569341 5646222 973430659 0 0
56 -5646224 809412553 5646223 190587447 0 0
57 -5646224 588427634 5646223 411572366 0 0
58 -5646224 361642100 5646223 638357900 0 0
59 -5646224 134926343 5646223 865073657 0 0
60 -5646225 920238917 5646224 79761083 0 0
61 -5646225 703005391 5646224 296994609 0 0
62 -5646225 490863584 5646224 509136416 0 0
63 -5646225 282853034 5646224 717146966 0 0
64 -5646225 66877225 5646224 933122775 0 0
1 -5646257 426905928 5646256 573094072 0 0
2 -5646257 213900007 5646256 786099993 0 0
3 -5646257 1313653 5646256 998686347 0 0
4 -5646258 784108477 5646257 215891523 0 0
5 -5646258 566981707 5646257 433018293 0 0
6 -5646258 358509739 5646257 641490261 0 0
7 -5646258 138303101 5646257 861696899 0 0
8 -5646259 925393752 5646258 74606248 0 0
9 -5646259 711354462 5646258 288645538 0 0
10 -5646259 492934160 5646258 507065840 0 0
11 -5646259 282723725 5646258 717276275 0 0
12 -5646259 59800970 5646258 940199030 0 0
13 -5646260 848508277 5646259 151491723 0 0
14 -5646260 634774666 5646259 365225334 0 0
15 -5646260 427085072 5646259 572914928 0 0
16 -5646260 202768603 5646259 797231397 0 0
17 -5646261 972824646 5646260 27175354 0 0
18 -5646261 757576156 5646260 242423844 0 0
19 -5646261 551265388 5646260 448734612 0 0
20 -5646261 327507297 5646260 672492703 0 0
21 -5646261 107435730 5646260 892564270 0 0
22 -5646262 886119353 5646261 113880647 0 0
23 -5646262 667204950 5646261 332795050 0 0
24 -5646262 440595246 5646261 559404754 0 0
25 -5646262 227428383 5646261 772571617 0 0
26 -5646263 999702015 5646262 297985 0 0
27 -5646263 781620262 5646262 218379738 0 0
28 -5646263 568602583 5646262 431397417 0 0
29 -5646263 356226298 5646262 643773702 0 0
30 -5646263 146745386 5646262 853254614 0 0
31 -5646264 922850723 5646263 77149277 0 0
32 -5646264 708531827 5646263 291468173 0 0
33 -5646264 495930991 5646263 504069009 0 0
34 -5646264 275432247 5646263 724567753 0 0
35 -5646264 57117129 5646263 942882871 0 0
36 -5646265 849977210 5646264 150022790 0 0
37 -5646265 630377542 5646264 369622458 0 0
38 -5646265 412689245 5646264 587310755 0 0
39 -5646265 199079947 5646264 800920053 0 0
40 -5646266 986385372 5646265 13614628 0 0
41 -5646266 769129401 5646265 230870599 0 0
42 -5646266 563111405 5646265 436888595 0 0
43 -5646266 344853638 5646265 655146362 0 0
44 -5646266 122459651 5646265 877540349 0 0
45 -5646267 915262140 5646266 84737860 0 0
46 -5646267 695454031 5646266 304545969 0 0
47 -5646267 474516295 5646266 525483705 0 0
48 -5646267 261439857 5646266 738560143 0 0
49 -5646267 38601990 5646266 961398010 0 0
50 -5646268 825537644 5646267 174462356 0 0
51 -5646268 593504893 5646267 406495107 0 0
52 -5646268 376649562 5646267 623350438 0 0
53 -5646268 148707660 5646267 851292340 0 0
54 -5646269 926666389 5646268 73333611 0 0
55 -5646269 706577822 5646268 293422178 0 0
56 -5646269 489013246 5646268 510986754 0 0
57 -5646269 279030917 5646268 720969083 0 0
58 -5646269 60720909 5646268 939279091 0 0
59 -5646270 838479735 5646269 161520265 0 0
60 -5646270 628335242 5646269 371664758 0 0
61 -5646270 409227398 5646269 590772602 0 0
62 -5646270 205089941 5646269 794910059 0 0
63 -5646271 986527272 5646270 13472728 0 0
64 -5646271 760707108 5646270 239292892 0 0
1 -5646303 480487435 5646302 519512565 0 0
2 -5646303 241363370 5646302 758636630 0 0
3 -5646303 33037639 5646302 966962361 0 0
4 -5646304 813172790 5646303 186827210 0 0
5 -5646304 596919837 5646303 403080163 0 0
6 -5646304 376265150 5646303 623734850 0 0
7 -5646304 141406376 5646303 858593624 0 0
8 -5646305 933047294 5646304 66952706 0 0
9 -5646305 714730750 5646304 285269250 0 0
10 -5646305 496916307 5646304 503083693 0 0
11 -5646305 282561725 5646304 717438275 0 0
12 -5646305 59168293 5646304 940831707 0 0
13 -5646306 857373848 5646305 142626152 0 0
14 -5646306 641939139 5646305 358060861 0 0
15 -5646306 420656001 5646305 579343999 0 0
16 -5646306 203761226 5646305 796238774 0 0
17 -5646307 987981263 5646306 12018737 0 0
18 -5646307 768955065 5646306 231044935 0 0
19 -5646307 554017531 5646306 445982469 0 0
20 -5646307 338432788 5646306 661567212 0 0
21 -5646307 116965487 5646306 883034513 0 0
22 -5646308 896253061 5646307 103746939 0 0
23 -5646308 680059032 5646307 319940968 0 0
24 -5646308 465259755 5646307 534740245 0 0
25 -5646308 257427829 5646307 742572171 0 0
26 -5646308 34100896 5646307 965899104 0 0
27 -5646309 817344989 5646308 182655011 0 0
28 -5646309 602590045 5646308 397409955 0 0
29 -5646309 382660289 5646308 617339711 0 0
30 -5646309 162445354 5646308 837554646 0 0
31 -5646310 950458580 5646309 49541420 0 0
32 -5646310 740700413 5646309 259299587 0 0
33 -5646310 525010504 5646309 474989496 0 0
34 -5646310 314095155 5646309 685904845 0 0
35 -5646310 101656259 5646309 898343741 0 0
36 -5646311 881146237 5646310 118853763 0 0
37 -5646311 664512031 5646310 335487969 0 0
38 -5646311 448668551 5646310 551331449 0 0
39 -5646311 234088733 5646310 765911267 0 0
40 -5646311 14128552 5646310 985871448 0 0
41 -5646312 790293314 5646311 209706686 0 0
42 -5646312 566253875 5646311 433746125 0 0
43 -5646312 353727815 5646311 646272185 0 0
44 -5646312 133610841 5646311 866389159 0 0
45 -5646313 918096392 5646312 81903608 0 0
46 -5646313 687404485 5646312 312595515 0 0
47 -5646313 480662335 5646312 519337665 0 0
48 -5646313 258557583 5646312 741442417 0 0
49 -5646313 39557366 5646312 960442634 0 0
50 -5646314 830220950 5646313 169779050 0 0
51 -5646314 615570763 5646313 384429237 0 0
52 -5646314 398367493 5646313 601632507 0 0
53 -5646314 167009562 5646313 832990438 0 0
54 -5646315 941492206 5646314 58507794 0 0
55 -5646315 731567042 5646314 268432958 0 0
56 -5646315 508996614 5646314 491003386 0 0
57 -5646315 299114374 5646314 700885626 0 0
58 -5646315 77642277 5646314 922357723 0 0
59 -5646316 856145440 5646315 143854560 0 0
60 -5646316 631636417 5646315 368363583 0 0
61 -5646316 410372835 5646315 589627165 0 0
62 -5646316 198375561 5646315 801624439 0 0
63 -5646317 971793207 5646316 28206793 0 0
64 -5646317 760843728 5646316 239156272 0 0
1 -5646348 690452970 5646347 309547030 0 0
2 -5646348 436976209 5646347 563023791 0 0
3 -5646348 215482130 5646347 784517870 0 0
4 -5646348 2931773 5646347 997068227 0 0
5 -5646349 796596449 5646348 203403551 0 0
6 -5646349 585573898 5646348 414426102 0 0
7 -5646349 366309388 5646348 633690612 0 0
8 -5646349 150871919 5646348 849128081 0 0
9 -5646350 938029234 5646349 61970766 0 0
10 -5646350 731312936 5646349 268687064 0 0
11 -5646350 515749580 5646349 484250420 0 0
12 -5646350 297356258 5646349 702643742 0 0
13 -5646350 80763866 5646349 919236134 0 0
14 -5646351 861924404 5646350 138075596 0 0
15 -5646351 638963593 5646350 361036407 0 0
16 -5646351 422092280 5646350 577907720 0 0
17 -5646351 207437074 5646350 792562926 0 0
18 -5646352 979604650 5646351 20395350 0 0
19 -5646352 771123347 5646351 228876653 0 0
20 -5646352 561085888 5646351 438914112 0 0
21 -5646352 348466681 5646351 651533319 0 0
22 -5646352 127003101 5646351 872996899 0 0
23 -5646353 907550929 5646352 92449071 0 0
24 -5646353 686619913 5646352 313380087 0 0
25 -5646353 481018335 5646352 518981665 0 0
26 -5646353 264902748 5646352 735097252 0 0
27 -5646353 44904419 5646352 955095581 0 0
28 -5646354 832586651 5646353 167413349 0 0
29 -5646354 618832835 5646353 381167165 0 0
30 -5646354 408420698 5646353 591579302 0 0
31 -5646354 180812659 5646353 819187341 0 0
32 -5646355 954111214 5646354 45888786 0 0
33 -5646355 734373898 5646354 265626102 0 0
34 -5646355 515795765 5646354 484204235 0 0
35 -5646355 297955470 5646354 702044530 0 0
36 -5646355 82987473 5646354 917012527 0 0
37 -5646356 867412080 5646355 132587920 0 0
38 -5646356 646874594 5646355 353125406 0 0
39 -5646356 418672103 5646355 581327897 0 0
40 -5646356 210677773 5646355 789322227 0 0
41 -5646357 998084287 5646356 1915713 0 0
42 -5646357 780185252 5646356 219814748 0 0
43 -5646357 556112314 5646356 443887686 0 0
44 -5646357 346708214 5646356 653291786 0 0
45 -5646357 129518166 5646356 870481834 0 0
46 -5646358 914030549 5646357 85969451 0 0
47 -5646358 698417064 5646357 301582936 0 0
48 -5646358 486553269 5646357 513446731 0 0
49 -5646358 268020486 5646357 731979514 0 0
50 -5646358 47434261 5646357 952565739 0 0
51 -5646359 826016162 5646358 173983838 0 0
52 -5646359 607339789 5646358 392660211 0 0
53 -5646359 392970004 5646358 607029996 0 0
54 -5646359 176539071 5646358 823460929 0 0
55 -5646360 964029954 5646359 35970046 0 0
56 -5646360 748180937 5646359 251819063 0 0
57 -5646360 534804003 5646359 465195997 0 0
58 -5646360 315505401 5646359 684494599 0 0
59 -5646360 96988933 5646359 903011067 0 0
60 -5646361 866705351 5646360 133294649 0 0
61 -5646361 656034830 5646360 343965170 0 0
62 -5646361 434155888 5646360 565844112 0 0
63 -5646361 211576996 5646360 788423004 0 0
64 -5646362 995345670 5646361 4654330 0 0
1 -5646393 409841668 5646392 590158332 0 0
2 -5646393 176702157 5646392 823297843 0 0
3 -5646394 939065470 5646393 60934530 0 0
4 -5646394 723959679 5646393 276040321 0 0
5 -5646394 507255159 5646393 492744841 0 0
6 -5646394 286884466 5646393 713115534 0 0
7 -5646394 73058984 5646393 926941016 0 0
8 -5646395 850094561 5646394 149905439 0 0
9 -5646395 634211100 5646394 365788900 0 0
10 -5646395 424805758 5646394 575194242 0 0
11 -5646395 216763002 5646394 783236998 0 0
12 -5646396 998760635 5646395 1239365 0 0
13 -5646396 787104169 5646395 212895831 0 0
14 -5646396 574100190 5646395 425899810 0 0
15 -5646396 363148414 5646395 636851586 0 0
16 -5646396 145538003 5646395 854461997 0 0
17 -5646397 928547321 5646396 71452679 0 0
18 -5646397 722273458 5646396 277726542 0 0
19 -5646397 507462458 5646396 492537542 0 0
20 -5646397 296408980 5646396 703591020 0 0
21 -5646397 79578110 5646396 920421890 0 0
22 -5646398 857165751 5646397 142834249 0 0
23 -5646398 643229438 5646397 356770562 0 0
24 -5646398 432346587 5646397 567653413 0 0
25 -5646398 207637067 5646397 792362933 0 0
26 -5646399 988456797 5646398 11543203 0 0
27 -5646399 771742628 5646398 228257372 0 0
28 -5646399 558619189 5646398 441380811 0 0
29 -5646399 342309994 5646398 657690006 0 0
30 -5646399 119635325 5646398 880364675 0 0
31 -5646400 902679809 5646399 97320191 0 0
32 -5646400 690558851 5646399 309441149 0 0
33 -5646400 481536391 5646399 518463609 0 0
34 -5646400 264582875 5646399 735417125 0 0
35 -5646400 48160090 5646399 951839910 0 0
36 -5646401 838588437 5646400 161411563 0 0
37 -5646401 614363278 5646400 385636722 0 0
38 -5646401 399384114 5646400 600615886 0 0
39 -5646401 177904220 5646400 822095780 0 0
40 -5646402 951870576 5646401 48129424 0 0
41 -5646402 719720066 5646401 280279934 0 0
42 -5646402 491089582 5646401 508910418 0 0
43 -5646402 278338284 5646401 721661716 0 0
44 -5646402 51301252 5646401 948698748 0 0
45 -5646403 840986279 5646402 159013721 0 0
46 -5646403 617416941 5646402 382583059 0 0
47 -5646403 404111431 5646402 595888569 0 0
48 -5646403 180249507 5646402 819750493 0 0
49 -5646404 960596541 5646403 39403459 0 0
50 -5646404 742825337 5646403 257174663 0 0
51 -5646404 513842970 5646403 486157030 0 0
52 -5646404 296473703 5646403 703526297 0 0
53 -5646404 73836311 5646403 926163689 0 0
54 -5646405 859823166 5646404 140176834 0 0
55 -5646405 643956148 5646404 356043852 0 0
56 -5646405 438840597 5646404 561159403 0 0
57 -5646405 213477460 5646404 786522540 0 0
58 -5646406 995311670 5646405 4688330 0 0
59 -5646406 776902829 5646405 223097171 0 0
60 -5646406 552051867 5646405 447948133 0 0
61 -5646406 339247052 5646405 660752948 0 0
62 -5646406 125446718 5646405 874553282 0 0
63 -5646407 900866362 5646406 99133638 0 0
64 -5646407 676933531 5646406 323066469 0 0
1 -5646439 923083351 5646438 76916649 0 0
2 -5646439 685231798 5646438 314768202 0 0
3 -5646439 473147894 5646438 526852106 0 0
4 -5646439 254170212 5646438 745829788 0 0
5 -5646439 41057457 5646438 958942543 0 0
6 -5646440 823683985 5646439 176316015 0 0
7 -5646440 598919374 5646439 401080626 0 0
8 -5646440 378723695 5646439 621276305 0 0
9 -5646440 157404223 5646439 842595777 0 0
10 -5646441 935044992 5646440 64955008 0 0
11 -5646441 714846406 5646440 285153594 0 0
12 -5646441 513545672 5646440 486454328 0 0
13 -5646441 296924576 5646440 703075424 0 0
14 -5646441 80052428 5646440 919947572 0 0
15 -5646442 863484274 5646441 136515726 0 0
16 -5646442 647123932 5646441 352876068 0 0
17 -5646442 427318413 5646441 572681587 0 0
18 -5646442 209273620 5646441 790726380 0 0
19 -5646443 992654375 5646442 7345625 0 0
20 -5646443 762615010 5646442 237384990 0 0
21 -5646443 551018764 5646442 448981236 0 0
22 -5646443 344374166 5646442 655625834 0 0
23 -5646443 133415816 5646442 866584184 0 0
24 -5646444 916881995 5646443 83118005 0 0
25 -5646444 704948941 5646443 295051059 0 0
26 -5646444 481127922 5646443 518872078 0 0
27 -5646444 267824042 5646443 732175958 0 0
28 -5646444 52258647 5646443 947741353 0 0
29 -5646445 832187374 5646444 167812626 0 0
30 -5646445 620599017 5646444 379400983 0 0
31 -5646445 407002086 5646444 592997914 0 0
32 -5646445 184157475 5646444 815842525 0 0
33 -5646446 974345196 5646445 25654804 0 0
34 -5646446 761315810 5646445 238684190 0 0
35 -5646446 543479124 5646445 456520876 0 0
36 -5646446 312879269 5646445 687120731 0 0
37 -5646446 91259247 5646445 908740753 0 0
38 -5646447 878698667 5646446 121301333 0 0
39 -5646447 659494655 5646446 340505345 0 0
40 -5646447 449227829 5646446 550772171 0 0
41 -5646447 234501938 5646446 765498062 0 0
42 -5646447 9316093 5646446 990683907 0 0
43 -5646448 798256837 5646447 201743163 0 0
44 -5646448 571858403 5646447 428141597 0 0
45 -5646448 345842370 5646447 654157630 0 0
46 -5646448 124109405 5646447 875890595 0 0
47 -5646449 902513531 5646448 97486469 0 0
48 -5646449 683573625 5646448 316426375 0 0
49 -5646449 471212560 5646448 528787440 0 0
50 -5646449 258388300 5646448 741611700 0 0
51 -5646449 44274434 5646448 955725566 0 0
52 -5646450 827331732 5646449 172668268 0 0
53 -5646450 590022335 5646449 409977665 0 0
54 -5646450 358956007 5646449 641043993 0 0
55 -5646450 144384205 5646449 855615795 0 0
56 -5646451 921465892 5646450 78534108 0 0
57 -5646451 699186956 5646450 300813044 0 0
58 -5646451 482819780 5646450 517180220 0 0
59 -5646451 268976909 5646450 731023091 0 0
60 -5646451 44002264 5646450 955997736 0 0
61 -5646452 830282354 5646451 169717646 0 0
62 -5646452 602993659 5646451 397006341 0 0
63 -5646452 387705167 5646451 612294833 0 0
64 -5646452 159524026 5646451 840475974 0 0
1 -5646484 172281682 5646483 827718318 0 0
2 -5646485 955224075 5646484 44775925 0 0
3 -5646485 727393853 5646484 272606147 0 0
4 -5646485 507706960 5646484 492293040 0 0
5 -5646485 289282563 5646484 710717437 0 0
6 -5646485 74815963 5646484 925184037 0 0
7 -5646486 859152255 5646485 140847745 0 0
8 -5646486 634550899 5646485 365449101 0 0
9 -5646486 416482421 5646485 583517579 0 0
10 -5646486 197447646 5646485 802552354 0 0
11 -5646487 984687125 5646486 15312875 0 0
12 -5646487 774020028 5646486 225979972 0 0
13 -5646487 554538206 5646486 445461794 0 0
14 -5646487 336449451 5646486 663550549 0 0
15 -5646487 115858150 5646486 884141850 0 0
16 -5646488 901280088 5646487 98719912 0 0
17 -5646488 684527049 5646487 315472951 0 0
18 -5646488 461292093 5646487 538707907 0 0
19 -5646488 242211153 5646487 757788847 0 0
20 -5646488 20017677 5646487 979982323 0 0
21 -5646489 814369635 5646488 185630365 0 0
22 -5646489 593581782 5646488 406418218 0 0
23 -5646489 369224884 5646488 630775116 0 0
24 -5646489 155711618 5646488 844288382 0 0
25 -5646490 942680342 5646489 57319658 0 0
26 -5646490 723564199 5646489 276435801 0 0
27 -5646490 489249023 5646489 510750977 0 0
28 -5646490 274816033 5646489 725183967 0 0
29 -5646490 56670668 5646489 943329332 0 0
30 -5646491 834200068 5646490 165799932 0 0
31 -5646491 606056259 5646490 393943741 0 0
32 -5646491 374640993 5646490 625359007 0 0
33 -5646491 153303372 5646490 846696628 0 0
34 -5646492 924511612 5646491 75488388 0 0
35 -5646492 704590058 5646491 295409942 0 0
36 -5646492 491863092 5646491 508136908 0 0
37 -5646492 271875409 5646491 728124591 0 0
38 -5646492 63890762 5646491 936109238 0 0
39 -5646493 842255480 5646492 157744520 0 0
40 -5646493 604457388 5646492 395542612 0 0
41 -5646493 383960696 5646492 616039304 0 0
42 -5646493 169032474 5646492 830967526 0 0
43 -5646494 947654817 5646493 52345183 0 0
44 -5646494 724148181 5646493 275851819 0 0
45 -5646494 504634934 5646493 495365066 0 0
46 -5646494 273693936 5646493 726306064 0 0
47 -5646494 53501461 5646493 946498539 0 0
48 -5646495 837319448 5646494 162680552 0 0
49 -5646495 607388765 5646494 392611235 0 0
50 -5646495 379112051 5646494 620887949 0 0
51 -5646495 163997499 5646494 836002501 0 0
52 -5646496 948084815 5646495 51915185 0 0
53 -5646496 727196852 5646495 272803148 0 0
54 -5646496 502093061 5646495 497906939 0 0
55 -5646496 279296263 5646495 720703737 0 0
56 -5646496 54062715 5646495 945937285 0 0
57 -5646497 828019682 5646496 171980318 0 0
58 -5646497 599705543 5646496 400294457 0 0
59 -5646497 367375645 5646496 632624355 0 0
60 -5646497 148220595 5646496 851779405 0 0
61 -5646498 923955991 5646497 76044009 0 0
62 -5646498 711133731 5646497 288866269 0 0
63 -5646498 486886979 5646497 513113021 0 0
64 -5646498 265942869 5646497 734057131 0 0
1 -5646530 62391938 5646529 937608062 0 0
2 -5646531 807276482 5646530 192723518 0 0
3 -5646531 579450574 5646530 420549426 0 0
4 -5646531 359615147 5646530 640384853 0 0
5 -5646531 143967272 5646530 856032728 0 0
6 -5646532 928715093 5646531 71284907 0 0
7 -5646532 697356733 5646531 302643267 0 0
8 -5646532 471056519 5646531 528943481 0 0
9 -5646532 259260312 5646531 740739688 0 0
10 -5646532 39368812 5646531 960631188 0 0
11 -5646533 827430831 5646532 172569169 0 0
12 -5646533 608614996 5646532 391385004 0 0
13 -5646533 381151008 5646532 618848992 0 0
14 -5646533 166501169 5646532 833498831 0 0
15 -5646534 933425859 5646533 66574141 0 0
16 -5646534 716809224 5646533 283190776 0 0
17 -5646534 498623526 5646533 501376474 0 0
18 -5646534 278576788 5646533 721423212 0 0
19 -5646534 58714139 5646533 941285861 0 0
20 -5646535 840088671 5646534 159911329 0 0
21 -5646535 621231856 5646534 378768144 0 0
22 -5646535 401466816 5646534 598533184 0 0
23 -5646535 167819128 5646534 832180872 0 0
24 -5646536 958604688 5646535 41395312 0 0
25 -5646536 727242976 5646535 272757024 0 0
26 -5646536 508727987 5646535 491272013 0 0
27 -5646536 285504698 5646535 714495302 0 0
28 -5646536 71867340 5646535 928132660 0 0
29 -5646537 856107652 5646536 143892348 0 0
30 -5646537 633790568 5646536 366209432 0 0
31 -5646537 412340393 5646536 587659607 0 0
32 -5646537 191589668 5646536 808410332 0 0
33 -5646538 970606966 5646537 29393034 0 0
34 -5646538 747021665 5646537 252978335 0 0
35 -5646538 531599433 5646537 468400567 0 0
36 -5646538 314979798 5646537 685020202 0 0
37 -5646538 94289054 5646537 905710946 0 0
38 -5646539 859828992 5646538 140171008 0 0
39 -5646539 630814439 5646538 369185561 0 0
40 -5646539 407329617 5646538 592670383 0 0
41 -5646539 192632187 5646538 807367813 0 0
42 -5646540 973961924 5646539 26038076 0 0
43 -5646540 753711616 5646539 246288384 0 0
44 -5646540 536852078 5646539 463147922 0 0
45 -5646540 299122243 5646539 700877757 0 0
46 -5646540 70586441 5646539 929413559 0 0
47 -5646541 852631831 5646540 147368169 0 0
48 -5646541 613735166 5646540 386264834 0 0
49 -5646541 406011680 5646540 593988320 0 0
50 -5646541 194155771 5646540 805844229 0 0
51 -5646542 955715672 5646541 44284328 0 0
52 -5646542 735535214 5646541 264464786 0 0
53 -5646542 509888692 5646541 490111308 0 0
54 -5646542 286557922 5646541 713442078 0 0
55 -5646542 58038620 5646541 941961380 0 0
56 -5646543 836968179 5646542 163031821 0 0
57 -5646543 596504728 5646542 403495272 0 0
58 -5646543 376825169 5646542 623174831 0 0
59 -5646543 147249275 5646542 852750725 0 0
60 -5646544 936383773 5646543 63616227 0 0
61 -5646544 707637290 5646543 292362710 0 0
62 -5646544 474372150 5646543 525627850 0 0
63 -5646544 248195933 5646543 751804067 0 0
64 -5646544 34120195 5646543 965879805 0 0
1 -5646576 810690156 5646575 189309844 0 0
2 -5646576 574903804 5646575 425096196 0 0
3 -5646576 356354445 5646575 643645555 0 0
4 -5646576 148978249 5646575 851021751 0 0
5 -5646577 927018027 5646576 72981973 0 0
6 -5646577 691975716 5646576 308024284 0 0
7 -5646577 476942570 5646576 523057430 0 0
8 -5646577 264345249 5646576 735654751 0 0
9 -5646577 49698706 5646576 950301294 0 0
10 -5646578 817406714 5646577 182593286 0 0
11 -5646578 597259645 5646577 402740355 0 0
12 -5646578 387584213 5646577 612415787 0 0
13 -5646578 172451587 5646577 827548413 0 0
14 -5646579 951138539 5646578 48861461 0 0
15 -5646579 726961248 5646578 273038752 0 0
16 -5646579 514990137 5646578 485009863 0 0
17 -5646579 294471667 5646578 705528333 0 0
18 -5646579 76455372 5646578 923544628 0 0
19 -5646580 858730406 5646579 141269594 0 0
20 -5646580 634284046 5646579 365715954 0 0
21 -5646580 413267640 5646579 586732360 0 0
22 -5646580 195186421 5646579 804813579 0 0
23 -5646581 977392326 5646580 22607674 0 0
24 -5646581 744342274 5646580 255657726 0 0
25 -5646581 526704954 5646580 473295046 0 0
26 -5646581 304801287 5646580 695198713 0 0
27 -5646581 81014452 5646580 918985548 0 0
28 -5646582 850054916 5646581 149945084 0 0
29 -5646582 629629204 5646581 370370796 0 0
30 -5646582 400692835 5646581 599307165 0 0
31 -5646582 186755297 5646581 813244703 0 0
32 -5646583 949268143 5646582 50731857 0 0
33 -5646583 727951687 5646582 272048313 0 0
34 -5646583 507098538 5646582 492901462 0 0
35 -5646583 267259594 5646582 732740406 0 0
36 -5646583 28645405 5646582 971354595 0 0
37 -5646584 811382411 5646583 188617589 0 0
38 -5646584 587792220 5646583 412207780 0 0
39 -5646584 366944145 5646583 633055855 0 0
40 -5646584 128481768 5646583 871518232 0 0
41 -5646585 886900245 5646584 113099755 0 0
42 -5646585 667903135 5646584 332096865 0 0
43 -5646585 441390184 5646584 558609816 0 0
44 -5646585 217189208 5646584 782810792 0 0
45 -5646586 998276930 5646585 1723070 0 0
46 -5646586 778541816 5646585 221458184 0 0
47 -5646586 558636593 5646585 441363407 0 0
48 -5646586 336534726 5646585 663465274 0 0
49 -5646586 113762835 5646585 886237165 0 0
50 -5646587 892553729 5646586 107446271 0 0
51 -5646587 676569193 5646586 323430807 0 0
52 -5646587 457226312 5646586 542773688 0 0
53 -5646587 229541697 5646586 770458303 0 0
54 -5646587 13703732 5646586 986296268 0 0
55 -5646588 788960544 5646587 211039456 0 0
56 -5646588 570516036 5646587 429483964 0 0
57 -5646588 346980547 5646587 653019453 0 0
58 -5646588 128198322 5646587 871801678 0 0
59 -5646589 912223027 5646588 87776973 0 0
60 -5646589 685891387 5646588 314108613 0 0
61 -5646589 472269899 5646588 527730101 0 0
62 -5646589 233562082 5646588 766437918 0 0
63 -5646589 6465142 5646588 993534858 0 0
64 -5646590 784024485 5646589 215975515 0 0
1 -5646621 402353551 5646620 597646449 0 0
2 -5646621 139810362 5646620 860189638 0 0
3 -5646622 928893769 5646621 71106231 0 0
4 -5646622 711634386 5646621 288365614 0 0
5 -5646622 495409465 5646621 504590535 0 0
6 -5646622 270646684 5646621 729353316 0 0
7 -5646622 51676333 5646621 948323667 0 0
8 -5646623 840994661 5646622 159005339 0 0
9 -5646623 622510837 5646622 377489163 0 0
10 -5646623 409833350 5646622 590166650 0 0
11 -5646623 189516376 5646622 810483624 0 0
12 -5646624 965161902 5646623 34838098 0 0
13 -5646624 742883557 5646623 257116443 0 0
14 -5646624 507413068 5646623 492586932 0 0
15 -5646624 292273979 5646623 707726021 0 0
16 -5646624 73966875 5646623 926033125 0 0
17 -5646625 858471162 5646624 141528838 0 0
18 -5646625 651175427 5646624 348824573 0 0
19 -5646625 433654753 5646624 566345247 0 0
20 -5646625 219178114 5646624 780821886 0 0
21 -5646626 987672385 5646625 12327615 0 0
22 -5646626 773736921 5646625 226263079 0 0
23 -5646626 556616350 5646625 443383650 0 0
24 -5646626 328922069 5646625 671077931 0 0
25 -5646626 112013531 5646625 887986469 0 0
26 -5646627 882550171 5646626 117449829 0 0
27 -5646627 666960997 5646626 333039003 0 0
28 -5646627 453145272 5646626 546854728 0 0
29 -5646627 234368269 5646626 765631731 0 0
30 -5646627 16943778 5646626 983056222 0 0
31 -5646628 798636155 5646627 201363845 0 0
32 -5646628 583993834 5646627 416006166 0 0
33 -5646628 360475438 5646627 639524562 0 0
34 -5646628 135663029 5646627 864336971 0 0
35 -5646629 904141114 5646628 95858886 0 0
36 -5646629 677002156 5646628 322997844 0 0
37 -5646629 461556998 5646628 538443002 0 0
38 -5646629 240404706 5646628 759595294 0 0
39 -5646629 9733739 5646628 990266261 0 0
40 -5646630 787377543 5646629 212622457 0 0
41 -5646630 568610151 5646629 431389849 0 0
42 -5646630 350361527 5646629 649638473 0 0
43 -5646630 140499802 5646629 859500198 0 0
44 -5646631 923474433 5646630 76525567 0 0
45 -5646631 695157922 5646630 304842078 0 0
46 -5646631 476789634 5646630 523210366 0 0
47 -5646631 257246293 5646630 742753707 0 0
48 -5646631 37736044 5646630 962263956 0 0
49 -5646632 807344406 5646631 192655594 0 0
50 -5646632 595780842 5646631 404219158 0 0
51 -5646632 358306687 5646631 641693313 0 0
52 -5646632 137234467 5646631 862765533 0 0
53 -5646633 916085230 5646632 83914770 0 0
54 -5646633 693471595 5646632 306528405 0 0
55 -5646633 485682573 5646632 514317427 0 0
56 -5646633 267053604 5646632 732946396 0 0
57 -5646633 46636483 5646632 953363517 0 0
58 -5646634 827614873 5646633 172385127 0 0
59 -5646634 608630855 5646633 391369145 0 0
60 -5646634 391966257 5646633 608033743 0 0
61 -5646634 172828316 5646633 827171684 0 0
62 -5646635 955592285 5646634 44407715 0 0
63 -5646635 738534083 5646634 261465917 0 0
64 -5646635 510808394 5646634 489191606 0 0
1 -5646666 48838416 5646665 951161584 0 0
2 -5646667 807670848 5646666 192329152 0 0
3 -5646667 589056008 5646666 410943992 0 0
4 -5646667 366728349 5646666 633271651 0 0
5 -5646667 152477168 5646666 847522832 0 0
6 -5646668 937049158 5646667 62950842 0 0
7 -5646668 721813126 5646667 278186874 0 0
8 -5646668 506910143 5646667 493089857 0 0
9 -5646668 293566446 5646667 706433554 0 0
10 -5646668 74879607 5646667 925120393 0 0
11 -5646669 860742925 5646668 139257075 0 0
12 -5646669 642007050 5646668 357992950 0 0
13 -5646669 408017163 5646668 591982837 0 0
14 -5646669 191922314 5646668 808077686 0 0
15 -5646670 974178439 5646669 25821561 0 0
16 -5646670 757164125 5646669 242835875 0 0
17 -5646670 530367012 5646669 469632988 0 0
18 -5646670 314860818 5646669 685139182 0 0
19 -5646670 98264200 5646669 901735800 0 0
20 -5646671 873454549 5646670 126545451 0 0
21 -5646671 655248146 5646670 344751854 0 0
22 -5646671 428188926 5646670 571811074 0 0
23 -5646671 221719787 5646670 778280213 0 0
24 -5646671 6348127 5646670 993651873 0 0
25 -5646672 790117428 5646671 209882572 0 0
26 -5646672 557500256 5646671 442499744 0 0
27 -5646672 343413554 5646671 656586446 0 0
28 -5646672 125984044 5646671 874015956 0 0
29 -5646673 907153320 5646672 92846680 0 0
30 -5646673 687776124 5646672 312223876 0 0
31 -5646673 454400595 5646672 545599405 0 0
32 -5646673 237953863 5646672 762046137 0 0
33 -5646673 5740851 5646672 994259149 0 0
34 -5646674 790649371 5646673 209350629 0 0
35 -5646674 574537170 5646673 425462830 0 0
36 -5646674 351617447 5646673 648382553 0 0
37 -5646674 138053384 5646673 861946616 0 0
38 -5646675 911146606 5646674 88853394 0 0
39 -5646675 684320196 5646674 315679804 0 0
40 -5646675 460325716 5646674 539674284 0 0
41 -5646675 246468362 5646674 753531638 0 0
42 -5646675 18898170 5646674 981101830 0 0
43 -5646676 804984372 5646675 195015628 0 0
44 -5646676 586460512 5646675 413539488 0 0
45 -5646676 374759562 5646675 625240438 0 0
46 -5646676 153824932 5646675 846175068 0 0
47 -5646677 936978448 5646676 63021552 0 0
48 -5646677 715062392 5646676 284937608 0 0
49 -5646677 485217409 5646676 514782591 0 0
50 -5646677 259429036 5646676 740570964 0 0
51 -5646677 43116894 5646676 956883106 0 0
52 -5646678 824367538 5646677 175632462 0 0
53 -5646678 611511999 5646677 388488001 0 0
54 -5646678 372980770 5646677 627019230 0 0
55 -5646678 150171416 5646677 849828584 0 0
56 -5646679 930351672 5646678 69648328 0 0
57 -5646679 710947329 5646678 289052671 0 0
58 -5646679 494264990 5646678 505735010 0 0
59 -5646679 268220251 5646678 731779749 0 0
60 -5646679 52855647 5646678 947144353 0 0
61 -5646680 836637874 5646679 163362126 0 0
62 -5646680 616688910 5646679 383311090 0 0
63 -5646680 393671189 5646679 606328811 0 0
64 -5646680 174162366 5646679 825837634 0 0
1 -5646713 826468722 5646712 173531278 0 0
2 -5646713 575382615 5646712 424617385 0 0
3 -5646713 359181527 5646712 640818473 0 0
4 -5646713 147381134 5646712 852618866 0 0
5 -5646714 927172157 5646713 72827843 0 0
6 -5646714 707835404 5646713 292164596 0 0
7 -5646714 495281970 5646713 504718030 0 0
8 -5646714 269061549 5646713 730938451 0 0
9 -5646714 43268953 5646713 956731047 0 0
10 -5646715 827977940 5646714 172022060 0 0
11 -5646715 603008922 5646714 396991078 0 0
12 -5646715 388797796 5646714 611202204 0 0
13 -5646715 157951887 5646714 842048113 0 0
14 -5646716 949823482 5646715 50176518 0 0
15 -5646716 734925758 5646715 265074242 0 0
16 -5646716 514218438 5646715 485781562 0 0
17 -5646716 291937518 5646715 708062482 0 0
18 -5646716 59020536 5646715 940979464 0 0
19 -5646717 834228404 5646716 165771596 0 0
20 -5646717 625451084 5646716 374548916 0 0
21 -5646717 403827133 5646716 596172867 0 0
22 -5646717 183479122 5646716 816520878 0 0
23 -5646718 963002298 5646717 36997702 0 0
24 -5646718 748940243 5646717 251059757 0 0
25 -5646718 516467124 5646717 483532876 0 0
26 -5646718 303462976 5646717 696537024 0 0
27 -5646718 83740526 5646717 916259474 0 0
28 -5646719 866703916 5646718 133296084 0 0
29 -5646719 642776304 5646718 357223696 0 0
30 -5646719 421997245 5646718 578002755 0 0
31 -5646719 208153742 5646718 791846258 0 0
32 -5646720 981346277 5646719 18653723 0 0
33 -5646720 767094318 5646719 232905682 0 0
34 -5646720 550328944 5646719 449671056 0 0
35 -5646720 325764362 5646719 674235638 0 0
36 -5646720 104281038 5646719 895718962 0 0
37 -5646721 886370741 5646720 113629259 0 0
38 -5646721 668126931 5646720 331873069 0 0
39 -5646721 450215244 5646720 549784756 0 0
40 -5646721 225277781 5646720 774722219 0 0
41 -5646721 8258985 5646720 991741015 0 0
42 -5646722 793634107 5646721 206365893 0 0
43 -5646722 565944529 5646721 434055471 0 0
44 -5646722 345086638 5646721 654913362 0 0
45 -5646722 129546796 5646721 870453204 0 0
46 -5646723 901538538 5646722 98461462 0 0
47 -5646723 687224247 5646722 312775753 0 0
48 -5646723 467042621 5646722 532957379 0 0
49 -5646723 248370986 5646722 751629014 0 0
50 -5646723 30707369 5646722 969292631 0 0
51 -5646724 809653870 5646723 190346130 0 0
52 -5646724 584698722 5646723 415301278 0 0
53 -5646724 364501392 5646723 635498608 0 0
54 -5646724 146995198 5646723 853004802 0 0
55 -5646725 931022420 5646724 68977580 0 0
56 -5646725 711349044 5646724 288650956 0 0
57 -5646725 491570262 5646724 508429738 0 0
58 -5646725 269371174 5646724 730628826 0 0
59 -5646725 37250641 5646724 962749359 0 0
60 -5646726 825059236 5646725 174940764 0 0
61 -5646726 596600913 5646725 403399087 0 0
62 -5646726 386104977 5646725 613895023 0 0
63 -5646726 156314974 5646725 843685026 0 0
64 -5646727 935237624 5646726 64762376 0 0
1 -5646757 330059606 5646756 669940394 0 0
2 -5646757 80948370 5646756 919051630 0 0
3 -5646758 862153552 5646757 137846448 0 0
4 -5646758 643515267 5646757 356484733 0 0
5 -5646758 426668061 5646757 573331939 0 0
6 -5646758 209478675 5646757 790521325 0 0
7 -5646759 992229902 5646758 7770098 0 0
8 -5646759 775073145 5646758 224926855 0 0
9 -5646759 561165699 5646758 438834301 0 0
10 -5646759 345757613 5646758 654242387 0 0
11 -5646759 129204605 5646758 870795395 0 0
12 -5646760 916412656 5646759 83587344 0 0
13 -5646760 689143773 5646759 310856227 0 0
14 -5646760 471844649 5646759 528155351 0 0
15 -5646760 241979981 5646759 758020019 0 0
16 -5646760 20791558 5646759 979208442 0 0
17 -5646761 801380103 5646760 198619897 0 0
18 -5646761 577329549 5646760 422670451 0 0
19 -5646761 357222699 5646760 642777301 0 0
20 -5646761 144152404 5646760 855847596 0 0
21 -5646762 929282086 5646761 70717914 0 0
22 -5646762 714085923 5646761 285914077 0 0
23 -5646762 496813187 5646761 503186813 0 0
24 -5646762 288820093 5646761 711179907 0 0
25 -5646762 67302751 5646761 932697249 0 0
26 -5646763 851812223 5646762 148187777 0 0
27 -5646763 637328176 5646762 362671824 0 0
28 -5646763 416312936 5646762 583687064 0 0
29 -5646763 195275714 5646762 804724286 0 0
30 -5646764 989462821 5646763 10537179 0 0
31 -5646764 771544523 5646763 228455477 0 0
32 -5646764 550311527 5646763 449688473 0 0
33 -5646764 326900591 5646763 673099409 0 0
34 -5646764 87416472 5646763 912583528 0 0
35 -5646765 855433621 5646764 144566379 0 0
36 -5646765 624177645 5646764 375822355 0 0
37 -5646765 407245718 5646764 592754282 0 0
38 -5646765 194658543 5646764 805341457 0 0
39 -5646766 961152109 5646765 38847891 0 0
40 -5646766 748386752 5646765 251613248 0 0
41 -5646766 535520620 5646765 464479380 0 0
42 -5646766 322703097 5646765 677296903 0 0
43 -5646766 105320234 5646765 894679766 0 0
44 -5646767 888768818 5646766 111231182 0 0
45 -5646767 666803725 5646766 333196275 0 0
46 -5646767 451615802 5646766 548384198 0 0
47 -5646767 227475731 5646766 772524269 0 0
48 -5646767 16429787 5646766 983570213 0 0
49 -5646768 788043961 5646767 211956039 0 0
50 -5646768 564194589 5646767 435805411 0 0
51 -5646768 348187348 5646767 651812652 0 0
52 -5646768 126186922 5646767 873813078 0 0
53 -5646769 912702505 5646768 87297495 0 0
54 -5646769 700498637 5646768 299501363 0 0
55 -5646769 479239420 5646768 520760580 0 0
56 -5646769 253451491 5646768 746548509 0 0
57 -5646769 22430196 5646768 977569804 0 0
58 -5646770 802491010 5646769 197508990 0 0
59 -5646770 581625711 5646769 418374289 0 0
60 -5646770 365250403 5646769 634749597 0 0
61 -5646770 154428176 5646769 845571824 0 0
62 -5646771 937235495 5646770 62764505 0 0
63 -5646771 719158848 5646770 280841152 0 0
64 -5646771 497269513 5646770 502730487 0 0
1 -5646803 163976840 5646802 836023160 0 0
2 -5646804 906535574 5646803 93464426 0 0
3 -5646804 690045582 5646803 309954418 0 0
4 -5646804 474221152 5646803 525778848 0 0
5 -5646804 255515628 5646803 744484372 0 0
6 -5646804 37611422 5646803 962388578 0 0
7 -5646805 824132912 5646804 175867088 0 0
8 -5646805 605540071 5646804 394459929 0 0
9 -5646805 387294816 5646804 612705184 0 0
10 -5646805 164530034 5646804 835469966 0 0
11 -5646806 946666401 5646805 53333599 0 0
12 -5646806 730896044 5646805 269103956 0 0
13 -5646806 506331129 5646805 493668871 0 0
14 -5646806 297212815 5646805 702787185 0 0
15 -5646806 85208074 5646805 914791926 0 0
16 -5646807 855577920 5646806 144422080 0 0
17 -5646807 638052392 5646806 361947608 0 0
18 -5646807 427324719 5646806 572675281 0 0
19 -5646807 210078501 5646806 789921499 0 0
20 -5646808 987788210 5646807 12211790 0 0
21 -5646808 773226424 5646807 226773576 0 0
22 -5646808 559054685 5646807 440945315 0 0
23 -5646808 339154665 5646807 660845335 0 0
24 -5646808 123515972 5646807 876484028 0 0
25 -5646809 911414103 5646808 88585897 0 0
26 -5646809 692057480 5646808 307942520 0 0
27 -5646809 478669745 5646808 521330255 0 0
28 -5646809 261673986 5646808 738326014 0 0
29 -5646809 36888371 5646808 963111629 0 0
30 -5646810 821544451 5646809 178455549 0 0
31 -5646810 610959868 5646809 389040132 0 0
32 -5646810 369412805 5646809 630587195 0 0
33 -5646810 154059904 5646809 845940096 0 0
34 -5646811 948383656 5646810 51616344 0 0
35 -5646811 728251565 5646810 271748435 0 0
36 -5646811 518879886 5646810 481120114 0 0
37 -5646811 303257545 5646810 696742455 0 0
38 -5646811 87333562 5646810 912666438 0 0
39 -5646812 876985919 5646811 123014081 0 0
40 -5646812 652921550 5646811 347078450 0 0
41 -5646812 439777107 5646811 560222893 0 0
42 -5646812 228025768 5646811 771974232 0 0
43 -5646812 18457963 5646811 981542037 0 0
44 -5646813 801129413 5646812 198870587 0 0
45 -5646813 579269003 5646812 420730997 0 0
46 -5646813 351439056 5646812 648560944 0 0
47 -5646813 135081840 5646812 864918160 0 0
48 -5646814 923313297 5646813 76686703 0 0
49 -5646814 697797715 5646813 302202285 0 0
50 -5646814 480871009 5646813 519128991 0 0
51 -5646814 258574589 5646813 741425411 0 0
52 -5646814 37045857 5646813 962954143 0 0
53 -5646815 816705327 5646814 183294673 0 0
54 -5646815 592664624 5646814 407335376 0 0
55 -5646815 371571681 5646814 628428319 0 0
56 -5646815 150598069 5646814 849401931 0 0
57 -5646816 928318908 5646815 71681092 0 0
58 -5646816 711490256 5646815 288509744 0 0
59 -5646816 483520070 5646815 516479930 0 0
60 -5646816 269258704 5646815 730741296 0 0
61 -5646816 45116003 5646815 954883997 0 0
62 -5646817 827069652 5646816 172930348 0 0
63 -5646817 602546717 5646816 397453283 0 0
64 -5646817 387024596 5646816 612975404 0 0
1 -5646849 20396021 5646848 979603979 0 0
2 -5646850 766267878 5646849 233732122 0 0
3 -5646850 552985326 5646849 447014674 0 0
4 -5646850 345825717 5646849 654174283 0 0
5 -5646850 136239708 5646849 863760292 0 0
6 -5646851 927338186 5646850 72661814 0 0
7 -5646851 717219835 5646850 282780165 0 0
8 -5646851 500012023 5646850 499987977 0 0
9 -5646851 278400460 5646850 721599540 0 0
10 -5646851 64440347 5646850 935559653 0 0
11 -5646852 841588270 5646851 158411730 0 0
12 -5646852 630563788 5646851 369436212 0 0
13 -5646852 421565342 5646851 578434658 0 0
14 -5646852 197446159 5646851 802553841 0 0
15 -5646853 978354160 5646852 21645840 0 0
16 -5646853 765272902 5646852 234727098 0 0
17 -5646853 547202217 5646852 452797783 0 0
18 -5646853 341888332 5646852 658111668 0 0
19 -5646853 136072957 5646852 863927043 0 0
20 -5646854 921465467 5646853 78534533 0 0
21 -5646854 701072270 5646853 298927730 0 0
22 -5646854 489012641 5646853 510987359 0 0
23 -5646854 271103398 5646853 728896602 0 0
24 -5646854 48530130 5646853 951469870 0 0
25 -5646855 832758718 5646854 167241282 0 0
26 -5646855 615880826 5646854 384119174 0 0
27 -5646855 397335632 5646854 602664368 0 0
28 -5646855 182907620 5646854 817092380 0 0
29 -5646856 948450888 5646855 51549112 0 0
30 -5646856 727244040 5646855 272755960 0 0
31 -5646856 497454925 5646855 502545075 0 0
32 -5646856 287455276 5646855 712544724 0 0
33 -5646856 80045967 5646855 919954033 0 0
34 -5646857 870169612 5646856 129830388 0 0
35 -5646857 650158630 5646856 349841370 0 0
36 -5646857 417157556 5646856 582842444 0 0
37 -5646857 190095132 5646856 809904868 0 0
38 -5646858 968835803 5646857 31164197 0 0
39 -5646858 746023651 5646857 253976349 0 0
40 -5646858 531232072 5646857 468767928 0 0
41 -5646858 309164406 5646857 690835594 0 0
42 -5646858 86898096 5646857 913101904 0 0
43 -5646859 877915169 5646858 122084831 0 0
44 -5646859 659702542 5646858 340297458 0 0
45 -5646859 437331901 5646858 562668099 0 0
46 -5646859 213397714 5646858 786602286 0 0
47 -5646859 1463156 5646858 998536844 0 0
48 -5646860 785131180 5646859 214868820 0 0
49 -5646860 549454638 5646859 450545362 0 0
50 -5646860 334184031 5646859 665815969 0 0
51 -5646860 107247937 5646859 892752063 0 0
52 -5646861 893483357 5646860 106516643 0 0
53 -5646861 669651836 5646860 330348164 0 0
54 -5646861 446450302 5646860 553549698 0 0
55 -5646861 219493264 5646860 780506736 0 0
56 -5646861 3760610 5646860 996239390 0 0
57 -5646862 785079400 5646861 214920600 0 0
58 -5646862 557918866 5646861 442081134 0 0
59 -5646862 338651574 5646861 661348426 0 0
60 -5646862 128311375 5646861 871688625 0 0
61 -5646863 903826532 5646862 96173468 0 0
62 -5646863 676188859 5646862 323811141 0 0
63 -5646863 470126785 5646862 529873215 0 0
64 -5646863 247000639 5646862 752999361 0 0
1 -5646895 690095946 5646894 309904054 0 0
2 -5646895 448013078 5646894 551986922 0 0
3 -5646895 236280387 5646894 763719613 0 0
4 -5646895 12854987 5646894 987145013 0 0
5 -5646896 791518344 5646895 208481656 0 0
6 -5646896 577283718 5646895 422716282 0 0
7 -5646896 360544767 5646895 639455233 0 0
8 -5646896 144522452 5646895 855477548 0 0
9 -5646897 930763483 5646896 69236517 0 0
10 -5646897 716468173 5646896 283531827 0 0
11 -5646897 506973403 5646896 493026597 0 0
12 -5646897 292847589 5646896 707152411 0 0
13 -5646897 73273636 5646896 926726364 0 0
14 -5646898 859745348 5646897 140254652 0 0
15 -5646898 645271856 5646897 354728144 0 0
16 -5646898 423767513 5646897 576232487 0 0
17 -5646898 212751734 5646897 787248266 0 0
18 -5646899 996703530 5646898 3296470 0 0
19 -5646899 779439756 5646898 220560244 0 0
20 -5646899 557397386 5646898 442602614 0 0
21 -5646899 342486031 5646898 657513969 0 0
22 -5646899 129288960 5646898 870711040 0 0
23 -5646900 910282237 5646899 89717763 0 0
24 -5646900 686970242 5646899 313029758 0 0
25 -5646900 467020703 5646899 532979297 0 0
26 -5646900 243850299 5646899 756149701 0 0
27 -5646900 34066145 5646899 965933855 0 0
28 -5646901 812569505 5646900 187430495 0 0
29 -5646901 588726206 5646900 411273794 0 0
30 -5646901 357647022 5646900 642352978 0 0
31 -5646901 138555579 5646900 861444421 0 0
32 -5646902 906321565 5646901 93678435 0 0
33 -5646902 686941812 5646901 313058188 0 0
34 -5646902 469531318 5646901 530468682 0 0
35 -5646902 253162602 5646901 746837398 0 0
36 -5646902 26969735 5646901 973030265 0 0
37 -5646903 803581593 5646902 196418407 0 0
38 -5646903 569819293 5646902 430180707 0 0
39 -5646903 342962013 5646902 657037987 0 0
40 -5646903 107364357 5646902 892635643 0 0
41 -5646904 888397560 5646903 111602440 0 0
42 -5646904 667460669 5646903 332539331 0 0
43 -5646904 451902049 5646903 548097951 0 0
44 -5646904 221257375 5646903 778742625 0 0
45 -5646904 9255152 5646903 990744848 0 0
46 -5646905 784996582 5646904 215003418 0 0
47 -5646905 567598200 5646904 432401800 0 0
48 -5646905 341582700 5646904 658417300 0 0
49 -5646905 128775695 5646904 871224305 0 0
50 -5646906 915308295 5646905 84691705 0 0
51 -5646906 693301646 5646905 306698354 0 0
52 -5646906 472936708 5646905 527063292 0 0
53 -5646906 254721637 5646905 745278363 0 0
54 -5646906 28983113 5646905 971016887 0 0
55 -5646907 797272978 5646906 202727022 0 0
56 -5646907 580766635 5646906 419233365 0 0
57 -5646907 370595377 5646906 629404623 0 0
58 -5646907 146666394 5646906 853333606 0 0
59 -5646908 929224549 5646907 70775451 0 0
60 -5646908 703773891 5646907 296226109 0 0
61 -5646908 476704077 5646907 523295923 0 0
62 -5646908 262332379 5646907 737667621 0 0
63 -5646908 37851202 5646907 962148798 0 0
64 -5646909 822806646 5646908 177193354 0 0
1 -5646941 763035995 5646940 236964005 0 0
2 -5646941 512681522 5646940 487318478 0 0
3 -5646941 282900333 5646940 717099667 0 0
4 -5646941 58653855 5646940 941346145 0 0
5 -5646942 849067012 5646941 150932988 0 0
6 -5646942 638719554 5646941 361280446 0 0
7 -5646942 426604629 5646941 573395371 0 0
8 -5646942 207636645 5646941 792363355 0 0
9 -5646943 993079154 5646942 6920846 0 0
10 -5646943 772984137 5646942 227015863 0 0
11 -5646943 554795695 5646942 445204305 0 0
12 -5646943 333694788 5646942 666305212 0 0
13 -5646943 117182519 5646942 882817481 0 0
14 -5646944 899159777 5646943 100840223 0 0
15 -5646944 678148888 5646943 321851112 0 0
16 -5646944 465435696 5646943 534564304 0 0
17 -5646944 247551952 5646943 752448048 0 0
18 -5646944 18261901 5646943 981738099 0 0
19 -5646945 795842556 5646944 204157444 0 0
20 -5646945 579269992 5646944 420730008 0 0
21 -5646945 362441117 5646944 637558883 0 0
22 -5646945 139071364 5646944 860928636 0 0
23 -5646946 927390634 5646945 72609366 0 0
24 -5646946 710058991 5646945 289941009 0 0
25 -5646946 495898622 5646945 504101378 0 0
26 -5646946 272597720 5646945 727402280 0 0
27 -5646946 61866139 5646945 938133861 0 0
28 -5646947 852802712 5646946 147197288 0 0
29 -5646947 628006838 5646946 371993162 0 0
30 -5646947 420363107 5646946 579636893 0 0
31 -5646947 205421197 5646946 794578803 0 0
32 -5646948 984233237 5646947 15766763 0 0
33 -5646948 757377900 5646947 242622100 0 0
34 -5646948 533465176 5646947 466534824 0 0
35 -5646948 310970110 5646947 689029890 0 0
36 -5646948 104030774 5646947 895969226 0 0
37 -5646949 876061384 5646948 123938616 0 0
38 -5646949 662686186 5646948 337313814 0 0
39 -5646949 441467096 5646948 558532904 0 0
40 -5646949 228294950 5646948 771705050 0 0
41 -5646949 16214912 5646948 983785088 0 0
42 -5646950 796939768 5646949 203060232 0 0
43 -5646950 582199947 5646949 417800053 0 0
44 -5646950 369547032 5646949 630452968 0 0
45 -5646950 162060520 5646949 837939480 0 0
46 -5646951 936863894 5646950 63136106 0 0
47 -5646951 714006039 5646950 285993961 0 0
48 -5646951 501137609 5646950 498862391 0 0
49 -5646951 272448862 5646950 727551138 0 0
50 -5646951 51446546 5646950 948553454 0 0
51 -5646952 832872723 5646951 167127277 0 0
52 -5646952 614381823 5646951 385618177 0 0
53 -5646952 399721056 5646951 600278944 0 0
54 -5646952 179821276 5646951 820178724 0 0
55 -5646953 966204415 5646952 33795585 0 0
56 -5646953 747696090 5646952 252303910 0 0
57 -5646953 516644091 5646952 483355909 0 0
58 -5646953 295448057 5646952 704551943 0 0
59 -5646953 85057599 5646952 914942401 0 0
60 -5646954 855319224 5646953 144680776 0 0
61 -5646954 628699679 5646953 371300321 0 0
62 -5646954 407706882 5646953 592293118 0 0
63 -5646954 172588329 5646953 827411671 0 0
64 -5646955 939944137 5646954 60055863 0 0
1 -5646986 909381573 5646985 90618427 0 0
2 -5646986 670924322 5646985 329075678 0 0
3 -5646986 466581585 5646985 533418415 0 0
4 -5646986 240617010 5646985 759382990 0 0
5 -5646986 19152832 5646985 980847168 0 0
6 -5646987 803950390 5646986 196049610 0 0
7 -5646987 587891260 5646986 412108740 0 0
8 -5646987 369060552 5646986 630939448 0 0
9 -5646987 158778000 5646986 841222000 0 0
10 -5646988 929249732 5646987 70750268 0 0
11 -5646988 711798035 5646987 288201965 0 0
12 -5646988 493888254 5646987 506111746 0 0
13 -5646988 275622184 5646987 724377816 0 0
14 -5646988 57006935 5646987 942993065 0 0
15 -5646989 836002489 5646988 163997511 0 0
16 -5646989 616687623 5646988 383312377 0 0
17 -5646989 400498237 5646988 599501763 0 0
18 -5646989 185565623 5646988 814434377 0 0
19 -5646990 960597251 5646989 39402749 0 0
20 -5646990 740570602 5646989 259429398 0 0
21 -5646990 519806393 5646989 480193607 0 0
22 -5646990 292242218 5646989 707757782 0 0
23 -5646990 67122904 5646989 932877096 0 0
24 -5646991 842801150 5646990 157198850 0 0
25 -5646991 608293252 5646990 391706748 0 0
26 -5646991 397215733 5646990 602784267 0 0
27 -5646991 178623762 5646990 821376238 0 0
28 -5646992 957623742 5646991 42376258 0 0
29 -5646992 739083343 5646991 260916657 0 0
30 -5646992 517816810 5646991 482183190 0 0
31 -5646992 299198820 5646991 700801180 0 0
32 -5646992 68039434 5646991 931960566 0 0
33 -5646993 845988638 5646992 154011362 0 0
34 -5646993 620555923 5646992 379444077 0 0
35 -5646993 387217225 5646992 612782775 0 0
36 -5646993 167462757 5646992 832537243 0 0
37 -5646994 946306999 5646993 53693001 0 0
38 -5646994 722623141 5646993 277376859 0 0
39 -5646994 505093556 5646993 494906444 0 0
40 -5646994 292370198 5646993 707629802 0 0
41 -5646994 76873465 5646993 923126535 0 0
42 -5646995 856033886 5646994 143966114 0 0
43 -5646995 639265121 5646994 360734879 0 0
44 -5646995 414325805 5646994 585674195 0 0
45 -5646995 190333896 5646994 809666104 0 0
46 -5646996 978361561 5646995 21638439 0 0
47 -5646996 764758107 5646995 235241893 0 0
48 -5646996 548914066 5646995 451085934 0 0
49 -5646996 321759698 5646995 678240302 0 0
50 -5646996 110058913 5646995 889941087 0 0
51 -5646997 881050949 5646996 118949051 0 0
52 -5646997 667279480 5646996 332720520 0 0
53 -5646997 447856598 5646996 552143402 0 0
54 -5646997 227376235 5646996 772623765 0 0
55 -5646997 1109832 5646996 998890168 0 0
56 -5646998 786452806 5646997 213547194 0 0
57 -5646998 566746947 5646997 433253053 0 0
58 -5646998 356094032 5646997 643905968 0 0
59 -5646998 136693630 5646997 863306370 0 0
60 -5646999 921073863 5646998 78926137 0 0
61 -5646999 703806977 5646998 296193023 0 0
62 -5646999 484494963 5646998 515505037 0 0
63 -5646999 257324281 5646998 742675719 0 0
64 -5646999 34713735 5646998 965286265 0 0
1 -5647031 564262361 5647030 435737639 0 0
2 -5647031 317132105 5647030 682867895 0 0
3 -5647031 87361471 5647030 912638529 0 0
4 -5647032 870064586 5647031 129935414 0 0
5 -5647032 663799829 5647031 336200171 0 0
6 -5647032 447163858 5647031 552836142 0 0
7 -5647032 222616404 5647031 777383596 0 0
8 -5647032 4950007 5647031 995049993 0 0
9 -5647033 779032116 5647032 220967884 0 0
10 -5647033 567521957 5647032 432478043 0 0
11 -5647033 353601435 5647032 646398565 0 0
12 -5647033 137227718 5647032 862772282 0 0
13 -5647034 913127071 5647033 86872929 0 0
14 -5647034 696178198 5647033 303821802 0 0
15 -5647034 477416229 5647033 522583771 0 0
16 -5647034 257963144 5647033 742036856 0 0
17 -5647034 27236212 5647033 972763788 0 0
18 -5647035 792063104 5647034 207936896 0 0
19 -5647035 562471985 5647034 437528015 0 0
20 -5647035 345575481 5647034 654424519 0 0
21 -5647035 119421520 5647034 880578480 0 0
22 -5647036 911402759 5647035 88597241 0 0
23 -5647036 688061264 5647035 311938736 0 0
24 -5647036 467298925 5647035 532701075 0 0
25 -5647036 245970282 5647035 754029718 0 0
26 -5647036 22872931 5647035 977127069 0 0
27 -5647037 804839282 5647036 195160718 0 0
28 -5647037 575481121 5647036 424518879 0 0
29 -5647037 365396991 5647036 634603009 0 0
30 -5647037 136536618 5647036 863463382 0 0
31 -5647038 935328619 5647037 64671381 0 0
32 -5647038 706453004 5647037 293546996 0 0
33 -5647038 488335968 5647037 511664032 0 0
34 -5647038 260537056 5647037 739462944 0 0
35 -5647038 37381095 5647037 962618905 0 0
36 -5647039 816520795 5647038 183479205 0 0
37 -5647039 596643791 5647038 403356209 0 0
38 -5647039 372418831 5647038 627581169 0 0
39 -5647039 146326925 5647038 853673075 0 0
40 -5647040 927477013 5647039 72522987 0 0
41 -5647040 714218849 5647039 285781151 0 0
42 -5647040 480250552 5647039 519749448 0 0
43 -5647040 275381714 5647039 724618286 0 0
44 -5647040 46645060 5647039 953354940 0 0
45 -5647041 827552542 5647040 172447458 0 0
46 -5647041 612896460 5647040 387103540 0 0
47 -5647041 393009493 5647040 606990507 0 0
48 -5647041 167305969 5647040 832694031 0 0
49 -5647042 944362929 5647041 55637071 0 0
50 -5647042 727058693 5647041 272941307 0 0
51 -5647042 501856362 5647041 498143638 0 0
52 -5647042 283262538 5647041 716737462 0 0
53 -5647042 66311999 5647041 933688001 0 0
54 -5647043 852695416 5647042 147304584 0 0
55 -5647043 628923371 5647042 371076629 0 0
56 -5647043 406395746 5647042 593604254 0 0
57 -5647043 183691639 5647042 816308361 0 0
58 -5647044 961361678 5647043 38638322 0 0
59 -5647044 739914980 5647043 260085020 0 0
60 -5647044 516733274 5647043 483266726 0 0
61 -5647044 299677427 5647043 700322573 0 0
62 -5647044 70478528 5647043 929521472 0 0
63 -5647045 840449827 5647044 159550173 0 0
64 -5647045 623098893 5647044 376901107 0 0
1 -5647076 276211659 5647075 723788341 0 0
2 -5647076 28114323 5647075 971885677 0 0
3 -5647077 810122402 5647076 189877598 0 0
4 -5647077 590585488 5647076 409414512 0 0
5 -5647077 375815585 5647076 624184415 0 0
6 -5647077 156463965 5647076 843536035 0 0
7 -5647078 936178657 5647077 63821343 0 0
8 -5647078 721193129 5647077 278806871 0 0
9 -5647078 497459065 5647077 502540935 0 0
10 -5647078 278928042 5647077 721071958 0 0
11 -5647078 47645162 5647077 952354838 0 0
12 -5647079 841290340 5647078 158709660 0 0
13 -5647079 623689098 5647078 376310902 0 0
14 -5647079 406529663 5647078 593470337 0 0
15 -5647079 193996150 5647078 806003850 0 0
16 -5647080 969292826 5647079 30707174 0 0
17 -5647080 747209327 5647079 252790673 0 0
18 -5647080 531748438 5647079 468251562 0 0
19 -5647080 308506497 5647079 691493503 0 0
20 -5647080 83097352 5647079 916902648 0 0
21 -5647081 865121691 5647080 134878309 0 0
22 -5647081 635402435 5647080 364597565 0 0
23 -5647081 424986942 5647080 575013058 0 0
24 -5647081 201770130 5647080 798229870 0 0
25 -5647082 978641817 5647081 21358183 0 0
26 -5647082 747357958 5647081 252642042 0 0
27 -5647082 533040218 5647081 466959782 0 0
28 -5647082 315640585 5647081 684359415 0 0
29 -5647082 89283476 5647081 910716524 0 0
30 -5647083 875334896 5647082 124665104 0 0
31 -5647083 654382992 5647082 345617008 0 0
32 -5647083 432284495 5647082 567715505 0 0
33 -5647083 216966106 5647082 783033894 0 0
34 -5647084 987366312 5647083 12633688 0 0
35 -5647084 774687193 5647083 225312807 0 0
36 -5647084 556854902 5647083 443145098 0 0
37 -5647084 340482753 5647083 659517247 0 0
38 -5647084 120060637 5647083 879939363 0 0
39 -5647085 893382701 5647084 106617299 0 0
40 -5647085 659392316 5647084 340607684 0 0
41 -5647085 433774584 5647084 566225416 0 0
42 -5647085 207286442 5647084 792713558 0 0
43 -5647086 993804837 5647085 6195163 0 0
44 -5647086 782987021 5647085 217012979 0 0
45 -5647086 561796140 5647085 438203860 0 0
46 -5647086 332298364 5647085 667701636 0 0
47 -5647086 107426936 5647085 892573064 0 0
48 -5647087 894123774 5647086 105876226 0 0
49 -5647087 667232898 5647086 332767102 0 0
50 -5647087 445849985 5647086 554150015 0 0
51 -5647087 217689761 5647086 782310239 0 0
52 -5647088 990896162 5647087 9103838 0 0
53 -5647088 764673498 5647087 235326502 0 0
54 -5647088 541494060 5647087 458505940 0 0
55 -5647088 315559206 5647087 684440794 0 0
56 -5647088 93142978 5647087 906857022 0 0
57 -5647089 879275345 5647088 120724655 0 0
58 -5647089 657280350 5647088 342719650 0 0
59 -5647089 445514181 5647088 554485819 0 0
60 -5647089 227094922 5647088 772905078 0 0
61 -5647089 1072978 5647088 998927022 0 0
62 -5647090 775945130 5647089 224054870 0 0
63 -5647090 557161082 5647089 442838918 0 0
64 -5647090 335134014 5647089 664865986 0 0
1 -5647121 516785825 5647120 483214175 0 0
2 -5647121 264038227 5647120 735961773 0 0
3 -5647121 49360552 5647120 950639448 0 0
4 -5647122 835960355 5647121 164039645 0 0
5 -5647122 617357598 5647121 382642402 0 0
6 -5647122 403398226 5647121 596601774 0 0
7 -5647122 189760533 5647121 810239467 0 0
8 -5647123 963465743 5647122 36534257 0 0
9 -5647123 756326939 5647122 243673061 0 0
10 -5647123 533421887 5647122 466578113 0 0
11 -5647123 317413217 5647122 682586783 0 0
12 -5647123 99446488 5647122 900553512 0 0
13 -5647124 885227509 5647123 114772491 0 0
14 -5647124 662496158 5647123 337503842 0 0
15 -5647124 436486845 5647123 563513155 0 0
16 -5647124 214042304 5647123 785957696 0 0
17 -5647125 989871442 5647124 10128558 0 0
18 -5647125 777220270 5647124 222779730 0 0
19 -5647125 559351411 5647124 440648589 0 0
20 -5647125 343519646 5647124 656480354 0 0
21 -5647125 120653409 5647124 879346591 0 0
22 -5647126 905052586 5647125 94947414 0 0
23 -5647126 688842328 5647125 311157672 0 0
24 -5647126 469655510 5647125 530344490 0 0
25 -5647126 249813018 5647125 750186982 0 0
26 -5647126 42447276 5647125 957552724 0 0
27 -5647127 816079952 5647126 183920048 0 0
28 -5647127 597419218 5647126 402580782 0 0
29 -5647127 381004520 5647126 618995480 0 0
30 -5647127 152934022 5647126 847065978 0 0
31 -5647128 907896815 5647127 92103185 0 0
32 -5647128 684754806 5647127 315245194 0 0
33 -5647128 473344078 5647127 526655922 0 0
34 -5647128 256888011 5647127 743111989 0 0
35 -5647128 35462455 5647127 964537545 0 0
36 -5647129 819108405 5647128 180891595 0 0
37 -5647129 601291491 5647128 398708509 0 0
38 -5647129 378034282 5647128 621965718 0 0
39 -5647129 152992122 5647128 847007878 0 0
40 -5647130 925483208 5647129 74516792 0 0
41 -5647130 701259997 5647129 298740003 0 0
42 -5647130 480717593 5647129 519282407 0 0
43 -5647130 265436192 5647129 734563808 0 0
44 -5647130 45756885 5647129 954243115 0 0
45 -5647131 833549154 5647130 166450846 0 0
46 -5647131 607234313 5647130 392765687 0 0
47 -5647131 388143033 5647130 611856967 0 0
48 -5647131 169574356 5647130 830425644 0 0
49 -5647132 951923848 5647131 48076152 0 0
50 -5647132 730123504 5647131 269876496 0 0
51 -5647132 515513870 5647131 484486130 0 0
52 -5647132 293914689 5647131 706085311 0 0
53 -5647132 72601115 5647131 927398885 0 0
54 -5647133 844845244 5647132 155154756 0 0
55 -5647133 621817885 5647132 378182115 0 0
56 -5647133 403247245 5647132 596752755 0 0
57 -5647133 182750158 5647132 817249842 0 0
58 -5647134 945171363 5647133 54828637 0 0
59 -5647134 720276814 5647133 279723186 0 0
60 -5647134 490380129 5647133 509619871 0 0
61 -5647134 275352892 5647133 724647108 0 0
62 -5647134 51508696 5647133 948491304 0 0
63 -5647135 829677280 5647134 170322720 0 0
64 -5647135 606486424 5647134 393513576 0 0
1 -5647166 720016434 5647165 279983566 0 0
2 -5647166 479834017 5647165 520165983 0 0
3 -5647166 254450512 5647165 745549488 0 0
4 -5647166 27026765 5647165 972973235 0 0
5 -5647167 816660354 5647166 183339646 0 0
6 -5647167 597862013 5647166 402137987 0 0
7 -5647167 373886558 5647166 626113442 0 0
8 -5647167 151417096 5647166 848582904 0 0
9 -5647168 926433345 5647167 73566655 0 0
10 -5647168 704523410 5647167 295476590 0 0
11 -5647168 487103380 5647167 512896620 0 0
12 -5647168 276111813 5647167 723888187 0 0
13 -5647168 53691962 5647167 946308038 0 0
14 -5647169 846231316 5647168 153768684 0 0
15 -5647169 629860824 5647168 370139176 0 0
16 -5647169 408415512 5647168 591584488 0 0
17 -5647169 199100046 5647168 800899954 0 0
18 -5647170 984212696 5647169 15787304 0 0
19 -5647170 748436224 5647169 251563776 0 0
20 -5647170 532892810 5647169 467107190 0 0
21 -5647170 311818399 5647169 688181601 0 0
22 -5647170 103755820 5647169 896244180 0 0
23 -5647171 890855677 5647170 109144323 0 0
24 -5647171 673206096 5647170 326793904 0 0
25 -5647171 454865954 5647170 545134046 0 0
26 -5647171 232283810 5647170 767716190 0 0
27 -5647171 19194152 5647170 980805848 0 0
28 -5647172 803478983 5647171 196521017 0 0
29 -5647172 588491042 5647171 411508958 0 0
30 -5647172 374122202 5647171 625877798 0 0
31 -5647172 151868980 5647171 848131020 0 0
32 -5647173 932084919 5647172 67915081 0 0
33 -5647173 717783319 5647172 282216681 0 0
34 -5647173 495994552 5647172 504005448 0 0
35 -5647173 271673106 5647172 728326894 0 0
36 -5647173 47121516 5647172 952878484 0 0
37 -5647174 826390287 5647173 173609713 0 0
38 -5647174 598580031 5647173 401419969 0 0
39 -5647174 376918188 5647173 623081812 0 0
40 -5647174 161238317 5647173 838761683 0 0
41 -5647175 943071506 5647174 56928494 0 0
42 -5647175 717294253 5647174 282705747 0 0
43 -5647175 505345410 5647174 494654590 0 0
44 -5647175 289081660 5647174 710918340 0 0
45 -5647175 67395448 5647174 932604552 0 0
46 -5647176 841577085 5647175 158422915 0 0
47 -5647176 623600272 5647175 376399728 0 0
48 -5647176 408123490 5647175 591876510 0 0
49 -5647176 200112727 5647175 799887273 0 0
50 -5647177 989021944 5647176 10978056 0 0
51 -5647177 764288507 5647176 235711493 0 0
52 -5647177 542731831 5647176 457268169 0 0
53 -5647177 316662547 5647176 683337453 0 0
54 -5647177 87441614 5647176 912558386 0 0
55 -5647178 871870575 5647177 128129425 0 0
56 -5647178 659319151 5647177 340680849 0 0
57 -5647178 430076033 5647177 569923967 0 0
58 -5647178 208734539 5647177 791265461 0 0
59 -5647179 995828417 5647178 4171583 0 0
60 -5647179 772815693 5647178 227184307 0 0
61 -5647179 550960059 5647178 449039941 0 0
62 -5647179 330823304 5647178 669176696 0 0
63 -5647179 105418880 5647178 894581120 0 0
64 -5647180 880430931 5647179 119569069 0 0
