1 0 12126202 5859864 767531215 5859864 779657417
2 0 10778023 5859864 769388774 5859864 780166797
1 0 12434826 5859872 236925409 5859872 249360235
2 0 11029426 5859872 238775153 5859872 249804579
1 0 14733395 5859879 497421851 5859879 512155246
2 0 13465195 5859879 499274614 5859879 512739809
1 0 12135776 5859886 797156328 5859886 809292104
2 0 10727672 5859886 799004961 5859886 809732633
1 0 14542268 5859894 177432613 5859894 191974881
2 0 13290718 5859894 179281504 5859894 192572222
1 0 15991131 5859901 672834529 5859901 688825660
2 0 14165498 5859901 675248077 5859901 689413575
1 0 12118054 5859909 127539457 5859909 139657511
2 0 10740468 5859909 129404682 5859909 140145150
1 0 12352216 5859916 653502235 5859916 665854451
2 0 10937501 5859916 655358590 5859916 666296091
1 0 12249570 5859924 127708839 5859924 139958409
2 0 10925873 5859924 129572823 5859924 140498696
1 0 15828726 5859931 612188050 5859931 628016776
2 0 14007871 5859931 614588895 5859931 628596766
