1 0 143475991 5860098 792870281 5860098 936346272
2 0 141347810 5860098 795331011 5860098 936678821
3 0 139872635 5860098 797106921 5860098 936979556
4 0 138498403 5860098 798763685 5860098 937262088
5 0 137040449 5860098 800491782 5860098 937532231
6 0 135655623 5860098 802154750 5860098 937810373
7 0 134276150 5860098 803813051 5860098 938089201
8 0 133069673 5860098 805453927 5860098 938523600
9 0 131709403 5860098 807095414 5860098 938804817
10 0 130312523 5860098 808761900 5860098 939074423
11 0 128858884 5860098 810490737 5860098 939349621
12 0 127447875 5860098 812179871 5860098 939627746
13 0 126069401 5860098 813824932 5860098 939894333
14 0 124748667 5860098 815478141 5860098 940226808
15 0 123314751 5860098 817204848 5860098 940519599
16 0 121874927 5860098 818912611 5860098 940787538
1 0 94002855 5860108 157778435 5860108 251781290
2 0 92668695 5860108 159695806 5860108 252364501
3 0 91782008 5860108 161240332 5860108 253022340
4 0 91044523 5860108 162519751 5860108 253564274
5 0 90333518 5860108 163789245 5860108 254122763
6 0 89641309 5860108 165038629 5860108 254679938
7 0 88914008 5860108 166303216 5860108 255217224
8 0 88277354 5860108 167552691 5860108 255830045
9 0 87575830 5860108 168810075 5860108 256385905
10 0 86816790 5860108 170121086 5860108 256937876
11 0 86088526 5860108 171397228 5860108 257485754
12 0 85383465 5860108 172657926 5860108 258041391
13 0 84319615 5860108 174258970 5860108 258578585
14 0 83174341 5860108 175965048 5860108 259139389
15 0 82017826 5860108 177690107 5860108 259707933
16 0 80905032 5860108 179399482 5860108 260304514
1 0 85163359 5860117 577678277 5860117 662841636
2 0 83784330 5860117 579540204 5860117 663324534
3 0 82733943 5860117 581028990 5860117 663762933
4 0 81887237 5860117 582297077 5860117 664184314
5 0 81030550 5860117 583561164 5860117 664591714
6 0 80198270 5860117 584808621 5860117 665006891
7 0 79361693 5860117 586061097 5860117 665422790
8 0 78572393 5860117 587299203 5860117 665871596
9 0 77884906 5860117 588535809 5860117 666420715
10 0 77037775 5860117 589786766 5860117 666824541
11 0 76154126 5860117 591081222 5860117 667235348
12 0 75321012 5860117 592329791 5860117 667650803
13 0 74488806 5860117 593563730 5860117 668052536
14 0 73686859 5860117 594783984 5860117 668470843
15 0 72784764 5860117 596085830 5860117 668870594
16 0 71901263 5860117 597388138 5860117 669289401
1 0 89022082 5860126 862527280 5860126 951549362
2 0 87107546 5860126 864786273 5860126 951893819
3 0 85634777 5860126 866538888 5860126 952173665
4 0 84268063 5860126 868184486 5860126 952452549
5 0 82883034 5860126 869836732 5860126 952719766
6 0 81380081 5860126 871617031 5860126 952997112
7 0 79979775 5860126 873283758 5860126 953263533
8 0 78649023 5860126 874925134 5860126 953574157
9 0 77382733 5860126 876560213 5860126 953942946
10 0 75992741 5860126 878217089 5860126 954209830
11 0 74656507 5860126 879828354 5860126 954484861
12 0 73198906 5860126 881562302 5860126 954761208
13 0 71808433 5860126 883218233 5860126 955026666
14 0 70468495 5860126 884838406 5860126 955306901
15 0 69009357 5860126 886562169 5860126 955571526
16 0 67581161 5860126 888263007 5860126 955844168
1 0 96130891 5860136 432640442 5860136 528771333
2 0 94012914 5860136 435083080 5860136 529095994
3 0 92526702 5860136 436868490 5860136 529395192
4 0 91144098 5860136 438537144 5860136 529681242
5 0 89753458 5860136 440282832 5860136 530036290
6 0 88373818 5860136 441966541 5860136 530340359
7 0 86974419 5860136 443642786 5860136 530617205
8 0 85633574 5860136 445298625 5860136 530932199
9 0 84258934 5860136 446952056 5860136 531210990
10 0 82870721 5860136 448610116 5860136 531480837
11 0 81330898 5860136 450426563 5860136 531757461
12 0 79918259 5860136 452125882 5860136 532044141
13 0 78651894 5860136 453775665 5860136 532427559
14 0 77266976 5860136 455448966 5860136 532715942
15 0 75820930 5860136 457163674 5860136 532984604
16 0 74385865 5860136 458875548 5860136 533261413
1 0 97065004 5860145 779527328 5860145 876592332
2 0 95100616 5860145 782067057 5860145 877167673
3 0 93997359 5860145 783827912 5860145 877825271
4 0 92798364 5860145 785482028 5860145 878280392
5 0 91406409 5860145 787150496 5860145 878556905
6 0 90048806 5860145 788785761 5860145 878834567
7 0 88609593 5860145 790505302 5860145 879114895
8 0 87232415 5860145 792186251 5860145 879418666
9 0 85866330 5860145 793830535 5860145 879696865
10 0 84487875 5860145 795488151 5860145 879976026
11 0 83191919 5860145 797111916 5860145 880303835
12 0 81823242 5860145 798758106 5860145 880581348
13 0 80384140 5860145 800464962 5860145 880849102
14 0 78976074 5860145 802155504 5860145 881131578
15 0 77121777 5860145 804441756 5860145 881563533
16 0 75677285 5860145 806152205 5860145 881829490
1 0 86173789 5860155 417005886 5860155 503179675
2 0 85052551 5860155 418752945 5860155 503805496
3 0 84119846 5860155 420117419 5860155 504237265
4 0 83259511 5860155 421474023 5860155 504733534
5 0 82315177 5860155 422819034 5860155 505134211
6 0 81444101 5860155 424101102 5860155 505545203
7 0 80499990 5860155 425456983 5860155 505956973
8 0 79633692 5860155 426763199 5860155 506396891
9 0 78784782 5860155 428027360 5860155 506812142
10 0 77931743 5860155 429273502 5860155 507205245
11 0 77021631 5860155 430604588 5860155 507626219
12 0 76180610 5860155 431853008 5860155 508033618
13 0 75341515 5860155 433087725 5860155 508429240
14 0 74534845 5860155 434305943 5860155 508840788
15 0 73710379 5860155 435548734 5860155 509259113
16 0 72824915 5860155 436826302 5860155 509651217
1 0 95872159 5860164 787541944 5860164 883414103
2 0 94643682 5860164 789394186 5860164 884037868
3 0 93745626 5860164 790870139 5860164 884615765
4 0 92956029 5860164 792217447 5860164 885173476
5 0 91809366 5860164 793900896 5860164 885710262
6 0 90710388 5860164 795549864 5860164 886260252
7 0 89599520 5860164 797212221 5860164 886811741
8 0 88698259 5860164 798863523 5860164 887561782
9 0 87472709 5860164 800640989 5860164 888113698
10 0 86317694 5860164 802329290 5860164 888646984
11 0 85225937 5860164 803968925 5860164 889194862
12 0 84120384 5860164 805621319 5860164 889741703
13 0 83100052 5860164 807265843 5860164 890365895
14 0 82050313 5860164 808890256 5860164 890940569
15 0 80206275 5860164 811296506 5860164 891502781
16 0 79010057 5860164 813024010 5860164 892034067
1 0 85242030 5860174 177493698 5860174 262735728
2 0 83842779 5860174 179380884 5860174 263223663
3 0 82819022 5860174 180825800 5860174 263644822
4 0 81976742 5860174 182083461 5860174 264060203
5 0 81134646 5860174 183327049 5860174 264461695
6 0 80318681 5860174 184552821 5860174 264871502
7 0 79488586 5860174 185795464 5860174 265284050
8 0 78699897 5860174 187026126 5860174 265726023
9 0 78030243 5860174 188249880 5860174 266280123
10 0 77189889 5860174 189486671 5860174 266676560
11 0 76309739 5860174 190776739 5860174 267086478
12 0 75472254 5860174 192033382 5860174 267505636
13 0 74641901 5860174 193260191 5860174 267902092
14 0 73834527 5860174 194483131 5860174 268317658
15 0 72941952 5860174 195784624 5860174 268726576
16 0 72062987 5860174 197069063 5860174 269132050
1 0 95908882 5860183 462526270 5860183 558435152
2 0 93823107 5860183 464937391 5860183 558760498
3 0 92358802 5860183 466693431 5860183 559052233
4 0 90981847 5860183 468344399 5860183 559326246
5 0 89536837 5860183 470120088 5860183 559656925
6 0 88112662 5860183 471822499 5860183 559935161
7 0 86774020 5860183 473481616 5860183 560255636
8 0 85449102 5860183 475121232 5860183 560570334
9 0 84085386 5860183 476762553 5860183 560847939
10 0 82703209 5860183 478411188 5860183 561114397
11 0 81294366 5860183 480094359 5860183 561388725
12 0 79871227 5860183 481795345 5860183 561666572
13 0 78615010 5860183 483437147 5860183 562052157
14 0 77264759 5860183 485060060 5860183 562324819
15 0 75814009 5860183 486785434 5860183 562599443
16 0 74392888 5860183 488483420 5860183 562876308
