1 0 164695102 5860312 27836138 5860312 192531240
2 0 163216705 5860312 29763434 5860312 192980139
3 0 162299037 5860312 31178796 5860312 193477833
4 0 161501923 5860312 32433476 5860312 193935399
5 0 160657235 5860312 33699341 5860312 194356576
6 0 159921027 5860312 34935650 5860312 194856677
7 0 159137394 5860312 36192793 5860312 195330187
8 0 158333335 5860312 37449399 5860312 195782734
9 0 157508518 5860312 38686634 5860312 196195152
10 0 156712792 5860312 39931759 5860312 196644551
11 0 155787865 5860312 41270919 5860312 197058784
12 0 154984214 5860312 42507302 5860312 197491516
13 0 154241320 5860312 43748779 5860312 197990099
14 0 153292227 5860312 44979348 5860312 198271575
15 0 152447373 5860312 46287342 5860312 198734715
16 0 151465910 5860312 47545447 5860312 199011357
17 0 150528687 5860312 48751943 5860312 199280630
18 0 149599038 5860312 49959753 5860312 199558791
19 0 148535133 5860312 51299116 5860312 199834249
20 0 147681409 5860312 52495797 5860312 200177206
21 0 146633502 5860312 53820828 5860312 200454330
22 0 145687798 5860312 55042212 5860312 200730010
23 0 144750964 5860312 56254559 5860312 201005523
24 0 143802538 5860312 57469591 5860312 201272129
25 0 142888036 5860312 58663680 5860312 201551716
26 0 141950499 5860312 59875175 5860312 201825674
27 0 140951055 5860312 61142836 5860312 202093891
28 0 140029054 5860312 62351128 5860312 202380182
29 0 139088812 5860312 63558772 5860312 202647584
30 0 138174737 5860312 64752675 5860312 202927412
31 0 137238663 5860312 65962244 5860312 203200907
32 0 136285089 5860312 67180147 5860312 203465236
33 0 135323884 5860312 68422105 5860312 203745989
34 0 134377125 5860312 69642248 5860312 204019373
35 0 133333145 5860312 70951353 5860312 204284498
36 0 132408588 5860312 72167608 5860312 204576196
37 0 131466588 5860312 73385066 5860312 204851654
38 0 130532864 5860312 74584488 5860312 205117352
39 0 129670418 5860312 75797168 5860312 205467586
40 0 128740621 5860312 76998460 5860312 205739081
41 0 127830583 5860312 78188789 5860312 206019372
42 0 126906730 5860312 79389692 5860312 206296422
43 0 125902953 5860312 80660224 5860312 206563177
44 0 124947249 5860312 81888293 5860312 206835542
45 0 124016656 5860312 83129806 5860312 207146462
46 0 123092192 5860312 84328283 5860312 207420475
47 0 122160784 5860312 85532538 5860312 207693322
48 0 121225116 5860312 86741330 5860312 207966446
49 0 120304615 5860312 87931178 5860312 208235793
50 0 119359152 5860312 89148673 5860312 208507825
51 0 118385225 5860312 90403205 5860312 208788430
52 0 117433448 5860312 91617922 5860312 209051370
53 0 116498207 5860312 92824547 5860312 209322754
54 0 115576835 5860312 94018395 5860312 209595230
55 0 114623816 5860312 95236853 5860312 209860669
56 0 113734184 5860312 96435479 5860312 210169663
57 0 112782480 5860312 97692529 5860312 210475009
58 0 111843147 5860312 98900876 5860312 210744023
59 0 110043588 5860312 100970633 5860312 211014221
60 0 109068773 5860312 102228202 5860312 211296975
61 0 108126366 5860312 103442604 5860312 211568970
62 0 107205013 5860312 104637285 5860312 211842298
63 0 106271383 5860312 105847540 5860312 212118923
64 0 105353251 5860312 107040777 5860312 212394028
1 0 164025044 5860328 777993532 5860328 942018576
2 0 162460184 5860328 779860997 5860328 942321181
3 0 161351595 5860328 781250007 5860328 942601602
4 0 160389872 5860328 782499261 5860328 942889133
5 0 159399984 5860328 783763885 5860328 943163869
6 0 158453039 5860328 784993195 5860328 943446234
7 0 157576852 5860328 786248171 5860328 943825023
8 0 156613482 5860328 787501610 5860328 944115092
9 0 155659870 5860328 788732809 5860328 944392679
10 0 154703499 5860328 789971119 5860328 944674618
11 0 153664667 5860328 791293686 5860328 944958353
12 0 152714833 5860328 792531163 5860328 945245996
13 0 151752351 5860328 793771954 5860328 945524305
14 0 150781426 5860328 795030837 5860328 945812263
15 0 149310472 5860328 796774971 5860328 946085443
16 0 148354360 5860328 798011781 5860328 946366141
17 0 147413731 5860328 799226257 5860328 946639988
18 0 146416120 5860328 800507270 5860328 946923390
19 0 145442102 5860328 801760246 5860328 947202348
20 0 144548526 5860328 802952575 5860328 947501101
21 0 143501176 5860328 804269402 5860328 947770578
22 0 142546767 5860328 805500731 5860328 948047498
23 0 141618600 5860328 806704319 5860328 948322919
24 0 140674580 5860328 807915037 5860328 948589617
25 0 140023871 5860328 809108514 5860328 949132385
26 0 138972540 5860328 810428081 5860328 949400621
27 0 138043205 5860328 811633947 5860328 949677152
28 0 137107557 5860328 812838998 5860328 949946555
29 0 136240221 5860328 814046049 5860328 950286270
30 0 135319016 5860328 815235971 5860328 950554987
31 0 134394034 5860328 816444115 5860328 950838149
32 0 133459089 5860328 817655314 5860328 951114403
33 0 132485570 5860328 818905827 5860328 951391397
34 0 131501533 5860328 820165174 5860328 951666707
35 0 130578107 5860328 821375391 5860328 951953498
36 0 129647402 5860328 822579868 5860328 952227270
37 0 128710791 5860328 823792993 5860328 952503784
38 0 127790604 5860328 824988600 5860328 952779204
39 0 126919139 5860328 826199874 5860328 953119013
40 0 126006712 5860328 827391314 5860328 953398026
41 0 125082063 5860328 828596513 5860328 953678576
42 0 124148043 5860328 829797787 5860328 953945830
43 0 122551481 5860328 831669381 5860328 954220862
44 0 121598851 5860328 832888654 5860328 954487505
45 0 120648370 5860328 834145870 5860328 954794240
46 0 119726035 5860328 835342718 5860328 955068753
47 0 118796776 5860328 836538732 5860328 955335508
48 0 117881219 5860328 837729654 5860328 955610873
49 0 116960348 5860328 838923705 5860328 955884053
50 0 115977866 5860328 840173533 5860328 956151399
51 0 115045328 5860328 841385788 5860328 956431116
52 0 114118050 5860328 842586506 5860328 956704556
53 0 113183660 5860328 843786076 5860328 956969736
54 0 112265381 5860328 844978257 5860328 957243638
55 0 111328103 5860328 846189474 5860328 957517577
56 0 110413823 5860328 847378230 5860328 957792053
57 0 109471860 5860328 848619225 5860328 958091085
58 0 108559767 5860328 849818220 5860328 958377987
59 0 107568193 5860328 851076863 5860328 958645056
60 0 106632322 5860328 852291506 5860328 958923828
61 0 105719690 5860328 853479688 5860328 959199378
62 0 104775358 5860328 854690127 5860328 959465485
63 0 103850838 5860328 855894771 5860328 959745609
64 0 102960614 5860328 857090119 5860328 960050733
1 0 171258946 5860345 621818944 5860345 793077890
2 0 169140893 5860345 624258620 5860345 793399513
3 0 167759327 5860345 625933736 5860345 793693063
4 0 166423889 5860345 627566446 5860345 793990335
5 0 165041712 5860345 629237248 5860345 794278960
6 0 163618387 5860345 630955326 5860345 794573713
7 0 162253320 5860345 632625424 5860345 794878744
8 0 160888884 5860345 634285633 5860345 795174517
9 0 159556817 5860345 635915324 5860345 795472141
10 0 158196287 5860345 637568848 5860345 795765135
11 0 156976532 5860345 639218021 5860345 796194553
12 0 155561355 5860345 640927266 5860345 796488621
13 0 154190363 5860345 642575994 5860345 796766357
14 0 152812611 5860345 644255036 5860345 797067647
15 0 151415452 5860345 645930949 5860345 797346401
16 0 150097607 5860345 647547844 5860345 797645451
17 0 148765948 5860345 649156350 5860345 797922298
18 0 147382566 5860345 650825578 5860345 798208144
19 0 146035814 5860345 652450195 5860345 798486009
20 0 144756394 5860345 654033498 5860345 798789892
21 0 143294996 5860345 655774613 5860345 799069609
22 0 141958762 5860345 657396749 5860345 799355511
23 0 140640862 5860345 658998181 5860345 799639043
24 0 139194704 5860345 660736185 5860345 799930889
25 0 137937746 5860345 662343766 5860345 800281512
26 0 136614808 5860345 663961606 5860345 800576414
27 0 135302111 5860345 665553112 5860345 800855223
28 0 133984877 5860345 667154063 5860345 801138940
29 0 132671587 5860345 668752811 5860345 801424398
30 0 131309779 5860345 670391891 5860345 801701670
31 0 129973028 5860345 672014137 5860345 801987165
32 0 128659811 5860345 673609552 5860345 802269363
33 0 127284763 5860345 675278724 5860345 802563487
34 0 125965770 5860345 676881008 5860345 802846778
35 0 124660684 5860345 678462200 5860345 803122884
36 0 123299617 5860345 680106243 5860345 803405860
37 0 121947995 5860345 681745860 5860345 803693855
38 0 120633316 5860345 683334330 5860345 803967646
39 0 119385896 5860345 684935410 5860345 804321306
40 0 118100772 5860345 686516232 5860345 804617004
41 0 116773649 5860345 688114924 5860345 804888573
42 0 115471192 5860345 689709690 5860345 805180882
43 0 113810298 5860345 691658319 5860345 805468617
44 0 112472934 5860345 693266548 5860345 805739482
45 0 111127627 5860345 694926516 5860345 806054143
46 0 109819707 5860345 696518986 5860345 806338693
47 0 108501676 5860345 698111308 5860345 806612984
48 0 107198553 5860345 699694463 5860345 806893016
49 0 105819838 5860345 701354098 5860345 807173936
50 0 104470790 5860345 702974234 5860345 807445024
51 0 103167130 5860345 704563074 5860345 807730204
52 0 101853692 5860345 706159062 5860345 808012754
53 0 100527366 5860345 707755846 5860345 808283212
54 0 99215094 5860345 709347853 5860345 808562947
55 0 96412999 5860345 712427702 5860345 808840701
56 0 95798326 5860345 713313481 5860345 809111807
57 0 95266262 5860345 714153632 5860345 809419894
58 0 95402074 5860345 714954209 5860345 810356283
59 0 94893103 5860345 715745694 5860345 810638797
60 0 94364038 5860345 716547068 5860345 810911106
61 0 93855733 5860345 717337664 5860345 811193397
62 0 93324261 5860345 718143038 5860345 811467299
63 0 92809753 5860345 718943356 5860345 811753109
64 0 92298374 5860345 719737526 5860345 812035900
1 0 164413263 5860362 377831339 5860362 542244602
2 0 162948828 5860362 379705877 5860362 542654705
3 0 162037346 5860362 381115313 5860362 543152659
4 0 161240157 5860362 382367678 5860362 543607835
5 0 160393098 5860362 383631803 5860362 544024901
6 0 159635391 5860362 384859187 5860362 544494578
7 0 158859128 5860362 386103404 5860362 544962532
8 0 158038588 5860362 387348806 5860362 545387394
9 0 157250159 5860362 388583412 5860362 545833571
10 0 156466988 5860362 389817500 5860362 546284488
11 0 155567098 5860362 391130919 5860362 546698017
12 0 154756966 5860362 392367599 5860362 547124565
13 0 153972239 5860362 393605539 5860362 547577778
14 0 153208569 5860362 394866126 5860362 548074695
15 0 152208088 5860362 396136009 5860362 548344097
16 0 151264846 5860362 397357227 5860362 548622073
17 0 150334790 5860362 398557371 5860362 548892161
18 0 149413067 5860362 399754903 5860362 549167970
19 0 148296903 5860362 401145692 5860362 549442595
20 0 147380068 5860362 402348132 5860362 549728200
21 0 146331774 5860362 403662755 5860362 549994529
22 0 145683712 5860362 404886324 5860362 550570036
23 0 144756581 5860362 406089394 5860362 550845975
24 0 143818896 5860362 407295482 5860362 551114378
25 0 142912912 5860362 408482997 5860362 551395909
26 0 141968894 5860362 409702529 5860362 551671423
27 0 141003652 5860362 410953913 5860362 551957565
28 0 140060338 5860362 412172130 5860362 552232468
29 0 139120781 5860362 413379422 5860362 552500203
30 0 138219465 5860362 414559048 5860362 552778513
31 0 137293520 5860362 415758599 5860362 553052119
32 0 136354241 5860362 416964743 5860362 553318984
33 0 135398333 5860362 418203016 5860362 553601349
34 0 134465000 5860362 419413233 5860362 553878233
35 0 133457962 5860362 420685117 5860362 554143079
36 0 132522555 5860362 421899649 5860362 554422204
37 0 131584739 5860362 423110867 5860362 554695606
38 0 130656794 5860362 424304103 5860362 554960897
39 0 129795458 5860362 425513766 5860362 555309224
40 0 128879180 5860362 426700928 5860362 555580108
41 0 127955012 5860362 427904683 5860362 555859695
42 0 127033992 5860362 429097883 5860362 556131875
43 0 126055881 5860362 430343489 5860362 556399370
44 0 125096418 5860362 431576669 5860362 556673087
45 0 124157325 5860362 432827312 5860362 556984637
46 0 123226769 5860362 434025696 5860362 557252465
47 0 122302712 5860362 435224062 5860362 557526774
48 0 121381322 5860362 436417484 5860362 557798806
49 0 120459858 5860362 437610776 5860362 558070634
50 0 119528876 5860362 438816124 5860362 558345000
51 0 118634949 5860362 439997953 5860362 558632902
52 0 117623449 5860362 441275651 5860362 558899100
53 0 116686337 5860362 442484165 5860362 559170502
54 0 115770151 5860362 443673068 5860362 559443219
55 0 114830391 5860362 444889897 5860362 559720288
56 0 113904353 5860362 446081893 5860362 559986246
57 0 113007815 5860362 447319240 5860362 560327055
58 0 112089443 5860362 448515310 5860362 560604753
59 0 111173498 5860362 449699713 5860362 560873211
60 0 109300903 5860362 451844284 5860362 561145187
61 0 108372439 5860362 453048798 5860362 561421237
62 0 107436736 5860362 454250182 5860362 561686918
63 0 106521049 5860362 455454456 5860362 561975505
64 0 105606863 5860362 456644322 5860362 562251185
1 0 163650280 5860379 177783331 5860379 341433611
2 0 162079736 5860379 179650499 5860379 341730235
3 0 160976479 5860379 181032343 5860379 342008822
4 0 160015293 5860379 182277005 5860379 342292298
5 0 159024979 5860379 183541962 5860379 342566941
6 0 158082331 5860379 184768068 5860379 342850399
7 0 157213458 5860379 186007304 5860379 343220762
8 0 156251680 5860379 187249040 5860379 343500720
9 0 155302735 5860379 188469868 5860379 343772603
10 0 154353031 5860379 189701567 5860379 344054598
11 0 153252515 5860379 191075393 5860379 344327908
12 0 152295922 5860379 192321832 5860379 344617754
13 0 151349051 5860379 193551457 5860379 344900508
14 0 150416975 5860379 194779286 5860379 345196261
15 0 148943375 5860379 196528863 5860379 345472238
16 0 147997337 5860379 197764377 5860379 345761714
17 0 147059299 5860379 198970206 5860379 346029505
18 0 146033392 5860379 200273052 5860379 346306444
19 0 145081799 5860379 201496121 5860379 346577920
20 0 144185261 5860379 202693394 5860379 346878655
21 0 143135985 5860379 204010573 5860379 347146558
22 0 142197669 5860379 205223495 5860379 347421164
23 0 141276094 5860379 206425472 5860379 347701566
24 0 140334538 5860379 207630449 5860379 347964987
25 0 139684939 5860379 208810315 5860379 348495254
26 0 138686069 5860379 210081050 5860379 348767119
27 0 137737624 5860379 211304972 5860379 349042596
28 0 136806661 5860379 212503041 5860379 349309702
29 0 135879974 5860379 213706185 5860379 349586159
30 0 134963140 5860379 214889107 5860379 349852247
31 0 134786236 5860379 216094158 5860379 350880394
32 0 133886382 5860379 217282673 5860379 351169055
33 0 132908494 5860379 218540167 5860379 351448661
34 0 131980382 5860379 219742126 5860379 351722508
35 0 131014215 5860379 220986195 5860379 352000410
36 0 130078621 5860379 222195339 5860379 352273960
37 0 129149954 5860379 223399149 5860379 352549103
38 0 128236026 5860379 224588090 5860379 352824116
39 0 127374451 5860379 225790678 5860379 353165129
40 0 126493097 5860379 226968730 5860379 353461827
41 0 125487505 5860379 228240465 5860379 353727970
42 0 124565837 5860379 229444220 5860379 354010057
43 0 123239103 5860379 231046504 5860379 354285607
44 0 122287862 5860379 232262259 5860379 354550121
45 0 121339861 5860379 233515309 5860379 354855170
46 0 120430749 5860379 234703157 5860379 355133906
47 0 119508507 5860379 235892486 5860379 355400993
48 0 118602062 5860379 237072945 5860379 355675007
49 0 117692042 5860379 238259126 5860379 355951168
50 0 116756115 5860379 239458863 5860379 356214978
51 0 115808781 5860379 240684932 5860379 356493713
52 0 114879021 5860379 241889428 5860379 356768449
53 0 113944687 5860379 243089238 5860379 357033925
54 0 113022612 5860379 244283067 5860379 357305679
55 0 112092630 5860379 245488433 5860379 357581063
56 0 111183962 5860379 246673096 5860379 357857058
57 0 110248758 5860379 247910313 5860379 358159071
58 0 109326238 5860379 249105402 5860379 358431640
59 0 108063151 5860379 250633613 5860379 358696764
60 0 107110484 5860379 251863164 5860379 358973648
61 0 106203149 5860379 253044197 5860379 359247346
62 0 105267944 5860379 254243897 5860379 359511841
63 0 104343852 5860379 255446577 5860379 359790429
64 0 103483423 5860379 256629685 5860379 360113108
1 0 164786538 5860396 372454385 5860396 537240923
2 0 162908481 5860396 374902690 5860396 537811171
3 0 161889723 5860396 376591732 5860396 538481455
4 0 160849613 5860396 378227794 5860396 539077407
5 0 159760281 5860396 379900392 5860396 539660673
6 0 159039648 5860396 381752356 5860396 540792004
7 0 157667730 5860396 383438472 5860396 541106202
8 0 156682470 5860396 384712745 5860396 541395215
9 0 155710785 5860396 385956202 5860396 541666987
10 0 154749432 5860396 387197420 5860396 541946852
11 0 153767377 5860396 388450655 5860396 542218032
12 0 152811322 5860396 389686372 5860396 542497694
13 0 151675324 5860396 391109494 5860396 542784818
14 0 150679029 5860396 392383858 5860396 543062887
15 0 149672473 5860396 393659908 5860396 543332381
16 0 148734714 5860396 394885903 5860396 543620617
17 0 147790343 5860396 396099880 5860396 543890223
18 0 146861323 5860396 397307043 5860396 544168366
19 0 145917230 5860396 398524593 5860396 544441823
20 0 145017599 5860396 399719867 5860396 544737466
21 0 143919712 5860396 401095452 5860396 545015164
22 0 142956601 5860396 402326132 5860396 545282733
23 0 142027730 5860396 403531424 5860396 545559154
24 0 141099655 5860396 404741364 5860396 545841019
25 0 140486370 5860396 405931768 5860396 546418138
26 0 139547795 5860396 407146930 5860396 546694725
27 0 138627998 5860396 408335981 5860396 546963979
28 0 137700312 5860396 409540421 5860396 547240733
29 0 136694701 5860396 410814064 5860396 547508765
30 0 135782311 5860396 412008893 5860396 547791204
31 0 134852162 5860396 413213426 5860396 548065588
32 0 133913254 5860396 414419884 5860396 548333138
33 0 132945846 5860396 415671898 5860396 548617744
34 0 132012161 5860396 416881504 5860396 548893665
35 0 131088697 5860396 418072185 5860396 549160882
36 0 130162529 5860396 419278181 5860396 549440710
37 0 128988644 5860396 420727579 5860396 549716223
38 0 128054125 5860396 421928686 5860396 549982811
39 0 127238362 5860396 423134423 5860396 550372785
40 0 126333676 5860396 424316696 5860396 550650372
41 0 125409879 5860396 425523229 5860396 550933108
42 0 124487285 5860396 426721706 5860396 551208991
43 0 123552877 5860396 427924091 5860396 551476968
44 0 122631598 5860396 429132809 5860396 551764407
45 0 121620969 5860396 430452932 5860396 552073901
46 0 120677617 5860396 431666742 5860396 552344359
47 0 119748930 5860396 432872460 5860396 552621390
48 0 118821504 5860396 434067678 5860396 552889182
49 0 117895484 5860396 435269285 5860396 553164769
50 0 116958872 5860396 436481984 5860396 553440856
51 0 116046371 5860396 437670332 5860396 553716703
52 0 115124036 5860396 438869254 5860396 553993290
53 0 114153685 5860396 440114748 5860396 554268433
54 0 113205592 5860396 441338410 5860396 554544002
55 0 112251350 5860396 442558017 5860396 554809367
56 0 111340127 5860396 443753198 5860396 555093325
57 0 110394627 5860396 445001359 5860396 555395986
58 0 109461700 5860396 446200614 5860396 555662314
59 0 108536680 5860396 447399462 5860396 555936142
60 0 107611494 5860396 448604328 5860396 556215822
61 0 106685678 5860396 449796139 5860396 556481817
62 0 104903768 5860396 451851581 5860396 556755349
63 0 103955545 5860396 453078484 5860396 557034029
64 0 103032211 5860396 454274368 5860396 557306579
1 0 214672705 5860413 437871931 5860413 652544636
2 0 213336157 5860413 439749469 5860413 653085626
3 0 212329602 5860413 441188590 5860413 653518192
4 0 211670966 5860413 442438826 5860413 654109792
5 0 210957313 5860413 443704820 5860413 654662133
6 0 210325991 5860413 444935871 5860413 655261862
7 0 209702355 5860413 446184644 5860413 655886999
8 0 209067960 5860413 447434675 5860413 656502635
9 0 208116237 5860413 448666430 5860413 656782667
10 0 207297567 5860413 449903388 5860413 657200955
11 0 206250680 5860413 451223863 5860413 657474543
12 0 205295476 5860413 452461450 5860413 657756926
13 0 204328976 5860413 453699797 5860413 658028773
14 0 203365087 5860413 454959551 5860413 658324638
15 0 202366679 5860413 456227972 5860413 658594651
16 0 201412901 5860413 457459004 5860413 658871905
17 0 200474845 5860413 458666907 5860413 659141752
18 0 199552140 5860413 459869680 5860413 659421820
19 0 198488382 5860413 461203785 5860413 659692167
20 0 197575418 5860413 462399299 5860413 659974717
21 0 196644658 5860413 463720774 5860413 660365432
22 0 195696880 5860413 464938547 5860413 660635427
23 0 194784212 5860413 466140228 5860413 660924440
24 0 193844193 5860413 467350575 5860413 661194768
25 0 192938395 5860413 468534646 5860413 661473041
26 0 192002728 5860413 469747215 5860413 661749943
27 0 190983951 5860413 471041598 5860413 662025549
28 0 190047358 5860413 472253556 5860413 662300914
29 0 189115486 5860413 473464682 5860413 662580168
30 0 188199115 5860413 474651381 5860413 662850496
31 0 187271892 5860413 475855636 5860413 663127528
32 0 186341335 5860413 477069632 5860413 663410967
33 0 185387872 5860413 478314145 5860413 663702017
34 0 184458223 5860413 479521511 5860413 663979734
35 0 183456445 5860413 480794413 5860413 664250858
36 0 182517852 5860413 482014186 5860413 664532038
37 0 181581981 5860413 483227867 5860413 664809848
38 0 180656888 5860413 484421270 5860413 665078158
39 0 179815663 5860413 485627321 5860413 665442984
40 0 178922106 5860413 486809058 5860413 665731164
41 0 177997716 5860413 488013146 5860413 666010862
42 0 177079196 5860413 489208957 5860413 666288153
43 0 176118529 5860413 490449452 5860413 666567981
44 0 175185417 5860413 491667781 5860413 666853198
45 0 174233306 5860413 492922775 5860413 667156081
46 0 173319490 5860413 494120919 5860413 667440409
47 0 172385934 5860413 495322174 5860413 667708108
48 0 171469562 5860413 496512411 5860413 667981973
49 0 170550098 5860413 497710981 5860413 668261079
50 0 169603004 5860413 498926384 5860413 668529388
51 0 168046701 5860413 500762701 5860413 668809402
52 0 167082163 5860413 502005770 5860413 669087933
53 0 166150478 5860413 503203506 5860413 669353984
54 0 165232421 5860413 504395558 5860413 669627979
55 0 164298975 5860413 505610350 5860413 669909325
56 0 163416715 5860413 506797290 5860413 670214005
57 0 162480844 5860413 508038007 5860413 670518851
58 0 161567027 5860413 509232522 5860413 670799549
59 0 160618768 5860413 510460313 5860413 671079081
60 0 159676749 5860413 511678364 5860413 671355113
61 0 158772506 5860413 512861138 5860413 671633644
62 0 157844153 5860413 514057986 5860413 671902139
63 0 156923078 5860413 515258278 5860413 672181356
64 0 156009429 5860413 516450292 5860413 672459721
1 0 158378257 5860430 427737272 5860430 586115529
2 0 157101632 5860430 429611422 5860430 586713054
3 0 156289556 5860430 431054431 5860430 587343987
4 0 155643660 5860430 432313741 5860430 587957401
5 0 154920007 5860430 433580754 5860430 588500761
6 0 154261631 5860430 434823786 5860430 589085417
7 0 153501052 5860430 436075133 5860430 589576185
8 0 152539219 5860430 437327924 5860430 589867143
9 0 152009081 5860430 438561400 5860430 590570481
10 0 151053636 5860430 439802877 5860430 590856513
11 0 149939584 5860430 441187739 5860430 591127323
12 0 148967860 5860430 442436105 5860430 591403965
13 0 148012027 5860430 443677155 5860430 591689182
14 0 147025527 5860430 444940687 5860430 591966214
15 0 146029157 5860430 446217200 5860430 592246357
16 0 145070805 5860430 447461176 5860430 592531981
17 0 144131268 5860430 448666986 5860430 592798254
18 0 143204970 5860430 449869112 5860430 593074082
19 0 142169286 5860430 451178513 5860430 593347799
20 0 141252859 5860430 452382749 5860430 593635608
21 0 140214804 5860430 453695058 5860430 593909862
22 0 139259675 5860430 454916979 5860430 594176654
23 0 138331026 5860430 456118993 5860430 594450019
24 0 137400803 5860430 457331044 5860430 594731847
25 0 136480061 5860430 458519392 5860430 594999453
26 0 135848832 5860430 459742795 5860430 595591627
27 0 134871980 5860430 460989716 5860430 595861696
28 0 133937331 5860430 462199452 5860430 596136783
29 0 132996146 5860430 463407262 5860430 596403408
30 0 132087755 5860430 464595110 5860430 596682865
31 0 131157273 5860430 465800532 5860430 596957805
32 0 130210179 5860430 467015472 5860430 597225651
33 0 129248605 5860430 468261078 5860430 597509683
34 0 128314715 5860430 469471018 5860430 597785733
35 0 127312568 5860430 470740253 5860430 598052821
36 0 126369993 5860430 471963711 5860430 598333704
37 0 125420807 5860430 473188281 5860430 598609088
38 0 124494547 5860430 474381684 5860430 598876231
39 0 123640452 5860430 475592013 5860430 599232465
40 0 122709174 5860430 476795990 5860430 599505164
41 0 121782395 5860430 478003782 5860430 599786177
42 0 120879542 5860430 479209222 5860430 600088764
43 0 119902542 5860430 480465846 5860430 600368388
44 0 118957522 5860430 481688083 5860430 600645605
45 0 118012874 5860430 482944762 5860430 600957636
46 0 117088187 5860430 484139277 5860430 601227464
47 0 116161149 5860430 485341569 5860430 601502718
48 0 115232168 5860430 486538231 5860430 601770399
49 0 114302518 5860430 487741616 5860430 602044134
50 0 113365129 5860430 488953204 5860430 602318333
51 0 111804491 5860430 490785466 5860430 602589957
52 0 110837658 5860430 492025998 5860430 602863656
53 0 109905286 5860430 493232253 5860430 603137539
54 0 108985267 5860430 494426026 5860430 603411293
55 0 108038304 5860430 495639151 5860430 603677455
56 0 107123858 5860430 496831110 5860430 603954968
57 0 106194561 5860430 498074383 5860430 604268944
58 0 105261930 5860430 499274879 5860430 604536809
59 0 104305189 5860430 500505004 5860430 604810193
60 0 103367799 5860430 501715777 5860430 605083576
61 0 102450206 5860430 502903606 5860430 605353812
62 0 101522168 5860430 504103398 5860430 605625566
63 0 100599537 5860430 505316061 5860430 605915598
64 0 99663685 5860430 506523593 5860430 606187278
1 0 174056313 5860447 219866992 5860447 393923305
2 0 171932538 5860447 222568089 5860447 394500627
3 0 170971927 5860447 224260279 5860447 395232206
4 0 169933021 5860447 225916470 5860447 395849491
5 0 168790802 5860447 227600567 5860447 396391369
6 0 167759692 5860447 229249758 5860447 397009450
7 0 166414402 5860447 230996559 5860447 397410961
8 0 165017873 5860447 232681008 5860447 397698881
9 0 163646048 5860447 234324810 5860447 397970858
10 0 162276851 5860447 235974705 5860447 398251556
11 0 160881100 5860447 237639840 5860447 398520940
12 0 159541848 5860447 239266309 5860447 398808157
13 0 158111782 5860447 240982869 5860447 399094651
14 0 156691679 5860447 242677930 5860447 399369609
15 0 155286891 5860447 244352509 5860447 399639400
16 0 153953824 5860447 245974404 5860447 399928228
17 0 152672348 5860447 247585318 5860447 400257666
18 0 151347262 5860447 249189251 5860447 400536513
19 0 149854568 5860447 250957921 5860447 400812489
20 0 148547723 5860447 252548835 5860447 401096558
21 0 147067676 5860447 254303784 5860447 401371460
22 0 145713332 5860447 255923771 5860447 401637103
23 0 144378227 5860447 257535167 5860447 401913394
24 0 143048382 5860447 259146099 5860447 402194481
25 0 141957422 5860447 260812049 5860447 402769471
26 0 140745870 5860447 262442815 5860447 403188685
27 0 139429432 5860447 264033155 5860447 403462587
28 0 138110513 5860447 265630939 5860447 403741452
29 0 136786168 5860447 267232927 5860447 404019095
30 0 135477414 5860447 268815805 5860447 404293219
31 0 133943462 5860447 270624845 5860447 404568307
32 0 132549767 5860447 272285035 5860447 404834802
33 0 131166311 5860447 273951634 5860447 405117945
34 0 129829688 5860447 275565770 5860447 405395458
35 0 128511194 5860447 277152351 5860447 405663545
36 0 127191627 5860447 278750635 5860447 405942262
37 0 125816209 5860447 280414437 5860447 406230646
38 0 124465587 5860447 282030443 5860447 406496030
39 0 123195906 5860447 283647765 5860447 406843671
40 0 121876932 5860447 285249734 5860447 407126666
41 0 120562642 5860447 286835389 5860447 407398031
42 0 119245389 5860447 288427359 5860447 407672748
43 0 116824897 5860447 291122901 5860447 407947798
44 0 115404406 5860447 292809165 5860447 408213571
45 0 114058691 5860447 294463097 5860447 408521788
46 0 112734031 5860447 296055159 5860447 408789190
47 0 111408223 5860447 297656425 5860447 409064648
48 0 110093192 5860447 299246895 5860447 409340087
49 0 108699218 5860447 300905919 5860447 409605137
50 0 107344503 5860447 302531907 5860447 409876410
51 0 106089786 5860447 304110081 5860447 410199867
52 0 104763756 5860447 305707661 5860447 410471417
53 0 103437985 5860447 307306964 5860447 410744949
54 0 102140824 5860447 308880212 5860447 411021036
55 0 99631001 5860447 311656086 5860447 411287087
56 0 98355914 5860447 313216371 5860447 411572285
57 0 97795610 5860447 314079744 5860447 411875354
58 0 97260787 5860447 314882895 5860447 412143682
59 0 96748907 5860447 315673658 5860447 412422565
60 0 96222899 5860447 316477106 5860447 412700005
61 0 95700095 5860447 317277090 5860447 412977185
62 0 95169345 5860447 318081890 5860447 413251235
63 0 94643744 5860447 318887875 5860447 413531619
64 0 94107828 5860447 319688674 5860447 413796502
1 0 137942962 5860464 267713489 5860464 405656451
2 0 136344363 5860464 269620175 5860464 405964538
3 0 135222662 5860464 271021760 5860464 406244422
4 0 134256199 5860464 272283032 5860464 406539231
5 0 133268291 5860464 273552323 5860464 406820614
6 0 132338531 5860464 274787948 5860464 407126479
7 0 131363124 5860464 276042998 5860464 407406122
8 0 130398494 5860464 277295345 5860464 407693839
9 0 129443160 5860464 278525470 5860464 407968630
10 0 128611027 5860464 279772724 5860464 408383751
11 0 127563381 5860464 281099439 5860464 408662820
12 0 126613843 5860464 282336898 5860464 408950741
13 0 125641250 5860464 283577615 5860464 409218865
14 0 124662806 5860464 284840943 5860464 409503749
15 0 123196186 5860464 286579743 5860464 409775929
16 0 122284796 5860464 287814664 5860464 410099460
17 0 121357683 5860464 289026123 5860464 410383806
18 0 120384462 5860464 290284080 5860464 410668542
19 0 119437572 5860464 291530668 5860464 410968240
20 0 118522403 5860464 292724405 5860464 411246808
21 0 117496016 5860464 294036991 5860464 411533007
22 0 116546423 5860464 295254875 5860464 411801298
23 0 115624218 5860464 296462593 5860464 412086811
24 0 114680051 5860464 297674644 5860464 412354695
25 0 113768642 5860464 298867936 5860464 412636578
26 0 112625756 5860464 300284706 5860464 412910462
27 0 111676589 5860464 301506905 5860464 413183494
28 0 110967176 5860464 302489942 5860464 413457118
29 0 110429798 5860464 303301852 5860464 413731650
30 0 109905956 5860464 304097578 5860464 414003534
31 0 109399614 5860464 304902581 5860464 414302195
32 0 108867476 5860464 305710010 5860464 414577486
33 0 108303560 5860464 306544032 5860464 414847592
34 0 107768923 5860464 307352090 5860464 415121013
35 0 107240154 5860464 308147372 5860464 415387526
36 0 106716794 5860464 308952431 5860464 415669225
37 0 106177749 5860464 309772100 5860464 415949849
38 0 105597796 5860464 310616381 5860464 416214177
39 0 105132584 5860464 311426513 5860464 416559097
40 0 104610241 5860464 312229813 5860464 416840054
41 0 104087437 5860464 313026668 5860464 417114105
42 0 103565761 5860464 313829246 5860464 417395007
43 0 103058604 5860464 314632656 5860464 417691260
44 0 102472893 5860464 315496010 5860464 417968903
45 0 101914681 5860464 316334050 5860464 418248731
46 0 101385673 5860464 317133627 5860464 418519300
47 0 100846942 5860464 317933242 5860464 418780184
48 0 100322989 5860464 318730560 5860464 419053549
49 0 99797388 5860464 319534582 5860464 419331970
50 0 99211788 5860464 320384844 5860464 419596632
51 0 99644946 5860464 321186051 5860464 420830997
52 0 99120401 5860464 321990258 5860464 421110659
53 0 98590244 5860464 322794280 5860464 421384524
54 0 98059958 5860464 323590135 5860464 421650093
55 0 97527283 5860464 324405675 5860464 421932958
56 0 97001755 5860464 325206901 5860464 422208656
57 0 96430878 5860464 326051644 5860464 422482522
58 0 95893814 5860464 326853888 5860464 422747702
59 0 95372694 5860464 327649465 5860464 423022159
60 0 94840797 5860464 328454746 5860464 423295543
61 0 94309566 5860464 329256824 5860464 423566390
62 0 93319400 5860464 330519059 5860464 423838459
63 0 92733152 5860464 331377413 5860464 424110565
64 0 92196366 5860464 332179935 5860464 424376301
