1 0 226703173 5860481 332807132 5860481 559510305
2 0 224548066 5860481 335272252 5860481 559820318
3 0 224113703 5860481 336972628 5860481 561086331
4 0 223162721 5860481 338653170 5860481 561815891
5 0 221982632 5860481 340400285 5860481 562382917
6 0 220974318 5860481 342100105 5860481 563074423
7 0 219955059 5860481 343760055 5860481 563715114
8 0 218951338 5860481 345403690 5860481 564355028
9 0 217883988 5860481 347074547 5860481 564958535
10 0 217244463 5860481 348720720 5860481 565965183
11 0 216006320 5860481 350578203 5860481 566584523
12 0 214643734 5860481 352265727 5860481 566909461
13 0 213304463 5860481 353921622 5860481 567226085
14 0 211909527 5860481 355588831 5860481 567498358
15 0 210488295 5860481 357289613 5860481 567777908
16 0 209141690 5860481 358913953 5860481 568055643
17 0 207732347 5860481 360592810 5860481 568325157
18 0 206311725 5860481 362291926 5860481 568603651
19 0 204970177 5860481 363905340 5860481 568875517
20 0 203633090 5860481 365515384 5860481 569148474
21 0 202198747 5860481 367226833 5860481 569425580
22 0 200837847 5860481 368854006 5860481 569691853
23 0 199170601 5860481 370795284 5860481 569965885
24 0 197919014 5860481 372414623 5860481 570333637
25 0 196576150 5860481 374031371 5860481 570607521
26 0 195262342 5860481 375627674 5860481 570890016
27 0 193961126 5860481 377206570 5860481 571167696
28 0 192608318 5860481 378834761 5860481 571443079
29 0 191239196 5860481 380477656 5860481 571716852
30 0 189801945 5860481 382190513 5860481 571992458
31 0 188458970 5860481 383819797 5860481 572278767
32 0 187140218 5860481 385415822 5860481 572556040
33 0 185780336 5860481 387044606 5860481 572824942
34 0 184461268 5860481 388637909 5860481 573099177
35 0 182527342 5860481 390848589 5860481 573375931
36 0 181247625 5860481 392400727 5860481 573648352
37 0 180688729 5860481 393233896 5860481 573922625
38 0 180187886 5860481 394037011 5860481 574224897
39 0 179655545 5860481 394839569 5860481 574495114
40 0 179121832 5860481 395649536 5860481 574771368
41 0 178595361 5860481 396451187 5860481 575046548
42 0 178011742 5860481 397301838 5860481 575313580
43 0 177471345 5860481 398115378 5860481 575586723
44 0 176940633 5860481 398917659 5860481 575858292
45 0 176413180 5860481 399718533 5860481 576131713
46 0 175853913 5860481 400563387 5860481 576417300
47 0 175299942 5860481 401383927 5860481 576683869
48 0 174766323 5860481 402192078 5860481 576958401
49 0 174224018 5860481 403009248 5860481 577233266
50 0 173711361 5860481 403807733 5860481 577519094
51 0 173197315 5860481 404609662 5860481 577806977
52 0 172631955 5860481 405449591 5860481 578081546
53 0 172102669 5860481 406245298 5860481 578347967
54 0 171533347 5860481 407090467 5860481 578623814
55 0 171003709 5860481 407901507 5860481 578905216
56 0 170457255 5860481 408717233 5860481 579174488
57 0 169925655 5860481 409522532 5860481 579448187
58 0 169207891 5860481 410507495 5860481 579715386
59 0 168647550 5860481 411340442 5860481 579987992
60 0 168154429 5860481 412146575 5860481 580301004
61 0 167632642 5860481 412944616 5860481 580577258
62 0 167105745 5860481 413745415 5860481 580851160
63 0 166618217 5860481 414536123 5860481 581154340
64 0 166067394 5860481 415362607 5860481 581430001
65 0 165532219 5860481 416171092 5860481 581703311
66 0 164966138 5860481 417017316 5860481 581983454
67 0 164423944 5860481 417825801 5860481 582249745
68 0 163892176 5860481 418632156 5860481 582524332
69 0 163358631 5860481 419440530 5860481 582799161
70 0 162789067 5860481 420282903 5860481 583071970
71 0 162242356 5860481 421104609 5860481 583346965
72 0 161711199 5860481 421908816 5860481 583620015
73 0 161145172 5860481 422747801 5860481 583892973
74 0 160632812 5860481 423545026 5860481 584177838
75 0 160106859 5860481 424345622 5860481 584452481
76 0 159574276 5860481 425159255 5860481 584733531
77 0 159074620 5860481 425964406 5860481 585039026
78 0 158499186 5860481 426809020 5860481 585308206
79 0 157974788 5860481 427606301 5860481 585581089
80 0 157445020 5860481 428419434 5860481 585864454
81 0 156915363 5860481 429221271 5860481 586136634
82 0 156075065 5860481 430345157 5860481 586420222
83 0 155491409 5860481 431195437 5860481 586686846
84 0 154974530 5860481 431988552 5860481 586963082
85 0 154431873 5860481 432804981 5860481 587236854
86 0 153851015 5860481 433656353 5860481 587507368
87 0 153328598 5860481 434457209 5860481 587785807
88 0 152810775 5860481 435273860 5860481 588084635
89 0 152285599 5860481 436065660 5860481 588351259
90 0 151711888 5860481 436919625 5860481 588631513
91 0 151175362 5860481 437737424 5860481 588912786
92 0 150569706 5860481 438609630 5860481 589179336
93 0 150026364 5860481 439437337 5860481 589463701
94 0 149454357 5860481 440288580 5860481 589742937
95 0 148921330 5860481 441109601 5860481 590030931
96 0 148412654 5860481 441916753 5860481 590329407
97 0 147889757 5860481 442725793 5860481 590615550
98 0 147353563 5860481 443531537 5860481 590885100
99 0 146818295 5860481 444343522 5860481 591161817
100 0 146322824 5860481 445150469 5860481 591473293
101 0 145788963 5860481 445952454 5860481 591741417
102 0 145217826 5860481 446801401 5860481 592019227
103 0 144683447 5860481 447609682 5860481 592293129
104 0 144130939 5860481 448427592 5860481 592558531
105 0 145193919 5860481 449221318 5860481 594415237
106 0 144084995 5860481 450053321 5860481 594138316
107 0 143798835 5860481 450891638 5860481 594690473
108 0 143273807 5860481 451687716 5860481 594961523
109 0 142725373 5860481 452511441 5860481 595236814
110 0 142196865 5860481 453307333 5860481 595504198
111 0 141671615 5860481 454110189 5860481 595781804
112 0 141128014 5860481 454933451 5860481 596061465
113 0 140607210 5860481 455727843 5860481 596335053
114 0 140032220 5860481 456579864 5860481 596612084
115 0 139504046 5860481 457376793 5860481 596880839
116 0 138965482 5860481 458188574 5860481 597154056
117 0 138437361 5860481 458992504 5860481 597429865
118 0 137909076 5860481 459791988 5860481 597701064
119 0 137323587 5860481 460649046 5860481 597972633
120 0 136793559 5860481 461457809 5860481 598251368
121 0 136254218 5860481 462261608 5860481 598515826
122 0 135730654 5860481 463063315 5860481 598793969
123 0 135202441 5860481 463872930 5860481 599075371
124 0 134657748 5860481 464683007 5860481 599340755
125 0 134156739 5860481 465484492 5860481 599641231
126 0 133590009 5860481 466327791 5860481 599917800
127 0 133077555 5860481 467148368 5860481 600225923
128 0 132545343 5860481 467955371 5860481 600500714
1 0 238862373 5860507 777432497 5860508 16294870
2 0 237293476 5860507 779319795 5860508 16613271
3 0 236169887 5860507 780708935 5860508 16878822
4 0 235136887 5860507 782005337 5860508 17142224
5 0 234130888 5860507 783281720 5860508 17412608
6 0 233173554 5860507 784537604 5860508 17711158
7 0 232201666 5860507 785790376 5860508 17992042
8 0 231267220 5860507 787028853 5860508 18296073
9 0 230288053 5860507 788281700 5860508 18569753
10 0 229338146 5860507 789514861 5860508 18853007
11 0 228307998 5860507 790834966 5860508 19142964
12 0 227496495 5860507 792085461 5860508 19581956
13 0 226531569 5860507 793335178 5860508 19866747
14 0 225620771 5860507 794613080 5860508 20233851
15 0 224624956 5860507 795896167 5860508 20521123
16 0 223674197 5860507 797127236 5860508 20801433
17 0 222743233 5860507 798331861 5860508 21075094
18 0 221736437 5860507 799620263 5860508 21356700
19 0 220746030 5860507 800902572 5860508 21648602
20 0 219813344 5860507 802116901 5860508 21930245
21 0 218818196 5860507 803394377 5860508 22212573
22 0 217861529 5860507 804623909 5860508 22485438
23 0 216915676 5860507 805852034 5860508 22767710
24 0 216004546 5860507 807044826 5860508 23049372
25 0 215062434 5860507 808260692 5860508 23323126
26 0 214195321 5860507 809453151 5860508 23648472
27 0 213222098 5860507 810709831 5860508 23931929
28 0 212260190 5860507 811939882 5860508 24200072
29 0 211338819 5860507 813137581 5860508 24476400
30 0 210352412 5860507 814402798 5860508 24755210
31 0 209410985 5860507 815610090 5860508 25021075
32 0 208508206 5860507 816807327 5860508 25315533
33 0 207575816 5860507 818026082 5860508 25601898
34 0 206654240 5860507 819215467 5860508 25869707
35 0 205575335 5860507 820568626 5860508 26143961
36 0 204618390 5860507 821793659 5860508 26412049
37 0 203681260 5860507 823006247 5860508 26687507
38 0 202784074 5860507 824207483 5860508 26991557
39 0 201859980 5860507 825399794 5860508 27259774
40 0 200914034 5860507 826623271 5860508 27537305
41 0 199983904 5860507 827830600 5860508 27814504
42 0 198993052 5860507 829087484 5860508 28080536
43 0 198020774 5860507 830342145 5860508 28362919
44 0 197083070 5860507 831562159 5860508 28645229
45 0 196141273 5860507 832770229 5860508 28911502
46 0 195211124 5860507 833975669 5860508 29186793
47 0 194272882 5860507 835191109 5860508 29463991
48 0 193333400 5860507 836397494 5860508 29730894
49 0 193209013 5860507 837610804 5860508 30819817
50 0 192329401 5860507 838798281 5860508 31127682
51 0 191426140 5860507 839997444 5860508 31423584
52 0 190406993 5860507 841295697 5860508 31702690
53 0 189489991 5860507 842481249 5860508 31971240
54 0 188505751 5860507 843738651 5860508 32244402
55 0 187582231 5860507 844945647 5860508 32527878
56 0 186650915 5860507 846157457 5860508 32808372
57 0 185722804 5860507 847360360 5860508 33083164
58 0 184811265 5860507 848548245 5860508 33359510
59 0 183857302 5860507 849769111 5860508 33626413
60 0 182277757 5860507 851624002 5860508 33901759
61 0 182023207 5860507 852852775 5860508 34875982
62 0 181106576 5860507 854048826 5860508 35155402
63 0 180197037 5860507 855228860 5860508 35425897
64 0 179255870 5860507 856458448 5860508 35714318
65 0 178314036 5860507 857672036 5860508 35986072
66 0 177322758 5860507 858937586 5860508 36260344
67 0 176361370 5860507 860172951 5860508 36534321
68 0 175410499 5860507 861398002 5860508 36808501
69 0 174480312 5860507 862597091 5860508 37077403
70 0 173556329 5860507 863797050 5860508 37353379
71 0 172620292 5860507 865002767 5860508 37623059
72 0 171694642 5860507 866204208 5860508 37898850
73 0 170770660 5860507 867412037 5860508 38182697
74 0 169841103 5860507 868611144 5860508 38452247
75 0 168913584 5860507 869813528 5860508 38727112
76 0 166863679 5860507 872138558 5860508 39002237
77 0 165946252 5860507 873358924 5860508 39305176
78 0 164965455 5860507 874621308 5860508 39586763
79 0 164054120 5860507 875808971 5860508 39863091
80 0 163160026 5860507 877020707 5860508 40180733
81 0 162248081 5860507 878214499 5860508 40462580
82 0 161324338 5860507 879414162 5860508 40738500
83 0 160314692 5860507 880691063 5860508 41005755
84 0 159402282 5860507 881883282 5860508 41285564
85 0 158448671 5860507 883102536 5860508 41551207
86 0 157512021 5860507 884314588 5860508 41826609
87 0 156600298 5860507 885502269 5860508 42102567
88 0 155649149 5860507 886718635 5860508 42367784
89 0 154775073 5860507 887902020 5860508 42677093
90 0 153783241 5860507 889169236 5860508 42952477
91 0 152510746 5860507 890708615 5860508 43219361
92 0 151479136 5860507 892014905 5860508 43494041
93 0 150532191 5860507 893236363 5860508 43768554
94 0 149608301 5860507 894425063 5860508 44033364
95 0 148666244 5860507 895648133 5860508 44314377
96 0 147739503 5860507 896849517 5860508 44589020
97 0 146799854 5860507 898055198 5860508 44855052
98 0 145874520 5860507 899254953 5860508 45129473
99 0 144798781 5860507 900594465 5860508 45393246
100 0 143849744 5860507 901818071 5860508 45667815
101 0 143272050 5860507 902697814 5860508 45969864
102 0 142668580 5860507 903570483 5860508 46239063
103 0 142126831 5860507 904386134 5860508 46512965
104 0 141601082 5860507 905199359 5860508 46800441
105 0 141072185 5860507 905994196 5860508 47066381
106 0 140535491 5860507 906805422 5860508 47340913
107 0 139980816 5860507 907641128 5860508 47621944
108 0 139450937 5860507 908438613 5860508 47889550
109 0 138900170 5860507 909262690 5860508 48162860
110 0 137987057 5860507 910450390 5860508 48437447
111 0 137424809 5860507 911278744 5860508 48703553
112 0 136879486 5860507 912098266 5860508 48977752
113 0 136379422 5860507 912897806 5860508 49277228
114 0 135804839 5860507 913738439 5860508 49543278
115 0 135279424 5860507 914539627 5860508 49819051
116 0 134950041 5860507 915351667 5860508 50301708
117 0 134423328 5860507 916157634 5860508 50580962
118 0 133918042 5860507 916951896 5860508 50869938
119 0 133375904 5860507 917773270 5860508 51149174
120 0 132838359 5860507 918578921 5860508 51417280
121 0 132310295 5860507 919381702 5860508 51691997
122 0 131752250 5860507 920218131 5860508 51970381
123 0 131196297 5860507 921041838 5860508 52238135
124 0 130662807 5860507 921849730 5860508 52512537
125 0 130158872 5860507 922654881 5860508 52813753
126 0 129576976 5860507 923503069 5860508 53080045
127 0 129034152 5860507 924339183 5860508 53373335
128 0 128490719 5860507 925155963 5860508 53646682
1 0 236835340 5860534 427363135 5860534 664198475
2 0 235278999 5860534 429230692 5860534 664509691
3 0 234145243 5860534 430629351 5860534 664774594
4 0 233115818 5860534 431928345 5860534 665044163
5 0 232108522 5860534 433198691 5860534 665307213
6 0 231145522 5860534 434458834 5860534 665604356
7 0 230163393 5860534 435715680 5860534 665879073
8 0 229208837 5860534 436960675 5860534 666169512
9 0 228225522 5860534 438220429 5860534 666445951
10 0 227259095 5860534 439471258 5860534 666730353
11 0 226396723 5860534 440786177 5860534 667182900
12 0 225423149 5860534 442043505 5860534 667466654
13 0 224490407 5860534 443298630 5860534 667789037
14 0 223495389 5860534 444569995 5860534 668065384
15 0 222025972 5860534 446321869 5860534 668347841
16 0 221075434 5860534 447558309 5860534 668633743
17 0 220137082 5860534 448773637 5860534 668910719
18 0 219091046 5860534 450106742 5860534 669197788
19 0 218121417 5860534 451357144 5860534 669478561
20 0 217192434 5860534 452570047 5860534 669762481
21 0 216251637 5860534 453850449 5860534 670102086
22 0 215315488 5860534 455084629 5860534 670400117
23 0 214354839 5860534 456322921 5860534 670677760
24 0 213441171 5860534 457518380 5860534 670959551
25 0 212497189 5860534 458745116 5860534 671242305
26 0 211588688 5860534 459949519 5860534 671538207
27 0 210540763 5860534 461280457 5860534 671821220
28 0 209571911 5860534 462517267 5860534 672089178
29 0 208648077 5860534 463714003 5860534 672362080
30 0 207659910 5860534 464985924 5860534 672645834
31 0 206707021 5860534 466205882 5860534 672912903
32 0 205799186 5860534 467400934 5860534 673200120
33 0 204842463 5860534 468626244 5860534 673468707
34 0 203922406 5860534 469820592 5860534 673742998
35 0 202917889 5860534 471110697 5860534 674028586
36 0 201976702 5860534 472323230 5860534 674299932
37 0 201028609 5860534 473547244 5860534 674575853
38 0 200118571 5860534 474758591 5860534 674877162
39 0 199182329 5860534 475964328 5860534 675146657
40 0 198244440 5860534 477178379 5860534 675422819
41 0 197315291 5860534 478385485 5860534 675700776
42 0 196323254 5860534 479651369 5860534 675974623
43 0 195323976 5860534 480927771 5860534 676251747
44 0 194380272 5860534 482144118 5860534 676524390
45 0 193447919 5860534 483355040 5860534 676802959
46 0 192511123 5860534 484566035 5860534 677077158
47 0 191559270 5860534 485785512 5860534 677344782
48 0 190623843 5860534 486996286 5860534 677620129
49 0 189680917 5860534 488217559 5860534 677898476
50 0 188766582 5860534 489413796 5860534 678180378
51 0 187149872 5860534 491312593 5860534 678462465
52 0 186169427 5860534 492573384 5860534 678742811
53 0 185236019 5860534 493773028 5860534 679009047
54 0 184254019 5860534 495029782 5860534 679283801
55 0 183333944 5860534 496235185 5860534 679569129
56 0 183142096 5860534 497455329 5860534 680597425
57 0 182216020 5860534 498661584 5860534 680877604
58 0 181293982 5860534 499854432 5860534 681148414
59 0 180299260 5860534 501136482 5860534 681435742
60 0 179375370 5860534 502331237 5860534 681706607
61 0 178443481 5860534 503549399 5860534 681992880
62 0 177507757 5860534 504752821 5860534 682260578
63 0 176594646 5860534 505942872 5860534 682537518
64 0 175644774 5860534 507173923 5860534 682818697
65 0 174715329 5860534 508380104 5860534 683095433
66 0 173721941 5860534 509641839 5860534 683363780
67 0 171941955 5860534 511705171 5860534 683647126
68 0 170981510 5860534 512942518 5860534 683924028
69 0 170038547 5860534 514151384 5860534 684189931
70 0 169108861 5860534 515359139 5860534 684468000
71 0 168168452 5860534 516576542 5860534 684744994
72 0 167230933 5860534 517781556 5860534 685012489
73 0 166285747 5860534 519010533 5860534 685296280
74 0 165325599 5860534 520238880 5860534 685564479
75 0 164380264 5860534 521460024 5860534 685840288
76 0 163468523 5860534 522676982 5860534 686145505
77 0 162565114 5860534 523878422 5860534 686443536
78 0 161587206 5860534 525133362 5860534 686720568
79 0 160675038 5860534 526324858 5860534 686999896
80 0 159722446 5860534 527544649 5860534 687267095
81 0 158795982 5860534 528744460 5860534 687540442
82 0 157884721 5860534 529947271 5860534 687831992
83 0 156869981 5860534 531228450 5860534 688098431
84 0 155948202 5860534 532425020 5860534 688373222
85 0 154999146 5860534 533647275 5860534 688646421
86 0 154073718 5860534 534847160 5860534 688920878
87 0 153163569 5860534 536037100 5860534 689200669
88 0 152197829 5860534 537273706 5860534 689471535
89 0 151285031 5860534 538467221 5860534 689752252
90 0 150320623 5860534 539739419 5860534 690060042
91 0 149047110 5860534 541294630 5860534 690341740
92 0 147965649 5860534 542652290 5860534 690617939
93 0 147016426 5860534 543884674 5860534 690901100
94 0 146273403 5860534 544897840 5860534 691171243
95 0 145725821 5860534 545722436 5860534 691448257
96 0 145198608 5860534 546528569 5860534 691727177
97 0 144667878 5860534 547330776 5860534 691998654
98 0 144140592 5860534 548133075 5860534 692273667
99 0 143593269 5860534 548952393 5860534 692545662
100 0 143059334 5860534 549765174 5860534 692824508
101 0 142515715 5860534 550609047 5860534 693124762
102 0 141930708 5860534 551463660 5860534 693394368
103 0 141397088 5860534 552276015 5860534 693673103
104 0 140854858 5860534 553094981 5860534 693949839
105 0 140331367 5860534 553895689 5860534 694227056
106 0 139797600 5860534 554708858 5860534 694506458
107 0 139252110 5860534 555533139 5860534 694785249
108 0 138732323 5860534 556329754 5860534 695062077
109 0 138168705 5860534 557163386 5860534 695332091
110 0 137640733 5860534 557963204 5860534 695603937
111 0 137112539 5860534 558765930 5860534 695878469
112 0 136560809 5860534 559587007 5860534 696147816
113 0 135672381 5860534 560784688 5860534 696457069
114 0 135090114 5860534 561642746 5860534 696732860
115 0 134562235 5860534 562441694 5860534 697003929
116 0 134025635 5860534 563253160 5860534 697278795
117 0 133503274 5860534 564056552 5860534 697559826
118 0 132980006 5860534 564850926 5860534 697830932
119 0 132445517 5860534 565665429 5860534 698110946
120 0 131918563 5860534 566467044 5860534 698385607
121 0 131385259 5860534 567270528 5860534 698655787
122 0 130857269 5860534 568073106 5860534 698930375
123 0 130330334 5860534 568874980 5860534 699205314
124 0 129797751 5860534 569679150 5860534 699476901
125 0 129253613 5860534 570524134 5860534 699777747
126 0 128866473 5860534 571372914 5860534 700239387
127 0 128327946 5860534 572193880 5860534 700521826
128 0 127791252 5860534 573006513 5860534 700797765
1 0 237311354 5860561 392574085 5860561 629885439
2 0 235992175 5860561 394980410 5860561 630972585
3 0 234587183 5860561 396656027 5860561 631243210
4 0 233184228 5860561 398332236 5860561 631516464
5 0 231782051 5860561 399995204 5860561 631777255
6 0 230323153 5860561 401750782 5860561 632073935
7 0 228947789 5860561 403400992 5860561 632348781
8 0 227590241 5860561 405040239 5860561 632630480
9 0 226188452 5860561 406716948 5860561 632905400
10 0 224841607 5860561 408357380 5860561 633198987
11 0 223598372 5860561 410042089 5860561 633640461
12 0 222201231 5860561 411725539 5860561 633926770
13 0 220810499 5860561 413397692 5860561 634208191
14 0 219409580 5860561 415081846 5860561 634491426
15 0 217443358 5860561 417362988 5860561 634806346
16 0 216103531 5860561 418987013 5860561 635090544
17 0 214694502 5860561 420676296 5860561 635370798
18 0 213279474 5860561 422372245 5860561 635651719
19 0 211953795 5860561 423980289 5860561 635934084
20 0 210619894 5860561 425586740 5860561 636206634
21 0 209206884 5860561 427286189 5860561 636493073
22 0 207857132 5860561 428915899 5860561 636773031
23 0 206381623 5860561 430662588 5860561 637044211
24 0 205065407 5860561 432257392 5860561 637322799
25 0 203726636 5860561 433870917 5860561 637597553
26 0 202385124 5860561 435477905 5860561 637863029
27 0 201109907 5860561 437059838 5860561 638169745
28 0 199752692 5860561 438684326 5860561 638437018
29 0 198399014 5860561 440312369 5860561 638711383
30 0 196960967 5860561 442022541 5860561 638983508
31 0 195610585 5860561 443639918 5860561 639250503
32 0 194313628 5860561 445222295 5860561 639535923
33 0 192982912 5860561 446833339 5860561 639816251
34 0 191680844 5860561 448429883 5860561 640110727
35 0 190314741 5860561 450080666 5860561 640395407
36 0 188971433 5860561 451709339 5860561 640680772
37 0 187623718 5860561 453323531 5860561 640947249
38 0 186304520 5860561 454918797 5860561 641223317
39 0 185010138 5860561 456515600 5860561 641525738
40 0 183666588 5860561 458126589 5860561 641793177
41 0 182344669 5860561 459722855 5860561 642067524
42 0 180891604 5860561 461448489 5860561 642340093
43 0 179548425 5860561 463064588 5860561 642613013
44 0 178223672 5860561 464663873 5860561 642887545
45 0 176900198 5860561 466261787 5860561 643161985
46 0 175574796 5860561 467859683 5860561 643434479
47 0 174223007 5860561 469485541 5860561 643708548
48 0 172733462 5860561 471241378 5860561 643974840
49 0 171610261 5860561 472637518 5860561 644247779
50 0 171095493 5860561 473438892 5860561 644534385
51 0 170566095 5860561 474241729 5860561 644807824
52 0 170021346 5860561 475067454 5860561 645088800
53 0 169503115 5860561 475861828 5860561 645364943
54 0 168936033 5860561 476697331 5860561 645633364
55 0 168396932 5860561 477512186 5860561 645909118
56 0 167856461 5860561 478318689 5860561 646175150
57 0 167338026 5860561 479118822 5860561 646456848
58 0 166821758 5860561 479909696 5860561 646731454
59 0 166222973 5860561 480775939 5860561 646998912
60 0 165699835 5860561 481584998 5860561 647284833
61 0 165172123 5860561 482387853 5860561 647559976
62 0 164645244 5860561 483187319 5860561 647832563
63 0 164126365 5860561 483980767 5860561 648107132
64 0 163604115 5860561 484802826 5860561 648406941
65 0 163072347 5860561 485602237 5860561 648674584
66 0 162506117 5860561 486443332 5860561 648949449
67 0 161968406 5860561 487249057 5860561 649217463
68 0 162245826 5860561 488070764 5860561 650316590
69 0 161722207 5860561 488864823 5860561 650587030
70 0 161208642 5860561 489664419 5860561 650873061
71 0 160178532 5860561 490964432 5860561 651142964
72 0 159622190 5860561 491794583 5860561 651416773
73 0 159075571 5860561 492614271 5860561 651689842
74 0 158564914 5860561 493403015 5860561 651967929
75 0 158034869 5860561 494199204 5860561 652234073
76 0 157503768 5860561 495014929 5860561 652518697
77 0 157048091 5860561 495800248 5860561 652848339
78 0 156487509 5860561 496637788 5860561 653125297
79 0 155981093 5860561 497428032 5860561 653409125
80 0 155446510 5860561 498238720 5860561 653685230
81 0 154907353 5860561 499043187 5860561 653950540
82 0 154396178 5860561 499838338 5860561 654234516
83 0 153799541 5860561 500700433 5860561 654499974
84 0 153286514 5860561 501496251 5860561 654782765
85 0 152743357 5860561 502316014 5860561 655059371
86 0 152210923 5860561 503115628 5860561 655326551
87 0 151688729 5860561 503910502 5860561 655599231
88 0 151152221 5860561 504728820 5860561 655881041
89 0 150632305 5860561 505540101 5860561 656172406
90 0 150067445 5860561 506381881 5860561 656449326
91 0 149527899 5860561 507199070 5860561 656726969
92 0 148921300 5860561 508071016 5860561 656992316
93 0 148375792 5860561 508890445 5860561 657266237
94 0 147844191 5860561 509702374 5860561 657546565
95 0 146350608 5860561 511465841 5860561 657816449
96 0 145797619 5860561 512290899 5860561 658088518
97 0 145257295 5860561 513101014 5860561 658358309
98 0 144744842 5860561 513887388 5860561 658632230
99 0 144214629 5860561 514689262 5860561 658903891
100 0 143679732 5860561 515493524 5860561 659173256
101 0 143172224 5860561 516300268 5860561 659472492
102 0 142604753 5860561 517142178 5860561 659746931
103 0 142102225 5860561 517937237 5860561 660039462
104 0 141578902 5860561 518744796 5860561 660323698
105 0 141068208 5860561 519533670 5860561 660601878
106 0 140493219 5860561 520379802 5860561 660873021
107 0 139957062 5860561 521202861 5860561 661159923
108 0 139438460 5860561 521996013 5860561 661434473
109 0 138894286 5860561 522810997 5860561 661705283
110 0 138359666 5860561 523619241 5860561 661978907
111 0 137844323 5860561 524407986 5860561 662252309
112 0 137305704 5860561 525218026 5860561 662523730
113 0 136813492 5860561 526010455 5860561 662823947
114 0 136240465 5860561 526857662 5860561 663098127
115 0 135708882 5860561 527661369 5860561 663370251
116 0 135185466 5860561 528459039 5860561 663644505
117 0 134659106 5860561 529257005 5860561 663916111
118 0 133806381 5860561 530380410 5860561 664186791
119 0 133247466 5860561 531219116 5860561 664466582
120 0 132717662 5860561 532021712 5860561 664739374
121 0 132186097 5860561 532822864 5860561 665008961
122 0 131661255 5860561 533620386 5860561 665281641
123 0 131120933 5860561 534433333 5860561 665554266
124 0 130603090 5860561 535220337 5860561 665823427
125 0 130113099 5860561 536018063 5860561 666131162
126 0 129543666 5860561 536861787 5860561 666405453
127 0 129002972 5860561 537671291 5860561 666674263
128 0 128465038 5860561 538480757 5860561 666945795
1 0 249783141 5860589 238887540 5860589 488670681
2 0 247526424 5860589 241456843 5860589 488983267
3 0 246082784 5860589 243166737 5860589 489249521
4 0 244656089 5860589 244856113 5860589 489512202
5 0 243229931 5860589 246543784 5860589 489773715
6 0 241900475 5860589 248214475 5860589 490114950
7 0 240528241 5860589 249879833 5860589 490408074
8 0 239056491 5860589 251640670 5860589 490697161
9 0 237650666 5860589 253331175 5860589 490981841
10 0 236405800 5860589 254989088 5860589 491394888
11 0 235012196 5860589 256657909 5860589 491670105
12 0 233637556 5860589 258315248 5860589 491952804
13 0 232242268 5860589 259995438 5860589 492237706
14 0 230771073 5860589 261782460 5860589 492553533
15 0 229364137 5860589 263479576 5860589 492843713
16 0 228016774 5860589 265116082 5860589 493132856
17 0 226677558 5860589 266732996 5860589 493410554
18 0 225241548 5860589 268450316 5860589 493691864
19 0 223755428 5860589 270211616 5860589 493967044
20 0 222392084 5860589 271865899 5860589 494257983
21 0 220971776 5860589 273568053 5860589 494539829
22 0 219601488 5860589 275215225 5860589 494816713
23 0 218237476 5860589 276865546 5860589 495103022
24 0 216919039 5860589 278467682 5860589 495386721
25 0 215474954 5860589 280185650 5860589 495660604
26 0 214149516 5860589 281833823 5860589 495983339
27 0 212841133 5860589 283429441 5860589 496270574
28 0 211471197 5860589 285073298 5860589 496544495
29 0 210153777 5860589 286676287 5860589 496830064
30 0 208746637 5860589 288362866 5860589 497109503
31 0 207403644 5860589 289986650 5860589 497390294
32 0 206023577 5860589 291651193 5860589 497674770
33 0 204665510 5860589 293288551 5860589 497954061
34 0 203347220 5860589 294882373 5860589 498229593
35 0 201972820 5860589 296532434 5860589 498505254
36 0 200624604 5860589 298148404 5860589 498773008
37 0 199268260 5860589 299781336 5860589 499049596
38 0 197765270 5860589 302032071 5860589 499797341
39 0 196442388 5860589 303659744 5860589 500102132
40 0 195113505 5860589 305279103 5860589 500392608
41 0 193777993 5860589 306887609 5860589 500665602
42 0 192381186 5860589 308565504 5860589 500946690
43 0 190976157 5860589 310241102 5860589 501217259
44 0 189621553 5860589 311879126 5860589 501500679
45 0 188282875 5860589 313489077 5860589 501771952
46 0 186950955 5860589 315099251 5860589 502050206
47 0 185597240 5860589 316722702 5860589 502319942
48 0 184271765 5860589 318327264 5860589 502599029
49 0 182927105 5860589 319951178 5860589 502878283
50 0 180995808 5860589 322160099 5860589 503155907
51 0 179669592 5860589 323771254 5860589 503440846
52 0 178310470 5860589 325409556 5860589 503720026
53 0 176984977 5860589 327004711 5860589 503989688
54 0 175581392 5860589 328682846 5860589 504264238
55 0 174189363 5860589 330344241 5860589 504533604
56 0 172821073 5860589 331995025 5860589 504816098
57 0 171497784 5860589 333605624 5860589 505103408
58 0 170174901 5860589 335197594 5860589 505372495
59 0 168808464 5860589 336837174 5860589 505645638
60 0 167497508 5860589 338425977 5860589 505923485
61 0 165998480 5860589 340194629 5860589 506193109
62 0 164621858 5860589 341852857 5860589 506474715
63 0 163837391 5860589 342937337 5860589 506774728
64 0 163269217 5860589 343776728 5860589 507045945
65 0 162728338 5860589 344592657 5860589 507320995
66 0 162133220 5860589 345457067 5860589 507590287
67 0 161596026 5860589 346270200 5860589 507866226
68 0 161059258 5860589 347083981 5860589 508143239
69 0 160527732 5860589 347896928 5860589 508424660
70 0 159995389 5860589 348705858 5860589 508701247
71 0 159460122 5860589 349523805 5860589 508983927
72 0 158331829 5860589 350919982 5860589 509251811
73 0 157759710 5860589 351770096 5860589 509529806
74 0 157239867 5860589 352570970 5860589 509810837
75 0 156730137 5860589 353379843 5860589 510109980
76 0 156209128 5860589 354192143 5860589 510401271
77 0 155727081 5860589 354996054 5860589 510723135
78 0 155153184 5860589 355840964 5860589 510994148
79 0 154629454 5860589 356642152 5860589 511271606
80 0 154094075 5860589 357457063 5860589 511551138
81 0 153580474 5860589 358259955 5860589 511840429
82 0 153050891 5860589 359067125 5860589 512118016
83 0 152499550 5860589 359893813 5860589 512393363
84 0 151933115 5860589 360738057 5860589 512671172
85 0 151383460 5860589 361565559 5860589 512949019
86 0 150853192 5860589 362374729 5860589 513227921
87 0 150316776 5860589 363185066 5860589 513501842
88 0 149798970 5860589 364007199 5860589 513806169
89 0 149274870 5860589 364804109 5860589 514078979
90 0 148695547 5860589 365658482 5860589 514354029
91 0 148147539 5860589 366484263 5860589 514631802
92 0 147546106 5860589 367358154 5860589 514904260
93 0 147000339 5860589 368179953 5860589 515180292
94 0 146475348 5860589 368978994 5860589 515454342
95 0 145937821 5860589 369803793 5860589 515741614
96 0 145365369 5860589 370653073 5860589 516018442
97 0 144816583 5860589 371468706 5860589 516285289
98 0 144284889 5860589 372279580 5860589 516564469
99 0 143746567 5860589 373098249 5860589 516844816
100 0 143213447 5860589 373906808 5860589 517120255
101 0 142688123 5860589 374718367 5860589 517406490
102 0 142116208 5860589 375568129 5860589 517684337
103 0 141574163 5860589 376379576 5860589 517953739
104 0 141031803 5860589 377202098 5860589 518233901
105 0 140523424 5860589 378004916 5860589 518528340
106 0 139977267 5860589 378819197 5860589 518796464
107 0 139445296 5860589 379633367 5860589 519078663
108 0 138349205 5860589 381006489 5860589 519355694
109 0 137779382 5860589 381844270 5860589 519623652
110 0 137258967 5860589 382643421 5860589 519902388
111 0 137545146 5860589 383446869 5860589 520992015
112 0 137001656 5860589 384269261 5860589 521270917
113 0 136518296 5860589 385070227 5860589 521588523
114 0 135948473 5860589 385918396 5860589 521866869
115 0 135414631 5860589 386722178 5860589 522136809
116 0 134878548 5860589 387537181 5860589 522415729
117 0 134345022 5860589 388347906 5860589 522692928
118 0 133814976 5860589 389147706 5860589 522962682
119 0 133276875 5860589 389968598 5860589 523245473
120 0 132700145 5860589 390822878 5860589 523523023
121 0 132174248 5860589 391627974 5860589 523802222
122 0 131638017 5860589 392435162 5860589 524073179
123 0 131105712 5860589 393243462 5860589 524349174
124 0 130578889 5860589 394053428 5860589 524632317
125 0 130061158 5860589 394863042 5860589 524924200
126 0 129494076 5860589 395706378 5860589 525200454
127 0 128945012 5860589 396531974 5860589 525476986
128 0 128407819 5860589 397351755 5860589 525759574
1 0 239774721 5860616 727258628 5860616 967033349
2 0 238220288 5860616 729123852 5860616 967344140
3 0 237105476 5860616 730499844 5860616 967605320
4 0 236071199 5860616 731794079 5860616 967865278
5 0 235070014 5860616 733056500 5860616 968126514
6 0 234146290 5860616 734302347 5860616 968448637
7 0 233185883 5860616 735541712 5860616 968727595
8 0 232237623 5860616 736772689 5860616 969010312
9 0 231259197 5860616 738023721 5860616 969282918
10 0 230314993 5860616 739253253 5860616 969568246
11 0 229435064 5860616 740550192 5860616 969985256
12 0 228541693 5860616 741802557 5860616 970344250
13 0 227577914 5860616 743047441 5860616 970625355
14 0 226592155 5860616 744310325 5860616 970902480
15 0 225138146 5860616 746066699 5860616 971204845
16 0 224212774 5860616 747311194 5860616 971523968
17 0 223277940 5860616 748517486 5860616 971795426
18 0 222277977 5860616 749797351 5860616 972075328
19 0 221278792 5860616 751069994 5860616 972348786
20 0 220347643 5860616 752280304 5860616 972627947
21 0 219353939 5860616 753552762 5860616 972906701
22 0 218436272 5860616 754775905 5860616 973212177
23 0 217494715 5860616 755996327 5860616 973491042
24 0 216585362 5860616 757183582 5860616 973768944
25 0 215655306 5860616 758391133 5860616 974046439
26 0 214751397 5860616 759574926 5860616 974326323
27 0 213777433 5860616 760834884 5860616 974612317
28 0 212880988 5860616 762055101 5860616 974936089
29 0 211980838 5860616 763237338 5860616 975218176
30 0 210997561 5860616 764488907 5860616 975486468
31 0 210070689 5860616 765689570 5860616 975760259
32 0 209168206 5860616 766878103 5860616 976046309
33 0 208227723 5860616 768084488 5860616 976312211
34 0 207323297 5860616 769268465 5860616 976591762
35 0 206146059 5860616 770719475 5860616 976865534
36 0 205189077 5860616 771940711 5860616 977129788
37 0 204250391 5860616 773152040 5860616 977402431
38 0 203338038 5860616 774352944 5860616 977690982
39 0 202411741 5860616 775541495 5860616 977953236
40 0 201495536 5860616 776760824 5860616 978256360
41 0 200572794 5860616 777959950 5860616 978532744
42 0 199584868 5860616 779217796 5860616 978802664
43 0 198604627 5860616 780470736 5860616 979075363
44 0 197662238 5860616 781678231 5860616 979340469
45 0 196732181 5860616 782881042 5860616 979613223
46 0 195805569 5860616 784086260 5860616 979891829
47 0 194890623 5860616 785300237 5860616 980190860
48 0 193965918 5860616 786501789 5860616 980467707
49 0 193033769 5860616 787708544 5860616 980742313
50 0 192126193 5860616 788889781 5860616 981015974
51 0 191173471 5860616 790114350 5860616 981287821
52 0 190235248 5860616 791353475 5860616 981588723
53 0 189307877 5860616 792545193 5860616 981853070
54 0 188334969 5860616 793791299 5860616 982126268
55 0 188055289 5860616 794991814 5860616 983047103
56 0 187123658 5860616 796198958 5860616 983322616
57 0 186200158 5860616 797392398 5860616 983592556
58 0 185292952 5860616 798576950 5860616 983869902
59 0 184337081 5860616 799799316 5860616 984136397
60 0 183381617 5860616 801030182 5860616 984411799
61 0 182440339 5860616 802237585 5860616 984677924
62 0 181526227 5860616 803435173 5860616 984961400
63 0 180611448 5860616 804615651 5860616 985227099
64 0 179668595 5860616 805838517 5860616 985507112
65 0 178756187 5860616 807033383 5860616 985789570
66 0 177774149 5860616 808279749 5860616 986053898
67 0 176843075 5860616 809484744 5860616 986327819
68 0 175859037 5860616 810741110 5860616 986600147
69 0 174918759 5860616 811945698 5860616 986864457
70 0 173997739 5860616 813142768 5860616 987140507
71 0 173049516 5860616 814364782 5860616 987414298
72 0 172116905 5860616 815561648 5860616 987678553
73 0 171185700 5860616 816769255 5860616 987954955
74 0 170257846 5860616 817963159 5860616 988221005
75 0 169338679 5860616 819157358 5860616 988496037
76 0 167562546 5860616 821210616 5860616 988773162
77 0 166624360 5860616 822438815 5860616 989063175
78 0 165644545 5860616 823702421 5860616 989346966
79 0 164733228 5860616 824889547 5860616 989622775
80 0 163791894 5860616 826098228 5860616 989890122
81 0 162920337 5860616 827282853 5860616 990203190
82 0 162006298 5860616 828476942 5860616 990483240
83 0 161049576 5860616 829700493 5860616 990750069
84 0 160090279 5860616 830933136 5860616 991023415
85 0 159139167 5860616 832151336 5860616 991290503
86 0 158241036 5860616 833333739 5860616 991574775
87 0 157326461 5860616 834527939 5860616 991854400
88 0 156377737 5860616 835741250 5860616 992118987
89 0 155473700 5860616 836919301 5860616 992393001
90 0 154536346 5860616 838161945 5860616 992698291
91 0 153579550 5860616 839385144 5860616 992964694
92 0 151172743 5860616 842066297 5860616 993239040
93 0 150203280 5860616 843308237 5860616 993511517
94 0 149282131 5860616 844492640 5860616 993774771
95 0 148334778 5860616 845714525 5860616 994049303
96 0 147421962 5860616 846907947 5860616 994329909
97 0 146495498 5860616 848100443 5860616 994595941
98 0 145581441 5860616 849287013 5860616 994868454
99 0 144601664 5860616 850532489 5860616 995134153
100 0 143675218 5860616 851732078 5860616 995407296
101 0 142758680 5860616 852923703 5860616 995682383
102 0 141776050 5860616 854175310 5860616 995951360
103 0 140842234 5860616 855389176 5860616 996231410
104 0 140070842 5860616 856434137 5860616 996504979
105 0 139554018 5860616 857224419 5860616 996778437
106 0 139016528 5860616 858026070 5860616 997042598
107 0 138489094 5860616 858832518 5860616 997321612
108 0 137969752 5860616 859624614 5860616 997594366
109 0 137184396 5860616 860676557 5860616 997860953
110 0 136669313 5860616 861475579 5860616 998144892
111 0 136141175 5860616 862276046 5860616 998417221
112 0 135591500 5860616 863102123 5860616 998693623
113 0 135076787 5860616 863894756 5860616 998971543
114 0 134513168 5860616 864731074 5860616 999244242
115 0 134013123 5860616 865520577 5860616 999533700
116 0 133484725 5860616 866327451 5860616 999812176
117 0 133228711 5860616 867127417 5860617 356128
118 0 132721165 5860616 867915273 5860617 636438
119 0 132181435 5860616 868730461 5860617 911896
120 0 131666963 5860616 869519224 5860617 1186187
121 0 131085826 5860616 870373652 5860617 1459478
122 0 130553298 5860616 871178193 5860617 1731491
123 0 130022234 5860616 871982363 5860617 2004597
124 0 129491189 5860616 872779163 5860617 2270352
125 0 128969588 5860616 873574055 5860617 2543643
126 0 128409005 5860616 874413910 5860617 2822915
127 0 127880609 5860616 875232079 5860617 3112688
128 0 127354693 5860616 876030712 5860617 3385405
1 0 249178751 5860643 409437478 5860643 658616229
2 0 247153919 5860643 412012022 5860643 659165941
3 0 245993737 5860643 413706508 5860643 659700245
4 0 244975312 5860643 415389236 5860643 660364548
5 0 243584876 5860643 417057741 5860643 660642617
6 0 242197587 5860643 418720710 5860643 660918297
7 0 240999979 5860643 420482566 5860643 661482545
8 0 239870667 5860643 422159590 5860643 662030257
9 0 238793521 5860643 423823614 5860643 662617135
10 0 237722467 5860643 425471027 5860643 663193494
11 0 236690172 5860643 427119311 5860643 663809483
12 0 235554860 5860643 428764965 5860643 664319825
13 0 234444788 5860643 430481470 5860643 664926258
14 0 233317439 5860643 432198845 5860643 665516284
15 0 232278495 5860643 433885443 5860643 666163938
16 0 231233386 5860643 435504227 5860643 666737613
17 0 230040019 5860643 437110790 5860643 667150809
18 0 228630675 5860643 438789425 5860643 667420100
19 0 227196350 5860643 440501374 5860643 667697724
20 0 225835635 5860643 442139047 5860643 667974682
21 0 224414162 5860643 443832811 5860643 668246973
22 0 223067002 5860643 445456188 5860643 668523190
23 0 221709750 5860643 447089231 5860643 668798981
24 0 220396571 5860643 448671998 5860643 669068569
25 0 218878526 5860643 450475001 5860643 669353527
26 0 217530718 5860643 452092933 5860643 669623651
27 0 216254038 5860643 453676570 5860643 669930608
28 0 215242761 5860643 455302725 5860643 670545486
29 0 213930174 5860643 456883436 5860643 670813610
30 0 212520331 5860643 458568200 5860643 671088531
31 0 211093839 5860643 460270631 5860643 671364470
32 0 209755309 5860643 461876434 5860643 671631743
33 0 208418500 5860643 463495441 5860643 671913941
34 0 207553479 5860643 465096800 5860643 672650279
35 0 206223968 5860643 466714695 5860643 672938663
36 0 204890975 5860643 468315183 5860643 673206158
37 0 203546685 5860643 469933153 5860643 673479838
38 0 201336559 5860643 472418736 5860643 673755295
39 0 200006437 5860643 474021724 5860643 674028161
40 0 198685017 5860643 475625916 5860643 674310933
41 0 197369320 5860643 477215608 5860643 674584928
42 0 195977697 5860643 478874170 5860643 674851867
43 0 194538169 5860643 480586730 5860643 675124899
44 0 193205806 5860643 482198070 5860643 675403876
45 0 191878404 5860643 483793485 5860643 675671889
46 0 190562615 5860643 485380769 5860643 675943384
47 0 189205214 5860643 487002850 5860643 676208064
48 0 187903109 5860643 488577228 5860643 676480337
49 0 185986127 5860643 490768612 5860643 676754739
50 0 184636208 5860643 492390156 5860643 677026364
51 0 183313566 5860643 493986533 5860643 677300099
52 0 181998405 5860643 495605577 5860643 677603982
53 0 180683411 5860643 497190177 5860643 677873588
54 0 179284679 5860643 498862441 5860643 678147120
55 0 177841836 5860643 500579483 5860643 678421319
56 0 176501361 5860643 502187434 5860643 678688795
57 0 175180182 5860643 503783256 5860643 678963438
58 0 173885132 5860643 505360967 5860643 679246099
59 0 172546620 5860643 506977011 5860643 679523631
60 0 171224924 5860643 508573684 5860643 679798608
61 0 169271441 5860643 510824309 5860643 680095750
62 0 167984428 5860643 512395409 5860643 680379837
63 0 167390458 5860643 513264152 5860643 680654610
64 0 166847265 5860643 514081840 5860643 680929105
65 0 166330404 5860643 514886269 5860643 681216673
66 0 165758286 5860643 515732401 5860643 681490687
67 0 165217036 5860643 516539553 5860643 681756589
68 0 164668843 5860643 517361871 5860643 682030714
69 0 164156242 5860643 518154763 5860643 682311005
70 0 163623381 5860643 518953711 5860643 682577092
71 0 163087298 5860643 519764363 5860643 682851661
72 0 162470292 5860643 520657753 5860643 683128045
73 0 161913710 5860643 521489219 5860643 683402929
74 0 161399275 5860643 522279426 5860643 683678701
75 0 160873784 5860643 523077208 5860643 683950992
76 0 160333591 5860643 523891933 5860643 684225524
77 0 159872118 5860643 524683196 5860643 684555314
78 0 159298611 5860643 525524402 5860643 684823013
79 0 158772916 5860643 526325795 5860643 685098711
80 0 158238409 5860643 527138390 5860643 685376799
81 0 157696289 5860643 527948190 5860643 685644479
82 0 157186706 5860643 528744860 5860643 685931566
83 0 156647290 5860643 529566234 5860643 686213524
84 0 155793862 5860643 530686546 5860643 686480408
85 0 155249298 5860643 531505234 5860643 686754532
86 0 154712956 5860643 532305330 5860643 687018286
87 0 154196022 5860643 533094982 5860643 687291004
88 0 153662051 5860643 533907355 5860643 687569406
89 0 153114468 5860643 534719266 5860643 687833734
90 0 152560441 5860643 535556158 5860643 688116599
91 0 152030858 5860643 536369439 5860643 688400297
92 0 151422630 5860643 537242811 5860643 688665441
93 0 150887306 5860643 538050685 5860643 688937991
94 0 150360779 5860643 538854281 5860643 689215060
95 0 149832456 5860643 539654710 5860643 689487166
96 0 149260004 5860643 540500842 5860643 689760846
97 0 148772957 5860643 541319679 5860643 690092636
98 0 148257319 5860643 542111701 5860643 690369020
99 0 147720310 5860643 542921223 5860643 690641533
100 0 147196635 5860643 543724300 5860643 690920935
101 0 146663478 5860643 544532526 5860643 691196004
102 0 146113377 5860643 545373214 5860643 691486591
103 0 145590369 5860643 546169328 5860643 691759697
104 0 145052064 5860643 546981480 5860643 692033544
105 0 144514185 5860643 547783724 5860643 692297909
106 0 144000177 5860643 548584079 5860643 692584256
107 0 143457372 5860643 549401008 5860643 692858380
108 0 142753404 5860643 550376212 5860643 693129616
109 0 142187118 5860643 551224474 5860643 693411592
110 0 141660443 5860643 552024810 5860643 693685253
111 0 141145490 5860643 552814110 5860643 693959600
112 0 140595538 5860643 553628465 5860643 694224003
113 0 140067102 5860643 554435173 5860643 694502275
114 0 139522854 5860643 555274138 5860643 694796992
115 0 138983271 5860643 556081049 5860643 695064320
116 0 138453411 5860643 556884571 5860643 695337982
117 0 137922272 5860643 557689278 5860643 695611550
118 0 137383320 5860643 558492281 5860643 695875601
119 0 136851570 5860643 559298322 5860643 696149892
120 0 136295007 5860643 560133936 5860643 696428943
121 0 135740258 5860643 560954031 5860643 696694289
122 0 135210768 5860643 561756479 5860643 696967247
123 0 134668834 5860643 562571797 5860643 697240631
124 0 134140270 5860643 563366893 5860643 697507163
125 0 133619391 5860643 564169063 5860643 697788454
126 0 133063679 5860643 565018788 5860643 698082467
127 0 132528133 5860643 565830125 5860643 698358258
128 0 131985810 5860643 566644591 5860643 698630401
1 0 242975945 5860671 811257628 5860672 54233573
2 0 240881374 5860671 813660842 5860672 54542216
3 0 239448105 5860671 815355995 5860672 54804100
4 0 238021409 5860671 817040297 5860672 55061706
5 0 236615417 5860671 818702617 5860672 55318034
6 0 235186592 5860671 820425326 5860672 55611918
7 0 233779840 5860671 822107924 5860672 55887764
8 0 232432847 5860671 823747671 5860672 56180518
9 0 231054003 5860671 825411158 5860672 56465161
10 0 229819304 5860671 827060534 5860672 56879838
11 0 228444811 5860671 828705596 5860672 57150407
12 0 227033468 5860671 830394212 5860672 57427680
13 0 225621994 5860671 832093310 5860672 57715304
14 0 224228242 5860671 833758501 5860672 57986743
15 0 222252020 5860671 836036384 5860672 58288404
16 0 220895768 5860671 837674131 5860672 58569899
17 0 219559682 5860671 839281212 5860672 58840894
18 0 218004156 5860671 841113807 5860672 59117963
19 0 216654681 5860671 842736480 5860672 59391161
20 0 215323632 5860671 844348283 5860672 59671915
21 0 213909197 5860671 846047806 5860672 59957003
22 0 213096822 5860671 847680239 5860672 60777061
23 0 211751663 5860671 849309208 5860672 61060871
24 0 210365689 5860671 850981158 5860672 61346847
25 0 209010881 5860671 852607442 5860672 61618323
26 0 207687851 5860671 854209208 5860672 61897059
27 0 206418134 5860671 855785845 5860672 62203979
28 0 205061547 5860671 857408130 5860672 62469677
29 0 203745813 5860671 858994563 5860672 62740376
30 0 202015605 5860671 860999821 5860672 63015426
31 0 200668186 5860671 862623735 5860672 63291921
32 0 199378526 5860671 864195983 5860672 63574509
33 0 198041051 5860671 865803564 5860672 63844615
34 0 196741594 5860671 867375275 5860672 64116869
35 0 195379860 5860671 869009022 5860672 64388882
36 0 193988368 5860671 870665991 5860672 64654359
37 0 192635819 5860671 872293312 5860672 64929131
38 0 191306732 5860671 873896116 5860672 65202848
39 0 189981295 5860671 875491863 5860672 65473158
40 0 188656764 5860671 877095518 5860672 65752282
41 0 187345899 5860671 878685563 5860672 66031462
42 0 185073294 5860671 881226626 5860672 66299920
43 0 183691320 5860671 882880391 5860672 66571711
44 0 182380104 5860671 884473176 5860672 66853280
45 0 181042778 5860671 886077812 5860672 67120590
46 0 179723691 5860671 887670764 5860672 67394455
47 0 178388494 5860671 889271734 5860672 67660228
48 0 177002928 5860671 890929628 5860672 67932556
49 0 176233609 5860671 892537431 5860672 68771040
50 0 174935966 5860671 894109680 5860672 69045646
51 0 173623158 5860671 895696613 5860672 69319771
52 0 172275572 5860671 897311323 5860672 69586895
53 0 170986837 5860671 898883960 5860672 69870797
54 0 169189964 5860671 900983402 5860672 70173366
55 0 167942283 5860671 902512244 5860672 70454527
56 0 167378738 5860671 903347654 5860672 70726392
57 0 166860971 5860671 904153546 5860672 71014517
58 0 166337406 5860671 904944420 5860672 71281826
59 0 165795842 5860671 905758516 5860672 71554358
60 0 165275945 5860671 906551205 5860672 71827150
61 0 164735640 5860671 907356023 5860672 72091663
62 0 164219594 5860671 908151749 5860672 72371343
63 0 163704419 5860671 908939493 5860672 72643912
64 0 163159559 5860671 909756496 5860672 72916055
65 0 162591329 5860671 910597017 5860672 73188346
66 0 161998303 5860671 911463038 5860672 73461341
67 0 161467424 5860671 912270208 5860672 73737632
68 0 160941767 5860671 913072989 5860672 74014756
69 0 160408073 5860671 913872382 5860672 74280455
70 0 159881917 5860671 914673126 5860672 74555043
71 0 159341871 5860671 915485666 5860672 74827537
72 0 158805067 5860671 916286447 5860672 75091514
73 0 158276095 5860671 917096377 5860672 75372472
74 0 157743957 5860671 917902898 5860672 75646855
75 0 157207263 5860671 918704032 5860672 75911295
76 0 156676033 5860671 919510831 5860672 76186864
77 0 155852881 5860671 920636977 5860672 76489858
78 0 155291392 5860671 921493535 5860672 76784927
79 0 154776790 5860671 922286057 5860672 77062847
80 0 154247542 5860671 923090930 5860672 77338472
81 0 153726366 5860671 923884027 5860672 77610393
82 0 153206394 5860671 924679030 5860672 77885424
83 0 152605387 5860671 925546606 5860672 78151993
84 0 152079156 5860671 926350999 5860672 78430155
85 0 151542963 5860671 927163687 5860672 78706650
86 0 150998046 5860671 927972302 5860672 78970348
87 0 150484482 5860671 928757213 5860672 79241695
88 0 149960807 5860671 929568012 5860672 79528819
89 0 149393022 5860671 930399052 5860672 79792074
90 0 148870958 5860671 931256406 5860672 80127364
91 0 148338856 5860671 932073965 5860672 80412821
92 0 147723683 5860671 932951337 5860672 80675020
93 0 147189415 5860671 933759415 5860672 80948830
94 0 146661406 5860671 934555326 5860672 81216732
95 0 146116917 5860671 935370773 5860672 81487690
96 0 145591390 5860671 936174647 5860672 81766037
97 0 145062436 5860671 936972947 5860672 82035383
98 0 144534113 5860671 937772654 5860672 82306767
99 0 144002031 5860671 938576620 5860672 82578651
100 0 143471133 5860671 939376050 5860672 82847183
101 0 142631148 5860671 940488622 5860672 83119770
102 0 142067881 5860671 941351198 5860672 83419079
103 0 141537503 5860671 942150220 5860672 83687723
104 0 141013754 5860671 942955445 5860672 83969199
105 0 140499800 5860671 943741542 5860672 84241342
106 0 139972013 5860671 944546138 5860672 84518151
107 0 139429413 5860671 945360030 5860672 84789443
108 0 138909441 5860671 946156885 5860672 85066326
109 0 138363025 5860671 946971018 5860672 85334043
110 0 137851554 5860671 947758651 5860672 85610205
111 0 137331897 5860671 948550599 5860672 85882496
112 0 136793110 5860671 949358529 5860672 86151639
113 0 136245343 5860671 950177958 5860672 86423301
114 0 135693927 5860671 951029127 5860672 86723054
115 0 135169419 5860671 951824371 5860672 86993790
116 0 134633670 5860671 952632782 5860672 87266452
117 0 134109235 5860671 953431137 5860672 87540372
118 0 133584134 5860671 954223122 5860672 87807256
119 0 133042496 5860671 955037570 5860672 88080066
120 0 132517191 5860671 955841258 5860672 88358449
121 0 131996626 5860671 956638503 5860672 88635129
122 0 131460322 5860671 957439136 5860672 88899458
123 0 130933498 5860671 958235899 5860672 89169397
124 0 130417731 5860671 959038346 5860672 89456077
125 0 129885407 5860671 959836480 5860672 89721887
126 0 128802594 5860671 961244009 5860672 90046603
127 0 128270419 5860671 962075067 5860672 90345486
128 0 127719411 5860671 962890052 5860672 90609463
1 0 237039097 5860698 702091484 5860698 939130581
2 0 235130151 5860698 704525846 5860698 939655997
3 0 235208798 5860698 706216277 5860698 941425075
4 0 234254483 5860698 707894912 5860698 942149395
5 0 233182113 5860698 709571696 5860698 942753809
6 0 231880731 5860698 711473345 5860698 943354076
7 0 230860880 5860698 713044278 5860698 943905158
8 0 230258836 5860698 714297088 5860698 944555924
9 0 229628514 5860698 715554046 5860698 945182560
10 0 228941805 5860698 716794893 5860698 945736698
11 0 228279539 5860698 718039296 5860698 946318835
12 0 227481055 5860698 719278198 5860698 946759253
13 0 226340798 5860698 720700820 5860698 947041618
14 0 225378834 5860698 721979796 5860698 947358630
15 0 224368742 5860698 723260605 5860698 947629347
16 0 223416094 5860698 724489248 5860698 947905342
17 0 222482870 5860698 725699763 5860698 948182633
18 0 221481371 5860698 726969128 5860698 948450499
19 0 220543962 5860698 728182994 5860698 948726956
20 0 219604277 5860698 729394026 5860698 948998303
21 0 218498798 5860698 730776741 5860698 949275539
22 0 217546815 5860698 732006292 5860698 949553107
23 0 216581481 5860698 733239658 5860698 949821139
24 0 215689869 5860698 734439061 5860698 950128930
25 0 214772961 5860698 735660260 5860698 950433221
26 0 213852570 5860698 736870960 5860698 950723530
27 0 212931957 5860698 738067086 5860698 950999043
28 0 211981216 5860698 739298692 5860698 951279908
29 0 210989364 5860698 740558650 5860698 951548014
30 0 209992772 5860698 741830626 5860698 951823398
31 0 209043142 5860698 743048621 5860698 952091763
32 0 208182362 5860698 744242562 5860698 952424924
33 0 207252324 5860698 745460113 5860698 952712437
34 0 206318786 5860698 746665016 5860698 952983802
35 0 205381174 5860698 747886382 5860698 953267556
36 0 204446433 5860698 749097322 5860698 953543755
37 0 203421063 5860698 750392631 5860698 953813694
38 0 202499710 5860698 751618719 5860698 954118429
39 0 201573930 5860698 752822697 5860698 954396627
40 0 200630337 5860698 754033026 5860698 954663363
41 0 199697744 5860698 755240818 5860698 954938562
42 0 198693281 5860698 756524035 5860698 955217316
43 0 197755113 5860698 757737290 5860698 955492403
44 0 196831798 5860698 758942267 5860698 955774065
45 0 195640394 5860698 760405388 5860698 956045782
46 0 194681578 5860698 761641235 5860698 956322813
47 0 193732948 5860698 762864786 5860698 956597734
48 0 192808132 5860698 764055856 5860698 956863988
49 0 191867391 5860698 765271370 5860698 957138761
50 0 190959020 5860698 766481458 5860698 957440478
51 0 190037463 5860698 767673047 5860698 957710510
52 0 189075054 5860698 768911265 5860698 957986319
53 0 188763505 5860698 770182667 5860698 958946172
54 0 187756061 5860698 771469605 5860698 959225666
55 0 186797876 5860698 772698230 5860698 959496106
56 0 185867411 5860698 773910393 5860698 959777804
57 0 184985243 5860698 775117333 5860698 960102576
58 0 184069834 5860698 776313533 5860698 960383367
59 0 183119445 5860698 777541491 5860698 960660936
60 0 182187925 5860698 778749728 5860698 960937653
61 0 181251720 5860698 779954872 5860698 961206592
62 0 180267813 5860698 781220366 5860698 961488179
63 0 179344422 5860698 782430307 5860698 961774729
64 0 178384255 5860698 783655358 5860698 962039613
65 0 177456032 5860698 784859391 5860698 962315423
66 0 176453440 5860698 786128922 5860698 962582362
67 0 175519569 5860698 787338751 5860698 962858320
68 0 174581234 5860698 788556099 5860698 963137333
69 0 173651863 5860698 789752336 5860698 963404199
70 0 171640104 5860698 792045589 5860698 963685693
71 0 170672197 5860698 793288473 5860698 963960670
72 0 169728808 5860698 794499135 5860698 964227943
73 0 168784158 5860698 795728131 5860698 964512289
74 0 167873527 5860698 796915701 5860698 964789228
75 0 166965878 5860698 798114660 5860698 965080538
76 0 166028747 5860698 799333322 5860698 965362069
77 0 165095580 5860698 800572817 5860698 965668397
78 0 164100376 5860698 801837442 5860698 965937818
79 0 163188671 5860698 803029086 5860698 966217757
80 0 162255207 5860698 804244248 5860698 966499455
81 0 161325725 5860698 805453429 5860698 966779154
82 0 160420167 5860698 806640407 5860698 967060574
83 0 159455982 5860698 807871865 5860698 967327847
84 0 158520944 5860698 809081287 5860698 967602231
85 0 157542852 5860698 810338263 5860698 967881115
86 0 156587722 5860698 811565110 5860698 968152832
87 0 155970899 5860698 812479260 5860698 968450159
88 0 155432354 5860698 813299467 5860698 968731821
89 0 154897919 5860698 814101341 5860698 968999260
90 0 154325394 5860698 814949565 5860698 969274959
91 0 153788681 5860698 815767587 5860698 969556268
92 0 153186026 5860698 816638756 5860698 969824782
93 0 152676202 5860698 817459111 5860698 970135313
94 0 152158416 5860698 818269799 5860698 970428215
95 0 151619481 5860698 819076099 5860698 970695580
96 0 151092584 5860698 819878250 5860698 970970834
97 0 150318672 5860698 820930342 5860698 971249014
98 0 149787423 5860698 821729012 5860698 971516435
99 0 149284692 5860698 822535089 5860698 971819781
100 0 148763368 5860698 823335871 5860698 972099239
101 0 148233119 5860698 824134596 5860698 972367715
102 0 147662889 5860698 824980303 5860698 972643192
103 0 147145270 5860698 825777139 5860698 972922409
104 0 146613168 5860698 826587902 5860698 973201070
105 0 146096492 5860698 827384628 5860698 973481120
106 0 145501949 5860698 828258074 5860698 973760023
107 0 144931459 5860698 829095670 5860698 974027129
108 0 144410358 5860698 829893469 5860698 974303827
109 0 143823498 5860698 830759157 5860698 974582655
110 0 143289083 5860698 831570123 5860698 974859206
111 0 142791943 5860698 832369275 5860698 975161218
112 0 142255621 5860698 833188685 5860698 975444306
113 0 141719927 5860698 833993633 5860698 975713560
114 0 141146585 5860698 834848284 5860698 975994869
115 0 140616818 5860698 835658491 5860698 976275309
116 0 140079365 5860698 836464568 5860698 976543933
117 0 139556023 5860698 837268627 5860698 976824650
118 0 139029274 5860698 838074519 5860698 977103793
119 0 138481043 5860698 838889819 5860698 977370862
120 0 137954090 5860698 839692100 5860698 977646190
121 0 136829945 5860698 841094333 5860698 977924278
122 0 136286141 5860698 841907317 5860698 978193458
123 0 135771909 5860698 842722117 5860698 978494026
124 0 135258512 5860698 843515435 5860698 978773947
125 0 134734428 5860698 844316680 5860698 979051108
126 0 134151014 5860698 845167182 5860698 979318196
127 0 133613246 5860698 845993759 5860698 979607005
128 0 133073942 5860698 846818558 5860698 979892500
1 0 287957865 5860726 547429517 5860726 835387382
2 0 286412042 5860726 549284964 5860726 835697006
3 0 285291063 5860726 550669049 5860726 835960112
4 0 284265026 5860726 551952599 5860726 836217625
5 0 283265416 5860726 553208631 5860726 836474047
6 0 282318859 5860726 554446293 5860726 836765152
7 0 281360266 5860726 555681214 5860726 837041480
8 0 280424877 5860726 556906172 5860726 837331049
9 0 279569800 5860726 558147445 5860726 837717245
10 0 278621336 5860726 559374904 5860726 837996240
11 0 277587670 5860726 560678602 5860726 838266272
12 0 276619744 5860726 561929430 5860726 838549174
13 0 275661799 5860726 563166129 5860726 838827928
14 0 274713947 5860726 564427735 5860726 839141682
15 0 273732614 5860726 565692433 5860726 839425047
16 0 272801464 5860726 566901651 5860726 839703115
17 0 271864019 5860726 568108740 5860726 839972759
18 0 270931480 5860726 569377031 5860726 840308511
19 0 269486915 5860726 571102054 5860726 840588969
20 0 268540044 5860726 572327883 5860726 840867927
21 0 267553656 5860726 573592414 5860726 841146070
22 0 266600989 5860726 574816076 5860726 841417065
23 0 265653876 5860726 576040350 5860726 841694226
24 0 264748949 5860726 577225902 5860726 841974851
25 0 263816540 5860726 578426194 5860726 842242734
26 0 262955131 5860726 579603764 5860726 842558895
27 0 261964446 5860726 580867296 5860726 842831742
28 0 261003167 5860726 582091792 5860726 843094959
29 0 260101259 5860726 583277195 5860726 843378454
30 0 259135425 5860726 584528116 5860726 843663541
31 0 258203683 5860726 585725520 5860726 843929203
32 0 257299792 5860726 586907183 5860726 844206975
33 0 256371348 5860726 588108678 5860726 844480026
34 0 255454438 5860726 589288638 5860726 844743076
35 0 254459495 5860726 590562706 5860726 845022201
36 0 253514901 5860726 591770906 5860726 845285807
37 0 252586437 5860726 592972791 5860726 845559228
38 0 251695121 5860726 594160120 5860726 845855241
39 0 250786064 5860726 595336246 5860726 846122310
40 0 249851099 5860726 596544594 5860726 846395693
41 0 248934228 5860726 597733701 5860726 846667929
42 0 247940395 5860726 598993881 5860726 846934276
43 0 246964950 5860726 600240413 5860726 847205363
44 0 246031060 5860726 601452446 5860726 847483506
45 0 245621679 5860726 602648127 5860726 848269806
46 0 244701881 5860726 603840309 5860726 848542190
47 0 243761881 5860726 605047008 5860726 848808889
48 0 242844101 5860726 606241560 5860726 849085661
49 0 241906119 5860726 607445204 5860726 849351323
50 0 241001710 5860726 608628441 5860726 849630151
51 0 240090394 5860726 609815844 5860726 849906238
52 0 239037043 5860726 611187319 5860726 850224362
53 0 238121894 5860726 612369130 5860726 850491024
54 0 237163264 5860726 613615699 5860726 850778963
55 0 236238411 5860726 614815880 5860726 851054291
56 0 235303947 5860726 616021246 5860726 851325193
57 0 234389075 5860726 617212446 5860726 851601521
58 0 233485185 5860726 618389868 5860726 851875053
59 0 232542203 5860726 619596642 5860726 852138845
60 0 231581294 5860726 620833397 5860726 852414691
61 0 230647849 5860726 622044559 5860726 852692408
62 0 229725182 5860726 623231166 5860726 852956348
63 0 228846458 5860726 624411366 5860726 853257824
64 0 227888179 5860726 625633917 5860726 853522096
65 0 226973104 5860726 626821043 5860726 853794147
66 0 225998270 5860726 628069483 5860726 854067753
67 0 225069658 5860726 629262127 5860726 854331785
68 0 224098547 5860726 630504511 5860726 854603058
69 0 223177952 5860726 631708711 5860726 854886663
70 0 222251267 5860726 632897299 5860726 855148566
71 0 221326932 5860726 634092555 5860726 855419487
72 0 220412060 5860726 635283718 5860726 855695778
73 0 219477208 5860726 636481602 5860726 855958810
74 0 218558169 5860726 637671747 5860726 856229916
75 0 217654223 5860726 638858206 5860726 856512429
76 0 216705390 5860726 640088849 5860726 856794239
77 0 215799962 5860726 641306808 5860726 857106770
78 0 214819980 5860726 642557340 5860726 857377320
79 0 213911812 5860726 643740929 5860726 857652741
80 0 212980514 5860726 644950351 5860726 857930865
81 0 212060995 5860726 646139995 5860726 858200990
82 0 211140290 5860726 647332139 5860726 858472429
83 0 210203567 5860726 648544635 5860726 858748202
84 0 209290936 5860726 649733427 5860726 859024363
85 0 208305602 5860726 650992515 5860726 859298117
86 0 207391416 5860726 652185826 5860726 859577242
87 0 206474656 5860726 653370896 5860726 859845552
88 0 205593542 5860726 654583503 5860726 860177045
89 0 204688207 5860726 655760981 5860726 860449188
90 0 203712967 5860726 657012050 5860726 860725017
91 0 202780928 5860726 658216398 5860726 860997326
92 0 201770282 5860726 659489762 5860726 861260044
93 0 200769504 5860726 660768053 5860726 861537557
94 0 199856428 5860726 661958679 5860726 861815107
95 0 198907131 5860726 663172193 5860726 862079324
96 0 197994055 5860726 664361264 5860726 862355319
97 0 197081091 5860726 665547945 5860726 862629036
98 0 196157868 5860726 666732849 5860726 862890717
99 0 195239645 5860726 667928011 5860726 863167656
100 0 194321958 5860726 669117396 5860726 863439354
101 0 192363050 5860726 671368984 5860726 863732034
102 0 191548825 5860726 672468852 5860726 864017677
103 0 191020909 5860726 673271800 5860726 864292709
104 0 190472697 5860726 674083599 5860726 864556296
105 0 189970188 5860726 674868066 5860726 864838254
106 0 189442790 5860726 675666903 5860726 865109693
107 0 188900504 5860726 676474777 5860726 865375281
108 0 188386274 5860726 677263780 5860726 865650054
109 0 187852376 5860726 678070617 5860726 865922993
110 0 187332941 5860726 678851806 5860726 866184747
111 0 186828710 5860726 679637847 5860726 866466557
112 0 186214999 5860726 680524497 5860726 866739496
113 0 185704084 5860726 681325296 5860726 867029380
114 0 185144816 5860726 682159410 5860726 867304226
115 0 184628640 5860726 682948377 5860726 867577017
116 0 184093058 5860726 683750214 5860726 867843272
117 0 183572642 5860726 684545995 5860726 868118637
118 0 183016115 5860726 685375480 5860726 868391595
119 0 182468329 5860726 686194242 5860726 868662571
120 0 181957098 5860726 686990060 5860726 868947158
121 0 181438201 5860726 687781971 5860726 869220172
122 0 180912192 5860726 688570827 5860726 869483019
123 0 180399776 5860726 689360219 5860726 869759995
124 0 180008894 5860726 690200685 5860726 870209579
125 0 179487089 5860726 691023207 5860726 870510296
126 0 178924692 5860726 691860895 5860726 870785587
127 0 178383332 5860726 692675490 5860726 871058822
128 0 177847213 5860726 693477401 5860726 871324614
