1 0 25688851 1450160 25732206 1450160 51421057
2 0 23087865 1450160 29086326 1450160 52174191
3 0 20991720 1450160 31821051 1450160 52812771
4 0 19137590 1450160 34386093 1450160 53523683
1 0 18587045 1450173 57142453 1450173 75729498
2 0 16601528 1450173 59637293 1450173 76238821
3 0 15065003 1450173 61651494 1450173 76716497
4 0 13704177 1450173 63557772 1450173 77261949
1 0 18870542 1450186 277309506 1450186 296180048
2 0 16895598 1450186 279804273 1450186 296699871
3 0 15224039 1450186 281944694 1450186 297168733
4 0 13781863 1450186 283866712 1450186 297648575
1 0 24850296 1450199 505998035 1450199 530848331
2 0 22198033 1450199 509336970 1450199 531535003
3 0 20150961 1450199 512022733 1450199 532173694
4 0 18234536 1450199 514573961 1450199 532808497
1 0 19548584 1450212 777491064 1450212 797039648
2 0 17395811 1450212 780219363 1450212 797615174
3 0 15818342 1450212 782290804 1450212 798109146
4 0 14397055 1450212 784226248 1450212 798623303
1 0 19275775 1450225 707426857 1450225 726702632
2 0 17245462 1450225 709979622 1450225 727225084
3 0 15644845 1450225 712064100 1450225 727708945
4 0 14188781 1450225 713989637 1450225 728178418
1 0 19515344 1450238 677199249 1450238 696714593
2 0 17464292 1450238 679779180 1450238 697243472
3 0 15939136 1450238 681837955 1450238 697777091
4 0 14418480 1450238 683839954 1450238 698258434
1 0 18808265 1450251 927089269 1450251 945897534
2 0 16786526 1450251 929631498 1450251 946418024
3 0 15176428 1450251 931721939 1450251 946898367
4 0 13719771 1450251 933645476 1450251 947365247
1 0 26360471 1450265 129490711 1450265 155851182
2 0 23629802 1450265 132971977 1450265 156601779
3 0 21608914 1450265 135650759 1450265 157259673
4 0 19736765 1450265 138205043 1450265 157941808
1 0 18776543 1450278 157266392 1450278 176042935
2 0 16773137 1450278 159784547 1450278 176557684
3 0 15148169 1450278 161874543 1450278 177022712
4 0 13720864 1450278 163781821 1450278 177502685
