1 0 28833049 1449929 317162174 1449929 345995223
2 0 26815570 1449929 319678328 1449929 346493898
3 0 25219656 1449929 321756714 1449929 346976370
4 0 23785165 1449929 323657029 1449929 347442194
5 0 22296324 1449929 325616009 1449929 347912333
6 0 20893592 1449929 327507528 1449929 348401120
7 0 19484620 1449929 329380454 1449929 348865074
8 0 17988798 1449929 331331749 1449929 349320547
1 0 38430014 1450291 401866002 1450291 440296016
2 0 35797565 1450291 405193975 1450291 440991540
3 0 33865751 1450291 407774443 1450291 441640194
4 0 31806402 1450291 410464798 1450291 442271200
5 0 29786144 1450291 413102618 1450291 442888762
6 0 27879664 1450291 415644790 1450291 443524454
7 0 25971700 1450291 418175112 1450291 444146812
8 0 23994479 1450291 420761747 1450291 444756226
1 0 29980344 1450325 387096984 1450325 417077328
2 0 27982438 1450325 389647342 1450325 417629780
3 0 26365341 1450325 391761078 1450325 418126419
4 0 24897647 1450325 393752410 1450325 418650057
5 0 23326900 1450325 395802037 1450325 419128937
6 0 21902076 1450325 397746462 1450325 419648538
7 0 20452215 1450325 399712109 1450325 420164324
8 0 18972114 1450325 401735459 1450325 420707573
1 0 29116880 1450359 546876021 1450359 575992901
2 0 27089049 1450359 549420953 1450359 576510002
3 0 25438469 1450359 551558542 1450359 576997011
4 0 23980127 1450359 553497319 1450359 577477446
5 0 22452768 1450359 555489669 1450359 577942437
6 0 20990797 1450359 557430020 1450359 578420817
7 0 19544121 1450359 559345890 1450359 578890011
8 0 18191129 1450359 561328333 1450359 579519462
1 0 38784396 1450393 771055058 1450393 809839454
2 0 36296296 1450393 774375049 1450393 810671345
3 0 34363389 1450393 776959555 1450393 811322944
4 0 32465907 1450393 779493395 1450393 811959302
5 0 30342282 1450393 782240841 1450393 812583123
6 0 28417671 1450393 784806884 1450393 813224555
7 0 26511893 1450393 787337724 1450393 813849617
8 0 24624911 1450393 789859230 1450393 814484141
1 0 39129555 1450427 962089574 1450428 1219129
2 0 36378442 1450427 965503174 1450428 1881616
3 0 34417646 1450427 968105198 1450428 2522844
4 0 32362854 1450427 970786812 1450428 3149666
5 0 30316837 1450427 973449150 1450428 3765987
6 0 28396060 1450427 976001007 1450428 4397067
7 0 26484337 1450427 978535718 1450428 5020055
8 0 24462229 1450427 981171018 1450428 5633247
1 0 28939382 1450462 176808348 1450462 205747730
2 0 26944051 1450462 179309836 1450462 206253887
3 0 25387915 1450462 181353037 1450462 206740952
4 0 23945239 1450462 183269796 1450462 207215035
5 0 22438583 1450462 185240147 1450462 207678730
6 0 21007611 1450462 187149369 1450462 208156980
7 0 19573805 1450462 189050055 1450462 208623860
8 0 17994928 1450462 191100089 1450462 209095017
1 0 30225820 1450496 147286094 1450496 177511914
2 0 28202137 1450496 149821749 1450496 178023886
3 0 26611298 1450496 151941763 1450496 178553061
4 0 25200492 1450496 153864522 1450496 179065014
5 0 23637004 1450496 155899742 1450496 179536746
6 0 22325085 1450496 157817075 1450496 180142160
7 0 20888372 1450496 159762389 1450496 180650761
8 0 19391679 1450496 161772850 1450496 181164529
1 0 29073861 1450530 127432950 1450530 156506811
2 0 27062530 1450530 129960049 1450530 157022579
3 0 25492171 1450530 132014824 1450530 157506995
4 0 24036163 1450530 133940805 1450530 157976968
5 0 22528970 1450530 135928785 1450530 158457755
6 0 21085368 1450530 137854822 1450530 158940190
7 0 19649044 1450530 139764470 1450530 159413514
8 0 18255405 1450530 141833985 1450530 160089390
1 0 32452222 1450564 322515064 1450564 354967286
2 0 29664146 1450564 325865981 1450564 355530127
3 0 27505058 1450564 328516707 1450564 356021765
4 0 25141216 1450564 331384114 1450564 356525330
5 0 23229141 1450564 333785827 1450564 357014968
6 0 21811595 1450564 335726363 1450564 357537958
7 0 20327327 1450564 337694862 1450564 358022189
8 0 18900484 1450564 339626825 1450564 358527309
1 0 28892439 1450598 307211970 1450598 336104409
2 0 26879292 1450598 309720033 1450598 336599325
3 0 25265176 1450598 311811214 1450598 337076390
4 0 23833852 1450598 313712566 1450598 337546418
5 0 22323325 1450598 315684417 1450598 338007742
6 0 20885298 1450598 317596768 1450598 338482066
7 0 19455622 1450598 319487935 1450598 338943557
8 0 17931781 1450598 321479489 1450598 339411270
