1 0 165795381 1451693 17669178 1451693 183464559
2 0 163480315 1451693 20361385 1451693 183841700
3 0 161832792 1451693 22333198 1451693 184165990
4 0 159688575 1451693 24791298 1451693 184479873
5 0 157483765 1451693 27354823 1451693 184838588
6 0 155295456 1451693 29865959 1451693 185161415
7 0 152913762 1451693 32557666 1451693 185471428
8 0 150637195 1451693 35153171 1451693 185790366
9 0 148375221 1451693 37723509 1451693 186098730
10 0 146111043 1451693 40305181 1451693 186416224
11 0 143911734 1451693 42828558 1451693 186740292
12 0 141756812 1451693 45290103 1451693 187046915
13 0 139608892 1451693 47753851 1451693 187362743
14 0 137345565 1451693 50345264 1451693 187690829
15 0 135139942 1451693 52860418 1451693 188000360
16 0 132975483 1451693 55341148 1451693 188316631
17 0 130870710 1451693 57796137 1451693 188666847
18 0 128667919 1451693 60308607 1451693 188976526
19 0 126473018 1451693 62824539 1451693 189297557
20 0 124341819 1451693 65265158 1451693 189606977
21 0 122048122 1451693 67875589 1451693 189923711
22 0 119862313 1451693 70421039 1451693 190283352
23 0 117686892 1451693 72915954 1451693 190602846
24 0 115537360 1451693 75383165 1451693 190920525
25 0 113416994 1451693 77820025 1451693 191237019
26 0 110544680 1451693 81009629 1451693 191554309
27 0 108368797 1451693 83502747 1451693 191871544
28 0 106232875 1451693 85954792 1451693 192187667
29 0 104089250 1451693 88410281 1451693 192499531
30 0 101915422 1451693 90909862 1451693 192825284
31 0 99763427 1451693 93380962 1451693 193144389
32 0 97617228 1451693 95845192 1451693 193462420
33 0 95428160 1451693 98351754 1451693 193779914
34 0 92405422 1451693 101694597 1451693 194100019
35 0 90253779 1451693 104161382 1451693 194415161
36 0 88118209 1451693 106614427 1451693 194732636
37 0 85967122 1451693 109081712 1451693 195048834
38 0 83770757 1451693 111592978 1451693 195363735
39 0 81676260 1451693 114057023 1451693 195733283
40 0 79564191 1451693 116501290 1451693 196065481
41 0 77431751 1451693 118948983 1451693 196380734
42 0 74956280 1451693 121770706 1451693 196726986
43 0 73743563 1451693 123293250 1451693 197036813
44 0 72817007 1451693 124534800 1451693 197351807
45 0 71864396 1451693 125803368 1451693 197667764
46 0 70946340 1451693 127028214 1451693 197974554
47 0 70027433 1451693 128261412 1451693 198288845
48 0 69117728 1451693 129490518 1451693 198608246
49 0 68151672 1451693 130769549 1451693 198921221
50 0 67225191 1451693 132017876 1451693 199243067
51 0 66305708 1451693 133251760 1451693 199557468
52 0 65382856 1451693 134489143 1451693 199871999
53 0 65066862 1451693 135733434 1451693 200800296
54 0 64189009 1451693 136956132 1451693 201145141
55 0 63255082 1451693 138206682 1451693 201461764
56 0 62341156 1451693 139439121 1451693 201780277
57 0 61031218 1451693 141053182 1451693 202084400
58 0 60920813 1451693 142300824 1451693 203221637
59 0 59986962 1451693 143528485 1451693 203515447
60 0 59074331 1451693 144759906 1451693 203834237
61 0 58158663 1451693 145993956 1451693 204152619
62 0 57239070 1451693 147218784 1451693 204457854
63 0 56318385 1451693 148453741 1451693 204772126
64 0 55406439 1451693 149676273 1451693 205082712
1 0 155411972 1451831 387586161 1451831 542998133
2 0 153176997 1451831 390192443 1451831 543369440
3 0 151539566 1451831 392159664 1451831 543699230
4 0 149940356 1451831 394071868 1451831 544012224
5 0 148331555 1451831 396000737 1451831 544332292
6 0 146791344 1451831 397905978 1451831 544697322
7 0 145189005 1451831 399822144 1451831 545011149
8 0 143443909 1451831 401885697 1451831 545329606
9 0 141818330 1451831 403815826 1451831 545634156
10 0 140243638 1451831 405707048 1451831 545950686
11 0 138706779 1451831 407560679 1451831 546267458
12 0 137172272 1451831 409407624 1451831 546579896
13 0 135585062 1451831 411319661 1451831 546904723
14 0 134059555 1451831 413170236 1451831 547229791
15 0 132520252 1451831 415016311 1451831 547536563
16 0 130912098 1451831 416941274 1451831 547853372
17 0 129384683 1451831 418782034 1451831 548166717
18 0 127789362 1451831 420695571 1451831 548484933
19 0 126217838 1451831 422590108 1451831 548807946
20 0 124682516 1451831 424437961 1451831 549120477
21 0 123023844 1451831 426403627 1451831 549427471
22 0 121468578 1451831 428274572 1451831 549743150
23 0 120222010 1451831 430206108 1451831 550428118
24 0 118678855 1451831 432096349 1451831 550775204
25 0 117162699 1451831 433926591 1451831 551089290
26 0 115619118 1451831 435773296 1451831 551392414
27 0 114083647 1451831 437622964 1451831 551706611
28 0 112566418 1451831 439453150 1451831 552019568
29 0 110952764 1451831 441377298 1451831 552330062
30 0 109413609 1451831 443229984 1451831 552643593
31 0 107905916 1451831 445082133 1451831 552988049
32 0 106370742 1451831 446940449 1451831 553311191
33 0 104782015 1451831 448834967 1451831 553616982
34 0 103174286 1451831 450753060 1451831 553927346
35 0 101646501 1451831 452594783 1451831 554241284
36 0 100097309 1451831 454453506 1451831 554550815
37 0 98565672 1451831 456317266 1451831 554882938
38 0 97040832 1451831 458153693 1451831 555194525
39 0 95522936 1451831 460040934 1451831 555563870
40 0 93946873 1451831 461939101 1451831 555885974
41 0 92421588 1451831 463777084 1451831 556198672
42 0 90903636 1451831 465618474 1451831 556522110
43 0 89389703 1451831 467467345 1451831 556857048
44 0 87853510 1451831 469318865 1451831 557172375
45 0 85305838 1451831 472178161 1451831 557483999
46 0 83743628 1451831 474050939 1451831 557794567
47 0 82208492 1451831 475897273 1451831 558105765
48 0 80679336 1451831 477744256 1451831 558423592
49 0 79178920 1451831 479564869 1451831 558743789
50 0 77572137 1451831 481485739 1451831 559057876
51 0 76049074 1451831 483322166 1451831 559371240
52 0 74523363 1451831 485157852 1451831 559681215
53 0 72974838 1451831 487009742 1451831 559984580
54 0 71522366 1451831 488828151 1451831 560350517
55 0 68829289 1451831 491848129 1451831 560677418
56 0 68047637 1451831 493717204 1451831 561764841
57 0 66437002 1451831 495620945 1451831 562057947
58 0 64911920 1451831 497463909 1451831 562375829
59 0 63395895 1451831 499285725 1451831 562681620
60 0 61798518 1451831 501195466 1451831 562993984
61 0 60249308 1451831 503047467 1451831 563296775
62 0 58746078 1451831 504882264 1451831 563628342
63 0 57205886 1451831 506726154 1451831 563932040
64 0 55669600 1451831 508574341 1451831 564243941
1 0 146874360 1451969 762858599 1451969 909732959
2 0 145393686 1451969 765394364 1451969 910788050
3 0 143804309 1451969 767342456 1451969 911146765
4 0 142227099 1451969 769246363 1451969 911473462
5 0 140540336 1451969 771267231 1451969 911807567
6 0 138965181 1451969 773169231 1451969 912134412
7 0 137351416 1451969 775091342 1451969 912442758
8 0 135754114 1451969 777004749 1451969 912758863
9 0 134127090 1451969 778949137 1451969 913076227
10 0 132429587 1451969 780959301 1451969 913388888
11 0 130866302 1451969 782838061 1451969 913704363
12 0 129336239 1451969 784684081 1451969 914020320
13 0 127797862 1451969 786528119 1451969 914325981
14 0 126276670 1451969 788373268 1451969 914649938
15 0 124679145 1451969 790276842 1451969 914955987
16 0 123114324 1451969 792160435 1451969 915274759
17 0 121621741 1451969 794000770 1451969 915622511
18 0 120078827 1451969 795850845 1451969 915929672
19 0 118520339 1451969 797722605 1451969 916242944
20 0 116996905 1451969 799559458 1451969 916556363
21 0 115168053 1451969 801695249 1451969 916863302
22 0 113599583 1451969 803579176 1451969 917178759
23 0 112055668 1451969 805444158 1451969 917499826
24 0 110499236 1451969 807303918 1451969 917803154
25 0 108979044 1451969 809138345 1451969 918117389
26 0 107364186 1451969 811070252 1451969 918434438
27 0 105821994 1451969 812924160 1451969 918746154
28 0 104273431 1451969 814785976 1451969 919059407
29 0 102768849 1451969 816639292 1451969 919408141
30 0 101241879 1451969 818472756 1451969 919714635
31 0 98937276 1451969 821118167 1451969 920055443
32 0 97372325 1451969 823027056 1451969 920399381
33 0 95772338 1451969 824936778 1451969 920709116
34 0 94233275 1451969 826789057 1451969 921022332
35 0 92721397 1451969 828619688 1451969 921341085
36 0 91134669 1451969 830519225 1451969 921653894
37 0 89559959 1451969 832405262 1451969 921965221
38 0 88037841 1451969 834241152 1451969 922278993
39 0 86571443 1451969 836088709 1451969 922660152
40 0 85059639 1451969 837924581 1451969 922984220
41 0 83569909 1451969 839758878 1451969 923328787
42 0 81404525 1451969 842241311 1451969 923645836
43 0 79855481 1451969 844106775 1451969 923962256
44 0 78303178 1451969 845963128 1451969 924266306
45 0 76723653 1451969 847855424 1451969 924579077
46 0 75200553 1451969 849688981 1451969 924889534
47 0 73603289 1451969 851593925 1451969 925197214
48 0 72074781 1451969 853432760 1451969 925507541
49 0 70549477 1451969 855275928 1451969 925825405
50 0 69012637 1451969 857126021 1451969 926138658
51 0 67499408 1451969 858950652 1451969 926450060
52 0 65911012 1451969 860853930 1451969 926764942
53 0 65384596 1451969 862439455 1451969 927824051
54 0 64447800 1451969 863667690 1451969 928115490
55 0 63516948 1451969 864918314 1451969 928435262
56 0 62587299 1451969 866151642 1451969 928738941
57 0 61615429 1451969 867435950 1451969 929051379
58 0 60679188 1451969 868677259 1451969 929356447
59 0 59759132 1451969 869908235 1451969 929667367
60 0 58577433 1451969 871399336 1451969 929976769
61 0 58292161 1451969 872646867 1451969 930939028
62 0 57374530 1451969 873876769 1451969 931251299
63 0 56449067 1451969 875118411 1451969 931567478
64 0 55538770 1451969 876344980 1451969 931883750
1 0 150471846 1452107 698119379 1452107 848591225
2 0 148124596 1452107 700843492 1452107 848968088
3 0 146529534 1452107 702808676 1452107 849338210
4 0 144882159 1452107 704785915 1452107 849668074
5 0 143321485 1452107 706737100 1452107 850058585
6 0 141644537 1452107 708763634 1452107 850408171
7 0 139945181 1452107 710816168 1452107 850761349
8 0 138228696 1452107 712859721 1452107 851088417
9 0 136643449 1452107 714792739 1452107 851436188
10 0 135021758 1452107 716738627 1452107 851760385
11 0 133502047 1452107 718607998 1452107 852110045
12 0 131855042 1452107 720572886 1452107 852427928
13 0 130322460 1452107 722449979 1452107 852772439
14 0 128769158 1452107 724350608 1452107 853119766
15 0 127247113 1452107 726211387 1452107 853458500
16 0 125664830 1452107 728124738 1452107 853789568
17 0 124194691 1452107 729977480 1452107 854172171
18 0 122576779 1452107 731951423 1452107 854528202
19 0 121034993 1452107 733843257 1452107 854878250
20 0 119475376 1452107 735729535 1452107 855204911
21 0 117841371 1452107 737703811 1452107 855545182
22 0 116227050 1452107 739640625 1452107 855867675
23 0 114640507 1452107 741581013 1452107 856221520
24 0 113029205 1452107 743508402 1452107 856537607
25 0 111520086 1452107 745358477 1452107 856878563
26 0 109917525 1452107 747276143 1452107 857193668
27 0 108389147 1452107 749150440 1452107 857539587
28 0 106691366 1452107 751171641 1452107 857863007
29 0 105197450 1452107 753048253 1452107 858245703
30 0 103622815 1452107 754943549 1452107 858566364
31 0 102100584 1452107 756813328 1452107 858913912
32 0 100523041 1452107 758728698 1452107 859251739
33 0 98901517 1452107 760696345 1452107 859597862
34 0 97289660 1452107 762629140 1452107 859918800
35 0 96361586 1452107 764483511 1452107 860845097
36 0 94788709 1452107 766396178 1452107 861184887
37 0 93261535 1452107 768277160 1452107 861538695
38 0 91656455 1452107 770208974 1452107 861865429
39 0 90180225 1452107 772109270 1452107 862289495
40 0 88611384 1452107 774013326 1452107 862624710
41 0 87141431 1452107 775865253 1452107 863006684
42 0 85577332 1452107 777756031 1452107 863333363
43 0 84066269 1452107 779618328 1452107 863684597
44 0 81254620 1452107 782745619 1452107 864000239
45 0 79660911 1452107 784685599 1452107 864346510
46 0 78076126 1452107 786596470 1452107 864672596
47 0 76572934 1452107 788451582 1452107 865024516
48 0 74936707 1452107 790407358 1452107 865344065
49 0 73359978 1452107 792325617 1452107 865685595
50 0 71796823 1452107 794224895 1452107 866021718
51 0 70880675 1452107 795481759 1452107 866362434
52 0 69929971 1452107 796759994 1452107 866689965
53 0 69033488 1452107 798014025 1452107 867047513
54 0 68083914 1452107 799276519 1452107 867360433
55 0 66727940 1452107 800977208 1452107 867705148
56 0 65757145 1452107 802274534 1452107 868031679
57 0 64801386 1452107 803575935 1452107 868377321
58 0 63840664 1452107 804860910 1452107 868701574
59 0 62950088 1452107 806096053 1452107 869046141
60 0 62006217 1452107 807371454 1452107 869377671
61 0 61140753 1452107 808619170 1452107 869759923
62 0 60216012 1452107 809884275 1452107 870100287
63 0 59277030 1452107 811193416 1452107 870470446
64 0 58327345 1452107 812472095 1452107 870799440
1 0 155801532 1452245 907908311 1452246 63709843
2 0 153525428 1452245 910548185 1452246 64073613
3 0 151891516 1452245 912505998 1452246 64397514
4 0 150310474 1452245 914405479 1452246 64715953
5 0 148705560 1452245 916341497 1452246 65047057
6 0 147134906 1452245 918236867 1452246 65371773
7 0 145416754 1452245 920276216 1452246 65692970
8 0 143767324 1452245 922243603 1452246 66010927
9 0 141686624 1452245 924641445 1452246 66328069
10 0 140099877 1452245 926543760 1452246 66643637
11 0 138557167 1452245 928403519 1452246 66960686
12 0 136941291 1452245 930333611 1452246 67274902
13 0 135373044 1452245 932209000 1452246 67582044
14 0 133854760 1452245 934053056 1452246 67907816
15 0 132316605 1452245 935899779 1452246 68216384
16 0 130785820 1452245 937752576 1452246 68538396
17 0 129303219 1452245 939583818 1452246 68887037
18 0 127600752 1452245 941595001 1452246 69195753
19 0 126026543 1452245 943481112 1452246 69507655
20 0 124507202 1452245 945315798 1452246 69823000
21 0 122880790 1452245 947283741 1452246 70164531
22 0 121348190 1452245 949143353 1452246 70491543
23 0 119733777 1452245 951081574 1452246 70815351
24 0 118178363 1452245 952942482 1452246 71120845
25 0 116650857 1452245 954785001 1452246 71435858
26 0 115104516 1452245 956637465 1452246 71741981
27 0 113571973 1452245 958481743 1452246 72053716
28 0 111721916 1452245 960645479 1452246 72367395
29 0 110160965 1452245 962518331 1452246 72679296
30 0 108663162 1452245 964340091 1452246 73003253
31 0 107152654 1452245 966173037 1452246 73325691
32 0 105636443 1452245 968012575 1452246 73649018
33 0 104061011 1452245 969892371 1452246 73953382
34 0 102439081 1452245 971834536 1452246 74273617
35 0 100911407 1452245 973673778 1452246 74585185
36 0 99373084 1452245 975519983 1452246 74893067
37 0 97826671 1452245 977380594 1452246 75207265
38 0 96300071 1452245 979220040 1452246 75520111
39 0 93926765 1452245 981967986 1452246 75894751
40 0 92395740 1452245 983827338 1452246 76223078
41 0 90868381 1452245 985666728 1452246 76535109
42 0 89386244 1452245 987500099 1452246 76886343
43 0 87845812 1452245 989347433 1452246 77193245
44 0 86255620 1452245 991251137 1452246 77506757
45 0 84684466 1452245 993139933 1452246 77824399
46 0 83170885 1452245 994966971 1452246 78137856
47 0 81649840 1452245 996796935 1452246 78446775
48 0 80130981 1452245 998633140 1452246 78764121
49 0 78230278 1452246 844485 1452246 79074763
50 0 76671253 1452246 2720448 1452246 79391701
51 0 75155542 1452246 4548783 1452246 79704325
52 0 74108655 1452246 6377451 1452246 80486106
53 0 72611426 1452246 8219266 1452246 80830692
54 0 71104677 1452246 10062582 1452246 81167259
55 0 69518431 1452246 11960970 1452246 81479401
56 0 68002757 1452246 13790323 1452246 81793080
57 0 66411899 1452246 15686194 1452246 82098093
58 0 64877521 1452246 17532028 1452246 82409549
59 0 63372163 1452246 19357362 1452246 82729525
60 0 61231001 1452246 21810795 1452246 83041796
61 0 60535385 1452246 23656759 1452246 84192144
62 0 59011730 1452246 25479464 1452246 84491194
63 0 57506982 1452246 27314835 1452246 84821817
64 0 55995511 1452246 29143651 1452246 85139162
1 0 151071000 1452384 162646505 1452384 313717505
2 0 148140817 1452384 165940533 1452384 314081350
3 0 145926360 1452384 168480872 1452384 314407232
4 0 143539036 1452384 171182597 1452384 314721633
5 0 141600316 1452384 173479422 1452384 315079738
6 0 140036883 1452384 175357052 1452384 315393935
7 0 138457358 1452384 177253589 1452384 315710947
8 0 136883611 1452384 179143089 1452384 316026700
9 0 135190367 1452384 181143605 1452384 316333972
10 0 133584084 1452384 183063604 1452384 316647688
11 0 132059762 1452384 184908105 1452384 316967867
12 0 130539403 1452384 186733032 1452384 317272435
13 0 129021173 1452384 188560645 1452384 317581818
14 0 127397372 1452384 190507495 1452384 317904867
15 0 125830051 1452384 192383033 1452384 318213084
16 0 124311655 1452384 194216552 1452384 318528207
17 0 122809758 1452384 196031832 1452384 318841590
18 0 121310362 1452384 197855425 1452384 319165787
19 0 119790540 1452384 199687908 1452384 319478448
20 0 118209497 1452384 201572982 1452384 319782479
21 0 116592139 1452384 203527333 1452384 320119472
22 0 115096502 1452384 205371297 1452384 320467799
23 0 113570754 1452384 207203909 1452384 320774663
24 0 112050321 1452384 209036336 1452384 321086657
25 0 110478741 1452384 210919447 1452384 321398188
26 0 108933400 1452384 212771059 1452384 321704459
27 0 107424949 1452384 214590912 1452384 322015861
28 0 105914719 1452384 216419395 1452384 322334114
29 0 104393545 1452384 218243081 1452384 322636626
30 0 102421899 1452384 220555536 1452384 322977435
31 0 100838411 1452384 222445332 1452384 323283743
32 0 99345163 1452384 224260741 1452384 323605904
33 0 97777305 1452384 226142204 1452384 323919509
34 0 96261520 1452384 227967668 1452384 324229188
35 0 94757475 1452384 229774929 1452384 324532404
36 0 93190246 1452384 231663392 1452384 324853638
37 0 91656943 1452384 233505726 1452384 325162669
38 0 90161213 1452384 235318487 1452384 325479700
39 0 88704761 1452384 237153821 1452384 325858582
40 0 87218512 1452384 238963156 1452384 326181668
41 0 84800800 1452384 241702584 1452384 326503384
42 0 83286478 1452384 243559992 1452384 326846470
43 0 81758304 1452384 245394734 1452384 327153038
44 0 80241741 1452384 247223050 1452384 327464791
45 0 78688290 1452384 249096087 1452384 327784377
46 0 77101784 1452384 250987328 1452384 328089112
47 0 75577740 1452384 252823477 1452384 328401217
48 0 74089973 1452384 254630423 1452384 328720396
49 0 72576391 1452384 256447221 1452384 329023612
50 0 71063810 1452384 258280555 1452384 329344365
51 0 69539914 1452384 260116315 1452384 329656229
52 0 68008278 1452384 261958927 1452384 329967205
53 0 67109147 1452384 263775207 1452384 330884354
54 0 65626787 1452384 265588616 1452384 331215403
55 0 64098280 1452384 267432653 1452384 331530933
56 0 62600958 1452384 269243766 1452384 331844724
57 0 61481554 1452384 271478907 1452384 332960461
58 0 60420408 1452384 272833288 1452384 333253696
59 0 59515869 1452384 274057135 1452384 333573004
60 0 58609258 1452384 275280018 1452384 333889276
61 0 57708646 1452384 276491272 1452384 334199918
62 0 56790405 1452384 277714785 1452384 334505190
63 0 55872182 1452384 278945465 1452384 334817647
64 0 54919867 1452384 280200496 1452384 335120363
1 0 155855540 1452522 277654079 1452522 433509619
2 0 153546289 1452522 280338748 1452522 433885037
3 0 151894487 1452522 282323858 1452522 434218345
4 0 150294000 1452522 284239876 1452522 434533876
5 0 148706957 1452522 286193671 1452522 434900628
6 0 147107748 1452522 288109078 1452522 435216826
7 0 145429874 1452522 290109612 1452522 435539486
8 0 143743962 1452522 292127036 1452522 435870998
9 0 142128809 1452522 294054961 1452522 436183770
10 0 140558710 1452522 295946109 1452522 436504819
11 0 139011370 1452522 297819591 1452522 436830961
12 0 137459956 1452522 299680425 1452522 437140381
13 0 135802692 1452522 301657794 1452522 437460486
14 0 134267907 1452522 303518702 1452522 437786609
15 0 132713030 1452522 305386165 1452522 438099195
16 0 131163042 1452522 307251906 1452522 438414948
17 0 129669053 1452522 309097074 1452522 438766127
18 0 128017603 1452522 311064795 1452522 439082398
19 0 126446653 1452522 312951110 1452522 439397763
20 0 124911683 1452522 314794629 1452522 439706312
21 0 123481989 1452522 316774886 1452522 440256875
22 0 121955593 1452522 318649220 1452522 440604813
23 0 120356198 1452522 320566831 1452522 440923029
24 0 118795322 1452522 322445627 1452522 441240949
25 0 117267666 1452522 324290443 1452522 441558109
26 0 115705456 1452522 326161703 1452522 441867159
27 0 114170634 1452522 328013815 1452522 442184449
28 0 112628497 1452522 329871186 1452522 442499683
29 0 111007511 1452522 331805166 1452522 442812677
30 0 109486318 1452522 333654445 1452522 443140763
31 0 107931293 1452522 335519964 1452522 443451257
32 0 106409953 1452522 337380631 1452522 443790584
33 0 104833484 1452522 339277038 1452522 444110522
34 0 103121406 1452522 341313406 1452522 444434812
35 0 101556418 1452522 343191962 1452522 444748380
36 0 100004153 1452522 345062036 1452522 445066189
37 0 98439758 1452522 346942110 1452522 445381868
38 0 96905936 1452522 348791296 1452522 445697232
39 0 95363947 1452522 350712222 1452522 446076169
40 0 93829477 1452522 352573445 1452522 446402922
41 0 92278081 1452522 354439797 1452522 446717878
42 0 90781963 1452522 356283427 1452522 447065390
43 0 89227567 1452522 358146058 1452522 447373625
44 0 87667505 1452522 360020188 1452522 447687693
45 0 86015093 1452522 361979223 1452522 447994316
46 0 84477734 1452522 363828187 1452522 448305921
47 0 82939264 1452522 365682040 1452522 448621304
48 0 81411424 1452522 367538651 1452522 448950075
49 0 79857065 1452522 369398393 1452522 449255458
50 0 78244652 1452522 371339355 1452522 449584007
51 0 76707794 1452522 373190485 1452522 449898279
52 0 75193916 1452522 375053097 1452522 450247013
53 0 74426283 1452522 376903153 1452522 451329436
54 0 72874554 1452522 378751136 1452522 451625690
55 0 70220865 1452522 381758336 1452522 451979201
56 0 68655711 1452522 383641910 1452522 452297621
57 0 67058112 1452522 385553725 1452522 452611837
58 0 65511698 1452522 387411207 1452522 452922905
59 0 63970284 1452522 389268541 1452522 453238825
60 0 62355612 1452522 391188892 1452522 453544504
61 0 60834290 1452522 393036300 1452522 453870590
62 0 59286339 1452522 394891227 1452522 454177566
63 0 57751795 1452522 396744746 1452522 454496541
64 0 56225362 1452522 398590154 1452522 454815516
1 0 156293868 1452661 660116610 1452661 816410478
2 0 154124281 1452661 662781428 1452661 816905709
3 0 152461832 1452661 664847480 1452661 817309312
4 0 150811253 1452661 666879089 1452661 817690342
5 0 149186377 1452661 668929308 1452661 818115685
6 0 147473337 1452661 671029878 1452661 818503215
7 0 145774000 1452661 673109504 1452661 818883504
8 0 144063236 1452661 675205278 1452661 819268514
9 0 142470453 1452661 677177091 1452661 819647544
10 0 141316846 1452661 679149534 1452661 820466380
11 0 139684026 1452661 681206309 1452661 820890335
12 0 138086872 1452661 683177159 1452661 821264031
13 0 136507699 1452661 685135158 1452661 821642857
14 0 134960415 1452661 687073434 1452661 822033849
15 0 133390298 1452661 689014396 1452661 822404694
16 0 131419428 1452661 691366295 1452661 822785723
17 0 129858533 1452661 693340108 1452661 823198641
18 0 128270657 1452661 695297829 1452661 823568486
19 0 126678485 1452661 697271253 1452661 823949738
20 0 125105737 1452661 699212475 1452661 824318212
21 0 123325031 1452661 701372599 1452661 824697630
22 0 121732415 1452661 703339875 1452661 825072290
23 0 120147446 1452661 705298096 1452661 825445542
24 0 118572939 1452661 707251466 1452661 825824405
25 0 117008970 1452661 709190872 1452661 826199842
26 0 114745662 1452661 711821747 1452661 826567409
27 0 113163045 1452661 713784264 1452661 826947309
28 0 111603742 1452661 715724652 1452661 827328394
29 0 110028495 1452661 717674651 1452661 827703146
30 0 108497969 1452661 719591465 1452661 828089434
31 0 106867186 1452661 721598852 1452661 828466038
32 0 105304569 1452661 723546258 1452661 828850827
33 0 103699064 1452661 725535015 1452661 829234079
34 0 102134187 1452661 727484884 1452661 829619071
35 0 100576032 1452661 729412291 1452661 829988323
36 0 98956545 1452661 731463177 1452661 830419722
37 0 97363576 1452661 733435861 1452661 830799437
38 0 95802792 1452661 735378323 1452661 831181115
39 0 94288896 1452661 737327044 1452661 831615940
40 0 92758074 1452661 739256487 1452661 832014561
41 0 90531025 1452661 741862270 1452661 832393295
42 0 88987110 1452661 743816658 1452661 832803768
43 0 87416160 1452661 745760638 1452661 833176798
44 0 85856376 1452661 747698989 1452661 833555365
45 0 84227963 1452661 749701542 1452661 833929505
46 0 82600884 1452661 751706892 1452661 834307776
47 0 81021970 1452661 753654058 1452661 834676028
48 0 79473112 1452661 755585001 1452661 835058113
49 0 77895624 1452661 757529519 1452661 835425143
50 0 76336951 1452661 759476888 1452661 835813839
51 0 74436191 1452661 761751455 1452661 836187646
52 0 73602005 1452661 763689472 1452661 837291477
53 0 72041905 1452661 765619398 1452661 837661303
54 0 70495176 1452661 767549749 1452661 838044925
55 0 68925466 1452661 769495285 1452661 838420751
56 0 67230833 1452661 771565133 1452661 838795966
57 0 65639493 1452661 773524058 1452661 839163551
58 0 64680531 1452661 774866457 1452661 839546988
59 0 63756326 1452661 776163099 1452661 839919425
60 0 62843956 1452661 777489406 1452661 840333362
61 0 61926344 1452661 778786510 1452661 840712854
62 0 60443336 1452661 780647196 1452661 841090532
63 0 59461911 1452661 782005873 1452661 841467784
64 0 58529447 1452661 783315829 1452661 841845276
1 0 156240260 1452800 567952750 1452800 724193010
2 0 153962749 1452800 570599013 1452800 724561762
3 0 152347540 1452800 572558382 1452800 724905922
4 0 150751960 1452800 574470252 1452800 725222212
5 0 149128418 1452800 576418473 1452800 725546891
6 0 147578892 1452800 578336584 1452800 725915476
7 0 145908222 1452800 580321804 1452800 726230026
8 0 144231050 1452800 582322543 1452800 726553593
9 0 142147221 1452800 584732681 1452800 726879902
10 0 140556363 1452800 586634292 1452800 727190655
11 0 139011967 1452800 588500793 1452800 727512760
12 0 137356092 1452800 590472050 1452800 727828142
13 0 135771975 1452800 592371328 1452800 728143303
14 0 134238616 1452800 594238125 1452800 728476741
15 0 132686942 1452800 596102422 1452800 728789364
16 0 131136362 1452800 597973033 1452800 729109395
17 0 129614891 1452800 599817868 1452800 729432759
18 0 127986942 1452800 601761015 1452800 729747957
19 0 126822502 1452800 603644089 1452800 730466591
20 0 125316327 1452800 605491794 1452800 730808121
21 0 123658786 1452800 607462366 1452800 731121152
22 0 122096835 1452800 609349181 1452800 731446016
23 0 120486330 1452800 611286328 1452800 731772658
24 0 118915767 1452800 613165903 1452800 732081670
25 0 117391853 1452800 615004682 1452800 732396535
26 0 115826513 1452800 616879867 1452800 732706380
27 0 114316098 1452800 618716183 1452800 733032281
28 0 112324711 1452800 621021601 1452800 733346312
29 0 110754835 1452800 622904342 1452800 733659177
30 0 109230086 1452800 624745751 1452800 733975837
31 0 107727376 1452800 626597288 1452800 734324664
32 0 106185960 1452800 628459845 1452800 734645805
33 0 104558049 1452800 630405195 1452800 734963244
34 0 102988783 1452800 632292121 1452800 735280904
35 0 101451553 1452800 634145363 1452800 735596916
36 0 99892584 1452800 636016049 1452800 735908633
37 0 98341744 1452800 637889327 1452800 736231071
38 0 96801496 1452800 639745328 1452800 736546824
39 0 95247063 1452800 641676179 1452800 736923242
40 0 93727723 1452800 643521828 1452800 737249551
41 0 92180771 1452800 645386088 1452800 737566859
42 0 90638265 1452800 647244125 1452800 737882390
43 0 89121387 1452800 649102126 1452800 738223513
44 0 86677101 1452800 651866628 1452800 738543729
45 0 85032430 1452800 653828737 1452800 738861167
46 0 83467664 1452800 655699738 1452800 739167402
47 0 81914305 1452800 657568887 1452800 739483192
48 0 80374558 1452800 659424850 1452800 739799408
49 0 78803441 1452800 661350220 1452800 740153661
50 0 77264008 1452800 663230220 1452800 740494228
51 0 75745019 1452800 665066166 1452800 740811185
52 0 74209494 1452800 666914796 1452800 741124290
53 0 72672986 1452800 668767853 1452800 741440839
54 0 70766987 1452800 670982754 1452800 741749741
55 0 69200906 1452800 672872791 1452800 742073697
56 0 67659529 1452800 674720329 1452800 742379858
57 0 66883544 1452800 676617977 1452800 743501521
58 0 65329593 1452800 678468089 1452800 743797682
59 0 63766494 1452800 680347200 1452800 744113694
60 0 62209005 1452800 682222979 1452800 744431984
61 0 60678721 1452800 684062646 1452800 744741367
62 0 59145436 1452800 685920721 1452800 745066157
63 0 57594226 1452800 687779592 1452800 745373818
64 0 56060348 1452800 689627056 1452800 745687404
1 0 159490420 1452939 167702640 1452939 327193060
2 0 157274334 1452939 170324292 1452939 327598626
3 0 155583627 1452939 172347308 1452939 327930935
4 0 154010269 1452939 174261937 1452939 328272206
5 0 152389003 1452939 176251195 1452939 328640198
6 0 150830090 1452939 178165398 1452939 328995488
7 0 149124826 1452939 180198729 1452939 329323555
8 0 147432916 1452939 182234411 1452939 329667327
9 0 145773152 1452939 184208539 1452939 329981691
10 0 144276014 1452939 186099743 1452939 330375757
11 0 142693489 1452939 188012743 1452939 330706232
12 0 141175556 1452939 189866966 1452939 331042522
13 0 139483163 1452939 191885760 1452939 331368923
14 0 137982248 1452939 193743668 1452939 331725916
15 0 136404242 1452939 195637427 1452939 332041669
16 0 134879328 1452939 197502557 1452939 332381885
17 0 133344487 1452939 199392650 1452939 332737137
18 0 131760092 1452939 201311390 1452939 333071482
19 0 130139512 1452939 203252297 1452939 333391809
20 0 128624820 1452939 205100427 1452939 333725247
21 0 126924353 1452939 207119944 1452939 334044297
22 0 125382810 1452939 209001147 1452939 334383957
23 0 123725749 1452939 210978794 1452939 334704543
24 0 122188223 1452939 212857628 1452939 335045851
25 0 120626402 1452939 214741795 1452939 335368197
26 0 119088451 1452939 216611369 1452939 335699820
27 0 117522870 1452939 218497203 1452939 336020073
28 0 115948253 1452939 220411054 1452939 336359307
29 0 114348265 1452939 222327943 1452939 336676208
30 0 112868702 1452939 224170518 1452939 337039220
31 0 111304807 1452939 226068462 1452939 337373269
32 0 109786262 1452939 227933426 1452939 337719688
33 0 108163497 1452939 229875851 1452939 338039348
34 0 106572973 1452939 231817072 1452939 338390045
35 0 104993300 1452939 233713313 1452939 338706613
36 0 103470793 1452939 235582535 1452939 339053328
37 0 101878454 1452939 237494998 1452939 339373452
38 0 100375279 1452939 239340092 1452939 339715371
39 0 99161284 1452939 241299313 1452939 340460597
40 0 97707072 1452939 243152128 1452939 340859200
41 0 96137862 1452939 245046462 1452939 341184324
42 0 94679076 1452939 246890796 1452939 341569872
43 0 93096311 1452939 248790388 1452939 341886699
44 0 91523674 1452939 250703370 1452939 342227044
45 0 89879151 1452939 252668479 1452939 342547630
46 0 88365403 1452939 254517332 1452939 342882735
47 0 86799489 1452939 256404258 1452939 343203747
48 0 85297000 1452939 258253852 1452939 343550852
49 0 83680698 1452939 260183684 1452939 343864382
50 0 82133914 1452939 262081962 1452939 344215876
51 0 80573240 1452939 263965796 1452939 344539036
52 0 79054066 1452939 265826537 1452939 344880603
53 0 77483209 1452939 267713759 1452939 345196968
54 0 75999441 1452939 269562538 1452939 345561979
55 0 74354954 1452939 271528148 1452939 345883102
56 0 72844632 1452939 273382982 1452939 346227614
57 0 71215923 1452939 275325648 1452939 346541571
58 0 69683953 1452939 277197926 1452939 346881879
59 0 68126316 1452939 279078223 1452939 347204539
60 0 66465257 1452939 281070091 1452939 347535348
61 0 64881584 1452939 282977665 1452939 347859249
62 0 63360262 1452939 284843517 1452939 348203779
63 0 61785237 1452939 286737999 1452939 348523236
64 0 60287989 1452939 288588203 1452939 348876192
