1 0 12409046 5595132 291396648 5595132 303805694
2 0 11418083 5595132 292562812 5595132 303980895
1 0 9631153 5595139 426525304 5595139 436156457
2 0 8912908 5595139 427460823 5595139 436373731
1 0 11443064 5595146 516311676 5595146 527754740
2 0 10732040 5595146 517250492 5595146 527982532
1 0 9646023 5595153 676550602 5595153 686196625
2 0 8848316 5595153 677516399 5595153 686364715
1 0 12527544 5595160 861427178 5595160 873954722
2 0 11563598 5595160 862615323 5595160 874178921
1 0 12632393 5595167 971476690 5595167 984109083
2 0 11633004 5595167 972703167 5595167 984336171
1 0 11063719 5595175 156941495 5595175 168005214
2 0 10353381 5595175 157874570 5595175 168227951
1 0 12548877 5595182 341177156 5595182 353726033
2 0 11600413 5595182 342345375 5595182 353945788
1 0 12669245 5595189 451121261 5595189 463790506
2 0 11713688 5595189 452300721 5595189 464014409
1 0 13011109 5595196 611370685 5595196 624381794
2 0 12068034 5595196 612538089 5595196 624606123
1 0 9597339 5595203 736464191 5595203 746061530
2 0 8849594 5595203 737423747 5595203 746273341
1 0 9602561 5595210 916754425 5595210 926356986
2 0 8842538 5595210 917683000 5595210 926525538
1 0 12255605 5595218 86667537 5595218 98923142
2 0 11481712 5595218 87665444 5595218 99147156
1 0 9706023 5595225 206556343 5595225 216262366
2 0 8948610 5595225 207484530 5595225 216433140
1 0 9992980 5595232 346670327 5595232 356663307
2 0 9230328 5595232 347603883 5595232 356834211
1 0 12599061 5595239 470814534 5595239 483413595
2 0 11622875 5595239 472012679 5595239 483635554
1 0 9943758 5595246 616488321 5595246 626432079
2 0 9173217 5595246 617430081 5595246 626603298
1 0 12609357 5595253 721337703 5595253 733947060
2 0 11611376 5595253 722562328 5595253 734173704
1 0 9611487 5595260 886750453 5595260 896361940
2 0 8855279 5595260 887675732 5595260 896531011
1 0 12674392 5595268 1452781 5595268 14127173
2 0 11642282 5595268 2707202 5595268 14349484
1 0 9932000 5595275 131205511 5595275 141137511
2 0 8958463 5595275 132397470 5595275 141355933
1 0 13050164 5595282 301303525 5595282 314353689
2 0 12096422 5595282 302479725 5595282 314576147
1 0 12524747 5595289 480770641 5595289 493295388
2 0 11507915 5595289 481959489 5595289 493467404
1 0 11044590 5595296 666676025 5595296 677720615
2 0 10342362 5595296 667604397 5595296 677946759
1 0 9900018 5595303 777032229 5595303 786932247
2 0 9150718 5595303 777955026 5595303 787105744
1 0 9686097 5595310 976400398 5595310 986086495
2 0 8928315 5595310 977330269 5595310 986258584
1 0 9994795 5595318 86755897 5595318 96750692
2 0 9239902 5595318 87681972 5595318 96921874
1 0 12551803 5595325 241431271 5595325 253983074
2 0 11611746 5595325 242594138 5595325 254205884
1 0 9671190 5595332 396887464 5595332 406558654
2 0 8964554 5595332 397813836 5595332 406778390
1 0 13133162 5595339 591388019 5595339 604521181
2 0 12189679 5595339 592558924 5595339 604748603
