33144978
28200925
27856224
28053777
28222852
32932964
28396480
28044851
28249813
28225594
28252684
28160685
28011353
31965852
28565222
37141796
32837038
28016445
28340909
36801870
32894516
30429741
28173479
28020351
37158795
33252871
27928796
37094277
28596978
28073371
28274999
28259536
37127684
28346668
34061628
28114409
28168722
28239279
37335203
37644757
28521889
28210682
29668298
28239501
33018055
37008499
32508778
32322353
28174630
32550609
28152058
34198686
37153316
28258388
27987389
28459536
28365372
19677687
28205983
36731204
28053925
28157390
36702298
37324684
28215776
32808797
28174853
28195482
29667427
37079998
28244054
28115797
28122128
19587277
28184109
19639407
28052407
36655000
28155500
28079760
36743055
33629779
37647038
28121297
37085464
33281242
27969334
31986074
28070296
28434703
28319369
37174741
33001740
32855611
28400740
28046168
32814518
37502481
33225111
28201519
