13380629
13366018
13101519
13310611
13343278
13153927
13305314
13230093
13195427
13321778
13508092
13356166
13218741
17227241
13388334
17464629
13225186
13196001
13220019
17181870
13375870
13354686
13326166
13165314
17454037
13678815
13195351
17462130
13349462
13296371
13394518
13339944
17506704
13386222
17124203
13400426
13365389
13215852
17275517
17146092
13301406
13319463
13191444
13426446
13562815
17548259
13342388
13392740
13352074
13546575
13292742
17381297
17105315
13514926
13223241
13378796
13298334
9497869
13360370
17379112
13276259
13326001
17457908
17591260
13308463
13381908
13373908
13480055
13320389
17434630
13389425
13259779
13293926
9153630
13304054
9231111
13271519
17217499
13333685
13216593
17367129
13668611
17517611
13243779
17380499
13485444
13145093
13193889
13248759
13396222
13225426
17199333
13451630
13348907
13366703
13303482
13373963
17553314
13359260
13288740
