1 0 12524372 5674106 442288234 5674106 454812606
2 0 11323913 5674106 443595672 5674106 454919585
1 0 13250025 5674113 242175543 5674113 255425568
2 0 11990030 5674113 243554295 5674113 255544325
1 0 12670739 5674120 49251852 5674120 61922591
2 0 11334246 5674120 50696676 5674120 62030922
1 0 9525762 5674126 867079054 5674126 876604816
2 0 8578484 5674126 868104812 5674126 876683296
1 0 9526855 5674133 677099892 5674133 686626747
2 0 8591595 5674133 678114743 5674133 686706338
1 0 9543317 5674140 457193661 5674140 466736978
2 0 8583651 5674140 458234085 5674140 466817736
1 0 12486150 5674147 252090484 5674147 264576634
2 0 11285192 5674147 253397922 5674147 264683114
1 0 9582669 5674154 46999089 5674154 56581758
2 0 8614095 5674154 48048476 5674154 56662571
1 0 12468466 5674160 881736159 5674160 894204625
2 0 11292803 5674160 883018950 5674160 894311753
1 0 9693519 5674167 676919951 5674167 686613470
2 0 8739019 5674167 677952820 5674167 686691839
1 0 9572077 5674174 477422626 5674174 486994703
2 0 8633261 5674174 478439959 5674174 487073220
1 0 9890515 5674181 247303332 5674181 257193847
2 0 8935366 5674181 248338905 5674181 257274271
1 0 9650353 5674188 67184993 5674188 76835346
2 0 8687409 5674188 68228732 5674188 76916141
1 0 12200249 5674194 871862111 5674194 884062360
2 0 10915329 5674194 873226104 5674194 884141433
1 0 9544651 5674201 677260921 5674201 686805572
2 0 8594317 5674201 678291957 5674201 686886274
1 0 9696223 5674208 497029234 5674208 506725457
2 0 8713741 5674208 498093307 5674208 506807048
1 0 9542337 5674215 277247782 5674215 286790119
2 0 8599318 5674215 278272096 5674215 286871414
1 0 12548539 5674222 82533463 5674222 95082002
2 0 11327784 5674222 83859716 5674222 95187500
1 0 12947994 5674228 881802461 5674228 894750455
2 0 11733239 5674228 883122862 5674228 894856101
1 0 12691740 5674235 682455875 5674235 695147615
2 0 11438227 5674235 683834701 5674235 695272928
1 0 9544985 5674242 466809764 5674242 476354749
2 0 8599114 5674242 467836930 5674242 476436044
1 0 9559485 5674249 286902599 5674249 296462084
2 0 8591688 5674249 287949043 5674249 296540731
1 0 9965459 5674256 96456225 5674256 106421684
2 0 9004495 5674256 97498317 5674256 106502812
1 0 9585669 5674262 876968918 5674262 886554587
2 0 8636262 5674262 877998972 5674262 886635234
1 0 12536577 5674269 691708641 5674269 704245218
2 0 11323488 5674269 693028098 5674269 704351586
1 0 12293174 5674276 501405252 5674276 513698426
2 0 11076937 5674276 502701524 5674276 513778461
1 0 12702166 5674283 272211726 5674283 284913892
2 0 11417598 5674283 273600941 5674283 285018539
1 0 9649187 5674290 77156121 5674290 86805308
2 0 8730260 5674290 78198379 5674290 86928639
1 0 9919682 5674296 917133456 5674296 927053138
2 0 8966737 5674296 918166010 5674296 927132747
1 0 9606669 5674303 737193607 5674303 746800276
2 0 8648429 5674303 738232587 5674303 746881016
1 0 9656872 5674310 546941911 5674310 556598783
2 0 8690798 5674310 547990169 5674310 556680967
1 0 9556819 5674317 357029108 5674317 366585927
2 0 8596022 5674317 358070737 5674317 366666759
1 0 9545097 5674324 186935274 5674324 196480371
2 0 8591392 5674324 187968755 5674324 196560147
1 0 9636539 5674330 976971819 5674330 986608358
2 0 8664354 5674330 978024929 5674330 986689283
1 0 12736648 5674337 758873120 5674337 771609768
2 0 11358526 5674337 760357092 5674337 771715618
1 0 9649595 5674344 587277032 5674344 596926627
2 0 8639280 5674344 588367030 5674344 597006310
1 0 9660428 5674351 406650958 5674351 416311386
2 0 8718057 5674351 407672457 5674351 416390514
1 0 9911349 5674358 186629843 5674358 196541192
2 0 8956811 5674358 187664879 5674358 196621690
1 0 9936478 5674364 996824331 5674365 6760809
2 0 8984033 5674364 997856034 5674365 6840067
1 0 12485949 5674371 801511265 5674371 813997214
2 0 11264324 5674371 802837499 5674371 814101823
1 0 12517782 5674378 592030346 5674378 604548128
2 0 11299490 5674378 593356747 5674378 604656237
1 0 12595928 5674385 431919297 5674385 444515225
2 0 11360266 5674385 433260809 5674385 444621075
1 0 12530356 5674392 221460004 5674392 233990360
2 0 11323711 5674392 222771961 5674392 234095672
1 0 13175158 5674399 4729689 5674399 17904847
2 0 12030920 5674399 5992832 5674399 18023752
1 0 12577429 5674405 811953335 5674405 824530764
2 0 11363840 5674405 813273829 5674405 824637669
1 0 9605837 5674412 626822954 5674412 636428791
2 0 8643837 5674412 627864323 5674412 636508160
1 0 12601595 5674419 421633644 5674419 434235239
2 0 11341286 5674419 423002414 5674419 434343700
1 0 9570134 5674426 217113826 5674426 226683960
2 0 8608467 5674426 218155862 5674426 226764329
1 0 12245787 5674432 992014126 5674433 4259913
2 0 10999366 5674432 993340434 5674433 4339800
1 0 9529246 5674439 807002265 5674439 816531511
2 0 8577097 5674439 808035338 5674439 816612435
1 0 9585282 5674446 617115613 5674446 626700895
2 0 8616097 5674446 618164815 5674446 626780912
1 0 12510467 5674453 361917662 5674453 374428129
2 0 11291546 5674453 363217748 5674453 374509294
1 0 12280787 5674460 167035686 5674460 179316473
2 0 11283750 5674460 168138999 5674460 179422749
1 0 9937923 5674466 957033649 5674466 966971572
2 0 8997219 5674466 958053981 5674466 967051200
1 0 12322786 5674473 771481375 5674473 783804161
2 0 11076494 5674473 772809350 5674473 783885844
1 0 11041995 5674480 566900186 5674480 577942181
2 0 10121661 5674480 567925185 5674480 578046846
1 0 12620836 5674487 368455625 5674487 381076461
2 0 11422970 5674487 369757267 5674487 381180237
1 0 10206289 5674494 201467121 5674494 211673410
2 0 9034885 5674494 202719042 5674494 211753927
1 0 9632133 5674500 997203953 5674501 6836086
2 0 8658633 5674500 998258322 5674501 6916955
1 0 9558356 5674507 817256717 5674507 826815073
2 0 8583282 5674507 818313660 5674507 826896942
1 0 13045217 5674514 608374603 5674514 621419820
2 0 11837443 5674514 609686245 5674514 621523688
1 0 9688910 5674521 446685341 5674521 456374251
2 0 8716299 5674521 447741617 5674521 456457916
1 0 12573281 5674528 261727057 5674528 274300338
2 0 11313990 5674528 263093790 5674528 274407780
1 0 9581912 5674535 47444215 5674535 57026127
2 0 8622393 5674535 48485288 5674535 57107681
1 0 9671336 5674541 867178882 5674541 876850218
2 0 8710818 5674541 868223380 5674541 876934198
1 0 12561171 5674548 661688987 5674548 674250158
2 0 11325916 5674548 663030332 5674548 674356248
1 0 11179141 5674555 487387931 5674555 498567072
2 0 10245344 5674555 488426263 5674555 498671607
1 0 9582135 5674562 337249493 5674562 346831628
2 0 8629430 5674562 338284455 5674562 346913885
1 0 9968646 5674569 157132195 5674569 167100841
2 0 9015570 5674569 158167139 5674569 167182709
1 0 9607263 5674575 967501076 5674575 977108339
2 0 8648262 5674575 968540316 5674575 977188578
1 0 9902739 5674582 766720981 5674582 776623720
2 0 8957646 5674582 767746110 5674582 776703756
1 0 9952368 5674589 536836378 5674589 546788746
2 0 9011849 5674589 537858118 5674589 546869967
1 0 12961089 5674596 330703845 5674596 343664934
2 0 11771667 5674596 331999320 5674596 343770987
1 0 12547375 5674603 151679836 5674603 164227211
2 0 11351490 5674603 152982608 5674603 164334098
1 0 9630633 5674609 987076870 5674609 996707503
2 0 8676707 5674609 988112165 5674609 996788872
1 0 9613282 5674616 797028752 5674616 806642034
2 0 8708465 5674616 798058788 5674616 806767253
1 0 11621503 5674623 597119984 5674623 608741487
2 0 10702872 5674623 598146761 5674623 608849633
1 0 12529431 5674630 411959676 5674630 424489107
2 0 11315380 5674630 413278392 5674630 424593772
1 0 9982016 5674637 216954589 5674637 226936605
2 0 8992257 5674637 218024791 5674637 227017048
1 0 10026292 5674644 6921597 5674644 16947889
2 0 9051274 5674644 7981503 5674644 17032777
1 0 12636336 5674650 781745350 5674650 794381686
2 0 11494598 5674650 783048455 5674650 794543053
1 0 6536488 5674657 602398292 5674657 608934780
2 0 5921981 5674657 603111816 5674657 609033797
1 0 12573189 5674664 401956666 5674664 414529855
2 0 11316027 5674664 403320918 5674664 414636945
1 0 9640281 5674671 216832655 5674671 226472936
2 0 8648560 5674671 217909838 5674671 226558398
1 0 12590523 5674678 1991977 5674678 14582500
2 0 11331380 5674678 3333822 5674678 14665202
1 0 10052367 5674684 807317546 5674684 817369913
2 0 9095681 5674684 808356082 5674684 817451763
1 0 9569931 5674691 616616203 5674691 626186134
2 0 8649467 5674691 617660757 5674691 626310224
1 0 13014218 5674698 421205203 5674698 434219421
2 0 11787185 5674698 422538326 5674698 434325511
1 0 9585542 5674705 206816611 5674705 216402153
2 0 8628708 5674705 207854703 5674705 216483411
1 0 12521338 5674712 31845089 5674712 44366427
2 0 11236511 5674712 33233600 5674712 44470111
1 0 12623189 5674718 851852674 5674718 864475863
2 0 11337435 5674718 853245000 5674718 864582435
1 0 9534099 5674725 666965569 5674725 676499668
2 0 8554283 5674725 668027642 5674725 676581925
1 0 9996682 5674732 457271166 5674732 467267848
2 0 9040589 5674732 458309480 5674732 467350069
1 0 9606986 5674739 286782576 5674739 296389562
2 0 8635689 5674739 287835242 5674739 296470931
1 0 12163753 5674746 121944931 5674746 134108684
2 0 10905203 5674746 123286831 5674746 134192034
1 0 12525987 5674752 880844193 5674752 893370180
2 0 11357509 5674752 882175335 5674752 893532844
1 0 12348009 5674759 711526139 5674759 723874148
2 0 11094051 5674759 712860910 5674759 723954961
1 0 9590486 5674766 507100923 5674766 516691409
2 0 8624208 5674766 508147644 5674766 516771852
1 0 9633579 5674773 327160000 5674773 336793579
2 0 8674708 5674773 328202314 5674773 336877022
1 0 9645171 5674780 137237851 5674780 146883022
2 0 8681078 5674780 138284387 5674780 146965465
