13609797
17554369
13545778
13322500
13266592
13426703
13210241
13370351
17267223
13125203
13490000
13282889
13481722
17408573
13492056
13484241
13369610
17459205
17262981
17537168
13233185
13208186
13272279
13257185
13514500
17181444
17544055
13364425
13317889
13248407
13263871
13244018
13348889
13356444
13477593
13345741
13106611
13190722
13339351
13260111
13358166
17350426
13201871
16330463
17662703
13254815
17105741
13306648
17396705
13488111
13428334
17324055
13284111
13348575
17196352
13336759
13184778
17408870
13526204
13412629
13283852
13279278
17456481
13378704
13384963
13363093
13401240
13398444
13345593
13396518
13220851
13337778
13203814
13269963
13502353
13347870
13338130
17652981
13282852
13267408
17424833
9290907
13441093
13204574
17272629
13429222
13234850
13583926
13386259
13412980
13360388
13274409
13354149
13255852
17467314
13431277
17416000
13355463
13300536
13337870
