1 0 14163234 5674786 932146222 5674786 946309456
2 0 12895017 5674786 933543492 5674786 946438509
3 0 12538858 5674786 933996890 5674786 946535748
4 0 12243529 5674786 934402661 5674786 946646190
1 0 10772316 5674793 727377635 5674793 738149951
2 0 9814390 5674793 728431115 5674793 738245505
3 0 9533117 5674793 728787257 5674793 738320374
4 0 9324732 5674793 729082844 5674793 738407576
1 0 10734780 5674800 507664729 5674800 518399509
2 0 9797686 5674800 508697117 5674800 518494803
3 0 9528414 5674800 509043462 5674800 518571876
4 0 9319436 5674800 509338049 5674800 518657485
1 0 11184198 5674807 327069729 5674807 338253927
2 0 10263271 5674807 328086395 5674807 338349666
3 0 9989497 5674807 328436519 5674807 338426016
4 0 9779298 5674807 328733420 5674807 338512718
1 0 12626578 5674814 157080839 5674814 169707417
2 0 11722706 5674814 158104949 5674814 169827655
3 0 11462599 5674814 158462165 5674814 169924764
4 0 11322084 5674814 158761159 5674814 170083243
1 0 14734798 5674820 851631835 5674820 866366633
2 0 13579300 5674820 852926867 5674820 866506167
3 0 13229992 5674820 853373303 5674820 866603295
4 0 12941738 5674820 853775462 5674820 866717200
1 0 12919350 5674827 677125274 5674827 690044624
2 0 12011812 5674827 678166847 5674827 690178659
3 0 11755095 5674827 678521840 5674827 690276935
4 0 11579616 5674827 678817113 5674827 690396729
1 0 14135365 5674834 481374863 5674834 495510228
2 0 12898128 5674834 482737801 5674834 495635929
3 0 12538691 5674834 483194662 5674834 495733353
4 0 12254770 5674834 483588266 5674834 495843036
1 0 14131198 5674841 301952101 5674841 316083299
2 0 12902573 5674841 303310057 5674841 316212630
3 0 12541802 5674841 303768419 5674841 316310221
4 0 12260233 5674841 304160708 5674841 316420941
1 0 14142475 5674848 88115551 5674848 102258026
2 0 12945720 5674848 89436230 5674848 102381950
3 0 12595930 5674848 89885722 5674848 102481652
4 0 12209845 5674848 90385416 5674848 102595261
1 0 10774983 5674854 936787913 5674854 947562896
2 0 9841371 5674854 937816819 5674854 947658190
3 0 9566247 5674854 938167331 5674854 947733578
4 0 9433453 5674854 938464048 5674854 947897501
1 0 13366750 5674861 761619529 5674861 774986279
2 0 12141087 5674861 762938949 5674861 775080036
3 0 11758891 5674861 763396292 5674861 775155183
4 0 11451952 5674861 763786933 5674861 775238885
1 0 10750132 5674868 556936560 5674868 567686692
2 0 9798539 5674868 557983707 5674868 567782246
3 0 9519618 5674868 558336904 5674868 567856522
4 0 9310640 5674868 558631214 5674868 567941854
1 0 14084088 5674875 351848016 5674875 365932104
2 0 12854129 5674875 353199510 5674875 366053639
3 0 12492433 5674875 353658982 5674875 366151415
4 0 12214233 5674875 354051031 5674875 366265264
1 0 14105272 5674882 132160035 5674882 146265307
2 0 12913998 5674882 133475751 5674882 146389749
3 0 12552598 5674882 133934835 5674882 146487433
4 0 12271677 5674882 134328624 5674882 146600301
1 0 12673632 5674888 966966967 5674888 979640599
2 0 11741577 5674888 968023650 5674888 979765227
3 0 11489914 5674888 968374977 5674888 979864891
4 0 11305714 5674888 968671583 5674888 979977297
1 0 10784631 5674895 757330853 5674895 768115484
2 0 9840760 5674895 758367556 5674895 768208316
3 0 9555154 5674895 758727031 5674895 768282185
4 0 9343806 5674895 759024710 5674895 768368516
1 0 10699225 5674902 567298122 5674902 577997347
2 0 9776224 5674902 568316307 5674902 578092531
3 0 9495489 5674902 568672707 5674902 578168196
4 0 9285622 5674902 568969091 5674902 578254713
1 0 14802796 5674909 401972382 5674909 416775178
2 0 13614115 5674909 403285024 5674909 416899139
3 0 13234937 5674909 403761219 5674909 416996156
4 0 12950739 5674909 404156563 5674909 417107302
1 0 14185049 5674916 190714141 5674916 204899190
2 0 12966923 5674916 192057672 5674916 205024595
3 0 12609319 5674916 192515978 5674916 205125297
4 0 12339417 5674916 192907952 5674916 205247369
1 0 10795298 5674922 996965804 5674923 7761102
2 0 9869685 5674922 997982267 5674923 7851952
3 0 9598505 5674922 998327038 5674923 7925543
4 0 9390805 5674922 998621570 5674923 8012375
1 0 14636504 5674929 821785906 5674929 836422410
2 0 13426619 5674929 823117937 5674929 836544556
3 0 13080403 5674929 823560891 5674929 836641294
4 0 12802297 5674929 823947866 5674929 836750163
1 0 10836056 5674936 626567893 5674936 637403949
2 0 9901130 5674936 627596947 5674936 637498077
3 0 9623986 5674936 627947052 5674936 637571038
4 0 9408249 5674936 628246732 5674936 637654981
1 0 14003201 5674943 431617605 5674943 445620806
2 0 12830889 5674943 432915470 5674943 445746359
3 0 12467692 5674943 433377572 5674943 445845264
4 0 12188882 5674943 433766380 5674943 445955262
1 0 14025681 5674950 222067989 5674950 236093670
2 0 12832389 5674950 223382890 5674950 236215279
3 0 12474599 5674950 223836326 5674950 236310925
4 0 12189068 5674950 224233059 5674950 236422127
1 0 10779483 5674957 37161012 5674957 47940495
2 0 9836816 5674957 38196566 5674957 48033382
3 0 9568506 5674957 38545412 5674957 48113918
4 0 9358769 5674957 38840943 5674957 48199712
1 0 11228697 5674963 837432024 5674963 848660721
2 0 10296510 5674963 838455728 5674963 848752238
3 0 10025849 5674963 838800777 5674963 848826626
4 0 9810853 5674963 839100160 5674963 848911013
1 0 10793224 5674970 646947854 5674970 657741078
2 0 9828204 5674970 648008390 5674970 657836594
3 0 9548524 5674970 648361365 5674970 657909889
4 0 9334121 5674970 648658600 5674970 657992721
1 0 14127606 5674977 451758669 5674977 465886275
2 0 12938036 5674977 453071348 5674977 466009384
3 0 12588690 5674977 453520599 5674977 466109289
4 0 12309084 5674977 453909833 5674977 466218917
1 0 10716281 5674984 269635025 5674984 280351306
2 0 9701670 5674984 270745504 5674984 280447174
3 0 9427138 5674984 271094331 5674984 280521469
4 0 9303493 5674984 271383955 5674984 280687448
1 0 14211918 5674991 48992926 5674991 63204844
2 0 12927869 5674991 50400066 5674991 63327935
3 0 12556524 5674991 50869779 5674991 63426303
4 0 12272900 5674991 51265846 5674991 63538746
1 0 11267844 5674997 907177432 5674997 918445276
2 0 10314918 5674997 908226190 5674997 918541108
3 0 10037423 5674997 908578553 5674997 918615976
4 0 9828964 5674997 908870752 5674997 918699716
1 0 11221716 5675004 716879631 5675004 728101347
2 0 10289715 5675004 717908501 5675004 728198216
3 0 10012757 5675004 718262661 5675004 728275418
4 0 9800687 5675004 718560248 5675004 728360935
1 0 11267789 5675011 527121458 5675011 538389247
2 0 10325454 5675011 528158754 5675011 538484208
3 0 10047960 5675011 528510803 5675011 538558763
4 0 9836168 5675011 528807760 5675011 538643928
1 0 13800723 5675018 362214013 5675018 376014736
2 0 12541080 5675018 363571469 5675018 376112549
3 0 12156513 5675018 364031942 5675018 376188455
4 0 11850574 5675018 364424879 5675018 376275453
1 0 10717559 5675025 117417386 5675025 128134945
2 0 9785354 5675025 118440645 5675025 128225999
3 0 9512470 5675025 118788175 5675025 128300645
4 0 9301660 5675025 119084373 5675025 128386033
1 0 10751336 5675031 916926270 5675031 927677606
2 0 9814390 5675031 917956492 5675031 927770882
3 0 9539321 5675031 918304411 5675031 927843732
4 0 9405176 5675031 918598961 5675031 928004137
1 0 11288511 5675038 716859709 5675038 728148220
2 0 10354825 5675038 717885912 5675038 728240737
3 0 10070701 5675038 718243757 5675038 728314458
4 0 9854963 5675038 718541604 5675038 728396567
1 0 14558357 5675045 522140019 5675045 536698376
2 0 13366972 5675045 523453920 5675045 536820892
3 0 13016627 5675045 523901837 5675045 536918464
4 0 12738779 5675045 524291775 5675045 537030554
1 0 14017533 5675052 332281707 5675052 346299240
2 0 12822371 5675052 333597793 5675052 346420164
3 0 12472211 5675052 334048377 5675052 346520588
4 0 12193105 5675052 334438925 5675052 346632030
1 0 10734873 5675059 147229923 5675059 157964796
2 0 9812112 5675059 148245886 5675059 158057998
3 0 9533692 5675059 148596527 5675059 158130219
4 0 9326307 5675059 148893003 5675059 158219310
1 0 14161679 5675065 938605403 5675065 952767082
2 0 12969609 5675065 939921730 5675065 952891339
3 0 12513155 5675065 940474071 5675065 952987226
4 0 12229827 5675065 940870527 5675065 953100354
1 0 10724688 5675072 767069898 5675072 777794586
2 0 9795410 5675072 768093712 5675072 777889122
3 0 9517803 5675072 768444280 5675072 777962083
4 0 9307418 5675072 768741682 5675072 778049100
1 0 10751946 5675079 557320376 5675079 568072322
2 0 9808428 5675079 558356282 5675079 568164710
3 0 9540563 5675079 558701164 5675079 568241727
4 0 9412954 5675079 558994344 5675079 568407298
1 0 10704041 5675086 337226349 5675086 347930390
2 0 9754725 5675086 338267515 5675086 348022240
3 0 9481823 5675086 338614286 5675086 348096109
4 0 9269585 5675086 338910744 5675086 348180329
1 0 10760280 5675093 137057253 5675093 147817533
2 0 9816076 5675093 138101011 5675093 147917087
3 0 9536618 5675093 138455245 5675093 147991863
4 0 9323177 5675093 138753740 5675093 148076917
1 0 10717837 5675099 956935547 5675099 967653384
2 0 9790354 5675099 957957250 5675099 967747604
3 0 9511933 5675099 958310244 5675099 967822177
4 0 9299585 5675099 958605609 5675099 967905194
1 0 14197790 5675106 738529231 5675106 752727021
2 0 13002813 5675106 739849002 5675106 752851815
3 0 12485933 5675106 740473713 5675106 752959646
4 0 12196865 5675106 740876409 5675106 753073274
1 0 10788076 5675113 567192262 5675113 577980338
2 0 9841908 5675113 568234854 5675113 578076762
3 0 9571691 5675113 568580792 5675113 578152483
4 0 9357417 5675113 568882194 5675113 578239611
1 0 10763928 5675120 397046167 5675120 407810095
2 0 9813150 5675120 398090740 5675120 407903890
3 0 9542673 5675120 398436178 5675120 407978851
4 0 9325992 5675120 398737913 5675120 408063905
1 0 11286567 5675127 196902194 5675127 208188761
2 0 10341825 5675127 197942378 5675127 208284203
3 0 10065774 5675127 198294483 5675127 208360257
4 0 9857519 5675127 198588329 5675127 208445848
1 0 11227827 5675134 17321898 5675134 28549725
2 0 10280567 5675134 18362138 5675134 28642705
3 0 10003813 5675134 18713039 5675134 28716852
4 0 9791650 5675134 19013922 5675134 28805572
1 0 10847963 5675140 816947387 5675140 827795350
2 0 9874056 5675140 818020293 5675140 827894349
3 0 9601227 5675140 818369916 5675140 827971143
4 0 9386898 5675140 818670688 5675140 828057586
1 0 10713800 5675147 627651637 5675147 638365437
2 0 9774299 5675147 628686284 5675147 638460583
3 0 9544062 5675147 629035204 5675147 638579266
4 0 9330992 5675147 629332272 5675147 638663264
1 0 10764317 5675154 417111179 5675154 427875496
2 0 9830557 5675154 418137678 5675154 427968235
3 0 9547414 5675154 418494709 5675154 428042123
4 0 9335474 5675154 418790777 5675154 428126251
1 0 10717689 5675161 237068471 5675161 247786160
2 0 9783095 5675161 238096322 5675161 247879417
3 0 9512192 5675161 238442038 5675161 247954230
4 0 9298549 5675161 238739310 5675161 248037859
1 0 10755132 5675168 57177859 5675168 67932991
2 0 9825779 5675168 58199099 5675168 68024878
3 0 9547896 5675168 58548796 5675168 68096692
4 0 9338251 5675168 58841920 5675168 68180171
1 0 14228808 5675174 808610407 5675174 822839215
2 0 13031812 5675174 809929290 5675174 822961102
3 0 12530210 5675174 810528779 5675174 823058989
4 0 12243253 5675174 810925345 5675174 823168598
1 0 14157902 5675181 671634818 5675181 685792720
2 0 12962017 5675181 672953460 5675181 685915477
3 0 12608894 5675181 673403692 5675181 686012586
4 0 12335380 5675181 673789815 5675181 686125195
1 0 13988331 5675188 491270176 5675188 505258507
2 0 12798520 5675188 492581799 5675188 505380319
3 0 12444934 5675188 493032254 5675188 505477188
4 0 12161051 5675188 493427098 5675188 505588149
1 0 10740410 5675195 276764288 5675195 287504698
2 0 9794724 5675195 277805917 5675195 287600641
3 0 9518656 5675195 278156410 5675195 287675066
4 0 9305493 5675195 278454164 5675195 287759657
1 0 13474452 5675202 91482490 5675202 104956942
2 0 12252290 5675202 92796817 5675202 105049107
3 0 11873370 5675202 93248865 5675202 105122235
4 0 11639190 5675202 93649764 5675202 105288954
1 0 10811150 5675208 906938497 5675208 917749647
2 0 9882130 5675208 907962163 5675208 917844293
3 0 9604246 5675208 908313787 5675208 917918033
4 0 9391694 5675208 908613133 5675208 918004827
1 0 14692281 5675215 712071129 5675215 726763410
2 0 13485970 5675215 713400808 5675215 726886778
3 0 13132921 5675215 713857022 5675215 726989943
4 0 12849038 5675215 714255736 5675215 727104774
1 0 10701577 5675222 527087748 5675222 537789325
2 0 9782095 5675222 528102173 5675222 537884268
3 0 9506804 5675222 528452759 5675222 537959563
4 0 9295344 5675222 528753717 5675222 538049061
1 0 12602876 5675229 346972225 5675229 359575101
2 0 11688596 5675229 348008780 5675229 359697376
3 0 11428508 5675229 348367625 5675229 359796133
4 0 11242679 5675229 348666101 5675229 359908780
1 0 13837167 5675236 162170795 5675236 176007962
2 0 12591542 5675236 163511603 5675236 176103145
3 0 12208716 5675236 163970872 5675236 176179588
4 0 11898814 5675236 164365328 5675236 176264142
1 0 14596857 5675242 931507523 5675242 946104380
2 0 13426564 5675242 932804795 5675242 946231359
3 0 13064348 5675242 933266768 5675242 946331116
4 0 12779131 5675242 933663631 5675242 946442762
1 0 10687467 5675249 747344776 5675249 758032243
2 0 9751743 5675249 748375831 5675249 758127574
3 0 9476767 5675249 748725380 5675249 758202147
4 0 9265401 5675249 749022059 5675249 758287460
1 0 14090181 5675256 551510511 5675256 565600692
2 0 12907296 5675256 552813394 5675256 565720690
3 0 12544988 5675256 553270922 5675256 565815910
4 0 12265307 5675256 553660397 5675256 565925704
1 0 10691522 5675263 366989947 5675263 377681469
2 0 9764262 5675263 368008039 5675263 377772301
3 0 9483267 5675263 368361680 5675263 377844947
4 0 9269697 5675263 368658693 5675263 377928390
1 0 10705929 5675270 136872573 5675270 147578502
2 0 9772669 5675270 137898498 5675270 147671167
3 0 9497897 5675270 138246936 5675270 147744833
4 0 9287512 5675270 138541356 5675270 147828868
1 0 10745669 5675276 916978624 5675276 927724293
2 0 9824427 5675276 917993716 5675276 927818143
3 0 9542969 5675276 918349228 5675276 927892197
4 0 9326122 5675276 918649389 5675276 927975511
1 0 14596690 5675283 741608457 5675283 756205147
2 0 13410508 5675283 742919396 5675283 756329904
3 0 13052663 5675283 743374758 5675283 756427421
4 0 12767576 5675283 743770806 5675283 756538382
1 0 14002016 5675290 590889965 5675290 604891981
2 0 12816502 5675290 592198977 5675290 605015479
3 0 12453637 5675290 592659358 5675290 605112995
4 0 12172514 5675290 593053961 5675290 605226475
1 0 7474675 5675297 392325167 5675297 399799842
2 0 6756411 5675297 393110097 5675297 399866508
3 0 6576211 5675297 393340259 5675297 399916470
4 0 6514730 5675297 393558589 5675297 400073319
1 0 10799965 5675304 257112801 5675304 267912766
2 0 9853149 5675304 258156356 5675304 268009505
3 0 9568506 5675304 258514664 5675304 268083170
4 0 9353862 5675304 258813677 5675304 268167539
1 0 14203605 5675311 49109522 5675311 63313127
2 0 12892111 5675311 50543958 5675311 63436069
3 0 12525729 5675311 51006709 5675311 63532438
4 0 12249160 5675311 51397757 5675311 63646917
1 0 11209087 5675317 876852931 5675317 888062018
2 0 10277623 5675317 877879134 5675317 888156757
3 0 10005369 5675317 878226905 5675317 888232274
4 0 9795983 5675317 878521826 5675317 888317809
1 0 10776817 5675324 656973067 5675324 667749884
2 0 9849631 5675324 657994418 5675324 667844049
3 0 9569692 5675324 658348115 5675324 667917807
4 0 9351955 5675324 658650739 5675324 668002694
1 0 12658430 5675331 446834470 5675331 459492900
2 0 11741781 5675331 447877321 5675331 459619102
3 0 11490026 5675331 448227111 5675331 459717137
4 0 11301622 5675331 448527920 5675331 459829542
1 0 10866426 5675338 296749533 5675338 307615959
2 0 9934758 5675338 297780625 5675338 307715383
3 0 9651115 5675338 298139711 5675338 307790826
4 0 9443657 5675338 298438483 5675338 307882140
1 0 12612394 5675345 96803939 5675345 109416333
2 0 11705244 5675345 97837623 5675345 109542867
3 0 11452193 5675345 98192746 5675345 109644939
4 0 11266715 5675345 98491426 5675345 109758141
1 0 10746373 5675351 907095861 5675351 917842234
2 0 9799724 5675351 908138249 5675351 917937973
3 0 9522100 5675351 908491205 5675351 918013305
4 0 9316234 5675351 908785940 5675351 918102174
1 0 11237420 5675358 687244739 5675358 698482159
2 0 10285493 5675358 688292183 5675358 698577676
3 0 10013350 5675358 688639324 5675358 698652674
4 0 9802725 5675358 688936337 5675358 698739062
1 0 14205179 5675365 491852072 5675365 506057251
2 0 12951573 5675365 493227009 5675365 506178582
3 0 12599394 5675365 493676390 5675365 506275784
4 0 12309696 5675365 494074401 5675365 506384097
1 0 10733522 5675372 316988728 5675372 327722250
2 0 9804983 5675372 318010117 5675372 327815100
3 0 9530118 5675372 318357907 5675372 327888025
4 0 9322622 5675372 318648457 5675372 327971079
1 0 10722503 5675379 126919932 5675379 137642435
2 0 9787058 5675379 127946987 5675379 137734045
3 0 9510600 5675379 128298110 5675379 137808710
4 0 9294271 5675379 128596215 5675379 137890486
1 0 10792594 5675385 938289650 5675385 949082244
2 0 9844335 5675385 939329630 5675385 949173965
3 0 9570006 5675385 939678161 5675385 949248167
4 0 9357973 5675385 939973359 5675385 949331332
1 0 10777466 5675392 766973806 5675392 777751272
2 0 9838353 5675392 768012472 5675392 777850825
3 0 9564692 5675392 768360095 5675392 777924787
4 0 9351196 5675392 768658534 5675392 778009730
1 0 10726911 5675399 538037284 5675399 548764195
2 0 9802872 5675399 539054339 5675399 548857211
3 0 9520766 5675399 539410203 5675399 548930969
4 0 9306233 5675399 539709049 5675399 549015282
1 0 10765299 5675406 357029278 5675406 367794577
2 0 9831502 5675406 358054666 5675406 367886168
3 0 9558451 5675406 358405252 5675406 367963703
4 0 9342325 5675406 358703895 5675406 368046220
1 0 11221475 5675413 157188701 5675413 168410176
2 0 10279660 5675413 158221700 5675413 168501360
3 0 10003647 5675413 158576693 5675413 168580340
4 0 9794502 5675413 158870021 5675413 168664523
1 0 14222568 5675419 991770965 5675420 5993533
2 0 13035830 5675419 993084256 5675420 6120086
3 0 12683207 5675419 993534451 5675420 6217658
4 0 12402565 5675419 993923684 5675420 6326249
1 0 10723559 5675426 797121057 5675426 807844616
2 0 9795391 5675426 798143186 5675426 807938577
3 0 9520415 5675426 798493550 5675426 808013965
4 0 9386880 5675426 798790674 5675426 808177554
1 0 14232901 5675433 578533285 5675433 592766186
2 0 13025404 5675433 579865057 5675433 592890461
3 0 12576469 5675433 580416750 5675433 592993219
4 0 12289511 5675433 580817039 5675433 593106550
1 0 10744447 5675440 417103819 5675440 427848266
2 0 9821687 5675440 418121744 5675440 427943431
3 0 9543637 5675440 418477534 5675440 428021171
4 0 9332751 5675440 418772677 5675440 428105428
1 0 10695208 5675447 197418018 5675447 208113226
2 0 9766892 5675447 198439314 5675447 208206206
3 0 9491360 5675447 198788067 5675447 208279427
4 0 9285678 5675447 199082673 5675447 208368351
1 0 10767244 5675454 6668069 5675454 17435313
2 0 9826354 5675454 7703346 5675454 17529700
3 0 9543988 5675454 8059377 5675454 17603365
4 0 9411176 5675454 8360908 5675454 17772084
1 0 10871278 5675460 797100883 5675460 807972161
2 0 9921111 5675460 798146789 5675460 808067900
3 0 9641986 5675460 798501690 5675460 808143676
4 0 9428972 5675460 798801536 5675460 808230508
