17405166
13303037
13313759
13285945
13230704
17251407
13523777
17417370
17534536
13282814
13287295
17300686
13248388
17167352
17408796
13401167
13475203
13319185
17315444
13305315
13336333
17210647
13230611
17284963
17507203
13286870
13448130
13275555
17294314
17332519
13340204
13476129
13145666
13407927
17390833
13389575
13374444
13146573
17394945
17379704
13602056
13328777
13334186
13348685
13459944
13252759
13235333
13423093
13255944
13344018
13339594
13347834
13503222
13212351
13374722
13263981
13446944
13308741
17251833
17269926
13238519
17393352
13252501
17405037
13325148
13430296
17465667
13412648
13394779
17115370
13476370
13224371
13333593
13246537
13327980
9269778
13282055
13420926
13234092
13333241
13336482
13232759
13307926
13391760
13458870
17199889
13279537
13406018
17587389
13303592
13217297
13282333
13196796
17374611
13421537
13321352
13470296
13697019
13122371
13427518
