  RSS
 4760
  RSS
 4836
  RSS
 4716
  RSS
 4500
  RSS
 4832
  RSS
 4772
  RSS
 4596
  RSS
 4720
  RSS
 4752
  RSS
 4744
  RSS
 4744
  RSS
 4752
  RSS
 4760
  RSS
 4776
  RSS
 4496
  RSS
 4656
  RSS
 4836
  RSS
 4776
  RSS
 4620
  RSS
 4764
  RSS
 4752
  RSS
 4744
  RSS
 4836
  RSS
 4716
  RSS
 4776
  RSS
 4832
  RSS
 4772
  RSS
 4752
  RSS
 4744
  RSS
 4752
  RSS
 4656
  RSS
 4832
  RSS
 4776
  RSS
 4764
  RSS
 4764
  RSS
 4764
  RSS
 4772
  RSS
 4480
  RSS
 4772
  RSS
 4772
  RSS
 4752
  RSS
 4744
  RSS
 4716
  RSS
 4832
  RSS
 4716
  RSS
 4768
  RSS
 4720
  RSS
 4832
  RSS
 4760
  RSS
 4776
  RSS
 4764
  RSS
 4772
  RSS
 4656
  RSS
 4752
  RSS
 4660
  RSS
 4776
  RSS
 4752
  RSS
 4764
  RSS
 4768
  RSS
 4660
  RSS
 4768
  RSS
 4752
  RSS
 4772
  RSS
 4292
  RSS
 4496
  RSS
 4496
  RSS
 4448
  RSS
 4460
  RSS
 4464
  RSS
 4420
  RSS
 4484
  RSS
 4488
  RSS
 4496
  RSS
 4836
  RSS
 4468
  RSS
 4760
  RSS
 4448
  RSS
 4484
  RSS
 4536
  RSS
 4472
  RSS
 4716
  RSS
 4764
  RSS
 4768
  RSS
 4720
  RSS
 4440
  RSS
 4768
  RSS
 4764
  RSS
 4764
  RSS
 4716
  RSS
 4504
  RSS
 4476
  RSS
 4656
  RSS
 4596
  RSS
 4660
  RSS
 4772
  RSS
 4772
  RSS
 4656
  RSS
 4772
  RSS
 4768
  RSS
 4752
