13263722
17256852
17382628
13006629
9202018
13125074
13305222
13429037
13413241
13564186
13454334
13471741
13305462
13272425
13349241
13375444
17447297
13493647
13385111
13319610
13280796
17332463
17122130
13318740
13376833
17642019
13406888
13692776
13247871
17219501
13271686
17161260
13398592
13510723
13578962
13231666
13299445
17193371
13354426
17844518
13431537
13401462
13397499
13532037
13353278
17312667
13483981
17355536
17398223
13370407
13489592
13411963
13440611
13385982
13223648
13347519
13343907
13341962
13289464
17360185
13471428
13315074
13517370
13345740
17468407
13492630
13424130
13169742
17399184
13160499
13407593
13650204
13393907
9220352
13370963
17503815
13241647
13281630
13378797
13615148
13495223
13370426
13420740
13482943
13414647
13261723
13238463
13178667
17359315
13331482
13462277
13273092
17411925
13255001
17479611
13312333
17454519
13376018
17324629
13392444
