38394758
52252646
45624039
38160982
42612389
51464945
38042684
42634167
38099058
38081035
47180093
38155220
40871296
39274796
50162833
39414890
38502167
38086219
39039018
42343350
51748703
38274687
38094943
43447723
51442167
39223539
39157020
50412224
38253389
38176704
51697075
38315999
39322427
42643557
50305463
38156017
37987834
51625372
45846610
50202147
39221501
43117629
45485665
38163815
39404075
38164370
39313113
47610517
50081962
49993612
38188870
45257816
38062630
50027425
44528334
49850518
49715461
50095651
38166296
51515555
38504794
38198854
46200630
45341722
46742277
47861757
38378183
38225279
38273442
38540389
39118444
43457314
45430610
39213205
39276484
39270108
38083425
46458278
38138945
39120373
46805353
38293240
38217981
39202925
47254760
43951128
39084627
42722835
42570812
39126943
46157927
44193630
42727722
38187296
46274557
50290370
38342556
38141278
50595834
43165090
