59756538
55347535
65899836
34355813
48341926
57077332
48437665
64096203
63890187
63833296
50501428
50363667
48370036
64072019
48584186
48546130
48197831
48403906
63785295
61171576
63518109
48279447
63969111
56416052
33486611
54425076
48629610
59645293
48298684
50645705
48439964
48664091
48448778
59215537
57048664
48301278
48349927
50284850
50156445
52791868
59820998
56961095
54939262
64152128
64322685
48733629
48610761
48588871
48025092
50371226
56860832
48334742
63725758
50202961
63937925
56471649
58982794
48428313
50361852
48520164
48418205
54706092
57382425
56955202
48389833
59495424
48325093
50185240
59717926
50481574
58857131
48507906
63957702
48365462
48407129
48458852
48598554
52639151
48636297
48745980
53449648
48290574
63672834
48349629
48474759
48510613
48503261
56474259
62164370
48636075
48679853
48500277
59616371
48669072
48417704
48672552
48319390
59805295
48538148
48382017
