13646092
17511425
17557000
9309703
13434667
17663000
13517351
17913944
17618166
17676667
13704778
13590834
13405536
17947926
13654778
13524482
13328055
13477110
17536926
17656426
17458425
13415297
17708259
17511426
9394741
17540685
13585741
13504555
13297277
13768054
13612630
13589630
13479464
13406760
13660667
13477223
13410480
13415869
13455018
17626277
13501370
17525594
17703168
17647703
17876945
13597259
13506092
13592852
13309314
13461612
17607945
13438167
17605962
13350981
17610333
13553038
13641110
13453888
13560148
13543685
13468871
17512519
13587333
13482574
13630241
13453407
13407130
13526092
13535314
13571407
17416742
13505814
17699981
13405260
13368203
13357742
13589241
17531316
13629259
13562685
13391556
13372333
17470075
13496852
13553760
13528463
13492667
13556110
13611575
13482926
13506981
13488148
13497870
13597352
13319481
13602389
13628094
13526574
13518666
13515278
