  RSS
 6600
  RSS
 6440
  RSS
 6588
  RSS
 6580
  RSS
 6492
  RSS
 6556
  RSS
 6588
  RSS
 6580
  RSS
 6612
  RSS
 6612
  RSS
 6608
  RSS
 6596
  RSS
 6536
  RSS
 6588
  RSS
 6556
  RSS
 6492
  RSS
 6500
  RSS
 6588
  RSS
 6500
  RSS
 6584
  RSS
 6608
  RSS
 6600
  RSS
 6588
  RSS
 6584
  RSS
 6564
  RSS
 6672
  RSS
 6612
  RSS
 6604
  RSS
 6672
  RSS
 6492
  RSS
 6588
  RSS
 6472
  RSS
 6608
  RSS
 6672
  RSS
 6608
  RSS
 6668
  RSS
 6488
  RSS
 6612
  RSS
 6596
  RSS
 6604
  RSS
 6500
  RSS
 6588
  RSS
 6492
  RSS
 6588
  RSS
 6564
  RSS
 6588
  RSS
 6568
  RSS
 6604
  RSS
 6556
  RSS
 6556
  RSS
 6600
  RSS
 6564
  RSS
 6580
  RSS
 6596
  RSS
 6672
  RSS
 6600
  RSS
 6600
  RSS
 6580
  RSS
 6564
  RSS
 6604
  RSS
 6668
  RSS
 6604
  RSS
 6480
  RSS
 6588
  RSS
 6648
  RSS
 6612
  RSS
 6588
  RSS
 6612
  RSS
 6440
  RSS
 6672
  RSS
 6500
  RSS
 6604
  RSS
 6608
  RSS
 6668
  RSS
 6556
  RSS
 6608
  RSS
 6588
  RSS
 6616
  RSS
 6608
  RSS
 6564
  RSS
 6672
  RSS
 6668
  RSS
 6612
  RSS
 6500
  RSS
 6440
  RSS
 6492
  RSS
 6592
  RSS
 6564
  RSS
 6556
  RSS
 6564
  RSS
 6600
  RSS
 6588
  RSS
 6564
  RSS
 6616
  RSS
 6612
  RSS
 6596
  RSS
 6588
  RSS
 6564
  RSS
 6464
  RSS
 6600
