  RSS
 8584
  RSS
 8592
  RSS
 8596
  RSS
 8488
  RSS
 8496
  RSS
 8552
  RSS
 8604
  RSS
 8552
  RSS
 8624
  RSS
 8544
  RSS
 8560
  RSS
 8552
  RSS
 8384
  RSS
 8552
  RSS
 8664
  RSS
 8540
  RSS
 8644
  RSS
 8552
  RSS
 8592
  RSS
 8600
  RSS
 8532
  RSS
 8620
  RSS
 8452
  RSS
 8584
  RSS
 8668
  RSS
 8600
  RSS
 8600
  RSS
 8536
  RSS
 8604
  RSS
 8668
  RSS
 8492
  RSS
 8552
  RSS
 8556
  RSS
 8388
  RSS
 8500
  RSS
 8496
  RSS
 8624
  RSS
 8492
  RSS
 8584
  RSS
 8584
  RSS
 8544
  RSS
 8584
  RSS
 8560
  RSS
 8488
  RSS
 8600
  RSS
 8668
  RSS
 8584
  RSS
 8596
  RSS
 8592
  RSS
 8664
  RSS
 8452
  RSS
 8560
  RSS
 8500
  RSS
 8388
  RSS
 8556
  RSS
 8592
  RSS
 8552
  RSS
 8532
  RSS
 8584
  RSS
 8552
  RSS
 8552
  RSS
 8436
  RSS
 8540
  RSS
 8604
  RSS
 8584
  RSS
 8508
  RSS
 8472
  RSS
 8500
  RSS
 8560
  RSS
 8560
  RSS
 8552
  RSS
 8552
  RSS
 8584
  RSS
 8536
  RSS
 8552
  RSS
 8488
  RSS
 8328
  RSS
 8584
  RSS
 8608
  RSS
 8584
  RSS
 8592
  RSS
 8604
  RSS
 8436
  RSS
 8664
  RSS
 8504
  RSS
 8544
  RSS
 8584
  RSS
 8488
  RSS
 8544
  RSS
 8436
  RSS
 8596
  RSS
 8500
  RSS
 8440
  RSS
 8596
  RSS
 8512
  RSS
 8548
  RSS
 8560
  RSS
 8388
  RSS
 8584
  RSS
 8608
