13414963
13149833
17287852
13387482
13265018
13251889
17539538
13287426
9245926
15987352
13387130
13297204
17433389
13377278
13298982
13219760
13213241
13588999
13398426
13401167
17366037
13514871
13264241
13344630
13301333
17395316
13346463
9231611
13486463
13343037
13349592
13559889
13508685
13328927
13559149
17438777
13093685
13301242
13180482
13213908
13625222
17410685
13326499
13509482
13327426
13351500
13411352
13239130
13438906
13478815
13280370
13204111
13442055
17295592
13135260
13318167
13154517
13247148
13233110
13308778
17307869
13407779
13428814
13516816
13459334
13613889
13284833
13617685
13340723
17440852
17101092
13659630
13342667
13378185
13305592
13380963
13384536
13252796
13324610
13436222
13384463
13441038
13317111
13352389
13350796
17533685
13517240
13158407
13235277
13125592
13360925
13451890
13322963
13360647
13448499
13362759
17514130
13542314
17379279
17556001
