  RSS
12440
  RSS
12404
  RSS
12244
  RSS
12480
  RSS
12420
  RSS
12480
  RSS
12436
  RSS
12460
  RSS
12436
  RSS
12400
  RSS
12412
  RSS
12480
  RSS
12456
  RSS
12356
  RSS
12288
  RSS
12420
  RSS
12468
  RSS
12456
  RSS
12336
  RSS
12436
  RSS
12356
  RSS
12452
  RSS
12452
  RSS
12392
  RSS
12452
  RSS
12524
  RSS
12456
  RSS
12508
  RSS
12420
  RSS
12356
  RSS
12396
  RSS
12520
  RSS
12448
  RSS
12348
  RSS
12460
  RSS
12480
  RSS
12412
  RSS
12436
  RSS
12288
  RSS
12456
  RSS
12444
  RSS
12464
  RSS
12436
  RSS
12392
  RSS
12356
  RSS
12420
  RSS
12396
  RSS
12312
  RSS
12484
  RSS
12444
  RSS
12452
  RSS
12296
  RSS
12412
  RSS
12528
  RSS
12468
  RSS
12404
  RSS
12412
  RSS
12436
  RSS
12412
  RSS
12436
  RSS
12464
  RSS
12444
  RSS
12452
  RSS
12444
  RSS
12420
  RSS
12348
  RSS
12400
  RSS
12420
  RSS
12520
  RSS
12444
  RSS
12452
  RSS
12412
  RSS
12428
  RSS
12336
  RSS
12400
  RSS
12348
  RSS
12448
  RSS
12428
  RSS
12392
  RSS
12460
  RSS
12452
  RSS
12444
  RSS
12464
  RSS
12348
  RSS
12436
  RSS
12444
  RSS
12460
  RSS
12516
  RSS
12356
  RSS
12400
  RSS
12404
  RSS
12416
  RSS
12532
  RSS
12308
  RSS
12448
  RSS
12340
  RSS
12460
  RSS
12528
  RSS
12436
  RSS
12356
