1 0 13157904 5679967 137247447 5679967 150405351
2 0 12172903 5679967 138315076 5679967 150487979
3 0 11907686 5679967 138667736 5679967 150575422
4 0 11681357 5679967 138966341 5679967 150647698
5 0 11475342 5679967 139264558 5679967 150739900
6 0 11273272 5679967 139552164 5679967 150825436
7 0 11059998 5679967 139837158 5679967 150897156
8 0 10769448 5679967 140209744 5679967 150979192
1 0 13005925 5679973 906619233 5679973 919625158
2 0 12045406 5679973 907661361 5679973 919706767
3 0 11791021 5679973 908005337 5679973 919796358
4 0 11560970 5679973 908307053 5679973 919868023
5 0 11356622 5679973 908606770 5679973 919963392
6 0 11195922 5679973 908896394 5679973 920092316
7 0 10980536 5679973 909184500 5679973 920165036
8 0 10777837 5679973 909471087 5679973 920248924
1 0 13102015 5679980 677627409 5679980 690729424
2 0 12134886 5679980 678678611 5679980 690813497
3 0 11876334 5679980 679023883 5679980 690900217
4 0 11646839 5679980 679325340 5679980 690972179
5 0 11438824 5679980 679626631 5679980 691065455
6 0 11235087 5679980 679915755 5679980 691150842
7 0 10925760 5679980 680296026 5679980 691221786
8 0 10716708 5679980 680587372 5679980 691304080
1 0 13782484 5679987 484788519 5679987 498571003
2 0 12726986 5679987 485925275 5679987 498652261
3 0 12458120 5679987 486279158 5679987 498737278
4 0 12224606 5679987 486585967 5679987 498810573
5 0 12003888 5679987 486900535 5679987 498904423
6 0 11791910 5679987 487197974 5679987 498989884
7 0 11573952 5679987 487489283 5679987 499063235
8 0 11359160 5679987 487786796 5679987 499145956
1 0 13111682 5679994 316741219 5679994 329852901
2 0 12150274 5679994 317785903 5679994 329936177
3 0 11921223 5679994 318133026 5679994 330054249
4 0 11694393 5679994 318437595 5679994 330131988
5 0 11489805 5679994 318738441 5679994 330228246
6 0 11281531 5679994 319033676 5679994 330315207
7 0 11065905 5679994 319322245 5679994 330388150
8 0 10865002 5679994 319609110 5679994 330474112
1 0 13957222 5680001 146823541 5680001 160780763
2 0 12968426 5680001 147897558 5680001 160865984
3 0 12710375 5680001 148245959 5680001 160956334
4 0 12475861 5680001 148554657 5680001 161030518
5 0 12268050 5680001 148856411 5680001 161124461
6 0 12060869 5680001 149148646 5680001 161209515
7 0 11845261 5680001 149436400 5680001 161281661
8 0 11643653 5680001 149722599 5680001 161366252
1 0 15748244 5680007 946945213 5680007 962693457
2 0 14794262 5680007 948004619 5680007 962798881
3 0 14560063 5680007 948355279 5680007 962915342
4 0 14354918 5680007 948656089 5680007 963011007
5 0 14176866 5680007 948956379 5680007 963133245
6 0 14005572 5680007 949241467 5680007 963247039
7 0 13816261 5680007 949525554 5680007 963341815
8 0 13641765 5680007 949810030 5680007 963451795
1 0 13838132 5680014 736734702 5680014 750572834
2 0 12849298 5680014 737804423 5680014 750653721
3 0 12588951 5680014 738157250 5680014 750746201
4 0 12361474 5680014 738458281 5680014 750819755
5 0 12148866 5680014 738764961 5680014 750913827
6 0 11942926 5680014 739055326 5680014 750998252
7 0 11730764 5680014 739340968 5680014 751071732
8 0 11530063 5680014 739625389 5680014 751155452
1 0 13025572 5680021 556564406 5680021 569589978
2 0 12057072 5680021 557614738 5680021 569671810
3 0 11789799 5680021 557966676 5680021 569756475
4 0 11563859 5680021 558266115 5680021 569829974
5 0 11357807 5680021 558564146 5680021 569921953
6 0 11187589 5680021 558848048 5680021 570035637
7 0 10981796 5680021 559133654 5680021 570115450
8 0 10780874 5680021 559416741 5680021 570197615
1 0 18104718 5680028 368491067 5680028 386595785
2 0 16861927 5680028 369839338 5680028 386701265
3 0 16402380 5680028 370411438 5680028 386813818
4 0 16099349 5680028 370809357 5680028 386908706
5 0 15820187 5680028 371207720 5680028 387027907
6 0 15547804 5680028 371588231 5680028 387136035
7 0 15262790 5680028 371965965 5680028 387228755
8 0 14990925 5680028 372345754 5680028 387336679
