1 0 17460768 5680035 178119970 5680035 195580738
2 0 16543211 5680035 179130747 5680035 195673958
3 0 16266179 5680035 179481370 5680035 195747549
4 0 16053368 5680035 179780550 5680035 195833918
5 0 15748115 5680035 180168135 5680035 195916250
6 0 15549007 5680035 180472704 5680035 196021711
7 0 15343419 5680035 180772309 5680035 196115728
8 0 15153699 5680035 181059545 5680035 196213244
9 0 14955370 5680035 181346021 5680035 196301391
10 0 14741411 5680035 181633293 5680035 196374704
11 0 14537156 5680035 181929769 5680035 196466925
12 0 14318734 5680035 182221856 5680035 196540590
13 0 14121941 5680035 182503999 5680035 196625940
14 0 13917204 5680035 182794346 5680035 196711550
15 0 13660672 5680035 183128969 5680035 196789641
16 0 13471286 5680035 183419242 5680035 196890528
1 0 19192754 5680041 997025455 5680042 16218209
2 0 18256050 5680041 998053269 5680042 16309319
3 0 17980795 5680041 998401948 5680042 16382743
4 0 17768929 5680041 998700535 5680042 16469464
5 0 17539767 5680041 999009307 5680042 16549074
6 0 17348899 5680041 999298913 5680042 16647812
7 0 17140959 5680041 999590389 5680042 16731348
8 0 16927000 5680041 999882476 5680042 16809476
9 0 16606394 5680042 286395 5680042 16892789
10 0 16359529 5680042 603185 5680042 16962714
11 0 16149293 5680042 902679 5680042 17051972
12 0 15890186 5680042 1233284 5680042 17123470
13 0 15687875 5680042 1517964 5680042 17205839
14 0 15482675 5680042 1806718 5680042 17289393
15 0 15208718 5680042 2156526 5680042 17365244
16 0 15014202 5680042 2443169 5680042 17457371
1 0 17639154 5680048 787219174 5680048 804858328
2 0 16721022 5680048 788232619 5680048 804953641
3 0 16449416 5680048 788580038 5680048 805029454
4 0 16242753 5680048 788874440 5680048 805117193
5 0 16013239 5680048 789185064 5680048 805198303
6 0 15820410 5680048 789474169 5680048 805294579
7 0 15613820 5680048 789764257 5680048 805378077
8 0 15296827 5680048 790162675 5680048 805459502
9 0 15068109 5680048 790475058 5680048 805543167
10 0 14844724 5680048 790771664 5680048 805616388
11 0 14639968 5680048 791067807 5680048 805707775
12 0 14415065 5680048 791368338 5680048 805783403
13 0 14207792 5680048 791656999 5680048 805864791
14 0 14009073 5680048 791938809 5680048 805947882
15 0 13731318 5680048 792290358 5680048 806021676
16 0 13532100 5680048 792577890 5680048 806109990
1 0 23157310 5680055 564673997 5680055 587831307
2 0 21962666 5680055 565989602 5680055 587952268
3 0 21613154 5680055 566437760 5680055 588050914
4 0 21274660 5680055 566887789 5680055 588162449
5 0 20907074 5680055 567359706 5680055 588266780
6 0 20641819 5680055 567752514 5680055 588394333
7 0 20339918 5680055 568166487 5680055 588506405
8 0 20054553 5680055 568557573 5680055 588612126
9 0 19772188 5680055 568950269 5680055 588722457
10 0 19475786 5680055 569341854 5680055 588817640
11 0 19201476 5680055 569733773 5680055 588935249
12 0 18836353 5680055 570194746 5680055 589031099
13 0 18560859 5680055 570580294 5680055 589141153
14 0 18290863 5680055 570967158 5680055 589258021
15 0 17950388 5680055 571402168 5680055 589352556
16 0 17697133 5680055 571779180 5680055 589476313
1 0 17551359 5680062 376950575 5680062 394501934
2 0 16623561 5680062 377974093 5680062 394597654
3 0 16355641 5680062 378319864 5680062 394675505
4 0 16149866 5680062 378613748 5680062 394763614
5 0 15919204 5680062 378926390 5680062 394845594
6 0 15733337 5680062 379211940 5680062 394945277
7 0 15528822 5680062 379502361 5680062 395031183
8 0 15317400 5680062 379799096 5680062 395116496
9 0 15003906 5680062 380196163 5680062 395200069
10 0 14767410 5680062 380503398 5680062 395270808
11 0 14559655 5680062 380799763 5680062 395359418
12 0 14332677 5680062 381098165 5680062 395430842
13 0 14127107 5680062 381386530 5680062 395513637
14 0 13922352 5680062 381674635 5680062 395596987
15 0 13649079 5680062 382024092 5680062 395673171
16 0 13457324 5680062 382308827 5680062 395766151
1 0 17632061 5680069 197236814 5680069 214868875
2 0 16711652 5680069 198259888 5680069 214971540
3 0 16436675 5680069 198612122 5680069 215048797
4 0 16225254 5680069 198911153 5680069 215136407
5 0 15999110 5680069 199222888 5680069 215221998
6 0 15801818 5680069 199518623 5680069 215320441
7 0 15594599 5680069 199810377 5680069 215404976
8 0 15270160 5680069 200219092 5680069 215489252
9 0 15044628 5680069 200529623 5680069 215574251
10 0 14818113 5680069 200827173 5680069 215645286
11 0 14605506 5680069 201128649 5680069 215734155
12 0 14378603 5680069 201428866 5680069 215807469
13 0 14179514 5680069 201715397 5680069 215894911
14 0 13982573 5680069 201996392 5680069 215978965
15 0 13707986 5680069 202345145 5680069 216053131
16 0 13514397 5680069 202631862 5680069 216146259
1 0 21535784 5680075 996880712 5680076 18416496
2 0 20634431 5680075 997908452 5680076 18542883
3 0 20381547 5680075 998259668 5680076 18641215
4 0 20195976 5680075 998559681 5680076 18755657
5 0 19995314 5680075 998870119 5680076 18865433
6 0 19836427 5680075 999156929 5680076 18993356
7 0 19665949 5680075 999449423 5680076 19115372
8 0 19495878 5680075 999743381 5680076 19239259
9 0 19230197 5680076 129837 5680076 19360034
10 0 18993091 5680076 467108 5680076 19460199
11 0 18814539 5680076 769121 5680076 19583660
12 0 18614321 5680076 1066393 5680076 19680714
13 0 18434731 5680076 1356166 5680076 19790897
14 0 18265252 5680076 1638883 5680076 19904135
15 0 18723633 5680076 2013135 5680076 20736768
16 0 18492545 5680076 2398572 5680076 20891117
1 0 23035183 5680082 791524754 5680082 814559937
2 0 21845205 5680082 792848396 5680082 814693601
3 0 21492989 5680082 793300666 5680082 814793655
4 0 21222402 5680082 793688788 5680082 814911190
5 0 20915648 5680082 794103558 5680082 815019206
6 0 20655319 5680082 794491292 5680082 815146611
7 0 20372806 5680082 794882840 5680082 815255646
8 0 20086478 5680082 795273703 5680082 815360181
9 0 19820261 5680082 795651863 5680082 815472124
10 0 19531341 5680082 796036207 5680082 815567548
11 0 19261234 5680082 796426626 5680082 815687860
12 0 18964111 5680082 796817822 5680082 815781933
13 0 18696282 5680082 797194797 5680082 815891079
14 0 18434953 5680082 797568383 5680082 816003336
15 0 18078367 5680082 798024356 5680082 816102723
16 0 17810447 5680082 798407700 5680082 816218147
1 0 17502785 5680089 627151919 5680089 644654704
2 0 16585562 5680089 628162770 5680089 644748332
3 0 16318641 5680089 628503949 5680089 644822590
4 0 16117293 5680089 628799703 5680089 644916996
5 0 15900871 5680089 629114345 5680089 645015216
6 0 15712875 5680089 629403099 5680089 645115974
7 0 15504119 5680089 629699538 5680089 645203657
8 0 15293363 5680089 629992848 5680089 645286211
9 0 15002999 5680089 630369692 5680089 645372691
10 0 14777651 5680089 630668094 5680089 645445745
11 0 14571914 5680089 630967589 5680089 645539503
12 0 14350363 5680089 631264842 5680089 645615205
13 0 14154903 5680089 631551578 5680089 645706481
14 0 13959241 5680089 631834424 5680089 645793665
15 0 13689412 5680089 632185122 5680089 645874534
16 0 13498434 5680089 632469561 5680089 645967995
1 0 17549877 5680096 397150524 5680096 414700401
2 0 16635746 5680096 398162782 5680096 414798528
3 0 16365010 5680096 398511961 5680096 414876971
4 0 16155496 5680096 398811122 5680096 414966618
5 0 15928926 5680096 399121394 5680096 415050320
6 0 15739318 5680096 399410426 5680096 415149744
7 0 15538637 5680096 399699976 5680096 415238613
8 0 15332678 5680096 399991526 5680096 415324204
9 0 15008961 5680096 400400815 5680096 415409776
10 0 14785281 5680096 400695846 5680096 415481127
11 0 14574137 5680096 400996859 5680096 415570996
12 0 14351326 5680096 401292224 5680096 415643550
13 0 14151699 5680096 401575571 5680096 415727270
14 0 13954000 5680096 401856547 5680096 415810547
15 0 13677338 5680096 402210263 5680096 415887601
16 0 13481101 5680096 402497572 5680096 415978673
