1 0 33822741 5680103 227412706 5680103 261235447
2 0 32902110 5680103 228439168 5680103 261341278
3 0 32671429 5680103 228782458 5680103 261453887
4 0 32457692 5680103 229107749 5680103 261565441
5 0 32255640 5680103 229405947 5680103 261661587
6 0 32087329 5680103 229694941 5680103 261782270
7 0 31897832 5680103 229984825 5680103 261882657
8 0 31588745 5680103 230404558 5680103 261993303
9 0 31386194 5680103 230701589 5680103 262087783
10 0 31222975 5680103 230989065 5680103 262212040
11 0 31040590 5680103 231298411 5680103 262339001
12 0 30815964 5680103 231628979 5680103 262444943
13 0 30643837 5680103 231929381 5680103 262573218
14 0 30351084 5680103 232318096 5680103 262669180
15 0 30070200 5680103 232708959 5680103 262779159
16 0 29785131 5680103 233089045 5680103 262874176
17 0 29520803 5680103 233462686 5680103 262983489
18 0 29246808 5680103 233860512 5680103 263107320
19 0 28938351 5680103 234262282 5680103 263200633
20 0 28672819 5680103 234636423 5680103 263309242
21 0 28359546 5680103 235044453 5680103 263403999
22 0 27996905 5680103 235517777 5680103 263514682
23 0 27707965 5680103 235903104 5680103 263611069
24 0 27461915 5680103 236276615 5680103 263738530
25 0 27172957 5680103 236675756 5680103 263848713
26 0 26836575 5680103 237110414 5680103 263946989
27 0 26570432 5680103 237487870 5680103 264058302
28 0 26276751 5680103 237887456 5680103 264164207
29 0 26028534 5680103 238260412 5680103 264288946
30 0 25744539 5680103 238639053 5680103 264383592
31 0 25467304 5680103 239025397 5680103 264492701
32 0 25181365 5680103 239419334 5680103 264600699
1 0 37397323 5680109 951853076 5680109 989250399
2 0 36228122 5680109 953127145 5680109 989355267
3 0 35906165 5680109 953568656 5680109 989474821
4 0 35584819 5680109 954002444 5680109 989587263
5 0 35277307 5680109 954404325 5680109 989681632
6 0 35009941 5680109 954794540 5680109 989804481
7 0 34722706 5680109 955181959 5680109 989904665
8 0 34489228 5680109 955562489 5680109 990051717
9 0 34219048 5680109 955946204 5680109 990165252
10 0 33957868 5680109 956328345 5680109 990286213
11 0 33670392 5680109 956743819 5680109 990414211
12 0 33342638 5680109 957175052 5680109 990517690
13 0 33067570 5680109 957559452 5680109 990627022
14 0 32779131 5680109 957946611 5680109 990725742
15 0 32497562 5680109 958338900 5680109 990836462
16 0 32212382 5680109 958719412 5680109 990931794
17 0 31947980 5680109 959095145 5680109 991043125
18 0 31665467 5680109 959498656 5680109 991164123
19 0 31351380 5680109 959906834 5680109 991258214
20 0 31016590 5680109 960349807 5680109 991366397
21 0 30702522 5680109 960758651 5680109 991461173
22 0 30329899 5680109 961239994 5680109 991569893
23 0 30036719 5680109 961628006 5680109 991664725
24 0 29781131 5680109 962008091 5680109 991789222
25 0 29487007 5680109 962409954 5680109 991896961
26 0 29146180 5680109 962845705 5680109 991991885
27 0 28874408 5680109 963227031 5680109 992101439
28 0 28576116 5680109 963629228 5680109 992205344
29 0 28313473 5680109 964009369 5680109 992322842
30 0 28022571 5680109 964392510 5680109 992415081
31 0 27740206 5680109 964782743 5680109 992522949
32 0 27466729 5680109 965168477 5680109 992635206
1 0 35894351 5680116 767254065 5680116 803148416
2 0 35020219 5680116 768233010 5680116 803253229
3 0 34798519 5680116 768570782 5680116 803369301
4 0 34586097 5680116 768893313 5680116 803479410
5 0 34390305 5680116 769187455 5680116 803577760
6 0 34230141 5680116 769473524 5680116 803703665
7 0 34042681 5680116 769764056 5680116 803806737
8 0 33761205 5680116 770155456 5680116 803916661
9 0 33540283 5680116 770471654 5680116 804011937
10 0 33370564 5680116 770760000 5680116 804130564
11 0 33185549 5680116 771071476 5680116 804257025
12 0 32958701 5680116 771402970 5680116 804361671
13 0 32787797 5680116 771691353 5680116 804479150
14 0 32563450 5680116 772008440 5680116 804571890
15 0 32253474 5680116 772428654 5680116 804682128
16 0 31960887 5680116 772813036 5680116 804773923
17 0 31694669 5680116 773187585 5680116 804882254
18 0 31408045 5680116 773591392 5680116 804999437
19 0 31098811 5680116 773993921 5680116 805092732
20 0 30845296 5680116 774371859 5680116 805217155
21 0 30545376 5680116 774768852 5680116 805314228
22 0 30188605 5680116 775237843 5680116 805426448
23 0 29899017 5680116 775620688 5680116 805519705
24 0 29654244 5680116 775995588 5680116 805649832
25 0 29361527 5680116 776399155 5680116 805760682
26 0 29022775 5680116 776833350 5680116 805856125
27 0 28755206 5680116 777211269 5680116 805966475
28 0 28465970 5680116 777606280 5680116 806072250
29 0 28213086 5680116 777978070 5680116 806191156
30 0 27920981 5680116 778363951 5680116 806284932
31 0 27640559 5680116 778753463 5680116 806394022
32 0 27366843 5680116 779133585 5680116 806500428
1 0 26524006 5680123 607018246 5680123 633542252
2 0 25563672 5680123 608060393 5680123 633624065
3 0 25305769 5680123 608410072 5680123 633715841
4 0 25066700 5680123 608734732 5680123 633801432
5 0 24843371 5680123 609031153 5680123 633874524
6 0 24653282 5680123 609320592 5680123 633973874
7 0 24431545 5680123 609615642 5680123 634047187
8 0 24229864 5680123 609901266 5680123 634131130
9 0 23915296 5680123 610286777 5680123 634202073
10 0 23712762 5680123 610582772 5680123 634295534
11 0 23499618 5680123 610894507 5680123 634394125
12 0 23252808 5680123 611222575 5680123 634475383
13 0 23049737 5680123 611512940 5680123 634562677
14 0 22849556 5680123 611802268 5680123 634651824
15 0 22638930 5680123 612097670 5680123 634736600
16 0 22421879 5680123 612385405 5680123 634807284
17 0 22222142 5680123 612668326 5680123 634890468
18 0 22008424 5680123 612971709 5680123 634980133
19 0 21775780 5680123 613279092 5680123 635054872
20 0 21572043 5680123 613564105 5680123 635136148
21 0 21336622 5680123 613872303 5680123 635208925
22 0 21048238 5680123 614242574 5680123 635290812
23 0 20831871 5680123 614531106 5680123 635362977
24 0 20649597 5680123 614812249 5680123 635461846
25 0 20430861 5680123 615117317 5680123 635548178
26 0 20170680 5680123 615449774 5680123 635620454
27 0 19970424 5680123 615733769 5680123 635704193
28 0 19751336 5680123 616033004 5680123 635784340
29 0 19556154 5680123 616316295 5680123 635872449
30 0 19338363 5680123 616607289 5680123 635945652
31 0 19124255 5680123 616903136 5680123 636027391
32 0 18918815 5680123 617192019 5680123 636110834
1 0 18104904 5680130 392335361 5680130 410440265
2 0 17495341 5680130 393005238 5680130 410500579
3 0 17349103 5680130 393209493 5680130 410558596
4 0 17197809 5680130 393417860 5680130 410615669
5 0 17055609 5680130 393610263 5680130 410665872
6 0 16930463 5680130 393798593 5680130 410729056
7 0 16795095 5680130 393987164 5680130 410782259
8 0 16667190 5680130 394172160 5680130 410839350
9 0 16526988 5680130 394360972 5680130 410887960
10 0 16407325 5680130 394546153 5680130 410953478
11 0 16274604 5680130 394747076 5680130 411021680
12 0 16115349 5680130 394960886 5680130 411076235
13 0 15987313 5680130 395147087 5680130 411134400
14 0 15849613 5680130 395335120 5680130 411184733
15 0 15713929 5680130 395526932 5680130 411240861
16 0 15576395 5680130 395713447 5680130 411289842
17 0 15448638 5680130 395896610 5680130 411345248
18 0 15315270 5680130 396091662 5680130 411406932
19 0 15165422 5680130 396288991 5680130 411454413
20 0 15038628 5680130 396472469 5680130 411511097
21 0 14892500 5680130 396668392 5680130 411560892
22 0 14709578 5680130 396907350 5680130 411616928
23 0 14570044 5680130 397096069 5680130 411666113
24 0 14453527 5680130 397279010 5680130 411732537
25 0 14313659 5680130 397477192 5680130 411790851
26 0 14163200 5680130 397687780 5680130 411850980
27 0 14032202 5680130 397875332 5680130 411907534
28 0 13889519 5680130 398076162 5680130 411965681
29 0 14159996 5680130 398261862 5680130 412421858
30 0 14025999 5680130 398449136 5680130 412475135
31 0 13894037 5680130 398641874 5680130 412535911
32 0 13751392 5680130 398833092 5680130 412584484
1 0 26890722 5680137 207021223 5680137 233911945
2 0 25964332 5680137 208026408 5680137 233990740
3 0 25714744 5680137 208363865 5680137 234078609
4 0 25477692 5680137 208684989 5680137 234162681
5 0 25256956 5680137 208979131 5680137 234236087
6 0 25058386 5680137 209270496 5680137 234328882
7 0 24848112 5680137 209558120 5680137 234406232
8 0 24641856 5680137 209846652 5680137 234488508
9 0 24332511 5680137 210225978 5680137 234558489
10 0 24115940 5680137 210533954 5680137 234649894
11 0 23895462 5680137 210848745 5680137 234744207
12 0 23640467 5680137 211181035 5680137 234821502
13 0 23443045 5680137 211468178 5680137 234911223
14 0 23227049 5680137 211755709 5680137 234982758
15 0 23014886 5680137 212050278 5680137 235065164
16 0 22796224 5680137 212338791 5680137 235135015
17 0 22592153 5680137 212623397 5680137 235215550
18 0 22391528 5680137 212924706 5680137 235316234
19 0 22154976 5680137 213231571 5680137 235386547
20 0 21949203 5680137 213518176 5680137 235467379
21 0 21722466 5680137 213815356 5680137 235537822
22 0 21434546 5680137 214183923 5680137 235618469
23 0 21212605 5680137 214475881 5680137 235688486
24 0 21024312 5680137 214757098 5680137 235781410
25 0 20803187 5680137 215061074 5680137 235864261
26 0 20542340 5680137 215391382 5680137 235933722
27 0 20335603 5680137 215680081 5680137 236015684
28 0 20117607 5680137 215977612 5680137 236095219
29 0 19926407 5680137 216257514 5680137 236183921
30 0 19709726 5680137 216544861 5680137 236254587
31 0 19499340 5680137 216837615 5680137 236336955
32 0 19291900 5680137 217125702 5680137 236417602
1 0 26351899 5680144 26692693 5680144 53044592
2 0 25425675 5680144 27700823 5680144 53126498
3 0 25159754 5680144 28052390 5680144 53212144
4 0 24918203 5680144 28377014 5680144 53295217
5 0 24697226 5680144 28668990 5680144 53366216
6 0 24507229 5680144 28955633 5680144 53462862
7 0 24285419 5680144 29246979 5680144 53532398
8 0 24086996 5680144 29531844 5680144 53618840
9 0 23869722 5680144 29820580 5680144 53690302
10 0 23556210 5680144 30223961 5680144 53780171
11 0 23330047 5680144 30545566 5680144 53875613
12 0 23083978 5680144 30870930 5680144 53954908
13 0 22884074 5680144 31155999 5680144 54040073
14 0 22668411 5680144 31442161 5680144 54110572
15 0 22469970 5680144 31735674 5680144 54205644
16 0 22254104 5680144 32022039 5680144 54276143
17 0 22054090 5680144 32302274 5680144 54356364
18 0 21843352 5680144 32600343 5680144 54443695
19 0 21608968 5680144 32904448 5680144 54513416
20 0 21411657 5680144 33181721 5680144 54593378
21 0 21180920 5680144 33484734 5680144 54665654
22 0 20900722 5680144 33847597 5680144 54748319
23 0 20682633 5680144 34136555 5680144 54819188
24 0 20500192 5680144 34417124 5680144 54917316
25 0 20280253 5680144 34718840 5680144 54999093
26 0 20025461 5680144 35043260 5680144 55068721
27 0 19829094 5680144 35322144 5680144 55151238
28 0 19613172 5680144 35618268 5680144 55231440
29 0 19422972 5680144 35897207 5680144 55320179
30 0 19215772 5680144 36181721 5680144 55397493
31 0 19008998 5680144 36470752 5680144 55479750
32 0 18804613 5680144 36756932 5680144 55561545
1 0 34749557 5680150 842154829 5680150 876904386
2 0 33541783 5680150 843465638 5680150 877007421
3 0 33217178 5680150 843902056 5680150 877119234
4 0 32904573 5680150 844324530 5680150 877229103
5 0 32612708 5680150 844712504 5680150 877325212
6 0 32348731 5680150 845096238 5680150 877444969
7 0 32060792 5680150 845484119 5680150 877544911
8 0 31788464 5680150 845864483 5680150 877652947
9 0 31494691 5680150 846251124 5680150 877745815
10 0 31239215 5680150 846625524 5680150 877864739
11 0 30960609 5680150 847031053 5680150 877991662
12 0 30632541 5680150 847464953 5680150 878097494
13 0 30356398 5680150 847847760 5680150 878204158
14 0 30077051 5680150 848227587 5680150 878304638
15 0 29795946 5680150 848618431 5680150 878414377
16 0 29505877 5680150 849004220 5680150 878510097
17 0 29234437 5680150 849382047 5680150 878616484
18 0 28958943 5680150 849779687 5680150 878738630
19 0 28584357 5680150 850247790 5680150 878832147
20 0 28307306 5680150 850633098 5680150 878940404
21 0 28005960 5680150 851028498 5680150 879034458
22 0 27656319 5680150 851502081 5680150 879158400
23 0 27368547 5680150 851884296 5680150 879252843
24 0 27118310 5680150 852258956 5680150 879377266
25 0 26822167 5680150 852661301 5680150 879483468
26 0 26479341 5680150 853096533 5680150 879575874
27 0 26209438 5680150 853475193 5680150 879684631
28 0 25918906 5680150 853872408 5680150 879791314
29 0 25661004 5680150 854246438 5680150 879907442
30 0 25427268 5680150 854622671 5680150 880049939
31 0 25156421 5680150 855009664 5680150 880166085
32 0 24882093 5680150 855392842 5680150 880274935
1 0 26842612 5680157 657096861 5680157 683939473
2 0 25918276 5680157 658100195 5680157 684018471
3 0 25660522 5680157 658445670 5680157 684106192
4 0 25421193 5680157 658768849 5680157 684190042
5 0 25195087 5680157 659066917 5680157 684262004
6 0 24999108 5680157 659352431 5680157 684351539
7 0 24796446 5680157 659643740 5680157 684440186
8 0 24589246 5680157 659932679 5680157 684521925
9 0 24275177 5680157 660316376 5680157 684591553
10 0 24072552 5680157 660609685 5680157 684682237
11 0 23855149 5680157 660922531 5680157 684777680
12 0 23607579 5680157 661250766 5680157 684858345
13 0 23410656 5680157 661537020 5680157 684947676
14 0 23192402 5680157 661825088 5680157 685017490
15 0 22980331 5680157 662118898 5680157 685099229
16 0 22757169 5680157 662412485 5680157 685169654
17 0 22554969 5680157 662695146 5680157 685250115
18 0 22341232 5680157 662995974 5680157 685337206
19 0 22106551 5680157 663300413 5680157 685406964
20 0 21902463 5680157 663586074 5680157 685488537
21 0 21674911 5680157 663885828 5680157 685560739
22 0 21395047 5680157 664246302 5680157 685641349
23 0 21177624 5680157 664533723 5680157 685711347
24 0 20987091 5680157 664817310 5680157 685804401
25 0 20770280 5680157 665117046 5680157 685887326
26 0 20515952 5680157 665441780 5680157 685957732
27 0 20317196 5680157 665723145 5680157 686040341
28 0 20100644 5680157 666018103 5680157 686118747
29 0 19912222 5680157 666297875 5680157 686210097
30 0 19697652 5680157 666583333 5680157 686280985
31 0 19501007 5680157 666875698 5680157 686376705
32 0 19289512 5680157 667167470 5680157 686456982
1 0 26522136 5680164 486934909 5680164 513457045
2 0 25604153 5680164 487932687 5680164 513536840
3 0 25352528 5680164 488273606 5680164 513626134
4 0 25117828 5680164 488593434 5680164 513711262
5 0 24892555 5680164 488891391 5680164 513783946
6 0 24701411 5680164 489180478 5680164 513881889
7 0 24502248 5680164 489470121 5680164 513972369
8 0 24297678 5680164 489756856 5680164 514054534
9 0 24004072 5680164 490120905 5680164 514124977
10 0 23772521 5680164 490444288 5680164 514216809
11 0 23555858 5680164 490756375 5680164 514312233
12 0 23306955 5680164 491083258 5680164 514390213
13 0 23105922 5680164 491370956 5680164 514476878
14 0 22886723 5680164 491661728 5680164 514548451
15 0 22674374 5680164 491954612 5680164 514628986
16 0 22457286 5680164 492243958 5680164 514701244
17 0 22251253 5680164 492531138 5680164 514782391
18 0 22035738 5680164 492835096 5680164 514870834
19 0 21804354 5680164 493138071 5680164 514942425
20 0 21602135 5680164 493423196 5680164 515025331
21 0 21372584 5680164 493724005 5680164 515096589
22 0 21091737 5680164 494086813 5680164 515178550
23 0 20880037 5680164 494374456 5680164 515254493
24 0 20690560 5680164 494659691 5680164 515350251
25 0 20472600 5680164 494958908 5680164 515431508
26 0 20221457 5680164 495284217 5680164 515505674
27 0 20021164 5680164 495567230 5680164 515588394
28 0 19805668 5680164 495864021 5680164 515669689
29 0 19611543 5680164 496147015 5680164 515758558
30 0 19398787 5680164 496431084 5680164 515829871
31 0 19189161 5680164 496723394 5680164 515912555
32 0 18992109 5680164 497015166 5680164 516007275
