1 0 56756944 5680171 277388964 5680171 334145908
2 0 55855016 5680171 278395334 5680171 334250350
3 0 55609447 5680171 278752457 5680171 334361904
4 0 55420987 5680171 279061285 5680171 334482272
5 0 55223546 5680171 279371020 5680171 334594566
6 0 55028216 5680171 279660200 5680171 334688416
7 0 54840553 5680171 279954861 5680171 334795414
8 0 54565058 5680171 280339113 5680171 334904171
9 0 54369840 5680171 280626089 5680171 334995929
10 0 54189491 5680171 280930602 5680171 335120093
11 0 53991773 5680171 281222689 5680171 335214462
12 0 53803813 5680171 281518480 5680171 335322293
13 0 53615002 5680171 281801845 5680171 335416847
14 0 53379840 5680171 282156412 5680171 335536252
15 0 53097642 5680171 282548442 5680171 335646084
16 0 52825887 5680171 282927287 5680171 335753174
17 0 52557337 5680171 283305539 5680171 335862876
18 0 52249657 5680171 283707587 5680171 335957244
19 0 51955015 5680171 284112283 5680171 336067298
20 0 51659113 5680171 284500702 5680171 336159815
21 0 51374451 5680171 284896843 5680171 336271294
22 0 51016995 5680171 285371297 5680171 336388292
23 0 50734018 5680171 285746883 5680171 336480901
24 0 50429302 5680171 286159542 5680171 336588844
25 0 50155752 5680171 286534257 5680171 336690009
26 0 49872702 5680171 286926101 5680171 336798803
27 0 49576169 5680171 287314965 5680171 336891134
28 0 49322174 5680171 287687643 5680171 337009817
29 0 49050347 5680171 288084135 5680171 337134482
30 0 48752630 5680171 288476091 5680171 337228721
31 0 48481597 5680171 288863788 5680171 337345385
32 0 48220306 5680171 289233466 5680171 337453772
33 0 47954663 5680171 289608811 5680171 337563474
34 0 47614836 5680171 290059839 5680171 337674675
35 0 47332193 5680171 290452036 5680171 337784229
36 0 47056698 5680171 290835603 5680171 337892301
37 0 46738834 5680171 291246410 5680171 337985244
38 0 46475116 5680171 291626477 5680171 338101593
39 0 46196418 5680171 291999322 5680171 338195740
40 0 45920960 5680171 292394222 5680171 338315182
41 0 45638743 5680171 292769308 5680171 338408051
42 0 45382322 5680171 293136801 5680171 338519123
43 0 45086290 5680171 293543238 5680171 338629528
44 0 44796184 5680171 293926416 5680171 338722600
45 0 44546930 5680171 294295946 5680171 338842876
46 0 44248250 5680171 294689994 5680171 338938244
47 0 43980848 5680171 295067580 5680171 339048428
48 0 43689891 5680171 295452609 5680171 339142500
49 0 43388193 5680171 295862694 5680171 339250887
50 0 43121235 5680171 296256520 5680171 339377755
51 0 42853036 5680171 296638550 5680171 339491586
52 0 42576633 5680171 297031247 5680171 339607880
53 0 42308527 5680171 297409425 5680171 339717952
54 0 42033737 5680171 297794232 5680171 339827969
55 0 41730575 5680171 298208780 5680171 339939355
56 0 42435988 5680171 298643402 5680171 341079390
57 0 42172511 5680171 299038617 5680171 341211128
58 0 41870517 5680171 299434369 5680171 341304886
59 0 41595318 5680171 299822269 5680171 341417587
60 0 41266695 5680171 300244909 5680171 341511604
61 0 40981886 5680171 300637346 5680171 341619232
62 0 40722575 5680171 301007395 5680171 341729970
63 0 40412933 5680171 301423850 5680171 341836783
64 0 40136439 5680171 301819472 5680171 341955911
1 0 44168067 5680178 77356302 5680178 121524369
2 0 43221381 5680178 78384690 5680178 121606071
3 0 42956386 5680178 78735850 5680178 121692236
4 0 42745186 5680178 79027715 5680178 121772901
5 0 42515338 5680178 79343080 5680178 121858418
6 0 42299953 5680178 79631908 5680178 121931861
7 0 42097106 5680178 79918791 5680178 122015897
8 0 41759612 5680178 80346061 5680178 122105673
9 0 41538616 5680178 80639778 5680178 122178394
10 0 41327639 5680178 80942994 5680178 122270633
11 0 41116253 5680178 81227693 5680178 122343946
12 0 40892758 5680178 81533409 5680178 122426167
13 0 40678261 5680178 81821052 5680178 122499313
14 0 40486728 5680178 82109713 5680178 122596441
15 0 40276714 5680178 82405541 5680178 122682255
16 0 40070587 5680178 82688814 5680178 122759401
17 0 39866665 5680178 82990234 5680178 122856899
18 0 39632725 5680178 83295543 5680178 122928268
19 0 39409433 5680178 83599834 5680178 123009267
20 0 39186141 5680178 83894680 5680178 123080821
21 0 38968330 5680178 84195508 5680178 123163838
22 0 38679724 5680178 84576779 5680178 123256503
23 0 38464376 5680178 84863070 5680178 123327446
24 0 38250084 5680178 85167231 5680178 123417315
25 0 38036811 5680178 85460910 5680178 123497721
26 0 37827222 5680178 85754664 5680178 123581886
27 0 37606855 5680178 86048548 5680178 123655403
28 0 37419340 5680178 86328172 5680178 123747512
29 0 37221214 5680178 86613704 5680178 123834918
30 0 36999645 5680178 86906513 5680178 123906158
31 0 36798167 5680178 87200433 5680178 123998600
32 0 36593801 5680178 87486076 5680178 124079877
33 0 36392916 5680178 87770978 5680178 124163894
34 0 36163734 5680178 88079010 5680178 124242744
35 0 35971460 5680178 88359579 5680178 124331039
36 0 35765612 5680178 88649740 5680178 124415352
37 0 35526098 5680178 88960716 5680178 124486814
38 0 35317713 5680178 89256395 5680178 124574108
39 0 35111013 5680178 89535038 5680178 124646051
40 0 34907609 5680178 89832718 5680178 124740327
41 0 34638059 5680178 90174508 5680178 124812567
42 0 34438470 5680178 90471243 5680178 124909713
43 0 34216271 5680178 90777626 5680178 124993897
44 0 33982497 5680178 91083787 5680178 125066284
45 0 33790760 5680178 91365337 5680178 125156097
46 0 33561561 5680178 91666813 5680178 125228374
47 0 33362194 5680178 91949660 5680178 125311854
48 0 33147568 5680178 92236692 5680178 125384260
49 0 32922462 5680178 92545130 5680178 125467592
50 0 32725890 5680178 92836255 5680178 125562145
51 0 32520617 5680178 93125897 5680178 125646514
52 0 32312954 5680178 93423429 5680178 125736383
53 0 32099532 5680178 93708664 5680178 125808196
54 0 31896739 5680178 93997548 5680178 125894287
55 0 31641152 5680178 94339023 5680178 125980175
56 0 31426619 5680178 94625277 5680178 126051896
57 0 31216123 5680178 94929123 5680178 126145246
58 0 30981275 5680178 95235988 5680178 126217263
59 0 30785594 5680178 95516908 5680178 126302502
60 0 30575375 5680178 95798607 5680178 126373982
61 0 30364454 5680178 96091564 5680178 126456018
62 0 30168346 5680178 96372133 5680178 126540479
63 0 29934091 5680178 96684942 5680178 126619033
64 0 29723465 5680178 96985437 5680178 126708902
1 0 59627557 5680184 902088694 5680184 961716251
2 0 58461671 5680184 903362282 5680184 961823953
3 0 58114122 5680184 903823606 5680184 961937728
4 0 57823424 5680184 904220395 5680184 962043819
5 0 57509596 5680184 904643813 5680184 962153409
6 0 57221342 5680184 905034362 5680184 962255704
7 0 56942829 5680184 905422706 5680184 962365535
8 0 56671760 5680184 905806458 5680184 962478218
9 0 56384154 5680184 906190192 5680184 962574346
10 0 56101030 5680184 906592777 5680184 962693807
11 0 55830664 5680184 906974048 5680184 962804712
12 0 55535856 5680184 907379373 5680184 962915229
13 0 55250656 5680184 907759126 5680184 963009782
14 0 54988532 5680184 908140822 5680184 963129354
15 0 54704778 5680184 908541926 5680184 963246704
16 0 54430969 5680184 908920048 5680184 963351017
17 0 54156751 5680184 909304819 5680184 963461570
18 0 53848090 5680184 909707312 5680184 963555402
19 0 53492930 5680184 910172414 5680184 963665344
20 0 53181584 5680184 910576721 5680184 963758305
21 0 52903145 5680184 910970788 5680184 963873933
22 0 52532985 5680184 911459742 5680184 963992727
23 0 52245194 5680184 911840772 5680184 964085966
24 0 51958014 5680184 912236357 5680184 964194371
25 0 51668575 5680184 912626609 5680184 964295184
26 0 51384488 5680184 913020750 5680184 964405238
27 0 51088290 5680184 913412150 5680184 964500440
28 0 50833887 5680184 913784995 5680184 964618882
29 0 50568040 5680184 914160192 5680184 964728232
30 0 50275712 5680184 914548277 5680184 964823989
31 0 49996699 5680184 914943566 5680184 964940265
32 0 49725963 5680184 915322300 5680184 965048263
33 0 49452728 5680184 915705681 5680184 965158409
34 0 49146493 5680184 916116340 5680184 965262833
35 0 48875331 5680184 916496852 5680184 965372183
36 0 48632484 5680184 916876715 5680184 965509199
37 0 48326563 5680184 917278319 5680184 965604882
38 0 48047865 5680184 917671848 5680184 965719713
39 0 47769000 5680184 918045008 5680184 965814008
40 0 47488079 5680184 918443167 5680184 965931246
41 0 47199566 5680184 918825975 5680184 966025541
42 0 46934960 5680184 919202135 5680184 966137095
43 0 46636854 5680184 919609905 5680184 966246759
44 0 46346971 5680184 919995231 5680184 966342202
45 0 46020884 5680184 920441001 5680184 966461885
46 0 45719297 5680184 920838438 5680184 966557735
47 0 45444173 5680184 921224782 5680184 966668955
48 0 45154215 5680184 921609423 5680184 966763638
49 0 44856980 5680184 922016990 5680184 966873970
50 0 44601096 5680184 922393483 5680184 966994579
51 0 44326527 5680184 922777383 5680184 967103910
52 0 44037088 5680184 923177320 5680184 967214408
53 0 43745500 5680184 923562665 5680184 967308165
54 0 43472302 5680184 923944084 5680184 967416386
55 0 43132216 5680184 924396223 5680184 967528439
56 0 42840369 5680184 924781383 5680184 967621752
57 0 41944664 5680184 925800882 5680184 967745546
58 0 41635207 5680184 926205634 5680184 967840841
59 0 41371878 5680184 926581090 5680184 967952968
60 0 41103623 5680184 926957065 5680184 968060688
61 0 40813315 5680184 927356853 5680184 968170168
62 0 40541672 5680184 927739457 5680184 968281129
63 0 40222529 5680184 928163394 5680184 968385923
64 0 39939923 5680184 928563257 5680184 968503180
1 0 44648910 5680191 697473832 5680191 742122742
2 0 43715186 5680191 698486758 5680191 742201944
3 0 43436525 5680191 698850825 5680191 742287350
4 0 43218844 5680191 699150023 5680191 742368867
5 0 42980681 5680191 699472740 5680191 742453421
6 0 42755149 5680191 699771623 5680191 742526772
7 0 42468543 5680191 700143931 5680191 742612474
8 0 42242102 5680191 700455481 5680191 742697583
9 0 42028014 5680191 700740549 5680191 742768563
10 0 41820258 5680191 701043618 5680191 742863876
11 0 41602763 5680191 701332649 5680191 742935412
12 0 41377841 5680191 701639940 5680191 743017781
13 0 41168678 5680191 701922713 5680191 743091391
14 0 40974441 5680191 702209392 5680191 743183833
15 0 40762297 5680191 702505961 5680191 743268258
16 0 40553523 5680191 702793530 5680191 743347053
17 0 40358378 5680191 703083265 5680191 743441643
18 0 40120846 5680191 703391907 5680191 743512753
19 0 39899350 5680191 703698365 5680191 743597715
20 0 39677298 5680191 703991730 5680191 743669028
21 0 39461896 5680191 704291205 5680191 743753101
22 0 39177585 5680191 704665199 5680191 743842784
23 0 38960441 5680191 704953027 5680191 743913468
24 0 38742390 5680191 705252262 5680191 743994652
25 0 38523375 5680191 705548090 5680191 744071465
26 0 38315769 5680191 705840343 5680191 744156112
27 0 38093550 5680191 706134579 5680191 744228129
28 0 37901258 5680191 706417351 5680191 744318609
29 0 37696798 5680191 706704105 5680191 744400903
30 0 37475155 5680191 706998303 5680191 744473458
31 0 37273954 5680191 707291983 5680191 744565937
32 0 37071050 5680191 707574978 5680191 744646028
33 0 36873147 5680191 707856806 5680191 744729953
34 0 36645429 5680191 708164448 5680191 744809877
35 0 36452673 5680191 708446980 5680191 744899653
36 0 36252807 5680191 708731752 5680191 744984559
37 0 36017330 5680191 709039154 5680191 745056484
38 0 35809426 5680191 709335630 5680191 745145056
39 0 35601207 5680191 709616829 5680191 745218036
40 0 35394785 5680191 709915064 5680191 745309849
41 0 35129180 5680191 710253483 5680191 745382663
42 0 34941942 5680191 710539256 5680191 745481198
43 0 34705854 5680191 710860139 5680191 745565993
44 0 34484895 5680191 711152096 5680191 745636991
45 0 34295176 5680191 711431721 5680191 745726897
46 0 34073051 5680191 711726549 5680191 745799600
47 0 33873518 5680191 712011191 5680191 745884709
48 0 33655929 5680191 712301334 5680191 745957263
49 0 33428877 5680191 712614236 5680191 746043113
50 0 33235919 5680191 712902082 5680191 746138001
51 0 33031792 5680191 713191929 5680191 746223721
52 0 32820463 5680191 713492775 5680191 746313238
53 0 32606727 5680191 713779936 5680191 746386663
54 0 32398712 5680191 714071079 5680191 746469791
55 0 32171586 5680191 714382888 5680191 746554474
56 0 31928943 5680191 714697197 5680191 746626140
57 0 31721243 5680191 714996599 5680191 746717842
58 0 30999960 5680191 715790491 5680191 746790451
59 0 30789761 5680191 716084430 5680191 746874191
60 0 30572505 5680191 716373462 5680191 746945967
61 0 30357879 5680191 716671716 5680191 747029595
62 0 30160327 5680191 716954155 5680191 747114482
63 0 29928757 5680191 717271279 5680191 747200036
64 0 29717595 5680191 717571588 5680191 747289183
1 0 44717075 5680198 497442476 5680198 542159551
2 0 43788148 5680198 498452624 5680198 542240772
3 0 43513746 5680198 498814654 5680198 542328400
4 0 43294880 5680198 499115500 5680198 542410380
5 0 43062772 5680198 499434606 5680198 542497378
6 0 42840758 5680198 499729378 5680198 542570136
7 0 42510302 5680198 500145092 5680198 542655394
8 0 42270936 5680198 500470012 5680198 542740948
9 0 42050329 5680198 500763062 5680198 542813391
10 0 41839943 5680198 501068927 5680198 542908870
11 0 41629355 5680198 501351718 5680198 542981073
12 0 41404655 5680198 501656583 5680198 543061238
13 0 41187974 5680198 501945707 5680198 543133681
14 0 40988663 5680198 502236498 5680198 543225161
15 0 40781630 5680198 502527659 5680198 543309289
16 0 40572319 5680198 502814617 5680198 543386936
17 0 40368156 5680198 503104019 5680198 543472175
18 0 40138383 5680198 503404976 5680198 543543359
19 0 39914035 5680198 503712452 5680198 543626487
20 0 39686354 5680198 504011150 5680198 543697504
21 0 39472765 5680198 504308811 5680198 543781576
22 0 39184382 5680198 504684952 5680198 543869334
23 0 38966663 5680198 504974873 5680198 543941536
24 0 38766667 5680198 505273701 5680198 544040368
25 0 38552338 5680198 505567917 5680198 544120255
26 0 38342842 5680198 505860856 5680198 544203698
27 0 38121031 5680198 506155481 5680198 544276512
28 0 37929072 5680198 506436679 5680198 544365751
29 0 37725520 5680198 506723711 5680198 544449231
30 0 37504505 5680198 507017298 5680198 544521803
31 0 37299176 5680198 507311552 5680198 544610728
32 0 37091605 5680198 507599843 5680198 544691448
33 0 36890906 5680198 507884208 5680198 544775114
34 0 36656892 5680198 508194683 5680198 544851575
35 0 36461451 5680198 508478178 5680198 544939629
36 0 36258565 5680198 508765025 5680198 545023590
37 0 36021570 5680198 509073797 5680198 545095367
38 0 35816203 5680198 509369236 5680198 545185439
39 0 35605263 5680198 509653008 5680198 545258271
40 0 35401786 5680198 509951854 5680198 545353640
41 0 35129957 5680198 510295348 5680198 545425305
42 0 34925331 5680198 510584343 5680198 545509674
43 0 34696243 5680198 510898744 5680198 545594987
44 0 34476581 5680198 511188368 5680198 545664949
45 0 34281973 5680198 511471585 5680198 545753558
46 0 34053829 5680198 511771395 5680198 545825224
47 0 33843073 5680198 512066019 5680198 545909092
48 0 33640208 5680198 512354161 5680198 545994369
49 0 33409933 5680198 512668045 5680198 546077978
50 0 33218437 5680198 512954521 5680198 546172958
51 0 33010552 5680198 513245867 5680198 546256419
52 0 32804148 5680198 513543899 5680198 546348047
53 0 32591171 5680198 513828986 5680198 546420157
54 0 32384823 5680198 514116332 5680198 546501155
55 0 32122625 5680198 514464918 5680198 546587543
56 0 31910721 5680198 514747302 5680198 546658023
57 0 31218956 5680198 515529195 5680198 546748151
58 0 30980738 5680198 515840282 5680198 546821020
59 0 30780853 5680198 516122517 5680198 546903370
60 0 30569208 5680198 516406790 5680198 546975998
61 0 30350620 5680198 516707784 5680198 547058404
62 0 30150180 5680198 516990686 5680198 547140866
63 0 29914573 5680198 517304477 5680198 547219050
64 0 29703855 5680198 517602508 5680198 547306363
1 0 44490375 5680205 277506950 5680205 321997325
2 0 43576911 5680205 278500190 5680205 322077101
3 0 43302287 5680205 278860924 5680205 322163211
4 0 43084106 5680205 279159789 5680205 322243895
5 0 42853795 5680205 279476098 5680205 322329893
6 0 42639261 5680205 279762945 5680205 322402206
7 0 42216269 5680205 280269843 5680205 322486112
8 0 41983255 5680205 280585559 5680205 322568814
9 0 41768945 5680205 280871220 5680205 322640165
10 0 41557079 5680205 281177640 5680205 322734719
11 0 41346452 5680205 281459617 5680205 322806069
12 0 41133753 5680205 281757204 5680205 322890957
13 0 40921831 5680205 282041087 5680205 322962918
14 0 40728352 5680205 282330638 5680205 323058990
15 0 40517598 5680205 282625354 5680205 323142952
16 0 40317916 5680205 282906053 5680205 323223969
17 0 40117716 5680205 283193436 5680205 323311152
18 0 39887128 5680205 283495505 5680205 323382633
19 0 39662299 5680205 283803851 5680205 323466150
20 0 39446840 5680205 284096160 5680205 323543000
21 0 39235011 5680205 284391210 5680205 323626221
22 0 38947442 5680205 284769481 5680205 323716923
23 0 38748723 5680205 285051457 5680205 323800180
24 0 38533912 5680205 285350878 5680205 323884790
25 0 38319712 5680205 285643965 5680205 323963677
26 0 38112402 5680205 285935126 5680205 324047528
27 0 37890054 5680205 286229361 5680205 324119415
28 0 37700095 5680205 286509004 5680205 324209099
29 0 37496413 5680205 286799258 5680205 324295671
30 0 37276565 5680205 287090197 5680205 324366762
31 0 37076921 5680205 287379025 5680205 324455946
32 0 36878536 5680205 287659057 5680205 324537593
33 0 36676909 5680205 287943052 5680205 324619961
34 0 36442840 5680205 288256027 5680205 324698867
35 0 36247233 5680205 288540633 5680205 324787866
36 0 36038755 5680205 288833646 5680205 324872401
37 0 35810074 5680205 289137529 5680205 324947603
38 0 35604392 5680205 289432876 5680205 325037268
39 0 35398508 5680205 289711259 5680205 325109767
40 0 35155957 5680205 290045920 5680205 325201877
41 0 34927943 5680205 290345951 5680205 325273894
42 0 34728409 5680205 290630483 5680205 325358892
43 0 34507283 5680205 290933737 5680205 325441020
44 0 34286843 5680205 291224324 5680205 325511167
45 0 34098755 5680205 291502522 5680205 325601277
46 0 33872980 5680205 291798795 5680205 325671775
47 0 33669947 5680205 292085623 5680205 325755570
48 0 33471025 5680205 292369617 5680205 325840642
49 0 33249678 5680205 292674167 5680205 325923845
50 0 33057162 5680205 292958792 5680205 326015954
51 0 32853999 5680205 293245768 5680205 326099767
52 0 32642652 5680205 293547447 5680205 326190099
53 0 32429415 5680205 293832627 5680205 326262042
54 0 32225733 5680205 294117900 5680205 326343633
55 0 31967498 5680205 294462078 5680205 326429576
56 0 31752021 5680205 294747980 5680205 326500001
57 0 31050663 5680205 295540799 5680205 326591462
58 0 30808149 5680205 295855071 5680205 326663220
59 0 30610152 5680205 296138436 5680205 326748588
60 0 30397656 5680205 296422005 5680205 326819661
61 0 30181920 5680205 296719536 5680205 326901456
62 0 29983590 5680205 297000587 5680205 326984177
63 0 29745687 5680205 297317525 5680205 327063212
64 0 29532857 5680205 297618205 5680205 327151062
1 0 58333877 5680212 101253051 5680212 159586928
2 0 57138121 5680212 102554842 5680212 159692963
3 0 56788610 5680212 103019185 5680212 159807795
4 0 56499430 5680212 103416048 5680212 159915478
5 0 57244027 5680212 103839059 5680212 161083086
6 0 56968809 5680212 104227126 5680212 161195935
7 0 56696333 5680212 104615748 5680212 161312081
8 0 56428746 5680212 104995463 5680212 161424209
9 0 56145751 5680212 105374086 5680212 161519837
10 0 55869071 5680212 105774615 5680212 161643686
11 0 55590317 5680212 106151812 5680212 161742129
12 0 55290601 5680212 106559582 5680212 161850183
13 0 55011976 5680212 106934631 5680212 161946607
14 0 54756499 5680212 107313346 5680212 162069845
15 0 54476060 5680212 107706894 5680212 162182954
16 0 54221769 5680212 108080813 5680212 162302582
17 0 53947477 5680212 108467417 5680212 162414894
18 0 53635076 5680212 108872817 5680212 162507893
19 0 53343693 5680212 109276420 5680212 162620113
20 0 53053567 5680212 109661673 5680212 162715240
21 0 52658409 5680212 110167126 5680212 162825535
22 0 52290008 5680212 110653858 5680212 162943866
23 0 52002903 5680212 111036406 5680212 163039309
24 0 51707000 5680212 111443047 5680212 163150047
25 0 51419617 5680212 111832132 5680212 163251749
26 0 51147492 5680212 112213218 5680212 163360710
27 0 50854369 5680212 112600173 5680212 163454542
28 0 50601262 5680212 112972870 5680212 163574132
29 0 50327026 5680212 113356696 5680212 163683722
30 0 50029606 5680212 113748374 5680212 163777980
31 0 49747907 5680212 114141645 5680212 163889552
32 0 49478468 5680212 114516508 5680212 163994976
33 0 49212621 5680212 114891705 5680212 164104326
34 0 48910108 5680212 115299586 5680212 164209694
35 0 48654613 5680212 115674746 5680212 164329359
36 0 48384803 5680212 116054868 5680212 164439671
37 0 48077049 5680212 116458676 5680212 164535725
38 0 47805258 5680212 116848780 5680212 164654038
39 0 47531171 5680212 117218458 5680212 164749629
40 0 47258805 5680212 117609025 5680212 164867830
41 0 46989551 5680212 117987221 5680212 164976772
42 0 46733779 5680212 118358288 5680212 165092067
43 0 46427414 5680212 118776484 5680212 165203898
44 0 46141012 5680212 119157329 5680212 165298341
45 0 45889460 5680212 119525952 5680212 165415412
46 0 45590114 5680212 119920204 5680212 165510318
47 0 45218547 5680212 120401195 5680212 165619742
48 0 44925905 5680212 120789206 5680212 165715111
49 0 44628780 5680212 121195569 5680212 165824349
50 0 44372840 5680212 121574155 5680212 165946995
51 0 44095791 5680212 121962684 5680212 166058475
52 0 43811666 5680212 122355510 5680212 166167176
53 0 43526208 5680212 122736281 5680212 166262489
54 0 43208399 5680212 123165977 5680212 166374376
55 0 42900035 5680212 123583913 5680212 166483948
56 0 42606873 5680212 123969814 5680212 166576687
57 0 42320675 5680212 124377232 5680212 166697907
58 0 42018718 5680212 124773002 5680212 166791720
59 0 41760593 5680212 125142514 5680212 166903107
60 0 41482413 5680212 125518414 5680212 167000827
61 0 41203678 5680212 125905092 5680212 167108770
62 0 40939460 5680212 126278993 5680212 167218453
63 0 40628429 5680212 126696170 5680212 167324599
64 0 40351342 5680212 127092422 5680212 167443764
1 0 44381062 5680218 917140519 5680218 961521581
2 0 43452672 5680218 918147704 5680218 961600376
3 0 43182511 5680218 918503549 5680218 961686060
4 0 42965663 5680218 918802025 5680218 961767688
5 0 42728464 5680218 919125759 5680218 961854223
6 0 42508172 5680218 919418809 5680218 961926981
7 0 42298768 5680218 919712193 5680218 962010961
8 0 42097198 5680218 919997169 5680218 962094367
9 0 41794536 5680218 920371144 5680218 962165680
10 0 41582763 5680218 920674953 5680218 962257716
11 0 41366063 5680218 920963725 5680218 962329788
12 0 41142956 5680218 921269868 5680218 962412824
13 0 40927164 5680218 921556066 5680218 962483230
14 0 40732964 5680218 921843912 5680218 962576876
15 0 40524913 5680218 922138351 5680218 962663264
16 0 40320379 5680218 922421198 5680218 962741577
17 0 40110031 5680218 922714507 5680218 962824538
18 0 39881776 5680218 923015631 5680218 962897407
19 0 39657188 5680218 923322940 5680218 962980128
20 0 39429636 5680218 923620509 5680218 963050145
21 0 39220252 5680218 923914707 5680218 963134959
22 0 38925368 5680218 924300070 5680218 963225438
23 0 38709057 5680218 924587621 5680218 963296678
24 0 38505191 5680218 924887263 5680218 963392454
25 0 38288620 5680218 925180499 5680218 963469119
26 0 38073199 5680218 925480752 5680218 963553951
27 0 37849462 5680218 925778210 5680218 963627672
28 0 37658466 5680218 926058760 5680218 963717226
29 0 37455581 5680218 926343662 5680218 963799243
30 0 37229863 5680218 926641323 5680218 963871186
31 0 37025644 5680218 926935188 5680218 963960832
32 0 36823074 5680218 927222516 5680218 964045590
33 0 36618578 5680218 927509677 5680218 964128255
34 0 36384916 5680218 927820875 5680218 964205791
35 0 36191604 5680218 928105277 5680218 964296881
36 0 35986090 5680218 928394105 5680218 964380195
37 0 35747668 5680218 928703229 5680218 964450897
38 0 35537172 5680218 929000409 5680218 964537581
39 0 35323954 5680218 929286755 5680218 964610709
40 0 35116995 5680218 929585583 5680218 964702578
41 0 34900147 5680218 929873022 5680218 964773169
42 0 34584653 5680218 930272107 5680218 964856760
43 0 34354619 5680218 930585713 5680218 964940332
44 0 34132327 5680218 930878226 5680218 965010553
45 0 33940646 5680218 931161146 5680218 965101792
46 0 33712595 5680218 931460900 5680218 965173495
47 0 33511191 5680218 931746284 5680218 965257475
48 0 33295861 5680218 932034149 5680218 965330010
49 0 33088532 5680218 932338754 5680218 965427286
50 0 32895369 5680218 932624230 5680218 965519599
51 0 32691855 5680218 932913132 5680218 965604987
52 0 32480932 5680218 933212127 5680218 965693059
53 0 32260233 5680218 933505177 5680218 965765410
54 0 32057218 5680218 933792060 5680218 965849278
55 0 31794353 5680218 934140313 5680218 965934666
56 0 31577467 5680218 934427697 5680218 966005164
57 0 31367639 5680218 934726339 5680218 966093978
58 0 31133716 5680218 935031945 5680218 966165661
59 0 30927035 5680218 935322217 5680218 966249252
60 0 30714095 5680218 935606397 5680218 966320492
61 0 30500896 5680218 935903317 5680218 966404213
62 0 30300399 5680218 936185738 5680218 966486137
63 0 30062959 5680218 936501954 5680218 966564913
64 0 29849685 5680218 936803282 5680218 966652967
1 0 56755350 5680225 717498439 5680225 774253789
2 0 55852627 5680225 718507401 5680225 774360028
3 0 55620817 5680225 718856172 5680225 774476989
4 0 55433116 5680225 719152019 5680225 774585135
5 0 55236490 5680225 719465217 5680225 774701707
6 0 55044346 5680225 719755711 5680225 774800057
7 0 54787684 5680225 720124241 5680225 774911925
8 0 54587929 5680225 720438513 5680225 775026442
9 0 54397506 5680225 720724415 5680225 775121921
10 0 54223083 5680225 721026336 5680225 775249419
11 0 54029902 5680225 721314182 5680225 775344084
12 0 53833868 5680225 721617695 5680225 775451563
13 0 53636076 5680225 721909967 5680225 775546043
14 0 53376080 5680225 722293127 5680225 775669207
15 0 53095974 5680225 722682731 5680225 775778705
16 0 52824035 5680225 723057891 5680225 775881926
17 0 52557244 5680225 723435069 5680225 775992313
18 0 52250324 5680225 723836061 5680225 776086385
19 0 51958459 5680225 724236498 5680225 776194957
20 0 51658038 5680225 724629528 5680225 776287566
21 0 51391839 5680225 725021706 5680225 776413545
22 0 51022365 5680225 725512530 5680225 776534895
23 0 50735055 5680225 725894875 5680225 776629930
24 0 50444932 5680225 726294867 5680225 776739799
25 0 50160918 5680225 726679934 5680225 776840852
26 0 49884849 5680225 727068723 5680225 776953572
27 0 49586281 5680225 727461253 5680225 777047534
28 0 49326267 5680225 727838635 5680225 777164902
29 0 49058958 5680225 728217757 5680225 777276715
30 0 48765481 5680225 728606732 5680225 777372213
31 0 48496763 5680225 728995336 5680225 777492099
32 0 48230010 5680225 729368532 5680225 777598542
33 0 47962848 5680225 729746377 5680225 777709225
34 0 47521652 5680225 730293386 5680225 777815038
35 0 47250621 5680225 730689211 5680225 777939832
36 0 46977311 5680225 731073204 5680225 778050515
37 0 46671946 5680225 731473882 5680225 778145828
38 0 46398969 5680225 731864116 5680225 778263085
39 0 46111624 5680225 732246182 5680225 778357806
40 0 45841498 5680225 732636453 5680225 778477951
41 0 45559411 5680225 733013798 5680225 778573209
42 0 45297490 5680225 733387365 5680225 778684855
43 0 45004588 5680225 733791598 5680225 778796186
44 0 44715075 5680225 734174591 5680225 778889666
45 0 44455969 5680225 734551436 5680225 779007405
46 0 44170177 5680225 734945151 5680225 779115328
47 0 43899702 5680225 735326458 5680225 779226160
48 0 43614688 5680225 735707674 5680225 779322362
49 0 43319971 5680225 736112555 5680225 779432526
50 0 43061846 5680225 736493474 5680225 779555320
51 0 42781963 5680225 736885466 5680225 779667429
52 0 42509172 5680225 737278255 5680225 779787427
53 0 42222658 5680225 737659304 5680225 779881962
54 0 41951293 5680225 738040538 5680225 779991831
55 0 42665502 5680225 738498177 5680225 781163679
56 0 42379156 5680225 738881207 5680225 781260363
57 0 42096495 5680225 739284014 5680225 781380509
58 0 41788796 5680225 739685359 5680225 781474155
59 0 41484838 5680225 740099870 5680225 781584708
60 0 41195622 5680225 740484029 5680225 781679651
61 0 40911405 5680225 740879263 5680225 781790668
62 0 40647706 5680225 741256311 5680225 781904017
63 0 40335194 5680225 741675155 5680225 782010349
64 0 40064754 5680225 742068407 5680225 782133161
1 0 43935590 5680232 562244566 5680232 606180156
2 0 42923886 5680232 563334842 5680232 606258728
3 0 42659909 5680232 563682040 5680232 606341949
4 0 42448524 5680232 563973664 5680232 606422188
5 0 42213103 5680232 564292028 5680232 606505131
6 0 42000032 5680232 564579801 5680232 606579833
7 0 41789129 5680232 564871666 5680232 606660795
8 0 41587707 5680232 565156142 5680232 606743849
9 0 41377007 5680232 565439729 5680232 606816736
10 0 41172197 5680232 565739501 5680232 606911698
11 0 40960201 5680232 566022977 5680232 606983178
12 0 40742204 5680232 566323898 5680232 607066102
13 0 40530523 5680232 566607411 5680232 607137934
14 0 40333490 5680232 566894924 5680232 607228414
15 0 40125994 5680232 567186011 5680232 607312005
16 0 39921553 5680232 567467691 5680232 607389244
17 0 39715594 5680232 567755760 5680232 607471354
18 0 39498061 5680232 568059032 5680232 607557093
19 0 39276769 5680232 568362193 5680232 607638962
20 0 39055477 5680232 568654058 5680232 607709535
21 0 38846758 5680232 568947553 5680232 607794311
22 0 38567448 5680232 569320009 5680232 607887457
23 0 38356082 5680232 569601633 5680232 607957715
24 0 38141661 5680232 569897979 5680232 608039640
25 0 37781611 5680232 570334638 5680232 608116249
26 0 37572689 5680232 570627170 5680232 608199859
27 0 37350971 5680232 570920590 5680232 608271561
28 0 37159474 5680232 571200900 5680232 608360374
29 0 36954293 5680232 571488709 5680232 608443002
30 0 36733279 5680232 571782889 5680232 608516168
31 0 36530635 5680232 572075439 5680232 608606074
32 0 36332750 5680232 572355341 5680232 608688091
33 0 36134439 5680232 572637891 5680232 608772330
34 0 35906609 5680232 572943460 5680232 608850069
35 0 35710316 5680232 573228825 5680232 608939141
36 0 35507043 5680232 573515264 5680232 609022307
37 0 35273176 5680232 573820925 5680232 609094101
38 0 35067051 5680232 574114382 5680232 609181433
39 0 34859351 5680232 574394673 5680232 609254024
40 0 34653411 5680232 574694075 5680232 609347486
41 0 34436415 5680232 574982792 5680232 609419207
42 0 34238585 5680232 575263139 5680232 609501724
43 0 34031292 5680232 575566874 5680232 609598166
44 0 33813445 5680232 575856257 5680232 609669702
45 0 33607097 5680232 576151511 5680232 609758608
46 0 33376564 5680232 576452746 5680232 609829310
47 0 33170975 5680232 576740093 5680232 609911068
48 0 32955868 5680232 577025476 5680232 609981344
49 0 33353620 5680232 577330415 5680232 610684035
50 0 33163679 5680232 577615373 5680232 610779052
51 0 32957201 5680232 577909293 5680232 610866494
52 0 32747353 5680232 578204603 5680232 610951956
53 0 32532302 5680232 578490893 5680232 611023195
54 0 32294881 5680232 578811202 5680232 611106083
55 0 32070032 5680232 579120030 5680232 611190062
56 0 31846796 5680232 579414580 5680232 611261376
57 0 31632670 5680232 579717519 5680232 611350189
58 0 31380378 5680232 580041791 5680232 611422169
59 0 31175771 5680232 580329304 5680232 611505075
60 0 30964350 5680232 580612076 5680232 611576426
61 0 30755464 5680232 580903034 5680232 611658498
62 0 30557024 5680232 581184306 5680232 611741330
63 0 30327806 5680232 581498504 5680232 611826310
64 0 30120606 5680232 581793647 5680232 611914253
