1 0 531725817 1178110 56617244 1178110 588343061
2 0 338651754 1178110 290794138 1178110 629445892
1 0 680518590 1178122 376246412 1178123 56765002
2 0 472276211 1178122 640424889 1178123 112701100
1 0 486652578 1178134 666812309 1178135 153464887
2 0 319912264 1178134 872259093 1178135 192171357
1 0 489325396 1178146 907434582 1178147 396759978
2 0 320285218 1178147 114097732 1178147 434382950
1 0 516921358 1178159 216639300 1178159 733560658
2 0 337338848 1178159 435290198 1178159 772629046
1 0 678247830 1178171 556092263 1178172 234340093
2 0 472952285 1178171 817990652 1178172 290942937
1 0 528243911 1178183 896451711 1178184 424695622
2 0 327545740 1178184 136297565 1178184 463843305
1 0 500673243 1178196 207754743 1178196 708427986
2 0 325657981 1178196 420833376 1178196 746491357
1 0 472325274 1178208 538139722 1178209 10464996
2 0 326921270 1178208 722837351 1178209 49758621
1 0 494915056 1178220 746757758 1178221 241672814
2 0 327340113 1178220 953494606 1178221 280834719
