1 1 318190405 1178233 70484134 1178234 388674539
2 1 116092523 1178233 328628370 1178234 444720893
3 0 912614964 1178233 588309687 1178234 500924651
4 0 707866892 1178233 848706972 1178234 556573864
1 1 29202081 1178245 293257257 1178246 322459338
2 0 871146675 1178245 507698010 1178246 378844685
3 0 746407344 1178245 688271662 1178246 434679006
4 0 614501930 1178245 868904813 1178246 483406743
1 1 54598529 1178257 595057608 1178258 649656137
2 0 861220663 1178257 844894431 1178258 706115094
3 0 730422932 1178258 31791774 1178258 762214706
4 0 602771064 1178258 216570215 1178258 819341279
1 1 40112826 1178269 908060526 1178270 948173352
2 0 828888994 1178270 175484060 1178271 4373054
3 0 694069896 1178270 366891020 1178271 60960916
4 0 562138446 1178270 555902192 1178271 118040638
1 1 19431524 1178282 263455291 1178283 282886815
2 0 893741878 1178282 445929998 1178283 339671876
3 0 768027806 1178282 627551870 1178283 395579676
4 0 640737395 1178282 810804006 1178283 451541401
1 1 130649393 1178294 460885826 1178295 591535219
2 0 885291503 1178294 746195808 1178295 631487311
3 0 654059024 1178295 16361899 1178295 670420923
4 0 506038665 1178295 203077912 1178295 709116577
1 0 959418169 1178306 691792311 1178307 651210480
2 0 797853204 1178306 892897821 1178307 690751025
3 0 652690772 1178307 77049364 1178307 729740136
4 0 505015851 1178307 263985409 1178307 769001260
1 0 936234933 1178318 915929864 1178319 852164797
2 0 772043223 1178319 119593342 1178319 891636565
3 0 632001043 1178319 298362675 1178319 930363718
4 0 490645185 1178319 477504093 1178319 968149278
1 0 920901248 1178331 237116203 1178332 158017451
2 0 774408583 1178331 425269575 1178332 199678158
3 0 634528030 1178331 605224681 1178332 239752711
4 0 493931287 1178331 785400190 1178332 279331477
1 1 133941078 1178343 587881199 1178344 721822277
2 0 903675527 1178343 856796590 1178344 760472117
3 0 673837133 1178344 125899385 1178344 799736518
4 0 506360210 1178344 332624729 1178344 838984939
