1 10 223030899 1179001 346706264 1179011 569737163
2 10 53247792 1179001 556533774 1179011 609781566
3 9 907237201 1179001 742431030 1179011 649668231
4 9 758881211 1179001 931033974 1179011 689915185
5 9 616340979 1179002 114310503 1179011 730651482
6 9 399620676 1179002 371103689 1179011 770724365
7 9 174132583 1179002 637025288 1179011 811157871
8 8 950847465 1179002 900198127 1179011 851045592
9 8 729718676 1179003 161883253 1179011 891601929
10 8 508625218 1179003 424790134 1179011 933415352
11 8 286754739 1179003 687882715 1179011 974637454
12 8 63828837 1179003 952334028 1179012 16162865
13 7 840633142 1179004 217591567 1179012 58224709
14 7 618001530 1179004 481667999 1179012 99669529
15 7 395114461 1179004 746583858 1179012 141698319
16 7 171851953 1179005 11501459 1179012 183353412
17 6 946419730 1179005 278887622 1179012 225307352
18 6 723682526 1179005 543379139 1179012 267061665
19 6 502696031 1179005 806396739 1179012 309092770
20 6 280983418 1179006 70226195 1179012 351209613
21 6 58058479 1179006 335402012 1179012 393460491
22 5 848148469 1179006 587884912 1179012 436033381
23 5 704548572 1179006 773042645 1179012 477591217
24 5 563822175 1179006 955350508 1179012 519172683
25 5 419726472 1179007 142506480 1179012 562232952
26 5 275594900 1179007 330213293 1179012 605808193
27 5 132700489 1179007 515697483 1179012 648397972
28 4 984813583 1179007 705093504 1179012 689907087
29 4 839304259 1179007 893626005 1179012 732930264
30 4 696133298 1179008 79854329 1179012 775987627
31 4 556028407 1179008 263099062 1179012 819127469
32 4 412608320 1179008 450512400 1179012 863120720
1 10 25483622 1179063 593517592 1179073 619001214
2 9 882251144 1179063 779183056 1179073 661434200
3 9 744168861 1179063 960116872 1179073 704285733
4 9 604979266 1179064 141958929 1179073 746938195
5 9 460368000 1179064 330321025 1179073 790689025
6 9 241061954 1179064 593320995 1179073 834382949
7 9 21827312 1179064 857207301 1179073 879034613
8 8 801713208 1179065 120692558 1179073 922405766
9 8 580665639 1179065 384474958 1179073 965140597
10 8 361133022 1179065 648957548 1179074 10090570
11 8 138741221 1179065 913805797 1179074 52547018
12 7 915460123 1179066 179383532 1179074 94843655
13 7 691999546 1179066 445528034 1179074 137527580
14 7 468470229 1179066 711491410 1179074 179961639
15 7 244709436 1179066 978204882 1179074 222914318
16 7 21202619 1179067 244391976 1179074 265594595
17 6 804014512 1179067 504560280 1179074 308574792
18 6 660814978 1179067 690654735 1179074 351469713
19 6 522269889 1179067 871719270 1179074 393989159
20 6 382864855 1179068 52895136 1179074 435759991
21 6 243429025 1179068 234910782 1179074 478339807
22 6 105856936 1179068 415609584 1179074 521466520
23 5 967314477 1179068 597480029 1179074 564794506
24 5 826752835 1179068 780979461 1179074 607732296
25 5 681620579 1179068 968227172 1179074 649847751
26 5 541950106 1179069 150741419 1179074 692691525
27 5 397853311 1179069 338149534 1179074 736002845
28 5 257556442 1179069 520136773 1179074 777693215
29 5 114052117 1179069 706676905 1179074 820729022
30 4 971915377 1179069 890414573 1179074 862329950
31 4 820417320 1179070 83381579 1179074 903798899
32 4 671284086 1179070 273833190 1179074 945117276
1 11 440923114 1179125 807480532 1179137 248403646
2 11 294706917 1179126 14814016 1179137 309520933
3 11 171141147 1179126 195137880 1179137 366279027
4 11 34327433 1179126 374207009 1179137 408534442
5 10 899718490 1179126 551700206 1179137 451418696
6 10 758687950 1179126 735166491 1179137 493854441
7 10 620440227 1179126 916068880 1179137 536509107
8 10 481642680 1179127 97335967 1179137 578978647
9 10 343201609 1179127 279394445 1179137 622596054
10 10 132175993 1179127 533804472 1179137 665980465
11 9 909309942 1179127 798627295 1179137 707937237
12 9 687191822 1179128 62955572 1179137 750147394
13 9 465957516 1179128 325537106 1179137 791494622
14 9 241324851 1179128 591145007 1179137 832469858
15 9 15020924 1179128 858902476 1179137 873923400
16 8 790768751 1179129 124920073 1179137 915688824
17 8 567723352 1179129 390057094 1179137 957780446
18 8 391009436 1179129 608334697 1179137 999344133
19 8 249494721 1179129 791341601 1179138 40836322
20 8 116301121 1179129 974006845 1179138 90307966
21 7 992379340 1179130 156960991 1179138 149340331
22 7 812705223 1179130 395869580 1179138 208574803
23 7 605184038 1179130 662406833 1179138 267590871
24 7 397009515 1179130 929188248 1179138 326197763
25 7 184755682 1179131 195739167 1179138 380494849
26 6 958898023 1179131 462487027 1179138 421385050
27 6 733550872 1179131 729647138 1179138 463198010
28 6 506094801 1179131 997778692 1179138 503873493
29 6 280741632 1179132 264067913 1179138 544809545
30 6 55243428 1179132 530582648 1179138 585826076
31 5 828994425 1179132 797638520 1179138 626632945
32 5 602844642 1179133 64887092 1179138 667731734
1 9 911892001 1179188 9575932 1179197 921467933
2 9 686083082 1179188 276764413 1179197 962847495
3 9 466173085 1179188 539271503 1179198 5444588
4 9 244808691 1179188 803281230 1179198 48089921
5 9 23832381 1179189 66673026 1179198 90505407
6 8 803593928 1179189 330117264 1179198 133711192
7 8 581816170 1179189 594908236 1179198 176724406
8 8 358531906 1179189 860058885 1179198 218590791
9 8 144321890 1179190 116314135 1179198 260636025
10 8 5694526 1179190 297390354 1179198 303084880
11 7 868609854 1179190 478011971 1179198 346621825
12 7 729581387 1179190 660353888 1179198 389935275
13 7 592340829 1179190 840948098 1179198 433288927
14 7 452529359 1179191 24283903 1179198 476813262
15 7 314317450 1179191 204723190 1179198 519040640
16 7 176902081 1179191 384319438 1179198 561221519
17 7 39485378 1179191 564886760 1179198 604372138
18 6 903088416 1179191 744974387 1179198 648062803
19 6 766587028 1179191 923826650 1179198 690413678
20 6 628179826 1179192 104692485 1179198 732872311
21 6 486046069 1179192 287106844 1179198 773152913
22 6 346134266 1179192 469107953 1179198 815242219
23 6 198735611 1179192 657897781 1179198 856633392
24 6 48039742 1179192 849447777 1179198 897487519
25 5 906351271 1179193 33179111 1179198 939530382
26 5 758383072 1179193 223929011 1179198 982312083
27 5 615831026 1179193 409232314 1179199 25063340
28 5 475024259 1179193 593369900 1179199 68394159
29 5 263040052 1179193 846819019 1179199 109859071
30 5 39034931 1179194 114472527 1179199 153507458
31 4 812179551 1179194 382037241 1179199 194216792
32 4 615997942 1179194 621366858 1179199 237364800
1 10 968965407 1179250 204459033 1179261 173424440
2 10 820041596 1179250 411342229 1179261 231383825
3 10 677666529 1179250 599845117 1179261 277511646
4 10 529694199 1179250 788717517 1179261 318411716
5 10 383774256 1179250 975539513 1179261 359313769
6 10 239125418 1179251 162730908 1179261 401856326
7 10 93150605 1179251 351710843 1179261 444861448
8 9 950095846 1179251 538021608 1179261 488117454
9 9 804336474 1179251 725862768 1179261 530199242
10 9 663203826 1179251 910217701 1179261 573421527
11 9 521654982 1179252 93875518 1179261 615530500
12 9 380364708 1179252 277547056 1179261 657911764
13 9 206252260 1179252 494426297 1179261 700678557
14 8 982763389 1179252 760602704 1179261 743366093
15 8 758708103 1179253 27632909 1179261 786341012
16 8 534013459 1179253 294286936 1179261 828300395
17 8 313083038 1179253 558730655 1179261 871813693
18 8 90020733 1179253 823581143 1179261 913601876
19 7 866981204 1179254 88198099 1179261 955179303
20 7 645348111 1179254 351395287 1179261 996743398
21 7 488529344 1179254 548791427 1179262 37320771
22 7 346648081 1179254 733318486 1179262 79966567
23 7 204745689 1179254 918004171 1179262 122749860
24 7 60594174 1179255 104226234 1179262 164820408
25 6 836046509 1179255 372056109 1179262 208102618
26 6 609138760 1179255 641618209 1179262 250756969
27 6 382688224 1179255 910600598 1179262 293288822
28 6 155772865 1179256 180316324 1179262 336089189
29 5 929610658 1179256 449011200 1179262 378621858
30 5 704775516 1179256 716265327 1179262 421040843
31 5 478384868 1179256 984048036 1179262 462432904
32 5 251359048 1179257 252351049 1179262 503710097
1 10 932246718 1179312 443587861 1179323 375834579
2 10 770012390 1179312 647055012 1179323 417067402
3 10 630181847 1179312 827828070 1179323 458009917
4 10 489756777 1179313 9566924 1179323 499323701
5 10 348054623 1179313 192247944 1179323 540302567
6 10 136541944 1179313 444461031 1179323 581002975
7 9 914594487 1179313 707716032 1179323 622310519
8 9 691418388 1179313 970858757 1179323 662277145
9 9 468449729 1179314 234476084 1179323 702925813
10 9 323841613 1179314 418930773 1179323 742772386
11 9 180599673 1179314 602431722 1179323 783031395
12 9 39243955 1179314 784441793 1179323 823685748
13 8 878539689 1179314 985594064 1179323 864133753
14 8 653574625 1179315 251653454 1179323 905228079
15 8 429694318 1179315 515622200 1179323 945316518
16 8 207119948 1179315 779802775 1179323 986922723
17 7 983353212 1179316 44653355 1179324 28006567
18 7 759280427 1179316 310123942 1179324 69404369
19 7 535972293 1179316 574678992 1179324 110651285
20 7 311186929 1179316 840798418 1179324 151985347
21 7 87276918 1179317 106330911 1179324 193607829
22 6 861527425 1179317 373267136 1179324 234794561
23 6 634334905 1179317 641833699 1179324 276168604
24 6 406927370 1179317 910629999 1179324 317557369
25 6 178395913 1179318 180250893 1179324 358646806
26 5 954000449 1179318 446623981 1179324 400624430
27 5 728865888 1179318 713529725 1179324 442395613
28 5 502462055 1179318 981682593 1179324 484144648
29 5 277196978 1179319 248687113 1179324 525884091
30 5 51494040 1179319 515962683 1179324 567456723
31 4 824772473 1179319 785019459 1179324 609791932
32 4 597600267 1179320 54038754 1179324 651639021
1 9 898671488 1179374 717554057 1179384 616225545
2 9 677510794 1179374 979498398 1179384 657009192
3 9 455118846 1179375 243189797 1179384 698308643
4 9 231893156 1179375 507783160 1179384 739676316
5 9 9149975 1179375 771673055 1179384 780823030
6 8 785972617 1179376 35514766 1179384 821487383
7 8 560652745 1179376 301121628 1179384 861774373
8 8 337010933 1179376 566081224 1179384 903092157
9 8 112027906 1179376 831786251 1179384 943814157
10 7 885562705 1179377 98565219 1179384 984127924
11 7 661100854 1179377 364252727 1179385 25353581
12 7 438045956 1179377 628627724 1179385 66673680
13 7 215524845 1179377 892353919 1179385 107878764
14 7 40808576 1179378 108591894 1179385 149400470
15 6 901221806 1179378 289568244 1179385 190790050
16 6 761656424 1179378 470864106 1179385 232520530
17 6 621802733 1179378 653017025 1179385 274819758
18 6 481120595 1179378 834520143 1179385 315640738
19 6 340784783 1179379 16150221 1179385 356935004
20 6 196042725 1179379 203067473 1179385 399110198
21 6 45809385 1179379 394311215 1179385 440120600
22 5 899846906 1179379 581846270 1179385 481693176
23 5 755930721 1179379 767610322 1179385 523541043
24 5 614241120 1179379 951128771 1179385 565369891
25 5 472747684 1179380 134010694 1179385 606758378
26 5 328489523 1179380 319201388 1179385 647690911
27 5 181969648 1179380 507515131 1179385 689484779
28 5 38365216 1179380 692051763 1179385 730416979
29 4 896716967 1179380 875633544 1179385 772350511
30 4 770238847 1179381 62314597 1179385 832553444
31 4 648156605 1179381 243658551 1179385 891815156
32 4 520729393 1179381 430208644 1179385 950938037
1 9 903502713 1179436 897203844 1179446 800706557
2 9 708255939 1179437 133499741 1179446 841755680
3 9 570123715 1179437 313217856 1179446 883341571
4 9 431811845 1179437 492931212 1179446 924743057
5 9 293403238 1179437 673167409 1179446 966570647
6 9 152636676 1179437 855056389 1179447 7693065
7 9 13696411 1179438 34965427 1179447 48661838
8 8 874200676 1179438 216583782 1179447 90784458
9 8 734362484 1179438 397315063 1179447 131677547
10 8 589536039 1179438 583793046 1179447 173329085
11 8 444328453 1179438 770373063 1179447 214701516
12 8 303130325 1179438 952510520 1179447 255640845
13 8 161949290 1179439 134663902 1179447 296613192
14 8 21062545 1179439 317334293 1179447 338396838
15 7 883617993 1179439 496773154 1179447 380391147
16 7 741827951 1179439 679772927 1179447 421600878
17 7 600786598 1179439 862457373 1179447 463243971
18 7 459190274 1179440 45617180 1179447 504807454
19 7 317761558 1179440 228816653 1179447 546578211
20 7 176254030 1179440 411580634 1179447 587834664
21 7 34681890 1179440 594761219 1179447 629443109
22 6 816283273 1179440 854889020 1179447 671172293
23 6 589952199 1179441 122409918 1179447 712362117
24 6 362213616 1179441 391188106 1179447 753401722
25 6 134284851 1179441 659759447 1179447 794044298
26 5 908525284 1179441 926249217 1179447 834774501
27 5 684748975 1179442 191229831 1179447 875978806
28 5 458665897 1179442 458865449 1179447 917531346
29 5 232630262 1179442 725906041 1179447 958536303
30 5 7272705 1179442 993527197 1179448 799902
31 4 780953632 1179443 261491475 1179448 42445107
32 4 554450339 1179443 529139815 1179448 83590154
1 9 921951877 1179499 295327429 1179509 217279306
2 9 749337291 1179499 509865955 1179509 259203246
3 9 609055442 1179499 692545141 1179509 301600583
4 9 464632896 1179499 878494079 1179509 343126975
5 9 325090421 1179500 59700850 1179509 384791271
6 9 104128891 1179500 321131700 1179509 425260591
7 8 880384026 1179500 585466937 1179509 465850963
8 8 656254446 1179500 849880359 1179509 506134805
9 8 434569800 1179501 114047748 1179509 548617548
10 8 213947523 1179501 377395394 1179509 591342917
11 7 993954214 1179501 639815243 1179509 633769457
12 7 844824557 1179501 831162130 1179509 675986687
13 7 705799238 1179502 12607082 1179509 718406320
14 7 560198049 1179502 199016195 1179509 759214244
15 7 420078104 1179502 380967933 1179509 801046037
16 7 279477392 1179502 563388439 1179509 842865831
17 7 136974549 1179502 747028366 1179509 884002915
18 6 994154379 1179502 930558203 1179509 924712582
19 6 838875471 1179503 127105137 1179509 965980608
20 6 680986930 1179503 327009412 1179510 7996342
21 6 536893822 1179503 511742318 1179510 48636140
22 6 386717610 1179503 703171630 1179510 89889240
23 6 236677415 1179503 893376743 1179510 130054158
24 6 96240422 1179504 74939451 1179510 171179873
25 5 957028459 1179504 255637158 1179510 212665617
26 5 817401542 1179504 437624895 1179510 255026437
27 5 677638830 1179504 619423766 1179510 297062596
28 5 536865491 1179504 801549852 1179510 338415343
29 5 395602698 1179504 984155521 1179510 379758219
30 5 255303942 1179505 166878207 1179510 422182149
31 5 113517270 1179505 350475894 1179510 463993164
32 4 972775819 1179505 533033065 1179510 505808884
1 10 667104534 1179561 473316935 1179572 140421469
2 10 528645243 1179561 654138176 1179572 182783419
3 10 388104955 1179561 836548904 1179572 224653859
4 10 249020878 1179562 17815304 1179572 266836182
5 10 98613283 1179562 209773383 1179572 308386666
6 9 874898196 1179562 475371225 1179572 350269421
7 9 650205220 1179562 741180674 1179572 391385894
8 9 426124881 1179563 7224489 1179572 433349370
9 9 203262665 1179563 272846572 1179572 476109237
10 8 980498577 1179563 537733188 1179572 518231765
11 8 758502178 1179563 801966520 1179572 560468698
12 8 536411263 1179564 66195500 1179572 602606763
13 8 314252738 1179564 331688400 1179572 645941138
14 8 90503614 1179564 596412500 1179572 686916114
15 7 867611862 1179564 861730107 1179572 729341969
16 7 644186324 1179565 128638276 1179572 772824600
17 7 422252499 1179565 393327117 1179572 815579616
18 7 279238407 1179565 577194021 1179572 856432428
19 7 135943876 1179565 762095164 1179572 898039040
20 6 993291629 1179565 945564187 1179572 938855816
21 6 833920283 1179566 148446682 1179572 982366965
22 6 609067941 1179566 415832359 1179573 24900300
23 6 386282261 1179566 681921433 1179573 68203694
24 6 161061221 1179566 948920452 1179573 109981673
25 5 935066067 1179567 216548643 1179573 151614710
26 5 708565608 1179567 485272202 1179573 193837810
27 5 482686063 1179567 754729228 1179573 237415291
28 5 255720910 1179568 24551784 1179573 280272694
29 5 29574722 1179568 294512115 1179573 324086837
30 4 803033245 1179568 564103509 1179573 367136754
31 4 614505469 1179568 795917716 1179573 410423185
32 4 473087513 1179568 980474236 1179573 453561749
