1 18 530989082 1179623 699680842 1179642 230669924
2 18 306220515 1179623 966758748 1179642 272979263
3 18 124020487 1179624 191254782 1179642 315275269
4 17 983710027 1179624 374515735 1179642 358225762
5 17 845050091 1179624 555976945 1179642 401027036
6 17 708984530 1179624 735598506 1179642 444583036
7 17 572113208 1179624 915615929 1179642 487729137
8 17 435694024 1179625 95093493 1179642 530787517
9 17 296704668 1179625 277058582 1179642 573763250
10 17 152800927 1179625 464491527 1179642 617292454
11 17 5149056 1179625 655758564 1179642 660907620
12 16 863045224 1179625 842138511 1179642 705183735
13 16 725864519 1179626 24087748 1179642 749952267
14 16 587926402 1179626 205026709 1179642 792953111
15 16 455143406 1179626 386180481 1179642 841323887
16 16 336943958 1179626 568897463 1179642 905841421
17 16 206166183 1179626 751547798 1179642 957713981
18 16 68278417 1179626 934408999 1179643 2687416
19 15 923282217 1179627 124359561 1179643 47641778
20 15 777544141 1179627 315367881 1179643 92912022
21 15 637897910 1179627 500196506 1179643 138094416
22 15 500322396 1179627 682726103 1179643 183048499
23 15 363357168 1179627 865432307 1179643 228789475
24 15 226341052 1179628 48017439 1179643 274358491
25 15 87584136 1179628 232172078 1179643 319756214
26 14 948385988 1179628 416751820 1179643 365137808
27 14 810475112 1179628 600384080 1179643 410859192
28 14 671348277 1179628 784305668 1179643 455653945
29 14 530636085 1179628 968331550 1179643 498967635
30 14 390898596 1179629 151717241 1179643 542615837
31 14 248304515 1179629 337733602 1179643 586038117
32 14 104726638 1179629 524872090 1179643 629598728
33 13 962327368 1179629 710953839 1179643 673281207
34 13 823599543 1179629 893144943 1179643 716744486
35 13 685082882 1179630 75673021 1179643 760755903
36 13 546122619 1179630 261029395 1179643 807152014
37 13 409075726 1179630 445441510 1179643 854517236
38 13 271336198 1179630 630720423 1179643 902056621
39 13 129277921 1179630 818336828 1179643 947614749
40 12 981463405 1179631 10534661 1179643 991998066
41 12 834123842 1179631 202856881 1179644 36980723
42 12 688026311 1179631 395828810 1179644 83855121
43 12 542886983 1179631 588529689 1179644 131416672
44 12 397423365 1179631 781588376 1179644 179011741
45 12 196793474 1179632 26703508 1179644 223496982
46 12 49972031 1179632 220907932 1179644 270879963
47 11 903022795 1179632 415274722 1179644 318297517
48 11 757073205 1179632 606980676 1179644 364053881
49 11 611156410 1179632 798036403 1179644 409192813
50 11 463486039 1179632 991390047 1179644 454876086
51 11 318387118 1179633 180874822 1179644 499261940
52 11 170153499 1179633 375015265 1179644 545168764
53 11 20766180 1179633 569073451 1179644 589839631
54 10 881398943 1179633 755358974 1179644 636757917
55 10 729389101 1179633 952193143 1179644 681582244
56 10 578613569 1179634 148701318 1179644 727314887
57 10 431877884 1179634 340732210 1179644 772610094
58 10 285748261 1179634 532231501 1179644 817979762
59 10 137796247 1179634 725588978 1179644 863385225
60 9 967662352 1179634 940685290 1179644 908347642
61 9 739371188 1179635 213975981 1179644 953347169
62 9 516219090 1179635 482115903 1179644 998334993
63 9 369754917 1179635 673126149 1179645 42881066
64 9 239615722 1179635 864290410 1179645 103906132
1 20 244072434 1179746 15063365 1179766 259135799
2 20 105619920 1179746 215483518 1179766 321103438
3 19 980863619 1179746 401508454 1179766 382372073
4 19 853931917 1179746 589448296 1179766 443380213
5 19 719155109 1179746 785182338 1179766 504337447
6 19 577729338 1179746 987603619 1179766 565332957
7 19 450694842 1179747 176064099 1179766 626758941
8 19 325520198 1179747 362571099 1179766 688091297
9 19 196764457 1179747 552813822 1179766 749578279
10 19 67402469 1179747 743657256 1179766 811059725
11 18 937692303 1179747 935977549 1179766 873669852
12 18 808911081 1179748 126063609 1179766 934974690
13 18 679830976 1179748 316812581 1179766 996643557
14 18 554921364 1179748 503443338 1179767 58364702
15 18 425493451 1179748 695135959 1179767 120629410
16 18 298175737 1179748 884237001 1179767 182412738
17 18 171597047 1179749 73144824 1179767 244741871
18 18 45226667 1179749 261017038 1179767 306243705
19 17 919582088 1179749 449023749 1179767 368605837
20 17 790150341 1179749 640464616 1179767 430614957
21 17 603150925 1179749 890342117 1179767 493493042
22 17 480124925 1179750 75653603 1179767 555778528
23 17 350156874 1179750 267419000 1179767 617575874
24 17 223154877 1179750 456376730 1179767 679531607
25 17 96759423 1179750 645862190 1179767 742621613
26 16 969739112 1179750 836350167 1179767 806089279
27 16 839405032 1179751 28322690 1179767 867727722
28 16 709509777 1179751 213071761 1179767 922581538
29 16 566962435 1179751 399240379 1179767 966202814
30 16 425078228 1179751 584676419 1179768 9754647
31 16 283975785 1179751 769378602 1179768 53354387
32 16 143942024 1179751 956117153 1179768 100059177
33 16 2463884 1179752 141799447 1179768 144263331
34 15 860005264 1179752 327758920 1179768 187764184
35 15 715067858 1179752 516163846 1179768 231231704
36 15 571499110 1179752 703963747 1179768 275462857
37 15 428709959 1179752 891199621 1179768 319909580
38 15 285206804 1179753 79222480 1179768 364429284
39 15 138880184 1179753 268441279 1179768 407321463
40 14 995241438 1179753 457127792 1179768 452369230
41 14 851307846 1179753 645323870 1179768 496631716
42 14 707457716 1179753 833544540 1179768 541002256
43 14 562969005 1179754 22646933 1179768 585615938
44 14 418761289 1179754 211470388 1179768 630231677
45 14 276867546 1179754 399313047 1179768 676180593
46 14 133435629 1179754 587752861 1179768 721188490
47 13 990048675 1179754 775927365 1179768 765976040
48 13 846577463 1179754 963730988 1179768 810308451
49 13 702089141 1179755 151757699 1179768 853846840
50 13 556626449 1179755 340767409 1179768 897393858
51 13 414012016 1179755 528392332 1179768 942404348
52 13 268870337 1179755 717859792 1179768 986730129
53 13 117563889 1179755 913460929 1179769 31024818
54 12 973149177 1179756 101756431 1179769 74905608
55 12 828448452 1179756 290822362 1179769 119270814
56 12 684790929 1179756 478960015 1179769 163750944
57 12 540092389 1179756 667828988 1179769 207921377
58 12 396197925 1179756 856966418 1179769 253164343
59 12 253659936 1179757 44340734 1179769 298000670
60 12 118662021 1179757 237013132 1179769 355675153
61 11 991594285 1179757 427625588 1179769 419219873
62 11 864803432 1179757 617848793 1179769 482652225
63 11 736661253 1179757 809100200 1179769 545761453
64 11 607651313 1179758 693490 1179769 608344803
1 19 37943042 1179868 258012622 1179887 295955664
2 18 875764362 1179868 464153090 1179887 339917452
3 18 740849391 1179868 643726595 1179887 384575986
4 18 604224101 1179868 824472115 1179887 428696216
5 18 468665308 1179869 5145414 1179887 473810722
6 18 269068305 1179869 248947923 1179887 518016228
7 18 51105291 1179869 511669783 1179887 562775074
8 17 833093574 1179869 772781027 1179887 605874601
9 17 612119138 1179870 36864361 1179887 648983499
10 17 438528440 1179870 253352386 1179887 691880826
11 17 300980224 1179870 433510565 1179887 734490789
12 17 163062144 1179870 613832853 1179887 776894997
13 17 26811717 1179870 792448155 1179887 819259872
14 16 888215225 1179870 973055788 1179887 861271013
15 16 751460492 1179871 152092508 1179887 903553000
16 16 613718298 1179871 331159913 1179887 944878211
17 16 474208527 1179871 513489087 1179887 987697614
18 16 333305005 1179871 696264771 1179888 29569776
19 16 190817589 1179871 881040619 1179888 71858208
20 16 45959831 1179872 67850353 1179888 113810184
21 15 902086700 1179872 253426520 1179888 155513220
22 15 753204280 1179872 444615742 1179888 197820022
23 15 609388926 1179872 630811415 1179888 240200341
24 15 466633755 1179872 815416767 1179888 282050522
25 15 325946434 1179872 998287041 1179888 324233475
26 15 185104874 1179873 181963615 1179888 367068489
27 15 43780564 1179873 365167346 1179888 408947910
28 14 900972654 1179873 549989601 1179888 450962255
29 14 758149449 1179873 735226310 1179888 493375759
30 14 616679086 1179873 919444947 1179888 536124033
31 14 474312186 1179874 104745230 1179888 579057416
32 14 330472389 1179874 291308006 1179888 621780395
33 14 188473888 1179874 476506032 1179888 664979920
34 14 46273781 1179874 661723612 1179888 707997393
35 13 906039729 1179874 845132598 1179888 751172327
36 13 763783215 1179875 30191089 1179888 793974304
37 13 621402000 1179875 215726552 1179888 837128552
38 13 479753863 1179875 400412440 1179888 880166303
39 13 339488256 1179875 586594242 1179888 926082498
40 13 197348517 1179875 773171833 1179888 970520350
41 13 55892359 1179875 959622241 1179889 15514600
42 12 912586903 1179876 146675508 1179889 59262411
43 12 771086467 1179876 333290080 1179889 104376547
44 12 627217244 1179876 521888131 1179889 149105375
45 12 479621057 1179876 713637584 1179889 193258641
46 12 338673889 1179876 900222545 1179889 238896434
47 12 194782204 1179877 88122758 1179889 282904962
48 12 25922711 1179877 302240810 1179889 328163521
49 11 880999972 1179877 491614994 1179889 372614966
50 11 740840658 1179877 677599597 1179889 418440255
51 11 600388424 1179877 864363610 1179889 464752034
52 11 461108723 1179878 50329472 1179889 511438195
53 11 321814022 1179878 235614570 1179889 557428592
54 11 180887889 1179878 423072644 1179889 603960533
55 11 34750470 1179878 615596859 1179889 650347329
56 10 892891838 1179878 801802531 1179889 694694369
57 10 764523627 1179878 989772113 1179889 754295740
58 10 639854751 1179879 176363426 1179889 816218177
59 10 509003070 1179879 370939805 1179889 879942875
60 10 379883744 1179879 564512333 1179889 944396077
61 10 250488590 1179879 757725591 1179890 8214181
62 10 103680147 1179879 950850794 1179890 54530941
63 9 957548728 1179880 143707114 1179890 101255842
64 9 817565929 1179880 330419943 1179890 147985872
1 19 432857558 1179990 552695646 1180009 985553204
2 19 306953503 1179990 741059387 1180010 48012890
3 19 189826497 1179990 922684427 1180010 112510924
4 19 68856105 1179991 105923675 1180010 174779780
5 18 941413024 1179991 296347080 1180010 237760104
6 18 742217606 1179991 560261713 1180010 302479319
7 18 540632365 1179991 826965699 1180010 367598064
8 18 327406961 1179992 92590466 1180010 419997427
9 18 105824555 1179992 359123178 1180010 464947733
10 17 883610088 1179992 625703944 1180010 509314032
11 17 660387658 1179992 893472391 1180010 553860049
12 17 438552183 1179993 159093621 1180010 597645804
13 17 211078004 1179993 430288630 1180010 641366634
14 17 50103079 1179993 634657317 1180010 684760396
15 16 907998915 1179993 820148225 1180010 728147140
16 16 766531478 1179994 5581524 1180010 772113002
17 16 623253504 1179994 192680419 1180010 815933923
18 16 425712498 1179994 435307265 1180010 861019763
19 16 289638475 1179994 616749345 1180010 906387820
20 16 148666491 1179994 802437787 1180010 951104278
21 16 8578084 1179994 987870215 1180010 996448299
22 15 869764837 1179995 171910151 1180011 41674988
23 15 731416672 1179995 355570170 1180011 86986842
24 15 609243896 1179995 538257966 1180011 147501862
25 15 485463762 1179995 722766727 1180011 208230489
26 15 348448887 1179995 905577391 1180011 254026278
27 15 209871691 1179996 88878620 1180011 298750311
28 15 68533918 1179996 274574543 1180011 343108461
29 14 928292273 1179996 458086897 1180011 386379170
30 14 785467030 1179996 645011741 1180011 430478771
31 14 640184372 1179996 834197540 1180011 474381912
32 14 490970958 1179997 29002062 1180011 519973020
33 14 349677833 1179997 216697483 1180011 566375316
34 14 208685295 1179997 402337110 1180011 611022405
35 14 69450926 1179997 587152254 1180011 656603180
36 13 931636086 1179997 770506963 1180011 702143049
37 13 787666587 1179997 959786279 1180011 747452866
38 13 640640389 1179998 152106387 1180011 792746776
39 13 500926400 1179998 337973473 1180011 838899873
40 13 358847383 1179998 526348084 1180011 885195467
41 13 225954983 1179998 713541311 1180011 939496294
42 13 96572496 1179998 907050007 1180012 3622503
43 12 966716628 1179999 99744830 1180012 66461458
44 12 843931937 1179999 286516547 1180012 130448484
45 12 717566113 1179999 476394925 1180012 193961038
46 12 592993625 1179999 664753054 1180012 257746679
47 12 471041770 1179999 850758601 1180012 321800371
48 12 348303967 1180000 37334173 1180012 385638140
49 12 225941102 1180000 223216703 1180012 449157805
50 12 97050438 1180000 416636586 1180012 513687024
51 11 974487855 1180000 602837869 1180012 577325724
52 11 850780385 1180000 790877839 1180012 641658224
53 11 724376025 1180000 981436870 1180012 705812895
54 11 601242564 1180001 168525784 1180012 769768348
55 11 475816572 1180001 357942320 1180012 833758892
56 11 348255753 1180001 549747697 1180012 898003450
57 11 224157403 1180001 737520857 1180012 961678260
58 11 100266401 1180001 925587918 1180013 25854319
59 10 977288973 1180002 112513021 1180013 89801994
60 10 852025461 1180002 302339381 1180013 154364842
61 10 724626860 1180002 492811248 1180013 217438108
62 10 594450499 1180002 686633475 1180013 281083974
63 10 470817307 1180002 874404709 1180013 345222016
64 10 345260264 1180003 63658136 1180013 408918400
1 18 998142716 1180112 797972720 1180131 796115436
2 18 776107262 1180113 63193884 1180131 839301146
3 18 569072387 1180113 313845202 1180131 882917589
4 18 426657914 1180113 499489941 1180131 926147855
5 18 280773546 1180113 687820886 1180131 968594432
6 18 134328910 1180113 876467918 1180132 10796828
7 17 988132179 1180114 65099986 1180132 53232165
8 17 841780134 1180114 254309785 1180132 96089919
9 17 696472181 1180114 442293922 1180132 138766103
10 17 552757677 1180114 628932030 1180132 181689707
11 17 359612382 1180114 865087317 1180132 224699699
12 17 225449006 1180115 59975616 1180132 285424622
13 17 100873740 1180115 245459265 1180132 346333005
14 16 974533045 1180115 432271425 1180132 406804470
15 16 824558071 1180115 631471028 1180132 456029099
16 16 657890832 1180115 840509031 1180132 498399863
17 16 512157332 1180116 29633442 1180132 541790774
18 16 364986322 1180116 219820795 1180132 584807117
19 16 215969978 1180116 411217217 1180132 627187195
20 15 986586799 1180116 684082972 1180132 670669771
21 15 804776189 1180116 908521970 1180132 713298159
22 15 662902743 1180117 92995231 1180132 755897974
23 15 519089611 1180117 279976851 1180132 799066462
24 15 380137886 1180117 463437817 1180132 843575703
25 15 180475255 1180117 705653245 1180132 886128500
26 14 956281678 1180117 972331176 1180132 928612854
27 14 732980713 1180118 239136216 1180132 972116929
28 14 564093072 1180118 451178216 1180133 15271288
29 14 417210612 1180118 641527418 1180133 58738030
30 14 270522741 1180118 831729549 1180133 102252290
31 14 121204200 1180119 25632200 1180133 146836400
32 13 972813900 1180119 217931363 1180133 190745263
33 13 826428930 1180119 408275454 1180133 234704384
34 13 681851832 1180119 597257054 1180133 279108886
35 13 513214872 1180119 810213017 1180133 323427889
36 13 332288541 1180120 36202355 1180133 368490896
37 13 188829904 1180120 223383989 1180133 412213893
38 13 42446860 1180120 412920744 1180133 455367604
39 12 895452847 1180120 602980711 1180133 498433558
40 12 753573012 1180120 789072774 1180133 542645786
41 12 610589197 1180120 975698253 1180133 586287450
42 12 468357202 1180121 161425323 1180133 629782525
43 12 322838161 1180121 350604918 1180133 673443079
44 12 95008062 1180121 621879389 1180133 716887451
45 11 869030372 1180121 892047140 1180133 761077512
46 11 642790742 1180122 162538997 1180133 805329739
47 11 437792198 1180122 411686363 1180133 849478561
48 11 288462248 1180122 604911009 1180133 893373257
49 11 142786543 1180122 794676093 1180133 937462636
50 10 996210410 1180122 986122440 1180133 982332850
51 10 845733318 1180123 181773038 1180134 27506356
52 10 704612170 1180123 368095801 1180134 72707971
53 10 560330364 1180123 556854774 1180134 117185138
54 10 415862227 1180123 745504102 1180134 161366329
55 10 273666768 1180123 931957010 1180134 205623778
56 10 134091461 1180124 116510400 1180134 250601861
57 9 990712730 1180124 304434445 1180134 295147175
58 9 848287386 1180124 492203772 1180134 340491158
59 9 706387737 1180124 678370426 1180134 384758163
60 9 567578785 1180124 862625951 1180134 430204736
61 9 423486493 1180125 51170633 1180134 474657126
62 9 278013210 1180125 241338560 1180134 519351770
63 9 146260621 1180125 426308349 1180134 572568970
64 9 23352544 1180125 613302635 1180134 636655179
1 20 175441783 1180235 124851710 1180255 300293493
2 20 17032975 1180235 327540893 1180255 344573868
3 19 875729110 1180235 512983450 1180255 388712560
4 19 732662908 1180235 700203288 1180255 432866196
5 19 581347943 1180235 895411913 1180255 476759856
6 19 360621076 1180236 159782185 1180255 520403261
7 19 140767821 1180236 423789539 1180255 564557360
8 18 917269083 1180236 690300232 1180255 607569315
9 18 693200707 1180236 957921163 1180255 651121870
10 18 469557694 1180237 224546558 1180255 694104252
11 18 310896038 1180237 426241075 1180255 737137113
12 18 162618255 1180237 617441019 1180255 780059274
13 18 12225567 1180237 810882346 1180255 823107913
14 17 867053129 1180237 998882131 1180255 865935260
15 17 721983041 1180238 187020617 1180255 909003658
16 17 578940081 1180238 373806481 1180255 952746562
17 17 434830993 1180238 561145371 1180255 995976364
18 17 288126770 1180238 750851234 1180256 38978004
19 17 143665060 1180238 938460119 1180256 82125179
20 17 1050721 1180239 123754901 1180256 124805622
21 16 858123350 1180239 309804224 1180256 167927574
22 16 667470450 1180239 543855886 1180256 211326336
23 16 457051937 1180239 813965583 1180256 271017520
24 16 236619694 1180240 92021625 1180256 328641319
25 16 86371542 1180240 285285621 1180256 371657163
26 15 937625840 1180240 477573693 1180256 415199533
27 15 788372167 1180240 669319423 1180256 457691590
28 15 642834737 1180240 859245392 1180256 502080129
29 15 495909667 1180241 51701516 1180256 547611183
30 15 352835929 1180241 239606414 1180256 592442343
31 15 210982760 1180241 425550702 1180256 636533462
32 15 22769405 1180241 658896748 1180256 681666153
33 14 797886509 1180241 929453547 1180256 727340056
34 14 598509262 1180242 173736323 1180256 772245585
35 14 449812577 1180242 368179038 1180256 817991615
36 14 304459329 1180242 558209246 1180256 862668575
37 14 158902695 1180242 747716872 1180256 906619567
38 14 15396521 1180242 935076558 1180256 950473079
39 13 872168675 1180243 121816997 1180256 993985672
40 13 734971748 1180243 308336644 1180257 43308392
41 13 611711956 1180243 493344988 1180257 105056944
42 13 416958636 1180243 750552419 1180257 167511055
43 13 208714526 1180244 20883537 1180257 229598063
44 13 98070 1180244 291133676 1180257 291231746
45 12 793290116 1180244 561142486 1180257 354432602
46 12 585299278 1180244 831117037 1180257 416416315
47 12 374278851 1180245 104055605 1180257 478334456
48 12 165027408 1180245 375632384 1180257 540659792
49 11 954800909 1180245 648121998 1180257 602922907
50 11 743905425 1180245 920921975 1180257 664827400
51 11 584538264 1180246 143870799 1180257 728409063
52 11 451300185 1180246 338966723 1180257 790266908
53 11 320489189 1180246 532827671 1180257 853316860
54 11 188487513 1180246 726849282 1180257 915336795
55 11 51457545 1180246 925944091 1180257 977401636
56 10 919273798 1180247 120285659 1180258 39559457
57 10 787714983 1180247 314758854 1180258 102473837
58 10 654381091 1180247 511025774 1180258 165406865
59 10 524159695 1180247 703695893 1180258 227855588
60 10 391902561 1180247 898484267 1180258 290386828
61 10 262293485 1180248 91712876 1180258 354006361
62 10 75631322 1180248 342011960 1180258 417643282
63 9 909939156 1180248 570623025 1180258 480562181
64 9 781709850 1180248 760916024 1180258 542625874
1 19 627026151 1180357 444908068 1180377 71934219
2 19 467017523 1180357 650406343 1180377 117423866
3 19 331146274 1180357 831925551 1180377 163071825
4 19 197820919 1180358 10206971 1180377 208027890
5 19 65096293 1180358 189216876 1180377 254313169
6 18 931833141 1180358 367947231 1180377 299780372
7 18 797007927 1180358 548230685 1180377 345238612
8 18 661637446 1180358 729869687 1180377 391507133
9 18 526342723 1180358 911037050 1180377 437379773
10 18 391049000 1180359 92556091 1180377 483605091
11 18 254622094 1180359 273241797 1180377 527863891
12 18 113405487 1180359 457897721 1180377 571303208
13 17 973914179 1180359 641709736 1180377 615623915
14 17 836489442 1180359 823914301 1180377 660403743
15 17 692506388 1180360 12569758 1180377 705076146
16 17 548339135 1180360 201973293 1180377 750312428
17 17 407847513 1180360 387705715 1180377 795553228
18 17 270680567 1180360 570718375 1180377 841398942
19 17 125084453 1180360 762019410 1180377 887103863
20 16 978061848 1180360 953496053 1180377 931557901
21 16 840236229 1180361 136711413 1180377 976947642
22 16 699465798 1180361 321561704 1180378 21027502
23 16 561310445 1180361 504320369 1180378 65630814
24 16 421204983 1180361 688253863 1180378 109458846
25 16 282822580 1180361 873065765 1180378 155888345
26 16 136916379 1180362 62944569 1180378 199860948
27 15 996519643 1180362 248272388 1180378 244792031
28 15 856116595 1180362 432684557 1180378 288801152
29 15 641018692 1180362 691858468 1180378 332877160
30 15 418043258 1180362 960658376 1180378 378701634
31 15 193417615 1180363 229835480 1180378 423253095
32 14 969447183 1180363 499363910 1180378 468811093
33 14 764767724 1180363 768076394 1180378 532844118
34 14 559037638 1180364 38310088 1180378 597347726
35 14 351318850 1180364 308370601 1180378 659689451
36 14 145952553 1180364 576556947 1180378 722509500
37 13 940011657 1180364 846044248 1180378 786055905
38 13 785066595 1180365 65247608 1180378 850314203
39 13 646538342 1180365 254545812 1180378 901084154
40 13 499955006 1180365 446018751 1180378 945973757
41 13 359747565 1180365 629954800 1180378 989702365
42 13 210429634 1180365 824475254 1180379 34904888
43 13 66544671 1180366 12238525 1180379 78783196
44 12 920761986 1180366 202388138 1180379 123150124
45 12 772351243 1180366 395049368 1180379 167400611
46 12 622536692 1180366 589187070 1180379 211723762
47 12 478602379 1180366 777774806 1180379 256377185
48 12 331457645 1180366 969489093 1180379 300946738
49 12 149765868 1180367 194621206 1180379 344387074
50 12 3808778 1180367 386676616 1180379 390485394
51 11 858166517 1180367 578546991 1180379 436713508
52 11 710672829 1180367 771398218 1180379 482071047
53 11 535901674 1180367 992502133 1180379 528403807
54 11 392489146 1180368 182383029 1180379 574872175
55 11 262389988 1180368 376542360 1180379 638932348
56 11 135436250 1180368 569922743 1180379 705358993
57 11 2461833 1180368 767449027 1180379 769910860
58 10 854451969 1180368 964878424 1180379 819330393
59 10 705505660 1180369 159860702 1180379 865366362
60 10 557480631 1180369 354357841 1180379 911838472
61 10 413096900 1180369 545376196 1180379 958473096
62 10 264358310 1180369 740760596 1180380 5118906
63 10 117050100 1180369 934535730 1180380 51585830
64 9 964240812 1180370 133405932 1180380 97646744
1 23 955761378 1180479 786017278 1180503 741778656
2 23 832462069 1180479 971556518 1180503 804018587
3 23 711366548 1180480 154370664 1180503 865737212
4 23 589662671 1180480 337303103 1180503 926965774
5 23 457335352 1180480 531881648 1180503 989217000
6 23 252610747 1180480 798716242 1180504 51326989
7 23 47901992 1180481 64838258 1180504 112740250
8 22 843974611 1180481 330926441 1180504 174901052
9 22 638990104 1180481 596993494 1180504 235983598
10 22 433948374 1180481 864398485 1180504 298346859
11 22 228784778 1180482 131671237 1180504 360456015
12 22 23743382 1180482 398904009 1180504 422647391
13 21 817399826 1180482 667316813 1180504 484716639
14 21 609982107 1180482 936065888 1180504 546047995
15 21 403964897 1180483 204271566 1180504 608236463
16 21 196725081 1180483 473830478 1180504 670555559
17 20 988824982 1180483 743953896 1180504 732778878
18 20 785654031 1180484 9291316 1180504 794945347
19 20 580203291 1180484 276942913 1180504 857146204
20 20 376416538 1180484 543430310 1180504 919846848
21 20 172711320 1180484 809459494 1180504 982170814
22 19 965394227 1180485 78978888 1180505 44373115
23 19 758715994 1180485 348277526 1180505 106993520
24 19 551900725 1180485 618581423 1180505 170482148
25 19 343062255 1180485 889821709 1180505 232883964
26 19 134882810 1180486 161209251 1180505 296092061
27 18 926789436 1180486 432061489 1180505 358850925
28 18 717005912 1180486 703544862 1180505 420550774
29 18 509509582 1180486 973791538 1180505 483301120
30 18 303025789 1180487 242468577 1180505 545494366
31 18 94758642 1180487 512328890 1180505 607087532
32 17 886775118 1180487 782785895 1180505 669561013
33 17 678109294 1180488 54141604 1180505 732250898
34 17 470421986 1180488 324128785 1180505 794550771
35 17 260403132 1180488 595907005 1180505 856310137
36 17 50513035 1180488 868451987 1180505 918965022
37 16 840081208 1180489 141292334 1180505 981373542
38 16 631111000 1180489 413942185 1180506 45053185
39 16 420666432 1180489 688886213 1180506 109552645
40 16 212052921 1180489 962111034 1180506 174163955
41 16 5184320 1180490 233517206 1180506 238701526
42 15 799195054 1180490 504112319 1180506 303307373
43 15 591462193 1180490 776038813 1180506 367501006
44 15 382550058 1180491 48303227 1180506 430853285
45 15 172177266 1180491 320935171 1180506 493112437
46 14 961200523 1180491 593949126 1180506 555149649
47 14 749506444 1180491 867876803 1180506 617383247
48 14 537340464 1180492 142213640 1180506 679554104
49 14 325785993 1180492 416120706 1180506 741906699
50 14 114824694 1180492 689455877 1180506 804280571
51 13 902228706 1180492 964521847 1180506 866750553
52 13 690215631 1180493 239372748 1180506 929588379
53 13 480725989 1180493 511336223 1180506 992062212
54 13 269794709 1180493 784729652 1180507 54524361
55 13 60550044 1180494 58203986 1180507 118754030
56 12 847992517 1180494 333242068 1180507 181234585
57 12 637153068 1180494 607435518 1180507 244588586
58 12 425096162 1180494 882240586 1180507 307336748
59 12 212889980 1180495 157173226 1180507 370063206
60 11 999836389 1180495 433062698 1180507 432899087
61 11 787482525 1180495 708244259 1180507 495726784
62 11 574395601 1180495 984470688 1180507 558866289
63 11 361558821 1180496 260600452 1180507 622159273
64 11 148425399 1180496 536880991 1180507 685306390
1 21 204033692 1180601 994370047 1180623 198403739
2 20 999976832 1180602 261747890 1180623 261724722
3 20 872459327 1180602 451085093 1180623 323544420
4 20 748282497 1180602 638239524 1180623 386522021
5 20 626752856 1180602 822487771 1180623 449240627
6 20 464339145 1180603 40949830 1180623 505288975
7 20 317860382 1180603 231596340 1180623 549456722
8 20 172334303 1180603 422363367 1180623 594697670
9 20 28132273 1180603 611149655 1180623 639281928
10 19 879072708 1180603 804304098 1180623 683376806
11 19 726801983 1180603 999224525 1180623 726026508
12 19 578508755 1180604 191805924 1180623 770314679
13 19 431942640 1180604 382800780 1180623 814743420
14 19 255842050 1180604 604394888 1180623 860236938
15 19 117910322 1180604 787194108 1180623 905104430
16 18 982643764 1180604 967795427 1180623 950439191
17 18 844783406 1180605 150424187 1180623 995207593
18 18 702980219 1180605 337446953 1180624 40427172
19 18 556203275 1180605 527678639 1180624 83881914
20 18 406449908 1180605 720687400 1180624 127137308
21 18 259838907 1180605 910908641 1180624 170747548
22 18 132227181 1180606 94144482 1180624 226371663
23 18 15121232 1180606 277337342 1180624 292458574
24 17 870928775 1180606 469461046 1180624 340389821
25 17 725300458 1180606 660191518 1180624 385491976
26 17 585058609 1180606 843935127 1180624 428993736
27 17 444586728 1180607 29272926 1180624 473859654
28 17 305571115 1180607 212821224 1180624 518392339
29 17 157200666 1180607 405942927 1180624 563143593
30 17 12138467 1180607 596161446 1180624 608299913
31 16 867927325 1180607 786152655 1180624 654079980
32 16 732127167 1180607 967680548 1180624 699807715
33 16 553556976 1180608 190770461 1180624 744327437
34 16 327010630 1180608 462446590 1180624 789457220
35 16 148103834 1180608 687468465 1180624 835572299
36 16 5536532 1180608 873985982 1180624 879522514
37 15 864521494 1180609 60594813 1180624 925116307
38 15 722209575 1180609 247843445 1180624 970053020
39 15 522963936 1180609 501469483 1180625 24433419
40 15 317973965 1180609 771066338 1180625 89040303
41 15 96607815 1180610 41081573 1180625 137689388
42 14 870901676 1180610 311831887 1180625 182733563
43 14 644831488 1180610 582457092 1180625 227288580
44 14 417425862 1180610 854458234 1180625 271884096
45 14 194299562 1180611 121937426 1180625 316236988
46 13 972495253 1180611 391223546 1180625 363718799
47 13 746699967 1180611 662041174 1180625 408741141
48 13 519380989 1180611 933570028 1180625 452951017
49 13 294272115 1180612 205043420 1180625 499315535
50 13 68070597 1180612 477506737 1180625 545577334
51 12 840885523 1180612 749210699 1180625 590096222
52 12 614372122 1180613 21154267 1180625 635526389
53 12 385196328 1180613 294317645 1180625 679513973
54 12 157475820 1180613 566821221 1180625 724297041
55 11 931243746 1180613 839856620 1180625 771100366
56 11 707911450 1180614 113567801 1180625 821479251
57 11 503243065 1180614 383625314 1180625 886868379
58 11 286508194 1180614 654771583 1180625 941279777
59 11 60750870 1180614 927184235 1180625 987935105
60 10 834583592 1180615 200181856 1180626 34765448
61 10 608238039 1180615 473249717 1180626 81487756
62 10 382340792 1180615 745868976 1180626 128209768
63 10 154643488 1180616 20087777 1180626 174731265
64 9 943399305 1180616 277752255 1180626 221151560
1 19 222302665 1180724 338331613 1180743 560634278
2 19 4575202 1180724 599178917 1180743 603754119
3 18 855446064 1180724 791789908 1180743 647235972
4 18 713705189 1180724 977207836 1180743 690913025
5 18 572957203 1180725 161936888 1180743 734894091
6 18 429958574 1180725 348037858 1180743 777996432
7 18 287748376 1180725 533904795 1180743 821653171
8 18 145451512 1180725 719679642 1180743 865131154
9 18 6154959 1180725 902334754 1180743 908489713
10 17 841938764 1180726 110973394 1180743 952912158
11 17 661527183 1180726 335660498 1180743 997187681
12 17 520636310 1180726 520624971 1180744 41261281
13 17 386246977 1180726 705571519 1180744 91818496
14 17 263922536 1180726 890256721 1180744 154179257
15 17 81053318 1180727 135603328 1180744 216656646
16 16 876596115 1180727 401906821 1180744 278502936
17 16 670098174 1180727 671276773 1180744 341374947
18 16 463486142 1180727 939736280 1180744 403222422
19 16 259084012 1180728 206715667 1180744 465799679
20 16 121057379 1180728 407816455 1180744 528873834
21 15 996935104 1180728 593740132 1180744 590675236
22 15 873330189 1180728 779355741 1180744 652685930
23 15 750497018 1180728 964141551 1180744 714638569
24 15 628252280 1180729 147602295 1180744 775854575
25 15 493375142 1180729 326300780 1180744 819675922
26 15 355335750 1180729 508805728 1180744 864141478
27 15 212615208 1180729 695571426 1180744 908186634
28 15 66086613 1180729 886605225 1180744 952691838
29 14 925874763 1180730 71661327 1180744 997536090
30 14 784056649 1180730 258139789 1180745 42196438
31 14 647374768 1180730 440169172 1180745 87543940
32 14 505119015 1180730 627756557 1180745 132875572
33 14 364917998 1180730 813766548 1180745 178684546
34 14 223689206 1180731 385007 1180745 224074213
35 14 76732007 1180731 192591821 1180745 269323828
36 13 930979192 1180731 382958152 1180745 313937344
37 13 786378076 1180731 572541128 1180745 358919204
38 13 644410873 1180731 760753445 1180745 405164318
39 13 502683665 1180731 948927152 1180745 451610817
40 13 364189893 1180732 141602753 1180745 505792646
41 13 239310577 1180732 331574147 1180745 570884724
42 13 96139692 1180732 522512634 1180745 618652326
43 12 955725384 1180732 707745195 1180745 663470579
44 12 806671319 1180732 901358610 1180745 708029929
45 12 664461231 1180733 88636224 1180745 753097455
46 12 516847694 1180733 280769983 1180745 797617677
47 12 371377651 1180733 470990817 1180745 842368468
48 12 223420027 1180733 663661140 1180745 887081167
49 12 77189685 1180733 854669254 1180745 931858939
50 11 934229352 1180734 43000866 1180745 977230218
51 11 788021546 1180734 233878724 1180746 21900270
52 11 641212140 1180734 425862542 1180746 67074682
53 11 495484992 1180734 616500330 1180746 111985322
54 11 349145151 1180734 808304615 1180746 157449766
55 11 202589111 1180734 999905977 1180746 202495088
56 11 54896427 1180735 193054976 1180746 247951403
57 10 905988063 1180735 387136160 1180746 293124223
58 10 758278897 1180735 579515211 1180746 337794108
59 10 609912671 1180735 773076423 1180746 382989094
60 10 463798252 1180735 964987298 1180746 428785550
61 10 320562258 1180736 153602089 1180746 474164347
62 10 174700278 1180736 344753331 1180746 519453609
63 10 33064364 1180736 531905558 1180746 564969922
64 9 888706929 1180736 721446683 1180746 610153612
