1 0 15678480 5576442 887470124 5576442 903148604
2 0 14244044 5576442 889345496 5576442 903589540
3 0 13337951 5576442 890712840 5576442 904050791
4 0 12470263 5576442 891996668 5576442 904466931
1 0 15902699 5576450 507726371 5576450 523629070
2 0 14481152 5576450 509615835 5576450 524096987
3 0 14009475 5576450 511016457 5576450 525025932
4 0 13125159 5576450 512319636 5576450 525444795
1 0 15724739 5576458 57319754 5576458 73044493
2 0 14318284 5576458 59170145 5576458 73488429
3 0 13376839 5576458 60554193 5576458 73931032
4 0 12505114 5576458 61851150 5576458 74356264
1 0 15786663 5576465 837407524 5576465 853194187
2 0 14351710 5576465 839297247 5576465 853648957
3 0 13411172 5576465 840682591 5576465 854093763
4 0 13036160 5576465 841969789 5576465 855005949
1 0 15648685 5576473 657327112 5576473 672975797
2 0 14283970 5576473 659157614 5576473 673441584
3 0 13346988 5576473 660534514 5576473 673881502
4 0 12479171 5576473 661824434 5576473 674303605
1 0 21234245 5576481 452554260 5576481 473788505
2 0 19443539 5576481 454979028 5576481 474422567
3 0 18921678 5576481 456677589 5576481 475599267
4 0 17820737 5576481 458361427 5576481 476182164
1 0 16256729 5576489 267310906 5576489 283567635
2 0 14870737 5576489 269147501 5576489 284018238
3 0 13928477 5576489 270532308 5576489 284460785
4 0 13066141 5576489 271818099 5576489 284884240
1 0 20989750 5576497 112374551 5576497 133364301
2 0 19194822 5576497 114807153 5576497 134001975
3 0 18106879 5576497 116515436 5576497 134622315
4 0 16991678 5576497 118212922 5576497 135204600
1 0 20295801 5576504 897661975 5576504 917957776
2 0 18836161 5576504 899743751 5576504 918579912
3 0 17592963 5576504 901559920 5576504 919152883
4 0 16481891 5576504 903246388 5576504 919728279
1 0 16107880 5576512 507322910 5576512 523430790
2 0 15198342 5576512 509155320 5576512 524353662
3 0 14247415 5576512 510544979 5576512 524792394
4 0 13381191 5576512 511826862 5576512 525208053
