1 0 80119135 5576817 652850760 5576817 732969895
2 0 79042600 5576817 654224993 5576817 733267593
3 0 78429667 5576817 655119087 5576817 733548754
4 0 77844419 5576817 655975978 5576817 733820397
5 0 77311188 5576817 656825555 5576817 734136743
6 0 76756125 5576817 657659224 5576817 734415349
7 0 76188580 5576817 658501060 5576817 734689640
8 0 75613702 5576817 659352729 5576817 734966431
9 0 74954251 5576817 660278767 5576817 735233018
10 0 74347503 5576817 661165399 5576817 735512902
11 0 73782588 5576817 662009716 5576817 735792304
12 0 73217395 5576817 662840904 5576817 736058299
13 0 72662257 5576817 663673648 5576817 736335905
14 0 72114582 5576817 664504373 5576817 736618955
15 0 71528705 5576817 665358023 5576817 736886728
16 0 70926846 5576817 666237692 5576817 737164538
17 0 70404559 5576817 667063436 5576817 737467995
18 0 69868587 5576817 667868106 5576817 737736693
19 0 69323875 5576817 668693183 5576817 738017058
20 0 68807849 5576817 669492204 5576817 738300053
21 0 68111621 5576817 670455705 5576817 738567326
22 0 67542002 5576817 671303596 5576817 738845598
23 0 67004901 5576817 672114618 5576817 739119519
24 0 66470226 5576817 672925806 5576817 739396032
25 0 65952846 5576817 673722551 5576817 739675397
26 0 65407875 5576817 674535906 5576817 739943781
27 0 64934181 5576817 675331909 5576817 740266090
28 0 64412395 5576817 676137579 5576817 740549974
29 0 63878961 5576817 676944304 5576817 740823265
30 0 63368414 5576817 677739549 5576817 741107963
31 0 62843184 5576817 678545237 5576817 741388421
32 0 62305046 5576817 679361240 5576817 741666286
33 0 61659743 5576817 680280334 5576817 741940077
34 0 61110031 5576817 681113578 5576817 742223609
35 0 60590782 5576817 681911340 5576817 742502122
36 0 60052107 5576817 682717510 5576817 742769617
37 0 59518376 5576817 683530976 5576817 743049352
38 0 58991627 5576817 684331461 5576817 743323088
39 0 58535821 5576817 685141205 5576817 743677026
40 0 58016923 5576817 685938894 5576817 743955817
41 0 57482544 5576817 686749693 5576817 744232237
42 0 56983461 5576817 687553530 5576817 744536991
43 0 56455360 5576817 688360607 5576817 744815967
44 0 55918148 5576817 689171962 5576817 745090110
45 0 55327159 5576817 690040872 5576817 745368031
46 0 54764021 5576817 690874912 5576817 745638933
47 0 54230958 5576817 691683785 5576817 745914743
48 0 53711745 5576817 692482863 5576817 746194608
49 0 53181273 5576817 693291255 5576817 746472528
50 0 52639765 5576817 694105906 5576817 746745671
51 0 52111145 5576817 694908021 5576817 747019166
52 0 51585174 5576817 695711265 5576817 747296439
53 0 51066850 5576817 696508898 5576817 747575748
54 0 50533546 5576817 697313938 5576817 747847484
55 0 49997000 5576817 698127534 5576817 748124534
56 0 50245903 5576817 698924056 5576817 749169959
57 0 49660192 5576817 699760392 5576817 749420584
58 0 49085647 5576817 700609469 5576817 749695116
59 0 48560638 5576817 701408602 5576817 749969240
60 0 49272606 5576817 702215661 5576817 751488267
61 0 48761949 5576817 703010979 5576817 751772928
62 0 48225497 5576817 703816445 5576817 752041942
63 0 47691803 5576817 704626152 5576817 752317955
64 0 47161202 5576817 705424489 5576817 752585691
1 0 91818433 5576834 707504679 5576834 799323112
2 0 90242185 5576834 709378810 5576834 799620995
3 0 89147298 5576834 710754562 5576834 799901860
4 0 88198279 5576834 712007279 5576834 800205558
5 0 87256112 5576834 713269755 5576834 800525867
6 0 86309574 5576834 714494880 5576834 800804454
7 0 85342315 5576834 715737412 5576834 801079727
8 0 84365407 5576834 716990092 5576834 801355499
9 0 83401296 5576834 718221976 5576834 801623272
10 0 82439462 5576834 719460101 5576834 801899563
11 0 81400944 5576834 720779095 5576834 802180039
12 0 80427907 5576834 722018275 5576834 802446182
13 0 79471240 5576834 723248622 5576834 802719862
14 0 78013934 5576834 724991219 5576834 803005153
15 0 77035064 5576834 726235473 5576834 803270537
16 0 76109026 5576834 727437469 5576834 803546495
17 0 75206302 5576834 728641317 5576834 803847619
18 0 74271171 5576834 729844146 5576834 804115317
19 0 73264413 5576834 731124640 5576834 804389053
20 0 72345560 5576834 732309173 5576834 804654733
21 0 71308857 5576834 733620760 5576834 804929617
22 0 70367467 5576834 734835848 5576834 805203315
23 0 69441577 5576834 736031548 5576834 805473125
24 0 68514484 5576834 737238821 5576834 805753305
25 0 67607741 5576834 738422151 5576834 806029892
26 0 66664575 5576834 739630405 5576834 806294980
27 0 65618001 5576834 740949455 5576834 806567456
28 0 64785073 5576834 742056452 5576834 806841525
29 0 64249046 5576834 742865178 5576834 807114224
30 0 63736241 5576834 743660774 5576834 807397015
31 0 63206010 5576834 744465425 5576834 807671435
32 0 62688538 5576834 745267614 5576834 807956152
33 0 62119678 5576834 746103154 5576834 808222832
34 0 61595985 5576834 746905601 5576834 808501586
35 0 61070921 5576834 747695383 5576834 808766304
36 0 60547690 5576834 748495479 5576834 809043169
37 0 60010422 5576834 749305075 5576834 809315497
38 0 59462543 5576834 750126541 5576834 809589084
39 0 58988164 5576834 750945988 5576834 809934152
40 0 58529839 5576834 751732510 5576834 810262349
41 0 58006016 5576834 752531958 5576834 810537974
42 0 57516748 5576834 753326813 5576834 810843561
43 0 56985628 5576834 754124724 5576834 811110352
44 0 56457341 5576834 754926154 5576834 811383495
45 0 55891648 5576834 755763953 5576834 811655601
46 0 55369066 5576834 756562345 5576834 811931411
47 0 54844927 5576834 757359645 5576834 812204572
48 0 54329863 5576834 758152074 5576834 812481937
49 0 53810243 5576834 758949948 5576834 812760191
50 0 53282827 5576834 759753822 5576834 813036649
51 0 52722041 5576834 760587269 5576834 813309310
52 0 52190015 5576834 761392457 5576834 813582472
53 0 51659858 5576834 762193887 5576834 813853745
54 0 51152015 5576834 762981502 5576834 814133517
55 0 50615433 5576834 763791801 5576834 814407234
56 0 50094092 5576834 764587730 5576834 814681822
57 0 50314920 5576834 765415548 5576834 815730468
58 0 49766597 5576834 766213737 5576834 815980334
59 0 49253589 5576834 767002129 5576834 816255718
60 0 48724377 5576834 767801725 5576834 816526102
61 0 48205108 5576834 768593933 5576834 816799041
62 0 47669137 5576834 769395695 5576834 817064832
63 0 46847467 5576834 770490508 5576834 817337975
64 0 46285793 5576834 771318196 5576834 817603989
1 0 118581909 5576851 857375990 5576851 975957899
2 0 117139566 5576851 859250047 5576851 976389613
3 0 116186324 5576851 860621651 5576851 976807975
4 0 115345859 5576851 861873479 5576851 977219338
5 0 114523208 5576851 863132233 5576851 977655441
6 0 113709575 5576851 864365691 5576851 978075266
7 0 112865276 5576851 865613853 5576851 978479129
8 0 112023163 5576851 866865477 5576851 978888640
9 0 111212215 5576851 868088547 5576851 979300762
10 0 110388767 5576851 869324783 5576851 979713550
11 0 111021349 5576851 870648109 5576851 981669458
12 0 110138235 5576851 871889864 5576851 982028099
13 0 109185346 5576851 873125044 5576851 982310390
14 0 108191754 5576851 874407075 5576851 982598829
15 0 107207568 5576851 875655793 5576851 982863361
16 0 106288715 5576851 876858048 5576851 983146763
17 0 105396361 5576851 878060007 5576851 983456368
18 0 104468213 5576851 879256743 5576851 983724956
19 0 103426251 5576851 880577089 5576851 984003340
20 0 102507565 5576851 881785232 5576851 984292797
21 0 101473695 5576851 883090634 5576851 984564329
22 0 100527158 5576851 884312425 5576851 984839583
23 0 99609564 5576851 885514236 5576851 985123800
24 0 98670915 5576851 886718584 5576851 985389499
25 0 97758950 5576851 887903895 5576851 985662845
26 0 96830634 5576851 889102891 5576851 985933525
27 0 95852209 5576851 890354774 5576851 986206983
28 0 94926782 5576851 891554381 5576851 986481163
29 0 93999244 5576851 892753655 5576851 986752899
30 0 93094446 5576851 893937596 5576851 987032042
31 0 92169723 5576851 895134369 5576851 987304092
32 0 91239167 5576851 896340272 5576851 987579439
33 0 90275462 5576851 897577786 5576851 987853248
34 0 89351424 5576851 898782023 5576851 988133447
35 0 88444571 5576851 899964741 5576851 988409312
36 0 87397721 5576851 901279864 5576851 988677585
37 0 86458534 5576851 902492008 5576851 988950542
38 0 85545070 5576851 903683041 5576851 989228111
39 0 84696549 5576851 904884352 5576851 989580901
40 0 83777103 5576851 906076515 5576851 989853618
41 0 82900823 5576851 907262159 5576851 990162982
42 0 81992785 5576851 908459062 5576851 990451847
43 0 81071895 5576851 909654373 5576851 990726268
44 0 80097433 5576851 910906997 5576851 991004430
45 0 79134191 5576851 912148307 5576851 991282498
46 0 78205819 5576851 913340285 5576851 991546104
47 0 77290392 5576851 914532318 5576851 991822710
48 0 76364577 5576851 915732110 5576851 992096687
49 0 75453205 5576851 916917014 5576851 992370219
50 0 74521130 5576851 918126120 5576851 992647250
51 0 73613259 5576851 919312505 5576851 992925764
52 0 72638092 5576851 920558667 5576851 993196759
53 0 71712683 5576851 921759570 5576851 993472253
54 0 70824200 5576851 922939326 5576851 993763526
55 0 69885032 5576851 924152118 5576851 994037150
56 0 68969716 5576851 925344373 5576851 994314089
57 0 67981124 5576851 926599016 5576851 994580140
58 0 67056919 5576851 927795419 5576851 994852338
59 0 66152899 5576851 928975193 5576851 995128092
60 0 65189140 5576851 930209392 5576851 995398532
61 0 64249509 5576851 931421036 5576851 995670545
62 0 63338045 5576851 932607921 5576851 995945966
63 0 62404563 5576851 933815583 5576851 996220146
64 0 61481746 5576851 935001450 5576851 996483196
1 0 123673795 5576868 607686273 5576868 731360068
2 0 122228026 5576868 609566238 5576868 731794264
3 0 121233934 5576868 610980544 5576868 732214478
4 0 120384080 5576868 612234224 5576868 732618304
5 0 119560372 5576868 613495701 5576868 733056073
6 0 118761629 5576868 614730103 5576868 733491732
7 0 117917256 5576868 615977209 5576868 733894465
8 0 117080864 5576868 617225297 5576868 734306161
9 0 116271972 5576868 618446570 5576868 734718542
10 0 115441895 5576868 619684380 5576868 735126275
11 0 114530153 5576868 621007577 5576868 735537730
12 0 113687798 5576868 622247332 5576868 735935130
13 0 112866239 5576868 623478716 5576868 736344955
14 0 111526746 5576868 625239183 5576868 736765929
15 0 110680966 5576868 626483789 5576868 737164755
16 0 109888630 5576868 627691710 5576868 737580340
17 0 109126810 5576868 628895706 5576868 738022516
18 0 108229216 5576868 630190311 5576868 738419527
19 0 107378936 5576868 631447047 5576868 738825983
20 0 106598376 5576868 632635858 5576868 739234234
21 0 105664209 5576868 633966129 5576868 739630338
22 0 105661357 5576868 635187476 5576868 740848833
23 0 104906852 5576868 636393528 5576868 741300380
24 0 104103794 5576868 637599875 5576868 741703669
25 0 103305587 5576868 638785871 5576868 742091458
26 0 102281032 5576868 640088995 5576868 742370027
27 0 101327439 5576868 641316120 5576868 742643559
28 0 100400789 5576868 642516542 5576868 742917331
29 0 99475011 5576868 643720037 5576868 743195048
30 0 98587157 5576868 644901478 5576868 743488635
31 0 97662138 5576868 646103455 5576868 743765593
32 0 96731804 5576868 647310710 5576868 744042514
33 0 95761007 5576868 648554761 5576868 744315768
34 0 94834728 5576868 649759849 5576868 744594577
35 0 93858617 5576868 651012585 5576868 744871202
36 0 92915171 5576868 652225544 5576868 745140715
37 0 91972615 5576868 653439595 5576868 745412210
38 0 91054596 5576868 654634831 5576868 745689427
39 0 90180538 5576868 655840290 5576868 746020828
40 0 89286536 5576868 657020046 5576868 746306582
41 0 88365146 5576868 658218801 5576868 746583947
42 0 87462442 5576868 659414537 5576868 746876979
43 0 86475645 5576868 660676162 5576868 747151807
44 0 85533997 5576868 661894694 5576868 747428691
45 0 84547755 5576868 663154393 5576868 747702148
46 0 83611552 5576868 664354740 5576868 747966292
47 0 82689661 5576868 665552162 5576868 748241823
48 0 81772567 5576868 666747455 5576868 748520022
49 0 80841622 5576868 667950228 5576868 748791850
50 0 79904659 5576868 669161927 5576868 749066586
51 0 78306058 5576868 671032448 5576868 749338506
52 0 77358021 5576868 672260091 5576868 749618112
53 0 76434428 5576868 673455661 5576868 749890089
54 0 75552963 5576868 674649842 5576868 750202805
55 0 74622573 5576868 675859764 5576868 750482337
56 0 73690442 5576868 677059778 5576868 750750220
57 0 72725127 5576868 678297292 5576868 751022419
58 0 71797477 5576868 679495955 5576868 751293432
59 0 70848495 5576868 680727265 5576868 751575760
60 0 69908217 5576868 681930427 5576868 751838644
61 0 68999660 5576868 683109201 5576868 752108861
62 0 68075752 5576868 684306882 5576868 752382634
63 0 67144177 5576868 685513156 5576868 752657333
64 0 66226787 5576868 686700411 5576868 752927198
1 0 131812030 5576885 709210187 5576885 841022217
2 0 129546906 5576885 711773509 5576885 841320415
3 0 128150878 5576885 713451958 5576885 841602836
4 0 126774273 5576885 715099909 5576885 841874182
5 0 125420169 5576885 716769544 5576885 842189713
6 0 124052121 5576885 718410143 5576885 842462264
7 0 122621241 5576885 720118388 5576885 842739629
8 0 121194657 5576885 721822578 5576885 843017235
9 0 119830719 5576885 723456418 5576885 843287137
10 0 118462430 5576885 725100257 5576885 843562687
11 0 117091271 5576885 726750615 5576885 843841886
12 0 115721704 5576885 728386732 5576885 844108436
13 0 114315194 5576885 730073089 5576885 844388283
14 0 112267510 5576885 732406119 5576885 844673629
15 0 110888703 5576885 734054070 5576885 844942773
16 0 109538673 5576885 735680502 5576885 845219175
17 0 108241901 5576885 737281342 5576885 845523243
18 0 106905427 5576885 738887904 5576885 845793331
19 0 105496361 5576885 740570576 5576885 846066937
20 0 104139238 5576885 742194231 5576885 846333469
21 0 102671117 5576885 743939383 5576885 846610500
22 0 101328828 5576885 745555667 5576885 846884495
23 0 100002112 5576885 747154100 5576885 847156212
24 0 98668137 5576885 748762866 5576885 847431003
25 0 96918504 5576885 750786513 5576885 847705017
26 0 95525252 5576885 752447500 5576885 847972752
27 0 94215240 5576885 754033285 5576885 848248525
28 0 92891950 5576885 755633570 5576885 848525520
29 0 91564735 5576885 757232076 5576885 848796811
30 0 90267425 5576885 758810121 5576885 849077546
31 0 88890304 5576885 760463404 5576885 849353708
32 0 87540421 5576885 762094670 5576885 849635091
33 0 86160503 5576885 763749657 5576885 849910160
34 0 84870916 5576885 765365849 5576885 850236765
35 0 83563775 5576885 766947689 5576885 850511464
36 0 82234041 5576885 768552955 5576885 850786996
37 0 80775234 5576885 770292904 5576885 851068138
38 0 79414371 5576885 771929040 5576885 851343411
39 0 78137970 5576885 773540657 5576885 851678627
40 0 76830642 5576885 775135405 5576885 851966047
41 0 75506445 5576885 776736671 5576885 852243116
42 0 74211469 5576885 778335623 5576885 852547092
43 0 72878513 5576885 779935370 5576885 852813883
44 0 71455558 5576885 781630579 5576885 853086137
45 0 70061936 5576885 783300881 5576885 853362817
46 0 68729906 5576885 784897554 5576885 853627460
47 0 67399802 5576885 786499820 5576885 853899622
48 0 66084030 5576885 788097716 5576885 854181746
49 0 64754518 5576885 789693908 5576885 854448426
50 0 63351119 5576885 791380098 5576885 854731217
51 0 62046958 5576885 792963606 5576885 855010564
52 0 60729298 5576885 794557705 5576885 855287003
53 0 59409360 5576885 796149212 5576885 855558572
54 0 58095792 5576885 797746978 5576885 855842770
55 0 56756947 5576885 799361189 5576885 856118136
56 0 55378140 5576885 801014546 5576885 856392686
57 0 54776040 5576885 802667626 5576885 857443666
58 0 53426010 5576885 804267170 5576885 857693180
59 0 52121146 5576885 805847751 5576885 857968897
60 0 50782912 5576885 807461258 5576885 858244170
61 0 49488048 5576885 809037524 5576885 858525572
62 0 48081259 5576885 810709382 5576885 858790641
63 0 46748840 5576885 812319796 5576885 859068636
64 0 46197757 5576885 813136503 5576885 859334260
1 0 110907925 5576902 557368642 5576902 668276567
2 0 109337344 5576902 559233403 5576902 668570747
3 0 108229698 5576902 560624007 5576902 668853705
4 0 107250087 5576902 561873705 5576902 669123792
5 0 106281142 5576902 563138552 5576902 669419694
6 0 105325846 5576902 564378102 5576902 669703948
7 0 104350308 5576902 565623820 5576902 669974128
8 0 103417733 5576902 566879037 5576902 670296770
9 0 102466788 5576902 568110569 5576902 670577357
10 0 101497455 5576902 569352953 5576902 670850408
11 0 100454419 5576902 570682391 5576902 671136810
12 0 99488233 5576902 571925219 5576902 671413452
13 0 98513844 5576902 573167492 5576902 671681336
14 0 97505919 5576902 574460005 5576902 671965924
15 0 96540252 5576902 575694592 5576902 672234844
16 0 95619436 5576902 576894681 5576902 672514117
17 0 94721341 5576902 578096455 5576902 672817796
18 0 93795655 5576902 579291136 5576902 673086791
19 0 92695195 5576902 580664480 5576902 673359675
20 0 91767972 5576902 581866772 5576902 673634744
21 0 90720102 5576902 583180970 5576902 673901072
22 0 89776713 5576902 584396521 5576902 674173234
23 0 88852174 5576902 585600406 5576902 674452580
24 0 87913656 5576902 586804290 5576902 674717946
25 0 86998043 5576902 587993157 5576902 674991200
26 0 86063505 5576902 589195264 5576902 675258769
27 0 85085098 5576902 590445018 5576902 675530116
28 0 84143689 5576902 591657236 5576902 675800925
29 0 83212467 5576902 592859083 5576902 676071550
30 0 82310317 5576902 594040876 5576902 676351193
31 0 81378668 5576902 595245649 5576902 676624317
32 0 80453167 5576902 596447275 5576902 676900442
33 0 79486703 5576902 597686585 5576902 677173288
34 0 78568999 5576902 598888636 5576902 677457635
35 0 77604461 5576902 600126965 5576902 677731426
36 0 76644183 5576902 601354979 5576902 677999162
37 0 75706701 5576902 602566215 5576902 678272916
38 0 74793088 5576902 603754063 5576902 678547151
39 0 73942790 5576902 604957540 5576902 678900330
40 0 73020696 5576902 606152240 5576902 679172936
41 0 72112806 5576902 607334773 5576902 679447579
42 0 71217489 5576902 608524177 5576902 679741666
43 0 70519243 5576902 609717432 5576902 680236675
44 0 69557502 5576902 610968371 5576902 680525873
45 0 68595853 5576902 612204274 5576902 680800127
46 0 67671426 5576902 613395048 5576902 681066474
47 0 66748888 5576902 614588988 5576902 681337876
48 0 65842127 5576902 615776725 5576902 681618852
49 0 64919849 5576902 616971980 5576902 681891829
50 0 63990681 5576902 618175791 5576902 682166472
51 0 63080458 5576902 619358972 5576902 682439430
52 0 62096031 5576902 620615467 5576902 682711498
53 0 61169475 5576902 621818703 5576902 682988178
54 0 60257196 5576902 623005218 5576902 683262414
55 0 59322492 5576902 624211917 5576902 683534409
56 0 58400638 5576902 625398562 5576902 683799200
57 0 57424212 5576902 626653094 5576902 684077306
58 0 56500878 5576902 627847941 5576902 684348819
59 0 55600413 5576902 629027475 5576902 684627888
60 0 53730857 5576902 631160860 5576902 684891717
61 0 52742671 5576902 632419596 5576902 685162267
62 0 51830225 5576902 633604092 5576902 685434317
63 0 50903705 5576902 634805255 5576902 685708960
64 0 49987149 5576902 635988732 5576902 685975881
1 0 80831048 5576919 432718972 5576919 513550020
2 0 79913640 5576919 433954226 5576919 513867866
3 0 79373650 5576919 434777840 5576919 514151490
4 0 78838457 5576919 435586899 5576919 514425356
5 0 78312319 5576919 436411420 5576919 514723739
6 0 77794624 5576919 437213720 5576919 515008344
7 0 77249283 5576919 438027353 5576919 515276636
8 0 76708996 5576919 438845449 5576919 515554445
9 0 76183303 5576919 439647637 5576919 515830940
10 0 75529112 5576919 440574175 5576919 516103287
11 0 74886642 5576919 441492510 5576919 516379152
12 0 74258987 5576919 442388456 5576919 516647443
13 0 73662147 5576919 443261439 5576919 516923586
14 0 73028325 5576919 444180774 5576919 517209099
15 0 72423225 5576919 445057128 5576919 517480353
16 0 71844811 5576919 445917537 5576919 517762348
17 0 71314283 5576919 446752670 5576919 518066953
18 0 70743035 5576919 447591450 5576919 518334485
19 0 70167398 5576919 448443249 5576919 518610647
20 0 69614223 5576919 449273733 5576919 518887956
21 0 68895719 5576919 450261066 5576919 519156785
22 0 68293526 5576919 451139031 5576919 519432557
23 0 67739166 5576919 451976053 5576919 519715219
24 0 67162158 5576919 452820185 5576919 519982343
25 0 66666909 5576919 453646021 5576919 520312930
26 0 66090753 5576919 454492079 5576919 520582832
27 0 65507078 5576919 455352193 5576919 520859271
28 0 64911589 5576919 456222621 5576919 521134210
29 0 64364267 5576919 457043790 5576919 521408057
30 0 63851665 5576919 457837368 5576919 521689033
31 0 63319879 5576919 458644223 5576919 521964102
32 0 62788667 5576919 459460282 5576919 522248949
33 0 62140179 5576919 460373246 5576919 522513425
34 0 61596560 5576919 461196360 5576919 522792920
35 0 61072329 5576919 461996549 5576919 523068878
36 0 60534543 5576919 462806663 5576919 523341206
37 0 59994145 5576919 463622833 5576919 523616978
38 0 59470341 5576919 464423984 5576919 523894325
39 0 59000682 5576919 465233525 5576919 524234207
40 0 58490322 5576919 466036417 5576919 524526739
41 0 57964498 5576919 466836680 5576919 524801178
42 0 57461378 5576919 467642424 5576919 525103802
43 0 56924093 5576919 468449908 5576919 525374001
44 0 56389584 5576919 469257486 5576919 525647070
45 0 55739855 5576919 470180339 5576919 525920194
46 0 55194402 5576919 471005879 5576919 526200281
47 0 54654005 5576919 471813271 5576919 526467276
48 0 54136923 5576919 472616070 5576919 526752993
49 0 53604859 5576919 473424296 5576919 527029155
50 0 53065202 5576919 474237725 5576919 527302927
51 0 52539731 5576919 475036895 5576919 527576626
52 0 52010870 5576919 475843602 5576919 527854472
53 0 51471306 5576919 476655309 5576919 528126615
54 0 50956668 5576919 477450109 5576919 528406777
55 0 50418104 5576919 478266519 5576919 528684623
56 0 50659692 5576919 479066208 5576919 529725900
57 0 50062944 5576919 479912933 5576919 529975877
58 0 49804171 5576919 480790416 5576919 530594587
59 0 49268570 5576919 481594864 5576919 530863434
60 0 48743303 5576919 482402830 5576919 531146133
61 0 48209738 5576919 483202834 5576919 531412572
62 0 47673637 5576919 484012226 5576919 531685863
63 0 47132092 5576919 484821933 5576919 531954025
64 0 46602028 5576919 485626140 5576919 532228168
1 0 118789536 5576936 257662750 5576936 376452286
2 0 117224473 5576936 259534659 5576936 376759132
3 0 116081254 5576936 260960539 5576936 377041793
4 0 115091513 5576936 262220201 5576936 377311714
5 0 114145087 5576936 263485010 5576936 377630097
6 0 113186198 5576936 264719616 5576936 377905814
7 0 112207716 5576936 265977074 5576936 378184790
8 0 111221901 5576936 267244087 5576936 378465988
9 0 110252790 5576936 268482527 5576936 378735317
10 0 109276771 5576936 269734763 5576936 379011534
11 0 108204124 5576936 271093478 5576936 379297602
12 0 107233699 5576936 272331991 5576936 379565690
13 0 106247588 5576936 273600782 5576936 379848370
14 0 105297846 5576936 274876888 5576936 380174734
15 0 104338105 5576936 276113846 5576936 380451951
16 0 103409252 5576936 277321231 5576936 380730483
17 0 102509529 5576936 278530985 5576936 381040514
18 0 101569676 5576936 279738481 5576936 381308157
19 0 100566380 5576936 281018105 5576936 381584485
20 0 99626139 5576936 282230045 5576936 381856184
21 0 98580714 5576936 283552724 5576936 382133438
22 0 97631565 5576936 284778516 5576936 382410081
23 0 96705897 5576936 285983271 5576936 382689168
24 0 95768026 5576936 287196433 5576936 382964459
25 0 94848340 5576936 288390818 5576936 383239158
26 0 93898654 5576936 289612350 5576936 383511004
27 0 92921265 5576936 290866364 5576936 383787629
28 0 91991931 5576936 292072693 5576936 384064624
29 0 91058485 5576936 293281226 5576936 384339711
30 0 90151910 5576936 294471759 5576936 384623669
31 0 89209335 5576936 295680495 5576936 384889830
32 0 88281093 5576936 296895176 5576936 385176269
33 0 87309279 5576936 298140615 5576936 385449894
34 0 86376759 5576936 299353944 5576936 385730703
35 0 85372278 5576936 300630087 5576936 386002365
36 0 84422611 5576936 301858786 5576936 386281397
37 0 83486609 5576936 303075356 5576936 386561965
38 0 82557424 5576936 304281555 5576936 386838979
39 0 81672459 5576936 305506384 5576936 387178843
40 0 80768550 5576936 306697695 5576936 387466245
41 0 79843364 5576936 307902079 5576936 387745443
42 0 78940732 5576936 309108520 5576936 388049252
43 0 77966195 5576936 310349200 5576936 388315395
44 0 77008713 5576936 311584084 5576936 388592797
45 0 76017621 5576936 312849745 5576936 388867366
46 0 75080249 5576936 314051723 5576936 389131972
47 0 74152193 5576936 315257885 5576936 389410078
48 0 73233285 5576936 316457640 5576936 389690925
49 0 72294895 5576936 317662228 5576936 389957123
50 0 71530410 5576936 318881483 5576936 390411893
51 0 70580871 5576936 320107479 5576936 390688350
52 0 69624964 5576936 321340029 5576936 390964993
53 0 68704481 5576936 322534155 5576936 391238636
54 0 67777832 5576936 323742299 5576936 391520131
55 0 66835683 5576936 324959461 5576936 391795144
56 0 65914848 5576936 326156087 5576936 392070935
57 0 65725945 5576936 327401174 5576936 393127119
58 0 64775296 5576936 328603670 5576936 393378966
59 0 63868554 5576936 329788648 5576936 393657202
60 0 62885795 5576936 331044957 5576936 393930752
61 0 61973664 5576936 332239509 5576936 394213173
62 0 61033422 5576936 333445357 5576936 394478779
63 0 60088773 5576936 334664834 5576936 394753607
64 0 59163587 5576936 335860478 5576936 395024065
1 0 80704570 5576952 963042465 5576953 43747035
2 0 79625276 5576952 964420068 5576953 44045344
3 0 79007065 5576952 965321366 5576953 44328431
4 0 78433539 5576952 966169628 5576953 44603167
5 0 77875678 5576952 967027501 5576953 44903179
6 0 77328652 5576952 967862874 5576953 45191526
7 0 76753292 5576952 968710247 5576953 45463539
8 0 76169896 5576952 969569731 5576953 45739627
9 0 75552018 5576952 970469251 5576953 46021269
10 0 74968789 5576952 971330697 5576953 46299486
11 0 74405392 5576952 972171256 5576953 46576648
12 0 73845588 5576952 973002166 5576953 46847754
13 0 73286303 5576952 973837872 5576953 47124175
14 0 72740868 5576952 974667412 5576953 47408280
15 0 72153305 5576952 975528118 5576953 47681423
16 0 71559817 5576952 976403990 5576953 47963807
17 0 71052307 5576952 977216494 5576953 48268801
18 0 70516132 5576952 978024145 5576953 48540277
19 0 69974457 5576952 978842630 5576953 48817087
20 0 69456356 5576952 979637541 5576953 49093897
21 0 68730407 5576952 980635651 5576953 49366058
22 0 68164862 5576952 981477635 5576953 49642497
23 0 67629557 5576952 982291787 5576953 49921344
24 0 67149899 5576952 983104679 5576953 50254578
25 0 66632095 5576952 983905904 5576953 50537999
26 0 66070013 5576952 984735722 5576953 50805735
27 0 65548837 5576952 985537911 5576953 51086748
28 0 65018181 5576952 986344525 5576953 51362706
29 0 64479561 5576952 987155491 5576953 51635052
30 0 63967015 5576952 987954976 5576953 51921991
31 0 63436321 5576952 988763591 5576953 52199912
32 0 62903405 5576952 989583020 5576953 52486425
33 0 62279454 5576952 990478225 5576953 52757679
34 0 61737521 5576952 991300246 5576953 53037767
35 0 61213030 5576952 992101231 5576953 53314261
36 0 60675170 5576952 992913586 5576953 53588756
37 0 60129273 5576952 993732663 5576953 53861936
38 0 59605597 5576952 994534297 5576953 54139894
39 0 59140513 5576952 995347263 5576953 54487776
40 0 58629783 5576952 996147340 5576953 54777123
41 0 58092145 5576952 996959954 5576953 55052099
42 0 57592524 5576952 997767847 5576953 55360371
43 0 57051220 5576952 998577368 5576953 55628588
44 0 56511785 5576952 999391205 5576953 55902990
45 0 55896260 5576953 286299 5576953 56182559
46 0 55328067 5576953 1138616 5576953 56466683
47 0 54780596 5576953 1953916 5576953 56734512
48 0 54258680 5576953 2760882 5576953 57019562
49 0 53714412 5576953 3573774 5576953 57288186
50 0 53169830 5576953 4403925 5576953 57573755
51 0 52649488 5576953 5202762 5576953 57852250
52 0 52121276 5576953 6008376 5576953 58129652
53 0 51579063 5576953 6821602 5576953 58400665
54 0 51068315 5576953 7617253 5576953 58685568
55 0 50527750 5576953 8433423 5576953 58961173
56 0 50755375 5576953 9238001 5576953 59993376
57 0 51282496 5576953 10117243 5576953 61399739
58 0 50738413 5576953 10949524 5576953 61687937
59 0 50210923 5576953 11745805 5576953 61956728
60 0 49684340 5576953 12555586 5576953 62239926
61 0 49153295 5576953 13354886 5576953 62508181
62 0 48616768 5576953 14165278 5576953 62782046
63 0 48078278 5576953 14976503 5576953 63054781
64 0 47552029 5576953 15778118 5576953 63330147
1 0 113037682 5576970 12964581 5576970 126002263
2 0 111476545 5576970 14824231 5576970 126300776
3 0 110489211 5576970 16096430 5576970 126585641
4 0 109528415 5576970 17329666 5576970 126858081
5 0 108586081 5576970 18590679 5576970 127176760
6 0 107635025 5576970 19827915 5576970 127462940
7 0 106586952 5576970 21146853 5576970 127733805
8 0 105616323 5576970 22404125 5576970 128020448
9 0 104652396 5576970 23635547 5576970 128287943
10 0 103694821 5576970 24870005 5576970 128564826
11 0 102727136 5576970 26118685 5576970 128845821
12 0 101769876 5576970 27342347 5576970 129112223
13 0 100798321 5576970 28588805 5576970 129387126
14 0 99803876 5576970 29865948 5576970 129669824
15 0 98781192 5576970 31155405 5576970 129936597
16 0 98664527 5576970 32369549 5576970 131034076
17 0 97783840 5576970 33572859 5576970 131356699
18 0 96859377 5576970 34770040 5576970 131629417
19 0 95918450 5576970 35990665 5576970 131909115
20 0 95008077 5576970 37178736 5576970 132186813
21 0 93962079 5576970 38492952 5576970 132455031
22 0 93016653 5576970 39713817 5576970 132730470
23 0 91969061 5576970 41035126 5576970 133004187
24 0 91019579 5576970 42258492 5576970 133278071
25 0 90100282 5576970 43451895 5576970 133552177
26 0 89153837 5576970 44664520 5576970 133818357
27 0 88240464 5576970 45853702 5576970 134094166
28 0 87315537 5576970 47053383 5576970 134368920
29 0 86386815 5576970 48253934 5576970 134640749
30 0 85482684 5576970 49440541 5576970 134923225
31 0 84520812 5576970 50690018 5576970 135210830
32 0 83583590 5576970 51906402 5576970 135489992
33 0 82610923 5576970 53154138 5576970 135765061
34 0 81683052 5576970 54362763 5576970 136045815
35 0 80773717 5576970 55550796 5576970 136324513
36 0 79838105 5576970 56756903 5576970 136595008
37 0 78899141 5576970 57969806 5576970 136868947
38 0 77984640 5576970 59162839 5576970 137147479
39 0 77083879 5576970 60419760 5576970 137503639
40 0 76158564 5576970 61618811 5576970 137777375
41 0 75230062 5576970 62825270 5576970 138055332
42 0 74331857 5576970 64026525 5576970 138358382
43 0 73400282 5576970 65226077 5576970 138626359
44 0 72468688 5576970 66436832 5576970 138905520
45 0 71492151 5576970 67688567 5576970 139180718
46 0 70562206 5576970 68885619 5576970 139447825
47 0 69580947 5576970 70144558 5576970 139725505
48 0 68670500 5576970 71357443 5576970 140027943
49 0 67761499 5576970 72560457 5576970 140321956
50 0 66829553 5576970 73770916 5576970 140600469
51 0 65911460 5576970 74961023 5576970 140872483
52 0 64981552 5576970 76165870 5576970 141147422
53 0 64071588 5576970 77359977 5576970 141431565
54 0 63143920 5576970 78568325 5576970 141712245
55 0 62200697 5576970 79786376 5576970 141987073
56 0 61995683 5576970 81040352 5576970 143036035
57 0 60991702 5576970 82295421 5576970 143287123
58 0 60056571 5576970 83499269 5576970 143555840
59 0 59147291 5576970 84690154 5576970 143837445
60 0 58216180 5576970 85894631 5576970 144110811
61 0 57302660 5576970 87083220 5576970 144385880
62 0 56362585 5576970 88291938 5576970 144654523
63 0 55426788 5576970 89501878 5576970 144928666
64 0 54451640 5576970 90741558 5576970 145193198
