1 0 12630449 5583356 797441709 5583356 810072158
2 0 11247364 5583356 799305656 5583356 810553020
1 0 15831890 5583364 150850886 5583364 166682776
2 0 14044126 5583364 153281693 5583364 167325819
1 0 14744299 5583371 647789140 5583371 662533439
2 0 13520711 5583371 649657475 5583371 663178186
1 0 15932017 5583379 162830665 5583379 178762682
2 0 14112607 5583379 165239064 5583379 179351671
1 0 16457322 5583386 502739829 5583386 519197151
2 0 14596450 5583386 505195246 5583386 519791696
1 0 12051553 5583394 37266542 5583394 49318095
2 0 10634579 5583394 39120878 5583394 49755457
1 0 12062349 5583401 567113599 5583401 579175948
2 0 10711633 5583401 568953973 5583401 579665606
1 0 15824908 5583408 942216565 5583408 958041473
2 0 13991183 5583408 944630779 5583408 958621962
1 0 12078182 5583416 337494818 5583416 349573000
2 0 10720152 5583416 339331413 5583416 350051565
1 0 12214272 5583423 797424991 5583423 809639263
2 0 10854426 5583423 799282198 5583423 810136624
