1 0 15783076 5583431 137726305 5583431 153509381
2 0 14382639 5583431 139610659 5583431 153993298
3 0 13423008 5583431 141000226 5583431 154423234
4 0 12586709 5583431 142289850 5583431 154876559
1 0 16212956 5583438 907749497 5583438 923962453
2 0 14826890 5583438 909597333 5583438 924424223
3 0 13880481 5583438 910985548 5583438 924866029
4 0 13012090 5583438 912258339 5583438 925270429
1 0 15773872 5583446 497303559 5583446 513077431
2 0 14335899 5583446 499181690 5583446 513517589
3 0 13444989 5583446 500561202 5583446 514006191
4 0 13034516 5583446 501859677 5583446 514894193
1 0 20768834 5583454 352451194 5583454 373220028
2 0 18964479 5583454 354881945 5583454 373846424
3 0 17844907 5583454 356586006 5583454 374430913
4 0 16738021 5583454 358276048 5583454 375014069
1 0 20471562 5583462 161171750 5583462 181643312
2 0 18687539 5583462 163571039 5583462 182258578
3 0 17586672 5583462 165249007 5583462 182835679
4 0 16491044 5583462 166910791 5583462 183401835
1 0 18052589 5583469 752317925 5583469 770370514
2 0 16098366 5583469 754727695 5583469 770826061
3 0 14874962 5583469 756412016 5583469 771286978
4 0 14187328 5583469 758096965 5583469 772284293
1 0 20653448 5583477 582537632 5583477 603191080
2 0 18842056 5583477 584940050 5583477 603782106
3 0 17699077 5583477 586634352 5583477 604333429
4 0 16614393 5583477 588329006 5583477 604943399
1 0 15834353 5583485 107325192 5583485 123159545
2 0 14424990 5583485 109211527 5583485 123636517
3 0 13459841 5583485 110607835 5583485 124067676
4 0 13080793 5583485 111908347 5583485 124989140
1 0 15721669 5583492 687386681 5583492 703108350
2 0 14306900 5583492 689239646 5583492 703546546
3 0 13378695 5583492 690631787 5583492 704010482
4 0 12517655 5583492 691918004 5583492 704435659
1 0 16195475 5583500 277243115 5583500 293438590
2 0 14794723 5583500 279089062 5583500 293883785
3 0 14325788 5583500 280486388 5583500 294812176
4 0 13477804 5583500 281791178 5583500 295268982
