1 0 30927478 5583508 113122265 5583508 144049743
2 0 29046976 5583508 115560146 5583508 144607122
3 0 27893812 5583508 117265466 5583508 145159278
4 0 26770129 5583508 118927472 5583508 145697601
5 0 25514375 5583508 120743012 5583508 146257387
6 0 24400414 5583508 122418592 5583508 146819006
7 0 23309472 5583508 124057228 5583508 147366700
8 0 22192752 5583508 125709771 5583508 147902523
1 0 25894331 5583516 342289085 5583516 368183416
2 0 23892812 5583516 344715540 5583516 368608352
3 0 22594133 5583516 346436230 5583516 369030363
4 0 21339028 5583516 348114309 5583516 369453337
5 0 20013700 5583516 349851018 5583516 369864718
6 0 18815852 5583516 351624577 5583516 370440429
7 0 17789316 5583516 353069513 5583516 370858829
8 0 16931443 5583516 354331823 5583516 371263266
1 0 23718260 5583524 757916308 5583524 781634568
2 0 22292046 5583524 759771736 5583524 782063782
3 0 21285417 5583524 761204394 5583524 782489811
4 0 20418859 5583524 762480000 5583524 782898859
5 0 19520265 5583524 763798624 5583524 783318889
6 0 18678206 5583524 765064063 5583524 783742269
7 0 17858073 5583524 766303281 5583524 784161354
8 0 17013405 5583524 767553553 5583524 784566958
1 0 29987273 5583532 882559373 5583532 912546646
2 0 28144456 5583532 884962476 5583532 913106932
3 0 27009569 5583532 886665259 5583532 913674828
4 0 25902646 5583532 888322524 5583532 914225170
5 0 24658817 5583532 890102084 5583532 914760901
6 0 23513450 5583532 891803848 5583532 915317298
7 0 22422858 5583532 893441355 5583532 915864213
8 0 21333638 5583532 895081287 5583532 916414925
1 0 24113457 5583541 77456328 5583541 101569785
2 0 22677780 5583541 79321274 5583541 101999054
3 0 21655966 5583541 80767099 5583541 102423065
4 0 20777816 5583541 82052723 5583541 102830539
5 0 19882036 5583541 83373050 5583541 103255086
6 0 19044348 5583541 84636249 5583541 103680597
7 0 18212364 5583541 85881096 5583541 104093460
8 0 17367972 5583541 87131295 5583541 104499267
1 0 22717048 5583549 507092845 5583549 529809893
2 0 21385241 5583549 508933680 5583549 530318921
3 0 20421278 5583549 510329079 5583549 530750357
4 0 19550460 5583549 511615222 5583549 531165682
5 0 18647274 5583549 512927326 5583549 531574600
6 0 17814530 5583549 514181210 5583549 531995740
7 0 16986380 5583549 515420223 5583549 532406603
8 0 16161858 5583549 516659922 5583549 532821780
1 0 23458682 5583557 977387528 5583558 846210
2 0 22060135 5583557 979208937 5583558 1269072
3 0 21065228 5583557 980623818 5583558 1689046
4 0 20204060 5583557 981901145 5583558 2105205
5 0 19307835 5583557 983205232 5583558 2513067
6 0 18479444 5583557 984454708 5583558 2934152
7 0 17656571 5583557 985686740 5583558 3343311
8 0 16837623 5583557 986920772 5583558 3758395
1 0 25173002 5583566 121994035 5583566 147167037
2 0 23163281 5583566 124422118 5583566 147585399
3 0 21871065 5583566 126129012 5583566 148000077
4 0 20627218 5583566 127787332 5583566 148414550
5 0 19310984 5583566 129509929 5583566 148820913
6 0 17970639 5583566 131270840 5583566 149241479
7 0 16883827 5583566 132778792 5583566 149662619
8 0 16195488 5583566 134020491 5583566 150215979
1 0 22866842 5583574 347587318 5583574 370454160
2 0 21439092 5583574 349439542 5583574 370878634
3 0 20460722 5583574 350837182 5583574 371297904
4 0 19599423 5583574 352115954 5583574 371715377
5 0 18692903 5583574 353432318 5583574 372125221
6 0 17854382 5583574 354692868 5583574 372547250
7 0 17025231 5583574 355936141 5583574 372961372
8 0 16353207 5583574 357182154 5583574 373535361
1 0 22956840 5583582 708246942 5583582 731203782
2 0 21454628 5583582 710175627 5583582 731630255
3 0 20542553 5583582 711509120 5583582 732051673
4 0 19695551 5583582 712774503 5583582 732470054
5 0 18787087 5583582 714093867 5583582 732880954
6 0 17952676 5583582 715353251 5583582 733305927
7 0 17123804 5583582 716597245 5583582 733721049
8 0 16289116 5583582 717851018 5583582 734140134
