1 0 36848299 5583591 137827535 5583591 174675834
2 0 35360789 5583591 139732129 5583591 175092918
3 0 34327958 5583591 141195582 5583591 175523540
4 0 33483214 5583591 142466688 5583591 175949902
5 0 32618138 5583591 143731960 5583591 176350098
6 0 31785673 5583591 144978084 5583591 176763757
7 0 30933652 5583591 146235412 5583591 177169064
8 0 30121778 5583591 147490222 5583591 177612000
9 0 29305942 5583591 148733643 5583591 178039585
10 0 28467106 5583591 149989674 5583591 178456780
11 0 27552994 5583591 151301297 5583591 178854291
12 0 26709066 5583591 152555625 5583591 179264691
13 0 25872545 5583591 153806990 5583591 179679535
14 0 25147929 5583591 155098614 5583591 180246543
15 0 24286501 5583591 156378682 5583591 180665183
16 0 23424406 5583591 157652380 5583591 181076786
1 0 24726789 5583600 512840916 5583600 537567705
2 0 23643698 5583600 514206668 5583600 537850366
3 0 22984081 5583600 515151872 5583600 538135953
4 0 22404685 5583600 516009078 5583600 538413763
5 0 21827529 5583600 516857877 5583600 538685406
6 0 21271095 5583600 517687694 5583600 538958789
7 0 20700032 5583600 518525438 5583600 539225470
8 0 20163338 5583600 519365607 5583600 539528945
9 0 19552164 5583600 520251683 5583600 539803847
10 0 19077415 5583600 521115962 5583600 540193377
11 0 18534684 5583600 521940836 5583600 540475520
12 0 17979806 5583600 522772616 5583600 540752422
13 0 17607183 5583600 523602452 5583600 541209635
14 0 17065453 5583600 524422233 5583600 541487686
15 0 16479798 5583600 525285531 5583600 541765329
16 0 15834124 5583600 526198088 5583600 542032212
1 0 40389306 5583610 152251891 5583610 192641197
2 0 38406140 5583610 154673252 5583610 193079392
3 0 37047573 5583610 156452959 5583610 193500532
4 0 35791874 5583610 158116761 5583610 193908635
5 0 34533306 5583610 159798840 5583610 194332146
6 0 33140481 5583610 161606083 5583610 194746564
7 0 32072149 5583610 163076667 5583610 195148816
8 0 31263645 5583610 164341217 5583610 195604862
9 0 30424847 5583610 165594248 5583610 196019095
10 0 29585937 5583610 166849224 5583610 196435161
11 0 28760638 5583610 168083682 5583610 196844320
12 0 27925543 5583610 169332844 5583610 197258387
13 0 26947802 5583610 170733076 5583610 197680878
14 0 26052764 5583610 172033792 5583610 198086556
15 0 25198594 5583610 173298065 5583610 198496659
16 0 24331000 5583610 174579892 5583610 198910892
1 0 48845515 5583619 662839091 5583619 711684606
2 0 46727463 5583619 665250786 5583619 711978249
3 0 45241750 5583619 667014771 5583619 712256521
4 0 43858314 5583619 668667332 5583619 712525646
5 0 42395601 5583619 670407965 5583619 712803566
6 0 40992794 5583619 672084174 5583619 713076968
7 0 39596450 5583619 673746513 5583619 713342963
8 0 38252495 5583619 675394000 5583619 713646495
9 0 36878891 5583619 677042450 5583619 713921341
10 0 35498103 5583619 678690752 5583619 714188855
11 0 34085796 5583619 680380313 5583619 714466109
12 0 32673008 5583619 682067577 5583619 714740585
13 0 31305849 5583619 683715805 5583619 715021654
14 0 29890376 5583619 685401569 5583619 715291945
15 0 28503809 5583619 687060334 5583619 715564143
16 0 27095132 5583619 688741265 5583619 715836397
1 0 36778133 5583629 46996043 5583629 83774176
2 0 35339013 5583629 48888636 5583629 84227649
3 0 34309922 5583629 50339016 5583629 84648938
4 0 33413531 5583629 51643084 5583629 85056615
5 0 32568843 5583629 52907449 5583629 85476292
6 0 31740508 5583629 54150295 5583629 85890803
7 0 30881376 5583629 55410586 5583629 86291962
8 0 30079372 5583629 56662359 5583629 86741731
9 0 29241555 5583629 57915798 5583629 87157353
10 0 28390404 5583629 59166830 5583629 87557234
11 0 27505736 5583629 60467490 5583629 87973226
12 0 26650549 5583629 61735077 5583629 88385626
13 0 25824231 5583629 62978516 5583629 88802747
14 0 24936767 5583629 64273084 5583629 89209851
15 0 24092097 5583629 65527190 5583629 89619287
16 0 23288557 5583629 66797796 5583629 90086353
1 0 36320495 5583638 697416183 5583638 733736678
2 0 34906410 5583638 699253556 5583638 734159966
3 0 33885967 5583638 700688584 5583638 734574551
4 0 33036113 5583638 701946745 5583638 734982858
5 0 32188610 5583638 703208518 5583638 735397128
6 0 31358182 5583638 704450457 5583638 735808639
7 0 30524938 5583638 705699248 5583638 736224186
8 0 29721490 5583638 706935521 5583638 736657011
9 0 28900061 5583638 708164072 5583638 737064133
10 0 28076503 5583638 709397104 5583638 737473607
11 0 27198760 5583638 710681339 5583638 737880099
12 0 26368036 5583638 711919648 5583638 738287684
13 0 25557403 5583638 713149977 5583638 738707380
14 0 24681864 5583638 714420138 5583638 739102002
15 0 23823936 5583638 715682392 5583638 739506328
16 0 22978933 5583638 716939442 5583638 739918375
1 0 37522046 5583648 67700588 5583648 105222634
2 0 36099759 5583648 69546997 5583648 105646756
3 0 35063889 5583648 71014618 5583648 106078507
4 0 34225275 5583648 72272668 5583648 106497943
5 0 33382125 5583648 73524144 5583648 106906269
6 0 32569399 5583648 74752417 5583648 107321816
7 0 31727657 5583648 75995856 5583648 107723513
8 0 30947449 5583648 77227722 5583648 108175171
9 0 30129519 5583648 78461421 5583648 108590940
10 0 29308276 5583648 79695249 5583648 109003525
11 0 28394924 5583648 81013594 5583648 109408518
12 0 27559087 5583648 82260089 5583648 109819176
13 0 26791473 5583648 83499880 5583648 110291353
14 0 25954563 5583648 84779800 5583648 110734363
15 0 25102560 5583648 86032554 5583648 111135114
16 0 24257780 5583648 87290938 5583648 111548718
1 0 39113756 5583657 442409122 5583657 481522878
2 0 37141943 5583657 444834890 5583657 481976833
3 0 35793968 5583657 446603801 5583657 482397769
4 0 34538417 5583657 448269344 5583657 482807761
5 0 33288867 5583657 449941386 5583657 483230253
6 0 31949300 5583657 451697445 5583657 483646745
7 0 30926542 5583657 453125270 5583657 484051812
8 0 30130576 5583657 454389579 5583657 484520155
9 0 29293018 5583657 455641555 5583657 484934573
10 0 28450015 5583657 456902050 5583657 485352065
11 0 27622734 5583657 458138971 5583657 485761705
12 0 26791694 5583657 459382929 5583657 486174623
13 0 25874175 5583657 460720477 5583657 486594652
14 0 25011062 5583657 462000916 5583657 487011978
15 0 24160800 5583657 463252300 5583657 487413100
16 0 23281187 5583657 464541220 5583657 487822407
1 0 48556615 5583666 852467029 5583666 901023644
2 0 46716983 5583666 854873261 5583666 901590244
3 0 45512321 5583666 856634135 5583666 902146456
4 0 44404527 5583666 858283752 5583666 902688279
5 0 43293104 5583666 859945646 5583666 903238750
6 0 42087608 5583666 861697872 5583666 903785480
7 0 40954815 5583666 863362007 5583666 904316822
8 0 39894816 5583666 865011402 5583666 904906218
9 0 38803152 5583666 866651148 5583666 905454300
10 0 37707450 5583666 868298136 5583666 906005586
11 0 36607601 5583666 869927345 5583666 906534946
12 0 35439438 5583666 871645905 5583666 907085343
13 0 34359496 5583666 873279800 5583666 907639296
14 0 33202629 5583666 874966342 5583666 908168971
15 0 32105816 5583666 876612311 5583666 908718127
16 0 30989948 5583666 878276372 5583666 909266320
1 0 37152980 5583676 237319645 5583676 274472625
2 0 35583564 5583676 239180592 5583676 274764156
3 0 34395736 5583676 240649730 5583676 275045466
4 0 33381477 5583676 241935873 5583676 275317350
5 0 32402940 5583676 243194497 5583676 275597437
6 0 31440421 5583676 244434825 5583676 275875246
7 0 30453570 5583676 245688783 5583676 276142353
8 0 29510958 5583676 246937259 5583676 276448217
9 0 28549180 5583676 248177273 5583676 276726453
10 0 27570828 5583676 249430230 5583676 277001058
11 0 26540570 5583676 250730872 5583676 277271442
12 0 25562736 5583676 251984460 5583676 277547196
13 0 24586718 5583676 253238658 5583676 277825376
14 0 23117172 5583676 254986606 5583676 278103778
15 0 22117784 5583676 256250304 5583676 278368088
16 0 21136210 5583676 257506799 5583676 278643009
