1 0 211101477 5583975 449224385 5583975 660325862
2 0 208809558 5583975 451806984 5583975 660616542
3 0 207382678 5583975 453507359 5583975 660890037
4 0 205981871 5583975 455190031 5583975 661171902
5 0 204596878 5583975 456858129 5583975 661455007
6 0 203238607 5583975 458498228 5583975 661736835
7 0 201800524 5583975 460215751 5583975 662016275
8 0 200417160 5583975 461876646 5583975 662293806
9 0 199029224 5583975 463532966 5583975 662562190
10 0 197675990 5583975 465166399 5583975 662842389
11 0 196325701 5583975 466810108 5583975 663135809
12 0 194966411 5583975 468436226 5583975 663402637
13 0 193492773 5583975 470186989 5583975 663679762
14 0 192076410 5583975 471870198 5583975 663946608
15 0 190737566 5583975 473483130 5583975 664220696
16 0 189437571 5583975 475066101 5583975 664503672
17 0 188112078 5583975 476657922 5583975 664770000
18 0 186712845 5583975 478330298 5583975 665043143
19 0 185396000 5583975 479923231 5583975 665319231
20 0 183998730 5583975 481584848 5583975 665583578
21 0 182585682 5583975 483273446 5583975 665859128
22 0 181260522 5583975 484889600 5583975 666150122
23 0 179928973 5583975 486516366 5583975 666445339
24 0 178622609 5583975 488097206 5583975 666719815
25 0 177287598 5583975 489710120 5583975 666997718
26 0 175884809 5583975 491379755 5583975 667264564
27 0 174574463 5583975 492961948 5583975 667536411
28 0 173223674 5583975 494581473 5583975 667805147
29 0 171928420 5583975 496157462 5583975 668085882
30 0 170533947 5583975 497836245 5583975 668370192
31 0 169214342 5583975 499430678 5583975 668645020
32 0 167770536 5583975 501146590 5583975 668917126
33 0 166425543 5583975 502763744 5583975 669189287
34 0 165100605 5583975 504356085 5583975 669456690
35 0 163796351 5583975 505960851 5583975 669757202
36 0 163130179 5583975 507545969 5583975 670676148
37 0 161814352 5583975 509151142 5583975 670965494
38 0 160434508 5583975 510805166 5583975 671239674
39 0 159112774 5583975 512393340 5583975 671506114
40 0 157803743 5583975 513988125 5583975 671791868
41 0 156498415 5583975 515574151 5583975 672072566
42 0 155103701 5583975 517234823 5583975 672338524
43 0 153774115 5583975 518837552 5583975 672611667
44 0 152416622 5583975 520467151 5583975 672883773
45 0 151073332 5583975 522075269 5583975 673148601
46 0 149760321 5583975 523660053 5583975 673420374
47 0 148447346 5583975 525276745 5583975 673724091
48 0 147141129 5583975 526847771 5583975 673988900
49 0 145812618 5583975 528449444 5583975 674262062
50 0 144491957 5583975 530044285 5583975 674536242
51 0 143126908 5583975 531675384 5583975 674802292
52 0 141785046 5583975 533288186 5583975 675073232
53 0 140485440 5583975 534859564 5583975 675345004
54 0 139112096 5583975 536517051 5583975 675629147
55 0 137781010 5583975 538120225 5583975 675901235
56 0 136462720 5583975 539703436 5583975 676166156
57 0 135094542 5583975 541343590 5583975 676438132
58 0 133803567 5583975 542917134 5583975 676720701
59 0 132465665 5583975 544527493 5583975 676993158
60 0 131158542 5583975 546112722 5583975 677271264
61 0 129852289 5583975 547697951 5583975 677550240
62 0 128534388 5583975 549282607 5583975 677816995
63 0 127162803 5583975 550927872 5583975 678090675
64 0 125947529 5583975 552421807 5583975 678369336
65 0 125403151 5583975 553234384 5583975 678637535
66 0 124838440 5583975 554071016 5583975 678909456
67 0 124311653 5583975 554873297 5583975 679184950
68 0 123758533 5583975 555690801 5583975 679449334
69 0 123240748 5583975 556480526 5583975 679721274
70 0 122722775 5583975 557275567 5583975 679998342
71 0 122229414 5583975 558078089 5583975 680307503
72 0 121724127 5583975 558873926 5583975 680598053
73 0 121186452 5583975 559685429 5583975 680871881
74 0 120634463 5583975 560508247 5583975 681142710
75 0 120105621 5583975 561309935 5583975 681415556
76 0 119574594 5583975 562115642 5583975 681690236
77 0 119108085 5583975 562901627 5583975 682009712
78 0 118546225 5583975 563735556 5583975 682281781
79 0 118017309 5583975 564528374 5583975 682545683
80 0 117484967 5583975 565332118 5583975 682817085
81 0 116950033 5583975 566139751 5583975 683089784
82 0 116364007 5583975 566989254 5583975 683353261
83 0 115821943 5583975 567807275 5583975 683629218
84 0 115302137 5583975 568605483 5583975 683907620
85 0 114767333 5583975 569413560 5583975 684180893
86 0 114208177 5583975 570239137 5583975 684447314
87 0 113680539 5583975 571039159 5583975 684719698
88 0 113134215 5583975 571863366 5583975 684997581
89 0 112615096 5583975 572655128 5583975 685270224
90 0 112039626 5583975 573493427 5583975 685533053
91 0 111508413 5583975 574301190 5583975 685809603
92 0 110921646 5583975 575159248 5583975 686080894
93 0 110372416 5583975 575970881 5583975 686343297
94 0 109854518 5583975 576773421 5583975 686627939
95 0 109329196 5583975 577571424 5583975 686900620
96 0 108820409 5583975 578367983 5583975 687188392
97 0 108285789 5583975 579174820 5583975 687460609
98 0 107769410 5583975 579960046 5583975 687729456
99 0 106614154 5583975 581387815 5583975 688001969
100 0 106087664 5583975 582188226 5583975 688275890
101 0 105563914 5583975 582982915 5583975 688546829
102 0 105009721 5583975 583815510 5583975 688825231
103 0 104492730 5583975 584603644 5583975 689096374
104 0 104021591 5583975 585405925 5583975 689427516
105 0 103499879 5583975 586201410 5583975 689701289
106 0 102980407 5583975 586990821 5583975 689971228
107 0 103177793 5583975 587798861 5583975 690976654
108 0 102678617 5583975 588584198 5583975 691262815
109 0 102129553 5583975 589409016 5583975 691538569
110 0 101562619 5583975 590241167 5583975 691803786
111 0 101024315 5583975 591052670 5583975 692076985
112 0 100489529 5583975 591869284 5583975 692358813
113 0 99970131 5583975 592666251 5583975 692636382
114 0 99393883 5583975 593505327 5583975 692899210
115 0 98866115 5583975 594302794 5583975 693168909
116 0 98344329 5583975 595096760 5583975 693441089
117 0 97822227 5583975 595889653 5583975 693711880
118 0 97296886 5583975 596681730 5583975 693978616
119 0 96771728 5583975 597478697 5583975 694250425
120 0 96259183 5583975 598270478 5583975 694529661
121 0 95731174 5583975 599065352 5583975 694796526
122 0 95211943 5583975 599856059 5583975 695068002
123 0 94634288 5583975 600717302 5583975 695351590
124 0 94106223 5583975 601513639 5583975 695619862
125 0 93583474 5583975 602307235 5583975 695890709
126 0 93005096 5583975 603156682 5583975 696161778
127 0 92471310 5583975 603962648 5583975 696433958
128 0 91927783 5583975 604768078 5583975 696695861
1 0 200779914 5584003 127519713 5584003 328299627
2 0 199226463 5584003 129364844 5584003 328591307
3 0 198109372 5584003 130754559 5584003 328863931
4 0 197115817 5584003 132041312 5584003 329157129
5 0 196136317 5584003 133301326 5584003 329437643
6 0 195160057 5584003 134548432 5584003 329708489
7 0 194201594 5584003 135789705 5584003 329991299
8 0 193282963 5584003 137023237 5584003 330306200
9 0 192311315 5584003 138272325 5584003 330583640
10 0 191379869 5584003 139504598 5584003 330884467
11 0 190330890 5584003 140823350 5584003 331154240
12 0 189367815 5584003 142063605 5584003 331431420
13 0 188380222 5584003 143329618 5584003 331709840
14 0 187375223 5584003 144601705 5584003 331976928
15 0 186435518 5584003 145824423 5584003 332259941
16 0 185519462 5584003 147020474 5584003 332539936
17 0 184588849 5584003 148218341 5584003 332807190
18 0 183590258 5584003 149492668 5584003 333082926
19 0 182610924 5584003 150752515 5584003 333363439
20 0 181673349 5584003 151956066 5584003 333629415
21 0 180684904 5584003 153227450 5584003 333912354
22 0 179758071 5584003 154444945 5584003 334203016
23 0 178818773 5584003 155666330 5584003 334485103
24 0 177913032 5584003 156846381 5584003 334759413
25 0 176977604 5584003 158052507 5584003 335030111
26 0 176059640 5584003 159244225 5584003 335303865
27 0 175107418 5584003 160477220 5584003 335584638
28 0 174153103 5584003 161700919 5584003 335854022
29 0 173245490 5584003 162882934 5584003 336128424
30 0 172269379 5584003 164133188 5584003 336402567
31 0 171342119 5584003 165330906 5584003 336673025
32 0 170440561 5584003 166517106 5584003 336957667
33 0 169506023 5584003 167729398 5584003 337235421
34 0 168591447 5584003 168913117 5584003 337504564
35 0 167574948 5584003 170234055 5584003 337809003
36 0 166629133 5584003 171447161 5584003 338076294
37 0 165701225 5584003 172652453 5584003 338353678
38 0 164787186 5584003 173841024 5584003 338628210
39 0 163864241 5584003 175030853 5584003 338895094
40 0 162956091 5584003 176224738 5584003 339180829
41 0 162048738 5584003 177415586 5584003 339464324
42 0 161063534 5584003 178666896 5584003 339730430
43 0 160857779 5584003 179876928 5584003 340734707
44 0 159917611 5584003 181119016 5584003 341036627
45 0 158989555 5584003 182315864 5584003 341305419
46 0 158086961 5584003 183504656 5584003 341591617
47 0 157146867 5584003 184718263 5584003 341865130
48 0 156247496 5584003 185898444 5584003 342145940
49 0 155317272 5584003 187102533 5584003 342419805
50 0 154407772 5584003 188278047 5584003 342685819
51 0 153488881 5584003 189472710 5584003 342961591
52 0 152505696 5584003 190733779 5584003 343239475
53 0 151593325 5584003 191913997 5584003 343507322
54 0 150618490 5584003 193162326 5584003 343780816
55 0 149700175 5584003 194356544 5584003 344056719
56 0 148764711 5584003 195558058 5584003 344322769
57 0 147849561 5584003 196749814 5584003 344599375
58 0 146961819 5584003 197926662 5584003 344888481
59 0 146012319 5584003 199141731 5584003 345154050
60 0 145085929 5584003 200369245 5584003 345455174
61 0 144134854 5584003 201587296 5584003 345722150
62 0 143225500 5584003 202774200 5584003 345999700
63 0 142323499 5584003 203950770 5584003 346274269
64 0 141371183 5584003 205170766 5584003 346541949
65 0 140448720 5584003 206365354 5584003 346814074
66 0 139486775 5584003 207606960 5584003 347093735
67 0 138569533 5584003 208798975 5584003 347368508
68 0 137637069 5584003 209998397 5584003 347635466
69 0 136661773 5584003 211246447 5584003 347908220
70 0 135753271 5584003 212441462 5584003 348194733
71 0 134811752 5584003 213648513 5584003 348460265
72 0 133921972 5584003 214839528 5584003 348761500
73 0 132986786 5584003 216050820 5584003 349037606
74 0 132082230 5584003 217222297 5584003 349304527
75 0 131161506 5584003 218417460 5584003 349578966
76 0 130249894 5584003 219612678 5584003 349862572
77 0 128488908 5584003 221719139 5584003 350208047
78 0 127496057 5584003 222985707 5584003 350481764
79 0 126590314 5584003 224163204 5584003 350753518
80 0 125663702 5584003 225364255 5584003 351027957
81 0 124729664 5584003 226572436 5584003 351302100
82 0 123819700 5584003 227746932 5584003 351566632
83 0 122885310 5584003 228961132 5584003 351846442
84 0 121973290 5584003 230174294 5584003 352147584
85 0 121016365 5584003 231399511 5584003 352415876
86 0 120108437 5584003 232582285 5584003 352690722
87 0 119213787 5584003 233751449 5584003 352965236
88 0 118274972 5584003 234956685 5584003 353231657
89 0 117362341 5584003 236143403 5584003 353505744
90 0 116402581 5584003 237380139 5584003 353782720
91 0 115475210 5584003 238581524 5584003 354056734
92 0 114476784 5584003 239848500 5584003 354325284
93 0 112163809 5584003 242448099 5584003 354611908
94 0 111230456 5584003 243665743 5584003 354896199
95 0 110315881 5584003 244859165 5584003 355175046
96 0 109400195 5584003 246048420 5584003 355448615
97 0 108490008 5584003 247235176 5584003 355725184
98 0 107578044 5584003 248418875 5584003 355996919
99 0 106650394 5584003 249613057 5584003 356263451
100 0 105647506 5584003 250888810 5584003 356536316
101 0 104798356 5584003 252016900 5584003 356815256
102 0 104197663 5584003 252883495 5584003 357081158
103 0 103681432 5584003 253672906 5584003 357354338
104 0 103229626 5584003 254473224 5584003 357702850
105 0 102727247 5584003 255257061 5584003 357984308
106 0 102197905 5584003 256056916 5584003 358254821
107 0 101663563 5584003 256865623 5584003 358529186
108 0 101159999 5584003 257650312 5584003 358810311
109 0 100623471 5584003 258461390 5584003 359084861
110 0 100093278 5584003 259255708 5584003 359348986
111 0 99559158 5584003 260063137 5584003 359622295
112 0 99025705 5584003 260886344 5584003 359912049
113 0 99229072 5584003 261677921 5584003 360906993
114 0 98682082 5584003 262507221 5584003 361189303
115 0 98158351 5584003 263306372 5584003 361464723
116 0 97644195 5584003 264099579 5584003 361743774
117 0 97132037 5584003 264893120 5584003 362025157
118 0 96618640 5584003 265680457 5584003 362299097
119 0 96085428 5584003 266486886 5584003 362572314
120 0 95589326 5584003 267280723 5584003 362870049
121 0 95069613 5584003 268073190 5584003 363142803
122 0 94561382 5584003 268863786 5584003 363425168
123 0 94016467 5584003 269682807 5584003 363699274
124 0 93461273 5584003 270503088 5584003 363964361
125 0 92937505 5584003 271299499 5584003 364237004
126 0 92385589 5584003 272130595 5584003 364516184
127 0 91830674 5584003 272949579 5584003 364780253
128 0 91300036 5584003 273754694 5584003 365054730
1 0 192368963 5584031 967279572 5584032 159648535
2 0 190791215 5584031 969148592 5584032 159939807
3 0 189718310 5584031 970539936 5584032 160258246
4 0 188702514 5584031 971845763 5584032 160548277
5 0 187718458 5584031 973114110 5584032 160832568
6 0 186727811 5584031 974374493 5584032 161102304
7 0 185761940 5584031 975629470 5584032 161391410
8 0 184786754 5584031 976875391 5584032 161662145
9 0 183797773 5584031 978140126 5584032 161937899
10 0 182856865 5584031 979379695 5584032 162236560
11 0 181809348 5584031 980695337 5584032 162504685
12 0 180828107 5584031 981952295 5584032 162780402
13 0 179843533 5584031 983218012 5584032 163061545
14 0 178826959 5584031 984500136 5584032 163327095
15 0 177860626 5584031 985746075 5584032 163606701
16 0 176930737 5584031 986958515 5584032 163889252
17 0 175996032 5584031 988158863 5584032 164154895
18 0 174992069 5584031 989438191 5584032 164430260
19 0 174005255 5584031 990703796 5584032 164709051
20 0 173053309 5584031 991922292 5584032 164975601
21 0 172056625 5584031 993203101 5584032 165259726
22 0 171108791 5584031 994432874 5584032 165541665
23 0 170164105 5584031 995663462 5584032 165827567
24 0 169244974 5584031 996858421 5584032 166103395
25 0 168298399 5584031 998075620 5584032 166374019
26 0 167370935 5584031 999278801 5584032 166649736
27 0 166382306 5584032 548314 5584032 166930620
28 0 165408565 5584032 1793161 5584032 167201726
29 0 164486416 5584032 2990509 5584032 167476925
30 0 163499526 5584032 4252504 5584032 167752030
31 0 162574007 5584032 5461018 5584032 168035025
32 0 161664191 5584032 6653903 5584032 168318094
33 0 160725913 5584032 7868528 5584032 168594441
34 0 159806855 5584032 9057580 5584032 168864435
35 0 158770283 5584032 10397573 5584032 169167856
36 0 157796560 5584032 11639142 5584032 169435702
37 0 156853504 5584032 12860397 5584032 169713901
38 0 155927762 5584032 14060856 5584032 169988618
39 0 156604657 5584032 15262833 5584032 171867490
40 0 155683934 5584032 16473995 5584032 172157929
41 0 154772025 5584032 17673547 5584032 172445572
42 0 153782321 5584032 18931449 5584032 172713770
43 0 152802858 5584032 20185833 5584032 172988691
44 0 151850154 5584032 21416013 5584032 173266167
45 0 150914283 5584032 22619305 5584032 173533588
46 0 149984319 5584032 23824338 5584032 173808657
47 0 149037707 5584032 25049667 5584032 174087374
48 0 148138742 5584032 26236756 5584032 174375498
49 0 147201612 5584032 27451677 5584032 174653289
50 0 146283462 5584032 28639470 5584032 174922932
51 0 145357609 5584032 29841466 5584032 175199075
52 0 144353406 5584032 31129182 5584032 175482588
53 0 143427757 5584032 32321789 5584032 175749546
54 0 142446312 5584032 33579062 5584032 176025374
55 0 141530700 5584032 34783706 5584032 176314406
56 0 140583366 5584032 35996646 5584032 176580012
57 0 139661810 5584032 37194419 5584032 176856229
58 0 138769438 5584032 38377434 5584032 177146872
59 0 137816678 5584032 39601244 5584032 177417922
60 0 135986898 5584032 41735278 5584032 177722176
61 0 135031434 5584032 42958422 5584032 177989856
62 0 134114915 5584032 44156695 5584032 178271610
63 0 133211265 5584032 45340895 5584032 178552160
64 0 132257635 5584032 46571705 5584032 178829340
65 0 131326690 5584032 47771238 5584032 179097928
66 0 130350930 5584032 49025974 5584032 179376904
67 0 129373282 5584032 50269580 5584032 179642862
68 0 128403188 5584032 51517557 5584032 179920745
69 0 127528946 5584032 52706627 5584032 180235573
70 0 126608612 5584032 53906215 5584032 180514827
71 0 125671944 5584032 55112952 5584032 180784896
72 0 124779646 5584032 56308744 5584032 181088390
73 0 123834238 5584032 57530017 5584032 181364255
74 0 122930274 5584032 58712606 5584032 181642880
75 0 122002495 5584032 59905398 5584032 181907893
76 0 120183103 5584032 62007766 5584032 182190869
77 0 119285546 5584032 63217021 5584032 182502567
78 0 118319435 5584032 64473349 5584032 182792784
79 0 117395471 5584032 65666567 5584032 183062038
80 0 116459247 5584032 66881026 5584032 183340273
81 0 115522339 5584032 68085485 5584032 183607824
82 0 114611745 5584032 69269796 5584032 183881541
83 0 113624672 5584032 70542438 5584032 184167110
84 0 112728318 5584032 71735305 5584032 184463623
85 0 111777077 5584032 72955374 5584032 184732451
86 0 110859983 5584032 74150444 5584032 185010427
87 0 109952499 5584032 75333867 5584032 185286366
88 0 109013592 5584032 76549899 5584032 185563491
89 0 108073091 5584032 77759895 5584032 185832986
90 0 107096202 5584032 79017593 5584032 186113795
91 0 106106776 5584032 80280551 5584032 186387327
92 0 105079462 5584032 81590786 5584032 186670248
93 0 104433845 5584032 82502546 5584032 186936391
94 0 103908243 5584032 83311568 5584032 187219811
95 0 103383827 5584032 84113016 5584032 187496843
96 0 102862893 5584032 84914649 5584032 187777542
97 0 102337940 5584032 85713652 5584032 188051592
98 0 101815042 5584032 86513952 5584032 188328994
99 0 101280775 5584032 87316418 5584032 188597193
100 0 100756895 5584032 88115496 5584032 188872391
101 0 100258424 5584032 88910425 5584032 189168849
102 0 99683435 5584032 89760168 5584032 189443603
103 0 99122334 5584032 90588745 5584032 189711079
104 0 99807135 5584032 91396101 5584032 191203236
105 0 99321960 5584032 92185363 5584032 191507323
106 0 98801099 5584032 92992682 5584032 191793781
107 0 98250202 5584032 93812444 5584032 192062646
108 0 97745397 5584032 94603188 5584032 192348585
109 0 97198611 5584032 95425747 5584032 192624358
110 0 96648528 5584032 96241565 5584032 192890093
111 0 96132835 5584032 97032735 5584032 193165570
112 0 95608678 5584032 97845960 5584032 193454638
113 0 95075966 5584032 98645519 5584032 193721485
114 0 94504754 5584032 99489022 5584032 193993776
115 0 93947246 5584032 100321784 5584032 194269030
116 0 93410090 5584032 101132380 5584032 194542470
117 0 92884525 5584032 101931587 5584032 194816112
118 0 92366850 5584032 102722368 5584032 195089218
119 0 91826415 5584032 103536446 5584032 195362861
120 0 91328925 5584032 104335005 5584032 195663930
121 0 90796157 5584032 105134323 5584032 195930480
122 0 90270408 5584032 105938789 5584032 196209197
123 0 89804843 5584032 106749718 5584032 196554561
124 0 89288019 5584032 107541926 5584032 196829945
125 0 88777121 5584032 108339633 5584032 197116754
126 0 88217909 5584032 109180173 5584032 197398082
127 0 87668716 5584032 109998009 5584032 197666725
128 0 87088579 5584032 110850660 5584032 197939239
1 0 198326778 5584058 617817369 5584058 816144147
2 0 196737345 5584058 619698926 5584058 816436271
3 0 195542905 5584058 621168546 5584058 816711451
4 0 194533423 5584058 622460615 5584058 816994038
5 0 193556571 5584058 623724443 5584058 817281014
6 0 192569572 5584058 624981678 5584058 817551250
7 0 191591683 5584058 626235469 5584058 817827152
8 0 190629090 5584058 627475909 5584058 818104999
9 0 189641682 5584058 628737441 5584058 818379123
10 0 188673108 5584058 629981473 5584058 818654581
11 0 187632480 5584058 631307133 5584058 818939613
12 0 186667424 5584058 632550239 5584058 819217663
13 0 185673609 5584058 633818234 5584058 819491843
14 0 184653054 5584058 635107154 5584058 819760208
15 0 184507983 5584058 636339390 5584058 820847373
16 0 183604870 5584058 637546960 5584058 821151830
17 0 182677295 5584058 638745715 5584058 821423010
18 0 181624019 5584058 640081819 5584058 821705838
19 0 180655722 5584058 641330648 5584058 821986370
20 0 179716092 5584058 642538199 5584058 822254291
21 0 178714315 5584058 643817730 5584058 822532045
22 0 177774425 5584058 645048689 5584058 822823114
23 0 176854313 5584058 646277832 5584058 823132145
24 0 175946255 5584058 647466736 5584058 823412991
25 0 174999348 5584058 648683435 5584058 823682783
26 0 174008996 5584058 649952948 5584058 823961944
27 0 173030162 5584058 651208832 5584058 824238994
28 0 172064811 5584058 652446160 5584058 824510971
29 0 171156402 5584058 653634915 5584058 824791317
30 0 170162550 5584058 654904540 5584058 825067090
31 0 169213698 5584058 656122776 5584058 825336474
32 0 168297400 5584058 657320031 5584058 825617431
33 0 167358900 5584058 658536767 5584058 825895667
34 0 166421658 5584058 659739708 5584058 826161366
35 0 165414714 5584058 661049368 5584058 826464082
36 0 164468713 5584058 662263290 5584058 826732003
37 0 163529342 5584058 663477711 5584058 827007053
38 0 162600637 5584058 664681170 5584058 827281807
39 0 161667784 5584058 665880629 5584058 827548413
40 0 160744006 5584058 667095365 5584058 827839371
41 0 159827523 5584058 668296287 5584058 828123810
42 0 158846300 5584058 669550412 5584058 828396712
43 0 157846023 5584058 670824499 5584058 828670522
44 0 156909078 5584058 672037457 5584058 828946535
45 0 155973021 5584058 673242509 5584058 829215530
46 0 155042002 5584058 674448486 5584058 829490488
47 0 154134963 5584058 675671852 5584058 829806815
48 0 153245295 5584058 676860329 5584058 830105624
49 0 152318368 5584058 678073677 5584058 830392045
50 0 151396774 5584058 679261877 5584058 830658651
51 0 150428533 5584058 680506057 5584058 830934590
52 0 149465681 5584058 681742497 5584058 831208178
53 0 148550106 5584058 682930270 5584058 831480376
54 0 147568865 5584058 684190932 5584058 831759797
55 0 146622976 5584058 685410668 5584058 832033644
56 0 145682512 5584058 686616701 5584058 832299213
57 0 144756122 5584058 687821363 5584058 832577485
58 0 143852158 5584058 689008452 5584058 832860610
59 0 142870769 5584058 690260169 5584058 833130938
60 0 141935619 5584058 691480128 5584058 833415747
61 0 140994175 5584058 692697660 5584058 833691835
62 0 140064563 5584058 693896341 5584058 833960904
63 0 139161524 5584058 695079615 5584058 834241139
64 0 138210487 5584058 696311425 5584058 834521912
65 0 137271781 5584058 697514718 5584058 834786499
66 0 136294596 5584058 698769361 5584058 835063957
67 0 135366947 5584058 699973653 5584058 835340600
68 0 134366837 5584058 701236925 5584058 835603762
69 0 133450168 5584058 702429977 5584058 835880145
70 0 132536205 5584058 703635287 5584058 836171492
71 0 131593574 5584058 704843413 5584058 836436987
72 0 130686221 5584058 706052260 5584058 836738481
73 0 129739850 5584058 707274515 5584058 837014365
74 0 128831997 5584058 708458770 5584058 837290767
75 0 127898680 5584058 709661063 5584058 837559743
76 0 126911088 5584058 710933465 5584058 837844553
77 0 126027568 5584058 712124275 5584058 838151843
78 0 125059678 5584058 713374493 5584058 838434171
79 0 124138140 5584058 714564452 5584058 838702592
80 0 123191491 5584058 715783225 5584058 838974716
81 0 122257583 5584058 716996295 5584058 839253878
82 0 121316656 5584058 718203309 5584058 839519965
83 0 120372416 5584058 719425378 5584058 839797794
84 0 120208548 5584058 720657170 5584058 840865718
85 0 119264769 5584058 721887351 5584058 841152120
86 0 118332324 5584058 723093513 5584058 841425837
87 0 117418156 5584058 724281102 5584058 841699258
88 0 116467377 5584058 725507264 5584058 841974641
89 0 115531580 5584058 726707445 5584058 842239025
90 0 114559654 5584058 727958847 5584058 842518501
91 0 113617524 5584058 729174546 5584058 842792070
92 0 112492897 5584058 730576946 5584058 843069843
93 0 111523359 5584058 731820997 5584058 843344356
94 0 110779984 5584058 732845274 5584058 843625258
95 0 110249365 5584058 733657147 5584058 843906512
96 0 109713320 5584058 734467187 5584058 844180507
97 0 109170923 5584058 735281635 5584058 844452558
98 0 108647285 5584058 736078138 5584058 844725423
99 0 108109961 5584058 736883364 5584058 844993325
100 0 107574527 5584058 737690423 5584058 845264950
101 0 107047241 5584058 738496278 5584058 845543519
102 0 106466140 5584058 739352466 5584058 845818606
103 0 105266589 5584058 740816271 5584058 846082860
104 0 104757043 5584058 741669440 5584058 846426483
105 0 104238386 5584058 742465518 5584058 846703904
106 0 103710730 5584058 743273206 5584058 846983936
107 0 103156759 5584058 744092135 5584058 847248894
108 0 102641712 5584058 744885695 5584058 847527407
109 0 102082630 5584058 745709494 5584058 847792124
110 0 101553900 5584058 746511719 5584058 848065619
111 0 101035965 5584058 747301797 5584058 848337762
112 0 100506123 5584058 748118467 5584058 848624590
113 0 99976133 5584058 748914433 5584058 848890566
114 0 99391459 5584058 749771028 5584058 849162487
115 0 98814137 5584058 750620123 5584058 849434260
116 0 98285702 5584058 751429608 5584058 849715310
117 0 97750360 5584058 752234723 5584058 849985083
118 0 97257184 5584058 753036171 5584058 850293355
119 0 96719139 5584058 753846859 5584058 850565998
120 0 96218408 5584058 754650492 5584058 850868900
121 0 95679806 5584058 755453977 5584058 851133783
122 0 95154390 5584058 756256888 5584058 851411278
123 0 94589846 5584058 757084983 5584058 851674829
124 0 94071540 5584058 757875339 5584058 851946879
125 0 93543680 5584058 758675879 5584058 852219559
126 0 92971988 5584058 759526844 5584058 852498832
127 0 90945804 5584058 761816986 5584058 852762790
128 0 90361426 5584058 762671822 5584058 853033248
1 0 190204340 5584087 77447634 5584087 267651974
2 0 188650203 5584087 79296136 5584087 267946339
3 0 187504651 5584087 80716239 5584087 268220890
4 0 186489169 5584087 82020937 5584087 268510106
5 0 185487651 5584087 83296080 5584087 268783731
6 0 184507392 5584087 84556426 5584087 269063818
7 0 183532484 5584087 85809273 5584087 269341757
8 0 182558836 5584087 87053509 5584087 269612345
9 0 181573077 5584087 88322503 5584087 269895580
10 0 181384099 5584087 89562628 5584087 270946727
11 0 180299008 5584087 90924880 5584087 271223888
12 0 179317138 5584087 92184282 5584087 271501420
13 0 178335656 5584087 93443870 5584087 271779526
14 0 177310342 5584087 94738438 5584087 272048780
15 0 176364620 5584087 95972081 5584087 272336701
16 0 175437507 5584087 97181503 5584087 272619010
17 0 174502858 5584087 98384573 5584087 272887431
18 0 173506358 5584087 99661827 5584087 273168185
19 0 172422934 5584087 101015357 5584087 273438291
20 0 171482360 5584087 102237759 5584087 273720119
21 0 170482490 5584087 103521402 5584087 274003892
22 0 169531693 5584087 104753249 5584087 274284942
23 0 168590729 5584087 105982115 5584087 274572844
24 0 167688043 5584087 107170870 5584087 274858913
25 0 166742079 5584087 108384810 5584087 275126889
26 0 165819374 5584087 109585899 5584087 275405273
27 0 164826096 5584087 110861671 5584087 275687767
28 0 163859207 5584087 112099222 5584087 275958429
29 0 162941614 5584087 113291699 5584087 276233313
30 0 161967132 5584087 114543361 5584087 276510493
31 0 161025946 5584087 115752782 5584087 276778728
32 0 160124222 5584087 116941297 5584087 277065519
33 0 159174888 5584087 118156441 5584087 277331329
34 0 158260276 5584087 119346270 5584087 277606546
35 0 156929005 5584087 120979091 5584087 277908096
36 0 155989319 5584087 122193883 5584087 278183202
37 0 155053892 5584087 123410175 5584087 278464067
38 0 154141020 5584087 124603671 5584087 278744691
39 0 153214778 5584087 125797204 5584087 279011982
40 0 152298240 5584087 127000941 5584087 279299181
41 0 151393979 5584087 128194678 5584087 279588657
42 0 150417053 5584087 129442821 5584087 279859874
43 0 149430942 5584087 130738852 5584087 280169794
44 0 148482942 5584087 131957273 5584087 280440215
45 0 147553848 5584087 133164491 5584087 280718339
46 0 146625643 5584087 134367191 5584087 280992834
47 0 145673754 5584087 135592001 5584087 281265755
48 0 144780881 5584087 136782090 5584087 281562971
49 0 143839621 5584087 137997919 5584087 281837540
50 0 142922954 5584087 139183637 5584087 282106591
51 0 141960564 5584087 140425077 5584087 282385641
52 0 141008878 5584087 141657998 5584087 282666876
53 0 140082526 5584087 142852160 5584087 282934686
54 0 139107007 5584087 144106044 5584087 283213051
55 0 138182080 5584087 145309151 5584087 283491231
56 0 137236024 5584087 146520499 5584087 283756523
57 0 136307116 5584087 147727161 5584087 284034277
58 0 135400059 5584087 148916194 5584087 284316253
59 0 133886568 5584087 150703050 5584087 284589618
60 0 132953753 5584087 151941859 5584087 284895612
61 0 132019733 5584087 153142596 5584087 285162329
62 0 131093991 5584087 154348333 5584087 285442324
63 0 130188490 5584087 155534199 5584087 285722689
64 0 129228731 5584087 156760972 5584087 285989703
65 0 128307100 5584087 157957616 5584087 286264716
66 0 127337081 5584087 159212685 5584087 286549766
67 0 126355451 5584087 160460551 5584087 286816002
68 0 125404654 5584087 161685917 5584087 287090571
69 0 124492005 5584087 162871005 5584087 287363010
70 0 123574133 5584087 164063761 5584087 287637894
71 0 122640892 5584087 165270886 5584087 287911778
72 0 121763131 5584087 166464863 5584087 288227994
73 0 120812444 5584087 167685285 5584087 288497729
74 0 119910832 5584087 168864170 5584087 288775002
75 0 118680207 5584087 170373771 5584087 289053978
76 0 117727151 5584087 171611637 5584087 289338788
77 0 116828705 5584087 172806725 5584087 289635430
78 0 115869667 5584087 174052054 5584087 289921721
79 0 114998332 5584087 175238013 5584087 290236345
80 0 114072849 5584087 176440083 5584087 290512932
81 0 113142774 5584087 177640412 5584087 290783186
82 0 112234884 5584087 178822075 5584087 291056959
83 0 111251069 5584087 180087718 5584087 291338787
84 0 110312865 5584087 181319620 5584087 291632485
85 0 109585434 5584087 182322398 5584087 291907832
86 0 109055573 5584087 183127031 5584087 292182604
87 0 108530824 5584087 183922849 5584087 292453673
88 0 107986631 5584087 184740371 5584087 292727002
89 0 107464789 5584087 185541448 5584087 293006237
90 0 106907448 5584087 186385969 5584087 293293417
91 0 106360143 5584087 187198954 5584087 293559097
92 0 105768747 5584087 188069178 5584087 293837925
93 0 105227960 5584087 188888478 5584087 294116438
94 0 104713989 5584087 189697740 5584087 294411729
95 0 104144241 5584087 190539150 5584087 294683391
96 0 103618694 5584087 191350413 5584087 294969107
97 0 103091853 5584087 192152009 5584087 295243862
98 0 102555511 5584087 192954364 5584087 295509875
99 0 102025150 5584087 193762201 5584087 295787351
100 0 101496365 5584087 194566611 5584087 296062976
101 0 100965578 5584087 195368670 5584087 296334248
102 0 100402162 5584087 196210692 5584087 296612854
103 0 99876710 5584087 197012232 5584087 296888942
104 0 99392793 5584087 197838698 5584087 297231491
105 0 98874839 5584087 198631535 5584087 297506374
106 0 98349182 5584087 199436946 5584087 297786128
107 0 97772749 5584087 200286467 5584087 298059216
108 0 97273463 5584087 201091377 5584087 298364840
109 0 96718973 5584087 201913954 5584087 298632927
110 0 96190223 5584087 202719569 5584087 298909792
111 0 95671234 5584087 203517183 5584087 299188417
112 0 95124540 5584087 204338168 5584087 299462708
113 0 94600272 5584087 205136986 5584087 299737258
114 0 94792528 5584087 205989655 5584087 300782183
115 0 94272871 5584087 206797325 5584087 301070196
116 0 93741992 5584087 207601347 5584087 301343339
117 0 93213631 5584087 208405314 5584087 301618945
118 0 92704215 5584087 209200206 5584087 301904421
119 0 91588255 5584087 210588754 5584087 302177009
120 0 91030728 5584087 211430016 5584087 302460744
121 0 90501535 5584087 212234389 5584087 302735924
122 0 89987174 5584087 213030689 5584087 303017863
123 0 89443018 5584087 213842507 5584087 303285525
124 0 88913416 5584087 214644881 5584087 303558297
125 0 88395037 5584087 215443959 5584087 303838996
126 0 87823881 5584087 216281091 5584087 304104972
127 0 87277225 5584087 217100538 5584087 304377763
128 0 86742735 5584087 217907579 5584087 304650314
1 0 202541368 5584115 297634612 5584115 500175980
2 0 200970176 5584115 299493651 5584115 500463827
3 0 199843975 5584115 300906421 5584115 500750396
4 0 198835494 5584115 302212174 5584115 501047668
5 0 197838846 5584115 303479002 5584115 501317848
6 0 196859290 5584115 304736182 5584115 501595472
7 0 195894512 5584115 305983288 5584115 501877800
8 0 194918067 5584115 307226450 5584115 502144517
9 0 193961641 5584115 308477093 5584115 502438734
10 0 192999659 5584115 309719514 5584115 502719173
11 0 191948457 5584115 311035156 5584115 502983613
12 0 190979586 5584115 312278910 5584115 503258496
13 0 189974809 5584115 313553905 5584115 503528714
14 0 188504836 5584115 315298576 5584115 503803412
15 0 187542725 5584115 316538682 5584115 504081407
16 0 186600835 5584115 317749178 5584115 504350013
17 0 185667075 5584115 318954933 5584115 504622008
18 0 184587317 5584115 320309241 5584115 504896558
19 0 183615818 5584115 321548180 5584115 505163998
20 0 182682706 5584115 322758120 5584115 505440826
21 0 181700724 5584115 324041522 5584115 505742246
22 0 180746964 5584115 325273277 5584115 506020241
23 0 179788982 5584115 326505642 5584115 506294624
24 0 178852814 5584115 327707509 5584115 506560323
25 0 177909740 5584115 328927800 5584115 506837540
26 0 176896055 5584115 330213924 5584115 507109979
27 0 175942499 5584115 331437549 5584115 507380048
28 0 175003739 5584115 332666285 5584115 507670024
29 0 174080571 5584115 333863411 5584115 507943982
30 0 173064202 5584115 335145257 5584115 508209459
31 0 172131163 5584115 336355179 5584115 508486342
32 0 171216903 5584115 337547212 5584115 508764115
33 0 170270291 5584115 338763522 5584115 509033813
34 0 169370142 5584115 339951407 5584115 509321549
35 0 168324883 5584115 341273105 5584115 509597988
36 0 167374365 5584115 342488563 5584115 509862928
37 0 166801504 5584115 343706726 5584115 510508230
38 0 165867208 5584115 344916573 5584115 510783781
39 0 164946651 5584115 346118106 5584115 511064757
40 0 164017538 5584115 347330065 5584115 511347603
41 0 163081056 5584115 348532172 5584115 511613228
42 0 162096593 5584115 349790148 5584115 511886741
43 0 161103001 5584115 351056828 5584115 512159829
44 0 160158722 5584115 352273509 5584115 512432231
45 0 159211759 5584115 353492171 5584115 512703930
46 0 158308702 5584115 354696148 5584115 513004850
47 0 157363219 5584115 355908829 5584115 513272048
48 0 156426701 5584115 357118602 5584115 513545303
49 0 155489070 5584115 358331987 5584115 513821057
50 0 154559587 5584115 359526020 5584115 514085607
51 0 153578698 5584115 360780015 5584115 514358713
52 0 152629883 5584115 362010566 5584115 514640449
53 0 151714733 5584115 363197192 5584115 514911925
54 0 150735381 5584115 364452242 5584115 515187623
55 0 149795899 5584115 365656201 5584115 515452100
56 0 148855380 5584115 366869363 5584115 515724743
57 0 147924620 5584115 368073266 5584115 515997886
58 0 147013711 5584115 369263651 5584115 516277362
59 0 146019860 5584115 370539664 5584115 516559524
60 0 145088673 5584115 371747753 5584115 516836426
61 0 144156338 5584115 372947286 5584115 517103624
62 0 143237264 5584115 374146948 5584115 517384212
63 0 142329207 5584115 375336055 5584115 517665262
64 0 141366207 5584115 376564217 5584115 517930424
65 0 140432280 5584115 377770472 5584115 518202752
66 0 139427021 5584115 379047911 5584115 518474932
67 0 138447872 5584115 380290962 5584115 518738834
68 0 137501464 5584115 381509884 5584115 519011348
69 0 136574722 5584115 382712565 5584115 519287287
70 0 135637111 5584115 383913727 5584115 519550838
71 0 134719183 5584115 385129093 5584115 519848276
72 0 133828922 5584115 386329200 5584115 520158122
73 0 132885607 5584115 387554066 5584115 520439673
74 0 131966069 5584115 388738395 5584115 520704464
75 0 131057808 5584115 389932169 5584115 520989977
76 0 130082826 5584115 391186609 5584115 521269435
77 0 129185047 5584115 392392086 5584115 521577133
78 0 128206418 5584115 393642210 5584115 521848628
79 0 127290897 5584115 394830392 5584115 522121289
80 0 126352174 5584115 396041684 5584115 522393858
81 0 125419377 5584115 397242143 5584115 522661520
82 0 124484450 5584115 398455342 5584115 522939792
83 0 123542690 5584115 399676819 5584115 523219509
84 0 122573949 5584115 400913888 5584115 523487837
85 0 121626893 5584115 402134087 5584115 523760980
86 0 120673170 5584115 403359583 5584115 524032753
87 0 119756891 5584115 404558301 5584115 524315192
88 0 118798668 5584115 405782778 5584115 524581446
89 0 117881279 5584115 406970959 5584115 524852238
90 0 116880834 5584115 408244806 5584115 525125640
91 0 115938093 5584115 409461079 5584115 525399172
92 0 114866002 5584115 410803887 5584115 525669889
93 0 113935038 5584115 412016864 5584115 525951902
94 0 113024444 5584115 413207601 5584115 526232045
95 0 112102314 5584115 414427411 5584115 526529725
96 0 111173090 5584115 415624981 5584115 526798071
97 0 110245126 5584115 416825736 5584115 527070862
98 0 109327032 5584115 418019640 5584115 527346672
99 0 108402013 5584115 419220302 5584115 527622315
100 0 107318699 5584115 420575629 5584115 527894328
101 0 106380217 5584115 421792958 5584115 528173175
102 0 105746007 5584115 422696163 5584115 528442170
103 0 105206313 5584115 423507611 5584115 528713924
104 0 104736397 5584115 424319854 5584115 529056251
105 0 104226332 5584115 425114191 5584115 529340523
106 0 103689046 5584115 425921880 5584115 529610926
107 0 103133445 5584115 426755605 5584115 529889050
108 0 103643769 5584115 427555312 5584115 531199081
109 0 103109687 5584115 428373574 5584115 531483261
110 0 102582789 5584115 429164948 5584115 531747737
111 0 102056225 5584115 429965637 5584115 532021862
112 0 101473810 5584115 430829232 5584115 532303042
113 0 100950968 5584115 431626346 5584115 532577314
114 0 100382256 5584115 432467312 5584115 532849568
115 0 99852266 5584115 433269649 5584115 533121915
116 0 99304647 5584115 434081319 5584115 533385966
117 0 98777880 5584115 434885229 5584115 533663109
118 0 98252315 5584115 435681788 5584115 533934103
119 0 97738676 5584115 436497625 5584115 534236301
120 0 97202501 5584115 437300073 5584115 534502574
121 0 96691992 5584115 438095910 5584115 534787902
122 0 96167928 5584115 438896728 5584115 535064656
123 0 95645160 5584115 439694991 5584115 535340151
124 0 94960970 5584115 440644917 5584115 535605887
125 0 94429072 5584115 441454939 5584115 535884011
126 0 93851305 5584115 442298423 5584115 536149728
127 0 93303149 5584115 443119185 5584115 536422334
128 0 92756900 5584115 443937855 5584115 536694755
1 0 206575183 5584143 9138954 5584143 215714137
2 0 204336872 5584143 11666907 5584143 216003779
3 0 202925177 5584143 13368523 5584143 216293700
4 0 201540111 5584143 15033380 5584143 216573491
5 0 200149192 5584143 16694201 5584143 216843393
6 0 198778792 5584143 18343466 5584143 217122258
7 0 197400966 5584143 19996528 5584143 217397494
8 0 195568741 5584143 22095970 5584143 217664711
9 0 194198323 5584143 23758012 5584143 217956335
10 0 192835238 5584143 25396259 5584143 218231497
11 0 191466041 5584143 27033469 5584143 218499510
12 0 190103215 5584143 28668957 5584143 218772172
13 0 188575466 5584143 30472219 5584143 219047685
14 0 187121660 5584143 32192187 5584143 219313847
15 0 185774407 5584143 33817601 5584143 219592008
16 0 184440544 5584143 35416774 5584143 219857318
17 0 183848629 5584143 37014096 5584143 220862725
18 0 182427841 5584143 38722508 5584143 221150349
19 0 180932443 5584143 40485956 5584143 221418399
20 0 179589598 5584143 42110648 5584143 221700246
21 0 178193921 5584143 43813486 5584143 222007407
22 0 176847020 5584143 45437678 5584143 222284698
23 0 175494415 5584143 47062833 5584143 222557248
24 0 174207736 5584143 48636266 5584143 222844002
25 0 172763745 5584143 50345678 5584143 223109423
26 0 171407530 5584143 51973833 5584143 223381363
27 0 170098814 5584143 53552655 5584143 223651469
28 0 168755283 5584143 55173643 5584143 223928926
29 0 167452031 5584143 56749983 5584143 224202014
30 0 166057982 5584143 58407786 5584143 224465768
31 0 164120130 5584143 60619096 5584143 224739226
32 0 162741656 5584143 62268435 5584143 225010091
33 0 161403737 5584143 63874831 5584143 225278568
34 0 160112168 5584143 65446042 5584143 225558210
35 0 158762398 5584143 67069289 5584143 225831687
36 0 157440886 5584143 68655296 5584143 226096182
37 0 156021042 5584143 70352894 5584143 226373936
38 0 154685642 5584143 71971974 5584143 226657616
39 0 153364314 5584143 73560037 5584143 226924351
40 0 152042172 5584143 75163933 5584143 227206105
41 0 150726086 5584143 76745329 5584143 227471415
42 0 149325168 5584143 78422612 5584143 227747780
43 0 147953471 5584143 80067637 5584143 228021108
44 0 146594664 5584143 81696162 5584143 228290826
45 0 145278411 5584143 83286372 5584143 228564783
46 0 143982584 5584143 84880379 5584143 228862963
47 0 142644220 5584143 86487905 5584143 229132125
48 0 141326467 5584143 88088023 5584143 229414490
49 0 139989548 5584143 89697029 5584143 229686577
50 0 138099046 5584143 91854211 5584143 229953257
51 0 136821496 5584143 93446422 5584143 230267918
52 0 135490503 5584143 95058206 5584143 230548709
53 0 134197101 5584143 96617566 5584143 230814667
54 0 132817646 5584143 98270386 5584143 231088032
55 0 131493911 5584143 99856875 5584143 231350786
56 0 130093438 5584143 101528510 5584143 231621948
57 0 128784185 5584143 103118332 5584143 231902517
58 0 127498394 5584143 104690136 5584143 232188530
59 0 126169771 5584143 106300920 5584143 232470691
60 0 124864018 5584143 107881205 5584143 232745223
61 0 123548061 5584143 109461046 5584143 233009107
62 0 121863315 5584143 111424657 5584143 233287972
63 0 120912926 5584143 112658689 5584143 233571615
64 0 120361084 5584143 113481026 5584143 233842110
65 0 119840705 5584143 114275103 5584143 234115808
66 0 119264772 5584143 115115976 5584143 234380748
67 0 118740744 5584143 115917091 5584143 234657835
68 0 118210681 5584143 116720131 5584143 234930812
69 0 117689190 5584143 117520487 5584143 235209677
70 0 117158867 5584143 118320138 5584143 235479005
71 0 116649136 5584143 119126049 5584143 235775185
72 0 116132201 5584143 119925145 5584143 236057346
73 0 115498194 5584143 120835813 5584143 236334007
74 0 114967260 5584143 121633131 5584143 236600391
75 0 114440029 5584143 122434357 5584143 236874386
76 0 113916928 5584143 123242786 5584143 237159714
77 0 113424807 5584143 124041142 5584143 237465949
78 0 112845170 5584143 124886255 5584143 237731425
79 0 112320254 5584143 125689351 5584143 238009605
80 0 111777505 5584143 126497799 5584143 238275304
81 0 111250422 5584143 127295599 5584143 238546021
82 0 110730395 5584143 128096306 5584143 238826701
83 0 110203017 5584143 128919327 5584143 239122344
84 0 109679175 5584143 129709201 5584143 239388376
85 0 109098574 5584143 130565278 5584143 239663852
86 0 108569084 5584143 131368226 5584143 239937310
87 0 108809395 5584143 132156581 5584143 240965976
88 0 108270571 5584143 132971307 5584143 241241878
89 0 107761396 5584143 133763477 5584143 241524873
90 0 107184888 5584143 134612220 5584143 241797108
91 0 106645362 5584143 135425260 5584143 242070622
92 0 106042558 5584143 136290022 5584143 242332580
93 0 105498049 5584143 137104507 5584143 242602556
94 0 104975986 5584143 137905917 5584143 242881903
95 0 104451218 5584143 138719272 5584143 243170490
96 0 103922209 5584143 139521072 5584143 243443281
97 0 102944116 5584143 140772567 5584143 243716683
98 0 102398275 5584143 141581070 5584143 243979345
99 0 101869858 5584143 142382148 5584143 244252006
100 0 101354091 5584143 143177466 5584143 244531557
101 0 100834044 5584143 143970359 5584143 244804403
102 0 100253260 5584143 144813435 5584143 245066695
103 0 99724825 5584143 145612439 5584143 245337264
104 0 99251075 5584143 146424775 5584143 245675850
105 0 98748324 5584143 147212409 5584143 245960733
106 0 98211335 5584143 148016079 5584143 246227414
107 0 97679160 5584143 148826341 5584143 246505501
108 0 97164021 5584143 149615919 5584143 246779940
109 0 96567570 5584143 150476106 5584143 247043676
110 0 96045005 5584143 151270184 5584143 247315189
111 0 95527441 5584143 152066836 5584143 247594277
112 0 94987821 5584143 152879728 5584143 247867549
113 0 94458053 5584143 153681491 5584143 248139544
114 0 95516571 5584143 154521549 5584143 250038120
115 0 94992766 5584143 155316497 5584143 250309263
116 0 94426906 5584143 156130704 5584143 250557610
117 0 93878602 5584143 156928207 5584143 250806809
118 0 93347556 5584143 157719359 5584143 251066915
119 0 92796696 5584143 158534844 5584143 251331540
120 0 92277614 5584143 159335328 5584143 251612942
121 0 91433648 5584143 160444085 5584143 251877733
122 0 90894140 5584143 161264699 5584143 252158839
123 0 90365372 5584143 162060036 5584143 252425408
124 0 89833308 5584143 162874965 5584143 252708273
125 0 89307910 5584143 163673562 5584143 252981472
126 0 88741605 5584143 164508861 5584143 253250466
127 0 88195857 5584143 165326938 5584143 253522795
128 0 87670181 5584143 166126775 5584143 253796956
1 0 159231075 5584170 902795186 5584171 62026261
2 0 158144132 5584170 904173531 5584171 62317663
3 0 157531106 5584170 905062533 5584171 62593639
4 0 156939655 5584170 905936498 5584171 62876153
5 0 156380480 5584170 906782704 5584171 63163184
6 0 155817602 5584170 907615077 5584171 63432679
7 0 155265594 5584170 908455524 5584171 63721118
8 0 154712846 5584170 909283286 5584171 63996132
9 0 154086228 5584170 910175825 5584171 64262053
10 0 153504498 5584170 911034531 5584171 64539029
11 0 152954971 5584170 911870404 5584171 64825375
12 0 152395352 5584170 912705796 5584171 65101148
13 0 151830010 5584170 913544336 5584171 65374346
14 0 151277187 5584170 914364654 5584171 65641841
15 0 150724217 5584170 915192508 5584171 65916725
16 0 150128580 5584170 916070621 5584171 66199201
17 0 149548609 5584170 916915402 5584171 66464011
18 0 148979842 5584170 917760423 5584171 66740265
19 0 148452296 5584170 918563760 5584171 67016056
20 0 147917492 5584170 919364263 5584171 67281755
21 0 147252356 5584170 920304171 5584171 67556527
22 0 146701218 5584170 921147248 5584171 67848466
23 0 146179228 5584170 921964085 5584171 68143313
24 0 145662219 5584170 922756829 5584171 68419048
25 0 145119748 5584170 923563073 5584171 68682821
26 0 144597258 5584170 924361595 5584171 68958853
27 0 144081768 5584170 925151080 5584171 69232848
28 0 143533907 5584170 925964917 5584171 69498824
29 0 143022769 5584170 926754291 5584171 69777060
30 0 143123674 5584170 927605701 5584171 70729375
31 0 142655054 5584170 928407074 5584171 71062128
32 0 142154119 5584170 929202485 5584171 71356604
33 0 141613721 5584170 930032470 5584171 71646191
34 0 141054065 5584170 930863954 5584171 71918019
35 0 140553241 5584170 931677124 5584171 72230365
36 0 140034455 5584170 932477424 5584171 72511879
37 0 139492484 5584170 933289001 5584171 72781485
38 0 138971308 5584170 934086023 5584171 73057331
39 0 138444856 5584170 934882452 5584171 73327308
40 0 137917328 5584170 935684437 5584171 73601765
41 0 137402097 5584170 936479089 5584171 73881186
42 0 136831534 5584170 937319388 5584171 74150922
43 0 136299915 5584170 938129039 5584171 74428954
44 0 135777313 5584170 938929339 5584171 74706652
45 0 135248397 5584170 939727528 5584171 74975925
46 0 134425857 5584170 940824914 5584171 75250771
47 0 133902626 5584170 941652121 5584171 75554747
48 0 133385080 5584170 942439310 5584171 75824390
49 0 132866145 5584170 943243999 5584171 76110144
50 0 132350489 5584170 944027391 5584171 76377880
51 0 131842610 5584170 944816950 5584171 76659560
52 0 131312767 5584170 945621195 5584171 76933962
53 0 130799796 5584170 946409513 5584171 77209309
54 0 130238510 5584170 947245053 5584171 77483563
55 0 129700668 5584170 948056556 5584171 77757224
56 0 129164789 5584170 948859356 5584171 78024145
57 0 128645762 5584170 949654193 5584171 78299955
58 0 128090051 5584170 950486510 5584171 78576561
59 0 127542431 5584170 951305865 5584171 78848296
60 0 127026515 5584170 952102498 5584171 79129013
61 0 126491302 5584170 952902243 5584171 79393545
62 0 125967053 5584170 953699783 5584171 79666836
63 0 125444174 5584170 954496213 5584171 79940387
64 0 124986294 5584170 955304031 5584171 80290325
65 0 124456970 5584170 956101942 5584171 80558912
66 0 123891407 5584170 956942407 5584171 80833814
67 0 123369121 5584170 957745133 5584171 81114254
68 0 122823205 5584170 958565099 5584171 81388304
69 0 122301659 5584170 959352640 5584171 81654299
70 0 121752003 5584170 960181865 5584171 81933868
71 0 121203755 5584170 961003608 5584171 82207363
72 0 120707671 5584170 961800519 5584171 82508190
73 0 120163978 5584170 962617763 5584171 82781741
74 0 119647210 5584170 963409989 5584171 83057199
75 0 119117386 5584170 964205863 5584171 83323249
76 0 118577489 5584170 965017570 5584171 83595059
77 0 118104091 5584170 965806666 5584171 83910757
78 0 117552453 5584170 966645076 5584171 84197529
79 0 117026777 5584170 967437747 5584171 84464524
80 0 116488787 5584170 968245954 5584171 84734741
81 0 115956427 5584170 969050661 5584171 85007088
82 0 115442215 5584170 969840442 5584171 85282657
83 0 114311958 5584170 971245342 5584171 85557300
84 0 113775802 5584170 972059511 5584171 85835313
85 0 113251626 5584170 972865311 5584171 86116937
86 0 112721858 5584170 973661537 5584171 86383395
87 0 112213813 5584170 974444929 5584171 86658742
88 0 111683359 5584170 975254229 5584171 86937588
89 0 111146721 5584170 976060899 5584171 87207620
90 0 110581936 5584170 976903253 5584171 87485189
91 0 110045242 5584170 977715627 5584171 87760869
92 0 109458105 5584170 978578481 5584171 88036586
93 0 108922986 5584170 979385540 5584171 88308526
94 0 108372533 5584170 980219876 5584171 88592409
95 0 107835080 5584170 981032139 5584171 88867219
96 0 107342516 5584170 981827290 5584171 89169806
97 0 106807470 5584170 982634368 5584171 89441838
98 0 106292609 5584170 983422038 5584171 89714647
99 0 105765064 5584170 984222708 5584171 89987772
100 0 105286591 5584170 985017156 5584171 90303747
101 0 104771323 5584170 985814734 5584171 90586057
102 0 104221556 5584170 986654125 5584171 90875681
103 0 103705695 5584170 987444814 5584171 91150509
104 0 103243074 5584170 988249651 5584171 91492725
105 0 102725324 5584170 989042914 5584171 91768238
106 0 102209241 5584170 989838047 5584171 92047288
107 0 101338165 5584170 990980229 5584171 92318394
108 0 100827138 5584170 991775696 5584171 92602834
109 0 100269500 5584170 992605606 5584171 92875106
110 0 99747695 5584170 993402517 5584171 93150212
111 0 99227668 5584170 994187039 5584171 93414707
112 0 98693437 5584170 994996450 5584171 93689887
113 0 98173484 5584170 995798361 5584171 93971845
114 0 97605884 5584170 996636511 5584171 94242395
115 0 97082060 5584170 997434589 5584171 94516649
116 0 96557385 5584170 998230833 5584171 94788218
117 0 96026951 5584170 999025633 5584171 95052584
118 0 95510127 5584170 999820544 5584171 95330671
119 0 94937582 5584171 665843 5584171 95603425
120 0 94438388 5584171 1467217 5584171 95905605
121 0 93915565 5584171 2265979 5584171 96181544
122 0 93391426 5584171 3062057 5584171 96453483
123 0 92855733 5584171 3870838 5584171 96726571
124 0 92339446 5584171 4660268 5584171 96999714
125 0 91819604 5584171 5453938 5584171 97273542
126 0 91251559 5584171 6300829 5584171 97552388
127 0 90710847 5584171 7114296 5584171 97825143
128 0 90166432 5584171 7920891 5584171 98087323
1 0 194885923 5584198 137509807 5584198 332395730
2 0 193319212 5584198 139378679 5584198 332697891
3 0 192204788 5584198 140776672 5584198 332981460
4 0 191200085 5584198 142076388 5584198 333276473
5 0 190203714 5584198 143356216 5584198 333559930
6 0 189223178 5584198 144621266 5584198 333844444
7 0 188251307 5584198 145874502 5584198 334125809
8 0 187270418 5584198 147127330 5584198 334397748
9 0 186278029 5584198 148398195 5584198 334676224
10 0 185328121 5584198 149647190 5584198 334975311
11 0 184263364 5584198 150981720 5584198 335245084
12 0 183283623 5584198 152239900 5584198 335523523
13 0 182302215 5584198 153500710 5584198 335802925
14 0 180781059 5584198 155290324 5584198 336071383
15 0 179812855 5584198 156542264 5584198 336355119
16 0 178870595 5584198 157764963 5584198 336635558
17 0 177928612 5584198 158977922 5584198 336906534
18 0 176867762 5584198 160318785 5584198 337186547
19 0 175904392 5584198 161562706 5584198 337467098
20 0 174956057 5584198 162780517 5584198 337736574
21 0 173960687 5584198 164062474 5584198 338023161
22 0 173002186 5584198 165302951 5584198 338305137
23 0 172051094 5584198 166542649 5584198 338593743
24 0 171133147 5584198 167740294 5584198 338873441
25 0 170179480 5584198 168964456 5584198 339143936
26 0 169146075 5584198 170276375 5584198 339422450
27 0 168206851 5584198 171500408 5584198 339707259
28 0 167240147 5584198 172737070 5584198 339977217
29 0 166358145 5584198 173937418 5584198 340295563
30 0 165381552 5584198 175205968 5584198 340587520
31 0 164435107 5584198 176422834 5584198 340857941
32 0 163527051 5584198 177620033 5584198 341147084
33 0 162567939 5584198 178848899 5584198 341416838
34 0 161608309 5584198 180084857 5584198 341693166
35 0 160642605 5584198 181358000 5584198 342000605
36 0 159700160 5584198 182570940 5584198 342271100
37 0 158755640 5584198 183792436 5584198 342548076
38 0 157823158 5584198 185003413 5584198 342826571
39 0 156885175 5584198 186213446 5584198 343098621
40 0 155948526 5584198 187435719 5584198 343384245
41 0 155025248 5584198 188644418 5584198 343669666
42 0 154030841 5584198 189909635 5584198 343940476
43 0 152668514 5584198 191548864 5584198 344217378
44 0 151726402 5584198 192769322 5584198 344495724
45 0 150785957 5584198 193979614 5584198 344765571
46 0 149860085 5584198 195181888 5584198 345041973
47 0 148920548 5584198 196397217 5584198 345317765
48 0 148003806 5584198 197602342 5584198 345606148
49 0 147067509 5584198 198818097 5584198 345885606
50 0 146119822 5584198 200034519 5584198 346154341
51 0 145154100 5584198 201277681 5584198 346431781
52 0 144197544 5584198 202516472 5584198 346714016
53 0 143268099 5584198 203715542 5584198 346983641
54 0 142284617 5584198 204987648 5584198 347272265
55 0 141352394 5584198 206200347 5584198 347552741
56 0 140398634 5584198 207423065 5584198 347821699
57 0 139469356 5584198 208628875 5584198 348098231
58 0 138558391 5584198 209823631 5584198 348382022
59 0 136748628 5584198 211912888 5584198 348661516
60 0 135831609 5584198 213131754 5584198 348963363
61 0 134901645 5584198 214333935 5584198 349235580
62 0 133978515 5584198 215539393 5584198 349517908
63 0 133069716 5584198 216727649 5584198 349797365
64 0 132136457 5584198 217961218 5584198 350097675
65 0 131218159 5584198 219165881 5584198 350384040
66 0 130195548 5584198 220472801 5584198 350668349
67 0 129241714 5584198 221704185 5584198 350945899
68 0 128302788 5584198 222910736 5584198 351213524
69 0 127377953 5584198 224113362 5584198 351491315
70 0 126449230 5584198 225318487 5584198 351767717
71 0 125516618 5584198 226532649 5584198 352049267
72 0 124609894 5584198 227735164 5584198 352345058
73 0 123658079 5584198 228964196 5584198 352622275
74 0 122699782 5584198 230190210 5584198 352889992
75 0 121758467 5584198 231408465 5584198 353166932
76 0 120828336 5584198 232625627 5584198 353453963
77 0 119946371 5584198 233829012 5584198 353775383
78 0 118959612 5584198 235088192 5584198 354047804
79 0 118046314 5584198 236278781 5584198 354325095
80 0 117104591 5584198 237497443 5584198 354602034
81 0 116164516 5584198 238715531 5584198 354880047
82 0 115241663 5584198 239907324 5584198 355148987
83 0 113948910 5584198 241482757 5584198 355431667
84 0 113041426 5584198 242679457 5584198 355720883
85 0 112091667 5584198 243905841 5584198 355997508
86 0 111150537 5584198 245114114 5584198 356264651
87 0 110241443 5584198 246303129 5584198 356544572
88 0 109288868 5584198 247537902 5584198 356826770
89 0 108368349 5584198 248727194 5584198 357095543
90 0 107375904 5584198 249998559 5584198 357374463
91 0 106360164 5584198 251291887 5584198 357652051
92 0 105568142 5584198 252357015 5584198 357925157
93 0 105019448 5584198 253184592 5584198 358204040
94 0 104489070 5584198 254004743 5584198 358493813
95 0 103954728 5584198 254816450 5584198 358771178
96 0 103434275 5584198 255631805 5584198 359066080
97 0 102901118 5584198 256442308 5584198 359343426
98 0 102364831 5584198 257253664 5584198 359618495
99 0 101830156 5584198 258067667 5584198 359897823
100 0 102076578 5584198 258875244 5584198 360951822
101 0 101548162 5584198 259687766 5584198 361235928
102 0 100929304 5584198 260591193 5584198 361520497
103 0 100391665 5584198 261397363 5584198 361789028
104 0 99914859 5584198 262214015 5584198 362128874
105 0 99400721 5584198 263016203 5584198 362416924
106 0 98857972 5584198 263830169 5584198 362688141
107 0 98314853 5584198 264655635 5584198 362970488
108 0 97799622 5584198 265458416 5584198 363258038
109 0 97243613 5584198 266293864 5584198 363537477
110 0 96709512 5584198 267094386 5584198 363803898
111 0 96180560 5584198 267900759 5584198 364081319
112 0 95644366 5584198 268725762 5584198 364370128
113 0 96701531 5584198 269527155 5584198 366228686
114 0 96072931 5584198 270412342 5584198 366485273
115 0 95510997 5584198 271230197 5584198 366741194
116 0 94952934 5584198 272042922 5584198 366995856
117 0 94409389 5584198 272852611 5584198 367262000
118 0 93889102 5584198 273657429 5584198 367546531
119 0 93334168 5584198 274483969 5584198 367818137
120 0 92805920 5584198 275294453 5584198 368100373
121 0 92269688 5584198 276099457 5584198 368369145
122 0 91740680 5584198 276907442 5584198 368648122
123 0 91203264 5584198 277730167 5584198 368933431
124 0 90667737 5584198 278533059 5584198 369200796
125 0 90147339 5584198 279340748 5584198 369488087
126 0 89181413 5584198 280587817 5584198 369769230
127 0 88634554 5584198 281438356 5584198 370072910
128 0 88126304 5584198 282256359 5584198 370382663
1 0 197101419 5584225 307321302 5584225 504422721
2 0 195553837 5584225 309171008 5584225 504724845
3 0 194455580 5584225 310555074 5584225 505010654
4 0 193448044 5584225 311852198 5584225 505300242
5 0 192466451 5584225 313115211 5584225 505581662
6 0 191490840 5584225 314360873 5584225 505851713
7 0 190527951 5584225 315605442 5584225 506133393
8 0 189557431 5584225 316845271 5584225 506402702
9 0 188581320 5584225 318097192 5584225 506678512
10 0 187636153 5584225 319341316 5584225 506977469
11 0 186555543 5584225 320691717 5584225 507247260
12 0 185577080 5584225 321946897 5584225 507523977
13 0 184566822 5584225 323234206 5584225 507801028
14 0 183564674 5584225 324503293 5584225 508067967
15 0 182620414 5584225 325730400 5584225 508350814
16 0 181695783 5584225 326934414 5584225 508630197
17 0 180777930 5584225 328134040 5584225 508911970
18 0 179788708 5584225 329400831 5584225 509189539
19 0 178752802 5584225 330713176 5584225 509465978
20 0 177799876 5584225 331933801 5584225 509733677
21 0 176840652 5584225 333213259 5584225 510053911
22 0 175915485 5584225 334425662 5584225 510341147
23 0 174976502 5584225 335650232 5584225 510626734
24 0 174062797 5584225 336844246 5584225 510907043
25 0 173112019 5584225 338063779 5584225 511175798
26 0 172185981 5584225 339266034 5584225 511452015
27 0 171149815 5584225 340588009 5584225 511737824
28 0 170169574 5584225 341835597 5584225 512005171
29 0 169240055 5584225 343041185 5584225 512281240
30 0 168256277 5584225 344304217 5584225 512560494
31 0 167320239 5584225 345508935 5584225 512829174
32 0 166408627 5584225 346700449 5584225 513109076
33 0 165466422 5584225 347922389 5584225 513388811
34 0 164528347 5584225 349128552 5584225 513656899
35 0 163576383 5584225 350385621 5584225 513962004
36 0 162627420 5584225 351606079 5584225 514233499
37 0 161686826 5584225 352827853 5584225 514514679
38 0 160764288 5584225 354029256 5584225 514793544
39 0 159835232 5584225 355229881 5584225 515065113
40 0 158909768 5584225 356438118 5584225 515347886
41 0 158001378 5584225 357639947 5584225 515641325
42 0 156998711 5584225 358914664 5584225 515913375
43 0 156025470 5584225 360162789 5584225 516188259
44 0 155077581 5584225 361384969 5584225 516462550
45 0 154141043 5584225 362591280 5584225 516732323
46 0 153213245 5584225 363793350 5584225 517006595
47 0 152262560 5584225 365016438 5584225 517278998
48 0 151355818 5584225 366208841 5584225 517564659
49 0 150414539 5584225 367426522 5584225 517841061
50 0 149479723 5584225 368629148 5584225 518108871
51 0 148574870 5584225 369812588 5584225 518387458
52 0 147472780 5584225 371194951 5584225 518667731
53 0 146538630 5584225 372397077 5584225 518935707
54 0 145561445 5584225 373652590 5584225 519214035
55 0 144620425 5584225 374870438 5584225 519490863
56 0 143687832 5584225 376071637 5584225 519759469
57 0 142797071 5584225 377273207 5584225 520070278
58 0 141912995 5584225 378462203 5584225 520375198
59 0 140947402 5584225 379697736 5584225 520645138
60 0 139994512 5584225 380958027 5584225 520952539
61 0 139050493 5584225 382170245 5584225 521220738
62 0 138126937 5584225 383369259 5584225 521496196
63 0 137204751 5584225 384571403 5584225 521776154
64 0 136273712 5584225 385789677 5584225 522063389
65 0 135343452 5584225 386987969 5584225 522331421
66 0 134363803 5584225 388252464 5584225 522616267
67 0 133434859 5584225 389458107 5584225 522892966
68 0 132425285 5584225 390744065 5584225 523169350
69 0 131440488 5584225 392008393 5584225 523448881
70 0 130498117 5584225 393226907 5584225 523725024
71 0 129550247 5584225 394441717 5584225 523991964
72 0 128649801 5584225 395646898 5584225 524296699
73 0 127699151 5584225 396872172 5584225 524571323
74 0 126786057 5584225 398060057 5584225 524846114
75 0 125853075 5584225 399263108 5584225 525116183
76 0 123973870 5584225 401424901 5584225 525398771
77 0 123020943 5584225 402686803 5584225 525707746
78 0 122000667 5584225 403987204 5584225 525987871
79 0 121048444 5584225 405204533 5584225 526252977
80 0 120095351 5584225 406430547 5584225 526525898
81 0 119146646 5584225 407648969 5584225 526795615
82 0 118226979 5584225 408842131 5584225 527069110
83 0 117203201 5584225 410144607 5584225 527347808
84 0 116261849 5584225 411384361 5584225 527646210
85 0 115317829 5584225 412594561 5584225 527912390
86 0 114385735 5584225 413798557 5584225 528184292
87 0 113484827 5584225 414987145 5584225 528471972
88 0 112535623 5584225 416210159 5584225 528745782
89 0 111600677 5584225 417410822 5584225 529011499
90 0 110616807 5584225 418675724 5584225 529292531
91 0 109681380 5584225 419885331 5584225 529566711
92 0 108558660 5584225 421281268 5584225 529839928
93 0 107970671 5584225 422514911 5584225 530485582
94 0 107034930 5584225 423746721 5584225 530781651
95 0 106102577 5584225 424960272 5584225 531062849
96 0 105162150 5584225 426173805 5584225 531335955
97 0 104217946 5584225 427396430 5584225 531614376
98 0 103301260 5584225 428588500 5584225 531889760
99 0 102350499 5584225 429804015 5584225 532154514
100 0 101334999 5584225 431092361 5584225 532427360
101 0 100543700 5584225 432161729 5584225 532705429
102 0 99952229 5584225 433026547 5584225 532978776
103 0 99416258 5584225 433827383 5584225 533243641
104 0 98933952 5584225 434646498 5584225 533580450
105 0 98412685 5584225 435446408 5584225 533859093
106 0 97880935 5584225 436256393 5584225 534137328
107 0 97325038 5584225 437077026 5584225 534402064
108 0 96800585 5584225 437881492 5584225 534682077
109 0 96250095 5584225 438698255 5584225 534948350
110 0 95715087 5584225 439507276 5584225 535222363
111 0 95167913 5584225 440339927 5584225 535507840
112 0 94618552 5584225 441178967 5584225 535797519
113 0 94083822 5584225 441979137 5584225 536062959
114 0 95111024 5584225 442834788 5584225 537945812
115 0 94555276 5584225 443641680 5584225 538196956
116 0 93999268 5584225 444446609 5584225 538445877
117 0 93433167 5584225 445261057 5584225 538694224
118 0 92886788 5584225 446067079 5584225 538953867
119 0 92341577 5584225 446877415 5584225 539218992
120 0 91813531 5584225 447679678 5584225 539493209
121 0 91276967 5584225 448482663 5584225 539759630
122 0 90789680 5584225 449283407 5584225 540073087
123 0 90228227 5584225 450137095 5584225 540365322
124 0 89680960 5584225 450950968 5584225 540631928
125 0 89160581 5584225 451755083 5584225 540915664
126 0 88576703 5584225 452605900 5584225 541182603
127 0 88046768 5584225 453416385 5584225 541463153
128 0 87505908 5584225 454228518 5584225 541734426
