1 0 10062924 5598845 596926320 5598845 606989244
2 0 9311678 5598845 597851451 5598845 607163129
1 0 10028794 5598852 406849216 5598852 416878010
2 0 9292289 5598852 407757699 5598852 417049988
1 0 9598746 5598859 216862333 5598859 226461079
2 0 8840909 5598859 217790945 5598859 226631854
1 0 9560192 5598866 16994505 5598866 26554697
2 0 8816706 5598866 17910247 5598866 26726953
1 0 9601747 5598872 826724276 5598872 836326023
2 0 8832743 5598872 827663296 5598872 836496039
1 0 12583821 5598879 621503846 5598879 634087667
2 0 11579062 5598879 622730768 5598879 634309830
1 0 12541711 5598886 441595333 5598886 454137044
2 0 11573970 5598886 442787107 5598886 454361077
1 0 12723744 5598893 241931078 5598893 254654822
2 0 11784484 5598893 243156648 5598893 254941132
1 0 9553989 5598900 17030017 5598900 26584006
2 0 8803170 5598900 17952407 5598900 26755577
1 0 9800669 5598906 841456259 5598906 851256928
2 0 8837261 5598906 842595811 5598906 851433072
