1 0 23645169 5599049 767150424 5599049 790795593
2 0 22929147 5599049 768070869 5599049 791000016
3 0 22692187 5599049 768527213 5599049 791219400
4 0 22462136 5599049 768962538 5599049 791424674
5 0 22240529 5599049 769369271 5599049 791609800
6 0 22059941 5599049 769747319 5599049 791807260
7 0 21786649 5599049 770221403 5599049 792008052
8 0 21571245 5599049 770630081 5599049 792201326
9 0 21412674 5599049 771010648 5599049 792423322
10 0 21198382 5599049 771419492 5599049 792617874
11 0 21005201 5599049 771792837 5599049 792798038
12 0 20696132 5599049 772293328 5599049 792989460
13 0 20367509 5599049 772815484 5599049 793182993
14 0 20080310 5599049 773307642 5599049 793387952
15 0 19734354 5599049 773831854 5599049 793566208
16 0 19405952 5599049 774354271 5599049 793760223
1 0 19026275 5599056 567208983 5599056 586235258
2 0 18239789 5599056 568152225 5599056 586392014
3 0 17954739 5599056 568603291 5599056 586558030
4 0 17668282 5599056 569044708 5599056 586712990
5 0 17397675 5599056 569456942 5599056 586854617
6 0 17167920 5599056 569839120 5599056 587007040
7 0 16830149 5599056 570329814 5599056 587159963
8 0 16573691 5599056 570734029 5599056 587307720
9 0 16359454 5599056 571116207 5599056 587475661
10 0 16102830 5599056 571522273 5599056 587625103
11 0 15862890 5599056 571898914 5599056 587761804
12 0 15615857 5599056 572298407 5599056 587914264
13 0 15375324 5599056 572690215 5599056 588065539
14 0 15155662 5599056 573067485 5599056 588223147
15 0 14895555 5599056 573469626 5599056 588365181
16 0 14641949 5599056 573872100 5599056 588514049
1 0 20540542 5599063 406905916 5599063 427446458
2 0 19797204 5599063 407820547 5599063 427617751
3 0 19517561 5599063 408267335 5599063 427784896
4 0 19225938 5599063 408703771 5599063 427929709
5 0 18969776 5599063 409113819 5599063 428083595
6 0 18736632 5599063 409500423 5599063 428237055
7 0 18488359 5599063 409900526 5599063 428388885
8 0 18100977 5599063 410437961 5599063 428538938
9 0 17898592 5599063 410823694 5599063 428722286
10 0 17641227 5599063 411229890 5599063 428871117
11 0 17398379 5599063 411609254 5599063 429007633
12 0 17152124 5599063 412003358 5599063 429155482
13 0 16918500 5599063 412390961 5599063 429309461
14 0 16701466 5599063 412764121 5599063 429465587
15 0 16441359 5599063 413161966 5599063 429603325
16 0 16192846 5599063 413558717 5599063 429751563
1 0 20082329 5599070 216879846 5599070 236962175
2 0 19325343 5599070 217793329 5599070 237118672
3 0 19038959 5599070 218247006 5599070 237285965
4 0 18749928 5599070 218692701 5599070 237442629
5 0 18486748 5599070 219099323 5599070 237586071
6 0 18255937 5599070 219481909 5599070 237737846
7 0 17999165 5599070 219879512 5599070 237878677
8 0 17659411 5599070 220379374 5599070 238038785
9 0 17443989 5599070 220765107 5599070 238209096
10 0 17189105 5599070 221172377 5599070 238361482
11 0 16951424 5599070 221546889 5599070 238498313
12 0 16697188 5599070 221948437 5599070 238645625
13 0 16460138 5599070 222334207 5599070 238794345
14 0 16240919 5599070 222709534 5599070 238950453
15 0 15976758 5599070 223114063 5599070 239090821
16 0 15729984 5599070 223509852 5599070 239239836
1 0 19029145 5599077 37291768 5599077 56320913
2 0 18290640 5599077 38187066 5599077 56477706
3 0 18000701 5599077 38644113 5599077 56644814
4 0 17722910 5599077 39081272 5599077 56804182
5 0 17466507 5599077 39481468 5599077 56947975
6 0 17247511 5599077 39859665 5599077 57107176
7 0 16877185 5599077 40383803 5599077 57260988
8 0 16685819 5599077 40785184 5599077 57471003
9 0 16482322 5599077 41165381 5599077 57647703
10 0 16226086 5599077 41575985 5599077 57802071
11 0 15987257 5599077 41954052 5599077 57941309
12 0 15739558 5599077 42350896 5599077 58090454
13 0 15500100 5599077 42741370 5599077 58241470
14 0 15281678 5599077 43116085 5599077 58397763
15 0 15019608 5599077 43518245 5599077 58537853
16 0 14768928 5599077 43916867 5599077 58685795
1 0 26401897 5599083 831565678 5599083 857967575
2 0 25441729 5599083 832730379 5599083 858172108
3 0 25079365 5599083 833314313 5599083 858393678
4 0 24715502 5599083 833889098 5599083 858604600
5 0 24367231 5599083 834427551 5599083 858794782
6 0 24060143 5599083 834938116 5599083 858998259
7 0 23731668 5599083 835467032 5599083 859198700
8 0 23407693 5599083 835988540 5599083 859396233
9 0 23129420 5599083 836491679 5599083 859621099
10 0 22785501 5599083 837035743 5599083 859821244
11 0 22500302 5599083 837538586 5599083 860038888
12 0 22222104 5599083 838070724 5599083 860292828
13 0 21913313 5599083 838583585 5599083 860496898
14 0 21626634 5599083 839079112 5599083 860705746
15 0 21294603 5599083 839608473 5599083 860903076
16 0 20808945 5599083 840294071 5599083 861103016
1 0 18971738 5599090 626797553 5599090 645769291
2 0 18225549 5599090 627701480 5599090 645927029
3 0 17940129 5599090 628159323 5599090 646099452
4 0 17656189 5599090 628602463 5599090 646258652
5 0 17392842 5599090 629009900 5599090 646402742
6 0 17164087 5599090 629392208 5599090 646556295
7 0 16921110 5599090 629788830 5599090 646709940
8 0 16594597 5599090 630264229 5599090 646858826
9 0 16376935 5599090 630657592 5599090 647034527
10 0 16117254 5599090 631066677 5599090 647183931
11 0 15880667 5599090 631442984 5599090 647323651
12 0 15625024 5599090 631847532 5599090 647472556
13 0 15383250 5599090 632239081 5599090 647622331
14 0 15139014 5599090 632618351 5599090 647757365
15 0 14899925 5599090 633019122 5599090 647919047
16 0 14651597 5599090 633416336 5599090 648067933
1 0 20125235 5599097 436938205 5599097 457063440
2 0 19366176 5599097 437853891 5599097 457220067
3 0 19085996 5599097 438301753 5599097 457387749
4 0 18797150 5599097 438735282 5599097 457532432
5 0 18539913 5599097 439144849 5599097 457684762
6 0 18315158 5599097 439522527 5599097 457837685
7 0 18060200 5599097 439916353 5599097 457976553
8 0 17709873 5599097 440428084 5599097 458137957
9 0 17496452 5599097 440812521 5599097 458308973
10 0 17245642 5599097 441216532 5599097 458462174
11 0 17011275 5599097 441589044 5599097 458600319
12 0 16760613 5599097 441989611 5599097 458750224
13 0 16522044 5599097 442380418 5599097 458902462
14 0 16283177 5599097 442755615 5599097 459038792
15 0 16040442 5599097 443157533 5599097 459197975
16 0 15790965 5599097 443556322 5599097 459347287
1 0 19046515 5599104 226912122 5599104 245958637
2 0 18279733 5599104 227832642 5599104 246112375
3 0 17995128 5599104 228286485 5599104 246281613
4 0 17714540 5599104 228725088 5599104 246439628
5 0 17447971 5599104 229135914 5599104 246583885
6 0 17216568 5599104 229521814 5599104 246738382
7 0 16972035 5599104 229922918 5599104 246894953
8 0 16627838 5599104 230417816 5599104 247045654
9 0 16413824 5599104 230804105 5599104 247217929
10 0 16161606 5599104 231210394 5599104 247372000
11 0 15922055 5599104 231588979 5599104 247511034
12 0 15669782 5599104 231992490 5599104 247662272
13 0 15429971 5599104 232383298 5599104 247813269
14 0 15207198 5599104 232763439 5599104 247970637
15 0 14950387 5599104 233164006 5599104 248114393
16 0 14702207 5599104 233563054 5599104 248265261
1 0 25048663 5599111 11914466 5599111 36963129
2 0 24100291 5599111 13088796 5599111 37189087
3 0 23733224 5599111 13679322 5599111 37412546
4 0 23349083 5599111 14255534 5599111 37604617
5 0 23013608 5599111 14794820 5599111 37808428
6 0 22702947 5599111 15306625 5599111 38009572
7 0 22374916 5599111 15836245 5599111 38211161
8 0 22050384 5599111 16357958 5599111 38408342
9 0 21777779 5599111 16861244 5599111 38639023
10 0 21440804 5599111 17398438 5599111 38839242
11 0 21118476 5599111 17901318 5599111 39019794
12 0 20788353 5599111 18427993 5599111 39216346
13 0 20472729 5599111 18942817 5599111 39415546
14 0 20183124 5599111 19439159 5599111 39622283
15 0 19835797 5599111 19972649 5599111 39808446
16 0 19419971 5599111 20679303 5599111 40099274
