1 0 17574529 5879033 417443923 5879033 435018452
2 0 16675527 5879033 418439886 5879033 435115413
3 0 16395422 5879033 418794805 5879033 435190227
4 0 16179963 5879033 419095003 5879033 435274966
5 0 15947374 5879033 419408942 5879033 435356316
6 0 15753618 5879033 419699826 5879033 435453444
7 0 15460828 5879033 420077967 5879033 435538795
8 0 15217573 5879033 420400646 5879033 435618219
9 0 15009003 5879033 420692585 5879033 435701588
10 0 14786877 5879033 420986395 5879033 435773272
11 0 14582029 5879033 421286834 5879033 435868863
12 0 14370348 5879033 421584254 5879033 435954602
13 0 14176592 5879033 421871693 5879033 436048285
14 0 13964170 5879033 422168521 5879033 436132691
15 0 13700305 5879033 422510070 5879033 436210375
16 0 14297516 5879033 422797176 5879033 437094692
1 0 23226481 5879040 99103338 5879040 122329819
2 0 21907357 5879040 100547534 5879040 122454891
3 0 21541680 5879040 101012506 5879040 122554186
4 0 21259981 5879040 101408888 5879040 122668869
5 0 20962653 5879040 101817547 5879040 122780200
6 0 20701194 5879040 102205522 5879040 122906716
7 0 21035893 5879040 102593477 5879040 123629370
8 0 20761472 5879040 102980396 5879040 123741868
9 0 20495087 5879040 103359667 5879040 123854754
10 0 20204000 5879040 103746086 5879040 123950086
11 0 19911690 5879040 104157838 5879040 124069528
12 0 19624436 5879040 104542942 5879040 124167378
13 0 19356811 5879040 104920713 5879040 124277524
14 0 19087687 5879040 105300076 5879040 124387763
15 0 18725545 5879040 105757179 5879040 124482724
16 0 18478162 5879040 106138801 5879040 124616963
1 0 23081929 5879046 852225072 5879046 875307001
2 0 21888562 5879046 853540826 5879046 875429388
3 0 21540012 5879046 853986929 5879046 875526941
4 0 21253684 5879046 854387070 5879046 875640754
5 0 20949931 5879046 854798210 5879046 875748141
6 0 20693509 5879046 855180074 5879046 875873583
7 0 20421311 5879046 855564252 5879046 875985563
8 0 20135427 5879046 855955300 5879046 876090727
9 0 19865506 5879046 856334201 5879046 876199707
10 0 19573363 5879046 856720379 5879046 876293742
11 0 19299147 5879046 857114760 5879046 876413907
12 0 19000041 5879046 857508475 5879046 876508516
13 0 18742305 5879046 857887561 5879046 876629866
14 0 18496846 5879046 858263091 5879046 876759937
15 0 18149408 5879046 858718750 5879046 876868158
16 0 17893265 5879046 859097872 5879046 876991137
1 0 23226277 5879053 682673482 5879053 705899759
2 0 22051448 5879053 683975624 5879053 706027072
3 0 21687658 5879053 684437042 5879053 706124700
4 0 21405849 5879053 684835238 5879053 706241087
5 0 21093206 5879053 685259045 5879053 706352251
6 0 20838266 5879053 685644964 5879053 706483230
7 0 20563012 5879053 686032513 5879053 706595525
8 0 20274054 5879053 686428635 5879053 706702689
9 0 20000874 5879053 686812776 5879053 706813650
10 0 19708843 5879053 687198750 5879053 706907593
11 0 19430051 5879053 687595447 5879053 707025498
12 0 19134501 5879053 687985606 5879053 707120107
13 0 18865710 5879053 688361951 5879053 707227661
14 0 18608715 5879053 688735574 5879053 707344289
15 0 18242351 5879053 689198380 5879053 707440731
16 0 17974374 5879053 689582614 5879053 707556988
1 0 22956672 5879060 471833073 5879060 494789745
2 0 21751601 5879060 473163290 5879060 494914891
3 0 21400737 5879060 473612393 5879060 495013130
4 0 21119631 5879060 474006015 5879060 495125646
5 0 20814711 5879060 474419248 5879060 495233959
6 0 20562604 5879060 474804667 5879060 495367271
7 0 20288665 5879060 475189364 5879060 495478029
8 0 20005337 5879060 475582838 5879060 495588175
9 0 19734842 5879060 475964312 5879060 495699154
10 0 19441458 5879060 476353546 5879060 495795004
11 0 19170926 5879060 476745428 5879060 495916354
12 0 18873210 5879060 477138550 5879060 496011760
13 0 18624899 5879060 477515525 5879060 496140424
14 0 18376867 5879060 477893314 5879060 496270181
15 0 18026391 5879060 478353880 5879060 496380271
16 0 17765211 5879060 478736632 5879060 496501843
1 0 71080105 5879067 259906425 5879067 330986530
2 0 69806368 5879067 261342103 5879067 331148471
3 0 69457838 5879067 261806724 5879067 331264562
4 0 69157029 5879067 262205457 5879067 331362486
5 0 68947828 5879067 262623339 5879067 331571167
6 0 68651834 5879067 263019294 5879067 331671128
7 0 68374024 5879067 263408232 5879067 331782256
8 0 68082493 5879067 263798261 5879067 331880754
9 0 67922033 5879067 264179069 5879067 332101102
10 0 67627668 5879067 264569358 5879067 332197026
11 0 67353525 5879067 264963240 5879067 332316765
12 0 67054400 5879067 265360622 5879067 332415022
13 0 66892088 5879067 265740930 5879067 332633018
14 0 66614168 5879067 266115219 5879067 332729387
15 0 66269915 5879067 266571655 5879067 332841570
16 0 65985957 5879067 266950593 5879067 332936550
1 0 70996217 5879074 21025568 5879074 92021785
2 0 69853238 5879074 22330414 5879074 92183652
3 0 69523726 5879074 22778276 5879074 92302002
4 0 69225620 5879074 23174528 5879074 92400148
5 0 69029049 5879074 23585984 5879074 92615033
6 0 68742832 5879074 23968736 5879074 92711568
7 0 68461523 5879074 24359488 5879074 92821011
8 0 68169972 5879074 24747944 5879074 92917916
9 0 68014642 5879074 25127178 5879074 93141820
10 0 67771924 5879074 25513282 5879074 93285206
11 0 67496170 5879074 25911460 5879074 93407630
12 0 67200213 5879074 26303767 5879074 93503980
13 0 67040845 5879074 26686427 5879074 93727272
14 0 66762147 5879074 27059642 5879074 93821789
15 0 66416893 5879074 27514838 5879074 93931731
16 0 66128306 5879074 27895516 5879074 94023822
1 0 66074696 5879080 837244681 5879080 903319377
2 0 65162454 5879080 838286217 5879080 903448671
3 0 64889107 5879080 838645581 5879080 903534688
4 0 64666037 5879080 838942779 5879080 903608816
5 0 64516428 5879080 839256181 5879080 903772609
6 0 64293914 5879080 839551972 5879080 903845886
7 0 64082974 5879080 839844818 5879080 903927792
8 0 63779534 5879080 840223256 5879080 904002790
9 0 63645981 5879080 840522436 5879080 904168417
10 0 63423097 5879080 840819208 5879080 904242305
11 0 63208786 5879080 841123258 5879080 904332044
12 0 62981309 5879080 841423252 5879080 904404561
13 0 62860533 5879080 841708025 5879080 904568558
14 0 62644944 5879080 841996131 5879080 904641075
15 0 62376023 5879080 842348032 5879080 904724055
16 0 62160453 5879080 842634675 5879080 904795128
1 0 66133139 5879087 587295285 5879087 653428424
2 0 65236304 5879087 588318025 5879087 653554329
3 0 64964772 5879087 588675704 5879087 653640476
4 0 64737980 5879087 588975198 5879087 653713178
5 0 64588501 5879087 589287341 5879087 653875842
6 0 64371894 5879087 589578984 5879087 653950878
7 0 64164213 5879087 589874793 5879087 654039006
8 0 63761479 5879087 590356062 5879087 654117541
9 0 63630741 5879087 590656093 5879087 654286834
10 0 63407597 5879087 590951847 5879087 654359444
11 0 63202490 5879087 591251397 5879087 654453887
12 0 62979068 5879087 591546855 5879087 654525923
13 0 62777238 5879087 591834090 5879087 654611328
14 0 62657332 5879087 592123067 5879087 654780399
15 0 62394486 5879087 592470782 5879087 654865268
16 0 62174249 5879087 592761629 5879087 654935878
1 0 68361303 5879094 382434728 5879094 450796031
2 0 67187953 5879094 383728075 5879094 450916028
3 0 66833201 5879094 384173122 5879094 451006323
4 0 66508596 5879094 384571263 5879094 451079859
5 0 66247304 5879094 384989144 5879094 451236448
6 0 65934309 5879094 385375860 5879094 451310169
7 0 65626741 5879094 385768686 5879094 451395427
8 0 65305636 5879094 386162956 5879094 451468592
9 0 65096565 5879094 386540598 5879094 451637163
10 0 64786423 5879094 386928109 5879094 451714532
11 0 64479633 5879094 387326657 5879094 451806290
12 0 64160824 5879094 387717872 5879094 451878696
13 0 63947883 5879094 388094736 5879094 452042619
14 0 63646408 5879094 388469284 5879094 452115692
15 0 63280988 5879094 388926202 5879094 452207190
16 0 62969623 5879094 389308158 5879094 452277781
