1 0 120587122 5879236 532671955 5879236 653259077
2 0 119290109 5879236 534011597 5879236 653301706
3 0 118918857 5879236 534462033 5879236 653380890
4 0 118540808 5879236 534873859 5879236 653414667
5 0 118219814 5879236 535272240 5879236 653492054
6 0 117869154 5879236 535675344 5879236 653544498
7 0 117573789 5879236 536082429 5879236 653656218
8 0 117251665 5879236 536465830 5879236 653717495
9 0 116911431 5879236 536863748 5879236 653775179
10 0 116620325 5879236 537247852 5879236 653868177
11 0 116286979 5879236 537644456 5879236 653931435
12 0 115981948 5879236 538031245 5879236 654013193
13 0 115623602 5879236 538451201 5879236 654074803
14 0 115325015 5879236 538828953 5879236 654153968
15 0 115025910 5879236 539212390 5879236 654238300
16 0 114674417 5879236 539633234 5879236 654307651
17 0 114231202 5879236 540158391 5879236 654389593
18 0 113881282 5879236 540576421 5879236 654457703
19 0 113528993 5879236 541004135 5879236 654533128
20 0 113234313 5879236 541381313 5879236 654615626
21 0 112920985 5879236 541781751 5879236 654702736
22 0 112524196 5879236 542279927 5879236 654804123
23 0 112217702 5879236 542668012 5879236 654885714
24 0 112000669 5879236 542981136 5879236 654981805
25 0 111768896 5879236 543290556 5879236 655059452
26 0 111582454 5879236 543579199 5879236 655161653
27 0 111383347 5879236 543862120 5879236 655245467
28 0 111166961 5879236 544167485 5879236 655334446
29 0 110966391 5879236 544449924 5879236 655416315
30 0 110766636 5879236 544750733 5879236 655517369
31 0 110505734 5879236 545086671 5879236 655592405
32 0 110310589 5879236 545372351 5879236 655682940
33 0 110096222 5879236 545671568 5879236 655767790
34 0 109895134 5879236 545963266 5879236 655858400
35 0 109675545 5879236 546265279 5879236 655940824
36 0 109484493 5879236 546548441 5879236 656032934
37 0 109247312 5879236 546868046 5879236 656115358
38 0 109047094 5879236 547162022 5879236 656209116
39 0 108843689 5879236 547445462 5879236 656289151
40 0 108640990 5879236 547744771 5879236 656385761
41 0 108435049 5879236 548040451 5879236 656475500
42 0 108220627 5879236 548343964 5879236 656564591
43 0 108008224 5879236 548638884 5879236 656647108
44 0 107795487 5879236 548943267 5879236 656738754
45 0 107579287 5879236 549240021 5879236 656819308
46 0 107385309 5879236 549522072 5879236 656907381
47 0 107137721 5879236 549851177 5879236 656988898
48 0 106801504 5879236 550283410 5879236 657084914
49 0 106580305 5879236 550585515 5879236 657165820
50 0 106385513 5879236 550881880 5879236 657267393
51 0 106174683 5879236 551171708 5879236 657346391
52 0 105972075 5879236 551468629 5879236 657440704
53 0 105748043 5879236 551775012 5879236 657523055
54 0 105530972 5879236 552083062 5879236 657614034
55 0 105283163 5879236 552411370 5879236 657694533
56 0 105073981 5879236 552720902 5879236 657794883
57 0 104866652 5879236 553016433 5879236 657883085
58 0 104657359 5879236 553303928 5879236 657961287
59 0 104402623 5879236 553646255 5879236 658048878
60 0 104221367 5879236 553925417 5879236 658146784
61 0 104003352 5879236 554218560 5879236 658221912
62 0 103817208 5879236 554507110 5879236 658324318
63 0 103642933 5879236 554785179 5879236 658428112
64 0 103425771 5879236 555089321 5879236 658515092
65 0 103216478 5879236 555378575 5879236 658595053
66 0 103006278 5879236 555666052 5879236 658672330
67 0 102815985 5879236 555942991 5879236 658758976
68 0 102599082 5879236 556252504 5879236 658851586
69 0 102405918 5879236 556529351 5879236 658935269
70 0 102197849 5879236 556826104 5879236 659023953
71 0 101967056 5879236 557133784 5879236 659100840
72 0 101776393 5879236 557419427 5879236 659195820
73 0 101576953 5879236 557721884 5879236 659298837
74 0 101385160 5879236 558001268 5879236 659386428
75 0 101167794 5879236 558302262 5879236 659470056
76 0 100973389 5879236 558594887 5879236 659568276
77 0 100768319 5879236 558873993 5879236 659642312
78 0 100551027 5879236 559174543 5879236 659725570
79 0 100358141 5879236 559451964 5879236 659810105
80 0 100166053 5879236 559740958 5879236 659907011
81 0 99895409 5879236 560097174 5879236 659992583
82 0 99864206 5879236 560391613 5879236 660255819
83 0 99631247 5879236 560684830 5879236 660316077
84 0 99426955 5879236 560975176 5879236 660402131
85 0 99189145 5879236 561272893 5879236 660462038
86 0 98984000 5879236 561558944 5879236 660542944
87 0 98762874 5879236 561857679 5879236 660620553
88 0 98540156 5879236 562147896 5879236 660688052
89 0 98333104 5879236 562430187 5879236 660763291
90 0 98107942 5879236 562730385 5879236 660838327
91 0 97890316 5879236 563021250 5879236 660911566
92 0 97692690 5879236 563318041 5879236 661010731
93 0 97472694 5879236 563621795 5879236 661094489
94 0 97298809 5879236 563897882 5879236 661196691
95 0 97085758 5879236 564189043 5879236 661274801
96 0 96870298 5879236 564482964 5879236 661353262
97 0 96674246 5879236 564780070 5879236 661454316
98 0 96473972 5879236 565055787 5879236 661529759
99 0 96292253 5879236 565344226 5879236 661636479
100 0 96073535 5879236 565632147 5879236 661705682
101 0 95890334 5879236 565942104 5879236 661832438
102 0 95653117 5879236 566248987 5879236 661902104
103 0 95450158 5879236 566533315 5879236 661983473
104 0 95230680 5879236 566821699 5879236 662052379
105 0 95014666 5879236 567111619 5879236 662126285
106 0 94837280 5879236 567400744 5879236 662238024
107 0 94623247 5879236 567692016 5879236 662315263
108 0 94418584 5879236 567969789 5879236 662388373
109 0 94187625 5879236 568283450 5879236 662471075
110 0 94006425 5879236 568569611 5879236 662576036
111 0 93820132 5879236 568850810 5879236 662670942
112 0 93580525 5879236 569158267 5879236 662738792
113 0 93399806 5879236 569435614 5879236 662835420
114 0 93185106 5879236 569725479 5879236 662910585
115 0 92973295 5879236 570057047 5879236 663030342
116 0 92732837 5879236 570365115 5879236 663097952
117 0 92536767 5879236 570657258 5879236 663194025
118 0 92319585 5879236 570949586 5879236 663269171
119 0 92111997 5879236 571240747 5879236 663352744
120 0 91933351 5879236 571517761 5879236 663451112
121 0 91712133 5879236 571821404 5879236 663533537
122 0 91531637 5879236 572098991 5879236 663630628
123 0 91309196 5879236 572397282 5879236 663706478
124 0 91113959 5879236 572691980 5879236 663805939
125 0 90911833 5879236 572973068 5879236 663884901
126 0 90725004 5879236 573266636 5879236 663991640
127 0 90515341 5879236 573579482 5879236 664094823
128 0 90312159 5879236 573877644 5879236 664189803
1 0 117946727 5879243 277755792 5879243 395702519
2 0 116949338 5879243 278816939 5879243 395766277
3 0 116713378 5879243 279165952 5879243 395879330
4 0 116453624 5879243 279476557 5879243 395930181
5 0 116268868 5879243 279770422 5879243 396039290
6 0 115946818 5879243 280166341 5879243 396113159
7 0 115667527 5879243 280533797 5879243 396201324
8 0 115529900 5879243 280858458 5879243 396388358
9 0 115292460 5879243 281185100 5879243 396477560
10 0 115053001 5879243 281497613 5879243 396550614
11 0 114851136 5879243 281794903 5879243 396646039
12 0 114639435 5879243 282082361 5879243 396721796
13 0 114500160 5879243 282404263 5879243 396904423
14 0 114279776 5879243 282700053 5879243 396979829
15 0 114085167 5879243 282984993 5879243 397070160
16 0 113832802 5879243 283310376 5879243 397143178
17 0 113624677 5879243 283599518 5879243 397224195
18 0 113380644 5879243 283895920 5879243 397276564
19 0 113256757 5879243 284222581 5879243 397479338
20 0 113026743 5879243 284508298 5879243 397535041
21 0 112786951 5879243 284815033 5879243 397601984
22 0 112452309 5879243 285199915 5879243 397652224
23 0 112215720 5879243 285500206 5879243 397715926
24 0 111977188 5879243 285791034 5879243 397768222
25 0 111725489 5879243 286107898 5879243 397833387
26 0 111580769 5879243 286395541 5879243 397976310
27 0 111355903 5879243 286678240 5879243 398034143
28 0 111098296 5879243 286984327 5879243 398082623
29 0 110879449 5879243 287266488 5879243 398145937
30 0 110627249 5879243 287568631 5879243 398195880
31 0 110350143 5879243 287903736 5879243 398253879
32 0 110189350 5879243 288192342 5879243 398381692
33 0 109943929 5879243 288497151 5879243 398441080
34 0 109698415 5879243 288793108 5879243 398491523
35 0 109456049 5879243 289094492 5879243 398550541
36 0 109279089 5879243 289376561 5879243 398655650
37 0 109030205 5879243 289687481 5879243 398717686
38 0 108787857 5879243 289981476 5879243 398769333
39 0 108553176 5879243 290315377 5879243 398868553
40 0 108300292 5879243 290619742 5879243 398920034
41 0 108101203 5879243 290914829 5879243 399016032
42 0 107849393 5879243 291218805 5879243 399068198
43 0 107649934 5879243 291507003 5879243 399156937
44 0 107384698 5879243 291821942 5879243 399206640
45 0 107172461 5879243 292121659 5879243 399294120
46 0 106959316 5879243 292403876 5879243 399363192
47 0 106720618 5879243 292724703 5879243 399445321
48 0 106506084 5879243 293007735 5879243 399513819
49 0 106283033 5879243 293303026 5879243 399586059
50 0 106053796 5879243 293599539 5879243 399653335
51 0 105910984 5879243 293877960 5879243 399788944
52 0 105683840 5879243 294178621 5879243 399862461
53 0 105461974 5879243 294483930 5879243 399945904
54 0 105463788 5879243 294789073 5879243 400252861
55 0 105222330 5879243 295116326 5879243 400338656
56 0 104966113 5879243 295424505 5879243 400390618
57 0 104734988 5879243 295714222 5879243 400449210
58 0 104531842 5879243 296007847 5879243 400539689
59 0 104244311 5879243 296359433 5879243 400603744
60 0 104049019 5879243 296636020 5879243 400685039
61 0 103813505 5879243 296931144 5879243 400744649
62 0 103605805 5879243 297220324 5879243 400826129
63 0 103408641 5879243 297495856 5879243 400904497
64 0 103174053 5879243 297800017 5879243 400974070
65 0 102963131 5879243 298087049 5879243 401050180
66 0 102748042 5879243 298376692 5879243 401124734
67 0 102544806 5879243 298656205 5879243 401201011
68 0 102307309 5879243 298960663 5879243 401267972
69 0 102179330 5879243 299234954 5879243 401414284
70 0 101964389 5879243 299519116 5879243 401483505
71 0 101742413 5879243 299818721 5879243 401561134
72 0 101445622 5879243 300190751 5879243 401636373
73 0 101216515 5879243 300496412 5879243 401712927
74 0 101037444 5879243 300770759 5879243 401808203
75 0 100819633 5879243 301066439 5879243 401886072
76 0 100615711 5879243 301356934 5879243 401972645
77 0 100423419 5879243 301634743 5879243 402058162
78 0 100214700 5879243 301947404 5879243 402162104
79 0 100013556 5879243 302224510 5879243 402238066
80 0 99798188 5879243 302514635 5879243 402312823
81 0 99589174 5879243 302822555 5879243 402411729
82 0 99380493 5879243 303110772 5879243 402491265
83 0 99193478 5879243 303398970 5879243 402592448
84 0 98983778 5879243 303686280 5879243 402670058
85 0 98767559 5879243 303982645 5879243 402750204
86 0 98584285 5879243 304268214 5879243 402852499
87 0 98363863 5879243 304567190 5879243 402931053
88 0 98158886 5879243 304857369 5879243 403016255
89 0 97961037 5879243 305137309 5879243 403098346
90 0 97759300 5879243 305435655 5879243 403194955
91 0 97551100 5879243 305724335 5879243 403275435
92 0 97350363 5879243 306022774 5879243 403373137
93 0 97161700 5879243 306307732 5879243 403469432
94 0 96957222 5879243 306583375 5879243 403540597
95 0 96772207 5879243 306870462 5879243 403642669
96 0 96557119 5879243 307159975 5879243 403717094
97 0 96344844 5879243 307453600 5879243 403798444
98 0 96168311 5879243 307731150 5879243 403899461
99 0 95957277 5879243 308018849 5879243 403976126
100 0 95768225 5879243 308309899 5879243 404078124
101 0 95579822 5879243 308615430 5879243 404195252
102 0 95338567 5879243 308931776 5879243 404270343
103 0 95138774 5879243 309215290 5879243 404354064
104 0 94915538 5879243 309505821 5879243 404421359
105 0 94707023 5879243 309792446 5879243 404499469
106 0 94476490 5879243 310120773 5879243 404597263
107 0 94259864 5879243 310413416 5879243 404673280
108 0 94074220 5879243 310694040 5879243 404768260
109 0 93842391 5879243 311007312 5879243 404849703
110 0 93655931 5879243 311290344 5879243 404946275
111 0 93458064 5879243 311567543 5879243 405025607
112 0 93243550 5879243 311883185 5879243 405126735
113 0 93041424 5879243 312160865 5879243 405202289
114 0 92851205 5879243 312448601 5879243 405299806
115 0 92638005 5879243 312745429 5879243 405383434
116 0 92421102 5879243 313037405 5879243 405458507
117 0 92229809 5879243 313327344 5879243 405557153
118 0 92027072 5879243 313619468 5879243 405646540
119 0 91806372 5879243 313913426 5879243 405719798
120 0 91613432 5879243 314195272 5879243 405808704
121 0 91395732 5879243 314496230 5879243 405891962
122 0 91211531 5879243 314775910 5879243 405987441
123 0 91011610 5879243 315073367 5879243 406084977
124 0 90769317 5879243 315384584 5879243 406153901
125 0 90588173 5879243 315663245 5879243 406251418
126 0 90380103 5879243 315950999 5879243 406331102
127 0 90184217 5879243 316253272 5879243 406437489
128 0 89983535 5879243 316550637 5879243 406534172
1 0 116759118 5879249 958348905 5879250 75108023
2 0 115786747 5879249 959396867 5879250 75183614
3 0 115468717 5879249 959749823 5879250 75218540
4 0 115112037 5879249 960140409 5879250 75252446
5 0 114866302 5879249 960457514 5879250 75323816
6 0 114664194 5879249 960763286 5879250 75427480
7 0 114423291 5879249 961063059 5879250 75486350
8 0 114185092 5879249 961360386 5879250 75545478
9 0 113947522 5879249 961663159 5879250 75610681
10 0 113767729 5879249 961947283 5879250 75715012
11 0 113534993 5879249 962243629 5879250 75778622
12 0 113298923 5879249 962529661 5879250 75828584
13 0 113038242 5879249 962847526 5879250 75885768
14 0 112803376 5879249 963133502 5879250 75936878
15 0 112590992 5879249 963416052 5879250 76007044
16 0 112404531 5879249 963733047 5879250 76137578
17 0 112182739 5879249 964018264 5879250 76201003
18 0 111934522 5879249 964315480 5879250 76250002
19 0 111669971 5879249 964636456 5879250 76306427
20 0 111433087 5879249 964922284 5879250 76355371
21 0 111206924 5879249 965215723 5879250 76422647
22 0 110863690 5879249 965609271 5879250 76472961
23 0 110721859 5879249 965906655 5879250 76628514
24 0 110491863 5879249 966189057 5879250 76680920
25 0 110233572 5879249 966506218 5879250 76739790
26 0 109994890 5879249 966793713 5879250 76788603
27 0 109767524 5879249 967077004 5879250 76844528
28 0 109509919 5879249 967384257 5879250 76894176
29 0 109289663 5879249 967667641 5879250 76957304
30 0 109033816 5879249 967974098 5879250 77007914
31 0 108866412 5879249 968305481 5879250 77171893
32 0 108633193 5879249 968590495 5879250 77223688
33 0 108389013 5879249 968890526 5879250 77279539
34 0 108143980 5879249 969185947 5879250 77329927
35 0 107906151 5879249 969485941 5879250 77392092
36 0 107676989 5879249 969764010 5879250 77440999
37 0 107348680 5879249 970150096 5879250 77498776
38 0 107095518 5879249 970452831 5879250 77548349
39 0 106868393 5879249 970738029 5879250 77606422
40 0 106733710 5879249 971036598 5879250 77770308
41 0 106517880 5879249 971329389 5879250 77847269
42 0 106265348 5879249 971632087 5879250 77897435
43 0 106033389 5879249 971922452 5879250 77955841
44 0 105778116 5879249 972227854 5879250 78005970
45 0 105542342 5879249 972521608 5879250 78063950
46 0 105308791 5879249 972803973 5879250 78112764
47 0 105052408 5879249 973123226 5879250 78175634
48 0 104817782 5879249 973407795 5879250 78225577
49 0 104690525 5879249 973704475 5879250 78395000
50 0 104451066 5879249 973996433 5879250 78447499
51 0 104227274 5879249 974279131 5879250 78506405
52 0 103976909 5879249 974582088 5879250 78558997
53 0 103736080 5879249 974886694 5879250 78622774
54 0 103485380 5879249 975186170 5879250 78671550
55 0 103216422 5879249 975514442 5879250 78730864
56 0 102953187 5879249 975828158 5879250 78781345
57 0 102713524 5879249 976126616 5879250 78840140
58 0 102466214 5879249 976423592 5879250 78889806
59 0 102181423 5879249 976771456 5879250 78952879
60 0 101953575 5879249 977049988 5879250 79003563
61 0 101870188 5879249 977346797 5879250 79216985
62 0 101633729 5879249 977636514 5879250 79270243
63 0 101414363 5879249 977912046 5879250 79326409
64 0 101161534 5879249 978214837 5879250 79376371
65 0 100930686 5879249 978503350 5879250 79434036
66 0 100698432 5879249 978790826 5879250 79489258
67 0 100488547 5879249 979068284 5879250 79556831
68 0 100230959 5879249 979374778 5879250 79605737
69 0 100011888 5879249 979652718 5879250 79664606
70 0 99764986 5879249 979949731 5879250 79714717
71 0 99478972 5879249 980294132 5879250 79773104
72 0 99247347 5879249 980582645 5879250 79829992
73 0 99004351 5879249 980883788 5879250 79888139
74 0 98779134 5879249 981161301 5879250 79940435
75 0 98772152 5879249 981469370 5879250 80241522
76 0 98537212 5879249 981760920 5879250 80298132
77 0 98314623 5879249 982039415 5879250 80354038
78 0 98070295 5879249 982340335 5879250 80410630
79 0 97849613 5879249 982618645 5879250 80468258
80 0 97608562 5879249 982909288 5879250 80517850
81 0 97361585 5879249 983214301 5879250 80575886
82 0 97130830 5879249 983503166 5879250 80633996
83 0 96893983 5879249 983790586 5879250 80684569
84 0 96666394 5879249 984080711 5879250 80747105
85 0 96422510 5879249 984375205 5879250 80797715
86 0 96196051 5879249 984658756 5879250 80854807
87 0 95949500 5879249 984955250 5879250 80904750
88 0 95716245 5879249 985246041 5879250 80962286
89 0 95485453 5879249 985526462 5879250 81011915
90 0 95256050 5879249 985826123 5879250 81082173
91 0 95224347 5879249 986113784 5879250 81338131
92 0 94993610 5879249 986411205 5879250 81404815
93 0 94736893 5879249 986717773 5879250 81454666
94 0 94516971 5879249 986994935 5879250 81511906
95 0 94276012 5879249 987284189 5879250 81560201
96 0 94042832 5879249 987578961 5879250 81621793
97 0 93795336 5879249 987874715 5879250 81670051
98 0 93570285 5879249 988158191 5879250 81728476
99 0 93330603 5879249 988447131 5879250 81777734
100 0 93098497 5879249 988737662 5879250 81836159
101 0 92836057 5879249 989048694 5879250 81884751
102 0 92595432 5879249 989350984 5879250 81946416
103 0 92362084 5879249 989633757 5879250 81995841
104 0 92129904 5879249 989922103 5879250 82052007
105 0 91779207 5879249 990323355 5879250 82102562
106 0 91540655 5879249 990619239 5879250 82159894
107 0 91301141 5879249 990907937 5879250 82209078
108 0 91086737 5879249 991186173 5879250 82272910
109 0 90826131 5879249 991496797 5879250 82322928
110 0 90856686 5879249 991775644 5879250 82632330
111 0 90635523 5879249 992050250 5879250 82685773
112 0 90375417 5879249 992366244 5879250 82741661
113 0 90147458 5879249 992644128 5879250 82791586
114 0 89922759 5879249 992930678 5879250 82853437
115 0 89673763 5879249 993229358 5879250 82903121
116 0 89427823 5879249 993531778 5879250 82959601
117 0 89192550 5879249 993815847 5879250 83008397
118 0 88957517 5879249 994110971 5879250 83068488
119 0 88715837 5879249 994400595 5879250 83116432
120 0 88490266 5879249 994681535 5879250 83171801
121 0 88242438 5879249 994982455 5879250 83224893
122 0 88021682 5879249 995259154 5879250 83280836
123 0 87776632 5879249 995553074 5879250 83329706
124 0 87544932 5879249 995840939 5879250 83385871
125 0 87312732 5879249 996121268 5879250 83434000
126 0 87081255 5879249 996410355 5879250 83491610
127 0 86830797 5879249 996715146 5879250 83545943
128 0 86580598 5879249 997022214 5879250 83602812
1 0 113222221 5879256 707659349 5879256 820881570
2 0 112279960 5879256 708701293 5879256 820981253
3 0 111977447 5879256 709041843 5879256 821019290
4 0 111704211 5879256 709349152 5879256 821053363
5 0 111484678 5879256 709643258 5879256 821127936
6 0 111295386 5879256 709939474 5879256 821234860
7 0 110957281 5879256 710336726 5879256 821294007
8 0 110718785 5879256 710634480 5879256 821353265
9 0 110478604 5879256 710932549 5879256 821411153
10 0 110243146 5879256 711217136 5879256 821460282
11 0 110075944 5879256 711516094 5879256 821592038
12 0 109838783 5879256 711804329 5879256 821643112
13 0 109581954 5879256 712118601 5879256 821700555
14 0 109346458 5879256 712403392 5879256 821749850
15 0 109129999 5879256 712685961 5879256 821815960
16 0 108863708 5879256 713002048 5879256 821865756
17 0 108724433 5879256 713283376 5879256 822007809
18 0 108484400 5879256 713574315 5879256 822058715
19 0 108228201 5879256 713890717 5879256 822118918
20 0 107995242 5879256 714172804 5879256 822168046
21 0 107764025 5879256 714469002 5879256 822233027
22 0 107432882 5879256 714852866 5879256 822285748
23 0 107201923 5879256 715146268 5879256 822348191
24 0 107063370 5879256 715425985 5879256 822489355
25 0 106810116 5879256 715738220 5879256 822548336
26 0 106573750 5879256 716025529 5879256 822599279
27 0 106352142 5879256 716304932 5879256 822657074
28 0 106100203 5879256 716606815 5879256 822707018
29 0 105884263 5879256 716886791 5879256 822771054
30 0 105633378 5879256 717186527 5879256 822819905
31 0 105479085 5879256 717518687 5879256 822997772
32 0 105247663 5879256 717801775 5879256 823049438
33 0 105007594 5879256 718100454 5879256 823108048
34 0 104764968 5879256 718392949 5879256 823157917
35 0 104526640 5879256 718693332 5879256 823219972
36 0 104293921 5879256 718975457 5879256 823269378
37 0 104040389 5879256 719286525 5879256 823326914
38 0 103802116 5879256 719576890 5879256 823379006
39 0 103576138 5879256 719860885 5879256 823437023
40 0 103398178 5879256 720218397 5879256 823616575
41 0 103156313 5879256 720525317 5879256 823681630
42 0 102903206 5879256 720827867 5879256 823731073
43 0 102673507 5879256 721116010 5879256 823789517
44 0 102420419 5879256 721418912 5879256 823839331
45 0 102187330 5879256 721711444 5879256 823898774
46 0 101958057 5879256 721990290 5879256 823948347
47 0 101688913 5879256 722321229 5879256 824010142
48 0 101457862 5879256 722602298 5879256 824060160
49 0 101221348 5879256 722893218 5879256 824114566
50 0 101108906 5879256 723184213 5879256 824293119
51 0 100889095 5879256 723465745 5879256 824354840
52 0 100633711 5879256 723771313 5879256 824405024
53 0 100395289 5879256 724072993 5879256 824468282
54 0 100146553 5879256 724370839 5879256 824517392
55 0 99890650 5879256 724685352 5879256 824576002
56 0 99619729 5879256 725005791 5879256 824625520
57 0 99393382 5879256 725290674 5879256 824684056
58 0 99152016 5879256 725581965 5879256 824733981
59 0 98860317 5879256 725935459 5879256 824795776
60 0 98661080 5879256 726214232 5879256 824875312
61 0 98428714 5879256 726507245 5879256 824935959
62 0 98334604 5879256 726807721 5879256 825142325
63 0 98113942 5879256 727086401 5879256 825200343
64 0 97864909 5879256 727386692 5879256 825251601
65 0 97633635 5879256 727675983 5879256 825309618
66 0 97412585 5879256 727964977 5879256 825377562
67 0 97193792 5879256 728241380 5879256 825435172
68 0 96943575 5879256 728541911 5879256 825485486
69 0 96713875 5879256 728829202 5879256 825543077
70 0 96480453 5879256 729112975 5879256 825593428
71 0 96239736 5879256 729411784 5879256 825651520
72 0 96012221 5879256 729694927 5879256 825707148
73 0 95773744 5879256 729992477 5879256 825766221
74 0 95505749 5879256 730311434 5879256 825817183
75 0 95261994 5879256 730612762 5879256 825874756
76 0 95197811 5879256 730900960 5879256 826098771
77 0 94982296 5879256 731175881 5879256 826158177
78 0 94736411 5879256 731475950 5879256 826212361
79 0 94518508 5879256 731752482 5879256 826270990
80 0 94279809 5879256 732040754 5879256 826320563
81 0 94035165 5879256 732343341 5879256 826378506
82 0 93795169 5879256 732635077 5879256 826430246
83 0 93560174 5879256 732930108 5879256 826490282
84 0 93328770 5879256 733217585 5879256 826546355
85 0 93089608 5879256 733513024 5879256 826602632
86 0 92856038 5879256 733797037 5879256 826653075
87 0 92616136 5879256 734094420 5879256 826710556
88 0 92381844 5879256 734386285 5879256 826768129
89 0 92178958 5879256 734666373 5879256 826845331
90 0 91949444 5879256 734965071 5879256 826914515
91 0 91907038 5879256 735251010 5879256 827158048
92 0 91665412 5879256 735562579 5879256 827227991
93 0 91427508 5879256 735850185 5879256 827277693
94 0 91203476 5879256 736131735 5879256 827335211
95 0 90967554 5879256 736416563 5879256 827384117
96 0 90736281 5879256 736711095 5879256 827447376
97 0 90490082 5879256 737006700 5879256 827496782
98 0 90269363 5879256 737285029 5879256 827554392
99 0 90032294 5879256 737572597 5879256 827604891
100 0 89798409 5879256 737865166 5879256 827663575
101 0 89534210 5879256 738178605 5879256 827712815
102 0 89294751 5879256 738483118 5879256 827777869
103 0 89063756 5879256 738764761 5879256 827828517
104 0 88829075 5879256 739054700 5879256 827883775
105 0 88588135 5879256 739346046 5879256 827934181
106 0 88355861 5879256 739636430 5879256 827992291
107 0 88117347 5879256 739925832 5879256 828043179
108 0 87870926 5879256 740234604 5879256 828105530
109 0 87840056 5879256 740549728 5879256 828389784
110 0 87619523 5879256 740832519 5879256 828452042
111 0 87394731 5879256 741105718 5879256 828500449
112 0 87137754 5879256 741419231 5879256 828556985
113 0 86908443 5879256 741698337 5879256 828606780
114 0 86676059 5879256 741992405 5879256 828668464
115 0 86416453 5879256 742301325 5879256 828717778
116 0 86181698 5879256 742593561 5879256 828775259
117 0 85948739 5879256 742882667 5879256 828831406
118 0 85714114 5879256 743171791 5879256 828885905
119 0 85469082 5879256 743466637 5879256 828935719
120 0 85244252 5879256 743748336 5879256 828992588
121 0 84996423 5879256 744050016 5879256 829046439
122 0 84775631 5879256 744327585 5879256 829103216
123 0 84530728 5879256 744621098 5879256 829151826
124 0 84292825 5879256 744916537 5879256 829209362
125 0 84063200 5879256 745196050 5879256 829259250
126 0 83832093 5879256 745483452 5879256 829315545
127 0 83580338 5879256 745788521 5879256 829368859
128 0 83338805 5879256 746086423 5879256 829425228
1 0 117537215 5879263 457417416 5879263 574954631
2 0 116585807 5879263 458470971 5879263 575056778
3 0 116296590 5879263 458811668 5879263 575108258
4 0 116036316 5879263 459122274 5879263 575158590
5 0 115846524 5879263 459419213 5879263 575265737
6 0 115698360 5879263 459721707 5879263 575420067
7 0 115428513 5879263 460090330 5879263 575518843
8 0 115191518 5879263 460413046 5879263 575604564
9 0 114977596 5879263 460714411 5879263 575692007
10 0 114846765 5879263 460998554 5879263 575845319
11 0 114645621 5879263 461293863 5879263 575939484
12 0 114429402 5879263 461583525 5879263 576012927
13 0 114201555 5879263 461895537 5879263 576097092
14 0 113991058 5879263 462179903 5879263 576170961
15 0 113892134 5879263 462463305 5879263 576355439
16 0 113645972 5879263 462782799 5879263 576428771
17 0 113453920 5879263 463066553 5879263 576520473
18 0 113235072 5879263 463357677 5879263 576592749
19 0 112999169 5879263 463679208 5879263 576678377
20 0 112788432 5879263 463963555 5879263 576751987
21 0 112702082 5879263 464260179 5879263 576962261
22 0 112391495 5879263 464646598 5879263 577038093
23 0 112187499 5879263 464942074 5879263 577129573
24 0 111974502 5879263 465226199 5879263 577200701
25 0 111743117 5879263 465541397 5879263 577284514
26 0 111526307 5879263 465829836 5879263 577356143
27 0 111448030 5879263 466109905 5879263 577557935
28 0 111216443 5879263 466416584 5879263 577633027
29 0 111058538 5879263 466699949 5879263 577758487
30 0 110836820 5879263 466999388 5879263 577836208
31 0 110587695 5879263 467334382 5879263 577922077
32 0 110387254 5879263 467622155 5879263 578009409
33 0 110174536 5879263 467920501 5879263 578095037
34 0 110087333 5879263 468216607 5879263 578303940
35 0 109879818 5879263 468514472 5879263 578394290
36 0 109671860 5879263 468796448 5879263 578468308
37 0 109442364 5879263 469110164 5879263 578552528
38 0 109223350 5879263 469402492 5879263 578625842
39 0 109027242 5879263 469684080 5879263 578711322
40 0 108805338 5879263 469980760 5879263 578786098
41 0 108502455 5879263 470375475 5879263 578877930
42 0 108271089 5879263 470681784 5879263 578952873
43 0 108232701 5879263 470975445 5879263 579208146
44 0 108001927 5879263 471280995 5879263 579282922
45 0 107788024 5879263 471578767 5879263 579366791
46 0 107576787 5879263 471862207 5879263 579438994
47 0 107350846 5879263 472179516 5879263 579530362
48 0 107141184 5879263 472464177 5879263 579605361
49 0 106926687 5879263 472758246 5879263 579684933
50 0 106707303 5879263 473051111 5879263 579758414
51 0 106508769 5879263 473334143 5879263 579842912
52 0 106283607 5879263 473630841 5879263 579914448
53 0 106692118 5879263 473932669 5879263 580624787
54 0 106473992 5879263 474233645 5879263 580707637
55 0 106259885 5879263 474532806 5879263 580792691
56 0 105999686 5879263 474866633 5879263 580866319
57 0 105801782 5879263 475149665 5879263 580951447
58 0 105590398 5879263 475447548 5879263 581037946
59 0 105323476 5879263 475808542 5879263 581132018
60 0 105113832 5879263 476091111 5879263 581204943
61 0 104903559 5879263 476386975 5879263 581290534
62 0 104679692 5879263 476684766 5879263 581364458
63 0 104485251 5879263 476960576 5879263 581445827
64 0 104259515 5879263 477259774 5879263 581519289
65 0 104057833 5879263 477545306 5879263 581603139
66 0 103853892 5879263 477829116 5879263 581683008
67 0 103662933 5879263 478103722 5879263 581766655
68 0 103434622 5879263 478406124 5879263 581840746
69 0 103497713 5879263 478681582 5879263 582179295
70 0 103270977 5879263 478963095 5879263 582234072
71 0 103030629 5879263 479260164 5879263 582290793
72 0 102800522 5879263 479545677 5879263 582346199
73 0 102554638 5879263 479848394 5879263 582403032
74 0 102244255 5879263 480212739 5879263 582456994
75 0 101999093 5879263 480520177 5879263 582519270
76 0 101762116 5879263 480809265 5879263 582571381
77 0 101538324 5879263 481088741 5879263 582627065
78 0 101288365 5879263 481393180 5879263 582681545
79 0 101070370 5879263 481669230 5879263 582739600
80 0 100838429 5879263 481959077 5879263 582797506
81 0 100586008 5879263 482261664 5879263 582847672
82 0 100357474 5879263 482548400 5879263 582905874
83 0 100120312 5879263 482836598 5879263 582956910
84 0 99909928 5879263 483123148 5879263 583033076
85 0 99653876 5879263 483430365 5879263 583084241
86 0 99427936 5879263 483715860 5879263 583143796
87 0 99435492 5879263 484014965 5879263 583450457
88 0 99209385 5879263 484304293 5879263 583513678
89 0 98977075 5879263 484586047 5879263 583563122
90 0 98747560 5879263 484884783 5879263 583632343
91 0 98509583 5879263 485173314 5879263 583682897
92 0 98276235 5879263 485466846 5879263 583743081
93 0 98036777 5879263 485756322 5879263 583793099
94 0 97816799 5879263 486032299 5879263 583849098
95 0 97581248 5879263 486320738 5879263 583901986
96 0 97352530 5879263 486612677 5879263 583965207
97 0 97107683 5879263 486907727 5879263 584015410
98 0 96887372 5879263 487185555 5879263 584072927
99 0 96645469 5879263 487476920 5879263 584122389
100 0 96416862 5879263 487764359 5879263 584181221
101 0 96341030 5879263 488075169 5879263 584416199
102 0 96103257 5879263 488379348 5879263 584482605
103 0 95871483 5879263 488661825 5879263 584533308
104 0 95634320 5879263 488951912 5879263 584586232
105 0 95393029 5879263 489243388 5879263 584636417
106 0 95162996 5879263 489531364 5879263 584694360
107 0 94923723 5879263 489820581 5879263 584744304
108 0 94617988 5879263 490188148 5879263 584806136
109 0 94340233 5879263 490517420 5879263 584857653
110 0 94127163 5879263 490799637 5879263 584926800
111 0 93898593 5879263 491076799 5879263 584975392
112 0 93780317 5879263 491391108 5879263 585171425
113 0 93557655 5879263 491668140 5879263 585225795
114 0 93331382 5879263 491956486 5879263 585287868
115 0 93080608 5879263 492256666 5879263 585337274
116 0 92853298 5879263 492542790 5879263 585396088
117 0 92621635 5879263 492824137 5879263 585445772
118 0 92382084 5879263 493117465 5879263 585499549
119 0 92139977 5879263 493409849 5879263 585549826
120 0 91919222 5879263 493687251 5879263 585606473
121 0 91791391 5879263 493986838 5879263 585778229
122 0 91574450 5879263 494262963 5879263 585837413
123 0 91329603 5879263 494557050 5879263 585886653
124 0 91098867 5879263 494844507 5879263 585943374
125 0 90867575 5879263 495125965 5879263 585993540
126 0 90633876 5879263 495416904 5879263 586050780
127 0 90383954 5879263 495722028 5879263 586105982
128 0 90230198 5879263 496019634 5879263 586249832
1 0 137859861 5879270 197357662 5879270 335217523
2 0 136889009 5879270 198398791 5879270 335287800
3 0 136584052 5879270 198738914 5879270 335322966
4 0 136342241 5879270 199046501 5879270 335388742
5 0 136146004 5879270 199341236 5879270 335487240
6 0 135955544 5879270 199640361 5879270 335595905
7 0 135771436 5879270 199936300 5879270 335707736
8 0 135479054 5879270 200345699 5879270 335824753
9 0 135290890 5879270 200647472 5879270 335938362
10 0 135117615 5879270 200934115 5879270 336051730
11 0 134945655 5879270 201233887 5879270 336179542
12 0 134775881 5879270 201524770 5879270 336300651
13 0 134570514 5879270 201841765 5879270 336412279
14 0 134302723 5879270 202226109 5879270 336528832
15 0 134050802 5879270 202602880 5879270 336653682
16 0 133740345 5879270 203020650 5879270 336760995
17 0 133480108 5879270 203396866 5879270 336876974
18 0 133211854 5879270 203788025 5879270 336999879
19 0 132904322 5879270 204208981 5879270 337113303
20 0 132656771 5879270 204584548 5879270 337241319
21 0 132382629 5879270 204975318 5879270 337357947
22 0 132013802 5879270 205468939 5879270 337482741
23 0 131739437 5879270 205865283 5879270 337604720
24 0 131488738 5879270 206241480 5879270 337730218
25 0 131180780 5879270 206656769 5879270 337837549
26 0 130917025 5879270 207034318 5879270 337951343
27 0 130665252 5879270 207404737 5879270 338069989
28 0 130378962 5879270 207808081 5879270 338187043
29 0 130125114 5879270 208178223 5879270 338303337
30 0 129838712 5879270 208575660 5879270 338414372
31 0 129519533 5879270 209012429 5879270 338531962
32 0 129263408 5879270 209389441 5879270 338652849
33 0 128979820 5879270 209787249 5879270 338767069
34 0 128662511 5879270 210224204 5879270 338886715
35 0 128386887 5879270 210627048 5879270 339013935
36 0 128159336 5879270 211000004 5879270 339159340
37 0 127854379 5879270 211415385 5879270 339269764
38 0 127597698 5879270 211802545 5879270 339400243
39 0 127333517 5879270 212173964 5879270 339507481
40 0 127053060 5879270 212568179 5879270 339621239
41 0 126787269 5879270 212953616 5879270 339740885
42 0 126498254 5879270 213356017 5879270 339854271
43 0 126241056 5879270 213735954 5879270 339977010
44 0 125972098 5879270 214134613 5879270 340106711
45 0 126918136 5879270 214525014 5879270 341443150
46 0 126666011 5879270 214899507 5879270 341565518
47 0 126362702 5879270 215317795 5879270 341680497
48 0 126105688 5879270 215690363 5879270 341796051
49 0 125834359 5879270 216076967 5879270 341911326
50 0 125566512 5879270 216467108 5879270 342033620
51 0 125304462 5879270 216839212 5879270 342143674
52 0 125033133 5879270 217234594 5879270 342267727
53 0 124740398 5879270 217633401 5879270 342373799
54 0 124457514 5879270 218034283 5879270 342491797
55 0 124183446 5879270 218423090 5879270 342606536
56 0 123863100 5879270 218875193 5879270 342738293
57 0 123600993 5879270 219253927 5879270 342854920
58 0 122642585 5879270 220332037 5879270 342974622
59 0 122256943 5879270 220831639 5879270 343088582
60 0 121983060 5879270 221220224 5879270 343203284
61 0 121704695 5879270 221612661 5879270 343317356
62 0 121431755 5879270 222002914 5879270 343434669
63 0 121176815 5879270 222380407 5879270 343557222
64 0 120893321 5879270 222784473 5879270 343677794
65 0 120623566 5879270 223172244 5879270 343795810
66 0 120360164 5879270 223554774 5879270 343914938
67 0 120100057 5879270 223921786 5879270 344021843
68 0 119826803 5879270 224319186 5879270 344145989
69 0 119575049 5879270 224688216 5879270 344263265
70 0 119303442 5879270 225064691 5879270 344368133
71 0 119019837 5879270 225463757 5879270 344483594
72 0 118762304 5879270 225840195 5879270 344602499
73 0 118474976 5879270 226234762 5879270 344709738
74 0 118221018 5879270 226609514 5879270 344830532
75 0 117943634 5879270 227004988 5879270 344948622
76 0 117664620 5879270 227404222 5879270 345068842
77 0 117405069 5879270 227772271 5879270 345177340
78 0 117105575 5879270 228183245 5879270 345288820
79 0 116853080 5879270 228551756 5879270 345404836
80 0 116588529 5879270 228932435 5879270 345520964
81 0 116294627 5879270 229339316 5879270 345633943
82 0 116036780 5879270 229708532 5879270 345745312
83 0 115711990 5879270 230151597 5879270 345863587
84 0 115435421 5879270 230541794 5879270 345977215
85 0 115182351 5879270 230921843 5879270 346104194
86 0 114918041 5879270 231298632 5879270 346216673
87 0 114631861 5879270 231694588 5879270 346326449
88 0 114366996 5879270 232083932 5879270 346450928
89 0 114123778 5879270 232449426 5879270 346573204
90 0 113840691 5879270 232842085 5879270 346682776
91 0 113590732 5879270 233208838 5879270 346799570
92 0 113331255 5879270 233600016 5879270 346931271
93 0 113055908 5879270 233981787 5879270 347037695
94 0 112789654 5879270 234362354 5879270 347152008
95 0 112516233 5879270 234751402 5879270 347267635
96 0 112265238 5879270 235132969 5879270 347398207
97 0 111973151 5879270 235523943 5879270 347497094
98 0 111719507 5879270 235891881 5879270 347611388
99 0 111452068 5879270 236277059 5879270 347729127
100 0 111193980 5879270 236655886 5879270 347849866
101 0 110944892 5879270 237063119 5879270 348008011
102 0 110609435 5879270 237466778 5879270 348076213
103 0 110677341 5879270 237841290 5879270 348518631
104 0 110366051 5879270 238221357 5879270 348587408
105 0 110042649 5879270 238602054 5879270 348644703
106 0 109759932 5879270 238976269 5879270 348736201
107 0 109436142 5879270 239358632 5879270 348794774
108 0 109153424 5879270 239720626 5879270 348874050
109 0 108770320 5879270 240184562 5879270 348954882
110 0 108465160 5879270 240557666 5879270 349022826
111 0 108211257 5879270 240922178 5879270 349133435
112 0 107915855 5879270 241339448 5879270 349255303
113 0 107667230 5879270 241704108 5879270 349371338
114 0 107399086 5879270 242085194 5879270 349484280
115 0 107135110 5879270 242475501 5879270 349610611
116 0 106854041 5879270 242859124 5879270 349713165
117 0 106586972 5879270 243243802 5879270 349830774
118 0 106318606 5879270 243626962 5879270 349945568
119 0 106313310 5879270 244008158 5879270 350321468
120 0 105988502 5879270 244384077 5879270 350372579
121 0 105683858 5879270 244782700 5879270 350466558
122 0 105367976 5879270 245148711 5879270 350516687
123 0 105065351 5879270 245539149 5879270 350604500
124 0 104746432 5879270 245926882 5879270 350673314
125 0 104492065 5879270 246294450 5879270 350786515
126 0 104231052 5879270 246672665 5879270 350903717
127 0 103982242 5879270 247054139 5879270 351036381
128 0 103716876 5879270 247443799 5879270 351160675
1 0 139856510 5879276 861029454 5879277 885964
2 0 138687476 5879276 862331615 5879277 1019091
3 0 138267669 5879276 862786514 5879277 1054183
4 0 137959915 5879276 863195377 5879277 1155292
5 0 137680198 5879276 863585500 5879277 1265698
6 0 137392481 5879276 863989603 5879277 1382084
7 0 137079765 5879276 864380392 5879277 1460157
8 0 136807306 5879276 864766941 5879277 1574247
9 0 136525368 5879276 865159637 5879277 1685005
10 0 136259261 5879276 865535927 5879277 1795188
11 0 136073542 5879276 865926012 5879277 1999554
12 0 135800010 5879276 866306913 5879277 2106923
13 0 135531274 5879276 866722461 5879277 2253735
14 0 135298705 5879276 867102231 5879277 2400936
15 0 135070487 5879276 867474854 5879277 2545341
16 0 134756530 5879276 867891087 5879277 2647617
17 0 134497349 5879276 868264636 5879277 2761985
18 0 134230854 5879276 868655203 5879277 2886057
19 0 134001525 5879276 869074454 5879277 3075979
20 0 133709845 5879276 869448355 5879277 3158200
21 0 133449442 5879276 869838274 5879277 3287716
22 0 132982099 5879276 870388893 5879277 3370992
23 0 132836083 5879276 870781571 5879277 3617654
24 0 132574773 5879276 871158731 5879277 3733504
25 0 132248113 5879276 871576575 5879277 3824688
26 0 131934581 5879276 871972772 5879277 3907353
27 0 131751955 5879276 872343357 5879277 4095312
28 0 131429312 5879276 872749443 5879277 4178755
29 0 131185835 5879276 873122547 5879277 4308382
30 0 130899063 5879276 873523206 5879277 4422269
31 0 130753825 5879276 873957976 5879277 4711801
32 0 130491885 5879276 874336673 5879277 4828558
33 0 130221483 5879276 874729147 5879277 4950630
34 0 129914989 5879276 875117399 5879277 5032388
35 0 129646474 5879276 875511485 5879277 5157959
36 0 129358481 5879276 875883107 5879277 5241588
37 0 129071078 5879276 876292952 5879277 5364030
38 0 128763528 5879276 876684204 5879277 5447732
39 0 128513681 5879276 877054901 5879277 5568582
40 0 128202927 5879276 877447875 5879277 5650802
41 0 127970116 5879276 877835646 5879277 5805762
42 0 127660548 5879276 878229657 5879277 5890205
43 0 127415590 5879276 878610446 5879277 6026036
44 0 127163520 5879276 879012087 5879277 6175607
45 0 126895470 5879276 879401691 5879277 6297161
46 0 126596308 5879276 879782814 5879277 6379122
47 0 126617771 5879276 880253768 5879277 6871539
48 0 126357257 5879276 880633150 5879277 6990407
49 0 126073892 5879276 881036976 5879277 7110868
50 0 125764787 5879276 881429302 5879277 7194089
51 0 125485125 5879276 881801295 5879277 7286420
52 0 125197261 5879276 882203306 5879277 7400567
53 0 124928303 5879276 882601169 5879277 7529472
54 0 124619438 5879276 882993347 5879277 7612785
55 0 124277814 5879276 883428395 5879277 7706209
56 0 123986616 5879276 883835887 5879277 7822503
57 0 123052966 5879276 884828573 5879277 7881539
58 0 122783953 5879276 885218825 5879277 8002778
59 0 122436292 5879276 885680798 5879277 8117090
60 0 122269277 5879276 886061365 5879277 8330642
61 0 121986171 5879276 886460932 5879277 8447103
62 0 121696602 5879276 886848610 5879277 8545212
63 0 121473347 5879276 887217140 5879277 8690487
64 0 121164538 5879276 887618392 5879277 8782930
65 0 120901765 5879276 888002867 5879277 8904632
66 0 120639121 5879276 888386934 5879277 9026055
67 0 120390756 5879276 888752390 5879277 9143146
68 0 120118650 5879276 889157197 5879277 9275847
69 0 119849099 5879276 889522080 5879277 9371179
70 0 119597603 5879276 889897073 5879277 9494676
71 0 119281424 5879276 890339972 5879277 9621396
72 0 118998985 5879276 890735631 5879277 9734616
73 0 118690361 5879276 891135643 5879277 9826004
74 0 118439013 5879276 891501877 5879277 9940890
75 0 119130724 5879276 891897017 5879277 11027741
76 0 118802433 5879276 892279881 5879277 11082314
77 0 118502957 5879276 892643819 5879277 11146776
78 0 118160463 5879276 893041626 5879277 11202089
79 0 118308053 5879276 893406916 5879277 11714969
80 0 117977559 5879276 893792390 5879277 11769949
81 0 117633510 5879276 894193494 5879277 11827004
82 0 117302460 5879276 894573043 5879277 11875503
83 0 116985521 5879276 894952573 5879277 11938094
84 0 116655991 5879276 895331621 5879277 11987612
85 0 116321164 5879276 895723225 5879277 12044389
86 0 115992281 5879276 896100811 5879277 12093092
87 0 115658269 5879276 896490896 5879277 12149165
88 0 115328811 5879276 896870908 5879277 12199719
89 0 115015151 5879276 897244456 5879277 12259607
90 0 114666971 5879276 897642394 5879277 12309365
91 0 114345811 5879276 898020109 5879277 12365920
92 0 114004687 5879276 898410380 5879277 12415067
93 0 113681749 5879276 898790447 5879277 12472196
94 0 113367273 5879276 899162014 5879277 12529287
95 0 113032798 5879276 899558729 5879277 12591527
96 0 112691452 5879276 899948796 5879277 12640248
97 0 112250793 5879276 900451213 5879277 12702006
98 0 111926541 5879276 900824798 5879277 12751339
99 0 111598528 5879276 901210125 5879277 12808653
100 0 111270775 5879276 901596099 5879277 12866874
101 0 110913411 5879276 902008795 5879277 12922206
102 0 110570325 5879276 902413547 5879277 12983872
103 0 110251127 5879276 902782466 5879277 13033593
104 0 109918874 5879276 903171829 5879277 13090703
105 0 109584936 5879276 903555248 5879277 13140184
106 0 109260719 5879276 903936834 5879277 13197553
107 0 108927225 5879276 904324216 5879277 13251441
108 0 108618879 5879276 904689783 5879277 13308662
109 0 108247756 5879276 905110442 5879277 13358198
110 0 107934281 5879276 905482157 5879277 13416438
111 0 107617249 5879276 905847873 5879277 13465122
112 0 107259830 5879276 906261143 5879277 13520973
113 0 106956576 5879276 906627951 5879277 13584527
114 0 106627582 5879276 907007092 5879277 13634674
115 0 106294940 5879276 907401622 5879277 13696562
116 0 105957372 5879276 907788097 5879277 13745469
117 0 105638896 5879276 908162775 5879277 13801671
118 0 105302496 5879276 908557897 5879277 13860393
119 0 104987186 5879276 908943094 5879277 13930280
120 0 104670266 5879276 909310087 5879277 13980353
121 0 104329809 5879276 909707543 5879277 14037352
122 0 103972668 5879276 910114517 5879277 14087185
123 0 103626915 5879276 910517195 5879277 14144110
124 0 103295532 5879276 910898595 5879277 14194127
125 0 102989649 5879276 911266662 5879277 14256311
126 0 102660322 5879276 911648044 5879277 14308366
127 0 102317143 5879276 912050759 5879277 14367902
128 0 101987297 5879276 912441937 5879277 14429234
1 0 118399904 5879283 608395174 5879283 726795078
2 0 117448976 5879283 609450544 5879283 726899520
3 0 117153019 5879283 609798037 5879283 726951056
4 0 116812359 5879283 610190252 5879283 727002611
5 0 116595344 5879283 610510358 5879283 727105702
6 0 116441587 5879283 610817167 5879283 727258754
7 0 116221129 5879283 611124476 5879283 727345605
8 0 116013466 5879283 611418674 5879283 727432140
9 0 115799914 5879283 611716002 5879283 727515916
10 0 115687750 5879283 611997645 5879283 727685395
11 0 115485568 5879283 612294251 5879283 727779819
12 0 115268127 5879283 612583672 5879283 727851799
13 0 115035669 5879283 612900795 5879283 727936464
14 0 114827506 5879283 613185049 5879283 728012555
15 0 114730971 5879283 613469970 5879283 728200941
16 0 114490030 5879283 613785483 5879283 728275513
17 0 114296478 5879283 614071663 5879283 728368141
18 0 114073224 5879283 614368120 5879283 728441344
19 0 113838913 5879283 614688114 5879283 728527027
20 0 113629657 5879283 614970591 5879283 728600248
21 0 113547252 5879283 615265085 5879283 728812337
22 0 113238387 5879283 615649782 5879283 728888169
23 0 113038631 5879283 615943295 5879283 728981926
24 0 112830246 5879283 616225957 5879283 729056203
25 0 112601825 5879283 616539747 5879283 729141572
26 0 112388254 5879283 616826409 5879283 729214663
27 0 112195387 5879283 617107348 5879283 729302735
28 0 112091538 5879283 617415768 5879283 729507306
29 0 111904726 5879283 617695837 5879283 729600563
30 0 111677378 5879283 617997128 5879283 729674506
31 0 111426068 5879283 618332529 5879283 729758597
32 0 111212609 5879283 618618431 5879283 729831040
33 0 110994613 5879283 618919407 5879283 729914020
34 0 110778266 5879283 619209735 5879283 729988001
35 0 111792321 5879283 619512322 5879283 731304643
36 0 112061945 5879283 619796558 5879283 731858503
37 0 111885356 5879283 620159440 5879283 732044796
38 0 111761192 5879283 620463101 5879283 732224293
39 0 111657898 5879283 620744503 5879283 732402401
40 0 111516734 5879283 621051053 5879283 732567787
41 0 111448198 5879283 621346381 5879283 732794579
42 0 111269479 5879283 621646283 5879283 732915762
43 0 111159499 5879283 621936648 5879283 733096147
44 0 111021335 5879283 622240513 5879283 733261848
45 0 110904134 5879283 622536896 5879283 733441030
46 0 110869689 5879283 622822947 5879283 733692636
47 0 110742155 5879283 623139756 5879283 733881911
48 0 110625471 5879283 623421788 5879283 734047259
49 0 110509400 5879283 623716356 5879283 734225756
50 0 110313144 5879283 624012240 5879283 734325384
51 0 110213609 5879283 624292531 5879283 734506140
52 0 109998428 5879283 624596192 5879283 734594620
53 0 109820079 5879283 624902816 5879283 734722895
54 0 109615583 5879283 625204940 5879283 734820523
55 0 109411660 5879283 625502472 5879283 734914132
56 0 109167888 5879283 625844817 5879283 735012705
57 0 108965428 5879283 626130460 5879283 735095888
58 0 108764265 5879283 626424140 5879283 735188405
59 0 108496455 5879283 626784467 5879283 735280922
60 0 108271237 5879283 627068554 5879283 735339791
61 0 108633638 5879283 627363475 5879283 735997113
62 0 108453641 5879283 627650747 5879283 736104388
63 0 108294774 5879283 627926927 5879283 736221701
64 0 108114129 5879283 628229903 5879283 736344032
65 0 107908503 5879283 628529027 5879283 736437530
66 0 107714173 5879283 628815430 5879283 736529603
67 0 107521770 5879283 629091739 5879283 736613509
68 0 107343013 5879283 629394197 5879283 736737210
69 0 107119499 5879283 629669840 5879283 736789339
70 0 106956614 5879283 629954760 5879283 736911374
71 0 106493140 5879283 630475140 5879283 736968280
72 0 106327680 5879283 630763357 5879283 737091037
73 0 106108888 5879283 631065666 5879283 737174554
74 0 105923836 5879283 631342198 5879283 737266034
75 0 105714710 5879283 631636711 5879283 737351421
76 0 105514677 5879283 631926335 5879283 737441012
77 0 105335402 5879283 632203090 5879283 737538492
78 0 105085758 5879283 632504325 5879283 737590083
79 0 104903151 5879283 632782042 5879283 737685193
80 0 104698617 5879283 633071037 5879283 737769654
81 0 104456437 5879283 633374735 5879283 737831172
82 0 104228849 5879283 633651933 5879283 737880782
83 0 103998316 5879283 633944150 5879283 737942466
84 0 103759820 5879283 634233089 5879283 737992909
85 0 103517658 5879283 634533491 5879283 738051149
86 0 103285236 5879283 634816542 5879283 738101778
87 0 103046241 5879283 635113184 5879283 738159425
88 0 102793263 5879283 635415179 5879283 738208442
89 0 102584138 5879283 635692340 5879283 738276478
90 0 102329587 5879283 635997113 5879283 738326700
91 0 102100572 5879283 636283441 5879283 738384013
92 0 101857984 5879283 636583306 5879283 738441290
93 0 101620767 5879283 636871337 5879283 738492104
94 0 101402382 5879283 637149406 5879283 738551788
95 0 101165645 5879283 637440549 5879283 738606194
96 0 100935779 5879283 637728525 5879283 738664304
97 0 100699801 5879283 638023613 5879283 738723414
98 0 100481602 5879283 638300793 5879283 738782395
99 0 100234607 5879283 638597287 5879283 738831894
100 0 100001629 5879283 638887486 5879283 738889115
101 0 99743819 5879283 639198980 5879283 738942799
102 0 99507639 5879283 639500641 5879283 739008280
103 0 99280754 5879283 639777710 5879283 739058464
104 0 99006351 5879283 640109778 5879283 739116129
105 0 98772819 5879283 640401476 5879283 739174295
106 0 98528378 5879283 640695564 5879283 739223942
107 0 98303068 5879283 640984614 5879283 739287682
108 0 98687376 5879283 641258942 5879283 739946318
109 0 98512824 5879283 641571640 5879283 740084464
110 0 98293013 5879283 641848505 5879283 740141518
111 0 98072202 5879283 642127945 5879283 740200147
112 0 97794930 5879283 642454105 5879283 740249035
113 0 97572230 5879283 642741359 5879283 740313589
114 0 97333530 5879283 643028373 5879283 740361903
115 0 97097405 5879283 643328904 5879283 740426309
116 0 96854650 5879283 643621380 5879283 740476030
117 0 96627932 5879283 643906968 5879283 740534900
118 0 96386400 5879283 644198036 5879283 740584436
119 0 96155718 5879283 644491920 5879283 740647638
120 0 95920334 5879283 644776007 5879283 740696341
121 0 95675042 5879283 645078539 5879283 740753581
122 0 95445546 5879283 645357830 5879283 740803376
123 0 95203607 5879283 645656602 5879283 740860209
124 0 94959185 5879283 645950171 5879283 740909356
125 0 94744838 5879283 646227295 5879283 740972133
126 0 94507045 5879283 646516494 5879283 741023539
127 0 94254679 5879283 646826970 5879283 741081649
128 0 94007147 5879283 647125260 5879283 741132407
1 0 117824876 5879290 397426483 5879290 515251359
2 0 116860320 5879290 398469149 5879290 515329469
3 0 116549604 5879290 398814827 5879290 515364431
4 0 116272258 5879290 399125451 5879290 515397709
5 0 116097908 5879290 399419687 5879290 515517595
6 0 115844543 5879290 399722996 5879290 515567539
7 0 115478161 5879290 400178895 5879290 515657056
8 0 115215555 5879290 400503259 5879290 515718814
9 0 115001966 5879290 400805180 5879290 515807146
10 0 114765970 5879290 401090212 5879290 515856182
11 0 114563418 5879290 401385558 5879290 515948976
12 0 114343274 5879290 401674997 5879290 516018271
13 0 114105611 5879290 401990140 5879290 516095751
14 0 113901116 5879290 402273764 5879290 516174880
15 0 113692582 5879290 402556926 5879290 516249508
16 0 113446401 5879290 402873531 5879290 516319932
17 0 113242516 5879290 403160248 5879290 516402764
18 0 113051113 5879290 403452205 5879290 516503318
19 0 112826302 5879290 403775866 5879290 516602168
20 0 112607213 5879290 404061991 5879290 516669204
21 0 112416532 5879290 404357837 5879290 516774369
22 0 112117574 5879290 404745478 5879290 516863052
23 0 111893652 5879290 405056732 5879290 516950384
24 0 111682730 5879290 405341615 5879290 517024345
25 0 111466956 5879290 405656721 5879290 517123677
26 0 111271923 5879290 405946049 5879290 517217972
27 0 111069519 5879290 406227192 5879290 517296711
28 0 110851894 5879290 406534519 5879290 517386413
29 0 110651601 5879290 406817977 5879290 517469578
30 0 110448939 5879290 407115360 5879290 517564299
31 0 110193072 5879290 407453021 5879290 517646093
32 0 110026909 5879290 407736608 5879290 517763517
33 0 109803709 5879290 408035973 5879290 517839682
34 0 109581009 5879290 408326431 5879290 517907440
35 0 109393698 5879290 408622111 5879290 518015809
36 0 109215664 5879290 408902939 5879290 518118603
37 0 108984483 5879290 409213989 5879290 518198472
38 0 108787042 5879290 409506428 5879290 518293470
39 0 108596731 5879290 409785330 5879290 518382061
40 0 108295348 5879290 410157231 5879290 518452579
41 0 108095721 5879290 410460170 5879290 518555891
42 0 107859189 5879290 410769979 5879290 518629168
43 0 107664841 5879290 411059418 5879290 518724259
44 0 107447548 5879290 411365783 5879290 518813331
45 0 107233331 5879290 411663388 5879290 518896719
46 0 107022612 5879290 411960253 5879290 518982865
47 0 106787894 5879290 412278692 5879290 519066586
48 0 106599750 5879290 412559890 5879290 519159640
49 0 106382568 5879290 412852663 5879290 519235231
50 0 106180850 5879290 413148157 5879290 519329007
51 0 105996353 5879290 413428541 5879290 519424894
52 0 105771171 5879290 413727036 5879290 519498207
53 0 105572453 5879290 414027067 5879290 519599520
54 0 105360401 5879290 414329136 5879290 519689537
55 0 105138832 5879290 414625167 5879290 519763999
56 0 104901929 5879290 414966698 5879290 519868627
57 0 104701210 5879290 415248952 5879290 519950162
58 0 104552380 5879290 415547965 5879290 520100345
59 0 104280940 5879290 415906162 5879290 520187102
60 0 104066518 5879290 416187639 5879290 520254157
61 0 103857059 5879290 416482633 5879290 520339692
62 0 103670655 5879290 416769406 5879290 520440061
63 0 103488454 5879290 417044327 5879290 520532781
64 0 103281014 5879290 417345488 5879290 520626502
65 0 103080628 5879290 417634094 5879290 520714722
66 0 102870188 5879290 417918718 5879290 520788906
67 0 102672599 5879290 418195602 5879290 520868201
68 0 102458621 5879290 418508300 5879290 520966921
69 0 102255551 5879290 418787091 5879290 521042642
70 0 102066981 5879290 419071067 5879290 521138048
71 0 101845004 5879290 419370302 5879290 521215306
72 0 101638562 5879290 419655205 5879290 521293767
73 0 101436159 5879290 419954866 5879290 521391025
74 0 101217533 5879290 420271027 5879290 521488560
75 0 100995796 5879290 420572688 5879290 521568484
76 0 100804855 5879290 420859683 5879290 521664538
77 0 100606340 5879290 421135326 5879290 521741666
78 0 100403585 5879290 421434709 5879290 521838294
79 0 100213256 5879290 421709648 5879290 521922904
80 0 100021499 5879290 421997847 5879290 522019346
81 0 99800392 5879290 422297953 5879290 522098345
82 0 99605507 5879290 422585929 5879290 522191436
83 0 99395733 5879290 422872090 5879290 522267823
84 0 99214348 5879290 423160066 5879290 522374414
85 0 99000797 5879290 423454616 5879290 522455413
86 0 98820096 5879290 423736426 5879290 522556522
87 0 98598452 5879290 424035902 5879290 522634354
88 0 98409270 5879290 424322712 5879290 522731982
89 0 98204904 5879290 424603058 5879290 522807962
90 0 97997925 5879290 424900683 5879290 522898608
91 0 97792373 5879290 425188900 5879290 522981273
92 0 97575674 5879290 425501875 5879290 523077549
93 0 97372585 5879290 425791370 5879290 523163955
94 0 97184959 5879290 426068309 5879290 523253268
95 0 96989629 5879290 426357008 5879290 523346637
96 0 96770040 5879290 426649151 5879290 523419191
97 0 96575081 5879290 426946145 5879290 523521226
98 0 96385400 5879290 427223862 5879290 523609262
99 0 96174755 5879290 427510672 5879290 523685427
100 0 95981740 5879290 427798370 5879290 523780110
101 0 95810928 5879290 428104365 5879290 523915293
102 0 96152366 5879290 428409489 5879290 524561855
103 0 95954908 5879290 428690335 5879290 524645243
104 0 95713097 5879290 428983237 5879290 524696334
105 0 95515212 5879290 429269732 5879290 524784944
106 0 95274364 5879290 429559523 5879290 524833887
107 0 95045462 5879290 429847184 5879290 524892646
108 0 94698319 5879290 430244603 5879290 524942922
109 0 94501953 5879290 430557634 5879290 525059587
110 0 94276420 5879290 430834833 5879290 525111253
111 0 94058683 5879290 431109476 5879290 525168159
112 0 93793206 5879290 431424267 5879290 525217473
113 0 93577099 5879290 431699373 5879290 525276472
114 0 93343510 5879290 431983331 5879290 525326841
115 0 93170958 5879290 432293936 5879290 525464894
116 0 92933815 5879290 432582597 5879290 525516412
117 0 92717189 5879290 432863833 5879290 525581022
118 0 92473804 5879290 433157624 5879290 525631428
119 0 92237179 5879290 433450304 5879290 525687483
120 0 92073886 5879290 433727354 5879290 525801240
121 0 91830297 5879290 434033960 5879290 525864257
122 0 91601321 5879290 434311806 5879290 525913127
123 0 91365936 5879290 434604301 5879290 525970237
124 0 91182495 5879290 434891055 5879290 526073550
125 0 90959499 5879290 435173568 5879290 526133067
126 0 90721985 5879290 435460211 5879290 526182196
127 0 90521804 5879290 435765335 5879290 526287139
128 0 90275030 5879290 436062719 5879290 526337749
1 0 118958448 5879297 197610105 5879297 316568553
2 0 118012484 5879297 198666141 5879297 316678625
3 0 117876062 5879297 199009486 5879297 316885548
4 0 117664065 5879297 199318833 5879297 316982898
5 0 117525974 5879297 199612624 5879297 317138598
6 0 117387515 5879297 199916488 5879297 317304003
7 0 117096168 5879297 200340962 5879297 317437130
8 0 116966967 5879297 200645234 5879297 317612201
9 0 116796210 5879297 200946729 5879297 317742939
10 0 116674231 5879297 201233335 5879297 317907566
11 0 116854654 5879297 201530107 5879297 318384761
12 0 116689842 5879297 201816546 5879297 318506388
13 0 116551900 5879297 202132318 5879297 318684218
14 0 116403810 5879297 202413350 5879297 318817160
15 0 116298405 5879297 202693900 5879297 318992305
16 0 116101372 5879297 203009135 5879297 319110507
17 0 116001502 5879297 203291964 5879297 319293466
18 0 115829840 5879297 203584791 5879297 319414631
19 0 115778544 5879297 203904989 5879297 319683533
20 0 115616955 5879297 204189132 5879297 319806087
21 0 115508734 5879297 204482571 5879297 319991305
22 0 117789321 5879297 204861713 5879297 322651034
23 0 117684731 5879297 205157818 5879297 322842549
24 0 117568345 5879297 205442109 5879297 323010454
25 0 117391940 5879297 205754363 5879297 323146303
26 0 117818063 5879297 206039746 5879297 323857809
27 0 117717008 5879297 206319723 5879297 324036731
28 0 117520975 5879297 206622939 5879297 324143914
29 0 117335793 5879297 206905249 5879297 324241042
30 0 117211777 5879297 207207447 5879297 324419224
31 0 116971893 5879297 207538256 5879297 324510149
32 0 116741453 5879297 207820158 5879297 324561611
33 0 116533789 5879297 208120690 5879297 324654479
34 0 116328275 5879297 208409425 5879297 324737700
35 0 116129538 5879297 208707716 5879297 324837254
36 0 115935560 5879297 208985470 5879297 324921030
37 0 115715416 5879297 209297279 5879297 325012695
38 0 115474698 5879297 209588811 5879297 325063509
39 0 115333089 5879297 209866732 5879297 325199821
40 0 115069427 5879297 210222355 5879297 325291782
41 0 114830506 5879297 210519201 5879297 325349707
42 0 114619176 5879297 210822381 5879297 325441557
43 0 114417513 5879297 211111135 5879297 325528648
44 0 114273127 5879297 211413963 5879297 325687090
45 0 114032631 5879297 211706902 5879297 325739533
46 0 113838487 5879297 211991674 5879297 325830161
47 0 113620194 5879297 212306817 5879297 325927011
48 0 113468087 5879297 212587626 5879297 326055713
49 0 113230424 5879297 212878640 5879297 326109064
50 0 113031187 5879297 213170634 5879297 326201821
51 0 112835542 5879297 213452055 5879297 326287597
52 0 112630342 5879297 213749309 5879297 326379651
53 0 112428531 5879297 214050563 5879297 326479094
54 0 112214332 5879297 214348520 5879297 326562852
55 0 112014576 5879297 214639163 5879297 326653739
56 0 111727304 5879297 214978101 5879297 326705405
57 0 111570954 5879297 215265133 5879297 326836087
58 0 110860282 5879297 216027230 5879297 326887512
59 0 110591805 5879297 216391520 5879297 326983325
60 0 110388698 5879297 216676385 5879297 327065083
61 0 110188961 5879297 216973657 5879297 327162618
62 0 109981150 5879297 217264559 5879297 327245709
63 0 109794153 5879297 217544536 5879297 327338689
64 0 109584250 5879297 217849900 5879297 327434150
65 0 109399864 5879297 218138877 5879297 327538741
66 0 109196128 5879297 218425445 5879297 327621573
67 0 109011872 5879297 218700533 5879297 327712405
68 0 108786098 5879297 219016212 5879297 327802310
69 0 108564120 5879297 219290004 5879297 327854124
70 0 108375032 5879297 219572998 5879297 327948030
71 0 108161628 5879297 219869308 5879297 328030936
72 0 107884633 5879297 220238338 5879297 328122971
73 0 107663359 5879297 220543777 5879297 328207136
74 0 107487511 5879297 220817605 5879297 328305116
75 0 107243238 5879297 221116766 5879297 328360004
76 0 107046186 5879297 221408668 5879297 328454854
77 0 106820430 5879297 221685182 5879297 328505612
78 0 106578175 5879297 221985084 5879297 328563259
79 0 106352513 5879297 222259986 5879297 328612499
80 0 106118239 5879297 222553259 5879297 328671498
81 0 106606805 5879297 222859216 5879297 329466021
82 0 106380864 5879297 223145785 5879297 329526649
83 0 106152498 5879297 223433224 5879297 329585722
84 0 105915688 5879297 223718478 5879297 329634166
85 0 105678544 5879297 224012787 5879297 329691331
86 0 105445326 5879297 224296393 5879297 329741719
87 0 105214960 5879297 224592184 5879297 329807144
88 0 104981427 5879297 224880920 5879297 329862347
89 0 104771153 5879297 225160285 5879297 329931438
90 0 104520824 5879297 225460483 5879297 329981307
91 0 104326716 5879297 225743719 5879297 330070435
92 0 104067370 5879297 226053065 5879297 330120435
93 0 103837097 5879297 226341596 5879297 330178693
94 0 103617878 5879297 226616425 5879297 330234303
95 0 103387975 5879297 226903271 5879297 330291246
96 0 103149165 5879297 227191525 5879297 330340690
97 0 102911077 5879297 227487075 5879297 330398152
98 0 102681469 5879297 227765348 5879297 330446817
99 0 102451641 5879297 228052861 5879297 330504502
100 0 102218977 5879297 228340301 5879297 330559278
101 0 101966501 5879297 228645591 5879297 330612092
102 0 101714136 5879297 228946826 5879297 330660962
103 0 101494102 5879297 229225840 5879297 330719942
104 0 101261384 5879297 229512594 5879297 330773978
105 0 101035518 5879297 229796644 5879297 330832162
106 0 100690136 5879297 230192618 5879297 330882754
107 0 100459566 5879297 230485039 5879297 330944605
108 0 100235718 5879297 230765941 5879297 331001659
109 0 99972575 5879297 231078102 5879297 331050677
110 0 99756171 5879297 231353171 5879297 331109342
111 0 99531990 5879297 231626314 5879297 331158304
112 0 99280439 5879297 231939735 5879297 331220174
113 0 99057925 5879297 232214100 5879297 331272025
114 0 98841818 5879297 232502113 5879297 331343931
115 0 98582192 5879297 232813367 5879297 331395559
116 0 98347049 5879297 233106472 5879297 331453521
117 0 98114423 5879297 233390060 5879297 331504483
118 0 97885853 5879297 233681740 5879297 331567593
119 0 97648654 5879297 233968957 5879297 331617611
120 0 97430121 5879297 234245618 5879297 331675739
121 0 97191533 5879297 234543131 5879297 331734664
122 0 96964074 5879297 234820626 5879297 331784700
123 0 96728985 5879297 235113288 5879297 331842273
124 0 96498767 5879297 235398005 5879297 331896772
125 0 96277049 5879297 235679722 5879297 331956771
126 0 96040887 5879297 235966698 5879297 332007585
127 0 95799447 5879297 236270711 5879297 332070158
128 0 95553804 5879297 236567353 5879297 332121157
