1 0 16658304 1121406 611192393 1121406 627850697
2 0 15601694 1121406 612444073 1121406 628045767
3 0 15158296 1121406 613058579 1121406 628216875
4 0 14762044 1121406 613636827 1121406 628398871
5 0 14335422 1121406 614219390 1121406 628554812
6 0 13938764 1121406 614778434 1121406 628717198
7 0 13562771 1121406 615319350 1121406 628882121
8 0 13186019 1121406 615862654 1121406 629048673
1 0 13758341 1121438 406437147 1121438 420195488
2 0 12995356 1121438 407397906 1121438 420393262
3 0 12704547 1121438 407864193 1121438 420568740
4 0 12439497 1121438 408302370 1121438 420741867
5 0 12172576 1121438 408732769 1121438 420905345
6 0 11916766 1121438 409156057 1121438 421072823
7 0 11675994 1121438 409560993 1121438 421236987
8 0 11595365 1121438 409973152 1121438 421568517
1 0 13877968 1121470 206399848 1121470 220277816
2 0 13110669 1121470 207366995 1121470 220477664
3 0 12826526 1121470 207829320 1121470 220655846
4 0 12558772 1121470 208269626 1121470 220828398
5 0 12293129 1121470 208701599 1121470 220994728
6 0 12039727 1121470 209123776 1121470 221163503
7 0 11802398 1121470 209524564 1121470 221326962
8 0 11558033 1121470 209933167 1121470 221491200
1 0 14852746 1121502 8609190 1121502 23461936
2 0 14109001 1121502 9705132 1121502 23814133
3 0 13736379 1121502 10346675 1121502 24083054
4 0 13439478 1121502 10901997 1121502 24341475
5 0 13141853 1121502 11452320 1121502 24594173
6 0 12869618 1121502 11976291 1121502 24845909
7 0 12612697 1121502 12485670 1121502 25098367
8 0 12340055 1121502 13006567 1121502 25346622
1 0 16677377 1121533 841057422 1121533 857734799
2 0 15673119 1121533 842266861 1121533 857939980
3 0 15232813 1121533 842886701 1121533 858119514
4 0 14897263 1121533 843449857 1121533 858347120
5 0 14498308 1121533 844018735 1121533 858517043
6 0 14108409 1121533 844578279 1121533 858686688
7 0 13737453 1121533 845117083 1121533 858854536
8 0 13365793 1121533 845662925 1121533 859028718
1 0 18078591 1121565 621428136 1121565 639506727
2 0 17074962 1121565 622691889 1121565 639766851
3 0 16712210 1121565 623283563 1121565 639995773
4 0 16452326 1121565 623853644 1121565 640305970
5 0 16083499 1121565 624439374 1121565 640522873
6 0 15751839 1121565 624988752 1121565 640740591
7 0 15440956 1121565 625520038 1121565 640960994
8 0 15120814 1121565 626061120 1121565 641181934
1 0 14740008 1121597 418944198 1121597 433684206
2 0 13952652 1121597 420067954 1121597 434020606
3 0 13627714 1121597 420663183 1121597 434290897
4 0 13348480 1121597 421203283 1121597 434551763
5 0 13056430 1121597 421746402 1121597 434802832
6 0 12784009 1121597 422274725 1121597 435058734
7 0 12528662 1121597 422785549 1121597 435314211
8 0 12264056 1121597 423301465 1121597 435565521
1 0 16621063 1121629 201341997 1121629 217963060
2 0 15554362 1121629 202611972 1121629 218166334
3 0 15139870 1121629 203203756 1121629 218343626
4 0 14738822 1121629 203781245 1121629 218520067
5 0 14330979 1121629 204356530 1121629 218687509
6 0 13935634 1121629 204920001 1121629 218855635
7 0 13572234 1121629 205453527 1121629 219025761
8 0 13198149 1121629 205998498 1121629 219196647
1 0 18136126 1121661 21087449 1121661 39223575
2 0 17183756 1121661 22300814 1121661 39484570
3 0 16810541 1121661 22908135 1121661 39718676
4 0 16496417 1121661 23475328 1121661 39971745
5 0 16313439 1121661 24041002 1121661 40354441
6 0 15978631 1121661 24604528 1121661 40583159
7 0 15676952 1121661 25132684 1121661 40809636
8 0 15980983 1121661 25676285 1121661 41657268
1 0 18040109 1121692 831135530 1121692 849175639
2 0 17059018 1121692 832370154 1121692 849429172
3 0 16693303 1121692 832966216 1121692 849659519
4 0 16330125 1121692 833553223 1121692 849883348
5 0 16013389 1121692 834131694 1121692 850145083
6 0 15671323 1121692 834701330 1121692 850372653
7 0 15363551 1121692 835227005 1121692 850590556
8 0 15023002 1121692 835768828 1121692 850791830
