1 0 25238987 1121724 651631827 1121724 676870814
2 0 24304542 1121724 652820582 1121724 677125124
3 0 23905939 1121724 653458143 1121724 677364082
4 0 23513150 1121724 654061428 1121724 677574578
5 0 23169231 1121724 654627009 1121724 677796240
6 0 22855459 1121724 655162684 1121724 678018143
7 0 22503448 1121724 655717247 1121724 678220695
8 0 22190435 1121724 656261607 1121724 678452042
9 0 21912885 1121724 656787541 1121724 678700426
10 0 21575670 1121724 657345178 1121724 678920848
11 0 21252157 1121724 657868909 1121724 679121066
12 0 20919349 1121724 658418676 1121724 679338025
13 0 20598300 1121724 658955202 1121724 679553502
14 0 20289381 1121724 659472747 1121724 679762128
15 0 19912480 1121724 660073662 1121724 679986142
16 0 19603320 1121724 660646743 1121724 680250063
1 0 25521463 1121756 462168942 1121756 487690405
2 0 24523982 1121756 463420492 1121756 487944474
3 0 24134582 1121756 464050813 1121756 488185395
4 0 23734943 1121756 464657930 1121756 488392873
5 0 23389838 1121756 465220956 1121756 488610794
6 0 23064530 1121756 465764686 1121756 488829216
7 0 22716370 1121756 466328916 1121756 489045286
8 0 22386913 1121756 466872850 1121756 489259763
9 0 22106215 1121756 467396377 1121756 489502592
10 0 21767518 1121756 467953255 1121756 489720773
11 0 21447969 1121756 468474059 1121756 489922028
12 0 21162437 1121756 469017493 1121756 490179930
13 0 20834554 1121756 469568964 1121756 490403518
14 0 20399953 1121756 470230654 1121756 490630607
15 0 20016385 1121756 470811958 1121756 490828343
16 0 19686448 1121756 471363817 1121756 491050265
1 0 23873921 1121788 246796650 1121788 270670571
2 0 23186082 1121788 247739706 1121788 270925788
3 0 22943384 1121788 248224770 1121788 271168154
4 0 22708352 1121788 248684020 1121788 271392372
5 0 22487560 1121788 249107956 1121788 271595516
6 0 22301638 1121788 249515374 1121788 271817012
7 0 22101641 1121788 249929607 1121788 272031248
8 0 21792406 1121788 250451893 1121788 272244299
9 0 21623262 1121788 250867385 1121788 272490647
10 0 21412395 1121788 251296414 1121788 272708809
11 0 21209400 1121788 251696424 1121788 272905824
12 0 20925701 1121788 252195359 1121788 273121060
13 0 20585800 1121788 252753311 1121788 273339111
14 0 20294547 1121788 253275338 1121788 273569885
15 0 19935480 1121788 253832345 1121788 273767825
16 0 19601764 1121788 254386038 1121788 273987802
1 0 20824110 1121820 47051711 1121820 67875821
2 0 20066014 1121820 48018359 1121820 68084373
3 0 19720651 1121820 48578199 1121820 68298850
4 0 19412638 1121820 49057579 1121820 68470217
5 0 19126199 1121820 49549310 1121820 68675509
6 0 18882408 1121820 49973376 1121820 68855784
7 0 18539970 1121820 50519865 1121820 69059835
8 0 18282716 1121820 50953449 1121820 69236165
9 0 18059590 1121820 51403348 1121820 69462938
10 0 17793318 1121820 51846524 1121820 69639842
11 0 17530861 1121820 52287756 1121820 69818617
12 0 17274180 1121820 52716766 1121820 69990946
13 0 17049036 1121820 53184035 1121820 70233071
14 0 16853355 1121820 53593897 1121820 70447252
15 0 16545805 1121820 54063370 1121820 70609175
16 0 16295292 1121820 54497083 1121820 70792375
1 0 25359040 1121851 831213949 1121851 856572989
2 0 24361282 1121851 832463684 1121851 856824966
3 0 23993789 1121851 833069857 1121851 857063646
4 0 23604149 1121851 833683993 1121851 857288142
5 0 23240897 1121851 834249667 1121851 857490564
6 0 22919291 1121851 834789768 1121851 857709059
7 0 22592206 1121851 835336516 1121851 857928722
8 0 22269749 1121851 835870598 1121851 858140347
9 0 21995865 1121851 836386792 1121851 858382657
10 0 21658223 1121851 836938263 1121851 858596486
11 0 21342730 1121851 837451234 1121851 858793964
12 0 21014347 1121851 837990057 1121851 859004404
13 0 20691317 1121851 838527102 1121851 859218419
14 0 20392600 1121851 839046166 1121851 859438766
15 0 20044311 1121851 839595488 1121851 859639799
16 0 19569116 1121851 840280364 1121851 859849480
1 0 19732151 1121883 656542815 1121883 676274966
2 0 18968036 1121883 657500722 1121883 676468758
3 0 18677282 1121883 657984917 1121883 676662199
4 0 18383121 1121883 658447093 1121883 676830214
5 0 18111756 1121883 658870103 1121883 676981859
6 0 17869261 1121883 659275521 1121883 677144782
7 0 17615506 1121883 659690902 1121883 677306408
8 0 17305438 1121883 660158541 1121883 677463979
9 0 17071425 1121883 660578366 1121883 677649791
10 0 16799838 1121883 661009857 1121883 677809695
11 0 16548305 1121883 661410850 1121883 677959155
12 0 16282866 1121883 661834952 1121883 678117818
13 0 16028871 1121883 662249537 1121883 678278408
14 0 15806876 1121883 662639603 1121883 678446479
15 0 15538269 1121883 663054762 1121883 678593031
16 0 15286053 1121883 663470105 1121883 678756158
1 0 25441186 1121915 431258886 1121915 456700072
2 0 24477002 1121915 432473065 1121915 456950067
3 0 24106417 1121915 433082257 1121915 457188674
4 0 23714017 1121915 433695245 1121915 457409262
5 0 23347264 1121915 434265179 1121915 457612443
6 0 23026290 1121915 434807612 1121915 457833902
7 0 22667074 1121915 435370083 1121915 458037157
8 0 22348580 1121915 435915276 1121915 458263856
9 0 22063901 1121915 436442691 1121915 458506592
10 0 21718537 1121915 437000940 1121915 458719477
11 0 21395229 1121915 437522355 1121915 458917584
12 0 21059606 1121915 438069604 1121915 459129210
13 0 20724501 1121915 438618908 1121915 459343409
14 0 20411008 1121915 439138453 1121915 459549461
15 0 20065532 1121915 439694591 1121915 459760123
16 0 19602116 1121915 440378948 1121915 459981064
1 0 25135489 1121947 220639992 1121947 245775481
2 0 24182026 1121947 221848820 1121947 246030846
3 0 23809960 1121947 222462252 1121947 246272212
4 0 23414930 1121947 223064241 1121947 246479171
5 0 23081993 1121947 223618396 1121947 246700389
6 0 22768961 1121947 224150849 1121947 246919810
7 0 22424153 1121947 224710060 1121947 247134213
8 0 22092345 1121947 225254198 1121947 247346543
9 0 21820239 1121947 225769854 1121947 247590093
10 0 21485856 1121947 226321955 1121947 247807811
11 0 21168308 1121947 226835333 1121947 248003641
12 0 20848333 1121947 227367841 1121947 248216174
13 0 20518357 1121947 227908794 1121947 248427151
14 0 20226048 1121947 228425154 1121947 248651202
15 0 19875574 1121947 228969495 1121947 248845069
16 0 19551525 1121947 229513077 1121947 249064602
1 0 19349528 1121979 36655751 1121979 56005279
2 0 18594247 1121979 37604899 1121979 56199146
3 0 18305123 1121979 38075223 1121979 56380346
4 0 18013777 1121979 38535788 1121979 56549565
5 0 17746190 1121979 38955613 1121979 56701803
6 0 17500935 1121979 39368272 1121979 56869207
7 0 17246977 1121979 39785190 1121979 57032167
8 0 16926983 1121979 40262588 1121979 57189571
9 0 16698580 1121979 40676228 1121979 57374808
10 0 16431641 1121979 41104238 1121979 57535879
11 0 16188608 1121979 41497101 1121979 57685709
12 0 15931188 1121979 41913666 1121979 57844854
13 0 15673304 1121979 42330288 1121979 58003592
14 0 15448419 1121979 42723984 1121979 58172403
15 0 15180518 1121979 43138846 1121979 58319364
16 0 15234701 1121979 43558005 1121979 58792706
1 0 19299770 1122010 846560618 1122010 865860388
2 0 18554544 1122010 847498174 1122010 866052718
3 0 18254902 1122010 847980979 1122010 866235881
4 0 17946759 1122010 848444748 1122010 866391507
5 0 17683598 1122010 848874610 1122010 866558208
6 0 17441122 1122010 849283194 1122010 866724316
7 0 17178330 1122010 849700483 1122010 866878813
8 0 16876892 1122010 850175325 1122010 867052217
9 0 16629766 1122010 850606891 1122010 867236657
10 0 16359884 1122010 851041030 1122010 867400914
11 0 16113869 1122010 851437560 1122010 867551429
12 0 15866986 1122010 851848440 1122010 867715426
13 0 15617453 1122010 852259803 1122010 867877256
14 0 15374884 1122010 852657425 1122010 868032309
15 0 15107555 1122010 853083750 1122010 868191305
16 0 14859987 1122010 853497797 1122010 868357784
