1 0 33395439 1122042 652049486 1122042 685444925
2 0 32573935 1122042 653095133 1122042 685669068
3 0 32242295 1122042 653644140 1122042 685886435
4 0 31970782 1122042 654083409 1122042 686054191
5 0 31706582 1122042 654556271 1122042 686262853
6 0 31467031 1122042 654981059 1122042 686448090
7 0 31188389 1122042 655459401 1122042 686647790
8 0 30935320 1122042 655887096 1122042 686822416
9 0 30687917 1122042 656336773 1122042 687024690
10 0 30443904 1122042 656754931 1122042 687198835
11 0 30197056 1122042 657201293 1122042 687398349
12 0 29975949 1122042 657628007 1122042 687603956
13 0 29680993 1122042 658086479 1122042 687767472
14 0 29433294 1122042 658513471 1122042 687946765
15 0 29183965 1122042 658971740 1122042 688155705
16 0 28958637 1122042 659396620 1122042 688355257
17 0 28681142 1122042 659835463 1122042 688516605
18 0 28383814 1122042 660312399 1122042 688696213
19 0 28125486 1122042 660788704 1122042 688914190
20 0 27858861 1122042 661217918 1122042 689076779
21 0 27600348 1122042 661676983 1122042 689277331
22 0 27289798 1122042 662158233 1122042 689448031
23 0 27009767 1122042 662623613 1122042 689633380
24 0 26781716 1122042 663054419 1122042 689836135
25 0 26728754 1122042 663493466 1122042 690222220
26 0 26522832 1122042 663915124 1122042 690437956
27 0 26212505 1122042 664402244 1122042 690614749
28 0 25966140 1122042 664835180 1122042 690801320
29 0 25712959 1122042 665289857 1122042 691002816
30 0 25482723 1122042 665697663 1122042 691180386
31 0 25219543 1122042 666150377 1122042 691369920
32 0 24958159 1122042 666583146 1122042 691541305
1 0 42558185 1122104 471417378 1122104 513975563
2 0 41394152 1122104 472744426 1122104 514138578
3 0 40855181 1122104 473412857 1122104 514268038
4 0 40393894 1122104 474008753 1122104 514402647
5 0 39869552 1122104 474656629 1122104 514526181
6 0 39442061 1122104 475205674 1122104 514647735
7 0 38940330 1122104 475832847 1122104 514773177
8 0 38508893 1122104 476398799 1122104 514907692
9 0 38039311 1122104 476989435 1122104 515028746
10 0 37583282 1122104 477564128 1122104 515147410
11 0 37107828 1122104 478183838 1122104 515291666
12 0 36677874 1122104 478743438 1122104 515421312
13 0 36214383 1122104 479341445 1122104 515555828
14 0 35775929 1122104 479898767 1122104 515674696
15 0 35233939 1122104 480586328 1122104 515820267
16 0 34798559 1122104 481155094 1122104 515953653
17 0 34325976 1122104 481737657 1122104 516063633
18 0 33902577 1122104 482305553 1122104 516208130
19 0 33412438 1122104 482916986 1122104 516329424
20 0 32985817 1122104 483472956 1122104 516458773
21 0 32499308 1122104 484079852 1122104 516579160
22 0 31979392 1122104 484718932 1122104 516698324
23 0 31512846 1122104 485331957 1122104 516844803
24 0 31062336 1122104 485894483 1122104 516956819
25 0 30615252 1122104 486471101 1122104 517086353
26 0 30171983 1122104 487033090 1122104 517205073
27 0 29668104 1122104 487667208 1122104 517335312
28 0 29230687 1122104 488231067 1122104 517461754
29 0 28781862 1122104 488823018 1122104 517604880
30 0 28361796 1122104 489363508 1122104 517725304
31 0 27896657 1122104 489955848 1122104 517852505
32 0 27345261 1122104 490626520 1122104 517971781
1 0 41487391 1122166 267180253 1122166 308667644
2 0 40820441 1122166 268139104 1122166 308959545
3 0 40580113 1122166 268670686 1122166 309250799
4 0 40393487 1122166 269100400 1122166 309493887
5 0 40186657 1122166 269567336 1122166 309753993
6 0 39995068 1122166 269997994 1122166 309993062
7 0 39767424 1122166 270556446 1122166 310323870
8 0 39607539 1122166 270986641 1122166 310594180
9 0 39379506 1122166 271448614 1122166 310828120
10 0 39212583 1122166 271880050 1122166 311092633
11 0 38996347 1122166 272330726 1122166 311327073
12 0 38850017 1122166 272753662 1122166 311603679
13 0 38465321 1122166 273357002 1122166 311822323
14 0 38168252 1122166 273924676 1122166 312092928
15 0 37815241 1122166 274527164 1122166 312342405
16 0 37508006 1122166 275081913 1122166 312589919
17 0 37155791 1122166 275665864 1122166 312821655
18 0 36871018 1122166 276223224 1122166 313094242
19 0 36482618 1122166 276827416 1122166 313310034
20 0 36193273 1122166 277383812 1122166 313577085
21 0 35814076 1122166 277994985 1122166 313809061
22 0 35439102 1122166 278634139 1122166 314073241
23 0 35041295 1122166 279246109 1122166 314287404
24 0 34745023 1122166 279811024 1122166 314556047
25 0 34344865 1122166 280459344 1122166 314804209
26 0 34046277 1122166 281026315 1122166 315072592
27 0 33625693 1122166 281674210 1122166 315299903
28 0 33332995 1122166 282241347 1122166 315574342
29 0 32985150 1122166 282833261 1122166 315818411
30 0 32692378 1122166 283372065 1122166 316064443
31 0 32309368 1122166 283983886 1122166 316293254
32 0 31962744 1122166 284590504 1122166 316553248
1 0 33136036 1122228 57944246 1122228 91080282
2 0 32377477 1122228 58925467 1122228 91302944
3 0 32029113 1122228 59457420 1122228 91486533
4 0 31781618 1122228 59894337 1122228 91675955
5 0 31319090 1122228 60536510 1122228 91855600
6 0 31088428 1122228 60968168 1122228 92056596
7 0 30773027 1122228 61453677 1122228 92226704
8 0 30538920 1122228 61890687 1122228 92429607
9 0 30246611 1122228 62357474 1122228 92604085
10 0 30015653 1122228 62786262 1122228 92801915
11 0 29731954 1122228 63246735 1122228 92978689
12 0 29522533 1122228 63670319 1122228 93192852
13 0 29222723 1122228 64135588 1122228 93358311
14 0 28991043 1122228 64567246 1122228 93558289
15 0 28715363 1122228 65029774 1122228 93745137
16 0 28490738 1122228 65459969 1122228 93950707
17 0 28211188 1122228 65902201 1122228 94113389
18 0 27979249 1122228 66339470 1122228 94318719
19 0 27686309 1122228 66807054 1122228 94493363
20 0 27451758 1122228 67228231 1122228 94679989
21 0 27158302 1122228 67696499 1122228 94854801
22 0 26867029 1122228 68183249 1122228 95050278
23 0 26611294 1122228 68644536 1122228 95255830
24 0 26341910 1122228 69077083 1122228 95418993
25 0 26063730 1122228 69526297 1122228 95590027
26 0 25840031 1122228 69951085 1122228 95791116
27 0 25448742 1122228 70508315 1122228 95957057
28 0 25203173 1122228 70960639 1122228 96163812
29 0 24919623 1122228 71426056 1122228 96345679
30 0 24700072 1122228 71845955 1122228 96546027
31 0 24344115 1122228 72361964 1122228 96706079
32 0 24082343 1122228 72824640 1122228 96906983
1 0 30008838 1122289 856819856 1122289 886828694
2 0 29281704 1122289 857758615 1122289 887040319
3 0 28982377 1122289 858229624 1122289 887212001
4 0 28723474 1122289 858644320 1122289 887367794
5 0 28474664 1122289 859060590 1122289 887535254
6 0 28232502 1122289 859470582 1122289 887703084
7 0 27974433 1122289 859896240 1122289 887870673
8 0 27656476 1122289 860378916 1122289 888035392
9 0 27401945 1122289 860796222 1122289 888198167
10 0 27151561 1122289 861206844 1122289 888358405
11 0 26911195 1122289 861610577 1122289 888521772
12 0 26658626 1122289 862016013 1122289 888674639
13 0 26413557 1122289 862435338 1122289 888848895
14 0 26166265 1122289 862848164 1122289 889014429
15 0 25923566 1122289 863260674 1122289 889184240
16 0 25664775 1122289 863671629 1122289 889336404
17 0 25430780 1122289 864065343 1122289 889496123
18 0 25201599 1122289 864478428 1122289 889680027
19 0 24940401 1122289 864888938 1122289 889829339
20 0 24688572 1122289 865302338 1122289 889990910
21 0 24508205 1122289 865711904 1122289 890220109
22 0 24194137 1122289 866191691 1122289 890385828
23 0 23930272 1122289 866604701 1122289 890534973
24 0 23691091 1122289 867010786 1122289 890701877
25 0 23446373 1122289 867417519 1122289 890863892
26 0 23191564 1122289 867819955 1122289 891011519
27 0 22920903 1122289 868263298 1122289 891184201
28 0 22681500 1122289 868674920 1122289 891356420
29 0 22450542 1122289 869076986 1122289 891527528
30 0 22203658 1122289 869470515 1122289 891674173
31 0 21960607 1122289 869874489 1122289 891835096
32 0 21583836 1122289 870413312 1122289 891997148
1 0 39547317 1122351 671438765 1122351 710986082
2 0 38584985 1122351 672675666 1122351 711260651
3 0 38205751 1122351 673288599 1122351 711494350
4 0 37866388 1122351 673852754 1122351 711719142
5 0 37507173 1122351 674417465 1122351 711924638
6 0 37191642 1122351 674954455 1122351 712146097
7 0 36854963 1122351 675513907 1122351 712368870
8 0 36501692 1122351 676055526 1122351 712557218
9 0 36083737 1122351 676583905 1122351 712667642
10 0 35656820 1122351 677125098 1122351 712781918
11 0 35245105 1122351 677649773 1122351 712894878
12 0 34829559 1122351 678182336 1122351 713011895
13 0 34381048 1122351 678733011 1122351 713114059
14 0 33953594 1122351 679272130 1122351 713225724
15 0 33541768 1122351 679812601 1122351 713354369
16 0 33054834 1122351 680403663 1122351 713458497
17 0 32641361 1122351 680929634 1122351 713570995
18 0 32213480 1122351 681474975 1122351 713688455
19 0 31780563 1122351 682020205 1122351 713800768
20 0 31339997 1122351 682562084 1122351 713902081
21 0 30914950 1122351 683098721 1122351 714013671
22 0 30413404 1122351 683710876 1122351 714124280
23 0 29976654 1122351 684251291 1122351 714227945
24 0 29549736 1122351 684792744 1122351 714342480
25 0 29141799 1122351 685308993 1122351 714450792
26 0 28717345 1122351 685845890 1122351 714563235
27 0 28243354 1122351 686426323 1122351 714669677
28 0 27814363 1122351 686971738 1122351 714786101
29 0 27398204 1122351 687502783 1122351 714900987
30 0 26974861 1122351 688026680 1122351 715001541
31 0 26542221 1122351 688567670 1122351 715109891
32 0 26109618 1122351 689109196 1122351 715218814
1 0 30515161 1122413 487030631 1122413 517545792
2 0 29784916 1122413 487973724 1122413 517758640
3 0 29483126 1122413 488452196 1122413 517935322
4 0 29223909 1122413 488871873 1122413 518095782
5 0 28980321 1122413 489282939 1122413 518263260
6 0 28738270 1122413 489690190 1122413 518428460
7 0 28426017 1122413 490181736 1122413 518607753
8 0 28159560 1122413 490612153 1122413 518771713
9 0 27919083 1122413 491016219 1122413 518935302
10 0 27666328 1122413 491429230 1122413 519095558
11 0 27418778 1122413 491841981 1122413 519260759
12 0 27193486 1122413 492239140 1122413 519432626
13 0 26922546 1122413 492661058 1122413 519583604
14 0 26675551 1122413 493078661 1122413 519754212
15 0 26438204 1122413 493487449 1122413 519925653
16 0 26274171 1122413 493895885 1122413 520170056
17 0 26056767 1122413 494285748 1122413 520342515
18 0 25815309 1122413 494698629 1122413 520513938
19 0 25557518 1122413 495107787 1122413 520665305
20 0 25308690 1122413 495519316 1122413 520828006
21 0 25066139 1122413 495925197 1122413 520991336
22 0 24755070 1122413 496399781 1122413 521154851
23 0 24499316 1122413 496806643 1122413 521305959
24 0 24256525 1122413 497218561 1122413 521475086
25 0 24028881 1122413 497610294 1122413 521639175
26 0 23786108 1122413 498015805 1122413 521801913
27 0 23506577 1122413 498455092 1122413 521961669
28 0 23264915 1122413 498870195 1122413 522135110
29 0 23030919 1122413 499273354 1122413 522304273
30 0 22780110 1122413 499672531 1122413 522452641
31 0 22411505 1122413 500215058 1122413 522626563
32 0 22141233 1122413 500644790 1122413 522786023
1 0 30738800 1122475 266774985 1122475 297513785
2 0 30002332 1122475 267722522 1122475 297724854
3 0 29694616 1122475 268206531 1122475 297901147
4 0 29424214 1122475 268635189 1122475 298059403
5 0 29173182 1122475 269052459 1122475 298225641
6 0 28891058 1122475 269500005 1122475 298391063
7 0 28626434 1122475 269930997 1122475 298557431
8 0 28263070 1122475 270461968 1122475 298725038
9 0 28009631 1122475 270877867 1122475 298887498
10 0 27756729 1122475 271290155 1122475 299046884
11 0 27504345 1122475 271705443 1122475 299209788
12 0 27281442 1122475 272101583 1122475 299383025
13 0 27017744 1122475 272523223 1122475 299540967
14 0 26766934 1122475 272935215 1122475 299702149
15 0 26516698 1122475 273355114 1122475 299871812
16 0 26334739 1122475 273768180 1122475 300102919
17 0 26097558 1122475 274163913 1122475 300261471
18 0 25861081 1122475 274575035 1122475 300436116
19 0 25605901 1122475 274992841 1122475 300598742
20 0 25348480 1122475 275397055 1122475 300745535
21 0 25102097 1122475 275803232 1122475 300905329
22 0 24784510 1122475 276279945 1122475 301064455
23 0 24543663 1122475 276689659 1122475 301233322
24 0 24289464 1122475 277100596 1122475 301390060
25 0 24055950 1122475 277492088 1122475 301548038
26 0 23797992 1122475 277909432 1122475 301707424
27 0 23516405 1122475 278348534 1122475 301864939
28 0 23276373 1122475 278759155 1122475 302035528
29 0 23037600 1122475 279165555 1122475 302203155
30 0 22797827 1122475 279563565 1122475 302361392
31 0 22530962 1122475 279976057 1122475 302507019
32 0 22218635 1122475 280445733 1122475 302664368
1 0 39458275 1122537 48789972 1122537 88248247
2 0 38421407 1122537 50101316 1122537 88522723
3 0 38017693 1122537 50734396 1122537 88752089
4 0 37672089 1122537 51286052 1122537 88958141
5 0 37344058 1122537 51836597 1122537 89180655
6 0 37027750 1122537 52369234 1122537 89396984
7 0 36686442 1122537 52933612 1122537 89620054
8 0 36360893 1122537 53475916 1122537 89836809
9 0 36084380 1122537 54014646 1122537 90099026
10 0 35761720 1122537 54557598 1122537 90319318
11 0 35451837 1122537 55086421 1122537 90538258
12 0 35146658 1122537 55621299 1122537 90767957
13 0 34792960 1122537 56174548 1122537 90967508
14 0 34464949 1122537 56716722 1122537 91181671
15 0 34155195 1122537 57260119 1122537 91415314
16 0 33816516 1122537 57798294 1122537 91614810
17 0 33510875 1122537 58315339 1122537 91826214
18 0 33191325 1122537 58856273 1122537 92047598
19 0 32846869 1122537 59398114 1122537 92244983
20 0 32523969 1122537 59935899 1122537 92459868
21 0 32145384 1122537 60532017 1122537 92677401
22 0 31739410 1122537 61151709 1122537 92891119
23 0 31393195 1122537 61694105 1122537 93087300
24 0 31073719 1122537 62235558 1122537 93309277
25 0 30770892 1122537 62753288 1122537 93524180
26 0 30431232 1122537 63290611 1122537 93721843
27 0 30076757 1122537 63867637 1122537 93944394
28 0 29755523 1122537 64413070 1122537 94168593
29 0 29449029 1122537 64942541 1122537 94391570
30 0 29111813 1122537 65473105 1122537 94584918
31 0 28793857 1122537 66002576 1122537 94796433
32 0 28513529 1122537 66511251 1122537 95024780
1 0 30070999 1122598 887404359 1122598 917475358
2 0 29317273 1122598 888368118 1122598 917685391
3 0 29026668 1122598 888836608 1122598 917863276
4 0 28765673 1122598 889255841 1122598 918021514
5 0 28513511 1122598 889676277 1122598 918189788
6 0 28199888 1122598 890155545 1122598 918355433
7 0 27920875 1122598 890603740 1122598 918524615
8 0 27668250 1122598 891021361 1122598 918689611
9 0 27423421 1122598 891431002 1122598 918854423
10 0 27170204 1122598 891844308 1122598 919014512
11 0 26932580 1122598 892248059 1122598 919180639
12 0 26696973 1122598 892656792 1122598 919353765
13 0 26424163 1122598 893080210 1122598 919504373
14 0 26176668 1122598 893496868 1122598 919673536
15 0 25926673 1122598 893906101 1122598 919832774
16 0 25661178 1122598 894320889 1122598 919982067
17 0 25479182 1122598 894721529 1122598 920200711
18 0 25232057 1122598 895140984 1122598 920373041
19 0 24979711 1122598 895562068 1122598 920541779
20 0 24713901 1122598 895977078 1122598 920690979
21 0 24468646 1122598 896384404 1122598 920853050
22 0 24154060 1122598 896860228 1122598 921014288
23 0 23888880 1122598 897275312 1122598 921164192
24 0 23641645 1122598 897690711 1122598 921332356
25 0 23406149 1122598 898086611 1122598 921492760
26 0 23152542 1122598 898500992 1122598 921653534
27 0 22857697 1122598 898943631 1122598 921801328
28 0 22606091 1122598 899362400 1122598 921968491
29 0 22364966 1122598 899767485 1122598 922132451
30 0 22076824 1122598 900213698 1122598 922290522
31 0 21816106 1122598 900637672 1122598 922453778
32 0 22190840 1122598 901038682 1122598 923229522
