1 0 68063213 1122660 658527349 1122660 726590562
2 0 67119638 1122660 659753825 1122660 726873463
3 0 66607648 1122660 660503014 1122660 727110662
4 0 66257581 1122660 661056114 1122660 727313695
5 0 65918273 1122660 661612140 1122660 727530413
6 0 65601206 1122660 662145629 1122660 727746835
7 0 65193880 1122660 662753025 1122660 727946905
8 0 64859146 1122660 663312792 1122660 728171938
9 0 64558337 1122660 663840022 1122660 728398359
10 0 64213493 1122660 664387881 1122660 728601374
11 0 63890407 1122660 664924537 1122660 728814944
12 0 63576671 1122660 665449194 1122660 729025865
13 0 63216271 1122660 666005350 1122660 729221621
14 0 62920666 1122660 666533043 1122660 729453709
15 0 62584006 1122660 667064292 1122660 729648298
16 0 62268531 1122660 667595596 1122660 729864127
17 0 61999166 1122660 668113789 1122660 730112955
18 0 61665579 1122660 668651742 1122660 730317321
19 0 61326013 1122660 669206749 1122660 730532762
20 0 61019944 1122660 669736350 1122660 730756294
21 0 60578489 1122660 670376523 1122660 730955012
22 0 60156943 1122660 671020158 1122660 731177101
23 0 59820450 1122660 671568443 1122660 731388893
24 0 59482327 1122660 672115247 1122660 731597574
25 0 59227628 1122660 672634330 1122660 731861958
26 0 58906967 1122660 673170690 1122660 732077657
27 0 58565066 1122660 673707920 1122660 732272986
28 0 58250258 1122660 674236372 1122660 732486630
29 0 57935857 1122660 674765195 1122660 732701052
30 0 57615474 1122660 675281111 1122660 732896585
31 0 57310314 1122660 675816526 1122660 733126840
32 0 56998264 1122660 676354627 1122660 733352891
33 0 56681233 1122660 676882413 1122660 733563646
34 0 56333000 1122660 677430772 1122660 733763772
35 0 55965766 1122660 678004631 1122660 733970397
36 0 55617810 1122660 678560491 1122660 734178301
37 0 55262614 1122660 679120035 1122660 734382649
38 0 54933713 1122660 679659154 1122660 734592867
39 0 54429130 1122660 680375807 1122660 734804937
40 0 54087748 1122660 680909074 1122660 734996822
41 0 53788290 1122660 681419194 1122660 735207484
42 0 53493685 1122660 681934424 1122660 735428109
43 0 53188006 1122660 682454655 1122660 735642661
44 0 52851828 1122660 682983385 1122660 735835213
45 0 52543408 1122660 683501523 1122660 736044931
46 0 52195859 1122660 684058308 1122660 736254167
47 0 51950049 1122660 684574946 1122660 736524995
48 0 51632315 1122660 685088047 1122660 736720362
49 0 51275470 1122660 685653351 1122660 736928821
50 0 50965958 1122660 686186229 1122660 737152187
51 0 50649982 1122660 686698386 1122660 737348368
52 0 50338989 1122660 687221301 1122660 737560290
53 0 50036809 1122660 687742791 1122660 737779600
54 0 49732537 1122660 688239374 1122660 737971911
55 0 49402284 1122660 688780493 1122660 738182777
56 0 49109809 1122660 689281742 1122660 738391551
57 0 48788556 1122660 689812139 1122660 738600695
58 0 48405656 1122660 690386665 1122660 738792321
59 0 48126180 1122660 690897821 1122660 739024001
60 0 47812279 1122660 691420774 1122660 739233053
61 0 47500637 1122660 691943671 1122660 739444308
62 0 47183014 1122660 692454457 1122660 739637471
63 0 46868872 1122660 692980595 1122660 739849467
64 0 47059256 1122660 693489289 1122660 740548545
1 0 51299489 1122782 486857087 1122782 538156576
2 0 50551004 1122782 487819902 1122782 538370906
3 0 50261009 1122782 488276782 1122782 538537791
4 0 50013718 1122782 488693496 1122782 538707214
5 0 49755445 1122782 489117080 1122782 538872525
6 0 49496710 1122782 489527627 1122782 539024337
7 0 49236381 1122782 489952786 1122782 539189167
8 0 48850037 1122782 490509164 1122782 539359201
9 0 48598394 1122782 490923026 1122782 539521420
10 0 48355510 1122782 491342277 1122782 539697787
11 0 48115311 1122782 491749917 1122782 539865228
12 0 47883334 1122782 492168242 1122782 540051576
13 0 47626357 1122782 492595660 1122782 540222017
14 0 47397529 1122782 492995781 1122782 540393310
15 0 47156867 1122782 493398570 1122782 540555437
16 0 46910520 1122782 493806043 1122782 540716563
17 0 46662284 1122782 494202498 1122782 540864782
18 0 46412900 1122782 494615712 1122782 541028612
19 0 46140906 1122782 495046722 1122782 541187628
20 0 45892855 1122782 495453622 1122782 541346477
21 0 45647897 1122782 495861410 1122782 541509307
22 0 45317626 1122782 496351289 1122782 541668915
23 0 45071094 1122782 496754892 1122782 541825986
24 0 44809932 1122782 497176495 1122782 541986427
25 0 44585492 1122782 497569654 1122782 542155146
26 0 44323182 1122782 497981072 1122782 542304254
27 0 44082261 1122782 498380749 1122782 542463010
28 0 43841322 1122782 498784278 1122782 542625600
29 0 43581549 1122782 499190048 1122782 542771597
30 0 43343516 1122782 499589966 1122782 542933482
31 0 43105113 1122782 499997051 1122782 543102164
32 0 42796045 1122782 500482245 1122782 543278290
33 0 42559050 1122782 500879422 1122782 543438472
34 0 42250186 1122782 501347931 1122782 543598117
35 0 42031413 1122782 501742553 1122782 543773966
36 0 41755177 1122782 502169286 1122782 543924463
37 0 41453127 1122782 502637147 1122782 544090274
38 0 41193670 1122782 503055527 1122782 544249197
39 0 40926342 1122782 503481982 1122782 544408324
40 0 40655069 1122782 503901381 1122782 544556450
41 0 40417815 1122782 504297392 1122782 544715207
42 0 40196875 1122782 504687143 1122782 544884018
43 0 39949547 1122782 505079876 1122782 545029423
44 0 39711162 1122782 505475239 1122782 545186401
45 0 39473611 1122782 505871824 1122782 545345435
46 0 39238375 1122782 506267705 1122782 545506080
47 0 38992454 1122782 506658901 1122782 545651355
48 0 38757125 1122782 507052634 1122782 545809759
49 0 38527667 1122782 507441904 1122782 545969571
50 0 38292264 1122782 507834359 1122782 546126623
51 0 38066435 1122782 508218907 1122782 546285342
52 0 37825347 1122782 508618677 1122782 546444024
53 0 37605222 1122782 509009040 1122782 546614262
54 0 37373856 1122782 509389162 1122782 546763018
55 0 37118732 1122782 509800413 1122782 546919145
56 0 36867903 1122782 510223405 1122782 547091308
57 0 36604445 1122782 510635452 1122782 547239897
58 0 36371450 1122782 511030370 1122782 547401820
59 0 36122955 1122782 511447029 1122782 547569984
60 0 35898404 1122782 511867224 1122782 547765628
61 0 35668168 1122782 512247050 1122782 547915218
62 0 35422857 1122782 512652172 1122782 548075029
63 0 35200140 1122782 513037479 1122782 548237619
64 0 34963089 1122782 513421119 1122782 548384208
1 0 67052106 1122904 270576622 1122904 337628728
2 0 66104162 1122904 271800542 1122904 337904704
3 0 65734965 1122904 272396068 1122904 338131033
4 0 65410194 1122904 272936575 1122904 338346769
5 0 65076015 1122904 273492953 1122904 338568968
6 0 64762540 1122904 274024906 1122904 338787446
7 0 64406306 1122904 274585876 1122904 338992182
8 0 64069238 1122904 275140662 1122904 339209900
9 0 63741930 1122904 275669114 1122904 339411044
10 0 63436028 1122904 276217215 1122904 339653243
11 0 63123202 1122904 276754315 1122904 339877517
12 0 62863892 1122904 277273990 1122904 340137882
13 0 62539824 1122904 277826887 1122904 340366711
14 0 62251960 1122904 278349080 1122904 340601040
15 0 61939706 1122904 278875496 1122904 340815202
16 0 61627953 1122904 279404689 1122904 341032642
17 0 61322330 1122904 279925493 1122904 341247823
18 0 60930319 1122904 280518963 1122904 341449282
19 0 60570400 1122904 281095396 1122904 341665796
20 0 60236537 1122904 281625793 1122904 341862330
21 0 59881951 1122904 282212485 1122904 342094436
22 0 59471681 1122904 282839510 1122904 342311191
23 0 59146039 1122904 283376333 1122904 342522372
24 0 58823934 1122904 283913693 1122904 342737627
25 0 58521144 1122904 284431905 1122904 342953049
26 0 58209206 1122904 284967635 1122904 343176841
27 0 57852528 1122904 285523309 1122904 343375837
28 0 57555960 1122904 286033743 1122904 343589703
29 0 57241873 1122904 286565455 1122904 343807328
30 0 56936471 1122904 287071816 1122904 344008287
31 0 56620700 1122904 287603731 1122904 344224431
32 0 56323151 1122904 288141461 1122904 344464612
33 0 55993842 1122904 288669599 1122904 344663441
34 0 55657848 1122904 289215422 1122904 344873270
35 0 55394484 1122904 289722930 1122904 345117414
36 0 55017435 1122904 290312474 1122904 345329909
37 0 54596629 1122904 290929314 1122904 345525943
38 0 54268968 1122904 291480118 1122904 345749086
39 0 53931383 1122904 292035810 1122904 345967193
40 0 53621148 1122904 292564337 1122904 346185485
41 0 53301339 1122904 293079383 1122904 346380722
42 0 53006752 1122904 293586521 1122904 346593273
43 0 52717722 1122904 294097862 1122904 346815584
44 0 52391450 1122904 294621741 1122904 347013191
45 0 52092808 1122904 295130953 1122904 347223761
46 0 51752037 1122904 295680183 1122904 347432220
47 0 51431266 1122904 296197117 1122904 347628383
48 0 51109087 1122904 296724366 1122904 347833453
49 0 50830629 1122904 297221671 1122904 348052300
50 0 50540135 1122904 297736939 1122904 348277074
51 0 50245103 1122904 298230522 1122904 348475625
52 0 49927869 1122904 298758104 1122904 348685973
53 0 49630560 1122904 299275872 1122904 348906432
54 0 49356714 1122904 299773121 1122904 349129835
55 0 48963036 1122904 300363869 1122904 349326905
56 0 48667986 1122904 300869581 1122904 349537567
57 0 48347159 1122904 301399089 1122904 349746248
58 0 48016277 1122904 301923060 1122904 349939337
59 0 48000888 1122904 302420588 1122904 350421476
60 0 47724505 1122904 302935374 1122904 350659879
61 0 47410178 1122904 303446197 1122904 350856375
62 0 47106480 1122904 303956872 1122904 351063352
63 0 46785652 1122904 304492862 1122904 351278514
64 0 46492066 1122904 304996889 1122904 351488955
1 0 58909563 1123026 91633891 1123026 150543454
2 0 57838603 1123026 92863663 1123026 150702266
3 0 57373964 1123026 93455114 1123026 150829078
4 0 56923991 1123026 94013696 1123026 150937687
5 0 56479537 1123026 94570926 1123026 151050463
6 0 56058508 1123026 95105526 1123026 151164034
7 0 55603888 1123026 95666589 1123026 151270477
8 0 55161415 1123026 96226115 1123026 151387530
9 0 54750015 1123026 96751105 1123026 151501120
10 0 54336246 1123026 97289576 1123026 151625822
11 0 53917921 1123026 97820491 1123026 151738412
12 0 53496244 1123026 98342407 1123026 151838651
13 0 53052845 1123026 98897526 1123026 151950371
14 0 52653742 1123026 99420349 1123026 152074091
15 0 52226935 1123026 99948042 1123026 152174977
16 0 51698334 1123026 100584641 1123026 152282975
17 0 51277121 1123026 101116741 1123026 152393862
18 0 50851648 1123026 101644249 1123026 152495897
19 0 50396009 1123026 102207942 1123026 152603951
20 0 49990313 1123026 102719506 1123026 152709819
21 0 49516248 1123026 103303050 1123026 152819298
22 0 49127923 1123026 103929741 1123026 153057664
23 0 48711209 1123026 104468601 1123026 153179810
24 0 48279069 1123026 105003146 1123026 153282215
25 0 47872170 1123026 105520395 1123026 153392565
26 0 47451863 1123026 106054514 1123026 153506377
27 0 47002668 1123026 106605041 1123026 153607709
28 0 46603861 1123026 107115994 1123026 153719855
29 0 46181981 1123026 107646557 1123026 153828538
30 0 45771414 1123026 108156566 1123026 153927980
31 0 45350126 1123026 108692018 1123026 154042144
32 0 44936856 1123026 109226656 1123026 154163512
33 0 44523476 1123026 109750534 1123026 154274010
34 0 44035911 1123026 110348671 1123026 154384582
35 0 43613753 1123026 110882253 1123026 154496006
36 0 43208446 1123026 111396465 1123026 154604911
37 0 42780307 1123026 111938954 1123026 154719261
38 0 42344334 1123026 112473629 1123026 154817963
39 0 41926175 1123026 113000119 1123026 154926294
40 0 41505924 1123026 113526423 1123026 155032347
41 0 41082822 1123026 114051079 1123026 155133901
42 0 40668682 1123026 114573717 1123026 155242399
43 0 40252523 1123026 115101725 1123026 155354248
44 0 39808920 1123026 115644937 1123026 155453857
45 0 39392058 1123026 116168464 1123026 155560522
46 0 38923160 1123026 116743360 1123026 155666520
47 0 38446299 1123026 117357607 1123026 155803906
48 0 37985863 1123026 117917263 1123026 155903126
49 0 37567002 1123026 118444363 1123026 156011365
50 0 37138140 1123026 118990630 1123026 156128770
51 0 37435986 1123026 119507324 1123026 156943310
52 0 36950513 1123026 120079276 1123026 157029789
53 0 36528300 1123026 120619654 1123026 157147954
54 0 36140511 1123026 121116996 1123026 157257507
55 0 35708205 1123026 121657967 1123026 157366172
56 0 35300250 1123026 122167309 1123026 157467559
57 0 34894814 1123026 122679354 1123026 157574168
58 0 34433897 1123026 123238917 1123026 157672814
59 0 34049237 1123026 123743426 1123026 157792663
60 0 33639672 1123026 124260230 1123026 157899902
61 0 33226994 1123026 124788146 1123026 158015140
62 0 32814355 1123026 125299228 1123026 158113583
63 0 32403437 1123026 125818329 1123026 158221766
64 0 31971964 1123026 126347689 1123026 158319653
1 0 51642262 1123147 887237539 1123147 938879801
2 0 50870685 1123147 888228205 1123147 939098890
3 0 50588191 1123147 888678418 1123147 939266609
4 0 50341584 1123147 889097669 1123147 939439253
5 0 50086275 1123147 889523401 1123147 939609676
6 0 49835372 1123147 889935486 1123147 939770858
7 0 49500582 1123147 890434402 1123147 939934984
8 0 49275790 1123147 890871375 1123147 940147165
9 0 49031165 1123147 891281534 1123147 940312699
10 0 48790874 1123147 891703507 1123147 940494381
11 0 48547268 1123147 892113721 1123147 940660989
12 0 48295569 1123147 892515843 1123147 940811412
13 0 48035277 1123147 892936020 1123147 940971297
14 0 47804227 1123147 893334697 1123147 941138924
15 0 47561083 1123147 893740800 1123147 941301883
16 0 47324143 1123147 894145959 1123147 941470102
17 0 47074611 1123147 894545655 1123147 941620266
18 0 46834986 1123147 894950795 1123147 941785781
19 0 46564880 1123147 895381157 1123147 941946037
20 0 46320960 1123147 895785741 1123147 942106701
21 0 46071576 1123147 896198233 1123147 942269809
22 0 45751100 1123147 896683557 1123147 942434657
23 0 45501865 1123147 897091160 1123147 942593025
24 0 45251091 1123147 897515467 1123147 942766558
25 0 45027115 1123147 897911496 1123147 942938611
26 0 44766935 1123147 898320173 1123147 943087108
27 0 44528384 1123147 898717776 1123147 943246160
28 0 44286907 1123147 899121750 1123147 943408657
29 0 44028930 1123147 899529242 1123147 943558172
30 0 43795657 1123147 899930364 1123147 943726021
31 0 43500218 1123147 900395577 1123147 943895795
32 0 43254131 1123147 900812328 1123147 944066459
33 0 43007173 1123147 901208375 1123147 944215548
34 0 42641755 1123147 901732587 1123147 944374342
35 0 42397740 1123147 902146783 1123147 944544523
36 0 42113172 1123147 902585071 1123147 944698243
37 0 41847751 1123147 903017988 1123147 944865739
38 0 41618293 1123147 903408295 1123147 945026588
39 0 41384909 1123147 903799954 1123147 945184863
40 0 41135006 1123147 904197706 1123147 945332712
41 0 40903529 1123147 904587624 1123147 945491153
42 0 40681201 1123147 904979875 1123147 945661076
43 0 40436261 1123147 905372497 1123147 945808758
44 0 40201136 1123147 905766619 1123147 945967755
45 0 39966714 1123147 906163630 1123147 946130344
46 0 39727830 1123147 906563900 1123147 946291730
47 0 39498334 1123147 906953596 1123147 946451930
48 0 39270950 1123147 907343625 1123147 946614575
49 0 39040844 1123147 907733210 1123147 946774054
50 0 38805533 1123147 908127906 1123147 946933439
51 0 38584870 1123147 908512899 1123147 947097769
52 0 38345524 1123147 908910835 1123147 947256359
53 0 38117955 1123147 909303827 1123147 947421782
54 0 37887736 1123147 909681672 1123147 947569408
55 0 37488615 1123147 910239124 1123147 947727739
56 0 37247453 1123147 910640912 1123147 947888365
57 0 36990402 1123147 911045701 1123147 948036103
58 0 36760499 1123147 911437545 1123147 948198044
59 0 36506931 1123147 911857573 1123147 948364504
60 0 36305138 1123147 912255825 1123147 948560963
61 0 36079495 1123147 912634058 1123147 948713553
62 0 35845036 1123147 913029236 1123147 948874272
63 0 35619725 1123147 913417395 1123147 949037120
64 0 36680260 1123147 913806887 1123147 950487147
1 0 51227752 1123269 636915947 1123269 688143699
2 0 50446879 1123269 637917335 1123269 688364214
3 0 50147829 1123269 638386881 1123269 688534710
4 0 49897852 1123269 638806688 1123269 688704540
5 0 49643469 1123269 639226161 1123269 688869630
6 0 49403918 1123269 639632782 1123269 689036700
7 0 48978927 1123269 640210715 1123269 689189642
8 0 48689080 1123269 640664929 1123269 689354009
9 0 48454548 1123269 641071254 1123269 689525802
10 0 48203034 1123269 641489616 1123269 689692650
11 0 47963335 1123269 641899534 1123269 689862869
12 0 47751988 1123269 642300211 1123269 690052199
13 0 47510196 1123269 642713074 1123269 690223270
14 0 47279644 1123269 643118381 1123269 690398025
15 0 47033483 1123269 643524817 1123269 690558300
16 0 46789303 1123269 643930346 1123269 690719649
17 0 46550623 1123269 644330060 1123269 690880683
18 0 46297775 1123269 644734423 1123269 691032198
19 0 46020799 1123269 645173229 1123269 691194028
20 0 45787174 1123269 645566740 1123269 691353914
21 0 45499957 1123269 646010250 1123269 691510207
22 0 45182408 1123269 646501740 1123269 691684148
23 0 44934339 1123269 646905417 1123269 691839756
24 0 44673122 1123269 647325298 1123269 691998420
25 0 44439164 1123269 647718438 1123269 692157602
26 0 44193317 1123269 648136300 1123269 692329617
27 0 43939044 1123269 648538589 1123269 692477633
28 0 43695178 1123269 648942211 1123269 692637389
29 0 43450312 1123269 649349814 1123269 692800126
30 0 43212706 1123269 649738732 1123269 692951438
31 0 42925175 1123269 650190686 1123269 693115861
32 0 42681124 1123269 650618141 1123269 693299265
33 0 42417093 1123269 651028910 1123269 693446003
34 0 42110617 1123269 651496697 1123269 693607314
35 0 41881566 1123269 651899893 1123269 693781459
36 0 41618960 1123269 652327588 1123269 693946548
37 0 41341206 1123269 652752228 1123269 694093434
38 0 41107488 1123269 653151980 1123269 694259468
39 0 40877511 1123269 653542509 1123269 694420020
40 0 40646423 1123269 653938316 1123269 694584739
41 0 40410465 1123269 654322790 1123269 694733255
42 0 40180340 1123269 654714542 1123269 694894882
43 0 39960196 1123269 655103367 1123269 695063563
44 0 39709701 1123269 655501674 1123269 695211375
45 0 39496094 1123269 655887704 1123269 695383798
46 0 39238859 1123269 656306732 1123269 695545591
47 0 38990345 1123269 656702947 1123269 695693292
48 0 38758219 1123269 657089125 1123269 695847344
49 0 38522409 1123269 657490765 1123269 696013174
50 0 38302006 1123269 657884776 1123269 696186782
51 0 38079622 1123269 658256194 1123269 696335816
52 0 37841164 1123269 658657260 1123269 696498424
53 0 37611834 1123269 659049642 1123269 696661476
54 0 37397562 1123269 659431282 1123269 696828844
55 0 37139437 1123269 659837830 1123269 696977267
56 0 36881739 1123269 660254673 1123269 697136412
57 0 36632613 1123269 660662295 1123269 697294908
58 0 36378878 1123269 661063972 1123269 697442850
59 0 36156196 1123269 661445169 1123269 697601365
60 0 35940405 1123269 661839846 1123269 697780251
61 0 35692613 1123269 662234468 1123269 697927081
62 0 35465988 1123269 662619590 1123269 698085578
63 0 36436524 1123269 663022360 1123269 699458884
64 0 36175308 1123269 663407963 1123269 699583271
1 0 51286937 1123391 457138617 1123391 508425554
2 0 50524804 1123391 458116672 1123391 508641476
3 0 50235699 1123391 458578070 1123391 508813769
4 0 49987574 1123391 458995636 1123391 508983210
5 0 49741431 1123391 459421072 1123391 509162503
6 0 49501175 1123391 459829472 1123391 509330647
7 0 49156238 1123391 460329703 1123391 509485941
8 0 48888798 1123391 460769787 1123391 509658585
9 0 48632230 1123391 461177834 1123391 509810064
10 0 48394919 1123391 461599252 1123391 509994171
11 0 48285848 1123391 462014429 1123391 510300277
12 0 48035149 1123391 462417421 1123391 510452570
13 0 47772728 1123391 462844598 1123391 510617326
14 0 47552825 1123391 463248164 1123391 510800989
15 0 47295238 1123391 463657100 1123391 510952338
16 0 47048891 1123391 464067277 1123391 511116168
17 0 46805414 1123391 464474121 1123391 511279535
18 0 46550401 1123391 464880187 1123391 511430588
19 0 46272480 1123391 465319345 1123391 511591825
20 0 46019411 1123391 465729411 1123391 511748822
21 0 45734583 1123391 466179291 1123391 511913874
22 0 45404645 1123391 466669726 1123391 512074371
23 0 45160094 1123391 467085626 1123391 512245720
24 0 44896525 1123391 467496766 1123391 512393291
25 0 44669641 1123391 467891110 1123391 512560751
26 0 44417443 1123391 468302490 1123391 512719933
27 0 44153170 1123391 468713260 1123391 512866430
28 0 43919285 1123391 469119160 1123391 513038445
29 0 43670365 1123391 469530429 1123391 513200794
30 0 43430054 1123391 469922940 1123391 513352994
31 0 43133634 1123391 470392264 1123391 513525898
32 0 42883787 1123391 470813275 1123391 513697062
33 0 42632940 1123391 471224859 1123391 513857799
34 0 42307391 1123391 471695609 1123391 514003000
35 0 42073266 1123391 472106008 1123391 514179274
36 0 41808549 1123391 472539074 1123391 514347623
37 0 41531740 1123391 472962047 1123391 514493787
38 0 41296059 1123391 473357725 1123391 514653784
39 0 41059786 1123391 473753106 1123391 514812892
40 0 40834124 1123391 474141098 1123391 514975222
41 0 40593388 1123391 474529701 1123391 515123089
42 0 40371892 1123391 474917675 1123391 515289567
43 0 40134822 1123391 475313594 1123391 515448416
44 0 39881365 1123391 475712882 1123391 515594247
45 0 39648462 1123391 476103041 1123391 515751503
46 0 39388338 1123391 476522736 1123391 515911074
47 0 39191841 1123391 476917766 1123391 516109607
48 0 38950068 1123391 477310999 1123391 516261067
49 0 38718999 1123391 477701287 1123391 516420286
50 0 38494170 1123391 478097835 1123391 516592005
51 0 38265600 1123391 478474717 1123391 516740317
52 0 38033641 1123391 478878746 1123391 516912387
53 0 37807553 1123391 479274127 1123391 517081680
54 0 37583410 1123391 479656064 1123391 517239474
55 0 37285804 1123391 480101259 1123391 517387063
56 0 37053939 1123391 480492788 1123391 517546727
57 0 36806906 1123391 480898299 1123391 517705205
58 0 36548467 1123391 481302846 1123391 517851313
59 0 36339545 1123391 481684098 1123391 518023643
60 0 36104884 1123391 482078664 1123391 518183548
61 0 35878555 1123391 482466286 1123391 518344841
62 0 35726891 1123391 482857149 1123391 518584040
63 0 35498433 1123391 483252289 1123391 518750722
64 0 35283603 1123391 483636986 1123391 518920589
1 0 59848380 1123513 251414646 1123513 311263026
2 0 58742105 1123513 252682417 1123513 311424522
3 0 58285411 1123513 253259572 1123513 311544983
4 0 57842179 1123513 253818654 1123513 311660833
5 0 57387743 1123513 254388606 1123513 311776349
6 0 56965196 1123513 254930780 1123513 311895976
7 0 56500890 1123513 255498399 1123513 311999289
8 0 56053825 1123513 256058721 1123513 312112546
9 0 55593501 1123513 256636858 1123513 312230359
10 0 55159806 1123513 257185143 1123513 312344949
11 0 54738092 1123513 257716503 1123513 312454595
12 0 54315804 1123513 258242252 1123513 312558056
13 0 53871720 1123513 258797760 1123513 312669480
14 0 53464320 1123513 259324861 1123513 312789181
15 0 53060680 1123513 259850813 1123513 312911493
16 0 52588689 1123513 260433580 1123513 313022269
17 0 52170439 1123513 260962254 1123513 313132693
18 0 51736910 1123513 261496688 1123513 313233598
19 0 51282029 1123513 262063122 1123513 313345151
20 0 50864945 1123513 262590519 1123513 313455464
21 0 50391696 1123513 263174581 1123513 313566277
22 0 49873243 1123513 263806087 1123513 313679330
23 0 49453121 1123513 264342077 1123513 313795198
24 0 49018149 1123513 264880825 1123513 313898974
25 0 48635211 1123513 265399519 1123513 314034730
26 0 48217275 1123513 265938286 1123513 314155561
27 0 47784580 1123513 266473405 1123513 314257985
28 0 47363107 1123513 267006691 1123513 314369798
29 0 46933744 1123513 267547218 1123513 314480962
30 0 46523290 1123513 268060856 1123513 314584146
31 0 46092928 1123513 268601271 1123513 314694199
32 0 45678640 1123513 269142612 1123513 314821252
33 0 45254537 1123513 269669972 1123513 314924509
34 0 44699418 1123513 270335163 1123513 315034581
35 0 44291963 1123513 270861412 1123513 315153375
36 0 43868509 1123513 271403938 1123513 315272447
37 0 43425961 1123513 271949576 1123513 315375537
38 0 42999396 1123513 272492028 1123513 315491424
39 0 42593738 1123513 273021554 1123513 315615292
40 0 42176931 1123513 273551137 1123513 315728068
41 0 41760069 1123513 274070941 1123513 315831010
42 0 41353114 1123513 274594727 1123513 315947841
43 0 40938733 1123513 275123958 1123513 316062691
44 0 40503649 1123513 275662354 1123513 316166003
45 0 40088731 1123513 276188548 1123513 316277279
46 0 39623426 1123513 276763462 1123513 316386888
47 0 39193064 1123513 277296433 1123513 316489497
48 0 38776664 1123513 277826368 1123513 316603032
49 0 38363302 1123513 278354228 1123513 316717530
50 0 37946199 1123513 278890365 1123513 316836564
51 0 37514337 1123513 279423688 1123513 316938025
52 0 36939404 1123513 280109767 1123513 317049171
53 0 36467395 1123513 280690496 1123513 317157891
54 0 36025571 1123513 281247874 1123513 317273445
55 0 36321157 1123513 281824382 1123513 318145539
56 0 35901795 1123513 282331779 1123513 318233574
57 0 35471433 1123513 282868472 1123513 318339905
58 0 35045163 1123513 283403647 1123513 318448810
59 0 34640505 1123513 283910748 1123513 318551253
60 0 34224550 1123513 284434404 1123513 318658954
61 0 33809706 1123513 284949098 1123513 318758804
62 0 33417103 1123513 285466958 1123513 318884061
63 0 32995481 1123513 285993911 1123513 318989392
64 0 32608138 1123513 286501308 1123513 319109446
1 0 68051442 1123635 28770727 1123635 96822169
2 0 67017796 1123635 30086849 1123635 97104645
3 0 66635136 1123635 30698152 1123635 97333288
4 0 66316031 1123635 31239160 1123635 97555191
5 0 65977131 1123635 31799760 1123635 97776891
6 0 65671970 1123635 32332657 1123635 98004627
7 0 65313069 1123635 32896813 1123635 98209882
8 0 64971557 1123635 33455839 1123635 98427396
9 0 64643453 1123635 33983514 1123635 98626967
10 0 64342274 1123635 34529095 1123635 98871369
11 0 64014539 1123635 35073048 1123635 99087587
12 0 63685194 1123635 35600982 1123635 99286176
13 0 63337848 1123635 36162212 1123635 99500060
14 0 63037077 1123635 36687127 1123635 99724204
15 0 62707361 1123635 37226765 1123635 99934126
16 0 62434811 1123635 37758088 1123635 100192899
17 0 62130854 1123635 38282281 1123635 100413135
18 0 61797694 1123635 38810197 1123635 100607891
19 0 61440313 1123635 39379148 1123635 100819461
20 0 61124893 1123635 39903823 1123635 101028716
21 0 60670568 1123635 40579828 1123635 101250396
22 0 60251243 1123635 41211594 1123635 101462837
23 0 59935582 1123635 41753287 1123635 101688869
24 0 59592016 1123635 42293961 1123635 101885977
25 0 59286095 1123635 42811766 1123635 102097861
26 0 58969471 1123635 43348830 1123635 102318301
27 0 58613794 1123635 43901115 1123635 102514909
28 0 58305615 1123635 44416716 1123635 102722331
29 0 57978010 1123635 44952057 1123635 102930067
30 0 57660775 1123635 45463714 1123635 103124489
31 0 57336244 1123635 45996704 1123635 103332948
32 0 57032362 1123635 46534730 1123635 103567092
33 0 56716090 1123635 47066479 1123635 103782569
34 0 56293525 1123635 47686485 1123635 103980010
35 0 55984178 1123635 48218549 1123635 104202727
36 0 55016920 1123635 49408340 1123635 104425260
37 0 54696648 1123635 49963070 1123635 104659718
38 0 54314044 1123635 50544559 1123635 104858603
39 0 53997829 1123635 51069826 1123635 105067655
40 0 53687539 1123635 51589297 1123635 105276836
41 0 53361322 1123635 52110658 1123635 105471980
42 0 53054866 1123635 52630055 1123635 105684921
43 0 52746260 1123635 53158656 1123635 105904916
44 0 52422285 1123635 53690701 1123635 106112986
45 0 52115551 1123635 54208024 1123635 106323575
46 0 51769557 1123635 54762754 1123635 106532311
47 0 51509989 1123635 55278114 1123635 106788103
48 0 51175181 1123635 55811529 1123635 106986710
49 0 50879445 1123635 56317594 1123635 107197039
50 0 50579525 1123635 56840028 1123635 107419553
51 0 50294493 1123635 57340111 1123635 107634604
52 0 49955408 1123635 57873230 1123635 107828638
53 0 49653988 1123635 58393275 1123635 108047263
54 0 49365790 1123635 58893154 1123635 108258944
55 0 49011334 1123635 59442236 1123635 108453570
56 0 48705377 1123635 59956337 1123635 108661714
57 0 48267441 1123635 60605954 1123635 108873395
58 0 47931522 1123635 61140480 1123635 109072002
59 0 47656620 1123635 61648211 1123635 109304831
60 0 47342423 1123635 62172867 1123635 109515290
61 0 47035891 1123635 62691672 1123635 109727563
62 0 46722120 1123635 63198014 1123635 109920134
63 0 47388347 1123635 63723578 1123635 111111925
64 0 47111909 1123635 64234660 1123635 111346569
1 0 55790534 1123756 862045360 1123756 917835894
2 0 54675260 1123756 863318187 1123756 917993447
3 0 54227120 1123756 863896120 1123756 918123240
4 0 53774667 1123756 864453275 1123756 918227942
5 0 53320787 1123756 865021690 1123756 918342477
6 0 52900647 1123756 865561050 1123756 918461697
7 0 52442822 1123756 866120724 1123756 918563546
8 0 52004757 1123756 866676158 1123756 918680915
9 0 51587746 1123756 867209277 1123756 918797023
10 0 51146088 1123756 867763044 1123756 918909132
11 0 50725467 1123756 868293996 1123756 919019463
12 0 50299679 1123756 868820745 1123756 919120424
13 0 49859262 1123756 869374586 1123756 919233848
14 0 49457307 1123756 869902872 1123756 919360179
15 0 48868467 1123756 870596247 1123756 919464714
16 0 48437475 1123756 871137311 1123756 919574786
17 0 48032669 1123756 871663226 1123756 919695895
18 0 47600529 1123756 872196327 1123756 919796856
19 0 47140334 1123756 872763816 1123756 919904150
20 0 46771860 1123756 873280824 1123756 920052684
21 0 46309128 1123756 873866572 1123756 920175700
22 0 45786582 1123756 874496875 1123756 920283457
23 0 45361832 1123756 875034549 1123756 920396381
24 0 44908711 1123756 875587946 1123756 920496657
25 0 44495108 1123756 876111417 1123756 920606525
26 0 44071264 1123756 876651925 1123756 920723189
27 0 43617162 1123756 877207562 1123756 920824724
28 0 43205578 1123756 877727589 1123756 920933167
29 0 42778938 1123756 878263578 1123756 921042516
30 0 42362612 1123756 878779476 1123756 921142088
31 0 41934751 1123756 879320687 1123756 921255438
32 0 41508389 1123756 879861751 1123756 921370140
33 0 40997603 1123756 880480090 1123756 921477693
34 0 40542612 1123756 881038283 1123756 921580895
35 0 40117342 1123756 881573106 1123756 921690448
36 0 39701387 1123756 882099670 1123756 921801057
37 0 39263322 1123756 882652585 1123756 921915907
38 0 38828349 1123756 883186852 1123756 922015201
39 0 38409135 1123756 883713508 1123756 922122643
40 0 37985698 1123756 884244591 1123756 922230289
41 0 37574411 1123756 884768191 1123756 922342602
42 0 37154345 1123756 885299014 1123756 922453359
43 0 36734390 1123756 885831263 1123756 922565653
44 0 36285936 1123756 886379178 1123756 922665114
45 0 35867463 1123756 886907612 1123756 922775075
46 0 35395842 1123756 887487916 1123756 922883758
47 0 34995535 1123756 888024498 1123756 923020033
48 0 34549396 1123756 888572024 1123756 923121420
49 0 34142497 1123756 889087273 1123756 923229770
50 0 33717153 1123756 889628855 1123756 923346008
51 0 33191274 1123756 890263565 1123756 923454839
52 0 33417659 1123756 890873368 1123756 924291027
53 0 32960056 1123756 891418987 1123756 924379043
54 0 32526399 1123756 891964661 1123756 924491060
55 0 32052445 1123756 892552557 1123756 924605002
56 0 31625120 1123756 893080547 1123756 924705667
57 0 31215017 1123756 893600685 1123756 924815702
58 0 30751767 1123756 894164507 1123756 924916274
59 0 30355459 1123756 894668979 1123756 925024438
60 0 29934690 1123756 895196024 1123756 925130714
61 0 29535828 1123756 895713217 1123756 925249045
62 0 29121002 1123756 896227263 1123756 925348265
63 0 28715677 1123756 896740808 1123756 925456485
64 0 28283796 1123756 897273539 1123756 925557335
