1 0 26499686 5589226 928803208 5589226 955302894
2 0 25548538 5589226 929980278 5589226 955528816
3 0 25042399 5589226 930706913 5589226 955749312
4 0 24663850 5589226 931277532 5589226 955941382
5 0 24323469 5589226 931818169 5589226 956141638
6 0 24017048 5589226 932326623 5589226 956343671
7 0 23690388 5589226 932855668 5589226 956546056
8 0 23363912 5589226 933375714 5589226 956739626
9 0 23083251 5589226 933877464 5589226 956960715
10 0 22745498 5589226 934413343 5589226 957158841
11 0 22432430 5589226 934907148 5589226 957339578
12 0 22102658 5589226 935433138 5589226 957535796
13 0 21782220 5589226 935948110 5589226 957730330
14 0 21490466 5589226 936447064 5589226 957937530
15 0 21135769 5589226 936988072 5589226 958123841
16 0 20805034 5589226 937512192 5589226 958317226
1 0 25328375 5589234 71770598 5589234 97098973
2 0 24376597 5589234 72950168 5589234 97326765
3 0 24007789 5589234 73541064 5589234 97548853
4 0 23631315 5589234 74110442 5589234 97741757
5 0 23288191 5589234 74657821 5589234 97946012
6 0 22977753 5589234 75174274 5589234 98152027
7 0 22649444 5589234 75705412 5589234 98354856
8 0 22325783 5589234 76226051 5589234 98551834
9 0 22048418 5589234 76726560 5589234 98774978
10 0 21717091 5589234 77261050 5589234 98978141
11 0 21405338 5589234 77760096 5589234 99165434
12 0 21073158 5589234 78290790 5589234 99363948
13 0 20776553 5589234 78801817 5589234 99578370
14 0 20487040 5589234 79298882 5589234 99785922
15 0 20146769 5589234 79826538 5589234 99973307
16 0 19716795 5589234 80507711 5589234 100224506
1 0 25133842 5589241 202053801 5589241 227187643
2 0 24172508 5589241 203221372 5589241 227393880
3 0 23805126 5589241 203812564 5589241 227617690
4 0 23412929 5589241 204398887 5589241 227811816
5 0 23074733 5589241 204944839 5589241 228019572
6 0 22771182 5589241 205452367 5589241 228223549
7 0 22429078 5589241 205981968 5589241 228411046
8 0 22128510 5589241 206500180 5589241 228628690
9 0 21842645 5589241 207015078 5589241 228857723
10 0 21510706 5589241 207549642 5589241 229060348
11 0 21195508 5589241 208049522 5589241 229245030
12 0 20869773 5589241 208574364 5589241 229444137
13 0 20549687 5589241 209093521 5589241 229643208
14 0 20255063 5589241 209598252 5589241 229853315
15 0 19891700 5589241 210199518 5589241 230091218
16 0 19560058 5589241 210741286 5589241 230301344
1 0 20054160 5589248 306661526 5589248 326715686
2 0 19294508 5589248 307572527 5589248 326867035
3 0 19008180 5589248 308026037 5589248 327034217
4 0 18724443 5589248 308465326 5589248 327189769
5 0 18456708 5589248 308874281 5589248 327330989
6 0 18225971 5589248 309254422 5589248 327480393
7 0 17970384 5589248 309650562 5589248 327620946
8 0 17644187 5589248 310137553 5589248 327781740
9 0 17409561 5589248 310543138 5589248 327952699
10 0 17152270 5589248 310951112 5589248 328103382
11 0 16912200 5589248 311328216 5589248 328240416
12 0 16663816 5589248 311725783 5589248 328389599
13 0 16424247 5589248 312114386 5589248 328538633
14 0 16190806 5589248 312485713 5589248 328676519
15 0 15952089 5589248 312884890 5589248 328836979
16 0 15705112 5589248 313279290 5589248 328984402
1 0 23173083 5589255 451439292 5589255 474612375
2 0 22106250 5589255 452611826 5589255 474718076
3 0 21629574 5589255 453200852 5589255 474830426
4 0 21157232 5589255 453770248 5589255 474927480
5 0 20729036 5589255 454304442 5589255 475033478
6 0 20331099 5589255 454805284 5589255 475136383
7 0 19918921 5589255 455322997 5589255 475241918
8 0 19500244 5589255 455842432 5589255 475342676
9 0 19117306 5589255 456342904 5589255 475460210
10 0 18686111 5589255 456875338 5589255 475561449
11 0 18278211 5589255 457375718 5589255 475653929
12 0 17853645 5589255 457900615 5589255 475754260
13 0 17444746 5589255 458410513 5589255 475855259
14 0 17221176 5589255 458907874 5589255 476129050
15 0 16806832 5589255 459432864 5589255 476239696
16 0 16381173 5589255 459953873 5589255 476335046
1 0 18943569 5589262 628325492 5589262 647269061
2 0 18177843 5589262 629245734 5589262 647423577
3 0 17894459 5589262 629697244 5589262 647591703
4 0 17495467 5589262 630240882 5589262 647736349
5 0 17224417 5589262 630667966 5589262 647892383
6 0 16994940 5589262 631050570 5589262 648045510
7 0 16748556 5589262 631448877 5589262 648197433
8 0 16508633 5589262 631836778 5589262 648345411
9 0 16301619 5589262 632213715 5589262 648515334
10 0 16051087 5589262 632616559 5589262 648667646
11 0 15812943 5589262 632992571 5589262 648805514
12 0 15566873 5589262 633390656 5589262 648957529
13 0 15333230 5589262 633776797 5589262 649110027
14 0 15120030 5589262 634151086 5589262 649271116
15 0 14863332 5589262 634550541 5589262 649413873
16 0 14616114 5589262 634949367 5589262 649565481
1 0 25807070 5589269 742050233 5589269 767857303
2 0 24808441 5589269 743256173 5589269 768064614
3 0 24447928 5589269 743837811 5589269 768285739
4 0 24040732 5589269 744433559 5589269 768474291
5 0 23682999 5589269 744993807 5589269 768676806
6 0 23362042 5589269 745523890 5589269 768885932
7 0 23014863 5589269 746058565 5589269 769073428
8 0 22713961 5589269 746583518 5589269 769297479
9 0 22440226 5589269 747081638 5589269 769521864
10 0 22105381 5589269 747615128 5589269 769720509
11 0 21787942 5589269 748114878 5589269 769902820
12 0 21511021 5589269 748639146 5589269 770150167
13 0 21200194 5589269 749151025 5589269 770351219
14 0 20887977 5589269 749643646 5589269 770531623
15 0 20519003 5589269 750227357 5589269 770746360
16 0 20182232 5589269 750759717 5589269 770941949
1 0 25325912 5589276 834379953 5589276 859705865
2 0 24349264 5589276 835585819 5589276 859935083
3 0 24039121 5589276 836164938 5589276 860204059
4 0 23575000 5589276 836843092 5589276 860418092
5 0 23170064 5589276 837497283 5589276 860667347
6 0 22836626 5589276 838038291 5589276 860874917
7 0 22501132 5589276 838577837 5589276 861078969
8 0 22177453 5589276 839114993 5589276 861292446
9 0 21898903 5589276 839625076 5589276 861523979
10 0 21511133 5589276 840218972 5589276 861730105
11 0 21186990 5589276 840726907 5589276 861913897
12 0 20859571 5589276 841255471 5589276 862115042
13 0 20537410 5589276 841773684 5589276 862311094
14 0 20259693 5589276 842270693 5589276 862530386
15 0 19917421 5589276 842798165 5589276 862715586
16 0 19575131 5589276 843335766 5589276 862910897
1 0 20274785 5589283 976707361 5589283 996982146
2 0 19515892 5589283 977623399 5589283 997139291
3 0 19238063 5589283 978069706 5589283 997307769
4 0 18949791 5589283 978514327 5589283 997464118
5 0 18684056 5589283 978921745 5589283 997605801
6 0 18456190 5589283 979302997 5589283 997759187
7 0 18200731 5589283 979697601 5589283 997898332
8 0 17799331 5589283 980261535 5589283 998060866
9 0 17567651 5589283 980665027 5589283 998232678
10 0 17308063 5589283 981078464 5589283 998386527
11 0 17064642 5589283 981458179 5589283 998522821
12 0 16817942 5589283 981856042 5589283 998673984
13 0 16581707 5589283 982246423 5589283 998828130
14 0 16341303 5589283 982622972 5589283 998964275
15 0 16101993 5589283 983023724 5589283 999125717
16 0 15865535 5589283 983407901 5589283 999273436
1 0 25089194 5589291 121789941 5589291 146879135
2 0 24117472 5589291 122987937 5589291 147105409
3 0 23751719 5589291 123572889 5589291 147324608
4 0 23348376 5589291 124165155 5589291 147513531
5 0 23008845 5589291 124708626 5589291 147717471
6 0 22703313 5589291 125214247 5589291 147917560
7 0 22364672 5589291 125737292 5589291 148101964
8 0 22057641 5589291 126256949 5589291 148314590
9 0 21773868 5589291 126761180 5589291 148535048
10 0 21431597 5589291 127299948 5589291 148731545
11 0 21129139 5589291 127798087 5589291 148927226
12 0 20805072 5589291 128323058 5589291 149128130
13 0 20482115 5589291 128841215 5589291 149323330
14 0 20165787 5589291 129337984 5589291 149503771
15 0 19843941 5589291 129864474 5589291 149708415
16 0 19468856 5589291 130439352 5589291 149908208
