1 0 11739300 5687943 566951670 5687943 578690970
2 0 10205884 5687943 568737655 5687943 578943539
1 0 14629173 5687950 881776024 5687950 896405197
2 0 12582877 5687950 884078741 5687950 896661618
1 0 15279919 5687958 302131398 5687958 317411317
2 0 13306937 5687958 304443244 5687958 317750181
1 0 11736596 5687965 647095062 5687965 658831658
2 0 10231587 5687965 648858881 5687965 659090468
1 0 11747467 5687973 117588595 5687973 129336062
2 0 10218199 5687973 119376173 5687973 129594372
1 0 12037462 5687980 627170660 5687980 639208122
2 0 10502120 5687980 628964608 5687980 639466728
1 0 12018610 5687987 906833463 5687987 918852073
2 0 10483694 5687987 908626319 5687987 919110013
1 0 15300234 5687995 231994457 5687995 247294691
2 0 13316437 5687995 234318340 5687995 247634777
1 0 11637987 5688002 587094783 5688002 598732770
2 0 10139349 5688002 588848213 5688002 598987562
1 0 14280643 5688009 861884302 5688009 876164945
2 0 12199458 5688009 864225278 5688009 876424736
1 0 11636932 5688017 277036712 5688017 288673644
2 0 10135442 5688017 278802549 5688017 288937991
1 0 11720930 5688024 787197595 5688024 798918525
2 0 10194848 5688024 788985617 5688024 799180465
1 0 15300161 5688032 121885713 5688032 137185874
2 0 13364215 5688032 124158523 5688032 137522738
1 0 14620395 5688039 586841263 5688039 601461658
2 0 13191015 5688039 588613396 5688039 601804411
1 0 12127645 5688046 936942330 5688046 949069975
2 0 10594711 5688046 938730870 5688046 949325581
1 0 15880890 5688054 391986112 5688054 407867002
2 0 13919205 5688054 394288328 5688054 408207533
1 0 11730616 5688061 727213356 5688061 738943972
2 0 10203515 5688061 728998119 5688061 739201634
1 0 11722931 5688069 197230040 5688069 208952971
2 0 10197292 5688069 199016044 5688069 209213336
1 0 11644580 5688076 507135082 5688076 518779662
2 0 10131867 5688076 508904586 5688076 519036453
1 0 11714690 5688083 976881671 5688083 988596361
2 0 10165164 5688083 978686545 5688083 988851709
1 0 15462120 5688091 420677926 5688091 436140046
2 0 13455695 5688091 423026178 5688091 436481873
1 0 11682876 5688098 736812899 5688098 748495775
2 0 10189385 5688098 738566607 5688098 748755992
1 0 11659895 5688106 37105256 5688106 48765151
2 0 10131460 5688106 38892168 5688106 49023628
1 0 15319771 5688113 382247834 5688113 397567605
2 0 13357789 5688113 384553458 5688113 397911247
1 0 15369844 5688120 688855550 5688120 704225394
2 0 13309290 5688120 691253265 5688120 704562555
1 0 11625710 5688128 186973949 5688128 198599659
2 0 10116830 5688128 188738620 5688128 198855450
1 0 14337123 5688135 686705702 5688135 701042825
2 0 12920909 5688135 688461225 5688135 701382134
1 0 14174774 5688143 107579437 5688143 121754211
2 0 12725690 5688143 109371533 5688143 122097223
1 0 15330549 5688150 430927369 5688150 446257918
2 0 13329975 5688150 433268770 5688150 446598745
1 0 15357937 5688157 772436239 5688157 787794176
2 0 13405769 5688157 774728919 5688157 788134688
