1 0 57247603 5688903 51905418 5688903 109153021
2 0 55157716 5688903 54166913 5688903 109324629
3 0 54067995 5688903 55439149 5688903 109507144
4 0 53011347 5688903 56667330 5688903 109678677
5 0 51970793 5688903 57870752 5688903 109841545
6 0 51393915 5688903 59068544 5688903 110462459
7 0 50143013 5688903 60506221 5688903 110649234
8 0 49107087 5688903 61747180 5688903 110854267
9 0 48072606 5688903 62945454 5688903 111018060
10 0 47065736 5688903 64132635 5688903 111198371
11 0 46040033 5688903 65329243 5688903 111369276
12 0 44942109 5688903 66590386 5688903 111532495
13 0 43919776 5688903 67781808 5688903 111701584
14 0 42885351 5688903 68981804 5688903 111867155
15 0 41810167 5688903 70237374 5688903 112047541
16 0 40747131 5688903 71462666 5688903 112209797
17 0 39723280 5688903 72655310 5688903 112378590
18 0 38649560 5688903 73898120 5688903 112547680
19 0 37547765 5688903 75160245 5688903 112708010
20 0 36533284 5688903 76348871 5688903 112882155
21 0 35431841 5688903 77619570 5688903 113051411
22 0 34426860 5688903 78795455 5688903 113222315
23 0 33417656 5688903 79966545 5688903 113384201
24 0 32318381 5688903 81236354 5688903 113554735
25 0 31256048 5688903 82469739 5688903 113725787
26 0 30238938 5688903 83653717 5688903 113892655
27 0 29244771 5688903 84819510 5688903 114064281
28 0 28591543 5688903 86001247 5688903 114592790
29 0 27600450 5688903 87161670 5688903 114762120
30 0 26601173 5688903 88323574 5688903 114924747
31 0 25583117 5688903 89512182 5688903 115095299
32 0 24464416 5688903 90798343 5688903 115262759
1 0 54123494 5688913 377344153 5688913 431467647
2 0 52642299 5688913 379078380 5688913 431720679
3 0 51868314 5688913 380127212 5688913 431995526
4 0 51139642 5688913 381113268 5688913 432252910
5 0 50456969 5688913 382038936 5688913 432495905
6 0 49812296 5688913 382952808 5688913 432765104
7 0 49125531 5688913 383887105 5688913 433012636
8 0 48504061 5688913 384809125 5688913 433313186
9 0 47838277 5688913 385718738 5688913 433557015
10 0 47199105 5688913 386625665 5688913 433824770
11 0 46541820 5688913 387540519 5688913 434082339
12 0 45824407 5688913 388505686 5688913 434330093
13 0 45167697 5688913 389415077 5688913 434582774
14 0 44448655 5688913 390383744 5688913 434832399
15 0 43774853 5688913 391310412 5688913 435085265
16 0 43107680 5688913 392225487 5688913 435333167
17 0 42455229 5688913 393130656 5688913 435585885
18 0 41754557 5688913 394086971 5688913 435841528
19 0 40580431 5688913 395501500 5688913 436081931
20 0 39940554 5688913 396407391 5688913 436347945
21 0 39214141 5688913 397385762 5688913 436599903
22 0 38566505 5688913 398291930 5688913 436858435
23 0 37916036 5688913 399186413 5688913 437102449
24 0 37195716 5688913 400166469 5688913 437362185
25 0 36487747 5688913 401130433 5688913 437618180
26 0 35842389 5688913 402024972 5688913 437867361
27 0 35212105 5688913 402907992 5688913 438120097
28 0 34564747 5688913 403807031 5688913 438371778
29 0 33940092 5688913 404690570 5688913 438630662
30 0 33307622 5688913 405567424 5688913 438875046
31 0 32678708 5688913 406464315 5688913 439143023
32 0 32057256 5688913 407347891 5688913 439405147
1 0 54204845 5688924 257586812 5688924 311791657
2 0 52697317 5688924 259348724 5688924 312046041
3 0 51891147 5688924 260427815 5688924 312318962
4 0 51177474 5688924 261401316 5688924 312578790
5 0 50496932 5688924 262324039 5688924 312820971
6 0 49839796 5688924 263236207 5688924 313076003
7 0 49155123 5688924 264170116 5688924 313325239
8 0 48537024 5688924 265090765 5688924 313627789
9 0 47872703 5688924 265998341 5688924 313871044
10 0 47239437 5688924 266900176 5688924 314139613
11 0 46584282 5688924 267810789 5688924 314395071
12 0 45865444 5688924 268778086 5688924 314643530
13 0 45213049 5688924 269684513 5688924 314897562
14 0 44473137 5688924 270674180 5688924 315147317
15 0 43818445 5688924 271597200 5688924 315415645
16 0 43149328 5688924 272511831 5688924 315661159
17 0 42496118 5688924 273418092 5688924 315914210
18 0 41789520 5688924 274378537 5688924 316168057
19 0 40600375 5688924 275808011 5688924 316408386
20 0 39967942 5688924 276707272 5688924 316675214
21 0 39259270 5688924 277669939 5688924 316929209
22 0 38608301 5688924 278576570 5688924 317184871
23 0 37966239 5688924 279464091 5688924 317430330
24 0 37237827 5688924 280452461 5688924 317690288
25 0 36546543 5688924 281399073 5688924 317945616
26 0 35909444 5688924 282284742 5688924 318194186
27 0 35280733 5688924 283167615 5688924 318448348
28 0 34635448 5688924 284064691 5688924 318700139
29 0 34017368 5688924 284942785 5688924 318960153
30 0 33379713 5688924 285821139 5688924 319200852
31 0 32735911 5688924 286718400 5688924 319454311
32 0 32115292 5688924 287601754 5688924 319717046
1 0 56001940 5688934 907716157 5688934 963718097
2 0 54497431 5688934 909477161 5688934 963974592
3 0 53671429 5688934 910581566 5688934 964252995
4 0 52967089 5688934 911547771 5688934 964514860
5 0 52289287 5688934 912472494 5688934 964761781
6 0 51622004 5688934 913396847 5688934 965018851
7 0 50936702 5688934 914335885 5688934 965272587
8 0 50313731 5688934 915263128 5688934 965576859
9 0 49658299 5688934 916178259 5688934 965836558
10 0 49020922 5688934 917088853 5688934 966109775
11 0 48358731 5688934 918008817 5688934 966367548
12 0 47635337 5688934 918983206 5688934 966618543
13 0 46979608 5688934 919895708 5688934 966875316
14 0 46187530 5688934 920941022 5688934 967128552
15 0 45501932 5688934 921881967 5688934 967383899
16 0 44831944 5688934 922802784 5688934 967634728
17 0 44176030 5688934 923715304 5688934 967891334
18 0 43462081 5688934 924686823 5688934 968148904
19 0 42740539 5688934 925656971 5688934 968397510
20 0 42108032 5688934 926559492 5688934 968667524
21 0 41394675 5688934 927527511 5688934 968922186
22 0 40744872 5688934 928435957 5688934 969180829
23 0 40096569 5688934 929327848 5688934 969424417
24 0 39354305 5688934 930334107 5688934 969688412
25 0 38634356 5688934 931311996 5688934 969946352
26 0 38712373 5688934 932204720 5688934 970917093
27 0 38090440 5688934 933091148 5688934 971181588
28 0 37441563 5688934 933997539 5688934 971439102
29 0 36814834 5688934 934884374 5688934 971699208
30 0 36172346 5688934 935772876 5688934 971945222
31 0 35527636 5688934 936676470 5688934 972204106
32 0 34911018 5688934 937561546 5688934 972472564
1 0 73962681 5688945 551877499 5688945 625840180
2 0 72009217 5688945 554166938 5688945 626176155
3 0 71096215 5688945 555433137 5688945 626529352
4 0 70183084 5688945 556687151 5688945 626870235
5 0 69288897 5688945 557902443 5688945 627191340
6 0 68423988 5688945 559112994 5688945 627536982
7 0 67446080 5688945 560412600 5688945 627858680
8 0 66600781 5688945 561652410 5688945 628253191
9 0 65726630 5688945 562849721 5688945 628576351
10 0 64886849 5688945 564046662 5688945 628933511
11 0 64020791 5688945 565251973 5688945 629272764
12 0 63075198 5688945 566518949 5688945 629594147
13 0 62213862 5688945 567715316 5688945 629929178
14 0 62504727 5688945 568914960 5688945 631419687
15 0 61598096 5688945 570169233 5688945 631767329
16 0 60707316 5688945 571400007 5688945 632107323
17 0 59778037 5688945 572602281 5688945 632380318
18 0 58713613 5688945 573873368 5688945 632586981
19 0 57017459 5688945 575732019 5688945 632749478
20 0 56019329 5688945 576905849 5688945 632925178
21 0 54920627 5688945 578178381 5688945 633099008
22 0 53896146 5688945 579373340 5688945 633269486
23 0 52707724 5688945 580724500 5688945 633432224
24 0 51680169 5688945 581923700 5688945 633603869
25 0 50610449 5688945 583165584 5688945 633776033
26 0 49592448 5688945 584351859 5688945 633944307
27 0 48599541 5688945 585515522 5688945 634115063
28 0 47576449 5688945 586709630 5688945 634286079
29 0 46580300 5688945 587876238 5688945 634456538
30 0 45578986 5688945 589039123 5688945 634618109
31 0 44491840 5688945 590295989 5688945 634787829
32 0 43487266 5688945 591476448 5688945 634963714
1 0 56120161 5688956 482080283 5688956 538200444
2 0 54009015 5688956 484362944 5688956 538371959
3 0 52923108 5688956 485647458 5688956 538570566
4 0 51840814 5688956 486900990 5688956 538741804
5 0 50785149 5688956 488120189 5688956 538905338
6 0 49742816 5688956 489334574 5688956 539077390
7 0 48576800 5688956 490669383 5688956 539246183
8 0 47550394 5688956 491900841 5688956 539451235
9 0 46506246 5688956 493110171 5688956 539616417
10 0 45486988 5688956 494309815 5688956 539796803
11 0 44444711 5688956 495524126 5688956 539968837
12 0 43820167 5688956 496797398 5688956 540617565
13 0 42789390 5688956 498004117 5688956 540793507
14 0 41738168 5688956 499226261 5688956 540964429
15 0 40634671 5688956 500500996 5688956 541135667
16 0 39570617 5688956 501730325 5688956 541300942
17 0 38518765 5688956 502953377 5688956 541472142
18 0 37424563 5688956 504221742 5688956 541646305
19 0 36320677 5688956 505488700 5688956 541809377
20 0 35319825 5688956 506666548 5688956 541986373
21 0 34210234 5688956 507949080 5688956 542159314
22 0 33178772 5688956 509151465 5688956 542330237
23 0 32089959 5688956 510404183 5688956 542494142
24 0 31047868 5688956 511619104 5688956 542666972
25 0 29982313 5688956 512856544 5688956 542838857
26 0 28969924 5688956 514036671 5688956 543006595
27 0 27981739 5688956 515207112 5688956 543188851
28 0 27323474 5688956 516401034 5688956 543724508
29 0 26322474 5688956 517573790 5688956 543896264
30 0 25319178 5688956 518741268 5688956 544060446
31 0 24296529 5688956 519935265 5688956 544231794
32 0 22959962 5688956 521440792 5688956 544400754
1 0 56244732 5688967 417590967 5688967 473835699
2 0 54738464 5688967 419354379 5688967 474092843
3 0 53910053 5688967 420459895 5688967 474369948
4 0 53196085 5688967 421434951 5688967 474631036
5 0 52514042 5688967 422361749 5688967 474875791
6 0 51852351 5688967 423286565 5688967 475138916
7 0 51168900 5688967 424221455 5688967 475390355
8 0 50546561 5688967 425146789 5688967 475693350
9 0 49881702 5688967 426058532 5688967 475940234
10 0 49249140 5688967 426961682 5688967 476210822
11 0 48596060 5688967 427872868 5688967 476468928
12 0 47881276 5688967 428838147 5688967 476719423
13 0 47223918 5688967 429751426 5688967 476975344
14 0 46478210 5688967 430749685 5688967 477227895
15 0 45803130 5688967 431681816 5688967 477484946
16 0 45138902 5688967 432595262 5688967 477734164
17 0 44484192 5688967 433504504 5688967 477988696
18 0 43786019 5688967 434465468 5688967 478251487
19 0 42605912 5688967 435888886 5688967 478494798
20 0 41978201 5688967 436786832 5688967 478765033
21 0 41254233 5688967 437765203 5688967 479019436
22 0 40609875 5688967 438668612 5688967 479278487
23 0 39968424 5688967 439555373 5688967 479523797
24 0 39198809 5688967 440587002 5688967 479785811
25 0 39215234 5688967 441541836 5688967 480757070
26 0 38601209 5688967 442436264 5688967 481037473
27 0 37972350 5688967 443324618 5688967 481296968
28 0 37327991 5688967 444225157 5688967 481553148
29 0 36701336 5688967 445108974 5688967 481810310
30 0 36064256 5688967 445991550 5688967 482055806
31 0 35418342 5688967 446895459 5688967 482313801
32 0 34798983 5688967 447780017 5688967 482579000
1 0 47543986 5688978 337649845 5688978 385193831
2 0 45929461 5688978 339439441 5688978 385368902
3 0 45033070 5688978 340522921 5688978 385555991
4 0 44250955 5688978 341480922 5688978 385731877
5 0 43486987 5688978 342409905 5688978 385896892
6 0 42750039 5688978 343325776 5688978 386075815
7 0 41977461 5688978 344262870 5688978 386240331
8 0 41279196 5688978 345182186 5688978 386461382
9 0 40530340 5688978 346096706 5688978 386627046
10 0 39803353 5688978 347006060 5688978 386809413
11 0 39062774 5688978 347921117 5688978 386983891
12 0 38261048 5688978 348891506 5688978 387152554
13 0 37526728 5688978 349799045 5688978 387325773
14 0 36712058 5688978 350781786 5688978 387493844
15 0 35960276 5688978 351705824 5688978 387666100
16 0 35212197 5688978 352621974 5688978 387834171
17 0 34474081 5688978 353530920 5688978 388005001
18 0 33687503 5688978 354490273 5688978 388177776
19 0 32897111 5688978 355449236 5688978 388346347
20 0 32176365 5688978 356352053 5688978 388528418
21 0 31368862 5688978 357331738 5688978 388700600
22 0 30636819 5688978 358236666 5688978 388873485
23 0 29910110 5688978 359127946 5688978 389038056
24 0 29153587 5688978 360060947 5688978 389214534
25 0 28359991 5688978 361028929 5688978 389388920
26 0 27634153 5688978 361923357 5688978 389557510
27 0 26920351 5688978 362811007 5688978 389731358
28 0 26783762 5688978 363809451 5688978 390593213
29 0 26075108 5688978 364696509 5688978 390771617
30 0 25360639 5688978 365578215 5688978 390938854
31 0 24630986 5688978 366482550 5688978 391113536
32 0 23920592 5688978 367365311 5688978 391285903
1 0 53363823 5688989 47454648 5688989 100818471
2 0 51873740 5688989 49198301 5688989 101072041
3 0 51081440 5688989 50262022 5688989 101343462
4 0 50352990 5688989 51247282 5688989 101600272
5 0 49676873 5688989 52163968 5688989 101840841
6 0 49027255 5688989 53066396 5688989 102093651
7 0 48355823 5688989 53985305 5688989 102341128
8 0 47746001 5688989 54893288 5688989 102639289
9 0 47088402 5688989 55794012 5688989 102882414
10 0 46456341 5688989 56690606 5688989 103146947
11 0 45808741 5688989 57593738 5688989 103402479
12 0 45098310 5688989 58550942 5688989 103649252
13 0 44451377 5688989 59450370 5688989 103901747
14 0 43729373 5688989 60421518 5688989 104150891
15 0 43060588 5688989 61341835 5688989 104402423
16 0 42403693 5688989 62244929 5688989 104648622
17 0 41761020 5688989 63140357 5688989 104901377
18 0 41095329 5688989 64062988 5688989 105158317
19 0 40368435 5688989 65030562 5688989 105398997
20 0 39731317 5688989 65934472 5688989 105665789
21 0 39016775 5688989 66899120 5688989 105915895
22 0 38375824 5688989 67793900 5688989 106169724
23 0 37749539 5688989 68673310 5688989 106422849
24 0 37118125 5688989 69563126 5688989 106681251
25 0 36342639 5688989 70592107 5688989 106934746
26 0 35699762 5688989 71486035 5688989 107185797
27 0 35078607 5688989 72360130 5688989 107438737
28 0 34441748 5688989 73250058 5688989 107691806
29 0 33825501 5688989 74122264 5688989 107947765
30 0 33194031 5688989 74996007 5688989 108190038
31 0 32552376 5688989 75888935 5688989 108441311
32 0 31933721 5688989 76765641 5688989 108699362
1 0 53870184 5688999 717334526 5688999 771204710
2 0 52380860 5688999 719077253 5688999 771458113
3 0 51610374 5688999 720113993 5688999 771724367
4 0 50891683 5688999 721091994 5688999 771983677
5 0 50221956 5688999 722002569 5688999 772224525
6 0 49574097 5688999 722904201 5688999 772478298
7 0 48897999 5688999 723822072 5688999 772720071
8 0 48290361 5688999 724730704 5688999 773021065
9 0 47632930 5688999 725632909 5688999 773265839
10 0 47002959 5688999 726534041 5688999 773537000
11 0 46354805 5688999 727440468 5688999 773795273
12 0 45634689 5688999 728403876 5688999 774038565
13 0 44989386 5688999 729302711 5688999 774292097
14 0 44254492 5688999 730286193 5688999 774540685
15 0 43588949 5688999 731209417 5688999 774798366
16 0 42928294 5688999 732110567 5688999 775038861
17 0 42305473 5688999 733005457 5688999 775310930
18 0 41630838 5688999 733934921 5688999 775565759
19 0 40433490 5688999 735377135 5688999 775810625
20 0 39788130 5688999 736282730 5688999 776070860
21 0 39082273 5688999 737238805 5688999 776321078
22 0 38441360 5688999 738133806 5688999 776575166
23 0 37806279 5688999 739017364 5688999 776823643
24 0 37171476 5688999 739905051 5688999 777076527
25 0 36388231 5688999 740943550 5688999 777331781
26 0 35751409 5688999 741830460 5688999 777581869
27 0 35132847 5688999 742706555 5688999 777839402
28 0 34494155 5688999 743599149 5688999 778093304
29 0 33872574 5688999 744474374 5688999 778346948
30 0 33238863 5688999 745349154 5688999 778588017
31 0 32605079 5688999 746239730 5688999 778844809
32 0 31991406 5688999 747113954 5688999 779105360
1 0 75172658 5689010 612776525 5689010 687949183
2 0 73219157 5689010 615069057 5689010 688288214
3 0 72293230 5689010 616352440 5689010 688645670
4 0 71385247 5689010 617609787 5689010 688995034
5 0 70475597 5689010 618845431 5689010 689321028
6 0 69445172 5689010 620220202 5689010 689665374
7 0 68497856 5689010 621495308 5689010 689993164
8 0 67735667 5689010 622724729 5689010 690460396
9 0 66858128 5689010 623947410 5689010 690805538
10 0 66006847 5689010 625153758 5689010 691160605
11 0 65132085 5689010 626372569 5689010 691504654
12 0 64176714 5689010 627656545 5689010 691833259
13 0 63305657 5689010 628868448 5689010 692174105
14 0 62365285 5689010 630143462 5689010 692508747
15 0 61453932 5689010 631397105 5689010 692851037
16 0 60567004 5689010 632613582 5689010 693180586
17 0 59700372 5689010 633818541 5689010 693518913
18 0 58768426 5689010 635092907 5689010 693861333
19 0 57221566 5689010 636965131 5689010 694186697
20 0 56382359 5689010 638152146 5689010 694534505
21 0 55431340 5689010 639440085 5689010 694871425
22 0 54459358 5689010 640754431 5689010 695213789
23 0 53589689 5689010 641957168 5689010 695546857
24 0 52717724 5689010 643171701 5689010 695889425
25 0 51813204 5689010 644419659 5689010 696232863
26 0 50957664 5689010 645609285 5689010 696566949
27 0 50125457 5689010 646791560 5689010 696917017
28 0 49260880 5689010 647993445 5689010 697254325
29 0 48414045 5689010 649179163 5689010 697593208
30 0 47469802 5689010 650445603 5689010 697915405
31 0 46579356 5689010 651675654 5689010 698255010
32 0 45753723 5689010 652856873 5689010 698610596
1 0 53849814 5689021 497577776 5689021 551427590
2 0 52363082 5689021 499318781 5689021 551681863
3 0 51567541 5689021 500386576 5689021 551954117
4 0 50857999 5689021 501354502 5689021 552212501
5 0 50184697 5689021 502269985 5689021 552454682
6 0 49535746 5689021 503174024 5689021 552709770
7 0 48867869 5689021 504091081 5689021 552958950
8 0 48261306 5689021 505001379 5689021 553262685
9 0 47606207 5689021 505902492 5689021 553508699
10 0 46971405 5689021 506802864 5689021 553774269
11 0 46322731 5689021 507709199 5689021 554031930
12 0 45610559 5689021 508668700 5689021 554279259
13 0 44958683 5689021 509574590 5689021 554533273
14 0 44240029 5689021 510541980 5689021 554782009
15 0 43582894 5689021 511453481 5689021 555036375
16 0 42922721 5689021 512362168 5689021 555284889
17 0 42294566 5689021 513256540 5689021 555551106
18 0 41634300 5689021 514174060 5689021 555808360
19 0 40447896 5689021 515602515 5689021 556050411
20 0 39802575 5689021 516517776 5689021 556320351
21 0 39091181 5689021 517479147 5689021 556570328
22 0 38445322 5689021 518380019 5689021 556825341
23 0 37805946 5689021 519262206 5689021 557068152
24 0 37096996 5689021 520230799 5689021 557327795
25 0 36391898 5689021 521190596 5689021 557582494
26 0 35754021 5689021 522078561 5689021 557832582
27 0 35138199 5689021 522952341 5689021 558090540
28 0 34500321 5689021 523843640 5689021 558343961
29 0 33886852 5689021 524716605 5689021 558603457
30 0 33255419 5689021 525592218 5689021 558847637
31 0 32610209 5689021 526490683 5689021 559100892
32 0 31997331 5689021 527366463 5689021 559363794
1 0 53665206 5689032 117394174 5689032 171059380
2 0 52135605 5689032 119177752 5689032 171313357
3 0 51362897 5689032 120236307 5689032 171599204
4 0 50650206 5689032 121204826 5689032 171855032
5 0 49975052 5689032 122122383 5689032 172097435
6 0 49320343 5689032 123030773 5689032 172351116
7 0 48644355 5689032 123955904 5689032 172600259
8 0 48032904 5689032 124867146 5689032 172900050
9 0 47367027 5689032 125776222 5689032 173143249
10 0 46727279 5689032 126680298 5689032 173407577
11 0 46074848 5689032 127587540 5689032 173662388
12 0 45365194 5689032 128545226 5689032 173910420
13 0 44713336 5689032 129449561 5689032 174162897
14 0 43985794 5689032 130425580 5689032 174411374
15 0 43322454 5689032 131344045 5689032 174666499
16 0 42660707 5689032 132253435 5689032 174914142
17 0 42002034 5689032 133164011 5689032 175166045
18 0 41317565 5689032 134102623 5689032 175420188
19 0 40603634 5689032 135056994 5689032 175660628
20 0 39969183 5689032 135959440 5689032 175928623
21 0 39256641 5689032 136923552 5689032 176180193
22 0 38612763 5689032 137820906 5689032 176433669
23 0 37968572 5689032 138707611 5689032 176676183
24 0 37336880 5689032 139596854 5689032 176933734
25 0 36552228 5689032 140635668 5689032 177187896
26 0 35906129 5689032 141531948 5689032 177438077
27 0 35297196 5689032 142409228 5689032 177706424
28 0 34657004 5689032 143303285 5689032 177960289
29 0 34039756 5689032 144178602 5689032 178218358
30 0 33406750 5689032 145053882 5689032 178460632
31 0 32766021 5689032 145948162 5689032 178714183
32 0 32154458 5689032 146820183 5689032 178974641
1 0 73581502 5689043 52751984 5689043 126333486
2 0 71648632 5689043 55023589 5689043 126672221
3 0 70734611 5689043 56295473 5689043 127030084
4 0 69847572 5689043 57533413 5689043 127380985
5 0 68957477 5689043 58749928 5689043 127707405
6 0 68085382 5689043 59962424 5689043 128047806
7 0 67047439 5689043 61323639 5689043 128371078
8 0 66238602 5689043 62540320 5689043 128778922
9 0 65378618 5689043 63742113 5689043 129120731
10 0 64537022 5689043 64935109 5689043 129472131
11 0 63677001 5689043 66136198 5689043 129813199
12 0 62785944 5689043 67411322 5689043 130197266
13 0 61934200 5689043 68610300 5689043 130544500
14 0 61068161 5689043 69812166 5689043 130880327
15 0 60081105 5689043 71139512 5689043 131220617
16 0 59193158 5689043 72361638 5689043 131554796
17 0 58334045 5689043 73558838 5689043 131892883
18 0 57410396 5689043 74822740 5689043 132233136
19 0 56467247 5689043 76087198 5689043 132554445
20 0 55645447 5689043 77263472 5689043 132908919
21 0 54696316 5689043 78547671 5689043 133243987
22 0 53839499 5689043 79743760 5689043 133583259
23 0 52914220 5689043 80992551 5689043 133906771
24 0 52055088 5689043 82198936 5689043 134254024
25 0 51154178 5689043 83442395 5689043 134596573
26 0 50303546 5689043 84625984 5689043 134929530
27 0 49471062 5689043 85795573 5689043 135266635
28 0 48613486 5689043 86989569 5689043 135603055
29 0 47791390 5689043 88154788 5689043 135946178
30 0 46945905 5689043 89322656 5689043 136268561
31 0 45978683 5689043 90628131 5689043 136606814
32 0 45154364 5689043 91803739 5689043 136958103
1 0 71687390 5689053 661702711 5689053 733390101
2 0 69779684 5689053 663963410 5689053 733743094
3 0 68859738 5689053 665237572 5689053 734097310
4 0 67951385 5689053 666486530 5689053 734437915
5 0 67060698 5689053 667700822 5689053 734761520
6 0 66188140 5689053 668911929 5689053 735100069
7 0 65213177 5689053 670208053 5689053 735421230
8 0 64350656 5689053 671467011 5689053 735817667
9 0 63468339 5689053 672673878 5689053 736142217
10 0 62615392 5689053 673881448 5689053 736496840
11 0 61750111 5689053 675088426 5689053 736838537
12 0 60803352 5689053 676357920 5689053 737161272
13 0 59932385 5689053 677568417 5689053 737500802
14 0 59064902 5689053 678770061 5689053 737834963
15 0 58190881 5689053 679984094 5689053 738174975
16 0 57212899 5689053 681285755 5689053 738498654
17 0 56345175 5689053 682488658 5689053 738833833
18 0 55437691 5689053 683738006 5689053 739175697
19 0 54484006 5689053 685013667 5689053 739497673
20 0 53623059 5689053 686220626 5689053 739843685
21 0 53231029 5689053 687509528 5689053 740740557
22 0 52375267 5689053 688712191 5689053 741087458
23 0 51525061 5689053 689890613 5689053 741415674
24 0 50601096 5689053 691156127 5689053 741757223
25 0 49704631 5689053 692396493 5689053 742101124
26 0 48876703 5689053 693575841 5689053 742452544
27 0 48044978 5689053 694747245 5689053 742792223
28 0 47180031 5689053 695947019 5689053 743127050
29 0 46348564 5689053 697116868 5689053 743465432
30 0 45495877 5689053 698291494 5689053 743787371
31 0 44639967 5689053 699488583 5689053 744128550
32 0 43666651 5689053 700807170 5689053 744473821
1 0 53920943 5689064 317406680 5689064 371327623
2 0 52407971 5689064 319174388 5689064 371582359
3 0 51609170 5689064 320244572 5689064 371853742
4 0 50899720 5689064 321217258 5689064 372116978
5 0 50224326 5689064 322139981 5689064 372364307
6 0 49569875 5689064 323055557 5689064 372625432
7 0 48883591 5689064 323987373 5689064 372870964
8 0 48268936 5689064 324909245 5689064 373178181
9 0 47598374 5689064 325825617 5689064 373423991
10 0 46964053 5689064 326734026 5689064 373698079
11 0 46316565 5689064 327650990 5689064 373967555
12 0 45584208 5689064 328627065 5689064 374211273
13 0 44925850 5689064 329540399 5689064 374466249
14 0 44156419 5689064 330568140 5689064 374724559
15 0 43482081 5689064 331502418 5689064 374984499
16 0 42805038 5689064 332423475 5689064 375228513
17 0 42147846 5689064 333334218 5689064 375482064
18 0 41472100 5689064 334273348 5689064 375745448
19 0 40745112 5689064 335244442 5689064 375989554
20 0 40105829 5689064 336150332 5689064 376256161
21 0 39392323 5689064 337117166 5689064 376509489
22 0 38744465 5689064 338022723 5689064 376767188
23 0 38103569 5689064 338914596 5689064 377018165
24 0 37462674 5689064 339811634 5689064 377274308
25 0 36707448 5689064 340821782 5689064 377529230
26 0 36060478 5689064 341721710 5689064 377782188
27 0 35441248 5689064 342602879 5689064 378044127
28 0 34793242 5689064 343507547 5689064 378300789
29 0 34168865 5689064 344389327 5689064 378558192
30 0 33526303 5689064 345276792 5689064 378803095
31 0 32885871 5689064 346181534 5689064 379067405
32 0 32267696 5689064 347066111 5689064 379333807
1 0 54693817 5689074 997594175 5689075 52287992
2 0 53162067 5689074 999383901 5689075 52545968
3 0 52339509 5689075 484621 5689075 52824130
4 0 51625521 5689075 1464622 5689075 53090143
5 0 50940312 5689075 2399660 5689075 53339972
6 0 50268325 5689075 3331179 5689075 53599504
7 0 49577931 5689075 4274180 5689075 53852111
8 0 48955534 5689075 5203145 5689075 54158679
9 0 48283955 5689075 6121942 5689075 54405897
10 0 47654910 5689075 7039166 5689075 54694076
11 0 46990942 5689075 7964278 5689075 54955220
12 0 46263733 5689075 8942834 5689075 55206567
13 0 45597819 5689075 9868762 5689075 55466581
14 0 44807630 5689075 10912335 5689075 55719965
15 0 44133032 5689075 11843595 5689075 55976627
16 0 43459100 5689075 12768226 5689075 56227326
17 0 42798223 5689075 13685857 5689075 56484080
18 0 42093754 5689075 14649895 5689075 56743649
19 0 40905443 5689075 16084165 5689075 56989608
20 0 40266289 5689075 16992888 5689075 57259177
21 0 39550598 5689075 17967056 5689075 57517654
22 0 38897000 5689075 18880927 5689075 57777927
23 0 38244715 5689075 19780485 5689075 58025200
24 0 37533598 5689075 20752689 5689075 58286287
25 0 36836315 5689075 21708375 5689075 58544690
26 0 36182475 5689075 22613914 5689075 58796389
27 0 35550691 5689075 23505082 5689075 59055773
28 0 34896295 5689075 24415436 5689075 59311731
29 0 34268325 5689075 25306901 5689075 59575226
30 0 33627338 5689075 26194736 5689075 59822074
31 0 33020460 5689075 27101275 5689075 60121735
32 0 32408953 5689075 27990740 5689075 60399693
1 0 53441247 5689085 657104442 5689085 710545689
2 0 51924701 5689085 658873187 5689085 710797888
3 0 51231604 5689085 659839335 5689085 711070939
4 0 50449785 5689085 660880038 5689085 711329823
5 0 49766241 5689085 661805077 5689085 711571318
6 0 49109661 5689085 662716708 5689085 711826369
7 0 48435470 5689085 663641228 5689085 712076698
8 0 47823352 5689085 664555229 5689085 712378581
9 0 47163586 5689085 665460324 5689085 712623910
10 0 46530635 5689085 666358307 5689085 712888942
11 0 45880795 5689085 667262679 5689085 713143474
12 0 45166845 5689085 668223606 5689085 713390451
13 0 44517247 5689085 669126755 5689085 713644002
14 0 43821000 5689085 670071405 5689085 713892405
15 0 43138142 5689085 671009591 5689085 714147733
16 0 42487044 5689085 671921981 5689085 714409025
17 0 41843388 5689085 672818928 5689085 714662316
18 0 41182031 5689085 673735910 5689085 714917941
19 0 40438970 5689085 674719670 5689085 715158640
20 0 39791260 5689085 675635468 5689085 715426728
21 0 39074996 5689085 676603968 5689085 715678964
22 0 38429008 5689085 677504100 5689085 715933108
23 0 37788982 5689085 678386917 5689085 716175899
24 0 37161810 5689085 679273733 5689085 716435543
25 0 36437508 5689085 680253826 5689085 716691334
26 0 35783038 5689085 681160458 5689085 716943496
27 0 35159494 5689085 682036997 5689085 717196491
28 0 34517470 5689085 682930443 5689085 717447913
29 0 33902666 5689085 683804946 5689085 717707612
30 0 33269493 5689085 684680688 5689085 717950181
31 0 32631931 5689085 685571394 5689085 718203325
32 0 32017997 5689085 686445045 5689085 718463042
1 0 72132178 5689096 592161530 5689096 664293708
2 0 70177825 5689096 594451987 5689096 664629812
3 0 69251824 5689096 595731871 5689096 664983695
4 0 68363544 5689096 596966996 5689096 665330540
5 0 67477449 5689096 598177622 5689096 665655071
6 0 66614540 5689096 599377155 5689096 665991695
7 0 65580095 5689096 600733556 5689096 666313651
8 0 64750389 5689096 601962329 5689096 666712718
9 0 63866294 5689096 603169788 5689096 667036082
10 0 63034494 5689096 604353100 5689096 667387594
11 0 62174918 5689096 605555707 5689096 667730625
12 0 61221381 5689096 606828905 5689096 668050286
13 0 60358027 5689096 608029679 5689096 668387706
14 0 59491190 5689096 609227120 5689096 668718310
15 0 58564152 5689096 610493967 5689096 669058119
16 0 57675428 5689096 611701889 5689096 669377317
17 0 56821129 5689096 612891978 5689096 669713107
18 0 56080383 5689096 614112270 5689096 670192653
19 0 54557597 5689096 615981606 5689096 670539203
20 0 53698280 5689096 617188731 5689096 670887011
21 0 52754297 5689096 618467782 5689096 671222079
22 0 51897720 5689096 619661056 5689096 671558776
23 0 50964163 5689096 620931625 5689096 671895788
24 0 50111735 5689096 622121029 5689096 672232764
25 0 49081162 5689096 623362857 5689096 672444019
26 0 48135327 5689096 624532132 5689096 672667459
27 0 47149142 5689096 625693536 5689096 672842678
28 0 46133272 5689096 626880366 5689096 673013638
29 0 45137884 5689096 628046955 5689096 673184839
30 0 44134809 5689096 629214860 5689096 673349669
31 0 43035904 5689096 630485058 5689096 673520962
32 0 42030552 5689096 631666351 5689096 673696903
1 0 71642853 5689107 232391580 5689107 304034433
2 0 69702482 5689107 234683074 5689107 304385556
3 0 68770962 5689107 235971013 5689107 304741975
4 0 67868979 5689107 237226786 5689107 305095765
5 0 66967922 5689107 238453856 5689107 305421778
6 0 66089697 5689107 239672074 5689107 305761771
7 0 65078068 5689107 241008716 5689107 306086784
8 0 64244602 5689107 242250600 5689107 306495202
9 0 63358137 5689107 243464392 5689107 306822529
10 0 62510930 5689107 244670148 5689107 307181078
11 0 61622262 5689107 245903754 5689107 307526016
12 0 60662669 5689107 247193971 5689107 307856640
13 0 59790981 5689107 248404578 5689107 308195559
14 0 58909312 5689107 249618445 5689107 308527757
15 0 57939979 5689107 250926531 5689107 308866510
16 0 57029125 5689107 252167082 5689107 309196207
17 0 56148216 5689107 253385337 5689107 309533553
18 0 55216788 5689107 254657166 5689107 309873954
19 0 55293972 5689107 255926605 5689107 311220577
20 0 54455988 5689107 257128879 5689107 311584867
21 0 53520672 5689107 258412114 5689107 311932786
22 0 52654854 5689107 259618333 5689107 312273187
23 0 51511450 5689107 260961326 5689107 312472776
24 0 50533153 5689107 262169711 5689107 312702864
25 0 49458766 5689107 263418669 5689107 312877435
26 0 48435748 5689107 264612351 5689107 313048099
27 0 47437414 5689107 265794681 5689107 313232095
28 0 46407452 5689107 266997362 5689107 313404814
29 0 45398360 5689107 268178062 5689107 313576422
30 0 44381749 5689107 269358892 5689107 313740641
31 0 43275177 5689107 270637313 5689107 313912490
32 0 42265844 5689107 271823717 5689107 314089561
1 0 54730890 5689118 97494781 5689118 152225671
2 0 53200752 5689118 99283063 5689118 152483815
3 0 52361804 5689118 100390561 5689118 152752365
4 0 51640577 5689118 101373728 5689118 153014305
5 0 50957164 5689118 102307247 5689118 153264411
6 0 50298305 5689118 103225638 5689118 153523943
7 0 49597485 5689118 104174009 5689118 153771494
8 0 48977220 5689118 105100732 5689118 154077952
9 0 48312676 5689118 106012493 5689118 154325169
10 0 47676318 5689118 106922217 5689118 154598535
11 0 47019071 5689118 107838385 5689118 154857456
12 0 46288603 5689118 108812978 5689118 155101581
13 0 45628577 5689118 109726758 5689118 155355335
14 0 44884073 5689118 110729239 5689118 155613312
15 0 44200919 5689118 111667518 5689118 155868437
16 0 43520339 5689118 112592297 5689118 156112636
17 0 42866573 5689118 113502206 5689118 156368779
18 0 42174938 5689118 114469392 5689118 156644330
19 0 40970535 5689118 115917105 5689118 156887640
20 0 40324435 5689118 116827200 5689118 157151635
21 0 39609134 5689118 117797015 5689118 157406149
22 0 38956054 5689118 118711646 5689118 157667700
23 0 38306417 5689118 119607000 5689118 157913417
24 0 37542302 5689118 120626129 5689118 158168431
25 0 36846370 5689118 121579667 5689118 158426037
26 0 36209808 5689118 122474521 5689118 158684329
27 0 35581302 5689118 123358689 5689118 158939991
28 0 34932888 5689118 124261413 5689118 159194301
29 0 34306936 5689118 125143564 5689118 159450500
30 0 33660986 5689118 126033028 5689118 159694014
31 0 33019664 5689118 126935956 5689118 159955620
32 0 33085997 5689118 127821254 5689118 160907251
1 0 54170530 5689129 87547141 5689129 141717671
2 0 52677132 5689129 89295145 5689129 141972277
3 0 51844648 5689129 90395254 5689129 142239902
4 0 51126475 5689129 91372329 5689129 142498804
5 0 50451025 5689129 92293738 5689129 142744763
6 0 49797000 5689129 93204480 5689129 143001480
7 0 49117902 5689129 94133055 5689129 143250957
8 0 48490451 5689129 95058334 5689129 143548785
9 0 47827814 5689129 95968651 5689129 143796465
10 0 47192622 5689129 96872264 5689129 144064886
11 0 46539783 5689129 97780673 5689129 144320456
12 0 45835148 5689129 98741544 5689129 144576692
13 0 45183827 5689129 99649323 5689129 144833150
14 0 44411526 5689129 100672693 5689129 145084219
15 0 43743131 5689129 101594046 5689129 145337177
16 0 43079533 5689129 102500640 5689129 145580173
17 0 42436674 5689129 103400142 5689129 145836816
18 0 41741168 5689129 104351588 5689129 146092756
19 0 41024274 5689129 105311922 5689129 146336196
20 0 40387767 5689129 106211757 5689129 146599524
21 0 39670392 5689129 107184294 5689129 146854686
22 0 39029756 5689129 108079592 5689129 147109348
23 0 38384527 5689129 108967983 5689129 147352510
24 0 37749169 5689129 109859133 5689129 147608302
25 0 37002090 5689129 110864207 5689129 147866297
26 0 36363064 5689129 111754580 5689129 148117644
27 0 35735724 5689129 112636582 5689129 148372306
28 0 35087570 5689129 113538843 5689129 148626413
29 0 34465785 5689129 114417086 5689129 148882871
30 0 33827483 5689129 115298143 5689129 149125626
31 0 33184809 5689129 116196849 5689129 149381658
32 0 32568043 5689129 117075314 5689129 149643357
1 0 71610854 5689139 952015649 5689140 23626503
2 0 69629483 5689139 954329217 5689140 23958700
3 0 68707834 5689139 955605045 5689140 24312879
4 0 67809498 5689139 956844800 5689140 24654298
5 0 66926349 5689139 958057703 5689140 24984052
6 0 66055217 5689139 959268884 5689140 25324101
7 0 65056198 5689139 960589915 5689140 25646113
8 0 64224306 5689139 961820985 5689140 26045291
9 0 63348322 5689139 963025833 5689140 26374155
10 0 62501616 5689139 964222570 5689140 26724186
11 0 61633336 5689139 965430881 5689140 27064217
12 0 60689520 5689139 966698709 5689140 27388229
13 0 59835684 5689139 967888576 5689140 27724260
14 0 58972755 5689139 969090554 5689140 28063309
15 0 58054291 5689139 970343993 5689140 28398284
16 0 57146030 5689139 971571230 5689140 28717260
17 0 56300509 5689139 972769781 5689140 29070290
18 0 55402247 5689139 974016518 5689140 29418765
19 0 53880036 5689139 975856057 5689140 29736093
20 0 53070513 5689139 977050591 5689140 30121104
21 0 52141920 5689139 978331604 5689140 30473524
22 0 51289824 5689139 979526860 5689140 30816684
23 0 50297454 5689139 980842372 5689140 31139826
24 0 49438618 5689139 982036146 5689140 31474764
25 0 48530560 5689139 983282253 5689140 31812813
26 0 47694558 5689139 984455083 5689140 32149641
27 0 46859573 5689139 985626265 5689140 32485838
28 0 46008552 5689139 986815409 5689140 32823961
29 0 45180734 5689139 987979073 5689140 33159807
30 0 44337028 5689139 989149810 5689140 33486838
31 0 43435730 5689139 990388176 5689140 33823906
32 0 42594911 5689139 991573562 5689140 34168473
1 0 62250880 5689150 612508596 5689150 674759476
2 0 60143511 5689150 614789202 5689150 674932713
3 0 59042995 5689150 616072956 5689150 675115951
4 0 57971386 5689150 617318062 5689150 675289448
5 0 56918627 5689150 618535540 5689150 675454167
6 0 55882942 5689150 619743573 5689150 675626515
7 0 54727649 5689150 621065863 5689150 675793512
8 0 53721409 5689150 622287433 5689150 676008842
9 0 52689151 5689150 623489299 5689150 676178450
10 0 51673225 5689150 624684777 5689150 676358002
11 0 50642299 5689150 625890292 5689150 676532591
12 0 49530579 5689150 627165176 5689150 676695755
13 0 48497691 5689150 628370857 5689150 676868548
14 0 47454951 5689150 629581705 5689150 677036656
15 0 46200863 5689150 631007012 5689150 677207875
16 0 45154642 5689150 632217082 5689150 677371724
17 0 44132327 5689150 633412393 5689150 677544720
18 0 43044756 5689150 634673443 5689150 677718199
19 0 41954164 5689150 635926550 5689150 677880714
20 0 40953164 5689150 637105269 5689150 678058433
21 0 39826167 5689150 638403096 5689150 678229263
22 0 38804298 5689150 639595444 5689150 678399742
23 0 37712281 5689150 640850921 5689150 678563202
24 0 36692485 5689150 642042380 5689150 678734865
25 0 35628727 5689150 643280709 5689150 678909436
26 0 34619671 5689150 644459206 5689150 679078877
27 0 33626894 5689150 645625110 5689150 679252004
28 0 32607690 5689150 646817551 5689150 679425241
29 0 31613024 5689150 647984344 5689150 679597368
30 0 30611764 5689150 649152415 5689150 679764179
31 0 29285400 5689150 650650406 5689150 679935806
32 0 28316862 5689150 651852328 5689150 680169190
1 0 72830387 5689161 530124874 5689161 602955261
2 0 70824498 5689161 532470979 5689161 603295477
3 0 69893997 5689161 533760084 5689161 603654081
4 0 69003551 5689161 535012283 5689161 604015834
5 0 68108234 5689161 536237316 5689161 604345550
6 0 67227714 5689161 537461515 5689161 604689229
7 0 66305083 5689161 538708140 5689161 605013223
8 0 65475709 5689161 539946469 5689161 605422178
9 0 64463061 5689161 541287722 5689161 605750783
10 0 63605743 5689161 542501700 5689161 606107443
11 0 62735334 5689161 543717436 5689161 606452770
12 0 61781296 5689161 544996986 5689161 606778282
13 0 60914516 5689161 546204816 5689161 607119332
14 0 60027847 5689161 547425015 5689161 607452862
15 0 59150086 5689161 548641678 5689161 607791764
16 0 58258436 5689161 549859470 5689161 608117906
17 0 57313731 5689161 551148668 5689161 608462399
18 0 55753852 5689161 553049633 5689161 608803485
19 0 54808055 5689161 554318906 5689161 609126961
20 0 53974849 5689161 555503550 5689161 609478399
21 0 53032699 5689161 556785008 5689161 609817707
22 0 52229141 5689161 557990763 5689161 610219904
23 0 51375285 5689161 559182186 5689161 610557471
24 0 50450655 5689161 560453569 5689161 610904224
25 0 49517783 5689161 561727972 5689161 611245755
26 0 48666706 5689161 562914357 5689161 611581063
27 0 47826611 5689161 564096224 5689161 611922835
28 0 46981960 5689161 565295813 5689161 612277773
29 0 46147086 5689161 566474643 5689161 612621729
30 0 45284362 5689161 567660991 5689161 612945353
31 0 44430433 5689161 568854543 5689161 613284976
32 0 43535320 5689161 570101390 5689161 613636710
1 0 65959626 5689172 222242028 5689172 288201654
2 0 63881313 5689172 224491653 5689172 288372966
3 0 62785073 5689172 225767074 5689172 288552147
4 0 61736464 5689172 226999347 5689172 288735811
5 0 60694298 5689172 228205473 5689172 288899771
6 0 59669965 5689172 229400636 5689172 289070601
7 0 58448265 5689172 230784666 5689172 289232931
8 0 57427191 5689172 232012884 5689172 289440075
9 0 56390970 5689172 233213158 5689172 289604128
10 0 55374100 5689172 234409432 5689172 289783532
11 0 54339063 5689172 235615095 5689172 289954158
12 0 53277639 5689172 236876719 5689172 290154358
13 0 52251936 5689172 238074993 5689172 290326929
14 0 51214992 5689172 239280638 5689172 290495630
15 0 50113513 5689172 240551503 5689172 290665016
16 0 49059829 5689172 241768239 5689172 290828068
17 0 48033718 5689172 242966532 5689172 291000250
18 0 46925257 5689172 244244971 5689172 291170228
19 0 45830944 5689172 245502337 5689172 291333281
20 0 44835778 5689172 246672259 5689172 291508037
21 0 43730706 5689172 247948365 5689172 291679071
22 0 42713780 5689172 249133658 5689172 291847438
23 0 41645818 5689172 250364080 5689172 292009898
24 0 40616189 5689172 251563724 5689172 292179913
25 0 39548931 5689172 252801238 5689172 292350169
26 0 38547580 5689172 253968994 5689172 292516574
27 0 37556395 5689172 255130935 5689172 292687330
28 0 36905055 5689172 256318006 5689172 293223061
29 0 35925073 5689172 257481318 5689172 293406391
30 0 34924814 5689172 258643055 5689172 293567869
31 0 33911980 5689172 259827256 5689172 293739236
32 0 32766039 5689172 261140509 5689172 293906548
1 0 54589726 5689183 177415903 5689183 232005629
2 0 53090754 5689183 179169944 5689183 232260698
3 0 52304213 5689183 180223054 5689183 232527267
4 0 51576171 5689183 181208314 5689183 232784485
5 0 50902091 5689183 182126389 5689183 233028480
6 0 50250640 5689183 183031150 5689183 233281790
7 0 49569023 5689183 183954374 5689183 233523397
8 0 48954609 5689183 184868727 5689183 233823336
9 0 48295694 5689183 185771544 5689183 234067238
10 0 47678428 5689183 186668046 5689183 234346474
11 0 47037070 5689183 187568047 5689183 234605117
12 0 46325398 5689183 188522270 5689183 234847668
13 0 45678448 5689183 189423068 5689183 235101516
14 0 44922646 5689183 190427476 5689183 235350122
15 0 44256548 5689183 191349199 5689183 235605747
16 0 43595338 5689183 192252645 5689183 235847983
17 0 42951535 5689183 193150240 5689183 236101775
18 0 42264289 5689183 194093796 5689183 236358085
19 0 41072218 5689183 195527473 5689183 236599691
20 0 40437656 5689183 196421753 5689183 236859409
21 0 39723743 5689183 197385994 5689183 237109737
22 0 39081422 5689183 198280922 5689183 237362344
23 0 38445581 5689183 199162943 5689183 237608524
24 0 37768094 5689183 200096555 5689183 237864649
25 0 37053571 5689183 201067833 5689183 238121404
26 0 36418286 5689183 201951150 5689183 238369436
27 0 35794390 5689183 202828875 5689183 238623265
28 0 35152606 5689183 203720784 5689183 238873390
29 0 34534284 5689183 204593546 5689183 239127830
30 0 33905185 5689183 205464807 5689183 239369992
31 0 33269474 5689183 206355124 5689183 239624598
32 0 32652485 5689183 207232682 5689183 239885167
1 0 53722316 5689193 807500246 5689193 861222562
2 0 52217881 5689193 809258510 5689193 861476391
3 0 51410730 5689193 810332508 5689193 861743238
4 0 50693465 5689193 811308842 5689193 862002307
5 0 50018088 5689193 812230714 5689193 862248802
6 0 49360675 5689193 813144363 5689193 862505038
7 0 48674521 5689193 814073216 5689193 862747737
8 0 48062643 5689193 814991792 5689193 863054435
9 0 47400600 5689193 815897923 5689193 863298523
10 0 46767297 5689193 816801721 5689193 863569018
11 0 46116513 5689193 817708297 5689193 863824810
12 0 45384212 5689193 818682112 5689193 864066324
13 0 44732409 5689193 819586577 5689193 864318986
14 0 43970794 5689193 820604891 5689193 864575685
15 0 43286991 5689193 821541374 5689193 864828365
16 0 42617522 5689193 822452709 5689193 865070231
17 0 41967868 5689193 823357747 5689193 865325615
18 0 41262548 5689193 824323396 5689193 865585944
19 0 40537728 5689193 825290008 5689193 865827736
20 0 39913776 5689193 826176010 5689193 866089786
21 0 39205197 5689193 827139585 5689193 866344782
22 0 38555950 5689193 828046234 5689193 866602184
23 0 37911517 5689193 828932533 5689193 866844050
24 0 37271863 5689193 829826368 5689193 867098231
25 0 36535173 5689193 830830979 5689193 867366152
26 0 35898221 5689193 831721222 5689193 867619443
27 0 35269640 5689193 832603113 5689193 867872753
28 0 34625764 5689193 833502059 5689193 868127823
29 0 34000923 5689193 834381561 5689193 868382484
30 0 33360102 5689193 835263785 5689193 868623887
31 0 32721558 5689193 836163991 5689193 868885549
32 0 32104033 5689193 837042271 5689193 869146304
1 0 57747575 5689204 672659940 5689204 730407515
2 0 55721335 5689204 674944620 5689204 730665955
3 0 54719260 5689204 676221004 5689204 730940264
4 0 53738945 5689204 677458592 5689204 731197537
5 0 52767000 5689204 678675829 5689204 731442829
6 0 51814222 5689204 679883343 5689204 731697565
7 0 50633911 5689204 681318372 5689204 731952283
8 0 49760483 5689204 682488998 5689204 732249481
9 0 48998182 5689204 683497628 5689204 732495810
10 0 48362490 5689204 684403148 5689204 732765638
11 0 47712595 5689204 685314316 5689204 733026911
12 0 46988738 5689204 686279724 5689204 733268462
13 0 46350694 5689204 687187152 5689204 733537846
14 0 45696447 5689204 688092283 5689204 733788730
15 0 45044051 5689204 688999026 5689204 734043077
16 0 44393434 5689204 689904046 5689204 734297480
17 0 43678428 5689204 690873528 5689204 734551956
18 0 42973849 5689204 691833640 5689204 734807489
19 0 42260104 5689204 692790177 5689204 735050281
20 0 41650263 5689204 693668550 5689204 735318813
21 0 40945332 5689204 694628328 5689204 735573660
22 0 40302381 5689204 695527404 5689204 735829785
23 0 39657799 5689204 696414703 5689204 736072502
24 0 39029441 5689204 697304964 5689204 736334405
25 0 38356954 5689204 698235872 5689204 736592826
26 0 37723187 5689204 699120134 5689204 736843321
27 0 37105680 5689204 699993988 5689204 737099668
28 0 36403157 5689204 700955544 5689204 737358701
29 0 35780372 5689204 701834602 5689204 737614974
30 0 35153402 5689204 702708382 5689204 737861784
31 0 34513802 5689204 703602773 5689204 738116575
32 0 33909351 5689204 704474942 5689204 738384293
1 0 70194658 5689215 612453006 5689215 682647664
2 0 68058217 5689215 614760222 5689215 682818439
3 0 66972255 5689215 616026236 5689215 682998491
4 0 65914793 5689215 617257213 5689215 683172006
5 0 64862201 5689215 618472209 5689215 683334410
6 0 63824276 5689215 619681557 5689215 683505833
7 0 62644854 5689215 621023458 5689215 683668312
8 0 61652409 5689215 622234343 5689215 683886752
9 0 60617521 5689215 623432228 5689215 684049749
10 0 59613225 5689215 624614669 5689215 684227894
11 0 58586355 5689215 625811517 5689215 684397872
12 0 57479691 5689215 627080382 5689215 684560073
13 0 56455840 5689215 628273545 5689215 684729385
14 0 55416489 5689215 629479726 5689215 684896215
15 0 54308046 5689215 630758240 5689215 685066286
16 0 53266510 5689215 631963106 5689215 685229616
17 0 52242733 5689215 633155195 5689215 685397928
18 0 51155179 5689215 634412616 5689215 685567795
19 0 50067847 5689215 635659686 5689215 685727533
20 0 49070495 5689215 636832164 5689215 685902659
21 0 47969942 5689215 638102677 5689215 686072619
22 0 46958034 5689215 639284785 5689215 686242819
23 0 45850537 5689215 640554150 5689215 686404687
24 0 44829981 5689215 641744369 5689215 686574350
25 0 43766427 5689215 642978161 5689215 686744588
26 0 42760038 5689215 644151380 5689215 686911418
27 0 41770335 5689215 645311617 5689215 687081952
28 0 40757761 5689215 646496336 5689215 687254097
29 0 39768465 5689215 647654944 5689215 687423409
30 0 39153383 5689215 648819793 5689215 687973176
31 0 38145162 5689215 649999641 5689215 688144803
32 0 36957943 5689215 651354301 5689215 688312244
