1 0 963170576 1708722 589958330 1708723 553128906
2 0 656581484 1708722 972753542 1708723 629335026
1 0 929280500 1708735 509244168 1708736 438524668
2 0 638963199 1708735 874582926 1708736 513546125
1 0 965506626 1708748 517247673 1708749 482754299
2 0 650106816 1708748 910270964 1708749 560377780
1 0 948829582 1708761 819211238 1708762 768040820
2 0 648456794 1708762 198091620 1708762 846548414
1 0 948172800 1708774 850293895 1708775 798466695
2 0 639953460 1708775 238646945 1708775 878600405
1 0 953029335 1708787 877002264 1708788 830031599
2 0 648433869 1708788 252984556 1708788 901418425
1 0 981150805 1708800 901741740 1708801 882892545
2 0 661491207 1708801 300765785 1708801 962256992
1 0 940491324 1708814 228173068 1708815 168664392
2 0 639560933 1708814 607077193 1708815 246638126
1 0 955471661 1708827 231981333 1708828 187452994
2 0 654970132 1708827 614370297 1708828 269340429
1 0 965263323 1708840 266980499 1708841 232243822
2 0 657805522 1708840 653163538 1708841 310969060
