1 1 884721987 1708853 265983568 1708855 150705555
2 1 587160289 1708853 637693649 1708855 224853938
3 1 301093403 1708854 1646364 1708855 302739767
4 1 7869045 1708854 372555887 1708855 380424932
1 1 888929944 1708867 324222709 1708869 213152653
2 1 591061363 1708867 706541842 1708869 297603205
3 1 290462520 1708868 79388124 1708869 369850644
4 0 994783914 1708868 450756675 1708869 445540589
1 1 865985190 1708881 291620474 1708883 157605664
2 1 570811094 1708881 672565208 1708883 243376302
3 1 291763384 1708882 34134822 1708883 325898206
4 1 157810 1708882 406631870 1708883 406789680
1 1 908055499 1708895 219326528 1708897 127382027
2 1 595863031 1708895 612420155 1708897 208283186
3 1 313967136 1708895 974600479 1708897 288567615
4 1 17245957 1708896 350998674 1708897 368244631
1 1 890060409 1708909 201392513 1708911 91452922
2 1 589609432 1708909 582531097 1708911 172140529
3 1 300953003 1708909 949797322 1708911 250750325
4 1 6897847 1708910 321765362 1708911 328663209
1 1 890692064 1708923 426051915 1708925 316743979
2 1 591175736 1708923 808108833 1708925 399284569
3 1 288031757 1708924 186481063 1708925 474512820
4 1 818114 1708924 559691580 1708925 560509694
1 1 879680541 1708937 638914115 1708939 518594656
2 1 591085610 1708938 8645793 1708939 599731403
3 1 305754948 1708938 376369640 1708939 682124588
4 1 8466150 1708938 754440951 1708939 762907101
1 1 913658174 1708951 617255137 1708953 530913311
2 1 608654638 1708952 6846186 1708953 615500824
3 1 310446080 1708952 379983445 1708953 690429525
4 1 12805900 1708952 756949593 1708953 769755493
1 1 871750773 1708965 803304552 1708967 675055325
2 1 574591787 1708966 181114980 1708967 755706767
3 1 282812640 1708966 550221152 1708967 833033792
4 0 977686198 1708966 931730304 1708967 909416502
1 1 864246107 1708980 50374027 1708981 914620134
2 1 564416654 1708980 428323971 1708981 992740625
3 1 280788236 1708980 792613293 1708982 73401529
4 0 977430575 1708981 168559702 1708982 145990277
