1 8 835659823 1709354 589794237 1709363 425454060
2 8 539149208 1709354 963480270 1709363 502629478
3 8 252220240 1709355 328181774 1709363 580402014
4 7 950704020 1709355 709958926 1709363 660662946
5 7 672425327 1709356 68527532 1709363 740952859
6 7 399537399 1709356 421688873 1709363 821226272
7 7 102924990 1709356 797679787 1709363 900604777
8 6 819920593 1709357 162893374 1709363 982813967
9 6 522211132 1709357 532207899 1709364 54419031
10 6 235643508 1709357 893935703 1709364 129579211
11 5 942951690 1709358 265450648 1709364 208402338
12 5 655795615 1709358 629941175 1709364 285736790
13 5 360098651 1709359 10850233 1709364 370948884
14 5 63961955 1709359 384200606 1709364 448162561
15 4 764879261 1709359 758251872 1709364 523131133
16 4 463802125 1709360 134723295 1709364 598525420
1 8 765437964 1709396 925524312 1709405 690962276
2 8 471580889 1709397 303386727 1709405 774967616
3 8 183966453 1709397 666138955 1709405 850105408
4 7 899084259 1709398 33493649 1709405 932577908
5 7 615733239 1709398 398704106 1709406 14437345
6 7 319731133 1709398 771266680 1709406 90997813
7 7 33474114 1709399 137927998 1709406 171402112
8 6 741538780 1709399 506784274 1709406 248323054
9 6 461055797 1709399 873479721 1709406 334535518
10 6 160668962 1709400 246709985 1709406 407378947
11 5 873159652 1709400 613025977 1709406 486185629
12 5 592740130 1709400 972929724 1709406 565669854
13 5 302311619 1709401 351890673 1709406 654202292
14 5 9904387 1709401 715291814 1709406 725196201
15 4 729858469 1709402 80517235 1709406 810375704
16 4 439290794 1709402 445188388 1709406 884479182
1 8 842536837 1709439 705973855 1709448 548510692
2 8 561673582 1709440 71816653 1709448 633490235
3 8 267623364 1709440 443386672 1709448 711010036
4 7 977138760 1709440 809785774 1709448 786924534
5 7 680427742 1709441 188064421 1709448 868492163
6 7 382657874 1709441 562976171 1709448 945634045
7 7 93857793 1709441 928450569 1709449 22308362
8 6 800251806 1709442 298469989 1709449 98721795
9 6 491393673 1709442 682966404 1709449 174360077
10 6 216363861 1709443 38067115 1709449 254430976
11 5 922727041 1709443 419492905 1709449 342219946
12 5 643529384 1709443 777788202 1709449 421317586
13 5 359964906 1709444 139287658 1709449 499252564
14 5 81561215 1709444 503841092 1709449 585402307
15 4 791424141 1709444 869962737 1709449 661386878
16 4 507533224 1709445 232200512 1709449 739733736
1 8 732714064 1709481 973874063 1709490 706588127
2 8 429584949 1709482 357843414 1709490 787428363
3 8 143689552 1709482 726378919 1709490 870068471
4 7 856257666 1709483 93010813 1709490 949268479
5 7 566965169 1709483 459793482 1709491 26758651
6 7 291915802 1709483 822540710 1709491 114456512
7 7 2123666 1709484 192007697 1709491 194131363
8 6 711905224 1709484 561468480 1709491 273373704
9 6 423664447 1709484 923621017 1709491 347285464
10 6 132188344 1709485 292760269 1709491 424948613
11 5 853001409 1709485 655076858 1709491 508078267
12 5 570897698 1709486 21779454 1709491 592677152
13 5 274310917 1709486 396412525 1709491 670723442
14 4 990364056 1709486 762873626 1709491 753237682
15 4 692232028 1709487 137054465 1709491 829286493
16 4 402620907 1709487 503199220 1709491 905820127
1 8 770262134 1709524 450720412 1709533 220982546
2 8 477802365 1709524 821866014 1709533 299668379
3 8 187707606 1709525 187007900 1709533 374715506
4 7 892725924 1709525 563157349 1709533 455883273
5 7 603473000 1709525 928781818 1709533 532254818
6 7 321122662 1709526 285627256 1709533 606749918
7 7 35828532 1709526 651849806 1709533 687678338
8 6 756422434 1709527 12757997 1709533 769180431
9 6 471600683 1709527 387223219 1709533 858823902
10 6 173976514 1709527 753834244 1709533 927810758
11 5 893602713 1709528 119432769 1709534 13035482
12 5 589706427 1709528 502665024 1709534 92371451
13 5 310583416 1709528 862648622 1709534 173232038
14 5 26374820 1709529 231881576 1709534 258256396
15 4 745904854 1709529 593345442 1709534 339250296
16 4 453046852 1709529 962999499 1709534 416046351
1 8 762565403 1709567 20232448 1709575 782797851
2 8 465503464 1709567 396454637 1709575 861958101
3 8 179205797 1709567 762863906 1709575 942069703
4 7 881512778 1709568 132424095 1709576 13936873
5 7 605848237 1709568 493297639 1709576 99145876
6 7 318441499 1709568 855555304 1709576 173996803
7 7 43510813 1709569 218520437 1709576 262031250
8 6 769805381 1709569 574949475 1709576 344754856
9 6 491109640 1709569 935913406 1709576 427023046
10 6 187933673 1709570 315271255 1709576 503204928
11 5 885547208 1709570 694014821 1709576 579562029
12 5 591014425 1709571 62697267 1709576 653711692
13 5 306276523 1709571 431285272 1709576 737561795
14 5 435108 1709571 809753694 1709576 810188802
15 4 719825404 1709572 169414799 1709576 889240203
16 4 437317551 1709572 532202028 1709576 969519579
1 8 808172629 1709609 252050243 1709618 60222872
2 8 490550611 1709609 650942303 1709618 141492914
3 8 209955628 1709610 9973809 1709618 219929437
4 7 904770551 1709610 387350865 1709618 292121416
5 7 630054251 1709610 748113707 1709618 378167958
6 7 337138954 1709611 112524978 1709618 449663932
7 7 33122595 1709611 492530297 1709618 525652892
8 6 731640261 1709611 877310263 1709618 608950524
9 6 438003922 1709612 252663821 1709618 690667743
10 6 137965116 1709612 630758214 1709618 768723330
11 5 850319271 1709613 2776448 1709618 853095719
12 5 565074231 1709613 369752169 1709618 934826400
13 5 288490948 1709613 728043893 1709619 16534841
14 4 990262847 1709614 98352790 1709619 88615637
15 4 706369577 1709614 464163627 1709619 170533204
16 4 416685291 1709614 830429714 1709619 247115005
1 8 757035392 1709651 904387427 1709660 661422819
2 8 470139700 1709652 268298930 1709660 738438630
3 8 179011923 1709652 633097398 1709660 812109321
4 7 893630237 1709653 1959231 1709660 895589468
5 7 609177885 1709653 366761458 1709660 975939343
6 7 318170921 1709653 733173968 1709661 51344889
7 7 41750968 1709654 90677226 1709661 132428194
8 6 756641407 1709654 456388435 1709661 213029842
9 6 472655453 1709654 815391072 1709661 288046525
10 6 183104590 1709655 182973874 1709661 366078464
11 5 890702783 1709655 562686532 1709661 453389315
12 5 589009175 1709655 938295214 1709661 527304389
13 5 286704617 1709656 307589983 1709661 594294600
14 5 5098320 1709656 676053861 1709661 681152181
15 4 724221361 1709657 37001941 1709661 761223302
16 4 419454128 1709657 423318285 1709661 842772413
1 8 764122167 1709694 349490852 1709703 113613019
2 8 460459486 1709694 732093917 1709703 192553403
3 8 157505497 1709695 111459044 1709703 268964541
4 7 873168846 1709695 468588273 1709703 341757119
5 7 576478214 1709695 844796167 1709703 421274381
6 7 288425451 1709696 208447009 1709703 496872460
7 7 176007 1709696 572046722 1709703 572222729
8 6 722311044 1709696 930932232 1709703 653243276
9 6 433672663 1709697 296854826 1709703 730527489
10 6 147478049 1709697 664446054 1709703 811924103
11 5 853611029 1709698 38023147 1709703 891634176
12 5 549510820 1709698 418406440 1709703 967917260
13 5 266065781 1709698 783711806 1709704 49777587
14 4 980863852 1709699 144850567 1709704 125714419
15 4 703896372 1709699 498508364 1709704 202404736
16 4 410343864 1709699 873100715 1709704 283444579
1 8 727808233 1709736 927155954 1709745 654964187
2 8 431794478 1709737 302907393 1709745 734701871
3 8 145964504 1709737 671446770 1709745 817411274
4 7 863126213 1709738 29262356 1709745 892388569
5 7 584654207 1709738 383273127 1709745 967927334
6 7 291764631 1709738 751708006 1709746 43472637
7 7 12829690 1709739 107911401 1709746 120741091
8 6 725221992 1709739 473375967 1709746 198597959
9 6 436424317 1709739 838146325 1709746 274570642
10 6 152175109 1709740 206764459 1709746 358939568
11 5 874490032 1709740 568184456 1709746 442674488
12 5 581160576 1709740 933047627 1709746 514208203
13 5 282328597 1709741 309643013 1709746 591971610
14 5 1062498 1709741 674709346 1709746 675771844
15 4 724332550 1709742 27319515 1709746 751652065
16 4 424810492 1709742 401973310 1709746 826783802
