1 17 519778204 1709779 382305620 1709796 902083824
2 17 206798280 1709779 768801405 1709796 975599685
3 16 924706215 1709780 136811959 1709797 61518174
4 16 626662258 1709780 510376256 1709797 137038514
5 16 341329552 1709780 869640425 1709797 210969977
6 16 46278870 1709781 241806601 1709797 288085471
7 15 741434397 1709781 619555613 1709797 360990010
8 15 445505917 1709781 995711119 1709797 441217036
9 15 166402368 1709782 353503168 1709797 519905536
10 14 887252783 1709782 711105777 1709797 598358560
11 14 599291110 1709783 71781456 1709797 671072566
12 14 312092274 1709783 442384737 1709797 754477011
13 14 16837855 1709783 807360572 1709797 824198427
14 13 730266693 1709784 173000061 1709797 903266754
15 13 435906163 1709784 541223111 1709797 977129274
16 13 148925676 1709784 907079706 1709798 56005382
17 12 856608384 1709785 276299922 1709798 132908306
18 12 551362086 1709785 655209689 1709798 206571775
19 12 276653469 1709786 12386195 1709798 289039664
20 11 994540942 1709786 380788500 1709798 375329442
21 11 703105689 1709786 757331035 1709798 460436724
22 11 400084848 1709787 135600981 1709798 535685829
23 11 118661455 1709787 498149364 1709798 616810819
24 10 840313409 1709787 857319572 1709798 697632981
25 10 543319821 1709788 231788203 1709798 775108024
26 10 259921762 1709788 596368750 1709798 856290512
27 9 973278175 1709788 965736777 1709798 939014952
28 9 679027829 1709789 338298946 1709799 17326775
29 9 392196449 1709789 701265228 1709799 93461677
30 9 102679677 1709790 67165378 1709799 169845055
31 8 812640896 1709790 437955545 1709799 250596441
32 8 529458187 1709790 808121519 1709799 337579706
1 17 574937124 1709862 699199241 1709880 274136365
2 17 266998156 1709863 92587392 1709880 359585548
3 16 972349170 1709863 458869683 1709880 431218853
4 16 684487846 1709863 828931457 1709880 513419303
5 16 392369366 1709864 203175593 1709880 595544959
6 16 96446978 1709864 569910394 1709880 666357372
7 15 803048282 1709864 942569376 1709880 745617658
8 15 508515330 1709865 312550762 1709880 821066092
9 15 223659948 1709865 674884612 1709880 898544560
10 14 944345700 1709866 38210720 1709880 982556420
11 14 648308074 1709866 408482415 1709881 56790489
12 14 372212206 1709866 765677273 1709881 137889479
13 14 88172659 1709867 136810489 1709881 224983148
14 13 806875523 1709867 498752958 1709881 305628481
15 13 499285122 1709867 880700962 1709881 379986084
16 13 207805629 1709868 253036117 1709881 460841746
17 12 921407352 1709868 619133819 1709881 540541171
18 12 632769544 1709868 985389926 1709881 618159470
19 12 356506958 1709869 339852022 1709881 696358980
20 12 67469177 1709869 713594983 1709881 781064160
21 11 775135570 1709870 85809011 1709881 860944581
22 11 479480566 1709870 449330560 1709881 928811126
23 11 195541129 1709870 821208576 1709882 16749705
24 10 902851419 1709871 189809896 1709882 92661315
25 10 603504580 1709871 566610686 1709882 170115266
26 10 320727084 1709871 933236952 1709882 253964036
27 10 40936510 1709872 294922556 1709882 335859066
28 9 768492368 1709872 651266115 1709882 419758483
29 9 470818440 1709873 25287700 1709882 496106140
30 9 175352414 1709873 397636262 1709882 572988676
31 8 890211871 1709873 769244357 1709882 659456228
32 8 609336634 1709874 126770986 1709882 736107620
1 17 626335393 1709946 543036474 1709964 169371867
2 17 301953802 1709946 939836466 1709964 241790268
3 17 7910062 1709947 313077863 1709964 320987925
4 16 714374146 1709947 692993944 1709964 407368090
5 16 407152441 1709948 66676740 1709964 473829181
6 16 120048751 1709948 433325321 1709964 553374072
7 15 833284944 1709948 800547020 1709964 633831964
8 15 546915981 1709949 162456582 1709964 709372563
9 15 260077193 1709949 528305642 1709964 788382835
10 14 974758025 1709949 892601361 1709964 867359386
11 14 684718169 1709950 258088669 1709964 942806838
12 14 394917421 1709950 628850855 1709965 23768276
13 14 100325674 1709951 2698721 1709965 103024395
14 13 808186045 1709951 378454587 1709965 186640632
15 13 523161167 1709951 741259891 1709965 264421058
16 13 242188505 1709952 98646727 1709965 340835232
17 12 946730052 1709952 473848345 1709965 420578397
18 12 651006086 1709952 845537883 1709965 496543969
19 12 360498519 1709953 215558861 1709965 576057380
20 12 68556071 1709953 584523749 1709965 653079820
21 11 779076928 1709953 960868714 1709965 739945642
22 11 490327807 1709954 328292484 1709965 818620291
23 11 183242453 1709954 715596698 1709965 898839151
24 10 888132993 1709955 87646618 1709965 975779611
25 10 605207111 1709955 447514924 1709966 52722035
26 10 318437895 1709955 817665104 1709966 136102999
27 10 26496060 1709956 185041633 1709966 211537693
28 9 742480513 1709956 551236816 1709966 293717329
29 9 454386380 1709956 925057238 1709966 379443618
30 9 163751222 1709957 297045974 1709966 460797196
31 8 871198009 1709957 668667180 1709966 539865189
32 8 583893489 1709958 46779500 1709966 630672989
1 17 683129388 1710030 452759962 1710048 135889350
2 17 373023684 1710030 841272023 1710048 214295707
3 17 87478279 1710031 209655237 1710048 297133516
4 16 803519101 1710031 571747611 1710048 375266712
5 16 501497721 1710031 950800728 1710048 452298449
6 16 206352206 1710032 324722149 1710048 531074355
7 15 911634277 1710032 699226113 1710048 610860390
8 15 634199453 1710033 58742001 1710048 692941454
9 15 344061007 1710033 425584893 1710048 769645900
10 15 60466582 1710033 787754821 1710048 848221403
11 14 765628155 1710034 156552267 1710048 922180422
12 14 472627653 1710034 527136661 1710048 999764314
13 14 174794229 1710034 903214928 1710049 78009157
14 13 886803130 1710035 268240559 1710049 155043689
15 13 600131395 1710035 632361838 1710049 232493233
16 13 317634651 1710035 993180830 1710049 310815481
17 13 23176642 1710036 370739420 1710049 393916062
18 12 725550121 1710036 745498176 1710049 471048297
19 12 436231548 1710037 116518950 1710049 552750498
20 12 129265005 1710037 503693519 1710049 632958524
21 11 846200459 1710037 872359079 1710049 718559538
22 11 551525694 1710038 248579381 1710049 800105075
23 11 240424361 1710038 639664522 1710049 880088883
24 10 931096124 1710039 34634032 1710049 965730156
25 10 633155275 1710039 402726640 1710050 35881915
26 10 348888233 1710039 771821489 1710050 120709722
27 10 68097031 1710040 127102792 1710050 195199823
28 9 761789845 1710040 509363624 1710050 271153469
29 9 481086438 1710040 884900031 1710050 365986469
30 9 175812881 1710041 266740742 1710050 442553623
31 8 888944982 1710041 634175308 1710050 523120290
32 8 594501399 1710042 2628446 1710050 597129845
1 17 362058037 1710113 801162053 1710131 163220090
2 17 61079081 1710114 177724589 1710131 238803670
3 16 787006321 1710114 536157294 1710131 323163615
4 16 489969159 1710114 907114643 1710131 397083802
5 16 220252721 1710115 262683404 1710131 482936125
6 15 930495398 1710115 627626981 1710131 558122379
7 15 632208389 1710116 2582512 1710131 634790901
8 15 344581116 1710116 368442553 1710131 713023669
9 15 63331331 1710116 729451522 1710131 792782853
10 14 778234008 1710117 86627326 1710131 864861334
11 14 495712581 1710117 450850862 1710131 946563443
12 14 210554649 1710117 812238731 1710132 22793380
13 13 920389427 1710118 179544151 1710132 99933578
14 13 627937507 1710118 544776649 1710132 172714156
15 13 345549392 1710118 907329477 1710132 252878869
16 13 58663733 1710119 273330609 1710132 331994342
17 12 779371928 1710119 632559872 1710132 411931800
18 12 492898245 1710119 994452842 1710132 487351087
19 12 222576412 1710120 354369166 1710132 576945578
20 11 928841110 1710120 727629267 1710132 656470377
21 11 654025383 1710121 78917908 1710132 732943291
22 11 374904594 1710121 433611722 1710132 808516316
23 11 89900955 1710121 798608799 1710132 888509754
24 10 798995764 1710122 165554838 1710132 964550602
25 10 512152014 1710122 532941034 1710133 45093048
26 10 234476361 1710122 894985391 1710133 129461752
27 9 940965370 1710123 262925114 1710133 203890484
28 9 651919996 1710123 627207149 1710133 279127145
29 9 375345860 1710123 980204552 1710133 355550412
30 9 75361754 1710124 357309911 1710133 432671665
31 8 797818266 1710124 715202960 1710133 513021226
32 8 495340747 1710125 95276834 1710133 590617581
1 17 508162285 1710197 951187145 1710215 459349430
2 17 214683405 1710198 325051919 1710215 539735324
3 16 920178489 1710198 692377376 1710215 612555865
4 16 641439560 1710199 55784003 1710215 697223563
5 16 357398847 1710199 415895527 1710215 773294374
6 16 87565912 1710199 773612524 1710215 861178436
7 15 803796398 1710200 136463235 1710215 940259633
8 15 524312263 1710200 495569241 1710216 19881504
9 15 234030338 1710200 864684516 1710216 98714854
10 14 941064003 1710201 236868619 1710216 177932622
11 14 650808485 1710201 602070803 1710216 252879288
12 14 359772576 1710201 972890895 1710216 332663471
13 14 71218895 1710202 340811285 1710216 412030180
14 13 791146622 1710202 701069881 1710216 492216503
15 13 502320521 1710203 72755716 1710216 575076237
16 13 220281491 1710203 429542657 1710216 649824148
17 12 927188789 1710203 798737892 1710216 725926681
18 12 654787552 1710204 158103134 1710216 812890686
19 12 369566492 1710204 520724424 1710216 890290916
20 12 76141240 1710204 891713254 1710216 967854494
21 11 790472910 1710205 252365249 1710217 42838159
22 11 509422879 1710205 612597179 1710217 122020058
23 11 209527198 1710205 988119976 1710217 197647174
24 10 908258747 1710206 362022453 1710217 270281200
25 10 620417719 1710206 735217629 1710217 355635348
26 10 317890812 1710207 115759420 1710217 433650232
27 10 25027530 1710207 483474370 1710217 508501900
28 9 731855959 1710207 851693791 1710217 583549750
29 9 446471087 1710208 214280563 1710217 660751650
30 9 164004194 1710208 578145551 1710217 742149745
31 8 880524452 1710208 938347018 1710217 818871470
32 8 574474280 1710209 322650625 1710217 897124905
1 17 465892951 1710282 270221196 1710299 736114147
2 17 184931900 1710282 631415791 1710299 816347691
3 16 894094078 1710282 992799958 1710299 886894036
4 16 599704400 1710283 358851329 1710299 958555729
5 16 294652468 1710283 748754771 1710300 43407239
6 16 8468037 1710284 112509391 1710300 120977428
7 15 733562053 1710284 462349690 1710300 195911743
8 15 452290767 1710284 828924977 1710300 281215744
9 15 163908639 1710285 188759543 1710300 352668182
10 14 879776335 1710285 551572922 1710300 431349257
11 14 598212907 1710285 909228179 1710300 507441086
12 14 319825472 1710286 268744956 1710300 588570428
13 14 31032741 1710286 631636611 1710300 662669352
14 13 750696603 1710286 992209793 1710300 742906396
15 13 470558258 1710287 353142764 1710300 823701022
16 13 194113267 1710287 712793445 1710300 906906712
17 12 913954997 1710288 70820010 1710300 984775007
18 12 614394790 1710288 446777095 1710301 61171885
19 12 334700048 1710288 806738863 1710301 141438911
20 12 39789750 1710289 179410772 1710301 219200522
21 11 750864022 1710289 551680225 1710301 302544247
22 11 457750244 1710289 922097215 1710301 379847459
23 11 167275546 1710290 288734556 1710301 456010102
24 10 870682411 1710290 658481614 1710301 529164025
25 10 573116296 1710291 35418032 1710301 608534328
26 10 280758893 1710291 404931595 1710301 685690488
27 10 5115830 1710291 756524860 1710301 761640690
28 9 717871309 1710292 118756454 1710301 836627763
29 9 424209340 1710292 492584617 1710301 916793957
30 9 149947417 1710292 853955024 1710302 3902441
31 8 865624228 1710293 221248260 1710302 86872488
32 8 576621852 1710293 589096096 1710302 165717948
1 17 421931055 1710365 564492991 1710382 986424046
2 17 119056469 1710365 945727436 1710383 64783905
3 16 823675737 1710366 309662404 1710383 133338141
4 16 557858501 1710366 662596920 1710383 220455421
5 16 279925686 1710367 17470825 1710383 297396511
6 15 998622605 1710367 384430252 1710383 383052857
7 15 726333644 1710367 742588296 1710383 468921940
8 15 442027232 1710368 107111086 1710383 549138318
9 15 166495167 1710368 463416722 1710383 629911889
10 14 879136908 1710368 827770571 1710383 706907479
11 14 588145534 1710369 195573278 1710383 783718812
12 14 295636912 1710369 562551983 1710383 858188895
13 14 8171191 1710369 927509561 1710383 935680752
14 13 710910718 1710370 301231190 1710384 12141908
15 13 422406425 1710370 664865182 1710384 87271607
16 13 131351978 1710371 38282503 1710384 169634481
17 12 848385855 1710371 398708724 1710384 247094579
18 12 558028043 1710371 763733764 1710384 321761807
19 12 279591387 1710372 119122769 1710384 398714156
20 12 1964215 1710372 480722042 1710384 482686257
21 11 724902199 1710372 834843072 1710384 559745271
22 11 442769763 1710373 198286828 1710384 641056591
23 11 146203386 1710373 566520546 1710384 712723932
24 10 854694801 1710373 936038905 1710384 790733706
25 10 573140446 1710374 296812546 1710384 869952992
26 10 298811321 1710374 650362439 1710384 949173760
27 10 4897912 1710375 22535265 1710385 27433177
28 9 701912939 1710375 408161050 1710385 110073989
29 9 416080483 1710375 769774656 1710385 185855139
30 9 156529051 1710376 114337669 1710385 270866720
31 8 859606292 1710376 487305850 1710385 346912142
32 8 575310547 1710376 847484577 1710385 422795124
1 17 289387871 1710448 729893938 1710466 19281809
2 17 4095996 1710449 95084623 1710466 99180619
3 16 729152383 1710449 455968910 1710466 185121293
4 16 443776121 1710449 819592792 1710466 263368913
5 16 149646624 1710450 187928933 1710466 337575557
6 15 863782965 1710450 553494036 1710466 417277001
7 15 567989185 1710450 928940909 1710466 496930094
8 15 276828684 1710451 295122075 1710466 571950759
9 14 992862359 1710451 652555762 1710466 645418121
10 14 719660303 1710452 6356688 1710466 726016991
11 14 442042817 1710452 366988998 1710466 809031815
12 14 160418111 1710452 731135833 1710466 891553944
13 13 872232979 1710453 87280694 1710466 959513673
14 13 592436165 1710453 446692454 1710467 39128619
15 13 333414463 1710453 795913376 1710467 129327839
16 13 39232410 1710454 159494481 1710467 198726891
17 12 756520486 1710454 524622667 1710467 281143153
18 12 492489678 1710454 878673069 1710467 371162747
19 12 213719158 1710455 235859484 1710467 449578642
20 11 927579893 1710455 605446934 1710467 533026827
21 11 639411167 1710455 963375446 1710467 602786613
22 11 362806883 1710456 320046426 1710467 682853309
23 11 83216472 1710456 682760548 1710467 765977020
24 10 795286760 1710457 46193748 1710467 841480508
25 10 510029478 1710457 409317880 1710467 919347358
26 10 233330825 1710457 766981397 1710468 312222
27 9 939169512 1710458 137817194 1710468 76986706
28 9 640328126 1710458 517938938 1710468 158267064
29 9 367128237 1710458 871703920 1710468 238832157
30 9 78530835 1710459 234233583 1710468 312764418
31 8 795190756 1710459 597487601 1710468 392678357
32 8 508296802 1710459 962925096 1710468 471221898
1 17 456790829 1710531 977146439 1710549 433937268
2 17 176572114 1710532 336714956 1710549 513287070
3 16 891356238 1710532 700839680 1710549 592195918
4 16 607377894 1710533 58689841 1710549 666067735
5 16 332642629 1710533 421243040 1710549 753885669
6 16 34873165 1710533 798018647 1710549 832891812
7 15 745767476 1710534 162371440 1710549 908138916
8 15 468727682 1710534 521662888 1710549 990390570
9 15 189885959 1710534 877398165 1710550 67284124
10 14 889130999 1710535 250756393 1710550 139887392
11 14 601236675 1710535 619795447 1710550 221032122
12 14 329810419 1710535 971767408 1710550 301577827
13 14 43693617 1710536 345856345 1710550 389549962
14 13 756962974 1710536 703310366 1710550 460273340
15 13 489741932 1710537 59701722 1710550 549443654
16 13 210880507 1710537 419592473 1710550 630472980
17 12 929758736 1710537 779045085 1710550 708803821
18 12 646699688 1710538 139212664 1710550 785912352
19 12 355534263 1710538 507702080 1710550 863236343
20 12 72281070 1710538 871089893 1710550 943370963
21 11 768257876 1710539 253164322 1710551 21422198
22 11 484266237 1710539 618625186 1710551 102891423
23 11 196335470 1710539 982492952 1710551 178828422
24 10 911615955 1710540 339961491 1710551 251577446
25 10 639436398 1710540 690484573 1710551 329920971
26 10 351872328 1710541 56090694 1710551 407963022
27 10 70813001 1710541 422053808 1710551 492866809
28 9 778172880 1710541 785371789 1710551 563544669
29 9 500026071 1710542 142983917 1710551 643009988
30 9 204950221 1710542 516876802 1710551 721827023
31 8 920455720 1710542 875612798 1710551 796068518
32 8 615803075 1710543 257149979 1710551 872953054
