1 35 115291875 1710615 384942213 1710650 500234088
2 34 822144598 1710615 753506091 1710650 575650689
3 34 544212636 1710616 114462562 1710650 658675198
4 34 255128483 1710616 482979571 1710650 738108054
5 33 962470271 1710616 852564096 1710650 815034367
6 33 679550221 1710617 211988986 1710650 891539207
7 33 397926553 1710617 579347850 1710650 977274403
8 33 118712615 1710617 936976868 1710651 55689483
9 32 842753782 1710618 292576258 1710651 135330040
10 32 576081599 1710618 650591583 1710651 226673182
11 32 300628589 1710619 8145398 1710651 308773987
12 32 22007010 1710619 367071668 1710651 389078678
13 31 725118177 1710619 742519893 1710651 467638070
14 31 441510862 1710620 108048164 1710651 549559026
15 31 166501787 1710620 466152765 1710651 632654552
16 30 892715874 1710620 821605306 1710651 714321180
17 30 620156103 1710621 177121346 1710651 797277449
18 30 334588715 1710621 541099536 1710651 875688251
19 30 56779361 1710621 902604978 1710651 959384339
20 29 768025722 1710622 269119025 1710652 37144747
21 29 477337804 1710622 639954230 1710652 117292034
22 29 192725861 1710622 999313417 1710652 192039278
23 28 923988720 1710623 353168008 1710652 277156728
24 28 640731805 1710623 713037334 1710652 353769139
25 28 361123265 1710624 82961611 1710652 444084876
26 28 84776105 1710624 440498167 1710652 525274272
27 27 790244578 1710624 810265892 1710652 600510470
28 27 507552394 1710625 174050456 1710652 681602850
29 27 222948561 1710625 542472208 1710652 765420769
30 26 934715929 1710625 912636925 1710652 847352854
31 26 641917238 1710626 281230210 1710652 923147448
32 26 338550273 1710626 664712111 1710653 3262384
33 26 41733883 1710627 37200635 1710653 78934518
34 25 731623752 1710627 425112506 1710653 156736258
35 25 445131605 1710627 790404855 1710653 235536460
36 25 160848970 1710628 161984619 1710653 322833589
37 24 854659800 1710628 550500163 1710653 405159963
38 24 583076307 1710628 902618195 1710653 485694502
39 24 307877384 1710629 272014631 1710653 579892015
40 24 16380908 1710629 639284868 1710653 655665776
41 23 727379848 1710630 11312585 1710653 738692433
42 23 440627575 1710630 387624720 1710653 828252295
43 23 160228791 1710630 752797960 1710653 913026751
44 22 875426018 1710631 116502470 1710653 991928488
45 22 605389105 1710631 477085819 1710654 82474924
46 22 303133136 1710631 850337087 1710654 153470223
47 22 9371872 1710632 223889534 1710654 233261406
48 21 712032122 1710632 601450644 1710654 313482766
49 21 428972612 1710632 973771115 1710654 402743727
50 21 140507132 1710633 340640045 1710654 481147177
51 20 844768666 1710633 712433767 1710654 557202433
52 20 554587868 1710634 78071666 1710654 632659534
53 20 266542992 1710634 452952180 1710654 719495172
54 19 971910578 1710634 829574104 1710654 801484682
55 19 668451744 1710635 216326071 1710654 884777815
56 19 370304268 1710635 593336396 1710654 963640664
57 19 82514888 1710635 958955646 1710655 41470534
58 18 804414633 1710636 320605418 1710655 125020051
59 18 510462853 1710636 693036351 1710655 203499204
60 18 211867054 1710637 66823682 1710655 278690736
61 17 912658136 1710637 443898061 1710655 356556197
62 17 623732592 1710637 813586232 1710655 437318824
63 17 327769630 1710638 192787717 1710655 520557347
64 17 31580468 1710638 565619030 1710655 597199498
1 34 845782729 1710960 253713433 1710995 99496162
2 34 563953288 1710960 611921346 1710995 175874634
3 34 289255040 1710960 975700448 1710995 264955488
4 34 17116279 1710961 327886979 1710995 345003258
5 33 739392924 1710961 682714977 1710995 422107901
6 33 454848812 1710962 52499369 1710995 507348181
7 33 178559669 1710962 401975583 1710995 580535252
8 32 889147283 1710962 768241802 1710995 657389085
9 32 607301379 1710963 134705147 1710995 742006526
10 32 321868117 1710963 499965720 1710995 821833837
11 32 44076282 1710963 857622774 1710995 901699056
12 31 750700621 1710964 230968596 1710995 981669217
13 31 478388659 1710964 592861901 1710996 71250560
14 31 193134415 1710964 952566970 1710996 145701385
15 30 914251248 1710965 309220952 1710996 223472200
16 30 632509230 1710965 670470362 1710996 302979592
17 30 350135002 1710966 32281705 1710996 382416707
18 30 54473497 1710966 408312808 1710996 462786305
19 29 768247919 1710966 772572492 1710996 540820411
20 29 486124779 1710967 132764312 1710996 618889091
21 29 213788522 1710967 482253451 1710996 696041973
22 28 917644452 1710967 859463105 1710996 777107557
23 28 646479672 1710968 214017572 1710996 860497244
24 28 378424813 1710968 571434705 1710996 949859518
25 28 93243159 1710968 939771828 1710997 33014987
26 27 807026820 1710969 297319107 1710997 104345927
27 27 517911928 1710969 665549973 1710997 183461901
28 27 232154581 1710970 30977931 1710997 263132512
29 26 952914182 1710970 390288212 1710997 343202394
30 26 673058035 1710970 745521017 1710997 418579052
31 26 401752738 1710971 101557233 1710997 503309971
32 26 121019645 1710971 462336430 1710997 583356075
33 25 830078493 1710971 827423857 1710997 657502350
34 25 548539322 1710972 189726414 1710997 738265736
35 25 270448011 1710972 546198213 1710997 816646224
36 24 982320970 1710972 911616856 1710997 893937826
37 24 691360391 1710973 281600763 1710997 972961154
38 24 405665506 1710973 644117166 1710998 49782672
39 24 114347490 1710974 13051093 1710998 127398583
40 23 830880024 1710974 377864878 1710998 208744902
41 23 547349079 1710974 743408463 1710998 290757542
42 23 259705046 1710975 107246008 1710998 366951054
43 22 969824762 1710975 472674521 1710998 442499283
44 22 657172070 1710975 863987603 1710998 521159673
45 22 379064518 1710976 229459468 1710998 608523986
46 22 77641144 1710976 599814478 1710998 677455622
47 21 799290763 1710976 959676063 1710998 758966826
48 21 507289354 1710977 332964534 1710998 840253888
49 21 215974966 1710977 701019608 1710998 916994574
50 20 931472836 1710978 69690780 1710999 1163616
51 20 637475780 1710978 436053016 1710999 73528796
52 20 348901580 1710978 806580449 1710999 155482029
53 20 62944756 1710979 166835360 1710999 229780116
54 19 775908953 1710979 538506344 1710999 314415297
55 19 471544507 1710979 921493533 1710999 393038040
56 19 178746057 1710980 290902228 1710999 469648285
57 18 895440773 1710980 657528311 1710999 552969084
58 18 592210489 1710981 31280125 1710999 623490614
59 18 307338496 1710981 397753118 1710999 705091614
60 18 18149753 1710981 761150634 1710999 779300387
61 17 743402024 1710982 126191656 1710999 869593680
62 17 457891988 1710982 489888073 1710999 947780061
63 17 177612885 1710982 848053488 1711000 25666373
64 16 881852252 1710983 221839709 1711000 103691961
1 34 525699563 1711306 308176221 1711340 833875784
2 34 232688061 1711306 678459529 1711340 911147590
3 33 970574289 1711307 22220614 1711340 992794903
4 33 687340431 1711307 382399322 1711341 69739753
5 33 417051652 1711307 736623629 1711341 153675281
6 33 129282733 1711308 89862566 1711341 219145299
7 32 853392823 1711308 452619743 1711341 306012566
8 32 578793536 1711308 808032063 1711341 386825599
9 32 306649535 1711309 166179422 1711341 472828957
10 32 35598938 1711309 522510743 1711341 558109681
11 31 755345465 1711309 876805326 1711341 632150791
12 31 469311420 1711310 241486780 1711341 710798200
13 31 195843740 1711310 597151096 1711341 792994836
14 30 918397305 1711310 949727546 1711341 868124851
15 30 641072386 1711311 310376190 1711341 951448576
16 30 374937545 1711311 671227496 1711342 46165041
17 30 92448005 1711312 29876624 1711342 122324629
18 29 812199828 1711312 387177037 1711342 199376865
19 29 544130339 1711312 742382343 1711342 286512682
20 29 253840804 1711313 106844801 1711342 360685605
21 28 971009566 1711313 464781017 1711342 435790583
22 28 689171217 1711313 825022002 1711342 514193219
23 28 396317156 1711314 194689433 1711342 591006589
24 28 128058764 1711314 548845759 1711342 676904523
25 27 844843460 1711314 908554070 1711342 753397530
26 27 544741801 1711315 282587193 1711342 827328994
27 27 258960732 1711315 652977999 1711342 911938731
28 26 976060441 1711316 7399431 1711342 983459872
29 26 699654226 1711316 362635662 1711343 62289888
30 26 399510827 1711316 732516922 1711343 132027749
31 26 109521396 1711317 98623515 1711343 208144911
32 25 831246329 1711317 458206958 1711343 289453287
33 25 552976558 1711317 816778809 1711343 369755367
34 25 259708284 1711318 182581667 1711343 442289951
35 24 970235880 1711318 547487839 1711343 517723719
36 24 696595648 1711318 902942381 1711343 599538029
37 24 419436800 1711319 261545454 1711343 680982254
38 24 151250461 1711319 611252108 1711343 762502569
39 23 860956610 1711319 982548322 1711343 843504932
40 23 571340579 1711320 344414572 1711343 915755151
41 23 292555152 1711320 714313239 1711344 6868391
42 22 998959662 1711321 78039156 1711344 76998818
43 22 722749851 1711321 434064168 1711344 156814019
44 22 433358872 1711321 798621680 1711344 231980552
45 22 162404310 1711322 146273004 1711344 308677314
46 21 882224761 1711322 511377246 1711344 393602007
47 21 600076677 1711322 868605327 1711344 468682004
48 21 314242684 1711323 230056400 1711344 544299084
49 21 32075193 1711323 598900143 1711344 630975336
50 20 746680209 1711323 960523787 1711344 707203996
51 20 468933039 1711324 314037126 1711344 782970165
52 20 178175049 1711324 688373817 1711344 866548866
53 19 896951743 1711325 49004943 1711344 945956686
54 19 583573491 1711325 438217937 1711345 21791428
55 19 310475990 1711325 789904774 1711345 100380764
56 19 9872414 1711326 164358075 1711345 174230489
57 18 738377696 1711326 523743355 1711345 262121051
58 18 450679517 1711326 888481863 1711345 339161380
59 18 170131957 1711327 252077690 1711345 422209647
60 17 883527330 1711327 609605729 1711345 493133059
61 17 608346185 1711327 965374801 1711345 573720986
62 17 327173988 1711328 326155443 1711345 653329431
63 17 29714536 1711328 699647855 1711345 729362391
64 16 730168348 1711329 76197429 1711345 806365777
1 34 916130445 1711652 397180630 1711687 313311075
2 34 614132267 1711652 784619862 1711687 398752129
3 34 319415780 1711653 144757720 1711687 464173500
4 34 52098036 1711653 502351961 1711687 554449997
5 33 767565961 1711653 865237506 1711687 632803467
6 33 484657559 1711654 228173457 1711687 712831016
7 33 209533931 1711654 584097563 1711687 793631494
8 32 913666503 1711654 961876355 1711687 875542858
9 32 631825783 1711655 323964841 1711687 955790624
10 32 339574230 1711655 685380248 1711688 24954478
11 32 65819611 1711656 42497387 1711688 108316998
12 31 800970616 1711656 398978168 1711688 199948784
13 31 520694976 1711656 758158526 1711688 278853502
14 31 217351140 1711657 132547901 1711688 349899041
15 30 929150174 1711657 495903474 1711688 425053648
16 30 649515708 1711657 861429856 1711688 510945564
17 30 373135863 1711658 217011136 1711688 590146999
18 30 91300902 1711658 580596260 1711688 671897162
19 29 797834168 1711658 947585410 1711688 745419578
20 29 509227229 1711659 316484060 1711688 825711289
21 29 224506973 1711659 676167945 1711688 900674918
22 28 943276723 1711660 44431514 1711688 987708237
23 28 643884901 1711660 419392657 1711689 63277558
24 28 369404520 1711660 782338626 1711689 151743146
25 28 78420441 1711661 151054835 1711689 229475276
26 27 782473719 1711661 525821907 1711689 308295626
27 27 498100882 1711661 888007058 1711689 386107940
28 27 212659048 1711662 253268816 1711689 465927864
29 26 916396962 1711662 630310010 1711689 546706972
30 26 616612611 1711663 1580632 1711689 618193243
31 26 337390562 1711663 364842188 1711689 702232750
32 26 54822486 1711663 718916146 1711689 773738632
33 25 773922062 1711664 78494848 1711689 852416910
34 25 487614486 1711664 442300930 1711689 929915416
35 25 185870451 1711664 819024501 1711690 4894952
36 24 886598386 1711665 191419546 1711690 78017932
37 24 599604156 1711665 569564700 1711690 169168856
38 24 321521826 1711665 921892414 1711690 243414240
39 24 25921819 1711666 293027131 1711690 318948950
40 23 741868198 1711666 661094612 1711690 402962810
41 23 463182992 1711667 15461341 1711690 478644333
42 23 180107352 1711667 377808100 1711690 557915452
43 22 895123989 1711667 739280117 1711690 634404106
44 22 593792872 1711668 122342157 1711690 716135029
45 22 309709733 1711668 493494078 1711690 803203811
46 22 11402539 1711668 867090080 1711690 878492619
47 21 736471665 1711669 226293271 1711690 962764936
48 21 437667962 1711669 603042823 1711691 40710785
49 21 151366626 1711669 970785995 1711691 122152621
50 20 856509383 1711670 341241077 1711691 197750460
51 20 565660394 1711670 708725532 1711691 274385926
52 20 279426816 1711671 80372943 1711691 359799759
53 19 998043846 1711671 441343822 1711691 439387668
54 19 704925087 1711671 810672667 1711691 515597754
55 19 428157436 1711672 167213539 1711691 595370975
56 19 145000352 1711672 528149363 1711691 673149715
57 18 862067858 1711672 887316573 1711691 749384431
58 18 575396677 1711673 254792472 1711691 830189149
59 18 281057108 1711673 619916048 1711691 900973156
60 17 986182866 1711673 990896934 1711691 977079800
61 17 699750347 1711674 359646976 1711692 59397323
62 17 419603131 1711674 721392636 1711692 140995767
63 17 139382898 1711675 82723674 1711692 222106572
64 16 857181259 1711675 443304023 1711692 300485282
1 34 809951113 1711998 125984165 1712032 935935278
2 34 506545056 1711998 505407905 1712033 11952961
3 34 217128983 1711998 874029857 1712033 91158840
4 33 930135420 1711999 237681238 1712033 167816658
5 33 658086639 1711999 587838754 1712033 245925393
6 33 372226572 1711999 950281048 1712033 322507620
7 33 109481867 1712000 297625545 1712033 407107412
8 32 831095599 1712000 657456964 1712033 488552563
9 32 545940500 1712001 22418635 1712033 568359135
10 32 249447214 1712001 389721464 1712033 639168678
11 31 984003786 1712001 738034793 1712033 722038579
12 31 710405998 1712002 95388131 1712033 805794129
13 31 410362930 1712002 467001413 1712033 877364343
14 31 118401204 1712002 847082196 1712033 965483400
15 30 844685751 1712003 200452742 1712034 45138493
16 30 535744079 1712003 585474799 1712034 121218878
17 30 251529072 1712003 951365656 1712034 202894728
18 29 984094589 1712004 306237061 1712034 290331650
19 29 709427952 1712004 660440831 1712034 369868783
20 29 421549424 1712005 27426629 1712034 448976053
21 29 116377882 1712005 406406563 1712034 522784445
22 28 840445862 1712005 771619155 1712034 612065017
23 28 560927893 1712006 128707054 1712034 689634947
24 28 270563636 1712006 501635884 1712034 772199520
25 27 982809421 1712006 876154220 1712034 858963641
26 27 703729147 1712007 234603556 1712034 938332703
27 27 428630944 1712007 581065366 1712035 9696310
28 27 157918229 1712007 933267767 1712035 91185996
29 26 862864397 1712008 301109549 1712035 163973946
30 26 586795232 1712008 662733451 1712035 249528683
31 26 294065910 1712009 29237481 1712035 323303391
32 26 24221270 1712009 378636697 1712035 402857967
33 25 743909428 1712009 736915850 1712035 480825278
34 25 453980477 1712010 100498511 1712035 554478988
35 25 167971228 1712010 462632756 1712035 630603984
36 24 890990006 1712010 819420790 1712035 710410796
37 24 599036095 1712011 182417666 1712035 781453761
38 24 320107429 1712011 542826130 1712035 862933559
39 24 20809772 1712011 922562957 1712035 943372729
40 23 744451908 1712012 274983021 1712036 19434929
41 23 455844321 1712012 641142742 1712036 96987063
42 23 168331731 1712013 2358949 1712036 170690680
43 22 896351930 1712013 357640402 1712036 253992332
44 22 606196928 1712013 731073315 1712036 337270243
45 22 299744096 1712014 108419892 1712036 408163988
46 22 28616260 1712014 463924748 1712036 492541008
47 21 735729626 1712014 829608553 1712036 565338179
48 21 459697978 1712015 186742395 1712036 646440373
49 21 164082823 1712015 562207658 1712036 726290481
50 20 886162731 1712015 923630546 1712036 809793277
51 20 593269523 1712016 295325845 1712036 888595368
52 20 290003370 1712016 668609520 1712036 958612890
53 20 5449611 1712017 32555025 1712037 38004636
54 19 717002409 1712017 399138276 1712037 116140685
55 19 417109819 1712017 767830337 1712037 184940156
56 19 135314672 1712018 131310352 1712037 266625024
57 18 868871374 1712018 482701325 1712037 351572699
58 18 579044774 1712018 845324615 1712037 424369389
59 18 294151947 1712019 218718159 1712037 512870106
60 18 15881251 1712019 574330549 1712037 590211800
61 17 723822563 1712019 941420883 1712037 665243446
62 17 434005296 1712020 313422027 1712037 747427323
63 17 153643250 1712020 672297595 1712037 825940845
64 16 869264025 1712021 39742125 1712037 909006150
1 34 656486278 1712345 543600709 1712380 200086987
2 34 349272362 1712345 923874470 1712380 273146832
3 34 68057290 1712346 283906441 1712380 351963731
4 33 784631744 1712346 651425914 1712380 436057658
5 33 513555159 1712347 1780241 1712380 515335400
6 33 230366905 1712347 362636047 1712380 593002952
7 32 953972424 1712347 723327228 1712380 677299652
8 32 673377489 1712348 81756378 1712380 755133867
9 32 399184725 1712348 438562468 1712380 837747193
10 32 119899672 1712348 794868363 1712380 914768035
11 31 818906042 1712349 173949036 1712380 992855078
12 31 537324328 1712349 526848332 1712381 64172660
13 31 249492496 1712349 892000851 1712381 141493347
14 30 963062008 1712350 253883341 1712381 216945349
15 30 694695186 1712350 606084076 1712381 300779262
16 30 406424863 1712350 973112818 1712381 379537681
17 30 112396894 1712351 346622100 1712381 459018994
18 29 838469164 1712351 708485442 1712381 546954606
19 29 551577054 1712352 71754480 1712381 623331534
20 29 284088104 1712352 420987458 1712381 705075562
21 29 26510073 1712352 769039070 1712381 795549143
22 28 729205555 1712353 139758555 1712381 868964110
23 28 435110031 1712353 511922493 1712381 947032524
24 28 149313216 1712353 879137990 1712382 28451206
25 27 865645760 1712354 244642991 1712382 110288751
26 27 560211633 1712354 617992784 1712382 178204417
27 27 291240430 1712354 966048640 1712382 257289070
28 27 10401830 1712355 328211869 1712382 338613699
29 26 734816461 1712355 689784313 1712382 424600774
30 26 466870037 1712356 39290768 1712382 506160805
31 26 200321364 1712356 393017049 1712382 593338413
32 25 896103494 1712356 773190763 1712382 669294257
33 25 628950259 1712357 123054600 1712382 752004859
34 25 334075523 1712357 492700869 1712382 826776392
35 25 50882709 1712357 856274256 1712382 907156965
36 24 761267409 1712358 225066578 1712382 986333987
37 24 488092178 1712358 579036318 1712383 67128496
38 24 190319517 1712358 952085095 1712383 142404612
39 23 896561130 1712359 322404888 1712383 218966018
40 23 609849959 1712359 689418782 1712383 299268741
41 23 330631180 1712360 44279355 1712383 374910535
42 23 50194535 1712360 397453295 1712383 447647830
43 22 759243168 1712360 768435797 1712383 527678965
44 22 469299022 1712361 138709813 1712383 608008835
45 22 201629057 1712361 491514574 1712383 693143631
46 21 927708304 1712361 848475274 1712383 776183578
47 21 633817884 1712362 217908046 1712383 851725930
48 21 334237572 1712362 588987806 1712383 923225378
49 21 42831937 1712362 958343765 1712384 1175702
50 20 765615877 1712363 318552513 1712384 84168390
51 20 465734220 1712363 701657521 1712384 167391741
52 20 180911458 1712364 61052487 1712384 241963945
53 19 897807254 1712364 421644042 1712384 319451296
54 19 612898899 1712364 786351092 1712384 399249991
55 19 325311228 1712365 152525001 1712384 477836229
56 19 31199829 1712365 528673514 1712384 559873343
57 18 758146098 1712365 886230331 1712384 644376429
58 18 478071781 1712366 241471137 1712384 719542918
59 18 199868778 1712366 599497408 1712384 799366186
60 17 937412601 1712366 950831790 1712384 888244391
61 17 658113675 1712367 311321736 1712384 969435411
62 17 363303086 1712367 688372324 1712385 51675410
63 17 70440017 1712368 57317142 1712385 127757159
64 16 792529027 1712368 420548942 1712385 213077969
1 34 827520375 1712692 493636555 1712727 321156930
2 34 561182531 1712692 846518606 1712727 407701137
3 34 266093412 1712693 216612675 1712727 482706087
4 33 990054979 1712693 572704386 1712727 562759365
5 33 703702153 1712693 936473170 1712727 640175323
6 33 410984432 1712694 306898103 1712727 717882535
7 33 138904848 1712694 667242287 1712727 806147135
8 32 858987934 1712695 26249738 1712727 885237672
9 32 570947494 1712695 400794849 1712727 971742343
10 32 286672683 1712695 759551527 1712728 46224210
11 32 20772552 1712696 109790408 1712728 130562960
12 31 723433607 1712696 481355818 1712728 204789425
13 31 441065093 1712696 847946751 1712728 289011844
14 31 154798709 1712697 214105489 1712728 368904198
15 30 864428221 1712697 582074599 1712728 446502820
16 30 580923230 1712697 933726692 1712728 514649922
17 30 310513558 1712698 289259432 1712728 599772990
18 30 36271607 1712698 648417973 1712728 684689580
19 29 748474829 1712699 10552603 1712728 759027432
20 29 470893555 1712699 371380722 1712728 842274277
21 29 180372903 1712699 737675161 1712728 918048064
22 28 906263173 1712700 93551302 1712728 999814475
23 28 625622347 1712700 454224183 1712729 79846530
24 28 331114718 1712700 821459103 1712729 152573821
25 28 45827631 1712701 191328713 1712729 237156344
26 27 767901160 1712701 555979924 1712729 323881084
27 27 486783807 1712701 916372755 1712729 403156562
28 27 176965401 1712702 300107114 1712729 477072515
29 26 893084398 1712702 663745511 1712729 556829909
30 26 620359085 1712703 17481953 1712729 637841038
31 26 334012037 1712703 382917964 1712729 716930001
32 26 47692693 1712703 749222291 1712729 796914984
33 25 766760948 1712704 106101486 1712729 872862434
34 25 477090132 1712704 473689510 1712729 950779642
35 25 195900910 1712704 832263117 1712730 28164027
36 24 909692730 1712705 198156267 1712730 107848997
37 24 627426733 1712705 565873326 1712730 193300059
38 24 347052643 1712705 922446379 1712730 269499022
39 24 58613636 1712706 290487691 1712730 349101327
40 23 778206362 1712706 651611304 1712730 429817666
41 23 474790980 1712707 31865804 1712730 506656784
42 23 190523410 1712707 393999527 1712730 584522937
43 22 914054190 1712707 748130053 1712730 662184243
44 22 638552617 1712708 100549890 1712730 739102507
45 22 350086203 1712708 462625892 1712730 812712095
46 22 57282040 1712708 836765511 1712730 894047551
47 21 753007878 1712709 219889789 1712730 972897667
48 21 462374988 1712709 590192501 1712731 52567489
49 21 184941953 1712709 946988957 1712731 131930910
50 20 902333907 1712710 306749837 1712731 209083744
51 20 605899371 1712710 686811137 1712731 292710508
52 20 326988438 1712711 46426149 1712731 373414587
53 20 44726385 1712711 412311336 1712731 457037721
54 19 768655046 1712711 767780484 1712731 536435530
55 19 485992279 1712712 128227480 1712731 614219759
56 19 207143716 1712712 490277223 1712731 697420939
57 18 916332663 1712712 863747058 1712731 780079721
58 18 620501615 1712713 238072136 1712731 858573751
59 18 330394992 1712713 612060203 1712731 942455195
60 18 46891816 1712713 973001448 1712732 19893264
61 17 765773575 1712714 336661548 1712732 102435123
62 17 455030650 1712714 723664936 1712732 178695586
63 17 160306118 1712715 94563469 1712732 254869587
64 16 887927077 1712715 460788297 1712732 348715374
1 34 883894280 1713037 795847826 1713072 679742106
2 34 593422286 1713038 165684460 1713072 759106746
3 34 305569666 1713038 524118317 1713072 829687983
4 34 12959472 1713038 885395730 1713072 898355202
5 33 735295396 1713039 247766102 1713072 983061498
6 33 458303083 1713039 608589524 1713073 66892607
7 33 180179348 1713039 958494250 1713073 138673598
8 32 901204963 1713040 321707069 1713073 222912032
9 32 603927249 1713040 692557462 1713073 296484711
10 32 324976772 1713041 52571195 1713073 377547967
11 32 39180612 1713041 415576277 1713073 454756889
12 31 750115609 1713041 782513450 1713073 532629059
13 31 472571140 1713042 136040032 1713073 608611172
14 31 184257882 1713042 508792183 1713073 693050065
15 30 885534011 1713042 883648239 1713073 769182250
16 30 611793543 1713043 232952421 1713073 844745964
17 30 338931724 1713043 584711334 1713073 923643058
18 30 49971034 1713043 958618259 1713074 8589293
19 29 773073145 1713044 311872643 1713074 84945788
20 29 470261410 1713044 692747618 1713074 163009028
21 29 188728946 1713045 47727967 1713074 236456913
22 28 916452560 1713045 399588063 1713074 316040623
23 28 617699708 1713045 775679613 1713074 393379321
24 28 342536823 1713046 125712207 1713074 468249030
25 28 54839516 1713046 491177408 1713074 546016924
26 27 777152680 1713046 845870819 1713074 623023499
27 27 475628716 1713047 226620444 1713074 702249160
28 27 185567750 1713047 594309695 1713074 779877445
29 26 889255277 1713047 970250266 1713074 859505543
30 26 597265350 1713048 339098216 1713074 936363566
31 26 311832517 1713048 700474589 1713075 12307106
32 26 45259984 1713049 49601867 1713075 94861851
33 25 767776421 1713049 405014042 1713075 172790463
34 25 474340911 1713049 778397959 1713075 252738870
35 25 175314768 1713050 154627636 1713075 329942404
36 24 896692674 1713050 516597867 1713075 413290541
37 24 609917848 1713050 877702635 1713075 487620483
38 24 321729902 1713051 239197635 1713075 560927537
39 24 37554711 1713051 598691434 1713075 636246145
40 23 758977559 1713051 957078273 1713075 716055832
41 23 458605869 1713052 330630890 1713075 789236759
42 23 144949733 1713052 722912736 1713075 867862469
43 22 857026357 1713053 90756575 1713075 947782932
44 22 575376746 1713053 449905251 1713076 25281997
45 22 290475403 1713053 815016292 1713076 105491695
46 21 994767344 1713054 192168506 1713076 186935850
47 21 693464098 1713054 578693575 1713076 272157673
48 21 412598232 1713054 934573888 1713076 347172120
49 21 137885875 1713055 292511143 1713076 430397018
50 20 855657332 1713055 651205457 1713076 506862789
51 20 564187987 1713056 23079848 1713076 587267835
52 20 280007778 1713056 400738293 1713076 680746071
53 19 988656893 1713056 768825665 1713076 757482558
54 19 702613739 1713057 134401308 1713076 837015047
55 19 437250830 1713057 491453784 1713076 928704614
56 19 156585701 1713057 858623007 1713077 15208708
57 18 866036209 1713058 222911638 1713077 88947847
58 18 573226334 1713058 586517634 1713077 159743968
59 18 282476309 1713058 960558686 1713077 243034995
60 17 982151895 1713059 341042280 1713077 323194175
61 17 697815208 1713059 702905217 1713077 400720425
62 17 398286056 1713060 81161003 1713077 479447059
63 17 124484813 1713060 434561327 1713077 559046140
64 16 829039564 1713060 803972247 1713077 633011811
1 34 749968072 1713383 661050276 1713418 411018348
2 34 460215643 1713384 32550945 1713418 492766588
3 34 175457895 1713384 400681606 1713418 576139501
4 33 892992916 1713384 759665057 1713418 652657973
5 33 598193826 1713385 133191132 1713418 731384958
6 33 307645635 1713385 505203865 1713418 812849500
7 33 24891681 1713385 871245789 1713418 896137470
8 32 732130791 1713386 249326146 1713418 981456937
9 32 445914793 1713386 611792510 1713419 57707303
10 32 156911128 1713386 976967562 1713419 133878690
11 31 893754477 1713387 327494140 1713419 221248617
12 31 608364241 1713387 684483370 1713419 292847611
13 31 323205037 1713388 45567483 1713419 368772520
14 31 44354766 1713388 404344660 1713419 448699426
15 30 744621661 1713388 781067598 1713419 525689259
16 30 463125219 1713389 141162342 1713419 604287561
17 30 177164143 1713389 502683891 1713419 679848034
18 29 905109943 1713389 857953914 1713419 763063857
19 29 620757575 1713390 219648793 1713419 840406368
20 29 340641144 1713390 578844202 1713419 919485346
21 29 51692718 1713390 942959497 1713419 994652215
22 28 769309090 1713391 305853760 1713420 75162850
23 28 480361367 1713391 672678503 1713420 153039870
24 28 186774661 1713392 46304353 1713420 233079014
25 27 888335661 1713392 424901180 1713420 313236841
26 27 582028184 1713392 818986095 1713420 401014279
27 27 299342580 1713393 182602955 1713420 481945535
28 27 16480553 1713393 552805132 1713420 569285685
29 26 724109176 1713393 922268396 1713420 646377572
30 26 435081233 1713394 286839682 1713420 721920915
31 26 144302175 1713394 653202767 1713420 797504942
32 25 855516117 1713395 17601000 1713420 873117117
33 25 574122525 1713395 382090955 1713420 956213480
34 25 286926750 1713395 747335376 1713421 34262126
35 25 4209110 1713396 102820691 1713421 107029801
36 24 718209701 1713396 470390640 1713421 188600341
37 24 431504009 1713396 838221881 1713421 269725890
38 24 132781458 1713397 212579384 1713421 345360842
39 23 859995810 1713397 573310189 1713421 433305999
40 23 587942073 1713397 929250625 1713421 517192698
41 23 302147289 1713398 292463456 1713421 594610745
42 23 23779305 1713398 655569159 1713421 679348464
43 22 746162677 1713399 11328080 1713421 757490757
44 22 479485984 1713399 362306797 1713421 841792781
45 22 192669497 1713399 732263108 1713421 924932605
46 21 920322545 1713400 86472114 1713422 6794659
47 21 634879162 1713400 450874847 1713422 85754009
48 21 346954067 1713400 820815214 1713422 167769281
49 21 56251453 1713401 188462329 1713422 244713782
50 20 774012249 1713401 548686588 1713422 322698837
51 20 490156075 1713401 914087099 1713422 404243174
52 20 204375588 1713402 281353906 1713422 485729494
53 19 919959796 1713402 646372961 1713422 566332757
54 19 640984471 1713403 15118240 1713422 656102711
55 19 354257984 1713403 380611267 1713422 734869251
56 19 79173621 1713403 733667870 1713422 812841491
57 18 808789945 1713404 92418324 1713422 901208269
58 18 529892638 1713404 452988762 1713422 982881400
59 18 245536937 1713404 817088076 1713423 62625013
60 17 966221786 1713405 176999138 1713423 143220924
61 17 667247686 1713405 553430655 1713423 220678341
62 17 378399146 1713405 924342466 1713423 302741612
63 17 87337539 1713406 295661417 1713423 382998956
64 16 805778655 1713406 657061523 1713423 462840178
1 35 17880353 1713730 874287689 1713765 892168042
2 34 698946366 1713731 271302765 1713765 970249131
3 34 416248321 1713731 635730254 1713766 51978575
4 34 116964802 1713732 14081509 1713766 131046311
5 33 825734534 1713732 385614712 1713766 211349246
6 33 540161638 1713732 743178612 1713766 283340250
7 33 248984313 1713733 112520580 1713766 361504893
8 32 955659642 1713733 478074806 1713766 433734448
9 32 671749138 1713733 849253516 1713766 521002654
10 32 366415035 1713734 222439445 1713766 588854480
11 32 83917856 1713734 588450385 1713766 672368241
12 31 796768619 1713734 958963571 1713766 755732190
13 31 511426811 1713735 321274490 1713766 832701301
14 31 224892433 1713735 687898566 1713766 912790999
15 30 939034782 1713736 50749753 1713766 989784535
16 30 628710979 1713736 442407174 1713767 71118153
17 30 306767737 1713736 832585235 1713767 139352972
18 30 11678914 1713737 206275322 1713767 217954236
19 29 734981844 1713737 571223301 1713767 306205145
20 29 449350560 1713737 936263519 1713767 385614079
21 29 166931120 1713738 302592786 1713767 469523906
22 28 884044504 1713738 668773593 1713767 552818097
23 28 599120669 1713739 40295870 1713767 639416539
24 28 291864010 1713739 420654456 1713767 712518466
25 28 21459836 1713739 774578483 1713767 796038319
26 27 739425482 1713740 132557746 1713767 871983228
27 27 445774039 1713740 501892362 1713767 947666401
28 27 169569738 1713740 862378687 1713768 31948425
29 26 884113228 1713741 231845837 1713768 115959065
30 26 594798719 1713741 599613983 1713768 194412702
31 26 312387779 1713741 962599445 1713768 274987224
32 26 43726460 1713742 318619987 1713768 362346447
33 25 764092059 1713742 676772210 1713768 440864269
34 25 467864463 1713743 53044875 1713768 520909338
35 25 158557918 1713743 438090814 1713768 596648732
36 24 882186508 1713743 801993092 1713768 684179600
37 24 597216026 1713744 165532876 1713768 762748902
38 24 325134681 1713744 516750382 1713768 841885063
39 24 40843444 1713744 882486827 1713768 923330271
40 23 753508656 1713745 242517976 1713768 996026632
41 23 471004237 1713745 601888841 1713769 72893078
42 23 189569501 1713745 970558525 1713769 160128026
43 22 910316592 1713746 327115909 1713769 237432501
44 22 637914124 1713746 693800335 1713769 331714459
45 22 345841798 1713747 62807680 1713769 408649478
46 22 36209408 1713747 446305482 1713769 482514890
47 21 766575737 1713747 802734850 1713769 569310587
48 21 481987396 1713748 170644234 1713769 652631630
49 21 184099407 1713748 549315167 1713769 733414574
50 20 898914168 1713748 913635048 1713769 812549216
51 20 606532405 1713749 285692740 1713769 892225145
52 20 322609754 1713749 646068863 1713769 968678617
53 20 31839662 1713750 19963798 1713770 51803460
54 19 739647246 1713750 393026341 1713770 132673587
55 19 454648913 1713750 760635064 1713770 215283977
56 19 169268939 1713751 127665632 1713770 296934571
57 18 890591704 1713751 482604510 1713770 373196214
58 18 600348065 1713751 854871754 1713770 455219819
59 18 309562826 1713752 225182128 1713770 534744954
60 18 19852936 1713752 593380525 1713770 613233461
61 17 741270218 1713752 951534414 1713770 692804632
62 17 464940808 1713753 310573008 1713770 775513816
63 17 167041021 1713753 681995806 1713770 849036827
64 16 875306875 1713754 53053202 1713770 928360077
