1 0 949303826 1482474 207620355 1482475 156924181
2 0 652763601 1482474 589870832 1482475 242634433
1 0 967060184 1482487 821104525 1482488 788164709
2 0 650518089 1482488 217532967 1482488 868051056
1 0 949184699 1482501 628769588 1482502 577954287
2 0 651348850 1482502 8248083 1482502 659596933
1 0 947021834 1482515 221174651 1482516 168196485
2 0 641461563 1482515 602953026 1482516 244414589
1 0 958147543 1482529 43818493 1482530 1966036
2 0 648727161 1482529 433198998 1482530 81926159
1 0 948237699 1482542 652845286 1482543 601082985
2 0 661363562 1482543 21318403 1482543 682681965
1 0 974284209 1482556 493821325 1482557 468105534
2 0 660974404 1482556 879494698 1482557 540469102
1 0 951343398 1482570 114412520 1482571 65755918
2 0 645293191 1482570 501193002 1482571 146486193
1 0 935499466 1482583 712578653 1482584 648078119
2 0 642861869 1482584 80317765 1482584 723179634
1 0 938518796 1482597 334851129 1482598 273369925
2 0 645865883 1482597 706766086 1482598 352631969
