1 8 808945442 1483147 46246728 1483155 855192170
2 8 491860455 1483147 440607274 1483155 932467729
3 8 199179452 1483147 812664535 1483156 11843987
4 7 911195636 1483148 184630353 1483156 95825989
5 7 628711785 1483148 552010706 1483156 180722491
6 7 323395198 1483148 933317378 1483156 256712576
7 7 39839813 1483149 300139056 1483156 339978869
8 6 754829400 1483149 663646652 1483156 418476052
9 6 483325612 1483150 19453991 1483156 502779603
10 6 194788252 1483150 377667856 1483156 572456108
11 5 917260841 1483150 736860314 1483156 654121155
12 5 647812383 1483151 96226194 1483156 744038577
13 5 345551161 1483151 472434337 1483156 817985498
14 5 59513176 1483151 843615467 1483156 903128643
15 4 769318773 1483152 210158836 1483156 979477609
16 4 459917839 1483152 592972405 1483157 52890244
1 8 866305398 1483195 439144936 1483204 305450334
2 8 570389995 1483195 807650805 1483204 378040800
3 8 283095959 1483196 175520928 1483204 458616887
4 7 990522879 1483196 543306867 1483204 533829746
5 7 692583442 1483196 920702414 1483204 613285856
6 7 411793853 1483197 280892817 1483204 692686670
7 7 120371417 1483197 652338110 1483204 772709527
8 6 822794362 1483198 26895990 1483204 849690352
9 6 528563703 1483198 395685854 1483204 924249557
10 6 248862111 1483198 761971730 1483205 10833841
11 5 937207127 1483199 143009521 1483205 80216648
12 5 650176235 1483199 518296572 1483205 168472807
13 5 369100041 1483199 880561342 1483205 249661383
14 5 70526374 1483200 254559067 1483205 325085441
15 4 755618028 1483200 639539058 1483205 395157086
16 4 457729701 1483201 18448779 1483205 476178480
1 8 727785504 1483243 142743864 1483251 870529368
2 8 431371294 1483243 511428621 1483251 942799915
3 8 143033315 1483243 880117859 1483252 23151174
4 7 853305919 1483244 244771287 1483252 98077206
5 7 551731125 1483244 622126318 1483252 173857443
6 7 270307974 1483244 986889095 1483252 257197069
7 6 982648574 1483245 352706445 1483252 335355019
8 6 694966638 1483245 713772184 1483252 408738822
9 6 410088701 1483246 82975190 1483252 493063891
10 6 121352285 1483246 447559842 1483252 568912127
11 5 823593176 1483246 811791204 1483252 635384380
12 5 559866974 1483247 167947947 1483252 727814921
13 5 276234013 1483247 530777226 1483252 807011239
14 4 997826432 1483247 890744098 1483252 888570530
15 4 699098491 1483248 263936784 1483252 963035275
16 4 409988841 1483248 630877612 1483253 40866453
1 8 834935866 1483290 971257847 1483299 806193713
2 8 516243685 1483291 367256958 1483299 883500643
3 8 220316613 1483291 742361368 1483299 962677981
4 7 926161394 1483292 114996605 1483300 41157999
5 7 642727559 1483292 469548843 1483300 112276402
6 7 347324457 1483292 846713509 1483300 194037966
7 7 55523563 1483293 214566969 1483300 270090532
8 6 761163164 1483293 585854361 1483300 347017525
9 6 464153206 1483293 961094379 1483300 425247585
10 6 176294475 1483294 318791112 1483300 495085587
11 5 895910986 1483294 685532001 1483300 581442987
12 5 614382447 1483295 52462941 1483300 666845388
13 5 320043899 1483295 430806344 1483300 750850243
14 5 37617339 1483295 787313600 1483300 824930939
15 4 736187541 1483296 165461654 1483300 901649195
16 4 462802917 1483296 533138987 1483300 995941904
1 8 856337092 1483339 341241410 1483348 197578502
2 8 574113805 1483339 715192548 1483348 289306353
3 8 276135346 1483340 92625932 1483348 368761278
4 7 992660584 1483340 454310310 1483348 446970894
5 7 696862194 1483340 825539186 1483348 522401380
6 7 419446628 1483341 188837588 1483348 608284216
7 7 133808334 1483341 554214227 1483348 688022561
8 6 837542156 1483341 929723261 1483348 767265417
9 6 570575682 1483342 288686544 1483348 859262226
10 6 269096198 1483342 666956690 1483348 936052888
11 5 987184795 1483343 29559179 1483349 16743974
12 5 693627989 1483343 399817575 1483349 93445564
13 5 394052247 1483343 771287131 1483349 165339378
14 5 112125010 1483344 140675692 1483349 252800702
15 4 825619271 1483344 512767977 1483349 338387248
16 4 522714148 1483344 890966347 1483349 413680495
1 8 779397165 1483387 89337921 1483395 868735086
2 8 486175408 1483387 454608971 1483395 940784379
3 8 191631474 1483387 825716313 1483396 17347787
4 7 899648266 1483388 193908602 1483396 93556868
5 7 616154466 1483388 563384829 1483396 179539295
6 7 328514748 1483388 928147944 1483396 256662692
7 7 36838608 1483389 301619741 1483396 338458349
8 6 738042609 1483389 680704798 1483396 418747407
9 6 453275409 1483390 50567498 1483396 503842907
10 6 158854434 1483390 415485796 1483396 574340230
11 5 873857479 1483390 781259261 1483396 655116740
12 5 575492804 1483391 153252568 1483396 728745372
13 5 280670023 1483391 522662722 1483396 803332745
14 5 8670887 1483391 874152079 1483396 882822966
15 4 722782449 1483392 239360297 1483396 962142746
16 4 430381750 1483392 607607622 1483397 37989372
1 8 792612007 1483434 803509918 1483443 596121925
2 8 503779959 1483435 175194621 1483443 678974580
3 8 220058441 1483435 538236845 1483443 758295286
4 7 920347941 1483435 910482944 1483443 830830885
5 7 630990662 1483436 275246190 1483443 906236852
6 7 340150524 1483436 639657721 1483443 979808245
7 7 24374522 1483437 32048093 1483444 56422615
8 6 728251303 1483437 406155507 1483444 134406810
9 6 433564981 1483437 779538159 1483444 213103140
10 6 138582183 1483438 152723129 1483444 291305312
11 5 852414213 1483438 518839645 1483444 371253858
12 5 562505464 1483438 890206243 1483444 452711707
13 5 267251524 1483439 266044309 1483444 533295833
14 4 978779969 1483439 643766616 1483444 622546585
15 4 692492687 1483440 9529083 1483444 702021770
16 4 405213997 1483440 373006336 1483444 778220333
1 8 655838821 1483482 646989542 1483491 302828363
2 8 385449615 1483483 7628166 1483491 393077781
3 8 98171073 1483483 374122176 1483491 472293249
4 7 812088786 1483483 739259434 1483491 551348220
5 7 532386299 1483484 100893946 1483491 633280245
6 7 244094962 1483484 464232443 1483491 708327405
7 6 971553595 1483484 821293137 1483491 792846732
8 6 692105548 1483485 179700249 1483491 871805797
9 6 412125141 1483485 536945384 1483491 949070525
10 6 127377327 1483485 900857741 1483492 28235068
11 5 840282467 1483486 262458161 1483492 102740628
12 5 544952434 1483486 635540393 1483492 180492827
13 5 252361700 1483487 8523220 1483492 260884920
14 4 978285252 1483487 364225663 1483492 342510915
15 4 702186102 1483487 719839126 1483492 422025228
16 4 425659108 1483488 76576827 1483492 502235935
1 8 696023502 1483531 87808453 1483539 783831955
2 8 380979428 1483531 473048671 1483539 854028099
3 8 100503789 1483531 838223300 1483539 938727089
4 7 838873393 1483532 185387855 1483540 24261248
5 7 559703655 1483532 543207109 1483540 102910764
6 7 275477033 1483532 905052896 1483540 180529929
7 6 997744730 1483533 261585842 1483540 259330572
8 6 706823888 1483533 631923925 1483540 338747813
9 6 425583098 1483533 987251284 1483540 412834382
10 6 137435368 1483534 350442915 1483540 487878283
11 5 851948290 1483534 714540676 1483540 566488966
12 5 577010747 1483535 77605531 1483540 654616278
13 5 294573295 1483535 446896172 1483540 741469467
14 4 995702053 1483535 820944312 1483540 816646365
15 4 723468901 1483536 173737091 1483540 897205992
16 4 435386189 1483536 536226957 1483540 971613146
1 8 690555814 1483578 676112932 1483587 366668746
2 8 387113994 1483579 55629466 1483587 442743460
3 8 104119496 1483579 410690720 1483587 514810216
4 7 834514736 1483579 765026525 1483587 599541261
5 7 554791879 1483580 124637726 1483587 679429605
6 7 262930777 1483580 488755080 1483587 751685857
7 6 969656425 1483580 857784394 1483587 827440819
8 6 681593157 1483581 223114835 1483587 904707992
9 6 399933281 1483581 581735093 1483587 981668374
10 6 115235743 1483581 947461490 1483588 62697233
11 5 823597229 1483582 313522806 1483588 137120035
12 5 545488081 1483582 677335332 1483588 222823413
13 5 260061834 1483583 35611079 1483588 295672913
14 4 973987805 1483583 398120723 1483588 372108528
15 4 696715769 1483583 762477165 1483588 459192934
16 4 398214001 1483584 139978628 1483588 538192629
