1 70 234387138 1488254 455261940 1488324 689649078
2 69 931201981 1488254 845777169 1488324 776979150
3 69 635527919 1488255 218206844 1488324 853734763
4 69 367051882 1488255 575951157 1488324 943003039
5 69 75003861 1488255 955720873 1488325 30724734
6 68 788726652 1488256 321500233 1488325 110226885
7 68 508421624 1488256 679728907 1488325 188150531
8 68 221152805 1488257 48823184 1488325 269975989
9 67 947397130 1488257 402873921 1488325 350271051
10 67 652684864 1488257 772173897 1488325 424858761
11 67 382722190 1488258 128452535 1488325 511174725
12 67 100696731 1488258 488985609 1488325 589682340
13 66 823605565 1488258 850632846 1488325 674238411
14 66 536853367 1488259 224151851 1488325 761005218
15 66 258933144 1488259 585074620 1488325 844007764
16 65 987496405 1488259 938878214 1488325 926374619
17 65 699441453 1488260 308291633 1488326 7733086
18 65 405918775 1488260 681638567 1488326 87557342
19 65 126397601 1488261 41048848 1488326 167446449
20 64 846355309 1488261 403230852 1488326 249586161
21 64 570210218 1488261 763406191 1488326 333616409
22 64 281134175 1488262 134924643 1488326 416058818
23 64 3389781 1488262 491518627 1488326 494908408
24 63 717878077 1488262 848345272 1488326 566223349
25 63 432865733 1488263 216215054 1488326 649080787
26 63 153064843 1488263 571572210 1488326 724637053
27 62 868166681 1488263 937568196 1488326 805734877
28 62 564701476 1488264 317360356 1488326 882061832
29 62 291514864 1488264 676633954 1488326 968148818
30 62 7540480 1488265 39284116 1488327 46824596
31 61 720613748 1488265 400703505 1488327 121317253
32 61 441836894 1488265 763801602 1488327 205638496
33 61 151859017 1488266 128085195 1488327 279944212
34 60 866401441 1488266 491375807 1488327 357777248
35 60 587523626 1488266 852066118 1488327 439589744
36 60 298572691 1488267 217914662 1488327 516487353
37 59 997519568 1488267 593868342 1488327 591387910
38 59 712828885 1488267 963604920 1488327 676433805
39 59 424357923 1488268 332403314 1488327 756761237
40 59 136941237 1488268 694526708 1488327 831467945
41 58 855989314 1488269 53723770 1488327 909713084
42 58 566955808 1488269 426820061 1488327 993775869
43 58 284827000 1488269 791226466 1488328 76053466
44 57 983747062 1488270 164294258 1488328 148041320
45 57 700769086 1488270 527515279 1488328 228284365
46 57 417943107 1488270 895730628 1488328 313673735
47 57 138127772 1488271 252905193 1488328 391032965
48 56 866217580 1488271 611189532 1488328 477407112
49 56 569355078 1488271 982896943 1488328 552252021
50 56 287230345 1488272 342751548 1488328 629981893
51 56 11028125 1488272 700227607 1488328 711255732
52 55 723286631 1488273 68165424 1488328 791452055
53 55 422299895 1488273 447006140 1488328 869306035
54 55 131726548 1488273 816599500 1488328 948326048
55 54 854587143 1488274 177711747 1488329 32298890
56 54 556993842 1488274 552841479 1488329 109835321
57 54 269480491 1488274 925050195 1488329 194530686
58 53 981346171 1488275 293424652 1488329 274770823
59 53 703370208 1488275 648308595 1488329 351678803
60 53 426640924 1488276 8920371 1488329 435561295
61 53 152296539 1488276 365387264 1488329 517683803
62 52 878282851 1488276 725920652 1488329 604203503
63 52 591985365 1488277 93211223 1488329 685196588
64 52 305486792 1488277 458037175 1488329 763523967
65 52 28794082 1488277 826385540 1488329 855179622
66 51 757627078 1488278 185217406 1488329 942844484
67 51 447595927 1488278 568766048 1488330 16361975
68 51 155339298 1488278 941659084 1488330 96998382
69 50 851504914 1488279 326746678 1488330 178251592
70 50 555016758 1488279 708059549 1488330 263076307
71 50 260848185 1488280 76785407 1488330 337633592
72 49 967763943 1488280 451163728 1488330 418927671
73 49 686149718 1488280 826573196 1488330 512722914
74 49 386810839 1488281 198036278 1488330 584847117
75 49 95305381 1488281 571245789 1488330 666551170
76 48 821448746 1488281 926613018 1488330 748061764
77 48 532025192 1488282 298297966 1488330 830323158
78 48 251109306 1488282 662743111 1488330 913852417
79 47 973023993 1488283 22772287 1488330 995796280
80 47 691176884 1488283 382305731 1488331 73482615
81 47 401055213 1488283 752904664 1488331 153959877
82 47 110377406 1488284 124117769 1488331 234495175
83 46 807353340 1488284 507963572 1488331 315316912
84 46 518168467 1488284 880980401 1488331 399148868
85 46 227471400 1488285 247336787 1488331 474808187
86 45 941760275 1488285 615023368 1488331 556783643
87 45 648654977 1488285 986707224 1488331 635362201
88 45 357623955 1488286 352109035 1488331 709732990
89 45 75469777 1488286 717516106 1488331 792985883
90 44 766800433 1488287 103816731 1488331 870617164
91 44 479807553 1488287 473837064 1488331 953644617
92 44 192162224 1488287 838221358 1488332 30383582
93 43 902810520 1488288 210335705 1488332 113146225
94 43 620053874 1488288 580692234 1488332 200746108
95 43 338979231 1488288 941244640 1488332 280223871
96 43 47962986 1488289 312245768 1488332 360208754
97 42 756813132 1488289 679372490 1488332 436185622
98 42 459866410 1488290 54095731 1488332 513962141
99 42 186966515 1488290 410599605 1488332 597566120
100 41 902483624 1488290 783867577 1488332 686351201
101 41 612393584 1488291 156707243 1488332 769100827
102 41 328946894 1488291 524207643 1488332 853154537
103 41 37728635 1488291 896317620 1488332 934046255
104 40 761453343 1488292 256755343 1488333 18208686
105 40 454650906 1488292 639210766 1488333 93861672
106 40 176634352 1488293 4885590 1488333 181519942
107 39 885308464 1488293 377986122 1488333 263294586
108 39 602562058 1488293 742269492 1488333 344831550
109 39 323062829 1488294 103591383 1488333 426654212
110 39 23628378 1488294 480558005 1488333 504186383
111 38 740639365 1488294 852755647 1488333 593395012
112 38 451500287 1488295 223564204 1488333 675064491
113 38 163715386 1488295 593117379 1488333 756832765
114 37 858203499 1488295 982801327 1488333 841004826
115 37 567939554 1488296 352247004 1488333 920186558
116 37 284123039 1488296 718793237 1488334 2916276
117 36 995834056 1488297 88588518 1488334 84422574
118 36 706476852 1488297 454335156 1488334 160812008
119 36 416959152 1488297 826408856 1488334 243368008
120 36 118725215 1488298 206012223 1488334 324737438
121 35 847165072 1488298 572525049 1488334 419690121
122 35 554100033 1488298 948713965 1488334 502813998
123 35 276029166 1488299 312915651 1488334 588944817
124 34 987191322 1488299 683824096 1488334 671015418
125 34 700190314 1488300 59234878 1488334 759425192
126 34 401799102 1488300 439159480 1488334 840958582
127 34 112707671 1488300 812283715 1488334 924991386
128 33 828949821 1488301 182002849 1488335 10952670
1 70 412597179 1488698 221415694 1488768 634012873
2 70 125917094 1488698 585448176 1488768 711365270
3 69 845460589 1488698 945453275 1488768 790913864
4 69 570727808 1488699 302608613 1488768 873336421
5 69 290764980 1488699 662754301 1488768 953519281
6 69 6657140 1488700 29802058 1488769 36459198
7 68 722010476 1488700 397500877 1488769 119511353
8 68 431099788 1488700 767038159 1488769 198137947
9 68 158619314 1488701 117651348 1488769 276270662
10 67 863453376 1488701 491492694 1488769 354946070
11 67 587163308 1488701 846222433 1488769 433385741
12 67 296835238 1488702 216409388 1488769 513244626
13 67 16408308 1488702 576635833 1488769 593044141
14 66 730216083 1488702 940745444 1488769 670961527
15 66 444761602 1488703 309638554 1488769 754400156
16 66 163886774 1488703 672935754 1488769 836822528
17 65 881466642 1488704 32756726 1488769 914223368
18 65 604439052 1488704 388259931 1488769 992698983
19 65 314239442 1488704 761200425 1488770 75439867
20 65 28622373 1488705 118753959 1488770 147376332
21 64 756118695 1488705 480786481 1488770 236905176
22 64 473134962 1488705 844817686 1488770 317952648
23 64 196220020 1488706 199847788 1488770 396067808
24 63 907208776 1488706 570931207 1488770 478139983
25 63 617839909 1488706 942234214 1488770 560074123
26 63 325590542 1488707 304195219 1488770 629785761
27 63 42405333 1488707 667061909 1488770 709467242
28 62 758454768 1488708 36832446 1488770 795287214
29 62 475519349 1488708 400381568 1488770 875900917
30 62 201129579 1488708 768389954 1488770 969519533
31 61 918072589 1488709 125708456 1488771 43781045
32 61 626314491 1488709 494980670 1488771 121295161
33 61 352450099 1488709 845770374 1488771 198220473
34 61 78210548 1488710 202260226 1488771 280470774
35 60 794158781 1488710 566874271 1488771 361033052
36 60 491688393 1488710 936164891 1488771 427853284
37 60 216869687 1488711 305273089 1488771 522142776
38 59 931697590 1488711 673905167 1488771 605602757
39 59 659576034 1488712 26676684 1488771 686252718
40 59 374464991 1488712 390174159 1488771 764639150
41 59 84562339 1488712 756978828 1488771 841541167
42 58 819256705 1488713 107274264 1488771 926530969
43 58 541445780 1488713 470975012 1488772 12420792
44 58 261720021 1488713 831776817 1488772 93496838
45 57 982513548 1488714 194838207 1488772 177351755
46 57 701104267 1488714 559936076 1488772 261040343
47 57 403030052 1488714 933052770 1488772 336082822
48 57 123339200 1488715 293432657 1488772 416771857
49 56 836465785 1488715 661032384 1488772 497498169
50 56 557576713 1488716 23130182 1488772 580706895
51 56 265611360 1488716 392521597 1488772 658132957
52 55 980878422 1488716 754935333 1488772 735813755
53 55 698458882 1488717 119812818 1488772 818271700
54 55 412877756 1488717 481213444 1488772 894091200
55 55 127864267 1488717 847912078 1488772 975776345
56 54 852148319 1488718 209441091 1488773 61589410
57 54 567729948 1488718 573804326 1488773 141534274
58 54 281954734 1488718 939045396 1488773 221000130
59 53 980467752 1488719 324995302 1488773 305463054
60 53 677957753 1488719 705703551 1488773 383661304
61 53 384994252 1488720 75171502 1488773 460165754
62 53 98207614 1488720 442762692 1488773 540970306
63 52 800653166 1488720 815011162 1488773 615664328
64 52 536583546 1488721 173836413 1488773 710419959
65 52 236417871 1488721 556320350 1488773 792738221
66 51 930960245 1488721 943055666 1488773 874015911
67 51 648991678 1488722 307022298 1488773 956013976
68 51 364990447 1488722 676301771 1488774 41292218
69 51 67226412 1488723 56294330 1488774 123520742
70 50 786157920 1488723 414655664 1488774 200813584
71 50 503779083 1488723 781923787 1488774 285702870
72 50 203839071 1488724 157686855 1488774 361525926
73 49 911348803 1488724 532821157 1488774 444169960
74 49 625958284 1488724 897330316 1488774 523288600
75 49 344998272 1488725 259240191 1488774 604238463
76 49 62986503 1488725 622500281 1488774 685486784
77 48 793365398 1488725 974483777 1488774 767849175
78 48 521614613 1488726 331485526 1488774 853100139
79 48 232587481 1488726 702683035 1488774 935270516
80 47 954674390 1488727 64319935 1488775 18994325
81 47 662233379 1488727 435309726 1488775 97543105
82 47 378917136 1488727 794775093 1488775 173692229
83 47 88880245 1488728 169656049 1488775 258536294
84 46 802281140 1488728 539535250 1488775 341816390
85 46 516705791 1488728 902295609 1488775 419001400
86 46 216777113 1488729 278305561 1488775 495082674
87 45 929206174 1488729 650632548 1488775 579838722
88 45 650070810 1488730 13211041 1488775 663281851
89 45 351414440 1488730 398543237 1488775 749957677
90 45 64293381 1488730 766863765 1488775 831157146
91 44 765903561 1488731 142181990 1488775 908085551
92 44 475863578 1488731 512110894 1488775 987974472
93 44 199768434 1488731 878624809 1488776 78393243
94 43 908342941 1488732 252910758 1488776 161253699
95 43 613449626 1488732 627499238 1488776 240948864
96 43 325957298 1488732 997793338 1488776 323750636
97 43 15465288 1488733 382727542 1488776 398192830
98 42 714360687 1488733 769262844 1488776 483623531
99 42 424514089 1488734 148876504 1488776 573390593
100 42 127973511 1488734 520572466 1488776 648545977
101 41 823264833 1488734 905480281 1488776 728745114
102 41 540180251 1488735 274531406 1488776 814711657
103 41 251839956 1488735 647968594 1488776 899808550
104 40 961146209 1488736 11099575 1488776 972245784
105 40 688585199 1488736 367470133 1488777 56055332
106 40 405329731 1488736 745788077 1488777 151117808
107 40 111205477 1488737 120806085 1488777 232011562
108 39 830115837 1488737 486500905 1488777 316616742
109 39 538567235 1488737 862747779 1488777 401315014
110 39 241576907 1488738 242959241 1488777 484536148
111 38 976667581 1488738 598820142 1488777 575487723
112 38 685959685 1488738 969754619 1488777 655714304
113 38 397556096 1488739 345590945 1488777 743147041
114 38 110715328 1488739 706989516 1488777 817704844
115 37 830225491 1488740 70844113 1488777 901069604
116 37 540007253 1488740 433581694 1488777 973588947
117 37 255149890 1488740 801633043 1488778 56782933
118 36 947191850 1488741 184958315 1488778 132150165
119 36 643925847 1488741 572516949 1488778 216442796
120 36 366336751 1488741 935151828 1488778 301488579
121 36 79648498 1488742 304379543 1488778 384028041
122 35 795268183 1488742 676637364 1488778 471905547
123 35 512763386 1488743 41898378 1488778 554661764
124 35 215893443 1488743 417742815 1488778 633636258
125 34 915269186 1488743 793393996 1488778 708663182
126 34 634506429 1488744 159297590 1488778 793804019
127 34 337693874 1488744 535500927 1488778 873194801
128 34 28905239 1488744 923556532 1488778 952461771
1 70 9425435 1489141 139395351 1489211 148820786
2 69 742406881 1489141 490271531 1489211 232678412
3 69 462332041 1489141 848825952 1489211 311157993
4 69 189635078 1489142 198258641 1489211 387893719
5 68 908176245 1489142 565436193 1489211 473612438
6 68 624145018 1489142 929487101 1489211 553632119
7 68 353224539 1489143 279804551 1489211 633029090
8 68 65592937 1489143 646717033 1489211 712309970
9 67 772244796 1489144 15321761 1489211 787566557
10 67 496284192 1489144 374689277 1489211 870973469
11 67 203939440 1489144 750575846 1489211 954515286
12 66 926350960 1489145 108517334 1489212 34868294
13 66 638436697 1489145 478531423 1489212 116968120
14 66 362977955 1489145 833333452 1489212 196311407
15 66 62156644 1489146 212627659 1489212 274784303
16 65 783926806 1489146 569086916 1489212 353013722
17 65 503474585 1489146 929776221 1489212 433250806
18 65 232684788 1489147 290335881 1489212 523020669
19 64 939040674 1489147 656896443 1489212 595937117
20 64 668604834 1489148 14553436 1489212 683158270
21 64 390540826 1489148 370452222 1489212 760993048
22 64 105983463 1489148 732935733 1489212 838919196
23 63 807805935 1489149 109792356 1489212 917598291
24 63 521319905 1489149 474687117 1489212 996007022
25 63 246988085 1489149 835909115 1489213 82897200
26 62 957182377 1489150 204840780 1489213 162023157
27 62 677329201 1489150 569943499 1489213 247272700
28 62 401271785 1489150 928106889 1489213 329378674
29 62 107483006 1489151 304701925 1489213 412184931
30 61 829895695 1489151 663108402 1489213 493004097
31 61 541773566 1489152 30084623 1489213 571858189
32 61 253343852 1489152 397580925 1489213 650924777
33 60 970806005 1489152 756313323 1489213 727119328
34 60 691472597 1489153 113399455 1489213 804872052
35 60 396585081 1489153 482947903 1489213 879532984
36 60 109000554 1489153 850382985 1489213 959383539
37 59 840502253 1489154 212494372 1489214 52996625
38 59 555865631 1489154 585951560 1489214 141817191
39 59 276920512 1489154 942439445 1489214 219359957
40 58 986133177 1489155 312674139 1489214 298807316
41 58 712249721 1489155 665313152 1489214 377562873
42 58 424721007 1489156 35908321 1489214 460629328
43 58 139813615 1489156 392462648 1489214 532276263
44 57 842449498 1489156 763622454 1489214 606071952
45 57 567353695 1489157 122149780 1489214 689503475
46 57 267399832 1489157 503053935 1489214 770453767
47 56 984283572 1489157 866561165 1489214 850844737
48 56 703457157 1489158 227749662 1489214 931206819
49 56 427354706 1489158 579227457 1489215 6582163
50 56 145636048 1489158 943102477 1489215 88738525
51 55 859585345 1489159 310451133 1489215 170036478
52 55 565466019 1489159 682823748 1489215 248289767
53 55 274812126 1489160 55612355 1489215 330424481
54 54 987884829 1489160 421353134 1489215 409237963
55 54 702756199 1489160 787511480 1489215 490267679
56 54 399895857 1489161 168550428 1489215 568446285
57 54 139421198 1489161 520878465 1489215 660299663
58 53 860870592 1489161 875902765 1489215 736773357
59 53 578160195 1489162 238990910 1489215 817151105
60 53 299483202 1489162 604469435 1489215 903952637
61 53 18848043 1489162 965394769 1489215 984242812
62 52 727771733 1489163 338572127 1489216 66343860
63 52 441748937 1489163 698164210 1489216 139913147
64 52 149559038 1489164 70264051 1489216 219823089
65 51 869849509 1489164 427490753 1489216 297340262
66 51 573487357 1489164 800509614 1489216 373996971
67 51 282449862 1489165 170897451 1489216 453347313
68 51 6092121 1489165 528363185 1489216 534455306
69 50 687415453 1489165 932844070 1489216 620259523
70 50 402441785 1489166 299997803 1489216 702439588
71 50 119484579 1489166 658593219 1489216 778077798
72 49 832211511 1489167 27428919 1489216 859640430
73 49 546525895 1489167 390205124 1489216 936731019
74 49 232374030 1489167 782732887 1489217 15106917
75 48 949717504 1489168 142204841 1489217 91922345
76 48 654581569 1489168 519259920 1489217 173841489
77 48 362912141 1489168 889825161 1489217 252737302
78 48 79738736 1489169 251552145 1489217 331290881
79 47 791219730 1489169 623927777 1489217 415147507
80 47 489126744 1489170 4385938 1489217 493512682
81 47 211042760 1489170 367605801 1489217 578648561
82 46 901086666 1489170 752832556 1489217 653919222
83 46 613365108 1489171 119570740 1489217 732935848
84 46 325751881 1489171 485973042 1489217 811724923
85 46 27468489 1489171 860825792 1489217 888294281
86 45 752244209 1489172 221242375 1489217 973486584
87 45 462199918 1489172 588425476 1489218 50625394
88 45 171681303 1489172 957884182 1489218 129565485
89 44 861762061 1489173 349161208 1489218 210923269
90 44 577980743 1489173 716942316 1489218 294923059
91 44 289973820 1489174 83334210 1489218 373308030
92 44 16446674 1489174 440311174 1489218 456757848
93 43 716973583 1489174 821274066 1489218 538247649
94 43 434076581 1489175 189446092 1489218 623522673
95 43 147972307 1489175 559363344 1489218 707335651
96 42 871058227 1489175 922109307 1489218 793167534
97 42 575383970 1489176 299201125 1489218 874585095
98 42 292485247 1489176 670245058 1489218 962730305
99 42 12777757 1489177 28534960 1489219 41312717
100 41 713592383 1489177 403154380 1489219 116746763
101 41 434643343 1489177 765677218 1489219 200320561
102 41 146600588 1489178 131696804 1489219 278297392
103 40 862922157 1489178 493039757 1489219 355961914
104 40 583015302 1489178 852577856 1489219 435593158
105 40 285897334 1489179 230838039 1489219 516735373
106 40 2050591 1489179 601257040 1489219 603307631
107 39 727188379 1489179 963423681 1489219 690612060
108 39 451964415 1489180 323881762 1489219 775846177
109 39 150778618 1489180 698079486 1489219 848858104
110 38 868975040 1489181 66272437 1489219 935247477
111 38 591008407 1489181 427638444 1489220 18646851
112 38 301388036 1489181 793492273 1489220 94880309
113 38 25222608 1489182 163212787 1489220 188435395
114 37 750620429 1489182 518575558 1489220 269195987
115 37 460272776 1489182 890967446 1489220 351240222
116 37 183017666 1489183 249137497 1489220 432155163
117 36 900961556 1489183 610907830 1489220 511869386
118 36 615380478 1489183 975948285 1489220 591328763
119 36 327938732 1489184 339852410 1489220 667791142
120 36 38679335 1489184 705262414 1489220 743941749
121 35 747524530 1489185 76901946 1489220 824426476
122 35 464429700 1489185 446464906 1489220 910894606
123 35 172158436 1489185 814430842 1489220 986589278
124 34 894597185 1489186 172463431 1489221 67060616
125 34 606068126 1489186 547336438 1489221 153404564
126 34 333052843 1489186 906134235 1489221 239187078
127 34 35077429 1489187 283796632 1489221 318874061
128 33 752018859 1489187 652869712 1489221 404888571
1 70 182432185 1489586 237845634 1489656 420277819
2 69 896393007 1489586 613098989 1489656 509491996
3 69 607708917 1489586 981711195 1489656 589420112
4 69 340978772 1489587 335608723 1489656 676587495
5 69 58830648 1489587 695559893 1489656 754390541
6 68 774645156 1489588 66448499 1489656 841093655
7 68 497315995 1489588 426398298 1489656 923714293
8 68 214365442 1489588 789688792 1489657 4054234
9 67 936883727 1489589 157234556 1489657 94118283
10 67 653414944 1489589 513516241 1489657 166931185
11 67 367786092 1489589 877063711 1489657 244849803
12 67 79554734 1489590 245493328 1489657 325048062
13 66 788225714 1489590 618684556 1489657 406910270
14 66 519948896 1489590 967307130 1489657 487256026
15 66 233765925 1489591 329646994 1489657 563412919
16 65 965158909 1489591 684533669 1489657 649692578
17 65 694933832 1489592 42745391 1489657 737679223
18 65 415416991 1489592 405987034 1489657 821404025
19 65 144998066 1489592 761348274 1489657 906346340
20 64 853081132 1489593 132894700 1489657 985975832
21 64 576769840 1489593 492724205 1489658 69494045
22 64 281621209 1489593 866428645 1489658 148049854
23 64 6375915 1489594 222807476 1489658 229183391
24 63 720494030 1489594 592739878 1489658 313233908
25 63 458581089 1489594 937022629 1489658 395603718
26 63 162079966 1489595 309345225 1489658 471425191
27 62 875625093 1489595 681747042 1489658 557372135
28 62 599723626 1489596 37996931 1489658 637720557
29 62 320779497 1489596 396872769 1489658 717652266
30 62 56857186 1489596 743492086 1489658 800349272
31 61 781011682 1489597 100762270 1489658 881773952
32 61 501203902 1489597 463614272 1489658 964818174
33 61 225061848 1489597 817519539 1489659 42581387
34 60 943138443 1489598 176832239 1489659 119970682
35 60 657285410 1489598 538828073 1489659 196113483
36 60 371874276 1489598 911716769 1489659 283591045
37 60 96516355 1489599 271822212 1489659 368338567
38 59 817384470 1489599 629783938 1489659 447168408
39 59 529166354 1489599 996957004 1489659 526123358
40 59 239452766 1489600 362808911 1489659 602261677
41 58 931228686 1489600 749824536 1489659 681053222
42 58 638632840 1489601 120705067 1489659 759337907
43 58 364996385 1489601 473568559 1489659 838564944
44 58 91067900 1489601 830335641 1489659 921403541
45 57 800747694 1489602 201147951 1489660 1895645
46 57 510672318 1489602 568190519 1489660 78862837
47 57 208870576 1489602 952678953 1489660 161549529
48 56 915637984 1489603 324177101 1489660 239815085
49 56 646436832 1489603 673239203 1489660 319676035
50 56 376348938 1489604 33308944 1489660 409657882
51 56 104264621 1489604 388124138 1489660 492388759
52 55 828363691 1489604 752941657 1489660 581305348
53 55 540221149 1489605 115698585 1489660 655919734
54 55 254918569 1489605 482474455 1489660 737393024
55 54 968581787 1489605 843238515 1489660 811820302
56 54 706498368 1489606 200842025 1489660 907340393
57 54 426243635 1489606 561744027 1489660 987987662
58 54 146028715 1489606 922176723 1489661 68205438
59 53 864950609 1489607 286457808 1489661 151408417
60 53 561694470 1489607 680601424 1489661 242295894
61 53 275969824 1489608 57981199 1489661 333951023
62 53 5327330 1489608 418211177 1489661 423538507
63 52 728859432 1489608 773808040 1489661 502667472
64 52 444097416 1489609 138272695 1489661 582370111
65 52 162374563 1489609 499037829 1489661 661412392
66 51 867605852 1489609 870544810 1489661 738150662
67 51 581189406 1489610 236958908 1489661 818148314
68 51 295646701 1489610 606772663 1489661 902419364
69 51 8312716 1489610 973072412 1489661 981385128
70 50 725661364 1489611 335806285 1489662 61467649
71 50 448194077 1489611 690053360 1489662 138247437
72 50 160772205 1489612 57155704 1489662 217927909
73 49 875879618 1489612 432135395 1489662 308015013
74 49 581621619 1489612 811515113 1489662 393136732
75 49 291714981 1489613 185781836 1489662 477496817
76 48 981909340 1489613 571240121 1489662 553149461
77 48 704649308 1489613 933144047 1489662 637793355
78 48 404316835 1489614 315577779 1489662 719894614
79 48 102452004 1489614 696869273 1489662 799321277
80 47 794417161 1489615 86250889 1489662 880668050
81 47 494233037 1489615 468930505 1489662 963163542
82 47 187138215 1489615 852148221 1489663 39286436
83 46 903627842 1489616 217049663 1489663 120677505
84 46 622526384 1489616 580811387 1489663 203337771
85 46 333318492 1489616 956936815 1489663 290255307
86 46 47733567 1489617 324403985 1489663 372137552
87 45 754819673 1489617 691906209 1489663 446725882
88 45 457561992 1489618 63607168 1489663 521169160
89 45 179422756 1489618 429147153 1489663 608569909
90 44 895908865 1489618 798664301 1489663 694573166
91 44 598034678 1489619 166377466 1489663 764412144
92 44 312532955 1489619 535137259 1489663 847670214
93 44 25640370 1489619 906185008 1489663 931825378
94 43 750756200 1489620 268525055 1489664 19281255
95 43 471773536 1489620 632089800 1489664 103863336
96 43 195771554 1489620 997193127 1489664 192964681
97 42 896864906 1489621 375708508 1489664 272573414
98 42 608336131 1489621 745491670 1489664 353827801
99 42 326935218 1489622 105092936 1489664 432028154
100 42 30959679 1489622 481345306 1489664 512304985
101 41 743807840 1489622 856962188 1489664 600770028
102 41 465806232 1489623 213723083 1489664 679529315
103 41 192451106 1489623 570528108 1489664 762979214
104 40 907531687 1489623 939321696 1489664 846853383
105 40 629815442 1489624 306769181 1489664 936584623
106 40 343037578 1489624 672703398 1489665 15740976
107 40 725927609 1489625 39268955 1489665 765196564
108 49 62381014 1489625 403981437 1489674 466362451
109 48 771682650 1489625 772879283 1489674 544561933
110 48 488320201 1489626 136182255 1489674 624502456
111 48 183404336 1489626 512483142 1489674 695887478
112 47 905998401 1489626 881520114 1489674 787518515
113 47 613712977 1489627 253802338 1489674 867515315
114 47 321821303 1489627 620510300 1489674 942331603
115 47 26219721 1489627 996470360 1489675 22690081
116 46 724251708 1489628 379339526 1489675 103591234
117 36 929250080 1489628 750070021 1489665 679320101
118 35 961421393 1489629 132478715 1489665 93900108
119 35 665109084 1489629 510576511 1489665 175685595
120 45 381904945 1489629 882514149 1489675 264419094
121 45 102133593 1489630 246252835 1489675 348386428
122 44 799997545 1489630 625085617 1489675 425083162
123 34 241800930 1489631 12929742 1489665 254730672
124 33 967636136 1489631 380939049 1489665 348575185
125 43 913235484 1489631 751110165 1489675 664345649
126 33 391629863 1489632 122785993 1489665 514415856
127 32 955152514 1489632 484528588 1489665 439681102
128 42 887513656 1489632 856285636 1489675 743799292
1 70 941937825 1490028 916341044 1490099 858278869
2 70 661382042 1490029 276209543 1490099 937591585
3 70 383086695 1490029 633813050 1490100 16899745
4 70 101858481 1490029 995435015 1490100 97293496
5 69 825388006 1490030 355192739 1490100 180580745
6 69 544830797 1490030 717543875 1490100 262374672
7 69 263444567 1490031 79673200 1490100 343117767
8 68 977592016 1490031 445518713 1490100 423110729
9 68 689298105 1490031 822243644 1490100 511541749
10 68 404935637 1490032 183956922 1490100 588892559
11 68 117891905 1490032 550188631 1490100 668080536
12 67 838071238 1490032 919166082 1490100 757237320
13 67 544714092 1490033 292085013 1490100 836799105
14 67 255941987 1490033 665144311 1490100 921086298
15 66 984541322 1490034 17874356 1490101 2415678
16 66 710067550 1490034 373438569 1490101 83506119
17 66 415603407 1490034 746980043 1490101 162583450
18 66 126493680 1490035 116776997 1490101 243270677
19 65 838725111 1490035 484320754 1490101 323045865
20 65 549260834 1490035 855251205 1490101 404512039
21 65 263708000 1490036 223667056 1490101 487375056
22 64 971894695 1490036 590920449 1490101 562815144
23 64 674783567 1490036 969208682 1490101 643992249
24 64 365614136 1490037 357777364 1490101 723391500
25 64 74782627 1490037 728409857 1490101 803192484
26 63 785978579 1490038 94995836 1490101 880974415
27 63 492394290 1490038 470168167 1490101 962562457
28 63 203387838 1490038 835527837 1490102 38915675
29 62 940985683 1490039 185346995 1490102 126332678
30 62 648602593 1490039 558285943 1490102 206888536
31 62 357167670 1490039 925142843 1490102 282310513
32 62 68303436 1490040 302510354 1490102 370813790
33 61 763648863 1490040 680432872 1490102 444081735
34 61 478968216 1490041 47915797 1490102 526884013
35 61 186239299 1490041 420569621 1490102 606808920
36 60 904708332 1490041 786411633 1490102 691119965
37 60 625274322 1490042 156647542 1490102 781921864
38 60 338262795 1490042 522329150 1490102 860591945
39 60 54820957 1490042 898220874 1490102 953041831
40 59 768155904 1490043 265255789 1490103 33411693
41 59 486050243 1490043 631037062 1490103 117087305
42 59 210799839 1490043 991029373 1490103 201829212
43 58 920298787 1490044 357897513 1490103 278196300
44 58 613403182 1490044 749194364 1490103 362597546
45 58 332839510 1490045 111108045 1490103 443947555
46 58 39448626 1490045 482860590 1490103 522309216
47 57 755766367 1490045 852223330 1490103 607989697
48 57 470742319 1490046 222691993 1490103 693434312
49 57 181674868 1490046 594096082 1490103 775770950
50 56 898206993 1490046 963120292 1490103 861327285
51 56 603056420 1490047 339705225 1490103 942761645
52 56 308201415 1490047 713952796 1490104 22154211
53 56 30091510 1490048 82779750 1490104 112871260
54 55 727135756 1490048 467277158 1490104 194412914
55 55 434308083 1490048 841072645 1490104 275380728
56 55 137144697 1490049 220276490 1490104 357421187
57 54 836934167 1490049 595126456 1490104 432060623
58 54 558007538 1490049 968038923 1490104 526046461
59 54 275073893 1490050 331460464 1490104 606534357
60 53 976047174 1490050 707622812 1490104 683669986
61 53 695291747 1490051 77799851 1490104 773091598
62 53 394379767 1490051 460224263 1490104 854604030
63 53 112681155 1490051 837786713 1490104 950467868
64 52 813673454 1490052 204193103 1490105 17866557
65 52 527866995 1490052 575731134 1490105 103598129
66 52 243839021 1490052 940410761 1490105 184249782
67 51 939388369 1490053 323871227 1490105 263259596
68 51 644740916 1490053 712153376 1490105 356894292
69 51 375188845 1490054 66393855 1490105 441582700
70 51 90895913 1490054 432837040 1490105 523732953
71 50 811329629 1490054 799207505 1490105 610537134
72 50 492902417 1490055 192611073 1490105 685513490
73 50 199410368 1490055 564895607 1490105 764305975
74 49 913301101 1490055 934216533 1490105 847517634
75 49 630752005 1490056 303922525 1490105 934674530
76 49 333372216 1490056 682769062 1490106 16141278
77 49 40578487 1490057 60045703 1490106 100624190
78 48 767617352 1490057 416671950 1490106 184289302
79 48 491580075 1490057 777732795 1490106 269312870
80 48 196054842 1490058 154726683 1490106 350781525
81 47 915004032 1490058 518174982 1490106 433179014
82 47 629234295 1490058 885238026 1490106 514472321
83 47 337850779 1490059 262404521 1490106 600255300
84 47 64026791 1490059 618717959 1490106 682744750
85 46 776166430 1490059 983249588 1490106 759416018
86 46 491434579 1490060 350178172 1490106 841612751
87 46 200132469 1490060 717905332 1490106 918037801
88 45 916144069 1490061 85711657 1490107 1855726
89 45 634163184 1490061 454741422 1490107 88904606
90 45 337833505 1490061 832486257 1490107 170319762
91 45 56352963 1490062 191802081 1490107 248155044
92 44 774895846 1490062 565869340 1490107 340765186
93 44 482825862 1490062 932612649 1490107 415438511
94 44 208538549 1490063 298403125 1490107 506941674
95 43 917864909 1490063 660551430 1490107 578416339
96 43 644622225 1490064 26400442 1490107 671022667
97 43 362776560 1490064 389440841 1490107 752217401
98 43 59697882 1490064 769142213 1490107 828840095
99 42 777531558 1490065 134284460 1490107 911816018
100 42 492657822 1490065 503264522 1490107 995922344
101 42 180193290 1490065 895435929 1490108 75629219
102 41 901583007 1490066 252755569 1490108 154338576
103 41 608853610 1490066 623777868 1490108 232631478
104 41 312523819 1490067 1102268 1490108 313626087
105 41 25547032 1490067 368162663 1490108 393709695
106 40 733731691 1490067 742158701 1490108 475890392
107 40 452455978 1490068 110767770 1490108 563223748
108 40 133166135 1490068 509948540 1490108 643114675
109 39 843903949 1490068 879479294 1490108 723383243
110 39 540722440 1490069 263228513 1490108 803950953
111 39 256574968 1490069 628310243 1490108 884885211
112 38 969272781 1490070 5461830 1490108 974734611
113 48 213381214 1490070 373004420 1490118 586385634
114 47 899175531 1490070 761317383 1490118 660492914
115 38 160407906 1490071 132429218 1490109 292837124
116 37 722992195 1490071 496911515 1490109 219903710
117 46 878103028 1490071 862798914 1490118 740901942
118 46 603152989 1490072 235023875 1490118 838176864
119 46 306216284 1490072 610522532 1490118 916738816
120 46 4045275 1490072 995837757 1490118 999883032
121 45 709198419 1490073 369959811 1490119 79158230
122 45 427547584 1490073 739263088 1490119 166810672
123 45 137422839 1490074 120378284 1490119 257801123
124 34 643047734 1490074 492393768 1490109 135441502
125 34 190038678 1490074 862891281 1490109 52929959
126 44 99360834 1490075 232704752 1490119 332065586
127 43 812724429 1490075 609696157 1490119 422420586
128 43 524095971 1490075 977665312 1490119 501761283
1 70 280655117 1490472 356728219 1490542 637383336
2 70 2989174 1490472 716887851 1490542 719877025
3 69 704413564 1490473 91602051 1490542 796015615
4 69 421579019 1490473 451779515 1490542 873358534
5 69 139423071 1490473 808229275 1490542 947652346
6 68 859488191 1490474 170953431 1490543 30441622
7 68 567025407 1490474 537754489 1490543 104779896
8 68 283552485 1490474 900041208 1490543 183593693
9 68 6252276 1490475 260652257 1490543 266904533
10 67 729816587 1490475 619571487 1490543 349388074
11 67 446020727 1490475 982346216 1490543 428366943
12 67 158006134 1490476 350723576 1490543 508729710
13 66 860188047 1490476 723216393 1490543 583404440
14 66 581801396 1490477 87519778 1490543 669321174
15 66 286021973 1490477 458288295 1490543 744310268
16 66 5845301 1490477 817795810 1490543 823641111
17 65 730181598 1490478 172012779 1490543 902194377
18 65 448018020 1490478 529810809 1490543 977828829
19 65 155921285 1490478 900550160 1490544 56471445
20 64 880788700 1490479 257636815 1490544 138425515
21 64 591721795 1490479 629365295 1490544 221087090
22 64 310765657 1490479 991112729 1490544 301878386
23 64 5530215 1490480 372057937 1490544 377588152
24 63 714743620 1490480 737576742 1490544 452320362
25 63 439412336 1490481 92303498 1490544 531715834
26 63 160066314 1490481 457043874 1490544 617110188
27 62 886900266 1490481 816612813 1490544 703513079
28 62 606222197 1490482 177347674 1490544 783569871
29 62 314553157 1490482 549642069 1490544 864195226
30 62 35009640 1490482 913746642 1490544 948756282
31 61 758750300 1490483 274036345 1490545 32786645
32 61 479701181 1490483 632420585 1490545 112121766
33 61 200660283 1490483 990362982 1490545 191023265
34 60 911222366 1490484 362569657 1490545 273792023
35 60 637335368 1490484 721160745 1490545 358496113
36 60 352121036 1490485 80490948 1490545 432611984
37 60 67964182 1490485 451309928 1490545 519274110
38 59 785051990 1490485 812574649 1490545 597626639
39 59 511929793 1490486 170566600 1490545 682496393
40 59 225491595 1490486 542335802 1490545 767827397
41 58 936482911 1490486 906443208 1490545 842926119
42 58 650431040 1490487 277236706 1490545 927667746
43 58 357686798 1490487 647454920 1490546 5141718
44 58 90141991 1490488 2780442 1490546 92922433
45 57 811706175 1490488 361080535 1490546 172786710
46 57 528892555 1490488 732522947 1490546 261415502
47 57 237139313 1490489 106216241 1490546 343355554
48 56 948735432 1490489 473270960 1490546 422006392
49 56 663518081 1490489 839577916 1490546 503095997
50 56 381576759 1490490 202352515 1490546 583929274
51 56 92136046 1490490 570752004 1490546 662888050
52 55 805636497 1490490 942117714 1490546 747754211
53 55 526099073 1490491 307334747 1490546 833433820
54 55 253606363 1490491 662791248 1490546 916397611
55 54 974788813 1490492 19995492 1490546 994784305
56 54 684717797 1490492 393268998 1490547 77986795
57 54 380624315 1490492 776703990 1490547 157328305
58 54 92754831 1490493 147093385 1490547 239848216
59 53 803162694 1490493 509335643 1490547 312498337
60 53 522379313 1490493 873023039 1490547 395402352
61 53 211623404 1490494 262583227 1490547 474206631
62 52 932563396 1490494 628723075 1490547 561286471
63 52 636824065 1490495 1596200 1490547 638420265
64 52 337862259 1490495 380343358 1490547 718205617
65 52 57503648 1490495 736284182 1490547 793787830
66 51 772016950 1490496 101972280 1490547 873989230
67 51 476089642 1490496 469440954 1490547 945530596
68 51 216687214 1490496 832798782 1490548 49485996
69 50 946894451 1490497 184325878 1490548 131220329
70 50 652378670 1490497 556445962 1490548 208824632
71 50 376835390 1490497 915202954 1490548 292038344
72 50 97904750 1490498 278342490 1490548 376247240
73 49 822167418 1490498 638957946 1490548 461125364
74 49 541944452 1490499 1338460 1490548 543282912
75 49 253214300 1490499 369147238 1490548 622361538
76 48 960248062 1490499 744029620 1490548 704277682
77 48 672507335 1490500 112819398 1490548 785326733
78 48 386810827 1490500 482833022 1490548 869643849
79 48 97119545 1490500 862489681 1490548 959609226
80 47 809372428 1490501 226085153 1490549 35457581
81 47 514352028 1490501 604536335 1490549 118888363
82 47 226685632 1490501 972757717 1490549 199443349
83 46 942607464 1490502 343157148 1490549 285764612
84 46 661735065 1490502 705796972 1490549 367532037
85 46 367959029 1490503 77173200 1490549 445132229
86 46 76554522 1490503 450985731 1490549 527540253
87 45 790518204 1490503 821032763 1490549 611550967
88 45 495614487 1490504 193461544 1490549 689076031
89 45 199348444 1490504 572245479 1490549 771593923
90 44 914949559 1490504 943335064 1490549 858284623
91 44 629685431 1490505 316797288 1490549 946482719
92 44 341693487 1490505 680548478 1490550 22241965
93 44 60645944 1490506 50979058 1490550 111625002
94 43 769130512 1490506 429151042 1490550 198281554
95 43 479535543 1490506 794121968 1490550 273657511
96 43 207852466 1490507 151152197 1490550 359004663
97 42 909637627 1490507 531349253 1490550 440986880
98 42 611451585 1490507 904101139 1490550 515552724
99 42 337286797 1490508 268758516 1490550 606045313
100 42 44987621 1490508 641613307 1490550 686600928
101 41 750159921 1490509 16491873 1490550 766651794
102 41 460389233 1490509 388914025 1490550 849303258
103 41 173042516 1490509 753742436 1490550 926784952
104 40 878926839 1490510 124719541 1490551 3646380
105 40 580640799 1490510 503017319 1490551 83658118
106 40 288999629 1490510 877204825 1490551 166204454
107 39 993393221 1490511 249694494 1490551 243087715
108 39 700177564 1490511 622821372 1490551 322998936
109 39 414810920 1490511 988922202 1490551 403733122
110 39 125311245 1490512 360914473 1490551 486225718
111 38 828250014 1490512 737997997 1490551 566248011
112 38 541309827 1490513 102410841 1490551 643720668
113 38 263119599 1490513 460737045 1490551 723856644
114 37 977555607 1490513 826150129 1490551 803705736
115 37 699184364 1490514 190767451 1490551 889951815
116 37 424529233 1490514 552836971 1490551 977366204
117 37 134666213 1490514 928597317 1490552 63263530
118 36 856981438 1490515 288473287 1490552 145454725
119 36 551826457 1490515 675794167 1490552 227620624
120 36 271817154 1490516 38916944 1490552 310734098
121 35 985136943 1490516 406322082 1490552 391459025
122 35 681542431 1490516 791676426 1490552 473218857
123 35 393381120 1490517 159355114 1490552 552736234
124 35 92832976 1490517 540967679 1490552 633800655
125 34 816755706 1490517 903082031 1490552 719837737
126 34 528899260 1490518 268716629 1490552 797615889
127 34 223008441 1490518 648705967 1490552 871714408
128 33 955003681 1490519 12424862 1490552 967428543
1 70 120600122 1490917 229038069 1490987 349638191
2 69 840573137 1490917 594456260 1490987 435029397
3 69 558769686 1490917 951607557 1490987 510377243
4 69 280111265 1490918 312893089 1490987 593004354
5 69 4031851 1490918 669225920 1490987 673257771
6 68 723330972 1490919 30375102 1490987 753706074
7 68 441791348 1490919 389895983 1490987 831687331
8 68 158297597 1490919 752705762 1490987 911003359
9 67 875105636 1490920 111994610 1490987 987100246
10 67 601190160 1490920 462682293 1490988 63872453
11 67 326895581 1490920 823628423 1490988 150524004
12 67 50519172 1490921 182723553 1490988 233242725
13 66 767365525 1490921 545701440 1490988 313066965
14 66 478811094 1490921 912695083 1490988 391506177
15 66 203321372 1490922 267975416 1490988 471296788
16 65 920757454 1490922 632766657 1490988 553524111
17 65 646756036 1490922 990397685 1490988 637153721
18 65 373177202 1490923 349025991 1490988 722203193
19 65 91700393 1490923 711881343 1490988 803581736
20 64 809151716 1490924 80957352 1490988 890109068
21 64 528592925 1490924 441742523 1490988 970335448
22 64 247806473 1490924 809751294 1490989 57557767
23 63 971834315 1490925 162537602 1490989 134371917
24 63 702406086 1490925 518461867 1490989 220867953
25 63 420209753 1490925 878782103 1490989 298991856
26 63 129326849 1490926 246392400 1490989 375719249
27 62 853886700 1490926 608550766 1490989 462437466
28 62 572406558 1490926 971689187 1490989 544095745
29 62 310276964 1490927 315131325 1490989 625408289
30 62 34027553 1490927 684388238 1490989 718415791
31 61 750885276 1490928 45114706 1490989 795999982
32 61 464920980 1490928 411949074 1490989 876870054
33 61 172853803 1490928 786399145 1490989 959252948
34 60 895866406 1490929 144608106 1490990 40474512
35 60 625846707 1490929 496934979 1490990 122781686
36 60 325099440 1490929 869821821 1490990 194921261
37 60 41181085 1490930 235228976 1490990 276410061
38 59 753949573 1490930 598952978 1490990 352902551
39 59 477608404 1490930 958239623 1490990 435848027
40 59 195763899 1490931 326300818 1490990 522064717
41 58 906346485 1490931 696416807 1490990 602763292
42 58 625542718 1490932 59003776 1490990 684546494
43 58 331475339 1490932 431841397 1490990 763316736
44 58 32491297 1490932 812525105 1490990 845016402
45 57 763390376 1490933 165867625 1490990 929258001
46 57 473297864 1490933 532755843 1490991 6053707
47 57 185123223 1490933 904465393 1490991 89588616
48 56 894424278 1490934 275873394 1490991 170297672
49 56 623699722 1490934 624868480 1490991 248568202
50 56 341181563 1490934 990589721 1490991 331771284
51 56 63143946 1490935 346679964 1490991 409823910
52 55 778738175 1490935 709305303 1490991 488043478
53 55 480653079 1490936 79911615 1490991 560564694
54 55 200114566 1490936 454359612 1490991 654474178
55 54 930991237 1490936 812675387 1490991 743666624
56 54 644560451 1490937 171526317 1490991 816086768
57 54 365272339 1490937 532118751 1490991 897391090
58 54 73219570 1490937 896424927 1490991 969644497
59 53 789416991 1490938 262357497 1490992 51774488
60 53 515158004 1490938 618776031 1490992 133934035
61 53 237718449 1490938 982797231 1490992 220515680
62 52 930788136 1490939 366912613 1490992 297700749
63 52 637064751 1490939 741758658 1490992 378823409
64 52 342369699 1490940 116728534 1490992 459098233
65 52 53035376 1490940 488438825 1490992 541474201
66 51 763153842 1490940 859463388 1490992 622617230
67 51 466869747 1490941 234464708 1490992 701334455
68 51 177843974 1490941 605470790 1490992 783314764
69 50 871569759 1490941 989481712 1490992 861051471
70 50 590782936 1490942 353185659 1490992 943968595
71 50 307905099 1490942 715569057 1490993 23474156
72 50 35058584 1490943 71348696 1490993 106407280
73 49 751938955 1490943 441106840 1490993 193045795
74 49 468536202 1490943 805822508 1490993 274358710
75 49 183433407 1490944 170900484 1490993 354333891
76 48 902440182 1490944 540334856 1490993 442775038
77 48 605977813 1490944 912696412 1490993 518674225
78 48 320147662 1490945 282612738 1490993 602760400
79 48 20201991 1490945 656900312 1490993 677102303
80 47 748105277 1490946 18408783 1490993 766514060
81 47 459547772 1490946 384979193 1490993 844526965
82 47 172991710 1490946 754227495 1490993 927219205
83 46 870794916 1490947 139779942 1490994 10574858
84 46 578047696 1490947 507243223 1490994 85290919
85 46 282871248 1490947 882783809 1490994 165655057
86 45 967567801 1490948 272763429 1490994 240331230
87 45 669743737 1490948 649098167 1490994 318841904
88 45 391058742 1490949 11338884 1490994 402397626
89 45 105131669 1490949 381671553 1490994 486803222
90 44 836605181 1490949 731783284 1490994 568388465
91 44 551304891 1490950 98243566 1490994 649548457
92 44 251915282 1490950 476729947 1490994 728645229
93 43 966645103 1490950 842513964 1490994 809159067
94 43 672643723 1490951 214917112 1490994 887560835
95 43 378899690 1490951 587534978 1490994 966434668
96 43 88813530 1490951 955317253 1490995 44130783
97 42 791519252 1490952 331372792 1490995 122892044
98 42 504188334 1490952 699794462 1490995 203982796
99 42 205568026 1490953 79297527 1490995 284865553
100 41 919894780 1490953 445676385 1490995 365571165
101 41 594642583 1490953 852419363 1490995 447061946
102 41 305792176 1490954 221310080 1490995 527102256
103 41 21842786 1490954 583086249 1490995 604929035
104 40 737300463 1490954 952991316 1490995 690291779
105 40 451101153 1490955 321760535 1490995 772861688
106 40 172204923 1490955 683321172 1490995 855526095
107 42 408949818 1490956 63147545 1490998 472097363
108 41 951393886 1490956 426676495 1490998 378070381
109 41 507254748 1490956 791060836 1490998 298315584
110 41 64055073 1490957 155852503 1490998 219907576
111 40 615457096 1490957 519142476 1490998 134599572
112 40 171730819 1490957 886529463 1490998 58260282
113 39 725402354 1490958 253034244 1490997 978436598
114 39 287856735 1490958 609964823 1490997 897821558
115 38 833247913 1490958 980079293 1490997 813327206
116 38 384674342 1490959 348506852 1490997 733181194
117 37 925464997 1490959 722738816 1490997 648203813
118 37 471118652 1490960 99246457 1490997 570365109
119 35 479693529 1490960 460788280 1490995 940481809
120 35 188299635 1490960 835114927 1490996 23414562
121 34 907199893 1490961 202528283 1490996 109728176
122 34 627657879 1490961 566832922 1490996 194490801
123 34 325475215 1490961 961592282 1490996 287067497
124 34 38874320 1490962 333098707 1490996 371973027
125 33 745534427 1490962 705737850 1490996 451272277
126 33 449519531 1490963 83102512 1490996 532622043
127 33 165383699 1490963 442924720 1490996 608308419
128 32 869749000 1490963 823089401 1490996 692838401
1 70 326122408 1491359 820616747 1491430 146739155
2 70 23884116 1491360 199181199 1491430 223065315
3 69 752581756 1491360 552714751 1491430 305296507
4 69 474227369 1491360 911200650 1491430 385428019
5 69 207105966 1491361 264145768 1491430 471251734
6 68 929861113 1491361 621656797 1491430 551517910
7 68 650612910 1491361 974494269 1491430 625107179
8 68 369570149 1491362 330736508 1491430 700306657
9 68 93442274 1491362 687957395 1491430 781399669
10 67 825538664 1491363 45656939 1491430 871195603
11 67 527124963 1491363 419055307 1491430 946180270
12 67 256184691 1491363 767948559 1491431 24133250
13 66 984900573 1491364 119834791 1491431 104735364
14 66 714805006 1491364 478295709 1491431 193100715
15 66 425138654 1491364 844628122 1491431 269766776
16 66 157542428 1491365 196053047 1491431 353595475
17 65 887457082 1491365 555985622 1491431 443442704
18 65 601825466 1491365 913433764 1491431 515259230
19 65 308650775 1491366 288011664 1491431 596662439
20 65 19017293 1491366 655461925 1491431 674479218
21 64 737121807 1491367 20934429 1491431 758056236
22 64 455260711 1491367 387605372 1491431 842866083
23 64 174980287 1491367 752747363 1491431 927727650
24 63 894236446 1491368 111836306 1491432 6072752
25 63 606792977 1491368 479227920 1491432 86020897
26 63 318329953 1491368 852389478 1491432 170719431
27 63 24392017 1491369 225295744 1491432 249687761
28 62 729242180 1491369 599395616 1491432 328637796
29 62 444897446 1491369 961227172 1491432 406124618
30 62 159228146 1491370 330516509 1491432 489744655
31 61 874381070 1491370 699625090 1491432 574006160
32 61 601106047 1491371 63016615 1491432 664122662
33 61 310849447 1491371 435056435 1491432 745905882
34 61 13555059 1491371 806518118 1491432 820073177
35 60 719942060 1491372 177768195 1491432 897710255
36 60 420528214 1491372 557544123 1491432 978072337
37 60 133178650 1491372 927745312 1491433 60923962
38 59 835114795 1491373 304369802 1491433 139484597
39 59 557373580 1491373 665389615 1491433 222763195
40 59 269950092 1491374 34982686 1491433 304932778
41 58 983097722 1491374 401174713 1491433 384272435
42 58 687822535 1491374 772852540 1491433 460675075
43 58 405171713 1491375 132273180 1491433 537444893
44 58 116194755 1491375 501508573 1491433 617703328
45 57 826403424 1491375 872681984 1491433 699085408
46 57 539560165 1491376 237558480 1491433 777118645
47 57 250741297 1491376 609207215 1491433 859948512
48 56 959967577 1491376 983221515 1491433 943189092
49 56 667179323 1491377 354643921 1491434 21823244
50 56 391728897 1491377 708070290 1491434 99799187
51 56 105590921 1491378 83576209 1491434 189167130
52 55 793476988 1491378 472455867 1491434 265932855
53 55 504791932 1491378 846920454 1491434 351712386
54 55 203295421 1491379 222326431 1491434 425621852
55 54 918647898 1491379 586136948 1491434 504784846
56 54 628581035 1491379 952912519 1491434 581493554
57 54 350632084 1491380 312496545 1491434 663128629
58 54 70085961 1491380 667442902 1491434 737528863
59 53 779455017 1491381 44994337 1491434 824449354
60 53 484093461 1491381 419075987 1491434 903169448
61 53 197680305 1491381 787253549 1491434 984933854
62 52 902922071 1491382 154857752 1491435 57779823
63 52 604421188 1491382 533868602 1491435 138289790
64 52 325325666 1491382 894097097 1491435 219422763
65 52 37947140 1491383 263649132 1491435 301596272
66 51 757281427 1491383 622653762 1491435 379935189
67 51 470994805 1491383 987025991 1491435 458020796
68 51 186550093 1491384 352892227 1491435 539442320
69 50 895968906 1491384 715737338 1491435 611706244
70 50 605718417 1491385 88443256 1491435 694161673
71 50 323771618 1491385 449934041 1491435 773705659
72 50 28043311 1491385 826460384 1491435 854503695
73 49 741946148 1491386 191731577 1491435 933677725
74 49 458271957 1491386 556406744 1491436 14678701
75 49 167182430 1491386 927715504 1491436 94897934
76 48 895061846 1491387 282700953 1491436 177762799
77 48 616143099 1491387 651950272 1491436 268093371
78 48 324401622 1491388 26202178 1491436 350603800
79 48 42683947 1491388 390737904 1491436 433421851
80 47 758082071 1491388 757291053 1491436 515373124
81 47 478540725 1491389 114837026 1491436 593377751
82 47 193108679 1491389 478781115 1491436 671889794
83 46 914711996 1491389 842845757 1491436 757557753
84 46 636044727 1491390 213000465 1491436 849045192
85 46 352038135 1491390 572799616 1491436 924837751
86 46 54952983 1491390 951971112 1491437 6924095
87 45 765186114 1491391 318486077 1491437 83672191
88 45 469098887 1491391 694072550 1491437 163171437
89 45 191960162 1491392 53502430 1491437 245462592
90 44 890353597 1491392 432880367 1491437 323233964
91 44 587093974 1491392 814171765 1491437 401265739
92 44 308394852 1491393 178973967 1491437 487368819
93 44 12524714 1491393 556018023 1491437 568542737
94 43 732176661 1491393 917773562 1491437 649950223
95 43 427910428 1491394 300560505 1491437 728470933
96 43 146029516 1491394 665448928 1491437 811478444
97 42 863735761 1491395 27661773 1491437 891397534
98 42 570014582 1491395 410352940 1491437 980367522
99 42 270789823 1491395 791063517 1491438 61853340
100 41 970754914 1491396 170525285 1491438 141280199
101 41 684269814 1491396 532882942 1491438 217152756
102 41 397219023 1491396 902637158 1491438 299856181
103 41 120533103 1491397 266728966 1491438 387262069
104 40 814287499 1491397 654492684 1491438 468780183
105 40 511141948 1491398 30785976 1491438 541927924
106 40 225253763 1491398 403156234 1491438 628409997
107 39 919487170 1491398 791195723 1491438 710682893
108 39 622421850 1491399 163189489 1491438 785611339
109 39 334553834 1491399 536797111 1491438 871350945
110 39 38623289 1491399 913234586 1491438 951857875
111 38 746576687 1491400 286723100 1491439 33299787
112 38 453714601 1491400 656934511 1491439 110649112
113 38 173177793 1491401 26268699 1491439 199446492
114 37 887681934 1491401 396023360 1491439 283705294
115 37 602130521 1491401 761543232 1491439 363673753
116 37 302182110 1491402 142715152 1491439 444897262
117 37 20592322 1491402 508869531 1491439 529461853
118 36 722510412 1491402 882867887 1491439 605378299
119 36 441366061 1491403 243985068 1491439 685351129
120 36 147209907 1491403 620553596 1491439 767763503
121 35 849529397 1491404 4544275 1491439 854073672
122 35 555220987 1491404 379148842 1491439 934369829
123 35 264207310 1491404 746271720 1491440 10479030
124 34 968833772 1491405 129377232 1491440 98211004
125 34 662981199 1491405 518835379 1491440 181816578
126 34 383600795 1491405 877020839 1491440 260621634
127 34 109686006 1491406 233436056 1491440 343122062
128 33 817226134 1491406 607963865 1491440 425189999
1 70 149662399 1491803 963810324 1491874 113472723
2 69 868734747 1491804 327871892 1491874 196606639
3 69 585163239 1491804 689265734 1491874 274428973
4 69 298826546 1491805 46990276 1491874 345816822
5 69 18838505 1491805 416863231 1491874 435701736
6 68 742198770 1491805 777057744 1491874 519256514
7 68 461081492 1491806 139912428 1491874 600993920
8 68 185698585 1491806 494696324 1491874 680394909
9 67 897391391 1491806 860920183 1491874 758311574
10 67 617597440 1491807 220116882 1491874 837714322
11 67 335416295 1491807 588076651 1491874 923492946
12 67 57080074 1491807 946943413 1491875 4023487
13 66 773250738 1491808 302935434 1491875 76186172
14 66 483148654 1491808 673649409 1491875 156798063
15 66 194812888 1491809 42274221 1491875 237087109
16 65 925231756 1491809 396259614 1491875 321491370
17 65 646853499 1491809 750719943 1491875 397573442
18 65 357746766 1491810 124667614 1491875 482414380
19 65 65618518 1491810 494713472 1491875 560331990
20 64 785415037 1491810 856185239 1491875 641600276
21 64 510262995 1491811 208549127 1491875 718812122
22 64 240954321 1491811 565647423 1491875 806601744
23 63 951874458 1491811 929742841 1491875 881617299
24 63 670555870 1491812 294236437 1491875 964792307
25 63 391771214 1491812 648072130 1491876 39843344
26 63 123347559 1491813 2960191 1491876 126307750
27 62 848497881 1491813 357866234 1491876 206364115
28 62 555254489 1491813 728924831 1491876 284179320
29 62 267683559 1491814 96173244 1491876 363856803
30 61 982546952 1491814 460941891 1491876 443488843
31 61 684544967 1491814 839443732 1491876 523988699
32 61 398863316 1491815 203108622 1491876 601971938
33 61 118648854 1491815 564466335 1491876 683115189
34 60 840014250 1491815 930880097 1491876 770894347
35 60 573055733 1491816 286620957 1491876 859676690
36 60 295934304 1491816 642189023 1491876 938123327
37 60 13031450 1491817 1867898 1491877 14899348
38 59 723715684 1491817 372892182 1491877 96607866
39 59 444466130 1491817 733509094 1491877 177975224
40 59 174843609 1491818 87687429 1491877 262531038
41 58 899850935 1491818 442501750 1491877 342352685
42 58 590379970 1491818 828906734 1491877 419286704
43 58 272763700 1491819 221265157 1491877 494028857
44 57 998949021 1491819 584323078 1491877 583272099
45 57 717938223 1491819 952608137 1491877 670546360
46 57 416240235 1491820 328215220 1491877 744455455
47 57 135571597 1491820 690498989 1491877 826070586
48 56 847224202 1491821 51897293 1491877 899121495
49 56 570676724 1491821 409950256 1491877 980626980
50 56 280229480 1491821 779678083 1491878 59907563
51 55 986869516 1491822 149718034 1491878 136587550
52 55 687601981 1491822 521572801 1491878 209174782
53 55 414416715 1491822 884211341 1491878 298628056
54 55 134020498 1491823 245335892 1491878 379356390
55 54 852309214 1491823 610838857 1491878 463148071
56 54 552550337 1491823 992819686 1491878 545370023
57 54 274424593 1491824 358900492 1491878 633325085
58 53 964058293 1491824 743036502 1491878 707094795
59 53 675799359 1491825 110946587 1491878 786745946
60 53 388201004 1491825 476889469 1491878 865090473
61 53 111818894 1491825 836973818 1491878 948792712
62 52 786354259 1491826 239822629 1491879 26176888
63 52 501175616 1491826 605258225 1491879 106433841
64 52 217396668 1491826 965854342 1491879 183251010
65 51 927538821 1491827 332291122 1491879 259829943
66 51 643559117 1491827 698163599 1491879 341722716
67 51 362526615 1491828 65838374 1491879 428364989
68 51 93897706 1491828 419321407 1491879 513219113
69 50 803572200 1491828 793329688 1491879 596901888
70 50 513231121 1491829 156092651 1491879 669323772
71 50 240333072 1491829 512553367 1491879 752886439
72 49 955639068 1491829 881194123 1491879 836833191
73 49 674162261 1491830 244432132 1491879 918594393
74 49 399623837 1491830 599112512 1491879 998736349
75 49 124632569 1491830 956878499 1491880 81511068
76 48 851298714 1491831 313222735 1491880 164521449
77 48 570661539 1491831 668772598 1491880 239434137
78 48 292383465 1491832 27836115 1491880 320219580
79 47 999457047 1491832 402608585 1491880 402065632
80 47 713930837 1491832 769028014 1491880 482958851
81 47 423244136 1491833 134010322 1491880 557254458
82 47 139595166 1491833 500600637 1491880 640195803
83 46 850050849 1491833 867205544 1491880 717256393
84 46 557843918 1491834 242403635 1491880 800247553
85 46 275543422 1491834 598133791 1491880 873677213
86 45 996328108 1491834 963025990 1491880 959354098
87 45 717179866 1491835 324423610 1491881 41603476
88 45 438375154 1491835 692738335 1491881 131113489
89 45 147124871 1491836 58640607 1491881 205765478
90 44 841177708 1491836 442729543 1491881 283907251
91 44 559310981 1491836 803125442 1491881 362436423
92 44 273595590 1491837 169560963 1491881 443156553
93 43 982814760 1491837 542522412 1491881 525337172
94 43 692300722 1491837 908654717 1491881 600955439
95 43 420537132 1491838 271574122 1491881 692111254
96 43 152007739 1491838 625784807 1491881 777792546
97 42 850088348 1491839 8187184 1491881 858275532
98 42 551083827 1491839 392762740 1491881 943846567
99 42 249083623 1491839 774334022 1491882 23417645
100 41 958506512 1491840 148927124 1491882 107433636
101 41 669276634 1491840 517640101 1491882 186916735
102 41 379606319 1491840 887275319 1491882 266881638
103 41 86338093 1491841 259249881 1491882 345587974
104 40 808862208 1491841 619497448 1491882 428359656
105 40 513917478 1491841 994775982 1491882 508693460
106 40 223856505 1491842 364761156 1491882 588617661
107 39 929189583 1491842 737823771 1491882 667013354
108 39 659406863 1491843 98232465 1491882 757639328
109 39 372175593 1491843 469515892 1491882 841691485
110 39 77636744 1491843 843644337 1491882 921281081
111 38 785683863 1491844 217931057 1491883 3614920
112 38 508907890 1491844 579235900 1491883 88143790
113 38 228699576 1491844 943830087 1491883 172529663
114 37 929359599 1491845 318822145 1491883 248181744
115 37 651036785 1491845 681183227 1491883 332220012
116 37 349407574 1491846 62587938 1491883 411995512
117 37 56647209 1491846 434642683 1491883 491289892
118 36 771330125 1491846 796979913 1491883 568310038
119 36 490086091 1491847 157733323 1491883 647819414
120 36 205589861 1491847 533197094 1491883 738786955
121 35 913314041 1491847 902854645 1491883 816168686
122 35 627804979 1491848 273293218 1491883 901098197
123 35 343090031 1491848 631903021 1491883 974993052
124 35 50340888 1491849 12834130 1491884 63175018
125 34 760452744 1491849 391562671 1491884 152015415
126 34 476324118 1491849 753239581 1491884 229563699
127 34 201932542 1491850 111003957 1491884 312936499
128 33 917877266 1491850 478834877 1491884 396712143
1 71 81304145 1492250 498420889 1492321 579725034
2 70 788571539 1492250 869511615 1492321 658083154
3 70 513936746 1492251 221962372 1492321 735899118
4 70 245235930 1492251 575710011 1492321 820945941
5 69 942560184 1492251 956741636 1492321 899301820
6 69 660889326 1492252 323057585 1492321 983946911
7 69 371955571 1492252 691868449 1492322 63824020
8 69 85649821 1492253 58512484 1492322 144162305
9 68 801491084 1492253 427728710 1492322 229219794
10 68 521756483 1492253 789824668 1492322 311581151
11 68 238492192 1492254 142746193 1492322 381238385
12 67 964374501 1492254 504703338 1492322 469077839
13 67 691528933 1492254 862012018 1492322 553540951
14 67 410304528 1492255 226320766 1492322 636625294
15 67 127982996 1492255 591265298 1492322 719248294
16 66 849986028 1492255 948212189 1492322 798198217
17 66 563786980 1492256 321086751 1492322 884873731
18 66 293599026 1492256 672937649 1492322 966536675
19 66 6375720 1492257 54262120 1492323 60637840
20 65 698959678 1492257 438554478 1492323 137514156
21 65 424664194 1492257 796804973 1492323 221469167
22 65 153387020 1492258 158405552 1492323 311792572
23 64 877635342 1492258 516088595 1492323 393723937
24 64 588721958 1492258 881916535 1492323 470638493
25 64 303307579 1492259 254809504 1492323 558117083
26 64 12034019 1492259 624741327 1492323 636775346
27 63 705796805 1492260 9980667 1492323 715777472
28 63 417814235 1492260 373841905 1492323 791656140
29 63 134416577 1492260 736244449 1492323 870661026
30 62 839955856 1492261 103023259 1492323 942979115
31 62 562819131 1492261 468190397 1492324 31009528
32 62 272624179 1492261 841119495 1492324 113743674
33 61 989371184 1492262 204849958 1492324 194221142
34 61 705391111 1492262 569808489 1492324 275199600
35 61 405708695 1492262 948124297 1492324 353832992
36 61 125488863 1492263 308359791 1492324 433848654
37 60 843838856 1492263 679311242 1492324 523150098
38 60 575004098 1492264 45615340 1492324 620619438
39 60 279453010 1492264 418857802 1492324 698310812
40 59 996184127 1492264 786913180 1492324 783097307
41 59 702856328 1492265 162902737 1492324 865759065
42 59 402522166 1492265 543121508 1492324 945643674
43 59 129418362 1492265 897401784 1492325 26820146
44 58 848952239 1492266 258702331 1492325 107654570
45 58 561534807 1492266 631331694 1492325 192866501
46 58 279841059 1492266 997092247 1492325 276933306
47 58 2480487 1492267 356718456 1492325 359198943
48 57 723762236 1492267 719997261 1492325 443759497
49 57 439549446 1492268 80040536 1492325 519589982
50 57 158565832 1492268 443429950 1492325 601995782
51 56 881910116 1492268 796299458 1492325 678209574
52 56 593267300 1492269 167335185 1492325 760602485
53 56 297229832 1492269 542035767 1492325 839265599
54 56 13883988 1492269 915014697 1492325 928898685
55 55 731073447 1492270 279455165 1492326 10528612
56 55 432914298 1492270 671788440 1492326 104702738
57 55 135482302 1492271 46510762 1492326 181993064
58 54 845088373 1492271 418673171 1492326 263761544
59 54 568214197 1492271 777038239 1492326 345252436
60 54 291779662 1492272 137267899 1492326 429047561
61 54 6722944 1492272 501760513 1492326 508483457
62 53 719858352 1492272 872823537 1492326 592681889
63 53 430729342 1492273 246419955 1492326 677149297
64 53 119227787 1492273 638589715 1492326 757817502
65 52 845940745 1492274 1861872 1492326 847802617
66 52 557374114 1492274 369235319 1492326 926609433
67 52 258671143 1492274 752912670 1492327 11583813
68 51 958367314 1492275 133486952 1492327 91854266
69 51 672006231 1492275 511136884 1492327 183143115
70 51 386890198 1492275 875180859 1492327 262071057
71 51 80725965 1492276 267389618 1492327 348115583
72 50 802225711 1492276 633069654 1492327 435295365
73 50 511193294 1492277 7224987 1492327 518418281
74 50 224155316 1492277 380776981 1492327 604932297
75 49 920066173 1492277 764924045 1492327 684990218
76 49 627725818 1492278 136539057 1492327 764264875
77 49 330387209 1492278 517174505 1492327 847561714
78 49 38432069 1492278 888957755 1492327 927389824
79 48 734911895 1492279 271990712 1492328 6902607
80 48 421306641 1492279 670687918 1492328 91994559
81 48 130145077 1492280 46148615 1492328 176293692
82 47 847098097 1492280 416009291 1492328 263107388
83 47 554468822 1492280 783200890 1492328 337669712
84 47 261870176 1492281 161298702 1492328 423168878
85 46 944036670 1492281 562657413 1492328 506694083
86 46 657998674 1492281 932982450 1492328 590981124
87 46 373754920 1492282 301449432 1492328 675204352
88 46 78854579 1492282 675374621 1492328 754229200
89 45 786535890 1492283 56808813 1492328 843344703
90 45 501981884 1492283 432675224 1492328 934657108
91 45 214532415 1492283 815716717 1492329 30249132
92 44 911548861 1492284 197727601 1492329 109276462
93 44 617095806 1492284 574859747 1492329 191955553
94 44 314682037 1492284 953221350 1492329 267903387
95 44 3649157 1492285 348714249 1492329 352363406
96 43 706901130 1492285 732973033 1492329 439874163
97 43 420888244 1492286 99936859 1492329 520825103
98 43 134854470 1492286 475862583 1492329 610717053
99 42 840931184 1492286 844428340 1492329 685359524
100 42 544938122 1492287 223340766 1492329 768278888
101 42 243606258 1492287 602000678 1492329 845606936
102 41 941989917 1492287 990726154 1492329 932716071
103 41 651157533 1492288 362989153 1492330 14146686
104 41 355087325 1492288 742531030 1492330 97618355
105 41 70273583 1492289 110876736 1492330 181150319
106 40 779187629 1492289 483751261 1492330 262938890
107 40 485630947 1492289 853541105 1492330 339172052
108 40 182965164 1492290 233323532 1492330 416288696
109 39 896343012 1492290 607650955 1492330 503993967
110 39 596235513 1492290 982507534 1492330 578743047
111 39 311439325 1492291 352850368 1492330 664289693
112 39 20221431 1492291 725820798 1492330 746042229
113 38 715114880 1492292 104585079 1492330 819699959
114 38 422987207 1492292 477603397 1492330 900590604
115 38 133718588 1492292 851971541 1492330 985690129
116 37 843965202 1492293 219652760 1492331 63617962
117 37 549039638 1492293 594127328 1492331 143166966
118 37 254481271 1492293 967910131 1492331 222391402
119 36 962568037 1492294 346342641 1492331 308910678
120 36 661490706 1492294 727849682 1492331 389340388
121 36 366615919 1492295 100653801 1492331 467269720
122 36 81200354 1492295 479580857 1492331 560781211
123 35 789085255 1492295 852816541 1492331 641901796
124 35 510221063 1492296 214655522 1492331 724876585
125 35 229884937 1492296 578502001 1492331 808386938
126 34 923420006 1492296 961895599 1492331 885315605
127 34 642334876 1492297 330995734 1492331 973330610
128 34 354908722 1492297 704296621 1492332 59205343
