1 0 952669183 5708733 639910395 5708734 592579578
2 0 799872582 5708733 834416945 5708734 634289527
3 0 684646195 5708733 995149562 5708734 679795757
4 0 571087460 5708734 162332038 5708734 733419498
1 0 935994337 5708741 661700074 5708742 597694411
2 0 789688853 5708741 853435585 5708742 643124438
3 0 682785677 5708742 12325015 5708742 695110692
4 0 565834581 5708742 171314203 5708742 737148784
1 0 966570983 5708749 875460641 5708750 842031624
2 0 800431504 5708750 86695746 5708750 887127250
3 0 680593165 5708750 251621896 5708750 932215061
4 0 564041524 5708750 412274997 5708750 976316521
1 0 967134475 5708758 82624216 5708759 49758691
2 0 819536200 5708758 283190190 5708759 102726390
3 0 701351978 5708758 443246618 5708759 144598596
4 0 572751528 5708758 615429538 5708759 188181066
1 0 958631640 5708766 302128790 5708767 260760430
2 0 815110583 5708766 494040226 5708767 309150809
3 0 703908192 5708766 653963249 5708767 357871441
4 0 590452935 5708766 812708795 5708767 403161730
1 0 973653488 5708774 221939556 5708775 195593044
2 0 829700513 5708774 422901580 5708775 252602093
3 0 696717811 5708774 599711340 5708775 296429151
4 0 577894824 5708774 765889208 5708775 343784032
1 0 966068876 5708782 399046547 5708783 365115423
2 0 806972595 5708782 608548743 5708783 415521338
3 0 689998016 5708782 768699967 5708783 458697983
4 0 581205096 5708782 931576417 5708783 512781513
1 0 945746950 5708790 657410896 5708791 603157846
2 0 796525611 5708790 855397515 5708791 651923126
3 0 683668249 5708791 14774680 5708791 698442929
4 0 562577691 5708791 180940032 5708791 743517723
1 0 943537754 5708798 872900994 5708799 816438748
2 0 803715181 5708799 63100094 5708799 866815275
3 0 685933672 5708799 226875158 5708799 912808830
4 0 568286048 5708799 390332432 5708799 958618480
1 0 980017973 5708806 835931883 5708807 815949856
2 0 818183724 5708807 41746336 5708807 859930060
3 0 695840949 5708807 207129185 5708807 902970134
4 0 578810036 5708807 372582940 5708807 951392976
