1 3 649984085 5708904 346022507 5708907 996006592
2 3 513819456 5708904 527592111 5708908 41411567
3 3 379524551 5708904 704704466 5708908 84229017
4 3 258308028 5708904 873290871 5708908 131598899
5 3 139064542 5708905 40882369 5708908 179946911
6 3 35412816 5708905 193952124 5708908 229364940
7 2 905099299 5708905 368873724 5708908 273973023
8 2 788270618 5708905 532844661 5708908 321115279
9 2 672718674 5708905 692588400 5708908 365307074
10 2 559662441 5708905 853281306 5708908 412943747
11 2 442066887 5708906 17956174 5708908 460023061
12 2 315228062 5708906 190511208 5708908 505739270
13 2 197860966 5708906 351894398 5708908 549755364
14 2 74019901 5708906 519547691 5708908 593567592
15 1 952533364 5708906 686025377 5708908 638558741
16 1 838907883 5708906 844783820 5708908 683691703
1 3 626274010 5708915 115562705 5708918 741836715
2 3 470320809 5708915 318899473 5708918 789220282
3 3 342599446 5708915 493485617 5708918 836085063
4 3 224501048 5708915 662468238 5708918 886969286
5 3 104425578 5708915 828753835 5708918 933179413
6 3 1302324 5708915 981198842 5708918 982501166
7 2 881753232 5708916 149940541 5708919 31693773
8 2 772253728 5708916 305140126 5708919 77393854
9 2 652626434 5708916 470555925 5708919 123182359
10 2 543570180 5708916 627901618 5708919 171471798
11 2 439427000 5708916 783277107 5708919 222704107
12 2 321407565 5708916 949548760 5708919 270956325
13 2 217472918 5708917 105147541 5708919 322620459
14 2 109646383 5708917 263372124 5708919 373018507
15 1 989029106 5708917 426635409 5708919 415664515
16 1 869830471 5708917 592782768 5708919 462613239
1 3 607627652 5708925 995611520 5708929 603239172
2 3 482125599 5708926 180642263 5708929 662767862
3 3 372889756 5708926 340546667 5708929 713436423
4 3 252830376 5708926 508894930 5708929 761725306
5 3 126883443 5708926 681820976 5708929 808704419
6 3 20247105 5708926 835788604 5708929 856035709
7 2 903305779 5708927 1522545 5708929 904828324
8 2 794869903 5708927 157752222 5708929 952622125
9 2 682043590 5708927 318598238 5708930 641828
10 2 563305093 5708927 485554861 5708930 48859954
11 2 444945886 5708927 651804830 5708930 96750716
12 2 318551293 5708927 822436568 5708930 140987861
13 2 203670909 5708927 985317341 5708930 188988250
14 2 85126594 5708928 149606070 5708930 234732664
15 1 960385229 5708928 322639152 5708930 283024381
16 1 844227924 5708928 484519611 5708930 328747535
1 3 581528102 5708936 999516013 5708940 581044115
2 3 421976081 5708937 201942854 5708940 623918935
3 3 301576170 5708937 369614853 5708940 671191023
4 3 185941893 5708937 531180355 5708940 717122248
5 3 81666696 5708937 687353052 5708940 769019748
6 2 974464592 5708937 848561488 5708940 823026080
7 2 844909207 5708938 19273984 5708940 864183191
8 2 740795452 5708938 176689047 5708940 917484499
9 2 617005235 5708938 345626688 5708940 962631923
10 2 495350497 5708938 510315928 5708941 5666425
11 2 388780511 5708938 670516660 5708941 59297171
12 2 272038588 5708938 833493358 5708941 105531946
13 2 169030553 5708938 986409709 5708941 155440262
14 2 43843232 5708939 156993005 5708941 200836237
15 1 936769386 5708939 313839559 5708941 250608945
16 1 825786094 5708939 473030959 5708941 298817053
1 3 631498485 5708948 7512707 5708951 639011192
2 3 470911408 5708948 212590536 5708951 683501944
3 3 351145911 5708948 374194835 5708951 725340746
4 3 235806979 5708948 540308197 5708951 776115176
5 3 115123445 5708948 709055916 5708951 824179361
6 3 5516627 5708948 863015322 5708951 868531949
7 2 887308619 5708949 28360254 5708951 915668873
8 2 769477290 5708949 192899997 5708951 962377287
9 2 650595425 5708949 357441129 5708952 8036554
10 2 532060256 5708949 520934226 5708952 52994482
11 2 412974414 5708949 682516395 5708952 95490809
12 2 291435377 5708949 849972398 5708952 141407775
13 2 166382943 5708950 19747024 5708952 186129967
14 2 46616299 5708950 186727147 5708952 233343446
15 1 940581376 5708950 341935085 5708952 282516461
16 1 814387575 5708950 509905134 5708952 324292709
1 3 640775155 5708958 761817804 5708962 402592959
2 3 494302867 5708958 955639939 5708962 449942806
3 3 372952381 5708959 124350641 5708962 497303022
4 3 259781518 5708959 293167527 5708962 552949045
5 3 140650510 5708959 461054207 5708962 601704717
6 3 26769754 5708959 624417214 5708962 651186968
7 2 914483319 5708959 795384059 5708962 709867378
8 2 811429747 5708959 947941047 5708962 759370794
9 2 691415236 5708960 108552384 5708962 799967620
10 2 586600846 5708960 266720544 5708962 853321390
11 2 467776294 5708960 430355750 5708962 898132044
12 2 357756410 5708960 585805813 5708962 943562223
13 2 227297133 5708960 766540381 5708962 993837514
14 2 107200512 5708960 928405083 5708963 35605595
15 1 980572331 5708961 97308429 5708963 77880760
16 1 870966956 5708961 257201076 5708963 128168032
1 3 620874302 5708969 396783523 5708973 17657825
2 3 469547067 5708969 592900931 5708973 62447998
3 3 351945788 5708969 756624135 5708973 108569923
4 3 235549598 5708969 921462836 5708973 157012434
5 3 119231683 5708970 82289114 5708973 201520797
6 3 7531071 5708970 241831212 5708973 249362283
7 2 882835130 5708970 411014461 5708973 293849591
8 2 772309402 5708970 562509674 5708973 334819076
9 2 654412203 5708970 729392689 5708973 383804892
10 2 531592097 5708970 897609178 5708973 429201275
11 2 416385087 5708971 59602693 5708973 475987780
12 2 308340406 5708971 214015036 5708973 522355442
13 2 187962494 5708971 382878347 5708973 570840841
14 2 73953981 5708971 544047192 5708973 618001173
15 1 948953101 5708971 713997482 5708973 662950583
16 1 827476950 5708971 881154566 5708973 708631516
1 3 608810671 5708980 292642312 5708983 901452983
2 3 453938873 5708980 490865069 5708983 944803942
3 3 329981621 5708980 662348979 5708983 992330600
4 3 219649946 5708980 822702358 5708984 42352304
5 3 105120978 5708980 983573932 5708984 88694910
6 2 996554658 5708981 138238085 5708984 134792743
7 2 868942697 5708981 312491221 5708984 181433918
8 2 746079666 5708981 479420735 5708984 225500401
9 2 628421109 5708981 640357604 5708984 268778713
10 2 521308410 5708981 800645910 5708984 321954320
11 2 400342602 5708981 963178619 5708984 363521221
12 2 281266646 5708982 125568294 5708984 406834940
13 2 171975376 5708982 282788603 5708984 454763979
14 2 63049933 5708982 443502531 5708984 506552464
15 1 942195494 5708982 612576875 5708984 554772369
16 1 830116425 5708982 779928289 5708984 610044714
1 3 588230922 5708991 55704142 5708994 643935064
2 3 439123293 5708991 251745459 5708994 690868752
3 3 325809358 5708991 413102524 5708994 738911882
4 3 219856322 5708991 565669217 5708994 785525539
5 3 103793975 5708991 728952246 5708994 832746221
6 2 983898906 5708991 897062368 5708994 880961274
7 2 879065219 5708992 51124959 5708994 930190178
8 2 771518194 5708992 206293289 5708994 977811483
9 2 647359075 5708992 369952792 5708995 17311867
10 2 540968398 5708992 531931623 5708995 72900021
11 2 417470971 5708992 691686069 5708995 109157040
12 2 313660412 5708992 846856732 5708995 160517144
13 2 194685788 5708993 17961613 5708995 212647401
14 2 84962507 5708993 174334587 5708995 259297094
15 1 966158140 5708993 340819721 5708995 306977861
16 1 857938201 5708993 504121009 5708995 362059210
1 3 635393950 5709001 975336734 5709005 610730684
2 3 466275679 5709002 186237790 5709005 652513469
3 3 340830325 5709002 354420634 5709005 695250959
4 3 234865103 5709002 518317762 5709005 753182865
5 3 119788165 5709002 682719677 5709005 802507842
6 2 994639471 5709002 849268848 5709005 843908319
7 2 881196909 5709003 8743412 5709005 889940321
8 2 766704164 5709003 172010681 5709005 938714845
9 2 652231917 5709003 332633168 5709005 984865085
10 2 539518100 5709003 493245506 5709006 32763606
11 2 416006950 5709003 659499424 5709006 75506374
12 2 295923772 5709003 821797934 5709006 117721706
13 2 161077040 5709004 2477190 5709006 163554230
14 2 41618314 5709004 169747940 5709006 211366254
15 1 930951273 5709004 333021932 5709006 263973205
16 1 820777538 5709004 490471478 5709006 311249016
