1 17 945724965 5709230 116121521 5709248 61846486
2 17 807088057 5709230 303436754 5709248 110524811
3 17 670830401 5709230 482729378 5709248 153559779
4 17 557715623 5709230 639316819 5709248 197032442
5 17 445415126 5709230 801295973 5709248 246711099
6 17 326230167 5709230 963181462 5709248 289411629
7 17 218855096 5709231 116251099 5709248 335106195
8 17 104318771 5709231 275333863 5709248 379652634
9 16 986373139 5709231 440901876 5709248 427275015
10 16 880957624 5709231 594781849 5709248 475739473
11 16 762562631 5709231 754557452 5709248 517120083
12 16 640332377 5709231 923208092 5709248 563540469
13 16 526814458 5709232 83117174 5709248 609931632
14 16 409473000 5709232 247402804 5709248 656875804
15 16 295703791 5709232 411737839 5709248 707441630
16 16 172121525 5709232 580310110 5709248 752431635
17 16 64379313 5709232 738802886 5709248 803182199
18 15 951569567 5709232 902738299 5709248 854307866
19 15 837212090 5709233 61255204 5709248 898467294
20 15 717426882 5709233 233289613 5709248 950716495
21 15 596059315 5709233 401826737 5709248 997886052
22 15 492214549 5709233 563274160 5709249 55488709
23 15 379419579 5709233 722388313 5709249 101807892
24 15 264387930 5709233 882719443 5709249 147107373
25 15 160019728 5709234 38825282 5709249 198845010
26 15 41312315 5709234 198950638 5709249 240262953
27 14 922880378 5709234 362137584 5709249 285017962
28 14 801692549 5709234 533013311 5709249 334705860
29 14 697721006 5709234 687324055 5709249 385045061
30 14 587005739 5709234 845422115 5709249 432427854
31 14 473701872 5709235 4497917 5709249 478199789
32 14 362831589 5709235 162377648 5709249 525209237
33 14 251547703 5709235 322033661 5709249 573581364
34 14 121222100 5709235 494344510 5709249 615566610
35 14 4424448 5709235 659462753 5709249 663887201
36 13 875490079 5709235 835971949 5709249 711462028
37 13 753087605 5709236 4338057 5709249 757425662
38 13 644340004 5709236 161799871 5709249 806139875
39 13 526257746 5709236 325196887 5709249 851454633
40 13 423282907 5709236 483294281 5709249 906577188
41 13 309680824 5709236 643705298 5709249 953386122
42 13 205260827 5709236 809016834 5709250 14277661
43 13 90285769 5709236 969423574 5709250 59709343
44 12 972090865 5709237 129518782 5709250 101609647
45 12 870269948 5709237 289040964 5709250 159310912
46 12 751413704 5709237 456686364 5709250 208100068
47 12 639446127 5709237 619399486 5709250 258845613
48 12 534106869 5709237 779602285 5709250 313709154
49 12 421430749 5709237 946612845 5709250 368043594
50 12 314308322 5709238 111848475 5709250 426156797
51 12 231256645 5709238 263371530 5709250 494628175
52 12 103106243 5709238 436386439 5709250 539492682
53 11 993108980 5709238 593189284 5709250 586298264
54 11 894180251 5709238 756763778 5709250 650944029
55 11 780546556 5709238 926544638 5709250 707091194
56 11 682380108 5709239 84026284 5709250 766406392
57 11 577465380 5709239 241591577 5709250 819056957
58 11 477811867 5709239 412642931 5709250 890454798
59 11 385867653 5709239 567138060 5709250 953005713
60 11 282784112 5709239 727881775 5709251 10665887
61 11 208734081 5709239 888693229 5709251 97427310
62 11 103557061 5709240 44341410 5709251 147898471
63 10 997467706 5709240 213267175 5709251 210734881
64 10 897296351 5709240 375868651 5709251 273165002
1 17 927510452 5709272 285496689 5709290 213007141
2 17 786433700 5709272 479901364 5709290 266335064
3 17 670803821 5709272 640666079 5709290 311469900
4 17 556506194 5709272 802959025 5709290 359465219
5 17 443388323 5709272 961052568 5709290 404440891
6 17 323673447 5709273 122993483 5709290 446666930
7 17 214846958 5709273 279121804 5709290 493968762
8 17 106599773 5709273 437354919 5709290 543954692
9 16 990881488 5709273 596859454 5709290 587740942
10 16 870293535 5709273 765286025 5709290 635579560
11 16 765620764 5709273 917151186 5709290 682771950
12 16 643585172 5709274 83134303 5709290 726719475
13 16 520638690 5709274 249784833 5709290 770423523
14 16 401243010 5709274 417087611 5709290 818330621
15 16 295665905 5709274 575708348 5709290 871374253
16 16 189113207 5709274 733201662 5709290 922314869
17 16 71552549 5709274 896932506 5709290 968485055
18 15 957525806 5709275 58914199 5709291 16440005
19 15 843111404 5709275 219694358 5709291 62805762
20 15 726753409 5709275 378916232 5709291 105669641
21 15 625510777 5709275 526936761 5709291 152447538
22 15 521854154 5709275 681114156 5709291 202968310
23 15 401814154 5709275 842135533 5709291 243949687
24 15 298130697 5709275 995955435 5709291 294086132
25 15 173015848 5709276 168113584 5709291 341129432
26 15 47408860 5709276 336651431 5709291 384060291
27 14 943901401 5709276 491244133 5709291 435145534
28 14 823904900 5709276 658070438 5709291 481975338
29 14 711908008 5709276 817425031 5709291 529333039
30 14 596191778 5709276 980140006 5709291 576331784
31 14 486038962 5709277 144238307 5709291 630277269
32 14 369585062 5709277 303795193 5709291 673380255
33 14 259416597 5709277 462522799 5709291 721939396
34 14 141000789 5709277 623404660 5709291 764405449
35 14 13056679 5709277 801163833 5709291 814220512
36 13 910257021 5709277 947670280 5709291 857927301
37 13 798968208 5709278 115997223 5709291 914965431
38 13 678680915 5709278 285596884 5709291 964277799
39 13 557607453 5709278 453298543 5709292 10905996
40 13 445176421 5709278 615985685 5709292 61162106
41 13 332621243 5709278 772897510 5709292 105518753
42 13 209332119 5709278 939507874 5709292 148839993
43 13 92332451 5709279 102260552 5709292 194593003
44 12 983382557 5709279 260198802 5709292 243581359
45 12 867161559 5709279 422051756 5709292 289213315
46 12 761700729 5709279 586417774 5709292 348118503
47 12 648581228 5709279 746401930 5709292 394983158
48 12 533922996 5709279 907453011 5709292 441376007
49 12 441342146 5709280 65983898 5709292 507326044
50 12 330366531 5709280 227128995 5709292 557495526
51 12 232421430 5709280 390471699 5709292 622893129
52 12 129950303 5709280 548692777 5709292 678643080
53 12 18903245 5709280 712573304 5709292 731476549
54 11 904701986 5709280 873489202 5709292 778191188
55 11 799701721 5709281 49209581 5709292 848911302
56 11 696495663 5709281 201072964 5709292 897568627
57 11 594705931 5709281 367331613 5709292 962037544
58 11 499359355 5709281 522982017 5709293 22341372
59 11 400516604 5709281 692728193 5709293 93244797
60 11 311982270 5709281 855463112 5709293 167445382
61 11 213552956 5709282 17085237 5709293 230638193
62 11 123219341 5709282 177847453 5709293 301066794
63 11 29746193 5709282 343427726 5709293 373173919
64 10 933378710 5709282 503319236 5709293 436697946
1 18 177755 5709313 873023610 5709331 873201365
2 17 866994409 5709314 58404104 5709331 925398513
3 17 762831479 5709314 208342339 5709331 971173818
4 17 645285117 5709314 371934705 5709332 17219822
5 17 529358928 5709314 531734125 5709332 61093053
6 17 410934230 5709314 693135237 5709332 104069467
7 17 294525623 5709314 857639883 5709332 152165506
8 17 169015707 5709315 27413837 5709332 196429544
9 17 57593433 5709315 183287553 5709332 240880986
10 16 937230827 5709315 347966603 5709332 285197430
11 16 827596167 5709315 507435288 5709332 335031455
12 16 705331412 5709315 676688104 5709332 382019516
13 16 598674919 5709315 832939720 5709332 431614639
14 16 474446794 5709316 2580713 5709332 477027507
15 16 356058724 5709316 163099916 5709332 519158640
16 16 238981576 5709316 333966349 5709332 572947925
17 16 123643782 5709316 490578144 5709332 614221926
18 16 19613591 5709316 647782798 5709332 667396389
19 15 911290573 5709316 803917990 5709332 715208563
20 15 784688196 5709316 978320524 5709332 763008720
21 15 670214331 5709317 142611692 5709332 812826023
22 15 545373809 5709317 301972398 5709332 847346207
23 15 434289158 5709317 466989479 5709332 901278637
24 15 311697039 5709317 633186204 5709332 944883243
25 15 203502945 5709317 788609891 5709332 992112836
26 15 85155542 5709317 952631083 5709333 37786625
27 14 972298110 5709318 111172804 5709333 83470914
28 14 838330501 5709318 288067828 5709333 126398329
29 14 718496718 5709318 450654288 5709333 169151006
30 14 613899833 5709318 604866721 5709333 218766554
31 14 501473800 5709318 767419848 5709333 268893648
32 14 396510664 5709318 919800518 5709333 316311182
33 14 287746544 5709319 83879950 5709333 371626494
34 14 169255551 5709319 249275820 5709333 418531371
35 14 34622806 5709319 429809572 5709333 464432378
36 13 918835632 5709319 593113889 5709333 511949521
37 13 807450968 5709319 754568370 5709333 562019338
38 13 690980679 5709319 922795075 5709333 613775754
39 13 571835864 5709320 91565993 5709333 663401857
40 13 458066097 5709320 249840293 5709333 707906390
41 13 347523640 5709320 410638750 5709333 758162390
42 13 237772649 5709320 572184655 5709333 809957304
43 13 116779240 5709320 740977795 5709333 857757035
44 12 998750220 5709320 910850821 5709333 909601041
45 12 887408703 5709321 76829884 5709333 964238587
46 12 771922358 5709321 241841298 5709334 13763656
47 12 657720784 5709321 405902786 5709334 63623570
48 12 553327858 5709321 573685130 5709334 127012988
49 12 441641219 5709321 737696044 5709334 179337263
50 12 327022339 5709321 903974879 5709334 230997218
51 12 233304953 5709322 61150997 5709334 294455950
52 12 126699292 5709322 222366742 5709334 349066034
53 12 26312014 5709322 386962442 5709334 413274456
54 11 901389254 5709322 557237238 5709334 458626492
55 11 790453192 5709322 722902974 5709334 513356166
56 11 711658990 5709322 883311641 5709334 594970631
57 11 612880273 5709323 46508053 5709334 659388326
58 11 502827807 5709323 212275379 5709334 715103186
59 11 426419726 5709323 367760639 5709334 794180365
60 11 323203649 5709323 533995364 5709334 857199013
61 11 232808368 5709323 693563121 5709334 926371489
62 11 127193207 5709323 862797234 5709334 989990441
63 11 31676393 5709324 30137938 5709335 61814331
64 10 945072892 5709324 188196909 5709335 133269801
1 17 988823390 5709355 928180346 5709373 917003736
2 17 875169601 5709356 94084245 5709373 969253846
3 17 760112913 5709356 257189344 5709374 17302257
4 17 647480791 5709356 421012059 5709374 68492850
5 17 544506117 5709356 574797204 5709374 119303321
6 17 435747570 5709356 734163151 5709374 169910721
7 17 319626810 5709356 897188455 5709374 216815265
8 17 205295663 5709357 59711510 5709374 265007173
9 17 85676542 5709357 222812054 5709374 308488596
10 16 979141954 5709357 381976912 5709374 361118866
11 16 865611460 5709357 547680277 5709374 413291737
12 16 756959429 5709357 703320313 5709374 460279742
13 16 634158146 5709357 866886681 5709374 501044827
14 16 519608060 5709358 33480511 5709374 553088571
15 16 401461800 5709358 201350725 5709374 602812525
16 16 289080821 5709358 361280402 5709374 650361223
17 16 185219071 5709358 514161101 5709374 699380172
18 16 64636450 5709358 676895059 5709374 741531509
19 15 950513004 5709358 836636573 5709374 787149577
20 15 850041116 5709358 990775174 5709374 840816290
21 15 741861151 5709359 157488020 5709374 899349171
22 15 621735187 5709359 314598640 5709374 936333827
23 15 515868771 5709359 473285211 5709374 989153982
24 15 400653772 5709359 636564251 5709375 37218023
25 15 275970005 5709359 802597814 5709375 78567819
26 15 168901463 5709359 957833321 5709375 126734784
27 15 48817259 5709360 126710700 5709375 175527959
28 14 925382210 5709360 294605728 5709375 219987938
29 14 822261927 5709360 443511409 5709375 265773336
30 14 691642846 5709360 621768316 5709375 313411162
31 14 583109814 5709360 779954970 5709375 363064784
32 14 472168234 5709360 932688487 5709375 404856721
33 14 358995936 5709361 94853474 5709375 453849410
34 14 249503532 5709361 254149164 5709375 503652696
35 14 142933333 5709361 418854251 5709375 561787584
36 14 28056586 5709361 579635839 5709375 607692425
37 13 908684386 5709361 741350372 5709375 650034758
38 13 797582772 5709361 899900112 5709375 697482884
39 13 686841855 5709362 57127785 5709375 743969640
40 13 572782519 5709362 221025980 5709375 793808499
41 13 447709890 5709362 388684438 5709375 836394328
42 13 337939639 5709362 546692226 5709375 884631865
43 13 218888878 5709362 714854730 5709375 933743608
44 13 120861110 5709362 872681781 5709375 993542891
45 13 5882847 5709363 32490461 5709376 38373308
46 12 894583366 5709363 197419637 5709376 92003003
47 12 786259385 5709363 354674457 5709376 140933842
48 12 666797039 5709363 532674684 5709376 199471723
49 12 550549799 5709363 702222699 5709376 252772498
50 12 464625952 5709363 858758774 5709376 323384726
51 12 355467932 5709364 20259421 5709376 375727353
52 12 246802049 5709364 179555833 5709376 426357882
53 12 134602585 5709364 343228292 5709376 477830877
54 12 28910591 5709364 503020639 5709376 531931230
55 11 928153931 5709364 664539009 5709376 592692940
56 11 822381216 5709364 833923935 5709376 656305151
57 11 739811807 5709364 985738931 5709376 725550738
58 11 617721972 5709365 169090280 5709376 786812252
59 11 515748483 5709365 335930901 5709376 851679384
60 11 417313816 5709365 500534824 5709376 917848640
61 11 320796890 5709365 662634961 5709376 983431851
62 11 213349429 5709365 832173199 5709377 45522628
63 11 109894801 5709366 705752 5709377 110600553
64 11 39439089 5709366 154140959 5709377 193580048
1 17 995989966 5709398 675791677 5709416 671781643
2 17 851983840 5709398 862033305 5709416 714017145
3 17 736441531 5709399 26508972 5709416 762950503
4 17 628696446 5709399 188565184 5709416 817261630
5 17 513750626 5709399 350196441 5709416 863947067
6 17 393157004 5709399 514910419 5709416 908067423
7 17 280422698 5709399 682671987 5709416 963094685
8 17 163568395 5709399 848460092 5709417 12028487
9 17 47502670 5709400 12643912 5709417 60146582
10 16 949917375 5709400 164872421 5709417 114789796
11 16 827581602 5709400 333193589 5709417 160775191
12 16 707361250 5709400 502903195 5709417 210264445
13 16 586753018 5709400 669734225 5709417 256487243
14 16 463985604 5709400 844812804 5709417 308798408
15 16 350368611 5709401 5956385 5709417 356324996
16 16 228786638 5709401 171996300 5709417 400782938
17 16 117558673 5709401 332098957 5709417 449657630
18 15 975090371 5709401 502630732 5709417 477721103
19 15 877854828 5709401 654551228 5709417 532406056
20 15 762350592 5709401 821378925 5709417 583729517
21 15 658414584 5709401 975607173 5709417 634021757
22 15 552680850 5709402 131611851 5709417 684292701
23 15 443043504 5709402 292742044 5709417 735785548
24 15 322409105 5709402 462421650 5709417 784830755
25 15 212018755 5709402 618433661 5709417 830452416
26 15 95090860 5709402 785842607 5709417 880933467
27 14 978900471 5709402 943588530 5709417 922489001
28 14 865802412 5709403 104779055 5709417 970581467
29 14 751805000 5709403 268430219 5709418 20235219
30 14 635464910 5709403 431082068 5709418 66546978
31 14 517588681 5709403 595785194 5709418 113373875
32 14 404311366 5709403 755135513 5709418 159446879
33 14 287191254 5709403 919079930 5709418 206271184
34 14 175734553 5709404 74014666 5709418 249749219
35 14 64487793 5709404 238651200 5709418 303138993
36 13 943455254 5709404 402877001 5709418 346332255
37 13 822054092 5709404 572078209 5709418 394132301
38 13 716412171 5709404 729527934 5709418 445940105
39 13 603962174 5709404 891999398 5709418 495961572
40 13 494195793 5709405 49856838 5709418 544052631
41 13 379909108 5709405 202659817 5709418 582568925
42 13 268390316 5709405 364486552 5709418 632876868
43 13 147081023 5709405 531432858 5709418 678513881
44 13 62902217 5709405 683389853 5709418 746292070
45 12 936485853 5709405 859195677 5709418 795681530
46 12 822479089 5709406 26448273 5709418 848927362
47 12 721577504 5709406 188234417 5709418 909811921
48 12 612176580 5709406 350752917 5709418 962929497
49 12 515492305 5709406 513462303 5709419 28954608
50 12 396211603 5709406 678752288 5709419 74963891
51 12 281835643 5709406 842656669 5709419 124492312
52 12 191445564 5709407 1953045 5709419 193398609
53 12 75391247 5709407 160754392 5709419 236145639
54 11 969517218 5709407 322531444 5709419 292048662
55 11 875193751 5709407 482242311 5709419 357436062
56 11 778977597 5709407 637448930 5709419 416426527
57 11 700749845 5709407 796020116 5709419 496769961
58 11 598438973 5709407 961526782 5709419 559965755
59 11 518077761 5709408 116573719 5709419 634651480
60 11 412790704 5709408 291340322 5709419 704131026
61 11 315307907 5709408 448040339 5709419 763348246
62 11 229336412 5709408 612297196 5709419 841633608
63 11 135331384 5709408 766978306 5709419 902309690
64 11 32672221 5709408 937191865 5709419 969864086
1 18 236805141 5709440 586082718 5709458 822887859
2 18 77515450 5709440 788187919 5709458 865703369
3 17 942155716 5709440 971408438 5709458 913564154
4 17 831050064 5709441 131998716 5709458 963048780
5 17 711697789 5709441 296261295 5709459 7959084
6 17 606150162 5709441 456116512 5709459 62266674
7 17 483499856 5709441 623717640 5709459 107217496
8 17 377458701 5709441 779942500 5709459 157401201
9 17 248689881 5709441 955503533 5709459 204193414
10 17 144609560 5709442 108768060 5709459 253377620
11 17 19814165 5709442 282933860 5709459 302748025
12 16 895557408 5709442 452485081 5709459 348042489
13 16 774003712 5709442 624715084 5709459 398718796
14 16 659916263 5709442 781950536 5709459 441866799
15 16 542407583 5709442 958578216 5709459 500985799
16 16 427082436 5709443 115601913 5709459 542684349
17 16 290580816 5709443 297565919 5709459 588146735
18 16 164016103 5709443 460330526 5709459 624346629
19 16 54834507 5709443 625128503 5709459 679963010
20 15 943248363 5709443 784524933 5709459 727773296
21 15 831062750 5709443 943253005 5709459 774315755
22 15 709131968 5709444 113675542 5709459 822807510
23 15 593402847 5709444 276300337 5709459 869703184
24 15 487655372 5709444 435465753 5709459 923121125
25 15 376168060 5709444 592188937 5709459 968356997
26 15 265797061 5709444 750562886 5709460 16359947
27 15 139728505 5709444 918745280 5709460 58473785
28 15 24714314 5709445 88104005 5709460 112818319
29 14 909789419 5709445 253064330 5709460 162853749
30 14 796481808 5709445 408975937 5709460 205457745
31 14 683190086 5709445 571107722 5709460 254297808
32 14 563987104 5709445 732787313 5709460 296774417
33 14 438118044 5709445 904025798 5709460 342143842
34 14 330014687 5709446 65068994 5709460 395083681
35 14 214826741 5709446 232805341 5709460 447632082
36 14 98319097 5709446 397612577 5709460 495931674
37 13 979593329 5709446 565276592 5709460 544869921
38 13 863258738 5709446 729486265 5709460 592745003
39 13 762649944 5709446 892844028 5709460 655493972
40 13 650581662 5709447 52772003 5709460 703353665
41 13 540219995 5709447 222658088 5709460 762878083
42 13 427234156 5709447 393529043 5709460 820763199
43 13 314726697 5709447 557979304 5709460 872706001
44 13 221522394 5709447 720499045 5709460 942021439
45 13 119581069 5709447 873303710 5709460 992884779
46 13 5333771 5709448 39514383 5709461 44848154
47 12 903171081 5709448 202480875 5709461 105651956
48 12 791877395 5709448 362193225 5709461 154070620
49 12 701067824 5709448 521753245 5709461 222821069
50 12 609254217 5709448 686562721 5709461 295816938
51 12 512472665 5709448 851025852 5709461 363498517
52 12 410533230 5709449 12580760 5709461 423113990
53 12 307191190 5709449 176278295 5709461 483469485
54 12 225486670 5709449 338305157 5709461 563791827
55 12 125525549 5709449 499374796 5709461 624900345
56 12 23477282 5709449 667162272 5709461 690639554
57 11 911565386 5709449 846026762 5709461 757592148
58 11 802098221 5709450 12084974 5709461 814183195
59 11 707830475 5709450 181619621 5709461 889450096
60 11 607805485 5709450 353480909 5709461 961286394
61 11 501724515 5709450 524954335 5709462 26678850
62 11 385385646 5709450 695386409 5709462 80772055
63 11 308182690 5709450 852729304 5709462 160911994
64 11 194197648 5709451 27393650 5709462 221591298
1 17 917340987 5709482 95586920 5709500 12927907
2 17 778230934 5709482 279921234 5709500 58152168
3 17 660843584 5709482 442702731 5709500 103546315
4 17 543715063 5709482 607770796 5709500 151485859
5 17 432986089 5709482 767852287 5709500 200838376
6 17 314271264 5709482 928190608 5709500 242461872
7 17 193905637 5709483 93103731 5709500 287009368
8 17 90200382 5709483 248896377 5709500 339096759
9 16 977505648 5709483 413023793 5709500 390529441
10 16 858052707 5709483 574389076 5709500 432441783
11 16 750647337 5709483 732137667 5709500 482785004
12 16 646167615 5709483 884965332 5709500 531132947
13 16 538908075 5709484 37091622 5709500 575999697
14 16 422093474 5709484 201778731 5709500 623872205
15 16 307093988 5709484 364998052 5709500 672092040
16 16 192989817 5709484 524505055 5709500 717494872
17 16 86910069 5709484 676699658 5709500 763609727
18 15 976854489 5709484 840538376 5709500 817392865
19 15 865624357 5709484 998120285 5709500 863744642
20 15 759511499 5709485 161345255 5709500 920856754
21 15 648297941 5709485 321230954 5709500 969528895
22 15 546597019 5709485 473101637 5709501 19698656
23 15 427962249 5709485 634378588 5709501 62340837
24 15 312681933 5709485 801049475 5709501 113731408
25 15 199314952 5709485 963551014 5709501 162865966
26 15 82140044 5709486 122573840 5709501 204713884
27 14 956955952 5709486 292633033 5709501 249588985
28 14 833481087 5709486 461193588 5709501 294674675
29 14 726531911 5709486 617617445 5709501 344149356
30 14 625300424 5709486 762962140 5709501 388262564
31 14 506943241 5709486 930709432 5709501 437652673
32 14 385433155 5709487 92021067 5709501 477454222
33 14 289894024 5709487 246575700 5709501 536469724
34 14 166635507 5709487 414634227 5709501 581269734
35 14 54387153 5709487 579663497 5709501 634050650
36 13 949085317 5709487 733397219 5709501 682482536
37 13 833597302 5709487 896381823 5709501 729979125
38 13 719700609 5709488 53176210 5709501 772876819
39 13 609228130 5709488 212666472 5709501 821894602
40 13 486415697 5709488 382695240 5709501 869110937
41 13 371783148 5709488 542710844 5709501 914493992
42 13 246071399 5709488 710276973 5709501 956348372
43 13 129269686 5709488 878557256 5709502 7826942
44 13 5119018 5709489 45146996 5709502 50266014
45 12 902301007 5709489 196319062 5709502 98620069
46 12 796075817 5709489 362883933 5709502 158959750
47 12 677869724 5709489 526143772 5709502 204013496
48 12 571105934 5709489 683085638 5709502 254191572
49 12 463455476 5709489 852659340 5709502 316114816
50 12 360470725 5709490 12185065 5709502 372655790
51 12 256157426 5709490 171933471 5709502 428090897
52 12 159577241 5709490 330311143 5709502 489888384
53 12 54896338 5709490 488568984 5709502 543465322
54 11 944998903 5709490 647627236 5709502 592626139
55 11 844712306 5709490 814221179 5709502 658933485
56 11 724386105 5709490 983623977 5709502 708010082
57 11 635775232 5709491 151559063 5709502 787334295
58 11 531247604 5709491 312511890 5709502 843759494
59 11 433915230 5709491 469665881 5709502 903581111
60 11 329773427 5709491 635519228 5709502 965292655
61 11 221826048 5709491 811140039 5709503 32966087
62 11 145971973 5709491 967020184 5709503 112992157
63 11 43746839 5709492 129291616 5709503 173038455
64 10 952065710 5709492 288710972 5709503 240776682
1 17 868359020 5709524 672680178 5709542 541039198
2 17 729134451 5709524 853351450 5709542 582485901
3 17 621718246 5709525 12759011 5709542 634477257
4 17 507343063 5709525 172017796 5709542 679360859
5 17 386139321 5709525 340753497 5709542 726892818
6 17 268547438 5709525 502655214 5709542 771202652
7 17 156598078 5709525 662666912 5709542 819264990
8 17 42406779 5709525 823074398 5709542 865481177
9 16 934319384 5709525 980795694 5709542 915115078
10 16 820806498 5709526 142696801 5709542 963503299
11 16 721283312 5709526 299444115 5709543 20727427
12 16 610908368 5709526 449586257 5709543 60494625
13 16 490036620 5709526 622715486 5709543 112752106
14 16 374164186 5709526 779947421 5709543 154111607
15 16 264932423 5709526 941953544 5709543 206885967
16 16 138545464 5709527 113672170 5709543 252217634
17 16 27642344 5709527 274396169 5709543 302038513
18 15 908383381 5709527 442793135 5709543 351176516
19 15 793501206 5709527 605573151 5709543 399074357
20 15 672016655 5709527 770865731 5709543 442882386
21 15 544531810 5709527 943424637 5709543 487956447
22 15 433571894 5709528 104138655 5709543 537710549
23 15 326203059 5709528 260215408 5709543 586418467
24 15 214534750 5709528 418831576 5709543 633366326
25 15 108806273 5709528 576051567 5709543 684857840
26 14 992594457 5709528 734691438 5709543 727285895
27 14 866641990 5709528 904864797 5709543 771506787
28 14 751150197 5709529 68105674 5709543 819255871
29 14 636428778 5709529 230382181 5709543 866810959
30 14 524754394 5709529 397113975 5709543 921868369
31 14 397528396 5709529 571310813 5709543 968839209
32 14 288835697 5709529 726653673 5709544 15489370
33 14 167467533 5709529 891863421 5709544 59330954
34 14 64241251 5709530 43260113 5709544 107501364
35 13 937293450 5709530 210741948 5709544 148035398
36 13 815530090 5709530 382789531 5709544 198319621
37 13 699248163 5709530 543939726 5709544 243187889
38 13 577585227 5709530 707777277 5709544 285362504
39 13 466971527 5709530 870420074 5709544 337391601
40 13 360818558 5709531 25358274 5709544 386176832
41 13 246754386 5709531 186681040 5709544 433435426
42 13 127090690 5709531 349513981 5709544 476604671
43 13 21517821 5709531 506154279 5709544 527672100
44 12 913074933 5709531 669659429 5709544 582734362
45 12 807984648 5709531 825931456 5709544 633916104
46 12 701004177 5709531 988095854 5709544 689100031
47 12 585905543 5709532 155662558 5709544 741568101
48 12 477690890 5709532 313215765 5709544 790906655
49 12 359620165 5709532 478227757 5709544 837847922
50 12 257661154 5709532 648453874 5709544 906115028
51 12 153086359 5709532 802932750 5709544 956019109
52 12 51680746 5709532 966911169 5709545 18591915
53 11 946050193 5709533 132053289 5709545 78103482
54 11 821881619 5709533 302661676 5709545 124543295
55 11 707294531 5709533 474396765 5709545 181691296
56 11 623539233 5709533 626014880 5709545 249554113
57 11 513185881 5709533 789490605 5709545 302676486
58 11 410491459 5709533 949808889 5709545 360300348
59 11 322636257 5709534 110100563 5709545 432736820
60 11 219225719 5709534 266130243 5709545 485355962
61 11 126609829 5709534 438969718 5709545 565579547
62 11 25153846 5709534 598936713 5709545 624090559
63 10 940806616 5709534 755432828 5709545 696239444
64 10 851344705 5709534 915714928 5709545 767059633
1 17 932391869 5709566 586071765 5709584 518463634
2 17 793132559 5709566 774798294 5709584 567930853
3 17 677028555 5709566 940683456 5709584 617712011
4 17 570018490 5709567 91913579 5709584 661932069
5 17 456571789 5709567 248368973 5709584 704940762
6 17 338550079 5709567 423061285 5709584 761611364
7 17 225513035 5709567 582635084 5709584 808148119
8 17 122253623 5709567 740945666 5709584 863199289
9 17 13547499 5709567 901721109 5709584 915268608
10 16 894843136 5709568 63776602 5709584 958619738
11 16 774206550 5709568 232446304 5709585 6652854
12 16 661624831 5709568 392367745 5709585 53992576
13 16 543672417 5709568 554534199 5709585 98206616
14 16 436096401 5709568 714020333 5709585 150116734
15 16 313662109 5709568 878898902 5709585 192561011
16 16 197255869 5709569 43716862 5709585 240972731
17 16 76741485 5709569 202517564 5709585 279259049
18 15 963669090 5709569 367508225 5709585 331177315
19 15 866218328 5709569 516761606 5709585 382979934
20 15 752542537 5709569 681065724 5709585 433608261
21 15 642513826 5709569 841955276 5709585 484469102
22 15 528841572 5709569 999325098 5709585 528166670
23 15 416422647 5709570 154137783 5709585 570560430
24 15 319369414 5709570 312735341 5709585 632104755
25 15 194915549 5709570 478866609 5709585 673782158
26 15 73156446 5709570 646141523 5709585 719297969
27 14 948400234 5709570 822769613 5709585 771169847
28 14 833995254 5709570 982504723 5709585 816499977
29 14 728751398 5709571 141515718 5709585 870267116
30 14 604297124 5709571 307945981 5709585 912243105
31 14 485233990 5709571 471211285 5709585 956445275
32 14 379987522 5709571 629394240 5709586 9381762
33 14 264345102 5709571 789869670 5709586 54214772
34 14 155445166 5709571 947486376 5709586 102931542
35 14 43567805 5709572 104806680 5709586 148374485
36 13 937075620 5709572 261875656 5709586 198951276
37 13 826597084 5709572 415701396 5709586 242298480
38 13 714289026 5709572 573098422 5709586 287387448
39 13 589002658 5709572 742896584 5709586 331899242
40 13 468752213 5709572 911520287 5709586 380272500
41 13 356188735 5709573 68593818 5709586 424782553
42 13 231986456 5709573 242616735 5709586 474603191
43 13 119890376 5709573 400656248 5709586 520546624
44 13 754651 5709573 567222434 5709586 567977085
45 12 898393055 5709573 723211708 5709586 621604763
46 12 787530916 5709573 890817004 5709586 678347920
47 12 680105230 5709574 52879016 5709586 732984246
48 12 562231129 5709574 232723564 5709586 794954693
49 12 453431487 5709574 393138570 5709586 846570057
50 12 334829678 5709574 558831328 5709586 893661006
51 12 246779573 5709574 714714344 5709586 961493917
52 12 141255758 5709574 876640451 5709587 17896209
53 12 31755112 5709575 46320634 5709587 78075746
54 11 924809843 5709575 211406385 5709587 136216228
55 11 807329975 5709575 378728576 5709587 186058551
56 11 699643850 5709575 543918584 5709587 243562434
57 11 611927201 5709575 703652529 5709587 315579730
58 11 505711362 5709575 873616985 5709587 379328347
59 11 404377988 5709576 41744549 5709587 446122537
60 11 314373234 5709576 208321402 5709587 522694636
61 11 218778363 5709576 368676131 5709587 587454494
62 11 127051456 5709576 530112358 5709587 657163814
63 11 23683176 5709576 689297090 5709587 712980266
64 10 932331836 5709576 852057570 5709587 784389406
1 17 948471355 5709608 732591505 5709626 681062860
2 17 821808937 5709608 909520849 5709626 731329786
3 17 707399530 5709609 70610139 5709626 778009669
4 17 593095936 5709609 230657596 5709626 823753532
5 17 482063354 5709609 388669555 5709626 870732909
6 17 376905348 5709609 545413889 5709626 922319237
7 17 268569623 5709609 704110631 5709626 972680254
8 17 150021201 5709609 865698041 5709627 15719242
9 17 37133525 5709610 29290654 5709627 66424179
10 16 934247660 5709610 180363669 5709627 114611329
11 16 831097820 5709610 334966969 5709627 166064789
12 16 695812916 5709610 511756890 5709627 207569806
13 16 586759279 5709610 666198712 5709627 252957991
14 16 467030064 5709610 829907619 5709627 296937683
15 16 358939077 5709610 985425883 5709627 344364960
16 16 233205697 5709611 160944235 5709627 394149932
17 16 120724587 5709611 318544664 5709627 439269251
18 16 302385 5709611 480805877 5709627 481108262
19 15 900483426 5709611 630166609 5709627 530650035
20 15 778338147 5709611 801266340 5709627 579604487
21 15 658169756 5709611 966980561 5709627 625150317
22 15 547768922 5709612 123660137 5709627 671429059
23 15 420170595 5709612 292663075 5709627 712833670
24 15 311991923 5709612 450960750 5709627 762952673
25 15 207136225 5709612 605704474 5709627 812840699
26 15 89886372 5709612 764263515 5709627 854149887
27 14 982587794 5709612 920926462 5709627 903514256
28 14 867113519 5709613 86103804 5709627 953217323
29 14 733841540 5709613 269973296 5709628 3814836
30 14 616003013 5709613 437179507 5709628 53182520
31 14 505678844 5709613 597639253 5709628 103318097
32 14 387861093 5709613 760574175 5709628 148435268
33 14 272441890 5709613 925909515 5709628 198351405
34 14 154458254 5709614 89426407 5709628 243884661
35 14 39549153 5709614 253242349 5709628 292791502
36 13 922387538 5709614 414247900 5709628 336635438
37 13 813970852 5709614 571946438 5709628 385917290
38 13 697102658 5709614 737277778 5709628 434380436
39 13 591011557 5709614 892371662 5709628 483383219
40 13 475634113 5709615 56103568 5709628 531737681
41 13 370159242 5709615 212718664 5709628 582877906
42 13 254089570 5709615 370236743 5709628 624326313
43 13 141735383 5709615 532918855 5709628 674654238
44 13 39455916 5709615 692782056 5709628 732237972
45 12 917714127 5709615 862946713 5709628 780660840
46 12 807318220 5709616 24413273 5709628 831731493
47 12 698523707 5709616 184652912 5709628 883176619
48 12 590125520 5709616 352641665 5709628 942767185
49 12 484103252 5709616 512785732 5709628 996888984
50 12 377533772 5709616 674310643 5709629 51844415
51 12 274294711 5709616 842287340 5709629 116582051
52 12 165348590 5709617 1047377 5709629 166395967
53 12 58968422 5709617 158030355 5709629 216998777
54 11 955739601 5709617 316205996 5709629 271945597
55 11 852023307 5709617 481090048 5709629 333113355
56 11 745153889 5709617 639183375 5709629 384337264
57 11 654848770 5709617 803346700 5709629 458195470
58 11 562370395 5709617 971768241 5709629 534138636
59 11 460416014 5709618 132588128 5709629 593004142
60 11 366795420 5709618 288878638 5709629 655674058
61 11 270564301 5709618 452393993 5709629 722958294
62 11 183522103 5709618 609637799 5709629 793159902
63 11 78746125 5709618 777117988 5709629 855864113
64 10 994505559 5709618 933613734 5709629 928119293
