1 0 15377549 5703594 432718856 5703594 448096405
2 0 13395660 5703594 435040628 5703594 448436288
1 0 14002871 5703601 907339298 5703601 921342169
2 0 12571564 5703601 909110673 5703601 921682237
1 0 12014815 5703609 427573145 5703609 439587960
2 0 10511139 5703609 429337372 5703609 439848511
1 0 11740895 5703616 916934234 5703616 928675129
2 0 10228237 5703616 918705368 5703616 928933605
1 0 15331568 5703624 372011797 5703624 387343365
2 0 13346401 5703624 374334143 5703624 387680544
1 0 11621415 5703631 707469094 5703631 719090509
2 0 10118313 5703631 709228487 5703631 719346800
1 0 11722505 5703639 157666241 5703639 169388746
2 0 10193127 5703639 159451578 5703639 169644705
1 0 11672266 5703646 467286196 5703646 478958462
2 0 10142702 5703646 469073311 5703646 479216013
1 0 15346439 5703653 762367612 5703653 777714051
2 0 13331642 5703653 764721347 5703653 778052989
1 0 15271922 5703661 241975108 5703661 257247030
2 0 13313939 5703661 244268955 5703661 257582894
