1 0 34237496 5703825 252386118 5703825 286623614
2 0 32199182 5703825 254692816 5703825 286891998
3 0 31148293 5703825 255989941 5703825 287138234
4 0 30182090 5703825 257216047 5703825 287398137
5 0 29171757 5703825 258482672 5703825 287654429
6 0 28227422 5703825 259700002 5703825 287927424
7 0 26944594 5703825 261226399 5703825 288170993
8 0 26009556 5703825 262431025 5703825 288440581
9 0 25264755 5703825 263431025 5703825 288695780
10 0 24593619 5703825 264352156 5703825 288945775
11 0 23925483 5703825 265276213 5703825 289201696
12 0 23246848 5703825 266207492 5703825 289454340
13 0 22595582 5703825 267116049 5703825 289711631
14 0 21941853 5703825 268020718 5703825 289962571
15 0 21288698 5703825 268988219 5703825 290276917
16 0 20639100 5703825 269897331 5703825 290536431
1 0 21227477 5703834 92636248 5703834 113863725
2 0 20240329 5703834 93806930 5703834 114047259
3 0 19780190 5703834 94438529 5703834 114218719
4 0 19356309 5703834 95040703 5703834 114397012
5 0 18926409 5703834 95648359 5703834 114574768
6 0 18519824 5703834 96239496 5703834 114759320
7 0 18084906 5703834 96839485 5703834 114924391
8 0 17678932 5703834 97425455 5703834 115104387
9 0 17269865 5703834 98009445 5703834 115279310
10 0 16850966 5703834 98599193 5703834 115450159
11 0 16432678 5703834 99191052 5703834 115623730
12 0 16009185 5703834 99787615 5703834 115796800
13 0 15523695 5703834 100446362 5703834 115970057
14 0 15224366 5703834 101119498 5703834 116343864
15 0 14734746 5703834 101804096 5703834 116538842
16 0 14263810 5703834 102456677 5703834 116720487
1 0 31449566 5703842 937797812 5703842 969247378
2 0 29970186 5703842 939543094 5703842 969513280
3 0 29129683 5703842 940629296 5703842 969758979
4 0 28496751 5703842 941565649 5703842 970062400
5 0 27824170 5703842 942517243 5703842 970341413
6 0 27183441 5703842 943430819 5703842 970614260
7 0 26496879 5703842 944361450 5703842 970858329
8 0 25853244 5703842 945270525 5703842 971123769
9 0 25211885 5703842 946170101 5703842 971381986
10 0 24552767 5703842 947080307 5703842 971633074
11 0 23899779 5703842 947987457 5703842 971887236
12 0 23217089 5703842 948919217 5703842 972136306
13 0 22569193 5703842 949821830 5703842 972391023
14 0 21833207 5703842 950808589 5703842 972641796
15 0 21105646 5703842 951791831 5703842 972897477
16 0 20449473 5703842 952705684 5703842 973155157
1 0 31718598 5703851 737769146 5703851 769487744
2 0 30213552 5703851 739544280 5703851 769757832
3 0 29409974 5703851 740635278 5703851 770045252
4 0 28750635 5703851 741585742 5703851 770336377
5 0 28052462 5703851 742545132 5703851 770597594
6 0 27409381 5703851 743460226 5703851 770869607
7 0 26702062 5703851 744414319 5703851 771116381
8 0 26053925 5703851 745337376 5703851 771391301
9 0 25394307 5703851 746255156 5703851 771649463
10 0 24719080 5703851 747176490 5703851 771895570
11 0 24062110 5703851 748088881 5703851 772150991
12 0 23376827 5703851 749027419 5703851 772404246
13 0 22727969 5703851 749937624 5703851 772665593
14 0 21988464 5703851 750922254 5703851 772910718
15 0 21258440 5703851 751911958 5703851 773170398
16 0 20589971 5703851 752835163 5703851 773425134
1 0 40396715 5703860 837193407 5703860 877590122
2 0 38999223 5703860 838939597 5703860 877938820
3 0 38354438 5703860 839907468 5703860 878261906
4 0 37435807 5703860 841164463 5703860 878600270
5 0 36642137 5703860 842299072 5703860 878941209
6 0 35762801 5703860 843524401 5703860 879287202
7 0 34854151 5703860 844752230 5703860 879606381
8 0 34008111 5703860 845948523 5703860 879956634
9 0 33228218 5703860 847144779 5703860 880372997
10 0 32357753 5703860 848336775 5703860 880694528
11 0 31500917 5703860 849527086 5703860 881028003
12 0 30517824 5703860 850838895 5703860 881356719
13 0 29660710 5703860 852039947 5703860 881700657
14 0 28791022 5703860 853229722 5703860 882020744
15 0 27858132 5703860 854495976 5703860 882354108
16 0 26995797 5703860 855694250 5703860 882690047
1 0 41672710 5703869 872614768 5703869 914287478
2 0 39713210 5703869 874925318 5703869 914638528
3 0 38749856 5703869 876214554 5703869 914964410
4 0 37870021 5703869 877436846 5703869 915306867
5 0 36956131 5703869 878690693 5703869 915646824
6 0 36094906 5703869 879907041 5703869 916001947
7 0 35036629 5703869 881288552 5703869 916325181
8 0 34172719 5703869 882502826 5703869 916675545
9 0 33315347 5703869 883697637 5703869 917012984
10 0 32430640 5703869 884911245 5703869 917341885
11 0 31565675 5703869 886112370 5703869 917678045
12 0 30655765 5703869 887352922 5703869 918008687
13 0 29792522 5703869 888553844 5703869 918346366
14 0 28925742 5703869 889746433 5703869 918672175
15 0 27876984 5703869 891132444 5703869 919009428
16 0 27003259 5703869 892343700 5703869 919346959
1 0 31863725 5703878 957545887 5703878 989409612
2 0 30333957 5703878 959339058 5703878 989673015
3 0 29497936 5703878 960420130 5703878 989918066
4 0 28916446 5703878 961364817 5703878 990281263
5 0 28230366 5703878 962311466 5703878 990541832
6 0 27585711 5703878 963223949 5703878 990809660
7 0 26896465 5703878 964156857 5703878 991053322
8 0 26255125 5703878 965060933 5703878 991316058
9 0 25610729 5703878 965959306 5703878 991570035
10 0 24952667 5703878 966865030 5703878 991817697
11 0 24305217 5703878 967766624 5703878 992071841
12 0 23630858 5703878 968692811 5703878 992323669
13 0 22987464 5703878 969587127 5703878 992574591
14 0 22267236 5703878 970552980 5703878 992820216
15 0 21543898 5703878 971529128 5703878 993073026
16 0 20892650 5703878 972434501 5703878 993327151
1 0 31485972 5703887 537676194 5703887 569162166
2 0 30004277 5703887 539423958 5703887 569428235
3 0 29122035 5703887 540551751 5703887 569673786
4 0 28433640 5703887 541498901 5703887 569932541
5 0 27880520 5703887 542455087 5703887 570335607
6 0 27237607 5703887 543368755 5703887 570606362
7 0 26549823 5703887 544302701 5703887 570852524
8 0 25904483 5703887 545215721 5703887 571120204
9 0 25256255 5703887 546118741 5703887 571374996
10 0 24594471 5703887 547029761 5703887 571624232
11 0 23942241 5703887 547937430 5703887 571879671
12 0 23257828 5703887 548874894 5703887 572132722
13 0 22610859 5703887 549776007 5703887 572386866
14 0 21887798 5703887 550750600 5703887 572638398
15 0 21164034 5703887 551730137 5703887 572894171
16 0 20500621 5703887 552650916 5703887 573151537
1 0 31598267 5703896 317983302 5703896 349581569
2 0 30096924 5703896 319755029 5703896 349851953
3 0 29275476 5703896 320880601 5703896 350156077
4 0 28598044 5703896 321822361 5703896 350420405
5 0 27900687 5703896 322778528 5703896 350679215
6 0 27257496 5703896 323696974 5703896 350954470
7 0 26571434 5703896 324627550 5703896 351198984
8 0 25922798 5703896 325542070 5703896 351464868
9 0 25272254 5703896 326447257 5703896 351719511
10 0 24614359 5703896 327354925 5703896 351969284
11 0 23966834 5703896 328258686 5703896 352225520
12 0 23283143 5703896 329192780 5703896 352475923
13 0 22578415 5703896 330153855 5703896 352732270
14 0 21888206 5703896 331095578 5703896 352983784
15 0 21172071 5703896 332065264 5703896 353237335
16 0 20521028 5703896 332973506 5703896 353494534
1 0 35937001 5703905 162429547 5703905 198366548
2 0 33821596 5703905 164724819 5703905 198546415
3 0 32699542 5703905 166012796 5703905 198712338
4 0 31659562 5703905 167224643 5703905 198884205
5 0 30586064 5703905 168471046 5703905 199057110
6 0 29561138 5703905 169677468 5703905 199238606
7 0 28382456 5703905 171018110 5703905 199400566
8 0 27341494 5703905 172236347 5703905 199577841
9 0 26322846 5703905 173423751 5703905 199746597
10 0 25285995 5703905 174626432 5703905 199912427
11 0 24296143 5703905 175822632 5703905 200118775
12 0 23238569 5703905 177053795 5703905 200292364
13 0 22217755 5703905 178243106 5703905 200460861
14 0 21386696 5703905 179435103 5703905 200821799
15 0 20195034 5703905 180797577 5703905 200992611
16 0 19142090 5703905 182013629 5703905 201155719
