1 0 102986462 5704022 208065171 5704022 311051633
2 0 101476508 5704022 209843268 5704022 311319776
3 0 100554007 5704022 211026005 5704022 311580012
4 0 99873687 5704022 211966450 5704022 311840137
5 0 99164255 5704022 212945914 5704022 312110169
6 0 98482360 5704022 213873471 5704022 312355831
7 0 97808150 5704022 214804565 5704022 312612715
8 0 97137885 5704022 215719992 5704022 312857877
9 0 96485989 5704022 216627883 5704022 313113872
10 0 95827391 5704022 217551291 5704022 313378682
11 0 95143496 5704022 218479441 5704022 313622937
12 0 94500509 5704022 219393442 5704022 313893951
13 0 93752892 5704022 220386091 5704022 314138983
14 0 93091960 5704022 221314833 5704022 314406793
15 0 92419065 5704022 222231149 5704022 314650214
16 0 91773985 5704022 223141854 5704022 314915839
17 0 91130608 5704022 224052615 5704022 315183223
18 0 90444898 5704022 224983339 5704022 315428237
19 0 89653561 5704022 226031505 5704022 315685066
20 0 88976518 5704022 226955321 5704022 315931839
21 0 88265383 5704022 227923340 5704022 316188723
22 0 87610988 5704022 228830860 5704022 316441848
23 0 86981388 5704022 229716807 5704022 316698195
24 0 86235624 5704022 230720251 5704022 316955875
25 0 85588451 5704022 231612123 5704022 317200574
26 0 84957907 5704022 232499163 5704022 317457070
27 0 84303938 5704022 233396035 5704022 317699973
28 0 83689153 5704022 234274463 5704022 317963616
29 0 83047313 5704022 235160002 5704022 318207315
30 0 82422621 5704022 236049856 5704022 318472477
31 0 81794022 5704022 236934358 5704022 318728380
32 0 81133830 5704022 237853563 5704022 318987393
33 0 80494564 5704022 238748380 5704022 319242944
34 0 79863557 5704022 239637827 5704022 319501384
35 0 78957833 5704022 240798620 5704022 319756453
36 0 78914963 5704022 241694622 5704022 320609585
37 0 78275698 5704022 242604327 5704022 320880025
38 0 77644653 5704022 243494237 5704022 321138890
39 0 77002147 5704022 244381813 5704022 321383960
40 0 76378344 5704022 245272018 5704022 321650362
41 0 75747911 5704022 246152780 5704022 321900691
42 0 75126367 5704022 247033912 5704022 322160279
43 0 74490305 5704022 247939376 5704022 322429681
44 0 73860576 5704022 248819675 5704022 322680251
45 0 73234828 5704022 249709177 5704022 322944005
46 0 72481342 5704022 250709436 5704022 323190778
47 0 71850539 5704022 251600068 5704022 323450607
48 0 71212069 5704022 252486681 5704022 323698750
49 0 70579026 5704022 253375183 5704022 323954209
50 0 69953611 5704022 254268537 5704022 324222148
51 0 69333234 5704022 255144465 5704022 324477699
52 0 68693819 5704022 256045134 5704022 324738953
53 0 68053220 5704022 256929173 5704022 324982393
54 0 67429639 5704022 257809731 5704022 325239370
55 0 66769152 5704022 258718621 5704022 325487773
56 0 66155737 5704022 259595494 5704022 325751231
57 0 64850817 5704022 261165076 5704022 326015893
58 0 64185700 5704022 262074929 5704022 326260629
59 0 63523305 5704022 262995875 5704022 326519180
60 0 62880909 5704022 263884896 5704022 326765805
61 0 62260347 5704022 264775990 5704022 327036337
62 0 61627617 5704022 265659215 5704022 327286832
63 0 61016369 5704022 266537032 5704022 327553401
64 0 60379529 5704022 267437534 5704022 327817063
1 0 100662283 5704036 872699765 5704036 973362048
2 0 98567951 5704036 874978094 5704036 973546045
3 0 97454008 5704036 876269922 5704036 973723930
4 0 96409732 5704036 877490084 5704036 973899816
5 0 95312215 5704036 878766542 5704036 974078757
6 0 94266568 5704036 879980779 5704036 974247347
7 0 93099368 5704036 881324494 5704036 974423862
8 0 92056405 5704036 882533454 5704036 974589859
9 0 91032406 5704036 883727487 5704036 974759893
10 0 89999499 5704036 884938335 5704036 974937834
11 0 88936797 5704036 886167460 5704036 975104257
12 0 87898575 5704036 887377456 5704036 975276031
13 0 86871261 5704036 888567360 5704036 975438621
14 0 85851131 5704036 889765968 5704036 975617099
15 0 84737078 5704036 891045333 5704036 975782411
16 0 83704857 5704036 892254273 5704036 975959130
17 0 82673486 5704036 893463251 5704036 976136737
18 0 81571673 5704036 894728413 5704036 976300086
19 0 79836946 5704036 896649081 5704036 976486027
20 0 78804818 5704036 897844299 5704036 976649117
21 0 77705783 5704036 899115257 5704036 976821040
22 0 76607729 5704036 900381530 5704036 976989259
23 0 75581673 5704036 901579471 5704036 977161144
24 0 74564396 5704036 902770764 5704036 977335160
25 0 73557359 5704036 903941631 5704036 977498990
26 0 72552748 5704036 905116739 5704036 977669487
27 0 71537600 5704036 906295884 5704036 977833484
28 0 70548841 5704036 907464714 5704036 978013555
29 0 69538544 5704036 908637711 5704036 978176255
30 0 68541730 5704036 909811800 5704036 978353530
31 0 67404232 5704036 911121165 5704036 978525397
32 0 66361029 5704036 912338957 5704036 978699986
33 0 65340771 5704036 913531527 5704036 978872298
34 0 64331048 5704036 914709302 5704036 979040350
35 0 63337289 5704036 915875521 5704036 979212810
36 0 62349381 5704036 917042555 5704036 979391936
37 0 61311346 5704036 918242884 5704036 979554230
38 0 60307827 5704036 919417918 5704036 979725745
39 0 59234569 5704036 920654766 5704036 979889335
40 0 58268420 5704036 921840799 5704036 980109219
41 0 57270272 5704036 923006555 5704036 980276827
42 0 56283790 5704036 924169645 5704036 980453435
43 0 55278754 5704036 925365067 5704036 980643821
44 0 54280309 5704036 926527749 5704036 980808058
45 0 53283382 5704036 927705691 5704036 980989073
46 0 52199737 5704036 928953667 5704036 981153404
47 0 51158812 5704036 930167163 5704036 981325975
48 0 50129386 5704036 931360641 5704036 981490027
49 0 49122015 5704036 932543527 5704036 981665542
50 0 48131164 5704036 933714301 5704036 981845465
51 0 47139015 5704036 934874317 5704036 982013332
52 0 46115090 5704036 936070628 5704036 982185718
53 0 45107590 5704036 937245236 5704036 982352826
54 0 44110497 5704036 938412029 5704036 982522526
55 0 43074276 5704036 939612766 5704036 982687042
56 0 41915112 5704036 940948575 5704036 982863687
57 0 41682672 5704036 942124071 5704036 983806743
58 0 41085350 5704036 942866669 5704036 983952019
59 0 40630061 5704036 943483306 5704036 984113367
60 0 40206606 5704036 944077517 5704036 984284123
61 0 39778411 5704036 944672654 5704036 984451065
62 0 39361900 5704036 945260328 5704036 984622228
63 0 38946796 5704036 945847651 5704036 984794447
64 0 38512601 5704036 946446251 5704036 984958852
1 0 98871482 5704051 587957883 5704051 686829365
2 0 97364751 5704051 589733276 5704051 687098027
3 0 96536896 5704051 590821218 5704051 687358114
4 0 95869908 5704051 591749442 5704051 687619350
5 0 95161884 5704051 592724072 5704051 687885956
6 0 94499693 5704051 593637037 5704051 688136730
7 0 93828169 5704051 594563445 5704051 688391614
8 0 93166033 5704051 595473521 5704051 688639554
9 0 92521433 5704051 596374097 5704051 688895530
10 0 91877427 5704051 597283987 5704051 689161414
11 0 91194754 5704051 598211693 5704051 689406447
12 0 90543007 5704051 599120528 5704051 689663535
13 0 89850335 5704051 600057232 5704051 689907567
14 0 89211235 5704051 601012104 5704051 690223339
15 0 88549155 5704051 601919939 5704051 690469094
16 0 87907630 5704051 602824126 5704051 690731756
17 0 87269476 5704051 603729312 5704051 690998788
18 0 86580099 5704051 604661814 5704051 691241913
19 0 85807132 5704051 605690572 5704051 691497704
20 0 85138663 5704051 606604537 5704051 691743200
21 0 84428324 5704051 607573167 5704051 692001491
22 0 83777188 5704051 608479206 5704051 692256394
23 0 83166810 5704051 609363227 5704051 692530037
24 0 82472768 5704051 610312042 5704051 692784810
25 0 81812373 5704051 611216007 5704051 693028380
26 0 81183792 5704051 612098787 5704051 693282579
27 0 80543081 5704051 612988641 5704051 693531722
28 0 79924518 5704051 613868847 5704051 693793365
29 0 79283382 5704051 614753238 5704051 694036620
30 0 78662616 5704051 615637851 5704051 694300467
31 0 78038183 5704051 616519057 5704051 694557240
32 0 77380622 5704051 617436095 5704051 694816717
33 0 76737800 5704051 618335394 5704051 695073194
34 0 76106089 5704051 619218174 5704051 695324263
35 0 75338011 5704051 620240655 5704051 695578666
36 0 74704985 5704051 621140842 5704051 695845827
37 0 74044702 5704051 622043325 5704051 696088027
38 0 73414547 5704051 622929938 5704051 696344485
39 0 72766596 5704051 623820236 5704051 696586832
40 0 72144219 5704051 624710627 5704051 696854846
41 0 71510156 5704051 625588241 5704051 697098397
42 0 70890946 5704051 626464039 5704051 697354985
43 0 70251976 5704051 627368448 5704051 697620424
44 0 69623265 5704051 628246636 5704051 697869901
45 0 69002981 5704051 629129471 5704051 698132452
46 0 68269531 5704051 630107861 5704051 698377392
47 0 67633950 5704051 631012659 5704051 698646609
48 0 66992925 5704051 631902735 5704051 698895660
49 0 66356808 5704051 632793255 5704051 699150063
50 0 65740189 5704051 633677406 5704051 699417595
51 0 65120608 5704051 634548241 5704051 699668849
52 0 64470268 5704051 635453021 5704051 699923289
53 0 64447398 5704051 636337412 5704051 700784810
54 0 63830335 5704051 637215859 5704051 701046194
55 0 63168218 5704051 638122860 5704051 701291078
56 0 62563896 5704051 638993622 5704051 701557518
57 0 61952778 5704051 639874087 5704051 701826865
58 0 60617228 5704051 641457243 5704051 702074471
59 0 59949444 5704051 642384374 5704051 702333818
60 0 59313364 5704051 643269913 5704051 702583277
61 0 58682542 5704051 644156063 5704051 702838605
62 0 58047591 5704051 645034621 5704051 703082212
63 0 57441065 5704051 645907605 5704051 703348670
64 0 56806540 5704051 646801255 5704051 703607795
1 0 97854705 5704065 937901232 5704066 35755937
2 0 96281623 5704065 939655755 5704066 35937378
3 0 95338307 5704065 940775697 5704066 36114004
4 0 94581266 5704065 941709735 5704066 36291001
5 0 93771447 5704065 942699439 5704066 36470886
6 0 93021517 5704065 943618570 5704066 36640087
7 0 92279179 5704065 944546201 5704066 36825380
8 0 91534822 5704065 945456888 5704066 36991710
9 0 90805984 5704065 946357575 5704066 37163559
10 0 90071849 5704065 947270243 5704066 37342092
11 0 89308049 5704065 948197874 5704066 37505923
12 0 88565285 5704065 949112672 5704066 37677957
13 0 87798687 5704065 950042192 5704066 37840879
14 0 87018851 5704065 951005544 5704066 38024395
15 0 86273290 5704065 951916657 5704066 38189947
16 0 85549100 5704065 952819733 5704066 38368833
17 0 84816631 5704065 953730772 5704066 38547403
18 0 84054016 5704065 954656273 5704066 38710289
19 0 83194514 5704065 955688087 5704066 38882601
20 0 82444898 5704065 956601663 5704066 39046561
21 0 81644950 5704065 957573756 5704066 39218706
22 0 80904852 5704065 958483980 5704066 39388832
23 0 80194235 5704065 959368464 5704066 39562699
24 0 79411342 5704065 960323150 5704066 39734492
25 0 78674171 5704065 961224744 5704066 39898915
26 0 78001851 5704065 962112542 5704066 40114393
27 0 77278882 5704065 963007137 5704066 40286019
28 0 76580970 5704065 963882287 5704066 40463257
29 0 75861612 5704065 964766512 5704066 40628124
30 0 75159088 5704065 965649162 5704066 40808250
31 0 74464175 5704065 966529868 5704066 40994043
32 0 73707486 5704065 967460610 5704066 41168096
33 0 72979536 5704065 968362260 5704066 41341796
34 0 72265883 5704065 969245095 5704066 41510978
35 0 71436787 5704065 970247632 5704066 41684419
36 0 70717818 5704065 971145042 5704066 41862860
37 0 69976999 5704065 972048877 5704066 42025876
38 0 69265939 5704065 972932360 5704066 42198299
39 0 68537489 5704065 973825547 5704066 42363036
40 0 67828687 5704065 974713105 5704066 42541792
41 0 67115627 5704065 975590681 5704066 42706308
42 0 66411380 5704065 976469350 5704066 42880730
43 0 65687430 5704065 977373556 5704066 43060986
44 0 64972425 5704065 978251669 5704066 43224094
45 0 64264771 5704065 979135968 5704066 43400739
46 0 63458416 5704065 980107394 5704066 43565810
47 0 62727078 5704065 981011044 5704066 43738122
48 0 62007721 5704065 981894972 5704066 43902693
49 0 61290234 5704065 982783752 5704066 44073986
50 0 60590877 5704065 983665550 5704066 44256427
51 0 59895056 5704065 984536738 5704066 44431794
52 0 59166792 5704065 985437795 5704066 44604587
53 0 58447084 5704065 986322223 5704066 44769307
54 0 57743189 5704065 987197781 5704066 44940970
55 0 57005166 5704065 988104227 5704066 45109393
56 0 56316771 5704065 988981322 5704066 45298093
57 0 55614043 5704065 989863639 5704066 45477682
58 0 54839391 5704065 990802973 5704066 45642364
59 0 54083646 5704065 991734956 5704066 45818602
60 0 53361270 5704065 992621199 5704066 45982469
61 0 52645302 5704065 993509849 5704066 46155151
62 0 51931445 5704065 994388814 5704066 46320259
63 0 52070609 5704065 995268187 5704066 47338796
64 0 51318531 5704065 996166170 5704066 47484701
1 0 98191698 5704080 627922222 5704080 726113920
2 0 96700263 5704080 629679911 5704080 726380174
3 0 95880927 5704080 630757354 5704080 726638281
4 0 95211920 5704080 631683356 5704080 726895276
5 0 94527526 5704080 632648708 5704080 727176234
6 0 93869112 5704080 633557654 5704080 727426766
7 0 93201013 5704080 634482322 5704080 727683335
8 0 92541099 5704080 635383769 5704080 727924868
9 0 91902389 5704080 636280696 5704080 728183085
10 0 91257901 5704080 637185754 5704080 728443655
11 0 90578932 5704080 638106459 5704080 728685391
12 0 89925314 5704080 639012109 5704080 728937423
13 0 89273660 5704080 639911722 5704080 729185382
14 0 88566895 5704080 640882630 5704080 729449525
15 0 87902556 5704080 641788650 5704080 729691206
16 0 87265549 5704080 642685707 5704080 729951256
17 0 87001998 5704080 643587839 5704080 730589837
18 0 86330289 5704080 644508192 5704080 730838481
19 0 85560988 5704080 645531969 5704080 731092957
20 0 84873557 5704080 646463711 5704080 731337268
21 0 84158107 5704080 647433008 5704080 731591115
22 0 83507044 5704080 648336362 5704080 731843406
23 0 82881426 5704080 649214457 5704080 732095883
24 0 82187477 5704080 650162550 5704080 732350027
25 0 81529729 5704080 651061108 5704080 732590837
26 0 80903112 5704080 651940702 5704080 732843814
27 0 80262439 5704080 652822093 5704080 733084532
28 0 79648653 5704080 653697985 5704080 733346638
29 0 79010073 5704080 654579079 5704080 733589152
30 0 78410324 5704080 655455452 5704080 733865776
31 0 77787003 5704080 656332658 5704080 734119661
32 0 77123385 5704080 657248530 5704080 734371915
33 0 76487212 5704080 658138810 5704080 734626022
34 0 75859205 5704080 659016701 5704080 734875906
35 0 75237680 5704080 659890314 5704080 735127994
36 0 74475546 5704080 660914684 5704080 735390230
37 0 73757226 5704080 661875703 5704080 735632929
38 0 73123144 5704080 662762928 5704080 735886072
39 0 72481045 5704080 663647041 5704080 736128086
40 0 71863390 5704080 664527469 5704080 736390859
41 0 71234772 5704080 665397916 5704080 736632688
42 0 70619210 5704080 666269529 5704080 736888739
43 0 69985185 5704080 667166068 5704080 737151253
44 0 69355974 5704080 668038311 5704080 737394285
45 0 68739560 5704080 668917128 5704080 737656688
46 0 68030813 5704080 669867092 5704080 737897905
47 0 67349659 5704080 670802445 5704080 738152104
48 0 66712097 5704080 671682707 5704080 738394804
49 0 66081146 5704080 672567394 5704080 738648540
50 0 65473509 5704080 673441359 5704080 738914868
51 0 64854612 5704080 674308529 5704080 739163141
52 0 64214717 5704080 675203049 5704080 739417766
53 0 63581748 5704080 676079977 5704080 739661725
54 0 62982832 5704080 676950202 5704080 739933034
55 0 62372770 5704080 677847963 5704080 740220733
56 0 61771263 5704080 678711669 5704080 740482932
57 0 61156458 5704080 679588820 5704080 740745278
58 0 59820632 5704080 681171957 5704080 740992589
59 0 59152940 5704080 682094014 5704080 741246954
60 0 58514397 5704080 682974849 5704080 741489246
61 0 57890112 5704080 683853500 5704080 741743612
62 0 57269124 5704080 684723298 5704080 741992422
63 0 56665506 5704080 685590356 5704080 742255862
64 0 56031017 5704080 686478155 5704080 742509172
1 0 89859816 5704095 328285223 5704095 418145039
2 0 88178514 5704095 330150540 5704095 418329054
3 0 87330937 5704095 331179095 5704095 418510032
4 0 86576784 5704095 332111245 5704095 418688029
5 0 85781577 5704095 333089578 5704095 418871155
6 0 85022239 5704095 334019135 5704095 419041374
7 0 84256401 5704095 334963673 5704095 419220074
8 0 83499267 5704095 335888249 5704095 419387516
9 0 82757614 5704095 336802824 5704095 419560438
10 0 82016628 5704095 337722807 5704095 419739435
11 0 81244494 5704095 338665530 5704095 419910024
12 0 80538340 5704095 339589606 5704095 420127946
13 0 79709930 5704095 340588661 5704095 420298591
14 0 78945518 5704095 341537181 5704095 420482699
15 0 78192291 5704095 342461312 5704095 420653603
16 0 77457064 5704095 343376073 5704095 420833137
17 0 76717337 5704095 344299704 5704095 421017041
18 0 75911370 5704095 345274334 5704095 421185704
19 0 74601746 5704095 346763714 5704095 421365460
20 0 73864649 5704095 347679197 5704095 421543846
21 0 73066127 5704095 348654697 5704095 421720824
22 0 72317141 5704095 349575680 5704095 421892821
23 0 71519748 5704095 350547699 5704095 422067447
24 0 70780559 5704095 351464478 5704095 422245037
25 0 70048535 5704095 352361906 5704095 422410441
26 0 69325808 5704095 353258408 5704095 422584216
27 0 68590654 5704095 354160484 5704095 422751138
28 0 67883779 5704095 355051745 5704095 422935524
29 0 67157959 5704095 355946321 5704095 423104280
30 0 66441509 5704095 356841990 5704095 423283499
31 0 65724726 5704095 357734140 5704095 423458866
32 0 64970240 5704095 358668493 5704095 423638733
33 0 64238254 5704095 359576439 5704095 423814693
34 0 63467194 5704095 360519310 5704095 423986504
35 0 62751837 5704095 361414516 5704095 424166353
36 0 62042017 5704095 362304351 5704095 424346368
37 0 61293308 5704095 363219409 5704095 424512717
38 0 60572988 5704095 364116651 5704095 424689639
39 0 59841761 5704095 365013227 5704095 424854988
40 0 59127238 5704095 365911525 5704095 425038763
41 0 58407028 5704095 366798157 5704095 425205185
42 0 57696301 5704095 367683289 5704095 425379590
43 0 56968129 5704095 368593994 5704095 425562123
44 0 56260661 5704095 369478663 5704095 425739324
45 0 55501360 5704095 370421238 5704095 425922598
46 0 54704449 5704095 371383646 5704095 426088095
47 0 53987499 5704095 372274759 5704095 426262258
48 0 53261105 5704095 373168595 5704095 426429700
49 0 52538267 5704095 374069578 5704095 426607845
50 0 51826743 5704095 374966876 5704095 426793619
51 0 51117293 5704095 375848156 5704095 426965449
52 0 50383974 5704095 376757472 5704095 427141446
53 0 49657932 5704095 377653011 5704095 427310943
54 0 48944426 5704095 378541625 5704095 427486051
55 0 48195254 5704095 379456719 5704095 427651973
56 0 47443936 5704095 380389164 5704095 427833100
57 0 46733707 5704095 381284037 5704095 428017744
58 0 45997073 5704095 382186631 5704095 428183704
59 0 45244735 5704095 383113114 5704095 428357849
60 0 44513323 5704095 384011245 5704095 428524568
61 0 43794688 5704095 384909488 5704095 428704176
62 0 43075720 5704095 385795064 5704095 428870784
63 0 42365271 5704095 386684788 5704095 429050059
64 0 41629932 5704095 387595401 5704095 429225333
1 0 99762262 5704109 968157160 5704110 67919422
2 0 98272845 5704109 969916924 5704110 68189769
3 0 97396768 5704109 971055477 5704110 68452245
4 0 96725281 5704109 971988663 5704110 68713944
5 0 96014146 5704109 972966441 5704110 68980587
6 0 95336621 5704109 973888017 5704110 69224638
7 0 94659467 5704109 974823759 5704110 69483226
8 0 93991480 5704109 975737871 5704110 69729351
9 0 93343639 5704109 976645707 5704110 69989346
10 0 92751484 5704109 977563023 5704110 70314507
11 0 92068663 5704109 978497617 5704110 70566280
12 0 91420212 5704109 979416211 5704110 70836423
13 0 90708337 5704109 980371934 5704110 71080271
14 0 90047109 5704109 981301083 5704110 71348192
15 0 89385621 5704109 982213566 5704110 71599187
16 0 88745985 5704109 983117864 5704110 71863849
17 0 88017202 5704109 984029551 5704110 72046753
18 0 87254678 5704109 984957312 5704110 72211990
19 0 86406232 5704109 985983237 5704110 72389469
20 0 85647931 5704109 986904942 5704110 72552873
21 0 84851501 5704109 987874591 5704110 72726092
22 0 84119496 5704109 988776056 5704110 72895552
23 0 83410157 5704109 989658762 5704110 73068919
24 0 82615283 5704109 990628614 5704110 73243897
25 0 81889889 5704109 991518801 5704110 73408690
26 0 81176365 5704109 992403970 5704110 73580335
27 0 80447823 5704109 993295287 5704110 73743110
28 0 79751132 5704109 994173993 5704110 73925125
29 0 79030164 5704109 995058680 5704110 74088844
30 0 78323714 5704109 995943775 5704110 74267489
31 0 77616709 5704109 996823851 5704110 74440560
32 0 76870741 5704109 997745686 5704110 74616427
33 0 76146662 5704109 998643873 5704110 74790535
34 0 75430935 5704109 999528467 5704110 74959402
35 0 74561859 5704110 574318 5704110 75136177
36 0 73846001 5704110 1468154 5704110 75314155
37 0 73113070 5704110 2376674 5704110 75489744
38 0 72398620 5704110 3264732 5704110 75663352
39 0 71679023 5704110 4149511 5704110 75828534
40 0 70969018 5704110 5041995 5704110 76011013
41 0 70254475 5704110 5919701 5704110 76174176
42 0 69552229 5704110 6796870 5704110 76349099
43 0 68828427 5704110 7700020 5704110 76528447
44 0 68115719 5704110 8578429 5704110 76694148
45 0 67412417 5704110 9463987 5704110 76876404
46 0 66563266 5704110 10476450 5704110 77039716
47 0 65840743 5704110 11373044 5704110 77213787
48 0 65117737 5704110 12260472 5704110 77378209
49 0 64402825 5704110 13152863 5704110 77555688
50 0 63700745 5704110 14036754 5704110 77737499
51 0 62990759 5704110 14917367 5704110 77908126
52 0 62264439 5704110 15816628 5704110 78081067
53 0 61546562 5704110 16702594 5704110 78249156
54 0 60841816 5704110 17581244 5704110 78423060
55 0 60098442 5704110 18489949 5704110 78588391
56 0 59405233 5704110 19361266 5704110 78766499
57 0 58671764 5704110 20279879 5704110 78951643
58 0 57926315 5704110 21189529 5704110 79115844
59 0 57178700 5704110 22109067 5704110 79287767
60 0 56454231 5704110 22998051 5704110 79452282
61 0 55751133 5704110 23889775 5704110 79640908
62 0 55038258 5704110 24767055 5704110 79805313
63 0 54340900 5704110 25644002 5704110 79984902
64 0 53777466 5704110 26545041 5704110 80322507
1 0 119903555 5704124 289814831 5704124 409718386
2 0 117682892 5704124 292225491 5704124 409908383
3 0 116664393 5704124 293509985 5704124 410174378
4 0 115645467 5704124 294711574 5704124 410357041
5 0 114552931 5704124 295985347 5704124 410538278
6 0 113510414 5704124 297196546 5704124 410706960
7 0 112462266 5704124 298415876 5704124 410878142
8 0 111419694 5704124 299621057 5704124 411040751
9 0 110282196 5704124 300930311 5704124 411212507
10 0 109239530 5704124 302148288 5704124 411387818
11 0 108174679 5704124 303376284 5704124 411550963
12 0 107144458 5704124 304577113 5704124 411721571
13 0 106123921 5704124 305760258 5704124 411884179
14 0 105110014 5704124 306952940 5704124 412062954
15 0 104075275 5704124 308149343 5704124 412224618
16 0 103063219 5704124 309336099 5704124 412399318
17 0 101927222 5704124 310647908 5704124 412575130
18 0 100820890 5704124 311917274 5704124 412738164
19 0 99065386 5704124 313843293 5704124 412908679
20 0 98029757 5704124 315041197 5704124 413070954
21 0 96935814 5704124 316306618 5704124 413242432
22 0 95905333 5704124 317506503 5704124 413411836
23 0 94909537 5704124 318672259 5704124 413581796
24 0 93889296 5704124 319861552 5704124 413750848
25 0 92717540 5704124 321195231 5704124 413912771
26 0 91724503 5704124 322371876 5704124 414096379
27 0 90709096 5704124 323548910 5704124 414258006
28 0 89722836 5704124 324709981 5704124 414432817
29 0 88714077 5704124 325881015 5704124 414595092
30 0 87721688 5704124 327050993 5704124 414772681
31 0 86729521 5704124 328216231 5704124 414945752
32 0 85690448 5704124 329426116 5704124 415116564
33 0 84569192 5704124 330717332 5704124 415286524
34 0 83562284 5704124 331893311 5704124 415455595
35 0 82573154 5704124 333052030 5704124 415625184
36 0 81580432 5704124 334221045 5704124 415801477
37 0 80550822 5704124 335412893 5704124 415963715
38 0 79553081 5704124 336580853 5704124 416133934
39 0 78547432 5704124 337748480 5704124 416295912
40 0 77546488 5704124 338924958 5704124 416471446
41 0 76474990 5704124 340159009 5704124 416633999
42 0 75458657 5704124 341345913 5704124 416804570
43 0 74449546 5704124 342535280 5704124 416984826
44 0 73451804 5704124 343695407 5704124 417147211
45 0 72457027 5704124 344867644 5704124 417324671
46 0 71384621 5704124 346107417 5704124 417492038
47 0 70393324 5704124 347269285 5704124 417662609
48 0 69383955 5704124 348441022 5704124 417824977
49 0 68377751 5704124 349618000 5704124 417995751
50 0 66745559 5704124 351446726 5704124 418192285
51 0 65744244 5704124 352616112 5704124 418360356
52 0 64730263 5704124 353801534 5704124 418531797
53 0 63721207 5704124 354973179 5704124 418694386
54 0 62739929 5704124 356125565 5704124 418865494
55 0 61712041 5704124 357318932 5704124 419030973
56 0 60733208 5704124 358473910 5704124 419207118
57 0 59750633 5704124 359633315 5704124 419383948
58 0 58644672 5704124 360901069 5704124 419545741
59 0 57610395 5704124 362110287 5704124 419720682
60 0 56601858 5704124 363281803 5704124 419883661
61 0 55885556 5704124 364453300 5704124 420338856
62 0 54892020 5704124 365619685 5704124 420511705
63 0 53917241 5704124 366774238 5704124 420691479
64 0 52903279 5704124 367960512 5704124 420863791
1 0 97958035 5704138 838224541 5704138 936182576
2 0 96474971 5704138 839976230 5704138 936451201
3 0 95638282 5704138 841072877 5704138 936711159
4 0 94981832 5704138 841994711 5704138 936976543
5 0 94274622 5704138 842967879 5704138 937242501
6 0 93607171 5704138 843886973 5704138 937494144
7 0 92934018 5704138 844814659 5704138 937748677
8 0 92267086 5704138 845729179 5704138 937996265
9 0 91620653 5704138 846628885 5704138 938249538
10 0 90974091 5704138 847538590 5704138 938512681
11 0 90282752 5704138 848470610 5704138 938753362
12 0 89628098 5704138 849385222 5704138 939013320
13 0 88904870 5704138 850349316 5704138 939254186
14 0 88244901 5704138 851272465 5704138 939517366
15 0 87578395 5704138 852180763 5704138 939759158
16 0 86979517 5704138 853083969 5704138 940063486
17 0 86350436 5704138 853991711 5704138 940342147
18 0 85636356 5704138 854947027 5704138 940583383
19 0 84873297 5704138 855964897 5704138 940838194
20 0 84206995 5704138 856878787 5704138 941085782
21 0 83516637 5704138 857837269 5704138 941353906
22 0 82861723 5704138 858742290 5704138 941604013
23 0 82237809 5704138 859621736 5704138 941859545
24 0 81416268 5704138 860698494 5704138 942114762
25 0 80757225 5704138 861603200 5704138 942360425
26 0 80126588 5704138 862488943 5704138 942615531
27 0 79478341 5704138 863380315 5704138 942858656
28 0 78862872 5704138 864257613 5704138 943120485
29 0 78225957 5704138 865142375 5704138 943368332
30 0 77602394 5704138 866028007 5704138 943630401
31 0 76978517 5704138 866906453 5704138 943884970
32 0 76315844 5704138 867823844 5704138 944139688
33 0 75751374 5704138 868715197 5704138 944466571
34 0 75124903 5704138 869598163 5704138 944723066
35 0 74451490 5704138 870526219 5704138 944977709
36 0 73826242 5704138 871413740 5704138 945239982
37 0 73167088 5704138 872319705 5704138 945486793
38 0 72537229 5704138 873202781 5704138 945740010
39 0 71891612 5704138 874089505 5704138 945981117
40 0 71260771 5704138 874981137 5704138 946241908
41 0 70634634 5704138 875855621 5704138 946490255
42 0 70014998 5704138 876730456 5704138 946745454
43 0 69378454 5704138 877630162 5704138 947008616
44 0 68742688 5704138 878507701 5704138 947250389
45 0 68136348 5704138 879390388 5704138 947526736
46 0 67400083 5704138 880375852 5704138 947775935
47 0 66762910 5704138 881268187 5704138 948031097
48 0 66122292 5704138 882151819 5704138 948274111
49 0 65491563 5704138 883036932 5704138 948528495
50 0 64879908 5704138 883918138 5704138 948798046
51 0 64257346 5704138 884790251 5704138 949047597
52 0 63609950 5704138 885691827 5704138 949301777
53 0 62967036 5704138 886578200 5704138 949545236
54 0 62349029 5704138 887455072 5704138 949804101
55 0 62592932 5704138 888361889 5704138 950954821
56 0 62010128 5704138 889236502 5704138 951246630
57 0 60989591 5704138 890523349 5704138 951512940
58 0 60322178 5704138 891438924 5704138 951761102
59 0 59660783 5704138 892354796 5704138 952015579
60 0 59020498 5704138 893238150 5704138 952258648
61 0 58389547 5704138 894123393 5704138 952512940
62 0 57752763 5704138 895002284 5704138 952755047
63 0 57143589 5704138 895873379 5704138 953016968
64 0 56505193 5704138 896765918 5704138 953271111
1 0 107461045 5704153 313332407 5704153 420793452
2 0 105317825 5704153 315658716 5704153 420976541
3 0 104139236 5704153 317013598 5704153 421152834
4 0 102975221 5704153 318354184 5704153 421329405
5 0 101848649 5704153 319665697 5704153 421514346
6 0 100690059 5704153 320994543 5704153 421684602
7 0 99615024 5704153 322243075 5704153 421858099
8 0 98572321 5704153 323452497 5704153 422024818
9 0 97540747 5704153 324657327 5704153 422198074
10 0 96508989 5704153 325869378 5704153 422378367
11 0 95449230 5704153 327093485 5704153 422542715
12 0 94412249 5704153 328303111 5704153 422715360
13 0 93379176 5704153 329500163 5704153 422879339
14 0 92264919 5704153 330799935 5704153 423064854
15 0 91215438 5704153 332015598 5704153 423231036
16 0 90189698 5704153 333219075 5704153 423408773
17 0 89156532 5704153 334431775 5704153 423588307
18 0 88096496 5704153 335658882 5704153 423755378
19 0 86976776 5704153 336952210 5704153 423928986
20 0 85950370 5704153 338143354 5704153 424093724
21 0 84806853 5704153 339472071 5704153 424278924
22 0 83606765 5704153 340845397 5704153 424452162
23 0 82537951 5704153 342087059 5704153 424625010
24 0 81503952 5704153 343293203 5704153 424797155
25 0 80490415 5704153 344469941 5704153 424960356
26 0 79486155 5704153 345649938 5704153 425136093
27 0 78461527 5704153 346839378 5704153 425300905
28 0 77470008 5704153 348007801 5704153 425477809
29 0 76451212 5704153 349190094 5704153 425641306
30 0 75378362 5704153 350438293 5704153 425816655
31 0 74362510 5704153 351630993 5704153 425993503
32 0 73312622 5704153 352853748 5704153 426166370
33 0 72285956 5704153 354052245 5704153 426338201
34 0 71277327 5704153 355230019 5704153 426507346
35 0 70283919 5704153 356401220 5704153 426685139
36 0 69288104 5704153 357574328 5704153 426862432
37 0 68251864 5704153 358773324 5704153 427025188
38 0 67246253 5704153 359951302 5704153 427197555
39 0 66150940 5704153 361213445 5704153 427364385
40 0 65136681 5704153 362403886 5704153 427540567
41 0 64130366 5704153 363575550 5704153 427705916
42 0 63134866 5704153 364745158 5704153 427880024
43 0 62115145 5704153 365947450 5704153 428062595
44 0 61107052 5704153 367120651 5704153 428227703
45 0 60105238 5704153 368299147 5704153 428404385
46 0 59033535 5704153 369547124 5704153 428580659
47 0 57752318 5704153 371006004 5704153 428758322
48 0 56723801 5704153 372198667 5704153 428922468
49 0 55699949 5704153 373395293 5704153 429095242
50 0 54711412 5704153 374566605 5704153 429278017
51 0 53716708 5704153 375731287 5704153 429447995
52 0 52690523 5704153 376934580 5704153 429625103
53 0 51664931 5704153 378124224 5704153 429789155
54 0 50662468 5704153 379298406 5704153 429960874
55 0 49608099 5704153 380562679 5704153 430170778
56 0 48609617 5704153 381744305 5704153 430353922
57 0 48366900 5704153 382924450 5704153 431291350
58 0 47324289 5704153 384112928 5704153 431437217
59 0 46265939 5704153 385333294 5704153 431599233
60 0 45265420 5704153 386511624 5704153 431777044
61 0 44246013 5704153 387696491 5704153 431942504
62 0 43238458 5704153 388876580 5704153 432115038
63 0 42201291 5704153 390087577 5704153 432288868
64 0 41143571 5704153 391311424 5704153 432454995
