1 0 9612099 5681218 146897616 5681218 156509715
2 0 8678764 5681218 147954319 5681218 156633083
1 0 12637468 5681224 918525141 5681224 931162609
2 0 11414102 5681224 919853746 5681224 931267848
1 0 9521249 5681231 756672666 5681231 766193915
2 0 8570340 5681231 757704147 5681231 766274487
1 0 9907889 5681238 557075413 5681238 566983302
2 0 8964092 5681238 558099968 5681238 567064060
1 0 9552470 5681245 346895190 5681245 356447660
2 0 8651338 5681245 347918486 5681245 356569824
1 0 9714985 5681252 156430229 5681252 166145214
2 0 8789706 5681252 157478339 5681252 166268045
1 0 12495230 5681258 971569459 5681258 984064689
2 0 11272105 5681258 972897045 5681258 984169150
1 0 9544877 5681265 806610188 5681265 816155065
2 0 8591692 5681265 807641372 5681265 816233064
1 0 12512896 5681272 590969010 5681272 603481906
2 0 11303900 5681272 592286189 5681272 603590089
1 0 12530026 5681279 361408331 5681279 373938357
2 0 11243809 5681279 362796768 5681279 374040577
