1 0 13939444 5681354 187014417 5681354 200953861
2 0 12937611 5681354 188100304 5681354 201037915
3 0 12678745 5681354 188449594 5681354 201128339
4 0 12451508 5681354 188751070 5681354 201202578
5 0 12247883 5681354 189047953 5681354 201295836
6 0 12040331 5681354 189339596 5681354 201379927
7 0 11819131 5681354 189632905 5681354 201452036
8 0 11618395 5681354 189919177 5681354 201537572
1 0 13845131 5681360 996791093 5681361 10636224
2 0 12842853 5681360 997878536 5681361 10721389
3 0 12587192 5681360 998222344 5681361 10809536
4 0 12358714 5681360 998526580 5681361 10885294
5 0 12149829 5681360 998827981 5681361 10977810
6 0 11943611 5681360 999119087 5681361 11062698
7 0 11730744 5681360 999405526 5681361 11136270
8 0 11558488 5681360 999699150 5681361 11257638
1 0 12961925 5681367 786595586 5681367 799557511
2 0 12004721 5681367 787632604 5681367 799637325
3 0 11741059 5681367 787981264 5681367 799722323
4 0 11513489 5681367 788280129 5681367 799793618
5 0 11305974 5681367 788579457 5681367 799885431
6 0 11103497 5681367 788867988 5681367 799971485
7 0 10919093 5681367 789156372 5681367 800075465
8 0 10720263 5681367 789438885 5681367 800159148
1 0 13049220 5681374 646839673 5681374 659888893
2 0 12070367 5681374 647900413 5681374 659970780
3 0 11842779 5681374 648249573 5681374 660092352
4 0 11621265 5681374 648546678 5681374 660167943
5 0 11416510 5681374 648846043 5681374 660262553
6 0 11212458 5681374 649135223 5681374 660347681
7 0 11001350 5681374 649419033 5681374 660420383
8 0 10799317 5681374 649702194 5681374 660501511
1 0 17195235 5681381 417769647 5681381 434964882
2 0 15936592 5681381 419134881 5681381 435071473
3 0 15597302 5681381 419586391 5681381 435183693
4 0 15296492 5681381 419981736 5681381 435278228
5 0 14907185 5681381 420492708 5681381 435399893
6 0 14628024 5681381 420879867 5681381 435507891
7 0 14343473 5681381 421258860 5681381 435602333
8 0 14075775 5681381 421635334 5681381 435711109
1 0 17154310 5681388 211476381 5681388 228630691
2 0 15926666 5681388 212810227 5681388 228736893
3 0 15582876 5681388 213268459 5681388 228851335
4 0 15280159 5681388 213669174 5681388 228949333
5 0 15005887 5681388 214065129 5681388 229071016
6 0 14735503 5681388 214448048 5681388 229183551
7 0 14449434 5681388 214828004 5681388 229277438
8 0 14186421 5681388 215207367 5681388 229393788
1 0 15776040 5681395 41349811 5681395 57125851
2 0 14505952 5681395 42703675 5681395 57209627
3 0 14134366 5681395 43160722 5681395 57295088
4 0 13813761 5681395 43554678 5681395 57368439
5 0 13516396 5681395 43944041 5681395 57460437
6 0 13214124 5681395 44329756 5681395 57543880
7 0 12902445 5681395 44713230 5681395 57615675
8 0 12607339 5681395 45091149 5681395 57698488
1 0 17875759 5681401 830778477 5681401 848654236
2 0 16679022 5681401 832080508 5681401 848759530
3 0 16339770 5681401 832532981 5681401 848872751
4 0 16034849 5681401 832931974 5681401 848966823
5 0 15756799 5681401 833330318 5681401 849087117
6 0 15483341 5681401 833712015 5681401 849195356
7 0 15192272 5681401 834095304 5681401 849287576
8 0 14922851 5681401 834472760 5681401 849395611
1 0 13067664 5681408 627313972 5681408 640381636
2 0 12099978 5681408 628361879 5681408 640461857
3 0 11834816 5681408 628715428 5681408 640550244
4 0 11608913 5681408 629012848 5681408 640621761
5 0 11412843 5681408 629303102 5681408 640715945
6 0 11210902 5681408 629589726 5681408 640800628
7 0 10998221 5681408 629875276 5681408 640873497
8 0 10713930 5681408 630245251 5681408 640959181
1 0 13053960 5681415 446787929 5681415 459841889
2 0 12055090 5681415 447867409 5681415 459922499
3 0 11836075 5681415 448216754 5681415 460052829
4 0 11617210 5681415 448513785 5681415 460130995
5 0 11412084 5681415 448813039 5681415 460225123
6 0 11210254 5681415 449099515 5681415 460309769
7 0 10997665 5681415 449384473 5681415 460382138
8 0 10798558 5681415 449668597 5681415 460467155
