1 0 17566450 5681422 267054148 5681422 284620598
2 0 16647078 5681422 268067870 5681422 284714948
3 0 16376231 5681422 268417641 5681422 284793872
4 0 16169865 5681422 268716524 5681422 284886389
5 0 15941425 5681422 269028111 5681422 284969536
6 0 15751521 5681422 269318513 5681422 285070034
7 0 15541488 5681422 269615489 5681422 285156977
8 0 15339399 5681422 269902224 5681422 285241623
9 0 15040961 5681422 270285550 5681422 285326511
10 0 14804872 5681422 270592637 5681422 285397509
11 0 14591932 5681422 270895465 5681422 285487397
12 0 14361751 5681422 271196052 5681422 285557803
13 0 14154884 5681422 271484417 5681422 285639301
14 0 13945574 5681422 271775911 5681422 285721485
15 0 13667412 5681422 272129405 5681422 285796817
16 0 13468212 5681422 272417103 5681422 285885315
1 0 22806834 5681429 71898154 5681429 94704988
2 0 21635930 5681429 73191871 5681429 94827801
3 0 21287011 5681429 73637807 5681429 94924818
4 0 21002886 5681429 74037966 5681429 95040852
5 0 20700522 5681429 74447977 5681429 95148499
6 0 20448415 5681429 74827766 5681429 95276181
7 0 20178272 5681429 75211889 5681429 95390161
8 0 19900203 5681429 75598048 5681429 95498251
9 0 19655837 5681429 75974245 5681429 95630082
10 0 19376749 5681429 76357627 5681429 95734376
11 0 19103422 5681429 76751897 5681429 95855319
12 0 18808446 5681429 77142908 5681429 95951354
13 0 18545265 5681429 77519216 5681429 96064481
14 0 18285140 5681429 77890802 5681429 96175942
15 0 17937147 5681429 78341516 5681429 96278663
16 0 17681411 5681429 78719675 5681429 96401086
1 0 22860426 5681435 881748196 5681435 904608622
2 0 21696058 5681435 883039802 5681435 904735860
3 0 21339232 5681435 883498127 5681435 904837359
4 0 21058255 5681435 883893879 5681435 904952134
5 0 20752965 5681435 884307019 5681435 905059984
6 0 20508359 5681435 884683771 5681435 905192130
7 0 20237067 5681435 885065079 5681435 905302146
8 0 19954942 5681435 885453887 5681435 905408829
9 0 19693725 5681435 885828787 5681435 905522512
10 0 19402731 5681435 886212132 5681435 905614863
11 0 19132977 5681435 886600069 5681435 905733046
12 0 18849038 5681435 886993376 5681435 905842414
13 0 18584265 5681435 887367832 5681435 905952097
14 0 18321770 5681435 887741103 5681435 906062873
15 0 17968702 5681435 888193206 5681435 906161908
16 0 17707466 5681435 888574921 5681435 906282387
1 0 17508562 5681442 687065379 5681442 704573941
2 0 16610135 5681442 688058564 5681442 704668699
3 0 16336288 5681442 688406557 5681442 704742845
4 0 16129532 5681442 688704015 5681442 704833547
5 0 15910074 5681442 689016342 5681442 704926416
6 0 15730151 5681442 689305281 5681442 705035432
7 0 15522118 5681442 689597646 5681442 705119764
8 0 15312807 5681442 689888437 5681442 705201244
9 0 14986979 5681442 690298504 5681442 705285483
10 0 14754892 5681442 690601553 5681442 705356445
11 0 14545414 5681442 690901752 5681442 705447166
12 0 14316751 5681442 691201839 5681442 705518590
13 0 14113255 5681442 691489315 5681442 705602570
14 0 13921093 5681442 691772772 5681442 705693865
15 0 13652412 5681442 692121081 5681442 705773493
16 0 13457675 5681442 692409705 5681442 705867380
1 0 24505599 5681449 501885235 5681449 526390834
2 0 23322324 5681449 503191674 5681449 526513998
3 0 22966572 5681449 503645943 5681449 526612515
4 0 22681243 5681449 504042714 5681449 526723957
5 0 22372713 5681449 504457002 5681449 526829715
6 0 22115551 5681449 504840032 5681449 526955583
7 0 21840093 5681449 505225099 5681449 527065192
8 0 21556024 5681449 505614777 5681449 527170801
9 0 21287974 5681449 505996714 5681449 527284688
10 0 20995331 5681449 506384114 5681449 527379445
11 0 20718965 5681449 506776996 5681449 527495961
12 0 20418582 5681449 507170822 5681449 527589404
13 0 20150550 5681449 507549222 5681449 527699772
14 0 19889166 5681449 507923752 5681449 527812918
15 0 19535617 5681449 508378855 5681449 527914472
16 0 19275326 5681449 508758607 5681449 528033933
1 0 17408194 5681456 297219622 5681456 314627816
2 0 16484044 5681456 298237066 5681456 314721110
3 0 16207994 5681456 298587022 5681456 314795016
4 0 16001627 5681456 298881684 5681456 314883311
5 0 15776206 5681456 299191048 5681456 314967254
6 0 15588932 5681456 299479302 5681456 315068234
7 0 15385473 5681456 299767389 5681456 315152862
8 0 15100385 5681456 300134364 5681456 315234749
9 0 14891722 5681456 300434044 5681456 315325766
10 0 14681523 5681456 300731649 5681456 315413172
11 0 14479193 5681456 301030625 5681456 315509818
12 0 14256753 5681456 301325471 5681456 315582224
13 0 14058886 5681456 301610114 5681456 315669000
14 0 13862278 5681456 301892276 5681456 315754554
15 0 13594283 5681456 302238899 5681456 315833182
16 0 13398547 5681456 302525560 5681456 315924107
1 0 18702226 5681463 137115491 5681463 155817717
2 0 17779242 5681463 138131047 5681463 155910289
3 0 17504026 5681463 138479836 5681463 155983862
4 0 17293622 5681463 138775868 5681463 156069490
5 0 17065089 5681463 139086640 5681463 156151729
6 0 16875592 5681463 139375209 5681463 156250801
7 0 16666300 5681463 139667407 5681463 156333707
8 0 16449971 5681463 139962790 5681463 156412761
9 0 16142384 5681463 140354098 5681463 156496482
10 0 15918870 5681463 140649129 5681463 156567999
11 0 15712929 5681463 140945087 5681463 156658016
12 0 15484489 5681463 141243729 5681463 156728218
13 0 15278604 5681463 141529557 5681463 156808161
14 0 15080274 5681463 141811163 5681463 156891437
15 0 14805057 5681463 142160583 5681463 156965640
16 0 14605450 5681463 142448633 5681463 157054083
1 0 23005904 5681469 911130738 5681469 934136642
2 0 21835797 5681469 912426195 5681469 934261992
3 0 21488821 5681469 912871798 5681469 934360619
4 0 21216660 5681469 913261457 5681469 934478117
5 0 20914628 5681469 913672135 5681469 934586763
6 0 20657300 5681469 914055461 5681469 934712761
7 0 20386120 5681469 914440657 5681469 934826777
8 0 20106310 5681469 914826650 5681469 934932960
9 0 19838426 5681469 915203088 5681469 935041514
10 0 19546247 5681469 915589080 5681469 935135327
11 0 19273474 5681469 915978629 5681469 935252103
12 0 18970757 5681469 916373344 5681469 935344101
13 0 18699096 5681469 916753077 5681469 935452173
14 0 18442730 5681469 917123459 5681469 935566189
15 0 18087145 5681469 917573432 5681469 935660577
16 0 17825983 5681469 917950314 5681469 935776297
1 0 23640152 5681476 738745614 5681476 762385766
2 0 22390453 5681476 740117199 5681476 762507652
3 0 22020812 5681476 740582468 5681476 762603280
4 0 21741465 5681476 740972943 5681476 762714408
5 0 21437045 5681476 741382824 5681476 762819869
6 0 21178364 5681476 741765706 5681476 762944070
7 0 20904332 5681476 742148717 5681476 763053049
8 0 20614986 5681476 742541525 5681476 763156511
9 0 20344898 5681476 742918925 5681476 763263823
10 0 20052996 5681476 743303714 5681476 763356710
11 0 19781242 5681476 743692096 5681476 763473338
12 0 19482118 5681476 744083811 5681476 763565929
13 0 19213956 5681476 744459526 5681476 763673482
14 0 18952128 5681476 744831482 5681476 763783610
15 0 18597060 5681476 745287659 5681476 763884719
16 0 18336732 5681476 745664892 5681476 764001624
1 0 18534932 5681483 536946946 5681483 555481878
2 0 17620634 5681483 537952205 5681483 555572839
3 0 17347250 5681483 538299106 5681483 555646356
4 0 17137754 5681483 538591341 5681483 555729095
5 0 16908721 5681483 538899891 5681483 555808612
6 0 16718040 5681483 539187719 5681483 555905759
7 0 16510970 5681483 539475713 5681483 555986683
8 0 16302826 5681483 539763319 5681483 556066145
9 0 16005423 5681483 540142368 5681483 556147791
10 0 15767484 5681483 540449936 5681483 556217420
11 0 15573062 5681483 540743282 5681483 556316344
12 0 15346603 5681483 541040295 5681483 556386898
13 0 15142440 5681483 541325234 5681483 556467674
14 0 14936999 5681483 541611544 5681483 556548543
15 0 14666930 5681483 541956519 5681483 556623449
16 0 14474471 5681483 542236588 5681483 556711059
