1 0 44216768 5681558 407626393 5681558 451843161
2 0 43297971 5681558 408626355 5681558 451924326
3 0 43026772 5681558 408984904 5681558 452011676
4 0 42800831 5681558 409292232 5681558 452093063
5 0 42575576 5681558 409604504 5681558 452180080
6 0 42368321 5681558 409897758 5681558 452266079
7 0 42014568 5681558 410333861 5681558 452348429
8 0 41800221 5681558 410633318 5681558 452433539
9 0 41582577 5681558 410922053 5681558 452504630
10 0 41379043 5681558 411225733 5681558 452604776
11 0 41154510 5681558 411522783 5681558 452677293
12 0 40941144 5681558 411820240 5681558 452761384
13 0 40730740 5681558 412103087 5681558 452833827
14 0 40537966 5681558 412389119 5681558 452927085
15 0 40331100 5681558 412680039 5681558 453011139
16 0 40127641 5681558 412961108 5681558 453088749
17 0 39924570 5681558 413248714 5681558 453173284
18 0 39693223 5681558 413551893 5681558 453245116
19 0 39473894 5681558 413854406 5681558 453328300
20 0 39254731 5681558 414146882 5681558 453401613
21 0 39039846 5681558 414447173 5681558 453487019
22 0 38765111 5681558 414815147 5681558 453580258
23 0 38552726 5681558 415100790 5681558 453653516
24 0 38328045 5681558 415407988 5681558 453736033
25 0 38123993 5681558 415689779 5681558 453813772
26 0 37912441 5681558 415988848 5681558 453901289
27 0 37687594 5681558 416286768 5681558 453974362
28 0 37500190 5681558 416565485 5681558 454065675
29 0 37301675 5681558 416848554 5681558 454150229
30 0 37085734 5681558 417141382 5681558 454227116
31 0 36891683 5681558 417437080 5681558 454328763
32 0 36692408 5681558 417718723 5681558 454411131
33 0 36495116 5681558 418001495 5681558 454496611
34 0 36270750 5681558 418310749 5681558 454581499
35 0 36075772 5681558 418593410 5681558 454669182
36 0 35873979 5681558 418882164 5681558 454756143
37 0 35632798 5681558 419195714 5681558 454828512
38 0 35432192 5681558 419485134 5681558 454917326
39 0 35221677 5681558 419768666 5681558 454990343
40 0 34932034 5681558 420150992 5681558 455083026
41 0 34702853 5681558 420453376 5681558 455156229
42 0 34509560 5681558 420736019 5681558 455245579
43 0 34291324 5681558 421042105 5681558 455333429
44 0 34074290 5681558 421332989 5681558 455407279
45 0 33887035 5681558 421611465 5681558 455498500
46 0 33654780 5681558 421915793 5681558 455570573
47 0 33449932 5681558 422203028 5681558 455652960
48 0 33236936 5681558 422489115 5681558 455726051
49 0 33015458 5681558 422793999 5681558 455809457
50 0 32811962 5681558 423090030 5681558 455901992
51 0 32608744 5681558 423378895 5681558 455987639
52 0 32405396 5681558 423671538 5681558 456076934
53 0 32188548 5681558 423962014 5681558 456150562
54 0 31986978 5681558 424249786 5681558 456236764
55 0 31777297 5681558 424560910 5681558 456338207
56 0 31536893 5681558 424875627 5681558 456412520
57 0 31334120 5681558 425171769 5681558 456505889
58 0 31099087 5681558 425478763 5681558 456577850
59 0 30891072 5681558 425772610 5681558 456663682
60 0 30679187 5681558 426059382 5681558 456738569
61 0 30465766 5681558 426358191 5681558 456823957
62 0 30267695 5681558 426641890 5681558 456909585
63 0 30031866 5681558 426958106 5681558 456989972
64 0 29828833 5681558 427255749 5681558 457084582
1 0 56713720 5681565 182352937 5681565 239066657
2 0 55443614 5681565 183677357 5681565 239120971
3 0 55059640 5681565 184132719 5681565 239192359
4 0 54724535 5681565 184523434 5681565 239247969
5 0 54367912 5681565 184941315 5681565 239309227
6 0 54031622 5681565 185327900 5681565 239359522
7 0 53700091 5681565 185717560 5681565 239417651
8 0 53374949 5681565 186101034 5681565 239475983
9 0 53045160 5681565 186480656 5681565 239525816
10 0 52709369 5681565 186882408 5681565 239591777
11 0 52380635 5681565 187261660 5681565 239642295
12 0 52035066 5681565 187664746 5681565 239699812
13 0 51705758 5681565 188042794 5681565 239748552
14 0 51389838 5681565 188422139 5681565 239811977
15 0 51058011 5681565 188811243 5681565 239869254
16 0 50735665 5681565 189186995 5681565 239922660
17 0 50411042 5681565 189570006 5681565 239981048
18 0 50087140 5681565 189975332 5681565 240062472
19 0 49616667 5681565 190503119 5681565 240119786
20 0 49273008 5681565 190896796 5681565 240169804
21 0 48938310 5681565 191290900 5681565 240229210
22 0 48516910 5681565 191774910 5681565 240291820
23 0 48190842 5681565 192149384 5681565 240340226
24 0 47853312 5681565 192543784 5681565 240397096
25 0 47519448 5681565 192931295 5681565 240450743
26 0 47192861 5681565 193315973 5681565 240508834
27 0 46848367 5681565 193709892 5681565 240558259
28 0 46550039 5681565 194081293 5681565 240631332
29 0 46224490 5681565 194463415 5681565 240687905
30 0 45884792 5681565 194853445 5681565 240738237
31 0 45561355 5681565 195239789 5681565 240801144
32 0 45245174 5681565 195614894 5681565 240860068
33 0 44917014 5681565 196001053 5681565 240918067
34 0 44563428 5681565 196408286 5681565 240971714
35 0 44250471 5681565 196785742 5681565 241036213
36 0 43927848 5681565 197165642 5681565 241093490
37 0 43563429 5681565 197581190 5681565 241144619
38 0 43228619 5681565 197978924 5681565 241207543
39 0 42897015 5681565 198359805 5681565 241256820
40 0 42557651 5681565 198761205 5681565 241318856
41 0 42221491 5681565 199147457 5681565 241368948
42 0 41910589 5681565 199517950 5681565 241428539
43 0 41566299 5681565 199920184 5681565 241486483
44 0 41178066 5681565 200359601 5681565 241537667
45 0 40865164 5681565 200734872 5681565 241600036
46 0 40519114 5681565 201131254 5681565 241650368
47 0 40194899 5681565 201513172 5681565 241708071
48 0 39861368 5681565 201896573 5681565 241757941
49 0 39515912 5681565 202300213 5681565 241816125
50 0 39199491 5681565 202682503 5681565 241881994
51 0 38877516 5681565 203063884 5681565 241941400
52 0 38552077 5681565 203462914 5681565 242014991
53 0 38221380 5681565 203843481 5681565 242064861
54 0 37846554 5681565 204278676 5681565 242125230
55 0 37489116 5681565 204696428 5681565 242185544
56 0 37151548 5681565 205083661 5681565 242235209
57 0 36807962 5681565 205488709 5681565 242296671
58 0 36463838 5681565 205881647 5681565 242345485
59 0 36147530 5681565 206256769 5681565 242404299
60 0 35820591 5681565 206635225 5681565 242455816
61 0 35481950 5681565 207032847 5681565 242514797
62 0 35162585 5681565 207413322 5681565 242575907
63 0 34800128 5681565 207829907 5681565 242630035
64 0 34465857 5681565 208224492 5681565 242690349
1 0 44757832 5681571 958654471 5681572 3412303
2 0 43823349 5681571 959669248 5681572 3492597
3 0 43481059 5681571 960096981 5681572 3578040
4 0 43242305 5681571 960417419 5681572 3659724
5 0 43001384 5681571 960743987 5681572 3745371
6 0 42780591 5681571 961037926 5681572 3818517
7 0 42573688 5681571 961331439 5681572 3905127
8 0 42370284 5681571 961620526 5681572 3990810
9 0 42156843 5681571 961906410 5681572 4063253
10 0 41953144 5681571 962209126 5681572 4162270
11 0 41742611 5681571 962494584 5681572 4237195
12 0 41518356 5681571 962802782 5681572 4321138
13 0 41305285 5681571 963087388 5681572 4392673
14 0 41112178 5681571 963377438 5681572 4489616
15 0 40896034 5681571 963680432 5681572 4576466
16 0 40686704 5681571 963967964 5681572 4654668
17 0 40477171 5681571 964259088 5681572 4736259
18 0 40245342 5681571 964563823 5681572 4809165
19 0 40017865 5681571 964875392 5681572 4893257
20 0 39787314 5681571 965176682 5681572 4963996
21 0 39576076 5681571 965473066 5681572 5049142
22 0 39293730 5681571 965848633 5681572 5142363
23 0 39081882 5681571 966133683 5681572 5215565
24 0 38878405 5681571 966434270 5681572 5312675
25 0 38657779 5681571 966733005 5681572 5390784
26 0 38446783 5681571 967027055 5681572 5473838
27 0 38225677 5681571 967319790 5681572 5545467
28 0 38032014 5681571 967602081 5681572 5634095
29 0 37828906 5681571 967888798 5681572 5717704
30 0 37608539 5681571 968182719 5681572 5791258
31 0 37406784 5681571 968477491 5681572 5884275
32 0 37203769 5681571 968762319 5681572 5966088
33 0 36999847 5681571 969048332 5681572 6048179
34 0 36770481 5681571 969357252 5681572 6127733
35 0 36568559 5681571 969647340 5681572 6215899
36 0 36368655 5681571 969932742 5681572 6301397
37 0 36069271 5681571 970304513 5681572 6373784
38 0 35855887 5681571 970607266 5681572 6463153
39 0 35647483 5681571 970890650 5681572 6538133
40 0 35436673 5681571 971191718 5681572 6628391
41 0 35220047 5681571 971480287 5681572 6700334
42 0 35027162 5681571 971760985 5681572 6788147
43 0 34804129 5681571 972067239 5681572 6871368
44 0 34589207 5681571 972357141 5681572 6946348
45 0 34400229 5681571 972637117 5681572 7037346
46 0 34176011 5681571 972934704 5681572 7110715
47 0 33973125 5681571 973219940 5681572 7193065
48 0 33772019 5681571 973506045 5681572 7278064
49 0 33549819 5681571 973813151 5681572 7362970
50 0 33362229 5681571 974098294 5681572 7460523
51 0 33160234 5681571 974389140 5681572 7549374
52 0 32953552 5681571 974686468 5681572 7640020
53 0 32734482 5681571 974978685 5681572 7713167
54 0 32527894 5681571 975269031 5681572 7796925
55 0 32295342 5681571 975587062 5681572 7882404
56 0 32047625 5681571 975906445 5681572 7954070
57 0 31843165 5681571 976203662 5681572 8046827
58 0 31122290 5681571 976997221 5681572 8119511
59 0 30919534 5681571 977285531 5681572 8205065
60 0 30708131 5681571 977569136 5681572 8277267
61 0 30491154 5681571 977871316 5681572 8362470
62 0 30291879 5681571 978156533 5681572 8448412
63 0 30057421 5681571 978474157 5681572 8531578
64 0 29847647 5681571 978774021 5681572 8621668
1 0 43665186 5681578 786762204 5681578 830427390
2 0 42734981 5681578 787772074 5681578 830507055
3 0 42464578 5681578 788126642 5681578 830591220
4 0 42250342 5681578 788420673 5681578 830671015
5 0 42018476 5681578 788736223 5681578 830754699
6 0 41803017 5681578 789022699 5681578 830825716
7 0 41598150 5681578 789309786 5681578 830907936
8 0 41398043 5681578 789592059 5681578 830990102
9 0 41189454 5681578 789873072 5681578 831062526
10 0 40898885 5681578 790258139 5681578 831157024
11 0 40683037 5681578 790546282 5681578 831229319
12 0 40462005 5681578 790848683 5681578 831310688
13 0 40246546 5681578 791134585 5681578 831381131
14 0 40049734 5681578 791421988 5681578 831471722
15 0 39839387 5681578 791714852 5681578 831554239
16 0 39639483 5681578 791995958 5681578 831635441
17 0 39435006 5681578 792281323 5681578 831716329
18 0 39206436 5681578 792580836 5681578 831787272
19 0 39000532 5681578 792880849 5681578 831881381
20 0 38775814 5681578 793176381 5681578 831952195
21 0 38569503 5681578 793467542 5681578 832037045
22 0 38282268 5681578 793843979 5681578 832126247
23 0 38070086 5681578 794125141 5681578 832195227
24 0 37855813 5681578 794422228 5681578 832278041
25 0 37639131 5681578 794715778 5681578 832354909
26 0 37432210 5681578 795003439 5681578 832435649
27 0 37208306 5681578 795298212 5681578 832506518
28 0 37019125 5681578 795575984 5681578 832595109
29 0 36818647 5681578 795858553 5681578 832677200
30 0 36599873 5681578 796148066 5681578 832747939
31 0 36399339 5681578 796437950 5681578 832837289
32 0 36199695 5681578 796719537 5681578 832919232
33 0 35999773 5681578 797003976 5681578 833003749
34 0 35769074 5681578 797313285 5681578 833082359
35 0 35575633 5681578 797594391 5681578 833170024
36 0 35377730 5681578 797875015 5681578 833252745
37 0 35145660 5681578 798177176 5681578 833322836
38 0 34939127 5681578 798470226 5681578 833409353
39 0 34726519 5681578 798754221 5681578 833480740
40 0 34517745 5681578 799051771 5681578 833569516
41 0 34306694 5681578 799333840 5681578 833640534
42 0 34110938 5681578 799612094 5681578 833723032
43 0 33895590 5681578 799910570 5681578 833806160
44 0 33588596 5681578 800302285 5681578 833890881
45 0 33395266 5681578 800583650 5681578 833978916
46 0 33169474 5681578 800880367 5681578 834049841
47 0 32968718 5681578 801164473 5681578 834133191
48 0 32757222 5681578 801447412 5681578 834204634
49 0 32538764 5681578 801748295 5681578 834287059
50 0 32345583 5681578 802032604 5681578 834378187
51 0 32142771 5681578 802318044 5681578 834460815
52 0 31935404 5681578 802613353 5681578 834548757
53 0 31719853 5681578 802899940 5681578 834619793
54 0 31518598 5681578 803183305 5681578 834701903
55 0 31276250 5681578 803509799 5681578 834786049
56 0 31060218 5681578 803796923 5681578 834857141
57 0 30855184 5681578 804091862 5681578 834947046
58 0 30618836 5681578 804399746 5681578 835018582
59 0 30419452 5681578 804683203 5681578 835102655
60 0 30210214 5681578 804963902 5681578 835174116
61 0 30009552 5681578 805252785 5681578 835262337
62 0 29811296 5681578 805534669 5681578 835345965
63 0 29579245 5681578 805846589 5681578 835425834
64 0 29370249 5681578 806142083 5681578 835512332
1 0 47219990 5681585 587146251 5681585 634366241
2 0 46305877 5681585 588138770 5681585 634444647
3 0 46037049 5681585 588492393 5681585 634529442
4 0 45821182 5681585 588787184 5681585 634608366
5 0 45592650 5681585 589101196 5681585 634693846
6 0 45377617 5681585 589387987 5681585 634765604
7 0 45170879 5681585 589676612 5681585 634847491
8 0 44971569 5681585 589958328 5681585 634929897
9 0 44658445 5681585 590341303 5681585 634999748
10 0 44449097 5681585 590644501 5681585 635093598
11 0 44232527 5681585 590931570 5681585 635164097
12 0 44011420 5681585 591235805 5681585 635247225
13 0 43805220 5681585 591514022 5681585 635319242
14 0 43613502 5681585 591798053 5681585 635411555
15 0 43437708 5681585 592087567 5681585 635525275
16 0 43242842 5681585 592365469 5681585 635608311
17 0 43043938 5681585 592647408 5681585 635691346
18 0 42819590 5681585 592943551 5681585 635763141
19 0 42614094 5681585 593245008 5681585 635859102
20 0 42394228 5681585 593535725 5681585 635929953
21 0 42180491 5681585 593833238 5681585 636013729
22 0 41896886 5681585 594205712 5681585 636102598
23 0 41681204 5681585 594492170 5681585 636173374
24 0 41464226 5681585 594791035 5681585 636255261
25 0 41253676 5681585 595079714 5681585 636333390
26 0 41050142 5681585 595366283 5681585 636416425
27 0 40832572 5681585 595656778 5681585 636489350
28 0 40645335 5681585 595933606 5681585 636578941
29 0 40449079 5681585 596214823 5681585 636663902
30 0 40228824 5681585 596507503 5681585 636736327
31 0 40028272 5681585 596798386 5681585 636826658
32 0 39827554 5681585 597080640 5681585 636908194
33 0 39625965 5681585 597365005 5681585 636990970
34 0 39401617 5681585 597672351 5681585 637073968
35 0 39203491 5681585 597952902 5681585 637156393
36 0 39003588 5681585 598235563 5681585 637239151
37 0 38774147 5681585 598536743 5681585 637310890
38 0 38569929 5681585 598830033 5681585 637399962
39 0 38367118 5681585 599106584 5681585 637473702
40 0 38161659 5681585 599402763 5681585 637564422
41 0 37947071 5681585 599689443 5681585 637636514
42 0 37751314 5681585 599968716 5681585 637720030
43 0 37499930 5681585 600317043 5681585 637816973
44 0 37284287 5681585 600604537 5681585 637888824
45 0 37098826 5681585 600878829 5681585 637977655
46 0 36881941 5681585 601173342 5681585 638055283
47 0 36682945 5681585 601455096 5681585 638138041
48 0 36473338 5681585 601736850 5681585 638210188
49 0 36252454 5681585 602040788 5681585 638293242
50 0 36028551 5681585 602357782 5681585 638386333
51 0 35818943 5681585 602656647 5681585 638475590
52 0 35610373 5681585 602951938 5681585 638562311
53 0 35395470 5681585 603239192 5681585 638634662
54 0 35190177 5681585 603526798 5681585 638716975
55 0 34969848 5681585 603832144 5681585 638801992
56 0 34732982 5681585 604141694 5681585 638874676
57 0 34531819 5681585 604433133 5681585 638964952
58 0 34300268 5681585 604736886 5681585 639037154
59 0 34096531 5681585 605025325 5681585 639121856
60 0 33884553 5681585 605309450 5681585 639194003
61 0 33675890 5681585 605601611 5681585 639277501
62 0 33479394 5681585 605881328 5681585 639360722
63 0 33246529 5681585 606194118 5681585 639440647
64 0 33045421 5681585 606489539 5681585 639534960
1 0 56972012 5681592 406931325 5681592 463903337
2 0 56077658 5681592 407928992 5681592 464006650
3 0 55838329 5681592 408279430 5681592 464117759
4 0 55649166 5681592 408573980 5681592 464223146
5 0 55440688 5681592 408895159 5681592 464335847
6 0 55251303 5681592 409185746 5681592 464437049
7 0 55069325 5681592 409478389 5681592 464547714
8 0 54893569 5681592 409764143 5681592 464657712
9 0 54550871 5681592 410201098 5681592 464751969
10 0 54348117 5681592 410528443 5681592 464876560
11 0 54156916 5681592 410814308 5681592 464971224
12 0 53957828 5681592 411121617 5681592 465079445
13 0 53767405 5681592 411404834 5681592 465172239
14 0 53598593 5681592 411691533 5681592 465290126
15 0 53380875 5681592 412018434 5681592 465399309
16 0 52993827 5681592 412509925 5681592 465503752
17 0 52720647 5681592 412892899 5681592 465613546
18 0 52415560 5681592 413293373 5681592 465708933
19 0 52120213 5681592 413696014 5681592 465816227
20 0 51825941 5681592 414085581 5681592 465911522
21 0 51540076 5681592 414482721 5681592 466022797
22 0 51175861 5681592 414964879 5681592 466140740
23 0 50909014 5681592 415341131 5681592 466250145
24 0 50626038 5681592 415733494 5681592 466359532
25 0 50346358 5681592 416114876 5681592 466461234
26 0 50071881 5681592 416498462 5681592 466570343
27 0 49778387 5681592 416886695 5681592 466665082
28 0 49528447 5681592 417256818 5681592 466785265
29 0 49261119 5681592 417635607 5681592 466896726
30 0 48967476 5681592 418023822 5681592 466991298
31 0 48692388 5681592 418414167 5681592 467106555
32 0 48423282 5681592 418788456 5681592 467211738
33 0 48158158 5681592 419163171 5681592 467321329
34 0 47859126 5681592 419571886 5681592 467431012
35 0 47593224 5681592 419945860 5681592 467539084
36 0 47156899 5681592 420490424 5681592 467647323
37 0 46840052 5681592 420900843 5681592 467740895
38 0 46563372 5681592 421294632 5681592 467858004
39 0 46286914 5681592 421666810 5681592 467953724
40 0 46017420 5681592 422055599 5681592 468073019
41 0 45730573 5681592 422436444 5681592 468167017
42 0 45464022 5681592 422813548 5681592 468277570
43 0 45170954 5681592 423215262 5681592 468386216
44 0 44881292 5681592 423597774 5681592 468479066
45 0 44629816 5681592 423967026 5681592 468596842
46 0 44327822 5681592 424364111 5681592 468691933
47 0 44054493 5681592 424745345 5681592 468799838
48 0 43790017 5681592 425123282 5681592 468913299
49 0 43499392 5681592 425522516 5681592 469021908
50 0 43240175 5681592 425901527 5681592 469141702
51 0 42957125 5681592 426297575 5681592 469254700
52 0 42684259 5681592 426685624 5681592 469369883
53 0 42401562 5681592 427063468 5681592 469465030
54 0 42092382 5681592 427486720 5681592 469579102
55 0 41787406 5681592 427901508 5681592 469688914
56 0 41493190 5681592 428288149 5681592 469781339
57 0 41199510 5681592 428701086 5681592 469900596
58 0 40909496 5681592 429085820 5681592 469995316
59 0 40710463 5681592 429452442 5681592 470162905
60 0 40434783 5681592 429824398 5681592 470259181
61 0 40103530 5681592 430264242 5681592 470367772
62 0 39841369 5681592 430638494 5681592 470479863
63 0 39527300 5681592 431059246 5681592 470586546
64 0 39253101 5681592 431457905 5681592 470711006
1 0 44556762 5681599 197029174 5681599 241585936
2 0 43630797 5681599 198034230 5681599 241665027
3 0 43359173 5681599 198389593 5681599 241748766
4 0 43139770 5681599 198688810 5681599 241828580
5 0 42905515 5681599 199006582 5681599 241912097
6 0 42683334 5681599 199299576 5681599 241982910
7 0 42477634 5681599 199591571 5681599 242069205
8 0 42265212 5681599 199887158 5681599 242152370
9 0 41944829 5681599 200277540 5681599 242222369
10 0 41720018 5681599 200595367 5681599 242315385
11 0 41502689 5681599 200884843 5681599 242387532
12 0 41278730 5681599 201189171 5681599 242467901
13 0 41064901 5681599 201474943 5681599 242539844
14 0 40867089 5681599 201763716 5681599 242630805
15 0 40655057 5681599 202059543 5681599 242714600
16 0 40465838 5681599 202340334 5681599 242806172
17 0 40262620 5681599 202626403 5681599 242889023
18 0 40030291 5681599 202929138 5681599 242959429
19 0 39808739 5681599 203235725 5681599 243044464
20 0 39586040 5681599 203528275 5681599 243114315
21 0 39372932 5681599 203825196 5681599 243198128
22 0 39085438 5681599 204201966 5681599 243287404
23 0 38869997 5681599 204487739 5681599 243357736
24 0 38654909 5681599 204785474 5681599 243440383
25 0 38439265 5681599 205076876 5681599 243516141
26 0 38231195 5681599 205367463 5681599 243598658
27 0 38008088 5681599 205662661 5681599 243670749
28 0 37820869 5681599 205944304 5681599 243765173
29 0 37619132 5681599 206229632 5681599 243848764
30 0 37395766 5681599 206524793 5681599 243920559
31 0 37190751 5681599 206819881 5681599 244010632
32 0 36987607 5681599 207102116 5681599 244089723
33 0 36788147 5681599 207385463 5681599 244173610
34 0 36555763 5681599 207696660 5681599 244252423
35 0 36362748 5681599 207978581 5681599 244341329
36 0 36157696 5681599 208267446 5681599 244425142
37 0 35927163 5681599 208569811 5681599 244496974
38 0 35717390 5681599 208867268 5681599 244584658
39 0 35510597 5681599 209146615 5681599 244657212
40 0 35304638 5681599 209443109 5681599 244747747
41 0 35104530 5681599 209728734 5681599 244833264
42 0 34836480 5681599 210082949 5681599 244919429
43 0 34595188 5681599 210407906 5681599 245003094
44 0 34378729 5681599 210697364 5681599 245076093
45 0 34187066 5681599 210979044 5681599 245166110
46 0 33958644 5681599 211279483 5681599 245238127
47 0 33753778 5681599 211567699 5681599 245321477
48 0 33542023 5681599 211851009 5681599 245393032
49 0 33321879 5681599 212154596 5681599 245476475
50 0 33125105 5681599 212442868 5681599 245567973
51 0 32920127 5681599 212732474 5681599 245652601
52 0 32706724 5681599 213032283 5681599 245739007
53 0 32492301 5681599 213318815 5681599 245811116
54 0 32264194 5681599 213630254 5681599 245894448
55 0 32023921 5681599 213953396 5681599 245977317
56 0 31808222 5681599 214239631 5681599 246047853
57 0 31089032 5681599 215049986 5681599 246139018
58 0 30867536 5681599 215343703 5681599 246211239
59 0 30672465 5681599 215621309 5681599 246293774
60 0 30463765 5681599 215902378 5681599 246366143
61 0 30248344 5681599 216201335 5681599 246449679
62 0 30051013 5681599 216485071 5681599 246536084
63 0 29814592 5681599 216801361 5681599 246615953
64 0 29601207 5681599 217101300 5681599 246702507
1 0 44042105 5681605 997101319 5681606 41143424
2 0 43108029 5681605 998114912 5681606 41222941
3 0 42833923 5681605 998473572 5681606 41307495
4 0 42622872 5681605 998768140 5681606 41391012
5 0 42391968 5681605 999084394 5681606 41476362
6 0 42168658 5681605 999379610 5681606 41548268
7 0 41961551 5681605 999669253 5681606 41630804
8 0 41772795 5681605 999955192 5681606 41727987
9 0 41411690 5681606 388240 5681606 41799930
10 0 41198417 5681606 698049 5681606 41896466
11 0 40984014 5681606 985043 5681606 41969057
12 0 40762703 5681606 1289501 5681606 42052204
13 0 40548392 5681606 1575681 5681606 42124073
14 0 40351099 5681606 1864342 5681606 42215441
15 0 40144900 5681606 2156114 5681606 42301014
16 0 39943292 5681606 2436257 5681606 42379549
17 0 39736778 5681606 2724844 5681606 42461622
18 0 39507152 5681606 3025172 5681606 42532324
19 0 39282972 5681606 3332703 5681606 42615675
20 0 39061086 5681606 3625439 5681606 42686525
21 0 38853349 5681606 3920063 5681606 42773412
22 0 38574003 5681606 4290241 5681606 42864244
23 0 38366636 5681606 4571236 5681606 42937872
24 0 38152955 5681606 4866990 5681606 43019945
25 0 37940571 5681606 5156243 5681606 43096814
26 0 37735834 5681606 5445071 5681606 43180905
27 0 37508504 5681606 5742992 5681606 43251496
28 0 37318545 5681606 6022542 5681606 43341087
29 0 37117549 5681606 6305796 5681606 43423345
30 0 36900275 5681606 6594494 5681606 43494769
31 0 36700594 5681606 6884859 5681606 43585453
32 0 36500190 5681606 7167891 5681606 43668081
33 0 36313323 5681606 7454904 5681606 43768227
34 0 36085050 5681606 7762250 5681606 43847300
35 0 35892590 5681606 8042745 5681606 43935335
36 0 35691742 5681606 8327166 5681606 44018908
37 0 35461765 5681606 8628123 5681606 44089888
38 0 35258954 5681606 8919395 5681606 44178349
39 0 35046809 5681606 9202335 5681606 44249144
40 0 34841072 5681606 9498570 5681606 44339642
41 0 34624966 5681606 9785990 5681606 44410956
42 0 34281490 5681606 10213649 5681606 44495139
43 0 34039180 5681606 10539476 5681606 44578656
44 0 33822203 5681606 10830989 5681606 44653192
45 0 33630762 5681606 11113410 5681606 44744172
46 0 33411322 5681606 11407145 5681606 44818467
47 0 33213937 5681606 11687325 5681606 44901262
48 0 33009385 5681606 11975116 5681606 44984501
49 0 32778203 5681606 12277259 5681606 45055462
50 0 32582152 5681606 12567883 5681606 45150035
51 0 32373026 5681606 12860618 5681606 45233644
52 0 32162604 5681606 13158816 5681606 45321420
53 0 31949200 5681606 13443867 5681606 45393067
54 0 31720076 5681606 13754990 5681606 45475066
55 0 31485561 5681606 14077336 5681606 45562897
56 0 31272361 5681606 14361572 5681606 45633933
57 0 31068457 5681606 14669270 5681606 45737727
58 0 30843647 5681606 14965838 5681606 45809485
59 0 30650021 5681606 15242926 5681606 45892947
60 0 30442229 5681606 15523087 5681606 45965316
61 0 30228547 5681606 15819526 5681606 46048073
62 0 30028681 5681606 16103521 5681606 46132202
63 0 29796056 5681606 16416496 5681606 46212552
64 0 29588375 5681606 16711935 5681606 46300310
1 0 58719461 5681612 842468415 5681612 901187876
2 0 57525502 5681612 843767539 5681612 901293041
3 0 57180601 5681612 844223234 5681612 901403835
4 0 56898124 5681612 844612820 5681612 901510944
5 0 56590019 5681612 845036497 5681612 901626516
6 0 56311117 5681612 845420712 5681612 901731829
7 0 56035881 5681612 845804797 5681612 901840678
8 0 55765664 5681612 846184901 5681612 901950565
9 0 55479169 5681612 846563987 5681612 902043156
10 0 55200934 5681612 846962072 5681612 902163006
11 0 54915958 5681612 847340176 5681612 902256134
12 0 54621834 5681612 847741613 5681612 902363447
13 0 54333987 5681612 848123513 5681612 902457500
14 0 54076399 5681612 848502284 5681612 902578683
15 0 53814349 5681612 848890295 5681612 902704644
16 0 53547483 5681612 849261177 5681612 902808660
17 0 53283395 5681612 849638004 5681612 902921399
18 0 52918551 5681612 850096106 5681612 903014657
19 0 52614630 5681612 850513543 5681612 903128173
20 0 52321765 5681612 850900758 5681612 903222523
21 0 52040955 5681612 851292677 5681612 903333632
22 0 51673981 5681612 851776482 5681612 903450463
23 0 51382801 5681612 852159957 5681612 903542758
24 0 51094140 5681612 852558301 5681612 903652441
25 0 50807904 5681612 852945998 5681612 903753902
26 0 50540187 5681612 853331583 5681612 903871770
27 0 50244229 5681612 853720928 5681612 903965157
28 0 49988938 5681612 854093217 5681612 904082155
29 0 49715776 5681612 854476599 5681612 904192375
30 0 49422430 5681612 854863166 5681612 904285596
31 0 49143695 5681612 855250010 5681612 904393705
32 0 48878237 5681612 855622318 5681612 904500555
33 0 48614241 5681612 855998978 5681612 904613219
34 0 48307748 5681612 856409081 5681612 904716829
35 0 48041086 5681612 856785426 5681612 904826512
36 0 47777350 5681612 857166160 5681612 904943510
37 0 47468374 5681612 857572874 5681612 905041248
38 0 47195786 5681612 857962034 5681612 905157820
39 0 46933495 5681612 858335305 5681612 905268800
40 0 46658445 5681612 858730686 5681612 905389131
41 0 46374821 5681612 859109364 5681612 905484185
42 0 46113473 5681612 859481228 5681612 905594701
43 0 45817738 5681612 859885072 5681612 905702810
44 0 45390283 5681612 860406044 5681612 905796327
45 0 45137047 5681612 860782463 5681612 905919510
46 0 44827275 5681612 861185437 5681612 906012712
47 0 44568132 5681612 861560541 5681612 906128673
48 0 44283452 5681612 861939163 5681612 906222615
49 0 43987069 5681612 862344359 5681612 906331428
50 0 43725462 5681612 862725556 5681612 906451018
51 0 43451005 5681612 863109808 5681612 906560813
52 0 43164955 5681612 863506504 5681612 906671459
53 0 42882793 5681612 863885368 5681612 906768161
54 0 42567095 5681612 864309156 5681612 906876251
55 0 42263027 5681612 864726704 5681612 906989731
56 0 41347915 5681612 865734555 5681612 907082470
57 0 41058216 5681612 866143992 5681612 907202208
58 0 40762796 5681612 866534744 5681612 907297540
59 0 40503690 5681612 866903237 5681612 907406927
60 0 40223824 5681612 867278027 5681612 907501851
61 0 39939829 5681612 867670853 5681612 907610682
62 0 39674890 5681612 868044364 5681612 907719254
63 0 39361544 5681612 868462671 5681612 907824215
64 0 39098493 5681612 868856812 5681612 907955305
1 0 58294302 5681619 632449174 5681619 690743476
2 0 57102139 5681619 633749039 5681619 690851178
3 0 56758497 5681619 634206345 5681619 690964842
4 0 56471262 5681619 634600449 5681619 691071711
5 0 56178526 5681619 635012571 5681619 691191097
6 0 55885458 5681619 635400601 5681619 691286059
7 0 55605111 5681619 635792149 5681619 691397260
8 0 55335116 5681619 636173068 5681619 691508184
9 0 55050270 5681619 636554579 5681619 691604849
10 0 54768979 5681619 636955627 5681619 691724606
11 0 54488021 5681619 637332935 5681619 691820956
12 0 54193101 5681619 637733020 5681619 691926121
13 0 53912828 5681619 638107958 5681619 692020786
14 0 53651759 5681619 638490080 5681619 692141839
15 0 53370227 5681619 638883536 5681619 692253763
16 0 53097306 5681619 639259399 5681619 692356705
17 0 52828644 5681619 639637170 5681619 692465814
18 0 52431171 5681619 640129475 5681619 692560646
19 0 52124825 5681619 640546819 5681619 692671644
20 0 51830107 5681619 640936942 5681619 692767049
21 0 51556465 5681619 641336397 5681619 692892862
22 0 51206915 5681619 641807722 5681619 693014637
23 0 50927625 5681619 642181085 5681619 693108710
24 0 50644445 5681619 642574226 5681619 693218671
25 0 50357247 5681619 642963237 5681619 693320484
26 0 50086215 5681619 643348989 5681619 693435204
27 0 49791460 5681619 643738649 5681619 693530109
28 0 49538725 5681619 644110734 5681619 693649459
29 0 49267915 5681619 644491857 5681619 693759772
30 0 48972938 5681619 644879591 5681619 693852529
31 0 48691018 5681619 645274231 5681619 693965249
32 0 48426097 5681619 645645447 5681619 694071544
33 0 48156732 5681619 646022828 5681619 694179560
34 0 47851959 5681619 646430173 5681619 694282132
35 0 47592520 5681619 646805943 5681619 694398463
36 0 47325525 5681619 647182066 5681619 694507591
37 0 47014808 5681619 647587633 5681619 694602441
38 0 46743925 5681619 647975866 5681619 694719791
39 0 46468281 5681619 648346804 5681619 694815085
40 0 46191583 5681619 648741741 5681619 694933324
41 0 45913810 5681619 649118993 5681619 695032803
42 0 45656723 5681619 649489282 5681619 695146005
43 0 45365692 5681619 649889330 5681619 695255022
44 0 44986179 5681619 650362711 5681619 695348890
45 0 44738091 5681619 650743815 5681619 695481906
46 0 44439264 5681619 651138140 5681619 695577404
47 0 44181917 5681619 651511115 5681619 695693032
48 0 43886867 5681619 651901237 5681619 695788104
49 0 43596557 5681619 652300508 5681619 695897065
50 0 43340228 5681619 652676890 5681619 696017118
51 0 43064012 5681619 653066049 5681619 696130061
52 0 42788387 5681619 653450931 5681619 696239318
53 0 42504893 5681619 653828627 5681619 696333520
54 0 42224009 5681619 654221861 5681619 696445870
55 0 41883589 5681619 654673556 5681619 696557145
56 0 41607113 5681619 655044957 5681619 696652070
57 0 41322471 5681619 655449282 5681619 696771753
58 0 41019716 5681619 655850701 5681619 696870417
59 0 40762202 5681619 656217824 5681619 696980026
60 0 40478597 5681619 656595742 5681619 697074339
61 0 40206731 5681619 656978569 5681619 697185300
62 0 39935904 5681619 657360802 5681619 697296706
63 0 39627595 5681619 657773609 5681619 697401204
64 0 39353951 5681619 658166028 5681619 697519979
